 ----> open 1 0 0 0 
 ----> open 2 1 0 0 
 ----> open 3 0 0 0 
 ----> open 4 1 0.672899 0.327101 
 ----> open 5 1 0.652378 0.347622 
 ----> open 6 1 0.650078 0.349922 
 ----> open 7 1 0.662089 0.337911 
 ----> open 8 0 0.614901 0.385099 
 ----> open 9 0 0.669371 0.330629 
 ----> open 10 0 0.650423 0.349577 
 ----> open 11 1 0.647361 0.352639 
 ----> open 12 1 0.590969 0.409031 
 ----> open 13 0 0.670197 0.329803 
 ----> open 14 1 0.671117 0.328883 
 ----> open 15 1 0.66918 0.33082 
 ----> open 16 1 0.623305 0.376695 
 ----> open 17 1 0.595405 0.404595 
 ----> open 18 0 0.67344 0.32656 
 ----> open 19 0 0.668471 0.331529 
 ----> open 20 0 0.622639 0.377361 
 ----> open 21 1 0.648921 0.351079 
 ----> open 22 1 0.654529 0.345471 
 ----> open 23 0 0.633517 0.366483 
 ----> open 24 0 0.70362 0.29638 
 ----> open 25 0 0.649594 0.350406 
 ----> open 26 0 0.647197 0.352803 
 ----> open 27 1 0.665828 0.334172 
 ----> open 28 1 0.650449 0.349551 
 ----> open 29 1 0.654149 0.345851 
 ----> open 30 0 0.667946 0.332054 
 ----> open 31 1 0.649907 0.350093 
 ----> open 32 0 0.689322 0.310678 
 ----> open 33 0 0.659099 0.340901 
 ----> open 34 0 0.625453 0.374547 
 ----> open 35 1 0.64281 0.35719 
 ----> open 36 1 0.648849 0.351151 
 ----> open 37 0 0.640743 0.359257 
 ----> open 38 0 0.674498 0.325502 
 ----> open 39 0 0.625343 0.374657 
 ----> open 40 0 0.705789 0.294211 
 ----> open 41 1 0.626537 0.373463 
 ----> open 42 1 0.645488 0.354512 
 ----> open 43 1 0.664134 0.335866 
 ----> open 44 0 0.667433 0.332567 
 ----> open 45 1 0.628594 0.371406 
 ----> open 46 1 0.625755 0.374245 
 ----> open 47 0 0.648761 0.351239 
 ----> open 48 0 0.67695 0.32305 
 ----> open 49 1 0.628708 0.371292 
 ----> open 50 1 0.660174 0.339826 
 ----> open 51 1 0.685113 0.314887 
 ----> open 52 0 0.673071 0.326929 
 ----> open 53 1 0.662339 0.337661 
 ----> open 54 0 0.661894 0.338106 
 ----> open 55 0 0.652637 0.347363 
 ----> open 56 0 0.649322 0.350678 
 ----> open 57 1 0.639513 0.360487 
 ----> open 58 1 0.666633 0.333367 
 ----> open 59 0 0.670573 0.329427 
 ----> open 60 1 0.636818 0.363182 
 ----> open 61 0 0.654215 0.345785 
 ----> open 62 0 0.700539 0.299461 
 ----> open 63 0 0.688558 0.311442 
 ----> open 64 1 0.655714 0.344286 
 ----> open 65 1 0.601108 0.398892 
 ----> open 66 0 0.713498 0.286502 
 ----> open 67 0 0.676962 0.323038 
 ----> open 68 1 0.662132 0.337868 
 ----> open 69 0 0.65798 0.34202 
 ----> open 70 0 0.654955 0.345045 
 ----> open 71 1 0.655777 0.344223 
 ----> open 72 1 0.522799 0.477201 
 ----> open 73 0 0.732205 0.267795 
 ----> open 74 1 0.646885 0.353115 
 ----> open 75 0 0.627936 0.372064 
 ----> open 76 0 0.66049 0.33951 
 ----> open 77 1 0.65145 0.34855 
 ----> open 78 0 0.69754 0.30246 
 ----> open 79 1 0.650906 0.349094 
 ----> open 80 0 0.651317 0.348683 
 ----> open 81 0 0.673514 0.326486 
 ----> open 82 1 0.628822 0.371178 
 ----> open 83 1 0.663105 0.336895 
 ----> open 84 1 0.604882 0.395118 
 ----> open 85 0 0.71788 0.28212 
 ----> open 86 1 0.642759 0.357241 
 ----> open 87 0 0.671523 0.328477 
 ----> open 88 1 0.687272 0.312728 
 ----> open 89 1 0.647668 0.352332 
 ----> open 90 0 0.63866 0.36134 
 ----> open 91 1 0.57454 0.42546 
 ----> open 92 1 0.670744 0.329256 
 ----> open 93 0 0.731224 0.268776 
 ----> open 94 0 0.689815 0.310185 
 ----> open 95 1 0.627072 0.372928 
 ----> open 96 0 0.733947 0.266053 
 ----> open 97 0 0.701083 0.298917 
 ----> open 98 1 0.667184 0.332816 
 ----> open 99 1 0.620837 0.379163 
 ----> open 100 1 0.650561 0.349439 
 ----> open 101 0 0.674089 0.325911 
 ----> open 102 1 0.60588 0.39412 
 ----> open 103 0 0.69837 0.30163 
 ----> open 104 0 0.669564 0.330436 
 ----> open 105 0 0.658126 0.341874 
 ----> open 106 1 0.666177 0.333823 
 ----> open 107 0 0.670837 0.329163 
 ----> open 108 0 0.622914 0.377086 
 ----> open 109 0 0.645542 0.354458 
 ----> open 110 0 0.682752 0.317248 
 ----> open 111 1 0.60315 0.39685 
 ----> open 112 0 0.725589 0.274411 
 ----> open 113 0 0.661674 0.338326 
 ----> open 114 1 0.603659 0.396341 
 ----> open 115 1 0.64909 0.35091 
 ----> open 116 0 0.689449 0.310551 
 ----> open 117 0 0.661714 0.338286 
 ----> open 118 1 0.611813 0.388187 
 ----> open 119 1 0.629831 0.370169 
 ----> open 120 1 0.656104 0.343896 
 ----> open 121 0 0.681551 0.318449 
 ----> open 122 1 0.664726 0.335274 
 ----> open 123 1 0.657072 0.342928 
 ----> open 124 1 0.504232 0.495768 
 ----> open 125 0 0.627874 0.372126 
 ----> open 126 1 0.61373 0.38627 
 ----> open 127 0 0.630395 0.369605 
 ----> open 128 0 0.686989 0.313011 
 ----> open 129 0 0.664421 0.335579 
 ----> open 130 1 0.631547 0.368453 
 ----> open 131 0 0.659858 0.340142 
 ----> open 132 0 0.645521 0.354479 
 ----> open 133 0 0.618636 0.381364 
 ----> open 134 1 0.634191 0.365809 
 ----> open 135 1 0.603172 0.396828 
 ----> open 136 1 0.692307 0.307693 
 ----> open 137 0 0.684056 0.315944 
 ----> open 138 1 0.635471 0.364529 
 ----> open 139 0 0.652682 0.347318 
 ----> open 140 0 0.675555 0.324445 
 ----> open 141 1 0.594077 0.405923 
 ----> open 142 0 0.634405 0.365595 
 ----> open 143 1 0.647656 0.352344 
 ----> open 144 0 0.659339 0.340661 
 ----> open 145 1 0.649294 0.350706 
 ----> open 146 0 0.652524 0.347476 
 ----> open 147 0 0.686227 0.313773 
 ----> open 148 0 0.650926 0.349074 
 ----> open 149 1 0.705564 0.294436 
 ----> open 150 1 0.65453 0.34547 
 ----> open 151 1 0.65802 0.34198 
 ----> open 152 1 0.612726 0.387274 
 ----> open 153 0 0.69809 0.30191 
 ----> open 154 0 0.645351 0.354649 
 ----> open 155 1 0.611905 0.388095 
 ----> open 156 0 0.676358 0.323642 
 ----> open 157 1 0.69803 0.30197 
 ----> open 158 1 0.620054 0.379946 
 ----> open 159 1 0.520769 0.479231 
 ----> open 160 0 0.725156 0.274844 
 ----> open 161 0 0.717959 0.282041 
 ----> open 162 0 0.758065 0.241935 
 ----> open 163 1 0.641011 0.358989 
 ----> open 164 1 0.678743 0.321257 
 ----> open 165 1 0.587558 0.412442 
 ----> open 166 1 0.586798 0.413202 
 ----> open 167 0 0.688123 0.311877 
 ----> open 168 1 0.628052 0.371948 
 ----> open 169 0 0.699004 0.300996 
 ----> open 170 0 0.721025 0.278975 
 ----> open 171 1 0.652694 0.347306 
 ----> open 172 1 0.705925 0.294075 
 ----> open 173 1 0.619579 0.380421 
 ----> open 174 1 0.61991 0.38009 
 ----> open 175 1 0.648834 0.351166 
 ----> open 176 0 0.615609 0.384391 
 ----> open 177 0 0.642966 0.357034 
 ----> open 178 0 0.659943 0.340057 
 ----> open 179 1 0.607076 0.392924 
 ----> open 180 0 0.670759 0.329241 
 ----> open 181 0 0.713727 0.286273 
 ----> open 182 0 0.625557 0.374443 
 ----> open 183 0 0.648445 0.351555 
 ----> open 184 1 0.666051 0.333949 
 ----> open 185 1 0.641717 0.358283 
 ----> open 186 0 0.696826 0.303174 
 ----> open 187 0 0.627904 0.372096 
 ----> open 188 1 0.599893 0.400107 
 ----> open 189 0 0.62514 0.37486 
 ----> open 190 1 0.604715 0.395285 
 ----> open 191 1 0.640565 0.359435 
 ----> open 192 0 0.666479 0.333521 
 ----> open 193 1 0.629595 0.370405 
 ----> open 194 0 0.675878 0.324122 
 ----> open 195 0 0.648618 0.351382 
 ----> open 196 0 0.731849 0.268151 
 ----> open 197 1 0.510556 0.489444 
 ----> open 198 0 0.715601 0.284399 
 ----> open 199 0 0.648885 0.351115 
 ----> open 200 0 0.669242 0.330758 
 ----> open 201 1 0.620116 0.379884 
 ----> open 202 0 0.687457 0.312543 
 ----> open 203 0 0.684241 0.315759 
 ----> open 204 1 0.645371 0.354629 
 ----> open 205 1 0.559341 0.440659 
 ----> open 206 0 0.722247 0.277753 
 ----> open 207 0 0.650236 0.349764 
 ----> open 208 1 0.677336 0.322664 
 ----> open 209 0 0.717521 0.282479 
 ----> open 210 0 0.718503 0.281497 
 ----> open 211 0 0.605461 0.394539 
 ----> open 212 0 0.624592 0.375408 
 ----> open 213 0 0.676708 0.323292 
 ----> open 214 1 0.611592 0.388408 
 ----> open 215 0 0.62882 0.37118 
 ----> open 216 1 0.652406 0.347594 
 ----> open 217 0 0.6733 0.3267 
 ----> open 218 1 0.59847 0.40153 
 ----> open 219 0 0.695245 0.304755 
 ----> open 220 0 0.63079 0.36921 
 ----> open 221 0 0.595862 0.404138 
 ----> open 222 0 0.672219 0.327781 
 ----> open 223 1 0.629675 0.370325 
 ----> open 224 0 0.636245 0.363755 
 ----> open 225 0 0.699649 0.300351 
 ----> open 226 1 0.623578 0.376422 
 ----> open 227 1 0.628159 0.371841 
 ----> open 228 0 0.735308 0.264692 
 ----> open 229 1 0.583013 0.416987 
 ----> open 230 0 0.682186 0.317814 
 ----> open 231 0 0.641855 0.358145 
 ----> open 232 1 0.653845 0.346155 
 ----> open 233 1 0.563806 0.436194 
 ----> open 234 0 0.700089 0.299911 
 ----> open 235 0 0.662376 0.337624 
 ----> open 236 1 0.623688 0.376312 
 ----> open 237 0 0.62018 0.37982 
 ----> open 238 0 0.698164 0.301836 
 ----> open 239 0 0.692706 0.307294 
 ----> open 240 0 0.728404 0.271596 
 ----> open 241 1 0.626913 0.373087 
 ----> open 242 0 0.644526 0.355474 
 ----> open 243 1 0.633262 0.366738 
 ----> open 244 0 0.676463 0.323537 
 ----> open 245 1 0.648986 0.351014 
 ----> open 246 1 0.649878 0.350122 
 ----> open 247 0 0.686598 0.313402 
 ----> open 248 0 0.69048 0.30952 
 ----> open 249 1 0.654778 0.345222 
 ----> open 250 0 0.702796 0.297204 
 ----> open 251 0 0.626623 0.373377 
 ----> open 252 0 0.723561 0.276439 
 ----> open 253 0 0.641049 0.358951 
 ----> open 254 1 0.684148 0.315852 
 ----> open 255 0 0.691915 0.308085 
 ----> open 256 1 0.601929 0.398071 
 ----> open 257 1 0.63208 0.36792 
 ----> open 258 0 0.626556 0.373444 
 ----> open 259 0 0.678626 0.321374 
 ----> open 260 1 0.643311 0.356689 
 ----> open 261 1 0.622173 0.377827 
 ----> open 262 1 0.631123 0.368877 
 ----> open 263 0 0.631439 0.368561 
 ----> open 264 1 0.622704 0.377296 
 ----> open 265 1 0.659308 0.340692 
 ----> open 266 1 0.601278 0.398722 
 ----> open 267 0 0.626391 0.373609 
 ----> open 268 0 0.67751 0.32249 
 ----> open 269 0 0.662931 0.337069 
 ----> open 270 0 0.624017 0.375983 
 ----> open 271 1 0.638558 0.361442 
 ----> open 272 1 0.592577 0.407423 
 ----> open 273 0 0.670454 0.329546 
 ----> open 274 0 0.653893 0.346107 
 ----> open 275 0 0.673493 0.326507 
 ----> open 276 0 0.643088 0.356912 
 ----> open 277 0 0.638192 0.361808 
 ----> open 278 0 0.677477 0.322523 
 ----> open 279 0 0.664257 0.335743 
 ----> open 280 1 0.64708 0.35292 
 ----> open 281 1 0.672918 0.327082 
 ----> open 282 0 0.676566 0.323434 
 ----> open 283 1 0.544457 0.455543 
 ----> open 284 1 0.626045 0.373955 
 ----> open 285 0 0.650153 0.349847 
 ----> open 286 0 0.700515 0.299485 
 ----> open 287 0 0.639071 0.360929 
 ----> open 288 1 0.623197 0.376803 
 ----> open 289 1 0.631547 0.368453 
 ----> open 290 0 0.6187 0.3813 
 ----> open 291 0 0.637393 0.362607 
 ----> open 292 1 0.650161 0.349839 
 ----> open 293 0 0.674654 0.325346 
 ----> open 294 0 0.682593 0.317407 
 ----> open 295 1 0.661116 0.338884 
 ----> open 296 0 0.692456 0.307544 
 ----> open 297 0 0.57606 0.42394 
 ----> open 298 1 0.660639 0.339361 
 ----> open 299 0 0.694358 0.305642 
 ----> open 300 1 0.655127 0.344873 
 ----> open 301 0 0.681203 0.318797 
 ----> open 302 0 0.691197 0.308803 
 ----> open 303 0 0.684322 0.315678 
 ----> open 304 0 0.710032 0.289968 
 ----> open 305 1 0.549636 0.450364 
 ----> open 306 0 0.730885 0.269115 
 ----> open 307 0 0.650429 0.349571 
 ----> open 308 0 0.707656 0.292344 
 ----> open 309 1 0.655066 0.344934 
 ----> open 310 1 0.635732 0.364268 
 ----> open 311 0 0.65361 0.34639 
 ----> open 312 0 0.656011 0.343989 
 ----> open 313 0 0.627771 0.372229 
 ----> open 314 1 0.708869 0.291131 
 ----> open 315 0 0.614403 0.385597 
 ----> open 316 0 0.692525 0.307475 
 ----> open 317 0 0.602243 0.397757 
 ----> open 318 0 0.747981 0.252019 
 ----> open 319 0 0.653073 0.346927 
 ----> open 320 0 0.565713 0.434287 
 ----> open 321 0 0.690651 0.309349 
 ----> open 322 0 0.649073 0.350927 
 ----> open 323 1 0.678575 0.321425 
 ----> open 324 0 0.656627 0.343373 
 ----> open 325 0 0.705778 0.294222 
 ----> open 326 0 0.656332 0.343668 
 ----> open 327 1 0.658673 0.341327 
 ----> open 328 1 0.656515 0.343485 
 ----> open 329 0 0.701154 0.298846 
 ----> open 330 0 0.648768 0.351232 
 ----> open 331 0 0.697005 0.302995 
 ----> open 332 0 0.689001 0.310999 
 ----> open 333 0 0.663652 0.336348 
 ----> open 334 1 0.650063 0.349937 
 ----> open 335 1 0.645553 0.354447 
 ----> open 336 1 0.616186 0.383814 
 ----> open 337 1 0.639052 0.360948 
 ----> open 338 1 0.63879 0.36121 
 ----> open 339 0 0.683134 0.316866 
 ----> open 340 0 0.668865 0.331135 
 ----> open 341 0 0.690776 0.309224 
 ----> open 342 1 0.53808 0.46192 
 ----> open 343 1 0.58598 0.41402 
 ----> open 344 0 0.677143 0.322857 
 ----> open 345 0 0.696586 0.303414 
 ----> open 346 0 0.70904 0.29096 
 ----> open 347 0 0.649039 0.350961 
 ----> open 348 1 0.682779 0.317221 
 ----> open 349 0 0.64437 0.35563 
 ----> open 350 0 0.687165 0.312835 
 ----> open 351 1 0.608139 0.391861 
 ----> open 352 0 0.694521 0.305479 
 ----> open 353 0 0.671965 0.328035 
 ----> open 354 0 0.741282 0.258718 
 ----> open 355 0 0.726118 0.273882 
 ----> open 356 1 0.605155 0.394845 
 ----> open 357 0 0.736919 0.263081 
 ----> open 358 1 0.646027 0.353973 
 ----> open 359 0 0.660621 0.339379 
 ----> open 360 0 0.658282 0.341718 
 ----> open 361 0 0.701387 0.298613 
 ----> open 362 0 0.704443 0.295557 
 ----> open 363 1 0.618441 0.381559 
 ----> open 364 0 0.74594 0.25406 
 ----> open 365 0 0.600685 0.399315 
 ----> open 366 0 0.637113 0.362887 
 ----> open 367 1 0.678693 0.321307 
 ----> open 368 0 0.655633 0.344367 
 ----> open 369 0 0.644729 0.355271 
 ----> open 370 0 0.713409 0.286591 
 ----> open 371 1 0.641112 0.358888 
 ----> open 372 0 0.69713 0.30287 
 ----> open 373 0 0.637332 0.362668 
 ----> open 374 0 0.653011 0.346989 
 ----> open 375 0 0.665208 0.334792 
 ----> open 376 1 0.619985 0.380015 
 ----> open 377 0 0.66664 0.33336 
 ----> open 378 0 0.655707 0.344293 
 ----> open 379 1 0.559161 0.440839 
 ----> open 380 0 0.733125 0.266875 
 ----> open 381 0 0.720495 0.279505 
 ----> open 382 0 0.652202 0.347798 
 ----> open 383 0 0.696813 0.303187 
 ----> open 384 0 0.632113 0.367887 
 ----> open 385 0 0.66736 0.33264 
 ----> open 386 1 0.644758 0.355242 
 ----> open 387 0 0.658287 0.341713 
 ----> open 388 1 0.605862 0.394138 
 ----> open 389 1 0.637742 0.362258 
 ----> open 390 0 0.713105 0.286895 
 ----> open 391 0 0.721478 0.278522 
 ----> open 392 0 0.674238 0.325762 
 ----> open 393 0 0.665274 0.334726 
 ----> open 394 1 0.623054 0.376946 
 ----> open 395 0 0.675407 0.324593 
 ----> open 396 0 0.659111 0.340889 
 ----> open 397 0 0.684097 0.315903 
 ----> open 398 0 0.625554 0.374446 
 ----> open 399 1 0.566219 0.433781 
 ----> open 400 1 0.652519 0.347481 
 ----> open 401 1 0.615261 0.384739 
 ----> open 402 0 0.671596 0.328404 
 ----> open 403 0 0.642945 0.357055 
 ----> open 404 0 0.723958 0.276042 
 ----> open 405 0 0.710918 0.289082 
 ----> open 406 1 0.639421 0.360579 
 ----> open 407 1 0.629436 0.370564 
 ----> open 408 0 0.626884 0.373116 
 ----> open 409 0 0.644467 0.355533 
 ----> open 410 0 0.674254 0.325746 
 ----> open 411 0 0.751121 0.248879 
 ----> open 412 0 0.749763 0.250237 
 ----> open 413 0 0.652699 0.347301 
 ----> open 414 1 0.607386 0.392614 
 ----> open 415 1 0.61861 0.38139 
 ----> open 416 1 0.656259 0.343741 
 ----> open 417 0 0.555756 0.444244 
 ----> open 418 0 0.759658 0.240342 
 ----> open 419 1 0.649204 0.350796 
 ----> open 420 0 0.658318 0.341682 
 ----> open 421 0 0.599339 0.400661 
 ----> open 422 0 0.635858 0.364142 
 ----> open 423 0 0.656187 0.343813 
 ----> open 424 0 0.761595 0.238405 
 ----> open 425 0 0.672691 0.327309 
 ----> open 426 0 0.652241 0.347759 
 ----> open 427 1 0.625576 0.374424 
 ----> open 428 0 0.67563 0.32437 
 ----> open 429 0 0.655271 0.344729 
 ----> open 430 0 0.679658 0.320342 
 ----> open 431 0 0.645726 0.354274 
 ----> open 432 0 0.651415 0.348585 
 ----> open 433 0 0.686534 0.313466 
 ----> open 434 0 0.677641 0.322359 
 ----> open 435 1 0.668759 0.331241 
 ----> open 436 1 0.656655 0.343345 
 ----> open 437 0 0.693943 0.306057 
 ----> open 438 0 0.638244 0.361756 
 ----> open 439 0 0.63567 0.36433 
 ----> open 440 1 0.625122 0.374878 
 ----> open 441 0 0.620681 0.379319 
 ----> open 442 0 0.681223 0.318777 
 ----> open 443 0 0.616326 0.383674 
 ----> open 444 0 0.648158 0.351842 
 ----> open 445 0 0.73874 0.26126 
 ----> open 446 1 0.611883 0.388117 
 ----> open 447 0 0.681474 0.318526 
 ----> open 448 0 0.698916 0.301084 
 ----> open 449 0 0.63042 0.36958 
 ----> open 450 0 0.762629 0.237371 
 ----> open 451 0 0.644603 0.355397 
 ----> open 452 0 0.74341 0.25659 
 ----> open 453 0 0.64221 0.35779 
 ----> open 454 0 0.680271 0.319729 
 ----> open 455 0 0.63985 0.36015 
 ----> open 456 0 0.715074 0.284926 
 ----> open 457 0 0.61845 0.38155 
 ----> open 458 0 0.653114 0.346886 
 ----> open 459 1 0.64946 0.35054 
 ----> open 460 0 0.642886 0.357114 
 ----> open 461 0 0.651023 0.348977 
 ----> open 462 0 0.702094 0.297906 
 ----> open 463 0 0.699836 0.300164 
 ----> open 464 0 0.644465 0.355535 
 ----> open 465 0 0.590304 0.409696 
 ----> open 466 0 0.658758 0.341242 
 ----> open 467 1 0.642696 0.357304 
 ----> open 468 1 0.647786 0.352214 
 ----> open 469 0 0.677017 0.322983 
 ----> open 470 0 0.668015 0.331985 
 ----> open 471 1 0.624116 0.375884 
 ----> open 472 1 0.613075 0.386925 
 ----> open 473 0 0.655415 0.344585 
 ----> open 474 1 0.685349 0.314651 
 ----> open 475 0 0.630352 0.369648 
 ----> open 476 0 0.704678 0.295322 
 ----> open 477 0 0.632752 0.367248 
 ----> open 478 1 0.572387 0.427613 
 ----> open 479 0 0.709124 0.290876 
 ----> open 480 0 0.60687 0.39313 
 ----> open 481 0 0.694468 0.305532 
 ----> open 482 0 0.666063 0.333937 
 ----> open 483 0 0.691055 0.308945 
 ----> open 484 1 0.533418 0.466582 
 ----> open 485 0 0.640111 0.359889 
 ----> open 486 0 0.657555 0.342445 
 ----> open 487 0 0.684009 0.315991 
 ----> open 488 0 0.657029 0.342971 
 ----> open 489 1 0.623621 0.376379 
 ----> open 490 1 0.663316 0.336684 
 ----> open 491 0 0.653727 0.346273 
 ----> open 492 1 0.636581 0.363419 
 ----> open 493 0 0.632169 0.367831 
 ----> open 494 0 0.700955 0.299045 
 ----> open 495 0 0.624922 0.375078 
 ----> open 496 1 0.599126 0.400874 
 ----> open 497 0 0.724501 0.275499 
 ----> open 498 0 0.647415 0.352585 
 ----> open 499 0 0.647201 0.352799 
 ----> open 500 0 0.659953 0.340047 
 ----> open 501 1 0.615005 0.384995 
 ----> open 502 0 0.654653 0.345347 
 ----> open 503 0 0.728341 0.271659 
 ----> open 504 1 0.525515 0.474485 
 ----> open 505 0 0.742231 0.257769 
 ----> open 506 0 0.681562 0.318438 
 ----> open 507 0 0.705468 0.294532 
 ----> open 508 0 0.657886 0.342114 
 ----> open 509 1 0.656507 0.343493 
 ----> open 510 1 0.672627 0.327373 
 ----> open 511 0 0.674968 0.325032 
 ----> open 512 0 0.644934 0.355066 
 ----> open 513 0 0.71563 0.28437 
 ----> open 514 0 0.655653 0.344347 
 ----> open 515 1 0.652248 0.347752 
 ----> open 516 0 0.679615 0.320385 
 ----> open 517 1 0.652456 0.347544 
 ----> open 518 1 0.672681 0.327319 
 ----> open 519 0 0.687956 0.312044 
 ----> open 520 0 0.695349 0.304651 
 ----> open 521 1 0.660923 0.339077 
 ----> open 522 1 0.644283 0.355717 
 ----> open 523 0 0.664353 0.335647 
 ----> open 524 1 0.628313 0.371687 
 ----> open 525 0 0.680387 0.319613 
 ----> open 526 0 0.653804 0.346196 
 ----> open 527 0 0.693713 0.306287 
 ----> open 528 0 0.679089 0.320911 
 ----> open 529 0 0.683052 0.316948 
 ----> open 530 1 0.594448 0.405552 
 ----> open 531 0 0.683023 0.316977 
 ----> open 532 1 0.691422 0.308578 
 ----> open 533 0 0.619461 0.380539 
 ----> open 534 0 0.734602 0.265398 
 ----> open 535 0 0.634626 0.365374 
 ----> open 536 1 0.488023 0.511977 
 ----> open 537 0 0.716794 0.283206 
 ----> open 538 0 0.708313 0.291687 
 ----> open 539 0 0.746657 0.253343 
 ----> open 540 1 0.66558 0.33442 
 ----> open 541 0 0.651852 0.348148 
 ----> open 542 1 0.640676 0.359324 
 ----> open 543 0 0.661519 0.338481 
 ----> open 544 1 0.618805 0.381195 
 ----> open 545 0 0.709949 0.290051 
 ----> open 546 1 0.584208 0.415792 
 ----> open 547 0 0.716609 0.283391 
 ----> open 548 0 0.701337 0.298663 
 ----> open 549 1 0.663769 0.336231 
 ----> open 550 0 0.688626 0.311374 
 ----> open 551 1 0.661136 0.338864 
 ----> open 552 0 0.689538 0.310462 
 ----> open 553 1 0.638172 0.361828 
 ----> open 554 0 0.689782 0.310218 
 ----> open 555 1 0.622674 0.377326 
 ----> open 556 1 0.543197 0.456803 
 ----> open 557 0 0.692091 0.307909 
 ----> open 558 0 0.657109 0.342891 
 ----> open 559 0 0.633806 0.366194 
 ----> open 560 0 0.730232 0.269768 
 ----> open 561 0 0.659307 0.340693 
 ----> open 562 1 0.628378 0.371622 
 ----> open 563 0 0.652189 0.347811 
 ----> open 564 0 0.647682 0.352318 
 ----> open 565 0 0.637783 0.362217 
 ----> open 566 0 0.687233 0.312767 
 ----> open 567 0 0.657801 0.342199 
 ----> open 568 0 0.638578 0.361422 
 ----> open 569 0 0.669539 0.330461 
 ----> open 570 1 0.617528 0.382472 
 ----> open 571 0 0.707676 0.292324 
 ----> open 572 1 0.588387 0.411613 
 ----> open 573 0 0.734042 0.265958 
 ----> open 574 0 0.710431 0.289569 
 ----> open 575 0 0.673079 0.326921 
 ----> open 576 1 0.630576 0.369424 
 ----> open 577 0 0.658439 0.341561 
 ----> open 578 1 0.600405 0.399595 
 ----> open 579 0 0.688064 0.311936 
 ----> open 580 0 0.675052 0.324948 
 ----> open 581 1 0.59685 0.40315 
 ----> open 582 0 0.652237 0.347763 
 ----> open 583 0 0.648086 0.351914 
 ----> open 584 1 0.596992 0.403008 
 ----> open 585 1 0.65114 0.34886 
 ----> open 586 0 0.651758 0.348242 
 ----> open 587 0 0.735568 0.264432 
 ----> open 588 0 0.725819 0.274181 
 ----> open 589 0 0.673742 0.326258 
 ----> open 590 1 0.629499 0.370501 
 ----> open 591 0 0.640461 0.359539 
 ----> open 592 1 0.63207 0.36793 
 ----> open 593 0 0.643669 0.356331 
 ----> open 594 1 0.677207 0.322793 
 ----> open 595 0 0.739924 0.260076 
 ----> open 596 0 0.627592 0.372408 
 ----> open 597 0 0.651204 0.348796 
 ----> open 598 0 0.640757 0.359243 
 ----> open 599 0 0.631341 0.368659 
 ----> open 600 0 0.678186 0.321814 
 ----> open 601 0 0.745831 0.254169 
 ----> open 602 0 0.63037 0.36963 
 ----> open 603 1 0.647385 0.352615 
 ----> open 604 0 0.648031 0.351969 
 ----> open 605 0 0.679207 0.320793 
 ----> open 606 0 0.618644 0.381356 
 ----> open 607 0 0.636497 0.363503 
 ----> open 608 1 0.649239 0.350761 
 ----> open 609 0 0.69324 0.30676 
 ----> open 610 0 0.69137 0.30863 
 ----> open 611 0 0.650006 0.349994 
 ----> open 612 0 0.648616 0.351384 
 ----> open 613 0 0.673221 0.326779 
 ----> open 614 0 0.633591 0.366409 
 ----> open 615 0 0.726745 0.273255 
 ----> open 616 0 0.673809 0.326191 
 ----> open 617 0 0.645108 0.354892 
 ----> open 618 0 0.678252 0.321748 
 ----> open 619 1 0.620364 0.379636 
 ----> open 620 1 0.568156 0.431844 
 ----> open 621 0 0.689007 0.310993 
 ----> open 622 0 0.668069 0.331931 
 ----> open 623 0 0.728853 0.271147 
 ----> open 624 1 0.591159 0.408841 
 ----> open 625 0 0.606935 0.393065 
 ----> open 626 0 0.667132 0.332868 
 ----> open 627 0 0.673637 0.326363 
 ----> open 628 0 0.654443 0.345557 
 ----> open 629 1 0.662691 0.337309 
 ----> open 630 1 0.631765 0.368235 
 ----> open 631 0 0.68776 0.31224 
 ----> open 632 1 0.658375 0.341625 
 ----> open 633 1 0.636485 0.363515 
 ----> open 634 0 0.603214 0.396786 
 ----> open 635 1 0.63836 0.36164 
 ----> open 636 0 0.644527 0.355473 
 ----> open 637 0 0.628306 0.371694 
 ----> open 638 0 0.6794 0.3206 
 ----> open 639 0 0.686461 0.313539 
 ----> open 640 1 0.638792 0.361208 
 ----> open 641 0 0.631723 0.368277 
 ----> open 642 0 0.690028 0.309972 
 ----> open 643 0 0.653284 0.346716 
 ----> open 644 1 0.653876 0.346124 
 ----> open 645 0 0.652262 0.347738 
 ----> open 646 0 0.661101 0.338899 
 ----> open 647 1 0.605804 0.394196 
 ----> open 648 0 0.667383 0.332617 
 ----> open 649 0 0.647594 0.352406 
 ----> open 650 0 0.711255 0.288745 
 ----> open 651 0 0.657317 0.342683 
 ----> open 652 1 0.631391 0.368609 
 ----> open 653 0 0.661111 0.338889 
 ----> open 654 1 0.64414 0.35586 
 ----> open 655 0 0.65938 0.34062 
 ----> open 656 0 0.661307 0.338693 
 ----> open 657 0 0.677216 0.322784 
 ----> open 658 0 0.690621 0.309379 
 ----> open 659 0 0.653488 0.346512 
 ----> open 660 0 0.637636 0.362364 
 ----> open 661 0 0.656624 0.343376 
 ----> open 662 0 0.678345 0.321655 
 ----> open 663 0 0.662633 0.337367 
 ----> open 664 1 0.642958 0.357042 
 ----> open 665 0 0.704723 0.295277 
 ----> open 666 1 0.609388 0.390612 
 ----> open 667 0 0.664462 0.335538 
 ----> open 668 0 0.663719 0.336281 
 ----> open 669 0 0.698151 0.301849 
 ----> open 670 0 0.666172 0.333828 
 ----> open 671 0 0.677326 0.322674 
 ----> open 672 0 0.677363 0.322637 
 ----> open 673 0 0.612128 0.387872 
 ----> open 674 0 0.654871 0.345129 
 ----> open 675 1 0.616629 0.383371 
 ----> open 676 1 0.665082 0.334918 
 ----> open 677 1 0.675306 0.324694 
 ----> open 678 1 0.6115 0.3885 
 ----> open 679 1 0.684584 0.315416 
 ----> open 680 0 0.680562 0.319438 
 ----> open 681 1 0.640632 0.359368 
 ----> open 682 0 0.629569 0.370431 
 ----> open 683 0 0.670549 0.329451 
 ----> open 684 0 0.610615 0.389385 
 ----> open 685 1 0.637876 0.362124 
 ----> open 686 0 0.624704 0.375296 
 ----> open 687 0 0.687678 0.312322 
 ----> open 688 0 0.64524 0.35476 
 ----> open 689 0 0.710598 0.289402 
 ----> open 690 1 0.657416 0.342584 
 ----> open 691 1 0.561275 0.438725 
 ----> open 692 0 0.695427 0.304573 
 ----> open 693 0 0.643858 0.356142 
 ----> open 694 1 0.67659 0.32341 
 ----> open 695 0 0.642081 0.357919 
 ----> open 696 0 0.658672 0.341328 
 ----> open 697 0 0.640842 0.359158 
 ----> open 698 0 0.637907 0.362093 
 ----> open 699 0 0.640965 0.359035 
 ----> open 700 0 0.709694 0.290306 
 ----> open 701 0 0.678654 0.321346 
 ----> open 702 0 0.656654 0.343346 
 ----> open 703 0 0.636048 0.363952 
 ----> open 704 0 0.742944 0.257056 
 ----> open 705 0 0.653108 0.346892 
 ----> open 706 0 0.652312 0.347688 
 ----> open 707 0 0.691585 0.308415 
 ----> open 708 0 0.667338 0.332662 
 ----> open 709 0 0.699724 0.300276 
 ----> open 710 0 0.629269 0.370731 
 ----> open 711 0 0.663419 0.336581 
 ----> open 712 0 0.665125 0.334875 
 ----> open 713 0 0.611526 0.388474 
 ----> open 714 1 0.687759 0.312241 
 ----> open 715 1 0.647169 0.352831 
 ----> open 716 1 0.693532 0.306468 
 ----> open 717 0 0.672678 0.327322 
 ----> open 718 0 0.631291 0.368709 
