 ----> open 1 0 0.722251 0.277749 
 ----> open 2 1 0.59301 0.40699 
 ----> open 3 0 0.65637 0.34363 
 ----> open 4 1 0.621261 0.378739 
 ----> open 5 1 0.667035 0.332965 
 ----> open 6 1 0.696716 0.303284 
 ----> open 7 1 0.628997 0.371003 
 ----> open 8 0 0.682139 0.317861 
 ----> open 9 0 0.67141 0.32859 
 ----> open 10 0 0.654383 0.345617 
 ----> open 11 1 0.583943 0.416057 
 ----> open 12 1 0.658918 0.341082 
 ----> open 13 0 0.73579 0.26421 
 ----> open 14 1 0.666003 0.333997 
 ----> open 15 1 0.657792 0.342208 
 ----> open 16 1 0.649325 0.350675 
 ----> open 17 1 0.666661 0.333339 
 ----> open 18 0 0.568336 0.431664 
 ----> open 19 0 0.660261 0.339739 
 ----> open 20 0 0.612796 0.387204 
 ----> open 21 1 0.66215 0.33785 
 ----> open 22 1 0.696486 0.303514 
 ----> open 23 0 0.632203 0.367797 
 ----> open 24 0 0.640226 0.359774 
 ----> open 25 0 0.694685 0.305315 
 ----> open 26 0 0.635797 0.364203 
 ----> open 27 1 0.664466 0.335534 
 ----> open 28 1 0.657585 0.342415 
 ----> open 29 1 0.616653 0.383347 
 ----> open 30 0 0.671955 0.328045 
 ----> open 31 1 0.650689 0.349311 
 ----> open 32 0 0.671629 0.328371 
 ----> open 33 0 0.66279 0.33721 
 ----> open 34 0 0.637236 0.362764 
 ----> open 35 1 0.641371 0.358629 
 ----> open 36 1 0.617973 0.382027 
 ----> open 37 0 0.652259 0.347741 
 ----> open 38 0 0.669378 0.330622 
 ----> open 39 0 0.67181 0.32819 
 ----> open 40 0 0.630764 0.369236 
 ----> open 41 1 0.622379 0.377621 
 ----> open 42 1 0.678932 0.321068 
 ----> open 43 1 0.689224 0.310776 
 ----> open 44 0 0.658801 0.341199 
 ----> open 45 1 0.689065 0.310935 
 ----> open 46 1 0.606076 0.393924 
 ----> open 47 0 0.616996 0.383004 
 ----> open 48 0 0.673066 0.326934 
 ----> open 49 1 0.651989 0.348011 
 ----> open 50 1 0.627826 0.372174 
 ----> open 51 1 0.637529 0.362471 
 ----> open 52 0 0.641877 0.358123 
 ----> open 53 1 0.668034 0.331966 
 ----> open 54 0 0.653022 0.346978 
 ----> open 55 0 0.647368 0.352632 
 ----> open 56 0 0.713443 0.286557 
 ----> open 57 1 0.641398 0.358602 
 ----> open 58 1 0.644705 0.355295 
 ----> open 59 0 0.686041 0.313959 
 ----> open 60 1 0.603867 0.396133 
 ----> open 61 0 0.631203 0.368797 
 ----> open 62 0 0.655384 0.344616 
 ----> open 63 0 0.648264 0.351736 
 ----> open 64 1 0.633961 0.366039 
 ----> open 65 1 0.634711 0.365289 
 ----> open 66 0 0.645932 0.354068 
 ----> open 67 0 0.640252 0.359748 
 ----> open 68 1 0.65842 0.34158 
 ----> open 69 0 0.679911 0.320089 
 ----> open 70 0 0.649255 0.350745 
 ----> open 71 1 0.649438 0.350562 
 ----> open 72 1 0.642308 0.357692 
 ----> open 73 0 0.647726 0.352274 
 ----> open 74 1 0.649831 0.350169 
 ----> open 75 0 0.663304 0.336696 
 ----> open 76 0 0.648745 0.351255 
 ----> open 77 1 0.644712 0.355288 
 ----> open 78 0 0.697811 0.302189 
 ----> open 79 1 0.691022 0.308978 
 ----> open 80 0 0.737348 0.262652 
 ----> open 81 0 0.646753 0.353247 
 ----> open 82 1 0.643497 0.356503 
 ----> open 83 1 0.629461 0.370539 
 ----> open 84 1 0.651232 0.348768 
 ----> open 85 0 0.659448 0.340552 
 ----> open 86 1 0.681732 0.318268 
 ----> open 87 0 0.68174 0.31826 
 ----> open 88 1 0.617211 0.382789 
 ----> open 89 1 0.626806 0.373194 
 ----> open 90 0 0.676539 0.323461 
 ----> open 91 1 0.555651 0.444349 
 ----> open 92 1 0.61258 0.38742 
 ----> open 93 0 0.652852 0.347148 
 ----> open 94 0 0.614321 0.385679 
 ----> open 95 1 0.59364 0.40636 
 ----> open 96 0 0.638568 0.361432 
 ----> open 97 0 0.654863 0.345137 
 ----> open 98 1 0.631018 0.368982 
 ----> open 99 1 0.66455 0.33545 
 ----> open 100 1 0.648025 0.351975 
 ----> open 101 0 0.657017 0.342983 
 ----> open 102 1 0.642174 0.357826 
 ----> open 103 0 0.655911 0.344089 
 ----> open 104 0 0.692193 0.307807 
 ----> open 105 0 0.721534 0.278466 
 ----> open 106 1 0.637897 0.362103 
 ----> open 107 0 0.693366 0.306634 
 ----> open 108 0 0.667578 0.332422 
 ----> open 109 0 0.641607 0.358393 
 ----> open 110 0 0.718716 0.281284 
 ----> open 111 1 0.703538 0.296462 
 ----> open 112 0 0.730414 0.269586 
 ----> open 113 0 0.71067 0.28933 
 ----> open 114 1 0.629811 0.370189 
 ----> open 115 1 0.602466 0.397534 
 ----> open 116 0 0.658061 0.341939 
 ----> open 117 0 0.642751 0.357249 
 ----> open 118 1 0.640943 0.359057 
 ----> open 119 1 0.578137 0.421863 
 ----> open 120 1 0.602788 0.397212 
 ----> open 121 0 0.642456 0.357544 
 ----> open 122 1 0.638045 0.361955 
 ----> open 123 1 0.670377 0.329623 
 ----> open 124 1 0.574708 0.425292 
 ----> open 125 0 0.639856 0.360144 
 ----> open 126 1 0.667523 0.332477 
 ----> open 127 0 0.665477 0.334523 
 ----> open 128 0 0.643294 0.356706 
 ----> open 129 0 0.671718 0.328282 
 ----> open 130 1 0.635391 0.364609 
 ----> open 131 0 0.652717 0.347283 
 ----> open 132 0 0.681912 0.318088 
 ----> open 133 0 0.672865 0.327135 
 ----> open 134 1 0.667793 0.332207 
 ----> open 135 1 0.647681 0.352319 
 ----> open 136 1 0.63609 0.36391 
 ----> open 137 0 0.698423 0.301577 
 ----> open 138 1 0.644957 0.355043 
 ----> open 139 0 0.656999 0.343001 
 ----> open 140 0 0.67714 0.32286 
 ----> open 141 1 0.621983 0.378017 
 ----> open 142 0 0.591596 0.408404 
 ----> open 143 1 0.620014 0.379986 
 ----> open 144 0 0.623613 0.376387 
 ----> open 145 1 0.635652 0.364348 
 ----> open 146 0 0.668605 0.331395 
 ----> open 147 0 0.664675 0.335325 
 ----> open 148 0 0.677986 0.322014 
 ----> open 149 1 0.593458 0.406542 
 ----> open 150 1 0.606776 0.393224 
 ----> open 151 1 0.637065 0.362935 
 ----> open 152 1 0.680061 0.319939 
 ----> open 153 0 0.679889 0.320111 
 ----> open 154 0 0.711218 0.288782 
 ----> open 155 1 0.679911 0.320089 
 ----> open 156 0 0.643461 0.356539 
 ----> open 157 1 0.602407 0.397593 
 ----> open 158 1 0.61976 0.38024 
 ----> open 159 1 0.673564 0.326436 
 ----> open 160 0 0.646762 0.353238 
 ----> open 161 0 0.667224 0.332776 
 ----> open 162 0 0.692915 0.307085 
 ----> open 163 1 0.658294 0.341706 
 ----> open 164 1 0.544083 0.455917 
 ----> open 165 1 0.653197 0.346803 
 ----> open 166 1 0.598167 0.401833 
 ----> open 167 0 0.616775 0.383225 
 ----> open 168 1 0.605597 0.394403 
 ----> open 169 0 0.673883 0.326117 
 ----> open 170 0 0.64283 0.35717 
 ----> open 171 1 0.585858 0.414142 
 ----> open 172 1 0.617936 0.382064 
 ----> open 173 1 0.664297 0.335703 
 ----> open 174 1 0.631249 0.368751 
 ----> open 175 1 0.673616 0.326384 
 ----> open 176 0 0.645718 0.354282 
 ----> open 177 0 0.636896 0.363104 
 ----> open 178 0 0.69459 0.30541 
 ----> open 179 1 0.63597 0.36403 
 ----> open 180 0 0.661657 0.338343 
 ----> open 181 0 0.627108 0.372892 
 ----> open 182 0 0.616522 0.383478 
 ----> open 183 0 0.60524 0.39476 
 ----> open 184 1 0.63043 0.36957 
 ----> open 185 1 0.607004 0.392996 
 ----> open 186 0 0.656847 0.343153 
 ----> open 187 0 0.666916 0.333084 
 ----> open 188 1 0.605702 0.394298 
 ----> open 189 0 0.636327 0.363673 
 ----> open 190 1 0.626543 0.373457 
 ----> open 191 1 0.642754 0.357246 
 ----> open 192 0 0.680494 0.319506 
 ----> open 193 1 0.626965 0.373035 
 ----> open 194 0 0.624506 0.375494 
 ----> open 195 0 0.657434 0.342566 
 ----> open 196 0 0.646422 0.353578 
 ----> open 197 1 0.602479 0.397521 
 ----> open 198 0 0.624477 0.375523 
 ----> open 199 0 0.606047 0.393953 
 ----> open 200 0 0.682722 0.317278 
 ----> open 201 1 0.669103 0.330897 
 ----> open 202 0 0.598066 0.401934 
 ----> open 203 0 0.634814 0.365186 
 ----> open 204 1 0.625181 0.374819 
 ----> open 205 1 0.598696 0.401304 
 ----> open 206 0 0.636718 0.363282 
 ----> open 207 0 0.667942 0.332058 
 ----> open 208 1 0.667729 0.332271 
 ----> open 209 0 0.717505 0.282495 
 ----> open 210 0 0.705129 0.294871 
 ----> open 211 0 0.681667 0.318333 
 ----> open 212 0 0.671802 0.328198 
 ----> open 213 0 0.631779 0.368221 
 ----> open 214 1 0.658013 0.341987 
 ----> open 215 0 0.668933 0.331067 
 ----> open 216 1 0.671798 0.328202 
 ----> open 217 0 0.655775 0.344225 
 ----> open 218 1 0.646989 0.353011 
 ----> open 219 0 0.663887 0.336113 
 ----> open 220 0 0.680249 0.319751 
 ----> open 221 0 0.665964 0.334036 
 ----> open 222 0 0.649434 0.350566 
 ----> open 223 1 0.625276 0.374724 
 ----> open 224 0 0.670913 0.329087 
 ----> open 225 0 0.708253 0.291747 
 ----> open 226 1 0.651989 0.348011 
 ----> open 227 1 0.68046 0.31954 
 ----> open 228 0 0.676635 0.323365 
 ----> open 229 1 0.634272 0.365728 
 ----> open 230 0 0.633594 0.366406 
 ----> open 231 0 0.691608 0.308392 
 ----> open 232 1 0.647355 0.352645 
 ----> open 233 1 0.62219 0.37781 
 ----> open 234 0 0.700613 0.299387 
 ----> open 235 0 0.679372 0.320628 
 ----> open 236 1 0.634941 0.365059 
 ----> open 237 0 0.64866 0.35134 
 ----> open 238 0 0.638669 0.361331 
 ----> open 239 0 0.657713 0.342287 
 ----> open 240 0 0.658569 0.341431 
 ----> open 241 1 0.649963 0.350037 
 ----> open 242 0 0.658147 0.341853 
 ----> open 243 1 0.62852 0.37148 
 ----> open 244 0 0.655206 0.344794 
 ----> open 245 1 0.656071 0.343929 
 ----> open 246 1 0.638302 0.361698 
 ----> open 247 0 0.610956 0.389044 
 ----> open 248 0 0.675764 0.324236 
 ----> open 249 1 0.66284 0.33716 
 ----> open 250 0 0.652002 0.347998 
 ----> open 251 0 0.670749 0.329251 
 ----> open 252 0 0.625529 0.374471 
 ----> open 253 0 0.651048 0.348952 
 ----> open 254 1 0.667771 0.332229 
 ----> open 255 0 0.69612 0.30388 
 ----> open 256 1 0.698173 0.301827 
 ----> open 257 1 0.610646 0.389354 
 ----> open 258 0 0.664176 0.335824 
 ----> open 259 0 0.683081 0.316919 
 ----> open 260 1 0.647091 0.352909 
 ----> open 261 1 0.639435 0.360565 
 ----> open 262 1 0.578249 0.421751 
 ----> open 263 0 0.669081 0.330919 
 ----> open 264 1 0.627816 0.372184 
 ----> open 265 1 0.638371 0.361629 
 ----> open 266 1 0.648689 0.351311 
 ----> open 267 0 0.6759 0.3241 
 ----> open 268 0 0.614936 0.385064 
 ----> open 269 0 0.651539 0.348461 
 ----> open 270 0 0.68617 0.31383 
 ----> open 271 1 0.637594 0.362406 
 ----> open 272 1 0.627073 0.372927 
 ----> open 273 0 0.684744 0.315256 
 ----> open 274 0 0.671955 0.328045 
 ----> open 275 0 0.676938 0.323062 
 ----> open 276 0 0.667986 0.332014 
 ----> open 277 0 0.64196 0.35804 
 ----> open 278 0 0.713658 0.286342 
 ----> open 279 0 0.648801 0.351199 
 ----> open 280 1 0.643221 0.356779 
 ----> open 281 1 0.689158 0.310842 
 ----> open 282 0 0.627859 0.372141 
 ----> open 283 1 0.620669 0.379331 
 ----> open 284 1 0.646416 0.353584 
 ----> open 285 0 0.708999 0.291001 
 ----> open 286 0 0.643022 0.356978 
 ----> open 287 0 0.597537 0.402463 
 ----> open 288 1 0.615595 0.384405 
 ----> open 289 1 0.600761 0.399239 
 ----> open 290 0 0.630335 0.369665 
 ----> open 291 0 0.654582 0.345418 
 ----> open 292 1 0.670989 0.329011 
 ----> open 293 0 0.679265 0.320735 
 ----> open 294 0 0.623352 0.376648 
 ----> open 295 1 0.623916 0.376084 
 ----> open 296 0 0.684684 0.315316 
 ----> open 297 0 0.672207 0.327793 
 ----> open 298 1 0.631843 0.368157 
 ----> open 299 0 0.669263 0.330737 
 ----> open 300 1 0.632915 0.367085 
 ----> open 301 0 0.639943 0.360057 
 ----> open 302 0 0.661566 0.338434 
 ----> open 303 0 0.638489 0.361511 
 ----> open 304 0 0.615718 0.384282 
 ----> open 305 1 0.64087 0.35913 
 ----> open 306 0 0.665367 0.334633 
 ----> open 307 0 0.718761 0.281239 
 ----> open 308 0 0.690829 0.309171 
 ----> open 309 1 0.585931 0.414069 
 ----> open 310 1 0.666231 0.333769 
 ----> open 311 0 0.653398 0.346602 
 ----> open 312 0 0.670606 0.329394 
 ----> open 313 0 0.622862 0.377138 
 ----> open 314 1 0.638927 0.361073 
 ----> open 315 0 0.698451 0.301549 
 ----> open 316 0 0.644904 0.355096 
 ----> open 317 0 0.638455 0.361545 
 ----> open 318 0 0.638222 0.361778 
 ----> open 319 0 0.680668 0.319332 
 ----> open 320 0 0.667623 0.332377 
 ----> open 321 0 0.604732 0.395268 
 ----> open 322 0 0.679451 0.320549 
 ----> open 323 1 0.64429 0.35571 
 ----> open 324 0 0.66048 0.33952 
 ----> open 325 0 0.684539 0.315461 
 ----> open 326 0 0.675054 0.324946 
 ----> open 327 1 0.637145 0.362855 
 ----> open 328 1 0.650809 0.349191 
 ----> open 329 0 0.672554 0.327446 
 ----> open 330 0 0.746177 0.253823 
 ----> open 331 0 0.661564 0.338436 
 ----> open 332 0 0.692131 0.307869 
 ----> open 333 0 0.620522 0.379478 
 ----> open 334 1 0.613366 0.386634 
 ----> open 335 1 0.603063 0.396937 
 ----> open 336 1 0.629862 0.370138 
 ----> open 337 1 0.589236 0.410764 
 ----> open 338 1 0.636806 0.363194 
 ----> open 339 0 0.65673 0.34327 
 ----> open 340 0 0.641371 0.358629 
 ----> open 341 0 0.585553 0.414447 
 ----> open 342 1 0.633562 0.366438 
 ----> open 343 1 0.63789 0.36211 
 ----> open 344 0 0.648206 0.351794 
 ----> open 345 0 0.665328 0.334672 
 ----> open 346 0 0.698841 0.301159 
 ----> open 347 0 0.643569 0.356431 
 ----> open 348 1 0.666621 0.333379 
 ----> open 349 0 0.660241 0.339759 
 ----> open 350 0 0.66385 0.33615 
 ----> open 351 1 0.614624 0.385376 
 ----> open 352 0 0.650379 0.349621 
 ----> open 353 0 0.664127 0.335873 
 ----> open 354 0 0.661276 0.338724 
 ----> open 355 0 0.651394 0.348606 
 ----> open 356 1 0.623561 0.376439 
 ----> open 357 0 0.645885 0.354115 
 ----> open 358 1 0.6383 0.3617 
 ----> open 359 0 0.653189 0.346811 
 ----> open 360 0 0.661576 0.338424 
 ----> open 361 0 0.696328 0.303672 
 ----> open 362 0 0.656044 0.343956 
 ----> open 363 1 0.633472 0.366528 
 ----> open 364 0 0.75804 0.24196 
 ----> open 365 0 0.67409 0.32591 
 ----> open 366 0 0.690044 0.309956 
 ----> open 367 1 0.625392 0.374608 
 ----> open 368 0 0.645382 0.354618 
 ----> open 369 0 0.641128 0.358872 
 ----> open 370 0 0.657721 0.342279 
 ----> open 371 1 0.642689 0.357311 
 ----> open 372 0 0.640298 0.359702 
 ----> open 373 0 0.630145 0.369855 
 ----> open 374 0 0.697892 0.302108 
 ----> open 375 0 0.713349 0.286651 
 ----> open 376 1 0.660823 0.339177 
 ----> open 377 0 0.668617 0.331383 
 ----> open 378 0 0.666973 0.333027 
 ----> open 379 1 0.656326 0.343674 
 ----> open 380 0 0.70443 0.29557 
 ----> open 381 0 0.69097 0.30903 
 ----> open 382 0 0.684924 0.315076 
 ----> open 383 0 0.66894 0.33106 
 ----> open 384 0 0.660269 0.339731 
 ----> open 385 0 0.723147 0.276853 
 ----> open 386 1 0.630016 0.369984 
 ----> open 387 0 0.70777 0.29223 
 ----> open 388 1 0.606314 0.393686 
 ----> open 389 1 0.591263 0.408737 
 ----> open 390 0 0.659794 0.340206 
 ----> open 391 0 0.737314 0.262686 
 ----> open 392 0 0.652773 0.347227 
 ----> open 393 0 0.630886 0.369114 
 ----> open 394 1 0.58892 0.41108 
 ----> open 395 0 0.659984 0.340016 
 ----> open 396 0 0.650402 0.349598 
 ----> open 397 0 0.656534 0.343466 
 ----> open 398 0 0.702945 0.297055 
 ----> open 399 1 0.652035 0.347965 
 ----> open 400 1 0.552578 0.447422 
 ----> open 401 1 0.588027 0.411973 
 ----> open 402 0 0.685624 0.314376 
 ----> open 403 0 0.641348 0.358652 
 ----> open 404 0 0.677085 0.322915 
 ----> open 405 0 0.632444 0.367556 
 ----> open 406 1 0.576026 0.423974 
 ----> open 407 1 0.614848 0.385152 
 ----> open 408 0 0.658853 0.341147 
 ----> open 409 0 0.635079 0.364921 
 ----> open 410 0 0.681039 0.318961 
 ----> open 411 0 0.669329 0.330671 
 ----> open 412 0 0.696542 0.303458 
 ----> open 413 0 0.643801 0.356199 
 ----> open 414 1 0.606208 0.393792 
 ----> open 415 1 0.64004 0.35996 
 ----> open 416 1 0.600214 0.399786 
 ----> open 417 0 0.661645 0.338355 
 ----> open 418 0 0.670481 0.329519 
 ----> open 419 1 0.594773 0.405227 
 ----> open 420 0 0.633074 0.366926 
 ----> open 421 0 0.619012 0.380988 
 ----> open 422 0 0.667203 0.332797 
 ----> open 423 0 0.67334 0.32666 
 ----> open 424 0 0.676681 0.323319 
 ----> open 425 0 0.681034 0.318966 
 ----> open 426 0 0.671011 0.328989 
 ----> open 427 1 0.660107 0.339893 
 ----> open 428 0 0.696252 0.303748 
 ----> open 429 0 0.701578 0.298422 
 ----> open 430 0 0.680971 0.319029 
 ----> open 431 0 0.649812 0.350188 
 ----> open 432 0 0.572756 0.427244 
 ----> open 433 0 0.61158 0.38842 
 ----> open 434 0 0.672117 0.327883 
 ----> open 435 1 0.609156 0.390844 
 ----> open 436 1 0.632554 0.367446 
 ----> open 437 0 0.675771 0.324229 
 ----> open 438 0 0.668458 0.331542 
 ----> open 439 0 0.699697 0.300303 
 ----> open 440 1 0.657228 0.342772 
 ----> open 441 0 0.614951 0.385049 
 ----> open 442 0 0.668033 0.331967 
 ----> open 443 0 0.705611 0.294389 
 ----> open 444 0 0.665557 0.334443 
 ----> open 445 0 0.644365 0.355635 
 ----> open 446 1 0.632354 0.367646 
 ----> open 447 0 0.679059 0.320941 
 ----> open 448 0 0.743874 0.256126 
 ----> open 449 0 0.734351 0.265649 
 ----> open 450 0 0.639177 0.360823 
 ----> open 451 0 0.610415 0.389585 
 ----> open 452 0 0.711526 0.288474 
 ----> open 453 0 0.68271 0.31729 
 ----> open 454 0 0.649004 0.350996 
 ----> open 455 0 0.689753 0.310247 
 ----> open 456 0 0.655411 0.344589 
 ----> open 457 0 0.676971 0.323029 
 ----> open 458 0 0.650416 0.349584 
 ----> open 459 1 0.652666 0.347334 
 ----> open 460 0 0.70028 0.29972 
 ----> open 461 0 0.641218 0.358782 
 ----> open 462 0 0.623143 0.376857 
 ----> open 463 0 0.667282 0.332718 
 ----> open 464 0 0.637588 0.362412 
 ----> open 465 0 0.66692 0.33308 
 ----> open 466 0 0.656512 0.343488 
 ----> open 467 1 0.667503 0.332497 
 ----> open 468 1 0.619788 0.380212 
 ----> open 469 0 0.660532 0.339468 
 ----> open 470 0 0.643787 0.356213 
 ----> open 471 1 0.629542 0.370458 
 ----> open 472 1 0.616986 0.383014 
 ----> open 473 0 0.681368 0.318632 
 ----> open 474 1 0.6252 0.3748 
 ----> open 475 0 0.649763 0.350237 
 ----> open 476 0 0.687958 0.312042 
 ----> open 477 0 0.651709 0.348291 
 ----> open 478 1 0.649589 0.350411 
 ----> open 479 0 0.671002 0.328998 
 ----> open 480 0 0.606982 0.393018 
 ----> open 481 0 0.67404 0.32596 
 ----> open 482 0 0.688281 0.311719 
 ----> open 483 0 0.677547 0.322453 
 ----> open 484 1 0.627427 0.372573 
 ----> open 485 0 0.678855 0.321145 
 ----> open 486 0 0.692938 0.307062 
 ----> open 487 0 0.71803 0.28197 
 ----> open 488 0 0.659597 0.340403 
 ----> open 489 1 0.651671 0.348329 
 ----> open 490 1 0.599331 0.400669 
 ----> open 491 0 0.628605 0.371395 
 ----> open 492 1 0.620487 0.379513 
 ----> open 493 0 0.686929 0.313071 
 ----> open 494 0 0.686206 0.313794 
 ----> open 495 0 0.590332 0.409668 
 ----> open 496 1 0.669618 0.330382 
 ----> open 497 0 0.624799 0.375201 
 ----> open 498 0 0.670865 0.329135 
 ----> open 499 0 0.616097 0.383903 
 ----> open 500 0 0.668452 0.331548 
 ----> open 501 1 0.640553 0.359447 
 ----> open 502 0 0.653016 0.346984 
 ----> open 503 0 0.601157 0.398843 
 ----> open 504 1 0.622843 0.377157 
 ----> open 505 0 0.641924 0.358076 
 ----> open 506 0 0.637524 0.362476 
 ----> open 507 0 0.674688 0.325312 
 ----> open 508 0 0.686895 0.313105 
 ----> open 509 1 0.646651 0.353349 
 ----> open 510 1 0.645287 0.354713 
 ----> open 511 0 0.692525 0.307475 
 ----> open 512 0 0.679006 0.320994 
 ----> open 513 0 0.660021 0.339979 
 ----> open 514 0 0.66657 0.33343 
 ----> open 515 1 0.601378 0.398622 
 ----> open 516 0 0.693978 0.306022 
 ----> open 517 1 0.675859 0.324141 
 ----> open 518 1 0.625798 0.374202 
 ----> open 519 0 0.643678 0.356322 
 ----> open 520 0 0.623808 0.376192 
 ----> open 521 1 0.649115 0.350885 
 ----> open 522 1 0.636439 0.363561 
 ----> open 523 0 0.691631 0.308369 
 ----> open 524 1 0.647504 0.352496 
 ----> open 525 0 0.671664 0.328336 
 ----> open 526 0 0.683184 0.316816 
 ----> open 527 0 0.616691 0.383309 
 ----> open 528 0 0.661848 0.338152 
 ----> open 529 0 0.667028 0.332972 
 ----> open 530 1 0.632582 0.367418 
 ----> open 531 0 0.684192 0.315808 
 ----> open 532 1 0.634019 0.365981 
 ----> open 533 0 0.649059 0.350941 
 ----> open 534 0 0.656988 0.343012 
 ----> open 535 0 0.660503 0.339497 
 ----> open 536 1 0.651283 0.348717 
 ----> open 537 0 0.663515 0.336485 
 ----> open 538 0 0.653847 0.346153 
 ----> open 539 0 0.669157 0.330843 
 ----> open 540 1 0.608715 0.391285 
 ----> open 541 0 0.641252 0.358748 
 ----> open 542 1 0.653901 0.346099 
 ----> open 543 0 0.677441 0.322559 
 ----> open 544 1 0.66775 0.33225 
 ----> open 545 0 0.679184 0.320816 
 ----> open 546 1 0.617224 0.382776 
 ----> open 547 0 0.657446 0.342554 
 ----> open 548 0 0.652914 0.347086 
 ----> open 549 1 0.646567 0.353433 
 ----> open 550 0 0.676052 0.323948 
 ----> open 551 1 0.680033 0.319967 
 ----> open 552 0 0.647944 0.352056 
 ----> open 553 1 0.677233 0.322767 
 ----> open 554 0 0.618238 0.381762 
 ----> open 555 1 0.689302 0.310698 
 ----> open 556 1 0.684554 0.315446 
 ----> open 557 0 0.66399 0.33601 
 ----> open 558 0 0.641243 0.358757 
 ----> open 559 0 0.620957 0.379043 
 ----> open 560 0 0.676583 0.323417 
 ----> open 561 0 0.67854 0.32146 
 ----> open 562 1 0.643746 0.356254 
 ----> open 563 0 0.686765 0.313235 
 ----> open 564 0 0.737271 0.262729 
 ----> open 565 0 0.680168 0.319832 
 ----> open 566 0 0.726875 0.273125 
 ----> open 567 0 0.700198 0.299802 
 ----> open 568 0 0.650261 0.349739 
 ----> open 569 0 0.668127 0.331873 
 ----> open 570 1 0.640098 0.359902 
 ----> open 571 0 0.693069 0.306931 
 ----> open 572 1 0.582982 0.417018 
 ----> open 573 0 0.614032 0.385968 
 ----> open 574 0 0.755729 0.244271 
 ----> open 575 0 0.67697 0.32303 
 ----> open 576 1 0.640231 0.359769 
 ----> open 577 0 0.623256 0.376744 
 ----> open 578 1 0.677981 0.322019 
 ----> open 579 0 0.655616 0.344384 
 ----> open 580 0 0.681317 0.318683 
 ----> open 581 1 0.646517 0.353483 
 ----> open 582 0 0.647078 0.352922 
 ----> open 583 0 0.683136 0.316864 
 ----> open 584 1 0.658346 0.341654 
 ----> open 585 1 0.662015 0.337985 
 ----> open 586 0 0.685714 0.314286 
 ----> open 587 0 0.731608 0.268392 
 ----> open 588 0 0.642778 0.357222 
 ----> open 589 0 0.728205 0.271795 
 ----> open 590 1 0.556771 0.443229 
 ----> open 591 0 0.667583 0.332417 
 ----> open 592 1 0.623501 0.376499 
 ----> open 593 0 0.646714 0.353286 
 ----> open 594 1 0.687722 0.312278 
 ----> open 595 0 0.658965 0.341035 
 ----> open 596 0 0.657754 0.342246 
 ----> open 597 0 0.650779 0.349221 
 ----> open 598 0 0.681383 0.318617 
 ----> open 599 0 0.642033 0.357967 
 ----> open 600 0 0.670093 0.329907 
 ----> open 601 0 0.709204 0.290796 
 ----> open 602 0 0.617343 0.382657 
 ----> open 603 1 0.637159 0.362841 
 ----> open 604 0 0.725514 0.274486 
 ----> open 605 0 0.7676 0.2324 
 ----> open 606 0 0.68869 0.31131 
 ----> open 607 0 0.685453 0.314547 
 ----> open 608 1 0.554743 0.445257 
 ----> open 609 0 0.655439 0.344561 
 ----> open 610 0 0.675389 0.324611 
 ----> open 611 0 0.632011 0.367989 
 ----> open 612 0 0.683583 0.316417 
 ----> open 613 0 0.643052 0.356948 
 ----> open 614 0 0.643294 0.356706 
 ----> open 615 0 0.659008 0.340992 
 ----> open 616 0 0.700212 0.299788 
 ----> open 617 0 0.676105 0.323895 
 ----> open 618 0 0.684492 0.315508 
 ----> open 619 1 0.594412 0.405588 
 ----> open 620 1 0.636012 0.363988 
 ----> open 621 0 0.643644 0.356356 
 ----> open 622 0 0.63742 0.36258 
 ----> open 623 0 0.704364 0.295636 
 ----> open 624 1 0.671601 0.328399 
 ----> open 625 0 0.700258 0.299742 
 ----> open 626 0 0.666005 0.333995 
 ----> open 627 0 0.691802 0.308198 
 ----> open 628 0 0.645506 0.354494 
 ----> open 629 1 0.646986 0.353014 
 ----> open 630 1 0.629233 0.370767 
 ----> open 631 0 0.684404 0.315596 
 ----> open 632 1 0.688917 0.311083 
 ----> open 633 1 0.61579 0.38421 
 ----> open 634 0 0.659635 0.340365 
 ----> open 635 1 0.653915 0.346085 
 ----> open 636 0 0.691326 0.308674 
 ----> open 637 0 0.688119 0.311881 
 ----> open 638 0 0.611771 0.388229 
 ----> open 639 0 0.672769 0.327231 
 ----> open 640 1 0.641928 0.358072 
 ----> open 641 0 0.624385 0.375615 
 ----> open 642 0 0.669101 0.330899 
 ----> open 643 0 0.644687 0.355313 
 ----> open 644 1 0.609329 0.390671 
 ----> open 645 0 0.654907 0.345093 
 ----> open 646 0 0.636126 0.363874 
 ----> open 647 1 0.680352 0.319648 
 ----> open 648 0 0.674407 0.325593 
 ----> open 649 0 0.666836 0.333164 
 ----> open 650 0 0.668485 0.331515 
 ----> open 651 0 0.583256 0.416744 
 ----> open 652 1 0.633442 0.366558 
 ----> open 653 0 0.696394 0.303606 
 ----> open 654 1 0.614563 0.385437 
 ----> open 655 0 0.642376 0.357624 
 ----> open 656 0 0.679369 0.320631 
 ----> open 657 0 0.632189 0.367811 
 ----> open 658 0 0.684875 0.315125 
 ----> open 659 0 0.685281 0.314719 
 ----> open 660 0 0.652909 0.347091 
 ----> open 661 0 0.684934 0.315066 
 ----> open 662 0 0.619936 0.380064 
 ----> open 663 0 0.643287 0.356713 
 ----> open 664 1 0.684028 0.315972 
 ----> open 665 0 0.617534 0.382466 
 ----> open 666 1 0.603366 0.396634 
 ----> open 667 0 0.620552 0.379448 
 ----> open 668 0 0.696977 0.303023 
 ----> open 669 0 0.661535 0.338465 
 ----> open 670 0 0.698876 0.301124 
 ----> open 671 0 0.661308 0.338692 
 ----> open 672 0 0.684386 0.315614 
 ----> open 673 0 0.631043 0.368957 
 ----> open 674 0 0.632326 0.367674 
 ----> open 675 1 0.643712 0.356288 
 ----> open 676 1 0.646101 0.353899 
 ----> open 677 1 0.602954 0.397046 
 ----> open 678 1 0.667437 0.332563 
 ----> open 679 1 0.66923 0.33077 
 ----> open 680 0 0.691477 0.308523 
 ----> open 681 1 0.634715 0.365285 
 ----> open 682 0 0.684734 0.315266 
 ----> open 683 0 0.682506 0.317494 
 ----> open 684 0 0.691888 0.308112 
 ----> open 685 1 0.644878 0.355122 
 ----> open 686 0 0.665921 0.334079 
 ----> open 687 0 0.679404 0.320596 
 ----> open 688 0 0.708129 0.291871 
 ----> open 689 0 0.678561 0.321439 
 ----> open 690 1 0.65579 0.34421 
 ----> open 691 1 0.687266 0.312734 
 ----> open 692 0 0.671924 0.328076 
 ----> open 693 0 0.663246 0.336754 
 ----> open 694 1 0.585906 0.414094 
 ----> open 695 0 0.590484 0.409516 
 ----> open 696 0 0.616482 0.383518 
 ----> open 697 0 0.693549 0.306451 
 ----> open 698 0 0.669539 0.330461 
 ----> open 699 0 0.69983 0.30017 
 ----> open 700 0 0.72097 0.27903 
 ----> open 701 0 0.645223 0.354777 
 ----> open 702 0 0.749447 0.250553 
 ----> open 703 0 0.670017 0.329983 
 ----> open 704 0 0.647115 0.352885 
 ----> open 705 0 0.616748 0.383252 
 ----> open 706 0 0.667789 0.332211 
 ----> open 707 0 0.65836 0.34164 
 ----> open 708 0 0.660245 0.339755 
 ----> open 709 0 0.663543 0.336457 
 ----> open 710 0 0.609998 0.390002 
 ----> open 711 0 0.647597 0.352403 
 ----> open 712 0 0.693877 0.306123 
 ----> open 713 0 0.665814 0.334186 
 ----> open 714 1 0.712544 0.287456 
 ----> open 715 1 0.707428 0.292572 
 ----> open 716 1 0.662843 0.337157 
 ----> open 717 0 0.652842 0.347158 
 ----> open 718 0 0.712689 0.287311 
