 ----> open 1 0 0.77537 0.22463 
 ----> open 2 1 0.718208 0.281792 
 ----> open 3 0 0.465605 0.534395 
 ----> open 4 1 0.546461 0.453539 
 ----> open 5 1 0.562493 0.437507 
 ----> open 6 1 0.596337 0.403663 
 ----> open 7 1 0.546739 0.453261 
 ----> open 8 0 0.556911 0.443089 
 ----> open 9 0 0.691099 0.308901 
 ----> open 10 0 0.662413 0.337587 
 ----> open 11 1 0.622977 0.377023 
 ----> open 12 1 0.56282 0.43718 
 ----> open 13 0 0.61039 0.38961 
 ----> open 14 1 0.668656 0.331344 
 ----> open 15 1 0.619405 0.380595 
 ----> open 16 1 0.628798 0.371202 
 ----> open 17 1 0.573648 0.426352 
 ----> open 18 0 0.621551 0.378449 
 ----> open 19 0 0.664141 0.335859 
 ----> open 20 0 0.635422 0.364578 
 ----> open 21 1 0.672463 0.327537 
 ----> open 22 1 0.59706 0.40294 
 ----> open 23 0 0.685923 0.314077 
 ----> open 24 0 0.675937 0.324063 
 ----> open 25 0 0.662897 0.337103 
 ----> open 26 0 0.644179 0.355821 
 ----> open 27 1 0.603308 0.396692 
 ----> open 28 1 0.612798 0.387202 
 ----> open 29 1 0.632811 0.367189 
 ----> open 30 0 0.616329 0.383671 
 ----> open 31 1 0.604782 0.395218 
 ----> open 32 0 0.667686 0.332314 
 ----> open 33 0 0.654076 0.345924 
 ----> open 34 0 0.666551 0.333449 
 ----> open 35 1 0.591321 0.408679 
 ----> open 36 1 0.625038 0.374962 
 ----> open 37 0 0.66124 0.33876 
 ----> open 38 0 0.65328 0.34672 
 ----> open 39 0 0.668386 0.331614 
 ----> open 40 0 0.661834 0.338166 
 ----> open 41 1 0.614635 0.385365 
 ----> open 42 1 0.615702 0.384298 
 ----> open 43 1 0.611492 0.388508 
 ----> open 44 0 0.687676 0.312324 
 ----> open 45 1 0.645191 0.354809 
 ----> open 46 1 0.578024 0.421976 
 ----> open 47 0 0.64674 0.35326 
 ----> open 48 0 0.686613 0.313387 
 ----> open 49 1 0.647407 0.352593 
 ----> open 50 1 0.613564 0.386436 
 ----> open 51 1 0.611449 0.388551 
 ----> open 52 0 0.708578 0.291422 
 ----> open 53 1 0.619795 0.380205 
 ----> open 54 0 0.681566 0.318434 
 ----> open 55 0 0.657285 0.342715 
 ----> open 56 0 0.679241 0.320759 
 ----> open 57 1 0.626188 0.373812 
 ----> open 58 1 0.609845 0.390155 
 ----> open 59 0 0.642439 0.357561 
 ----> open 60 1 0.654464 0.345536 
 ----> open 61 0 0.614728 0.385272 
 ----> open 62 0 0.657844 0.342156 
 ----> open 63 0 0.685217 0.314783 
 ----> open 64 1 0.619283 0.380717 
 ----> open 65 1 0.624617 0.375383 
 ----> open 66 0 0.664918 0.335082 
 ----> open 67 0 0.652367 0.347633 
 ----> open 68 1 0.643864 0.356136 
 ----> open 69 0 0.59106 0.40894 
 ----> open 70 0 0.653815 0.346185 
 ----> open 71 1 0.641415 0.358585 
 ----> open 72 1 0.639299 0.360701 
 ----> open 73 0 0.701414 0.298586 
 ----> open 74 1 0.639925 0.360075 
 ----> open 75 0 0.648706 0.351294 
 ----> open 76 0 0.676606 0.323394 
 ----> open 77 1 0.647333 0.352667 
 ----> open 78 0 0.6293 0.3707 
 ----> open 79 1 0.64957 0.35043 
 ----> open 80 0 0.651358 0.348642 
 ----> open 81 0 0.636806 0.363194 
 ----> open 82 1 0.655383 0.344617 
 ----> open 83 1 0.614505 0.385495 
 ----> open 84 1 0.627489 0.372511 
 ----> open 85 0 0.611504 0.388496 
 ----> open 86 1 0.654761 0.345239 
 ----> open 87 0 0.625113 0.374887 
 ----> open 88 1 0.625919 0.374081 
 ----> open 89 1 0.587593 0.412407 
 ----> open 90 0 0.641181 0.358819 
 ----> open 91 1 0.635055 0.364945 
 ----> open 92 1 0.619972 0.380028 
 ----> open 93 0 0.651527 0.348473 
 ----> open 94 0 0.659522 0.340478 
 ----> open 95 1 0.607625 0.392375 
 ----> open 96 0 0.615871 0.384129 
 ----> open 97 0 0.715778 0.284222 
 ----> open 98 1 0.60712 0.39288 
 ----> open 99 1 0.578767 0.421233 
 ----> open 100 1 0.573675 0.426325 
 ----> open 101 0 0.700591 0.299409 
 ----> open 102 1 0.637432 0.362568 
 ----> open 103 0 0.584966 0.415034 
 ----> open 104 0 0.680582 0.319418 
 ----> open 105 0 0.695342 0.304658 
 ----> open 106 1 0.59164 0.40836 
 ----> open 107 0 0.665855 0.334145 
 ----> open 108 0 0.690135 0.309865 
 ----> open 109 0 0.666849 0.333151 
 ----> open 110 0 0.638925 0.361075 
 ----> open 111 1 0.619259 0.380741 
 ----> open 112 0 0.696992 0.303008 
 ----> open 113 0 0.651252 0.348748 
 ----> open 114 1 0.624005 0.375995 
 ----> open 115 1 0.641221 0.358779 
 ----> open 116 0 0.679227 0.320773 
 ----> open 117 0 0.644098 0.355902 
 ----> open 118 1 0.655487 0.344513 
 ----> open 119 1 0.584308 0.415692 
 ----> open 120 1 0.606361 0.393639 
 ----> open 121 0 0.674442 0.325558 
 ----> open 122 1 0.630328 0.369672 
 ----> open 123 1 0.597281 0.402719 
 ----> open 124 1 0.598501 0.401499 
 ----> open 125 0 0.641916 0.358084 
 ----> open 126 1 0.601637 0.398363 
 ----> open 127 0 0.661843 0.338157 
 ----> open 128 0 0.672092 0.327908 
 ----> open 129 0 0.653422 0.346578 
 ----> open 130 1 0.649355 0.350645 
 ----> open 131 0 0.624413 0.375587 
 ----> open 132 0 0.668319 0.331681 
 ----> open 133 0 0.635648 0.364352 
 ----> open 134 1 0.597177 0.402823 
 ----> open 135 1 0.606535 0.393465 
 ----> open 136 1 0.643206 0.356794 
 ----> open 137 0 0.642672 0.357328 
 ----> open 138 1 0.604552 0.395448 
 ----> open 139 0 0.63771 0.36229 
 ----> open 140 0 0.672885 0.327115 
 ----> open 141 1 0.590461 0.409539 
 ----> open 142 0 0.611139 0.388861 
 ----> open 143 1 0.626436 0.373564 
 ----> open 144 0 0.663021 0.336979 
 ----> open 145 1 0.629017 0.370983 
 ----> open 146 0 0.66296 0.33704 
 ----> open 147 0 0.704742 0.295258 
 ----> open 148 0 0.639266 0.360734 
 ----> open 149 1 0.64073 0.35927 
 ----> open 150 1 0.651707 0.348293 
 ----> open 151 1 0.615676 0.384324 
 ----> open 152 1 0.638352 0.361648 
 ----> open 153 0 0.639466 0.360534 
 ----> open 154 0 0.660923 0.339077 
 ----> open 155 1 0.65871 0.34129 
 ----> open 156 0 0.593229 0.406771 
 ----> open 157 1 0.673003 0.326997 
 ----> open 158 1 0.629508 0.370492 
 ----> open 159 1 0.645409 0.354591 
 ----> open 160 0 0.636189 0.363811 
 ----> open 161 0 0.707109 0.292891 
 ----> open 162 0 0.655301 0.344699 
 ----> open 163 1 0.595716 0.404284 
 ----> open 164 1 0.586833 0.413167 
 ----> open 165 1 0.609459 0.390541 
 ----> open 166 1 0.627745 0.372255 
 ----> open 167 0 0.634264 0.365736 
 ----> open 168 1 0.6407 0.3593 
 ----> open 169 0 0.645871 0.354129 
 ----> open 170 0 0.706663 0.293337 
 ----> open 171 1 0.613261 0.386739 
 ----> open 172 1 0.621028 0.378972 
 ----> open 173 1 0.616826 0.383174 
 ----> open 174 1 0.604529 0.395471 
 ----> open 175 1 0.636563 0.363437 
 ----> open 176 0 0.642399 0.357601 
 ----> open 177 0 0.651369 0.348631 
 ----> open 178 0 0.655478 0.344522 
 ----> open 179 1 0.649089 0.350911 
 ----> open 180 0 0.580524 0.419476 
 ----> open 181 0 0.67323 0.32677 
 ----> open 182 0 0.662783 0.337217 
 ----> open 183 0 0.693683 0.306317 
 ----> open 184 1 0.611099 0.388901 
 ----> open 185 1 0.609485 0.390515 
 ----> open 186 0 0.652084 0.347916 
 ----> open 187 0 0.674589 0.325411 
 ----> open 188 1 0.580252 0.419748 
 ----> open 189 0 0.599991 0.400009 
 ----> open 190 1 0.651496 0.348504 
 ----> open 191 1 0.602609 0.397391 
 ----> open 192 0 0.659806 0.340194 
 ----> open 193 1 0.64922 0.35078 
 ----> open 194 0 0.637784 0.362216 
 ----> open 195 0 0.655873 0.344127 
 ----> open 196 0 0.665795 0.334205 
 ----> open 197 1 0.61432 0.38568 
 ----> open 198 0 0.643773 0.356227 
 ----> open 199 0 0.668063 0.331937 
 ----> open 200 0 0.653208 0.346792 
 ----> open 201 1 0.647725 0.352275 
 ----> open 202 0 0.656557 0.343443 
 ----> open 203 0 0.671531 0.328469 
 ----> open 204 1 0.641598 0.358402 
 ----> open 205 1 0.624828 0.375172 
 ----> open 206 0 0.694014 0.305986 
 ----> open 207 0 0.640888 0.359112 
 ----> open 208 1 0.626093 0.373907 
 ----> open 209 0 0.639216 0.360784 
 ----> open 210 0 0.673677 0.326323 
 ----> open 211 0 0.64611 0.35389 
 ----> open 212 0 0.619683 0.380317 
 ----> open 213 0 0.660005 0.339995 
 ----> open 214 1 0.653658 0.346342 
 ----> open 215 0 0.683156 0.316844 
 ----> open 216 1 0.625976 0.374024 
 ----> open 217 0 0.659417 0.340583 
 ----> open 218 1 0.646357 0.353643 
 ----> open 219 0 0.61429 0.38571 
 ----> open 220 0 0.66737 0.33263 
 ----> open 221 0 0.696765 0.303235 
 ----> open 222 0 0.63302 0.36698 
 ----> open 223 1 0.587335 0.412665 
 ----> open 224 0 0.654023 0.345977 
 ----> open 225 0 0.675747 0.324253 
 ----> open 226 1 0.618623 0.381377 
 ----> open 227 1 0.601019 0.398981 
 ----> open 228 0 0.689687 0.310313 
 ----> open 229 1 0.649292 0.350708 
 ----> open 230 0 0.582455 0.417545 
 ----> open 231 0 0.678772 0.321228 
 ----> open 232 1 0.642382 0.357618 
 ----> open 233 1 0.623873 0.376127 
 ----> open 234 0 0.705542 0.294458 
 ----> open 235 0 0.660644 0.339356 
 ----> open 236 1 0.667029 0.332971 
 ----> open 237 0 0.639547 0.360453 
 ----> open 238 0 0.674154 0.325846 
 ----> open 239 0 0.673958 0.326042 
 ----> open 240 0 0.670615 0.329385 
 ----> open 241 1 0.611557 0.388443 
 ----> open 242 0 0.670377 0.329623 
 ----> open 243 1 0.681668 0.318332 
 ----> open 244 0 0.634621 0.365379 
 ----> open 245 1 0.652267 0.347733 
 ----> open 246 1 0.651027 0.348973 
 ----> open 247 0 0.63751 0.36249 
 ----> open 248 0 0.684212 0.315788 
 ----> open 249 1 0.669484 0.330516 
 ----> open 250 0 0.629147 0.370853 
 ----> open 251 0 0.673676 0.326324 
 ----> open 252 0 0.667309 0.332691 
 ----> open 253 0 0.635361 0.364639 
 ----> open 254 1 0.643726 0.356274 
 ----> open 255 0 0.657426 0.342574 
 ----> open 256 1 0.642341 0.357659 
 ----> open 257 1 0.557684 0.442316 
 ----> open 258 0 0.655379 0.344621 
 ----> open 259 0 0.685982 0.314018 
 ----> open 260 1 0.65442 0.34558 
 ----> open 261 1 0.609488 0.390512 
 ----> open 262 1 0.634745 0.365255 
 ----> open 263 0 0.661995 0.338005 
 ----> open 264 1 0.641843 0.358157 
 ----> open 265 1 0.59605 0.40395 
 ----> open 266 1 0.619784 0.380216 
 ----> open 267 0 0.675383 0.324617 
 ----> open 268 0 0.615511 0.384489 
 ----> open 269 0 0.645119 0.354881 
 ----> open 270 0 0.683685 0.316315 
 ----> open 271 1 0.674968 0.325032 
 ----> open 272 1 0.611814 0.388186 
 ----> open 273 0 0.635521 0.364479 
 ----> open 274 0 0.679976 0.320024 
 ----> open 275 0 0.633975 0.366025 
 ----> open 276 0 0.653486 0.346514 
 ----> open 277 0 0.62183 0.37817 
 ----> open 278 0 0.677361 0.322639 
 ----> open 279 0 0.693761 0.306239 
 ----> open 280 1 0.612166 0.387834 
 ----> open 281 1 0.636035 0.363965 
 ----> open 282 0 0.674861 0.325139 
 ----> open 283 1 0.606624 0.393376 
 ----> open 284 1 0.62582 0.37418 
 ----> open 285 0 0.656468 0.343532 
 ----> open 286 0 0.661315 0.338685 
 ----> open 287 0 0.656909 0.343091 
 ----> open 288 1 0.63792 0.36208 
 ----> open 289 1 0.585981 0.414019 
 ----> open 290 0 0.637052 0.362948 
 ----> open 291 0 0.645001 0.354999 
 ----> open 292 1 0.616416 0.383584 
 ----> open 293 0 0.636686 0.363314 
 ----> open 294 0 0.664176 0.335824 
 ----> open 295 1 0.612561 0.387439 
 ----> open 296 0 0.672579 0.327421 
 ----> open 297 0 0.66566 0.33434 
 ----> open 298 1 0.655838 0.344162 
 ----> open 299 0 0.638797 0.361203 
 ----> open 300 1 0.637317 0.362683 
 ----> open 301 0 0.679378 0.320622 
 ----> open 302 0 0.678154 0.321846 
 ----> open 303 0 0.666234 0.333766 
 ----> open 304 0 0.658205 0.341795 
 ----> open 305 1 0.640458 0.359542 
 ----> open 306 0 0.655538 0.344462 
 ----> open 307 0 0.692144 0.307856 
 ----> open 308 0 0.683424 0.316576 
 ----> open 309 1 0.646255 0.353745 
 ----> open 310 1 0.601205 0.398795 
 ----> open 311 0 0.649269 0.350731 
 ----> open 312 0 0.671312 0.328688 
 ----> open 313 0 0.670999 0.329001 
 ----> open 314 1 0.647629 0.352371 
 ----> open 315 0 0.638155 0.361845 
 ----> open 316 0 0.669571 0.330429 
 ----> open 317 0 0.654236 0.345764 
 ----> open 318 0 0.671222 0.328778 
 ----> open 319 0 0.657898 0.342102 
 ----> open 320 0 0.66774 0.33226 
 ----> open 321 0 0.679149 0.320851 
 ----> open 322 0 0.631194 0.368806 
 ----> open 323 1 0.656809 0.343191 
 ----> open 324 0 0.64342 0.35658 
 ----> open 325 0 0.659857 0.340143 
 ----> open 326 0 0.642769 0.357231 
 ----> open 327 1 0.665533 0.334467 
 ----> open 328 1 0.63199 0.36801 
 ----> open 329 0 0.604477 0.395523 
 ----> open 330 0 0.656936 0.343064 
 ----> open 331 0 0.670992 0.329008 
 ----> open 332 0 0.679198 0.320802 
 ----> open 333 0 0.671457 0.328543 
 ----> open 334 1 0.639225 0.360775 
 ----> open 335 1 0.567491 0.432509 
 ----> open 336 1 0.611146 0.388854 
 ----> open 337 1 0.628735 0.371265 
 ----> open 338 1 0.616493 0.383507 
 ----> open 339 0 0.658777 0.341223 
 ----> open 340 0 0.670795 0.329205 
 ----> open 341 0 0.667895 0.332105 
 ----> open 342 1 0.638907 0.361093 
 ----> open 343 1 0.612229 0.387771 
 ----> open 344 0 0.644632 0.355368 
 ----> open 345 0 0.70176 0.29824 
 ----> open 346 0 0.655437 0.344563 
 ----> open 347 0 0.703429 0.296571 
 ----> open 348 1 0.599631 0.400369 
 ----> open 349 0 0.683163 0.316837 
 ----> open 350 0 0.654752 0.345248 
 ----> open 351 1 0.621698 0.378302 
 ----> open 352 0 0.640776 0.359224 
 ----> open 353 0 0.669711 0.330289 
 ----> open 354 0 0.681608 0.318392 
 ----> open 355 0 0.666803 0.333197 
 ----> open 356 1 0.647723 0.352277 
 ----> open 357 0 0.684945 0.315055 
 ----> open 358 1 0.62435 0.37565 
 ----> open 359 0 0.705825 0.294175 
 ----> open 360 0 0.688642 0.311358 
 ----> open 361 0 0.696609 0.303391 
 ----> open 362 0 0.667921 0.332079 
 ----> open 363 1 0.617384 0.382616 
 ----> open 364 0 0.646204 0.353796 
 ----> open 365 0 0.672872 0.327128 
 ----> open 366 0 0.67467 0.32533 
 ----> open 367 1 0.606323 0.393677 
 ----> open 368 0 0.647075 0.352925 
 ----> open 369 0 0.688613 0.311387 
 ----> open 370 0 0.68484 0.31516 
 ----> open 371 1 0.583983 0.416017 
 ----> open 372 0 0.639821 0.360179 
 ----> open 373 0 0.666203 0.333797 
 ----> open 374 0 0.646007 0.353993 
 ----> open 375 0 0.66216 0.33784 
 ----> open 376 1 0.644883 0.355117 
 ----> open 377 0 0.6339 0.3661 
 ----> open 378 0 0.701388 0.298612 
 ----> open 379 1 0.665676 0.334324 
 ----> open 380 0 0.681209 0.318791 
 ----> open 381 0 0.675201 0.324799 
 ----> open 382 0 0.641284 0.358716 
 ----> open 383 0 0.698066 0.301934 
 ----> open 384 0 0.661687 0.338313 
 ----> open 385 0 0.666633 0.333367 
 ----> open 386 1 0.676264 0.323736 
 ----> open 387 0 0.619992 0.380008 
 ----> open 388 1 0.686339 0.313661 
 ----> open 389 1 0.617779 0.382221 
 ----> open 390 0 0.641048 0.358952 
 ----> open 391 0 0.680963 0.319037 
 ----> open 392 0 0.6632 0.3368 
 ----> open 393 0 0.653399 0.346601 
 ----> open 394 1 0.663342 0.336658 
 ----> open 395 0 0.627222 0.372778 
 ----> open 396 0 0.659802 0.340198 
 ----> open 397 0 0.663424 0.336576 
 ----> open 398 0 0.660493 0.339507 
 ----> open 399 1 0.637628 0.362372 
 ----> open 400 1 0.61159 0.38841 
 ----> open 401 1 0.62232 0.37768 
 ----> open 402 0 0.64237 0.35763 
 ----> open 403 0 0.688718 0.311282 
 ----> open 404 0 0.680048 0.319952 
 ----> open 405 0 0.667512 0.332488 
 ----> open 406 1 0.627057 0.372943 
 ----> open 407 1 0.651417 0.348583 
 ----> open 408 0 0.615121 0.384879 
 ----> open 409 0 0.67046 0.32954 
 ----> open 410 0 0.667627 0.332373 
 ----> open 411 0 0.679995 0.320005 
 ----> open 412 0 0.649018 0.350982 
 ----> open 413 0 0.659253 0.340747 
 ----> open 414 1 0.636212 0.363788 
 ----> open 415 1 0.654796 0.345204 
 ----> open 416 1 0.624551 0.375449 
 ----> open 417 0 0.695673 0.304327 
 ----> open 418 0 0.686162 0.313838 
 ----> open 419 1 0.65029 0.34971 
 ----> open 420 0 0.660975 0.339025 
 ----> open 421 0 0.67471 0.32529 
 ----> open 422 0 0.676687 0.323313 
 ----> open 423 0 0.68269 0.31731 
 ----> open 424 0 0.648562 0.351438 
 ----> open 425 0 0.688555 0.311445 
 ----> open 426 0 0.720331 0.279669 
 ----> open 427 1 0.663748 0.336252 
 ----> open 428 0 0.668009 0.331991 
 ----> open 429 0 0.682258 0.317742 
 ----> open 430 0 0.673638 0.326362 
 ----> open 431 0 0.670211 0.329789 
 ----> open 432 0 0.683504 0.316496 
 ----> open 433 0 0.687199 0.312801 
 ----> open 434 0 0.676906 0.323094 
 ----> open 435 1 0.62011 0.37989 
 ----> open 436 1 0.627415 0.372585 
 ----> open 437 0 0.653329 0.346671 
 ----> open 438 0 0.697669 0.302331 
 ----> open 439 0 0.641462 0.358538 
 ----> open 440 1 0.644428 0.355572 
 ----> open 441 0 0.667429 0.332571 
 ----> open 442 0 0.670887 0.329113 
 ----> open 443 0 0.687177 0.312823 
 ----> open 444 0 0.650049 0.349951 
 ----> open 445 0 0.698373 0.301627 
 ----> open 446 1 0.626328 0.373672 
 ----> open 447 0 0.653112 0.346888 
 ----> open 448 0 0.675286 0.324714 
 ----> open 449 0 0.662054 0.337946 
 ----> open 450 0 0.667835 0.332165 
 ----> open 451 0 0.658134 0.341866 
 ----> open 452 0 0.665774 0.334226 
 ----> open 453 0 0.678013 0.321987 
 ----> open 454 0 0.648872 0.351128 
 ----> open 455 0 0.692348 0.307652 
 ----> open 456 0 0.661315 0.338685 
 ----> open 457 0 0.699494 0.300506 
 ----> open 458 0 0.667449 0.332551 
 ----> open 459 1 0.66069 0.33931 
 ----> open 460 0 0.632206 0.367794 
 ----> open 461 0 0.691189 0.308811 
 ----> open 462 0 0.661958 0.338042 
 ----> open 463 0 0.680262 0.319738 
 ----> open 464 0 0.689498 0.310502 
 ----> open 465 0 0.688229 0.311771 
 ----> open 466 0 0.667902 0.332098 
 ----> open 467 1 0.648634 0.351366 
 ----> open 468 1 0.616552 0.383448 
 ----> open 469 0 0.672499 0.327501 
 ----> open 470 0 0.687102 0.312898 
 ----> open 471 1 0.630833 0.369167 
 ----> open 472 1 0.648725 0.351275 
 ----> open 473 0 0.660751 0.339249 
 ----> open 474 1 0.663788 0.336212 
 ----> open 475 0 0.633825 0.366175 
 ----> open 476 0 0.688019 0.311981 
 ----> open 477 0 0.674646 0.325354 
 ----> open 478 1 0.651305 0.348695 
 ----> open 479 0 0.661422 0.338578 
 ----> open 480 0 0.686102 0.313898 
 ----> open 481 0 0.698502 0.301498 
 ----> open 482 0 0.666461 0.333539 
 ----> open 483 0 0.700441 0.299559 
 ----> open 484 1 0.625263 0.374737 
 ----> open 485 0 0.708938 0.291062 
 ----> open 486 0 0.683104 0.316896 
 ----> open 487 0 0.697856 0.302144 
 ----> open 488 0 0.675915 0.324085 
 ----> open 489 1 0.659812 0.340188 
 ----> open 490 1 0.665887 0.334113 
 ----> open 491 0 0.641275 0.358725 
 ----> open 492 1 0.683557 0.316443 
 ----> open 493 0 0.643566 0.356434 
 ----> open 494 0 0.667965 0.332035 
 ----> open 495 0 0.6847 0.3153 
 ----> open 496 1 0.626577 0.373423 
 ----> open 497 0 0.637187 0.362813 
 ----> open 498 0 0.677228 0.322772 
 ----> open 499 0 0.689685 0.310315 
 ----> open 500 0 0.686358 0.313642 
 ----> open 501 1 0.665756 0.334244 
 ----> open 502 0 0.629545 0.370455 
 ----> open 503 0 0.677131 0.322869 
 ----> open 504 1 0.630059 0.369941 
 ----> open 505 0 0.666743 0.333257 
 ----> open 506 0 0.680202 0.319798 
 ----> open 507 0 0.648548 0.351452 
 ----> open 508 0 0.654859 0.345141 
 ----> open 509 1 0.673434 0.326566 
 ----> open 510 1 0.623493 0.376507 
 ----> open 511 0 0.661473 0.338527 
 ----> open 512 0 0.670198 0.329802 
 ----> open 513 0 0.686022 0.313978 
 ----> open 514 0 0.656542 0.343458 
 ----> open 515 1 0.622147 0.377853 
 ----> open 516 0 0.672156 0.327844 
 ----> open 517 1 0.651789 0.348211 
 ----> open 518 1 0.678203 0.321797 
 ----> open 519 0 0.688404 0.311596 
 ----> open 520 0 0.669354 0.330646 
 ----> open 521 1 0.606748 0.393252 
 ----> open 522 1 0.641928 0.358072 
 ----> open 523 0 0.632476 0.367524 
 ----> open 524 1 0.639064 0.360936 
 ----> open 525 0 0.614601 0.385399 
 ----> open 526 0 0.694744 0.305256 
 ----> open 527 0 0.668615 0.331385 
 ----> open 528 0 0.658073 0.341927 
 ----> open 529 0 0.671467 0.328533 
 ----> open 530 1 0.658641 0.341359 
 ----> open 531 0 0.621418 0.378582 
 ----> open 532 1 0.660102 0.339898 
 ----> open 533 0 0.686699 0.313301 
 ----> open 534 0 0.637408 0.362592 
 ----> open 535 0 0.669076 0.330924 
 ----> open 536 1 0.629971 0.370029 
 ----> open 537 0 0.683865 0.316135 
 ----> open 538 0 0.661106 0.338894 
 ----> open 539 0 0.684359 0.315641 
 ----> open 540 1 0.63157 0.36843 
 ----> open 541 0 0.713847 0.286153 
 ----> open 542 1 0.615267 0.384733 
 ----> open 543 0 0.705255 0.294745 
 ----> open 544 1 0.641533 0.358467 
 ----> open 545 0 0.679708 0.320292 
 ----> open 546 1 0.660217 0.339783 
 ----> open 547 0 0.667054 0.332946 
 ----> open 548 0 0.704312 0.295688 
 ----> open 549 1 0.617469 0.382531 
 ----> open 550 0 0.687648 0.312352 
 ----> open 551 1 0.656473 0.343527 
 ----> open 552 0 0.687169 0.312831 
 ----> open 553 1 0.673098 0.326902 
 ----> open 554 0 0.652808 0.347192 
 ----> open 555 1 0.669349 0.330651 
 ----> open 556 1 0.62879 0.37121 
 ----> open 557 0 0.664645 0.335355 
 ----> open 558 0 0.675133 0.324867 
 ----> open 559 0 0.667732 0.332268 
 ----> open 560 0 0.694464 0.305536 
 ----> open 561 0 0.667007 0.332993 
 ----> open 562 1 0.644841 0.355159 
 ----> open 563 0 0.649627 0.350373 
 ----> open 564 0 0.684161 0.315839 
 ----> open 565 0 0.641165 0.358835 
 ----> open 566 0 0.689031 0.310969 
 ----> open 567 0 0.661653 0.338347 
 ----> open 568 0 0.699149 0.300851 
 ----> open 569 0 0.684398 0.315602 
 ----> open 570 1 0.616085 0.383915 
 ----> open 571 0 0.70084 0.29916 
 ----> open 572 1 0.658679 0.341321 
 ----> open 573 0 0.671121 0.328879 
 ----> open 574 0 0.67509 0.32491 
 ----> open 575 0 0.678975 0.321025 
 ----> open 576 1 0.68279 0.31721 
 ----> open 577 0 0.623507 0.376493 
 ----> open 578 1 0.663922 0.336078 
 ----> open 579 0 0.655014 0.344986 
 ----> open 580 0 0.694924 0.305076 
 ----> open 581 1 0.61024 0.38976 
 ----> open 582 0 0.636122 0.363878 
 ----> open 583 0 0.671621 0.328379 
 ----> open 584 1 0.651465 0.348535 
 ----> open 585 1 0.622595 0.377405 
 ----> open 586 0 0.688176 0.311824 
 ----> open 587 0 0.69079 0.30921 
 ----> open 588 0 0.688149 0.311851 
 ----> open 589 0 0.663276 0.336724 
 ----> open 590 1 0.633683 0.366317 
 ----> open 591 0 0.650762 0.349238 
 ----> open 592 1 0.679101 0.320899 
 ----> open 593 0 0.657328 0.342672 
 ----> open 594 1 0.658639 0.341361 
 ----> open 595 0 0.675223 0.324777 
 ----> open 596 0 0.646962 0.353038 
 ----> open 597 0 0.642483 0.357517 
 ----> open 598 0 0.622676 0.377324 
 ----> open 599 0 0.705041 0.294959 
 ----> open 600 0 0.703589 0.296411 
 ----> open 601 0 0.677635 0.322365 
 ----> open 602 0 0.688159 0.311841 
 ----> open 603 1 0.627445 0.372555 
 ----> open 604 0 0.671167 0.328833 
 ----> open 605 0 0.680487 0.319513 
 ----> open 606 0 0.670779 0.329221 
 ----> open 607 0 0.674814 0.325186 
 ----> open 608 1 0.65729 0.34271 
 ----> open 609 0 0.641303 0.358697 
 ----> open 610 0 0.682217 0.317783 
 ----> open 611 0 0.701655 0.298345 
 ----> open 612 0 0.662403 0.337597 
 ----> open 613 0 0.68141 0.31859 
 ----> open 614 0 0.657298 0.342702 
 ----> open 615 0 0.669687 0.330313 
 ----> open 616 0 0.669247 0.330753 
 ----> open 617 0 0.675941 0.324059 
 ----> open 618 0 0.633853 0.366147 
 ----> open 619 1 0.676785 0.323215 
 ----> open 620 1 0.643501 0.356499 
 ----> open 621 0 0.655074 0.344926 
 ----> open 622 0 0.661399 0.338601 
 ----> open 623 0 0.691431 0.308569 
 ----> open 624 1 0.644379 0.355621 
 ----> open 625 0 0.677705 0.322295 
 ----> open 626 0 0.716458 0.283542 
 ----> open 627 0 0.661996 0.338004 
 ----> open 628 0 0.704717 0.295283 
 ----> open 629 1 0.653029 0.346971 
 ----> open 630 1 0.637412 0.362588 
 ----> open 631 0 0.678207 0.321793 
 ----> open 632 1 0.669337 0.330663 
 ----> open 633 1 0.628421 0.371579 
 ----> open 634 0 0.699769 0.300231 
 ----> open 635 1 0.652542 0.347458 
 ----> open 636 0 0.611158 0.388842 
 ----> open 637 0 0.69547 0.30453 
 ----> open 638 0 0.676625 0.323375 
 ----> open 639 0 0.674529 0.325471 
 ----> open 640 1 0.604042 0.395958 
 ----> open 641 0 0.648551 0.351449 
 ----> open 642 0 0.706624 0.293376 
 ----> open 643 0 0.670096 0.329904 
 ----> open 644 1 0.60736 0.39264 
 ----> open 645 0 0.676905 0.323095 
 ----> open 646 0 0.674122 0.325878 
 ----> open 647 1 0.614529 0.385471 
 ----> open 648 0 0.678487 0.321513 
 ----> open 649 0 0.676874 0.323126 
 ----> open 650 0 0.664871 0.335129 
 ----> open 651 0 0.673026 0.326974 
 ----> open 652 1 0.65911 0.34089 
 ----> open 653 0 0.723235 0.276765 
 ----> open 654 1 0.671407 0.328593 
 ----> open 655 0 0.637734 0.362266 
 ----> open 656 0 0.692183 0.307817 
 ----> open 657 0 0.699746 0.300254 
 ----> open 658 0 0.72128 0.27872 
 ----> open 659 0 0.663523 0.336477 
 ----> open 660 0 0.666782 0.333218 
 ----> open 661 0 0.692096 0.307904 
 ----> open 662 0 0.698476 0.301524 
 ----> open 663 0 0.671532 0.328468 
 ----> open 664 1 0.672004 0.327996 
 ----> open 665 0 0.686044 0.313956 
 ----> open 666 1 0.645319 0.354681 
 ----> open 667 0 0.658223 0.341777 
 ----> open 668 0 0.685058 0.314942 
 ----> open 669 0 0.68724 0.31276 
 ----> open 670 0 0.672794 0.327206 
 ----> open 671 0 0.667788 0.332212 
 ----> open 672 0 0.676153 0.323847 
 ----> open 673 0 0.719707 0.280293 
 ----> open 674 0 0.696941 0.303059 
 ----> open 675 1 0.644198 0.355802 
 ----> open 676 1 0.635598 0.364402 
 ----> open 677 1 0.66786 0.33214 
 ----> open 678 1 0.620248 0.379752 
 ----> open 679 1 0.636355 0.363645 
 ----> open 680 0 0.71012 0.28988 
 ----> open 681 1 0.637689 0.362311 
 ----> open 682 0 0.67007 0.32993 
 ----> open 683 0 0.657151 0.342849 
 ----> open 684 0 0.688454 0.311546 
 ----> open 685 1 0.641851 0.358149 
 ----> open 686 0 0.732536 0.267464 
 ----> open 687 0 0.658125 0.341875 
 ----> open 688 0 0.678203 0.321797 
 ----> open 689 0 0.703354 0.296646 
 ----> open 690 1 0.610583 0.389417 
 ----> open 691 1 0.66664 0.33336 
 ----> open 692 0 0.675769 0.324231 
 ----> open 693 0 0.670382 0.329618 
 ----> open 694 1 0.638308 0.361692 
 ----> open 695 0 0.732778 0.267222 
 ----> open 696 0 0.679098 0.320902 
 ----> open 697 0 0.692877 0.307123 
 ----> open 698 0 0.670427 0.329573 
 ----> open 699 0 0.684904 0.315096 
 ----> open 700 0 0.63594 0.36406 
 ----> open 701 0 0.714217 0.285783 
 ----> open 702 0 0.661838 0.338162 
 ----> open 703 0 0.692456 0.307544 
 ----> open 704 0 0.703826 0.296174 
 ----> open 705 0 0.681034 0.318966 
 ----> open 706 0 0.639514 0.360486 
 ----> open 707 0 0.727052 0.272948 
 ----> open 708 0 0.707111 0.292889 
 ----> open 709 0 0.664326 0.335674 
 ----> open 710 0 0.678252 0.321748 
 ----> open 711 0 0.694562 0.305438 
 ----> open 712 0 0.704203 0.295797 
 ----> open 713 0 0.684194 0.315806 
 ----> open 714 1 0.640212 0.359788 
 ----> open 715 1 0.671687 0.328313 
 ----> open 716 1 0.659324 0.340676 
 ----> open 717 0 0.655009 0.344991 
 ----> open 718 0 0.697071 0.302929 
