 ----> open 1 0 0.90578 0.0942199 
 ----> open 2 1 0.165476 0.834524 
 ----> open 3 0 0.903855 0.0961447 
 ----> open 4 1 0.1661 0.8339 
 ----> open 5 1 0.165796 0.834204 
 ----> open 6 1 0.172344 0.827656 
 ----> open 7 1 0.172606 0.827394 
 ----> open 8 0 0.900356 0.0996439 
 ----> open 9 0 0.886328 0.113672 
 ----> open 10 0 0.885673 0.114327 
 ----> open 11 1 0.202339 0.797661 
 ----> open 12 1 0.20004 0.79996 
 ----> open 13 0 0.876988 0.123012 
 ----> open 14 1 0.876439 0.123561 
 ----> open 15 1 0.212247 0.787753 
 ----> open 16 1 0.223749 0.776251 
 ----> open 17 1 0.222192 0.777808 
 ----> open 18 0 0.228269 0.771731 
 ----> open 19 0 0.868875 0.131125 
 ----> open 20 0 0.86127 0.13873 
 ----> open 21 1 0.864199 0.135801 
 ----> open 22 1 0.22296 0.77704 
 ----> open 23 0 0.871409 0.128591 
 ----> open 24 0 0.872645 0.127355 
 ----> open 25 0 0.871569 0.128431 
 ----> open 26 0 0.865692 0.134308 
 ----> open 27 1 0.237949 0.762051 
 ----> open 28 1 0.247499 0.752501 
 ----> open 29 1 0.248465 0.751535 
 ----> open 30 0 0.856109 0.143891 
 ----> open 31 1 0.851547 0.148453 
 ----> open 32 0 0.852643 0.147357 
 ----> open 33 0 0.833325 0.166675 
 ----> open 34 0 0.836716 0.163284 
 ----> open 35 1 0.301971 0.698029 
 ----> open 36 1 0.304067 0.695933 
 ----> open 37 0 0.82449 0.17551 
 ----> open 38 0 0.814904 0.185096 
 ----> open 39 0 0.81452 0.18548 
 ----> open 40 0 0.806145 0.193855 
 ----> open 41 1 0.342236 0.657764 
 ----> open 42 1 0.355207 0.644793 
 ----> open 43 1 0.352168 0.647832 
 ----> open 44 0 0.812328 0.187672 
 ----> open 45 1 0.350372 0.649628 
 ----> open 46 1 0.37179 0.62821 
 ----> open 47 0 0.813438 0.186562 
 ----> open 48 0 0.386529 0.613471 
 ----> open 49 1 0.383063 0.616937 
 ----> open 50 1 0.372102 0.627898 
 ----> open 51 1 0.381756 0.618244 
 ----> open 52 0 0.788057 0.211943 
 ----> open 53 1 0.37524 0.62476 
 ----> open 54 0 0.792433 0.207567 
 ----> open 55 0 0.787554 0.212446 
 ----> open 56 0 0.801179 0.198821 
 ----> open 57 1 0.378102 0.621898 
 ----> open 58 1 0.377994 0.622006 
 ----> open 59 0 0.776223 0.223777 
 ----> open 60 1 0.383363 0.616637 
 ----> open 61 0 0.793109 0.206891 
 ----> open 62 0 0.802406 0.197594 
 ----> open 63 0 0.806452 0.193548 
 ----> open 64 1 0.370937 0.629063 
 ----> open 65 1 0.382849 0.617151 
 ----> open 66 0 0.780551 0.219449 
 ----> open 67 0 0.791699 0.208301 
 ----> open 68 1 0.391285 0.608715 
 ----> open 69 0 0.407724 0.592276 
 ----> open 70 0 0.799223 0.200777 
 ----> open 71 1 0.38317 0.61683 
 ----> open 72 1 0.397294 0.602706 
 ----> open 73 0 0.374245 0.625755 
 ----> open 74 1 0.79229 0.20771 
 ----> open 75 0 0.80101 0.19899 
 ----> open 76 0 0.800918 0.199082 
 ----> open 77 1 0.390572 0.609428 
 ----> open 78 0 0.797605 0.202395 
 ----> open 79 1 0.3796 0.6204 
 ----> open 80 0 0.786668 0.213332 
 ----> open 81 0 0.395524 0.604476 
 ----> open 82 1 0.393394 0.606606 
 ----> open 83 1 0.38614 0.61386 
 ----> open 84 1 0.3854 0.6146 
 ----> open 85 0 0.392371 0.607629 
 ----> open 86 1 0.765279 0.234721 
 ----> open 87 0 0.787074 0.212926 
 ----> open 88 1 0.392888 0.607112 
 ----> open 89 1 0.376549 0.623451 
 ----> open 90 0 0.39265 0.60735 
 ----> open 91 1 0.385584 0.614416 
 ----> open 92 1 0.388707 0.611293 
 ----> open 93 0 0.775842 0.224158 
 ----> open 94 0 0.795898 0.204102 
 ----> open 95 1 0.39885 0.60115 
 ----> open 96 0 0.778901 0.221099 
 ----> open 97 0 0.775028 0.224972 
 ----> open 98 1 0.374003 0.625997 
 ----> open 99 1 0.379977 0.620023 
 ----> open 100 1 0.384151 0.615849 
 ----> open 101 0 0.7741 0.2259 
 ----> open 102 1 0.400828 0.599172 
 ----> open 103 0 0.823269 0.176731 
 ----> open 104 0 0.79912 0.20088 
 ----> open 105 0 0.802046 0.197954 
 ----> open 106 1 0.389405 0.610595 
 ----> open 107 0 0.774679 0.225321 
 ----> open 108 0 0.784897 0.215103 
 ----> open 109 0 0.775345 0.224655 
 ----> open 110 0 0.805972 0.194028 
 ----> open 111 1 0.389732 0.610268 
 ----> open 112 0 0.789971 0.210029 
 ----> open 113 0 0.803066 0.196934 
 ----> open 114 1 0.375898 0.624102 
 ----> open 115 1 0.392339 0.607661 
 ----> open 116 0 0.827392 0.172608 
 ----> open 117 0 0.79892 0.20108 
 ----> open 118 1 0.408253 0.591747 
 ----> open 119 1 0.398337 0.601663 
 ----> open 120 1 0.332805 0.667195 
 ----> open 121 0 0.793839 0.206161 
 ----> open 122 1 0.807059 0.192941 
 ----> open 123 1 0.402667 0.597333 
 ----> open 124 1 0.403011 0.596989 
 ----> open 125 0 0.774383 0.225617 
 ----> open 126 1 0.378274 0.621726 
 ----> open 127 0 0.776411 0.223589 
 ----> open 128 0 0.774537 0.225463 
 ----> open 129 0 0.787046 0.212954 
 ----> open 130 1 0.378061 0.621939 
 ----> open 131 0 0.790813 0.209187 
 ----> open 132 0 0.799059 0.200941 
 ----> open 133 0 0.798001 0.201999 
 ----> open 134 1 0.36735 0.63265 
 ----> open 135 1 0.394031 0.605969 
 ----> open 136 1 0.402968 0.597032 
 ----> open 137 0 0.783653 0.216347 
 ----> open 138 1 0.384239 0.615761 
 ----> open 139 0 0.794744 0.205256 
 ----> open 140 0 0.767594 0.232406 
 ----> open 141 1 0.385643 0.614357 
 ----> open 142 0 0.77722 0.22278 
 ----> open 143 1 0.365776 0.634224 
 ----> open 144 0 0.807779 0.192221 
 ----> open 145 1 0.387069 0.612931 
 ----> open 146 0 0.809147 0.190853 
 ----> open 147 0 0.800908 0.199092 
 ----> open 148 0 0.795865 0.204135 
 ----> open 149 1 0.779008 0.220992 
 ----> open 150 1 0.362836 0.637164 
 ----> open 151 1 0.409428 0.590572 
 ----> open 152 1 0.371942 0.628058 
 ----> open 153 0 0.79666 0.20334 
 ----> open 154 0 0.802472 0.197528 
 ----> open 155 1 0.787771 0.212229 
 ----> open 156 0 0.405955 0.594045 
 ----> open 157 1 0.387295 0.612705 
 ----> open 158 1 0.393516 0.606484 
 ----> open 159 1 0.766906 0.233094 
 ----> open 160 0 0.399991 0.600009 
 ----> open 161 0 0.796524 0.203476 
 ----> open 162 0 0.792208 0.207792 
 ----> open 163 1 0.400147 0.599853 
 ----> open 164 1 0.366403 0.633597 
 ----> open 165 1 0.379224 0.620776 
 ----> open 166 1 0.380355 0.619645 
 ----> open 167 0 0.790167 0.209833 
 ----> open 168 1 0.37008 0.62992 
 ----> open 169 0 0.7988 0.2012 
 ----> open 170 0 0.808279 0.191721 
 ----> open 171 1 0.40046 0.59954 
 ----> open 172 1 0.367679 0.632321 
 ----> open 173 1 0.760356 0.239644 
 ----> open 174 1 0.372036 0.627964 
 ----> open 175 1 0.768117 0.231883 
 ----> open 176 0 0.386698 0.613302 
 ----> open 177 0 0.790413 0.209587 
 ----> open 178 0 0.792253 0.207747 
 ----> open 179 1 0.390943 0.609057 
 ----> open 180 0 0.786736 0.213264 
 ----> open 181 0 0.769079 0.230921 
 ----> open 182 0 0.783173 0.216827 
 ----> open 183 0 0.791766 0.208234 
 ----> open 184 1 0.362489 0.637511 
 ----> open 185 1 0.391088 0.608912 
 ----> open 186 0 0.772552 0.227448 
 ----> open 187 0 0.777599 0.222401 
 ----> open 188 1 0.787949 0.212051 
 ----> open 189 0 0.430179 0.569821 
 ----> open 190 1 0.368275 0.631725 
 ----> open 191 1 0.78043 0.21957 
 ----> open 192 0 0.79458 0.20542 
 ----> open 193 1 0.384449 0.615551 
 ----> open 194 0 0.790823 0.209177 
 ----> open 195 0 0.788463 0.211537 
 ----> open 196 0 0.794743 0.205257 
 ----> open 197 1 0.409604 0.590396 
 ----> open 198 0 0.764833 0.235167 
 ----> open 199 0 0.780924 0.219076 
 ----> open 200 0 0.773371 0.226629 
 ----> open 201 1 0.762819 0.237181 
 ----> open 202 0 0.790278 0.209722 
 ----> open 203 0 0.808565 0.191435 
 ----> open 204 1 0.381654 0.618346 
 ----> open 205 1 0.395771 0.604229 
 ----> open 206 0 0.791058 0.208942 
 ----> open 207 0 0.398765 0.601235 
 ----> open 208 1 0.37532 0.62468 
 ----> open 209 0 0.819332 0.180668 
 ----> open 210 0 0.805355 0.194645 
 ----> open 211 0 0.82531 0.17469 
 ----> open 212 0 0.784037 0.215963 
 ----> open 213 0 0.805184 0.194816 
 ----> open 214 1 0.351026 0.648974 
 ----> open 215 0 0.800717 0.199283 
 ----> open 216 1 0.410361 0.589639 
 ----> open 217 0 0.790292 0.209708 
 ----> open 218 1 0.390152 0.609848 
 ----> open 219 0 0.795316 0.204684 
 ----> open 220 0 0.786693 0.213307 
 ----> open 221 0 0.804999 0.195001 
 ----> open 222 0 0.803383 0.196617 
 ----> open 223 1 0.36165 0.63835 
 ----> open 224 0 0.389255 0.610745 
 ----> open 225 0 0.836368 0.163632 
 ----> open 226 1 0.346288 0.653712 
 ----> open 227 1 0.382308 0.617692 
 ----> open 228 0 0.816076 0.183924 
 ----> open 229 1 0.785818 0.214182 
 ----> open 230 0 0.796103 0.203897 
 ----> open 231 0 0.775349 0.224651 
 ----> open 232 1 0.785959 0.214041 
 ----> open 233 1 0.390712 0.609288 
 ----> open 234 0 0.802681 0.197319 
 ----> open 235 0 0.791376 0.208624 
 ----> open 236 1 0.772418 0.227582 
 ----> open 237 0 0.40661 0.59339 
 ----> open 238 0 0.795677 0.204323 
 ----> open 239 0 0.795585 0.204415 
 ----> open 240 0 0.795577 0.204423 
 ----> open 241 1 0.401323 0.598677 
 ----> open 242 0 0.801453 0.198547 
 ----> open 243 1 0.391426 0.608574 
 ----> open 244 0 0.797798 0.202202 
 ----> open 245 1 0.385884 0.614116 
 ----> open 246 1 0.384134 0.615866 
 ----> open 247 0 0.823178 0.176822 
 ----> open 248 0 0.788027 0.211973 
 ----> open 249 1 0.398117 0.601883 
 ----> open 250 0 0.386843 0.613157 
 ----> open 251 0 0.800255 0.199745 
 ----> open 252 0 0.795217 0.204783 
 ----> open 253 0 0.803372 0.196628 
 ----> open 254 1 0.389195 0.610805 
 ----> open 255 0 0.796038 0.203962 
 ----> open 256 1 0.347504 0.652496 
 ----> open 257 1 0.761077 0.238923 
 ----> open 258 0 0.799942 0.200058 
 ----> open 259 0 0.821502 0.178498 
 ----> open 260 1 0.763177 0.236823 
 ----> open 261 1 0.39826 0.60174 
 ----> open 262 1 0.392292 0.607708 
 ----> open 263 0 0.803902 0.196098 
 ----> open 264 1 0.400425 0.599575 
 ----> open 265 1 0.375975 0.624025 
 ----> open 266 1 0.371802 0.628198 
 ----> open 267 0 0.801303 0.198697 
 ----> open 268 0 0.803206 0.196794 
 ----> open 269 0 0.380712 0.619288 
 ----> open 270 0 0.783277 0.216723 
 ----> open 271 1 0.408053 0.591947 
 ----> open 272 1 0.406266 0.593734 
 ----> open 273 0 0.802404 0.197596 
 ----> open 274 0 0.802335 0.197665 
 ----> open 275 0 0.36784 0.63216 
 ----> open 276 0 0.369584 0.630416 
 ----> open 277 0 0.779987 0.220013 
 ----> open 278 0 0.794744 0.205256 
 ----> open 279 0 0.771264 0.228736 
 ----> open 280 1 0.408042 0.591958 
 ----> open 281 1 0.337939 0.662061 
 ----> open 282 0 0.79025 0.20975 
 ----> open 283 1 0.385183 0.614817 
 ----> open 284 1 0.371626 0.628374 
 ----> open 285 0 0.408157 0.591843 
 ----> open 286 0 0.796601 0.203399 
 ----> open 287 0 0.792535 0.207465 
 ----> open 288 1 0.789693 0.210307 
 ----> open 289 1 0.777959 0.222041 
 ----> open 290 0 0.801183 0.198817 
 ----> open 291 0 0.801018 0.198982 
 ----> open 292 1 0.371721 0.628279 
 ----> open 293 0 0.805576 0.194424 
 ----> open 294 0 0.387305 0.612695 
 ----> open 295 1 0.377725 0.622275 
 ----> open 296 0 0.773989 0.226011 
 ----> open 297 0 0.802672 0.197328 
 ----> open 298 1 0.748872 0.251128 
 ----> open 299 0 0.396965 0.603035 
 ----> open 300 1 0.777102 0.222898 
 ----> open 301 0 0.796689 0.203311 
 ----> open 302 0 0.765183 0.234817 
 ----> open 303 0 0.778958 0.221042 
 ----> open 304 0 0.831181 0.168819 
 ----> open 305 1 0.749957 0.250043 
 ----> open 306 0 0.786001 0.213999 
 ----> open 307 0 0.817979 0.182021 
 ----> open 308 0 0.383685 0.616315 
 ----> open 309 1 0.768822 0.231178 
 ----> open 310 1 0.376907 0.623093 
 ----> open 311 0 0.78867 0.21133 
 ----> open 312 0 0.798253 0.201747 
 ----> open 313 0 0.8087 0.1913 
 ----> open 314 1 0.368015 0.631985 
 ----> open 315 0 0.795057 0.204943 
 ----> open 316 0 0.808506 0.191494 
 ----> open 317 0 0.783544 0.216456 
 ----> open 318 0 0.799427 0.200573 
 ----> open 319 0 0.796236 0.203764 
 ----> open 320 0 0.798484 0.201516 
 ----> open 321 0 0.793001 0.206999 
 ----> open 322 0 0.386948 0.613052 
 ----> open 323 1 0.390074 0.609926 
 ----> open 324 0 0.792454 0.207546 
 ----> open 325 0 0.79756 0.20244 
 ----> open 326 0 0.797496 0.202504 
 ----> open 327 1 0.40664 0.59336 
 ----> open 328 1 0.359974 0.640026 
 ----> open 329 0 0.784267 0.215733 
 ----> open 330 0 0.795669 0.204331 
 ----> open 331 0 0.795629 0.204371 
 ----> open 332 0 0.786216 0.213784 
 ----> open 333 0 0.769052 0.230948 
 ----> open 334 1 0.387517 0.612483 
 ----> open 335 1 0.390551 0.609449 
 ----> open 336 1 0.780796 0.219204 
 ----> open 337 1 0.381718 0.618282 
 ----> open 338 1 0.386676 0.613324 
 ----> open 339 0 0.408263 0.591737 
 ----> open 340 0 0.793657 0.206343 
 ----> open 341 0 0.794386 0.205614 
 ----> open 342 1 0.391645 0.608355 
 ----> open 343 1 0.380137 0.619863 
 ----> open 344 0 0.828067 0.171933 
 ----> open 345 0 0.797472 0.202528 
 ----> open 346 0 0.797823 0.202177 
 ----> open 347 0 0.81992 0.18008 
 ----> open 348 1 0.373478 0.626522 
 ----> open 349 0 0.784648 0.215352 
 ----> open 350 0 0.795768 0.204232 
 ----> open 351 1 0.401614 0.598386 
 ----> open 352 0 0.782651 0.217349 
 ----> open 353 0 0.784073 0.215927 
 ----> open 354 0 0.811436 0.188564 
 ----> open 355 0 0.805168 0.194832 
 ----> open 356 1 0.792723 0.207277 
 ----> open 357 0 0.781411 0.218589 
 ----> open 358 1 0.369732 0.630268 
 ----> open 359 0 0.796647 0.203353 
 ----> open 360 0 0.824007 0.175993 
 ----> open 361 0 0.774963 0.225037 
 ----> open 362 0 0.802334 0.197666 
 ----> open 363 1 0.405827 0.594173 
 ----> open 364 0 0.791958 0.208042 
 ----> open 365 0 0.791645 0.208355 
 ----> open 366 0 0.768174 0.231826 
 ----> open 367 1 0.392081 0.607919 
 ----> open 368 0 0.797506 0.202494 
 ----> open 369 0 0.808178 0.191822 
 ----> open 370 0 0.788324 0.211676 
 ----> open 371 1 0.388682 0.611318 
 ----> open 372 0 0.806435 0.193565 
 ----> open 373 0 0.79722 0.20278 
 ----> open 374 0 0.79345 0.20655 
 ----> open 375 0 0.79474 0.20526 
 ----> open 376 1 0.390875 0.609125 
 ----> open 377 0 0.7829 0.2171 
 ----> open 378 0 0.772953 0.227047 
 ----> open 379 1 0.393269 0.606731 
 ----> open 380 0 0.775262 0.224738 
 ----> open 381 0 0.809269 0.190731 
 ----> open 382 0 0.782334 0.217666 
 ----> open 383 0 0.800931 0.199069 
 ----> open 384 0 0.802814 0.197186 
 ----> open 385 0 0.790403 0.209597 
 ----> open 386 1 0.382218 0.617782 
 ----> open 387 0 0.783243 0.216757 
 ----> open 388 1 0.400821 0.599179 
 ----> open 389 1 0.383321 0.616679 
 ----> open 390 0 0.791235 0.208765 
 ----> open 391 0 0.783634 0.216366 
 ----> open 392 0 0.789438 0.210562 
 ----> open 393 0 0.399706 0.600294 
 ----> open 394 1 0.390679 0.609321 
 ----> open 395 0 0.775829 0.224171 
 ----> open 396 0 0.799459 0.200541 
 ----> open 397 0 0.796661 0.203339 
 ----> open 398 0 0.813027 0.186973 
 ----> open 399 1 0.395585 0.604415 
 ----> open 400 1 0.395712 0.604288 
 ----> open 401 1 0.385809 0.614191 
 ----> open 402 0 0.770736 0.229264 
 ----> open 403 0 0.781069 0.218931 
 ----> open 404 0 0.782252 0.217748 
 ----> open 405 0 0.801537 0.198463 
 ----> open 406 1 0.786286 0.213714 
 ----> open 407 1 0.390118 0.609882 
 ----> open 408 0 0.385778 0.614222 
 ----> open 409 0 0.791214 0.208786 
 ----> open 410 0 0.402445 0.597555 
 ----> open 411 0 0.796664 0.203336 
 ----> open 412 0 0.795915 0.204085 
 ----> open 413 0 0.401785 0.598215 
 ----> open 414 1 0.380749 0.619251 
 ----> open 415 1 0.765754 0.234246 
 ----> open 416 1 0.405628 0.594372 
 ----> open 417 0 0.795918 0.204082 
 ----> open 418 0 0.782588 0.217412 
 ----> open 419 1 0.397854 0.602146 
 ----> open 420 0 0.809141 0.190859 
 ----> open 421 0 0.784606 0.215394 
 ----> open 422 0 0.801604 0.198396 
 ----> open 423 0 0.796456 0.203544 
 ----> open 424 0 0.81909 0.18091 
 ----> open 425 0 0.813552 0.186448 
 ----> open 426 0 0.795637 0.204363 
 ----> open 427 1 0.391655 0.608345 
 ----> open 428 0 0.77904 0.22096 
 ----> open 429 0 0.788422 0.211578 
 ----> open 430 0 0.785076 0.214924 
 ----> open 431 0 0.796366 0.203634 
 ----> open 432 0 0.801451 0.198549 
 ----> open 433 0 0.80352 0.19648 
 ----> open 434 0 0.800582 0.199418 
 ----> open 435 1 0.766293 0.233707 
 ----> open 436 1 0.395925 0.604075 
 ----> open 437 0 0.783048 0.216952 
 ----> open 438 0 0.795174 0.204826 
 ----> open 439 0 0.791963 0.208037 
 ----> open 440 1 0.762989 0.237011 
 ----> open 441 0 0.802055 0.197945 
 ----> open 442 0 0.788188 0.211812 
 ----> open 443 0 0.798211 0.201789 
 ----> open 444 0 0.797409 0.202591 
 ----> open 445 0 0.805337 0.194663 
 ----> open 446 1 0.383332 0.616668 
 ----> open 447 0 0.808346 0.191654 
 ----> open 448 0 0.79663 0.20337 
 ----> open 449 0 0.788456 0.211544 
 ----> open 450 0 0.798685 0.201315 
 ----> open 451 0 0.779981 0.220019 
 ----> open 452 0 0.797361 0.202639 
 ----> open 453 0 0.810099 0.189901 
 ----> open 454 0 0.783944 0.216056 
 ----> open 455 0 0.399131 0.600869 
 ----> open 456 0 0.779416 0.220584 
 ----> open 457 0 0.791966 0.208034 
 ----> open 458 0 0.788009 0.211991 
 ----> open 459 1 0.407304 0.592696 
 ----> open 460 0 0.780373 0.219627 
 ----> open 461 0 0.799085 0.200915 
 ----> open 462 0 0.414235 0.585765 
 ----> open 463 0 0.780692 0.219308 
 ----> open 464 0 0.797352 0.202648 
 ----> open 465 0 0.79302 0.20698 
 ----> open 466 0 0.794419 0.205581 
 ----> open 467 1 0.784922 0.215078 
 ----> open 468 1 0.395113 0.604887 
 ----> open 469 0 0.790429 0.209571 
 ----> open 470 0 0.817823 0.182177 
 ----> open 471 1 0.370741 0.629259 
 ----> open 472 1 0.391836 0.608164 
 ----> open 473 0 0.804621 0.195379 
 ----> open 474 1 0.39783 0.60217 
 ----> open 475 0 0.790474 0.209526 
 ----> open 476 0 0.796168 0.203832 
 ----> open 477 0 0.795034 0.204966 
 ----> open 478 1 0.407084 0.592916 
 ----> open 479 0 0.810907 0.189093 
 ----> open 480 0 0.392501 0.607499 
 ----> open 481 0 0.791964 0.208036 
 ----> open 482 0 0.800514 0.199486 
 ----> open 483 0 0.782028 0.217972 
 ----> open 484 1 0.405362 0.594638 
 ----> open 485 0 0.794496 0.205504 
 ----> open 486 0 0.801897 0.198103 
 ----> open 487 0 0.783537 0.216463 
 ----> open 488 0 0.792852 0.207148 
 ----> open 489 1 0.383374 0.616626 
 ----> open 490 1 0.379045 0.620955 
 ----> open 491 0 0.794846 0.205154 
 ----> open 492 1 0.378227 0.621773 
 ----> open 493 0 0.794222 0.205778 
 ----> open 494 0 0.795254 0.204746 
 ----> open 495 0 0.811576 0.188424 
 ----> open 496 1 0.406645 0.593355 
 ----> open 497 0 0.801599 0.198401 
 ----> open 498 0 0.784139 0.215861 
 ----> open 499 0 0.807926 0.192074 
 ----> open 500 0 0.400087 0.599913 
 ----> open 501 1 0.378451 0.621549 
 ----> open 502 0 0.798189 0.201811 
 ----> open 503 0 0.798062 0.201938 
 ----> open 504 1 0.7683 0.2317 
 ----> open 505 0 0.806341 0.193659 
 ----> open 506 0 0.795902 0.204098 
 ----> open 507 0 0.78896 0.21104 
 ----> open 508 0 0.795619 0.204381 
 ----> open 509 1 0.408707 0.591293 
 ----> open 510 1 0.376938 0.623062 
 ----> open 511 0 0.803328 0.196672 
 ----> open 512 0 0.782371 0.217629 
 ----> open 513 0 0.7994 0.2006 
 ----> open 514 0 0.392712 0.607288 
 ----> open 515 1 0.393817 0.606183 
 ----> open 516 0 0.81807 0.18193 
 ----> open 517 1 0.749905 0.250095 
 ----> open 518 1 0.389019 0.610981 
 ----> open 519 0 0.792332 0.207668 
 ----> open 520 0 0.770091 0.229909 
 ----> open 521 1 0.367059 0.632941 
 ----> open 522 1 0.393909 0.606091 
 ----> open 523 0 0.793431 0.206569 
 ----> open 524 1 0.411067 0.588933 
 ----> open 525 0 0.7921 0.2079 
 ----> open 526 0 0.791545 0.208455 
 ----> open 527 0 0.793944 0.206056 
 ----> open 528 0 0.778308 0.221692 
 ----> open 529 0 0.782037 0.217963 
 ----> open 530 1 0.34845 0.65155 
 ----> open 531 0 0.7821 0.2179 
 ----> open 532 1 0.399739 0.600261 
 ----> open 533 0 0.80261 0.19739 
 ----> open 534 0 0.797088 0.202912 
 ----> open 535 0 0.784377 0.215623 
 ----> open 536 1 0.383987 0.616013 
 ----> open 537 0 0.780659 0.219341 
 ----> open 538 0 0.797108 0.202892 
 ----> open 539 0 0.802523 0.197477 
 ----> open 540 1 0.408253 0.591747 
 ----> open 541 0 0.820819 0.179181 
 ----> open 542 1 0.377319 0.622681 
 ----> open 543 0 0.777158 0.222842 
 ----> open 544 1 0.372653 0.627347 
 ----> open 545 0 0.784786 0.215214 
 ----> open 546 1 0.388811 0.611189 
 ----> open 547 0 0.812435 0.187565 
 ----> open 548 0 0.771436 0.228564 
 ----> open 549 1 0.389481 0.610519 
 ----> open 550 0 0.822804 0.177196 
 ----> open 551 1 0.748075 0.251925 
 ----> open 552 0 0.773941 0.226059 
 ----> open 553 1 0.366678 0.633322 
 ----> open 554 0 0.392919 0.607081 
 ----> open 555 1 0.389308 0.610692 
 ----> open 556 1 0.394626 0.605374 
 ----> open 557 0 0.793197 0.206803 
 ----> open 558 0 0.799747 0.200253 
 ----> open 559 0 0.789548 0.210452 
 ----> open 560 0 0.799853 0.200147 
 ----> open 561 0 0.778774 0.221226 
 ----> open 562 1 0.383487 0.616513 
 ----> open 563 0 0.773991 0.226009 
 ----> open 564 0 0.777241 0.222759 
 ----> open 565 0 0.787795 0.212205 
 ----> open 566 0 0.790848 0.209152 
 ----> open 567 0 0.795268 0.204732 
 ----> open 568 0 0.788582 0.211418 
 ----> open 569 0 0.808053 0.191947 
 ----> open 570 1 0.39172 0.60828 
 ----> open 571 0 0.790889 0.209111 
 ----> open 572 1 0.368842 0.631158 
 ----> open 573 0 0.785478 0.214522 
 ----> open 574 0 0.797314 0.202686 
 ----> open 575 0 0.791452 0.208548 
 ----> open 576 1 0.405978 0.594022 
 ----> open 577 0 0.804273 0.195727 
 ----> open 578 1 0.378077 0.621923 
 ----> open 579 0 0.814453 0.185547 
 ----> open 580 0 0.796171 0.203829 
 ----> open 581 1 0.378763 0.621237 
 ----> open 582 0 0.798833 0.201167 
 ----> open 583 0 0.801596 0.198404 
 ----> open 584 1 0.392926 0.607074 
 ----> open 585 1 0.788367 0.211633 
 ----> open 586 0 0.801745 0.198255 
 ----> open 587 0 0.789929 0.210071 
 ----> open 588 0 0.788445 0.211555 
 ----> open 589 0 0.800652 0.199348 
 ----> open 590 1 0.400124 0.599876 
 ----> open 591 0 0.801587 0.198413 
 ----> open 592 1 0.39416 0.60584 
 ----> open 593 0 0.413292 0.586708 
 ----> open 594 1 0.781963 0.218037 
 ----> open 595 0 0.802894 0.197106 
 ----> open 596 0 0.804282 0.195718 
 ----> open 597 0 0.794641 0.205359 
 ----> open 598 0 0.767945 0.232055 
 ----> open 599 0 0.786061 0.213939 
 ----> open 600 0 0.794623 0.205377 
 ----> open 601 0 0.791066 0.208934 
 ----> open 602 0 0.795613 0.204387 
 ----> open 603 1 0.398459 0.601541 
 ----> open 604 0 0.784987 0.215013 
 ----> open 605 0 0.811959 0.188041 
 ----> open 606 0 0.787339 0.212661 
 ----> open 607 0 0.803386 0.196614 
 ----> open 608 1 0.385936 0.614064 
 ----> open 609 0 0.812187 0.187813 
 ----> open 610 0 0.815217 0.184783 
 ----> open 611 0 0.797667 0.202333 
 ----> open 612 0 0.796067 0.203933 
 ----> open 613 0 0.777092 0.222908 
 ----> open 614 0 0.790391 0.209609 
 ----> open 615 0 0.832158 0.167842 
 ----> open 616 0 0.78851 0.21149 
 ----> open 617 0 0.790109 0.209891 
 ----> open 618 0 0.781559 0.218441 
 ----> open 619 1 0.76832 0.23168 
 ----> open 620 1 0.387545 0.612455 
 ----> open 621 0 0.806367 0.193633 
 ----> open 622 0 0.784995 0.215005 
 ----> open 623 0 0.795692 0.204308 
 ----> open 624 1 0.391867 0.608133 
 ----> open 625 0 0.809253 0.190747 
 ----> open 626 0 0.808362 0.191638 
 ----> open 627 0 0.799212 0.200788 
 ----> open 628 0 0.805942 0.194058 
 ----> open 629 1 0.411021 0.588979 
 ----> open 630 1 0.79589 0.20411 
 ----> open 631 0 0.791619 0.208381 
 ----> open 632 1 0.389978 0.610022 
 ----> open 633 1 0.394244 0.605756 
 ----> open 634 0 0.795262 0.204738 
 ----> open 635 1 0.394431 0.605569 
 ----> open 636 0 0.805894 0.194106 
 ----> open 637 0 0.394203 0.605797 
 ----> open 638 0 0.78847 0.21153 
 ----> open 639 0 0.786708 0.213292 
 ----> open 640 1 0.389751 0.610249 
 ----> open 641 0 0.823442 0.176558 
 ----> open 642 0 0.809737 0.190263 
 ----> open 643 0 0.807007 0.192993 
 ----> open 644 1 0.754247 0.245753 
 ----> open 645 0 0.780697 0.219303 
 ----> open 646 0 0.793405 0.206595 
 ----> open 647 1 0.377553 0.622447 
 ----> open 648 0 0.803281 0.196719 
 ----> open 649 0 0.802744 0.197256 
 ----> open 650 0 0.795885 0.204115 
 ----> open 651 0 0.818955 0.181045 
 ----> open 652 1 0.394415 0.605585 
 ----> open 653 0 0.791188 0.208812 
 ----> open 654 1 0.405056 0.594944 
 ----> open 655 0 0.810193 0.189807 
 ----> open 656 0 0.795349 0.204651 
 ----> open 657 0 0.797666 0.202334 
 ----> open 658 0 0.783608 0.216392 
 ----> open 659 0 0.784158 0.215842 
 ----> open 660 0 0.79667 0.20333 
 ----> open 661 0 0.768691 0.231309 
 ----> open 662 0 0.803748 0.196252 
 ----> open 663 0 0.794404 0.205596 
 ----> open 664 1 0.406197 0.593803 
 ----> open 665 0 0.404091 0.595909 
 ----> open 666 1 0.78682 0.21318 
 ----> open 667 0 0.804975 0.195025 
 ----> open 668 0 0.786166 0.213834 
 ----> open 669 0 0.423349 0.576651 
 ----> open 670 0 0.79142 0.20858 
 ----> open 671 0 0.804604 0.195396 
 ----> open 672 0 0.754567 0.245433 
 ----> open 673 0 0.780158 0.219842 
 ----> open 674 0 0.821385 0.178615 
 ----> open 675 1 0.37737 0.62263 
 ----> open 676 1 0.386025 0.613975 
 ----> open 677 1 0.778233 0.221767 
 ----> open 678 1 0.389303 0.610697 
 ----> open 679 1 0.385091 0.614909 
 ----> open 680 0 0.782652 0.217348 
 ----> open 681 1 0.416964 0.583036 
 ----> open 682 0 0.813662 0.186338 
 ----> open 683 0 0.776498 0.223502 
 ----> open 684 0 0.781533 0.218467 
 ----> open 685 1 0.789267 0.210733 
 ----> open 686 0 0.794455 0.205545 
 ----> open 687 0 0.803936 0.196064 
 ----> open 688 0 0.8071 0.1929 
 ----> open 689 0 0.781542 0.218458 
 ----> open 690 1 0.777684 0.222316 
 ----> open 691 1 0.365983 0.634017 
 ----> open 692 0 0.78214 0.21786 
 ----> open 693 0 0.802681 0.197319 
 ----> open 694 1 0.404579 0.595421 
 ----> open 695 0 0.799996 0.200004 
 ----> open 696 0 0.80057 0.19943 
 ----> open 697 0 0.786523 0.213477 
 ----> open 698 0 0.834412 0.165588 
 ----> open 699 0 0.404856 0.595144 
 ----> open 700 0 0.824244 0.175756 
 ----> open 701 0 0.41908 0.58092 
 ----> open 702 0 0.796111 0.203889 
 ----> open 703 0 0.793835 0.206165 
 ----> open 704 0 0.789089 0.210911 
 ----> open 705 0 0.803435 0.196565 
 ----> open 706 0 0.781314 0.218686 
 ----> open 707 0 0.76529 0.23471 
 ----> open 708 0 0.800745 0.199255 
 ----> open 709 0 0.777108 0.222892 
 ----> open 710 0 0.791966 0.208034 
 ----> open 711 0 0.793484 0.206516 
 ----> open 712 0 0.802439 0.197561 
 ----> open 713 0 0.810358 0.189642 
 ----> open 714 1 0.398983 0.601017 
 ----> open 715 1 0.421402 0.578598 
 ----> open 716 1 0.412926 0.587074 
 ----> open 717 0 0.395897 0.604103 
 ----> open 718 0 0.79585 0.20415 
