 ----> open 1 0 0.906182 0.0938181 
 ----> open 2 1 0.155739 0.844261 
 ----> open 3 0 0.906182 0.0938181 
 ----> open 4 1 0.155739 0.844261 
 ----> open 5 1 0.190129 0.809871 
 ----> open 6 1 0.189693 0.810307 
 ----> open 7 1 0.201929 0.798071 
 ----> open 8 0 0.867812 0.132188 
 ----> open 9 0 0.866083 0.133917 
 ----> open 10 0 0.86492 0.13508 
 ----> open 11 1 0.232175 0.767825 
 ----> open 12 1 0.225305 0.774695 
 ----> open 13 0 0.852041 0.147959 
 ----> open 14 1 0.839294 0.160706 
 ----> open 15 1 0.270202 0.729798 
 ----> open 16 1 0.292736 0.707264 
 ----> open 17 1 0.285434 0.714566 
 ----> open 18 0 0.301326 0.698674 
 ----> open 19 0 0.812517 0.187483 
 ----> open 20 0 0.819259 0.180741 
 ----> open 21 1 0.816329 0.183671 
 ----> open 22 1 0.290783 0.709217 
 ----> open 23 0 0.806727 0.193273 
 ----> open 24 0 0.820326 0.179674 
 ----> open 25 0 0.820678 0.179322 
 ----> open 26 0 0.823731 0.176269 
 ----> open 27 1 0.312955 0.687045 
 ----> open 28 1 0.335249 0.664751 
 ----> open 29 1 0.352175 0.647825 
 ----> open 30 0 0.798972 0.201028 
 ----> open 31 1 0.787863 0.212137 
 ----> open 32 0 0.805334 0.194666 
 ----> open 33 0 0.805974 0.194026 
 ----> open 34 0 0.779965 0.220035 
 ----> open 35 1 0.343447 0.656553 
 ----> open 36 1 0.345541 0.654459 
 ----> open 37 0 0.803836 0.196164 
 ----> open 38 0 0.814368 0.185632 
 ----> open 39 0 0.801847 0.198153 
 ----> open 40 0 0.799376 0.200624 
 ----> open 41 1 0.381802 0.618198 
 ----> open 42 1 0.382216 0.617784 
 ----> open 43 1 0.369211 0.630789 
 ----> open 44 0 0.784007 0.215993 
 ----> open 45 1 0.379653 0.620347 
 ----> open 46 1 0.385631 0.614369 
 ----> open 47 0 0.785518 0.214482 
 ----> open 48 0 0.401216 0.598784 
 ----> open 49 1 0.390251 0.609749 
 ----> open 50 1 0.402785 0.597215 
 ----> open 51 1 0.39981 0.60019 
 ----> open 52 0 0.78718 0.21282 
 ----> open 53 1 0.405847 0.594153 
 ----> open 54 0 0.776408 0.223592 
 ----> open 55 0 0.778885 0.221115 
 ----> open 56 0 0.772035 0.227965 
 ----> open 57 1 0.381381 0.618619 
 ----> open 58 1 0.370247 0.629753 
 ----> open 59 0 0.790736 0.209264 
 ----> open 60 1 0.387814 0.612186 
 ----> open 61 0 0.771617 0.228383 
 ----> open 62 0 0.798968 0.201032 
 ----> open 63 0 0.774054 0.225946 
 ----> open 64 1 0.385956 0.614044 
 ----> open 65 1 0.37167 0.62833 
 ----> open 66 0 0.788007 0.211993 
 ----> open 67 0 0.772204 0.227796 
 ----> open 68 1 0.385825 0.614175 
 ----> open 69 0 0.426306 0.573694 
 ----> open 70 0 0.777768 0.222232 
 ----> open 71 1 0.400832 0.599168 
 ----> open 72 1 0.393179 0.606821 
 ----> open 73 0 0.414199 0.585801 
 ----> open 74 1 0.772544 0.227456 
 ----> open 75 0 0.765778 0.234222 
 ----> open 76 0 0.781202 0.218798 
 ----> open 77 1 0.412521 0.587479 
 ----> open 78 0 0.775034 0.224966 
 ----> open 79 1 0.402908 0.597092 
 ----> open 80 0 0.763861 0.236139 
 ----> open 81 0 0.401297 0.598703 
 ----> open 82 1 0.375688 0.624312 
 ----> open 83 1 0.395725 0.604275 
 ----> open 84 1 0.401223 0.598777 
 ----> open 85 0 0.419631 0.580369 
 ----> open 86 1 0.765225 0.234775 
 ----> open 87 0 0.771154 0.228846 
 ----> open 88 1 0.398033 0.601967 
 ----> open 89 1 0.402808 0.597192 
 ----> open 90 0 0.397145 0.602855 
 ----> open 91 1 0.39997 0.60003 
 ----> open 92 1 0.389996 0.610004 
 ----> open 93 0 0.772469 0.227531 
 ----> open 94 0 0.776756 0.223244 
 ----> open 95 1 0.395283 0.604717 
 ----> open 96 0 0.777363 0.222637 
 ----> open 97 0 0.76812 0.23188 
 ----> open 98 1 0.405982 0.594018 
 ----> open 99 1 0.397463 0.602537 
 ----> open 100 1 0.39276 0.60724 
 ----> open 101 0 0.777098 0.222902 
 ----> open 102 1 0.402508 0.597492 
 ----> open 103 0 0.784868 0.215132 
 ----> open 104 0 0.776444 0.223556 
 ----> open 105 0 0.778739 0.221261 
 ----> open 106 1 0.389549 0.610451 
 ----> open 107 0 0.779416 0.220584 
 ----> open 108 0 0.777175 0.222825 
 ----> open 109 0 0.783447 0.216553 
 ----> open 110 0 0.770601 0.229399 
 ----> open 111 1 0.398809 0.601191 
 ----> open 112 0 0.764586 0.235414 
 ----> open 113 0 0.762737 0.237263 
 ----> open 114 1 0.399633 0.600367 
 ----> open 115 1 0.396262 0.603738 
 ----> open 116 0 0.774751 0.225249 
 ----> open 117 0 0.775034 0.224966 
 ----> open 118 1 0.390534 0.609466 
 ----> open 119 1 0.403394 0.596606 
 ----> open 120 1 0.393645 0.606355 
 ----> open 121 0 0.788517 0.211483 
 ----> open 122 1 0.777309 0.222691 
 ----> open 123 1 0.396654 0.603346 
 ----> open 124 1 0.399724 0.600276 
 ----> open 125 0 0.778295 0.221705 
 ----> open 126 1 0.376142 0.623858 
 ----> open 127 0 0.780331 0.219669 
 ----> open 128 0 0.778823 0.221177 
 ----> open 129 0 0.762481 0.237519 
 ----> open 130 1 0.382329 0.617671 
 ----> open 131 0 0.760736 0.239264 
 ----> open 132 0 0.782717 0.217283 
 ----> open 133 0 0.773818 0.226182 
 ----> open 134 1 0.398276 0.601724 
 ----> open 135 1 0.406768 0.593232 
 ----> open 136 1 0.40792 0.59208 
 ----> open 137 0 0.785119 0.214881 
 ----> open 138 1 0.379694 0.620306 
 ----> open 139 0 0.784381 0.215619 
 ----> open 140 0 0.789063 0.210937 
 ----> open 141 1 0.388215 0.611785 
 ----> open 142 0 0.766147 0.233853 
 ----> open 143 1 0.376846 0.623154 
 ----> open 144 0 0.795559 0.204441 
 ----> open 145 1 0.386931 0.613069 
 ----> open 146 0 0.802273 0.197727 
 ----> open 147 0 0.803387 0.196613 
 ----> open 148 0 0.7808 0.2192 
 ----> open 149 1 0.758467 0.241533 
 ----> open 150 1 0.376986 0.623014 
 ----> open 151 1 0.401954 0.598046 
 ----> open 152 1 0.390215 0.609785 
 ----> open 153 0 0.781186 0.218814 
 ----> open 154 0 0.780304 0.219696 
 ----> open 155 1 0.781199 0.218801 
 ----> open 156 0 0.413958 0.586042 
 ----> open 157 1 0.387276 0.612724 
 ----> open 158 1 0.379143 0.620857 
 ----> open 159 1 0.756422 0.243578 
 ----> open 160 0 0.409092 0.590908 
 ----> open 161 0 0.805283 0.194717 
 ----> open 162 0 0.791876 0.208124 
 ----> open 163 1 0.405126 0.594874 
 ----> open 164 1 0.394764 0.605236 
 ----> open 165 1 0.386468 0.613532 
 ----> open 166 1 0.384671 0.615329 
 ----> open 167 0 0.741322 0.258678 
 ----> open 168 1 0.416629 0.583371 
 ----> open 169 0 0.785524 0.214476 
 ----> open 170 0 0.765222 0.234778 
 ----> open 171 1 0.384876 0.615124 
 ----> open 172 1 0.368401 0.631599 
 ----> open 173 1 0.767105 0.232895 
 ----> open 174 1 0.385592 0.614408 
 ----> open 175 1 0.76564 0.23436 
 ----> open 176 0 0.418626 0.581374 
 ----> open 177 0 0.784668 0.215332 
 ----> open 178 0 0.789631 0.210369 
 ----> open 179 1 0.395077 0.604923 
 ----> open 180 0 0.787244 0.212756 
 ----> open 181 0 0.75019 0.24981 
 ----> open 182 0 0.764121 0.235879 
 ----> open 183 0 0.771647 0.228353 
 ----> open 184 1 0.406611 0.593389 
 ----> open 185 1 0.410647 0.589353 
 ----> open 186 0 0.782729 0.217271 
 ----> open 187 0 0.776268 0.223732 
 ----> open 188 1 0.765222 0.234778 
 ----> open 189 0 0.39786 0.60214 
 ----> open 190 1 0.406415 0.593585 
 ----> open 191 1 0.742346 0.257654 
 ----> open 192 0 0.79319 0.20681 
 ----> open 193 1 0.393215 0.606785 
 ----> open 194 0 0.769222 0.230778 
 ----> open 195 0 0.778231 0.221769 
 ----> open 196 0 0.764978 0.235022 
 ----> open 197 1 0.397225 0.602775 
 ----> open 198 0 0.787364 0.212636 
 ----> open 199 0 0.78021 0.21979 
 ----> open 200 0 0.775931 0.224069 
 ----> open 201 1 0.779256 0.220744 
 ----> open 202 0 0.781662 0.218338 
 ----> open 203 0 0.762785 0.237215 
 ----> open 204 1 0.387807 0.612193 
 ----> open 205 1 0.388566 0.611434 
 ----> open 206 0 0.775202 0.224798 
 ----> open 207 0 0.412669 0.587331 
 ----> open 208 1 0.406761 0.593239 
 ----> open 209 0 0.802586 0.197414 
 ----> open 210 0 0.774655 0.225345 
 ----> open 211 0 0.795377 0.204623 
 ----> open 212 0 0.770774 0.229226 
 ----> open 213 0 0.778806 0.221194 
 ----> open 214 1 0.393208 0.606792 
 ----> open 215 0 0.791902 0.208098 
 ----> open 216 1 0.416452 0.583548 
 ----> open 217 0 0.781726 0.218274 
 ----> open 218 1 0.401669 0.598331 
 ----> open 219 0 0.759324 0.240676 
 ----> open 220 0 0.774769 0.225231 
 ----> open 221 0 0.781773 0.218227 
 ----> open 222 0 0.773251 0.226749 
 ----> open 223 1 0.407618 0.592382 
 ----> open 224 0 0.421414 0.578586 
 ----> open 225 0 0.789772 0.210228 
 ----> open 226 1 0.415889 0.584111 
 ----> open 227 1 0.415096 0.584904 
 ----> open 228 0 0.788988 0.211012 
 ----> open 229 1 0.75828 0.24172 
 ----> open 230 0 0.798163 0.201837 
 ----> open 231 0 0.771722 0.228278 
 ----> open 232 1 0.769415 0.230585 
 ----> open 233 1 0.399109 0.600891 
 ----> open 234 0 0.778715 0.221285 
 ----> open 235 0 0.767087 0.232913 
 ----> open 236 1 0.77425 0.22575 
 ----> open 237 0 0.397168 0.602832 
 ----> open 238 0 0.791062 0.208938 
 ----> open 239 0 0.782257 0.217743 
 ----> open 240 0 0.793652 0.206348 
 ----> open 241 1 0.416177 0.583823 
 ----> open 242 0 0.776641 0.223359 
 ----> open 243 1 0.414631 0.585369 
 ----> open 244 0 0.792952 0.207048 
 ----> open 245 1 0.410813 0.589187 
 ----> open 246 1 0.408029 0.591971 
 ----> open 247 0 0.766583 0.233417 
 ----> open 248 0 0.800245 0.199755 
 ----> open 249 1 0.399308 0.600692 
 ----> open 250 0 0.422723 0.577277 
 ----> open 251 0 0.784117 0.215883 
 ----> open 252 0 0.783371 0.216629 
 ----> open 253 0 0.768702 0.231298 
 ----> open 254 1 0.392625 0.607375 
 ----> open 255 0 0.773737 0.226263 
 ----> open 256 1 0.377855 0.622145 
 ----> open 257 1 0.765685 0.234315 
 ----> open 258 0 0.771271 0.228729 
 ----> open 259 0 0.802255 0.197745 
 ----> open 260 1 0.773378 0.226622 
 ----> open 261 1 0.400598 0.599402 
 ----> open 262 1 0.399859 0.600141 
 ----> open 263 0 0.772069 0.227931 
 ----> open 264 1 0.394529 0.605471 
 ----> open 265 1 0.401232 0.598768 
 ----> open 266 1 0.400171 0.599829 
 ----> open 267 0 0.784398 0.215602 
 ----> open 268 0 0.798941 0.201059 
 ----> open 269 0 0.412269 0.587731 
 ----> open 270 0 0.778871 0.221129 
 ----> open 271 1 0.387806 0.612194 
 ----> open 272 1 0.401178 0.598822 
 ----> open 273 0 0.781253 0.218747 
 ----> open 274 0 0.782753 0.217247 
 ----> open 275 0 0.39934 0.60066 
 ----> open 276 0 0.403376 0.596624 
 ----> open 277 0 0.771671 0.228329 
 ----> open 278 0 0.789327 0.210673 
 ----> open 279 0 0.778158 0.221842 
 ----> open 280 1 0.402338 0.597662 
 ----> open 281 1 0.403574 0.596426 
 ----> open 282 0 0.783706 0.216294 
 ----> open 283 1 0.389488 0.610512 
 ----> open 284 1 0.395875 0.604125 
 ----> open 285 0 0.412195 0.587805 
 ----> open 286 0 0.75961 0.24039 
 ----> open 287 0 0.760555 0.239445 
 ----> open 288 1 0.775021 0.224979 
 ----> open 289 1 0.75501 0.24499 
 ----> open 290 0 0.779312 0.220688 
 ----> open 291 0 0.776499 0.223501 
 ----> open 292 1 0.384863 0.615137 
 ----> open 293 0 0.777045 0.222955 
 ----> open 294 0 0.409561 0.590439 
 ----> open 295 1 0.388206 0.611794 
 ----> open 296 0 0.78058 0.21942 
 ----> open 297 0 0.794787 0.205213 
 ----> open 298 1 0.770941 0.229059 
 ----> open 299 0 0.417725 0.582275 
 ----> open 300 1 0.773605 0.226395 
 ----> open 301 0 0.781975 0.218025 
 ----> open 302 0 0.768705 0.231295 
 ----> open 303 0 0.783239 0.216761 
 ----> open 304 0 0.766171 0.233829 
 ----> open 305 1 0.76438 0.23562 
 ----> open 306 0 0.782988 0.217012 
 ----> open 307 0 0.782937 0.217063 
 ----> open 308 0 0.421269 0.578731 
 ----> open 309 1 0.761695 0.238305 
 ----> open 310 1 0.410099 0.589901 
 ----> open 311 0 0.785685 0.214315 
 ----> open 312 0 0.763938 0.236062 
 ----> open 313 0 0.779577 0.220423 
 ----> open 314 1 0.399227 0.600773 
 ----> open 315 0 0.78555 0.21445 
 ----> open 316 0 0.804631 0.195369 
 ----> open 317 0 0.797721 0.202279 
 ----> open 318 0 0.769544 0.230456 
 ----> open 319 0 0.805033 0.194967 
 ----> open 320 0 0.778623 0.221377 
 ----> open 321 0 0.763947 0.236053 
 ----> open 322 0 0.399808 0.600192 
 ----> open 323 1 0.385842 0.614158 
 ----> open 324 0 0.772532 0.227468 
 ----> open 325 0 0.782332 0.217668 
 ----> open 326 0 0.798017 0.201983 
 ----> open 327 1 0.427846 0.572154 
 ----> open 328 1 0.412165 0.587835 
 ----> open 329 0 0.792304 0.207696 
 ----> open 330 0 0.786475 0.213525 
 ----> open 331 0 0.791509 0.208491 
 ----> open 332 0 0.809189 0.190811 
 ----> open 333 0 0.775282 0.224718 
 ----> open 334 1 0.424907 0.575093 
 ----> open 335 1 0.422931 0.577069 
 ----> open 336 1 0.751521 0.248479 
 ----> open 337 1 0.394607 0.605393 
 ----> open 338 1 0.385405 0.614595 
 ----> open 339 0 0.398144 0.601856 
 ----> open 340 0 0.79069 0.20931 
 ----> open 341 0 0.791864 0.208136 
 ----> open 342 1 0.414245 0.585755 
 ----> open 343 1 0.403734 0.596266 
 ----> open 344 0 0.792062 0.207938 
 ----> open 345 0 0.796415 0.203585 
 ----> open 346 0 0.801563 0.198437 
 ----> open 347 0 0.786535 0.213465 
 ----> open 348 1 0.41586 0.58414 
 ----> open 349 0 0.780378 0.219622 
 ----> open 350 0 0.764459 0.235541 
 ----> open 351 1 0.39935 0.60065 
 ----> open 352 0 0.771251 0.228749 
 ----> open 353 0 0.786746 0.213254 
 ----> open 354 0 0.775881 0.224119 
 ----> open 355 0 0.775179 0.224821 
 ----> open 356 1 0.767097 0.232903 
 ----> open 357 0 0.778897 0.221103 
 ----> open 358 1 0.4173 0.5827 
 ----> open 359 0 0.809659 0.190341 
 ----> open 360 0 0.787292 0.212708 
 ----> open 361 0 0.788601 0.211399 
 ----> open 362 0 0.783738 0.216262 
 ----> open 363 1 0.403845 0.596155 
 ----> open 364 0 0.789488 0.210512 
 ----> open 365 0 0.794315 0.205685 
 ----> open 366 0 0.77425 0.22575 
 ----> open 367 1 0.414007 0.585993 
 ----> open 368 0 0.789346 0.210654 
 ----> open 369 0 0.789809 0.210191 
 ----> open 370 0 0.791221 0.208779 
 ----> open 371 1 0.395416 0.604584 
 ----> open 372 0 0.787789 0.212211 
 ----> open 373 0 0.792593 0.207407 
 ----> open 374 0 0.791335 0.208665 
 ----> open 375 0 0.771567 0.228433 
 ----> open 376 1 0.417456 0.582544 
 ----> open 377 0 0.785566 0.214434 
 ----> open 378 0 0.784426 0.215574 
 ----> open 379 1 0.393195 0.606805 
 ----> open 380 0 0.769312 0.230688 
 ----> open 381 0 0.756903 0.243097 
 ----> open 382 0 0.772802 0.227198 
 ----> open 383 0 0.768543 0.231457 
 ----> open 384 0 0.792322 0.207678 
 ----> open 385 0 0.782659 0.217341 
 ----> open 386 1 0.413906 0.586094 
 ----> open 387 0 0.787828 0.212172 
 ----> open 388 1 0.418682 0.581318 
 ----> open 389 1 0.416655 0.583345 
 ----> open 390 0 0.778279 0.221721 
 ----> open 391 0 0.770291 0.229709 
 ----> open 392 0 0.794081 0.205919 
 ----> open 393 0 0.436726 0.563274 
 ----> open 394 1 0.418466 0.581534 
 ----> open 395 0 0.797681 0.202319 
 ----> open 396 0 0.778782 0.221218 
 ----> open 397 0 0.784116 0.215884 
 ----> open 398 0 0.798881 0.201119 
 ----> open 399 1 0.395695 0.604305 
 ----> open 400 1 0.410365 0.589635 
 ----> open 401 1 0.38435 0.61565 
 ----> open 402 0 0.783843 0.216157 
 ----> open 403 0 0.791432 0.208568 
 ----> open 404 0 0.77762 0.22238 
 ----> open 405 0 0.783585 0.216415 
 ----> open 406 1 0.757659 0.242341 
 ----> open 407 1 0.395632 0.604368 
 ----> open 408 0 0.416505 0.583495 
 ----> open 409 0 0.786889 0.213111 
 ----> open 410 0 0.429135 0.570865 
 ----> open 411 0 0.790206 0.209794 
 ----> open 412 0 0.794386 0.205614 
 ----> open 413 0 0.436606 0.563394 
 ----> open 414 1 0.405978 0.594022 
 ----> open 415 1 0.757542 0.242458 
 ----> open 416 1 0.414525 0.585475 
 ----> open 417 0 0.755671 0.244329 
 ----> open 418 0 0.781199 0.218801 
 ----> open 419 1 0.410899 0.589101 
 ----> open 420 0 0.780861 0.219139 
 ----> open 421 0 0.791866 0.208134 
 ----> open 422 0 0.761748 0.238252 
 ----> open 423 0 0.763722 0.236278 
 ----> open 424 0 0.789606 0.210394 
 ----> open 425 0 0.778705 0.221295 
 ----> open 426 0 0.794578 0.205422 
 ----> open 427 1 0.401097 0.598903 
 ----> open 428 0 0.76562 0.23438 
 ----> open 429 0 0.7907 0.2093 
 ----> open 430 0 0.77629 0.22371 
 ----> open 431 0 0.763976 0.236024 
 ----> open 432 0 0.787262 0.212738 
 ----> open 433 0 0.792263 0.207737 
 ----> open 434 0 0.785396 0.214604 
 ----> open 435 1 0.785632 0.214368 
 ----> open 436 1 0.418166 0.581834 
 ----> open 437 0 0.776675 0.223325 
 ----> open 438 0 0.808808 0.191192 
 ----> open 439 0 0.772966 0.227034 
 ----> open 440 1 0.753192 0.246808 
 ----> open 441 0 0.783339 0.216661 
 ----> open 442 0 0.783331 0.216669 
 ----> open 443 0 0.797154 0.202846 
 ----> open 444 0 0.789624 0.210376 
 ----> open 445 0 0.796964 0.203036 
 ----> open 446 1 0.424864 0.575136 
 ----> open 447 0 0.79854 0.20146 
 ----> open 448 0 0.782849 0.217151 
 ----> open 449 0 0.781186 0.218814 
 ----> open 450 0 0.782854 0.217146 
 ----> open 451 0 0.784094 0.215906 
 ----> open 452 0 0.781475 0.218525 
 ----> open 453 0 0.811459 0.188541 
 ----> open 454 0 0.788231 0.211769 
 ----> open 455 0 0.40991 0.59009 
 ----> open 456 0 0.787003 0.212997 
 ----> open 457 0 0.780601 0.219399 
 ----> open 458 0 0.77477 0.22523 
 ----> open 459 1 0.419753 0.580247 
 ----> open 460 0 0.791546 0.208454 
 ----> open 461 0 0.803504 0.196496 
 ----> open 462 0 0.421639 0.578361 
 ----> open 463 0 0.779729 0.220271 
 ----> open 464 0 0.810657 0.189343 
 ----> open 465 0 0.78906 0.21094 
 ----> open 466 0 0.808095 0.191905 
 ----> open 467 1 0.791594 0.208406 
 ----> open 468 1 0.403672 0.596328 
 ----> open 469 0 0.800133 0.199867 
 ----> open 470 0 0.788922 0.211078 
 ----> open 471 1 0.417306 0.582694 
 ----> open 472 1 0.41595 0.58405 
 ----> open 473 0 0.798596 0.201404 
 ----> open 474 1 0.413166 0.586834 
 ----> open 475 0 0.777233 0.222767 
 ----> open 476 0 0.78003 0.21997 
 ----> open 477 0 0.776967 0.223033 
 ----> open 478 1 0.415852 0.584148 
 ----> open 479 0 0.795457 0.204543 
 ----> open 480 0 0.428415 0.571585 
 ----> open 481 0 0.777065 0.222935 
 ----> open 482 0 0.773818 0.226182 
 ----> open 483 0 0.783102 0.216898 
 ----> open 484 1 0.380702 0.619298 
 ----> open 485 0 0.796658 0.203342 
 ----> open 486 0 0.787041 0.212959 
 ----> open 487 0 0.791653 0.208347 
 ----> open 488 0 0.771131 0.228869 
 ----> open 489 1 0.401275 0.598725 
 ----> open 490 1 0.412611 0.587389 
 ----> open 491 0 0.779281 0.220719 
 ----> open 492 1 0.412436 0.587564 
 ----> open 493 0 0.779377 0.220623 
 ----> open 494 0 0.799508 0.200492 
 ----> open 495 0 0.778997 0.221003 
 ----> open 496 1 0.410481 0.589519 
 ----> open 497 0 0.763561 0.236439 
 ----> open 498 0 0.785683 0.214317 
 ----> open 499 0 0.78247 0.21753 
 ----> open 500 0 0.413779 0.586221 
 ----> open 501 1 0.407844 0.592156 
 ----> open 502 0 0.802896 0.197104 
 ----> open 503 0 0.785867 0.214133 
 ----> open 504 1 0.756865 0.243135 
 ----> open 505 0 0.773395 0.226605 
 ----> open 506 0 0.775022 0.224978 
 ----> open 507 0 0.781468 0.218532 
 ----> open 508 0 0.776492 0.223508 
 ----> open 509 1 0.406295 0.593705 
 ----> open 510 1 0.413678 0.586322 
 ----> open 511 0 0.807382 0.192618 
 ----> open 512 0 0.780968 0.219032 
 ----> open 513 0 0.778242 0.221758 
 ----> open 514 0 0.781915 0.218085 
 ----> open 515 1 0.411282 0.588718 
 ----> open 516 0 0.778553 0.221447 
 ----> open 517 1 0.777562 0.222438 
 ----> open 518 1 0.40204 0.59796 
 ----> open 519 0 0.786564 0.213436 
 ----> open 520 0 0.791416 0.208584 
 ----> open 521 1 0.413772 0.586228 
 ----> open 522 1 0.405434 0.594566 
 ----> open 523 0 0.78359 0.21641 
 ----> open 524 1 0.402964 0.597036 
 ----> open 525 0 0.777904 0.222096 
 ----> open 526 0 0.791144 0.208856 
 ----> open 527 0 0.795009 0.204991 
 ----> open 528 0 0.791015 0.208985 
 ----> open 529 0 0.776006 0.223994 
 ----> open 530 1 0.394599 0.605401 
 ----> open 531 0 0.793253 0.206747 
 ----> open 532 1 0.396525 0.603475 
 ----> open 533 0 0.78733 0.21267 
 ----> open 534 0 0.793504 0.206496 
 ----> open 535 0 0.785291 0.214709 
 ----> open 536 1 0.392473 0.607527 
 ----> open 537 0 0.769855 0.230145 
 ----> open 538 0 0.786601 0.213399 
 ----> open 539 0 0.769606 0.230394 
 ----> open 540 1 0.400057 0.599943 
 ----> open 541 0 0.788562 0.211438 
 ----> open 542 1 0.388264 0.611736 
 ----> open 543 0 0.786947 0.213053 
 ----> open 544 1 0.40227 0.59773 
 ----> open 545 0 0.772621 0.227379 
 ----> open 546 1 0.399764 0.600236 
 ----> open 547 0 0.780521 0.219479 
 ----> open 548 0 0.788412 0.211588 
 ----> open 549 1 0.417439 0.582561 
 ----> open 550 0 0.785255 0.214745 
 ----> open 551 1 0.777061 0.222939 
 ----> open 552 0 0.789069 0.210931 
 ----> open 553 1 0.384286 0.615714 
 ----> open 554 0 0.410068 0.589932 
 ----> open 555 1 0.413488 0.586512 
 ----> open 556 1 0.400356 0.599644 
 ----> open 557 0 0.775606 0.224394 
 ----> open 558 0 0.775827 0.224173 
 ----> open 559 0 0.769392 0.230608 
 ----> open 560 0 0.778318 0.221682 
 ----> open 561 0 0.756538 0.243462 
 ----> open 562 1 0.402181 0.597819 
 ----> open 563 0 0.786619 0.213381 
 ----> open 564 0 0.773083 0.226917 
 ----> open 565 0 0.770806 0.229194 
 ----> open 566 0 0.787459 0.212541 
 ----> open 567 0 0.795661 0.204339 
 ----> open 568 0 0.781735 0.218265 
 ----> open 569 0 0.77206 0.22794 
 ----> open 570 1 0.381924 0.618076 
 ----> open 571 0 0.779142 0.220858 
 ----> open 572 1 0.386975 0.613025 
 ----> open 573 0 0.776884 0.223116 
 ----> open 574 0 0.783366 0.216634 
 ----> open 575 0 0.760094 0.239906 
 ----> open 576 1 0.409294 0.590706 
 ----> open 577 0 0.792001 0.207999 
 ----> open 578 1 0.409652 0.590348 
 ----> open 579 0 0.798334 0.201666 
 ----> open 580 0 0.787643 0.212357 
 ----> open 581 1 0.430634 0.569366 
 ----> open 582 0 0.782779 0.217221 
 ----> open 583 0 0.779532 0.220468 
 ----> open 584 1 0.388744 0.611256 
 ----> open 585 1 0.758782 0.241218 
 ----> open 586 0 0.788894 0.211106 
 ----> open 587 0 0.779461 0.220539 
 ----> open 588 0 0.776153 0.223847 
 ----> open 589 0 0.776955 0.223045 
 ----> open 590 1 0.412996 0.587004 
 ----> open 591 0 0.771048 0.228952 
 ----> open 592 1 0.410589 0.589411 
 ----> open 593 0 0.422759 0.577241 
 ----> open 594 1 0.781377 0.218623 
 ----> open 595 0 0.791981 0.208019 
 ----> open 596 0 0.776632 0.223368 
 ----> open 597 0 0.784652 0.215348 
 ----> open 598 0 0.791325 0.208675 
 ----> open 599 0 0.767678 0.232322 
 ----> open 600 0 0.770786 0.229214 
 ----> open 601 0 0.791943 0.208057 
 ----> open 602 0 0.79626 0.20374 
 ----> open 603 1 0.409223 0.590777 
 ----> open 604 0 0.767807 0.232193 
 ----> open 605 0 0.775001 0.224999 
 ----> open 606 0 0.776826 0.223174 
 ----> open 607 0 0.776896 0.223104 
 ----> open 608 1 0.414377 0.585623 
 ----> open 609 0 0.792785 0.207215 
 ----> open 610 0 0.780657 0.219343 
 ----> open 611 0 0.789686 0.210314 
 ----> open 612 0 0.772224 0.227776 
 ----> open 613 0 0.802596 0.197404 
 ----> open 614 0 0.795247 0.204753 
 ----> open 615 0 0.788786 0.211214 
 ----> open 616 0 0.780951 0.219049 
 ----> open 617 0 0.788314 0.211686 
 ----> open 618 0 0.784896 0.215104 
 ----> open 619 1 0.768862 0.231138 
 ----> open 620 1 0.400099 0.599901 
 ----> open 621 0 0.789337 0.210663 
 ----> open 622 0 0.779582 0.220418 
 ----> open 623 0 0.78631 0.21369 
 ----> open 624 1 0.398537 0.601463 
 ----> open 625 0 0.802667 0.197333 
 ----> open 626 0 0.805998 0.194002 
 ----> open 627 0 0.79048 0.20952 
 ----> open 628 0 0.792361 0.207639 
 ----> open 629 1 0.435384 0.564616 
 ----> open 630 1 0.769474 0.230526 
 ----> open 631 0 0.797257 0.202743 
 ----> open 632 1 0.401385 0.598615 
 ----> open 633 1 0.414803 0.585197 
 ----> open 634 0 0.801987 0.198013 
 ----> open 635 1 0.42379 0.57621 
 ----> open 636 0 0.778023 0.221977 
 ----> open 637 0 0.421676 0.578324 
 ----> open 638 0 0.792887 0.207113 
 ----> open 639 0 0.791006 0.208994 
 ----> open 640 1 0.424629 0.575371 
 ----> open 641 0 0.787278 0.212722 
 ----> open 642 0 0.78809 0.21191 
 ----> open 643 0 0.788437 0.211563 
 ----> open 644 1 0.77153 0.22847 
 ----> open 645 0 0.800997 0.199003 
 ----> open 646 0 0.78404 0.21596 
 ----> open 647 1 0.391902 0.608098 
 ----> open 648 0 0.781026 0.218974 
 ----> open 649 0 0.773361 0.226639 
 ----> open 650 0 0.795505 0.204495 
 ----> open 651 0 0.792671 0.207329 
 ----> open 652 1 0.427231 0.572769 
 ----> open 653 0 0.798681 0.201319 
 ----> open 654 1 0.411956 0.588044 
 ----> open 655 0 0.78756 0.21244 
 ----> open 656 0 0.785721 0.214279 
 ----> open 657 0 0.799729 0.200271 
 ----> open 658 0 0.785895 0.214105 
 ----> open 659 0 0.801961 0.198039 
 ----> open 660 0 0.787323 0.212677 
 ----> open 661 0 0.78597 0.21403 
 ----> open 662 0 0.790835 0.209165 
 ----> open 663 0 0.790657 0.209343 
 ----> open 664 1 0.406926 0.593074 
 ----> open 665 0 0.413181 0.586819 
 ----> open 666 1 0.768785 0.231215 
 ----> open 667 0 0.77778 0.22222 
 ----> open 668 0 0.770745 0.229255 
 ----> open 669 0 0.780431 0.219569 
 ----> open 670 0 0.779294 0.220706 
 ----> open 671 0 0.786467 0.213533 
 ----> open 672 0 0.805071 0.194929 
 ----> open 673 0 0.799298 0.200702 
 ----> open 674 0 0.802734 0.197266 
 ----> open 675 1 0.425264 0.574736 
 ----> open 676 1 0.395994 0.604006 
 ----> open 677 1 0.781553 0.218447 
 ----> open 678 1 0.414641 0.585359 
 ----> open 679 1 0.384348 0.615652 
 ----> open 680 0 0.780289 0.219711 
 ----> open 681 1 0.400068 0.599932 
 ----> open 682 0 0.791544 0.208456 
 ----> open 683 0 0.786644 0.213356 
 ----> open 684 0 0.797901 0.202099 
 ----> open 685 1 0.779626 0.220374 
 ----> open 686 0 0.795708 0.204292 
 ----> open 687 0 0.795375 0.204625 
 ----> open 688 0 0.771332 0.228668 
 ----> open 689 0 0.803511 0.196489 
 ----> open 690 1 0.764429 0.235571 
 ----> open 691 1 0.414019 0.585981 
 ----> open 692 0 0.795805 0.204195 
 ----> open 693 0 0.755482 0.244518 
 ----> open 694 1 0.408351 0.591649 
 ----> open 695 0 0.774192 0.225808 
 ----> open 696 0 0.78831 0.21169 
 ----> open 697 0 0.785369 0.214631 
 ----> open 698 0 0.793154 0.206846 
 ----> open 699 0 0.439746 0.560254 
 ----> open 700 0 0.803961 0.196039 
 ----> open 701 0 0.447567 0.552433 
 ----> open 702 0 0.801973 0.198027 
 ----> open 703 0 0.777962 0.222038 
 ----> open 704 0 0.776866 0.223134 
 ----> open 705 0 0.780973 0.219027 
 ----> open 706 0 0.804375 0.195625 
 ----> open 707 0 0.778611 0.221389 
 ----> open 708 0 0.78889 0.21111 
 ----> open 709 0 0.785055 0.214945 
 ----> open 710 0 0.787274 0.212726 
 ----> open 711 0 0.781391 0.218609 
 ----> open 712 0 0.787674 0.212326 
 ----> open 713 0 0.79871 0.20129 
 ----> open 714 1 0.423869 0.576131 
 ----> open 715 1 0.423054 0.576946 
 ----> open 716 1 0.421434 0.578566 
 ----> open 717 0 0.422433 0.577567 
 ----> open 718 0 0.795344 0.204656 
