 ----> open 1 0 0 0 
 ----> open 2 1 0.667872 0.332128 
 ----> open 3 0 0.63981 0.36019 
 ----> open 4 1 0.658642 0.341358 
 ----> open 5 1 0.640098 0.359902 
 ----> open 6 1 0.654119 0.345881 
 ----> open 7 1 0.677774 0.322226 
 ----> open 8 0 0.62047 0.37953 
 ----> open 9 0 0.643545 0.356455 
 ----> open 10 0 0.624508 0.375492 
 ----> open 11 1 0.675971 0.324029 
 ----> open 12 1 0.626198 0.373802 
 ----> open 13 0 0.64444 0.35556 
 ----> open 14 1 0.6256 0.3744 
 ----> open 15 1 0.635297 0.364703 
 ----> open 16 1 0.662376 0.337624 
 ----> open 17 1 0.634554 0.365446 
 ----> open 18 0 0.665235 0.334765 
 ----> open 19 0 0.641916 0.358084 
 ----> open 20 0 0.651953 0.348047 
 ----> open 21 1 0.63101 0.36899 
 ----> open 22 1 0.67878 0.32122 
 ----> open 23 0 0.646744 0.353256 
 ----> open 24 0 0.642245 0.357755 
 ----> open 25 0 0.644455 0.355545 
 ----> open 26 0 0.658286 0.341714 
 ----> open 27 1 0.655347 0.344653 
 ----> open 28 1 0.655077 0.344923 
 ----> open 29 1 0.660424 0.339576 
 ----> open 30 0 0.650424 0.349576 
 ----> open 31 1 0.613337 0.386663 
 ----> open 32 0 0.651683 0.348317 
 ----> open 33 0 0.650057 0.349943 
 ----> open 34 0 0.647986 0.352014 
 ----> open 35 1 0.64774 0.35226 
 ----> open 36 1 0.661731 0.338269 
 ----> open 37 0 0.670265 0.329735 
 ----> open 38 0 0.653157 0.346843 
 ----> open 39 0 0.665099 0.334901 
 ----> open 40 0 0.669633 0.330367 
 ----> open 41 1 0.666278 0.333722 
 ----> open 42 1 0.681883 0.318117 
 ----> open 43 1 0.643143 0.356857 
 ----> open 44 0 0.662686 0.337314 
 ----> open 45 1 0.657386 0.342614 
 ----> open 46 1 0.658027 0.341973 
 ----> open 47 0 0.66389 0.33611 
 ----> open 48 0 0.663477 0.336523 
 ----> open 49 1 0.647376 0.352624 
 ----> open 50 1 0.640849 0.359151 
 ----> open 51 1 0.659192 0.340808 
 ----> open 52 0 0.653776 0.346224 
 ----> open 53 1 0.623828 0.376172 
 ----> open 54 0 0.672421 0.327579 
 ----> open 55 0 0.676009 0.323991 
 ----> open 56 0 0.619744 0.380256 
 ----> open 57 1 0.648884 0.351116 
 ----> open 58 1 0.636648 0.363352 
 ----> open 59 0 0.674657 0.325343 
 ----> open 60 1 0.656326 0.343674 
 ----> open 61 0 0.65172 0.34828 
 ----> open 62 0 0.649438 0.350562 
 ----> open 63 0 0.655925 0.344075 
 ----> open 64 1 0.642212 0.357788 
 ----> open 65 1 0.656885 0.343115 
 ----> open 66 0 0.66673 0.33327 
 ----> open 67 0 0.68811 0.31189 
 ----> open 68 1 0.620353 0.379647 
 ----> open 69 0 0.6446 0.3554 
 ----> open 70 0 0.673812 0.326188 
 ----> open 71 1 0.631355 0.368645 
 ----> open 72 1 0.645424 0.354576 
 ----> open 73 0 0.679392 0.320608 
 ----> open 74 1 0.635378 0.364622 
 ----> open 75 0 0.65445 0.34555 
 ----> open 76 0 0.711514 0.288486 
 ----> open 77 1 0.623157 0.376843 
 ----> open 78 0 0.651997 0.348003 
 ----> open 79 1 0.633457 0.366543 
 ----> open 80 0 0.697097 0.302903 
 ----> open 81 0 0.687845 0.312155 
 ----> open 82 1 0.647416 0.352584 
 ----> open 83 1 0.640617 0.359383 
 ----> open 84 1 0.646718 0.353282 
 ----> open 85 0 0.676101 0.323899 
 ----> open 86 1 0.650595 0.349405 
 ----> open 87 0 0.641821 0.358179 
 ----> open 88 1 0.636054 0.363946 
 ----> open 89 1 0.635499 0.364501 
 ----> open 90 0 0.643689 0.356311 
 ----> open 91 1 0.657374 0.342626 
 ----> open 92 1 0.595455 0.404545 
 ----> open 93 0 0.677761 0.322239 
 ----> open 94 0 0.655949 0.344051 
 ----> open 95 1 0.626931 0.373069 
 ----> open 96 0 0.651663 0.348337 
 ----> open 97 0 0.712084 0.287916 
 ----> open 98 1 0.609666 0.390334 
 ----> open 99 1 0.615214 0.384786 
 ----> open 100 1 0.636465 0.363535 
 ----> open 101 0 0.665764 0.334236 
 ----> open 102 1 0.660338 0.339662 
 ----> open 103 0 0.655514 0.344486 
 ----> open 104 0 0.651673 0.348327 
 ----> open 105 0 0.679161 0.320839 
 ----> open 106 1 0.621633 0.378367 
 ----> open 107 0 0.650009 0.349991 
 ----> open 108 0 0.660447 0.339553 
 ----> open 109 0 0.657121 0.342879 
 ----> open 110 0 0.666681 0.333319 
 ----> open 111 1 0.654738 0.345262 
 ----> open 112 0 0.660382 0.339618 
 ----> open 113 0 0.659578 0.340422 
 ----> open 114 1 0.642263 0.357737 
 ----> open 115 1 0.628939 0.371061 
 ----> open 116 0 0.676809 0.323191 
 ----> open 117 0 0.677628 0.322372 
 ----> open 118 1 0.652393 0.347607 
 ----> open 119 1 0.62845 0.37155 
 ----> open 120 1 0.563765 0.436235 
 ----> open 121 0 0.652254 0.347746 
 ----> open 122 1 0.654327 0.345673 
 ----> open 123 1 0.622567 0.377433 
 ----> open 124 1 0.640706 0.359294 
 ----> open 125 0 0.671309 0.328691 
 ----> open 126 1 0.607286 0.392714 
 ----> open 127 0 0.679166 0.320834 
 ----> open 128 0 0.684022 0.315978 
 ----> open 129 0 0.709376 0.290624 
 ----> open 130 1 0.598788 0.401212 
 ----> open 131 0 0.652046 0.347954 
 ----> open 132 0 0.679799 0.320201 
 ----> open 133 0 0.651057 0.348943 
 ----> open 134 1 0.642109 0.357891 
 ----> open 135 1 0.67307 0.32693 
 ----> open 136 1 0.660935 0.339065 
 ----> open 137 0 0.679297 0.320703 
 ----> open 138 1 0.627974 0.372026 
 ----> open 139 0 0.640295 0.359705 
 ----> open 140 0 0.629727 0.370273 
 ----> open 141 1 0.635309 0.364691 
 ----> open 142 0 0.660963 0.339037 
 ----> open 143 1 0.618069 0.381931 
 ----> open 144 0 0.701393 0.298607 
 ----> open 145 1 0.566957 0.433043 
 ----> open 146 0 0.677564 0.322436 
 ----> open 147 0 0.705432 0.294568 
 ----> open 148 0 0.662978 0.337022 
 ----> open 149 1 0.661326 0.338674 
 ----> open 150 1 0.658928 0.341072 
 ----> open 151 1 0.642543 0.357457 
 ----> open 152 1 0.640592 0.359408 
 ----> open 153 0 0.685148 0.314852 
 ----> open 154 0 0.659922 0.340078 
 ----> open 155 1 0.597987 0.402013 
 ----> open 156 0 0.654287 0.345713 
 ----> open 157 1 0.636369 0.363631 
 ----> open 158 1 0.570351 0.429649 
 ----> open 159 1 0.595057 0.404943 
 ----> open 160 0 0.691755 0.308245 
 ----> open 161 0 0.675358 0.324642 
 ----> open 162 0 0.677254 0.322746 
 ----> open 163 1 0.630886 0.369114 
 ----> open 164 1 0.625255 0.374745 
 ----> open 165 1 0.637957 0.362043 
 ----> open 166 1 0.632746 0.367254 
 ----> open 167 0 0.655248 0.344752 
 ----> open 168 1 0.659896 0.340104 
 ----> open 169 0 0.684451 0.315549 
 ----> open 170 0 0.664744 0.335256 
 ----> open 171 1 0.632309 0.367691 
 ----> open 172 1 0.621695 0.378305 
 ----> open 173 1 0.650035 0.349965 
 ----> open 174 1 0.696864 0.303136 
 ----> open 175 1 0.611503 0.388497 
 ----> open 176 0 0.63129 0.36871 
 ----> open 177 0 0.677391 0.322609 
 ----> open 178 0 0.646345 0.353655 
 ----> open 179 1 0.594865 0.405135 
 ----> open 180 0 0.712999 0.287001 
 ----> open 181 0 0.64625 0.35375 
 ----> open 182 0 0.648178 0.351822 
 ----> open 183 0 0.669004 0.330996 
 ----> open 184 1 0.648982 0.351018 
 ----> open 185 1 0.589951 0.410049 
 ----> open 186 0 0.687005 0.312995 
 ----> open 187 0 0.652885 0.347115 
 ----> open 188 1 0.630134 0.369866 
 ----> open 189 0 0.662932 0.337068 
 ----> open 190 1 0.647561 0.352439 
 ----> open 191 1 0.654398 0.345602 
 ----> open 192 0 0.662093 0.337907 
 ----> open 193 1 0.641097 0.358903 
 ----> open 194 0 0.708559 0.291441 
 ----> open 195 0 0.675962 0.324038 
 ----> open 196 0 0.665426 0.334574 
 ----> open 197 1 0.634765 0.365235 
 ----> open 198 0 0.658527 0.341473 
 ----> open 199 0 0.639544 0.360456 
 ----> open 200 0 0.731604 0.268396 
 ----> open 201 1 0.600221 0.399779 
 ----> open 202 0 0.709265 0.290735 
 ----> open 203 0 0.650579 0.349421 
 ----> open 204 1 0.644225 0.355775 
 ----> open 205 1 0.637818 0.362182 
 ----> open 206 0 0.649225 0.350775 
 ----> open 207 0 0.673783 0.326217 
 ----> open 208 1 0.615001 0.384999 
 ----> open 209 0 0.670974 0.329026 
 ----> open 210 0 0.68602 0.31398 
 ----> open 211 0 0.66027 0.33973 
 ----> open 212 0 0.690732 0.309268 
 ----> open 213 0 0.663008 0.336992 
 ----> open 214 1 0.636196 0.363804 
 ----> open 215 0 0.655809 0.344191 
 ----> open 216 1 0.649481 0.350519 
 ----> open 217 0 0.683664 0.316336 
 ----> open 218 1 0.617428 0.382572 
 ----> open 219 0 0.666722 0.333278 
 ----> open 220 0 0.672398 0.327602 
 ----> open 221 0 0.683274 0.316726 
 ----> open 222 0 0.649384 0.350616 
 ----> open 223 1 0.677126 0.322874 
 ----> open 224 0 0.659734 0.340266 
 ----> open 225 0 0.715827 0.284173 
 ----> open 226 1 0.657102 0.342898 
 ----> open 227 1 0.657751 0.342249 
 ----> open 228 0 0.696463 0.303537 
 ----> open 229 1 0.616182 0.383818 
 ----> open 230 0 0.656748 0.343252 
 ----> open 231 0 0.683017 0.316983 
 ----> open 232 1 0.616915 0.383085 
 ----> open 233 1 0.651274 0.348726 
 ----> open 234 0 0.655313 0.344687 
 ----> open 235 0 0.706914 0.293086 
 ----> open 236 1 0.644128 0.355872 
 ----> open 237 0 0.695326 0.304674 
 ----> open 238 0 0.690415 0.309585 
 ----> open 239 0 0.646427 0.353573 
 ----> open 240 0 0.62871 0.37129 
 ----> open 241 1 0.649411 0.350589 
 ----> open 242 0 0.641985 0.358015 
 ----> open 243 1 0.667888 0.332112 
 ----> open 244 0 0.634155 0.365845 
 ----> open 245 1 0.645753 0.354247 
 ----> open 246 1 0.616678 0.383322 
 ----> open 247 0 0.653476 0.346524 
 ----> open 248 0 0.669677 0.330323 
 ----> open 249 1 0.641781 0.358219 
 ----> open 250 0 0.700331 0.299669 
 ----> open 251 0 0.640087 0.359913 
 ----> open 252 0 0.646185 0.353815 
 ----> open 253 0 0.667601 0.332399 
 ----> open 254 1 0.653718 0.346282 
 ----> open 255 0 0.667815 0.332185 
 ----> open 256 1 0.640433 0.359567 
 ----> open 257 1 0.575621 0.424379 
 ----> open 258 0 0.672854 0.327146 
 ----> open 259 0 0.641367 0.358633 
 ----> open 260 1 0.63131 0.36869 
 ----> open 261 1 0.606729 0.393271 
 ----> open 262 1 0.640251 0.359749 
 ----> open 263 0 0.704093 0.295907 
 ----> open 264 1 0.625723 0.374277 
 ----> open 265 1 0.631692 0.368308 
 ----> open 266 1 0.60272 0.39728 
 ----> open 267 0 0.667999 0.332001 
 ----> open 268 0 0.653708 0.346292 
 ----> open 269 0 0.701121 0.298879 
 ----> open 270 0 0.674271 0.325729 
 ----> open 271 1 0.649108 0.350892 
 ----> open 272 1 0.631624 0.368376 
 ----> open 273 0 0.650643 0.349357 
 ----> open 274 0 0.65974 0.34026 
 ----> open 275 0 0.670754 0.329246 
 ----> open 276 0 0.618689 0.381311 
 ----> open 277 0 0.662822 0.337178 
 ----> open 278 0 0.679351 0.320649 
 ----> open 279 0 0.678376 0.321624 
 ----> open 280 1 0.617156 0.382844 
 ----> open 281 1 0.626186 0.373814 
 ----> open 282 0 0.669574 0.330426 
 ----> open 283 1 0.628624 0.371376 
 ----> open 284 1 0.608053 0.391947 
 ----> open 285 0 0.672865 0.327135 
 ----> open 286 0 0.670573 0.329427 
 ----> open 287 0 0.667436 0.332564 
 ----> open 288 1 0.63193 0.36807 
 ----> open 289 1 0.633819 0.366181 
 ----> open 290 0 0.665281 0.334719 
 ----> open 291 0 0.649514 0.350486 
 ----> open 292 1 0.63574 0.36426 
 ----> open 293 0 0.665153 0.334847 
 ----> open 294 0 0.686552 0.313448 
 ----> open 295 1 0.599526 0.400474 
 ----> open 296 0 0.679902 0.320098 
 ----> open 297 0 0.644164 0.355836 
 ----> open 298 1 0.65853 0.34147 
 ----> open 299 0 0.625948 0.374052 
 ----> open 300 1 0.629878 0.370122 
 ----> open 301 0 0.672265 0.327735 
 ----> open 302 0 0.654119 0.345881 
 ----> open 303 0 0.69677 0.30323 
 ----> open 304 0 0.698919 0.301081 
 ----> open 305 1 0.577744 0.422256 
 ----> open 306 0 0.688466 0.311534 
 ----> open 307 0 0.646801 0.353199 
 ----> open 308 0 0.65869 0.34131 
 ----> open 309 1 0.631942 0.368058 
 ----> open 310 1 0.66465 0.33535 
 ----> open 311 0 0.670062 0.329938 
 ----> open 312 0 0.651622 0.348378 
 ----> open 313 0 0.64862 0.35138 
 ----> open 314 1 0.641621 0.358379 
 ----> open 315 0 0.639387 0.360613 
 ----> open 316 0 0.638552 0.361448 
 ----> open 317 0 0.671684 0.328316 
 ----> open 318 0 0.627479 0.372521 
 ----> open 319 0 0.68213 0.31787 
 ----> open 320 0 0.677311 0.322689 
 ----> open 321 0 0.645851 0.354149 
 ----> open 322 0 0.65323 0.34677 
 ----> open 323 1 0.556629 0.443371 
 ----> open 324 0 0.666813 0.333187 
 ----> open 325 0 0.667916 0.332084 
 ----> open 326 0 0.661283 0.338717 
 ----> open 327 1 0.641878 0.358122 
 ----> open 328 1 0.61915 0.38085 
 ----> open 329 0 0.655031 0.344969 
 ----> open 330 0 0.638132 0.361868 
 ----> open 331 0 0.646527 0.353473 
 ----> open 332 0 0.712779 0.287221 
 ----> open 333 0 0.672863 0.327137 
 ----> open 334 1 0.623778 0.376222 
 ----> open 335 1 0.615302 0.384698 
 ----> open 336 1 0.639185 0.360815 
 ----> open 337 1 0.625803 0.374197 
 ----> open 338 1 0.645035 0.354965 
 ----> open 339 0 0.627177 0.372823 
 ----> open 340 0 0.668885 0.331115 
 ----> open 341 0 0.664128 0.335872 
 ----> open 342 1 0.648252 0.351748 
 ----> open 343 1 0.668095 0.331905 
 ----> open 344 0 0.644822 0.355178 
 ----> open 345 0 0.679705 0.320295 
 ----> open 346 0 0.700223 0.299777 
 ----> open 347 0 0.683176 0.316824 
 ----> open 348 1 0.644657 0.355343 
 ----> open 349 0 0.661294 0.338706 
 ----> open 350 0 0.650813 0.349187 
 ----> open 351 1 0.667471 0.332529 
 ----> open 352 0 0.670728 0.329272 
 ----> open 353 0 0.661065 0.338935 
 ----> open 354 0 0.653573 0.346427 
 ----> open 355 0 0.675513 0.324487 
 ----> open 356 1 0.634655 0.365345 
 ----> open 357 0 0.670253 0.329747 
 ----> open 358 1 0.647379 0.352621 
 ----> open 359 0 0.683847 0.316153 
 ----> open 360 0 0.657631 0.342369 
 ----> open 361 0 0.708412 0.291588 
 ----> open 362 0 0.691096 0.308904 
 ----> open 363 1 0.660523 0.339477 
 ----> open 364 0 0.671934 0.328066 
 ----> open 365 0 0.721363 0.278637 
 ----> open 366 0 0.676545 0.323455 
 ----> open 367 1 0.653699 0.346301 
 ----> open 368 0 0.696504 0.303496 
 ----> open 369 0 0.668791 0.331209 
 ----> open 370 0 0.691134 0.308866 
 ----> open 371 1 0.659179 0.340821 
 ----> open 372 0 0.683363 0.316637 
 ----> open 373 0 0.655118 0.344882 
 ----> open 374 0 0.616795 0.383205 
 ----> open 375 0 0.67808 0.32192 
 ----> open 376 1 0.672526 0.327474 
 ----> open 377 0 0.701112 0.298888 
 ----> open 378 0 0.660437 0.339563 
 ----> open 379 1 0.593858 0.406142 
 ----> open 380 0 0.652506 0.347494 
 ----> open 381 0 0.702868 0.297132 
 ----> open 382 0 0.688664 0.311336 
 ----> open 383 0 0.671347 0.328653 
 ----> open 384 0 0.664641 0.335359 
 ----> open 385 0 0.670266 0.329734 
 ----> open 386 1 0.633253 0.366747 
 ----> open 387 0 0.670843 0.329157 
 ----> open 388 1 0.662248 0.337752 
 ----> open 389 1 0.671695 0.328305 
 ----> open 390 0 0.663752 0.336248 
 ----> open 391 0 0.686161 0.313839 
 ----> open 392 0 0.673408 0.326592 
 ----> open 393 0 0.688095 0.311905 
 ----> open 394 1 0.692165 0.307835 
 ----> open 395 0 0.681536 0.318464 
 ----> open 396 0 0.686814 0.313186 
 ----> open 397 0 0.67011 0.32989 
 ----> open 398 0 0.669867 0.330133 
 ----> open 399 1 0.608849 0.391151 
 ----> open 400 1 0.641768 0.358232 
 ----> open 401 1 0.663695 0.336305 
 ----> open 402 0 0.69759 0.30241 
 ----> open 403 0 0.645011 0.354989 
 ----> open 404 0 0.666232 0.333768 
 ----> open 405 0 0.635241 0.364759 
 ----> open 406 1 0.624327 0.375673 
 ----> open 407 1 0.652049 0.347951 
 ----> open 408 0 0.683802 0.316198 
 ----> open 409 0 0.66269 0.33731 
 ----> open 410 0 0.703388 0.296612 
 ----> open 411 0 0.662128 0.337872 
 ----> open 412 0 0.680326 0.319674 
 ----> open 413 0 0.616938 0.383062 
 ----> open 414 1 0.63792 0.36208 
 ----> open 415 1 0.638898 0.361102 
 ----> open 416 1 0.6363 0.3637 
 ----> open 417 0 0.651371 0.348629 
 ----> open 418 0 0.688193 0.311807 
 ----> open 419 1 0.641138 0.358862 
 ----> open 420 0 0.663127 0.336873 
 ----> open 421 0 0.636906 0.363094 
 ----> open 422 0 0.677006 0.322994 
 ----> open 423 0 0.714967 0.285033 
 ----> open 424 0 0.684406 0.315594 
 ----> open 425 0 0.703368 0.296632 
 ----> open 426 0 0.638366 0.361634 
 ----> open 427 1 0.641334 0.358666 
 ----> open 428 0 0.66309 0.33691 
 ----> open 429 0 0.717159 0.282841 
 ----> open 430 0 0.619543 0.380457 
 ----> open 431 0 0.627646 0.372354 
 ----> open 432 0 0.686621 0.313379 
 ----> open 433 0 0.711083 0.288917 
 ----> open 434 0 0.668584 0.331416 
 ----> open 435 1 0.663198 0.336802 
 ----> open 436 1 0.648958 0.351042 
 ----> open 437 0 0.677448 0.322552 
 ----> open 438 0 0.701555 0.298445 
 ----> open 439 0 0.674663 0.325337 
 ----> open 440 1 0.646409 0.353591 
 ----> open 441 0 0.699481 0.300519 
 ----> open 442 0 0.70453 0.29547 
 ----> open 443 0 0.668388 0.331612 
 ----> open 444 0 0.684073 0.315927 
 ----> open 445 0 0.708091 0.291909 
 ----> open 446 1 0.658534 0.341466 
 ----> open 447 0 0.643823 0.356177 
 ----> open 448 0 0.69457 0.30543 
 ----> open 449 0 0.58687 0.41313 
 ----> open 450 0 0.667188 0.332812 
 ----> open 451 0 0.67936 0.32064 
 ----> open 452 0 0.692431 0.307569 
 ----> open 453 0 0.635299 0.364701 
 ----> open 454 0 0.695448 0.304552 
 ----> open 455 0 0.69819 0.30181 
 ----> open 456 0 0.712056 0.287944 
 ----> open 457 0 0.703898 0.296102 
 ----> open 458 0 0.691045 0.308955 
 ----> open 459 1 0.649803 0.350197 
 ----> open 460 0 0.651383 0.348617 
 ----> open 461 0 0.689911 0.310089 
 ----> open 462 0 0.671109 0.328891 
 ----> open 463 0 0.66225 0.33775 
 ----> open 464 0 0.673957 0.326043 
 ----> open 465 0 0.633617 0.366383 
 ----> open 466 0 0.681372 0.318628 
 ----> open 467 1 0.631596 0.368404 
 ----> open 468 1 0.620069 0.379931 
 ----> open 469 0 0.668562 0.331438 
 ----> open 470 0 0.639432 0.360568 
 ----> open 471 1 0.589669 0.410331 
 ----> open 472 1 0.612372 0.387628 
 ----> open 473 0 0.643557 0.356443 
 ----> open 474 1 0.611534 0.388466 
 ----> open 475 0 0.672304 0.327696 
 ----> open 476 0 0.65019 0.34981 
 ----> open 477 0 0.633219 0.366781 
 ----> open 478 1 0.631042 0.368958 
 ----> open 479 0 0.687452 0.312548 
 ----> open 480 0 0.636277 0.363723 
 ----> open 481 0 0.656801 0.343199 
 ----> open 482 0 0.630653 0.369347 
 ----> open 483 0 0.69826 0.30174 
 ----> open 484 1 0.658172 0.341828 
 ----> open 485 0 0.634627 0.365373 
 ----> open 486 0 0.652322 0.347678 
 ----> open 487 0 0.656842 0.343158 
 ----> open 488 0 0.669182 0.330818 
 ----> open 489 1 0.629371 0.370629 
 ----> open 490 1 0.64955 0.35045 
 ----> open 491 0 0.667647 0.332353 
 ----> open 492 1 0.661812 0.338188 
 ----> open 493 0 0.629944 0.370056 
 ----> open 494 0 0.672299 0.327701 
 ----> open 495 0 0.640239 0.359761 
 ----> open 496 1 0.621472 0.378528 
 ----> open 497 0 0.635052 0.364948 
 ----> open 498 0 0.646408 0.353592 
 ----> open 499 0 0.679672 0.320328 
 ----> open 500 0 0.665453 0.334547 
 ----> open 501 1 0.613564 0.386436 
 ----> open 502 0 0.654859 0.345141 
 ----> open 503 0 0.649929 0.350071 
 ----> open 504 1 0.658853 0.341147 
 ----> open 505 0 0.6653 0.3347 
 ----> open 506 0 0.679024 0.320976 
 ----> open 507 0 0.658209 0.341791 
 ----> open 508 0 0.700405 0.299595 
 ----> open 509 1 0.587611 0.412389 
 ----> open 510 1 0.67203 0.32797 
 ----> open 511 0 0.641237 0.358763 
 ----> open 512 0 0.676314 0.323686 
 ----> open 513 0 0.675035 0.324965 
 ----> open 514 0 0.64482 0.35518 
 ----> open 515 1 0.623692 0.376308 
 ----> open 516 0 0.669446 0.330554 
 ----> open 517 1 0.583331 0.416669 
 ----> open 518 1 0.659555 0.340445 
 ----> open 519 0 0.690172 0.309828 
 ----> open 520 0 0.639656 0.360344 
 ----> open 521 1 0.612545 0.387455 
 ----> open 522 1 0.660473 0.339527 
 ----> open 523 0 0.66675 0.33325 
 ----> open 524 1 0.588993 0.411007 
 ----> open 525 0 0.709742 0.290258 
 ----> open 526 0 0.691612 0.308388 
 ----> open 527 0 0.641519 0.358481 
 ----> open 528 0 0.656568 0.343432 
 ----> open 529 0 0.715793 0.284207 
 ----> open 530 1 0.65186 0.34814 
 ----> open 531 0 0.675815 0.324185 
 ----> open 532 1 0.620001 0.379999 
 ----> open 533 0 0.636608 0.363392 
 ----> open 534 0 0.672679 0.327321 
 ----> open 535 0 0.682682 0.317318 
 ----> open 536 1 0.635431 0.364569 
 ----> open 537 0 0.673251 0.326749 
 ----> open 538 0 0.666697 0.333303 
 ----> open 539 0 0.656878 0.343122 
 ----> open 540 1 0.62769 0.37231 
 ----> open 541 0 0.670581 0.329419 
 ----> open 542 1 0.655424 0.344576 
 ----> open 543 0 0.637218 0.362782 
 ----> open 544 1 0.633756 0.366244 
 ----> open 545 0 0.658327 0.341673 
 ----> open 546 1 0.635547 0.364453 
 ----> open 547 0 0.636608 0.363392 
 ----> open 548 0 0.689497 0.310503 
 ----> open 549 1 0.596454 0.403546 
 ----> open 550 0 0.645516 0.354484 
 ----> open 551 1 0.636211 0.363789 
 ----> open 552 0 0.702981 0.297019 
 ----> open 553 1 0.666837 0.333163 
 ----> open 554 0 0.669298 0.330702 
 ----> open 555 1 0.63398 0.36602 
 ----> open 556 1 0.649153 0.350847 
 ----> open 557 0 0.712331 0.287669 
 ----> open 558 0 0.665078 0.334922 
 ----> open 559 0 0.697768 0.302232 
 ----> open 560 0 0.696469 0.303531 
 ----> open 561 0 0.66227 0.33773 
 ----> open 562 1 0.60273 0.39727 
 ----> open 563 0 0.659244 0.340756 
 ----> open 564 0 0.717709 0.282291 
 ----> open 565 0 0.693685 0.306315 
 ----> open 566 0 0.670146 0.329854 
 ----> open 567 0 0.652203 0.347797 
 ----> open 568 0 0.68233 0.31767 
 ----> open 569 0 0.679273 0.320727 
 ----> open 570 1 0.637477 0.362523 
 ----> open 571 0 0.667214 0.332786 
 ----> open 572 1 0.615966 0.384034 
 ----> open 573 0 0.65128 0.34872 
 ----> open 574 0 0.676857 0.323143 
 ----> open 575 0 0.659011 0.340989 
 ----> open 576 1 0.652038 0.347962 
 ----> open 577 0 0.703785 0.296215 
 ----> open 578 1 0.637271 0.362729 
 ----> open 579 0 0.662533 0.337467 
 ----> open 580 0 0.651291 0.348709 
 ----> open 581 1 0.606664 0.393336 
 ----> open 582 0 0.673899 0.326101 
 ----> open 583 0 0.681635 0.318365 
 ----> open 584 1 0.640683 0.359317 
 ----> open 585 1 0.671971 0.328029 
 ----> open 586 0 0.638889 0.361111 
 ----> open 587 0 0.694298 0.305702 
 ----> open 588 0 0.648576 0.351424 
 ----> open 589 0 0.665966 0.334034 
 ----> open 590 1 0.650183 0.349817 
 ----> open 591 0 0.711373 0.288627 
 ----> open 592 1 0.611659 0.388341 
 ----> open 593 0 0.716939 0.283061 
 ----> open 594 1 0.620588 0.379412 
 ----> open 595 0 0.7016 0.2984 
 ----> open 596 0 0.662038 0.337962 
 ----> open 597 0 0.683495 0.316505 
 ----> open 598 0 0.692626 0.307374 
 ----> open 599 0 0.704477 0.295523 
 ----> open 600 0 0.619518 0.380482 
 ----> open 601 0 0.69208 0.30792 
 ----> open 602 0 0.686724 0.313276 
 ----> open 603 1 0.651659 0.348341 
 ----> open 604 0 0.666331 0.333669 
 ----> open 605 0 0.666163 0.333837 
 ----> open 606 0 0.69301 0.30699 
 ----> open 607 0 0.715156 0.284844 
 ----> open 608 1 0.651595 0.348405 
 ----> open 609 0 0.671007 0.328993 
 ----> open 610 0 0.699809 0.300191 
 ----> open 611 0 0.689441 0.310559 
 ----> open 612 0 0.71932 0.28068 
 ----> open 613 0 0.662222 0.337778 
 ----> open 614 0 0.687775 0.312225 
 ----> open 615 0 0.647381 0.352619 
 ----> open 616 0 0.657582 0.342418 
 ----> open 617 0 0.703369 0.296631 
 ----> open 618 0 0.659117 0.340883 
 ----> open 619 1 0.624671 0.375329 
 ----> open 620 1 0.665388 0.334612 
 ----> open 621 0 0.684204 0.315796 
 ----> open 622 0 0.650368 0.349632 
 ----> open 623 0 0.661245 0.338755 
 ----> open 624 1 0.588711 0.411289 
 ----> open 625 0 0.690412 0.309588 
 ----> open 626 0 0.687816 0.312184 
 ----> open 627 0 0.673701 0.326299 
 ----> open 628 0 0.667169 0.332831 
 ----> open 629 1 0.649392 0.350608 
 ----> open 630 1 0.610703 0.389297 
 ----> open 631 0 0.68212 0.31788 
 ----> open 632 1 0.592766 0.407234 
 ----> open 633 1 0.615821 0.384179 
 ----> open 634 0 0.667567 0.332433 
 ----> open 635 1 0.654304 0.345696 
 ----> open 636 0 0.719825 0.280175 
 ----> open 637 0 0.685792 0.314208 
 ----> open 638 0 0.67079 0.32921 
 ----> open 639 0 0.695182 0.304818 
 ----> open 640 1 0.641606 0.358394 
 ----> open 641 0 0.684576 0.315424 
 ----> open 642 0 0.649094 0.350906 
 ----> open 643 0 0.686739 0.313261 
 ----> open 644 1 0.648055 0.351945 
 ----> open 645 0 0.677995 0.322005 
 ----> open 646 0 0.678366 0.321634 
 ----> open 647 1 0.640521 0.359479 
 ----> open 648 0 0.655148 0.344852 
 ----> open 649 0 0.64403 0.35597 
 ----> open 650 0 0.657369 0.342631 
 ----> open 651 0 0.648479 0.351521 
 ----> open 652 1 0.654173 0.345827 
 ----> open 653 0 0.660065 0.339935 
 ----> open 654 1 0.634913 0.365087 
 ----> open 655 0 0.708826 0.291174 
 ----> open 656 0 0.685717 0.314283 
 ----> open 657 0 0.69453 0.30547 
 ----> open 658 0 0.681244 0.318756 
 ----> open 659 0 0.661693 0.338307 
 ----> open 660 0 0.650665 0.349335 
 ----> open 661 0 0.665052 0.334948 
 ----> open 662 0 0.704583 0.295417 
 ----> open 663 0 0.667171 0.332829 
 ----> open 664 1 0.643038 0.356962 
 ----> open 665 0 0.660468 0.339532 
 ----> open 666 1 0.600434 0.399566 
 ----> open 667 0 0.677741 0.322259 
 ----> open 668 0 0.648659 0.351341 
 ----> open 669 0 0.72475 0.27525 
 ----> open 670 0 0.709709 0.290291 
 ----> open 671 0 0.663653 0.336347 
 ----> open 672 0 0.723949 0.276051 
 ----> open 673 0 0.651174 0.348826 
 ----> open 674 0 0.718219 0.281781 
 ----> open 675 1 0.5652 0.4348 
 ----> open 676 1 0.637222 0.362778 
 ----> open 677 1 0.660427 0.339573 
 ----> open 678 1 0.638122 0.361878 
 ----> open 679 1 0.617763 0.382237 
 ----> open 680 0 0.675419 0.324581 
 ----> open 681 1 0.635268 0.364732 
 ----> open 682 0 0.64034 0.35966 
 ----> open 683 0 0.669169 0.330831 
 ----> open 684 0 0.663054 0.336946 
 ----> open 685 1 0.617474 0.382526 
 ----> open 686 0 0.64077 0.35923 
 ----> open 687 0 0.691339 0.308661 
 ----> open 688 0 0.649871 0.350129 
 ----> open 689 0 0.698016 0.301984 
 ----> open 690 1 0.650774 0.349226 
 ----> open 691 1 0.650744 0.349256 
 ----> open 692 0 0.660697 0.339303 
 ----> open 693 0 0.684591 0.315409 
 ----> open 694 1 0.637322 0.362678 
 ----> open 695 0 0.67665 0.32335 
 ----> open 696 0 0.657604 0.342396 
 ----> open 697 0 0.667555 0.332445 
 ----> open 698 0 0.649743 0.350257 
 ----> open 699 0 0.633926 0.366074 
 ----> open 700 0 0.657481 0.342519 
 ----> open 701 0 0.649291 0.350709 
 ----> open 702 0 0.670862 0.329138 
 ----> open 703 0 0.626311 0.373689 
 ----> open 704 0 0.684066 0.315934 
 ----> open 705 0 0.702009 0.297991 
 ----> open 706 0 0.659561 0.340439 
 ----> open 707 0 0.676932 0.323068 
 ----> open 708 0 0.661353 0.338647 
 ----> open 709 0 0.671646 0.328354 
 ----> open 710 0 0.64114 0.35886 
 ----> open 711 0 0.657716 0.342284 
 ----> open 712 0 0.634517 0.365483 
 ----> open 713 0 0.655226 0.344774 
 ----> open 714 1 0.653096 0.346904 
 ----> open 715 1 0.696634 0.303366 
 ----> open 716 1 0.70848 0.29152 
 ----> open 717 0 0.612075 0.387925 
 ----> open 718 0 0.628966 0.371034 
