 ----> open 1 0 0.899689 0.100311 
 ----> open 2 1 0.173072 0.826928 
 ----> open 3 0 0.900075 0.099925 
 ----> open 4 1 0.217727 0.782273 
 ----> open 5 1 0.255666 0.744334 
 ----> open 6 1 0.255973 0.744027 
 ----> open 7 1 0.270537 0.729463 
 ----> open 8 0 0.817261 0.182739 
 ----> open 9 0 0.872824 0.127176 
 ----> open 10 0 0.870538 0.129462 
 ----> open 11 1 0.242626 0.757374 
 ----> open 12 1 0.269893 0.730107 
 ----> open 13 0 0.802144 0.197856 
 ----> open 14 1 0.834305 0.165695 
 ----> open 15 1 0.300354 0.699646 
 ----> open 16 1 0.330603 0.669397 
 ----> open 17 1 0.330622 0.669378 
 ----> open 18 0 0.335404 0.664596 
 ----> open 19 0 0.782445 0.217555 
 ----> open 20 0 0.830124 0.169876 
 ----> open 21 1 0.812364 0.187636 
 ----> open 22 1 0.333183 0.666817 
 ----> open 23 0 0.823721 0.176279 
 ----> open 24 0 0.844222 0.155778 
 ----> open 25 0 0.822707 0.177293 
 ----> open 26 0 0.812316 0.187684 
 ----> open 27 1 0.292991 0.707009 
 ----> open 28 1 0.325651 0.674349 
 ----> open 29 1 0.341067 0.658933 
 ----> open 30 0 0.78125 0.21875 
 ----> open 31 1 0.823259 0.176741 
 ----> open 32 0 0.814215 0.185785 
 ----> open 33 0 0.830499 0.169501 
 ----> open 34 0 0.803492 0.196508 
 ----> open 35 1 0.331287 0.668713 
 ----> open 36 1 0.353633 0.646367 
 ----> open 37 0 0.762315 0.237685 
 ----> open 38 0 0.813509 0.186491 
 ----> open 39 0 0.802016 0.197984 
 ----> open 40 0 0.791608 0.208392 
 ----> open 41 1 0.364798 0.635202 
 ----> open 42 1 0.377185 0.622815 
 ----> open 43 1 0.373259 0.626741 
 ----> open 44 0 0.765244 0.234756 
 ----> open 45 1 0.371381 0.628619 
 ----> open 46 1 0.413697 0.586303 
 ----> open 47 0 0.763165 0.236835 
 ----> open 48 0 0.392512 0.607488 
 ----> open 49 1 0.406676 0.593324 
 ----> open 50 1 0.431489 0.568511 
 ----> open 51 1 0.436415 0.563585 
 ----> open 52 0 0.77627 0.22373 
 ----> open 53 1 0.406121 0.593879 
 ----> open 54 0 0.747013 0.252987 
 ----> open 55 0 0.770189 0.229811 
 ----> open 56 0 0.770725 0.229275 
 ----> open 57 1 0.351739 0.648261 
 ----> open 58 1 0.414163 0.585837 
 ----> open 59 0 0.742967 0.257033 
 ----> open 60 1 0.415648 0.584352 
 ----> open 61 0 0.769379 0.230621 
 ----> open 62 0 0.769793 0.230207 
 ----> open 63 0 0.781056 0.218944 
 ----> open 64 1 0.410933 0.589067 
 ----> open 65 1 0.431751 0.568249 
 ----> open 66 0 0.734556 0.265444 
 ----> open 67 0 0.768617 0.231383 
 ----> open 68 1 0.421061 0.578939 
 ----> open 69 0 0.452509 0.547491 
 ----> open 70 0 0.738466 0.261534 
 ----> open 71 1 0.423468 0.576532 
 ----> open 72 1 0.384453 0.615547 
 ----> open 73 0 0.466285 0.533715 
 ----> open 74 1 0.72826 0.27174 
 ----> open 75 0 0.772562 0.227438 
 ----> open 76 0 0.811013 0.188987 
 ----> open 77 1 0.408601 0.591399 
 ----> open 78 0 0.793624 0.206376 
 ----> open 79 1 0.396981 0.603019 
 ----> open 80 0 0.770364 0.229636 
 ----> open 81 0 0.42911 0.57089 
 ----> open 82 1 0.432562 0.567438 
 ----> open 83 1 0.399979 0.600021 
 ----> open 84 1 0.407831 0.592169 
 ----> open 85 0 0.484382 0.515618 
 ----> open 86 1 0.741752 0.258248 
 ----> open 87 0 0.778453 0.221547 
 ----> open 88 1 0.403236 0.596764 
 ----> open 89 1 0.419788 0.580212 
 ----> open 90 0 0.466735 0.533265 
 ----> open 91 1 0.427754 0.572246 
 ----> open 92 1 0.413875 0.586125 
 ----> open 93 0 0.760953 0.239047 
 ----> open 94 0 0.771809 0.228191 
 ----> open 95 1 0.416793 0.583207 
 ----> open 96 0 0.767688 0.232312 
 ----> open 97 0 0.793419 0.206581 
 ----> open 98 1 0.416862 0.583138 
 ----> open 99 1 0.440939 0.559061 
 ----> open 100 1 0.41691 0.58309 
 ----> open 101 0 0.742228 0.257772 
 ----> open 102 1 0.416521 0.583479 
 ----> open 103 0 0.78795 0.21205 
 ----> open 104 0 0.765427 0.234573 
 ----> open 105 0 0.768352 0.231648 
 ----> open 106 1 0.406785 0.593215 
 ----> open 107 0 0.761343 0.238657 
 ----> open 108 0 0.760069 0.239931 
 ----> open 109 0 0.758649 0.241351 
 ----> open 110 0 0.76498 0.23502 
 ----> open 111 1 0.402058 0.597942 
 ----> open 112 0 0.778706 0.221294 
 ----> open 113 0 0.787658 0.212342 
 ----> open 114 1 0.414916 0.585084 
 ----> open 115 1 0.410258 0.589742 
 ----> open 116 0 0.752857 0.247143 
 ----> open 117 0 0.809402 0.190598 
 ----> open 118 1 0.398955 0.601045 
 ----> open 119 1 0.413157 0.586843 
 ----> open 120 1 0.429227 0.570773 
 ----> open 121 0 0.75809 0.24191 
 ----> open 122 1 0.721001 0.278999 
 ----> open 123 1 0.395992 0.604008 
 ----> open 124 1 0.419767 0.580233 
 ----> open 125 0 0.756603 0.243397 
 ----> open 126 1 0.426477 0.573523 
 ----> open 127 0 0.754903 0.245097 
 ----> open 128 0 0.78471 0.21529 
 ----> open 129 0 0.780875 0.219125 
 ----> open 130 1 0.378579 0.621421 
 ----> open 131 0 0.794577 0.205423 
 ----> open 132 0 0.775617 0.224383 
 ----> open 133 0 0.772907 0.227093 
 ----> open 134 1 0.398283 0.601717 
 ----> open 135 1 0.408421 0.591579 
 ----> open 136 1 0.430423 0.569577 
 ----> open 137 0 0.749665 0.250335 
 ----> open 138 1 0.369111 0.630889 
 ----> open 139 0 0.794329 0.205671 
 ----> open 140 0 0.769364 0.230636 
 ----> open 141 1 0.39308 0.60692 
 ----> open 142 0 0.443124 0.556876 
 ----> open 143 1 0.411807 0.588193 
 ----> open 144 0 0.733222 0.266778 
 ----> open 145 1 0.400225 0.599775 
 ----> open 146 0 0.770912 0.229088 
 ----> open 147 0 0.772696 0.227304 
 ----> open 148 0 0.802294 0.197706 
 ----> open 149 1 0.755915 0.244085 
 ----> open 150 1 0.399965 0.600035 
 ----> open 151 1 0.424097 0.575903 
 ----> open 152 1 0.444417 0.555583 
 ----> open 153 0 0.750582 0.249418 
 ----> open 154 0 0.780626 0.219374 
 ----> open 155 1 0.780102 0.219898 
 ----> open 156 0 0.421959 0.578041 
 ----> open 157 1 0.434158 0.565842 
 ----> open 158 1 0.419093 0.580907 
 ----> open 159 1 0.723755 0.276245 
 ----> open 160 0 0.430512 0.569488 
 ----> open 161 0 0.789031 0.210969 
 ----> open 162 0 0.769756 0.230244 
 ----> open 163 1 0.434877 0.565123 
 ----> open 164 1 0.424889 0.575111 
 ----> open 165 1 0.419341 0.580659 
 ----> open 166 1 0.434621 0.565379 
 ----> open 167 0 0.767054 0.232946 
 ----> open 168 1 0.40241 0.59759 
 ----> open 169 0 0.773254 0.226746 
 ----> open 170 0 0.769494 0.230506 
 ----> open 171 1 0.399696 0.600304 
 ----> open 172 1 0.436239 0.563761 
 ----> open 173 1 0.736258 0.263742 
 ----> open 174 1 0.402563 0.597437 
 ----> open 175 1 0.726178 0.273822 
 ----> open 176 0 0.435121 0.564879 
 ----> open 177 0 0.779809 0.220191 
 ----> open 178 0 0.78113 0.21887 
 ----> open 179 1 0.402303 0.597697 
 ----> open 180 0 0.764163 0.235837 
 ----> open 181 0 0.746868 0.253132 
 ----> open 182 0 0.777416 0.222584 
 ----> open 183 0 0.788126 0.211874 
 ----> open 184 1 0.402747 0.597253 
 ----> open 185 1 0.435702 0.564298 
 ----> open 186 0 0.450107 0.549893 
 ----> open 187 0 0.772754 0.227246 
 ----> open 188 1 0.724642 0.275358 
 ----> open 189 0 0.43472 0.56528 
 ----> open 190 1 0.430552 0.569448 
 ----> open 191 1 0.724886 0.275114 
 ----> open 192 0 0.788735 0.211265 
 ----> open 193 1 0.41866 0.58134 
 ----> open 194 0 0.791241 0.208759 
 ----> open 195 0 0.771671 0.228329 
 ----> open 196 0 0.783413 0.216587 
 ----> open 197 1 0.404552 0.595448 
 ----> open 198 0 0.784668 0.215332 
 ----> open 199 0 0.791283 0.208717 
 ----> open 200 0 0.749987 0.250013 
 ----> open 201 1 0.748268 0.251732 
 ----> open 202 0 0.771957 0.228043 
 ----> open 203 0 0.776707 0.223293 
 ----> open 204 1 0.399344 0.600656 
 ----> open 205 1 0.436503 0.563497 
 ----> open 206 0 0.741408 0.258592 
 ----> open 207 0 0.403782 0.596218 
 ----> open 208 1 0.420157 0.579843 
 ----> open 209 0 0.730009 0.269991 
 ----> open 210 0 0.789369 0.210631 
 ----> open 211 0 0.766302 0.233698 
 ----> open 212 0 0.790825 0.209175 
 ----> open 213 0 0.772277 0.227723 
 ----> open 214 1 0.411038 0.588962 
 ----> open 215 0 0.783389 0.216611 
 ----> open 216 1 0.436241 0.563759 
 ----> open 217 0 0.785498 0.214502 
 ----> open 218 1 0.374304 0.625696 
 ----> open 219 0 0.790529 0.209471 
 ----> open 220 0 0.785891 0.214109 
 ----> open 221 0 0.769346 0.230654 
 ----> open 222 0 0.783653 0.216347 
 ----> open 223 1 0.444454 0.555546 
 ----> open 224 0 0.448073 0.551927 
 ----> open 225 0 0.75803 0.24197 
 ----> open 226 1 0.412731 0.587269 
 ----> open 227 1 0.434167 0.565833 
 ----> open 228 0 0.748421 0.251579 
 ----> open 229 1 0.779513 0.220487 
 ----> open 230 0 0.761665 0.238335 
 ----> open 231 0 0.772726 0.227274 
 ----> open 232 1 0.748072 0.251928 
 ----> open 233 1 0.425542 0.574458 
 ----> open 234 0 0.784482 0.215518 
 ----> open 235 0 0.764085 0.235915 
 ----> open 236 1 0.762808 0.237192 
 ----> open 237 0 0.416948 0.583052 
 ----> open 238 0 0.788975 0.211025 
 ----> open 239 0 0.782101 0.217899 
 ----> open 240 0 0.80459 0.19541 
 ----> open 241 1 0.399624 0.600376 
 ----> open 242 0 0.798728 0.201272 
 ----> open 243 1 0.435635 0.564365 
 ----> open 244 0 0.782388 0.217612 
 ----> open 245 1 0.418598 0.581402 
 ----> open 246 1 0.41621 0.58379 
 ----> open 247 0 0.772551 0.227449 
 ----> open 248 0 0.816372 0.183628 
 ----> open 249 1 0.432376 0.567624 
 ----> open 250 0 0.426219 0.573781 
 ----> open 251 0 0.748189 0.251811 
 ----> open 252 0 0.810303 0.189697 
 ----> open 253 0 0.760596 0.239404 
 ----> open 254 1 0.424318 0.575682 
 ----> open 255 0 0.796693 0.203307 
 ----> open 256 1 0.410825 0.589175 
 ----> open 257 1 0.764028 0.235972 
 ----> open 258 0 0.769296 0.230704 
 ----> open 259 0 0.767489 0.232511 
 ----> open 260 1 0.739551 0.260449 
 ----> open 261 1 0.409715 0.590285 
 ----> open 262 1 0.428073 0.571927 
 ----> open 263 0 0.762716 0.237284 
 ----> open 264 1 0.417021 0.582979 
 ----> open 265 1 0.43728 0.56272 
 ----> open 266 1 0.422988 0.577012 
 ----> open 267 0 0.766256 0.233744 
 ----> open 268 0 0.773243 0.226757 
 ----> open 269 0 0.400893 0.599107 
 ----> open 270 0 0.77874 0.22126 
 ----> open 271 1 0.427999 0.572001 
 ----> open 272 1 0.439488 0.560512 
 ----> open 273 0 0.753694 0.246306 
 ----> open 274 0 0.805619 0.194381 
 ----> open 275 0 0.43659 0.56341 
 ----> open 276 0 0.436886 0.563114 
 ----> open 277 0 0.756673 0.243327 
 ----> open 278 0 0.803967 0.196033 
 ----> open 279 0 0.766058 0.233942 
 ----> open 280 1 0.421019 0.578981 
 ----> open 281 1 0.413118 0.586882 
 ----> open 282 0 0.75051 0.24949 
 ----> open 283 1 0.412006 0.587994 
 ----> open 284 1 0.435929 0.564071 
 ----> open 285 0 0.448788 0.551212 
 ----> open 286 0 0.750346 0.249654 
 ----> open 287 0 0.777707 0.222293 
 ----> open 288 1 0.774889 0.225111 
 ----> open 289 1 0.408058 0.591942 
 ----> open 290 0 0.773736 0.226264 
 ----> open 291 0 0.792702 0.207298 
 ----> open 292 1 0.41274 0.58726 
 ----> open 293 0 0.784159 0.215841 
 ----> open 294 0 0.441019 0.558981 
 ----> open 295 1 0.385195 0.614805 
 ----> open 296 0 0.692178 0.307822 
 ----> open 297 0 0.841809 0.158191 
 ----> open 298 1 0.748264 0.251736 
 ----> open 299 0 0.429857 0.570143 
 ----> open 300 1 0.768975 0.231025 
 ----> open 301 0 0.787137 0.212863 
 ----> open 302 0 0.786551 0.213449 
 ----> open 303 0 0.777348 0.222652 
 ----> open 304 0 0.774479 0.225521 
 ----> open 305 1 0.777759 0.222241 
 ----> open 306 0 0.78594 0.21406 
 ----> open 307 0 0.779949 0.220051 
 ----> open 308 0 0.410034 0.589966 
 ----> open 309 1 0.748427 0.251573 
 ----> open 310 1 0.428503 0.571497 
 ----> open 311 0 0.778756 0.221244 
 ----> open 312 0 0.758571 0.241429 
 ----> open 313 0 0.780046 0.219954 
 ----> open 314 1 0.413976 0.586024 
 ----> open 315 0 0.760959 0.239041 
 ----> open 316 0 0.775439 0.224561 
 ----> open 317 0 0.783382 0.216618 
 ----> open 318 0 0.787844 0.212156 
 ----> open 319 0 0.784133 0.215867 
 ----> open 320 0 0.745517 0.254483 
 ----> open 321 0 0.780773 0.219227 
 ----> open 322 0 0.443137 0.556863 
 ----> open 323 1 0.431896 0.568104 
 ----> open 324 0 0.756287 0.243713 
 ----> open 325 0 0.770122 0.229878 
 ----> open 326 0 0.749081 0.250919 
 ----> open 327 1 0.426458 0.573542 
 ----> open 328 1 0.385427 0.614573 
 ----> open 329 0 0.727799 0.272201 
 ----> open 330 0 0.791825 0.208175 
 ----> open 331 0 0.775581 0.224419 
 ----> open 332 0 0.818656 0.181344 
 ----> open 333 0 0.780918 0.219082 
 ----> open 334 1 0.426939 0.573061 
 ----> open 335 1 0.386016 0.613984 
 ----> open 336 1 0.752385 0.247615 
 ----> open 337 1 0.38753 0.61247 
 ----> open 338 1 0.415224 0.584776 
 ----> open 339 0 0.48596 0.51404 
 ----> open 340 0 0.748273 0.251727 
 ----> open 341 0 0.767752 0.232248 
 ----> open 342 1 0.412747 0.587253 
 ----> open 343 1 0.431186 0.568814 
 ----> open 344 0 0.773314 0.226686 
 ----> open 345 0 0.780363 0.219637 
 ----> open 346 0 0.773639 0.226361 
 ----> open 347 0 0.777323 0.222677 
 ----> open 348 1 0.410646 0.589354 
 ----> open 349 0 0.784511 0.215489 
 ----> open 350 0 0.797895 0.202105 
 ----> open 351 1 0.4377 0.5623 
 ----> open 352 0 0.787567 0.212433 
 ----> open 353 0 0.781864 0.218136 
 ----> open 354 0 0.778303 0.221697 
 ----> open 355 0 0.796472 0.203528 
 ----> open 356 1 0.765724 0.234276 
 ----> open 357 0 0.765351 0.234649 
 ----> open 358 1 0.431782 0.568218 
 ----> open 359 0 0.786913 0.213087 
 ----> open 360 0 0.7603 0.2397 
 ----> open 361 0 0.784242 0.215758 
 ----> open 362 0 0.808362 0.191638 
 ----> open 363 1 0.396641 0.603359 
 ----> open 364 0 0.754572 0.245428 
 ----> open 365 0 0.793286 0.206714 
 ----> open 366 0 0.795834 0.204166 
 ----> open 367 1 0.428704 0.571296 
 ----> open 368 0 0.772209 0.227791 
 ----> open 369 0 0.77823 0.22177 
 ----> open 370 0 0.806745 0.193255 
 ----> open 371 1 0.435289 0.564711 
 ----> open 372 0 0.775452 0.224548 
 ----> open 373 0 0.795271 0.204729 
 ----> open 374 0 0.775653 0.224347 
 ----> open 375 0 0.766051 0.233949 
 ----> open 376 1 0.410102 0.589898 
 ----> open 377 0 0.777635 0.222365 
 ----> open 378 0 0.78713 0.21287 
 ----> open 379 1 0.422418 0.577582 
 ----> open 380 0 0.741616 0.258384 
 ----> open 381 0 0.79345 0.20655 
 ----> open 382 0 0.794721 0.205279 
 ----> open 383 0 0.78999 0.21001 
 ----> open 384 0 0.776821 0.223179 
 ----> open 385 0 0.778347 0.221653 
 ----> open 386 1 0.416809 0.583191 
 ----> open 387 0 0.795789 0.204211 
 ----> open 388 1 0.401112 0.598888 
 ----> open 389 1 0.414519 0.585481 
 ----> open 390 0 0.757057 0.242943 
 ----> open 391 0 0.798901 0.201099 
 ----> open 392 0 0.790113 0.209887 
 ----> open 393 0 0.433293 0.566707 
 ----> open 394 1 0.447155 0.552845 
 ----> open 395 0 0.748316 0.251684 
 ----> open 396 0 0.76797 0.23203 
 ----> open 397 0 0.779612 0.220388 
 ----> open 398 0 0.79444 0.20556 
 ----> open 399 1 0.417354 0.582646 
 ----> open 400 1 0.448573 0.551427 
 ----> open 401 1 0.436907 0.563093 
 ----> open 402 0 0.75327 0.24673 
 ----> open 403 0 0.767403 0.232597 
 ----> open 404 0 0.786434 0.213566 
 ----> open 405 0 0.78025 0.21975 
 ----> open 406 1 0.759596 0.240404 
 ----> open 407 1 0.397602 0.602398 
 ----> open 408 0 0.426501 0.573499 
 ----> open 409 0 0.75298 0.24702 
 ----> open 410 0 0.433838 0.566162 
 ----> open 411 0 0.784721 0.215279 
 ----> open 412 0 0.798782 0.201218 
 ----> open 413 0 0.770587 0.229413 
 ----> open 414 1 0.390647 0.609353 
 ----> open 415 1 0.799491 0.200509 
 ----> open 416 1 0.41785 0.58215 
 ----> open 417 0 0.777653 0.222347 
 ----> open 418 0 0.803698 0.196302 
 ----> open 419 1 0.418403 0.581597 
 ----> open 420 0 0.798111 0.201889 
 ----> open 421 0 0.792437 0.207563 
 ----> open 422 0 0.802707 0.197293 
 ----> open 423 0 0.766985 0.233015 
 ----> open 424 0 0.793918 0.206082 
 ----> open 425 0 0.794962 0.205038 
 ----> open 426 0 0.76228 0.23772 
 ----> open 427 1 0.403103 0.596897 
 ----> open 428 0 0.76331 0.23669 
 ----> open 429 0 0.755289 0.244711 
 ----> open 430 0 0.768676 0.231324 
 ----> open 431 0 0.800524 0.199476 
 ----> open 432 0 0.781283 0.218717 
 ----> open 433 0 0.759795 0.240205 
 ----> open 434 0 0.795573 0.204427 
 ----> open 435 1 0.769814 0.230186 
 ----> open 436 1 0.421913 0.578087 
 ----> open 437 0 0.775527 0.224473 
 ----> open 438 0 0.79626 0.20374 
 ----> open 439 0 0.788814 0.211186 
 ----> open 440 1 0.764753 0.235247 
 ----> open 441 0 0.78526 0.21474 
 ----> open 442 0 0.766306 0.233694 
 ----> open 443 0 0.819607 0.180393 
 ----> open 444 0 0.786961 0.213039 
 ----> open 445 0 0.770792 0.229208 
 ----> open 446 1 0.399611 0.600389 
 ----> open 447 0 0.795431 0.204569 
 ----> open 448 0 0.785188 0.214812 
 ----> open 449 0 0.776563 0.223437 
 ----> open 450 0 0.78288 0.21712 
 ----> open 451 0 0.779877 0.220123 
 ----> open 452 0 0.794539 0.205461 
 ----> open 453 0 0.779627 0.220373 
 ----> open 454 0 0.792307 0.207693 
 ----> open 455 0 0.43968 0.56032 
 ----> open 456 0 0.809464 0.190536 
 ----> open 457 0 0.780279 0.219721 
 ----> open 458 0 0.770045 0.229955 
 ----> open 459 1 0.390901 0.609099 
 ----> open 460 0 0.794768 0.205232 
 ----> open 461 0 0.782036 0.217964 
 ----> open 462 0 0.425433 0.574567 
 ----> open 463 0 0.794491 0.205509 
 ----> open 464 0 0.784231 0.215769 
 ----> open 465 0 0.777723 0.222277 
 ----> open 466 0 0.805743 0.194257 
 ----> open 467 1 0.78012 0.21988 
 ----> open 468 1 0.432455 0.567545 
 ----> open 469 0 0.800062 0.199938 
 ----> open 470 0 0.805655 0.194345 
 ----> open 471 1 0.422086 0.577914 
 ----> open 472 1 0.47947 0.52053 
 ----> open 473 0 0.77261 0.22739 
 ----> open 474 1 0.42331 0.57669 
 ----> open 475 0 0.775893 0.224107 
 ----> open 476 0 0.786317 0.213683 
 ----> open 477 0 0.814543 0.185457 
 ----> open 478 1 0.4257 0.5743 
 ----> open 479 0 0.822498 0.177502 
 ----> open 480 0 0.42997 0.57003 
 ----> open 481 0 0.75721 0.24279 
 ----> open 482 0 0.777238 0.222762 
 ----> open 483 0 0.781184 0.218816 
 ----> open 484 1 0.412461 0.587539 
 ----> open 485 0 0.76616 0.23384 
 ----> open 486 0 0.775902 0.224098 
 ----> open 487 0 0.792977 0.207023 
 ----> open 488 0 0.791495 0.208505 
 ----> open 489 1 0.441779 0.558221 
 ----> open 490 1 0.446418 0.553582 
 ----> open 491 0 0.765129 0.234871 
 ----> open 492 1 0.436934 0.563066 
 ----> open 493 0 0.75956 0.24044 
 ----> open 494 0 0.784744 0.215256 
 ----> open 495 0 0.781922 0.218078 
 ----> open 496 1 0.436275 0.563725 
 ----> open 497 0 0.783634 0.216366 
 ----> open 498 0 0.790365 0.209635 
 ----> open 499 0 0.78645 0.21355 
 ----> open 500 0 0.438295 0.561705 
 ----> open 501 1 0.443665 0.556335 
 ----> open 502 0 0.750482 0.249518 
 ----> open 503 0 0.781141 0.218859 
 ----> open 504 1 0.767042 0.232958 
 ----> open 505 0 0.763059 0.236941 
 ----> open 506 0 0.788216 0.211784 
 ----> open 507 0 0.809298 0.190702 
 ----> open 508 0 0.785193 0.214807 
 ----> open 509 1 0.373741 0.626259 
 ----> open 510 1 0.453301 0.546699 
 ----> open 511 0 0.773611 0.226389 
 ----> open 512 0 0.779164 0.220836 
 ----> open 513 0 0.764041 0.235959 
 ----> open 514 0 0.791551 0.208449 
 ----> open 515 1 0.417162 0.582838 
 ----> open 516 0 0.77181 0.22819 
 ----> open 517 1 0.766944 0.233056 
 ----> open 518 1 0.411537 0.588463 
 ----> open 519 0 0.822468 0.177532 
 ----> open 520 0 0.784923 0.215077 
 ----> open 521 1 0.408802 0.591198 
 ----> open 522 1 0.430913 0.569087 
 ----> open 523 0 0.741962 0.258038 
 ----> open 524 1 0.404843 0.595157 
 ----> open 525 0 0.789476 0.210524 
 ----> open 526 0 0.801756 0.198244 
 ----> open 527 0 0.787679 0.212321 
 ----> open 528 0 0.770516 0.229484 
 ----> open 529 0 0.788704 0.211296 
 ----> open 530 1 0.419084 0.580916 
 ----> open 531 0 0.786574 0.213426 
 ----> open 532 1 0.407672 0.592328 
 ----> open 533 0 0.7635 0.2365 
 ----> open 534 0 0.779297 0.220703 
 ----> open 535 0 0.784866 0.215134 
 ----> open 536 1 0.367837 0.632163 
 ----> open 537 0 0.801329 0.198671 
 ----> open 538 0 0.785795 0.214205 
 ----> open 539 0 0.761589 0.238411 
 ----> open 540 1 0.403888 0.596112 
 ----> open 541 0 0.783675 0.216325 
 ----> open 542 1 0.42955 0.57045 
 ----> open 543 0 0.768416 0.231584 
 ----> open 544 1 0.431549 0.568451 
 ----> open 545 0 0.790541 0.209459 
 ----> open 546 1 0.438139 0.561861 
 ----> open 547 0 0.781255 0.218745 
 ----> open 548 0 0.783115 0.216885 
 ----> open 549 1 0.42825 0.57175 
 ----> open 550 0 0.804612 0.195388 
 ----> open 551 1 0.786726 0.213274 
 ----> open 552 0 0.759202 0.240798 
 ----> open 553 1 0.433258 0.566742 
 ----> open 554 0 0.478642 0.521358 
 ----> open 555 1 0.442612 0.557388 
 ----> open 556 1 0.438253 0.561747 
 ----> open 557 0 0.752434 0.247566 
 ----> open 558 0 0.772567 0.227433 
 ----> open 559 0 0.768642 0.231358 
 ----> open 560 0 0.782416 0.217584 
 ----> open 561 0 0.767663 0.232337 
 ----> open 562 1 0.415478 0.584522 
 ----> open 563 0 0.782114 0.217886 
 ----> open 564 0 0.786979 0.213021 
 ----> open 565 0 0.752136 0.247864 
 ----> open 566 0 0.785351 0.214649 
 ----> open 567 0 0.779781 0.220219 
 ----> open 568 0 0.777595 0.222405 
 ----> open 569 0 0.769162 0.230838 
 ----> open 570 1 0.413443 0.586557 
 ----> open 571 0 0.78745 0.21255 
 ----> open 572 1 0.428365 0.571635 
 ----> open 573 0 0.776732 0.223268 
 ----> open 574 0 0.752337 0.247663 
 ----> open 575 0 0.774827 0.225173 
 ----> open 576 1 0.406268 0.593732 
 ----> open 577 0 0.788073 0.211927 
 ----> open 578 1 0.428216 0.571784 
 ----> open 579 0 0.796154 0.203846 
 ----> open 580 0 0.786381 0.213619 
 ----> open 581 1 0.434554 0.565446 
 ----> open 582 0 0.766497 0.233503 
 ----> open 583 0 0.776605 0.223395 
 ----> open 584 1 0.370461 0.629539 
 ----> open 585 1 0.674976 0.325024 
 ----> open 586 0 0.815144 0.184856 
 ----> open 587 0 0.805398 0.194602 
 ----> open 588 0 0.781582 0.218418 
 ----> open 589 0 0.798877 0.201123 
 ----> open 590 1 0.42184 0.57816 
 ----> open 591 0 0.783568 0.216432 
 ----> open 592 1 0.401083 0.598917 
 ----> open 593 0 0.449347 0.550653 
 ----> open 594 1 0.711878 0.288122 
 ----> open 595 0 0.770177 0.229823 
 ----> open 596 0 0.782133 0.217867 
 ----> open 597 0 0.776666 0.223334 
 ----> open 598 0 0.77403 0.22597 
 ----> open 599 0 0.782203 0.217797 
 ----> open 600 0 0.782546 0.217454 
 ----> open 601 0 0.786244 0.213756 
 ----> open 602 0 0.792263 0.207737 
 ----> open 603 1 0.411586 0.588414 
 ----> open 604 0 0.786155 0.213845 
 ----> open 605 0 0.779434 0.220566 
 ----> open 606 0 0.764378 0.235622 
 ----> open 607 0 0.787791 0.212209 
 ----> open 608 1 0.408579 0.591421 
 ----> open 609 0 0.797853 0.202147 
 ----> open 610 0 0.782842 0.217158 
 ----> open 611 0 0.808352 0.191648 
 ----> open 612 0 0.801325 0.198675 
 ----> open 613 0 0.813854 0.186146 
 ----> open 614 0 0.785983 0.214017 
 ----> open 615 0 0.772444 0.227556 
 ----> open 616 0 0.786618 0.213382 
 ----> open 617 0 0.785419 0.214581 
 ----> open 618 0 0.771653 0.228347 
 ----> open 619 1 0.752745 0.247255 
 ----> open 620 1 0.412075 0.587925 
 ----> open 621 0 0.461303 0.538697 
 ----> open 622 0 0.733345 0.266655 
 ----> open 623 0 0.774356 0.225644 
 ----> open 624 1 0.405668 0.594332 
 ----> open 625 0 0.775001 0.224999 
 ----> open 626 0 0.776784 0.223216 
 ----> open 627 0 0.792996 0.207004 
 ----> open 628 0 0.8026 0.1974 
 ----> open 629 1 0.430697 0.569303 
 ----> open 630 1 0.767712 0.232288 
 ----> open 631 0 0.801396 0.198604 
 ----> open 632 1 0.413943 0.586057 
 ----> open 633 1 0.43696 0.56304 
 ----> open 634 0 0.747629 0.252371 
 ----> open 635 1 0.399939 0.600061 
 ----> open 636 0 0.77123 0.22877 
 ----> open 637 0 0.4346 0.5654 
 ----> open 638 0 0.788222 0.211778 
 ----> open 639 0 0.78093 0.21907 
 ----> open 640 1 0.418158 0.581842 
 ----> open 641 0 0.782193 0.217807 
 ----> open 642 0 0.776534 0.223466 
 ----> open 643 0 0.779757 0.220243 
 ----> open 644 1 0.779076 0.220924 
 ----> open 645 0 0.771867 0.228133 
 ----> open 646 0 0.79416 0.20584 
 ----> open 647 1 0.368271 0.631729 
 ----> open 648 0 0.798832 0.201168 
 ----> open 649 0 0.808974 0.191026 
 ----> open 650 0 0.7963 0.2037 
 ----> open 651 0 0.768953 0.231047 
 ----> open 652 1 0.39972 0.60028 
 ----> open 653 0 0.784771 0.215229 
 ----> open 654 1 0.43339 0.56661 
 ----> open 655 0 0.793385 0.206615 
 ----> open 656 0 0.776477 0.223523 
 ----> open 657 0 0.822398 0.177602 
 ----> open 658 0 0.764051 0.235949 
 ----> open 659 0 0.799322 0.200678 
 ----> open 660 0 0.784976 0.215024 
 ----> open 661 0 0.780976 0.219024 
 ----> open 662 0 0.803896 0.196104 
 ----> open 663 0 0.77586 0.22414 
 ----> open 664 1 0.402894 0.597106 
 ----> open 665 0 0.475603 0.524397 
 ----> open 666 1 0.770431 0.229569 
 ----> open 667 0 0.772986 0.227014 
 ----> open 668 0 0.792662 0.207338 
 ----> open 669 0 0.771596 0.228404 
 ----> open 670 0 0.781563 0.218437 
 ----> open 671 0 0.795202 0.204798 
 ----> open 672 0 0.783736 0.216264 
 ----> open 673 0 0.794516 0.205484 
 ----> open 674 0 0.800192 0.199808 
 ----> open 675 1 0.433833 0.566167 
 ----> open 676 1 0.430507 0.569493 
 ----> open 677 1 0.744274 0.255726 
 ----> open 678 1 0.394862 0.605138 
 ----> open 679 1 0.402263 0.597737 
 ----> open 680 0 0.746809 0.253191 
 ----> open 681 1 0.436419 0.563581 
 ----> open 682 0 0.766688 0.233312 
 ----> open 683 0 0.784274 0.215726 
 ----> open 684 0 0.78356 0.21644 
 ----> open 685 1 0.764356 0.235644 
 ----> open 686 0 0.778818 0.221182 
 ----> open 687 0 0.782282 0.217718 
 ----> open 688 0 0.786541 0.213459 
 ----> open 689 0 0.794454 0.205546 
 ----> open 690 1 0.714822 0.285178 
 ----> open 691 1 0.387225 0.612775 
 ----> open 692 0 0.786512 0.213488 
 ----> open 693 0 0.787482 0.212518 
 ----> open 694 1 0.407372 0.592628 
 ----> open 695 0 0.776173 0.223827 
 ----> open 696 0 0.778167 0.221833 
 ----> open 697 0 0.787382 0.212618 
 ----> open 698 0 0.787595 0.212405 
 ----> open 699 0 0.445294 0.554706 
 ----> open 700 0 0.800362 0.199638 
 ----> open 701 0 0.458179 0.541821 
 ----> open 702 0 0.764274 0.235726 
 ----> open 703 0 0.766399 0.233601 
 ----> open 704 0 0.798341 0.201659 
 ----> open 705 0 0.780658 0.219342 
 ----> open 706 0 0.769698 0.230302 
 ----> open 707 0 0.79031 0.20969 
 ----> open 708 0 0.758969 0.241031 
 ----> open 709 0 0.802166 0.197834 
 ----> open 710 0 0.7885 0.2115 
 ----> open 711 0 0.780359 0.219641 
 ----> open 712 0 0.792839 0.207161 
 ----> open 713 0 0.774075 0.225925 
 ----> open 714 1 0.422572 0.577428 
 ----> open 715 1 0.464872 0.535128 
 ----> open 716 1 0.454297 0.545703 
 ----> open 717 0 0.446576 0.553424 
 ----> open 718 0 0.769264 0.230736 
