 ----> open 1 0 0.884548 0.115452 
 ----> open 2 1 0.222851 0.777149 
 ----> open 3 0 0.871301 0.128699 
 ----> open 4 1 0.214233 0.785767 
 ----> open 5 1 0.246866 0.753134 
 ----> open 6 1 0.378392 0.621608 
 ----> open 7 1 0.238171 0.761829 
 ----> open 8 0 0.830867 0.169133 
 ----> open 9 0 0.853379 0.146621 
 ----> open 10 0 0.849915 0.150085 
 ----> open 11 1 0.263565 0.736435 
 ----> open 12 1 0.286636 0.713364 
 ----> open 13 0 0.81166 0.18834 
 ----> open 14 1 0.809995 0.190005 
 ----> open 15 1 0.323745 0.676255 
 ----> open 16 1 0.358677 0.641323 
 ----> open 17 1 0.414418 0.585582 
 ----> open 18 0 0.353013 0.646987 
 ----> open 19 0 0.79388 0.20612 
 ----> open 20 0 0.789477 0.210523 
 ----> open 21 1 0.776837 0.223163 
 ----> open 22 1 0.355021 0.644979 
 ----> open 23 0 0.79882 0.20118 
 ----> open 24 0 0.803417 0.196583 
 ----> open 25 0 0.786203 0.213797 
 ----> open 26 0 0.780337 0.219663 
 ----> open 27 1 0.386119 0.613881 
 ----> open 28 1 0.377584 0.622416 
 ----> open 29 1 0.472035 0.527965 
 ----> open 30 0 0.768 0.232 
 ----> open 31 1 0.759314 0.240686 
 ----> open 32 0 0.763831 0.236169 
 ----> open 33 0 0.775367 0.224633 
 ----> open 34 0 0.76976 0.23024 
 ----> open 35 1 0.554588 0.445412 
 ----> open 36 1 0.409174 0.590826 
 ----> open 37 0 0.75025 0.24975 
 ----> open 38 0 0.766542 0.233458 
 ----> open 39 0 0.760276 0.239724 
 ----> open 40 0 0.753676 0.246324 
 ----> open 41 1 0.434166 0.565834 
 ----> open 42 1 0.445563 0.554437 
 ----> open 43 1 0.49463 0.50537 
 ----> open 44 0 0.750645 0.249355 
 ----> open 45 1 0.447889 0.552111 
 ----> open 46 1 0.442593 0.557407 
 ----> open 47 0 0.740301 0.259699 
 ----> open 48 0 0.492165 0.507835 
 ----> open 49 1 0.464804 0.535196 
 ----> open 50 1 0.494894 0.505106 
 ----> open 51 1 0.456834 0.543166 
 ----> open 52 0 0.753661 0.246339 
 ----> open 53 1 0.443959 0.556041 
 ----> open 54 0 0.739753 0.260247 
 ----> open 55 0 0.749829 0.250171 
 ----> open 56 0 0.746607 0.253393 
 ----> open 57 1 0.450694 0.549306 
 ----> open 58 1 0.459553 0.540447 
 ----> open 59 0 0.7338 0.2662 
 ----> open 60 1 0.452929 0.547071 
 ----> open 61 0 0.730503 0.269497 
 ----> open 62 0 0.755235 0.244765 
 ----> open 63 0 0.751529 0.248471 
 ----> open 64 1 0.458419 0.541581 
 ----> open 65 1 0.457661 0.542339 
 ----> open 66 0 0.742071 0.257929 
 ----> open 67 0 0.745021 0.254979 
 ----> open 68 1 0.46498 0.53502 
 ----> open 69 0 0.496213 0.503787 
 ----> open 70 0 0.747101 0.252899 
 ----> open 71 1 0.511248 0.488752 
 ----> open 72 1 0.434445 0.565555 
 ----> open 73 0 0.502792 0.497208 
 ----> open 74 1 0.729076 0.270924 
 ----> open 75 0 0.7273 0.2727 
 ----> open 76 0 0.765632 0.234368 
 ----> open 77 1 0.474942 0.525058 
 ----> open 78 0 0.751142 0.248858 
 ----> open 79 1 0.460871 0.539129 
 ----> open 80 0 0.744666 0.255334 
 ----> open 81 0 0.481442 0.518558 
 ----> open 82 1 0.45128 0.54872 
 ----> open 83 1 0.506554 0.493446 
 ----> open 84 1 0.455976 0.544024 
 ----> open 85 0 0.500851 0.499149 
 ----> open 86 1 0.740677 0.259323 
 ----> open 87 0 0.739842 0.260158 
 ----> open 88 1 0.467897 0.532103 
 ----> open 89 1 0.458729 0.541271 
 ----> open 90 0 0.512311 0.487689 
 ----> open 91 1 0.446442 0.553558 
 ----> open 92 1 0.466419 0.533581 
 ----> open 93 0 0.727676 0.272324 
 ----> open 94 0 0.749592 0.250408 
 ----> open 95 1 0.453287 0.546713 
 ----> open 96 0 0.741836 0.258164 
 ----> open 97 0 0.753849 0.246151 
 ----> open 98 1 0.457034 0.542966 
 ----> open 99 1 0.455136 0.544864 
 ----> open 100 1 0.502525 0.497475 
 ----> open 101 0 0.752469 0.247531 
 ----> open 102 1 0.446401 0.553599 
 ----> open 103 0 0.740586 0.259414 
 ----> open 104 0 0.754028 0.245972 
 ----> open 105 0 0.753309 0.246691 
 ----> open 106 1 0.448713 0.551287 
 ----> open 107 0 0.739562 0.260438 
 ----> open 108 0 0.743008 0.256992 
 ----> open 109 0 0.752265 0.247735 
 ----> open 110 0 0.747816 0.252184 
 ----> open 111 1 0.460989 0.539011 
 ----> open 112 0 0.765055 0.234945 
 ----> open 113 0 0.755062 0.244938 
 ----> open 114 1 0.465293 0.534707 
 ----> open 115 1 0.467465 0.532535 
 ----> open 116 0 0.753672 0.246328 
 ----> open 117 0 0.749874 0.250126 
 ----> open 118 1 0.470697 0.529303 
 ----> open 119 1 0.454137 0.545863 
 ----> open 120 1 0.483186 0.516814 
 ----> open 121 0 0.745355 0.254645 
 ----> open 122 1 0.7022 0.2978 
 ----> open 123 1 0.452332 0.547668 
 ----> open 124 1 0.453049 0.546951 
 ----> open 125 0 0.737645 0.262355 
 ----> open 126 1 0.462755 0.537245 
 ----> open 127 0 0.737256 0.262744 
 ----> open 128 0 0.755762 0.244238 
 ----> open 129 0 0.75473 0.24527 
 ----> open 130 1 0.459036 0.540964 
 ----> open 131 0 0.727205 0.272795 
 ----> open 132 0 0.752165 0.247835 
 ----> open 133 0 0.74595 0.25405 
 ----> open 134 1 0.446481 0.553519 
 ----> open 135 1 0.462111 0.537889 
 ----> open 136 1 0.524846 0.475154 
 ----> open 137 0 0.742816 0.257184 
 ----> open 138 1 0.439301 0.560699 
 ----> open 139 0 0.735054 0.264946 
 ----> open 140 0 0.738558 0.261442 
 ----> open 141 1 0.46281 0.53719 
 ----> open 142 0 0.670765 0.329235 
 ----> open 143 1 0.468929 0.531071 
 ----> open 144 0 0.747634 0.252366 
 ----> open 145 1 0.455998 0.544002 
 ----> open 146 0 0.747206 0.252794 
 ----> open 147 0 0.770791 0.229209 
 ----> open 148 0 0.752342 0.247658 
 ----> open 149 1 0.724991 0.275009 
 ----> open 150 1 0.462467 0.537533 
 ----> open 151 1 0.455535 0.544465 
 ----> open 152 1 0.505558 0.494442 
 ----> open 153 0 0.743536 0.256464 
 ----> open 154 0 0.749207 0.250793 
 ----> open 155 1 0.726502 0.273498 
 ----> open 156 0 0.489511 0.510489 
 ----> open 157 1 0.46601 0.53399 
 ----> open 158 1 0.479169 0.520831 
 ----> open 159 1 0.692928 0.307072 
 ----> open 160 0 0.505296 0.494704 
 ----> open 161 0 0.770335 0.229665 
 ----> open 162 0 0.757666 0.242334 
 ----> open 163 1 0.467085 0.532915 
 ----> open 164 1 0.46387 0.53613 
 ----> open 165 1 0.509889 0.490111 
 ----> open 166 1 0.447841 0.552159 
 ----> open 167 0 0.72954 0.27046 
 ----> open 168 1 0.464442 0.535558 
 ----> open 169 0 0.747991 0.252009 
 ----> open 170 0 0.759077 0.240923 
 ----> open 171 1 0.463388 0.536612 
 ----> open 172 1 0.46 0.54 
 ----> open 173 1 0.710496 0.289504 
 ----> open 174 1 0.461455 0.538545 
 ----> open 175 1 0.717468 0.282532 
 ----> open 176 0 0.467037 0.532963 
 ----> open 177 0 0.758409 0.241591 
 ----> open 178 0 0.751712 0.248288 
 ----> open 179 1 0.453422 0.546578 
 ----> open 180 0 0.731458 0.268542 
 ----> open 181 0 0.735107 0.264893 
 ----> open 182 0 0.741663 0.258337 
 ----> open 183 0 0.746989 0.253011 
 ----> open 184 1 0.446038 0.553962 
 ----> open 185 1 0.463977 0.536023 
 ----> open 186 0 0.690288 0.309712 
 ----> open 187 0 0.738517 0.261483 
 ----> open 188 1 0.715696 0.284304 
 ----> open 189 0 0.473675 0.526325 
 ----> open 190 1 0.462956 0.537044 
 ----> open 191 1 0.717674 0.282326 
 ----> open 192 0 0.759498 0.240502 
 ----> open 193 1 0.443927 0.556073 
 ----> open 194 0 0.758426 0.241574 
 ----> open 195 0 0.748334 0.251666 
 ----> open 196 0 0.752877 0.247123 
 ----> open 197 1 0.442709 0.557291 
 ----> open 198 0 0.748598 0.251402 
 ----> open 199 0 0.750008 0.249992 
 ----> open 200 0 0.744083 0.255917 
 ----> open 201 1 0.727145 0.272855 
 ----> open 202 0 0.75173 0.24827 
 ----> open 203 0 0.757815 0.242185 
 ----> open 204 1 0.452526 0.547474 
 ----> open 205 1 0.457694 0.542306 
 ----> open 206 0 0.754263 0.245737 
 ----> open 207 0 0.47786 0.52214 
 ----> open 208 1 0.473148 0.526852 
 ----> open 209 0 0.744922 0.255078 
 ----> open 210 0 0.769848 0.230152 
 ----> open 211 0 0.744999 0.255001 
 ----> open 212 0 0.740826 0.259174 
 ----> open 213 0 0.745465 0.254535 
 ----> open 214 1 0.464006 0.535994 
 ----> open 215 0 0.751728 0.248272 
 ----> open 216 1 0.484337 0.515663 
 ----> open 217 0 0.748768 0.251232 
 ----> open 218 1 0.455514 0.544486 
 ----> open 219 0 0.74886 0.25114 
 ----> open 220 0 0.748759 0.251241 
 ----> open 221 0 0.749751 0.250249 
 ----> open 222 0 0.741969 0.258031 
 ----> open 223 1 0.463725 0.536275 
 ----> open 224 0 0.483795 0.516205 
 ----> open 225 0 0.765886 0.234114 
 ----> open 226 1 0.463222 0.536778 
 ----> open 227 1 0.46838 0.53162 
 ----> open 228 0 0.762486 0.237514 
 ----> open 229 1 0.730913 0.269087 
 ----> open 230 0 0.743172 0.256828 
 ----> open 231 0 0.742987 0.257013 
 ----> open 232 1 0.71882 0.28118 
 ----> open 233 1 0.439853 0.560147 
 ----> open 234 0 0.758551 0.241449 
 ----> open 235 0 0.750371 0.249629 
 ----> open 236 1 0.730215 0.269785 
 ----> open 237 0 0.482764 0.517236 
 ----> open 238 0 0.756167 0.243833 
 ----> open 239 0 0.754061 0.245939 
 ----> open 240 0 0.760712 0.239288 
 ----> open 241 1 0.470222 0.529778 
 ----> open 242 0 0.755501 0.244499 
 ----> open 243 1 0.457334 0.542666 
 ----> open 244 0 0.756945 0.243055 
 ----> open 245 1 0.46876 0.53124 
 ----> open 246 1 0.457929 0.542071 
 ----> open 247 0 0.742729 0.257271 
 ----> open 248 0 0.766398 0.233602 
 ----> open 249 1 0.488291 0.511709 
 ----> open 250 0 0.489547 0.510453 
 ----> open 251 0 0.746125 0.253875 
 ----> open 252 0 0.762715 0.237285 
 ----> open 253 0 0.742866 0.257134 
 ----> open 254 1 0.460394 0.539606 
 ----> open 255 0 0.741625 0.258375 
 ----> open 256 1 0.448809 0.551191 
 ----> open 257 1 0.684733 0.315267 
 ----> open 258 0 0.748476 0.251524 
 ----> open 259 0 0.753151 0.246849 
 ----> open 260 1 0.733326 0.266674 
 ----> open 261 1 0.442164 0.557836 
 ----> open 262 1 0.464817 0.535183 
 ----> open 263 0 0.742097 0.257903 
 ----> open 264 1 0.462684 0.537316 
 ----> open 265 1 0.468146 0.531854 
 ----> open 266 1 0.502524 0.497476 
 ----> open 267 0 0.754574 0.245426 
 ----> open 268 0 0.752816 0.247184 
 ----> open 269 0 0.585443 0.414557 
 ----> open 270 0 0.746592 0.253408 
 ----> open 271 1 0.480613 0.519387 
 ----> open 272 1 0.463502 0.536498 
 ----> open 273 0 0.750081 0.249919 
 ----> open 274 0 0.759717 0.240283 
 ----> open 275 0 0.489028 0.510972 
 ----> open 276 0 0.485286 0.514714 
 ----> open 277 0 0.728651 0.271349 
 ----> open 278 0 0.771325 0.228675 
 ----> open 279 0 0.749917 0.250083 
 ----> open 280 1 0.449122 0.550878 
 ----> open 281 1 0.448937 0.551063 
 ----> open 282 0 0.745175 0.254825 
 ----> open 283 1 0.435943 0.564057 
 ----> open 284 1 0.458093 0.541907 
 ----> open 285 0 0.543789 0.456211 
 ----> open 286 0 0.736052 0.263948 
 ----> open 287 0 0.741012 0.258988 
 ----> open 288 1 0.707313 0.292687 
 ----> open 289 1 0.564205 0.435795 
 ----> open 290 0 0.734475 0.265525 
 ----> open 291 0 0.746267 0.253733 
 ----> open 292 1 0.450914 0.549086 
 ----> open 293 0 0.742318 0.257682 
 ----> open 294 0 0.501386 0.498614 
 ----> open 295 1 0.429342 0.570658 
 ----> open 296 0 0.733885 0.266115 
 ----> open 297 0 0.753611 0.246389 
 ----> open 298 1 0.717206 0.282794 
 ----> open 299 0 0.480509 0.519491 
 ----> open 300 1 0.728085 0.271915 
 ----> open 301 0 0.755543 0.244457 
 ----> open 302 0 0.750185 0.249815 
 ----> open 303 0 0.748737 0.251263 
 ----> open 304 0 0.759999 0.240001 
 ----> open 305 1 0.725373 0.274627 
 ----> open 306 0 0.755004 0.244996 
 ----> open 307 0 0.756154 0.243846 
 ----> open 308 0 0.499626 0.500374 
 ----> open 309 1 0.718924 0.281076 
 ----> open 310 1 0.459909 0.540091 
 ----> open 311 0 0.737269 0.262731 
 ----> open 312 0 0.746679 0.253321 
 ----> open 313 0 0.747914 0.252086 
 ----> open 314 1 0.465683 0.534317 
 ----> open 315 0 0.753623 0.246377 
 ----> open 316 0 0.762017 0.237983 
 ----> open 317 0 0.750161 0.249839 
 ----> open 318 0 0.754858 0.245142 
 ----> open 319 0 0.761998 0.238002 
 ----> open 320 0 0.734239 0.265761 
 ----> open 321 0 0.745958 0.254042 
 ----> open 322 0 0.469152 0.530848 
 ----> open 323 1 0.476949 0.523051 
 ----> open 324 0 0.726674 0.273326 
 ----> open 325 0 0.760671 0.239329 
 ----> open 326 0 0.742628 0.257372 
 ----> open 327 1 0.492253 0.507747 
 ----> open 328 1 0.451598 0.548402 
 ----> open 329 0 0.734801 0.265199 
 ----> open 330 0 0.756019 0.243981 
 ----> open 331 0 0.754493 0.245507 
 ----> open 332 0 0.768295 0.231705 
 ----> open 333 0 0.752788 0.247212 
 ----> open 334 1 0.463329 0.536671 
 ----> open 335 1 0.455524 0.544476 
 ----> open 336 1 0.723888 0.276112 
 ----> open 337 1 0.446237 0.553763 
 ----> open 338 1 0.465145 0.534855 
 ----> open 339 0 0.550245 0.449755 
 ----> open 340 0 0.744314 0.255686 
 ----> open 341 0 0.743568 0.256432 
 ----> open 342 1 0.468116 0.531884 
 ----> open 343 1 0.460566 0.539434 
 ----> open 344 0 0.749338 0.250662 
 ----> open 345 0 0.759482 0.240518 
 ----> open 346 0 0.763323 0.236677 
 ----> open 347 0 0.746503 0.253497 
 ----> open 348 1 0.475249 0.524751 
 ----> open 349 0 0.750749 0.249251 
 ----> open 350 0 0.756963 0.243037 
 ----> open 351 1 0.476122 0.523878 
 ----> open 352 0 0.750493 0.249507 
 ----> open 353 0 0.749235 0.250765 
 ----> open 354 0 0.746728 0.253272 
 ----> open 355 0 0.758943 0.241057 
 ----> open 356 1 0.726348 0.273652 
 ----> open 357 0 0.756214 0.243786 
 ----> open 358 1 0.474553 0.525447 
 ----> open 359 0 0.746948 0.253052 
 ----> open 360 0 0.756274 0.243726 
 ----> open 361 0 0.762187 0.237813 
 ----> open 362 0 0.763038 0.236962 
 ----> open 363 1 0.472168 0.527832 
 ----> open 364 0 0.755911 0.244089 
 ----> open 365 0 0.764152 0.235848 
 ----> open 366 0 0.736693 0.263307 
 ----> open 367 1 0.474932 0.525068 
 ----> open 368 0 0.74184 0.25816 
 ----> open 369 0 0.760097 0.239903 
 ----> open 370 0 0.77566 0.22434 
 ----> open 371 1 0.470801 0.529199 
 ----> open 372 0 0.750354 0.249646 
 ----> open 373 0 0.750651 0.249349 
 ----> open 374 0 0.755124 0.244876 
 ----> open 375 0 0.757105 0.242895 
 ----> open 376 1 0.472155 0.527845 
 ----> open 377 0 0.751086 0.248914 
 ----> open 378 0 0.759996 0.240004 
 ----> open 379 1 0.473727 0.526273 
 ----> open 380 0 0.745685 0.254315 
 ----> open 381 0 0.751172 0.248828 
 ----> open 382 0 0.747038 0.252962 
 ----> open 383 0 0.754947 0.245053 
 ----> open 384 0 0.764923 0.235077 
 ----> open 385 0 0.751276 0.248724 
 ----> open 386 1 0.466086 0.533914 
 ----> open 387 0 0.745726 0.254274 
 ----> open 388 1 0.468037 0.531963 
 ----> open 389 1 0.467294 0.532706 
 ----> open 390 0 0.748898 0.251102 
 ----> open 391 0 0.769259 0.230741 
 ----> open 392 0 0.755299 0.244701 
 ----> open 393 0 0.500848 0.499152 
 ----> open 394 1 0.45081 0.54919 
 ----> open 395 0 0.735326 0.264674 
 ----> open 396 0 0.754793 0.245207 
 ----> open 397 0 0.74711 0.25289 
 ----> open 398 0 0.763724 0.236276 
 ----> open 399 1 0.450749 0.549251 
 ----> open 400 1 0.472369 0.527631 
 ----> open 401 1 0.518842 0.481158 
 ----> open 402 0 0.735414 0.264586 
 ----> open 403 0 0.743281 0.256719 
 ----> open 404 0 0.744635 0.255365 
 ----> open 405 0 0.749294 0.250706 
 ----> open 406 1 0.720755 0.279245 
 ----> open 407 1 0.460167 0.539833 
 ----> open 408 0 0.464687 0.535313 
 ----> open 409 0 0.751296 0.248704 
 ----> open 410 0 0.504691 0.495309 
 ----> open 411 0 0.76066 0.23934 
 ----> open 412 0 0.746963 0.253037 
 ----> open 413 0 0.54077 0.45923 
 ----> open 414 1 0.462266 0.537734 
 ----> open 415 1 0.725366 0.274634 
 ----> open 416 1 0.465739 0.534261 
 ----> open 417 0 0.736714 0.263286 
 ----> open 418 0 0.761885 0.238115 
 ----> open 419 1 0.454881 0.545119 
 ----> open 420 0 0.748855 0.251145 
 ----> open 421 0 0.741787 0.258213 
 ----> open 422 0 0.763345 0.236655 
 ----> open 423 0 0.74749 0.25251 
 ----> open 424 0 0.751643 0.248357 
 ----> open 425 0 0.769531 0.230469 
 ----> open 426 0 0.748995 0.251005 
 ----> open 427 1 0.453462 0.546538 
 ----> open 428 0 0.745227 0.254773 
 ----> open 429 0 0.761015 0.238985 
 ----> open 430 0 0.742991 0.257009 
 ----> open 431 0 0.74593 0.25407 
 ----> open 432 0 0.758777 0.241223 
 ----> open 433 0 0.752391 0.247609 
 ----> open 434 0 0.750823 0.249177 
 ----> open 435 1 0.733623 0.266377 
 ----> open 436 1 0.458337 0.541663 
 ----> open 437 0 0.741509 0.258491 
 ----> open 438 0 0.763434 0.236566 
 ----> open 439 0 0.743078 0.256922 
 ----> open 440 1 0.721752 0.278248 
 ----> open 441 0 0.733646 0.266354 
 ----> open 442 0 0.762796 0.237204 
 ----> open 443 0 0.767935 0.232065 
 ----> open 444 0 0.757972 0.242028 
 ----> open 445 0 0.768218 0.231782 
 ----> open 446 1 0.472284 0.527716 
 ----> open 447 0 0.753748 0.246252 
 ----> open 448 0 0.772084 0.227916 
 ----> open 449 0 0.74574 0.25426 
 ----> open 450 0 0.760103 0.239897 
 ----> open 451 0 0.750941 0.249059 
 ----> open 452 0 0.757769 0.242231 
 ----> open 453 0 0.75408 0.24592 
 ----> open 454 0 0.753401 0.246599 
 ----> open 455 0 0.49462 0.50538 
 ----> open 456 0 0.763074 0.236926 
 ----> open 457 0 0.761138 0.238862 
 ----> open 458 0 0.755106 0.244894 
 ----> open 459 1 0.477585 0.522415 
 ----> open 460 0 0.760403 0.239597 
 ----> open 461 0 0.754041 0.245959 
 ----> open 462 0 0.50045 0.49955 
 ----> open 463 0 0.756002 0.243998 
 ----> open 464 0 0.762892 0.237108 
 ----> open 465 0 0.747462 0.252538 
 ----> open 466 0 0.757656 0.242344 
 ----> open 467 1 0.741218 0.258782 
 ----> open 468 1 0.463332 0.536668 
 ----> open 469 0 0.762935 0.237065 
 ----> open 470 0 0.760232 0.239768 
 ----> open 471 1 0.469922 0.530078 
 ----> open 472 1 0.480252 0.519748 
 ----> open 473 0 0.746938 0.253062 
 ----> open 474 1 0.469421 0.530579 
 ----> open 475 0 0.734512 0.265488 
 ----> open 476 0 0.759938 0.240062 
 ----> open 477 0 0.7588 0.2412 
 ----> open 478 1 0.47034 0.52966 
 ----> open 479 0 0.766853 0.233147 
 ----> open 480 0 0.486294 0.513706 
 ----> open 481 0 0.756269 0.243731 
 ----> open 482 0 0.748879 0.251121 
 ----> open 483 0 0.763227 0.236773 
 ----> open 484 1 0.45709 0.54291 
 ----> open 485 0 0.761927 0.238073 
 ----> open 486 0 0.746154 0.253846 
 ----> open 487 0 0.765445 0.234555 
 ----> open 488 0 0.753124 0.246876 
 ----> open 489 1 0.470521 0.529479 
 ----> open 490 1 0.479741 0.520259 
 ----> open 491 0 0.749207 0.250793 
 ----> open 492 1 0.478454 0.521546 
 ----> open 493 0 0.744256 0.255744 
 ----> open 494 0 0.749946 0.250054 
 ----> open 495 0 0.756541 0.243459 
 ----> open 496 1 0.4666 0.5334 
 ----> open 497 0 0.731958 0.268042 
 ----> open 498 0 0.745681 0.254319 
 ----> open 499 0 0.750646 0.249354 
 ----> open 500 0 0.494365 0.505635 
 ----> open 501 1 0.472983 0.527017 
 ----> open 502 0 0.7484 0.2516 
 ----> open 503 0 0.766803 0.233197 
 ----> open 504 1 0.718705 0.281295 
 ----> open 505 0 0.754845 0.245155 
 ----> open 506 0 0.752742 0.247258 
 ----> open 507 0 0.75794 0.24206 
 ----> open 508 0 0.757752 0.242248 
 ----> open 509 1 0.458154 0.541846 
 ----> open 510 1 0.473153 0.526847 
 ----> open 511 0 0.750851 0.249149 
 ----> open 512 0 0.75891 0.24109 
 ----> open 513 0 0.746285 0.253715 
 ----> open 514 0 0.683567 0.316433 
 ----> open 515 1 0.462933 0.537067 
 ----> open 516 0 0.754392 0.245608 
 ----> open 517 1 0.722394 0.277606 
 ----> open 518 1 0.469167 0.530833 
 ----> open 519 0 0.752301 0.247699 
 ----> open 520 0 0.754104 0.245896 
 ----> open 521 1 0.446241 0.553759 
 ----> open 522 1 0.47466 0.52534 
 ----> open 523 0 0.737897 0.262103 
 ----> open 524 1 0.464937 0.535063 
 ----> open 525 0 0.732069 0.267931 
 ----> open 526 0 0.756807 0.243193 
 ----> open 527 0 0.749353 0.250647 
 ----> open 528 0 0.737653 0.262347 
 ----> open 529 0 0.758771 0.241229 
 ----> open 530 1 0.4656 0.5344 
 ----> open 531 0 0.749157 0.250843 
 ----> open 532 1 0.457878 0.542122 
 ----> open 533 0 0.752333 0.247667 
 ----> open 534 0 0.745874 0.254126 
 ----> open 535 0 0.749334 0.250666 
 ----> open 536 1 0.445839 0.554161 
 ----> open 537 0 0.759303 0.240697 
 ----> open 538 0 0.744414 0.255586 
 ----> open 539 0 0.73887 0.26113 
 ----> open 540 1 0.467889 0.532111 
 ----> open 541 0 0.767582 0.232418 
 ----> open 542 1 0.470168 0.529832 
 ----> open 543 0 0.744772 0.255228 
 ----> open 544 1 0.468699 0.531301 
 ----> open 545 0 0.762994 0.237006 
 ----> open 546 1 0.480451 0.519549 
 ----> open 547 0 0.750505 0.249495 
 ----> open 548 0 0.7611 0.2389 
 ----> open 549 1 0.457611 0.542389 
 ----> open 550 0 0.766485 0.233515 
 ----> open 551 1 0.73175 0.26825 
 ----> open 552 0 0.750098 0.249902 
 ----> open 553 1 0.480028 0.519972 
 ----> open 554 0 0.486018 0.513982 
 ----> open 555 1 0.526968 0.473032 
 ----> open 556 1 0.462287 0.537713 
 ----> open 557 0 0.754087 0.245913 
 ----> open 558 0 0.75982 0.24018 
 ----> open 559 0 0.745143 0.254857 
 ----> open 560 0 0.746313 0.253687 
 ----> open 561 0 0.74161 0.25839 
 ----> open 562 1 0.469159 0.530841 
 ----> open 563 0 0.749717 0.250283 
 ----> open 564 0 0.756748 0.243252 
 ----> open 565 0 0.743247 0.256753 
 ----> open 566 0 0.758074 0.241926 
 ----> open 567 0 0.750239 0.249761 
 ----> open 568 0 0.750795 0.249205 
 ----> open 569 0 0.757899 0.242101 
 ----> open 570 1 0.450554 0.549446 
 ----> open 571 0 0.751851 0.248149 
 ----> open 572 1 0.47936 0.52064 
 ----> open 573 0 0.748757 0.251243 
 ----> open 574 0 0.75101 0.24899 
 ----> open 575 0 0.757862 0.242138 
 ----> open 576 1 0.470206 0.529794 
 ----> open 577 0 0.748572 0.251428 
 ----> open 578 1 0.480562 0.519438 
 ----> open 579 0 0.759086 0.240914 
 ----> open 580 0 0.752871 0.247129 
 ----> open 581 1 0.461401 0.538599 
 ----> open 582 0 0.748606 0.251394 
 ----> open 583 0 0.753116 0.246884 
 ----> open 584 1 0.45934 0.54066 
 ----> open 585 1 0.701276 0.298724 
 ----> open 586 0 0.765456 0.234544 
 ----> open 587 0 0.761374 0.238626 
 ----> open 588 0 0.748908 0.251092 
 ----> open 589 0 0.760145 0.239855 
 ----> open 590 1 0.468586 0.531414 
 ----> open 591 0 0.755943 0.244057 
 ----> open 592 1 0.462831 0.537169 
 ----> open 593 0 0.481815 0.518185 
 ----> open 594 1 0.724744 0.275256 
 ----> open 595 0 0.770941 0.229059 
 ----> open 596 0 0.747309 0.252691 
 ----> open 597 0 0.754574 0.245426 
 ----> open 598 0 0.74469 0.25531 
 ----> open 599 0 0.746162 0.253838 
 ----> open 600 0 0.740653 0.259347 
 ----> open 601 0 0.763193 0.236807 
 ----> open 602 0 0.761647 0.238353 
 ----> open 603 1 0.477195 0.522805 
 ----> open 604 0 0.75224 0.24776 
 ----> open 605 0 0.75806 0.24194 
 ----> open 606 0 0.755137 0.244863 
 ----> open 607 0 0.757146 0.242854 
 ----> open 608 1 0.457396 0.542604 
 ----> open 609 0 0.747246 0.252754 
 ----> open 610 0 0.75742 0.24258 
 ----> open 611 0 0.75312 0.24688 
 ----> open 612 0 0.76354 0.23646 
 ----> open 613 0 0.756253 0.243747 
 ----> open 614 0 0.754801 0.245199 
 ----> open 615 0 0.755265 0.244735 
 ----> open 616 0 0.744617 0.255383 
 ----> open 617 0 0.764556 0.235444 
 ----> open 618 0 0.74677 0.25323 
 ----> open 619 1 0.725228 0.274772 
 ----> open 620 1 0.44843 0.55157 
 ----> open 621 0 0.697011 0.302989 
 ----> open 622 0 0.739761 0.260239 
 ----> open 623 0 0.748442 0.251558 
 ----> open 624 1 0.460161 0.539839 
 ----> open 625 0 0.762773 0.237227 
 ----> open 626 0 0.764622 0.235378 
 ----> open 627 0 0.757693 0.242307 
 ----> open 628 0 0.758971 0.241029 
 ----> open 629 1 0.489693 0.510307 
 ----> open 630 1 0.713252 0.286748 
 ----> open 631 0 0.769523 0.230477 
 ----> open 632 1 0.471304 0.528696 
 ----> open 633 1 0.469912 0.530088 
 ----> open 634 0 0.748151 0.251849 
 ----> open 635 1 0.48098 0.51902 
 ----> open 636 0 0.747569 0.252431 
 ----> open 637 0 0.488935 0.511065 
 ----> open 638 0 0.763308 0.236692 
 ----> open 639 0 0.761968 0.238032 
 ----> open 640 1 0.461049 0.538951 
 ----> open 641 0 0.746011 0.253989 
 ----> open 642 0 0.754749 0.245251 
 ----> open 643 0 0.767344 0.232656 
 ----> open 644 1 0.718841 0.281159 
 ----> open 645 0 0.753388 0.246612 
 ----> open 646 0 0.757683 0.242317 
 ----> open 647 1 0.462576 0.537424 
 ----> open 648 0 0.745693 0.254307 
 ----> open 649 0 0.752029 0.247971 
 ----> open 650 0 0.759893 0.240107 
 ----> open 651 0 0.750553 0.249447 
 ----> open 652 1 0.466077 0.533923 
 ----> open 653 0 0.765045 0.234955 
 ----> open 654 1 0.48811 0.51189 
 ----> open 655 0 0.75458 0.24542 
 ----> open 656 0 0.758053 0.241947 
 ----> open 657 0 0.773495 0.226505 
 ----> open 658 0 0.750127 0.249873 
 ----> open 659 0 0.758954 0.241046 
 ----> open 660 0 0.75605 0.24395 
 ----> open 661 0 0.752501 0.247499 
 ----> open 662 0 0.764607 0.235393 
 ----> open 663 0 0.758492 0.241508 
 ----> open 664 1 0.469699 0.530301 
 ----> open 665 0 0.500227 0.499773 
 ----> open 666 1 0.722273 0.277727 
 ----> open 667 0 0.743251 0.256749 
 ----> open 668 0 0.745953 0.254047 
 ----> open 669 0 0.700764 0.299236 
 ----> open 670 0 0.762112 0.237888 
 ----> open 671 0 0.755865 0.244135 
 ----> open 672 0 0.76072 0.23928 
 ----> open 673 0 0.760677 0.239323 
 ----> open 674 0 0.769018 0.230982 
 ----> open 675 1 0.464367 0.535633 
 ----> open 676 1 0.459122 0.540878 
 ----> open 677 1 0.736687 0.263313 
 ----> open 678 1 0.471858 0.528142 
 ----> open 679 1 0.455802 0.544198 
 ----> open 680 0 0.754359 0.245641 
 ----> open 681 1 0.474525 0.525475 
 ----> open 682 0 0.751114 0.248886 
 ----> open 683 0 0.756701 0.243299 
 ----> open 684 0 0.746884 0.253116 
 ----> open 685 1 0.742712 0.257288 
 ----> open 686 0 0.747196 0.252804 
 ----> open 687 0 0.762676 0.237324 
 ----> open 688 0 0.760823 0.239177 
 ----> open 689 0 0.747123 0.252877 
 ----> open 690 1 0.719446 0.280554 
 ----> open 691 1 0.4528 0.5472 
 ----> open 692 0 0.758779 0.241221 
 ----> open 693 0 0.747393 0.252607 
 ----> open 694 1 0.476216 0.523784 
 ----> open 695 0 0.755239 0.244761 
 ----> open 696 0 0.750058 0.249942 
 ----> open 697 0 0.753533 0.246467 
 ----> open 698 0 0.751202 0.248798 
 ----> open 699 0 0.506555 0.493445 
 ----> open 700 0 0.769934 0.230066 
 ----> open 701 0 0.511193 0.488807 
 ----> open 702 0 0.757891 0.242109 
 ----> open 703 0 0.739818 0.260182 
 ----> open 704 0 0.762766 0.237234 
 ----> open 705 0 0.749904 0.250096 
 ----> open 706 0 0.75385 0.24615 
 ----> open 707 0 0.759992 0.240008 
 ----> open 708 0 0.76002 0.23998 
 ----> open 709 0 0.745078 0.254922 
 ----> open 710 0 0.75532 0.24468 
 ----> open 711 0 0.758745 0.241255 
 ----> open 712 0 0.765169 0.234831 
 ----> open 713 0 0.742181 0.257819 
 ----> open 714 1 0.493048 0.506952 
 ----> open 715 1 0.500305 0.499695 
 ----> open 716 1 0.548327 0.451673 
 ----> open 717 0 0.473865 0.526135 
 ----> open 718 0 0.753233 0.246767 
