 ----> open 1 0 0 0 
 ----> open 2 1 0 0 
 ----> open 3 0 0.586903 0.413097 
 ----> open 4 1 0.585081 0.414919 
 ----> open 5 1 0.676222 0.323778 
 ----> open 6 1 0.610465 0.389535 
 ----> open 7 1 0.658828 0.341172 
 ----> open 8 0 0.646702 0.353298 
 ----> open 9 0 0.660081 0.339919 
 ----> open 10 0 0.706743 0.293257 
 ----> open 11 1 0.631467 0.368533 
 ----> open 12 1 0.623952 0.376048 
 ----> open 13 0 0.651057 0.348943 
 ----> open 14 1 0.65227 0.34773 
 ----> open 15 1 0.662216 0.337784 
 ----> open 16 1 0.648341 0.351659 
 ----> open 17 1 0.660373 0.339627 
 ----> open 18 0 0.625432 0.374568 
 ----> open 19 0 0.656897 0.343103 
 ----> open 20 0 0.654488 0.345512 
 ----> open 21 1 0.598684 0.401316 
 ----> open 22 1 0.669532 0.330468 
 ----> open 23 0 0.663743 0.336257 
 ----> open 24 0 0.670925 0.329075 
 ----> open 25 0 0.648058 0.351942 
 ----> open 26 0 0.652907 0.347093 
 ----> open 27 1 0.643611 0.356389 
 ----> open 28 1 0.661354 0.338646 
 ----> open 29 1 0.671672 0.328328 
 ----> open 30 0 0.640362 0.359638 
 ----> open 31 1 0.647335 0.352665 
 ----> open 32 0 0.657044 0.342956 
 ----> open 33 0 0.657254 0.342746 
 ----> open 34 0 0.638781 0.361219 
 ----> open 35 1 0.647482 0.352518 
 ----> open 36 1 0.626665 0.373335 
 ----> open 37 0 0.650706 0.349294 
 ----> open 38 0 0.671089 0.328911 
 ----> open 39 0 0.652635 0.347365 
 ----> open 40 0 0.640819 0.359181 
 ----> open 41 1 0.673248 0.326752 
 ----> open 42 1 0.636568 0.363432 
 ----> open 43 1 0.61922 0.38078 
 ----> open 44 0 0.636164 0.363836 
 ----> open 45 1 0.613019 0.386981 
 ----> open 46 1 0.639579 0.360421 
 ----> open 47 0 0.634501 0.365499 
 ----> open 48 0 0.664844 0.335156 
 ----> open 49 1 0.655099 0.344901 
 ----> open 50 1 0.600481 0.399519 
 ----> open 51 1 0.664384 0.335616 
 ----> open 52 0 0.67086 0.32914 
 ----> open 53 1 0.591989 0.408011 
 ----> open 54 0 0.648641 0.351359 
 ----> open 55 0 0.612354 0.387646 
 ----> open 56 0 0.675237 0.324763 
 ----> open 57 1 0.624805 0.375195 
 ----> open 58 1 0.666565 0.333435 
 ----> open 59 0 0.66432 0.33568 
 ----> open 60 1 0.573187 0.426813 
 ----> open 61 0 0.696899 0.303101 
 ----> open 62 0 0.672692 0.327308 
 ----> open 63 0 0.65158 0.34842 
 ----> open 64 1 0.658582 0.341418 
 ----> open 65 1 0.610475 0.389525 
 ----> open 66 0 0.654372 0.345628 
 ----> open 67 0 0.660207 0.339793 
 ----> open 68 1 0.6081 0.3919 
 ----> open 69 0 0.65872 0.34128 
 ----> open 70 0 0.657864 0.342136 
 ----> open 71 1 0.648096 0.351904 
 ----> open 72 1 0.606068 0.393932 
 ----> open 73 0 0.607321 0.392679 
 ----> open 74 1 0.631154 0.368846 
 ----> open 75 0 0.649299 0.350701 
 ----> open 76 0 0.692413 0.307587 
 ----> open 77 1 0.621458 0.378542 
 ----> open 78 0 0.626112 0.373888 
 ----> open 79 1 0.641457 0.358543 
 ----> open 80 0 0.646233 0.353767 
 ----> open 81 0 0.642323 0.357677 
 ----> open 82 1 0.56378 0.43622 
 ----> open 83 1 0.59003 0.40997 
 ----> open 84 1 0.64515 0.35485 
 ----> open 85 0 0.678288 0.321712 
 ----> open 86 1 0.649718 0.350282 
 ----> open 87 0 0.660329 0.339671 
 ----> open 88 1 0.636948 0.363052 
 ----> open 89 1 0.613646 0.386354 
 ----> open 90 0 0.592248 0.407752 
 ----> open 91 1 0.62337 0.37663 
 ----> open 92 1 0.6947 0.3053 
 ----> open 93 0 0.629007 0.370993 
 ----> open 94 0 0.670371 0.329629 
 ----> open 95 1 0.623434 0.376566 
 ----> open 96 0 0.62793 0.37207 
 ----> open 97 0 0.662955 0.337045 
 ----> open 98 1 0.656267 0.343733 
 ----> open 99 1 0.640465 0.359535 
 ----> open 100 1 0.655733 0.344267 
 ----> open 101 0 0.63263 0.36737 
 ----> open 102 1 0.642464 0.357536 
 ----> open 103 0 0.626789 0.373211 
 ----> open 104 0 0.677705 0.322295 
 ----> open 105 0 0.641451 0.358549 
 ----> open 106 1 0.586286 0.413714 
 ----> open 107 0 0.664851 0.335149 
 ----> open 108 0 0.644629 0.355371 
 ----> open 109 0 0.675103 0.324897 
 ----> open 110 0 0.636466 0.363534 
 ----> open 111 1 0.615318 0.384682 
 ----> open 112 0 0.686182 0.313818 
 ----> open 113 0 0.650444 0.349556 
 ----> open 114 1 0.647545 0.352455 
 ----> open 115 1 0.628086 0.371914 
 ----> open 116 0 0.661433 0.338567 
 ----> open 117 0 0.676899 0.323101 
 ----> open 118 1 0.657524 0.342476 
 ----> open 119 1 0.657233 0.342767 
 ----> open 120 1 0.620729 0.379271 
 ----> open 121 0 0.661727 0.338273 
 ----> open 122 1 0.602898 0.397102 
 ----> open 123 1 0.559568 0.440432 
 ----> open 124 1 0.64017 0.35983 
 ----> open 125 0 0.652845 0.347155 
 ----> open 126 1 0.656315 0.343685 
 ----> open 127 0 0.614126 0.385874 
 ----> open 128 0 0.676874 0.323126 
 ----> open 129 0 0.648704 0.351296 
 ----> open 130 1 0.648909 0.351091 
 ----> open 131 0 0.660859 0.339141 
 ----> open 132 0 0.705566 0.294434 
 ----> open 133 0 0.629248 0.370752 
 ----> open 134 1 0.636962 0.363038 
 ----> open 135 1 0.6331 0.3669 
 ----> open 136 1 0.674654 0.325346 
 ----> open 137 0 0.656025 0.343975 
 ----> open 138 1 0.63264 0.36736 
 ----> open 139 0 0.591472 0.408528 
 ----> open 140 0 0.641332 0.358668 
 ----> open 141 1 0.658184 0.341816 
 ----> open 142 0 0.673008 0.326992 
 ----> open 143 1 0.653296 0.346704 
 ----> open 144 0 0.645505 0.354495 
 ----> open 145 1 0.648539 0.351461 
 ----> open 146 0 0.648924 0.351076 
 ----> open 147 0 0.685024 0.314976 
 ----> open 148 0 0.673821 0.326179 
 ----> open 149 1 0.645586 0.354414 
 ----> open 150 1 0.649379 0.350621 
 ----> open 151 1 0.634886 0.365114 
 ----> open 152 1 0.627076 0.372924 
 ----> open 153 0 0.597932 0.402068 
 ----> open 154 0 0.655883 0.344117 
 ----> open 155 1 0.627614 0.372386 
 ----> open 156 0 0.641787 0.358213 
 ----> open 157 1 0.560902 0.439098 
 ----> open 158 1 0.605969 0.394031 
 ----> open 159 1 0.564711 0.435289 
 ----> open 160 0 0.673162 0.326838 
 ----> open 161 0 0.696592 0.303408 
 ----> open 162 0 0.639418 0.360582 
 ----> open 163 1 0.627837 0.372163 
 ----> open 164 1 0.636881 0.363119 
 ----> open 165 1 0.658974 0.341026 
 ----> open 166 1 0.623151 0.376849 
 ----> open 167 0 0.676112 0.323888 
 ----> open 168 1 0.576952 0.423048 
 ----> open 169 0 0.705315 0.294685 
 ----> open 170 0 0.660121 0.339879 
 ----> open 171 1 0.674973 0.325027 
 ----> open 172 1 0.626347 0.373653 
 ----> open 173 1 0.646565 0.353435 
 ----> open 174 1 0.600633 0.399367 
 ----> open 175 1 0.614503 0.385497 
 ----> open 176 0 0.65381 0.34619 
 ----> open 177 0 0.680766 0.319234 
 ----> open 178 0 0.61992 0.38008 
 ----> open 179 1 0.646024 0.353976 
 ----> open 180 0 0.664931 0.335069 
 ----> open 181 0 0.704036 0.295964 
 ----> open 182 0 0.667151 0.332849 
 ----> open 183 0 0.640189 0.359811 
 ----> open 184 1 0.668665 0.331335 
 ----> open 185 1 0.643393 0.356607 
 ----> open 186 0 0.661281 0.338719 
 ----> open 187 0 0.6055 0.3945 
 ----> open 188 1 0.656359 0.343641 
 ----> open 189 0 0.679522 0.320478 
 ----> open 190 1 0.600567 0.399433 
 ----> open 191 1 0.664327 0.335673 
 ----> open 192 0 0.673676 0.326324 
 ----> open 193 1 0.608443 0.391557 
 ----> open 194 0 0.649917 0.350083 
 ----> open 195 0 0.662104 0.337896 
 ----> open 196 0 0.666607 0.333393 
 ----> open 197 1 0.619355 0.380645 
 ----> open 198 0 0.682415 0.317585 
 ----> open 199 0 0.708207 0.291793 
 ----> open 200 0 0.65856 0.34144 
 ----> open 201 1 0.641119 0.358881 
 ----> open 202 0 0.653763 0.346237 
 ----> open 203 0 0.674871 0.325129 
 ----> open 204 1 0.595306 0.404694 
 ----> open 205 1 0.641143 0.358857 
 ----> open 206 0 0.625197 0.374803 
 ----> open 207 0 0.641573 0.358427 
 ----> open 208 1 0.595175 0.404825 
 ----> open 209 0 0.617971 0.382029 
 ----> open 210 0 0.691543 0.308457 
 ----> open 211 0 0.666894 0.333106 
 ----> open 212 0 0.661871 0.338129 
 ----> open 213 0 0.625487 0.374513 
 ----> open 214 1 0.617373 0.382627 
 ----> open 215 0 0.700873 0.299127 
 ----> open 216 1 0.650975 0.349025 
 ----> open 217 0 0.653753 0.346247 
 ----> open 218 1 0.66831 0.33169 
 ----> open 219 0 0.642245 0.357755 
 ----> open 220 0 0.667972 0.332028 
 ----> open 221 0 0.661414 0.338586 
 ----> open 222 0 0.639129 0.360871 
 ----> open 223 1 0.611927 0.388073 
 ----> open 224 0 0.635332 0.364668 
 ----> open 225 0 0.688093 0.311907 
 ----> open 226 1 0.606357 0.393643 
 ----> open 227 1 0.650406 0.349594 
 ----> open 228 0 0.684946 0.315054 
 ----> open 229 1 0.670648 0.329352 
 ----> open 230 0 0.628758 0.371242 
 ----> open 231 0 0.641141 0.358859 
 ----> open 232 1 0.652568 0.347432 
 ----> open 233 1 0.612546 0.387454 
 ----> open 234 0 0.671442 0.328558 
 ----> open 235 0 0.634438 0.365562 
 ----> open 236 1 0.631747 0.368253 
 ----> open 237 0 0.671662 0.328338 
 ----> open 238 0 0.686274 0.313726 
 ----> open 239 0 0.640518 0.359482 
 ----> open 240 0 0.681671 0.318329 
 ----> open 241 1 0.624122 0.375878 
 ----> open 242 0 0.674662 0.325338 
 ----> open 243 1 0.647344 0.352656 
 ----> open 244 0 0.653478 0.346522 
 ----> open 245 1 0.676243 0.323757 
 ----> open 246 1 0.630909 0.369091 
 ----> open 247 0 0.678875 0.321125 
 ----> open 248 0 0.667803 0.332197 
 ----> open 249 1 0.648097 0.351903 
 ----> open 250 0 0.717583 0.282417 
 ----> open 251 0 0.680156 0.319844 
 ----> open 252 0 0.647863 0.352137 
 ----> open 253 0 0.714352 0.285648 
 ----> open 254 1 0.62429 0.37571 
 ----> open 255 0 0.661316 0.338684 
 ----> open 256 1 0.676931 0.323069 
 ----> open 257 1 0.639405 0.360595 
 ----> open 258 0 0.721078 0.278922 
 ----> open 259 0 0.700189 0.299811 
 ----> open 260 1 0.678662 0.321338 
 ----> open 261 1 0.58077 0.41923 
 ----> open 262 1 0.66198 0.33802 
 ----> open 263 0 0.663825 0.336175 
 ----> open 264 1 0.623132 0.376868 
 ----> open 265 1 0.638646 0.361354 
 ----> open 266 1 0.611218 0.388782 
 ----> open 267 0 0.667953 0.332047 
 ----> open 268 0 0.654774 0.345226 
 ----> open 269 0 0.642063 0.357937 
 ----> open 270 0 0.66285 0.33715 
 ----> open 271 1 0.588607 0.411393 
 ----> open 272 1 0.666395 0.333605 
 ----> open 273 0 0.661819 0.338181 
 ----> open 274 0 0.604899 0.395101 
 ----> open 275 0 0.666619 0.333381 
 ----> open 276 0 0.644959 0.355041 
 ----> open 277 0 0.65422 0.34578 
 ----> open 278 0 0.67623 0.32377 
 ----> open 279 0 0.634121 0.365879 
 ----> open 280 1 0.660128 0.339872 
 ----> open 281 1 0.609979 0.390021 
 ----> open 282 0 0.674549 0.325451 
 ----> open 283 1 0.657784 0.342216 
 ----> open 284 1 0.648569 0.351431 
 ----> open 285 0 0.657995 0.342005 
 ----> open 286 0 0.682171 0.317829 
 ----> open 287 0 0.644935 0.355065 
 ----> open 288 1 0.618178 0.381822 
 ----> open 289 1 0.717857 0.282143 
 ----> open 290 0 0.703928 0.296072 
 ----> open 291 0 0.649603 0.350397 
 ----> open 292 1 0.589073 0.410927 
 ----> open 293 0 0.658368 0.341632 
 ----> open 294 0 0.695683 0.304317 
 ----> open 295 1 0.583919 0.416081 
 ----> open 296 0 0.692708 0.307292 
 ----> open 297 0 0.664456 0.335544 
 ----> open 298 1 0.6058 0.3942 
 ----> open 299 0 0.698498 0.301502 
 ----> open 300 1 0.592539 0.407461 
 ----> open 301 0 0.630206 0.369794 
 ----> open 302 0 0.662093 0.337907 
 ----> open 303 0 0.662834 0.337166 
 ----> open 304 0 0.633981 0.366019 
 ----> open 305 1 0.692024 0.307976 
 ----> open 306 0 0.704054 0.295946 
 ----> open 307 0 0.673065 0.326935 
 ----> open 308 0 0.679143 0.320857 
 ----> open 309 1 0.619988 0.380012 
 ----> open 310 1 0.636537 0.363463 
 ----> open 311 0 0.659266 0.340734 
 ----> open 312 0 0.662735 0.337265 
 ----> open 313 0 0.628549 0.371451 
 ----> open 314 1 0.668462 0.331538 
 ----> open 315 0 0.66931 0.33069 
 ----> open 316 0 0.686435 0.313565 
 ----> open 317 0 0.652128 0.347872 
 ----> open 318 0 0.649526 0.350474 
 ----> open 319 0 0.634208 0.365792 
 ----> open 320 0 0.624532 0.375468 
 ----> open 321 0 0.642229 0.357771 
 ----> open 322 0 0.627877 0.372123 
 ----> open 323 1 0.67731 0.32269 
 ----> open 324 0 0.654096 0.345904 
 ----> open 325 0 0.655485 0.344515 
 ----> open 326 0 0.686084 0.313916 
 ----> open 327 1 0.655203 0.344797 
 ----> open 328 1 0.665782 0.334218 
 ----> open 329 0 0.644817 0.355183 
 ----> open 330 0 0.638818 0.361182 
 ----> open 331 0 0.667912 0.332088 
 ----> open 332 0 0.665411 0.334589 
 ----> open 333 0 0.645157 0.354843 
 ----> open 334 1 0.636773 0.363227 
 ----> open 335 1 0.627087 0.372913 
 ----> open 336 1 0.641897 0.358103 
 ----> open 337 1 0.626195 0.373805 
 ----> open 338 1 0.630817 0.369183 
 ----> open 339 0 0.628194 0.371806 
 ----> open 340 0 0.624648 0.375352 
 ----> open 341 0 0.659448 0.340552 
 ----> open 342 1 0.620087 0.379913 
 ----> open 343 1 0.660236 0.339764 
 ----> open 344 0 0.686715 0.313285 
 ----> open 345 0 0.625078 0.374922 
 ----> open 346 0 0.685632 0.314368 
 ----> open 347 0 0.658948 0.341052 
 ----> open 348 1 0.616885 0.383115 
 ----> open 349 0 0.694624 0.305376 
 ----> open 350 0 0.735502 0.264498 
 ----> open 351 1 0.658865 0.341135 
 ----> open 352 0 0.652497 0.347503 
 ----> open 353 0 0.669496 0.330504 
 ----> open 354 0 0.670918 0.329082 
 ----> open 355 0 0.688323 0.311677 
 ----> open 356 1 0.65749 0.34251 
 ----> open 357 0 0.678003 0.321997 
 ----> open 358 1 0.644791 0.355209 
 ----> open 359 0 0.702072 0.297928 
 ----> open 360 0 0.662729 0.337271 
 ----> open 361 0 0.686006 0.313994 
 ----> open 362 0 0.660199 0.339801 
 ----> open 363 1 0.651781 0.348219 
 ----> open 364 0 0.664309 0.335691 
 ----> open 365 0 0.665406 0.334594 
 ----> open 366 0 0.652474 0.347526 
 ----> open 367 1 0.649748 0.350252 
 ----> open 368 0 0.709202 0.290798 
 ----> open 369 0 0.695644 0.304356 
 ----> open 370 0 0.681137 0.318863 
 ----> open 371 1 0.61635 0.38365 
 ----> open 372 0 0.652683 0.347317 
 ----> open 373 0 0.688256 0.311744 
 ----> open 374 0 0.689832 0.310168 
 ----> open 375 0 0.676075 0.323925 
 ----> open 376 1 0.618201 0.381799 
 ----> open 377 0 0.626338 0.373662 
 ----> open 378 0 0.744495 0.255505 
 ----> open 379 1 0.677549 0.322451 
 ----> open 380 0 0.660113 0.339887 
 ----> open 381 0 0.656574 0.343426 
 ----> open 382 0 0.689294 0.310706 
 ----> open 383 0 0.667614 0.332386 
 ----> open 384 0 0.645363 0.354637 
 ----> open 385 0 0.685179 0.314821 
 ----> open 386 1 0.597477 0.402523 
 ----> open 387 0 0.688423 0.311577 
 ----> open 388 1 0.672807 0.327193 
 ----> open 389 1 0.639473 0.360527 
 ----> open 390 0 0.67992 0.32008 
 ----> open 391 0 0.671152 0.328848 
 ----> open 392 0 0.658925 0.341075 
 ----> open 393 0 0.67125 0.32875 
 ----> open 394 1 0.641093 0.358907 
 ----> open 395 0 0.688527 0.311473 
 ----> open 396 0 0.624871 0.375129 
 ----> open 397 0 0.668014 0.331986 
 ----> open 398 0 0.681982 0.318018 
 ----> open 399 1 0.597033 0.402967 
 ----> open 400 1 0.663429 0.336571 
 ----> open 401 1 0.643942 0.356058 
 ----> open 402 0 0.687125 0.312875 
 ----> open 403 0 0.65348 0.34652 
 ----> open 404 0 0.640033 0.359967 
 ----> open 405 0 0.660771 0.339229 
 ----> open 406 1 0.63616 0.36384 
 ----> open 407 1 0.656871 0.343129 
 ----> open 408 0 0.66808 0.33192 
 ----> open 409 0 0.644349 0.355651 
 ----> open 410 0 0.66303 0.33697 
 ----> open 411 0 0.604663 0.395337 
 ----> open 412 0 0.672717 0.327283 
 ----> open 413 0 0.686762 0.313238 
 ----> open 414 1 0.649809 0.350191 
 ----> open 415 1 0.628745 0.371255 
 ----> open 416 1 0.652722 0.347278 
 ----> open 417 0 0.649299 0.350701 
 ----> open 418 0 0.660507 0.339493 
 ----> open 419 1 0.617758 0.382242 
 ----> open 420 0 0.663537 0.336463 
 ----> open 421 0 0.66461 0.33539 
 ----> open 422 0 0.697649 0.302351 
 ----> open 423 0 0.685844 0.314156 
 ----> open 424 0 0.636391 0.363609 
 ----> open 425 0 0.709259 0.290741 
 ----> open 426 0 0.668343 0.331657 
 ----> open 427 1 0.596488 0.403512 
 ----> open 428 0 0.697652 0.302348 
 ----> open 429 0 0.670723 0.329277 
 ----> open 430 0 0.660158 0.339842 
 ----> open 431 0 0.676092 0.323908 
 ----> open 432 0 0.64841 0.35159 
 ----> open 433 0 0.689244 0.310756 
 ----> open 434 0 0.657122 0.342878 
 ----> open 435 1 0.661931 0.338069 
 ----> open 436 1 0.65339 0.34661 
 ----> open 437 0 0.653087 0.346913 
 ----> open 438 0 0.658426 0.341574 
 ----> open 439 0 0.633235 0.366765 
 ----> open 440 1 0.586403 0.413597 
 ----> open 441 0 0.697066 0.302934 
 ----> open 442 0 0.711744 0.288256 
 ----> open 443 0 0.637206 0.362794 
 ----> open 444 0 0.613152 0.386848 
 ----> open 445 0 0.688031 0.311969 
 ----> open 446 1 0.673211 0.326789 
 ----> open 447 0 0.671627 0.328373 
 ----> open 448 0 0.672613 0.327387 
 ----> open 449 0 0.66608 0.33392 
 ----> open 450 0 0.688542 0.311458 
 ----> open 451 0 0.680159 0.319841 
 ----> open 452 0 0.645988 0.354012 
 ----> open 453 0 0.694448 0.305552 
 ----> open 454 0 0.64864 0.35136 
 ----> open 455 0 0.620075 0.379925 
 ----> open 456 0 0.697952 0.302048 
 ----> open 457 0 0.661325 0.338675 
 ----> open 458 0 0.680202 0.319798 
 ----> open 459 1 0.66912 0.33088 
 ----> open 460 0 0.712229 0.287771 
 ----> open 461 0 0.682398 0.317602 
 ----> open 462 0 0.712342 0.287658 
 ----> open 463 0 0.672445 0.327555 
 ----> open 464 0 0.656181 0.343819 
 ----> open 465 0 0.6253 0.3747 
 ----> open 466 0 0.696185 0.303815 
 ----> open 467 1 0.654399 0.345601 
 ----> open 468 1 0.670146 0.329854 
 ----> open 469 0 0.686341 0.313659 
 ----> open 470 0 0.669543 0.330457 
 ----> open 471 1 0.686863 0.313137 
 ----> open 472 1 0.696637 0.303363 
 ----> open 473 0 0.653662 0.346338 
 ----> open 474 1 0.637166 0.362834 
 ----> open 475 0 0.670492 0.329508 
 ----> open 476 0 0.661757 0.338243 
 ----> open 477 0 0.660074 0.339926 
 ----> open 478 1 0.645123 0.354877 
 ----> open 479 0 0.672617 0.327383 
 ----> open 480 0 0.632886 0.367114 
 ----> open 481 0 0.67677 0.32323 
 ----> open 482 0 0.713116 0.286884 
 ----> open 483 0 0.663194 0.336806 
 ----> open 484 1 0.661757 0.338243 
 ----> open 485 0 0.708127 0.291873 
 ----> open 486 0 0.674609 0.325391 
 ----> open 487 0 0.676383 0.323617 
 ----> open 488 0 0.667773 0.332227 
 ----> open 489 1 0.666397 0.333603 
 ----> open 490 1 0.678525 0.321475 
 ----> open 491 0 0.693102 0.306898 
 ----> open 492 1 0.659716 0.340284 
 ----> open 493 0 0.686971 0.313029 
 ----> open 494 0 0.702377 0.297623 
 ----> open 495 0 0.695142 0.304858 
 ----> open 496 1 0.6672 0.3328 
 ----> open 497 0 0.629262 0.370738 
 ----> open 498 0 0.681727 0.318273 
 ----> open 499 0 0.66789 0.33211 
 ----> open 500 0 0.691095 0.308905 
 ----> open 501 1 0.65449 0.34551 
 ----> open 502 0 0.702859 0.297141 
 ----> open 503 0 0.648538 0.351462 
 ----> open 504 1 0.696602 0.303398 
 ----> open 505 0 0.655713 0.344287 
 ----> open 506 0 0.656725 0.343275 
 ----> open 507 0 0.715687 0.284313 
 ----> open 508 0 0.711461 0.288539 
 ----> open 509 1 0.651068 0.348932 
 ----> open 510 1 0.627834 0.372166 
 ----> open 511 0 0.638869 0.361131 
 ----> open 512 0 0.696602 0.303398 
 ----> open 513 0 0.676228 0.323772 
 ----> open 514 0 0.712052 0.287948 
 ----> open 515 1 0.690956 0.309044 
 ----> open 516 0 0.638826 0.361174 
 ----> open 517 1 0.690244 0.309756 
 ----> open 518 1 0.648695 0.351305 
 ----> open 519 0 0.679329 0.320671 
 ----> open 520 0 0.65021 0.34979 
 ----> open 521 1 0.657303 0.342697 
 ----> open 522 1 0.626312 0.373688 
 ----> open 523 0 0.668237 0.331763 
 ----> open 524 1 0.648456 0.351544 
 ----> open 525 0 0.663535 0.336465 
 ----> open 526 0 0.65116 0.34884 
 ----> open 527 0 0.712241 0.287759 
 ----> open 528 0 0.647484 0.352516 
 ----> open 529 0 0.6455 0.3545 
 ----> open 530 1 0.659525 0.340475 
 ----> open 531 0 0.650582 0.349418 
 ----> open 532 1 0.608888 0.391112 
 ----> open 533 0 0.666704 0.333296 
 ----> open 534 0 0.670729 0.329271 
 ----> open 535 0 0.695651 0.304349 
 ----> open 536 1 0.597637 0.402363 
 ----> open 537 0 0.705797 0.294203 
 ----> open 538 0 0.683715 0.316285 
 ----> open 539 0 0.632599 0.367401 
 ----> open 540 1 0.676779 0.323221 
 ----> open 541 0 0.672742 0.327258 
 ----> open 542 1 0.671606 0.328394 
 ----> open 543 0 0.694404 0.305596 
 ----> open 544 1 0.620368 0.379632 
 ----> open 545 0 0.678859 0.321141 
 ----> open 546 1 0.667902 0.332098 
 ----> open 547 0 0.655501 0.344499 
 ----> open 548 0 0.639384 0.360616 
 ----> open 549 1 0.634972 0.365028 
 ----> open 550 0 0.665942 0.334058 
 ----> open 551 1 0.61304 0.38696 
 ----> open 552 0 0.698546 0.301454 
 ----> open 553 1 0.617619 0.382381 
 ----> open 554 0 0.657211 0.342789 
 ----> open 555 1 0.67015 0.32985 
 ----> open 556 1 0.659107 0.340893 
 ----> open 557 0 0.676944 0.323056 
 ----> open 558 0 0.669066 0.330934 
 ----> open 559 0 0.663277 0.336723 
 ----> open 560 0 0.63021 0.36979 
 ----> open 561 0 0.642459 0.357541 
 ----> open 562 1 0.636771 0.363229 
 ----> open 563 0 0.702658 0.297342 
 ----> open 564 0 0.677036 0.322964 
 ----> open 565 0 0.647729 0.352271 
 ----> open 566 0 0.670603 0.329397 
 ----> open 567 0 0.673359 0.326641 
 ----> open 568 0 0.667509 0.332491 
 ----> open 569 0 0.703219 0.296781 
 ----> open 570 1 0.632313 0.367687 
 ----> open 571 0 0.686363 0.313637 
 ----> open 572 1 0.619262 0.380738 
 ----> open 573 0 0.695663 0.304337 
 ----> open 574 0 0.66565 0.33435 
 ----> open 575 0 0.698315 0.301685 
 ----> open 576 1 0.627439 0.372561 
 ----> open 577 0 0.694871 0.305129 
 ----> open 578 1 0.608832 0.391168 
 ----> open 579 0 0.681648 0.318352 
 ----> open 580 0 0.60729 0.39271 
 ----> open 581 1 0.702437 0.297563 
 ----> open 582 0 0.676257 0.323743 
 ----> open 583 0 0.689141 0.310859 
 ----> open 584 1 0.594475 0.405525 
 ----> open 585 1 0.680884 0.319116 
 ----> open 586 0 0.674878 0.325122 
 ----> open 587 0 0.646161 0.353839 
 ----> open 588 0 0.667107 0.332893 
 ----> open 589 0 0.656999 0.343001 
 ----> open 590 1 0.658334 0.341666 
 ----> open 591 0 0.684361 0.315639 
 ----> open 592 1 0.614542 0.385458 
 ----> open 593 0 0.620044 0.379956 
 ----> open 594 1 0.640952 0.359048 
 ----> open 595 0 0.687664 0.312336 
 ----> open 596 0 0.624773 0.375227 
 ----> open 597 0 0.701175 0.298825 
 ----> open 598 0 0.670649 0.329351 
 ----> open 599 0 0.648569 0.351431 
 ----> open 600 0 0.649172 0.350828 
 ----> open 601 0 0.662797 0.337203 
 ----> open 602 0 0.656524 0.343476 
 ----> open 603 1 0.679636 0.320364 
 ----> open 604 0 0.688224 0.311776 
 ----> open 605 0 0.685933 0.314067 
 ----> open 606 0 0.681475 0.318525 
 ----> open 607 0 0.69635 0.30365 
 ----> open 608 1 0.596071 0.403929 
 ----> open 609 0 0.69111 0.30889 
 ----> open 610 0 0.647082 0.352918 
 ----> open 611 0 0.693737 0.306263 
 ----> open 612 0 0.681778 0.318222 
 ----> open 613 0 0.646838 0.353162 
 ----> open 614 0 0.660988 0.339012 
 ----> open 615 0 0.695872 0.304128 
 ----> open 616 0 0.637629 0.362371 
 ----> open 617 0 0.677928 0.322072 
 ----> open 618 0 0.675399 0.324601 
 ----> open 619 1 0.618827 0.381173 
 ----> open 620 1 0.651072 0.348928 
 ----> open 621 0 0.679888 0.320112 
 ----> open 622 0 0.662222 0.337778 
 ----> open 623 0 0.595023 0.404977 
 ----> open 624 1 0.66231 0.33769 
 ----> open 625 0 0.681133 0.318867 
 ----> open 626 0 0.653812 0.346188 
 ----> open 627 0 0.673935 0.326065 
 ----> open 628 0 0.651962 0.348038 
 ----> open 629 1 0.643224 0.356776 
 ----> open 630 1 0.65312 0.34688 
 ----> open 631 0 0.713189 0.286811 
 ----> open 632 1 0.672745 0.327255 
 ----> open 633 1 0.655308 0.344692 
 ----> open 634 0 0.64652 0.35348 
 ----> open 635 1 0.646909 0.353091 
 ----> open 636 0 0.658421 0.341579 
 ----> open 637 0 0.686033 0.313967 
 ----> open 638 0 0.688878 0.311122 
 ----> open 639 0 0.67985 0.32015 
 ----> open 640 1 0.648759 0.351241 
 ----> open 641 0 0.679939 0.320061 
 ----> open 642 0 0.663409 0.336591 
 ----> open 643 0 0.673676 0.326324 
 ----> open 644 1 0.656392 0.343608 
 ----> open 645 0 0.703829 0.296171 
 ----> open 646 0 0.673254 0.326746 
 ----> open 647 1 0.680758 0.319242 
 ----> open 648 0 0.67741 0.32259 
 ----> open 649 0 0.647304 0.352696 
 ----> open 650 0 0.673462 0.326538 
 ----> open 651 0 0.716329 0.283671 
 ----> open 652 1 0.663977 0.336023 
 ----> open 653 0 0.685781 0.314219 
 ----> open 654 1 0.649077 0.350923 
 ----> open 655 0 0.722868 0.277132 
 ----> open 656 0 0.649394 0.350606 
 ----> open 657 0 0.691132 0.308868 
 ----> open 658 0 0.603626 0.396374 
 ----> open 659 0 0.693769 0.306231 
 ----> open 660 0 0.669319 0.330681 
 ----> open 661 0 0.659594 0.340406 
 ----> open 662 0 0.634115 0.365885 
 ----> open 663 0 0.673064 0.326936 
 ----> open 664 1 0.630466 0.369534 
 ----> open 665 0 0.68637 0.31363 
 ----> open 666 1 0.641706 0.358294 
 ----> open 667 0 0.667445 0.332555 
 ----> open 668 0 0.64599 0.35401 
 ----> open 669 0 0.642567 0.357433 
 ----> open 670 0 0.687509 0.312491 
 ----> open 671 0 0.68667 0.31333 
 ----> open 672 0 0.675723 0.324277 
 ----> open 673 0 0.701138 0.298862 
 ----> open 674 0 0.682307 0.317693 
 ----> open 675 1 0.659032 0.340968 
 ----> open 676 1 0.658792 0.341208 
 ----> open 677 1 0.638075 0.361925 
 ----> open 678 1 0.639802 0.360198 
 ----> open 679 1 0.680981 0.319019 
 ----> open 680 0 0.679231 0.320769 
 ----> open 681 1 0.673974 0.326026 
 ----> open 682 0 0.6315 0.3685 
 ----> open 683 0 0.676034 0.323966 
 ----> open 684 0 0.652467 0.347533 
 ----> open 685 1 0.643746 0.356254 
 ----> open 686 0 0.675213 0.324787 
 ----> open 687 0 0.673531 0.326469 
 ----> open 688 0 0.68495 0.31505 
 ----> open 689 0 0.652264 0.347736 
 ----> open 690 1 0.645667 0.354333 
 ----> open 691 1 0.642067 0.357933 
 ----> open 692 0 0.653917 0.346083 
 ----> open 693 0 0.6641 0.3359 
 ----> open 694 1 0.672525 0.327475 
 ----> open 695 0 0.631862 0.368138 
 ----> open 696 0 0.664189 0.335811 
 ----> open 697 0 0.668905 0.331095 
 ----> open 698 0 0.66883 0.33117 
 ----> open 699 0 0.703234 0.296766 
 ----> open 700 0 0.639769 0.360231 
 ----> open 701 0 0.701928 0.298072 
 ----> open 702 0 0.656393 0.343607 
 ----> open 703 0 0.660026 0.339974 
 ----> open 704 0 0.647443 0.352557 
 ----> open 705 0 0.654561 0.345439 
 ----> open 706 0 0.724701 0.275299 
 ----> open 707 0 0.695099 0.304901 
 ----> open 708 0 0.683047 0.316953 
 ----> open 709 0 0.643537 0.356463 
 ----> open 710 0 0.682526 0.317474 
 ----> open 711 0 0.720233 0.279767 
 ----> open 712 0 0.692205 0.307795 
 ----> open 713 0 0.651471 0.348529 
 ----> open 714 1 0.641619 0.358381 
 ----> open 715 1 0.687614 0.312386 
 ----> open 716 1 0.641849 0.358151 
 ----> open 717 0 0.664371 0.335629 
 ----> open 718 0 0.626532 0.373468 
