 ----> open 1 0 0.771929 0.228071 
 ----> open 2 1 0.772264 0.227736 
 ----> open 3 0 0.747585 0.252415 
 ----> open 4 1 0.418604 0.581396 
 ----> open 5 1 0.458802 0.541198 
 ----> open 6 1 0.788432 0.211568 
 ----> open 7 1 0.319889 0.680111 
 ----> open 8 0 0.718607 0.281393 
 ----> open 9 0 0.82941 0.17059 
 ----> open 10 0 0.80526 0.19474 
 ----> open 11 1 0.365196 0.634804 
 ----> open 12 1 0.454492 0.545508 
 ----> open 13 0 0.691741 0.308259 
 ----> open 14 1 0.650043 0.349957 
 ----> open 15 1 0.607867 0.392133 
 ----> open 16 1 0.721244 0.278756 
 ----> open 17 1 0.419458 0.580542 
 ----> open 18 0 0.508758 0.491242 
 ----> open 19 0 0.750072 0.249928 
 ----> open 20 0 0.729169 0.270831 
 ----> open 21 1 0.623717 0.376283 
 ----> open 22 1 0.41304 0.58696 
 ----> open 23 0 0.749987 0.250013 
 ----> open 24 0 0.765775 0.234225 
 ----> open 25 0 0.663379 0.336621 
 ----> open 26 0 0.728049 0.271951 
 ----> open 27 1 0.726598 0.273402 
 ----> open 28 1 0.36263 0.63737 
 ----> open 29 1 0.604912 0.395088 
 ----> open 30 0 0.697143 0.302857 
 ----> open 31 1 0.633286 0.366714 
 ----> open 32 0 0.621821 0.378179 
 ----> open 33 0 0.685897 0.314103 
 ----> open 34 0 0.773295 0.226705 
 ----> open 35 1 0.688933 0.311067 
 ----> open 36 1 0.484087 0.515913 
 ----> open 37 0 0.558338 0.441662 
 ----> open 38 0 0.745622 0.254378 
 ----> open 39 0 0.704018 0.295982 
 ----> open 40 0 0.641794 0.358206 
 ----> open 41 1 0.516502 0.483498 
 ----> open 42 1 0.557329 0.442671 
 ----> open 43 1 0.667311 0.332689 
 ----> open 44 0 0.662826 0.337174 
 ----> open 45 1 0.66805 0.33195 
 ----> open 46 1 0.495266 0.504734 
 ----> open 47 0 0.561885 0.438115 
 ----> open 48 0 0.739465 0.260535 
 ----> open 49 1 0.688786 0.311214 
 ----> open 50 1 0.491679 0.508321 
 ----> open 51 1 0.552847 0.447153 
 ----> open 52 0 0.664098 0.335902 
 ----> open 53 1 0.397552 0.602448 
 ----> open 54 0 0.669488 0.330512 
 ----> open 55 0 0.743095 0.256905 
 ----> open 56 0 0.689492 0.310508 
 ----> open 57 1 0.617552 0.382448 
 ----> open 58 1 0.623211 0.376789 
 ----> open 59 0 0.559099 0.440901 
 ----> open 60 1 0.494994 0.505006 
 ----> open 61 0 0.561789 0.438211 
 ----> open 62 0 0.729813 0.270187 
 ----> open 63 0 0.712623 0.287377 
 ----> open 64 1 0.526487 0.473513 
 ----> open 65 1 0.551185 0.448815 
 ----> open 66 0 0.710339 0.289661 
 ----> open 67 0 0.708073 0.291927 
 ----> open 68 1 0.604635 0.395365 
 ----> open 69 0 0.730674 0.269326 
 ----> open 70 0 0.732805 0.267195 
 ----> open 71 1 0.56652 0.43348 
 ----> open 72 1 0.514743 0.485257 
 ----> open 73 0 0.709533 0.290467 
 ----> open 74 1 0.723189 0.276811 
 ----> open 75 0 0.583096 0.416904 
 ----> open 76 0 0.675079 0.324921 
 ----> open 77 1 0.709474 0.290526 
 ----> open 78 0 0.688883 0.311117 
 ----> open 79 1 0.621207 0.378793 
 ----> open 80 0 0.706175 0.293825 
 ----> open 81 0 0.520745 0.479255 
 ----> open 82 1 0.538017 0.461983 
 ----> open 83 1 0.658312 0.341688 
 ----> open 84 1 0.416489 0.583511 
 ----> open 85 0 0.667795 0.332205 
 ----> open 86 1 0.738817 0.261183 
 ----> open 87 0 0.701203 0.298797 
 ----> open 88 1 0.62136 0.37864 
 ----> open 89 1 0.610007 0.389993 
 ----> open 90 0 0.551134 0.448866 
 ----> open 91 1 0.471378 0.528622 
 ----> open 92 1 0.647682 0.352318 
 ----> open 93 0 0.518927 0.481073 
 ----> open 94 0 0.710431 0.289569 
 ----> open 95 1 0.509539 0.490461 
 ----> open 96 0 0.723018 0.276982 
 ----> open 97 0 0.724128 0.275872 
 ----> open 98 1 0.679439 0.320561 
 ----> open 99 1 0.482384 0.517616 
 ----> open 100 1 0.50506 0.49494 
 ----> open 101 0 0.670635 0.329365 
 ----> open 102 1 0.415908 0.584092 
 ----> open 103 0 0.67185 0.32815 
 ----> open 104 0 0.747688 0.252312 
 ----> open 105 0 0.698387 0.301613 
 ----> open 106 1 0.614371 0.385629 
 ----> open 107 0 0.68429 0.31571 
 ----> open 108 0 0.619511 0.380489 
 ----> open 109 0 0.720339 0.279661 
 ----> open 110 0 0.637773 0.362227 
 ----> open 111 1 0.628381 0.371619 
 ----> open 112 0 0.696244 0.303756 
 ----> open 113 0 0.746984 0.253016 
 ----> open 114 1 0.68362 0.31638 
 ----> open 115 1 0.534606 0.465394 
 ----> open 116 0 0.714192 0.285808 
 ----> open 117 0 0.736578 0.263422 
 ----> open 118 1 0.671023 0.328977 
 ----> open 119 1 0.524278 0.475722 
 ----> open 120 1 0.540291 0.459709 
 ----> open 121 0 0.7503 0.2497 
 ----> open 122 1 0.448053 0.551947 
 ----> open 123 1 0.591894 0.408106 
 ----> open 124 1 0.579049 0.420951 
 ----> open 125 0 0.642419 0.357581 
 ----> open 126 1 0.614998 0.385002 
 ----> open 127 0 0.626745 0.373255 
 ----> open 128 0 0.66971 0.33029 
 ----> open 129 0 0.761474 0.238526 
 ----> open 130 1 0.697076 0.302924 
 ----> open 131 0 0.503806 0.496194 
 ----> open 132 0 0.725951 0.274049 
 ----> open 133 0 0.751906 0.248094 
 ----> open 134 1 0.578873 0.421127 
 ----> open 135 1 0.632707 0.367293 
 ----> open 136 1 0.621395 0.378605 
 ----> open 137 0 0.65603 0.34397 
 ----> open 138 1 0.533521 0.466479 
 ----> open 139 0 0.570201 0.429799 
 ----> open 140 0 0.685972 0.314028 
 ----> open 141 1 0.627307 0.372693 
 ----> open 142 0 0.511399 0.488601 
 ----> open 143 1 0.697533 0.302467 
 ----> open 144 0 0.708298 0.291702 
 ----> open 145 1 0.596286 0.403714 
 ----> open 146 0 0.748586 0.251414 
 ----> open 147 0 0.713991 0.286009 
 ----> open 148 0 0.754852 0.245148 
 ----> open 149 1 0.615436 0.384564 
 ----> open 150 1 0.663645 0.336355 
 ----> open 151 1 0.539262 0.460738 
 ----> open 152 1 0.542953 0.457047 
 ----> open 153 0 0.748607 0.251393 
 ----> open 154 0 0.706523 0.293477 
 ----> open 155 1 0.631574 0.368426 
 ----> open 156 0 0.71164 0.28836 
 ----> open 157 1 0.479071 0.520929 
 ----> open 158 1 0.568614 0.431386 
 ----> open 159 1 0.422692 0.577308 
 ----> open 160 0 0.764027 0.235973 
 ----> open 161 0 0.696439 0.303561 
 ----> open 162 0 0.731488 0.268512 
 ----> open 163 1 0.630807 0.369193 
 ----> open 164 1 0.634333 0.365667 
 ----> open 165 1 0.680144 0.319856 
 ----> open 166 1 0.515267 0.484733 
 ----> open 167 0 0.533727 0.466273 
 ----> open 168 1 0.719436 0.280564 
 ----> open 169 0 0.473309 0.526691 
 ----> open 170 0 0.660624 0.339376 
 ----> open 171 1 0.567912 0.432088 
 ----> open 172 1 0.608269 0.391731 
 ----> open 173 1 0.64598 0.35402 
 ----> open 174 1 0.60436 0.39564 
 ----> open 175 1 0.656614 0.343386 
 ----> open 176 0 0.510618 0.489382 
 ----> open 177 0 0.716935 0.283065 
 ----> open 178 0 0.730219 0.269781 
 ----> open 179 1 0.565098 0.434902 
 ----> open 180 0 0.609465 0.390535 
 ----> open 181 0 0.652008 0.347992 
 ----> open 182 0 0.758082 0.241918 
 ----> open 183 0 0.605766 0.394234 
 ----> open 184 1 0.525128 0.474872 
 ----> open 185 1 0.567887 0.432113 
 ----> open 186 0 0.687544 0.312456 
 ----> open 187 0 0.669938 0.330062 
 ----> open 188 1 0.67968 0.32032 
 ----> open 189 0 0.519368 0.480632 
 ----> open 190 1 0.557817 0.442183 
 ----> open 191 1 0.708842 0.291158 
 ----> open 192 0 0.708333 0.291667 
 ----> open 193 1 0.524386 0.475614 
 ----> open 194 0 0.721678 0.278322 
 ----> open 195 0 0.749826 0.250174 
 ----> open 196 0 0.665349 0.334651 
 ----> open 197 1 0.491463 0.508537 
 ----> open 198 0 0.724704 0.275296 
 ----> open 199 0 0.757063 0.242937 
 ----> open 200 0 0.683107 0.316893 
 ----> open 201 1 0.68946 0.31054 
 ----> open 202 0 0.717417 0.282583 
 ----> open 203 0 0.756647 0.243353 
 ----> open 204 1 0.606315 0.393685 
 ----> open 205 1 0.562444 0.437556 
 ----> open 206 0 0.705685 0.294315 
 ----> open 207 0 0.643554 0.356446 
 ----> open 208 1 0.630601 0.369399 
 ----> open 209 0 0.687547 0.312453 
 ----> open 210 0 0.723481 0.276519 
 ----> open 211 0 0.692825 0.307175 
 ----> open 212 0 0.644252 0.355748 
 ----> open 213 0 0.699006 0.300994 
 ----> open 214 1 0.614131 0.385869 
 ----> open 215 0 0.714185 0.285815 
 ----> open 216 1 0.633839 0.366161 
 ----> open 217 0 0.686997 0.313003 
 ----> open 218 1 0.621593 0.378407 
 ----> open 219 0 0.697434 0.302566 
 ----> open 220 0 0.638591 0.361409 
 ----> open 221 0 0.686452 0.313548 
 ----> open 222 0 0.646563 0.353437 
 ----> open 223 1 0.627549 0.372451 
 ----> open 224 0 0.566768 0.433232 
 ----> open 225 0 0.710269 0.289731 
 ----> open 226 1 0.637599 0.362401 
 ----> open 227 1 0.628014 0.371986 
 ----> open 228 0 0.678559 0.321441 
 ----> open 229 1 0.739523 0.260477 
 ----> open 230 0 0.704913 0.295087 
 ----> open 231 0 0.630189 0.369811 
 ----> open 232 1 0.679034 0.320966 
 ----> open 233 1 0.527301 0.472699 
 ----> open 234 0 0.69112 0.30888 
 ----> open 235 0 0.759309 0.240691 
 ----> open 236 1 0.675235 0.324765 
 ----> open 237 0 0.541727 0.458273 
 ----> open 238 0 0.706965 0.293035 
 ----> open 239 0 0.749933 0.250067 
 ----> open 240 0 0.689524 0.310476 
 ----> open 241 1 0.708994 0.291006 
 ----> open 242 0 0.724928 0.275072 
 ----> open 243 1 0.430979 0.569021 
 ----> open 244 0 0.775024 0.224976 
 ----> open 245 1 0.535971 0.464029 
 ----> open 246 1 0.582882 0.417118 
 ----> open 247 0 0.67505 0.32495 
 ----> open 248 0 0.661916 0.338084 
 ----> open 249 1 0.700275 0.299725 
 ----> open 250 0 0.51605 0.48395 
 ----> open 251 0 0.716031 0.283969 
 ----> open 252 0 0.746393 0.253607 
 ----> open 253 0 0.70266 0.29734 
 ----> open 254 1 0.521723 0.478277 
 ----> open 255 0 0.712479 0.287521 
 ----> open 256 1 0.536326 0.463674 
 ----> open 257 1 0.557533 0.442467 
 ----> open 258 0 0.708897 0.291103 
 ----> open 259 0 0.655693 0.344307 
 ----> open 260 1 0.658415 0.341585 
 ----> open 261 1 0.503877 0.496123 
 ----> open 262 1 0.536128 0.463872 
 ----> open 263 0 0.650119 0.349881 
 ----> open 264 1 0.643192 0.356808 
 ----> open 265 1 0.646486 0.353514 
 ----> open 266 1 0.631413 0.368587 
 ----> open 267 0 0.693455 0.306545 
 ----> open 268 0 0.740775 0.259225 
 ----> open 269 0 0.692214 0.307786 
 ----> open 270 0 0.624759 0.375241 
 ----> open 271 1 0.678464 0.321536 
 ----> open 272 1 0.504402 0.495598 
 ----> open 273 0 0.717174 0.282826 
 ----> open 274 0 0.75263 0.24737 
 ----> open 275 0 0.677862 0.322138 
 ----> open 276 0 0.698683 0.301317 
 ----> open 277 0 0.58516 0.41484 
 ----> open 278 0 0.720234 0.279766 
 ----> open 279 0 0.753132 0.246868 
 ----> open 280 1 0.53578 0.46422 
 ----> open 281 1 0.547506 0.452494 
 ----> open 282 0 0.717087 0.282913 
 ----> open 283 1 0.437578 0.562422 
 ----> open 284 1 0.559547 0.440453 
 ----> open 285 0 0.74756 0.25244 
 ----> open 286 0 0.611434 0.388566 
 ----> open 287 0 0.673647 0.326353 
 ----> open 288 1 0.509347 0.490653 
 ----> open 289 1 0.679665 0.320335 
 ----> open 290 0 0.525382 0.474618 
 ----> open 291 0 0.716863 0.283137 
 ----> open 292 1 0.521367 0.478633 
 ----> open 293 0 0.567414 0.432586 
 ----> open 294 0 0.719046 0.280954 
 ----> open 295 1 0.452296 0.547704 
 ----> open 296 0 0.67666 0.32334 
 ----> open 297 0 0.599813 0.400187 
 ----> open 298 1 0.656992 0.343008 
 ----> open 299 0 0.517868 0.482132 
 ----> open 300 1 0.676521 0.323479 
 ----> open 301 0 0.769712 0.230288 
 ----> open 302 0 0.701641 0.298359 
 ----> open 303 0 0.691791 0.308209 
 ----> open 304 0 0.680949 0.319051 
 ----> open 305 1 0.727508 0.272492 
 ----> open 306 0 0.638716 0.361284 
 ----> open 307 0 0.673046 0.326954 
 ----> open 308 0 0.744912 0.255088 
 ----> open 309 1 0.698671 0.301329 
 ----> open 310 1 0.521927 0.478073 
 ----> open 311 0 0.578345 0.421655 
 ----> open 312 0 0.743624 0.256376 
 ----> open 313 0 0.712193 0.287807 
 ----> open 314 1 0.537746 0.462254 
 ----> open 315 0 0.729336 0.270664 
 ----> open 316 0 0.749745 0.250255 
 ----> open 317 0 0.685473 0.314527 
 ----> open 318 0 0.702464 0.297536 
 ----> open 319 0 0.697381 0.302619 
 ----> open 320 0 0.750427 0.249573 
 ----> open 321 0 0.630155 0.369845 
 ----> open 322 0 0.54114 0.45886 
 ----> open 323 1 0.700216 0.299784 
 ----> open 324 0 0.645717 0.354283 
 ----> open 325 0 0.688888 0.311112 
 ----> open 326 0 0.646274 0.353726 
 ----> open 327 1 0.690823 0.309177 
 ----> open 328 1 0.529229 0.470771 
 ----> open 329 0 0.715747 0.284253 
 ----> open 330 0 0.751415 0.248585 
 ----> open 331 0 0.686758 0.313242 
 ----> open 332 0 0.710422 0.289578 
 ----> open 333 0 0.707363 0.292637 
 ----> open 334 1 0.426 0.574 
 ----> open 335 1 0.623157 0.376843 
 ----> open 336 1 0.701827 0.298173 
 ----> open 337 1 0.508081 0.491919 
 ----> open 338 1 0.708599 0.291401 
 ----> open 339 0 0.748129 0.251871 
 ----> open 340 0 0.699602 0.300398 
 ----> open 341 0 0.535263 0.464737 
 ----> open 342 1 0.717556 0.282444 
 ----> open 343 1 0.548948 0.451052 
 ----> open 344 0 0.586365 0.413635 
 ----> open 345 0 0.714101 0.285899 
 ----> open 346 0 0.717916 0.282084 
 ----> open 347 0 0.538615 0.461385 
 ----> open 348 1 0.691637 0.308363 
 ----> open 349 0 0.740148 0.259852 
 ----> open 350 0 0.682365 0.317635 
 ----> open 351 1 0.530677 0.469323 
 ----> open 352 0 0.701219 0.298781 
 ----> open 353 0 0.738537 0.261463 
 ----> open 354 0 0.70518 0.29482 
 ----> open 355 0 0.709743 0.290257 
 ----> open 356 1 0.701938 0.298062 
 ----> open 357 0 0.761715 0.238285 
 ----> open 358 1 0.59965 0.40035 
 ----> open 359 0 0.526314 0.473686 
 ----> open 360 0 0.713911 0.286089 
 ----> open 361 0 0.750417 0.249583 
 ----> open 362 0 0.694045 0.305955 
 ----> open 363 1 0.715528 0.284472 
 ----> open 364 0 0.69908 0.30092 
 ----> open 365 0 0.756086 0.243914 
 ----> open 366 0 0.648037 0.351963 
 ----> open 367 1 0.559733 0.440267 
 ----> open 368 0 0.519217 0.480783 
 ----> open 369 0 0.733361 0.266639 
 ----> open 370 0 0.738626 0.261374 
 ----> open 371 1 0.678371 0.321629 
 ----> open 372 0 0.702402 0.297598 
 ----> open 373 0 0.702281 0.297719 
 ----> open 374 0 0.74399 0.25601 
 ----> open 375 0 0.629853 0.370147 
 ----> open 376 1 0.679195 0.320805 
 ----> open 377 0 0.744214 0.255786 
 ----> open 378 0 0.700628 0.299372 
 ----> open 379 1 0.631839 0.368161 
 ----> open 380 0 0.706534 0.293466 
 ----> open 381 0 0.635038 0.364962 
 ----> open 382 0 0.631229 0.368771 
 ----> open 383 0 0.680622 0.319378 
 ----> open 384 0 0.740819 0.259181 
 ----> open 385 0 0.716124 0.283876 
 ----> open 386 1 0.522331 0.477669 
 ----> open 387 0 0.715538 0.284462 
 ----> open 388 1 0.537589 0.462411 
 ----> open 389 1 0.5745 0.4255 
 ----> open 390 0 0.74151 0.25849 
 ----> open 391 0 0.69976 0.30024 
 ----> open 392 0 0.663075 0.336925 
 ----> open 393 0 0.738573 0.261427 
 ----> open 394 1 0.455596 0.544404 
 ----> open 395 0 0.570551 0.429449 
 ----> open 396 0 0.749827 0.250173 
 ----> open 397 0 0.630194 0.369806 
 ----> open 398 0 0.684362 0.315638 
 ----> open 399 1 0.534663 0.465337 
 ----> open 400 1 0.564342 0.435658 
 ----> open 401 1 0.679999 0.320001 
 ----> open 402 0 0.66501 0.33499 
 ----> open 403 0 0.649496 0.350504 
 ----> open 404 0 0.698583 0.301417 
 ----> open 405 0 0.64569 0.35431 
 ----> open 406 1 0.626819 0.373181 
 ----> open 407 1 0.533464 0.466536 
 ----> open 408 0 0.540072 0.459928 
 ----> open 409 0 0.714667 0.285333 
 ----> open 410 0 0.715445 0.284555 
 ----> open 411 0 0.69421 0.30579 
 ----> open 412 0 0.525716 0.474284 
 ----> open 413 0 0.696444 0.303556 
 ----> open 414 1 0.735498 0.264502 
 ----> open 415 1 0.6846 0.3154 
 ----> open 416 1 0.535409 0.464591 
 ----> open 417 0 0.724 0.276 
 ----> open 418 0 0.74733 0.25267 
 ----> open 419 1 0.561197 0.438803 
 ----> open 420 0 0.631077 0.368923 
 ----> open 421 0 0.6756 0.3244 
 ----> open 422 0 0.76533 0.23467 
 ----> open 423 0 0.624955 0.375045 
 ----> open 424 0 0.655071 0.344929 
 ----> open 425 0 0.752078 0.247922 
 ----> open 426 0 0.700639 0.299361 
 ----> open 427 1 0.508126 0.491874 
 ----> open 428 0 0.713449 0.286551 
 ----> open 429 0 0.781861 0.218139 
 ----> open 430 0 0.694419 0.305581 
 ----> open 431 0 0.702075 0.297925 
 ----> open 432 0 0.699164 0.300836 
 ----> open 433 0 0.721149 0.278851 
 ----> open 434 0 0.637872 0.362128 
 ----> open 435 1 0.682937 0.317063 
 ----> open 436 1 0.519429 0.480571 
 ----> open 437 0 0.700913 0.299087 
 ----> open 438 0 0.721468 0.278532 
 ----> open 439 0 0.578387 0.421613 
 ----> open 440 1 0.664423 0.335577 
 ----> open 441 0 0.52699 0.47301 
 ----> open 442 0 0.724606 0.275394 
 ----> open 443 0 0.740031 0.259969 
 ----> open 444 0 0.676571 0.323429 
 ----> open 445 0 0.699424 0.300576 
 ----> open 446 1 0.562938 0.437062 
 ----> open 447 0 0.705492 0.294508 
 ----> open 448 0 0.782745 0.217255 
 ----> open 449 0 0.64185 0.35815 
 ----> open 450 0 0.667528 0.332472 
 ----> open 451 0 0.749189 0.250811 
 ----> open 452 0 0.698926 0.301074 
 ----> open 453 0 0.644441 0.355559 
 ----> open 454 0 0.719755 0.280245 
 ----> open 455 0 0.654814 0.345186 
 ----> open 456 0 0.635 0.365 
 ----> open 457 0 0.684689 0.315311 
 ----> open 458 0 0.747969 0.252031 
 ----> open 459 1 0.645437 0.354563 
 ----> open 460 0 0.702394 0.297606 
 ----> open 461 0 0.662358 0.337642 
 ----> open 462 0 0.647864 0.352136 
 ----> open 463 0 0.688589 0.311411 
 ----> open 464 0 0.761335 0.238665 
 ----> open 465 0 0.699141 0.300859 
 ----> open 466 0 0.650969 0.349031 
 ----> open 467 1 0.708023 0.291977 
 ----> open 468 1 0.54112 0.45888 
 ----> open 469 0 0.729607 0.270393 
 ----> open 470 0 0.727143 0.272857 
 ----> open 471 1 0.575952 0.424048 
 ----> open 472 1 0.627103 0.372897 
 ----> open 473 0 0.656222 0.343778 
 ----> open 474 1 0.58811 0.41189 
 ----> open 475 0 0.600202 0.399798 
 ----> open 476 0 0.685417 0.314583 
 ----> open 477 0 0.745683 0.254317 
 ----> open 478 1 0.644358 0.355642 
 ----> open 479 0 0.681392 0.318608 
 ----> open 480 0 0.648338 0.351662 
 ----> open 481 0 0.706668 0.293332 
 ----> open 482 0 0.645428 0.354572 
 ----> open 483 0 0.711018 0.288982 
 ----> open 484 1 0.631634 0.368366 
 ----> open 485 0 0.696203 0.303797 
 ----> open 486 0 0.647133 0.352867 
 ----> open 487 0 0.707423 0.292577 
 ----> open 488 0 0.654661 0.345339 
 ----> open 489 1 0.625601 0.374399 
 ----> open 490 1 0.555372 0.444628 
 ----> open 491 0 0.735117 0.264883 
 ----> open 492 1 0.640926 0.359074 
 ----> open 493 0 0.704294 0.295706 
 ----> open 494 0 0.657358 0.342642 
 ----> open 495 0 0.733932 0.266068 
 ----> open 496 1 0.535148 0.464852 
 ----> open 497 0 0.554953 0.445047 
 ----> open 498 0 0.714115 0.285885 
 ----> open 499 0 0.699336 0.300664 
 ----> open 500 0 0.647453 0.352547 
 ----> open 501 1 0.520035 0.479965 
 ----> open 502 0 0.722112 0.277888 
 ----> open 503 0 0.757696 0.242304 
 ----> open 504 1 0.563814 0.436186 
 ----> open 505 0 0.680635 0.319365 
 ----> open 506 0 0.705362 0.294638 
 ----> open 507 0 0.662938 0.337062 
 ----> open 508 0 0.705341 0.294659 
 ----> open 509 1 0.531749 0.468251 
 ----> open 510 1 0.549254 0.450746 
 ----> open 511 0 0.719873 0.280127 
 ----> open 512 0 0.690882 0.309118 
 ----> open 513 0 0.638614 0.361386 
 ----> open 514 0 0.52305 0.47695 
 ----> open 515 1 0.549408 0.450592 
 ----> open 516 0 0.711782 0.288218 
 ----> open 517 1 0.673268 0.326732 
 ----> open 518 1 0.513927 0.486073 
 ----> open 519 0 0.59122 0.40878 
 ----> open 520 0 0.726487 0.273513 
 ----> open 521 1 0.480655 0.519345 
 ----> open 522 1 0.564442 0.435558 
 ----> open 523 0 0.763033 0.236967 
 ----> open 524 1 0.605971 0.394029 
 ----> open 525 0 0.515257 0.484743 
 ----> open 526 0 0.738947 0.261053 
 ----> open 527 0 0.729162 0.270838 
 ----> open 528 0 0.667736 0.332264 
 ----> open 529 0 0.712623 0.287377 
 ----> open 530 1 0.569439 0.430561 
 ----> open 531 0 0.711082 0.288918 
 ----> open 532 1 0.566264 0.433736 
 ----> open 533 0 0.711998 0.288002 
 ----> open 534 0 0.637235 0.362765 
 ----> open 535 0 0.6978 0.3022 
 ----> open 536 1 0.615336 0.384664 
 ----> open 537 0 0.72079 0.27921 
 ----> open 538 0 0.641526 0.358474 
 ----> open 539 0 0.705093 0.294907 
 ----> open 540 1 0.637033 0.362967 
 ----> open 541 0 0.702459 0.297541 
 ----> open 542 1 0.622771 0.377229 
 ----> open 543 0 0.633645 0.366355 
 ----> open 544 1 0.688011 0.311989 
 ----> open 545 0 0.752869 0.247131 
 ----> open 546 1 0.694981 0.305019 
 ----> open 547 0 0.633379 0.366621 
 ----> open 548 0 0.69869 0.30131 
 ----> open 549 1 0.642351 0.357649 
 ----> open 550 0 0.704505 0.295495 
 ----> open 551 1 0.655 0.345 
 ----> open 552 0 0.635934 0.364066 
 ----> open 553 1 0.686622 0.313378 
 ----> open 554 0 0.533203 0.466797 
 ----> open 555 1 0.707519 0.292481 
 ----> open 556 1 0.522155 0.477845 
 ----> open 557 0 0.710116 0.289884 
 ----> open 558 0 0.74605 0.25395 
 ----> open 559 0 0.582045 0.417955 
 ----> open 560 0 0.666505 0.333495 
 ----> open 561 0 0.7168 0.2832 
 ----> open 562 1 0.658968 0.341032 
 ----> open 563 0 0.694829 0.305171 
 ----> open 564 0 0.645386 0.354614 
 ----> open 565 0 0.702524 0.297476 
 ----> open 566 0 0.657142 0.342858 
 ----> open 567 0 0.702977 0.297023 
 ----> open 568 0 0.642346 0.357654 
 ----> open 569 0 0.692505 0.307495 
 ----> open 570 1 0.528601 0.471399 
 ----> open 571 0 0.71826 0.28174 
 ----> open 572 1 0.750236 0.249764 
 ----> open 573 0 0.590214 0.409786 
 ----> open 574 0 0.68421 0.31579 
 ----> open 575 0 0.734296 0.265704 
 ----> open 576 1 0.662823 0.337177 
 ----> open 577 0 0.66309 0.33691 
 ----> open 578 1 0.714885 0.285115 
 ----> open 579 0 0.64532 0.35468 
 ----> open 580 0 0.733132 0.266868 
 ----> open 581 1 0.518526 0.481474 
 ----> open 582 0 0.727686 0.272314 
 ----> open 583 0 0.755471 0.244529 
 ----> open 584 1 0.692129 0.307871 
 ----> open 585 1 0.52714 0.47286 
 ----> open 586 0 0.724871 0.275129 
 ----> open 587 0 0.746314 0.253686 
 ----> open 588 0 0.693301 0.306699 
 ----> open 589 0 0.705822 0.294178 
 ----> open 590 1 0.572238 0.427762 
 ----> open 591 0 0.723125 0.276875 
 ----> open 592 1 0.557917 0.442083 
 ----> open 593 0 0.526349 0.473651 
 ----> open 594 1 0.700884 0.299116 
 ----> open 595 0 0.751097 0.248903 
 ----> open 596 0 0.69078 0.30922 
 ----> open 597 0 0.688061 0.311939 
 ----> open 598 0 0.70519 0.29481 
 ----> open 599 0 0.765011 0.234989 
 ----> open 600 0 0.638688 0.361312 
 ----> open 601 0 0.687106 0.312894 
 ----> open 602 0 0.750402 0.249598 
 ----> open 603 1 0.641367 0.358633 
 ----> open 604 0 0.65086 0.34914 
 ----> open 605 0 0.678315 0.321685 
 ----> open 606 0 0.771239 0.228761 
 ----> open 607 0 0.689566 0.310434 
 ----> open 608 1 0.540497 0.459503 
 ----> open 609 0 0.563159 0.436841 
 ----> open 610 0 0.737703 0.262297 
 ----> open 611 0 0.688667 0.311333 
 ----> open 612 0 0.653364 0.346636 
 ----> open 613 0 0.720995 0.279005 
 ----> open 614 0 0.713039 0.286961 
 ----> open 615 0 0.669983 0.330017 
 ----> open 616 0 0.700066 0.299934 
 ----> open 617 0 0.702125 0.297875 
 ----> open 618 0 0.666249 0.333751 
 ----> open 619 1 0.702338 0.297662 
 ----> open 620 1 0.469519 0.530481 
 ----> open 621 0 0.57434 0.42566 
 ----> open 622 0 0.755195 0.244805 
 ----> open 623 0 0.599474 0.400526 
 ----> open 624 1 0.530664 0.469336 
 ----> open 625 0 0.727754 0.272246 
 ----> open 626 0 0.76005 0.23995 
 ----> open 627 0 0.696517 0.303483 
 ----> open 628 0 0.705576 0.294424 
 ----> open 629 1 0.700491 0.299509 
 ----> open 630 1 0.423509 0.576491 
 ----> open 631 0 0.781095 0.218905 
 ----> open 632 1 0.694716 0.305284 
 ----> open 633 1 0.550608 0.449392 
 ----> open 634 0 0.712999 0.287001 
 ----> open 635 1 0.639431 0.360569 
 ----> open 636 0 0.692009 0.307991 
 ----> open 637 0 0.539229 0.460771 
 ----> open 638 0 0.726565 0.273435 
 ----> open 639 0 0.760813 0.239187 
 ----> open 640 1 0.580799 0.419201 
 ----> open 641 0 0.625411 0.374589 
 ----> open 642 0 0.647806 0.352194 
 ----> open 643 0 0.74631 0.25369 
 ----> open 644 1 0.617973 0.382027 
 ----> open 645 0 0.679777 0.320223 
 ----> open 646 0 0.739756 0.260244 
 ----> open 647 1 0.668992 0.331008 
 ----> open 648 0 0.538721 0.461279 
 ----> open 649 0 0.724084 0.275916 
 ----> open 650 0 0.759661 0.240339 
 ----> open 651 0 0.692522 0.307478 
 ----> open 652 1 0.521737 0.478263 
 ----> open 653 0 0.731378 0.268622 
 ----> open 654 1 0.755497 0.244503 
 ----> open 655 0 0.597963 0.402037 
 ----> open 656 0 0.703567 0.296433 
 ----> open 657 0 0.707684 0.292316 
 ----> open 658 0 0.658565 0.341435 
 ----> open 659 0 0.709121 0.290879 
 ----> open 660 0 0.648434 0.351566 
 ----> open 661 0 0.679226 0.320774 
 ----> open 662 0 0.638837 0.361163 
 ----> open 663 0 0.705849 0.294151 
 ----> open 664 1 0.627193 0.372807 
 ----> open 665 0 0.63833 0.36167 
 ----> open 666 1 0.681423 0.318577 
 ----> open 667 0 0.756536 0.243464 
 ----> open 668 0 0.693888 0.306112 
 ----> open 669 0 0.628407 0.371593 
 ----> open 670 0 0.737199 0.262801 
 ----> open 671 0 0.652484 0.347516 
 ----> open 672 0 0.712808 0.287192 
 ----> open 673 0 0.633428 0.366572 
 ----> open 674 0 0.703655 0.296345 
 ----> open 675 1 0.539131 0.460869 
 ----> open 676 1 0.544148 0.455852 
 ----> open 677 1 0.72502 0.27498 
 ----> open 678 1 0.68879 0.31121 
 ----> open 679 1 0.515601 0.484399 
 ----> open 680 0 0.718707 0.281293 
 ----> open 681 1 0.543583 0.456417 
 ----> open 682 0 0.734817 0.265183 
 ----> open 683 0 0.743073 0.256927 
 ----> open 684 0 0.690597 0.309403 
 ----> open 685 1 0.711333 0.288667 
 ----> open 686 0 0.581674 0.418326 
 ----> open 687 0 0.712285 0.287715 
 ----> open 688 0 0.77817 0.22183 
 ----> open 689 0 0.649188 0.350812 
 ----> open 690 1 0.666521 0.333479 
 ----> open 691 1 0.521599 0.478401 
 ----> open 692 0 0.721682 0.278318 
 ----> open 693 0 0.741435 0.258565 
 ----> open 694 1 0.684611 0.315389 
 ----> open 695 0 0.712947 0.287053 
 ----> open 696 0 0.715449 0.284551 
 ----> open 697 0 0.760892 0.239108 
 ----> open 698 0 0.646431 0.353569 
 ----> open 699 0 0.680214 0.319786 
 ----> open 700 0 0.751884 0.248116 
 ----> open 701 0 0.653454 0.346546 
 ----> open 702 0 0.701744 0.298256 
 ----> open 703 0 0.649704 0.350296 
 ----> open 704 0 0.710525 0.289475 
 ----> open 705 0 0.658313 0.341687 
 ----> open 706 0 0.739429 0.260571 
 ----> open 707 0 0.673209 0.326791 
 ----> open 708 0 0.685998 0.314002 
 ----> open 709 0 0.668537 0.331463 
 ----> open 710 0 0.711384 0.288616 
 ----> open 711 0 0.634459 0.365541 
 ----> open 712 0 0.706726 0.293274 
 ----> open 713 0 0.658238 0.341762 
 ----> open 714 1 0.687775 0.312225 
 ----> open 715 1 0.527864 0.472136 
 ----> open 716 1 0.739699 0.260301 
 ----> open 717 0 0.518211 0.481789 
 ----> open 718 0 0.717633 0.282367 
