 ----> open 1 0 0.877298 0.122702 
 ----> open 2 1 0.146344 0.853656 
 ----> open 3 0 0.877027 0.122973 
 ----> open 4 1 0.146938 0.853062 
 ----> open 5 1 0.189846 0.810154 
 ----> open 6 1 0.865738 0.134262 
 ----> open 7 1 0.178275 0.821725 
 ----> open 8 0 0.842437 0.157563 
 ----> open 9 0 0.835062 0.164938 
 ----> open 10 0 0.838997 0.161003 
 ----> open 11 1 0.237401 0.762599 
 ----> open 12 1 0.250393 0.749607 
 ----> open 13 0 0.803604 0.196396 
 ----> open 14 1 0.787943 0.212057 
 ----> open 15 1 0.254846 0.745154 
 ----> open 16 1 0.300462 0.699538 
 ----> open 17 1 0.801256 0.198744 
 ----> open 18 0 0.319004 0.680996 
 ----> open 19 0 0.796342 0.203658 
 ----> open 20 0 0.78721 0.21279 
 ----> open 21 1 0.763815 0.236185 
 ----> open 22 1 0.3473 0.6527 
 ----> open 23 0 0.778409 0.221591 
 ----> open 24 0 0.7799 0.2201 
 ----> open 25 0 0.741051 0.258949 
 ----> open 26 0 0.747133 0.252867 
 ----> open 27 1 0.378334 0.621666 
 ----> open 28 1 0.399002 0.600998 
 ----> open 29 1 0.778985 0.221015 
 ----> open 30 0 0.767795 0.232205 
 ----> open 31 1 0.751844 0.248156 
 ----> open 32 0 0.73287 0.26713 
 ----> open 33 0 0.780993 0.219007 
 ----> open 34 0 0.748779 0.251221 
 ----> open 35 1 0.746069 0.253931 
 ----> open 36 1 0.428687 0.571313 
 ----> open 37 0 0.744818 0.255182 
 ----> open 38 0 0.724152 0.275848 
 ----> open 39 0 0.734759 0.265241 
 ----> open 40 0 0.741581 0.258419 
 ----> open 41 1 0.427774 0.572226 
 ----> open 42 1 0.434978 0.565022 
 ----> open 43 1 0.725397 0.274603 
 ----> open 44 0 0.751571 0.248429 
 ----> open 45 1 0.425702 0.574298 
 ----> open 46 1 0.448575 0.551425 
 ----> open 47 0 0.765766 0.234234 
 ----> open 48 0 0.484494 0.515506 
 ----> open 49 1 0.432484 0.567516 
 ----> open 50 1 0.690475 0.309525 
 ----> open 51 1 0.410821 0.589179 
 ----> open 52 0 0.740788 0.259212 
 ----> open 53 1 0.441866 0.558134 
 ----> open 54 0 0.757872 0.242128 
 ----> open 55 0 0.743689 0.256311 
 ----> open 56 0 0.746548 0.253452 
 ----> open 57 1 0.440219 0.559781 
 ----> open 58 1 0.444234 0.555766 
 ----> open 59 0 0.751493 0.248507 
 ----> open 60 1 0.43106 0.56894 
 ----> open 61 0 0.749185 0.250815 
 ----> open 62 0 0.756182 0.243818 
 ----> open 63 0 0.743711 0.256289 
 ----> open 64 1 0.463672 0.536328 
 ----> open 65 1 0.466403 0.533597 
 ----> open 66 0 0.724183 0.275817 
 ----> open 67 0 0.749719 0.250281 
 ----> open 68 1 0.438734 0.561266 
 ----> open 69 0 0.517122 0.482878 
 ----> open 70 0 0.734904 0.265096 
 ----> open 71 1 0.703252 0.296748 
 ----> open 72 1 0.39619 0.60381 
 ----> open 73 0 0.48474 0.51526 
 ----> open 74 1 0.73089 0.26911 
 ----> open 75 0 0.724336 0.275664 
 ----> open 76 0 0.72873 0.27127 
 ----> open 77 1 0.473793 0.526207 
 ----> open 78 0 0.757667 0.242333 
 ----> open 79 1 0.44385 0.55615 
 ----> open 80 0 0.731231 0.268769 
 ----> open 81 0 0.481823 0.518177 
 ----> open 82 1 0.484917 0.515083 
 ----> open 83 1 0.723972 0.276028 
 ----> open 84 1 0.470455 0.529545 
 ----> open 85 0 0.47134 0.52866 
 ----> open 86 1 0.750932 0.249068 
 ----> open 87 0 0.754627 0.245373 
 ----> open 88 1 0.46067 0.53933 
 ----> open 89 1 0.448819 0.551181 
 ----> open 90 0 0.721538 0.278462 
 ----> open 91 1 0.443443 0.556557 
 ----> open 92 1 0.435856 0.564144 
 ----> open 93 0 0.753016 0.246984 
 ----> open 94 0 0.751415 0.248585 
 ----> open 95 1 0.468488 0.531512 
 ----> open 96 0 0.739993 0.260007 
 ----> open 97 0 0.729064 0.270936 
 ----> open 98 1 0.395503 0.604497 
 ----> open 99 1 0.445426 0.554574 
 ----> open 100 1 0.722486 0.277514 
 ----> open 101 0 0.782899 0.217101 
 ----> open 102 1 0.424017 0.575983 
 ----> open 103 0 0.740311 0.259689 
 ----> open 104 0 0.765797 0.234203 
 ----> open 105 0 0.743808 0.256192 
 ----> open 106 1 0.404096 0.595904 
 ----> open 107 0 0.728857 0.271143 
 ----> open 108 0 0.748343 0.251657 
 ----> open 109 0 0.759709 0.240291 
 ----> open 110 0 0.760472 0.239528 
 ----> open 111 1 0.42668 0.57332 
 ----> open 112 0 0.781826 0.218174 
 ----> open 113 0 0.765926 0.234074 
 ----> open 114 1 0.451698 0.548302 
 ----> open 115 1 0.470703 0.529297 
 ----> open 116 0 0.741271 0.258729 
 ----> open 117 0 0.719967 0.280033 
 ----> open 118 1 0.459884 0.540116 
 ----> open 119 1 0.492094 0.507906 
 ----> open 120 1 0.707922 0.292078 
 ----> open 121 0 0.724007 0.275993 
 ----> open 122 1 0.708071 0.291929 
 ----> open 123 1 0.460769 0.539231 
 ----> open 124 1 0.465587 0.534413 
 ----> open 125 0 0.738551 0.261449 
 ----> open 126 1 0.448678 0.551322 
 ----> open 127 0 0.723523 0.276477 
 ----> open 128 0 0.780981 0.219019 
 ----> open 129 0 0.748623 0.251377 
 ----> open 130 1 0.454909 0.545091 
 ----> open 131 0 0.737563 0.262437 
 ----> open 132 0 0.728486 0.271514 
 ----> open 133 0 0.742179 0.257821 
 ----> open 134 1 0.402573 0.597427 
 ----> open 135 1 0.441567 0.558433 
 ----> open 136 1 0.730182 0.269818 
 ----> open 137 0 0.742343 0.257657 
 ----> open 138 1 0.444786 0.555214 
 ----> open 139 0 0.748117 0.251883 
 ----> open 140 0 0.721921 0.278079 
 ----> open 141 1 0.480046 0.519954 
 ----> open 142 0 0.742007 0.257993 
 ----> open 143 1 0.48286 0.51714 
 ----> open 144 0 0.746327 0.253673 
 ----> open 145 1 0.456165 0.543835 
 ----> open 146 0 0.709954 0.290046 
 ----> open 147 0 0.773146 0.226854 
 ----> open 148 0 0.733227 0.266773 
 ----> open 149 1 0.720667 0.279333 
 ----> open 150 1 0.463747 0.536253 
 ----> open 151 1 0.43868 0.56132 
 ----> open 152 1 0.713829 0.286171 
 ----> open 153 0 0.750781 0.249219 
 ----> open 154 0 0.739374 0.260626 
 ----> open 155 1 0.708513 0.291487 
 ----> open 156 0 0.519747 0.480253 
 ----> open 157 1 0.476149 0.523851 
 ----> open 158 1 0.717415 0.282585 
 ----> open 159 1 0.736874 0.263126 
 ----> open 160 0 0.494436 0.505564 
 ----> open 161 0 0.731176 0.268824 
 ----> open 162 0 0.737663 0.262337 
 ----> open 163 1 0.457465 0.542535 
 ----> open 164 1 0.462482 0.537518 
 ----> open 165 1 0.729014 0.270986 
 ----> open 166 1 0.441872 0.558128 
 ----> open 167 0 0.740699 0.259301 
 ----> open 168 1 0.432363 0.567637 
 ----> open 169 0 0.759938 0.240062 
 ----> open 170 0 0.763254 0.236746 
 ----> open 171 1 0.490412 0.509588 
 ----> open 172 1 0.45942 0.54058 
 ----> open 173 1 0.719338 0.280662 
 ----> open 174 1 0.460435 0.539565 
 ----> open 175 1 0.722351 0.277649 
 ----> open 176 0 0.46443 0.53557 
 ----> open 177 0 0.753656 0.246344 
 ----> open 178 0 0.755535 0.244465 
 ----> open 179 1 0.459756 0.540244 
 ----> open 180 0 0.737495 0.262505 
 ----> open 181 0 0.731232 0.268768 
 ----> open 182 0 0.722443 0.277557 
 ----> open 183 0 0.756437 0.243563 
 ----> open 184 1 0.418633 0.581367 
 ----> open 185 1 0.493861 0.506139 
 ----> open 186 0 0.740476 0.259524 
 ----> open 187 0 0.746871 0.253129 
 ----> open 188 1 0.719619 0.280381 
 ----> open 189 0 0.493791 0.506209 
 ----> open 190 1 0.469428 0.530572 
 ----> open 191 1 0.714622 0.285378 
 ----> open 192 0 0.752374 0.247626 
 ----> open 193 1 0.374905 0.625095 
 ----> open 194 0 0.761578 0.238422 
 ----> open 195 0 0.72516 0.27484 
 ----> open 196 0 0.749092 0.250908 
 ----> open 197 1 0.434672 0.565328 
 ----> open 198 0 0.726832 0.273168 
 ----> open 199 0 0.73374 0.26626 
 ----> open 200 0 0.713873 0.286127 
 ----> open 201 1 0.752564 0.247436 
 ----> open 202 0 0.728661 0.271339 
 ----> open 203 0 0.754088 0.245912 
 ----> open 204 1 0.440521 0.559479 
 ----> open 205 1 0.470793 0.529207 
 ----> open 206 0 0.762013 0.237987 
 ----> open 207 0 0.478108 0.521892 
 ----> open 208 1 0.4716 0.5284 
 ----> open 209 0 0.748645 0.251355 
 ----> open 210 0 0.778917 0.221083 
 ----> open 211 0 0.717495 0.282505 
 ----> open 212 0 0.726526 0.273474 
 ----> open 213 0 0.735386 0.264614 
 ----> open 214 1 0.463147 0.536853 
 ----> open 215 0 0.743201 0.256799 
 ----> open 216 1 0.455019 0.544981 
 ----> open 217 0 0.747324 0.252676 
 ----> open 218 1 0.428119 0.571881 
 ----> open 219 0 0.772518 0.227482 
 ----> open 220 0 0.74649 0.25351 
 ----> open 221 0 0.74393 0.25607 
 ----> open 222 0 0.753577 0.246423 
 ----> open 223 1 0.428389 0.571611 
 ----> open 224 0 0.482711 0.517289 
 ----> open 225 0 0.735651 0.264349 
 ----> open 226 1 0.457432 0.542568 
 ----> open 227 1 0.425941 0.574059 
 ----> open 228 0 0.732471 0.267529 
 ----> open 229 1 0.723985 0.276015 
 ----> open 230 0 0.765895 0.234105 
 ----> open 231 0 0.742088 0.257912 
 ----> open 232 1 0.690879 0.309121 
 ----> open 233 1 0.398837 0.601163 
 ----> open 234 0 0.756059 0.243941 
 ----> open 235 0 0.740994 0.259006 
 ----> open 236 1 0.706687 0.293313 
 ----> open 237 0 0.504999 0.495001 
 ----> open 238 0 0.734328 0.265672 
 ----> open 239 0 0.745295 0.254705 
 ----> open 240 0 0.751768 0.248232 
 ----> open 241 1 0.465208 0.534792 
 ----> open 242 0 0.764671 0.235329 
 ----> open 243 1 0.434628 0.565372 
 ----> open 244 0 0.750038 0.249962 
 ----> open 245 1 0.460528 0.539472 
 ----> open 246 1 0.439062 0.560938 
 ----> open 247 0 0.736589 0.263411 
 ----> open 248 0 0.754656 0.245344 
 ----> open 249 1 0.48721 0.51279 
 ----> open 250 0 0.488791 0.511209 
 ----> open 251 0 0.755468 0.244532 
 ----> open 252 0 0.730798 0.269202 
 ----> open 253 0 0.742175 0.257825 
 ----> open 254 1 0.447528 0.552472 
 ----> open 255 0 0.719155 0.280845 
 ----> open 256 1 0.42396 0.57604 
 ----> open 257 1 0.685908 0.314092 
 ----> open 258 0 0.742592 0.257408 
 ----> open 259 0 0.749903 0.250097 
 ----> open 260 1 0.748595 0.251405 
 ----> open 261 1 0.467796 0.532204 
 ----> open 262 1 0.461888 0.538112 
 ----> open 263 0 0.728877 0.271123 
 ----> open 264 1 0.453593 0.546407 
 ----> open 265 1 0.480244 0.519756 
 ----> open 266 1 0.720718 0.279282 
 ----> open 267 0 0.761219 0.238781 
 ----> open 268 0 0.775436 0.224564 
 ----> open 269 0 0.729382 0.270618 
 ----> open 270 0 0.725587 0.274413 
 ----> open 271 1 0.455501 0.544499 
 ----> open 272 1 0.466793 0.533207 
 ----> open 273 0 0.769734 0.230266 
 ----> open 274 0 0.749266 0.250734 
 ----> open 275 0 0.488175 0.511825 
 ----> open 276 0 0.489855 0.510145 
 ----> open 277 0 0.734187 0.265813 
 ----> open 278 0 0.75362 0.24638 
 ----> open 279 0 0.738198 0.261802 
 ----> open 280 1 0.411229 0.588771 
 ----> open 281 1 0.447271 0.552729 
 ----> open 282 0 0.730817 0.269183 
 ----> open 283 1 0.415824 0.584176 
 ----> open 284 1 0.452885 0.547115 
 ----> open 285 0 0.726975 0.273025 
 ----> open 286 0 0.731999 0.268001 
 ----> open 287 0 0.737007 0.262993 
 ----> open 288 1 0.695975 0.304025 
 ----> open 289 1 0.4301 0.5699 
 ----> open 290 0 0.758361 0.241639 
 ----> open 291 0 0.725821 0.274179 
 ----> open 292 1 0.453317 0.546683 
 ----> open 293 0 0.73001 0.26999 
 ----> open 294 0 0.48942 0.51058 
 ----> open 295 1 0.413294 0.586706 
 ----> open 296 0 0.72756 0.27244 
 ----> open 297 0 0.768519 0.231481 
 ----> open 298 1 0.67207 0.32793 
 ----> open 299 0 0.486782 0.513218 
 ----> open 300 1 0.727122 0.272878 
 ----> open 301 0 0.732654 0.267346 
 ----> open 302 0 0.750132 0.249868 
 ----> open 303 0 0.721473 0.278527 
 ----> open 304 0 0.761179 0.238821 
 ----> open 305 1 0.719692 0.280308 
 ----> open 306 0 0.751278 0.248722 
 ----> open 307 0 0.76145 0.23855 
 ----> open 308 0 0.485155 0.514845 
 ----> open 309 1 0.717399 0.282601 
 ----> open 310 1 0.439687 0.560313 
 ----> open 311 0 0.734512 0.265488 
 ----> open 312 0 0.760413 0.239587 
 ----> open 313 0 0.761969 0.238031 
 ----> open 314 1 0.434465 0.565535 
 ----> open 315 0 0.769833 0.230167 
 ----> open 316 0 0.756436 0.243564 
 ----> open 317 0 0.760079 0.239921 
 ----> open 318 0 0.723006 0.276994 
 ----> open 319 0 0.761636 0.238364 
 ----> open 320 0 0.715149 0.284851 
 ----> open 321 0 0.748982 0.251018 
 ----> open 322 0 0.471886 0.528114 
 ----> open 323 1 0.466987 0.533013 
 ----> open 324 0 0.734633 0.265367 
 ----> open 325 0 0.773688 0.226312 
 ----> open 326 0 0.742973 0.257027 
 ----> open 327 1 0.473165 0.526835 
 ----> open 328 1 0.464773 0.535227 
 ----> open 329 0 0.757787 0.242213 
 ----> open 330 0 0.747263 0.252737 
 ----> open 331 0 0.736286 0.263714 
 ----> open 332 0 0.750755 0.249245 
 ----> open 333 0 0.75139 0.24861 
 ----> open 334 1 0.482907 0.517093 
 ----> open 335 1 0.458 0.542 
 ----> open 336 1 0.726227 0.273773 
 ----> open 337 1 0.453225 0.546775 
 ----> open 338 1 0.438262 0.561738 
 ----> open 339 0 0.770758 0.229242 
 ----> open 340 0 0.750793 0.249207 
 ----> open 341 0 0.781947 0.218053 
 ----> open 342 1 0.445057 0.554943 
 ----> open 343 1 0.42358 0.57642 
 ----> open 344 0 0.757224 0.242776 
 ----> open 345 0 0.750974 0.249026 
 ----> open 346 0 0.730273 0.269727 
 ----> open 347 0 0.75637 0.24363 
 ----> open 348 1 0.468778 0.531222 
 ----> open 349 0 0.731174 0.268826 
 ----> open 350 0 0.739857 0.260143 
 ----> open 351 1 0.488545 0.511455 
 ----> open 352 0 0.761251 0.238749 
 ----> open 353 0 0.736013 0.263987 
 ----> open 354 0 0.717295 0.282705 
 ----> open 355 0 0.77347 0.22653 
 ----> open 356 1 0.698441 0.301559 
 ----> open 357 0 0.743741 0.256259 
 ----> open 358 1 0.479748 0.520252 
 ----> open 359 0 0.735389 0.264611 
 ----> open 360 0 0.75514 0.24486 
 ----> open 361 0 0.730895 0.269105 
 ----> open 362 0 0.744457 0.255543 
 ----> open 363 1 0.451426 0.548574 
 ----> open 364 0 0.763054 0.236946 
 ----> open 365 0 0.744797 0.255203 
 ----> open 366 0 0.721631 0.278369 
 ----> open 367 1 0.478118 0.521882 
 ----> open 368 0 0.745441 0.254559 
 ----> open 369 0 0.745822 0.254178 
 ----> open 370 0 0.775792 0.224208 
 ----> open 371 1 0.448517 0.551483 
 ----> open 372 0 0.745757 0.254243 
 ----> open 373 0 0.732208 0.267792 
 ----> open 374 0 0.762725 0.237275 
 ----> open 375 0 0.771196 0.228804 
 ----> open 376 1 0.442654 0.557346 
 ----> open 377 0 0.743209 0.256791 
 ----> open 378 0 0.743848 0.256152 
 ----> open 379 1 0.445733 0.554267 
 ----> open 380 0 0.729383 0.270617 
 ----> open 381 0 0.752227 0.247773 
 ----> open 382 0 0.74941 0.25059 
 ----> open 383 0 0.75419 0.24581 
 ----> open 384 0 0.77471 0.22529 
 ----> open 385 0 0.734315 0.265685 
 ----> open 386 1 0.467758 0.532242 
 ----> open 387 0 0.731138 0.268862 
 ----> open 388 1 0.464996 0.535004 
 ----> open 389 1 0.494276 0.505724 
 ----> open 390 0 0.744731 0.255269 
 ----> open 391 0 0.759115 0.240885 
 ----> open 392 0 0.752686 0.247314 
 ----> open 393 0 0.487699 0.512301 
 ----> open 394 1 0.403908 0.596092 
 ----> open 395 0 0.75155 0.24845 
 ----> open 396 0 0.755409 0.244591 
 ----> open 397 0 0.758837 0.241163 
 ----> open 398 0 0.755563 0.244437 
 ----> open 399 1 0.47343 0.52657 
 ----> open 400 1 0.478252 0.521748 
 ----> open 401 1 0.730041 0.269959 
 ----> open 402 0 0.716617 0.283383 
 ----> open 403 0 0.726188 0.273812 
 ----> open 404 0 0.714696 0.285304 
 ----> open 405 0 0.752484 0.247516 
 ----> open 406 1 0.729633 0.270367 
 ----> open 407 1 0.456976 0.543024 
 ----> open 408 0 0.460491 0.539509 
 ----> open 409 0 0.776583 0.223417 
 ----> open 410 0 0.487783 0.512217 
 ----> open 411 0 0.769912 0.230088 
 ----> open 412 0 0.744572 0.255428 
 ----> open 413 0 0.465251 0.534749 
 ----> open 414 1 0.466383 0.533617 
 ----> open 415 1 0.709213 0.290787 
 ----> open 416 1 0.481706 0.518294 
 ----> open 417 0 0.740632 0.259368 
 ----> open 418 0 0.724033 0.275967 
 ----> open 419 1 0.468298 0.531702 
 ----> open 420 0 0.752163 0.247837 
 ----> open 421 0 0.743415 0.256585 
 ----> open 422 0 0.718098 0.281902 
 ----> open 423 0 0.727947 0.272053 
 ----> open 424 0 0.716178 0.283822 
 ----> open 425 0 0.773727 0.226273 
 ----> open 426 0 0.755778 0.244222 
 ----> open 427 1 0.473467 0.526533 
 ----> open 428 0 0.748735 0.251265 
 ----> open 429 0 0.721719 0.278281 
 ----> open 430 0 0.725043 0.274957 
 ----> open 431 0 0.747204 0.252796 
 ----> open 432 0 0.773718 0.226282 
 ----> open 433 0 0.74387 0.25613 
 ----> open 434 0 0.745727 0.254273 
 ----> open 435 1 0.72677 0.27323 
 ----> open 436 1 0.463515 0.536485 
 ----> open 437 0 0.734628 0.265372 
 ----> open 438 0 0.722212 0.277788 
 ----> open 439 0 0.735105 0.264895 
 ----> open 440 1 0.734799 0.265201 
 ----> open 441 0 0.739626 0.260374 
 ----> open 442 0 0.742518 0.257482 
 ----> open 443 0 0.777529 0.222471 
 ----> open 444 0 0.775017 0.224983 
 ----> open 445 0 0.779476 0.220524 
 ----> open 446 1 0.490262 0.509738 
 ----> open 447 0 0.749331 0.250669 
 ----> open 448 0 0.771546 0.228454 
 ----> open 449 0 0.778179 0.221821 
 ----> open 450 0 0.78637 0.21363 
 ----> open 451 0 0.740777 0.259223 
 ----> open 452 0 0.73709 0.26291 
 ----> open 453 0 0.756849 0.243151 
 ----> open 454 0 0.749722 0.250278 
 ----> open 455 0 0.462553 0.537447 
 ----> open 456 0 0.738743 0.261257 
 ----> open 457 0 0.760877 0.239123 
 ----> open 458 0 0.775858 0.224142 
 ----> open 459 1 0.462328 0.537672 
 ----> open 460 0 0.771415 0.228585 
 ----> open 461 0 0.755692 0.244308 
 ----> open 462 0 0.509074 0.490926 
 ----> open 463 0 0.766526 0.233474 
 ----> open 464 0 0.75128 0.24872 
 ----> open 465 0 0.760836 0.239164 
 ----> open 466 0 0.732801 0.267199 
 ----> open 467 1 0.722621 0.277379 
 ----> open 468 1 0.464493 0.535507 
 ----> open 469 0 0.747726 0.252274 
 ----> open 470 0 0.74268 0.25732 
 ----> open 471 1 0.475454 0.524546 
 ----> open 472 1 0.472808 0.527192 
 ----> open 473 0 0.755849 0.244151 
 ----> open 474 1 0.474382 0.525618 
 ----> open 475 0 0.731632 0.268368 
 ----> open 476 0 0.754439 0.245561 
 ----> open 477 0 0.782953 0.217047 
 ----> open 478 1 0.430148 0.569852 
 ----> open 479 0 0.743314 0.256686 
 ----> open 480 0 0.500744 0.499256 
 ----> open 481 0 0.762043 0.237957 
 ----> open 482 0 0.752172 0.247828 
 ----> open 483 0 0.723278 0.276722 
 ----> open 484 1 0.460694 0.539306 
 ----> open 485 0 0.763352 0.236648 
 ----> open 486 0 0.738473 0.261527 
 ----> open 487 0 0.765441 0.234559 
 ----> open 488 0 0.774794 0.225206 
 ----> open 489 1 0.425265 0.574735 
 ----> open 490 1 0.484726 0.515274 
 ----> open 491 0 0.734605 0.265395 
 ----> open 492 1 0.456966 0.543034 
 ----> open 493 0 0.765686 0.234314 
 ----> open 494 0 0.73301 0.26699 
 ----> open 495 0 0.753079 0.246921 
 ----> open 496 1 0.467808 0.532192 
 ----> open 497 0 0.722223 0.277777 
 ----> open 498 0 0.723284 0.276716 
 ----> open 499 0 0.740565 0.259435 
 ----> open 500 0 0.472105 0.527895 
 ----> open 501 1 0.468302 0.531698 
 ----> open 502 0 0.763677 0.236323 
 ----> open 503 0 0.756571 0.243429 
 ----> open 504 1 0.739255 0.260745 
 ----> open 505 0 0.733365 0.266635 
 ----> open 506 0 0.724577 0.275423 
 ----> open 507 0 0.740214 0.259786 
 ----> open 508 0 0.72156 0.27844 
 ----> open 509 1 0.465564 0.534436 
 ----> open 510 1 0.476918 0.523082 
 ----> open 511 0 0.756057 0.243943 
 ----> open 512 0 0.735258 0.264742 
 ----> open 513 0 0.731049 0.268951 
 ----> open 514 0 0.752383 0.247617 
 ----> open 515 1 0.464429 0.535571 
 ----> open 516 0 0.74091 0.25909 
 ----> open 517 1 0.695244 0.304756 
 ----> open 518 1 0.462378 0.537622 
 ----> open 519 0 0.746133 0.253867 
 ----> open 520 0 0.736908 0.263092 
 ----> open 521 1 0.449758 0.550242 
 ----> open 522 1 0.481994 0.518006 
 ----> open 523 0 0.712893 0.287107 
 ----> open 524 1 0.46168 0.53832 
 ----> open 525 0 0.751412 0.248588 
 ----> open 526 0 0.728932 0.271068 
 ----> open 527 0 0.726656 0.273344 
 ----> open 528 0 0.725262 0.274738 
 ----> open 529 0 0.725616 0.274384 
 ----> open 530 1 0.44801 0.55199 
 ----> open 531 0 0.742491 0.257509 
 ----> open 532 1 0.438673 0.561327 
 ----> open 533 0 0.767361 0.232639 
 ----> open 534 0 0.759509 0.240491 
 ----> open 535 0 0.738227 0.261773 
 ----> open 536 1 0.474136 0.525864 
 ----> open 537 0 0.74464 0.25536 
 ----> open 538 0 0.714821 0.285179 
 ----> open 539 0 0.68652 0.31348 
 ----> open 540 1 0.46026 0.53974 
 ----> open 541 0 0.751003 0.248997 
 ----> open 542 1 0.475356 0.524644 
 ----> open 543 0 0.726295 0.273705 
 ----> open 544 1 0.44522 0.55478 
 ----> open 545 0 0.75055 0.24945 
 ----> open 546 1 0.494516 0.505484 
 ----> open 547 0 0.746647 0.253353 
 ----> open 548 0 0.772214 0.227786 
 ----> open 549 1 0.410652 0.589348 
 ----> open 550 0 0.765385 0.234615 
 ----> open 551 1 0.741198 0.258802 
 ----> open 552 0 0.731205 0.268795 
 ----> open 553 1 0.462158 0.537842 
 ----> open 554 0 0.502279 0.497721 
 ----> open 555 1 0.69845 0.30155 
 ----> open 556 1 0.48094 0.51906 
 ----> open 557 0 0.771861 0.228139 
 ----> open 558 0 0.793093 0.206907 
 ----> open 559 0 0.793291 0.206709 
 ----> open 560 0 0.7019 0.2981 
 ----> open 561 0 0.725441 0.274559 
 ----> open 562 1 0.466506 0.533494 
 ----> open 563 0 0.744178 0.255822 
 ----> open 564 0 0.74775 0.25225 
 ----> open 565 0 0.732951 0.267049 
 ----> open 566 0 0.760869 0.239131 
 ----> open 567 0 0.742234 0.257766 
 ----> open 568 0 0.736752 0.263248 
 ----> open 569 0 0.748409 0.251591 
 ----> open 570 1 0.452732 0.547268 
 ----> open 571 0 0.741725 0.258275 
 ----> open 572 1 0.488525 0.511475 
 ----> open 573 0 0.772084 0.227916 
 ----> open 574 0 0.755946 0.244054 
 ----> open 575 0 0.782366 0.217634 
 ----> open 576 1 0.422162 0.577838 
 ----> open 577 0 0.75486 0.24514 
 ----> open 578 1 0.47264 0.52736 
 ----> open 579 0 0.754992 0.245008 
 ----> open 580 0 0.746608 0.253392 
 ----> open 581 1 0.465144 0.534856 
 ----> open 582 0 0.753182 0.246818 
 ----> open 583 0 0.731708 0.268292 
 ----> open 584 1 0.442679 0.557321 
 ----> open 585 1 0.665019 0.334981 
 ----> open 586 0 0.780452 0.219548 
 ----> open 587 0 0.720518 0.279482 
 ----> open 588 0 0.74748 0.25252 
 ----> open 589 0 0.759143 0.240857 
 ----> open 590 1 0.489064 0.510936 
 ----> open 591 0 0.756465 0.243535 
 ----> open 592 1 0.434209 0.565791 
 ----> open 593 0 0.483094 0.516906 
 ----> open 594 1 0.719323 0.280677 
 ----> open 595 0 0.770351 0.229649 
 ----> open 596 0 0.768945 0.231055 
 ----> open 597 0 0.758321 0.241679 
 ----> open 598 0 0.711646 0.288354 
 ----> open 599 0 0.72187 0.27813 
 ----> open 600 0 0.728632 0.271368 
 ----> open 601 0 0.750862 0.249138 
 ----> open 602 0 0.742644 0.257356 
 ----> open 603 1 0.49374 0.50626 
 ----> open 604 0 0.744789 0.255211 
 ----> open 605 0 0.735737 0.264263 
 ----> open 606 0 0.750697 0.249303 
 ----> open 607 0 0.744243 0.255757 
 ----> open 608 1 0.449409 0.550591 
 ----> open 609 0 0.757065 0.242935 
 ----> open 610 0 0.713743 0.286257 
 ----> open 611 0 0.696743 0.303257 
 ----> open 612 0 0.758145 0.241855 
 ----> open 613 0 0.740533 0.259467 
 ----> open 614 0 0.756026 0.243974 
 ----> open 615 0 0.743639 0.256361 
 ----> open 616 0 0.725301 0.274699 
 ----> open 617 0 0.785798 0.214202 
 ----> open 618 0 0.740265 0.259735 
 ----> open 619 1 0.722596 0.277404 
 ----> open 620 1 0.453568 0.546432 
 ----> open 621 0 0.752849 0.247151 
 ----> open 622 0 0.743016 0.256984 
 ----> open 623 0 0.779743 0.220257 
 ----> open 624 1 0.500458 0.499542 
 ----> open 625 0 0.752997 0.247003 
 ----> open 626 0 0.749113 0.250887 
 ----> open 627 0 0.747169 0.252831 
 ----> open 628 0 0.757239 0.242761 
 ----> open 629 1 0.465304 0.534696 
 ----> open 630 1 0.724829 0.275171 
 ----> open 631 0 0.745534 0.254466 
 ----> open 632 1 0.44296 0.55704 
 ----> open 633 1 0.448847 0.551153 
 ----> open 634 0 0.752225 0.247775 
 ----> open 635 1 0.451842 0.548158 
 ----> open 636 0 0.733583 0.266417 
 ----> open 637 0 0.484133 0.515867 
 ----> open 638 0 0.764398 0.235602 
 ----> open 639 0 0.722771 0.277229 
 ----> open 640 1 0.472235 0.527765 
 ----> open 641 0 0.751838 0.248162 
 ----> open 642 0 0.748702 0.251298 
 ----> open 643 0 0.760358 0.239642 
 ----> open 644 1 0.723645 0.276355 
 ----> open 645 0 0.737595 0.262405 
 ----> open 646 0 0.768083 0.231917 
 ----> open 647 1 0.478571 0.521429 
 ----> open 648 0 0.740337 0.259663 
 ----> open 649 0 0.739501 0.260499 
 ----> open 650 0 0.736911 0.263089 
 ----> open 651 0 0.729259 0.270741 
 ----> open 652 1 0.461972 0.538028 
 ----> open 653 0 0.747825 0.252175 
 ----> open 654 1 0.458208 0.541792 
 ----> open 655 0 0.755371 0.244629 
 ----> open 656 0 0.720837 0.279163 
 ----> open 657 0 0.753133 0.246867 
 ----> open 658 0 0.737485 0.262515 
 ----> open 659 0 0.758026 0.241974 
 ----> open 660 0 0.767057 0.232943 
 ----> open 661 0 0.74118 0.25882 
 ----> open 662 0 0.761643 0.238357 
 ----> open 663 0 0.759614 0.240386 
 ----> open 664 1 0.448453 0.551547 
 ----> open 665 0 0.497794 0.502206 
 ----> open 666 1 0.710214 0.289786 
 ----> open 667 0 0.715471 0.284529 
 ----> open 668 0 0.734001 0.265999 
 ----> open 669 0 0.712701 0.287299 
 ----> open 670 0 0.73878 0.26122 
 ----> open 671 0 0.737131 0.262869 
 ----> open 672 0 0.735095 0.264905 
 ----> open 673 0 0.76102 0.23898 
 ----> open 674 0 0.769132 0.230868 
 ----> open 675 1 0.469218 0.530782 
 ----> open 676 1 0.434018 0.565982 
 ----> open 677 1 0.735651 0.264349 
 ----> open 678 1 0.478765 0.521235 
 ----> open 679 1 0.457667 0.542333 
 ----> open 680 0 0.778922 0.221078 
 ----> open 681 1 0.474932 0.525068 
 ----> open 682 0 0.754678 0.245322 
 ----> open 683 0 0.748556 0.251444 
 ----> open 684 0 0.734527 0.265473 
 ----> open 685 1 0.752361 0.247639 
 ----> open 686 0 0.729911 0.270089 
 ----> open 687 0 0.789793 0.210207 
 ----> open 688 0 0.784234 0.215766 
 ----> open 689 0 0.704306 0.295694 
 ----> open 690 1 0.70534 0.29466 
 ----> open 691 1 0.460681 0.539319 
 ----> open 692 0 0.74495 0.25505 
 ----> open 693 0 0.720286 0.279714 
 ----> open 694 1 0.454998 0.545002 
 ----> open 695 0 0.762798 0.237202 
 ----> open 696 0 0.726815 0.273185 
 ----> open 697 0 0.759665 0.240335 
 ----> open 698 0 0.731992 0.268008 
 ----> open 699 0 0.493065 0.506935 
 ----> open 700 0 0.754113 0.245887 
 ----> open 701 0 0.492233 0.507767 
 ----> open 702 0 0.761567 0.238433 
 ----> open 703 0 0.743107 0.256893 
 ----> open 704 0 0.73572 0.26428 
 ----> open 705 0 0.746045 0.253955 
 ----> open 706 0 0.749658 0.250342 
 ----> open 707 0 0.733049 0.266951 
 ----> open 708 0 0.769014 0.230986 
 ----> open 709 0 0.694697 0.305303 
 ----> open 710 0 0.765401 0.234599 
 ----> open 711 0 0.777997 0.222003 
 ----> open 712 0 0.78608 0.21392 
 ----> open 713 0 0.746414 0.253586 
 ----> open 714 1 0.485622 0.514378 
 ----> open 715 1 0.501471 0.498529 
 ----> open 716 1 0.738797 0.261203 
 ----> open 717 0 0.483209 0.516791 
 ----> open 718 0 0.74293 0.25707 
