 ----> open 1 0 0.906381 0.0936185 
 ----> open 2 1 0.152265 0.847735 
 ----> open 3 0 0.896603 0.103397 
 ----> open 4 1 0.171018 0.828982 
 ----> open 5 1 0.168612 0.831388 
 ----> open 6 1 0.18024 0.81976 
 ----> open 7 1 0.177947 0.822053 
 ----> open 8 0 0.895688 0.104312 
 ----> open 9 0 0.893674 0.106326 
 ----> open 10 0 0.891261 0.108739 
 ----> open 11 1 0.203231 0.796769 
 ----> open 12 1 0.253524 0.746476 
 ----> open 13 0 0.853978 0.146022 
 ----> open 14 1 0.843218 0.156782 
 ----> open 15 1 0.278887 0.721113 
 ----> open 16 1 0.296029 0.703971 
 ----> open 17 1 0.306429 0.693571 
 ----> open 18 0 0.315121 0.684879 
 ----> open 19 0 0.825599 0.174401 
 ----> open 20 0 0.812261 0.187739 
 ----> open 21 1 0.79341 0.20659 
 ----> open 22 1 0.316207 0.683793 
 ----> open 23 0 0.831708 0.168292 
 ----> open 24 0 0.818063 0.181937 
 ----> open 25 0 0.829444 0.170556 
 ----> open 26 0 0.802735 0.197265 
 ----> open 27 1 0.309263 0.690737 
 ----> open 28 1 0.321655 0.678345 
 ----> open 29 1 0.324984 0.675016 
 ----> open 30 0 0.809712 0.190288 
 ----> open 31 1 0.797552 0.202448 
 ----> open 32 0 0.791937 0.208063 
 ----> open 33 0 0.79589 0.20411 
 ----> open 34 0 0.798157 0.201843 
 ----> open 35 1 0.810212 0.189788 
 ----> open 36 1 0.351949 0.648051 
 ----> open 37 0 0.820245 0.179755 
 ----> open 38 0 0.811634 0.188366 
 ----> open 39 0 0.798774 0.201226 
 ----> open 40 0 0.793897 0.206103 
 ----> open 41 1 0.381517 0.618483 
 ----> open 42 1 0.391117 0.608883 
 ----> open 43 1 0.378027 0.621973 
 ----> open 44 0 0.761594 0.238406 
 ----> open 45 1 0.369005 0.630995 
 ----> open 46 1 0.404288 0.595712 
 ----> open 47 0 0.781727 0.218273 
 ----> open 48 0 0.439331 0.560669 
 ----> open 49 1 0.427423 0.572577 
 ----> open 50 1 0.427284 0.572716 
 ----> open 51 1 0.408649 0.591351 
 ----> open 52 0 0.776545 0.223455 
 ----> open 53 1 0.437516 0.562484 
 ----> open 54 0 0.744414 0.255586 
 ----> open 55 0 0.758228 0.241772 
 ----> open 56 0 0.763296 0.236704 
 ----> open 57 1 0.412995 0.587005 
 ----> open 58 1 0.41825 0.58175 
 ----> open 59 0 0.747285 0.252715 
 ----> open 60 1 0.441933 0.558067 
 ----> open 61 0 0.75854 0.24146 
 ----> open 62 0 0.762285 0.237715 
 ----> open 63 0 0.760491 0.239509 
 ----> open 64 1 0.410558 0.589442 
 ----> open 65 1 0.40484 0.59516 
 ----> open 66 0 0.757588 0.242412 
 ----> open 67 0 0.756433 0.243567 
 ----> open 68 1 0.427546 0.572454 
 ----> open 69 0 0.437313 0.562687 
 ----> open 70 0 0.784262 0.215738 
 ----> open 71 1 0.448894 0.551106 
 ----> open 72 1 0.418128 0.581872 
 ----> open 73 0 0.444695 0.555305 
 ----> open 74 1 0.755372 0.244628 
 ----> open 75 0 0.751372 0.248628 
 ----> open 76 0 0.801916 0.198084 
 ----> open 77 1 0.409252 0.590748 
 ----> open 78 0 0.782382 0.217618 
 ----> open 79 1 0.389958 0.610042 
 ----> open 80 0 0.761436 0.238564 
 ----> open 81 0 0.457169 0.542831 
 ----> open 82 1 0.395802 0.604198 
 ----> open 83 1 0.44061 0.55939 
 ----> open 84 1 0.43439 0.56561 
 ----> open 85 0 0.442121 0.557879 
 ----> open 86 1 0.76221 0.23779 
 ----> open 87 0 0.760801 0.239199 
 ----> open 88 1 0.412809 0.587191 
 ----> open 89 1 0.417732 0.582268 
 ----> open 90 0 0.43383 0.56617 
 ----> open 91 1 0.40888 0.59112 
 ----> open 92 1 0.418459 0.581541 
 ----> open 93 0 0.736665 0.263335 
 ----> open 94 0 0.759828 0.240172 
 ----> open 95 1 0.41467 0.58533 
 ----> open 96 0 0.755069 0.244931 
 ----> open 97 0 0.733919 0.266081 
 ----> open 98 1 0.411562 0.588438 
 ----> open 99 1 0.430481 0.569519 
 ----> open 100 1 0.430294 0.569706 
 ----> open 101 0 0.777281 0.222719 
 ----> open 102 1 0.422728 0.577272 
 ----> open 103 0 0.768361 0.231639 
 ----> open 104 0 0.754601 0.245399 
 ----> open 105 0 0.761092 0.238908 
 ----> open 106 1 0.391815 0.608185 
 ----> open 107 0 0.75209 0.24791 
 ----> open 108 0 0.773446 0.226554 
 ----> open 109 0 0.799057 0.200943 
 ----> open 110 0 0.788476 0.211524 
 ----> open 111 1 0.419089 0.580911 
 ----> open 112 0 0.773503 0.226497 
 ----> open 113 0 0.767229 0.232771 
 ----> open 114 1 0.402981 0.597019 
 ----> open 115 1 0.43897 0.56103 
 ----> open 116 0 0.768759 0.231241 
 ----> open 117 0 0.758812 0.241188 
 ----> open 118 1 0.391487 0.608513 
 ----> open 119 1 0.410931 0.589069 
 ----> open 120 1 0.414412 0.585588 
 ----> open 121 0 0.713381 0.286619 
 ----> open 122 1 0.715287 0.284713 
 ----> open 123 1 0.418287 0.581713 
 ----> open 124 1 0.434801 0.565199 
 ----> open 125 0 0.774412 0.225588 
 ----> open 126 1 0.441339 0.558661 
 ----> open 127 0 0.780295 0.219705 
 ----> open 128 0 0.769231 0.230769 
 ----> open 129 0 0.759403 0.240597 
 ----> open 130 1 0.403498 0.596502 
 ----> open 131 0 0.750511 0.249489 
 ----> open 132 0 0.765908 0.234092 
 ----> open 133 0 0.787829 0.212171 
 ----> open 134 1 0.416941 0.583059 
 ----> open 135 1 0.421146 0.578854 
 ----> open 136 1 0.42536 0.57464 
 ----> open 137 0 0.762708 0.237292 
 ----> open 138 1 0.398662 0.601338 
 ----> open 139 0 0.773788 0.226212 
 ----> open 140 0 0.786992 0.213008 
 ----> open 141 1 0.421105 0.578895 
 ----> open 142 0 0.748113 0.251887 
 ----> open 143 1 0.411394 0.588606 
 ----> open 144 0 0.772307 0.227693 
 ----> open 145 1 0.428686 0.571314 
 ----> open 146 0 0.743162 0.256838 
 ----> open 147 0 0.775557 0.224443 
 ----> open 148 0 0.7554 0.2446 
 ----> open 149 1 0.729525 0.270475 
 ----> open 150 1 0.397752 0.602248 
 ----> open 151 1 0.392778 0.607222 
 ----> open 152 1 0.422552 0.577448 
 ----> open 153 0 0.74492 0.25508 
 ----> open 154 0 0.756019 0.243981 
 ----> open 155 1 0.75747 0.24253 
 ----> open 156 0 0.452267 0.547733 
 ----> open 157 1 0.433614 0.566386 
 ----> open 158 1 0.330117 0.669883 
 ----> open 159 1 0.79038 0.20962 
 ----> open 160 0 0.448124 0.551876 
 ----> open 161 0 0.815726 0.184274 
 ----> open 162 0 0.772172 0.227828 
 ----> open 163 1 0.422492 0.577508 
 ----> open 164 1 0.460729 0.539271 
 ----> open 165 1 0.409414 0.590586 
 ----> open 166 1 0.405922 0.594078 
 ----> open 167 0 0.775512 0.224488 
 ----> open 168 1 0.459779 0.540221 
 ----> open 169 0 0.805392 0.194608 
 ----> open 170 0 0.773392 0.226608 
 ----> open 171 1 0.407578 0.592422 
 ----> open 172 1 0.392364 0.607636 
 ----> open 173 1 0.693108 0.306892 
 ----> open 174 1 0.424307 0.575693 
 ----> open 175 1 0.745847 0.254153 
 ----> open 176 0 0.444667 0.555333 
 ----> open 177 0 0.801061 0.198939 
 ----> open 178 0 0.765358 0.234642 
 ----> open 179 1 0.403869 0.596131 
 ----> open 180 0 0.724637 0.275363 
 ----> open 181 0 0.759556 0.240444 
 ----> open 182 0 0.767471 0.232529 
 ----> open 183 0 0.770569 0.229431 
 ----> open 184 1 0.407049 0.592951 
 ----> open 185 1 0.413223 0.586777 
 ----> open 186 0 0.724637 0.275363 
 ----> open 187 0 0.770862 0.229138 
 ----> open 188 1 0.753246 0.246754 
 ----> open 189 0 0.409199 0.590801 
 ----> open 190 1 0.431861 0.568139 
 ----> open 191 1 0.736228 0.263772 
 ----> open 192 0 0.797816 0.202184 
 ----> open 193 1 0.402027 0.597973 
 ----> open 194 0 0.778611 0.221389 
 ----> open 195 0 0.770657 0.229343 
 ----> open 196 0 0.77249 0.22751 
 ----> open 197 1 0.432816 0.567184 
 ----> open 198 0 0.766965 0.233035 
 ----> open 199 0 0.748226 0.251774 
 ----> open 200 0 0.770348 0.229652 
 ----> open 201 1 0.765468 0.234532 
 ----> open 202 0 0.776789 0.223211 
 ----> open 203 0 0.76752 0.23248 
 ----> open 204 1 0.421166 0.578834 
 ----> open 205 1 0.404109 0.595891 
 ----> open 206 0 0.788376 0.211624 
 ----> open 207 0 0.417792 0.582208 
 ----> open 208 1 0.43913 0.56087 
 ----> open 209 0 0.764343 0.235657 
 ----> open 210 0 0.787361 0.212639 
 ----> open 211 0 0.760458 0.239542 
 ----> open 212 0 0.775956 0.224044 
 ----> open 213 0 0.776989 0.223011 
 ----> open 214 1 0.43194 0.56806 
 ----> open 215 0 0.739402 0.260598 
 ----> open 216 1 0.448157 0.551843 
 ----> open 217 0 0.7531 0.2469 
 ----> open 218 1 0.415252 0.584748 
 ----> open 219 0 0.778181 0.221819 
 ----> open 220 0 0.765253 0.234747 
 ----> open 221 0 0.762082 0.237918 
 ----> open 222 0 0.75827 0.24173 
 ----> open 223 1 0.43362 0.56638 
 ----> open 224 0 0.448095 0.551905 
 ----> open 225 0 0.782555 0.217445 
 ----> open 226 1 0.448923 0.551077 
 ----> open 227 1 0.429535 0.570465 
 ----> open 228 0 0.786726 0.213274 
 ----> open 229 1 0.762073 0.237927 
 ----> open 230 0 0.758696 0.241304 
 ----> open 231 0 0.757013 0.242987 
 ----> open 232 1 0.744962 0.255038 
 ----> open 233 1 0.391676 0.608324 
 ----> open 234 0 0.750741 0.249259 
 ----> open 235 0 0.755729 0.244271 
 ----> open 236 1 0.764498 0.235502 
 ----> open 237 0 0.471398 0.528602 
 ----> open 238 0 0.73379 0.26621 
 ----> open 239 0 0.771936 0.228064 
 ----> open 240 0 0.781205 0.218795 
 ----> open 241 1 0.391338 0.608662 
 ----> open 242 0 0.759882 0.240118 
 ----> open 243 1 0.395048 0.604952 
 ----> open 244 0 0.789752 0.210248 
 ----> open 245 1 0.43417 0.56583 
 ----> open 246 1 0.436327 0.563673 
 ----> open 247 0 0.749538 0.250462 
 ----> open 248 0 0.794811 0.205189 
 ----> open 249 1 0.440905 0.559095 
 ----> open 250 0 0.453761 0.546239 
 ----> open 251 0 0.775944 0.224056 
 ----> open 252 0 0.795605 0.204395 
 ----> open 253 0 0.747903 0.252097 
 ----> open 254 1 0.397201 0.602799 
 ----> open 255 0 0.722345 0.277655 
 ----> open 256 1 0.420121 0.579879 
 ----> open 257 1 0.71274 0.28726 
 ----> open 258 0 0.763905 0.236095 
 ----> open 259 0 0.760327 0.239673 
 ----> open 260 1 0.772523 0.227477 
 ----> open 261 1 0.398225 0.601775 
 ----> open 262 1 0.427768 0.572232 
 ----> open 263 0 0.792584 0.207416 
 ----> open 264 1 0.392264 0.607736 
 ----> open 265 1 0.419087 0.580913 
 ----> open 266 1 0.409125 0.590875 
 ----> open 267 0 0.795134 0.204866 
 ----> open 268 0 0.755698 0.244302 
 ----> open 269 0 0.774325 0.225675 
 ----> open 270 0 0.787673 0.212327 
 ----> open 271 1 0.459045 0.540955 
 ----> open 272 1 0.413261 0.586739 
 ----> open 273 0 0.759994 0.240006 
 ----> open 274 0 0.796517 0.203483 
 ----> open 275 0 0.415798 0.584202 
 ----> open 276 0 0.446794 0.553206 
 ----> open 277 0 0.77201 0.22799 
 ----> open 278 0 0.801281 0.198719 
 ----> open 279 0 0.742449 0.257551 
 ----> open 280 1 0.385971 0.614029 
 ----> open 281 1 0.403585 0.596415 
 ----> open 282 0 0.769503 0.230497 
 ----> open 283 1 0.41882 0.58118 
 ----> open 284 1 0.4304 0.5696 
 ----> open 285 0 0.450996 0.549004 
 ----> open 286 0 0.739315 0.260685 
 ----> open 287 0 0.761102 0.238898 
 ----> open 288 1 0.738565 0.261435 
 ----> open 289 1 0.413409 0.586591 
 ----> open 290 0 0.770094 0.229906 
 ----> open 291 0 0.776397 0.223603 
 ----> open 292 1 0.427146 0.572854 
 ----> open 293 0 0.785529 0.214471 
 ----> open 294 0 0.445584 0.554416 
 ----> open 295 1 0.409055 0.590945 
 ----> open 296 0 0.773653 0.226347 
 ----> open 297 0 0.782216 0.217784 
 ----> open 298 1 0.757147 0.242853 
 ----> open 299 0 0.435828 0.564172 
 ----> open 300 1 0.752705 0.247295 
 ----> open 301 0 0.763449 0.236551 
 ----> open 302 0 0.76722 0.23278 
 ----> open 303 0 0.770004 0.229996 
 ----> open 304 0 0.765921 0.234079 
 ----> open 305 1 0.761328 0.238672 
 ----> open 306 0 0.774312 0.225688 
 ----> open 307 0 0.772229 0.227771 
 ----> open 308 0 0.458861 0.541139 
 ----> open 309 1 0.750819 0.249181 
 ----> open 310 1 0.430482 0.569518 
 ----> open 311 0 0.75934 0.24066 
 ----> open 312 0 0.749516 0.250484 
 ----> open 313 0 0.75554 0.24446 
 ----> open 314 1 0.423458 0.576542 
 ----> open 315 0 0.774587 0.225413 
 ----> open 316 0 0.775676 0.224324 
 ----> open 317 0 0.787215 0.212785 
 ----> open 318 0 0.795095 0.204905 
 ----> open 319 0 0.800777 0.199223 
 ----> open 320 0 0.734065 0.265935 
 ----> open 321 0 0.787878 0.212122 
 ----> open 322 0 0.410908 0.589092 
 ----> open 323 1 0.445065 0.554935 
 ----> open 324 0 0.726009 0.273991 
 ----> open 325 0 0.79999 0.20001 
 ----> open 326 0 0.759613 0.240387 
 ----> open 327 1 0.461169 0.538831 
 ----> open 328 1 0.417002 0.582998 
 ----> open 329 0 0.753775 0.246225 
 ----> open 330 0 0.77487 0.22513 
 ----> open 331 0 0.785617 0.214383 
 ----> open 332 0 0.759822 0.240178 
 ----> open 333 0 0.793394 0.206606 
 ----> open 334 1 0.435813 0.564187 
 ----> open 335 1 0.429022 0.570978 
 ----> open 336 1 0.762629 0.237371 
 ----> open 337 1 0.393862 0.606138 
 ----> open 338 1 0.410631 0.589369 
 ----> open 339 0 0.465232 0.534768 
 ----> open 340 0 0.764006 0.235994 
 ----> open 341 0 0.777043 0.222957 
 ----> open 342 1 0.432978 0.567022 
 ----> open 343 1 0.445545 0.554455 
 ----> open 344 0 0.792944 0.207056 
 ----> open 345 0 0.788667 0.211333 
 ----> open 346 0 0.784811 0.215189 
 ----> open 347 0 0.769059 0.230941 
 ----> open 348 1 0.432295 0.567705 
 ----> open 349 0 0.742599 0.257401 
 ----> open 350 0 0.791988 0.208012 
 ----> open 351 1 0.450129 0.549871 
 ----> open 352 0 0.782262 0.217738 
 ----> open 353 0 0.7461 0.2539 
 ----> open 354 0 0.750562 0.249438 
 ----> open 355 0 0.743236 0.256764 
 ----> open 356 1 0.741792 0.258208 
 ----> open 357 0 0.767095 0.232905 
 ----> open 358 1 0.424618 0.575382 
 ----> open 359 0 0.776675 0.223325 
 ----> open 360 0 0.777516 0.222484 
 ----> open 361 0 0.760225 0.239775 
 ----> open 362 0 0.775261 0.224739 
 ----> open 363 1 0.428309 0.571691 
 ----> open 364 0 0.778747 0.221253 
 ----> open 365 0 0.774791 0.225209 
 ----> open 366 0 0.738426 0.261574 
 ----> open 367 1 0.447857 0.552143 
 ----> open 368 0 0.775953 0.224047 
 ----> open 369 0 0.771509 0.228491 
 ----> open 370 0 0.790367 0.209633 
 ----> open 371 1 0.43742 0.56258 
 ----> open 372 0 0.77167 0.22833 
 ----> open 373 0 0.768134 0.231866 
 ----> open 374 0 0.798025 0.201975 
 ----> open 375 0 0.806914 0.193086 
 ----> open 376 1 0.419338 0.580662 
 ----> open 377 0 0.760172 0.239828 
 ----> open 378 0 0.780354 0.219646 
 ----> open 379 1 0.465594 0.534406 
 ----> open 380 0 0.792998 0.207002 
 ----> open 381 0 0.73683 0.26317 
 ----> open 382 0 0.777306 0.222694 
 ----> open 383 0 0.74426 0.25574 
 ----> open 384 0 0.784086 0.215914 
 ----> open 385 0 0.741965 0.258035 
 ----> open 386 1 0.447864 0.552136 
 ----> open 387 0 0.747732 0.252268 
 ----> open 388 1 0.42298 0.57702 
 ----> open 389 1 0.412546 0.587454 
 ----> open 390 0 0.767411 0.232589 
 ----> open 391 0 0.790755 0.209245 
 ----> open 392 0 0.788258 0.211742 
 ----> open 393 0 0.451575 0.548425 
 ----> open 394 1 0.364766 0.635234 
 ----> open 395 0 0.775873 0.224127 
 ----> open 396 0 0.776184 0.223816 
 ----> open 397 0 0.76633 0.23367 
 ----> open 398 0 0.811066 0.188934 
 ----> open 399 1 0.403783 0.596217 
 ----> open 400 1 0.436258 0.563742 
 ----> open 401 1 0.442335 0.557665 
 ----> open 402 0 0.754169 0.245831 
 ----> open 403 0 0.799741 0.200259 
 ----> open 404 0 0.734639 0.265361 
 ----> open 405 0 0.781723 0.218277 
 ----> open 406 1 0.761257 0.238743 
 ----> open 407 1 0.428027 0.571973 
 ----> open 408 0 0.412492 0.587508 
 ----> open 409 0 0.783034 0.216966 
 ----> open 410 0 0.442001 0.557999 
 ----> open 411 0 0.770677 0.229323 
 ----> open 412 0 0.769855 0.230145 
 ----> open 413 0 0.438382 0.561618 
 ----> open 414 1 0.378929 0.621071 
 ----> open 415 1 0.732929 0.267071 
 ----> open 416 1 0.418472 0.581528 
 ----> open 417 0 0.740239 0.259761 
 ----> open 418 0 0.753966 0.246034 
 ----> open 419 1 0.35923 0.64077 
 ----> open 420 0 0.762724 0.237276 
 ----> open 421 0 0.777082 0.222918 
 ----> open 422 0 0.789282 0.210718 
 ----> open 423 0 0.761549 0.238451 
 ----> open 424 0 0.78581 0.21419 
 ----> open 425 0 0.744788 0.255212 
 ----> open 426 0 0.756102 0.243898 
 ----> open 427 1 0.379209 0.620791 
 ----> open 428 0 0.749937 0.250063 
 ----> open 429 0 0.779251 0.220749 
 ----> open 430 0 0.779714 0.220286 
 ----> open 431 0 0.768674 0.231326 
 ----> open 432 0 0.771063 0.228937 
 ----> open 433 0 0.7146 0.2854 
 ----> open 434 0 0.753753 0.246247 
 ----> open 435 1 0.76637 0.23363 
 ----> open 436 1 0.378466 0.621534 
 ----> open 437 0 0.715516 0.284484 
 ----> open 438 0 0.789389 0.210611 
 ----> open 439 0 0.818849 0.181151 
 ----> open 440 1 0.755627 0.244373 
 ----> open 441 0 0.751755 0.248245 
 ----> open 442 0 0.781315 0.218685 
 ----> open 443 0 0.773965 0.226035 
 ----> open 444 0 0.792808 0.207192 
 ----> open 445 0 0.76274 0.23726 
 ----> open 446 1 0.428516 0.571484 
 ----> open 447 0 0.744977 0.255023 
 ----> open 448 0 0.766426 0.233574 
 ----> open 449 0 0.776585 0.223415 
 ----> open 450 0 0.765689 0.234311 
 ----> open 451 0 0.764354 0.235646 
 ----> open 452 0 0.781361 0.218639 
 ----> open 453 0 0.780979 0.219021 
 ----> open 454 0 0.771192 0.228808 
 ----> open 455 0 0.467909 0.532091 
 ----> open 456 0 0.789609 0.210391 
 ----> open 457 0 0.79224 0.20776 
 ----> open 458 0 0.739839 0.260161 
 ----> open 459 1 0.433089 0.566911 
 ----> open 460 0 0.791693 0.208307 
 ----> open 461 0 0.767612 0.232388 
 ----> open 462 0 0.437184 0.562816 
 ----> open 463 0 0.771004 0.228996 
 ----> open 464 0 0.779472 0.220528 
 ----> open 465 0 0.778395 0.221605 
 ----> open 466 0 0.787434 0.212566 
 ----> open 467 1 0.747015 0.252985 
 ----> open 468 1 0.445363 0.554637 
 ----> open 469 0 0.779562 0.220438 
 ----> open 470 0 0.792071 0.207929 
 ----> open 471 1 0.453904 0.546096 
 ----> open 472 1 0.420151 0.579849 
 ----> open 473 0 0.768259 0.231741 
 ----> open 474 1 0.417403 0.582597 
 ----> open 475 0 0.751831 0.248169 
 ----> open 476 0 0.802935 0.197065 
 ----> open 477 0 0.771873 0.228127 
 ----> open 478 1 0.454294 0.545706 
 ----> open 479 0 0.805004 0.194996 
 ----> open 480 0 0.46044 0.53956 
 ----> open 481 0 0.804877 0.195123 
 ----> open 482 0 0.785582 0.214418 
 ----> open 483 0 0.799291 0.200709 
 ----> open 484 1 0.416849 0.583151 
 ----> open 485 0 0.794915 0.205085 
 ----> open 486 0 0.768804 0.231196 
 ----> open 487 0 0.789563 0.210437 
 ----> open 488 0 0.771619 0.228381 
 ----> open 489 1 0.456958 0.543042 
 ----> open 490 1 0.440917 0.559083 
 ----> open 491 0 0.795077 0.204923 
 ----> open 492 1 0.42699 0.57301 
 ----> open 493 0 0.754853 0.245147 
 ----> open 494 0 0.751883 0.248117 
 ----> open 495 0 0.795505 0.204495 
 ----> open 496 1 0.435003 0.564997 
 ----> open 497 0 0.800212 0.199788 
 ----> open 498 0 0.7575 0.2425 
 ----> open 499 0 0.752447 0.247553 
 ----> open 500 0 0.45661 0.54339 
 ----> open 501 1 0.465779 0.534221 
 ----> open 502 0 0.760612 0.239388 
 ----> open 503 0 0.800798 0.199202 
 ----> open 504 1 0.763066 0.236934 
 ----> open 505 0 0.797028 0.202972 
 ----> open 506 0 0.795942 0.204058 
 ----> open 507 0 0.79672 0.20328 
 ----> open 508 0 0.790548 0.209452 
 ----> open 509 1 0.411637 0.588363 
 ----> open 510 1 0.417705 0.582295 
 ----> open 511 0 0.748788 0.251212 
 ----> open 512 0 0.783731 0.216269 
 ----> open 513 0 0.776773 0.223227 
 ----> open 514 0 0.746324 0.253676 
 ----> open 515 1 0.42087 0.57913 
 ----> open 516 0 0.766744 0.233256 
 ----> open 517 1 0.7616 0.2384 
 ----> open 518 1 0.445398 0.554602 
 ----> open 519 0 0.759221 0.240779 
 ----> open 520 0 0.790659 0.209341 
 ----> open 521 1 0.406695 0.593305 
 ----> open 522 1 0.423913 0.576087 
 ----> open 523 0 0.735273 0.264727 
 ----> open 524 1 0.430746 0.569254 
 ----> open 525 0 0.740225 0.259775 
 ----> open 526 0 0.752807 0.247193 
 ----> open 527 0 0.766316 0.233684 
 ----> open 528 0 0.749596 0.250404 
 ----> open 529 0 0.795226 0.204774 
 ----> open 530 1 0.439601 0.560399 
 ----> open 531 0 0.770057 0.229943 
 ----> open 532 1 0.415401 0.584599 
 ----> open 533 0 0.768985 0.231015 
 ----> open 534 0 0.74692 0.25308 
 ----> open 535 0 0.771255 0.228745 
 ----> open 536 1 0.396448 0.603552 
 ----> open 537 0 0.767519 0.232481 
 ----> open 538 0 0.754078 0.245922 
 ----> open 539 0 0.765796 0.234204 
 ----> open 540 1 0.397161 0.602839 
 ----> open 541 0 0.808642 0.191358 
 ----> open 542 1 0.425283 0.574717 
 ----> open 543 0 0.779459 0.220541 
 ----> open 544 1 0.414586 0.585414 
 ----> open 545 0 0.782191 0.217809 
 ----> open 546 1 0.423256 0.576744 
 ----> open 547 0 0.768703 0.231297 
 ----> open 548 0 0.778615 0.221385 
 ----> open 549 1 0.407484 0.592516 
 ----> open 550 0 0.781104 0.218896 
 ----> open 551 1 0.756694 0.243306 
 ----> open 552 0 0.78491 0.21509 
 ----> open 553 1 0.443462 0.556538 
 ----> open 554 0 0.424925 0.575075 
 ----> open 555 1 0.43064 0.56936 
 ----> open 556 1 0.4198 0.5802 
 ----> open 557 0 0.745762 0.254238 
 ----> open 558 0 0.74218 0.25782 
 ----> open 559 0 0.768762 0.231238 
 ----> open 560 0 0.762923 0.237077 
 ----> open 561 0 0.763451 0.236549 
 ----> open 562 1 0.429567 0.570433 
 ----> open 563 0 0.780584 0.219416 
 ----> open 564 0 0.78888 0.21112 
 ----> open 565 0 0.781256 0.218744 
 ----> open 566 0 0.754653 0.245347 
 ----> open 567 0 0.780543 0.219457 
 ----> open 568 0 0.788562 0.211438 
 ----> open 569 0 0.777751 0.222249 
 ----> open 570 1 0.410705 0.589295 
 ----> open 571 0 0.716573 0.283427 
 ----> open 572 1 0.449959 0.550041 
 ----> open 573 0 0.767503 0.232497 
 ----> open 574 0 0.741464 0.258536 
 ----> open 575 0 0.75965 0.24035 
 ----> open 576 1 0.411947 0.588053 
 ----> open 577 0 0.73094 0.26906 
 ----> open 578 1 0.41351 0.58649 
 ----> open 579 0 0.786063 0.213937 
 ----> open 580 0 0.751112 0.248888 
 ----> open 581 1 0.428362 0.571638 
 ----> open 582 0 0.76176 0.23824 
 ----> open 583 0 0.758719 0.241281 
 ----> open 584 1 0.41292 0.58708 
 ----> open 585 1 0.777794 0.222206 
 ----> open 586 0 0.759011 0.240989 
 ----> open 587 0 0.749042 0.250958 
 ----> open 588 0 0.740297 0.259703 
 ----> open 589 0 0.777352 0.222648 
 ----> open 590 1 0.400813 0.599187 
 ----> open 591 0 0.766649 0.233351 
 ----> open 592 1 0.438656 0.561344 
 ----> open 593 0 0.430687 0.569313 
 ----> open 594 1 0.73631 0.26369 
 ----> open 595 0 0.774374 0.225626 
 ----> open 596 0 0.772279 0.227721 
 ----> open 597 0 0.782134 0.217866 
 ----> open 598 0 0.784489 0.215511 
 ----> open 599 0 0.72088 0.27912 
 ----> open 600 0 0.760343 0.239657 
 ----> open 601 0 0.768476 0.231524 
 ----> open 602 0 0.787636 0.212364 
 ----> open 603 1 0.413206 0.586794 
 ----> open 604 0 0.795403 0.204597 
 ----> open 605 0 0.771502 0.228498 
 ----> open 606 0 0.775821 0.224179 
 ----> open 607 0 0.772512 0.227488 
 ----> open 608 1 0.433363 0.566637 
 ----> open 609 0 0.766466 0.233534 
 ----> open 610 0 0.767598 0.232402 
 ----> open 611 0 0.75539 0.24461 
 ----> open 612 0 0.801797 0.198203 
 ----> open 613 0 0.76753 0.23247 
 ----> open 614 0 0.785562 0.214438 
 ----> open 615 0 0.773886 0.226114 
 ----> open 616 0 0.763168 0.236832 
 ----> open 617 0 0.778237 0.221763 
 ----> open 618 0 0.809029 0.190971 
 ----> open 619 1 0.750478 0.249522 
 ----> open 620 1 0.393573 0.606427 
 ----> open 621 0 0.779124 0.220876 
 ----> open 622 0 0.762304 0.237696 
 ----> open 623 0 0.764268 0.235732 
 ----> open 624 1 0.412531 0.587469 
 ----> open 625 0 0.784676 0.215324 
 ----> open 626 0 0.766402 0.233598 
 ----> open 627 0 0.785426 0.214574 
 ----> open 628 0 0.75174 0.24826 
 ----> open 629 1 0.44267 0.55733 
 ----> open 630 1 0.794873 0.205127 
 ----> open 631 0 0.791626 0.208374 
 ----> open 632 1 0.421227 0.578773 
 ----> open 633 1 0.459596 0.540404 
 ----> open 634 0 0.775339 0.224661 
 ----> open 635 1 0.474823 0.525177 
 ----> open 636 0 0.77919 0.22081 
 ----> open 637 0 0.457134 0.542866 
 ----> open 638 0 0.784896 0.215104 
 ----> open 639 0 0.793468 0.206532 
 ----> open 640 1 0.395758 0.604242 
 ----> open 641 0 0.759208 0.240792 
 ----> open 642 0 0.788775 0.211225 
 ----> open 643 0 0.802173 0.197827 
 ----> open 644 1 0.770829 0.229171 
 ----> open 645 0 0.758011 0.241989 
 ----> open 646 0 0.759464 0.240536 
 ----> open 647 1 0.413549 0.586451 
 ----> open 648 0 0.789535 0.210465 
 ----> open 649 0 0.76248 0.23752 
 ----> open 650 0 0.783652 0.216348 
 ----> open 651 0 0.775722 0.224278 
 ----> open 652 1 0.454061 0.545939 
 ----> open 653 0 0.789658 0.210342 
 ----> open 654 1 0.442029 0.557971 
 ----> open 655 0 0.795758 0.204242 
 ----> open 656 0 0.79157 0.20843 
 ----> open 657 0 0.802748 0.197252 
 ----> open 658 0 0.777373 0.222627 
 ----> open 659 0 0.77487 0.22513 
 ----> open 660 0 0.786772 0.213228 
 ----> open 661 0 0.79272 0.20728 
 ----> open 662 0 0.788542 0.211458 
 ----> open 663 0 0.790005 0.209995 
 ----> open 664 1 0.428619 0.571381 
 ----> open 665 0 0.43525 0.56475 
 ----> open 666 1 0.755802 0.244198 
 ----> open 667 0 0.754759 0.245241 
 ----> open 668 0 0.757629 0.242371 
 ----> open 669 0 0.773412 0.226588 
 ----> open 670 0 0.78407 0.21593 
 ----> open 671 0 0.779967 0.220033 
 ----> open 672 0 0.78204 0.21796 
 ----> open 673 0 0.801359 0.198641 
 ----> open 674 0 0.761271 0.238729 
 ----> open 675 1 0.448702 0.551298 
 ----> open 676 1 0.42937 0.57063 
 ----> open 677 1 0.762739 0.237261 
 ----> open 678 1 0.43001 0.56999 
 ----> open 679 1 0.404476 0.595524 
 ----> open 680 0 0.756142 0.243858 
 ----> open 681 1 0.42844 0.57156 
 ----> open 682 0 0.787342 0.212658 
 ----> open 683 0 0.773335 0.226665 
 ----> open 684 0 0.775501 0.224499 
 ----> open 685 1 0.79389 0.20611 
 ----> open 686 0 0.785607 0.214393 
 ----> open 687 0 0.76572 0.23428 
 ----> open 688 0 0.730007 0.269993 
 ----> open 689 0 0.758767 0.241233 
 ----> open 690 1 0.760646 0.239354 
 ----> open 691 1 0.407579 0.592421 
 ----> open 692 0 0.790294 0.209706 
 ----> open 693 0 0.768294 0.231706 
 ----> open 694 1 0.424518 0.575482 
 ----> open 695 0 0.758488 0.241512 
 ----> open 696 0 0.793631 0.206369 
 ----> open 697 0 0.735707 0.264293 
 ----> open 698 0 0.765228 0.234772 
 ----> open 699 0 0.457125 0.542875 
 ----> open 700 0 0.794598 0.205402 
 ----> open 701 0 0.467925 0.532075 
 ----> open 702 0 0.772953 0.227047 
 ----> open 703 0 0.779403 0.220597 
 ----> open 704 0 0.791718 0.208282 
 ----> open 705 0 0.765521 0.234479 
 ----> open 706 0 0.776391 0.223609 
 ----> open 707 0 0.792634 0.207366 
 ----> open 708 0 0.774757 0.225243 
 ----> open 709 0 0.780705 0.219295 
 ----> open 710 0 0.78159 0.21841 
 ----> open 711 0 0.785296 0.214704 
 ----> open 712 0 0.774853 0.225147 
 ----> open 713 0 0.746088 0.253912 
 ----> open 714 1 0.446941 0.553059 
 ----> open 715 1 0.454492 0.545508 
 ----> open 716 1 0.429954 0.570046 
 ----> open 717 0 0.429298 0.570702 
 ----> open 718 0 0.779755 0.220245 
