 ----> open 1 0 0.678452 0.321548 
 ----> open 2 1 0.681044 0.318956 
 ----> open 3 0 0.689835 0.310165 
 ----> open 4 1 0.689465 0.310535 
 ----> open 5 1 0.689465 0.310535 
 ----> open 6 1 0.600562 0.399438 
 ----> open 7 1 0.58777 0.41223 
 ----> open 8 0 0.61496 0.38504 
 ----> open 9 0 0.642124 0.357876 
 ----> open 10 0 0.681312 0.318688 
 ----> open 11 1 0.674657 0.325343 
 ----> open 12 1 0.624442 0.375558 
 ----> open 13 0 0.637563 0.362437 
 ----> open 14 1 0.631496 0.368504 
 ----> open 15 1 0.645165 0.354835 
 ----> open 16 1 0.65902 0.34098 
 ----> open 17 1 0.681024 0.318976 
 ----> open 18 0 0.660089 0.339911 
 ----> open 19 0 0.637368 0.362632 
 ----> open 20 0 0.671506 0.328494 
 ----> open 21 1 0.625597 0.374403 
 ----> open 22 1 0.657079 0.342921 
 ----> open 23 0 0.663416 0.336584 
 ----> open 24 0 0.657371 0.342629 
 ----> open 25 0 0.670312 0.329688 
 ----> open 26 0 0.631118 0.368882 
 ----> open 27 1 0.648428 0.351572 
 ----> open 28 1 0.694625 0.305375 
 ----> open 29 1 0.635255 0.364745 
 ----> open 30 0 0.687934 0.312066 
 ----> open 31 1 0.646385 0.353615 
 ----> open 32 0 0.656752 0.343248 
 ----> open 33 0 0.620101 0.379899 
 ----> open 34 0 0.680514 0.319486 
 ----> open 35 1 0.726023 0.273977 
 ----> open 36 1 0.597177 0.402823 
 ----> open 37 0 0.621202 0.378798 
 ----> open 38 0 0.641301 0.358699 
 ----> open 39 0 0.636599 0.363401 
 ----> open 40 0 0.667102 0.332898 
 ----> open 41 1 0.669822 0.330178 
 ----> open 42 1 0.667604 0.332396 
 ----> open 43 1 0.621277 0.378723 
 ----> open 44 0 0.669733 0.330267 
 ----> open 45 1 0.647363 0.352637 
 ----> open 46 1 0.654647 0.345353 
 ----> open 47 0 0.671084 0.328916 
 ----> open 48 0 0.670844 0.329156 
 ----> open 49 1 0.627172 0.372828 
 ----> open 50 1 0.637204 0.362796 
 ----> open 51 1 0.655999 0.344001 
 ----> open 52 0 0.655191 0.344809 
 ----> open 53 1 0.634713 0.365287 
 ----> open 54 0 0.663794 0.336206 
 ----> open 55 0 0.674689 0.325311 
 ----> open 56 0 0.658428 0.341572 
 ----> open 57 1 0.656278 0.343722 
 ----> open 58 1 0.618719 0.381281 
 ----> open 59 0 0.691563 0.308437 
 ----> open 60 1 0.647669 0.352331 
 ----> open 61 0 0.671606 0.328394 
 ----> open 62 0 0.650852 0.349148 
 ----> open 63 0 0.638949 0.361051 
 ----> open 64 1 0.646732 0.353268 
 ----> open 65 1 0.654747 0.345253 
 ----> open 66 0 0.641152 0.358848 
 ----> open 67 0 0.642203 0.357797 
 ----> open 68 1 0.638198 0.361802 
 ----> open 69 0 0.661643 0.338357 
 ----> open 70 0 0.663099 0.336901 
 ----> open 71 1 0.681518 0.318482 
 ----> open 72 1 0.579744 0.420256 
 ----> open 73 0 0.698731 0.301269 
 ----> open 74 1 0.625413 0.374587 
 ----> open 75 0 0.655298 0.344702 
 ----> open 76 0 0.694007 0.305993 
 ----> open 77 1 0.602908 0.397092 
 ----> open 78 0 0.673339 0.326661 
 ----> open 79 1 0.647694 0.352306 
 ----> open 80 0 0.654908 0.345092 
 ----> open 81 0 0.737295 0.262705 
 ----> open 82 1 0.550495 0.449505 
 ----> open 83 1 0.595084 0.404916 
 ----> open 84 1 0.668127 0.331873 
 ----> open 85 0 0.708506 0.291494 
 ----> open 86 1 0.653527 0.346473 
 ----> open 87 0 0.666213 0.333787 
 ----> open 88 1 0.636915 0.363085 
 ----> open 89 1 0.64957 0.35043 
 ----> open 90 0 0.655154 0.344846 
 ----> open 91 1 0.632853 0.367147 
 ----> open 92 1 0.648905 0.351095 
 ----> open 93 0 0.668903 0.331097 
 ----> open 94 0 0.671411 0.328589 
 ----> open 95 1 0.655097 0.344903 
 ----> open 96 0 0.665523 0.334477 
 ----> open 97 0 0.669944 0.330056 
 ----> open 98 1 0.647219 0.352781 
 ----> open 99 1 0.663413 0.336587 
 ----> open 100 1 0.652555 0.347445 
 ----> open 101 0 0.665881 0.334119 
 ----> open 102 1 0.626563 0.373437 
 ----> open 103 0 0.632683 0.367317 
 ----> open 104 0 0.642187 0.357813 
 ----> open 105 0 0.661421 0.338579 
 ----> open 106 1 0.655233 0.344767 
 ----> open 107 0 0.637348 0.362652 
 ----> open 108 0 0.663296 0.336704 
 ----> open 109 0 0.657605 0.342395 
 ----> open 110 0 0.673951 0.326049 
 ----> open 111 1 0.639807 0.360193 
 ----> open 112 0 0.661836 0.338164 
 ----> open 113 0 0.650979 0.349021 
 ----> open 114 1 0.64357 0.35643 
 ----> open 115 1 0.677425 0.322575 
 ----> open 116 0 0.65822 0.34178 
 ----> open 117 0 0.645911 0.354089 
 ----> open 118 1 0.644418 0.355582 
 ----> open 119 1 0.594115 0.405885 
 ----> open 120 1 0.625275 0.374725 
 ----> open 121 0 0.714716 0.285284 
 ----> open 122 1 0.649743 0.350257 
 ----> open 123 1 0.58499 0.41501 
 ----> open 124 1 0.625228 0.374772 
 ----> open 125 0 0.674778 0.325222 
 ----> open 126 1 0.677391 0.322609 
 ----> open 127 0 0.655814 0.344186 
 ----> open 128 0 0.64508 0.35492 
 ----> open 129 0 0.678699 0.321301 
 ----> open 130 1 0.645759 0.354241 
 ----> open 131 0 0.666499 0.333501 
 ----> open 132 0 0.659315 0.340685 
 ----> open 133 0 0.671442 0.328558 
 ----> open 134 1 0.625531 0.374469 
 ----> open 135 1 0.603205 0.396795 
 ----> open 136 1 0.626192 0.373808 
 ----> open 137 0 0.69682 0.30318 
 ----> open 138 1 0.600309 0.399691 
 ----> open 139 0 0.689174 0.310826 
 ----> open 140 0 0.613556 0.386444 
 ----> open 141 1 0.663916 0.336084 
 ----> open 142 0 0.67587 0.32413 
 ----> open 143 1 0.640287 0.359713 
 ----> open 144 0 0.657338 0.342662 
 ----> open 145 1 0.635525 0.364475 
 ----> open 146 0 0.655189 0.344811 
 ----> open 147 0 0.691165 0.308835 
 ----> open 148 0 0.657308 0.342692 
 ----> open 149 1 0.676384 0.323616 
 ----> open 150 1 0.610183 0.389817 
 ----> open 151 1 0.624758 0.375242 
 ----> open 152 1 0.621416 0.378584 
 ----> open 153 0 0.652758 0.347242 
 ----> open 154 0 0.643061 0.356939 
 ----> open 155 1 0.642969 0.357031 
 ----> open 156 0 0.652179 0.347821 
 ----> open 157 1 0.637278 0.362722 
 ----> open 158 1 0.627081 0.372919 
 ----> open 159 1 0.625107 0.374893 
 ----> open 160 0 0.68409 0.31591 
 ----> open 161 0 0.660461 0.339539 
 ----> open 162 0 0.648949 0.351051 
 ----> open 163 1 0.623447 0.376553 
 ----> open 164 1 0.604796 0.395204 
 ----> open 165 1 0.623039 0.376961 
 ----> open 166 1 0.656692 0.343308 
 ----> open 167 0 0.698258 0.301742 
 ----> open 168 1 0.540568 0.459432 
 ----> open 169 0 0.696656 0.303344 
 ----> open 170 0 0.677502 0.322498 
 ----> open 171 1 0.672717 0.327283 
 ----> open 172 1 0.614195 0.385805 
 ----> open 173 1 0.657899 0.342101 
 ----> open 174 1 0.63011 0.36989 
 ----> open 175 1 0.638116 0.361884 
 ----> open 176 0 0.667589 0.332411 
 ----> open 177 0 0.696774 0.303226 
 ----> open 178 0 0.649282 0.350718 
 ----> open 179 1 0.612277 0.387723 
 ----> open 180 0 0.670163 0.329837 
 ----> open 181 0 0.673583 0.326417 
 ----> open 182 0 0.665888 0.334112 
 ----> open 183 0 0.711004 0.288996 
 ----> open 184 1 0.62252 0.37748 
 ----> open 185 1 0.680283 0.319717 
 ----> open 186 0 0.614135 0.385865 
 ----> open 187 0 0.632555 0.367445 
 ----> open 188 1 0.652294 0.347706 
 ----> open 189 0 0.703268 0.296732 
 ----> open 190 1 0.643227 0.356773 
 ----> open 191 1 0.645923 0.354077 
 ----> open 192 0 0.629379 0.370621 
 ----> open 193 1 0.656329 0.343671 
 ----> open 194 0 0.69287 0.30713 
 ----> open 195 0 0.656588 0.343412 
 ----> open 196 0 0.685679 0.314321 
 ----> open 197 1 0.622916 0.377084 
 ----> open 198 0 0.664729 0.335271 
 ----> open 199 0 0.698888 0.301112 
 ----> open 200 0 0.629243 0.370757 
 ----> open 201 1 0.611477 0.388523 
 ----> open 202 0 0.682898 0.317102 
 ----> open 203 0 0.691429 0.308571 
 ----> open 204 1 0.575166 0.424834 
 ----> open 205 1 0.644326 0.355674 
 ----> open 206 0 0.676954 0.323046 
 ----> open 207 0 0.655575 0.344425 
 ----> open 208 1 0.664055 0.335945 
 ----> open 209 0 0.648198 0.351802 
 ----> open 210 0 0.646059 0.353941 
 ----> open 211 0 0.680051 0.319949 
 ----> open 212 0 0.671058 0.328942 
 ----> open 213 0 0.661202 0.338798 
 ----> open 214 1 0.612008 0.387992 
 ----> open 215 0 0.669795 0.330205 
 ----> open 216 1 0.662213 0.337787 
 ----> open 217 0 0.67949 0.32051 
 ----> open 218 1 0.648193 0.351807 
 ----> open 219 0 0.664544 0.335456 
 ----> open 220 0 0.691161 0.308839 
 ----> open 221 0 0.693257 0.306743 
 ----> open 222 0 0.660297 0.339703 
 ----> open 223 1 0.646239 0.353761 
 ----> open 224 0 0.659478 0.340522 
 ----> open 225 0 0.659299 0.340701 
 ----> open 226 1 0.633341 0.366659 
 ----> open 227 1 0.654071 0.345929 
 ----> open 228 0 0.715932 0.284068 
 ----> open 229 1 0.59576 0.40424 
 ----> open 230 0 0.712108 0.287892 
 ----> open 231 0 0.685766 0.314234 
 ----> open 232 1 0.657188 0.342812 
 ----> open 233 1 0.587688 0.412312 
 ----> open 234 0 0.664058 0.335942 
 ----> open 235 0 0.651989 0.348011 
 ----> open 236 1 0.635954 0.364046 
 ----> open 237 0 0.667079 0.332921 
 ----> open 238 0 0.690602 0.309398 
 ----> open 239 0 0.6856 0.3144 
 ----> open 240 0 0.676104 0.323896 
 ----> open 241 1 0.639352 0.360648 
 ----> open 242 0 0.686523 0.313477 
 ----> open 243 1 0.645411 0.354589 
 ----> open 244 0 0.664997 0.335003 
 ----> open 245 1 0.620441 0.379559 
 ----> open 246 1 0.607136 0.392864 
 ----> open 247 0 0.694083 0.305917 
 ----> open 248 0 0.686883 0.313117 
 ----> open 249 1 0.608907 0.391093 
 ----> open 250 0 0.694367 0.305633 
 ----> open 251 0 0.629062 0.370938 
 ----> open 252 0 0.701584 0.298416 
 ----> open 253 0 0.69163 0.30837 
 ----> open 254 1 0.656261 0.343739 
 ----> open 255 0 0.693144 0.306856 
 ----> open 256 1 0.60366 0.39634 
 ----> open 257 1 0.648841 0.351159 
 ----> open 258 0 0.669883 0.330117 
 ----> open 259 0 0.651242 0.348758 
 ----> open 260 1 0.655474 0.344526 
 ----> open 261 1 0.615877 0.384123 
 ----> open 262 1 0.643422 0.356578 
 ----> open 263 0 0.646252 0.353748 
 ----> open 264 1 0.670626 0.329374 
 ----> open 265 1 0.638366 0.361634 
 ----> open 266 1 0.661466 0.338534 
 ----> open 267 0 0.659338 0.340662 
 ----> open 268 0 0.672469 0.327531 
 ----> open 269 0 0.675838 0.324162 
 ----> open 270 0 0.668333 0.331667 
 ----> open 271 1 0.657585 0.342415 
 ----> open 272 1 0.69414 0.30586 
 ----> open 273 0 0.683147 0.316853 
 ----> open 274 0 0.666723 0.333277 
 ----> open 275 0 0.696987 0.303013 
 ----> open 276 0 0.666456 0.333544 
 ----> open 277 0 0.683455 0.316545 
 ----> open 278 0 0.688368 0.311632 
 ----> open 279 0 0.709678 0.290322 
 ----> open 280 1 0.621049 0.378951 
 ----> open 281 1 0.602568 0.397432 
 ----> open 282 0 0.665473 0.334527 
 ----> open 283 1 0.631199 0.368801 
 ----> open 284 1 0.635178 0.364822 
 ----> open 285 0 0.627481 0.372519 
 ----> open 286 0 0.679215 0.320785 
 ----> open 287 0 0.711615 0.288385 
 ----> open 288 1 0.612164 0.387836 
 ----> open 289 1 0.621856 0.378144 
 ----> open 290 0 0.67312 0.32688 
 ----> open 291 0 0.640964 0.359036 
 ----> open 292 1 0.626192 0.373808 
 ----> open 293 0 0.699746 0.300254 
 ----> open 294 0 0.676533 0.323467 
 ----> open 295 1 0.647782 0.352218 
 ----> open 296 0 0.626712 0.373288 
 ----> open 297 0 0.655747 0.344253 
 ----> open 298 1 0.661422 0.338578 
 ----> open 299 0 0.694854 0.305146 
 ----> open 300 1 0.619952 0.380048 
 ----> open 301 0 0.677539 0.322461 
 ----> open 302 0 0.648059 0.351941 
 ----> open 303 0 0.675527 0.324473 
 ----> open 304 0 0.701462 0.298538 
 ----> open 305 1 0.638182 0.361818 
 ----> open 306 0 0.64424 0.35576 
 ----> open 307 0 0.655937 0.344063 
 ----> open 308 0 0.627217 0.372783 
 ----> open 309 1 0.624973 0.375027 
 ----> open 310 1 0.62624 0.37376 
 ----> open 311 0 0.676311 0.323689 
 ----> open 312 0 0.651296 0.348704 
 ----> open 313 0 0.668508 0.331492 
 ----> open 314 1 0.647039 0.352961 
 ----> open 315 0 0.712564 0.287436 
 ----> open 316 0 0.690216 0.309784 
 ----> open 317 0 0.662435 0.337565 
 ----> open 318 0 0.681445 0.318555 
 ----> open 319 0 0.686866 0.313134 
 ----> open 320 0 0.656241 0.343759 
 ----> open 321 0 0.696654 0.303346 
 ----> open 322 0 0.670678 0.329322 
 ----> open 323 1 0.613066 0.386934 
 ----> open 324 0 0.614397 0.385603 
 ----> open 325 0 0.678114 0.321886 
 ----> open 326 0 0.704844 0.295156 
 ----> open 327 1 0.629248 0.370752 
 ----> open 328 1 0.59269 0.40731 
 ----> open 329 0 0.633019 0.366981 
 ----> open 330 0 0.670352 0.329648 
 ----> open 331 0 0.667114 0.332886 
 ----> open 332 0 0.660047 0.339953 
 ----> open 333 0 0.683974 0.316026 
 ----> open 334 1 0.632432 0.367568 
 ----> open 335 1 0.646723 0.353277 
 ----> open 336 1 0.662926 0.337074 
 ----> open 337 1 0.680151 0.319849 
 ----> open 338 1 0.632483 0.367517 
 ----> open 339 0 0.678199 0.321801 
 ----> open 340 0 0.683541 0.316459 
 ----> open 341 0 0.679765 0.320235 
 ----> open 342 1 0.627415 0.372585 
 ----> open 343 1 0.613181 0.386819 
 ----> open 344 0 0.674369 0.325631 
 ----> open 345 0 0.620162 0.379838 
 ----> open 346 0 0.675126 0.324874 
 ----> open 347 0 0.624892 0.375108 
 ----> open 348 1 0.669421 0.330579 
 ----> open 349 0 0.648856 0.351144 
 ----> open 350 0 0.720663 0.279337 
 ----> open 351 1 0.641169 0.358831 
 ----> open 352 0 0.648645 0.351355 
 ----> open 353 0 0.653394 0.346606 
 ----> open 354 0 0.613327 0.386673 
 ----> open 355 0 0.659441 0.340559 
 ----> open 356 1 0.65651 0.34349 
 ----> open 357 0 0.669423 0.330577 
 ----> open 358 1 0.678963 0.321037 
 ----> open 359 0 0.641963 0.358037 
 ----> open 360 0 0.672764 0.327236 
 ----> open 361 0 0.682038 0.317962 
 ----> open 362 0 0.676644 0.323356 
 ----> open 363 1 0.655592 0.344408 
 ----> open 364 0 0.654603 0.345397 
 ----> open 365 0 0.70037 0.29963 
 ----> open 366 0 0.680591 0.319409 
 ----> open 367 1 0.689646 0.310354 
 ----> open 368 0 0.676803 0.323197 
 ----> open 369 0 0.637974 0.362026 
 ----> open 370 0 0.696302 0.303698 
 ----> open 371 1 0.647363 0.352637 
 ----> open 372 0 0.66279 0.33721 
 ----> open 373 0 0.661394 0.338606 
 ----> open 374 0 0.640705 0.359295 
 ----> open 375 0 0.685314 0.314686 
 ----> open 376 1 0.635706 0.364294 
 ----> open 377 0 0.660358 0.339642 
 ----> open 378 0 0.668604 0.331396 
 ----> open 379 1 0.656972 0.343028 
 ----> open 380 0 0.667386 0.332614 
 ----> open 381 0 0.681961 0.318039 
 ----> open 382 0 0.651164 0.348836 
 ----> open 383 0 0.694698 0.305302 
 ----> open 384 0 0.731129 0.268871 
 ----> open 385 0 0.652649 0.347351 
 ----> open 386 1 0.611778 0.388222 
 ----> open 387 0 0.681289 0.318711 
 ----> open 388 1 0.612896 0.387104 
 ----> open 389 1 0.633666 0.366334 
 ----> open 390 0 0.668175 0.331825 
 ----> open 391 0 0.672582 0.327418 
 ----> open 392 0 0.671161 0.328839 
 ----> open 393 0 0.666009 0.333991 
 ----> open 394 1 0.659022 0.340978 
 ----> open 395 0 0.655788 0.344212 
 ----> open 396 0 0.668484 0.331516 
 ----> open 397 0 0.651822 0.348178 
 ----> open 398 0 0.676695 0.323305 
 ----> open 399 1 0.63272 0.36728 
 ----> open 400 1 0.657177 0.342823 
 ----> open 401 1 0.632602 0.367398 
 ----> open 402 0 0.682283 0.317717 
 ----> open 403 0 0.653513 0.346487 
 ----> open 404 0 0.675732 0.324268 
 ----> open 405 0 0.672757 0.327243 
 ----> open 406 1 0.637798 0.362202 
 ----> open 407 1 0.650306 0.349694 
 ----> open 408 0 0.640188 0.359812 
 ----> open 409 0 0.657561 0.342439 
 ----> open 410 0 0.65908 0.34092 
 ----> open 411 0 0.663531 0.336469 
 ----> open 412 0 0.681003 0.318997 
 ----> open 413 0 0.643209 0.356791 
 ----> open 414 1 0.646472 0.353528 
 ----> open 415 1 0.618692 0.381308 
 ----> open 416 1 0.62749 0.37251 
 ----> open 417 0 0.643217 0.356783 
 ----> open 418 0 0.709193 0.290807 
 ----> open 419 1 0.594751 0.405249 
 ----> open 420 0 0.691046 0.308954 
 ----> open 421 0 0.615397 0.384603 
 ----> open 422 0 0.678977 0.321023 
 ----> open 423 0 0.698955 0.301045 
 ----> open 424 0 0.617472 0.382528 
 ----> open 425 0 0.669967 0.330033 
 ----> open 426 0 0.622182 0.377818 
 ----> open 427 1 0.637291 0.362709 
 ----> open 428 0 0.655989 0.344011 
 ----> open 429 0 0.687853 0.312147 
 ----> open 430 0 0.687138 0.312862 
 ----> open 431 0 0.615733 0.384267 
 ----> open 432 0 0.704252 0.295748 
 ----> open 433 0 0.660367 0.339633 
 ----> open 434 0 0.674237 0.325763 
 ----> open 435 1 0.646796 0.353204 
 ----> open 436 1 0.644069 0.355931 
 ----> open 437 0 0.704604 0.295396 
 ----> open 438 0 0.661255 0.338745 
 ----> open 439 0 0.661118 0.338882 
 ----> open 440 1 0.626705 0.373295 
 ----> open 441 0 0.645512 0.354488 
 ----> open 442 0 0.670344 0.329656 
 ----> open 443 0 0.667688 0.332312 
 ----> open 444 0 0.665052 0.334948 
 ----> open 445 0 0.670983 0.329017 
 ----> open 446 1 0.658979 0.341021 
 ----> open 447 0 0.673165 0.326835 
 ----> open 448 0 0.690101 0.309899 
 ----> open 449 0 0.679031 0.320969 
 ----> open 450 0 0.645042 0.354958 
 ----> open 451 0 0.68013 0.31987 
 ----> open 452 0 0.636887 0.363113 
 ----> open 453 0 0.664706 0.335294 
 ----> open 454 0 0.641751 0.358249 
 ----> open 455 0 0.665482 0.334518 
 ----> open 456 0 0.694321 0.305679 
 ----> open 457 0 0.676154 0.323846 
 ----> open 458 0 0.67928 0.32072 
 ----> open 459 1 0.644029 0.355971 
 ----> open 460 0 0.707474 0.292526 
 ----> open 461 0 0.645674 0.354326 
 ----> open 462 0 0.6737 0.3263 
 ----> open 463 0 0.645966 0.354034 
 ----> open 464 0 0.636461 0.363539 
 ----> open 465 0 0.652298 0.347702 
 ----> open 466 0 0.620795 0.379205 
 ----> open 467 1 0.667045 0.332955 
 ----> open 468 1 0.611794 0.388206 
 ----> open 469 0 0.685175 0.314825 
 ----> open 470 0 0.629665 0.370335 
 ----> open 471 1 0.660559 0.339441 
 ----> open 472 1 0.635451 0.364549 
 ----> open 473 0 0.659902 0.340098 
 ----> open 474 1 0.630819 0.369181 
 ----> open 475 0 0.679168 0.320832 
 ----> open 476 0 0.645301 0.354699 
 ----> open 477 0 0.655577 0.344423 
 ----> open 478 1 0.62829 0.37171 
 ----> open 479 0 0.640252 0.359748 
 ----> open 480 0 0.659494 0.340506 
 ----> open 481 0 0.674666 0.325334 
 ----> open 482 0 0.652972 0.347028 
 ----> open 483 0 0.709064 0.290936 
 ----> open 484 1 0.56075 0.43925 
 ----> open 485 0 0.684183 0.315817 
 ----> open 486 0 0.632953 0.367047 
 ----> open 487 0 0.654845 0.345155 
 ----> open 488 0 0.688824 0.311176 
 ----> open 489 1 0.630824 0.369176 
 ----> open 490 1 0.651675 0.348325 
 ----> open 491 0 0.6632 0.3368 
 ----> open 492 1 0.622611 0.377389 
 ----> open 493 0 0.659581 0.340419 
 ----> open 494 0 0.6539 0.3461 
 ----> open 495 0 0.66906 0.33094 
 ----> open 496 1 0.62687 0.37313 
 ----> open 497 0 0.670533 0.329467 
 ----> open 498 0 0.640555 0.359445 
 ----> open 499 0 0.658725 0.341275 
 ----> open 500 0 0.640631 0.359369 
 ----> open 501 1 0.648717 0.351283 
 ----> open 502 0 0.669231 0.330769 
 ----> open 503 0 0.683243 0.316757 
 ----> open 504 1 0.64801 0.35199 
 ----> open 505 0 0.69497 0.30503 
 ----> open 506 0 0.671152 0.328848 
 ----> open 507 0 0.656158 0.343842 
 ----> open 508 0 0.662693 0.337307 
 ----> open 509 1 0.665398 0.334602 
 ----> open 510 1 0.658093 0.341907 
 ----> open 511 0 0.684265 0.315735 
 ----> open 512 0 0.7416 0.2584 
 ----> open 513 0 0.621096 0.378904 
 ----> open 514 0 0.653323 0.346677 
 ----> open 515 1 0.663881 0.336119 
 ----> open 516 0 0.666959 0.333041 
 ----> open 517 1 0.65096 0.34904 
 ----> open 518 1 0.612914 0.387086 
 ----> open 519 0 0.65851 0.34149 
 ----> open 520 0 0.680348 0.319652 
 ----> open 521 1 0.651938 0.348062 
 ----> open 522 1 0.644453 0.355547 
 ----> open 523 0 0.696991 0.303009 
 ----> open 524 1 0.636497 0.363503 
 ----> open 525 0 0.628246 0.371754 
 ----> open 526 0 0.652409 0.347591 
 ----> open 527 0 0.632082 0.367918 
 ----> open 528 0 0.637219 0.362781 
 ----> open 529 0 0.688432 0.311568 
 ----> open 530 1 0.653273 0.346727 
 ----> open 531 0 0.649356 0.350644 
 ----> open 532 1 0.628769 0.371231 
 ----> open 533 0 0.699948 0.300052 
 ----> open 534 0 0.674353 0.325647 
 ----> open 535 0 0.668447 0.331553 
 ----> open 536 1 0.672669 0.327331 
 ----> open 537 0 0.692208 0.307792 
 ----> open 538 0 0.657297 0.342703 
 ----> open 539 0 0.650485 0.349515 
 ----> open 540 1 0.662814 0.337186 
 ----> open 541 0 0.676201 0.323799 
 ----> open 542 1 0.661674 0.338326 
 ----> open 543 0 0.666512 0.333488 
 ----> open 544 1 0.652968 0.347032 
 ----> open 545 0 0.703037 0.296963 
 ----> open 546 1 0.643297 0.356703 
 ----> open 547 0 0.676528 0.323472 
 ----> open 548 0 0.660931 0.339069 
 ----> open 549 1 0.664576 0.335424 
 ----> open 550 0 0.687582 0.312418 
 ----> open 551 1 0.62267 0.37733 
 ----> open 552 0 0.684648 0.315352 
 ----> open 553 1 0.626856 0.373144 
 ----> open 554 0 0.652474 0.347526 
 ----> open 555 1 0.63432 0.36568 
 ----> open 556 1 0.634316 0.365684 
 ----> open 557 0 0.689121 0.310879 
 ----> open 558 0 0.68056 0.31944 
 ----> open 559 0 0.636705 0.363295 
 ----> open 560 0 0.667597 0.332403 
 ----> open 561 0 0.661624 0.338376 
 ----> open 562 1 0.638078 0.361922 
 ----> open 563 0 0.647222 0.352778 
 ----> open 564 0 0.649439 0.350561 
 ----> open 565 0 0.688086 0.311914 
 ----> open 566 0 0.670127 0.329873 
 ----> open 567 0 0.624991 0.375009 
 ----> open 568 0 0.679074 0.320926 
 ----> open 569 0 0.690808 0.309192 
 ----> open 570 1 0.62884 0.37116 
 ----> open 571 0 0.681417 0.318583 
 ----> open 572 1 0.675237 0.324763 
 ----> open 573 0 0.690802 0.309198 
 ----> open 574 0 0.673488 0.326512 
 ----> open 575 0 0.673729 0.326271 
 ----> open 576 1 0.658095 0.341905 
 ----> open 577 0 0.712143 0.287857 
 ----> open 578 1 0.69014 0.30986 
 ----> open 579 0 0.670437 0.329563 
 ----> open 580 0 0.666433 0.333567 
 ----> open 581 1 0.658499 0.341501 
 ----> open 582 0 0.65149 0.34851 
 ----> open 583 0 0.657204 0.342796 
 ----> open 584 1 0.627025 0.372975 
 ----> open 585 1 0.635387 0.364613 
 ----> open 586 0 0.670136 0.329864 
 ----> open 587 0 0.685638 0.314362 
 ----> open 588 0 0.651676 0.348324 
 ----> open 589 0 0.667835 0.332165 
 ----> open 590 1 0.652035 0.347965 
 ----> open 591 0 0.677573 0.322427 
 ----> open 592 1 0.663961 0.336039 
 ----> open 593 0 0.639911 0.360089 
 ----> open 594 1 0.684648 0.315352 
 ----> open 595 0 0.672658 0.327342 
 ----> open 596 0 0.660049 0.339951 
 ----> open 597 0 0.667635 0.332365 
 ----> open 598 0 0.686027 0.313973 
 ----> open 599 0 0.669319 0.330681 
 ----> open 600 0 0.690456 0.309544 
 ----> open 601 0 0.672794 0.327206 
 ----> open 602 0 0.662601 0.337399 
 ----> open 603 1 0.647533 0.352467 
 ----> open 604 0 0.635791 0.364209 
 ----> open 605 0 0.665063 0.334937 
 ----> open 606 0 0.640532 0.359468 
 ----> open 607 0 0.652018 0.347982 
 ----> open 608 1 0.633914 0.366086 
 ----> open 609 0 0.65123 0.34877 
 ----> open 610 0 0.680876 0.319124 
 ----> open 611 0 0.67038 0.32962 
 ----> open 612 0 0.656333 0.343667 
 ----> open 613 0 0.654928 0.345072 
 ----> open 614 0 0.640433 0.359567 
 ----> open 615 0 0.659537 0.340463 
 ----> open 616 0 0.663721 0.336279 
 ----> open 617 0 0.671178 0.328822 
 ----> open 618 0 0.646922 0.353078 
 ----> open 619 1 0.671166 0.328834 
 ----> open 620 1 0.640881 0.359119 
 ----> open 621 0 0.664658 0.335342 
 ----> open 622 0 0.668761 0.331239 
 ----> open 623 0 0.668094 0.331906 
 ----> open 624 1 0.616212 0.383788 
 ----> open 625 0 0.665212 0.334788 
 ----> open 626 0 0.66224 0.33776 
 ----> open 627 0 0.664559 0.335441 
 ----> open 628 0 0.66129 0.33871 
 ----> open 629 1 0.620653 0.379347 
 ----> open 630 1 0.611474 0.388526 
 ----> open 631 0 0.651673 0.348327 
 ----> open 632 1 0.607665 0.392335 
 ----> open 633 1 0.672432 0.327568 
 ----> open 634 0 0.645334 0.354666 
 ----> open 635 1 0.641321 0.358679 
 ----> open 636 0 0.63765 0.36235 
 ----> open 637 0 0.678065 0.321935 
 ----> open 638 0 0.649608 0.350392 
 ----> open 639 0 0.652686 0.347314 
 ----> open 640 1 0.636037 0.363963 
 ----> open 641 0 0.647256 0.352744 
 ----> open 642 0 0.639898 0.360102 
 ----> open 643 0 0.688807 0.311193 
 ----> open 644 1 0.558393 0.441607 
 ----> open 645 0 0.718074 0.281926 
 ----> open 646 0 0.635481 0.364519 
 ----> open 647 1 0.650481 0.349519 
 ----> open 648 0 0.666413 0.333587 
 ----> open 649 0 0.650511 0.349489 
 ----> open 650 0 0.657364 0.342636 
 ----> open 651 0 0.628752 0.371248 
 ----> open 652 1 0.583327 0.416673 
 ----> open 653 0 0.6847 0.3153 
 ----> open 654 1 0.635258 0.364742 
 ----> open 655 0 0.650395 0.349605 
 ----> open 656 0 0.716023 0.283977 
 ----> open 657 0 0.668244 0.331756 
 ----> open 658 0 0.67078 0.32922 
 ----> open 659 0 0.679451 0.320549 
 ----> open 660 0 0.70042 0.29958 
 ----> open 661 0 0.696173 0.303827 
 ----> open 662 0 0.687197 0.312803 
 ----> open 663 0 0.676156 0.323844 
 ----> open 664 1 0.594895 0.405105 
 ----> open 665 0 0.682397 0.317603 
 ----> open 666 1 0.635698 0.364302 
 ----> open 667 0 0.643827 0.356173 
 ----> open 668 0 0.670321 0.329679 
 ----> open 669 0 0.7208 0.2792 
 ----> open 670 0 0.683921 0.316079 
 ----> open 671 0 0.708147 0.291853 
 ----> open 672 0 0.655907 0.344093 
 ----> open 673 0 0.667181 0.332819 
 ----> open 674 0 0.659266 0.340734 
 ----> open 675 1 0.643233 0.356767 
 ----> open 676 1 0.621937 0.378063 
 ----> open 677 1 0.648822 0.351178 
 ----> open 678 1 0.651559 0.348441 
 ----> open 679 1 0.658127 0.341873 
 ----> open 680 0 0.650369 0.349631 
 ----> open 681 1 0.65887 0.34113 
 ----> open 682 0 0.640157 0.359843 
 ----> open 683 0 0.667452 0.332548 
 ----> open 684 0 0.622645 0.377355 
 ----> open 685 1 0.655677 0.344323 
 ----> open 686 0 0.670729 0.329271 
 ----> open 687 0 0.626804 0.373196 
 ----> open 688 0 0.675209 0.324791 
 ----> open 689 0 0.616998 0.383002 
 ----> open 690 1 0.678464 0.321536 
 ----> open 691 1 0.636767 0.363233 
 ----> open 692 0 0.689234 0.310766 
 ----> open 693 0 0.657703 0.342297 
 ----> open 694 1 0.649601 0.350399 
 ----> open 695 0 0.671107 0.328893 
 ----> open 696 0 0.662176 0.337824 
 ----> open 697 0 0.647867 0.352133 
 ----> open 698 0 0.673282 0.326718 
 ----> open 699 0 0.688184 0.311816 
 ----> open 700 0 0.68213 0.31787 
 ----> open 701 0 0.645018 0.354982 
 ----> open 702 0 0.68859 0.31141 
 ----> open 703 0 0.646492 0.353508 
 ----> open 704 0 0.679669 0.320331 
 ----> open 705 0 0.685528 0.314472 
 ----> open 706 0 0.671398 0.328602 
 ----> open 707 0 0.711305 0.288695 
 ----> open 708 0 0.674291 0.325709 
 ----> open 709 0 0.681515 0.318485 
 ----> open 710 0 0.660851 0.339149 
 ----> open 711 0 0.666958 0.333042 
 ----> open 712 0 0.652859 0.347141 
 ----> open 713 0 0.632101 0.367899 
 ----> open 714 1 0.672663 0.327337 
 ----> open 715 1 0.648474 0.351526 
 ----> open 716 1 0.664755 0.335245 
 ----> open 717 0 0.674774 0.325226 
 ----> open 718 0 0.70958 0.29042 
