 ----> psTTM 1 1 0 0 
 ----> psTTM 2 0 0.659711 0.340289 
 ----> psTTM 3 1 0.67013 0.32987 
 ----> psTTM 4 1 0.662582 0.337418 
 ----> psTTM 5 1 0.658858 0.341142 
 ----> psTTM 6 1 0.672771 0.327229 
 ----> psTTM 7 0 0.663623 0.336377 
 ----> psTTM 8 0 0.720296 0.279704 
 ----> psTTM 9 0 0.662976 0.337024 
 ----> psTTM 10 1 0.666226 0.333774 
 ----> psTTM 11 1 0.638224 0.361776 
 ----> psTTM 12 0 0.657769 0.342231 
 ----> psTTM 13 0 0.642429 0.357571 
 ----> psTTM 14 1 0.587867 0.412133 
 ----> psTTM 15 1 0.610789 0.389211 
 ----> psTTM 16 1 0.619537 0.380463 
 ----> psTTM 17 1 0.627902 0.372098 
 ----> psTTM 18 0 0.651155 0.348845 
 ----> psTTM 19 0 0.657214 0.342786 
 ----> psTTM 20 0 0.681349 0.318651 
 ----> psTTM 21 1 0.614212 0.385788 
 ----> psTTM 22 0 0.686267 0.313733 
 ----> psTTM 23 0 0.641794 0.358206 
 ----> psTTM 24 0 0.671696 0.328304 
 ----> psTTM 25 0 0.659279 0.340721 
 ----> psTTM 26 1 0.639265 0.360735 
 ----> psTTM 27 1 0.645676 0.354324 
 ----> psTTM 28 1 0.658168 0.341832 
 ----> psTTM 29 0 0.618472 0.381528 
 ----> psTTM 30 0 0.684524 0.315476 
 ----> psTTM 31 0 0.667455 0.332545 
 ----> psTTM 32 0 0.695116 0.304884 
 ----> psTTM 33 0 0.674927 0.325073 
 ----> psTTM 34 0 0.638583 0.361417 
 ----> psTTM 35 1 0.635482 0.364518 
 ----> psTTM 36 0 0.666761 0.333239 
 ----> psTTM 37 0 0.617929 0.382071 
 ----> psTTM 38 0 0.632136 0.367864 
 ----> psTTM 39 0 0.663882 0.336118 
 ----> psTTM 40 1 0.633003 0.366997 
 ----> psTTM 41 1 0.670132 0.329868 
 ----> psTTM 42 1 0.661506 0.338494 
 ----> psTTM 43 0 0.644476 0.355524 
 ----> psTTM 44 1 0.647653 0.352347 
 ----> psTTM 45 1 0.592937 0.407063 
 ----> psTTM 46 0 0.622702 0.377298 
 ----> psTTM 47 1 0.625351 0.374649 
 ----> psTTM 48 1 0.660625 0.339375 
 ----> psTTM 49 1 0.669322 0.330678 
 ----> psTTM 50 1 0.653886 0.346114 
 ----> psTTM 51 0 0.672375 0.327625 
 ----> psTTM 52 1 0.670022 0.329978 
 ----> psTTM 53 0 0.638549 0.361451 
 ----> psTTM 54 0 0.66989 0.33011 
 ----> psTTM 55 0 0.664262 0.335738 
 ----> psTTM 56 1 0.652095 0.347905 
 ----> psTTM 57 1 0.618827 0.381173 
 ----> psTTM 58 0 0.646344 0.353656 
 ----> psTTM 59 1 0.606342 0.393658 
 ----> psTTM 60 0 0.607542 0.392458 
 ----> psTTM 61 0 0.665671 0.334329 
 ----> psTTM 62 0 0.667893 0.332107 
 ----> psTTM 63 1 0.670809 0.329191 
 ----> psTTM 64 1 0.658856 0.341144 
 ----> psTTM 65 0 0.651519 0.348481 
 ----> psTTM 66 0 0.687365 0.312635 
 ----> psTTM 67 1 0.621595 0.378405 
 ----> psTTM 68 1 0.628465 0.371535 
 ----> psTTM 69 0 0.627931 0.372069 
 ----> psTTM 70 0 0.672694 0.327306 
 ----> psTTM 71 1 0.629845 0.370155 
 ----> psTTM 72 1 0.669251 0.330749 
 ----> psTTM 73 0 0.644127 0.355873 
 ----> psTTM 74 0 0.633888 0.366112 
 ----> psTTM 75 0 0.665596 0.334404 
 ----> psTTM 76 1 0.650017 0.349983 
 ----> psTTM 77 0 0.681432 0.318568 
 ----> psTTM 78 1 0.678868 0.321132 
 ----> psTTM 79 0 0.637462 0.362538 
 ----> psTTM 80 1 0.623927 0.376073 
 ----> psTTM 81 1 0.662677 0.337323 
 ----> psTTM 82 1 0.619528 0.380472 
 ----> psTTM 83 1 0.660644 0.339356 
 ----> psTTM 84 1 0.666631 0.333369 
 ----> psTTM 85 0 0.716624 0.283376 
 ----> psTTM 86 0 0.67518 0.32482 
 ----> psTTM 87 1 0.643033 0.356967 
 ----> psTTM 88 1 0.675297 0.324703 
 ----> psTTM 89 1 0.600879 0.399121 
 ----> psTTM 90 1 0.646798 0.353202 
 ----> psTTM 91 1 0.64701 0.35299 
 ----> psTTM 92 0 0.642341 0.357659 
 ----> psTTM 93 0 0.648104 0.351896 
 ----> psTTM 94 1 0.665831 0.334169 
 ----> psTTM 95 0 0.658479 0.341521 
 ----> psTTM 96 0 0.66752 0.33248 
 ----> psTTM 97 1 0.615817 0.384183 
 ----> psTTM 98 1 0.657205 0.342795 
 ----> psTTM 99 1 0.615658 0.384342 
 ----> psTTM 100 0 0.667788 0.332212 
 ----> psTTM 101 1 0.60452 0.39548 
 ----> psTTM 102 0 0.686319 0.313681 
 ----> psTTM 103 0 0.694147 0.305853 
 ----> psTTM 104 0 0.663501 0.336499 
 ----> psTTM 105 1 0.658095 0.341905 
 ----> psTTM 106 0 0.651914 0.348086 
 ----> psTTM 107 0 0.702392 0.297608 
 ----> psTTM 108 0 0.67107 0.32893 
 ----> psTTM 109 0 0.661115 0.338885 
 ----> psTTM 110 1 0.63921 0.36079 
 ----> psTTM 111 0 0.707333 0.292667 
 ----> psTTM 112 0 0.680851 0.319149 
 ----> psTTM 113 1 0.61437 0.38563 
 ----> psTTM 114 1 0.60073 0.39927 
 ----> psTTM 115 0 0.670692 0.329308 
 ----> psTTM 116 0 0.67667 0.32333 
 ----> psTTM 117 1 0.654982 0.345018 
 ----> psTTM 118 1 0.655349 0.344651 
 ----> psTTM 119 1 0.638023 0.361977 
 ----> psTTM 120 0 0.647062 0.352938 
 ----> psTTM 121 0 0.676371 0.323629 
 ----> psTTM 122 1 0.62314 0.37686 
 ----> psTTM 123 1 0.630005 0.369995 
 ----> psTTM 124 0 0.630714 0.369286 
 ----> psTTM 125 1 0.662578 0.337422 
 ----> psTTM 126 0 0.658769 0.341231 
 ----> psTTM 127 0 0.675186 0.324814 
 ----> psTTM 128 0 0.654487 0.345513 
 ----> psTTM 129 1 0.637832 0.362168 
 ----> psTTM 130 0 0.621522 0.378478 
 ----> psTTM 131 0 0.656136 0.343864 
 ----> psTTM 132 0 0.687147 0.312853 
 ----> psTTM 133 1 0.667291 0.332709 
 ----> psTTM 134 1 0.644231 0.355769 
 ----> psTTM 135 1 0.663816 0.336184 
 ----> psTTM 136 0 0.683108 0.316892 
 ----> psTTM 137 1 0.674955 0.325045 
 ----> psTTM 138 0 0.653676 0.346324 
 ----> psTTM 139 0 0.706318 0.293682 
 ----> psTTM 140 1 0.634899 0.365101 
 ----> psTTM 141 0 0.623605 0.376395 
 ----> psTTM 142 1 0.626023 0.373977 
 ----> psTTM 143 0 0.686317 0.313683 
 ----> psTTM 144 1 0.672314 0.327686 
 ----> psTTM 145 0 0.679658 0.320342 
 ----> psTTM 146 0 0.635449 0.364551 
 ----> psTTM 147 0 0.656163 0.343837 
 ----> psTTM 148 0 0.649345 0.350655 
 ----> psTTM 149 1 0.65796 0.34204 
 ----> psTTM 150 1 0.630255 0.369745 
 ----> psTTM 151 1 0.643612 0.356388 
 ----> psTTM 152 0 0.670764 0.329236 
 ----> psTTM 153 0 0.62942 0.37058 
 ----> psTTM 154 0 0.666033 0.333967 
 ----> psTTM 155 1 0.66576 0.33424 
 ----> psTTM 156 1 0.633099 0.366901 
 ----> psTTM 157 1 0.646193 0.353807 
 ----> psTTM 158 0 0.660935 0.339065 
 ----> psTTM 159 1 0.673176 0.326824 
 ----> psTTM 160 0 0.689401 0.310599 
 ----> psTTM 161 0 0.665323 0.334677 
 ----> psTTM 162 1 0.682504 0.317496 
 ----> psTTM 163 1 0.647069 0.352931 
 ----> psTTM 164 1 0.638073 0.361927 
 ----> psTTM 165 1 0.641205 0.358795 
 ----> psTTM 166 0 0.686393 0.313607 
 ----> psTTM 167 1 0.604419 0.395581 
 ----> psTTM 168 0 0.70362 0.29638 
 ----> psTTM 169 0 0.654382 0.345618 
 ----> psTTM 170 1 0.668105 0.331895 
 ----> psTTM 171 1 0.628305 0.371695 
 ----> psTTM 172 0 0.670269 0.329731 
 ----> psTTM 173 1 0.634344 0.365656 
 ----> psTTM 174 0 0.637905 0.362095 
 ----> psTTM 175 1 0.604989 0.395011 
 ----> psTTM 176 0 0.659301 0.340699 
 ----> psTTM 177 0 0.634786 0.365214 
 ----> psTTM 178 1 0.666682 0.333318 
 ----> psTTM 179 0 0.671694 0.328306 
 ----> psTTM 180 0 0.698404 0.301596 
 ----> psTTM 181 0 0.644458 0.355542 
 ----> psTTM 182 0 0.693009 0.306991 
 ----> psTTM 183 1 0.565126 0.434874 
 ----> psTTM 184 1 0.646446 0.353554 
 ----> psTTM 185 0 0.650983 0.349017 
 ----> psTTM 186 0 0.674814 0.325186 
 ----> psTTM 187 0 0.696685 0.303315 
 ----> psTTM 188 1 0.627411 0.372589 
 ----> psTTM 189 1 0.648997 0.351003 
 ----> psTTM 190 0 0.675769 0.324231 
 ----> psTTM 191 0 0.653685 0.346315 
 ----> psTTM 192 1 0.640918 0.359082 
 ----> psTTM 193 0 0.62663 0.37337 
 ----> psTTM 194 0 0.635642 0.364358 
 ----> psTTM 195 0 0.650295 0.349705 
 ----> psTTM 196 1 0.638939 0.361061 
 ----> psTTM 197 0 0.657196 0.342804 
 ----> psTTM 198 0 0.653831 0.346169 
 ----> psTTM 199 0 0.664904 0.335096 
 ----> psTTM 200 0 0.674413 0.325587 
 ----> psTTM 201 0 0.707225 0.292775 
 ----> psTTM 202 0 0.664169 0.335831 
 ----> psTTM 203 1 0.643616 0.356384 
 ----> psTTM 204 1 0.630626 0.369374 
 ----> psTTM 205 0 0.659631 0.340369 
 ----> psTTM 206 1 0.687384 0.312616 
 ----> psTTM 207 1 0.681329 0.318671 
 ----> psTTM 208 0 0.700261 0.299739 
 ----> psTTM 209 0 0.667209 0.332791 
 ----> psTTM 210 0 0.676646 0.323354 
 ----> psTTM 211 0 0.647974 0.352026 
 ----> psTTM 212 0 0.673041 0.326959 
 ----> psTTM 213 1 0.625914 0.374086 
 ----> psTTM 214 0 0.655471 0.344529 
 ----> psTTM 215 1 0.638161 0.361839 
 ----> psTTM 216 0 0.662249 0.337751 
 ----> psTTM 217 1 0.616807 0.383193 
 ----> psTTM 218 0 0.683582 0.316418 
 ----> psTTM 219 0 0.678097 0.321903 
 ----> psTTM 220 0 0.65902 0.34098 
 ----> psTTM 221 0 0.66779 0.33221 
 ----> psTTM 222 1 0.653996 0.346004 
 ----> psTTM 223 1 0.648932 0.351068 
 ----> psTTM 224 0 0.684049 0.315951 
 ----> psTTM 225 1 0.610529 0.389471 
 ----> psTTM 226 1 0.667834 0.332166 
 ----> psTTM 227 0 0.669312 0.330688 
 ----> psTTM 228 0 0.697493 0.302507 
 ----> psTTM 229 0 0.690571 0.309429 
 ----> psTTM 230 0 0.672523 0.327477 
 ----> psTTM 231 0 0.676622 0.323378 
 ----> psTTM 232 1 0.658821 0.341179 
 ----> psTTM 233 0 0.676943 0.323057 
 ----> psTTM 234 0 0.650754 0.349246 
 ----> psTTM 235 0 0.689989 0.310011 
 ----> psTTM 236 1 0.618028 0.381972 
 ----> psTTM 237 0 0.665165 0.334835 
 ----> psTTM 238 0 0.664684 0.335316 
 ----> psTTM 239 0 0.683741 0.316259 
 ----> psTTM 240 1 0.677514 0.322486 
 ----> psTTM 241 0 0.707518 0.292482 
 ----> psTTM 242 1 0.661568 0.338432 
 ----> psTTM 243 0 0.746166 0.253834 
 ----> psTTM 244 1 0.631062 0.368938 
 ----> psTTM 245 1 0.672353 0.327647 
 ----> psTTM 246 0 0.68513 0.31487 
 ----> psTTM 247 0 0.675484 0.324516 
 ----> psTTM 248 1 0.663028 0.336972 
 ----> psTTM 249 1 0.675413 0.324587 
 ----> psTTM 250 0 0.692993 0.307007 
 ----> psTTM 251 0 0.681916 0.318084 
 ----> psTTM 252 0 0.634212 0.365788 
 ----> psTTM 253 1 0.670785 0.329215 
 ----> psTTM 254 0 0.658804 0.341196 
 ----> psTTM 255 1 0.640514 0.359486 
 ----> psTTM 256 0 0.678497 0.321503 
 ----> psTTM 257 0 0.665486 0.334514 
 ----> psTTM 258 0 0.68851 0.31149 
 ----> psTTM 259 0 0.653536 0.346464 
 ----> psTTM 260 1 0.68689 0.31311 
 ----> psTTM 261 1 0.649323 0.350677 
 ----> psTTM 262 0 0.711626 0.288374 
 ----> psTTM 263 1 0.64829 0.35171 
 ----> psTTM 264 1 0.66873 0.33127 
 ----> psTTM 265 1 0.665438 0.334562 
 ----> psTTM 266 0 0.664036 0.335964 
 ----> psTTM 267 0 0.665292 0.334708 
 ----> psTTM 268 0 0.69339 0.30661 
 ----> psTTM 269 0 0.702496 0.297504 
 ----> psTTM 270 1 0.659475 0.340525 
 ----> psTTM 271 1 0.639345 0.360655 
 ----> psTTM 272 0 0.712527 0.287473 
 ----> psTTM 273 0 0.665863 0.334137 
 ----> psTTM 274 1 0.623893 0.376107 
 ----> psTTM 275 1 0.66784 0.33216 
 ----> psTTM 276 0 0.653422 0.346578 
 ----> psTTM 277 0 0.675019 0.324981 
 ----> psTTM 278 0 0.65469 0.34531 
 ----> psTTM 279 1 0.661998 0.338002 
 ----> psTTM 280 1 0.629692 0.370308 
 ----> psTTM 281 0 0.674775 0.325225 
 ----> psTTM 282 1 0.662688 0.337312 
 ----> psTTM 283 1 0.63594 0.36406 
 ----> psTTM 284 1 0.628793 0.371207 
 ----> psTTM 285 0 0.685325 0.314675 
 ----> psTTM 286 0 0.654875 0.345125 
 ----> psTTM 287 0 0.662802 0.337198 
 ----> psTTM 288 1 0.660981 0.339019 
 ----> psTTM 289 0 0.692645 0.307355 
 ----> psTTM 290 0 0.641831 0.358169 
 ----> psTTM 291 1 0.600898 0.399102 
 ----> psTTM 292 0 0.661762 0.338238 
 ----> psTTM 293 1 0.636644 0.363356 
 ----> psTTM 294 1 0.644592 0.355408 
 ----> psTTM 295 0 0.651389 0.348611 
 ----> psTTM 296 0 0.694597 0.305403 
 ----> psTTM 297 0 0.66205 0.33795 
 ----> psTTM 298 1 0.663713 0.336287 
 ----> psTTM 299 0 0.642553 0.357447 
 ----> psTTM 300 0 0.695838 0.304162 
 ----> psTTM 301 0 0.686107 0.313893 
 ----> psTTM 302 0 0.665848 0.334152 
 ----> psTTM 303 0 0.639986 0.360014 
 ----> psTTM 304 0 0.65795 0.34205 
 ----> psTTM 305 0 0.68772 0.31228 
 ----> psTTM 306 0 0.658488 0.341512 
 ----> psTTM 307 1 0.646602 0.353398 
 ----> psTTM 308 0 0.668467 0.331533 
 ----> psTTM 309 1 0.62296 0.37704 
 ----> psTTM 310 0 0.672371 0.327629 
 ----> psTTM 311 0 0.734897 0.265103 
 ----> psTTM 312 0 0.672995 0.327005 
 ----> psTTM 313 1 0.647406 0.352594 
 ----> psTTM 314 0 0.652579 0.347421 
 ----> psTTM 315 0 0.671544 0.328456 
 ----> psTTM 316 0 0.707226 0.292774 
 ----> psTTM 317 0 0.63914 0.36086 
 ----> psTTM 318 0 0.68722 0.31278 
 ----> psTTM 319 0 0.671082 0.328918 
 ----> psTTM 320 0 0.686994 0.313006 
 ----> psTTM 321 1 0.666724 0.333276 
 ----> psTTM 322 1 0.654656 0.345344 
 ----> psTTM 323 0 0.646484 0.353516 
 ----> psTTM 324 0 0.679396 0.320604 
 ----> psTTM 325 0 0.67266 0.32734 
 ----> psTTM 326 1 0.649115 0.350885 
 ----> psTTM 327 1 0.687804 0.312196 
 ----> psTTM 328 0 0.646643 0.353357 
 ----> psTTM 329 0 0.669866 0.330134 
 ----> psTTM 330 0 0.725949 0.274051 
 ----> psTTM 331 0 0.69649 0.30351 
 ----> psTTM 332 0 0.631787 0.368213 
 ----> psTTM 333 1 0.613229 0.386771 
 ----> psTTM 334 1 0.673464 0.326536 
 ----> psTTM 335 0 0.67153 0.32847 
 ----> psTTM 336 1 0.670373 0.329627 
 ----> psTTM 337 1 0.652528 0.347472 
 ----> psTTM 338 1 0.648204 0.351796 
 ----> psTTM 339 0 0.674544 0.325456 
 ----> psTTM 340 0 0.703617 0.296383 
 ----> psTTM 341 1 0.677982 0.322018 
 ----> psTTM 342 1 0.672492 0.327508 
 ----> psTTM 343 0 0.681767 0.318233 
 ----> psTTM 344 0 0.696092 0.303908 
 ----> psTTM 345 0 0.660298 0.339702 
 ----> psTTM 346 0 0.659828 0.340172 
 ----> psTTM 347 1 0.660249 0.339751 
 ----> psTTM 348 0 0.650441 0.349559 
 ----> psTTM 349 0 0.663056 0.336944 
 ----> psTTM 350 1 0.685684 0.314316 
 ----> psTTM 351 0 0.679014 0.320986 
 ----> psTTM 352 0 0.670132 0.329868 
 ----> psTTM 353 0 0.682918 0.317082 
 ----> psTTM 354 0 0.691974 0.308026 
 ----> psTTM 355 0 0.640012 0.359988 
 ----> psTTM 356 0 0.681976 0.318024 
 ----> psTTM 357 1 0.651163 0.348837 
 ----> psTTM 358 0 0.727715 0.272285 
 ----> psTTM 359 0 0.681454 0.318546 
 ----> psTTM 360 0 0.708784 0.291216 
 ----> psTTM 361 0 0.657095 0.342905 
 ----> psTTM 362 1 0.682617 0.317383 
 ----> psTTM 363 0 0.687779 0.312221 
 ----> psTTM 364 0 0.66593 0.33407 
 ----> psTTM 365 0 0.6819 0.3181 
 ----> psTTM 366 1 0.636031 0.363969 
 ----> psTTM 367 0 0.647546 0.352454 
 ----> psTTM 368 0 0.678624 0.321376 
 ----> psTTM 369 0 0.680704 0.319296 
 ----> psTTM 370 1 0.636858 0.363142 
 ----> psTTM 371 0 0.703695 0.296305 
 ----> psTTM 372 0 0.654256 0.345744 
 ----> psTTM 373 0 0.698643 0.301357 
 ----> psTTM 374 0 0.6619 0.3381 
 ----> psTTM 375 1 0.611499 0.388501 
 ----> psTTM 376 0 0.684653 0.315347 
 ----> psTTM 377 0 0.706027 0.293973 
 ----> psTTM 378 1 0.637724 0.362276 
 ----> psTTM 379 0 0.66397 0.33603 
 ----> psTTM 380 0 0.677567 0.322433 
 ----> psTTM 381 0 0.677203 0.322797 
 ----> psTTM 382 0 0.68158 0.31842 
 ----> psTTM 383 0 0.671873 0.328127 
 ----> psTTM 384 0 0.647058 0.352942 
 ----> psTTM 385 1 0.66825 0.33175 
 ----> psTTM 386 0 0.670597 0.329403 
 ----> psTTM 387 1 0.640214 0.359786 
 ----> psTTM 388 1 0.680119 0.319881 
 ----> psTTM 389 0 0.686541 0.313459 
 ----> psTTM 390 0 0.677327 0.322673 
 ----> psTTM 391 0 0.673327 0.326673 
 ----> psTTM 392 1 0.702813 0.297187 
 ----> psTTM 393 1 0.671855 0.328145 
 ----> psTTM 394 0 0.653139 0.346861 
 ----> psTTM 395 0 0.696272 0.303728 
 ----> psTTM 396 0 0.657451 0.342549 
 ----> psTTM 397 0 0.690995 0.309005 
 ----> psTTM 398 1 0.630027 0.369973 
 ----> psTTM 399 1 0.683921 0.316079 
 ----> psTTM 400 1 0.644615 0.355385 
 ----> psTTM 401 0 0.668811 0.331189 
 ----> psTTM 402 0 0.71483 0.28517 
 ----> psTTM 403 0 0.664675 0.335325 
 ----> psTTM 404 0 0.655604 0.344396 
 ----> psTTM 405 0 0.681456 0.318544 
 ----> psTTM 406 1 0.645529 0.354471 
 ----> psTTM 407 1 0.679249 0.320751 
 ----> psTTM 408 0 0.686481 0.313519 
 ----> psTTM 409 1 0.645622 0.354378 
 ----> psTTM 410 0 0.655885 0.344115 
 ----> psTTM 411 0 0.701473 0.298527 
 ----> psTTM 412 1 0.628598 0.371402 
 ----> psTTM 413 1 0.655711 0.344289 
 ----> psTTM 414 0 0.656797 0.343203 
 ----> psTTM 415 1 0.663166 0.336834 
 ----> psTTM 416 0 0.645706 0.354294 
 ----> psTTM 417 0 0.702275 0.297725 
 ----> psTTM 418 1 0.629843 0.370157 
 ----> psTTM 419 0 0.644472 0.355528 
 ----> psTTM 420 0 0.691717 0.308283 
 ----> psTTM 421 0 0.664232 0.335768 
 ----> psTTM 422 0 0.661188 0.338812 
 ----> psTTM 423 0 0.67591 0.32409 
 ----> psTTM 424 0 0.668047 0.331953 
 ----> psTTM 425 0 0.624275 0.375725 
 ----> psTTM 426 1 0.650748 0.349252 
 ----> psTTM 427 0 0.677543 0.322457 
 ----> psTTM 428 0 0.648418 0.351582 
 ----> psTTM 429 0 0.649175 0.350825 
 ----> psTTM 430 0 0.628339 0.371661 
 ----> psTTM 431 0 0.635781 0.364219 
 ----> psTTM 432 0 0.664781 0.335219 
 ----> psTTM 433 0 0.730753 0.269247 
 ----> psTTM 434 0 0.629343 0.370657 
 ----> psTTM 435 1 0.692748 0.307252 
 ----> psTTM 436 0 0.688072 0.311928 
 ----> psTTM 437 0 0.685506 0.314494 
 ----> psTTM 438 0 0.647202 0.352798 
 ----> psTTM 439 0 0.695328 0.304672 
 ----> psTTM 440 0 0.64202 0.35798 
 ----> psTTM 441 0 0.649996 0.350004 
 ----> psTTM 442 0 0.69309 0.30691 
 ----> psTTM 443 0 0.653056 0.346944 
 ----> psTTM 444 0 0.709829 0.290171 
 ----> psTTM 445 1 0.667456 0.332544 
 ----> psTTM 446 0 0.673673 0.326327 
 ----> psTTM 447 0 0.699055 0.300945 
 ----> psTTM 448 0 0.655334 0.344666 
 ----> psTTM 449 0 0.719788 0.280212 
 ----> psTTM 450 0 0.657854 0.342146 
 ----> psTTM 451 0 0.663048 0.336952 
 ----> psTTM 452 0 0.665632 0.334368 
 ----> psTTM 453 0 0.704373 0.295627 
 ----> psTTM 454 1 0.652371 0.347629 
 ----> psTTM 455 0 0.664726 0.335274 
 ----> psTTM 456 0 0.688621 0.311379 
 ----> psTTM 457 0 0.673967 0.326033 
 ----> psTTM 458 1 0.662956 0.337044 
 ----> psTTM 459 0 0.673582 0.326418 
 ----> psTTM 460 0 0.693412 0.306588 
 ----> psTTM 461 1 0.693337 0.306663 
 ----> psTTM 462 0 0.68105 0.31895 
 ----> psTTM 463 0 0.698971 0.301029 
 ----> psTTM 464 0 0.655104 0.344896 
 ----> psTTM 465 0 0.672496 0.327504 
 ----> psTTM 466 0 0.669628 0.330372 
 ----> psTTM 467 1 0.647615 0.352385 
 ----> psTTM 468 0 0.692187 0.307813 
 ----> psTTM 469 0 0.689859 0.310141 
 ----> psTTM 470 1 0.630074 0.369926 
 ----> psTTM 471 1 0.70809 0.29191 
 ----> psTTM 472 0 0.675004 0.324996 
 ----> psTTM 473 1 0.687714 0.312286 
 ----> psTTM 474 0 0.691887 0.308113 
 ----> psTTM 475 0 0.66037 0.33963 
 ----> psTTM 476 0 0.711219 0.288781 
 ----> psTTM 477 1 0.653005 0.346995 
 ----> psTTM 478 0 0.742874 0.257126 
 ----> psTTM 479 1 0.649152 0.350848 
 ----> psTTM 480 0 0.688173 0.311827 
 ----> psTTM 481 0 0.652997 0.347003 
 ----> psTTM 482 0 0.693069 0.306931 
 ----> psTTM 483 1 0.646471 0.353529 
 ----> psTTM 484 0 0.68353 0.31647 
 ----> psTTM 485 0 0.709568 0.290432 
 ----> psTTM 486 0 0.677711 0.322289 
 ----> psTTM 487 0 0.686611 0.313389 
 ----> psTTM 488 1 0.645366 0.354634 
 ----> psTTM 489 1 0.636585 0.363415 
 ----> psTTM 490 0 0.729091 0.270909 
 ----> psTTM 491 1 0.67718 0.32282 
 ----> psTTM 492 0 0.696733 0.303267 
 ----> psTTM 493 0 0.666994 0.333006 
 ----> psTTM 494 0 0.677657 0.322343 
 ----> psTTM 495 1 0.689498 0.310502 
 ----> psTTM 496 0 0.680381 0.319619 
 ----> psTTM 497 0 0.699149 0.300851 
 ----> psTTM 498 0 0.672981 0.327019 
 ----> psTTM 499 1 0.643819 0.356181 
 ----> psTTM 500 1 0.64848 0.35152 
 ----> psTTM 501 0 0.673406 0.326594 
 ----> psTTM 502 0 0.673557 0.326443 
 ----> psTTM 503 0 0.672936 0.327064 
 ----> psTTM 504 0 0.660364 0.339636 
 ----> psTTM 505 0 0.6683 0.3317 
 ----> psTTM 506 0 0.70139 0.29861 
 ----> psTTM 507 0 0.674241 0.325759 
 ----> psTTM 508 1 0.680849 0.319151 
 ----> psTTM 509 1 0.663331 0.336669 
 ----> psTTM 510 0 0.709918 0.290082 
 ----> psTTM 511 0 0.675574 0.324426 
 ----> psTTM 512 0 0.692287 0.307713 
 ----> psTTM 513 0 0.662058 0.337942 
 ----> psTTM 514 1 0.677619 0.322381 
 ----> psTTM 515 0 0.633309 0.366691 
 ----> psTTM 516 0 0.718661 0.281339 
 ----> psTTM 517 1 0.672367 0.327633 
 ----> psTTM 518 0 0.705892 0.294108 
 ----> psTTM 519 0 0.656221 0.343779 
 ----> psTTM 520 1 0.669718 0.330282 
 ----> psTTM 521 1 0.63306 0.36694 
 ----> psTTM 522 0 0.674754 0.325246 
 ----> psTTM 523 1 0.657887 0.342113 
 ----> psTTM 524 0 0.684187 0.315813 
 ----> psTTM 525 0 0.683143 0.316857 
 ----> psTTM 526 0 0.713061 0.286939 
 ----> psTTM 527 0 0.672466 0.327534 
 ----> psTTM 528 0 0.669067 0.330933 
 ----> psTTM 529 1 0.674835 0.325165 
 ----> psTTM 530 0 0.677833 0.322167 
 ----> psTTM 531 1 0.632771 0.367229 
 ----> psTTM 532 0 0.651612 0.348388 
 ----> psTTM 533 0 0.633961 0.366039 
 ----> psTTM 534 0 0.677039 0.322961 
 ----> psTTM 535 1 0.658267 0.341733 
 ----> psTTM 536 0 0.6642 0.3358 
 ----> psTTM 537 0 0.648988 0.351012 
 ----> psTTM 538 0 0.705489 0.294511 
 ----> psTTM 539 1 0.638177 0.361823 
 ----> psTTM 540 0 0.701213 0.298787 
 ----> psTTM 541 1 0.625812 0.374188 
 ----> psTTM 542 0 0.660894 0.339106 
 ----> psTTM 543 1 0.645323 0.354677 
 ----> psTTM 544 0 0.667746 0.332254 
 ----> psTTM 545 1 0.657286 0.342714 
 ----> psTTM 546 0 0.696007 0.303993 
 ----> psTTM 547 0 0.685462 0.314538 
 ----> psTTM 548 1 0.682071 0.317929 
 ----> psTTM 549 0 0.675169 0.324831 
 ----> psTTM 550 0 0.704681 0.295319 
 ----> psTTM 551 0 0.675735 0.324265 
 ----> psTTM 552 1 0.670653 0.329347 
 ----> psTTM 553 1 0.644889 0.355111 
 ----> psTTM 554 1 0.661145 0.338855 
 ----> psTTM 555 1 0.663474 0.336526 
 ----> psTTM 556 0 0.643028 0.356972 
 ----> psTTM 557 0 0.698767 0.301233 
 ----> psTTM 558 0 0.688674 0.311326 
 ----> psTTM 559 0 0.673445 0.326555 
 ----> psTTM 560 0 0.659825 0.340175 
 ----> psTTM 561 1 0.649686 0.350314 
 ----> psTTM 562 0 0.635756 0.364244 
 ----> psTTM 563 0 0.662095 0.337905 
 ----> psTTM 564 0 0.680582 0.319418 
 ----> psTTM 565 0 0.615272 0.384728 
 ----> psTTM 566 0 0.668435 0.331565 
 ----> psTTM 567 0 0.656725 0.343275 
 ----> psTTM 568 0 0.69539 0.30461 
 ----> psTTM 569 1 0.641773 0.358227 
 ----> psTTM 570 0 0.655738 0.344262 
 ----> psTTM 571 1 0.648215 0.351785 
 ----> psTTM 572 0 0.696342 0.303658 
 ----> psTTM 573 0 0.655936 0.344064 
 ----> psTTM 574 0 0.692445 0.307555 
 ----> psTTM 575 1 0.606599 0.393401 
 ----> psTTM 576 0 0.695956 0.304044 
 ----> psTTM 577 1 0.649818 0.350182 
 ----> psTTM 578 0 0.686856 0.313144 
 ----> psTTM 579 0 0.703452 0.296548 
 ----> psTTM 580 1 0.677985 0.322015 
 ----> psTTM 581 0 0.697278 0.302722 
 ----> psTTM 582 0 0.707639 0.292361 
 ----> psTTM 583 1 0.640964 0.359036 
 ----> psTTM 584 0 0.70543 0.29457 
 ----> psTTM 585 0 0.638328 0.361672 
 ----> psTTM 586 0 0.677698 0.322302 
 ----> psTTM 587 0 0.666635 0.333365 
 ----> psTTM 588 0 0.668092 0.331908 
 ----> psTTM 589 1 0.610132 0.389868 
 ----> psTTM 590 0 0.666572 0.333428 
 ----> psTTM 591 1 0.665077 0.334923 
 ----> psTTM 592 1 0.630202 0.369798 
 ----> psTTM 593 0 0.65299 0.34701 
 ----> psTTM 594 0 0.685974 0.314026 
 ----> psTTM 595 0 0.661586 0.338414 
 ----> psTTM 596 0 0.646166 0.353834 
 ----> psTTM 597 0 0.676705 0.323295 
 ----> psTTM 598 0 0.664728 0.335272 
 ----> psTTM 599 0 0.678389 0.321611 
 ----> psTTM 600 0 0.647413 0.352587 
 ----> psTTM 601 0 0.648791 0.351209 
 ----> psTTM 602 1 0.62906 0.37094 
 ----> psTTM 603 0 0.69493 0.30507 
 ----> psTTM 604 0 0.696376 0.303624 
 ----> psTTM 605 0 0.656213 0.343787 
 ----> psTTM 606 0 0.697134 0.302866 
 ----> psTTM 607 1 0.640936 0.359064 
 ----> psTTM 608 0 0.690849 0.309151 
 ----> psTTM 609 0 0.670393 0.329607 
 ----> psTTM 610 0 0.721953 0.278047 
 ----> psTTM 611 0 0.655101 0.344899 
 ----> psTTM 612 0 0.705764 0.294236 
 ----> psTTM 613 0 0.686183 0.313817 
 ----> psTTM 614 0 0.682665 0.317335 
 ----> psTTM 615 0 0.640852 0.359148 
 ----> psTTM 616 0 0.72705 0.27295 
 ----> psTTM 617 0 0.675629 0.324371 
 ----> psTTM 618 0 0.701004 0.298996 
 ----> psTTM 619 1 0.633216 0.366784 
 ----> psTTM 620 0 0.691323 0.308677 
 ----> psTTM 621 0 0.667966 0.332034 
 ----> psTTM 622 0 0.676231 0.323769 
 ----> psTTM 623 1 0.67736 0.32264 
 ----> psTTM 624 0 0.681745 0.318255 
 ----> psTTM 625 0 0.680018 0.319982 
 ----> psTTM 626 0 0.666797 0.333203 
 ----> psTTM 627 0 0.69049 0.30951 
 ----> psTTM 628 1 0.649584 0.350416 
 ----> psTTM 629 0 0.672035 0.327965 
 ----> psTTM 630 0 0.685643 0.314357 
 ----> psTTM 631 1 0.663984 0.336016 
 ----> psTTM 632 1 0.673239 0.326761 
 ----> psTTM 633 0 0.681008 0.318992 
 ----> psTTM 634 1 0.68808 0.31192 
 ----> psTTM 635 0 0.679139 0.320861 
 ----> psTTM 636 1 0.674031 0.325969 
 ----> psTTM 637 0 0.651133 0.348867 
 ----> psTTM 638 0 0.663454 0.336546 
 ----> psTTM 639 1 0.658662 0.341338 
 ----> psTTM 640 0 0.698263 0.301737 
 ----> psTTM 641 0 0.67449 0.32551 
 ----> psTTM 642 0 0.65974 0.34026 
 ----> psTTM 643 0 0.68927 0.31073 
 ----> psTTM 644 0 0.66299 0.33701 
 ----> psTTM 645 0 0.661935 0.338065 
 ----> psTTM 646 1 0.682703 0.317297 
 ----> psTTM 647 0 0.686763 0.313237 
 ----> psTTM 648 0 0.661852 0.338148 
 ----> psTTM 649 0 0.693524 0.306476 
 ----> psTTM 650 0 0.652723 0.347277 
 ----> psTTM 651 1 0.653375 0.346625 
 ----> psTTM 652 0 0.697991 0.302009 
 ----> psTTM 653 1 0.673824 0.326176 
 ----> psTTM 654 0 0.67576 0.32424 
 ----> psTTM 655 0 0.683163 0.316837 
 ----> psTTM 656 0 0.702024 0.297976 
 ----> psTTM 657 0 0.744621 0.255379 
 ----> psTTM 658 0 0.703343 0.296657 
 ----> psTTM 659 0 0.66535 0.33465 
 ----> psTTM 660 0 0.696685 0.303315 
 ----> psTTM 661 0 0.681685 0.318315 
 ----> psTTM 662 0 0.678173 0.321827 
 ----> psTTM 663 1 0.654874 0.345126 
 ----> psTTM 664 1 0.654101 0.345899 
 ----> psTTM 665 0 0.674252 0.325748 
 ----> psTTM 666 0 0.688712 0.311288 
 ----> psTTM 667 0 0.657427 0.342573 
 ----> psTTM 668 0 0.727289 0.272711 
 ----> psTTM 669 0 0.669769 0.330231 
 ----> psTTM 670 0 0.704569 0.295431 
 ----> psTTM 671 0 0.657601 0.342399 
 ----> psTTM 672 0 0.670095 0.329905 
 ----> psTTM 673 0 0.687642 0.312358 
 ----> psTTM 674 1 0.67301 0.32699 
 ----> psTTM 675 1 0.657051 0.342949 
 ----> psTTM 676 0 0.664969 0.335031 
 ----> psTTM 677 1 0.677643 0.322357 
 ----> psTTM 678 1 0.659131 0.340869 
 ----> psTTM 679 0 0.726007 0.273993 
 ----> psTTM 680 1 0.651865 0.348135 
 ----> psTTM 681 0 0.711065 0.288935 
 ----> psTTM 682 0 0.666789 0.333211 
 ----> psTTM 683 0 0.63539 0.36461 
 ----> psTTM 684 0 0.715367 0.284633 
 ----> psTTM 685 0 0.678806 0.321194 
 ----> psTTM 686 0 0.620449 0.379551 
 ----> psTTM 687 0 0.672898 0.327102 
 ----> psTTM 688 0 0.672 0.328 
 ----> psTTM 689 0 0.683996 0.316004 
 ----> psTTM 690 1 0.643917 0.356083 
 ----> psTTM 691 0 0.674105 0.325895 
 ----> psTTM 692 0 0.701325 0.298675 
 ----> psTTM 693 1 0.660445 0.339555 
 ----> psTTM 694 0 0.664517 0.335483 
 ----> psTTM 695 0 0.67958 0.32042 
 ----> psTTM 696 0 0.646675 0.353325 
 ----> psTTM 697 0 0.693079 0.306921 
 ----> psTTM 698 1 0.627524 0.372476 
 ----> psTTM 699 0 0.690316 0.309684 
 ----> psTTM 700 1 0.644123 0.355877 
 ----> psTTM 701 0 0.697835 0.302165 
 ----> psTTM 702 0 0.71099 0.28901 
 ----> psTTM 703 0 0.658628 0.341372 
 ----> psTTM 704 0 0.682152 0.317848 
 ----> psTTM 705 0 0.683432 0.316568 
 ----> psTTM 706 0 0.689576 0.310424 
 ----> psTTM 707 0 0.672921 0.327079 
 ----> psTTM 708 0 0.667415 0.332585 
 ----> psTTM 709 0 0.664367 0.335633 
 ----> psTTM 710 0 0.680093 0.319907 
 ----> psTTM 711 0 0.674605 0.325395 
 ----> psTTM 712 0 0.681323 0.318677 
 ----> psTTM 713 1 0.677276 0.322724 
 ----> psTTM 714 1 0.698034 0.301966 
 ----> psTTM 715 1 0.682244 0.317756 
 ----> psTTM 716 1 0.669572 0.330428 
 ----> psTTM 717 0 0.711338 0.288662 
 ----> psTTM 718 0 0.652801 0.347199 
