 ----> psTTM 1 1 0.720566 0.279434 
 ----> psTTM 2 0 0.677011 0.322989 
 ----> psTTM 3 1 0.694028 0.305972 
 ----> psTTM 4 1 0.654234 0.345766 
 ----> psTTM 5 1 0.669745 0.330255 
 ----> psTTM 6 1 0.646642 0.353358 
 ----> psTTM 7 0 0.678806 0.321194 
 ----> psTTM 8 0 0.683551 0.316449 
 ----> psTTM 9 0 0.66732 0.33268 
 ----> psTTM 10 1 0.662217 0.337783 
 ----> psTTM 11 1 0.620362 0.379638 
 ----> psTTM 12 0 0.676319 0.323681 
 ----> psTTM 13 0 0.64828 0.35172 
 ----> psTTM 14 1 0.642421 0.357579 
 ----> psTTM 15 1 0.676065 0.323935 
 ----> psTTM 16 1 0.659612 0.340388 
 ----> psTTM 17 1 0.639893 0.360107 
 ----> psTTM 18 0 0.679171 0.320829 
 ----> psTTM 19 0 0.671862 0.328138 
 ----> psTTM 20 0 0.638692 0.361308 
 ----> psTTM 21 1 0.662748 0.337252 
 ----> psTTM 22 0 0.641835 0.358165 
 ----> psTTM 23 0 0.666554 0.333446 
 ----> psTTM 24 0 0.681054 0.318946 
 ----> psTTM 25 0 0.654234 0.345766 
 ----> psTTM 26 1 0.638985 0.361015 
 ----> psTTM 27 1 0.639051 0.360949 
 ----> psTTM 28 1 0.68267 0.31733 
 ----> psTTM 29 0 0.642526 0.357474 
 ----> psTTM 30 0 0.642748 0.357252 
 ----> psTTM 31 0 0.627346 0.372654 
 ----> psTTM 32 0 0.668083 0.331917 
 ----> psTTM 33 0 0.627595 0.372405 
 ----> psTTM 34 0 0.659231 0.340769 
 ----> psTTM 35 1 0.659663 0.340337 
 ----> psTTM 36 0 0.672747 0.327253 
 ----> psTTM 37 0 0.66663 0.33337 
 ----> psTTM 38 0 0.664588 0.335412 
 ----> psTTM 39 0 0.662674 0.337326 
 ----> psTTM 40 1 0.642081 0.357919 
 ----> psTTM 41 1 0.606079 0.393921 
 ----> psTTM 42 1 0.593798 0.406202 
 ----> psTTM 43 0 0.648055 0.351945 
 ----> psTTM 44 1 0.634589 0.365411 
 ----> psTTM 45 1 0.633321 0.366679 
 ----> psTTM 46 0 0.657899 0.342101 
 ----> psTTM 47 1 0.643191 0.356809 
 ----> psTTM 48 1 0.611031 0.388969 
 ----> psTTM 49 1 0.670909 0.329091 
 ----> psTTM 50 1 0.656428 0.343572 
 ----> psTTM 51 0 0.677858 0.322142 
 ----> psTTM 52 1 0.651308 0.348692 
 ----> psTTM 53 0 0.646308 0.353692 
 ----> psTTM 54 0 0.628361 0.371639 
 ----> psTTM 55 0 0.642562 0.357438 
 ----> psTTM 56 1 0.589659 0.410341 
 ----> psTTM 57 1 0.666428 0.333572 
 ----> psTTM 58 0 0.663793 0.336207 
 ----> psTTM 59 1 0.638455 0.361545 
 ----> psTTM 60 0 0.678942 0.321058 
 ----> psTTM 61 0 0.680328 0.319672 
 ----> psTTM 62 0 0.688291 0.311709 
 ----> psTTM 63 1 0.653622 0.346378 
 ----> psTTM 64 1 0.630313 0.369687 
 ----> psTTM 65 0 0.663029 0.336971 
 ----> psTTM 66 0 0.644755 0.355245 
 ----> psTTM 67 1 0.638121 0.361879 
 ----> psTTM 68 1 0.680003 0.319997 
 ----> psTTM 69 0 0.658931 0.341069 
 ----> psTTM 70 0 0.667426 0.332574 
 ----> psTTM 71 1 0.686846 0.313154 
 ----> psTTM 72 1 0.658695 0.341305 
 ----> psTTM 73 0 0.653397 0.346603 
 ----> psTTM 74 0 0.688985 0.311015 
 ----> psTTM 75 0 0.680464 0.319536 
 ----> psTTM 76 1 0.633234 0.366766 
 ----> psTTM 77 0 0.652204 0.347796 
 ----> psTTM 78 1 0.648467 0.351533 
 ----> psTTM 79 0 0.688256 0.311744 
 ----> psTTM 80 1 0.616067 0.383933 
 ----> psTTM 81 1 0.610646 0.389354 
 ----> psTTM 82 1 0.646749 0.353251 
 ----> psTTM 83 1 0.611908 0.388092 
 ----> psTTM 84 1 0.639581 0.360419 
 ----> psTTM 85 0 0.633422 0.366578 
 ----> psTTM 86 0 0.634084 0.365916 
 ----> psTTM 87 1 0.593424 0.406576 
 ----> psTTM 88 1 0.626244 0.373756 
 ----> psTTM 89 1 0.628355 0.371645 
 ----> psTTM 90 1 0.607717 0.392283 
 ----> psTTM 91 1 0.621576 0.378424 
 ----> psTTM 92 0 0.658979 0.341021 
 ----> psTTM 93 0 0.653241 0.346759 
 ----> psTTM 94 1 0.646065 0.353935 
 ----> psTTM 95 0 0.647394 0.352606 
 ----> psTTM 96 0 0.67353 0.32647 
 ----> psTTM 97 1 0.642672 0.357328 
 ----> psTTM 98 1 0.592291 0.407709 
 ----> psTTM 99 1 0.638079 0.361921 
 ----> psTTM 100 0 0.678356 0.321644 
 ----> psTTM 101 1 0.656127 0.343873 
 ----> psTTM 102 0 0.679672 0.320328 
 ----> psTTM 103 0 0.671976 0.328024 
 ----> psTTM 104 0 0.672137 0.327863 
 ----> psTTM 105 1 0.627698 0.372302 
 ----> psTTM 106 0 0.623146 0.376854 
 ----> psTTM 107 0 0.675274 0.324726 
 ----> psTTM 108 0 0.706952 0.293048 
 ----> psTTM 109 0 0.69292 0.30708 
 ----> psTTM 110 1 0.566252 0.433748 
 ----> psTTM 111 0 0.700025 0.299975 
 ----> psTTM 112 0 0.652646 0.347354 
 ----> psTTM 113 1 0.617793 0.382207 
 ----> psTTM 114 1 0.609192 0.390808 
 ----> psTTM 115 0 0.679113 0.320887 
 ----> psTTM 116 0 0.633853 0.366147 
 ----> psTTM 117 1 0.682405 0.317595 
 ----> psTTM 118 1 0.599823 0.400177 
 ----> psTTM 119 1 0.630941 0.369059 
 ----> psTTM 120 0 0.672042 0.327958 
 ----> psTTM 121 0 0.700228 0.299772 
 ----> psTTM 122 1 0.514676 0.485324 
 ----> psTTM 123 1 0.556231 0.443769 
 ----> psTTM 124 0 0.654555 0.345445 
 ----> psTTM 125 1 0.603598 0.396402 
 ----> psTTM 126 0 0.665697 0.334303 
 ----> psTTM 127 0 0.652917 0.347083 
 ----> psTTM 128 0 0.663878 0.336122 
 ----> psTTM 129 1 0.583006 0.416994 
 ----> psTTM 130 0 0.67402 0.32598 
 ----> psTTM 131 0 0.6459 0.3541 
 ----> psTTM 132 0 0.638925 0.361075 
 ----> psTTM 133 1 0.625911 0.374089 
 ----> psTTM 134 1 0.666784 0.333216 
 ----> psTTM 135 1 0.661931 0.338069 
 ----> psTTM 136 0 0.735093 0.264907 
 ----> psTTM 137 1 0.631073 0.368927 
 ----> psTTM 138 0 0.656911 0.343089 
 ----> psTTM 139 0 0.668915 0.331085 
 ----> psTTM 140 1 0.620638 0.379362 
 ----> psTTM 141 0 0.664328 0.335672 
 ----> psTTM 142 1 0.660245 0.339755 
 ----> psTTM 143 0 0.672897 0.327103 
 ----> psTTM 144 1 0.678532 0.321468 
 ----> psTTM 145 0 0.661732 0.338268 
 ----> psTTM 146 0 0.690302 0.309698 
 ----> psTTM 147 0 0.696617 0.303383 
 ----> psTTM 148 0 0.68919 0.31081 
 ----> psTTM 149 1 0.636246 0.363754 
 ----> psTTM 150 1 0.6673 0.3327 
 ----> psTTM 151 1 0.620817 0.379183 
 ----> psTTM 152 0 0.635885 0.364115 
 ----> psTTM 153 0 0.696829 0.303171 
 ----> psTTM 154 0 0.702658 0.297342 
 ----> psTTM 155 1 0.683801 0.316199 
 ----> psTTM 156 1 0.620705 0.379295 
 ----> psTTM 157 1 0.632374 0.367626 
 ----> psTTM 158 0 0.686483 0.313517 
 ----> psTTM 159 1 0.624314 0.375686 
 ----> psTTM 160 0 0.650764 0.349236 
 ----> psTTM 161 0 0.646548 0.353452 
 ----> psTTM 162 1 0.619151 0.380849 
 ----> psTTM 163 1 0.642102 0.357898 
 ----> psTTM 164 1 0.626975 0.373025 
 ----> psTTM 165 1 0.620606 0.379394 
 ----> psTTM 166 0 0.682293 0.317707 
 ----> psTTM 167 1 0.634161 0.365839 
 ----> psTTM 168 0 0.691198 0.308802 
 ----> psTTM 169 0 0.649599 0.350401 
 ----> psTTM 170 1 0.6744 0.3256 
 ----> psTTM 171 1 0.659174 0.340826 
 ----> psTTM 172 0 0.72154 0.27846 
 ----> psTTM 173 1 0.623048 0.376952 
 ----> psTTM 174 0 0.697148 0.302852 
 ----> psTTM 175 1 0.625561 0.374439 
 ----> psTTM 176 0 0.676085 0.323915 
 ----> psTTM 177 0 0.679891 0.320109 
 ----> psTTM 178 1 0.65049 0.34951 
 ----> psTTM 179 0 0.686884 0.313116 
 ----> psTTM 180 0 0.709059 0.290941 
 ----> psTTM 181 0 0.673033 0.326967 
 ----> psTTM 182 0 0.712576 0.287424 
 ----> psTTM 183 1 0.586508 0.413492 
 ----> psTTM 184 1 0.659561 0.340439 
 ----> psTTM 185 0 0.616296 0.383704 
 ----> psTTM 186 0 0.684844 0.315156 
 ----> psTTM 187 0 0.651326 0.348674 
 ----> psTTM 188 1 0.669579 0.330421 
 ----> psTTM 189 1 0.621453 0.378547 
 ----> psTTM 190 0 0.632721 0.367279 
 ----> psTTM 191 0 0.676005 0.323995 
 ----> psTTM 192 1 0.651747 0.348253 
 ----> psTTM 193 0 0.676092 0.323908 
 ----> psTTM 194 0 0.712608 0.287392 
 ----> psTTM 195 0 0.660351 0.339649 
 ----> psTTM 196 1 0.64976 0.35024 
 ----> psTTM 197 0 0.669885 0.330115 
 ----> psTTM 198 0 0.642061 0.357939 
 ----> psTTM 199 0 0.64731 0.35269 
 ----> psTTM 200 0 0.661912 0.338088 
 ----> psTTM 201 0 0.66521 0.33479 
 ----> psTTM 202 0 0.648979 0.351021 
 ----> psTTM 203 1 0.638712 0.361288 
 ----> psTTM 204 1 0.60383 0.39617 
 ----> psTTM 205 0 0.691915 0.308085 
 ----> psTTM 206 1 0.657702 0.342298 
 ----> psTTM 207 1 0.646998 0.353002 
 ----> psTTM 208 0 0.665253 0.334747 
 ----> psTTM 209 0 0.681117 0.318883 
 ----> psTTM 210 0 0.679372 0.320628 
 ----> psTTM 211 0 0.650961 0.349039 
 ----> psTTM 212 0 0.673309 0.326691 
 ----> psTTM 213 1 0.601665 0.398335 
 ----> psTTM 214 0 0.692144 0.307856 
 ----> psTTM 215 1 0.660071 0.339929 
 ----> psTTM 216 0 0.657777 0.342223 
 ----> psTTM 217 1 0.685468 0.314532 
 ----> psTTM 218 0 0.673109 0.326891 
 ----> psTTM 219 0 0.649049 0.350951 
 ----> psTTM 220 0 0.703976 0.296024 
 ----> psTTM 221 0 0.669031 0.330969 
 ----> psTTM 222 1 0.664241 0.335759 
 ----> psTTM 223 1 0.684559 0.315441 
 ----> psTTM 224 0 0.675457 0.324543 
 ----> psTTM 225 1 0.659446 0.340554 
 ----> psTTM 226 1 0.680157 0.319843 
 ----> psTTM 227 0 0.659165 0.340835 
 ----> psTTM 228 0 0.655801 0.344199 
 ----> psTTM 229 0 0.702576 0.297424 
 ----> psTTM 230 0 0.607973 0.392027 
 ----> psTTM 231 0 0.656029 0.343971 
 ----> psTTM 232 1 0.688092 0.311908 
 ----> psTTM 233 0 0.68305 0.31695 
 ----> psTTM 234 0 0.658941 0.341059 
 ----> psTTM 235 0 0.692298 0.307702 
 ----> psTTM 236 1 0.666354 0.333646 
 ----> psTTM 237 0 0.677808 0.322192 
 ----> psTTM 238 0 0.71527 0.28473 
 ----> psTTM 239 0 0.676047 0.323953 
 ----> psTTM 240 1 0.676626 0.323374 
 ----> psTTM 241 0 0.703752 0.296248 
 ----> psTTM 242 1 0.678542 0.321458 
 ----> psTTM 243 0 0.680654 0.319346 
 ----> psTTM 244 1 0.66699 0.33301 
 ----> psTTM 245 1 0.670326 0.329674 
 ----> psTTM 246 0 0.665008 0.334992 
 ----> psTTM 247 0 0.674983 0.325017 
 ----> psTTM 248 1 0.649073 0.350927 
 ----> psTTM 249 1 0.656988 0.343012 
 ----> psTTM 250 0 0.695746 0.304254 
 ----> psTTM 251 0 0.657563 0.342437 
 ----> psTTM 252 0 0.699679 0.300321 
 ----> psTTM 253 1 0.65152 0.34848 
 ----> psTTM 254 0 0.686693 0.313307 
 ----> psTTM 255 1 0.652424 0.347576 
 ----> psTTM 256 0 0.673421 0.326579 
 ----> psTTM 257 0 0.660923 0.339077 
 ----> psTTM 258 0 0.683292 0.316708 
 ----> psTTM 259 0 0.66927 0.33073 
 ----> psTTM 260 1 0.652655 0.347345 
 ----> psTTM 261 1 0.66912 0.33088 
 ----> psTTM 262 0 0.672255 0.327745 
 ----> psTTM 263 1 0.642449 0.357551 
 ----> psTTM 264 1 0.642481 0.357519 
 ----> psTTM 265 1 0.64989 0.35011 
 ----> psTTM 266 0 0.724219 0.275781 
 ----> psTTM 267 0 0.697423 0.302577 
 ----> psTTM 268 0 0.65942 0.34058 
 ----> psTTM 269 0 0.673229 0.326771 
 ----> psTTM 270 1 0.671835 0.328165 
 ----> psTTM 271 1 0.677131 0.322869 
 ----> psTTM 272 0 0.684162 0.315838 
 ----> psTTM 273 0 0.65484 0.34516 
 ----> psTTM 274 1 0.633536 0.366464 
 ----> psTTM 275 1 0.633802 0.366198 
 ----> psTTM 276 0 0.668016 0.331984 
 ----> psTTM 277 0 0.675132 0.324868 
 ----> psTTM 278 0 0.664952 0.335048 
 ----> psTTM 279 1 0.658571 0.341429 
 ----> psTTM 280 1 0.643765 0.356235 
 ----> psTTM 281 0 0.692961 0.307039 
 ----> psTTM 282 1 0.644019 0.355981 
 ----> psTTM 283 1 0.650494 0.349506 
 ----> psTTM 284 1 0.656341 0.343659 
 ----> psTTM 285 0 0.67972 0.32028 
 ----> psTTM 286 0 0.686277 0.313723 
 ----> psTTM 287 0 0.689643 0.310357 
 ----> psTTM 288 1 0.683758 0.316242 
 ----> psTTM 289 0 0.728311 0.271689 
 ----> psTTM 290 0 0.681149 0.318851 
 ----> psTTM 291 1 0.615696 0.384304 
 ----> psTTM 292 0 0.668738 0.331262 
 ----> psTTM 293 1 0.653616 0.346384 
 ----> psTTM 294 1 0.668663 0.331337 
 ----> psTTM 295 0 0.667262 0.332738 
 ----> psTTM 296 0 0.679238 0.320762 
 ----> psTTM 297 0 0.701306 0.298694 
 ----> psTTM 298 1 0.671072 0.328928 
 ----> psTTM 299 0 0.64143 0.35857 
 ----> psTTM 300 0 0.674411 0.325589 
 ----> psTTM 301 0 0.64904 0.35096 
 ----> psTTM 302 0 0.627916 0.372084 
 ----> psTTM 303 0 0.619249 0.380751 
 ----> psTTM 304 0 0.664891 0.335109 
 ----> psTTM 305 0 0.657665 0.342335 
 ----> psTTM 306 0 0.659435 0.340565 
 ----> psTTM 307 1 0.665314 0.334686 
 ----> psTTM 308 0 0.672115 0.327885 
 ----> psTTM 309 1 0.644998 0.355002 
 ----> psTTM 310 0 0.685863 0.314137 
 ----> psTTM 311 0 0.674738 0.325262 
 ----> psTTM 312 0 0.693614 0.306386 
 ----> psTTM 313 1 0.565544 0.434456 
 ----> psTTM 314 0 0.66707 0.33293 
 ----> psTTM 315 0 0.690171 0.309829 
 ----> psTTM 316 0 0.673667 0.326333 
 ----> psTTM 317 0 0.634594 0.365406 
 ----> psTTM 318 0 0.683741 0.316259 
 ----> psTTM 319 0 0.664069 0.335931 
 ----> psTTM 320 0 0.677758 0.322242 
 ----> psTTM 321 1 0.637849 0.362151 
 ----> psTTM 322 1 0.634543 0.365457 
 ----> psTTM 323 0 0.672387 0.327613 
 ----> psTTM 324 0 0.68109 0.31891 
 ----> psTTM 325 0 0.65476 0.34524 
 ----> psTTM 326 1 0.64779 0.35221 
 ----> psTTM 327 1 0.656858 0.343142 
 ----> psTTM 328 0 0.692159 0.307841 
 ----> psTTM 329 0 0.675192 0.324808 
 ----> psTTM 330 0 0.652262 0.347738 
 ----> psTTM 331 0 0.688842 0.311158 
 ----> psTTM 332 0 0.674719 0.325281 
 ----> psTTM 333 1 0.648888 0.351112 
 ----> psTTM 334 1 0.633563 0.366437 
 ----> psTTM 335 0 0.683575 0.316425 
 ----> psTTM 336 1 0.622098 0.377902 
 ----> psTTM 337 1 0.679867 0.320133 
 ----> psTTM 338 1 0.666158 0.333842 
 ----> psTTM 339 0 0.671056 0.328944 
 ----> psTTM 340 0 0.644584 0.355416 
 ----> psTTM 341 1 0.660106 0.339894 
 ----> psTTM 342 1 0.652487 0.347513 
 ----> psTTM 343 0 0.698585 0.301415 
 ----> psTTM 344 0 0.648942 0.351058 
 ----> psTTM 345 0 0.697505 0.302495 
 ----> psTTM 346 0 0.691062 0.308938 
 ----> psTTM 347 1 0.670079 0.329921 
 ----> psTTM 348 0 0.698341 0.301659 
 ----> psTTM 349 0 0.660446 0.339554 
 ----> psTTM 350 1 0.662864 0.337136 
 ----> psTTM 351 0 0.708225 0.291775 
 ----> psTTM 352 0 0.68279 0.31721 
 ----> psTTM 353 0 0.674861 0.325139 
 ----> psTTM 354 0 0.68141 0.31859 
 ----> psTTM 355 0 0.675048 0.324952 
 ----> psTTM 356 0 0.685491 0.314509 
 ----> psTTM 357 1 0.635494 0.364506 
 ----> psTTM 358 0 0.707584 0.292416 
 ----> psTTM 359 0 0.674593 0.325407 
 ----> psTTM 360 0 0.702698 0.297302 
 ----> psTTM 361 0 0.718679 0.281321 
 ----> psTTM 362 1 0.595883 0.404117 
 ----> psTTM 363 0 0.705959 0.294041 
 ----> psTTM 364 0 0.648677 0.351323 
 ----> psTTM 365 0 0.690498 0.309502 
 ----> psTTM 366 1 0.660803 0.339197 
 ----> psTTM 367 0 0.69547 0.30453 
 ----> psTTM 368 0 0.689483 0.310517 
 ----> psTTM 369 0 0.673785 0.326215 
 ----> psTTM 370 1 0.616538 0.383462 
 ----> psTTM 371 0 0.676205 0.323795 
 ----> psTTM 372 0 0.663336 0.336664 
 ----> psTTM 373 0 0.689754 0.310246 
 ----> psTTM 374 0 0.658765 0.341235 
 ----> psTTM 375 1 0.616369 0.383631 
 ----> psTTM 376 0 0.598669 0.401331 
 ----> psTTM 377 0 0.661306 0.338694 
 ----> psTTM 378 1 0.646814 0.353186 
 ----> psTTM 379 0 0.657907 0.342093 
 ----> psTTM 380 0 0.648619 0.351381 
 ----> psTTM 381 0 0.666783 0.333217 
 ----> psTTM 382 0 0.709535 0.290465 
 ----> psTTM 383 0 0.654994 0.345006 
 ----> psTTM 384 0 0.645192 0.354808 
 ----> psTTM 385 1 0.649056 0.350944 
 ----> psTTM 386 0 0.693925 0.306075 
 ----> psTTM 387 1 0.656015 0.343985 
 ----> psTTM 388 1 0.649682 0.350318 
 ----> psTTM 389 0 0.666814 0.333186 
 ----> psTTM 390 0 0.689216 0.310784 
 ----> psTTM 391 0 0.681697 0.318303 
 ----> psTTM 392 1 0.667134 0.332866 
 ----> psTTM 393 1 0.65373 0.34627 
 ----> psTTM 394 0 0.647099 0.352901 
 ----> psTTM 395 0 0.661953 0.338047 
 ----> psTTM 396 0 0.675097 0.324903 
 ----> psTTM 397 0 0.706692 0.293308 
 ----> psTTM 398 1 0.633365 0.366635 
 ----> psTTM 399 1 0.661548 0.338452 
 ----> psTTM 400 1 0.634166 0.365834 
 ----> psTTM 401 0 0.662682 0.337318 
 ----> psTTM 402 0 0.687707 0.312293 
 ----> psTTM 403 0 0.697465 0.302535 
 ----> psTTM 404 0 0.657854 0.342146 
 ----> psTTM 405 0 0.701529 0.298471 
 ----> psTTM 406 1 0.655284 0.344716 
 ----> psTTM 407 1 0.660391 0.339609 
 ----> psTTM 408 0 0.693699 0.306301 
 ----> psTTM 409 1 0.676236 0.323764 
 ----> psTTM 410 0 0.705912 0.294088 
 ----> psTTM 411 0 0.710328 0.289672 
 ----> psTTM 412 1 0.597232 0.402768 
 ----> psTTM 413 1 0.590214 0.409786 
 ----> psTTM 414 0 0.722488 0.277512 
 ----> psTTM 415 1 0.631463 0.368537 
 ----> psTTM 416 0 0.641064 0.358936 
 ----> psTTM 417 0 0.661097 0.338903 
 ----> psTTM 418 1 0.635917 0.364083 
 ----> psTTM 419 0 0.705634 0.294366 
 ----> psTTM 420 0 0.668952 0.331048 
 ----> psTTM 421 0 0.677382 0.322618 
 ----> psTTM 422 0 0.655115 0.344885 
 ----> psTTM 423 0 0.700066 0.299934 
 ----> psTTM 424 0 0.695331 0.304669 
 ----> psTTM 425 0 0.654054 0.345946 
 ----> psTTM 426 1 0.665627 0.334373 
 ----> psTTM 427 0 0.663218 0.336782 
 ----> psTTM 428 0 0.656458 0.343542 
 ----> psTTM 429 0 0.717452 0.282548 
 ----> psTTM 430 0 0.635136 0.364864 
 ----> psTTM 431 0 0.66978 0.33022 
 ----> psTTM 432 0 0.662935 0.337065 
 ----> psTTM 433 0 0.686973 0.313027 
 ----> psTTM 434 0 0.672883 0.327117 
 ----> psTTM 435 1 0.64656 0.35344 
 ----> psTTM 436 0 0.649159 0.350841 
 ----> psTTM 437 0 0.677615 0.322385 
 ----> psTTM 438 0 0.632834 0.367166 
 ----> psTTM 439 0 0.654573 0.345427 
 ----> psTTM 440 0 0.677679 0.322321 
 ----> psTTM 441 0 0.673742 0.326258 
 ----> psTTM 442 0 0.665569 0.334431 
 ----> psTTM 443 0 0.659162 0.340838 
 ----> psTTM 444 0 0.665865 0.334135 
 ----> psTTM 445 1 0.644125 0.355875 
 ----> psTTM 446 0 0.672999 0.327001 
 ----> psTTM 447 0 0.663763 0.336237 
 ----> psTTM 448 0 0.651653 0.348347 
 ----> psTTM 449 0 0.67536 0.32464 
 ----> psTTM 450 0 0.641796 0.358204 
 ----> psTTM 451 0 0.678307 0.321693 
 ----> psTTM 452 0 0.674502 0.325498 
 ----> psTTM 453 0 0.684691 0.315309 
 ----> psTTM 454 1 0.661672 0.338328 
 ----> psTTM 455 0 0.658807 0.341193 
 ----> psTTM 456 0 0.673174 0.326826 
 ----> psTTM 457 0 0.676191 0.323809 
 ----> psTTM 458 1 0.661337 0.338663 
 ----> psTTM 459 0 0.666003 0.333997 
 ----> psTTM 460 0 0.673053 0.326947 
 ----> psTTM 461 1 0.661771 0.338229 
 ----> psTTM 462 0 0.701923 0.298077 
 ----> psTTM 463 0 0.685024 0.314976 
 ----> psTTM 464 0 0.66571 0.33429 
 ----> psTTM 465 0 0.698522 0.301478 
 ----> psTTM 466 0 0.674068 0.325932 
 ----> psTTM 467 1 0.651093 0.348907 
 ----> psTTM 468 0 0.712696 0.287304 
 ----> psTTM 469 0 0.674776 0.325224 
 ----> psTTM 470 1 0.654129 0.345871 
 ----> psTTM 471 1 0.696711 0.303289 
 ----> psTTM 472 0 0.695608 0.304392 
 ----> psTTM 473 1 0.657145 0.342855 
 ----> psTTM 474 0 0.695157 0.304843 
 ----> psTTM 475 0 0.650775 0.349225 
 ----> psTTM 476 0 0.704942 0.295058 
 ----> psTTM 477 1 0.674908 0.325092 
 ----> psTTM 478 0 0.687532 0.312468 
 ----> psTTM 479 1 0.674753 0.325247 
 ----> psTTM 480 0 0.675264 0.324736 
 ----> psTTM 481 0 0.703436 0.296564 
 ----> psTTM 482 0 0.683836 0.316164 
 ----> psTTM 483 1 0.652967 0.347033 
 ----> psTTM 484 0 0.694668 0.305332 
 ----> psTTM 485 0 0.691412 0.308588 
 ----> psTTM 486 0 0.666596 0.333404 
 ----> psTTM 487 0 0.663026 0.336974 
 ----> psTTM 488 1 0.661654 0.338346 
 ----> psTTM 489 1 0.662165 0.337835 
 ----> psTTM 490 0 0.69508 0.30492 
 ----> psTTM 491 1 0.674112 0.325888 
 ----> psTTM 492 0 0.666519 0.333481 
 ----> psTTM 493 0 0.69416 0.30584 
 ----> psTTM 494 0 0.678693 0.321307 
 ----> psTTM 495 1 0.679381 0.320619 
 ----> psTTM 496 0 0.661902 0.338098 
 ----> psTTM 497 0 0.693617 0.306383 
 ----> psTTM 498 0 0.665455 0.334545 
 ----> psTTM 499 1 0.655904 0.344096 
 ----> psTTM 500 1 0.662123 0.337877 
 ----> psTTM 501 0 0.682873 0.317127 
 ----> psTTM 502 0 0.678196 0.321804 
 ----> psTTM 503 0 0.670175 0.329825 
 ----> psTTM 504 0 0.694194 0.305806 
 ----> psTTM 505 0 0.694363 0.305637 
 ----> psTTM 506 0 0.691415 0.308585 
 ----> psTTM 507 0 0.684173 0.315827 
 ----> psTTM 508 1 0.669084 0.330916 
 ----> psTTM 509 1 0.67214 0.32786 
 ----> psTTM 510 0 0.677183 0.322817 
 ----> psTTM 511 0 0.657418 0.342582 
 ----> psTTM 512 0 0.668492 0.331508 
 ----> psTTM 513 0 0.689316 0.310684 
 ----> psTTM 514 1 0.683498 0.316502 
 ----> psTTM 515 0 0.654967 0.345033 
 ----> psTTM 516 0 0.689829 0.310171 
 ----> psTTM 517 1 0.668342 0.331658 
 ----> psTTM 518 0 0.717303 0.282697 
 ----> psTTM 519 0 0.67915 0.32085 
 ----> psTTM 520 1 0.669709 0.330291 
 ----> psTTM 521 1 0.648282 0.351718 
 ----> psTTM 522 0 0.677606 0.322394 
 ----> psTTM 523 1 0.648894 0.351106 
 ----> psTTM 524 0 0.678276 0.321724 
 ----> psTTM 525 0 0.668039 0.331961 
 ----> psTTM 526 0 0.662139 0.337861 
 ----> psTTM 527 0 0.675097 0.324903 
 ----> psTTM 528 0 0.693494 0.306506 
 ----> psTTM 529 1 0.636485 0.363515 
 ----> psTTM 530 0 0.648543 0.351457 
 ----> psTTM 531 1 0.644068 0.355932 
 ----> psTTM 532 0 0.678821 0.321179 
 ----> psTTM 533 0 0.657238 0.342762 
 ----> psTTM 534 0 0.682728 0.317272 
 ----> psTTM 535 1 0.655025 0.344975 
 ----> psTTM 536 0 0.681293 0.318707 
 ----> psTTM 537 0 0.682896 0.317104 
 ----> psTTM 538 0 0.700493 0.299507 
 ----> psTTM 539 1 0.650257 0.349743 
 ----> psTTM 540 0 0.67137 0.32863 
 ----> psTTM 541 1 0.652051 0.347949 
 ----> psTTM 542 0 0.623635 0.376365 
 ----> psTTM 543 1 0.649472 0.350528 
 ----> psTTM 544 0 0.695407 0.304593 
 ----> psTTM 545 1 0.667802 0.332198 
 ----> psTTM 546 0 0.676421 0.323579 
 ----> psTTM 547 0 0.688433 0.311567 
 ----> psTTM 548 1 0.666005 0.333995 
 ----> psTTM 549 0 0.658524 0.341476 
 ----> psTTM 550 0 0.65635 0.34365 
 ----> psTTM 551 0 0.663917 0.336083 
 ----> psTTM 552 1 0.612934 0.387066 
 ----> psTTM 553 1 0.673149 0.326851 
 ----> psTTM 554 1 0.651504 0.348496 
 ----> psTTM 555 1 0.655818 0.344182 
 ----> psTTM 556 0 0.647213 0.352787 
 ----> psTTM 557 0 0.661704 0.338296 
 ----> psTTM 558 0 0.677779 0.322221 
 ----> psTTM 559 0 0.665409 0.334591 
 ----> psTTM 560 0 0.655646 0.344354 
 ----> psTTM 561 1 0.631462 0.368538 
 ----> psTTM 562 0 0.650247 0.349753 
 ----> psTTM 563 0 0.679725 0.320275 
 ----> psTTM 564 0 0.683493 0.316507 
 ----> psTTM 565 0 0.681581 0.318419 
 ----> psTTM 566 0 0.687072 0.312928 
 ----> psTTM 567 0 0.660469 0.339531 
 ----> psTTM 568 0 0.692522 0.307478 
 ----> psTTM 569 1 0.640862 0.359138 
 ----> psTTM 570 0 0.721864 0.278136 
 ----> psTTM 571 1 0.630496 0.369504 
 ----> psTTM 572 0 0.661904 0.338096 
 ----> psTTM 573 0 0.681235 0.318765 
 ----> psTTM 574 0 0.655704 0.344296 
 ----> psTTM 575 1 0.67175 0.32825 
 ----> psTTM 576 0 0.71469 0.28531 
 ----> psTTM 577 1 0.61975 0.38025 
 ----> psTTM 578 0 0.704307 0.295693 
 ----> psTTM 579 0 0.682776 0.317224 
 ----> psTTM 580 1 0.657958 0.342042 
 ----> psTTM 581 0 0.649004 0.350996 
 ----> psTTM 582 0 0.65946 0.34054 
 ----> psTTM 583 1 0.679103 0.320897 
 ----> psTTM 584 0 0.682366 0.317634 
 ----> psTTM 585 0 0.691569 0.308431 
 ----> psTTM 586 0 0.667746 0.332254 
 ----> psTTM 587 0 0.6869 0.3131 
 ----> psTTM 588 0 0.739381 0.260619 
 ----> psTTM 589 1 0.652281 0.347719 
 ----> psTTM 590 0 0.645783 0.354217 
 ----> psTTM 591 1 0.640935 0.359065 
 ----> psTTM 592 1 0.679756 0.320244 
 ----> psTTM 593 0 0.688128 0.311872 
 ----> psTTM 594 0 0.677254 0.322746 
 ----> psTTM 595 0 0.668946 0.331054 
 ----> psTTM 596 0 0.675716 0.324284 
 ----> psTTM 597 0 0.645553 0.354447 
 ----> psTTM 598 0 0.707418 0.292582 
 ----> psTTM 599 0 0.711346 0.288654 
 ----> psTTM 600 0 0.655705 0.344295 
 ----> psTTM 601 0 0.675995 0.324005 
 ----> psTTM 602 1 0.652887 0.347113 
 ----> psTTM 603 0 0.676283 0.323717 
 ----> psTTM 604 0 0.69968 0.30032 
 ----> psTTM 605 0 0.680217 0.319783 
 ----> psTTM 606 0 0.681048 0.318952 
 ----> psTTM 607 1 0.64785 0.35215 
 ----> psTTM 608 0 0.69653 0.30347 
 ----> psTTM 609 0 0.675611 0.324389 
 ----> psTTM 610 0 0.690883 0.309117 
 ----> psTTM 611 0 0.684255 0.315745 
 ----> psTTM 612 0 0.684611 0.315389 
 ----> psTTM 613 0 0.694614 0.305386 
 ----> psTTM 614 0 0.685337 0.314663 
 ----> psTTM 615 0 0.662319 0.337681 
 ----> psTTM 616 0 0.686138 0.313862 
 ----> psTTM 617 0 0.687402 0.312598 
 ----> psTTM 618 0 0.655727 0.344273 
 ----> psTTM 619 1 0.640105 0.359895 
 ----> psTTM 620 0 0.657879 0.342121 
 ----> psTTM 621 0 0.670558 0.329442 
 ----> psTTM 622 0 0.668317 0.331683 
 ----> psTTM 623 1 0.649907 0.350093 
 ----> psTTM 624 0 0.697833 0.302167 
 ----> psTTM 625 0 0.691833 0.308167 
 ----> psTTM 626 0 0.699455 0.300545 
 ----> psTTM 627 0 0.675703 0.324297 
 ----> psTTM 628 1 0.696311 0.303689 
 ----> psTTM 629 0 0.717277 0.282723 
 ----> psTTM 630 0 0.691416 0.308584 
 ----> psTTM 631 1 0.667523 0.332477 
 ----> psTTM 632 1 0.656008 0.343992 
 ----> psTTM 633 0 0.70085 0.29915 
 ----> psTTM 634 1 0.62375 0.37625 
 ----> psTTM 635 0 0.694195 0.305805 
 ----> psTTM 636 1 0.687885 0.312115 
 ----> psTTM 637 0 0.683512 0.316488 
 ----> psTTM 638 0 0.672302 0.327698 
 ----> psTTM 639 1 0.696453 0.303547 
 ----> psTTM 640 0 0.668843 0.331157 
 ----> psTTM 641 0 0.722393 0.277607 
 ----> psTTM 642 0 0.692325 0.307675 
 ----> psTTM 643 0 0.668058 0.331942 
 ----> psTTM 644 0 0.658423 0.341577 
 ----> psTTM 645 0 0.663618 0.336382 
 ----> psTTM 646 1 0.676865 0.323135 
 ----> psTTM 647 0 0.69419 0.30581 
 ----> psTTM 648 0 0.641198 0.358802 
 ----> psTTM 649 0 0.696834 0.303166 
 ----> psTTM 650 0 0.661083 0.338917 
 ----> psTTM 651 1 0.650107 0.349893 
 ----> psTTM 652 0 0.688375 0.311625 
 ----> psTTM 653 1 0.657372 0.342628 
 ----> psTTM 654 0 0.712392 0.287608 
 ----> psTTM 655 0 0.696196 0.303804 
 ----> psTTM 656 0 0.689934 0.310066 
 ----> psTTM 657 0 0.651038 0.348962 
 ----> psTTM 658 0 0.687148 0.312852 
 ----> psTTM 659 0 0.66637 0.33363 
 ----> psTTM 660 0 0.688123 0.311877 
 ----> psTTM 661 0 0.685014 0.314986 
 ----> psTTM 662 0 0.656094 0.343906 
 ----> psTTM 663 1 0.677033 0.322967 
 ----> psTTM 664 1 0.67735 0.32265 
 ----> psTTM 665 0 0.66683 0.33317 
 ----> psTTM 666 0 0.654489 0.345511 
 ----> psTTM 667 0 0.650077 0.349923 
 ----> psTTM 668 0 0.680897 0.319103 
 ----> psTTM 669 0 0.663852 0.336148 
 ----> psTTM 670 0 0.709504 0.290496 
 ----> psTTM 671 0 0.658393 0.341607 
 ----> psTTM 672 0 0.664466 0.335534 
 ----> psTTM 673 0 0.693477 0.306523 
 ----> psTTM 674 1 0.642144 0.357856 
 ----> psTTM 675 1 0.664885 0.335115 
 ----> psTTM 676 0 0.677326 0.322674 
 ----> psTTM 677 1 0.687188 0.312812 
 ----> psTTM 678 1 0.675752 0.324248 
 ----> psTTM 679 0 0.687094 0.312906 
 ----> psTTM 680 1 0.651842 0.348158 
 ----> psTTM 681 0 0.706259 0.293741 
 ----> psTTM 682 0 0.664669 0.335331 
 ----> psTTM 683 0 0.676329 0.323671 
 ----> psTTM 684 0 0.676094 0.323906 
 ----> psTTM 685 0 0.66594 0.33406 
 ----> psTTM 686 0 0.666418 0.333582 
 ----> psTTM 687 0 0.687449 0.312551 
 ----> psTTM 688 0 0.660158 0.339842 
 ----> psTTM 689 0 0.678112 0.321888 
 ----> psTTM 690 1 0.674057 0.325943 
 ----> psTTM 691 0 0.673842 0.326158 
 ----> psTTM 692 0 0.685014 0.314986 
 ----> psTTM 693 1 0.693456 0.306544 
 ----> psTTM 694 0 0.666178 0.333822 
 ----> psTTM 695 0 0.668144 0.331856 
 ----> psTTM 696 0 0.658422 0.341578 
 ----> psTTM 697 0 0.658882 0.341118 
 ----> psTTM 698 1 0.69566 0.30434 
 ----> psTTM 699 0 0.66502 0.33498 
 ----> psTTM 700 1 0.693999 0.306001 
 ----> psTTM 701 0 0.686163 0.313837 
 ----> psTTM 702 0 0.711784 0.288216 
 ----> psTTM 703 0 0.678049 0.321951 
 ----> psTTM 704 0 0.726957 0.273043 
 ----> psTTM 705 0 0.657784 0.342216 
 ----> psTTM 706 0 0.668196 0.331804 
 ----> psTTM 707 0 0.693405 0.306595 
 ----> psTTM 708 0 0.65469 0.34531 
 ----> psTTM 709 0 0.708555 0.291445 
 ----> psTTM 710 0 0.685094 0.314906 
 ----> psTTM 711 0 0.666029 0.333971 
 ----> psTTM 712 0 0.670857 0.329143 
 ----> psTTM 713 1 0.671638 0.328362 
 ----> psTTM 714 1 0.671883 0.328117 
 ----> psTTM 715 1 0.684498 0.315502 
 ----> psTTM 716 1 0.648163 0.351837 
 ----> psTTM 717 0 0.645168 0.354832 
 ----> psTTM 718 0 0.641335 0.358665 
