 ----> psTTM 1 1 0.633629 0.366371 
 ----> psTTM 2 0 0.657897 0.342103 
 ----> psTTM 3 1 0.648208 0.351792 
 ----> psTTM 4 1 0.655987 0.344013 
 ----> psTTM 5 1 0.65585 0.34415 
 ----> psTTM 6 1 0.676701 0.323299 
 ----> psTTM 7 0 0.70028 0.29972 
 ----> psTTM 8 0 0.677435 0.322565 
 ----> psTTM 9 0 0.668003 0.331997 
 ----> psTTM 10 1 0.658965 0.341035 
 ----> psTTM 11 1 0.610336 0.389664 
 ----> psTTM 12 0 0.633251 0.366749 
 ----> psTTM 13 0 0.653497 0.346503 
 ----> psTTM 14 1 0.687926 0.312074 
 ----> psTTM 15 1 0.646496 0.353504 
 ----> psTTM 16 1 0.65614 0.34386 
 ----> psTTM 17 1 0.63623 0.36377 
 ----> psTTM 18 0 0.647441 0.352559 
 ----> psTTM 19 0 0.660751 0.339249 
 ----> psTTM 20 0 0.64354 0.35646 
 ----> psTTM 21 1 0.67893 0.32107 
 ----> psTTM 22 0 0.706515 0.293485 
 ----> psTTM 23 0 0.654508 0.345492 
 ----> psTTM 24 0 0.600835 0.399165 
 ----> psTTM 25 0 0.691719 0.308281 
 ----> psTTM 26 1 0.655797 0.344203 
 ----> psTTM 27 1 0.663757 0.336243 
 ----> psTTM 28 1 0.63942 0.36058 
 ----> psTTM 29 0 0.660617 0.339383 
 ----> psTTM 30 0 0.684634 0.315366 
 ----> psTTM 31 0 0.635844 0.364156 
 ----> psTTM 32 0 0.718546 0.281454 
 ----> psTTM 33 0 0.65843 0.34157 
 ----> psTTM 34 0 0.674043 0.325957 
 ----> psTTM 35 1 0.622552 0.377448 
 ----> psTTM 36 0 0.7093 0.2907 
 ----> psTTM 37 0 0.66656 0.33344 
 ----> psTTM 38 0 0.681033 0.318967 
 ----> psTTM 39 0 0.687258 0.312742 
 ----> psTTM 40 1 0.649467 0.350533 
 ----> psTTM 41 1 0.637125 0.362875 
 ----> psTTM 42 1 0.628152 0.371848 
 ----> psTTM 43 0 0.661387 0.338613 
 ----> psTTM 44 1 0.611496 0.388504 
 ----> psTTM 45 1 0.632389 0.367611 
 ----> psTTM 46 0 0.687304 0.312696 
 ----> psTTM 47 1 0.66264 0.33736 
 ----> psTTM 48 1 0.671908 0.328092 
 ----> psTTM 49 1 0.648387 0.351613 
 ----> psTTM 50 1 0.662598 0.337402 
 ----> psTTM 51 0 0.663006 0.336994 
 ----> psTTM 52 1 0.650044 0.349956 
 ----> psTTM 53 0 0.679668 0.320332 
 ----> psTTM 54 0 0.665111 0.334889 
 ----> psTTM 55 0 0.659955 0.340045 
 ----> psTTM 56 1 0.669117 0.330883 
 ----> psTTM 57 1 0.653857 0.346143 
 ----> psTTM 58 0 0.702109 0.297891 
 ----> psTTM 59 1 0.663584 0.336416 
 ----> psTTM 60 0 0.667469 0.332531 
 ----> psTTM 61 0 0.683536 0.316464 
 ----> psTTM 62 0 0.665381 0.334619 
 ----> psTTM 63 1 0.659071 0.340929 
 ----> psTTM 64 1 0.661112 0.338888 
 ----> psTTM 65 0 0.642417 0.357583 
 ----> psTTM 66 0 0.688464 0.311536 
 ----> psTTM 67 1 0.670978 0.329022 
 ----> psTTM 68 1 0.685897 0.314103 
 ----> psTTM 69 0 0.659433 0.340567 
 ----> psTTM 70 0 0.647698 0.352302 
 ----> psTTM 71 1 0.634648 0.365352 
 ----> psTTM 72 1 0.625517 0.374483 
 ----> psTTM 73 0 0.680894 0.319106 
 ----> psTTM 74 0 0.706091 0.293909 
 ----> psTTM 75 0 0.669354 0.330646 
 ----> psTTM 76 1 0.657118 0.342882 
 ----> psTTM 77 0 0.688054 0.311946 
 ----> psTTM 78 1 0.647348 0.352652 
 ----> psTTM 79 0 0.672454 0.327546 
 ----> psTTM 80 1 0.650967 0.349033 
 ----> psTTM 81 1 0.619002 0.380998 
 ----> psTTM 82 1 0.638383 0.361617 
 ----> psTTM 83 1 0.645169 0.354831 
 ----> psTTM 84 1 0.661266 0.338734 
 ----> psTTM 85 0 0.641924 0.358076 
 ----> psTTM 86 0 0.695891 0.304109 
 ----> psTTM 87 1 0.664634 0.335366 
 ----> psTTM 88 1 0.657844 0.342156 
 ----> psTTM 89 1 0.657354 0.342646 
 ----> psTTM 90 1 0.681535 0.318465 
 ----> psTTM 91 1 0.639584 0.360416 
 ----> psTTM 92 0 0.670947 0.329053 
 ----> psTTM 93 0 0.685883 0.314117 
 ----> psTTM 94 1 0.672087 0.327913 
 ----> psTTM 95 0 0.640404 0.359596 
 ----> psTTM 96 0 0.640673 0.359327 
 ----> psTTM 97 1 0.647267 0.352733 
 ----> psTTM 98 1 0.660626 0.339374 
 ----> psTTM 99 1 0.696429 0.303571 
 ----> psTTM 100 0 0.666938 0.333062 
 ----> psTTM 101 1 0.667512 0.332488 
 ----> psTTM 102 0 0.689397 0.310603 
 ----> psTTM 103 0 0.635164 0.364836 
 ----> psTTM 104 0 0.699382 0.300618 
 ----> psTTM 105 1 0.673402 0.326598 
 ----> psTTM 106 0 0.666481 0.333519 
 ----> psTTM 107 0 0.697864 0.302136 
 ----> psTTM 108 0 0.64566 0.35434 
 ----> psTTM 109 0 0.679266 0.320734 
 ----> psTTM 110 1 0.643297 0.356703 
 ----> psTTM 111 0 0.648343 0.351657 
 ----> psTTM 112 0 0.681067 0.318933 
 ----> psTTM 113 1 0.657744 0.342256 
 ----> psTTM 114 1 0.67327 0.32673 
 ----> psTTM 115 0 0.672062 0.327938 
 ----> psTTM 116 0 0.663738 0.336262 
 ----> psTTM 117 1 0.650955 0.349045 
 ----> psTTM 118 1 0.651863 0.348137 
 ----> psTTM 119 1 0.654916 0.345084 
 ----> psTTM 120 0 0.687689 0.312311 
 ----> psTTM 121 0 0.672449 0.327551 
 ----> psTTM 122 1 0.678672 0.321328 
 ----> psTTM 123 1 0.634317 0.365683 
 ----> psTTM 124 0 0.63822 0.36178 
 ----> psTTM 125 1 0.645235 0.354765 
 ----> psTTM 126 0 0.660254 0.339746 
 ----> psTTM 127 0 0.660711 0.339289 
 ----> psTTM 128 0 0.674237 0.325763 
 ----> psTTM 129 1 0.657019 0.342981 
 ----> psTTM 130 0 0.656597 0.343403 
 ----> psTTM 131 0 0.638873 0.361127 
 ----> psTTM 132 0 0.697666 0.302334 
 ----> psTTM 133 1 0.645383 0.354617 
 ----> psTTM 134 1 0.672956 0.327044 
 ----> psTTM 135 1 0.645563 0.354437 
 ----> psTTM 136 0 0.689275 0.310725 
 ----> psTTM 137 1 0.648828 0.351172 
 ----> psTTM 138 0 0.678557 0.321443 
 ----> psTTM 139 0 0.68268 0.31732 
 ----> psTTM 140 1 0.666648 0.333352 
 ----> psTTM 141 0 0.642241 0.357759 
 ----> psTTM 142 1 0.640753 0.359247 
 ----> psTTM 143 0 0.685719 0.314281 
 ----> psTTM 144 1 0.686769 0.313231 
 ----> psTTM 145 0 0.660515 0.339485 
 ----> psTTM 146 0 0.693736 0.306264 
 ----> psTTM 147 0 0.666177 0.333823 
 ----> psTTM 148 0 0.699105 0.300895 
 ----> psTTM 149 1 0.64821 0.35179 
 ----> psTTM 150 1 0.652029 0.347971 
 ----> psTTM 151 1 0.65803 0.34197 
 ----> psTTM 152 0 0.679783 0.320217 
 ----> psTTM 153 0 0.691181 0.308819 
 ----> psTTM 154 0 0.671495 0.328505 
 ----> psTTM 155 1 0.622477 0.377523 
 ----> psTTM 156 1 0.608599 0.391401 
 ----> psTTM 157 1 0.593651 0.406349 
 ----> psTTM 158 0 0.655364 0.344636 
 ----> psTTM 159 1 0.659211 0.340789 
 ----> psTTM 160 0 0.651068 0.348932 
 ----> psTTM 161 0 0.695653 0.304347 
 ----> psTTM 162 1 0.6402 0.3598 
 ----> psTTM 163 1 0.637116 0.362884 
 ----> psTTM 164 1 0.643555 0.356445 
 ----> psTTM 165 1 0.650845 0.349155 
 ----> psTTM 166 0 0.719583 0.280417 
 ----> psTTM 167 1 0.656743 0.343257 
 ----> psTTM 168 0 0.682433 0.317567 
 ----> psTTM 169 0 0.683624 0.316376 
 ----> psTTM 170 1 0.642757 0.357243 
 ----> psTTM 171 1 0.6575 0.3425 
 ----> psTTM 172 0 0.682729 0.317271 
 ----> psTTM 173 1 0.669574 0.330426 
 ----> psTTM 174 0 0.673309 0.326691 
 ----> psTTM 175 1 0.623145 0.376855 
 ----> psTTM 176 0 0.65504 0.34496 
 ----> psTTM 177 0 0.630649 0.369351 
 ----> psTTM 178 1 0.668799 0.331201 
 ----> psTTM 179 0 0.670803 0.329197 
 ----> psTTM 180 0 0.719727 0.280273 
 ----> psTTM 181 0 0.626947 0.373053 
 ----> psTTM 182 0 0.67356 0.32644 
 ----> psTTM 183 1 0.619927 0.380073 
 ----> psTTM 184 1 0.680149 0.319851 
 ----> psTTM 185 0 0.687906 0.312094 
 ----> psTTM 186 0 0.737399 0.262601 
 ----> psTTM 187 0 0.665297 0.334703 
 ----> psTTM 188 1 0.650533 0.349467 
 ----> psTTM 189 1 0.645702 0.354298 
 ----> psTTM 190 0 0.703737 0.296263 
 ----> psTTM 191 0 0.674118 0.325882 
 ----> psTTM 192 1 0.678114 0.321886 
 ----> psTTM 193 0 0.674499 0.325501 
 ----> psTTM 194 0 0.679458 0.320542 
 ----> psTTM 195 0 0.667417 0.332583 
 ----> psTTM 196 1 0.655416 0.344584 
 ----> psTTM 197 0 0.67395 0.32605 
 ----> psTTM 198 0 0.618215 0.381785 
 ----> psTTM 199 0 0.657409 0.342591 
 ----> psTTM 200 0 0.640697 0.359303 
 ----> psTTM 201 0 0.690205 0.309795 
 ----> psTTM 202 0 0.652715 0.347285 
 ----> psTTM 203 1 0.664217 0.335783 
 ----> psTTM 204 1 0.649956 0.350044 
 ----> psTTM 205 0 0.673456 0.326544 
 ----> psTTM 206 1 0.6488 0.3512 
 ----> psTTM 207 1 0.636068 0.363932 
 ----> psTTM 208 0 0.66822 0.33178 
 ----> psTTM 209 0 0.66103 0.33897 
 ----> psTTM 210 0 0.64522 0.35478 
 ----> psTTM 211 0 0.690924 0.309076 
 ----> psTTM 212 0 0.682506 0.317494 
 ----> psTTM 213 1 0.649983 0.350017 
 ----> psTTM 214 0 0.66912 0.33088 
 ----> psTTM 215 1 0.629913 0.370087 
 ----> psTTM 216 0 0.683126 0.316874 
 ----> psTTM 217 1 0.622278 0.377722 
 ----> psTTM 218 0 0.668942 0.331058 
 ----> psTTM 219 0 0.671028 0.328972 
 ----> psTTM 220 0 0.700848 0.299152 
 ----> psTTM 221 0 0.694194 0.305806 
 ----> psTTM 222 1 0.666693 0.333307 
 ----> psTTM 223 1 0.658358 0.341642 
 ----> psTTM 224 0 0.652491 0.347509 
 ----> psTTM 225 1 0.666133 0.333867 
 ----> psTTM 226 1 0.671647 0.328353 
 ----> psTTM 227 0 0.692946 0.307054 
 ----> psTTM 228 0 0.654761 0.345239 
 ----> psTTM 229 0 0.688391 0.311609 
 ----> psTTM 230 0 0.649643 0.350357 
 ----> psTTM 231 0 0.688446 0.311554 
 ----> psTTM 232 1 0.672826 0.327174 
 ----> psTTM 233 0 0.672281 0.327719 
 ----> psTTM 234 0 0.657654 0.342346 
 ----> psTTM 235 0 0.681745 0.318255 
 ----> psTTM 236 1 0.59379 0.40621 
 ----> psTTM 237 0 0.675222 0.324778 
 ----> psTTM 238 0 0.627025 0.372975 
 ----> psTTM 239 0 0.704383 0.295617 
 ----> psTTM 240 1 0.634466 0.365534 
 ----> psTTM 241 0 0.703479 0.296521 
 ----> psTTM 242 1 0.632918 0.367082 
 ----> psTTM 243 0 0.649216 0.350784 
 ----> psTTM 244 1 0.660943 0.339057 
 ----> psTTM 245 1 0.643787 0.356213 
 ----> psTTM 246 0 0.677455 0.322545 
 ----> psTTM 247 0 0.682147 0.317853 
 ----> psTTM 248 1 0.683115 0.316885 
 ----> psTTM 249 1 0.673958 0.326042 
 ----> psTTM 250 0 0.693173 0.306827 
 ----> psTTM 251 0 0.680561 0.319439 
 ----> psTTM 252 0 0.672399 0.327601 
 ----> psTTM 253 1 0.616704 0.383296 
 ----> psTTM 254 0 0.676524 0.323476 
 ----> psTTM 255 1 0.665744 0.334256 
 ----> psTTM 256 0 0.711348 0.288652 
 ----> psTTM 257 0 0.669967 0.330033 
 ----> psTTM 258 0 0.694337 0.305663 
 ----> psTTM 259 0 0.680632 0.319368 
 ----> psTTM 260 1 0.639622 0.360378 
 ----> psTTM 261 1 0.645305 0.354695 
 ----> psTTM 262 0 0.679122 0.320878 
 ----> psTTM 263 1 0.650801 0.349199 
 ----> psTTM 264 1 0.65903 0.34097 
 ----> psTTM 265 1 0.622265 0.377735 
 ----> psTTM 266 0 0.68521 0.31479 
 ----> psTTM 267 0 0.704169 0.295831 
 ----> psTTM 268 0 0.652486 0.347514 
 ----> psTTM 269 0 0.650376 0.349624 
 ----> psTTM 270 1 0.632393 0.367607 
 ----> psTTM 271 1 0.681211 0.318789 
 ----> psTTM 272 0 0.685167 0.314833 
 ----> psTTM 273 0 0.6588 0.3412 
 ----> psTTM 274 1 0.682153 0.317847 
 ----> psTTM 275 1 0.660765 0.339235 
 ----> psTTM 276 0 0.687439 0.312561 
 ----> psTTM 277 0 0.677154 0.322846 
 ----> psTTM 278 0 0.684948 0.315052 
 ----> psTTM 279 1 0.665684 0.334316 
 ----> psTTM 280 1 0.662328 0.337672 
 ----> psTTM 281 0 0.650887 0.349113 
 ----> psTTM 282 1 0.679293 0.320707 
 ----> psTTM 283 1 0.637923 0.362077 
 ----> psTTM 284 1 0.660793 0.339207 
 ----> psTTM 285 0 0.679093 0.320907 
 ----> psTTM 286 0 0.724689 0.275311 
 ----> psTTM 287 0 0.667923 0.332077 
 ----> psTTM 288 1 0.625077 0.374923 
 ----> psTTM 289 0 0.663354 0.336646 
 ----> psTTM 290 0 0.657172 0.342828 
 ----> psTTM 291 1 0.667518 0.332482 
 ----> psTTM 292 0 0.66804 0.33196 
 ----> psTTM 293 1 0.619835 0.380165 
 ----> psTTM 294 1 0.669341 0.330659 
 ----> psTTM 295 0 0.672728 0.327272 
 ----> psTTM 296 0 0.655976 0.344024 
 ----> psTTM 297 0 0.682337 0.317663 
 ----> psTTM 298 1 0.671134 0.328866 
 ----> psTTM 299 0 0.699916 0.300084 
 ----> psTTM 300 0 0.690407 0.309593 
 ----> psTTM 301 0 0.679165 0.320835 
 ----> psTTM 302 0 0.659318 0.340682 
 ----> psTTM 303 0 0.681225 0.318775 
 ----> psTTM 304 0 0.684596 0.315404 
 ----> psTTM 305 0 0.671747 0.328253 
 ----> psTTM 306 0 0.648096 0.351904 
 ----> psTTM 307 1 0.610241 0.389759 
 ----> psTTM 308 0 0.615191 0.384809 
 ----> psTTM 309 1 0.643057 0.356943 
 ----> psTTM 310 0 0.702397 0.297603 
 ----> psTTM 311 0 0.660989 0.339011 
 ----> psTTM 312 0 0.700186 0.299814 
 ----> psTTM 313 1 0.609079 0.390921 
 ----> psTTM 314 0 0.674649 0.325351 
 ----> psTTM 315 0 0.671898 0.328102 
 ----> psTTM 316 0 0.697306 0.302694 
 ----> psTTM 317 0 0.667686 0.332314 
 ----> psTTM 318 0 0.675099 0.324901 
 ----> psTTM 319 0 0.65939 0.34061 
 ----> psTTM 320 0 0.672978 0.327022 
 ----> psTTM 321 1 0.620813 0.379187 
 ----> psTTM 322 1 0.597992 0.402008 
 ----> psTTM 323 0 0.637108 0.362892 
 ----> psTTM 324 0 0.666412 0.333588 
 ----> psTTM 325 0 0.68475 0.31525 
 ----> psTTM 326 1 0.66645 0.33355 
 ----> psTTM 327 1 0.666218 0.333782 
 ----> psTTM 328 0 0.676652 0.323348 
 ----> psTTM 329 0 0.664749 0.335251 
 ----> psTTM 330 0 0.686378 0.313622 
 ----> psTTM 331 0 0.67098 0.32902 
 ----> psTTM 332 0 0.69507 0.30493 
 ----> psTTM 333 1 0.66824 0.33176 
 ----> psTTM 334 1 0.611091 0.388909 
 ----> psTTM 335 0 0.665287 0.334713 
 ----> psTTM 336 1 0.642684 0.357316 
 ----> psTTM 337 1 0.558042 0.441958 
 ----> psTTM 338 1 0.638735 0.361265 
 ----> psTTM 339 0 0.700257 0.299743 
 ----> psTTM 340 0 0.668587 0.331413 
 ----> psTTM 341 1 0.685224 0.314776 
 ----> psTTM 342 1 0.645433 0.354567 
 ----> psTTM 343 0 0.668998 0.331002 
 ----> psTTM 344 0 0.65961 0.34039 
 ----> psTTM 345 0 0.688779 0.311221 
 ----> psTTM 346 0 0.669898 0.330102 
 ----> psTTM 347 1 0.664528 0.335472 
 ----> psTTM 348 0 0.636473 0.363527 
 ----> psTTM 349 0 0.684996 0.315004 
 ----> psTTM 350 1 0.607415 0.392585 
 ----> psTTM 351 0 0.66332 0.33668 
 ----> psTTM 352 0 0.664696 0.335304 
 ----> psTTM 353 0 0.702414 0.297586 
 ----> psTTM 354 0 0.667979 0.332021 
 ----> psTTM 355 0 0.668987 0.331013 
 ----> psTTM 356 0 0.649363 0.350637 
 ----> psTTM 357 1 0.648346 0.351654 
 ----> psTTM 358 0 0.666026 0.333974 
 ----> psTTM 359 0 0.682039 0.317961 
 ----> psTTM 360 0 0.642192 0.357808 
 ----> psTTM 361 0 0.671479 0.328521 
 ----> psTTM 362 1 0.666832 0.333168 
 ----> psTTM 363 0 0.677565 0.322435 
 ----> psTTM 364 0 0.702185 0.297815 
 ----> psTTM 365 0 0.653693 0.346307 
 ----> psTTM 366 1 0.603317 0.396683 
 ----> psTTM 367 0 0.680131 0.319869 
 ----> psTTM 368 0 0.695503 0.304497 
 ----> psTTM 369 0 0.693955 0.306045 
 ----> psTTM 370 1 0.637198 0.362802 
 ----> psTTM 371 0 0.69322 0.30678 
 ----> psTTM 372 0 0.662439 0.337561 
 ----> psTTM 373 0 0.712213 0.287787 
 ----> psTTM 374 0 0.669191 0.330809 
 ----> psTTM 375 1 0.677766 0.322234 
 ----> psTTM 376 0 0.6531 0.3469 
 ----> psTTM 377 0 0.681347 0.318653 
 ----> psTTM 378 1 0.652812 0.347188 
 ----> psTTM 379 0 0.695172 0.304828 
 ----> psTTM 380 0 0.658339 0.341661 
 ----> psTTM 381 0 0.674701 0.325299 
 ----> psTTM 382 0 0.673162 0.326838 
 ----> psTTM 383 0 0.642273 0.357727 
 ----> psTTM 384 0 0.695156 0.304844 
 ----> psTTM 385 1 0.71665 0.28335 
 ----> psTTM 386 0 0.64492 0.35508 
 ----> psTTM 387 1 0.633544 0.366456 
 ----> psTTM 388 1 0.641265 0.358735 
 ----> psTTM 389 0 0.682767 0.317233 
 ----> psTTM 390 0 0.673938 0.326062 
 ----> psTTM 391 0 0.659554 0.340446 
 ----> psTTM 392 1 0.661436 0.338564 
 ----> psTTM 393 1 0.684168 0.315832 
 ----> psTTM 394 0 0.673114 0.326886 
 ----> psTTM 395 0 0.649191 0.350809 
 ----> psTTM 396 0 0.667921 0.332079 
 ----> psTTM 397 0 0.66823 0.33177 
 ----> psTTM 398 1 0.643423 0.356577 
 ----> psTTM 399 1 0.634482 0.365518 
 ----> psTTM 400 1 0.658947 0.341053 
 ----> psTTM 401 0 0.682637 0.317363 
 ----> psTTM 402 0 0.66956 0.33044 
 ----> psTTM 403 0 0.628386 0.371614 
 ----> psTTM 404 0 0.67794 0.32206 
 ----> psTTM 405 0 0.695911 0.304089 
 ----> psTTM 406 1 0.6502 0.3498 
 ----> psTTM 407 1 0.612812 0.387188 
 ----> psTTM 408 0 0.672641 0.327359 
 ----> psTTM 409 1 0.69569 0.30431 
 ----> psTTM 410 0 0.679325 0.320675 
 ----> psTTM 411 0 0.707791 0.292209 
 ----> psTTM 412 1 0.613277 0.386723 
 ----> psTTM 413 1 0.59694 0.40306 
 ----> psTTM 414 0 0.64506 0.35494 
 ----> psTTM 415 1 0.672922 0.327078 
 ----> psTTM 416 0 0.69183 0.30817 
 ----> psTTM 417 0 0.711069 0.288931 
 ----> psTTM 418 1 0.625191 0.374809 
 ----> psTTM 419 0 0.677507 0.322493 
 ----> psTTM 420 0 0.653997 0.346003 
 ----> psTTM 421 0 0.730584 0.269416 
 ----> psTTM 422 0 0.738126 0.261874 
 ----> psTTM 423 0 0.678038 0.321962 
 ----> psTTM 424 0 0.656933 0.343067 
 ----> psTTM 425 0 0.658695 0.341305 
 ----> psTTM 426 1 0.687548 0.312452 
 ----> psTTM 427 0 0.725215 0.274785 
 ----> psTTM 428 0 0.717059 0.282941 
 ----> psTTM 429 0 0.672389 0.327611 
 ----> psTTM 430 0 0.705901 0.294099 
 ----> psTTM 431 0 0.637591 0.362409 
 ----> psTTM 432 0 0.685753 0.314247 
 ----> psTTM 433 0 0.644811 0.355189 
 ----> psTTM 434 0 0.672479 0.327521 
 ----> psTTM 435 1 0.67076 0.32924 
 ----> psTTM 436 0 0.701316 0.298684 
 ----> psTTM 437 0 0.647641 0.352359 
 ----> psTTM 438 0 0.675514 0.324486 
 ----> psTTM 439 0 0.642194 0.357806 
 ----> psTTM 440 0 0.684304 0.315696 
 ----> psTTM 441 0 0.693426 0.306574 
 ----> psTTM 442 0 0.703501 0.296499 
 ----> psTTM 443 0 0.669282 0.330718 
 ----> psTTM 444 0 0.657938 0.342062 
 ----> psTTM 445 1 0.683362 0.316638 
 ----> psTTM 446 0 0.704598 0.295402 
 ----> psTTM 447 0 0.639534 0.360466 
 ----> psTTM 448 0 0.668688 0.331312 
 ----> psTTM 449 0 0.769593 0.230407 
 ----> psTTM 450 0 0.719479 0.280521 
 ----> psTTM 451 0 0.699994 0.300006 
 ----> psTTM 452 0 0.697832 0.302168 
 ----> psTTM 453 0 0.687137 0.312863 
 ----> psTTM 454 1 0.607763 0.392237 
 ----> psTTM 455 0 0.691284 0.308716 
 ----> psTTM 456 0 0.656625 0.343375 
 ----> psTTM 457 0 0.675339 0.324661 
 ----> psTTM 458 1 0.674323 0.325677 
 ----> psTTM 459 0 0.690233 0.309767 
 ----> psTTM 460 0 0.674551 0.325449 
 ----> psTTM 461 1 0.657799 0.342201 
 ----> psTTM 462 0 0.691992 0.308008 
 ----> psTTM 463 0 0.657843 0.342157 
 ----> psTTM 464 0 0.673382 0.326618 
 ----> psTTM 465 0 0.661151 0.338849 
 ----> psTTM 466 0 0.667251 0.332749 
 ----> psTTM 467 1 0.648649 0.351351 
 ----> psTTM 468 0 0.693742 0.306258 
 ----> psTTM 469 0 0.650366 0.349634 
 ----> psTTM 470 1 0.680182 0.319818 
 ----> psTTM 471 1 0.621296 0.378704 
 ----> psTTM 472 0 0.667701 0.332299 
 ----> psTTM 473 1 0.666009 0.333991 
 ----> psTTM 474 0 0.711161 0.288839 
 ----> psTTM 475 0 0.664941 0.335059 
 ----> psTTM 476 0 0.708435 0.291565 
 ----> psTTM 477 1 0.640083 0.359917 
 ----> psTTM 478 0 0.664507 0.335493 
 ----> psTTM 479 1 0.664322 0.335678 
 ----> psTTM 480 0 0.666972 0.333028 
 ----> psTTM 481 0 0.673622 0.326378 
 ----> psTTM 482 0 0.716054 0.283946 
 ----> psTTM 483 1 0.620142 0.379858 
 ----> psTTM 484 0 0.686469 0.313531 
 ----> psTTM 485 0 0.650235 0.349765 
 ----> psTTM 486 0 0.69075 0.30925 
 ----> psTTM 487 0 0.669726 0.330274 
 ----> psTTM 488 1 0.673517 0.326483 
 ----> psTTM 489 1 0.648693 0.351307 
 ----> psTTM 490 0 0.652028 0.347972 
 ----> psTTM 491 1 0.619324 0.380676 
 ----> psTTM 492 0 0.669925 0.330075 
 ----> psTTM 493 0 0.655525 0.344475 
 ----> psTTM 494 0 0.721628 0.278372 
 ----> psTTM 495 1 0.654424 0.345576 
 ----> psTTM 496 0 0.704977 0.295023 
 ----> psTTM 497 0 0.684026 0.315974 
 ----> psTTM 498 0 0.675353 0.324647 
 ----> psTTM 499 1 0.649733 0.350267 
 ----> psTTM 500 1 0.677803 0.322197 
 ----> psTTM 501 0 0.682265 0.317735 
 ----> psTTM 502 0 0.692038 0.307962 
 ----> psTTM 503 0 0.644509 0.355491 
 ----> psTTM 504 0 0.656481 0.343519 
 ----> psTTM 505 0 0.671069 0.328931 
 ----> psTTM 506 0 0.685936 0.314064 
 ----> psTTM 507 0 0.692217 0.307783 
 ----> psTTM 508 1 0.616984 0.383016 
 ----> psTTM 509 1 0.664004 0.335996 
 ----> psTTM 510 0 0.684649 0.315351 
 ----> psTTM 511 0 0.690202 0.309798 
 ----> psTTM 512 0 0.6753 0.3247 
 ----> psTTM 513 0 0.674536 0.325464 
 ----> psTTM 514 1 0.704857 0.295143 
 ----> psTTM 515 0 0.657609 0.342391 
 ----> psTTM 516 0 0.683937 0.316063 
 ----> psTTM 517 1 0.63552 0.36448 
 ----> psTTM 518 0 0.689329 0.310671 
 ----> psTTM 519 0 0.674618 0.325382 
 ----> psTTM 520 1 0.657729 0.342271 
 ----> psTTM 521 1 0.635633 0.364367 
 ----> psTTM 522 0 0.655101 0.344899 
 ----> psTTM 523 1 0.632569 0.367431 
 ----> psTTM 524 0 0.635153 0.364847 
 ----> psTTM 525 0 0.656434 0.343566 
 ----> psTTM 526 0 0.686784 0.313216 
 ----> psTTM 527 0 0.647494 0.352506 
 ----> psTTM 528 0 0.664733 0.335267 
 ----> psTTM 529 1 0.652847 0.347153 
 ----> psTTM 530 0 0.710203 0.289797 
 ----> psTTM 531 1 0.598878 0.401122 
 ----> psTTM 532 0 0.656317 0.343683 
 ----> psTTM 533 0 0.6414 0.3586 
 ----> psTTM 534 0 0.733736 0.266264 
 ----> psTTM 535 1 0.671369 0.328631 
 ----> psTTM 536 0 0.701913 0.298087 
 ----> psTTM 537 0 0.643242 0.356758 
 ----> psTTM 538 0 0.699893 0.300107 
 ----> psTTM 539 1 0.658473 0.341527 
 ----> psTTM 540 0 0.668637 0.331363 
 ----> psTTM 541 1 0.650638 0.349362 
 ----> psTTM 542 0 0.684167 0.315833 
 ----> psTTM 543 1 0.632001 0.367999 
 ----> psTTM 544 0 0.665596 0.334404 
 ----> psTTM 545 1 0.655642 0.344358 
 ----> psTTM 546 0 0.627191 0.372809 
 ----> psTTM 547 0 0.667035 0.332965 
 ----> psTTM 548 1 0.709633 0.290367 
 ----> psTTM 549 0 0.674575 0.325425 
 ----> psTTM 550 0 0.697504 0.302496 
 ----> psTTM 551 0 0.69398 0.30602 
 ----> psTTM 552 1 0.677658 0.322342 
 ----> psTTM 553 1 0.656353 0.343647 
 ----> psTTM 554 1 0.61578 0.38422 
 ----> psTTM 555 1 0.663481 0.336519 
 ----> psTTM 556 0 0.70897 0.29103 
 ----> psTTM 557 0 0.699741 0.300259 
 ----> psTTM 558 0 0.680989 0.319011 
 ----> psTTM 559 0 0.689795 0.310205 
 ----> psTTM 560 0 0.61153 0.38847 
 ----> psTTM 561 1 0.590389 0.409611 
 ----> psTTM 562 0 0.669873 0.330127 
 ----> psTTM 563 0 0.635651 0.364349 
 ----> psTTM 564 0 0.679395 0.320605 
 ----> psTTM 565 0 0.650223 0.349777 
 ----> psTTM 566 0 0.71615 0.28385 
 ----> psTTM 567 0 0.667889 0.332111 
 ----> psTTM 568 0 0.69305 0.30695 
 ----> psTTM 569 1 0.627651 0.372349 
 ----> psTTM 570 0 0.644078 0.355922 
 ----> psTTM 571 1 0.659909 0.340091 
 ----> psTTM 572 0 0.733479 0.266521 
 ----> psTTM 573 0 0.678586 0.321414 
 ----> psTTM 574 0 0.691927 0.308073 
 ----> psTTM 575 1 0.626082 0.373918 
 ----> psTTM 576 0 0.712326 0.287674 
 ----> psTTM 577 1 0.661578 0.338422 
 ----> psTTM 578 0 0.687047 0.312953 
 ----> psTTM 579 0 0.691407 0.308593 
 ----> psTTM 580 1 0.683344 0.316656 
 ----> psTTM 581 0 0.68928 0.31072 
 ----> psTTM 582 0 0.691348 0.308652 
 ----> psTTM 583 1 0.660419 0.339581 
 ----> psTTM 584 0 0.694605 0.305395 
 ----> psTTM 585 0 0.658885 0.341115 
 ----> psTTM 586 0 0.685247 0.314753 
 ----> psTTM 587 0 0.660462 0.339538 
 ----> psTTM 588 0 0.662466 0.337534 
 ----> psTTM 589 1 0.658943 0.341057 
 ----> psTTM 590 0 0.647653 0.352347 
 ----> psTTM 591 1 0.667553 0.332447 
 ----> psTTM 592 1 0.674278 0.325722 
 ----> psTTM 593 0 0.696784 0.303216 
 ----> psTTM 594 0 0.654524 0.345476 
 ----> psTTM 595 0 0.655436 0.344564 
 ----> psTTM 596 0 0.640244 0.359756 
 ----> psTTM 597 0 0.704369 0.295631 
 ----> psTTM 598 0 0.675787 0.324213 
 ----> psTTM 599 0 0.674628 0.325372 
 ----> psTTM 600 0 0.69643 0.30357 
 ----> psTTM 601 0 0.65124 0.34876 
 ----> psTTM 602 1 0.664806 0.335194 
 ----> psTTM 603 0 0.639525 0.360475 
 ----> psTTM 604 0 0.682576 0.317424 
 ----> psTTM 605 0 0.677669 0.322331 
 ----> psTTM 606 0 0.694706 0.305294 
 ----> psTTM 607 1 0.6626 0.3374 
 ----> psTTM 608 0 0.678026 0.321974 
 ----> psTTM 609 0 0.640382 0.359618 
 ----> psTTM 610 0 0.694293 0.305707 
 ----> psTTM 611 0 0.66 0.34 
 ----> psTTM 612 0 0.666145 0.333855 
 ----> psTTM 613 0 0.66771 0.33229 
 ----> psTTM 614 0 0.668527 0.331473 
 ----> psTTM 615 0 0.633947 0.366053 
 ----> psTTM 616 0 0.644432 0.355568 
 ----> psTTM 617 0 0.651729 0.348271 
 ----> psTTM 618 0 0.681263 0.318737 
 ----> psTTM 619 1 0.660832 0.339168 
 ----> psTTM 620 0 0.655782 0.344218 
 ----> psTTM 621 0 0.665917 0.334083 
 ----> psTTM 622 0 0.721472 0.278528 
 ----> psTTM 623 1 0.681992 0.318008 
 ----> psTTM 624 0 0.69957 0.30043 
 ----> psTTM 625 0 0.66113 0.33887 
 ----> psTTM 626 0 0.675513 0.324487 
 ----> psTTM 627 0 0.63329 0.36671 
 ----> psTTM 628 1 0.656333 0.343667 
 ----> psTTM 629 0 0.676647 0.323353 
 ----> psTTM 630 0 0.702706 0.297294 
 ----> psTTM 631 1 0.644461 0.355539 
 ----> psTTM 632 1 0.675193 0.324807 
 ----> psTTM 633 0 0.674701 0.325299 
 ----> psTTM 634 1 0.657078 0.342922 
 ----> psTTM 635 0 0.681431 0.318569 
 ----> psTTM 636 1 0.668175 0.331825 
 ----> psTTM 637 0 0.68159 0.31841 
 ----> psTTM 638 0 0.670324 0.329676 
 ----> psTTM 639 1 0.649541 0.350459 
 ----> psTTM 640 0 0.689149 0.310851 
 ----> psTTM 641 0 0.661229 0.338771 
 ----> psTTM 642 0 0.667443 0.332557 
 ----> psTTM 643 0 0.616245 0.383755 
 ----> psTTM 644 0 0.680238 0.319762 
 ----> psTTM 645 0 0.699065 0.300935 
 ----> psTTM 646 1 0.688987 0.311013 
 ----> psTTM 647 0 0.694296 0.305704 
 ----> psTTM 648 0 0.609985 0.390015 
 ----> psTTM 649 0 0.601661 0.398339 
 ----> psTTM 650 0 0.668613 0.331387 
 ----> psTTM 651 1 0.666177 0.333823 
 ----> psTTM 652 0 0.67791 0.32209 
 ----> psTTM 653 1 0.669022 0.330978 
 ----> psTTM 654 0 0.697608 0.302392 
 ----> psTTM 655 0 0.660153 0.339847 
 ----> psTTM 656 0 0.676396 0.323604 
 ----> psTTM 657 0 0.653222 0.346778 
 ----> psTTM 658 0 0.692782 0.307218 
 ----> psTTM 659 0 0.668503 0.331497 
 ----> psTTM 660 0 0.708697 0.291303 
 ----> psTTM 661 0 0.699257 0.300743 
 ----> psTTM 662 0 0.6943 0.3057 
 ----> psTTM 663 1 0.614315 0.385685 
 ----> psTTM 664 1 0.673602 0.326398 
 ----> psTTM 665 0 0.683407 0.316593 
 ----> psTTM 666 0 0.696417 0.303583 
 ----> psTTM 667 0 0.687858 0.312142 
 ----> psTTM 668 0 0.62803 0.37197 
 ----> psTTM 669 0 0.648187 0.351813 
 ----> psTTM 670 0 0.70629 0.29371 
 ----> psTTM 671 0 0.679293 0.320707 
 ----> psTTM 672 0 0.670665 0.329335 
 ----> psTTM 673 0 0.678861 0.321139 
 ----> psTTM 674 1 0.636636 0.363364 
 ----> psTTM 675 1 0.636715 0.363285 
 ----> psTTM 676 0 0.67661 0.32339 
 ----> psTTM 677 1 0.656248 0.343752 
 ----> psTTM 678 1 0.649434 0.350566 
 ----> psTTM 679 0 0.63775 0.36225 
 ----> psTTM 680 1 0.659198 0.340802 
 ----> psTTM 681 0 0.66239 0.33761 
 ----> psTTM 682 0 0.676434 0.323566 
 ----> psTTM 683 0 0.652287 0.347713 
 ----> psTTM 684 0 0.731517 0.268483 
 ----> psTTM 685 0 0.672875 0.327125 
 ----> psTTM 686 0 0.673601 0.326399 
 ----> psTTM 687 0 0.666447 0.333553 
 ----> psTTM 688 0 0.669422 0.330578 
 ----> psTTM 689 0 0.66267 0.33733 
 ----> psTTM 690 1 0.671176 0.328824 
 ----> psTTM 691 0 0.667781 0.332219 
 ----> psTTM 692 0 0.683991 0.316009 
 ----> psTTM 693 1 0.642675 0.357325 
 ----> psTTM 694 0 0.68737 0.31263 
 ----> psTTM 695 0 0.70922 0.29078 
 ----> psTTM 696 0 0.667501 0.332499 
 ----> psTTM 697 0 0.709794 0.290206 
 ----> psTTM 698 1 0.657955 0.342045 
 ----> psTTM 699 0 0.666068 0.333932 
 ----> psTTM 700 1 0.641347 0.358653 
 ----> psTTM 701 0 0.669643 0.330357 
 ----> psTTM 702 0 0.651381 0.348619 
 ----> psTTM 703 0 0.619811 0.380189 
 ----> psTTM 704 0 0.673062 0.326938 
 ----> psTTM 705 0 0.673352 0.326648 
 ----> psTTM 706 0 0.715246 0.284754 
 ----> psTTM 707 0 0.683397 0.316603 
 ----> psTTM 708 0 0.670465 0.329535 
 ----> psTTM 709 0 0.673815 0.326185 
 ----> psTTM 710 0 0.670128 0.329872 
 ----> psTTM 711 0 0.656493 0.343507 
 ----> psTTM 712 0 0.672379 0.327621 
 ----> psTTM 713 1 0.661056 0.338944 
 ----> psTTM 714 1 0.68439 0.31561 
 ----> psTTM 715 1 0.671618 0.328382 
 ----> psTTM 716 1 0.670899 0.329101 
 ----> psTTM 717 0 0.694709 0.305291 
 ----> psTTM 718 0 0.650437 0.349563 
