 ----> psTTM 1 1 0 0 
 ----> psTTM 2 0 0 0 
 ----> psTTM 3 1 0.655638 0.344362 
 ----> psTTM 4 1 0.673141 0.326859 
 ----> psTTM 5 1 0.673898 0.326102 
 ----> psTTM 6 1 0.676152 0.323848 
 ----> psTTM 7 0 0.65269 0.34731 
 ----> psTTM 8 0 0.682611 0.317389 
 ----> psTTM 9 0 0.643197 0.356803 
 ----> psTTM 10 1 0.648594 0.351406 
 ----> psTTM 11 1 0.637601 0.362399 
 ----> psTTM 12 0 0.659195 0.340805 
 ----> psTTM 13 0 0.61185 0.38815 
 ----> psTTM 14 1 0.631508 0.368492 
 ----> psTTM 15 1 0.638854 0.361146 
 ----> psTTM 16 1 0.67226 0.32774 
 ----> psTTM 17 1 0.649408 0.350592 
 ----> psTTM 18 0 0.623395 0.376605 
 ----> psTTM 19 0 0.617695 0.382305 
 ----> psTTM 20 0 0.626364 0.373636 
 ----> psTTM 21 1 0.666596 0.333404 
 ----> psTTM 22 0 0.64448 0.35552 
 ----> psTTM 23 0 0.68145 0.31855 
 ----> psTTM 24 0 0.614175 0.385825 
 ----> psTTM 25 0 0.611578 0.388422 
 ----> psTTM 26 1 0.632206 0.367794 
 ----> psTTM 27 1 0.682282 0.317718 
 ----> psTTM 28 1 0.659785 0.340215 
 ----> psTTM 29 0 0.658522 0.341478 
 ----> psTTM 30 0 0.626726 0.373274 
 ----> psTTM 31 0 0.625779 0.374221 
 ----> psTTM 32 0 0.644208 0.355792 
 ----> psTTM 33 0 0.644477 0.355523 
 ----> psTTM 34 0 0.658738 0.341262 
 ----> psTTM 35 1 0.624514 0.375486 
 ----> psTTM 36 0 0.64415 0.35585 
 ----> psTTM 37 0 0.686658 0.313342 
 ----> psTTM 38 0 0.686571 0.313429 
 ----> psTTM 39 0 0.703194 0.296806 
 ----> psTTM 40 1 0.664353 0.335647 
 ----> psTTM 41 1 0.653166 0.346834 
 ----> psTTM 42 1 0.608768 0.391232 
 ----> psTTM 43 0 0.664701 0.335299 
 ----> psTTM 44 1 0.677055 0.322945 
 ----> psTTM 45 1 0.678621 0.321379 
 ----> psTTM 46 0 0.656092 0.343908 
 ----> psTTM 47 1 0.617128 0.382872 
 ----> psTTM 48 1 0.664668 0.335332 
 ----> psTTM 49 1 0.608785 0.391215 
 ----> psTTM 50 1 0.622324 0.377676 
 ----> psTTM 51 0 0.66464 0.33536 
 ----> psTTM 52 1 0.650995 0.349005 
 ----> psTTM 53 0 0.677816 0.322184 
 ----> psTTM 54 0 0.665837 0.334163 
 ----> psTTM 55 0 0.654296 0.345704 
 ----> psTTM 56 1 0.588544 0.411456 
 ----> psTTM 57 1 0.60708 0.39292 
 ----> psTTM 58 0 0.649657 0.350343 
 ----> psTTM 59 1 0.671597 0.328403 
 ----> psTTM 60 0 0.68404 0.31596 
 ----> psTTM 61 0 0.665757 0.334243 
 ----> psTTM 62 0 0.657796 0.342204 
 ----> psTTM 63 1 0.65129 0.34871 
 ----> psTTM 64 1 0.610165 0.389835 
 ----> psTTM 65 0 0.631825 0.368175 
 ----> psTTM 66 0 0.669143 0.330857 
 ----> psTTM 67 1 0.596588 0.403412 
 ----> psTTM 68 1 0.617494 0.382506 
 ----> psTTM 69 0 0.68136 0.31864 
 ----> psTTM 70 0 0.667297 0.332703 
 ----> psTTM 71 1 0.595461 0.404539 
 ----> psTTM 72 1 0.637001 0.362999 
 ----> psTTM 73 0 0.671277 0.328723 
 ----> psTTM 74 0 0.643715 0.356285 
 ----> psTTM 75 0 0.659968 0.340032 
 ----> psTTM 76 1 0.663972 0.336028 
 ----> psTTM 77 0 0.633308 0.366692 
 ----> psTTM 78 1 0.646076 0.353924 
 ----> psTTM 79 0 0.677901 0.322099 
 ----> psTTM 80 1 0.64472 0.35528 
 ----> psTTM 81 1 0.653138 0.346862 
 ----> psTTM 82 1 0.666137 0.333863 
 ----> psTTM 83 1 0.658073 0.341927 
 ----> psTTM 84 1 0.659869 0.340131 
 ----> psTTM 85 0 0.66619 0.33381 
 ----> psTTM 86 0 0.650449 0.349551 
 ----> psTTM 87 1 0.633168 0.366832 
 ----> psTTM 88 1 0.624302 0.375698 
 ----> psTTM 89 1 0.643812 0.356188 
 ----> psTTM 90 1 0.614601 0.385399 
 ----> psTTM 91 1 0.644332 0.355668 
 ----> psTTM 92 0 0.669278 0.330722 
 ----> psTTM 93 0 0.668081 0.331919 
 ----> psTTM 94 1 0.662058 0.337942 
 ----> psTTM 95 0 0.648087 0.351913 
 ----> psTTM 96 0 0.647884 0.352116 
 ----> psTTM 97 1 0.631505 0.368495 
 ----> psTTM 98 1 0.618239 0.381761 
 ----> psTTM 99 1 0.642658 0.357342 
 ----> psTTM 100 0 0.661796 0.338204 
 ----> psTTM 101 1 0.605596 0.394404 
 ----> psTTM 102 0 0.634097 0.365903 
 ----> psTTM 103 0 0.667483 0.332517 
 ----> psTTM 104 0 0.708228 0.291772 
 ----> psTTM 105 1 0.681169 0.318831 
 ----> psTTM 106 0 0.643415 0.356585 
 ----> psTTM 107 0 0.67369 0.32631 
 ----> psTTM 108 0 0.654108 0.345892 
 ----> psTTM 109 0 0.644491 0.355509 
 ----> psTTM 110 1 0.635606 0.364394 
 ----> psTTM 111 0 0.667995 0.332005 
 ----> psTTM 112 0 0.620852 0.379148 
 ----> psTTM 113 1 0.64706 0.35294 
 ----> psTTM 114 1 0.636003 0.363997 
 ----> psTTM 115 0 0.668311 0.331689 
 ----> psTTM 116 0 0.671349 0.328651 
 ----> psTTM 117 1 0.590384 0.409616 
 ----> psTTM 118 1 0.527525 0.472475 
 ----> psTTM 119 1 0.593264 0.406736 
 ----> psTTM 120 0 0.648897 0.351103 
 ----> psTTM 121 0 0.679071 0.320929 
 ----> psTTM 122 1 0.641609 0.358391 
 ----> psTTM 123 1 0.685052 0.314948 
 ----> psTTM 124 0 0.65758 0.34242 
 ----> psTTM 125 1 0.599949 0.400051 
 ----> psTTM 126 0 0.672301 0.327699 
 ----> psTTM 127 0 0.653833 0.346167 
 ----> psTTM 128 0 0.670847 0.329153 
 ----> psTTM 129 1 0.640754 0.359246 
 ----> psTTM 130 0 0.674905 0.325095 
 ----> psTTM 131 0 0.632989 0.367011 
 ----> psTTM 132 0 0.636321 0.363679 
 ----> psTTM 133 1 0.673974 0.326026 
 ----> psTTM 134 1 0.627375 0.372625 
 ----> psTTM 135 1 0.643079 0.356921 
 ----> psTTM 136 0 0.703855 0.296145 
 ----> psTTM 137 1 0.639973 0.360027 
 ----> psTTM 138 0 0.657051 0.342949 
 ----> psTTM 139 0 0.693807 0.306193 
 ----> psTTM 140 1 0.625698 0.374302 
 ----> psTTM 141 0 0.660633 0.339367 
 ----> psTTM 142 1 0.615588 0.384412 
 ----> psTTM 143 0 0.653565 0.346435 
 ----> psTTM 144 1 0.582317 0.417683 
 ----> psTTM 145 0 0.643234 0.356766 
 ----> psTTM 146 0 0.704371 0.295629 
 ----> psTTM 147 0 0.66366 0.33634 
 ----> psTTM 148 0 0.657624 0.342376 
 ----> psTTM 149 1 0.639892 0.360108 
 ----> psTTM 150 1 0.665421 0.334579 
 ----> psTTM 151 1 0.651948 0.348052 
 ----> psTTM 152 0 0.65471 0.34529 
 ----> psTTM 153 0 0.659213 0.340787 
 ----> psTTM 154 0 0.709912 0.290088 
 ----> psTTM 155 1 0.628046 0.371954 
 ----> psTTM 156 1 0.666659 0.333341 
 ----> psTTM 157 1 0.684116 0.315884 
 ----> psTTM 158 0 0.642481 0.357519 
 ----> psTTM 159 1 0.676302 0.323698 
 ----> psTTM 160 0 0.678468 0.321532 
 ----> psTTM 161 0 0.642975 0.357025 
 ----> psTTM 162 1 0.66845 0.33155 
 ----> psTTM 163 1 0.642531 0.357469 
 ----> psTTM 164 1 0.621412 0.378588 
 ----> psTTM 165 1 0.652958 0.347042 
 ----> psTTM 166 0 0.643336 0.356664 
 ----> psTTM 167 1 0.628396 0.371604 
 ----> psTTM 168 0 0.684055 0.315945 
 ----> psTTM 169 0 0.664 0.336 
 ----> psTTM 170 1 0.613693 0.386307 
 ----> psTTM 171 1 0.597943 0.402057 
 ----> psTTM 172 0 0.645918 0.354082 
 ----> psTTM 173 1 0.572972 0.427028 
 ----> psTTM 174 0 0.669022 0.330978 
 ----> psTTM 175 1 0.62538 0.37462 
 ----> psTTM 176 0 0.678534 0.321466 
 ----> psTTM 177 0 0.676617 0.323383 
 ----> psTTM 178 1 0.610459 0.389541 
 ----> psTTM 179 0 0.631712 0.368288 
 ----> psTTM 180 0 0.689988 0.310012 
 ----> psTTM 181 0 0.685599 0.314401 
 ----> psTTM 182 0 0.663501 0.336499 
 ----> psTTM 183 1 0.578416 0.421584 
 ----> psTTM 184 1 0.599958 0.400042 
 ----> psTTM 185 0 0.667586 0.332414 
 ----> psTTM 186 0 0.633175 0.366825 
 ----> psTTM 187 0 0.636108 0.363892 
 ----> psTTM 188 1 0.636866 0.363134 
 ----> psTTM 189 1 0.6465 0.3535 
 ----> psTTM 190 0 0.677078 0.322922 
 ----> psTTM 191 0 0.673419 0.326581 
 ----> psTTM 192 1 0.660961 0.339039 
 ----> psTTM 193 0 0.716186 0.283814 
 ----> psTTM 194 0 0.689263 0.310737 
 ----> psTTM 195 0 0.662543 0.337457 
 ----> psTTM 196 1 0.678594 0.321406 
 ----> psTTM 197 0 0.660947 0.339053 
 ----> psTTM 198 0 0.703869 0.296131 
 ----> psTTM 199 0 0.671771 0.328229 
 ----> psTTM 200 0 0.619295 0.380705 
 ----> psTTM 201 0 0.689606 0.310394 
 ----> psTTM 202 0 0.658935 0.341065 
 ----> psTTM 203 1 0.607947 0.392053 
 ----> psTTM 204 1 0.622722 0.377278 
 ----> psTTM 205 0 0.66956 0.33044 
 ----> psTTM 206 1 0.672971 0.327029 
 ----> psTTM 207 1 0.6794 0.3206 
 ----> psTTM 208 0 0.65873 0.34127 
 ----> psTTM 209 0 0.629157 0.370843 
 ----> psTTM 210 0 0.643901 0.356099 
 ----> psTTM 211 0 0.624425 0.375575 
 ----> psTTM 212 0 0.670287 0.329713 
 ----> psTTM 213 1 0.657558 0.342442 
 ----> psTTM 214 0 0.685373 0.314627 
 ----> psTTM 215 1 0.657482 0.342518 
 ----> psTTM 216 0 0.654096 0.345904 
 ----> psTTM 217 1 0.628304 0.371696 
 ----> psTTM 218 0 0.648128 0.351872 
 ----> psTTM 219 0 0.680957 0.319043 
 ----> psTTM 220 0 0.690498 0.309502 
 ----> psTTM 221 0 0.660423 0.339577 
 ----> psTTM 222 1 0.675497 0.324503 
 ----> psTTM 223 1 0.644248 0.355752 
 ----> psTTM 224 0 0.693456 0.306544 
 ----> psTTM 225 1 0.673368 0.326632 
 ----> psTTM 226 1 0.65685 0.34315 
 ----> psTTM 227 0 0.632747 0.367253 
 ----> psTTM 228 0 0.65601 0.34399 
 ----> psTTM 229 0 0.644531 0.355469 
 ----> psTTM 230 0 0.673881 0.326119 
 ----> psTTM 231 0 0.687358 0.312642 
 ----> psTTM 232 1 0.668869 0.331131 
 ----> psTTM 233 0 0.670382 0.329618 
 ----> psTTM 234 0 0.650098 0.349902 
 ----> psTTM 235 0 0.67015 0.32985 
 ----> psTTM 236 1 0.64409 0.35591 
 ----> psTTM 237 0 0.685093 0.314907 
 ----> psTTM 238 0 0.638297 0.361703 
 ----> psTTM 239 0 0.731298 0.268702 
 ----> psTTM 240 1 0.593874 0.406126 
 ----> psTTM 241 0 0.697616 0.302384 
 ----> psTTM 242 1 0.662588 0.337412 
 ----> psTTM 243 0 0.682153 0.317847 
 ----> psTTM 244 1 0.650079 0.349921 
 ----> psTTM 245 1 0.657429 0.342571 
 ----> psTTM 246 0 0.681249 0.318751 
 ----> psTTM 247 0 0.696059 0.303941 
 ----> psTTM 248 1 0.669979 0.330021 
 ----> psTTM 249 1 0.642851 0.357149 
 ----> psTTM 250 0 0.688458 0.311542 
 ----> psTTM 251 0 0.688836 0.311164 
 ----> psTTM 252 0 0.670247 0.329753 
 ----> psTTM 253 1 0.657667 0.342333 
 ----> psTTM 254 0 0.678388 0.321612 
 ----> psTTM 255 1 0.661875 0.338125 
 ----> psTTM 256 0 0.671836 0.328164 
 ----> psTTM 257 0 0.674186 0.325814 
 ----> psTTM 258 0 0.687213 0.312787 
 ----> psTTM 259 0 0.661534 0.338466 
 ----> psTTM 260 1 0.655946 0.344054 
 ----> psTTM 261 1 0.672283 0.327717 
 ----> psTTM 262 0 0.66854 0.33146 
 ----> psTTM 263 1 0.649356 0.350644 
 ----> psTTM 264 1 0.633255 0.366745 
 ----> psTTM 265 1 0.632571 0.367429 
 ----> psTTM 266 0 0.696391 0.303609 
 ----> psTTM 267 0 0.670456 0.329544 
 ----> psTTM 268 0 0.668806 0.331194 
 ----> psTTM 269 0 0.663852 0.336148 
 ----> psTTM 270 1 0.631262 0.368738 
 ----> psTTM 271 1 0.623522 0.376478 
 ----> psTTM 272 0 0.678493 0.321507 
 ----> psTTM 273 0 0.724203 0.275797 
 ----> psTTM 274 1 0.662412 0.337588 
 ----> psTTM 275 1 0.631073 0.368927 
 ----> psTTM 276 0 0.678741 0.321259 
 ----> psTTM 277 0 0.690352 0.309648 
 ----> psTTM 278 0 0.684892 0.315108 
 ----> psTTM 279 1 0.644264 0.355736 
 ----> psTTM 280 1 0.623184 0.376816 
 ----> psTTM 281 0 0.677966 0.322034 
 ----> psTTM 282 1 0.630255 0.369745 
 ----> psTTM 283 1 0.640219 0.359781 
 ----> psTTM 284 1 0.627834 0.372166 
 ----> psTTM 285 0 0.65014 0.34986 
 ----> psTTM 286 0 0.681733 0.318267 
 ----> psTTM 287 0 0.68739 0.31261 
 ----> psTTM 288 1 0.666215 0.333785 
 ----> psTTM 289 0 0.660657 0.339343 
 ----> psTTM 290 0 0.655362 0.344638 
 ----> psTTM 291 1 0.648318 0.351682 
 ----> psTTM 292 0 0.617635 0.382365 
 ----> psTTM 293 1 0.603845 0.396155 
 ----> psTTM 294 1 0.603397 0.396603 
 ----> psTTM 295 0 0.687338 0.312662 
 ----> psTTM 296 0 0.730995 0.269005 
 ----> psTTM 297 0 0.710552 0.289448 
 ----> psTTM 298 1 0.67374 0.32626 
 ----> psTTM 299 0 0.659372 0.340628 
 ----> psTTM 300 0 0.658533 0.341467 
 ----> psTTM 301 0 0.656826 0.343174 
 ----> psTTM 302 0 0.693525 0.306475 
 ----> psTTM 303 0 0.659982 0.340018 
 ----> psTTM 304 0 0.68864 0.31136 
 ----> psTTM 305 0 0.65834 0.34166 
 ----> psTTM 306 0 0.686738 0.313262 
 ----> psTTM 307 1 0.677891 0.322109 
 ----> psTTM 308 0 0.671809 0.328191 
 ----> psTTM 309 1 0.634295 0.365705 
 ----> psTTM 310 0 0.6827 0.3173 
 ----> psTTM 311 0 0.696921 0.303079 
 ----> psTTM 312 0 0.667696 0.332304 
 ----> psTTM 313 1 0.64412 0.35588 
 ----> psTTM 314 0 0.689523 0.310477 
 ----> psTTM 315 0 0.67324 0.32676 
 ----> psTTM 316 0 0.700277 0.299723 
 ----> psTTM 317 0 0.687982 0.312018 
 ----> psTTM 318 0 0.688646 0.311354 
 ----> psTTM 319 0 0.687768 0.312232 
 ----> psTTM 320 0 0.672195 0.327805 
 ----> psTTM 321 1 0.638469 0.361531 
 ----> psTTM 322 1 0.675188 0.324812 
 ----> psTTM 323 0 0.670512 0.329488 
 ----> psTTM 324 0 0.704987 0.295013 
 ----> psTTM 325 0 0.689217 0.310783 
 ----> psTTM 326 1 0.638759 0.361241 
 ----> psTTM 327 1 0.667915 0.332085 
 ----> psTTM 328 0 0.660127 0.339873 
 ----> psTTM 329 0 0.665265 0.334735 
 ----> psTTM 330 0 0.669701 0.330299 
 ----> psTTM 331 0 0.683023 0.316977 
 ----> psTTM 332 0 0.699707 0.300293 
 ----> psTTM 333 1 0.680636 0.319364 
 ----> psTTM 334 1 0.657369 0.342631 
 ----> psTTM 335 0 0.672446 0.327554 
 ----> psTTM 336 1 0.653384 0.346616 
 ----> psTTM 337 1 0.677259 0.322741 
 ----> psTTM 338 1 0.677507 0.322493 
 ----> psTTM 339 0 0.718103 0.281897 
 ----> psTTM 340 0 0.695614 0.304386 
 ----> psTTM 341 1 0.642957 0.357043 
 ----> psTTM 342 1 0.644955 0.355045 
 ----> psTTM 343 0 0.660481 0.339519 
 ----> psTTM 344 0 0.68349 0.31651 
 ----> psTTM 345 0 0.643699 0.356301 
 ----> psTTM 346 0 0.681304 0.318696 
 ----> psTTM 347 1 0.659907 0.340093 
 ----> psTTM 348 0 0.627848 0.372152 
 ----> psTTM 349 0 0.679217 0.320783 
 ----> psTTM 350 1 0.676275 0.323725 
 ----> psTTM 351 0 0.664686 0.335314 
 ----> psTTM 352 0 0.64679 0.35321 
 ----> psTTM 353 0 0.658855 0.341145 
 ----> psTTM 354 0 0.691126 0.308874 
 ----> psTTM 355 0 0.633681 0.366319 
 ----> psTTM 356 0 0.658827 0.341173 
 ----> psTTM 357 1 0.662649 0.337351 
 ----> psTTM 358 0 0.67891 0.32109 
 ----> psTTM 359 0 0.679781 0.320219 
 ----> psTTM 360 0 0.677736 0.322264 
 ----> psTTM 361 0 0.679043 0.320957 
 ----> psTTM 362 1 0.665266 0.334734 
 ----> psTTM 363 0 0.676819 0.323181 
 ----> psTTM 364 0 0.661054 0.338946 
 ----> psTTM 365 0 0.685928 0.314072 
 ----> psTTM 366 1 0.641336 0.358664 
 ----> psTTM 367 0 0.685508 0.314492 
 ----> psTTM 368 0 0.707223 0.292777 
 ----> psTTM 369 0 0.669956 0.330044 
 ----> psTTM 370 1 0.65178 0.34822 
 ----> psTTM 371 0 0.697518 0.302482 
 ----> psTTM 372 0 0.68799 0.31201 
 ----> psTTM 373 0 0.710465 0.289535 
 ----> psTTM 374 0 0.672223 0.327777 
 ----> psTTM 375 1 0.657107 0.342893 
 ----> psTTM 376 0 0.678226 0.321774 
 ----> psTTM 377 0 0.645777 0.354223 
 ----> psTTM 378 1 0.667072 0.332928 
 ----> psTTM 379 0 0.677002 0.322998 
 ----> psTTM 380 0 0.693313 0.306687 
 ----> psTTM 381 0 0.686805 0.313195 
 ----> psTTM 382 0 0.645015 0.354985 
 ----> psTTM 383 0 0.685337 0.314663 
 ----> psTTM 384 0 0.675604 0.324396 
 ----> psTTM 385 1 0.665286 0.334714 
 ----> psTTM 386 0 0.650975 0.349025 
 ----> psTTM 387 1 0.675841 0.324159 
 ----> psTTM 388 1 0.674476 0.325524 
 ----> psTTM 389 0 0.660656 0.339344 
 ----> psTTM 390 0 0.648813 0.351187 
 ----> psTTM 391 0 0.631571 0.368429 
 ----> psTTM 392 1 0.664421 0.335579 
 ----> psTTM 393 1 0.65685 0.34315 
 ----> psTTM 394 0 0.680145 0.319855 
 ----> psTTM 395 0 0.648083 0.351917 
 ----> psTTM 396 0 0.687534 0.312466 
 ----> psTTM 397 0 0.675068 0.324932 
 ----> psTTM 398 1 0.633651 0.366349 
 ----> psTTM 399 1 0.658368 0.341632 
 ----> psTTM 400 1 0.683928 0.316072 
 ----> psTTM 401 0 0.668853 0.331147 
 ----> psTTM 402 0 0.715755 0.284245 
 ----> psTTM 403 0 0.66926 0.33074 
 ----> psTTM 404 0 0.664464 0.335536 
 ----> psTTM 405 0 0.69148 0.30852 
 ----> psTTM 406 1 0.654189 0.345811 
 ----> psTTM 407 1 0.657724 0.342276 
 ----> psTTM 408 0 0.652735 0.347265 
 ----> psTTM 409 1 0.607841 0.392159 
 ----> psTTM 410 0 0.658566 0.341434 
 ----> psTTM 411 0 0.672721 0.327279 
 ----> psTTM 412 1 0.64542 0.35458 
 ----> psTTM 413 1 0.644325 0.355675 
 ----> psTTM 414 0 0.655414 0.344586 
 ----> psTTM 415 1 0.643201 0.356799 
 ----> psTTM 416 0 0.648867 0.351133 
 ----> psTTM 417 0 0.704353 0.295647 
 ----> psTTM 418 1 0.675759 0.324241 
 ----> psTTM 419 0 0.632784 0.367216 
 ----> psTTM 420 0 0.683079 0.316921 
 ----> psTTM 421 0 0.626047 0.373953 
 ----> psTTM 422 0 0.597841 0.402159 
 ----> psTTM 423 0 0.669147 0.330853 
 ----> psTTM 424 0 0.658815 0.341185 
 ----> psTTM 425 0 0.664092 0.335908 
 ----> psTTM 426 1 0.632998 0.367002 
 ----> psTTM 427 0 0.66694 0.33306 
 ----> psTTM 428 0 0.656387 0.343613 
 ----> psTTM 429 0 0.713928 0.286072 
 ----> psTTM 430 0 0.713498 0.286502 
 ----> psTTM 431 0 0.682915 0.317085 
 ----> psTTM 432 0 0.669416 0.330584 
 ----> psTTM 433 0 0.675761 0.324239 
 ----> psTTM 434 0 0.684053 0.315947 
 ----> psTTM 435 1 0.68208 0.31792 
 ----> psTTM 436 0 0.695087 0.304913 
 ----> psTTM 437 0 0.724084 0.275916 
 ----> psTTM 438 0 0.696218 0.303782 
 ----> psTTM 439 0 0.700825 0.299175 
 ----> psTTM 440 0 0.691453 0.308547 
 ----> psTTM 441 0 0.70003 0.29997 
 ----> psTTM 442 0 0.687797 0.312203 
 ----> psTTM 443 0 0.670168 0.329832 
 ----> psTTM 444 0 0.723418 0.276582 
 ----> psTTM 445 1 0.667785 0.332215 
 ----> psTTM 446 0 0.693294 0.306706 
 ----> psTTM 447 0 0.66885 0.33115 
 ----> psTTM 448 0 0.676094 0.323906 
 ----> psTTM 449 0 0.678518 0.321482 
 ----> psTTM 450 0 0.681392 0.318608 
 ----> psTTM 451 0 0.684202 0.315798 
 ----> psTTM 452 0 0.715495 0.284505 
 ----> psTTM 453 0 0.723482 0.276518 
 ----> psTTM 454 1 0.649343 0.350657 
 ----> psTTM 455 0 0.694785 0.305215 
 ----> psTTM 456 0 0.683168 0.316832 
 ----> psTTM 457 0 0.681411 0.318589 
 ----> psTTM 458 1 0.667757 0.332243 
 ----> psTTM 459 0 0.702939 0.297061 
 ----> psTTM 460 0 0.675155 0.324845 
 ----> psTTM 461 1 0.673835 0.326165 
 ----> psTTM 462 0 0.713381 0.286619 
 ----> psTTM 463 0 0.702064 0.297936 
 ----> psTTM 464 0 0.684485 0.315515 
 ----> psTTM 465 0 0.713975 0.286025 
 ----> psTTM 466 0 0.677561 0.322439 
 ----> psTTM 467 1 0.662567 0.337433 
 ----> psTTM 468 0 0.689663 0.310337 
 ----> psTTM 469 0 0.688666 0.311334 
 ----> psTTM 470 1 0.673124 0.326876 
 ----> psTTM 471 1 0.685417 0.314583 
 ----> psTTM 472 0 0.706994 0.293006 
 ----> psTTM 473 1 0.639101 0.360899 
 ----> psTTM 474 0 0.687793 0.312207 
 ----> psTTM 475 0 0.697194 0.302806 
 ----> psTTM 476 0 0.689823 0.310177 
 ----> psTTM 477 1 0.698964 0.301036 
 ----> psTTM 478 0 0.700882 0.299118 
 ----> psTTM 479 1 0.700777 0.299223 
 ----> psTTM 480 0 0.694159 0.305841 
 ----> psTTM 481 0 0.680726 0.319274 
 ----> psTTM 482 0 0.704933 0.295067 
 ----> psTTM 483 1 0.690877 0.309123 
 ----> psTTM 484 0 0.734969 0.265031 
 ----> psTTM 485 0 0.68805 0.31195 
 ----> psTTM 486 0 0.64909 0.35091 
 ----> psTTM 487 0 0.662478 0.337522 
 ----> psTTM 488 1 0.670009 0.329991 
 ----> psTTM 489 1 0.626579 0.373421 
 ----> psTTM 490 0 0.68288 0.31712 
 ----> psTTM 491 1 0.628178 0.371822 
 ----> psTTM 492 0 0.662262 0.337738 
 ----> psTTM 493 0 0.716976 0.283024 
 ----> psTTM 494 0 0.706073 0.293927 
 ----> psTTM 495 1 0.638154 0.361846 
 ----> psTTM 496 0 0.684844 0.315156 
 ----> psTTM 497 0 0.650974 0.349026 
 ----> psTTM 498 0 0.660349 0.339651 
 ----> psTTM 499 1 0.665551 0.334449 
 ----> psTTM 500 1 0.689791 0.310209 
 ----> psTTM 501 0 0.662163 0.337837 
 ----> psTTM 502 0 0.67163 0.32837 
 ----> psTTM 503 0 0.655872 0.344128 
 ----> psTTM 504 0 0.652721 0.347279 
 ----> psTTM 505 0 0.696195 0.303805 
 ----> psTTM 506 0 0.65694 0.34306 
 ----> psTTM 507 0 0.6476 0.3524 
 ----> psTTM 508 1 0.674011 0.325989 
 ----> psTTM 509 1 0.639517 0.360483 
 ----> psTTM 510 0 0.678224 0.321776 
 ----> psTTM 511 0 0.654632 0.345368 
 ----> psTTM 512 0 0.682484 0.317516 
 ----> psTTM 513 0 0.625302 0.374698 
 ----> psTTM 514 1 0.651671 0.348329 
 ----> psTTM 515 0 0.658947 0.341053 
 ----> psTTM 516 0 0.627748 0.372252 
 ----> psTTM 517 1 0.698027 0.301973 
 ----> psTTM 518 0 0.684575 0.315425 
 ----> psTTM 519 0 0.679073 0.320927 
 ----> psTTM 520 1 0.634505 0.365495 
 ----> psTTM 521 1 0.657714 0.342286 
 ----> psTTM 522 0 0.636129 0.363871 
 ----> psTTM 523 1 0.662266 0.337734 
 ----> psTTM 524 0 0.708912 0.291088 
 ----> psTTM 525 0 0.643378 0.356622 
 ----> psTTM 526 0 0.672751 0.327249 
 ----> psTTM 527 0 0.740249 0.259751 
 ----> psTTM 528 0 0.664059 0.335941 
 ----> psTTM 529 1 0.61978 0.38022 
 ----> psTTM 530 0 0.67396 0.32604 
 ----> psTTM 531 1 0.644456 0.355544 
 ----> psTTM 532 0 0.651364 0.348636 
 ----> psTTM 533 0 0.691768 0.308232 
 ----> psTTM 534 0 0.680276 0.319724 
 ----> psTTM 535 1 0.610075 0.389925 
 ----> psTTM 536 0 0.679341 0.320659 
 ----> psTTM 537 0 0.670971 0.329029 
 ----> psTTM 538 0 0.627252 0.372748 
 ----> psTTM 539 1 0.642607 0.357393 
 ----> psTTM 540 0 0.665992 0.334008 
 ----> psTTM 541 1 0.651999 0.348001 
 ----> psTTM 542 0 0.721735 0.278265 
 ----> psTTM 543 1 0.618348 0.381652 
 ----> psTTM 544 0 0.726699 0.273301 
 ----> psTTM 545 1 0.605499 0.394501 
 ----> psTTM 546 0 0.717442 0.282558 
 ----> psTTM 547 0 0.665957 0.334043 
 ----> psTTM 548 1 0.658831 0.341169 
 ----> psTTM 549 0 0.644325 0.355675 
 ----> psTTM 550 0 0.672733 0.327267 
 ----> psTTM 551 0 0.65885 0.34115 
 ----> psTTM 552 1 0.675287 0.324713 
 ----> psTTM 553 1 0.601953 0.398047 
 ----> psTTM 554 1 0.662496 0.337504 
 ----> psTTM 555 1 0.664472 0.335528 
 ----> psTTM 556 0 0.663179 0.336821 
 ----> psTTM 557 0 0.666477 0.333523 
 ----> psTTM 558 0 0.690459 0.309541 
 ----> psTTM 559 0 0.662088 0.337912 
 ----> psTTM 560 0 0.670523 0.329477 
 ----> psTTM 561 1 0.658092 0.341908 
 ----> psTTM 562 0 0.674286 0.325714 
 ----> psTTM 563 0 0.691543 0.308457 
 ----> psTTM 564 0 0.669637 0.330363 
 ----> psTTM 565 0 0.672755 0.327245 
 ----> psTTM 566 0 0.687291 0.312709 
 ----> psTTM 567 0 0.694441 0.305559 
 ----> psTTM 568 0 0.64655 0.35345 
 ----> psTTM 569 1 0.653444 0.346556 
 ----> psTTM 570 0 0.677991 0.322009 
 ----> psTTM 571 1 0.652053 0.347947 
 ----> psTTM 572 0 0.726774 0.273226 
 ----> psTTM 573 0 0.663391 0.336609 
 ----> psTTM 574 0 0.69994 0.30006 
 ----> psTTM 575 1 0.68371 0.31629 
 ----> psTTM 576 0 0.702388 0.297612 
 ----> psTTM 577 1 0.603653 0.396347 
 ----> psTTM 578 0 0.710322 0.289678 
 ----> psTTM 579 0 0.699858 0.300142 
 ----> psTTM 580 1 0.701116 0.298884 
 ----> psTTM 581 0 0.684067 0.315933 
 ----> psTTM 582 0 0.699515 0.300485 
 ----> psTTM 583 1 0.661383 0.338617 
 ----> psTTM 584 0 0.686443 0.313557 
 ----> psTTM 585 0 0.671451 0.328549 
 ----> psTTM 586 0 0.699634 0.300366 
 ----> psTTM 587 0 0.69836 0.30164 
 ----> psTTM 588 0 0.702531 0.297469 
 ----> psTTM 589 1 0.673326 0.326674 
 ----> psTTM 590 0 0.676042 0.323958 
 ----> psTTM 591 1 0.623334 0.376666 
 ----> psTTM 592 1 0.665752 0.334248 
 ----> psTTM 593 0 0.675819 0.324181 
 ----> psTTM 594 0 0.665107 0.334893 
 ----> psTTM 595 0 0.661165 0.338835 
 ----> psTTM 596 0 0.680238 0.319762 
 ----> psTTM 597 0 0.676133 0.323867 
 ----> psTTM 598 0 0.676223 0.323777 
 ----> psTTM 599 0 0.700845 0.299155 
 ----> psTTM 600 0 0.678558 0.321442 
 ----> psTTM 601 0 0.689793 0.310207 
 ----> psTTM 602 1 0.673341 0.326659 
 ----> psTTM 603 0 0.668435 0.331565 
 ----> psTTM 604 0 0.702052 0.297948 
 ----> psTTM 605 0 0.66947 0.33053 
 ----> psTTM 606 0 0.706739 0.293261 
 ----> psTTM 607 1 0.661609 0.338391 
 ----> psTTM 608 0 0.662183 0.337817 
 ----> psTTM 609 0 0.678712 0.321288 
 ----> psTTM 610 0 0.666602 0.333398 
 ----> psTTM 611 0 0.692871 0.307129 
 ----> psTTM 612 0 0.692498 0.307502 
 ----> psTTM 613 0 0.701488 0.298512 
 ----> psTTM 614 0 0.688756 0.311244 
 ----> psTTM 615 0 0.685741 0.314259 
 ----> psTTM 616 0 0.705557 0.294443 
 ----> psTTM 617 0 0.679562 0.320438 
 ----> psTTM 618 0 0.697141 0.302859 
 ----> psTTM 619 1 0.683322 0.316678 
 ----> psTTM 620 0 0.688712 0.311288 
 ----> psTTM 621 0 0.657658 0.342342 
 ----> psTTM 622 0 0.689462 0.310538 
 ----> psTTM 623 1 0.677241 0.322759 
 ----> psTTM 624 0 0.711638 0.288362 
 ----> psTTM 625 0 0.680951 0.319049 
 ----> psTTM 626 0 0.696058 0.303942 
 ----> psTTM 627 0 0.723842 0.276158 
 ----> psTTM 628 1 0.689929 0.310071 
 ----> psTTM 629 0 0.711242 0.288758 
 ----> psTTM 630 0 0.711275 0.288725 
 ----> psTTM 631 1 0.65676 0.34324 
 ----> psTTM 632 1 0.66778 0.33222 
 ----> psTTM 633 0 0.729913 0.270087 
 ----> psTTM 634 1 0.709282 0.290718 
 ----> psTTM 635 0 0.693946 0.306054 
 ----> psTTM 636 1 0.67362 0.32638 
 ----> psTTM 637 0 0.681682 0.318318 
 ----> psTTM 638 0 0.675732 0.324268 
 ----> psTTM 639 1 0.671507 0.328493 
 ----> psTTM 640 0 0.691301 0.308699 
 ----> psTTM 641 0 0.707887 0.292113 
 ----> psTTM 642 0 0.668468 0.331532 
 ----> psTTM 643 0 0.687223 0.312777 
 ----> psTTM 644 0 0.676969 0.323031 
 ----> psTTM 645 0 0.705759 0.294241 
 ----> psTTM 646 1 0.629058 0.370942 
 ----> psTTM 647 0 0.641151 0.358849 
 ----> psTTM 648 0 0.670476 0.329524 
 ----> psTTM 649 0 0.662393 0.337607 
 ----> psTTM 650 0 0.655098 0.344902 
 ----> psTTM 651 1 0.64789 0.35211 
 ----> psTTM 652 0 0.685521 0.314479 
 ----> psTTM 653 1 0.644583 0.355417 
 ----> psTTM 654 0 0.682264 0.317736 
 ----> psTTM 655 0 0.668614 0.331386 
 ----> psTTM 656 0 0.667233 0.332767 
 ----> psTTM 657 0 0.701886 0.298114 
 ----> psTTM 658 0 0.676727 0.323273 
 ----> psTTM 659 0 0.658821 0.341179 
 ----> psTTM 660 0 0.691217 0.308783 
 ----> psTTM 661 0 0.666227 0.333773 
 ----> psTTM 662 0 0.717311 0.282689 
 ----> psTTM 663 1 0.694183 0.305817 
 ----> psTTM 664 1 0.665857 0.334143 
 ----> psTTM 665 0 0.65693 0.34307 
 ----> psTTM 666 0 0.671776 0.328224 
 ----> psTTM 667 0 0.68293 0.31707 
 ----> psTTM 668 0 0.70088 0.29912 
 ----> psTTM 669 0 0.689674 0.310326 
 ----> psTTM 670 0 0.689935 0.310065 
 ----> psTTM 671 0 0.658744 0.341256 
 ----> psTTM 672 0 0.715221 0.284779 
 ----> psTTM 673 0 0.70222 0.29778 
 ----> psTTM 674 1 0.673693 0.326307 
 ----> psTTM 675 1 0.660855 0.339145 
 ----> psTTM 676 0 0.667562 0.332438 
 ----> psTTM 677 1 0.658669 0.341331 
 ----> psTTM 678 1 0.647889 0.352111 
 ----> psTTM 679 0 0.680606 0.319394 
 ----> psTTM 680 1 0.676641 0.323359 
 ----> psTTM 681 0 0.658487 0.341513 
 ----> psTTM 682 0 0.687496 0.312504 
 ----> psTTM 683 0 0.665906 0.334094 
 ----> psTTM 684 0 0.691702 0.308298 
 ----> psTTM 685 0 0.66688 0.33312 
 ----> psTTM 686 0 0.690955 0.309045 
 ----> psTTM 687 0 0.653845 0.346155 
 ----> psTTM 688 0 0.700707 0.299293 
 ----> psTTM 689 0 0.650249 0.349751 
 ----> psTTM 690 1 0.625294 0.374706 
 ----> psTTM 691 0 0.722389 0.277611 
 ----> psTTM 692 0 0.675179 0.324821 
 ----> psTTM 693 1 0.662943 0.337057 
 ----> psTTM 694 0 0.662936 0.337064 
 ----> psTTM 695 0 0.667813 0.332187 
 ----> psTTM 696 0 0.683078 0.316922 
 ----> psTTM 697 0 0.654028 0.345972 
 ----> psTTM 698 1 0.672509 0.327491 
 ----> psTTM 699 0 0.680329 0.319671 
 ----> psTTM 700 1 0.6784 0.3216 
 ----> psTTM 701 0 0.696216 0.303784 
 ----> psTTM 702 0 0.679126 0.320874 
 ----> psTTM 703 0 0.689421 0.310579 
 ----> psTTM 704 0 0.678895 0.321105 
 ----> psTTM 705 0 0.675703 0.324297 
 ----> psTTM 706 0 0.680334 0.319666 
 ----> psTTM 707 0 0.702403 0.297597 
 ----> psTTM 708 0 0.709912 0.290088 
 ----> psTTM 709 0 0.671663 0.328337 
 ----> psTTM 710 0 0.676772 0.323228 
 ----> psTTM 711 0 0.686402 0.313598 
 ----> psTTM 712 0 0.660403 0.339597 
 ----> psTTM 713 1 0.675018 0.324982 
 ----> psTTM 714 1 0.689794 0.310206 
 ----> psTTM 715 1 0.689759 0.310241 
 ----> psTTM 716 1 0.70126 0.29874 
 ----> psTTM 717 0 0.683075 0.316925 
 ----> psTTM 718 0 0.675289 0.324711 
