 ----> psTTM 1 1 0.651547 0.348453 
 ----> psTTM 2 0 0.678454 0.321546 
 ----> psTTM 3 1 0.625326 0.374674 
 ----> psTTM 4 1 0.646077 0.353923 
 ----> psTTM 5 1 0.634277 0.365723 
 ----> psTTM 6 1 0.659234 0.340766 
 ----> psTTM 7 0 0.684338 0.315662 
 ----> psTTM 8 0 0.648105 0.351895 
 ----> psTTM 9 0 0.664485 0.335515 
 ----> psTTM 10 1 0.674234 0.325766 
 ----> psTTM 11 1 0.643736 0.356264 
 ----> psTTM 12 0 0.653922 0.346078 
 ----> psTTM 13 0 0.657448 0.342552 
 ----> psTTM 14 1 0.664836 0.335164 
 ----> psTTM 15 1 0.675353 0.324647 
 ----> psTTM 16 1 0.652329 0.347671 
 ----> psTTM 17 1 0.680083 0.319917 
 ----> psTTM 18 0 0.66643 0.33357 
 ----> psTTM 19 0 0.665887 0.334113 
 ----> psTTM 20 0 0.669202 0.330798 
 ----> psTTM 21 1 0.67533 0.32467 
 ----> psTTM 22 0 0.648773 0.351227 
 ----> psTTM 23 0 0.650294 0.349706 
 ----> psTTM 24 0 0.637667 0.362333 
 ----> psTTM 25 0 0.661153 0.338847 
 ----> psTTM 26 1 0.679763 0.320237 
 ----> psTTM 27 1 0.629858 0.370142 
 ----> psTTM 28 1 0.632932 0.367068 
 ----> psTTM 29 0 0.690431 0.309569 
 ----> psTTM 30 0 0.66252 0.33748 
 ----> psTTM 31 0 0.661414 0.338586 
 ----> psTTM 32 0 0.65951 0.34049 
 ----> psTTM 33 0 0.705931 0.294069 
 ----> psTTM 34 0 0.638768 0.361232 
 ----> psTTM 35 1 0.655804 0.344196 
 ----> psTTM 36 0 0.679114 0.320886 
 ----> psTTM 37 0 0.649546 0.350454 
 ----> psTTM 38 0 0.675388 0.324612 
 ----> psTTM 39 0 0.682218 0.317782 
 ----> psTTM 40 1 0.649411 0.350589 
 ----> psTTM 41 1 0.633375 0.366625 
 ----> psTTM 42 1 0.665931 0.334069 
 ----> psTTM 43 0 0.704626 0.295374 
 ----> psTTM 44 1 0.634539 0.365461 
 ----> psTTM 45 1 0.634577 0.365423 
 ----> psTTM 46 0 0.679375 0.320625 
 ----> psTTM 47 1 0.665446 0.334554 
 ----> psTTM 48 1 0.672492 0.327508 
 ----> psTTM 49 1 0.69351 0.30649 
 ----> psTTM 50 1 0.641994 0.358006 
 ----> psTTM 51 0 0.722395 0.277605 
 ----> psTTM 52 1 0.616008 0.383992 
 ----> psTTM 53 0 0.675206 0.324794 
 ----> psTTM 54 0 0.677668 0.322332 
 ----> psTTM 55 0 0.647905 0.352095 
 ----> psTTM 56 1 0.637325 0.362675 
 ----> psTTM 57 1 0.622499 0.377501 
 ----> psTTM 58 0 0.710745 0.289255 
 ----> psTTM 59 1 0.654795 0.345205 
 ----> psTTM 60 0 0.66202 0.33798 
 ----> psTTM 61 0 0.651788 0.348212 
 ----> psTTM 62 0 0.715167 0.284833 
 ----> psTTM 63 1 0.66661 0.33339 
 ----> psTTM 64 1 0.610165 0.389835 
 ----> psTTM 65 0 0.702692 0.297308 
 ----> psTTM 66 0 0.678955 0.321045 
 ----> psTTM 67 1 0.645102 0.354898 
 ----> psTTM 68 1 0.667583 0.332417 
 ----> psTTM 69 0 0.696262 0.303738 
 ----> psTTM 70 0 0.672606 0.327394 
 ----> psTTM 71 1 0.644878 0.355122 
 ----> psTTM 72 1 0.690375 0.309625 
 ----> psTTM 73 0 0.651895 0.348105 
 ----> psTTM 74 0 0.698099 0.301901 
 ----> psTTM 75 0 0.685044 0.314956 
 ----> psTTM 76 1 0.636655 0.363345 
 ----> psTTM 77 0 0.672701 0.327299 
 ----> psTTM 78 1 0.674978 0.325022 
 ----> psTTM 79 0 0.687941 0.312059 
 ----> psTTM 80 1 0.642119 0.357881 
 ----> psTTM 81 1 0.653678 0.346322 
 ----> psTTM 82 1 0.65487 0.34513 
 ----> psTTM 83 1 0.646492 0.353508 
 ----> psTTM 84 1 0.639953 0.360047 
 ----> psTTM 85 0 0.680347 0.319653 
 ----> psTTM 86 0 0.641805 0.358195 
 ----> psTTM 87 1 0.610042 0.389958 
 ----> psTTM 88 1 0.632144 0.367856 
 ----> psTTM 89 1 0.655351 0.344649 
 ----> psTTM 90 1 0.660196 0.339804 
 ----> psTTM 91 1 0.635715 0.364285 
 ----> psTTM 92 0 0.694059 0.305941 
 ----> psTTM 93 0 0.663221 0.336779 
 ----> psTTM 94 1 0.628826 0.371174 
 ----> psTTM 95 0 0.657824 0.342176 
 ----> psTTM 96 0 0.681789 0.318211 
 ----> psTTM 97 1 0.660245 0.339755 
 ----> psTTM 98 1 0.641586 0.358414 
 ----> psTTM 99 1 0.626582 0.373418 
 ----> psTTM 100 0 0.569016 0.430984 
 ----> psTTM 101 1 0.586678 0.413322 
 ----> psTTM 102 0 0.706478 0.293522 
 ----> psTTM 103 0 0.660087 0.339913 
 ----> psTTM 104 0 0.733055 0.266945 
 ----> psTTM 105 1 0.645199 0.354801 
 ----> psTTM 106 0 0.724538 0.275462 
 ----> psTTM 107 0 0.68942 0.31058 
 ----> psTTM 108 0 0.703702 0.296298 
 ----> psTTM 109 0 0.718875 0.281125 
 ----> psTTM 110 1 0.673875 0.326125 
 ----> psTTM 111 0 0.617985 0.382015 
 ----> psTTM 112 0 0.665866 0.334134 
 ----> psTTM 113 1 0.554308 0.445692 
 ----> psTTM 114 1 0.667343 0.332657 
 ----> psTTM 115 0 0.696736 0.303264 
 ----> psTTM 116 0 0.679208 0.320792 
 ----> psTTM 117 1 0.654815 0.345185 
 ----> psTTM 118 1 0.622154 0.377846 
 ----> psTTM 119 1 0.66446 0.33554 
 ----> psTTM 120 0 0.691227 0.308773 
 ----> psTTM 121 0 0.686612 0.313388 
 ----> psTTM 122 1 0.649832 0.350168 
 ----> psTTM 123 1 0.651734 0.348266 
 ----> psTTM 124 0 0.688383 0.311617 
 ----> psTTM 125 1 0.649836 0.350164 
 ----> psTTM 126 0 0.676825 0.323175 
 ----> psTTM 127 0 0.65287 0.34713 
 ----> psTTM 128 0 0.705509 0.294491 
 ----> psTTM 129 1 0.634318 0.365682 
 ----> psTTM 130 0 0.707754 0.292246 
 ----> psTTM 131 0 0.653683 0.346317 
 ----> psTTM 132 0 0.678774 0.321226 
 ----> psTTM 133 1 0.607642 0.392358 
 ----> psTTM 134 1 0.615294 0.384706 
 ----> psTTM 135 1 0.595686 0.404314 
 ----> psTTM 136 0 0.686803 0.313197 
 ----> psTTM 137 1 0.644634 0.355366 
 ----> psTTM 138 0 0.664037 0.335963 
 ----> psTTM 139 0 0.654985 0.345015 
 ----> psTTM 140 1 0.629196 0.370804 
 ----> psTTM 141 0 0.609221 0.390779 
 ----> psTTM 142 1 0.603986 0.396014 
 ----> psTTM 143 0 0.713061 0.286939 
 ----> psTTM 144 1 0.636439 0.363561 
 ----> psTTM 145 0 0.711623 0.288377 
 ----> psTTM 146 0 0.681231 0.318769 
 ----> psTTM 147 0 0.679046 0.320954 
 ----> psTTM 148 0 0.753573 0.246427 
 ----> psTTM 149 1 0.646673 0.353327 
 ----> psTTM 150 1 0.644101 0.355899 
 ----> psTTM 151 1 0.663853 0.336147 
 ----> psTTM 152 0 0.627826 0.372174 
 ----> psTTM 153 0 0.678275 0.321725 
 ----> psTTM 154 0 0.64025 0.35975 
 ----> psTTM 155 1 0.633085 0.366915 
 ----> psTTM 156 1 0.613028 0.386972 
 ----> psTTM 157 1 0.667446 0.332554 
 ----> psTTM 158 0 0.727094 0.272906 
 ----> psTTM 159 1 0.666018 0.333982 
 ----> psTTM 160 0 0.66202 0.33798 
 ----> psTTM 161 0 0.711052 0.288948 
 ----> psTTM 162 1 0.669271 0.330729 
 ----> psTTM 163 1 0.607665 0.392335 
 ----> psTTM 164 1 0.567612 0.432388 
 ----> psTTM 165 1 0.619631 0.380369 
 ----> psTTM 166 0 0.705229 0.294771 
 ----> psTTM 167 1 0.629699 0.370301 
 ----> psTTM 168 0 0.717094 0.282906 
 ----> psTTM 169 0 0.659276 0.340724 
 ----> psTTM 170 1 0.610457 0.389543 
 ----> psTTM 171 1 0.584292 0.415708 
 ----> psTTM 172 0 0.684285 0.315715 
 ----> psTTM 173 1 0.650582 0.349418 
 ----> psTTM 174 0 0.738683 0.261317 
 ----> psTTM 175 1 0.62906 0.37094 
 ----> psTTM 176 0 0.680411 0.319589 
 ----> psTTM 177 0 0.643315 0.356685 
 ----> psTTM 178 1 0.672484 0.327516 
 ----> psTTM 179 0 0.682144 0.317856 
 ----> psTTM 180 0 0.715881 0.284119 
 ----> psTTM 181 0 0.630249 0.369751 
 ----> psTTM 182 0 0.618056 0.381944 
 ----> psTTM 183 1 0.60358 0.39642 
 ----> psTTM 184 1 0.6047 0.3953 
 ----> psTTM 185 0 0.717396 0.282604 
 ----> psTTM 186 0 0.622033 0.377967 
 ----> psTTM 187 0 0.705425 0.294575 
 ----> psTTM 188 1 0.651734 0.348266 
 ----> psTTM 189 1 0.656579 0.343421 
 ----> psTTM 190 0 0.732827 0.267173 
 ----> psTTM 191 0 0.660003 0.339997 
 ----> psTTM 192 1 0.639437 0.360563 
 ----> psTTM 193 0 0.641074 0.358926 
 ----> psTTM 194 0 0.69351 0.30649 
 ----> psTTM 195 0 0.66071 0.33929 
 ----> psTTM 196 1 0.623584 0.376416 
 ----> psTTM 197 0 0.658039 0.341961 
 ----> psTTM 198 0 0.687176 0.312824 
 ----> psTTM 199 0 0.690763 0.309237 
 ----> psTTM 200 0 0.647879 0.352121 
 ----> psTTM 201 0 0.6584 0.3416 
 ----> psTTM 202 0 0.6487 0.3513 
 ----> psTTM 203 1 0.639648 0.360352 
 ----> psTTM 204 1 0.698271 0.301729 
 ----> psTTM 205 0 0.580486 0.419514 
 ----> psTTM 206 1 0.630974 0.369026 
 ----> psTTM 207 1 0.692496 0.307504 
 ----> psTTM 208 0 0.683383 0.316617 
 ----> psTTM 209 0 0.701067 0.298933 
 ----> psTTM 210 0 0.704688 0.295312 
 ----> psTTM 211 0 0.67717 0.32283 
 ----> psTTM 212 0 0.746993 0.253007 
 ----> psTTM 213 1 0.680686 0.319314 
 ----> psTTM 214 0 0.687071 0.312929 
 ----> psTTM 215 1 0.635425 0.364575 
 ----> psTTM 216 0 0.721226 0.278774 
 ----> psTTM 217 1 0.674884 0.325116 
 ----> psTTM 218 0 0.731208 0.268792 
 ----> psTTM 219 0 0.662104 0.337896 
 ----> psTTM 220 0 0.670483 0.329517 
 ----> psTTM 221 0 0.682306 0.317694 
 ----> psTTM 222 1 0.620133 0.379867 
 ----> psTTM 223 1 0.622654 0.377346 
 ----> psTTM 224 0 0.636726 0.363274 
 ----> psTTM 225 1 0.622638 0.377362 
 ----> psTTM 226 1 0.71226 0.28774 
 ----> psTTM 227 0 0.679495 0.320505 
 ----> psTTM 228 0 0.641127 0.358873 
 ----> psTTM 229 0 0.69875 0.30125 
 ----> psTTM 230 0 0.681083 0.318917 
 ----> psTTM 231 0 0.701835 0.298165 
 ----> psTTM 232 1 0.6619 0.3381 
 ----> psTTM 233 0 0.708514 0.291486 
 ----> psTTM 234 0 0.618955 0.381045 
 ----> psTTM 235 0 0.654398 0.345602 
 ----> psTTM 236 1 0.694677 0.305323 
 ----> psTTM 237 0 0.717312 0.282688 
 ----> psTTM 238 0 0.690825 0.309175 
 ----> psTTM 239 0 0.670523 0.329477 
 ----> psTTM 240 1 0.665257 0.334743 
 ----> psTTM 241 0 0.675392 0.324608 
 ----> psTTM 242 1 0.635917 0.364083 
 ----> psTTM 243 0 0.703881 0.296119 
 ----> psTTM 244 1 0.598997 0.401003 
 ----> psTTM 245 1 0.611512 0.388488 
 ----> psTTM 246 0 0.647464 0.352536 
 ----> psTTM 247 0 0.704672 0.295328 
 ----> psTTM 248 1 0.627565 0.372435 
 ----> psTTM 249 1 0.627916 0.372084 
 ----> psTTM 250 0 0.719118 0.280882 
 ----> psTTM 251 0 0.779858 0.220142 
 ----> psTTM 252 0 0.670589 0.329411 
 ----> psTTM 253 1 0.610128 0.389872 
 ----> psTTM 254 0 0.67119 0.32881 
 ----> psTTM 255 1 0.592315 0.407685 
 ----> psTTM 256 0 0.68368 0.31632 
 ----> psTTM 257 0 0.723896 0.276104 
 ----> psTTM 258 0 0.673536 0.326464 
 ----> psTTM 259 0 0.662908 0.337092 
 ----> psTTM 260 1 0.687803 0.312197 
 ----> psTTM 261 1 0.656222 0.343778 
 ----> psTTM 262 0 0.721195 0.278805 
 ----> psTTM 263 1 0.533266 0.466734 
 ----> psTTM 264 1 0.586981 0.413019 
 ----> psTTM 265 1 0.708835 0.291165 
 ----> psTTM 266 0 0.710452 0.289548 
 ----> psTTM 267 0 0.683776 0.316224 
 ----> psTTM 268 0 0.757501 0.242499 
 ----> psTTM 269 0 0.656843 0.343157 
 ----> psTTM 270 1 0.611243 0.388757 
 ----> psTTM 271 1 0.662387 0.337613 
 ----> psTTM 272 0 0.669151 0.330849 
 ----> psTTM 273 0 0.731282 0.268718 
 ----> psTTM 274 1 0.603716 0.396284 
 ----> psTTM 275 1 0.599339 0.400661 
 ----> psTTM 276 0 0.655768 0.344232 
 ----> psTTM 277 0 0.655784 0.344216 
 ----> psTTM 278 0 0.64995 0.35005 
 ----> psTTM 279 1 0.630867 0.369133 
 ----> psTTM 280 1 0.677418 0.322582 
 ----> psTTM 281 0 0.703192 0.296808 
 ----> psTTM 282 1 0.674465 0.325535 
 ----> psTTM 283 1 0.652041 0.347959 
 ----> psTTM 284 1 0.580473 0.419527 
 ----> psTTM 285 0 0.672782 0.327218 
 ----> psTTM 286 0 0.667437 0.332563 
 ----> psTTM 287 0 0.741854 0.258146 
 ----> psTTM 288 1 0.621758 0.378242 
 ----> psTTM 289 0 0.692814 0.307186 
 ----> psTTM 290 0 0.665011 0.334989 
 ----> psTTM 291 1 0.512007 0.487993 
 ----> psTTM 292 0 0.691411 0.308589 
 ----> psTTM 293 1 0.633569 0.366431 
 ----> psTTM 294 1 0.641892 0.358108 
 ----> psTTM 295 0 0.672097 0.327903 
 ----> psTTM 296 0 0.697625 0.302375 
 ----> psTTM 297 0 0.670509 0.329491 
 ----> psTTM 298 1 0.665322 0.334678 
 ----> psTTM 299 0 0.674749 0.325251 
 ----> psTTM 300 0 0.665241 0.334759 
 ----> psTTM 301 0 0.667946 0.332054 
 ----> psTTM 302 0 0.691791 0.308209 
 ----> psTTM 303 0 0.650035 0.349965 
 ----> psTTM 304 0 0.628965 0.371035 
 ----> psTTM 305 0 0.660907 0.339093 
 ----> psTTM 306 0 0.660397 0.339603 
 ----> psTTM 307 1 0.651476 0.348524 
 ----> psTTM 308 0 0.695497 0.304503 
 ----> psTTM 309 1 0.611132 0.388868 
 ----> psTTM 310 0 0.710949 0.289051 
 ----> psTTM 311 0 0.628984 0.371016 
 ----> psTTM 312 0 0.674371 0.325629 
 ----> psTTM 313 1 0.673862 0.326138 
 ----> psTTM 314 0 0.7053 0.2947 
 ----> psTTM 315 0 0.713822 0.286178 
 ----> psTTM 316 0 0.725121 0.274879 
 ----> psTTM 317 0 0.684894 0.315106 
 ----> psTTM 318 0 0.658797 0.341203 
 ----> psTTM 319 0 0.670647 0.329353 
 ----> psTTM 320 0 0.737896 0.262104 
 ----> psTTM 321 1 0.668459 0.331541 
 ----> psTTM 322 1 0.618991 0.381009 
 ----> psTTM 323 0 0.689405 0.310595 
 ----> psTTM 324 0 0.702776 0.297224 
 ----> psTTM 325 0 0.73619 0.26381 
 ----> psTTM 326 1 0.544062 0.455938 
 ----> psTTM 327 1 0.611311 0.388689 
 ----> psTTM 328 0 0.715112 0.284888 
 ----> psTTM 329 0 0.718722 0.281278 
 ----> psTTM 330 0 0.741324 0.258676 
 ----> psTTM 331 0 0.708605 0.291395 
 ----> psTTM 332 0 0.72428 0.27572 
 ----> psTTM 333 1 0.642166 0.357834 
 ----> psTTM 334 1 0.650145 0.349855 
 ----> psTTM 335 0 0.713267 0.286733 
 ----> psTTM 336 1 0.665643 0.334357 
 ----> psTTM 337 1 0.601743 0.398257 
 ----> psTTM 338 1 0.595092 0.404908 
 ----> psTTM 339 0 0.700227 0.299773 
 ----> psTTM 340 0 0.736074 0.263926 
 ----> psTTM 341 1 0.652728 0.347272 
 ----> psTTM 342 1 0.647524 0.352476 
 ----> psTTM 343 0 0.729247 0.270753 
 ----> psTTM 344 0 0.682513 0.317487 
 ----> psTTM 345 0 0.66767 0.33233 
 ----> psTTM 346 0 0.713458 0.286542 
 ----> psTTM 347 1 0.510463 0.489537 
 ----> psTTM 348 0 0.588899 0.411101 
 ----> psTTM 349 0 0.69801 0.30199 
 ----> psTTM 350 1 0.606814 0.393186 
 ----> psTTM 351 0 0.653298 0.346702 
 ----> psTTM 352 0 0.710974 0.289026 
 ----> psTTM 353 0 0.726852 0.273148 
 ----> psTTM 354 0 0.697729 0.302271 
 ----> psTTM 355 0 0.659997 0.340003 
 ----> psTTM 356 0 0.667417 0.332583 
 ----> psTTM 357 1 0.538255 0.461745 
 ----> psTTM 358 0 0.590065 0.409935 
 ----> psTTM 359 0 0.653686 0.346314 
 ----> psTTM 360 0 0.647458 0.352542 
 ----> psTTM 361 0 0.647505 0.352495 
 ----> psTTM 362 1 0.624828 0.375172 
 ----> psTTM 363 0 0.640651 0.359349 
 ----> psTTM 364 0 0.713999 0.286001 
 ----> psTTM 365 0 0.715883 0.284117 
 ----> psTTM 366 1 0.65747 0.34253 
 ----> psTTM 367 0 0.684831 0.315169 
 ----> psTTM 368 0 0.646712 0.353288 
 ----> psTTM 369 0 0.695906 0.304094 
 ----> psTTM 370 1 0.613131 0.386869 
 ----> psTTM 371 0 0.754169 0.245831 
 ----> psTTM 372 0 0.69058 0.30942 
 ----> psTTM 373 0 0.713728 0.286272 
 ----> psTTM 374 0 0.58969 0.41031 
 ----> psTTM 375 1 0.693113 0.306887 
 ----> psTTM 376 0 0.655527 0.344473 
 ----> psTTM 377 0 0.669674 0.330326 
 ----> psTTM 378 1 0.58113 0.41887 
 ----> psTTM 379 0 0.69661 0.30339 
 ----> psTTM 380 0 0.694859 0.305141 
 ----> psTTM 381 0 0.753801 0.246199 
 ----> psTTM 382 0 0.733804 0.266196 
 ----> psTTM 383 0 0.749977 0.250023 
 ----> psTTM 384 0 0.670473 0.329527 
 ----> psTTM 385 1 0.642563 0.357437 
 ----> psTTM 386 0 0.674666 0.325334 
 ----> psTTM 387 1 0.669331 0.330669 
 ----> psTTM 388 1 0.610019 0.389981 
 ----> psTTM 389 0 0.66065 0.33935 
 ----> psTTM 390 0 0.652265 0.347735 
 ----> psTTM 391 0 0.679582 0.320418 
 ----> psTTM 392 1 0.665751 0.334249 
 ----> psTTM 393 1 0.671101 0.328899 
 ----> psTTM 394 0 0.661871 0.338129 
 ----> psTTM 395 0 0.602815 0.397185 
 ----> psTTM 396 0 0.629639 0.370361 
 ----> psTTM 397 0 0.71595 0.28405 
 ----> psTTM 398 1 0.590642 0.409358 
 ----> psTTM 399 1 0.603177 0.396823 
 ----> psTTM 400 1 0.63583 0.36417 
 ----> psTTM 401 0 0.690751 0.309249 
 ----> psTTM 402 0 0.621369 0.378631 
 ----> psTTM 403 0 0.641123 0.358877 
 ----> psTTM 404 0 0.611211 0.388789 
 ----> psTTM 405 0 0.665784 0.334216 
 ----> psTTM 406 1 0.593536 0.406464 
 ----> psTTM 407 1 0.629893 0.370107 
 ----> psTTM 408 0 0.722077 0.277923 
 ----> psTTM 409 1 0.637012 0.362988 
 ----> psTTM 410 0 0.666402 0.333598 
 ----> psTTM 411 0 0.731938 0.268062 
 ----> psTTM 412 1 0.653997 0.346003 
 ----> psTTM 413 1 0.694132 0.305868 
 ----> psTTM 414 0 0.670391 0.329609 
 ----> psTTM 415 1 0.650487 0.349513 
 ----> psTTM 416 0 0.689639 0.310361 
 ----> psTTM 417 0 0.700945 0.299055 
 ----> psTTM 418 1 0.56097 0.43903 
 ----> psTTM 419 0 0.674062 0.325938 
 ----> psTTM 420 0 0.719424 0.280576 
 ----> psTTM 421 0 0.700909 0.299091 
 ----> psTTM 422 0 0.692952 0.307048 
 ----> psTTM 423 0 0.675553 0.324447 
 ----> psTTM 424 0 0.672341 0.327659 
 ----> psTTM 425 0 0.605405 0.394595 
 ----> psTTM 426 1 0.606178 0.393822 
 ----> psTTM 427 0 0.609217 0.390783 
 ----> psTTM 428 0 0.640136 0.359864 
 ----> psTTM 429 0 0.699892 0.300108 
 ----> psTTM 430 0 0.677024 0.322976 
 ----> psTTM 431 0 0.696437 0.303563 
 ----> psTTM 432 0 0.616912 0.383088 
 ----> psTTM 433 0 0.715969 0.284031 
 ----> psTTM 434 0 0.720096 0.279904 
 ----> psTTM 435 1 0.590291 0.409709 
 ----> psTTM 436 0 0.723738 0.276262 
 ----> psTTM 437 0 0.659062 0.340938 
 ----> psTTM 438 0 0.685493 0.314507 
 ----> psTTM 439 0 0.712021 0.287979 
 ----> psTTM 440 0 0.662878 0.337122 
 ----> psTTM 441 0 0.683878 0.316122 
 ----> psTTM 442 0 0.701704 0.298296 
 ----> psTTM 443 0 0.652117 0.347883 
 ----> psTTM 444 0 0.65349 0.34651 
 ----> psTTM 445 1 0.600885 0.399115 
 ----> psTTM 446 0 0.698164 0.301836 
 ----> psTTM 447 0 0.651497 0.348503 
 ----> psTTM 448 0 0.709947 0.290053 
 ----> psTTM 449 0 0.664032 0.335968 
 ----> psTTM 450 0 0.680554 0.319446 
 ----> psTTM 451 0 0.655471 0.344529 
 ----> psTTM 452 0 0.702074 0.297926 
 ----> psTTM 453 0 0.651178 0.348822 
 ----> psTTM 454 1 0.630473 0.369527 
 ----> psTTM 455 0 0.69749 0.30251 
 ----> psTTM 456 0 0.708634 0.291366 
 ----> psTTM 457 0 0.717437 0.282563 
 ----> psTTM 458 1 0.683963 0.316037 
 ----> psTTM 459 0 0.647078 0.352922 
 ----> psTTM 460 0 0.820886 0.179114 
 ----> psTTM 461 1 0.61175 0.38825 
 ----> psTTM 462 0 0.697303 0.302697 
 ----> psTTM 463 0 0.675255 0.324745 
 ----> psTTM 464 0 0.689472 0.310528 
 ----> psTTM 465 0 0.657784 0.342216 
 ----> psTTM 466 0 0.669292 0.330708 
 ----> psTTM 467 1 0.578097 0.421903 
 ----> psTTM 468 0 0.640387 0.359613 
 ----> psTTM 469 0 0.710013 0.289987 
 ----> psTTM 470 1 0.649513 0.350487 
 ----> psTTM 471 1 0.593998 0.406002 
 ----> psTTM 472 0 0.638546 0.361454 
 ----> psTTM 473 1 0.611418 0.388582 
 ----> psTTM 474 0 0.717185 0.282815 
 ----> psTTM 475 0 0.68506 0.31494 
 ----> psTTM 476 0 0.706809 0.293191 
 ----> psTTM 477 1 0.622033 0.377967 
 ----> psTTM 478 0 0.689528 0.310472 
 ----> psTTM 479 1 0.652917 0.347083 
 ----> psTTM 480 0 0.675756 0.324244 
 ----> psTTM 481 0 0.69004 0.30996 
 ----> psTTM 482 0 0.698354 0.301646 
 ----> psTTM 483 1 0.590246 0.409754 
 ----> psTTM 484 0 0.685192 0.314808 
 ----> psTTM 485 0 0.687268 0.312732 
 ----> psTTM 486 0 0.652976 0.347024 
 ----> psTTM 487 0 0.633788 0.366212 
 ----> psTTM 488 1 0.700799 0.299201 
 ----> psTTM 489 1 0.694068 0.305932 
 ----> psTTM 490 0 0.694105 0.305895 
 ----> psTTM 491 1 0.600081 0.399919 
 ----> psTTM 492 0 0.710311 0.289689 
 ----> psTTM 493 0 0.682075 0.317925 
 ----> psTTM 494 0 0.63828 0.36172 
 ----> psTTM 495 1 0.675836 0.324164 
 ----> psTTM 496 0 0.751008 0.248992 
 ----> psTTM 497 0 0.694259 0.305741 
 ----> psTTM 498 0 0.711244 0.288756 
 ----> psTTM 499 1 0.621766 0.378234 
 ----> psTTM 500 1 0.662364 0.337636 
 ----> psTTM 501 0 0.691504 0.308496 
 ----> psTTM 502 0 0.697836 0.302164 
 ----> psTTM 503 0 0.681429 0.318571 
 ----> psTTM 504 0 0.716612 0.283388 
 ----> psTTM 505 0 0.637887 0.362113 
 ----> psTTM 506 0 0.666477 0.333523 
 ----> psTTM 507 0 0.644288 0.355712 
 ----> psTTM 508 1 0.600295 0.399705 
 ----> psTTM 509 1 0.599753 0.400247 
 ----> psTTM 510 0 0.672214 0.327786 
 ----> psTTM 511 0 0.677067 0.322933 
 ----> psTTM 512 0 0.5973 0.4027 
 ----> psTTM 513 0 0.690459 0.309541 
 ----> psTTM 514 1 0.642096 0.357904 
 ----> psTTM 515 0 0.676925 0.323075 
 ----> psTTM 516 0 0.711227 0.288773 
 ----> psTTM 517 1 0.648712 0.351288 
 ----> psTTM 518 0 0.647881 0.352119 
 ----> psTTM 519 0 0.723847 0.276153 
 ----> psTTM 520 1 0.639184 0.360816 
 ----> psTTM 521 1 0.638639 0.361361 
 ----> psTTM 522 0 0.662724 0.337276 
 ----> psTTM 523 1 0.639938 0.360062 
 ----> psTTM 524 0 0.68573 0.31427 
 ----> psTTM 525 0 0.62847 0.37153 
 ----> psTTM 526 0 0.675374 0.324626 
 ----> psTTM 527 0 0.66078 0.33922 
 ----> psTTM 528 0 0.701792 0.298208 
 ----> psTTM 529 1 0.506891 0.493109 
 ----> psTTM 530 0 0.618205 0.381795 
 ----> psTTM 531 1 0.658794 0.341206 
 ----> psTTM 532 0 0.727914 0.272086 
 ----> psTTM 533 0 0.676267 0.323733 
 ----> psTTM 534 0 0.724211 0.275789 
 ----> psTTM 535 1 0.577576 0.422424 
 ----> psTTM 536 0 0.733401 0.266599 
 ----> psTTM 537 0 0.694375 0.305625 
 ----> psTTM 538 0 0.651979 0.348021 
 ----> psTTM 539 1 0.673708 0.326292 
 ----> psTTM 540 0 0.761216 0.238784 
 ----> psTTM 541 1 0.6615 0.3385 
 ----> psTTM 542 0 0.746029 0.253971 
 ----> psTTM 543 1 0.573506 0.426494 
 ----> psTTM 544 0 0.693244 0.306756 
 ----> psTTM 545 1 0.644978 0.355022 
 ----> psTTM 546 0 0.730148 0.269852 
 ----> psTTM 547 0 0.718926 0.281074 
 ----> psTTM 548 1 0.528912 0.471088 
 ----> psTTM 549 0 0.694034 0.305966 
 ----> psTTM 550 0 0.685768 0.314232 
 ----> psTTM 551 0 0.710433 0.289567 
 ----> psTTM 552 1 0.684193 0.315807 
 ----> psTTM 553 1 0.581419 0.418581 
 ----> psTTM 554 1 0.636615 0.363385 
 ----> psTTM 555 1 0.632416 0.367584 
 ----> psTTM 556 0 0.642338 0.357662 
 ----> psTTM 557 0 0.659907 0.340093 
 ----> psTTM 558 0 0.666033 0.333967 
 ----> psTTM 559 0 0.680486 0.319514 
 ----> psTTM 560 0 0.712483 0.287517 
 ----> psTTM 561 1 0.589605 0.410395 
 ----> psTTM 562 0 0.685043 0.314957 
 ----> psTTM 563 0 0.691333 0.308667 
 ----> psTTM 564 0 0.718675 0.281325 
 ----> psTTM 565 0 0.683627 0.316373 
 ----> psTTM 566 0 0.691422 0.308578 
 ----> psTTM 567 0 0.678352 0.321648 
 ----> psTTM 568 0 0.706685 0.293315 
 ----> psTTM 569 1 0.628853 0.371147 
 ----> psTTM 570 0 0.702194 0.297806 
 ----> psTTM 571 1 0.612717 0.387283 
 ----> psTTM 572 0 0.733827 0.266173 
 ----> psTTM 573 0 0.716259 0.283741 
 ----> psTTM 574 0 0.741372 0.258628 
 ----> psTTM 575 1 0.67563 0.32437 
 ----> psTTM 576 0 0.712889 0.287111 
 ----> psTTM 577 1 0.665761 0.334239 
 ----> psTTM 578 0 0.656242 0.343758 
 ----> psTTM 579 0 0.738393 0.261607 
 ----> psTTM 580 1 0.618345 0.381655 
 ----> psTTM 581 0 0.707244 0.292756 
 ----> psTTM 582 0 0.666437 0.333563 
 ----> psTTM 583 1 0.686765 0.313235 
 ----> psTTM 584 0 0.691739 0.308261 
 ----> psTTM 585 0 0.697846 0.302154 
 ----> psTTM 586 0 0.657417 0.342583 
 ----> psTTM 587 0 0.629887 0.370113 
 ----> psTTM 588 0 0.644411 0.355589 
 ----> psTTM 589 1 0.677352 0.322648 
 ----> psTTM 590 0 0.691533 0.308467 
 ----> psTTM 591 1 0.59375 0.40625 
 ----> psTTM 592 1 0.568029 0.431971 
 ----> psTTM 593 0 0.671911 0.328089 
 ----> psTTM 594 0 0.685778 0.314222 
 ----> psTTM 595 0 0.685932 0.314068 
 ----> psTTM 596 0 0.683755 0.316245 
 ----> psTTM 597 0 0.650567 0.349433 
 ----> psTTM 598 0 0.740497 0.259503 
 ----> psTTM 599 0 0.69985 0.30015 
 ----> psTTM 600 0 0.735942 0.264058 
 ----> psTTM 601 0 0.660113 0.339887 
 ----> psTTM 602 1 0.620312 0.379688 
 ----> psTTM 603 0 0.629988 0.370012 
 ----> psTTM 604 0 0.743841 0.256159 
 ----> psTTM 605 0 0.695395 0.304605 
 ----> psTTM 606 0 0.672448 0.327552 
 ----> psTTM 607 1 0.65821 0.34179 
 ----> psTTM 608 0 0.664337 0.335663 
 ----> psTTM 609 0 0.689803 0.310197 
 ----> psTTM 610 0 0.676943 0.323057 
 ----> psTTM 611 0 0.727799 0.272201 
 ----> psTTM 612 0 0.672322 0.327678 
 ----> psTTM 613 0 0.723089 0.276911 
 ----> psTTM 614 0 0.682939 0.317061 
 ----> psTTM 615 0 0.720628 0.279372 
 ----> psTTM 616 0 0.656562 0.343438 
 ----> psTTM 617 0 0.707603 0.292397 
 ----> psTTM 618 0 0.714306 0.285694 
 ----> psTTM 619 1 0.662723 0.337277 
 ----> psTTM 620 0 0.701472 0.298528 
 ----> psTTM 621 0 0.742653 0.257347 
 ----> psTTM 622 0 0.658695 0.341305 
 ----> psTTM 623 1 0.643088 0.356912 
 ----> psTTM 624 0 0.664114 0.335886 
 ----> psTTM 625 0 0.658975 0.341025 
 ----> psTTM 626 0 0.695797 0.304203 
 ----> psTTM 627 0 0.73557 0.26443 
 ----> psTTM 628 1 0.639697 0.360303 
 ----> psTTM 629 0 0.722223 0.277777 
 ----> psTTM 630 0 0.748918 0.251082 
 ----> psTTM 631 1 0.588251 0.411749 
 ----> psTTM 632 1 0.55636 0.44364 
 ----> psTTM 633 0 0.712326 0.287674 
 ----> psTTM 634 1 0.574283 0.425717 
 ----> psTTM 635 0 0.697518 0.302482 
 ----> psTTM 636 1 0.619777 0.380223 
 ----> psTTM 637 0 0.721103 0.278897 
 ----> psTTM 638 0 0.705856 0.294144 
 ----> psTTM 639 1 0.604344 0.395656 
 ----> psTTM 640 0 0.697609 0.302391 
 ----> psTTM 641 0 0.680168 0.319832 
 ----> psTTM 642 0 0.716421 0.283579 
 ----> psTTM 643 0 0.710115 0.289885 
 ----> psTTM 644 0 0.745171 0.254829 
 ----> psTTM 645 0 0.695806 0.304194 
 ----> psTTM 646 1 0.642742 0.357258 
 ----> psTTM 647 0 0.672028 0.327972 
 ----> psTTM 648 0 0.691394 0.308606 
 ----> psTTM 649 0 0.657321 0.342679 
 ----> psTTM 650 0 0.685872 0.314128 
 ----> psTTM 651 1 0.630036 0.369964 
 ----> psTTM 652 0 0.620644 0.379356 
 ----> psTTM 653 1 0.603869 0.396131 
 ----> psTTM 654 0 0.631744 0.368256 
 ----> psTTM 655 0 0.722897 0.277103 
 ----> psTTM 656 0 0.673107 0.326893 
 ----> psTTM 657 0 0.649739 0.350261 
 ----> psTTM 658 0 0.666525 0.333475 
 ----> psTTM 659 0 0.763878 0.236122 
 ----> psTTM 660 0 0.649653 0.350347 
 ----> psTTM 661 0 0.77868 0.22132 
 ----> psTTM 662 0 0.695288 0.304712 
 ----> psTTM 663 1 0.632377 0.367623 
 ----> psTTM 664 1 0.62117 0.37883 
 ----> psTTM 665 0 0.700433 0.299567 
 ----> psTTM 666 0 0.736677 0.263323 
 ----> psTTM 667 0 0.773764 0.226236 
 ----> psTTM 668 0 0.688518 0.311482 
 ----> psTTM 669 0 0.69444 0.30556 
 ----> psTTM 670 0 0.695075 0.304925 
 ----> psTTM 671 0 0.651013 0.348987 
 ----> psTTM 672 0 0.65892 0.34108 
 ----> psTTM 673 0 0.676509 0.323491 
 ----> psTTM 674 1 0.650082 0.349918 
 ----> psTTM 675 1 0.674996 0.325004 
 ----> psTTM 676 0 0.713498 0.286502 
 ----> psTTM 677 1 0.608439 0.391561 
 ----> psTTM 678 1 0.651664 0.348336 
 ----> psTTM 679 0 0.697214 0.302786 
 ----> psTTM 680 1 0.63732 0.36268 
 ----> psTTM 681 0 0.665282 0.334718 
 ----> psTTM 682 0 0.67908 0.32092 
 ----> psTTM 683 0 0.675271 0.324729 
 ----> psTTM 684 0 0.69423 0.30577 
 ----> psTTM 685 0 0.682653 0.317347 
 ----> psTTM 686 0 0.627509 0.372491 
 ----> psTTM 687 0 0.672483 0.327517 
 ----> psTTM 688 0 0.640615 0.359385 
 ----> psTTM 689 0 0.70392 0.29608 
 ----> psTTM 690 1 0.620759 0.379241 
 ----> psTTM 691 0 0.6854 0.3146 
 ----> psTTM 692 0 0.632867 0.367133 
 ----> psTTM 693 1 0.631706 0.368294 
 ----> psTTM 694 0 0.649059 0.350941 
 ----> psTTM 695 0 0.688011 0.311989 
 ----> psTTM 696 0 0.672531 0.327469 
 ----> psTTM 697 0 0.676632 0.323368 
 ----> psTTM 698 1 0.625651 0.374349 
 ----> psTTM 699 0 0.683956 0.316044 
 ----> psTTM 700 1 0.597305 0.402695 
 ----> psTTM 701 0 0.717422 0.282578 
 ----> psTTM 702 0 0.714037 0.285963 
 ----> psTTM 703 0 0.637988 0.362012 
 ----> psTTM 704 0 0.732282 0.267718 
 ----> psTTM 705 0 0.695462 0.304538 
 ----> psTTM 706 0 0.731362 0.268638 
 ----> psTTM 707 0 0.68468 0.31532 
 ----> psTTM 708 0 0.716388 0.283612 
 ----> psTTM 709 0 0.650711 0.349289 
 ----> psTTM 710 0 0.608433 0.391567 
 ----> psTTM 711 0 0.639441 0.360559 
 ----> psTTM 712 0 0.705113 0.294887 
 ----> psTTM 713 1 0.63522 0.36478 
 ----> psTTM 714 1 0.665099 0.334901 
 ----> psTTM 715 1 0.706757 0.293243 
 ----> psTTM 716 1 0.657522 0.342478 
 ----> psTTM 717 0 0.720217 0.279783 
 ----> psTTM 718 0 0.728414 0.271586 
