 ----> psTTM 1 1 0 0 
 ----> psTTM 2 0 0.600608 0.399392 
 ----> psTTM 3 1 0.614005 0.385995 
 ----> psTTM 4 1 0.717081 0.282919 
 ----> psTTM 5 1 0.657882 0.342118 
 ----> psTTM 6 1 0.65027 0.34973 
 ----> psTTM 7 0 0.667523 0.332477 
 ----> psTTM 8 0 0.672487 0.327513 
 ----> psTTM 9 0 0.714113 0.285887 
 ----> psTTM 10 1 0.647275 0.352725 
 ----> psTTM 11 1 0.645465 0.354535 
 ----> psTTM 12 0 0.633086 0.366914 
 ----> psTTM 13 0 0.652018 0.347982 
 ----> psTTM 14 1 0.640387 0.359613 
 ----> psTTM 15 1 0.597285 0.402715 
 ----> psTTM 16 1 0.619206 0.380794 
 ----> psTTM 17 1 0.61524 0.38476 
 ----> psTTM 18 0 0.659605 0.340395 
 ----> psTTM 19 0 0.694142 0.305858 
 ----> psTTM 20 0 0.647359 0.352641 
 ----> psTTM 21 1 0.655956 0.344044 
 ----> psTTM 22 0 0.660644 0.339356 
 ----> psTTM 23 0 0.667053 0.332947 
 ----> psTTM 24 0 0.639957 0.360043 
 ----> psTTM 25 0 0.605242 0.394758 
 ----> psTTM 26 1 0.573607 0.426393 
 ----> psTTM 27 1 0.529732 0.470268 
 ----> psTTM 28 1 0.634113 0.365887 
 ----> psTTM 29 0 0.672095 0.327905 
 ----> psTTM 30 0 0.660064 0.339936 
 ----> psTTM 31 0 0.683578 0.316422 
 ----> psTTM 32 0 0.659057 0.340943 
 ----> psTTM 33 0 0.683146 0.316854 
 ----> psTTM 34 0 0.660929 0.339071 
 ----> psTTM 35 1 0.659432 0.340568 
 ----> psTTM 36 0 0.660162 0.339838 
 ----> psTTM 37 0 0.710266 0.289734 
 ----> psTTM 38 0 0.66084 0.33916 
 ----> psTTM 39 0 0.660933 0.339067 
 ----> psTTM 40 1 0.649992 0.350008 
 ----> psTTM 41 1 0.639338 0.360662 
 ----> psTTM 42 1 0.6243 0.3757 
 ----> psTTM 43 0 0.648511 0.351489 
 ----> psTTM 44 1 0.669898 0.330102 
 ----> psTTM 45 1 0.660104 0.339896 
 ----> psTTM 46 0 0.664923 0.335077 
 ----> psTTM 47 1 0.608568 0.391432 
 ----> psTTM 48 1 0.628397 0.371603 
 ----> psTTM 49 1 0.625015 0.374985 
 ----> psTTM 50 1 0.639837 0.360163 
 ----> psTTM 51 0 0.67857 0.32143 
 ----> psTTM 52 1 0.654908 0.345092 
 ----> psTTM 53 0 0.663953 0.336047 
 ----> psTTM 54 0 0.656927 0.343073 
 ----> psTTM 55 0 0.684088 0.315912 
 ----> psTTM 56 1 0.587792 0.412208 
 ----> psTTM 57 1 0.635481 0.364519 
 ----> psTTM 58 0 0.681243 0.318757 
 ----> psTTM 59 1 0.629358 0.370642 
 ----> psTTM 60 0 0.660296 0.339704 
 ----> psTTM 61 0 0.626291 0.373709 
 ----> psTTM 62 0 0.642874 0.357126 
 ----> psTTM 63 1 0.666722 0.333278 
 ----> psTTM 64 1 0.613029 0.386971 
 ----> psTTM 65 0 0.674905 0.325095 
 ----> psTTM 66 0 0.671849 0.328151 
 ----> psTTM 67 1 0.625292 0.374708 
 ----> psTTM 68 1 0.663392 0.336608 
 ----> psTTM 69 0 0.666709 0.333291 
 ----> psTTM 70 0 0.64994 0.35006 
 ----> psTTM 71 1 0.645814 0.354186 
 ----> psTTM 72 1 0.654298 0.345702 
 ----> psTTM 73 0 0.649593 0.350407 
 ----> psTTM 74 0 0.666152 0.333848 
 ----> psTTM 75 0 0.690407 0.309593 
 ----> psTTM 76 1 0.611692 0.388308 
 ----> psTTM 77 0 0.651746 0.348254 
 ----> psTTM 78 1 0.659917 0.340083 
 ----> psTTM 79 0 0.649292 0.350708 
 ----> psTTM 80 1 0.649277 0.350723 
 ----> psTTM 81 1 0.647149 0.352851 
 ----> psTTM 82 1 0.659346 0.340654 
 ----> psTTM 83 1 0.654791 0.345209 
 ----> psTTM 84 1 0.631702 0.368298 
 ----> psTTM 85 0 0.651972 0.348028 
 ----> psTTM 86 0 0.62789 0.37211 
 ----> psTTM 87 1 0.600429 0.399571 
 ----> psTTM 88 1 0.640822 0.359178 
 ----> psTTM 89 1 0.668776 0.331224 
 ----> psTTM 90 1 0.595379 0.404621 
 ----> psTTM 91 1 0.64612 0.35388 
 ----> psTTM 92 0 0.666445 0.333555 
 ----> psTTM 93 0 0.670859 0.329141 
 ----> psTTM 94 1 0.644136 0.355864 
 ----> psTTM 95 0 0.659207 0.340793 
 ----> psTTM 96 0 0.666334 0.333666 
 ----> psTTM 97 1 0.642494 0.357506 
 ----> psTTM 98 1 0.612516 0.387484 
 ----> psTTM 99 1 0.641344 0.358656 
 ----> psTTM 100 0 0.668523 0.331477 
 ----> psTTM 101 1 0.672318 0.327682 
 ----> psTTM 102 0 0.627019 0.372981 
 ----> psTTM 103 0 0.653705 0.346295 
 ----> psTTM 104 0 0.664398 0.335602 
 ----> psTTM 105 1 0.622714 0.377286 
 ----> psTTM 106 0 0.661108 0.338892 
 ----> psTTM 107 0 0.654783 0.345217 
 ----> psTTM 108 0 0.654479 0.345521 
 ----> psTTM 109 0 0.663856 0.336144 
 ----> psTTM 110 1 0.638464 0.361536 
 ----> psTTM 111 0 0.664298 0.335702 
 ----> psTTM 112 0 0.686409 0.313591 
 ----> psTTM 113 1 0.642445 0.357555 
 ----> psTTM 114 1 0.644349 0.355651 
 ----> psTTM 115 0 0.651778 0.348222 
 ----> psTTM 116 0 0.655727 0.344273 
 ----> psTTM 117 1 0.663929 0.336071 
 ----> psTTM 118 1 0.637027 0.362973 
 ----> psTTM 119 1 0.649998 0.350002 
 ----> psTTM 120 0 0.703118 0.296882 
 ----> psTTM 121 0 0.630882 0.369118 
 ----> psTTM 122 1 0.630153 0.369847 
 ----> psTTM 123 1 0.623399 0.376601 
 ----> psTTM 124 0 0.655905 0.344095 
 ----> psTTM 125 1 0.663869 0.336131 
 ----> psTTM 126 0 0.676573 0.323427 
 ----> psTTM 127 0 0.673562 0.326438 
 ----> psTTM 128 0 0.701471 0.298529 
 ----> psTTM 129 1 0.664717 0.335283 
 ----> psTTM 130 0 0.688362 0.311638 
 ----> psTTM 131 0 0.663308 0.336692 
 ----> psTTM 132 0 0.646437 0.353563 
 ----> psTTM 133 1 0.613857 0.386143 
 ----> psTTM 134 1 0.567111 0.432889 
 ----> psTTM 135 1 0.526539 0.473461 
 ----> psTTM 136 0 0.680951 0.319049 
 ----> psTTM 137 1 0.602748 0.397252 
 ----> psTTM 138 0 0.658147 0.341853 
 ----> psTTM 139 0 0.659267 0.340733 
 ----> psTTM 140 1 0.649092 0.350908 
 ----> psTTM 141 0 0.658079 0.341921 
 ----> psTTM 142 1 0.649733 0.350267 
 ----> psTTM 143 0 0.667502 0.332498 
 ----> psTTM 144 1 0.660409 0.339591 
 ----> psTTM 145 0 0.666944 0.333056 
 ----> psTTM 146 0 0.693393 0.306607 
 ----> psTTM 147 0 0.670824 0.329176 
 ----> psTTM 148 0 0.652787 0.347213 
 ----> psTTM 149 1 0.63477 0.36523 
 ----> psTTM 150 1 0.623926 0.376074 
 ----> psTTM 151 1 0.602073 0.397927 
 ----> psTTM 152 0 0.677948 0.322052 
 ----> psTTM 153 0 0.683098 0.316902 
 ----> psTTM 154 0 0.624441 0.375559 
 ----> psTTM 155 1 0.661731 0.338269 
 ----> psTTM 156 1 0.606981 0.393019 
 ----> psTTM 157 1 0.651326 0.348674 
 ----> psTTM 158 0 0.655839 0.344161 
 ----> psTTM 159 1 0.598106 0.401894 
 ----> psTTM 160 0 0.696925 0.303075 
 ----> psTTM 161 0 0.667694 0.332306 
 ----> psTTM 162 1 0.650349 0.349651 
 ----> psTTM 163 1 0.656511 0.343489 
 ----> psTTM 164 1 0.615159 0.384841 
 ----> psTTM 165 1 0.670261 0.329739 
 ----> psTTM 166 0 0.664474 0.335526 
 ----> psTTM 167 1 0.621952 0.378048 
 ----> psTTM 168 0 0.627012 0.372988 
 ----> psTTM 169 0 0.602515 0.397485 
 ----> psTTM 170 1 0.568233 0.431767 
 ----> psTTM 171 1 0.61806 0.38194 
 ----> psTTM 172 0 0.699984 0.300016 
 ----> psTTM 173 1 0.62036 0.37964 
 ----> psTTM 174 0 0.648593 0.351407 
 ----> psTTM 175 1 0.619141 0.380859 
 ----> psTTM 176 0 0.653577 0.346423 
 ----> psTTM 177 0 0.627393 0.372607 
 ----> psTTM 178 1 0.649952 0.350048 
 ----> psTTM 179 0 0.65683 0.34317 
 ----> psTTM 180 0 0.651569 0.348431 
 ----> psTTM 181 0 0.599057 0.400943 
 ----> psTTM 182 0 0.656894 0.343106 
 ----> psTTM 183 1 0.576301 0.423699 
 ----> psTTM 184 1 0.641163 0.358837 
 ----> psTTM 185 0 0.675112 0.324888 
 ----> psTTM 186 0 0.701571 0.298429 
 ----> psTTM 187 0 0.635015 0.364985 
 ----> psTTM 188 1 0.632443 0.367557 
 ----> psTTM 189 1 0.643457 0.356543 
 ----> psTTM 190 0 0.666317 0.333683 
 ----> psTTM 191 0 0.655442 0.344558 
 ----> psTTM 192 1 0.611682 0.388318 
 ----> psTTM 193 0 0.699613 0.300387 
 ----> psTTM 194 0 0.645165 0.354835 
 ----> psTTM 195 0 0.655149 0.344851 
 ----> psTTM 196 1 0.640195 0.359805 
 ----> psTTM 197 0 0.648684 0.351316 
 ----> psTTM 198 0 0.672334 0.327666 
 ----> psTTM 199 0 0.695434 0.304566 
 ----> psTTM 200 0 0.682127 0.317873 
 ----> psTTM 201 0 0.664934 0.335066 
 ----> psTTM 202 0 0.698981 0.301019 
 ----> psTTM 203 1 0.657993 0.342007 
 ----> psTTM 204 1 0.64388 0.35612 
 ----> psTTM 205 0 0.680387 0.319613 
 ----> psTTM 206 1 0.621281 0.378719 
 ----> psTTM 207 1 0.645479 0.354521 
 ----> psTTM 208 0 0.687769 0.312231 
 ----> psTTM 209 0 0.661951 0.338049 
 ----> psTTM 210 0 0.6766 0.3234 
 ----> psTTM 211 0 0.654588 0.345412 
 ----> psTTM 212 0 0.672048 0.327952 
 ----> psTTM 213 1 0.668597 0.331403 
 ----> psTTM 214 0 0.701066 0.298934 
 ----> psTTM 215 1 0.617028 0.382972 
 ----> psTTM 216 0 0.645846 0.354154 
 ----> psTTM 217 1 0.642695 0.357305 
 ----> psTTM 218 0 0.649764 0.350236 
 ----> psTTM 219 0 0.670429 0.329571 
 ----> psTTM 220 0 0.658871 0.341129 
 ----> psTTM 221 0 0.672473 0.327527 
 ----> psTTM 222 1 0.68841 0.31159 
 ----> psTTM 223 1 0.658675 0.341325 
 ----> psTTM 224 0 0.627469 0.372531 
 ----> psTTM 225 1 0.623803 0.376197 
 ----> psTTM 226 1 0.629856 0.370144 
 ----> psTTM 227 0 0.619596 0.380404 
 ----> psTTM 228 0 0.670135 0.329865 
 ----> psTTM 229 0 0.626493 0.373507 
 ----> psTTM 230 0 0.664629 0.335371 
 ----> psTTM 231 0 0.682835 0.317165 
 ----> psTTM 232 1 0.664083 0.335917 
 ----> psTTM 233 0 0.692918 0.307082 
 ----> psTTM 234 0 0.661644 0.338356 
 ----> psTTM 235 0 0.639348 0.360652 
 ----> psTTM 236 1 0.659668 0.340332 
 ----> psTTM 237 0 0.661816 0.338184 
 ----> psTTM 238 0 0.677419 0.322581 
 ----> psTTM 239 0 0.662971 0.337029 
 ----> psTTM 240 1 0.640196 0.359804 
 ----> psTTM 241 0 0.663817 0.336183 
 ----> psTTM 242 1 0.635456 0.364544 
 ----> psTTM 243 0 0.678677 0.321323 
 ----> psTTM 244 1 0.614402 0.385598 
 ----> psTTM 245 1 0.677854 0.322146 
 ----> psTTM 246 0 0.700702 0.299298 
 ----> psTTM 247 0 0.666349 0.333651 
 ----> psTTM 248 1 0.624522 0.375478 
 ----> psTTM 249 1 0.636008 0.363992 
 ----> psTTM 250 0 0.647296 0.352704 
 ----> psTTM 251 0 0.676658 0.323342 
 ----> psTTM 252 0 0.668042 0.331958 
 ----> psTTM 253 1 0.682431 0.317569 
 ----> psTTM 254 0 0.679337 0.320663 
 ----> psTTM 255 1 0.670341 0.329659 
 ----> psTTM 256 0 0.649349 0.350651 
 ----> psTTM 257 0 0.661823 0.338177 
 ----> psTTM 258 0 0.705444 0.294556 
 ----> psTTM 259 0 0.656143 0.343857 
 ----> psTTM 260 1 0.678073 0.321927 
 ----> psTTM 261 1 0.641588 0.358412 
 ----> psTTM 262 0 0.678899 0.321101 
 ----> psTTM 263 1 0.646899 0.353101 
 ----> psTTM 264 1 0.660466 0.339534 
 ----> psTTM 265 1 0.650391 0.349609 
 ----> psTTM 266 0 0.671055 0.328945 
 ----> psTTM 267 0 0.624537 0.375463 
 ----> psTTM 268 0 0.63012 0.36988 
 ----> psTTM 269 0 0.687803 0.312197 
 ----> psTTM 270 1 0.630527 0.369473 
 ----> psTTM 271 1 0.628133 0.371867 
 ----> psTTM 272 0 0.608521 0.391479 
 ----> psTTM 273 0 0.659019 0.340981 
 ----> psTTM 274 1 0.627276 0.372724 
 ----> psTTM 275 1 0.612128 0.387872 
 ----> psTTM 276 0 0.603506 0.396494 
 ----> psTTM 277 0 0.576319 0.423681 
 ----> psTTM 278 0 0.666832 0.333168 
 ----> psTTM 279 1 0.687995 0.312005 
 ----> psTTM 280 1 0.639687 0.360313 
 ----> psTTM 281 0 0.68571 0.31429 
 ----> psTTM 282 1 0.68703 0.31297 
 ----> psTTM 283 1 0.667704 0.332296 
 ----> psTTM 284 1 0.64728 0.35272 
 ----> psTTM 285 0 0.666632 0.333368 
 ----> psTTM 286 0 0.677762 0.322238 
 ----> psTTM 287 0 0.688011 0.311989 
 ----> psTTM 288 1 0.638844 0.361156 
 ----> psTTM 289 0 0.707697 0.292303 
 ----> psTTM 290 0 0.668199 0.331801 
 ----> psTTM 291 1 0.697745 0.302255 
 ----> psTTM 292 0 0.667177 0.332823 
 ----> psTTM 293 1 0.676526 0.323474 
 ----> psTTM 294 1 0.630788 0.369212 
 ----> psTTM 295 0 0.678846 0.321154 
 ----> psTTM 296 0 0.655527 0.344473 
 ----> psTTM 297 0 0.682499 0.317501 
 ----> psTTM 298 1 0.651191 0.348809 
 ----> psTTM 299 0 0.677051 0.322949 
 ----> psTTM 300 0 0.68534 0.31466 
 ----> psTTM 301 0 0.66792 0.33208 
 ----> psTTM 302 0 0.684628 0.315372 
 ----> psTTM 303 0 0.703283 0.296717 
 ----> psTTM 304 0 0.676499 0.323501 
 ----> psTTM 305 0 0.705146 0.294854 
 ----> psTTM 306 0 0.714972 0.285028 
 ----> psTTM 307 1 0.670542 0.329458 
 ----> psTTM 308 0 0.696011 0.303989 
 ----> psTTM 309 1 0.66514 0.33486 
 ----> psTTM 310 0 0.66171 0.33829 
 ----> psTTM 311 0 0.626557 0.373443 
 ----> psTTM 312 0 0.641797 0.358203 
 ----> psTTM 313 1 0.649741 0.350259 
 ----> psTTM 314 0 0.683747 0.316253 
 ----> psTTM 315 0 0.65423 0.34577 
 ----> psTTM 316 0 0.665272 0.334728 
 ----> psTTM 317 0 0.587231 0.412769 
 ----> psTTM 318 0 0.66571 0.33429 
 ----> psTTM 319 0 0.662843 0.337157 
 ----> psTTM 320 0 0.671071 0.328929 
 ----> psTTM 321 1 0.655756 0.344244 
 ----> psTTM 322 1 0.666757 0.333243 
 ----> psTTM 323 0 0.64583 0.35417 
 ----> psTTM 324 0 0.67865 0.32135 
 ----> psTTM 325 0 0.674493 0.325507 
 ----> psTTM 326 1 0.674156 0.325844 
 ----> psTTM 327 1 0.664214 0.335786 
 ----> psTTM 328 0 0.688274 0.311726 
 ----> psTTM 329 0 0.641837 0.358163 
 ----> psTTM 330 0 0.741376 0.258624 
 ----> psTTM 331 0 0.721581 0.278419 
 ----> psTTM 332 0 0.677038 0.322962 
 ----> psTTM 333 1 0.618868 0.381132 
 ----> psTTM 334 1 0.623162 0.376838 
 ----> psTTM 335 0 0.654685 0.345315 
 ----> psTTM 336 1 0.657674 0.342326 
 ----> psTTM 337 1 0.693976 0.306024 
 ----> psTTM 338 1 0.64764 0.35236 
 ----> psTTM 339 0 0.617633 0.382367 
 ----> psTTM 340 0 0.650211 0.349789 
 ----> psTTM 341 1 0.662594 0.337406 
 ----> psTTM 342 1 0.679204 0.320796 
 ----> psTTM 343 0 0.68148 0.31852 
 ----> psTTM 344 0 0.661463 0.338537 
 ----> psTTM 345 0 0.661034 0.338966 
 ----> psTTM 346 0 0.655679 0.344321 
 ----> psTTM 347 1 0.661973 0.338027 
 ----> psTTM 348 0 0.644799 0.355201 
 ----> psTTM 349 0 0.680542 0.319458 
 ----> psTTM 350 1 0.673428 0.326572 
 ----> psTTM 351 0 0.665463 0.334537 
 ----> psTTM 352 0 0.651217 0.348783 
 ----> psTTM 353 0 0.681407 0.318593 
 ----> psTTM 354 0 0.695291 0.304709 
 ----> psTTM 355 0 0.705499 0.294501 
 ----> psTTM 356 0 0.676757 0.323243 
 ----> psTTM 357 1 0.645169 0.354831 
 ----> psTTM 358 0 0.67538 0.32462 
 ----> psTTM 359 0 0.66839 0.33161 
 ----> psTTM 360 0 0.66546 0.33454 
 ----> psTTM 361 0 0.721106 0.278894 
 ----> psTTM 362 1 0.682135 0.317865 
 ----> psTTM 363 0 0.651531 0.348469 
 ----> psTTM 364 0 0.724586 0.275414 
 ----> psTTM 365 0 0.670089 0.329911 
 ----> psTTM 366 1 0.642103 0.357897 
 ----> psTTM 367 0 0.661213 0.338787 
 ----> psTTM 368 0 0.684468 0.315532 
 ----> psTTM 369 0 0.618031 0.381969 
 ----> psTTM 370 1 0.659436 0.340564 
 ----> psTTM 371 0 0.697706 0.302294 
 ----> psTTM 372 0 0.671739 0.328261 
 ----> psTTM 373 0 0.656442 0.343558 
 ----> psTTM 374 0 0.691543 0.308457 
 ----> psTTM 375 1 0.666523 0.333477 
 ----> psTTM 376 0 0.6899 0.3101 
 ----> psTTM 377 0 0.67282 0.32718 
 ----> psTTM 378 1 0.676478 0.323522 
 ----> psTTM 379 0 0.700668 0.299332 
 ----> psTTM 380 0 0.67212 0.32788 
 ----> psTTM 381 0 0.652058 0.347942 
 ----> psTTM 382 0 0.674904 0.325096 
 ----> psTTM 383 0 0.688567 0.311433 
 ----> psTTM 384 0 0.675462 0.324538 
 ----> psTTM 385 1 0.670651 0.329349 
 ----> psTTM 386 0 0.68382 0.31618 
 ----> psTTM 387 1 0.66347 0.33653 
 ----> psTTM 388 1 0.652204 0.347796 
 ----> psTTM 389 0 0.664928 0.335072 
 ----> psTTM 390 0 0.667844 0.332156 
 ----> psTTM 391 0 0.705301 0.294699 
 ----> psTTM 392 1 0.674724 0.325276 
 ----> psTTM 393 1 0.653273 0.346727 
 ----> psTTM 394 0 0.672969 0.327031 
 ----> psTTM 395 0 0.685918 0.314082 
 ----> psTTM 396 0 0.655129 0.344871 
 ----> psTTM 397 0 0.650066 0.349934 
 ----> psTTM 398 1 0.675246 0.324754 
 ----> psTTM 399 1 0.627659 0.372341 
 ----> psTTM 400 1 0.678624 0.321376 
 ----> psTTM 401 0 0.678265 0.321735 
 ----> psTTM 402 0 0.672426 0.327574 
 ----> psTTM 403 0 0.706389 0.293611 
 ----> psTTM 404 0 0.670649 0.329351 
 ----> psTTM 405 0 0.700799 0.299201 
 ----> psTTM 406 1 0.677943 0.322057 
 ----> psTTM 407 1 0.644138 0.355862 
 ----> psTTM 408 0 0.686125 0.313875 
 ----> psTTM 409 1 0.659028 0.340972 
 ----> psTTM 410 0 0.653889 0.346111 
 ----> psTTM 411 0 0.662701 0.337299 
 ----> psTTM 412 1 0.668747 0.331253 
 ----> psTTM 413 1 0.647567 0.352433 
 ----> psTTM 414 0 0.670008 0.329992 
 ----> psTTM 415 1 0.658769 0.341231 
 ----> psTTM 416 0 0.658232 0.341768 
 ----> psTTM 417 0 0.685107 0.314893 
 ----> psTTM 418 1 0.65279 0.34721 
 ----> psTTM 419 0 0.692766 0.307234 
 ----> psTTM 420 0 0.649013 0.350987 
 ----> psTTM 421 0 0.725424 0.274576 
 ----> psTTM 422 0 0.720059 0.279941 
 ----> psTTM 423 0 0.694576 0.305424 
 ----> psTTM 424 0 0.644918 0.355082 
 ----> psTTM 425 0 0.680405 0.319595 
 ----> psTTM 426 1 0.641972 0.358028 
 ----> psTTM 427 0 0.676741 0.323259 
 ----> psTTM 428 0 0.662811 0.337189 
 ----> psTTM 429 0 0.635612 0.364388 
 ----> psTTM 430 0 0.658629 0.341371 
 ----> psTTM 431 0 0.661262 0.338738 
 ----> psTTM 432 0 0.680886 0.319114 
 ----> psTTM 433 0 0.693566 0.306434 
 ----> psTTM 434 0 0.661654 0.338346 
 ----> psTTM 435 1 0.696965 0.303035 
 ----> psTTM 436 0 0.679886 0.320114 
 ----> psTTM 437 0 0.749993 0.250007 
 ----> psTTM 438 0 0.671274 0.328726 
 ----> psTTM 439 0 0.680531 0.319469 
 ----> psTTM 440 0 0.679049 0.320951 
 ----> psTTM 441 0 0.663913 0.336087 
 ----> psTTM 442 0 0.718963 0.281037 
 ----> psTTM 443 0 0.703433 0.296567 
 ----> psTTM 444 0 0.675757 0.324243 
 ----> psTTM 445 1 0.670275 0.329725 
 ----> psTTM 446 0 0.720894 0.279106 
 ----> psTTM 447 0 0.696168 0.303832 
 ----> psTTM 448 0 0.665243 0.334757 
 ----> psTTM 449 0 0.655862 0.344138 
 ----> psTTM 450 0 0.70846 0.29154 
 ----> psTTM 451 0 0.692098 0.307902 
 ----> psTTM 452 0 0.660368 0.339632 
 ----> psTTM 453 0 0.674445 0.325555 
 ----> psTTM 454 1 0.636692 0.363308 
 ----> psTTM 455 0 0.677412 0.322588 
 ----> psTTM 456 0 0.696433 0.303567 
 ----> psTTM 457 0 0.703604 0.296396 
 ----> psTTM 458 1 0.652754 0.347246 
 ----> psTTM 459 0 0.651798 0.348202 
 ----> psTTM 460 0 0.679401 0.320599 
 ----> psTTM 461 1 0.673347 0.326653 
 ----> psTTM 462 0 0.680726 0.319274 
 ----> psTTM 463 0 0.701152 0.298848 
 ----> psTTM 464 0 0.688553 0.311447 
 ----> psTTM 465 0 0.691672 0.308328 
 ----> psTTM 466 0 0.74867 0.25133 
 ----> psTTM 467 1 0.703635 0.296365 
 ----> psTTM 468 0 0.68122 0.31878 
 ----> psTTM 469 0 0.658935 0.341065 
 ----> psTTM 470 1 0.648256 0.351744 
 ----> psTTM 471 1 0.667065 0.332935 
 ----> psTTM 472 0 0.664823 0.335177 
 ----> psTTM 473 1 0.657577 0.342423 
 ----> psTTM 474 0 0.65309 0.34691 
 ----> psTTM 475 0 0.649015 0.350985 
 ----> psTTM 476 0 0.685649 0.314351 
 ----> psTTM 477 1 0.681744 0.318256 
 ----> psTTM 478 0 0.690929 0.309071 
 ----> psTTM 479 1 0.629772 0.370228 
 ----> psTTM 480 0 0.656059 0.343941 
 ----> psTTM 481 0 0.669866 0.330134 
 ----> psTTM 482 0 0.684748 0.315252 
 ----> psTTM 483 1 0.698917 0.301083 
 ----> psTTM 484 0 0.706462 0.293538 
 ----> psTTM 485 0 0.663056 0.336944 
 ----> psTTM 486 0 0.688948 0.311052 
 ----> psTTM 487 0 0.680321 0.319679 
 ----> psTTM 488 1 0.666955 0.333045 
 ----> psTTM 489 1 0.64057 0.35943 
 ----> psTTM 490 0 0.695071 0.304929 
 ----> psTTM 491 1 0.706589 0.293411 
 ----> psTTM 492 0 0.661307 0.338693 
 ----> psTTM 493 0 0.677998 0.322002 
 ----> psTTM 494 0 0.689228 0.310772 
 ----> psTTM 495 1 0.653113 0.346887 
 ----> psTTM 496 0 0.665055 0.334945 
 ----> psTTM 497 0 0.636891 0.363109 
 ----> psTTM 498 0 0.694454 0.305546 
 ----> psTTM 499 1 0.651373 0.348627 
 ----> psTTM 500 1 0.687943 0.312057 
 ----> psTTM 501 0 0.688898 0.311102 
 ----> psTTM 502 0 0.666685 0.333315 
 ----> psTTM 503 0 0.652478 0.347522 
 ----> psTTM 504 0 0.670384 0.329616 
 ----> psTTM 505 0 0.6616 0.3384 
 ----> psTTM 506 0 0.708809 0.291191 
 ----> psTTM 507 0 0.645686 0.354314 
 ----> psTTM 508 1 0.642142 0.357858 
 ----> psTTM 509 1 0.732376 0.267624 
 ----> psTTM 510 0 0.691003 0.308997 
 ----> psTTM 511 0 0.643026 0.356974 
 ----> psTTM 512 0 0.65203 0.34797 
 ----> psTTM 513 0 0.675054 0.324946 
 ----> psTTM 514 1 0.661429 0.338571 
 ----> psTTM 515 0 0.668586 0.331414 
 ----> psTTM 516 0 0.66196 0.33804 
 ----> psTTM 517 1 0.669207 0.330793 
 ----> psTTM 518 0 0.70136 0.29864 
 ----> psTTM 519 0 0.653317 0.346683 
 ----> psTTM 520 1 0.666169 0.333831 
 ----> psTTM 521 1 0.628115 0.371885 
 ----> psTTM 522 0 0.683139 0.316861 
 ----> psTTM 523 1 0.63852 0.36148 
 ----> psTTM 524 0 0.63231 0.36769 
 ----> psTTM 525 0 0.652378 0.347622 
 ----> psTTM 526 0 0.669424 0.330576 
 ----> psTTM 527 0 0.64147 0.35853 
 ----> psTTM 528 0 0.705605 0.294395 
 ----> psTTM 529 1 0.683627 0.316373 
 ----> psTTM 530 0 0.679262 0.320738 
 ----> psTTM 531 1 0.665444 0.334556 
 ----> psTTM 532 0 0.696152 0.303848 
 ----> psTTM 533 0 0.682311 0.317689 
 ----> psTTM 534 0 0.66158 0.33842 
 ----> psTTM 535 1 0.645815 0.354185 
 ----> psTTM 536 0 0.682662 0.317338 
 ----> psTTM 537 0 0.653568 0.346432 
 ----> psTTM 538 0 0.664396 0.335604 
 ----> psTTM 539 1 0.6765 0.3235 
 ----> psTTM 540 0 0.687673 0.312327 
 ----> psTTM 541 1 0.671213 0.328787 
 ----> psTTM 542 0 0.666053 0.333947 
 ----> psTTM 543 1 0.680294 0.319706 
 ----> psTTM 544 0 0.639525 0.360475 
 ----> psTTM 545 1 0.673524 0.326476 
 ----> psTTM 546 0 0.688861 0.311139 
 ----> psTTM 547 0 0.670073 0.329927 
 ----> psTTM 548 1 0.640637 0.359363 
 ----> psTTM 549 0 0.675868 0.324132 
 ----> psTTM 550 0 0.649554 0.350446 
 ----> psTTM 551 0 0.683955 0.316045 
 ----> psTTM 552 1 0.71451 0.28549 
 ----> psTTM 553 1 0.654281 0.345719 
 ----> psTTM 554 1 0.673301 0.326699 
 ----> psTTM 555 1 0.64558 0.35442 
 ----> psTTM 556 0 0.626978 0.373022 
 ----> psTTM 557 0 0.669269 0.330731 
 ----> psTTM 558 0 0.692428 0.307572 
 ----> psTTM 559 0 0.667287 0.332713 
 ----> psTTM 560 0 0.676224 0.323776 
 ----> psTTM 561 1 0.661603 0.338397 
 ----> psTTM 562 0 0.657031 0.342969 
 ----> psTTM 563 0 0.63197 0.36803 
 ----> psTTM 564 0 0.667491 0.332509 
 ----> psTTM 565 0 0.643764 0.356236 
 ----> psTTM 566 0 0.679499 0.320501 
 ----> psTTM 567 0 0.630336 0.369664 
 ----> psTTM 568 0 0.660387 0.339613 
 ----> psTTM 569 1 0.663927 0.336073 
 ----> psTTM 570 0 0.697 0.303 
 ----> psTTM 571 1 0.633823 0.366177 
 ----> psTTM 572 0 0.658635 0.341365 
 ----> psTTM 573 0 0.674825 0.325175 
 ----> psTTM 574 0 0.714077 0.285923 
 ----> psTTM 575 1 0.612108 0.387892 
 ----> psTTM 576 0 0.658184 0.341816 
 ----> psTTM 577 1 0.668379 0.331621 
 ----> psTTM 578 0 0.664839 0.335161 
 ----> psTTM 579 0 0.689354 0.310646 
 ----> psTTM 580 1 0.66004 0.33996 
 ----> psTTM 581 0 0.698179 0.301821 
 ----> psTTM 582 0 0.715668 0.284332 
 ----> psTTM 583 1 0.664773 0.335227 
 ----> psTTM 584 0 0.670351 0.329649 
 ----> psTTM 585 0 0.648687 0.351313 
 ----> psTTM 586 0 0.663002 0.336998 
 ----> psTTM 587 0 0.648565 0.351435 
 ----> psTTM 588 0 0.677254 0.322746 
 ----> psTTM 589 1 0.675577 0.324423 
 ----> psTTM 590 0 0.665125 0.334875 
 ----> psTTM 591 1 0.689652 0.310348 
 ----> psTTM 592 1 0.669602 0.330398 
 ----> psTTM 593 0 0.666712 0.333288 
 ----> psTTM 594 0 0.679886 0.320114 
 ----> psTTM 595 0 0.670345 0.329655 
 ----> psTTM 596 0 0.665281 0.334719 
 ----> psTTM 597 0 0.681914 0.318086 
 ----> psTTM 598 0 0.672467 0.327533 
 ----> psTTM 599 0 0.685319 0.314681 
 ----> psTTM 600 0 0.670351 0.329649 
 ----> psTTM 601 0 0.658338 0.341662 
 ----> psTTM 602 1 0.656939 0.343061 
 ----> psTTM 603 0 0.676023 0.323977 
 ----> psTTM 604 0 0.685162 0.314838 
 ----> psTTM 605 0 0.696775 0.303225 
 ----> psTTM 606 0 0.668354 0.331646 
 ----> psTTM 607 1 0.674378 0.325622 
 ----> psTTM 608 0 0.6806 0.3194 
 ----> psTTM 609 0 0.712039 0.287961 
 ----> psTTM 610 0 0.715985 0.284015 
 ----> psTTM 611 0 0.649933 0.350067 
 ----> psTTM 612 0 0.686153 0.313847 
 ----> psTTM 613 0 0.705957 0.294043 
 ----> psTTM 614 0 0.684342 0.315658 
 ----> psTTM 615 0 0.699602 0.300398 
 ----> psTTM 616 0 0.645703 0.354297 
 ----> psTTM 617 0 0.643806 0.356194 
 ----> psTTM 618 0 0.706606 0.293394 
 ----> psTTM 619 1 0.683379 0.316621 
 ----> psTTM 620 0 0.678594 0.321406 
 ----> psTTM 621 0 0.710673 0.289327 
 ----> psTTM 622 0 0.682321 0.317679 
 ----> psTTM 623 1 0.685233 0.314767 
 ----> psTTM 624 0 0.72468 0.27532 
 ----> psTTM 625 0 0.725399 0.274601 
 ----> psTTM 626 0 0.700742 0.299258 
 ----> psTTM 627 0 0.683043 0.316957 
 ----> psTTM 628 1 0.638957 0.361043 
 ----> psTTM 629 0 0.686381 0.313619 
 ----> psTTM 630 0 0.694657 0.305343 
 ----> psTTM 631 1 0.693006 0.306994 
 ----> psTTM 632 1 0.657735 0.342265 
 ----> psTTM 633 0 0.660017 0.339983 
 ----> psTTM 634 1 0.68009 0.31991 
 ----> psTTM 635 0 0.710004 0.289996 
 ----> psTTM 636 1 0.664845 0.335155 
 ----> psTTM 637 0 0.644211 0.355789 
 ----> psTTM 638 0 0.713418 0.286582 
 ----> psTTM 639 1 0.676256 0.323744 
 ----> psTTM 640 0 0.66191 0.33809 
 ----> psTTM 641 0 0.653067 0.346933 
 ----> psTTM 642 0 0.672866 0.327134 
 ----> psTTM 643 0 0.665402 0.334598 
 ----> psTTM 644 0 0.640122 0.359878 
 ----> psTTM 645 0 0.681217 0.318783 
 ----> psTTM 646 1 0.641616 0.358384 
 ----> psTTM 647 0 0.683502 0.316498 
 ----> psTTM 648 0 0.685752 0.314248 
 ----> psTTM 649 0 0.693154 0.306846 
 ----> psTTM 650 0 0.682825 0.317175 
 ----> psTTM 651 1 0.665058 0.334942 
 ----> psTTM 652 0 0.670826 0.329174 
 ----> psTTM 653 1 0.699473 0.300527 
 ----> psTTM 654 0 0.668136 0.331864 
 ----> psTTM 655 0 0.675207 0.324793 
 ----> psTTM 656 0 0.69337 0.30663 
 ----> psTTM 657 0 0.708713 0.291287 
 ----> psTTM 658 0 0.657813 0.342187 
 ----> psTTM 659 0 0.67711 0.32289 
 ----> psTTM 660 0 0.6956 0.3044 
 ----> psTTM 661 0 0.662856 0.337144 
 ----> psTTM 662 0 0.67879 0.32121 
 ----> psTTM 663 1 0.652402 0.347598 
 ----> psTTM 664 1 0.659939 0.340061 
 ----> psTTM 665 0 0.654294 0.345706 
 ----> psTTM 666 0 0.666203 0.333797 
 ----> psTTM 667 0 0.677875 0.322125 
 ----> psTTM 668 0 0.676345 0.323655 
 ----> psTTM 669 0 0.718406 0.281594 
 ----> psTTM 670 0 0.6631 0.3369 
 ----> psTTM 671 0 0.676758 0.323242 
 ----> psTTM 672 0 0.697968 0.302032 
 ----> psTTM 673 0 0.706016 0.293984 
 ----> psTTM 674 1 0.670061 0.329939 
 ----> psTTM 675 1 0.699888 0.300112 
 ----> psTTM 676 0 0.699366 0.300634 
 ----> psTTM 677 1 0.667178 0.332822 
 ----> psTTM 678 1 0.664615 0.335385 
 ----> psTTM 679 0 0.674484 0.325516 
 ----> psTTM 680 1 0.683452 0.316548 
 ----> psTTM 681 0 0.678961 0.321039 
 ----> psTTM 682 0 0.668059 0.331941 
 ----> psTTM 683 0 0.683132 0.316868 
 ----> psTTM 684 0 0.682951 0.317049 
 ----> psTTM 685 0 0.706813 0.293187 
 ----> psTTM 686 0 0.645733 0.354267 
 ----> psTTM 687 0 0.671738 0.328262 
 ----> psTTM 688 0 0.689567 0.310433 
 ----> psTTM 689 0 0.666599 0.333401 
 ----> psTTM 690 1 0.674526 0.325474 
 ----> psTTM 691 0 0.668915 0.331085 
 ----> psTTM 692 0 0.682129 0.317871 
 ----> psTTM 693 1 0.662074 0.337926 
 ----> psTTM 694 0 0.637863 0.362137 
 ----> psTTM 695 0 0.687896 0.312104 
 ----> psTTM 696 0 0.667559 0.332441 
 ----> psTTM 697 0 0.673645 0.326355 
 ----> psTTM 698 1 0.70279 0.29721 
 ----> psTTM 699 0 0.679818 0.320182 
 ----> psTTM 700 1 0.654076 0.345924 
 ----> psTTM 701 0 0.677203 0.322797 
 ----> psTTM 702 0 0.706595 0.293405 
 ----> psTTM 703 0 0.687253 0.312747 
 ----> psTTM 704 0 0.668087 0.331913 
 ----> psTTM 705 0 0.668252 0.331748 
 ----> psTTM 706 0 0.67824 0.32176 
 ----> psTTM 707 0 0.701078 0.298922 
 ----> psTTM 708 0 0.699454 0.300546 
 ----> psTTM 709 0 0.677699 0.322301 
 ----> psTTM 710 0 0.680815 0.319185 
 ----> psTTM 711 0 0.696062 0.303938 
 ----> psTTM 712 0 0.730558 0.269442 
 ----> psTTM 713 1 0.663648 0.336352 
 ----> psTTM 714 1 0.660216 0.339784 
 ----> psTTM 715 1 0.676438 0.323562 
 ----> psTTM 716 1 0.684896 0.315104 
 ----> psTTM 717 0 0.704642 0.295358 
 ----> psTTM 718 0 0.680088 0.319912 
