 ----> psTTM 1 1 0 0 
 ----> psTTM 2 0 0.625896 0.374104 
 ----> psTTM 3 1 0.716532 0.283468 
 ----> psTTM 4 1 0.684188 0.315812 
 ----> psTTM 5 1 0.714171 0.285829 
 ----> psTTM 6 1 0.627118 0.372882 
 ----> psTTM 7 0 0.664896 0.335104 
 ----> psTTM 8 0 0.65433 0.34567 
 ----> psTTM 9 0 0.659881 0.340119 
 ----> psTTM 10 1 0.644268 0.355732 
 ----> psTTM 11 1 0.65103 0.34897 
 ----> psTTM 12 0 0.642384 0.357616 
 ----> psTTM 13 0 0.689542 0.310458 
 ----> psTTM 14 1 0.63462 0.36538 
 ----> psTTM 15 1 0.564532 0.435468 
 ----> psTTM 16 1 0.574683 0.425317 
 ----> psTTM 17 1 0.656127 0.343873 
 ----> psTTM 18 0 0.657869 0.342131 
 ----> psTTM 19 0 0.657238 0.342762 
 ----> psTTM 20 0 0.668629 0.331371 
 ----> psTTM 21 1 0.624879 0.375121 
 ----> psTTM 22 0 0.657648 0.342352 
 ----> psTTM 23 0 0.656466 0.343534 
 ----> psTTM 24 0 0.657603 0.342397 
 ----> psTTM 25 0 0.671048 0.328952 
 ----> psTTM 26 1 0.604313 0.395687 
 ----> psTTM 27 1 0.565645 0.434355 
 ----> psTTM 28 1 0.623393 0.376607 
 ----> psTTM 29 0 0.676999 0.323001 
 ----> psTTM 30 0 0.666378 0.333622 
 ----> psTTM 31 0 0.669544 0.330456 
 ----> psTTM 32 0 0.697649 0.302351 
 ----> psTTM 33 0 0.672963 0.327037 
 ----> psTTM 34 0 0.645552 0.354448 
 ----> psTTM 35 1 0.677589 0.322411 
 ----> psTTM 36 0 0.727638 0.272362 
 ----> psTTM 37 0 0.688712 0.311288 
 ----> psTTM 38 0 0.630555 0.369445 
 ----> psTTM 39 0 0.685108 0.314892 
 ----> psTTM 40 1 0.630863 0.369137 
 ----> psTTM 41 1 0.680934 0.319066 
 ----> psTTM 42 1 0.652312 0.347688 
 ----> psTTM 43 0 0.667051 0.332949 
 ----> psTTM 44 1 0.676797 0.323203 
 ----> psTTM 45 1 0.647552 0.352448 
 ----> psTTM 46 0 0.678926 0.321074 
 ----> psTTM 47 1 0.62486 0.37514 
 ----> psTTM 48 1 0.647409 0.352591 
 ----> psTTM 49 1 0.621842 0.378158 
 ----> psTTM 50 1 0.649965 0.350035 
 ----> psTTM 51 0 0.641622 0.358378 
 ----> psTTM 52 1 0.634731 0.365269 
 ----> psTTM 53 0 0.686772 0.313228 
 ----> psTTM 54 0 0.674954 0.325046 
 ----> psTTM 55 0 0.668162 0.331838 
 ----> psTTM 56 1 0.630613 0.369387 
 ----> psTTM 57 1 0.656061 0.343939 
 ----> psTTM 58 0 0.672548 0.327452 
 ----> psTTM 59 1 0.600401 0.399599 
 ----> psTTM 60 0 0.627741 0.372259 
 ----> psTTM 61 0 0.709355 0.290645 
 ----> psTTM 62 0 0.648419 0.351581 
 ----> psTTM 63 1 0.644392 0.355608 
 ----> psTTM 64 1 0.680406 0.319594 
 ----> psTTM 65 0 0.674942 0.325058 
 ----> psTTM 66 0 0.709546 0.290454 
 ----> psTTM 67 1 0.646631 0.353369 
 ----> psTTM 68 1 0.627701 0.372299 
 ----> psTTM 69 0 0.659486 0.340514 
 ----> psTTM 70 0 0.695232 0.304768 
 ----> psTTM 71 1 0.670472 0.329528 
 ----> psTTM 72 1 0.657462 0.342538 
 ----> psTTM 73 0 0.675749 0.324251 
 ----> psTTM 74 0 0.659428 0.340572 
 ----> psTTM 75 0 0.661936 0.338064 
 ----> psTTM 76 1 0.65991 0.34009 
 ----> psTTM 77 0 0.692797 0.307203 
 ----> psTTM 78 1 0.655761 0.344239 
 ----> psTTM 79 0 0.676873 0.323127 
 ----> psTTM 80 1 0.662992 0.337008 
 ----> psTTM 81 1 0.677796 0.322204 
 ----> psTTM 82 1 0.613886 0.386114 
 ----> psTTM 83 1 0.654214 0.345786 
 ----> psTTM 84 1 0.64066 0.35934 
 ----> psTTM 85 0 0.670126 0.329874 
 ----> psTTM 86 0 0.65886 0.34114 
 ----> psTTM 87 1 0.66117 0.33883 
 ----> psTTM 88 1 0.62844 0.37156 
 ----> psTTM 89 1 0.624224 0.375776 
 ----> psTTM 90 1 0.632796 0.367204 
 ----> psTTM 91 1 0.571997 0.428003 
 ----> psTTM 92 0 0.694677 0.305323 
 ----> psTTM 93 0 0.676856 0.323144 
 ----> psTTM 94 1 0.640538 0.359462 
 ----> psTTM 95 0 0.627998 0.372002 
 ----> psTTM 96 0 0.666622 0.333378 
 ----> psTTM 97 1 0.670024 0.329976 
 ----> psTTM 98 1 0.612589 0.387411 
 ----> psTTM 99 1 0.673711 0.326289 
 ----> psTTM 100 0 0.668981 0.331019 
 ----> psTTM 101 1 0.66095 0.33905 
 ----> psTTM 102 0 0.727609 0.272391 
 ----> psTTM 103 0 0.707986 0.292014 
 ----> psTTM 104 0 0.700844 0.299156 
 ----> psTTM 105 1 0.593536 0.406464 
 ----> psTTM 106 0 0.631612 0.368388 
 ----> psTTM 107 0 0.62382 0.37618 
 ----> psTTM 108 0 0.662845 0.337155 
 ----> psTTM 109 0 0.661324 0.338676 
 ----> psTTM 110 1 0.622792 0.377208 
 ----> psTTM 111 0 0.667315 0.332685 
 ----> psTTM 112 0 0.665014 0.334986 
 ----> psTTM 113 1 0.59986 0.40014 
 ----> psTTM 114 1 0.621808 0.378192 
 ----> psTTM 115 0 0.651375 0.348625 
 ----> psTTM 116 0 0.62919 0.37081 
 ----> psTTM 117 1 0.682997 0.317003 
 ----> psTTM 118 1 0.55358 0.44642 
 ----> psTTM 119 1 0.591088 0.408912 
 ----> psTTM 120 0 0.663414 0.336586 
 ----> psTTM 121 0 0.69806 0.30194 
 ----> psTTM 122 1 0.615649 0.384351 
 ----> psTTM 123 1 0.626284 0.373716 
 ----> psTTM 124 0 0.700067 0.299933 
 ----> psTTM 125 1 0.625628 0.374372 
 ----> psTTM 126 0 0.659272 0.340728 
 ----> psTTM 127 0 0.667323 0.332677 
 ----> psTTM 128 0 0.682309 0.317691 
 ----> psTTM 129 1 0.649981 0.350019 
 ----> psTTM 130 0 0.663528 0.336472 
 ----> psTTM 131 0 0.631697 0.368303 
 ----> psTTM 132 0 0.674012 0.325988 
 ----> psTTM 133 1 0.60675 0.39325 
 ----> psTTM 134 1 0.62092 0.37908 
 ----> psTTM 135 1 0.607685 0.392315 
 ----> psTTM 136 0 0.690395 0.309605 
 ----> psTTM 137 1 0.627187 0.372813 
 ----> psTTM 138 0 0.685708 0.314292 
 ----> psTTM 139 0 0.655348 0.344652 
 ----> psTTM 140 1 0.637681 0.362319 
 ----> psTTM 141 0 0.645446 0.354554 
 ----> psTTM 142 1 0.593047 0.406953 
 ----> psTTM 143 0 0.667567 0.332433 
 ----> psTTM 144 1 0.636578 0.363422 
 ----> psTTM 145 0 0.654088 0.345912 
 ----> psTTM 146 0 0.680691 0.319309 
 ----> psTTM 147 0 0.653222 0.346778 
 ----> psTTM 148 0 0.694767 0.305233 
 ----> psTTM 149 1 0.69039 0.30961 
 ----> psTTM 150 1 0.610856 0.389144 
 ----> psTTM 151 1 0.616614 0.383386 
 ----> psTTM 152 0 0.711005 0.288995 
 ----> psTTM 153 0 0.62251 0.37749 
 ----> psTTM 154 0 0.668399 0.331601 
 ----> psTTM 155 1 0.649994 0.350006 
 ----> psTTM 156 1 0.654682 0.345318 
 ----> psTTM 157 1 0.627819 0.372181 
 ----> psTTM 158 0 0.674028 0.325972 
 ----> psTTM 159 1 0.635859 0.364141 
 ----> psTTM 160 0 0.701244 0.298756 
 ----> psTTM 161 0 0.642109 0.357891 
 ----> psTTM 162 1 0.661445 0.338555 
 ----> psTTM 163 1 0.61063 0.38937 
 ----> psTTM 164 1 0.661577 0.338423 
 ----> psTTM 165 1 0.635035 0.364965 
 ----> psTTM 166 0 0.675594 0.324406 
 ----> psTTM 167 1 0.626015 0.373985 
 ----> psTTM 168 0 0.65173 0.34827 
 ----> psTTM 169 0 0.6535 0.3465 
 ----> psTTM 170 1 0.609852 0.390148 
 ----> psTTM 171 1 0.590491 0.409509 
 ----> psTTM 172 0 0.71239 0.28761 
 ----> psTTM 173 1 0.651272 0.348728 
 ----> psTTM 174 0 0.689064 0.310936 
 ----> psTTM 175 1 0.614619 0.385381 
 ----> psTTM 176 0 0.673697 0.326303 
 ----> psTTM 177 0 0.671518 0.328482 
 ----> psTTM 178 1 0.640701 0.359299 
 ----> psTTM 179 0 0.635526 0.364474 
 ----> psTTM 180 0 0.690757 0.309243 
 ----> psTTM 181 0 0.6635 0.3365 
 ----> psTTM 182 0 0.635214 0.364786 
 ----> psTTM 183 1 0.621364 0.378636 
 ----> psTTM 184 1 0.651972 0.348028 
 ----> psTTM 185 0 0.658688 0.341312 
 ----> psTTM 186 0 0.64387 0.35613 
 ----> psTTM 187 0 0.649599 0.350401 
 ----> psTTM 188 1 0.624716 0.375284 
 ----> psTTM 189 1 0.665258 0.334742 
 ----> psTTM 190 0 0.678245 0.321755 
 ----> psTTM 191 0 0.683406 0.316594 
 ----> psTTM 192 1 0.655531 0.344469 
 ----> psTTM 193 0 0.696579 0.303421 
 ----> psTTM 194 0 0.70003 0.29997 
 ----> psTTM 195 0 0.654747 0.345253 
 ----> psTTM 196 1 0.605438 0.394562 
 ----> psTTM 197 0 0.671111 0.328889 
 ----> psTTM 198 0 0.684577 0.315423 
 ----> psTTM 199 0 0.669896 0.330104 
 ----> psTTM 200 0 0.667902 0.332098 
 ----> psTTM 201 0 0.677088 0.322912 
 ----> psTTM 202 0 0.66642 0.33358 
 ----> psTTM 203 1 0.618057 0.381943 
 ----> psTTM 204 1 0.619517 0.380483 
 ----> psTTM 205 0 0.600244 0.399756 
 ----> psTTM 206 1 0.658236 0.341764 
 ----> psTTM 207 1 0.644014 0.355986 
 ----> psTTM 208 0 0.666755 0.333245 
 ----> psTTM 209 0 0.674108 0.325892 
 ----> psTTM 210 0 0.660923 0.339077 
 ----> psTTM 211 0 0.656992 0.343008 
 ----> psTTM 212 0 0.647903 0.352097 
 ----> psTTM 213 1 0.636696 0.363304 
 ----> psTTM 214 0 0.67009 0.32991 
 ----> psTTM 215 1 0.636951 0.363049 
 ----> psTTM 216 0 0.684249 0.315751 
 ----> psTTM 217 1 0.635281 0.364719 
 ----> psTTM 218 0 0.668422 0.331578 
 ----> psTTM 219 0 0.647924 0.352076 
 ----> psTTM 220 0 0.709109 0.290891 
 ----> psTTM 221 0 0.658264 0.341736 
 ----> psTTM 222 1 0.681606 0.318394 
 ----> psTTM 223 1 0.649704 0.350296 
 ----> psTTM 224 0 0.662602 0.337398 
 ----> psTTM 225 1 0.688995 0.311005 
 ----> psTTM 226 1 0.568028 0.431972 
 ----> psTTM 227 0 0.718907 0.281093 
 ----> psTTM 228 0 0.673123 0.326877 
 ----> psTTM 229 0 0.712569 0.287431 
 ----> psTTM 230 0 0.653931 0.346069 
 ----> psTTM 231 0 0.693897 0.306103 
 ----> psTTM 232 1 0.635793 0.364207 
 ----> psTTM 233 0 0.679626 0.320374 
 ----> psTTM 234 0 0.661979 0.338021 
 ----> psTTM 235 0 0.692893 0.307107 
 ----> psTTM 236 1 0.641056 0.358944 
 ----> psTTM 237 0 0.661831 0.338169 
 ----> psTTM 238 0 0.686563 0.313437 
 ----> psTTM 239 0 0.663395 0.336605 
 ----> psTTM 240 1 0.638626 0.361374 
 ----> psTTM 241 0 0.673721 0.326279 
 ----> psTTM 242 1 0.602109 0.397891 
 ----> psTTM 243 0 0.659556 0.340444 
 ----> psTTM 244 1 0.67067 0.32933 
 ----> psTTM 245 1 0.596594 0.403406 
 ----> psTTM 246 0 0.655967 0.344033 
 ----> psTTM 247 0 0.69144 0.30856 
 ----> psTTM 248 1 0.638305 0.361695 
 ----> psTTM 249 1 0.68177 0.31823 
 ----> psTTM 250 0 0.689976 0.310024 
 ----> psTTM 251 0 0.66541 0.33459 
 ----> psTTM 252 0 0.67231 0.32769 
 ----> psTTM 253 1 0.63455 0.36545 
 ----> psTTM 254 0 0.695897 0.304103 
 ----> psTTM 255 1 0.666147 0.333853 
 ----> psTTM 256 0 0.675607 0.324393 
 ----> psTTM 257 0 0.706196 0.293804 
 ----> psTTM 258 0 0.695341 0.304659 
 ----> psTTM 259 0 0.668615 0.331385 
 ----> psTTM 260 1 0.621765 0.378235 
 ----> psTTM 261 1 0.627024 0.372976 
 ----> psTTM 262 0 0.678381 0.321619 
 ----> psTTM 263 1 0.679712 0.320288 
 ----> psTTM 264 1 0.664725 0.335275 
 ----> psTTM 265 1 0.597727 0.402273 
 ----> psTTM 266 0 0.733831 0.266169 
 ----> psTTM 267 0 0.669835 0.330165 
 ----> psTTM 268 0 0.673796 0.326204 
 ----> psTTM 269 0 0.625221 0.374779 
 ----> psTTM 270 1 0.641168 0.358832 
 ----> psTTM 271 1 0.607914 0.392086 
 ----> psTTM 272 0 0.676829 0.323171 
 ----> psTTM 273 0 0.700156 0.299844 
 ----> psTTM 274 1 0.625886 0.374114 
 ----> psTTM 275 1 0.662848 0.337152 
 ----> psTTM 276 0 0.659473 0.340527 
 ----> psTTM 277 0 0.710298 0.289702 
 ----> psTTM 278 0 0.709799 0.290201 
 ----> psTTM 279 1 0.663793 0.336207 
 ----> psTTM 280 1 0.650729 0.349271 
 ----> psTTM 281 0 0.688615 0.311385 
 ----> psTTM 282 1 0.623607 0.376393 
 ----> psTTM 283 1 0.638488 0.361512 
 ----> psTTM 284 1 0.625772 0.374228 
 ----> psTTM 285 0 0.70483 0.29517 
 ----> psTTM 286 0 0.655532 0.344468 
 ----> psTTM 287 0 0.708732 0.291268 
 ----> psTTM 288 1 0.61793 0.38207 
 ----> psTTM 289 0 0.690501 0.309499 
 ----> psTTM 290 0 0.668192 0.331808 
 ----> psTTM 291 1 0.662131 0.337869 
 ----> psTTM 292 0 0.668366 0.331634 
 ----> psTTM 293 1 0.591582 0.408418 
 ----> psTTM 294 1 0.666071 0.333929 
 ----> psTTM 295 0 0.696199 0.303801 
 ----> psTTM 296 0 0.678119 0.321881 
 ----> psTTM 297 0 0.639854 0.360146 
 ----> psTTM 298 1 0.651659 0.348341 
 ----> psTTM 299 0 0.673279 0.326721 
 ----> psTTM 300 0 0.674775 0.325225 
 ----> psTTM 301 0 0.694376 0.305624 
 ----> psTTM 302 0 0.674897 0.325103 
 ----> psTTM 303 0 0.651724 0.348276 
 ----> psTTM 304 0 0.722304 0.277696 
 ----> psTTM 305 0 0.687938 0.312062 
 ----> psTTM 306 0 0.618829 0.381171 
 ----> psTTM 307 1 0.623039 0.376961 
 ----> psTTM 308 0 0.669135 0.330865 
 ----> psTTM 309 1 0.64741 0.35259 
 ----> psTTM 310 0 0.681771 0.318229 
 ----> psTTM 311 0 0.742298 0.257702 
 ----> psTTM 312 0 0.696407 0.303593 
 ----> psTTM 313 1 0.591154 0.408846 
 ----> psTTM 314 0 0.724139 0.275861 
 ----> psTTM 315 0 0.716132 0.283868 
 ----> psTTM 316 0 0.696473 0.303527 
 ----> psTTM 317 0 0.652936 0.347064 
 ----> psTTM 318 0 0.67232 0.32768 
 ----> psTTM 319 0 0.651455 0.348545 
 ----> psTTM 320 0 0.68178 0.31822 
 ----> psTTM 321 1 0.656771 0.343229 
 ----> psTTM 322 1 0.647741 0.352259 
 ----> psTTM 323 0 0.712326 0.287674 
 ----> psTTM 324 0 0.650943 0.349057 
 ----> psTTM 325 0 0.679101 0.320899 
 ----> psTTM 326 1 0.661144 0.338856 
 ----> psTTM 327 1 0.654712 0.345288 
 ----> psTTM 328 0 0.657075 0.342925 
 ----> psTTM 329 0 0.683566 0.316434 
 ----> psTTM 330 0 0.627496 0.372504 
 ----> psTTM 331 0 0.723908 0.276092 
 ----> psTTM 332 0 0.647956 0.352044 
 ----> psTTM 333 1 0.66599 0.33401 
 ----> psTTM 334 1 0.660612 0.339388 
 ----> psTTM 335 0 0.624843 0.375157 
 ----> psTTM 336 1 0.636166 0.363834 
 ----> psTTM 337 1 0.593175 0.406825 
 ----> psTTM 338 1 0.632565 0.367435 
 ----> psTTM 339 0 0.693868 0.306132 
 ----> psTTM 340 0 0.656011 0.343989 
 ----> psTTM 341 1 0.598591 0.401409 
 ----> psTTM 342 1 0.603228 0.396772 
 ----> psTTM 343 0 0.675582 0.324418 
 ----> psTTM 344 0 0.687962 0.312038 
 ----> psTTM 345 0 0.689139 0.310861 
 ----> psTTM 346 0 0.694967 0.305033 
 ----> psTTM 347 1 0.632563 0.367437 
 ----> psTTM 348 0 0.687641 0.312359 
 ----> psTTM 349 0 0.673525 0.326475 
 ----> psTTM 350 1 0.648798 0.351202 
 ----> psTTM 351 0 0.659084 0.340916 
 ----> psTTM 352 0 0.697484 0.302516 
 ----> psTTM 353 0 0.68093 0.31907 
 ----> psTTM 354 0 0.709266 0.290734 
 ----> psTTM 355 0 0.671174 0.328826 
 ----> psTTM 356 0 0.663367 0.336633 
 ----> psTTM 357 1 0.651965 0.348035 
 ----> psTTM 358 0 0.727794 0.272206 
 ----> psTTM 359 0 0.69852 0.30148 
 ----> psTTM 360 0 0.671241 0.328759 
 ----> psTTM 361 0 0.691814 0.308186 
 ----> psTTM 362 1 0.625885 0.374115 
 ----> psTTM 363 0 0.697498 0.302502 
 ----> psTTM 364 0 0.643516 0.356484 
 ----> psTTM 365 0 0.669096 0.330904 
 ----> psTTM 366 1 0.646767 0.353233 
 ----> psTTM 367 0 0.665109 0.334891 
 ----> psTTM 368 0 0.68025 0.31975 
 ----> psTTM 369 0 0.654606 0.345394 
 ----> psTTM 370 1 0.573947 0.426053 
 ----> psTTM 371 0 0.707023 0.292977 
 ----> psTTM 372 0 0.630651 0.369349 
 ----> psTTM 373 0 0.705182 0.294818 
 ----> psTTM 374 0 0.658944 0.341056 
 ----> psTTM 375 1 0.613303 0.386697 
 ----> psTTM 376 0 0.667722 0.332278 
 ----> psTTM 377 0 0.666331 0.333669 
 ----> psTTM 378 1 0.647025 0.352975 
 ----> psTTM 379 0 0.637437 0.362563 
 ----> psTTM 380 0 0.648606 0.351394 
 ----> psTTM 381 0 0.616995 0.383005 
 ----> psTTM 382 0 0.697288 0.302712 
 ----> psTTM 383 0 0.673219 0.326781 
 ----> psTTM 384 0 0.678885 0.321115 
 ----> psTTM 385 1 0.650506 0.349494 
 ----> psTTM 386 0 0.65074 0.34926 
 ----> psTTM 387 1 0.644312 0.355688 
 ----> psTTM 388 1 0.676836 0.323164 
 ----> psTTM 389 0 0.669961 0.330039 
 ----> psTTM 390 0 0.695193 0.304807 
 ----> psTTM 391 0 0.704787 0.295213 
 ----> psTTM 392 1 0.642795 0.357205 
 ----> psTTM 393 1 0.67136 0.32864 
 ----> psTTM 394 0 0.681844 0.318156 
 ----> psTTM 395 0 0.701932 0.298068 
 ----> psTTM 396 0 0.701869 0.298131 
 ----> psTTM 397 0 0.72157 0.27843 
 ----> psTTM 398 1 0.649077 0.350923 
 ----> psTTM 399 1 0.64777 0.35223 
 ----> psTTM 400 1 0.561161 0.438839 
 ----> psTTM 401 0 0.738346 0.261654 
 ----> psTTM 402 0 0.686969 0.313031 
 ----> psTTM 403 0 0.702816 0.297184 
 ----> psTTM 404 0 0.699813 0.300187 
 ----> psTTM 405 0 0.683146 0.316854 
 ----> psTTM 406 1 0.673013 0.326987 
 ----> psTTM 407 1 0.648598 0.351402 
 ----> psTTM 408 0 0.711815 0.288185 
 ----> psTTM 409 1 0.614976 0.385024 
 ----> psTTM 410 0 0.688674 0.311326 
 ----> psTTM 411 0 0.716025 0.283975 
 ----> psTTM 412 1 0.638356 0.361644 
 ----> psTTM 413 1 0.66061 0.33939 
 ----> psTTM 414 0 0.682231 0.317769 
 ----> psTTM 415 1 0.60591 0.39409 
 ----> psTTM 416 0 0.736849 0.263151 
 ----> psTTM 417 0 0.700924 0.299076 
 ----> psTTM 418 1 0.668983 0.331017 
 ----> psTTM 419 0 0.741083 0.258917 
 ----> psTTM 420 0 0.677708 0.322292 
 ----> psTTM 421 0 0.671224 0.328776 
 ----> psTTM 422 0 0.672873 0.327127 
 ----> psTTM 423 0 0.676617 0.323383 
 ----> psTTM 424 0 0.764718 0.235282 
 ----> psTTM 425 0 0.686488 0.313512 
 ----> psTTM 426 1 0.646273 0.353727 
 ----> psTTM 427 0 0.673414 0.326586 
 ----> psTTM 428 0 0.606093 0.393907 
 ----> psTTM 429 0 0.69581 0.30419 
 ----> psTTM 430 0 0.690262 0.309738 
 ----> psTTM 431 0 0.705052 0.294948 
 ----> psTTM 432 0 0.677286 0.322714 
 ----> psTTM 433 0 0.66179 0.33821 
 ----> psTTM 434 0 0.648699 0.351301 
 ----> psTTM 435 1 0.644059 0.355941 
 ----> psTTM 436 0 0.658002 0.341998 
 ----> psTTM 437 0 0.682487 0.317513 
 ----> psTTM 438 0 0.663308 0.336692 
 ----> psTTM 439 0 0.685933 0.314067 
 ----> psTTM 440 0 0.643353 0.356647 
 ----> psTTM 441 0 0.623629 0.376371 
 ----> psTTM 442 0 0.710636 0.289364 
 ----> psTTM 443 0 0.669413 0.330587 
 ----> psTTM 444 0 0.67717 0.32283 
 ----> psTTM 445 1 0.608646 0.391354 
 ----> psTTM 446 0 0.665314 0.334686 
 ----> psTTM 447 0 0.656413 0.343587 
 ----> psTTM 448 0 0.686341 0.313659 
 ----> psTTM 449 0 0.643962 0.356038 
 ----> psTTM 450 0 0.692756 0.307244 
 ----> psTTM 451 0 0.695028 0.304972 
 ----> psTTM 452 0 0.700338 0.299662 
 ----> psTTM 453 0 0.666835 0.333165 
 ----> psTTM 454 1 0.668292 0.331708 
 ----> psTTM 455 0 0.63176 0.36824 
 ----> psTTM 456 0 0.7009 0.2991 
 ----> psTTM 457 0 0.698892 0.301108 
 ----> psTTM 458 1 0.634346 0.365654 
 ----> psTTM 459 0 0.65735 0.34265 
 ----> psTTM 460 0 0.656114 0.343886 
 ----> psTTM 461 1 0.632461 0.367539 
 ----> psTTM 462 0 0.684805 0.315195 
 ----> psTTM 463 0 0.681076 0.318924 
 ----> psTTM 464 0 0.709659 0.290341 
 ----> psTTM 465 0 0.701097 0.298903 
 ----> psTTM 466 0 0.690396 0.309604 
 ----> psTTM 467 1 0.619004 0.380996 
 ----> psTTM 468 0 0.725447 0.274553 
 ----> psTTM 469 0 0.662869 0.337131 
 ----> psTTM 470 1 0.647419 0.352581 
 ----> psTTM 471 1 0.656285 0.343715 
 ----> psTTM 472 0 0.685987 0.314013 
 ----> psTTM 473 1 0.678451 0.321549 
 ----> psTTM 474 0 0.705136 0.294864 
 ----> psTTM 475 0 0.703665 0.296335 
 ----> psTTM 476 0 0.706199 0.293801 
 ----> psTTM 477 1 0.656821 0.343179 
 ----> psTTM 478 0 0.682768 0.317232 
 ----> psTTM 479 1 0.664157 0.335843 
 ----> psTTM 480 0 0.682264 0.317736 
 ----> psTTM 481 0 0.663645 0.336355 
 ----> psTTM 482 0 0.691704 0.308296 
 ----> psTTM 483 1 0.668066 0.331934 
 ----> psTTM 484 0 0.715135 0.284865 
 ----> psTTM 485 0 0.668196 0.331804 
 ----> psTTM 486 0 0.688885 0.311115 
 ----> psTTM 487 0 0.679902 0.320098 
 ----> psTTM 488 1 0.67361 0.32639 
 ----> psTTM 489 1 0.668723 0.331277 
 ----> psTTM 490 0 0.689924 0.310076 
 ----> psTTM 491 1 0.713763 0.286237 
 ----> psTTM 492 0 0.703987 0.296013 
 ----> psTTM 493 0 0.719891 0.280109 
 ----> psTTM 494 0 0.679726 0.320274 
 ----> psTTM 495 1 0.683655 0.316345 
 ----> psTTM 496 0 0.684522 0.315478 
 ----> psTTM 497 0 0.665065 0.334935 
 ----> psTTM 498 0 0.715052 0.284948 
 ----> psTTM 499 1 0.660341 0.339659 
 ----> psTTM 500 1 0.660332 0.339668 
 ----> psTTM 501 0 0.688953 0.311047 
 ----> psTTM 502 0 0.628269 0.371731 
 ----> psTTM 503 0 0.70601 0.29399 
 ----> psTTM 504 0 0.665688 0.334312 
 ----> psTTM 505 0 0.6718 0.3282 
 ----> psTTM 506 0 0.666105 0.333895 
 ----> psTTM 507 0 0.636512 0.363488 
 ----> psTTM 508 1 0.648749 0.351251 
 ----> psTTM 509 1 0.65721 0.34279 
 ----> psTTM 510 0 0.635743 0.364257 
 ----> psTTM 511 0 0.65727 0.34273 
 ----> psTTM 512 0 0.660879 0.339121 
 ----> psTTM 513 0 0.649094 0.350906 
 ----> psTTM 514 1 0.668581 0.331419 
 ----> psTTM 515 0 0.665714 0.334286 
 ----> psTTM 516 0 0.713588 0.286412 
 ----> psTTM 517 1 0.655884 0.344116 
 ----> psTTM 518 0 0.696123 0.303877 
 ----> psTTM 519 0 0.634718 0.365282 
 ----> psTTM 520 1 0.648325 0.351675 
 ----> psTTM 521 1 0.605403 0.394597 
 ----> psTTM 522 0 0.684252 0.315748 
 ----> psTTM 523 1 0.625986 0.374014 
 ----> psTTM 524 0 0.669763 0.330237 
 ----> psTTM 525 0 0.671051 0.328949 
 ----> psTTM 526 0 0.673769 0.326231 
 ----> psTTM 527 0 0.662604 0.337396 
 ----> psTTM 528 0 0.68266 0.31734 
 ----> psTTM 529 1 0.670593 0.329407 
 ----> psTTM 530 0 0.676595 0.323405 
 ----> psTTM 531 1 0.666936 0.333064 
 ----> psTTM 532 0 0.649874 0.350126 
 ----> psTTM 533 0 0.701957 0.298043 
 ----> psTTM 534 0 0.6745 0.3255 
 ----> psTTM 535 1 0.641441 0.358559 
 ----> psTTM 536 0 0.718308 0.281692 
 ----> psTTM 537 0 0.668553 0.331447 
 ----> psTTM 538 0 0.677268 0.322732 
 ----> psTTM 539 1 0.65937 0.34063 
 ----> psTTM 540 0 0.693319 0.306681 
 ----> psTTM 541 1 0.634898 0.365102 
 ----> psTTM 542 0 0.644786 0.355214 
 ----> psTTM 543 1 0.681281 0.318719 
 ----> psTTM 544 0 0.668266 0.331734 
 ----> psTTM 545 1 0.707183 0.292817 
 ----> psTTM 546 0 0.663178 0.336822 
 ----> psTTM 547 0 0.694802 0.305198 
 ----> psTTM 548 1 0.654853 0.345147 
 ----> psTTM 549 0 0.699271 0.300729 
 ----> psTTM 550 0 0.685661 0.314339 
 ----> psTTM 551 0 0.706844 0.293156 
 ----> psTTM 552 1 0.598559 0.401441 
 ----> psTTM 553 1 0.699555 0.300445 
 ----> psTTM 554 1 0.654913 0.345087 
 ----> psTTM 555 1 0.695527 0.304473 
 ----> psTTM 556 0 0.666887 0.333113 
 ----> psTTM 557 0 0.662285 0.337715 
 ----> psTTM 558 0 0.674585 0.325415 
 ----> psTTM 559 0 0.666308 0.333692 
 ----> psTTM 560 0 0.703943 0.296057 
 ----> psTTM 561 1 0.654313 0.345687 
 ----> psTTM 562 0 0.642796 0.357204 
 ----> psTTM 563 0 0.670946 0.329054 
 ----> psTTM 564 0 0.660318 0.339682 
 ----> psTTM 565 0 0.632749 0.367251 
 ----> psTTM 566 0 0.683641 0.316359 
 ----> psTTM 567 0 0.676812 0.323188 
 ----> psTTM 568 0 0.672681 0.327319 
 ----> psTTM 569 1 0.607992 0.392008 
 ----> psTTM 570 0 0.640208 0.359792 
 ----> psTTM 571 1 0.626457 0.373543 
 ----> psTTM 572 0 0.659196 0.340804 
 ----> psTTM 573 0 0.638449 0.361551 
 ----> psTTM 574 0 0.665823 0.334177 
 ----> psTTM 575 1 0.645083 0.354917 
 ----> psTTM 576 0 0.69654 0.30346 
 ----> psTTM 577 1 0.61336 0.38664 
 ----> psTTM 578 0 0.689119 0.310881 
 ----> psTTM 579 0 0.703743 0.296257 
 ----> psTTM 580 1 0.687534 0.312466 
 ----> psTTM 581 0 0.689519 0.310481 
 ----> psTTM 582 0 0.645223 0.354777 
 ----> psTTM 583 1 0.637377 0.362623 
 ----> psTTM 584 0 0.73684 0.26316 
 ----> psTTM 585 0 0.670702 0.329298 
 ----> psTTM 586 0 0.643389 0.356611 
 ----> psTTM 587 0 0.671263 0.328737 
 ----> psTTM 588 0 0.666662 0.333338 
 ----> psTTM 589 1 0.668326 0.331674 
 ----> psTTM 590 0 0.66638 0.33362 
 ----> psTTM 591 1 0.673144 0.326856 
 ----> psTTM 592 1 0.670303 0.329697 
 ----> psTTM 593 0 0.70654 0.29346 
 ----> psTTM 594 0 0.678122 0.321878 
 ----> psTTM 595 0 0.681701 0.318299 
 ----> psTTM 596 0 0.695042 0.304958 
 ----> psTTM 597 0 0.677806 0.322194 
 ----> psTTM 598 0 0.649165 0.350835 
 ----> psTTM 599 0 0.683824 0.316176 
 ----> psTTM 600 0 0.672106 0.327894 
 ----> psTTM 601 0 0.657515 0.342485 
 ----> psTTM 602 1 0.622923 0.377077 
 ----> psTTM 603 0 0.647643 0.352357 
 ----> psTTM 604 0 0.689605 0.310395 
 ----> psTTM 605 0 0.648197 0.351803 
 ----> psTTM 606 0 0.661825 0.338175 
 ----> psTTM 607 1 0.689079 0.310921 
 ----> psTTM 608 0 0.699902 0.300098 
 ----> psTTM 609 0 0.670845 0.329155 
 ----> psTTM 610 0 0.65521 0.34479 
 ----> psTTM 611 0 0.726753 0.273247 
 ----> psTTM 612 0 0.688632 0.311368 
 ----> psTTM 613 0 0.674752 0.325248 
 ----> psTTM 614 0 0.660121 0.339879 
 ----> psTTM 615 0 0.677037 0.322963 
 ----> psTTM 616 0 0.707781 0.292219 
 ----> psTTM 617 0 0.644854 0.355146 
 ----> psTTM 618 0 0.693995 0.306005 
 ----> psTTM 619 1 0.673448 0.326552 
 ----> psTTM 620 0 0.706801 0.293199 
 ----> psTTM 621 0 0.657958 0.342042 
 ----> psTTM 622 0 0.64846 0.35154 
 ----> psTTM 623 1 0.658163 0.341837 
 ----> psTTM 624 0 0.678278 0.321722 
 ----> psTTM 625 0 0.698222 0.301778 
 ----> psTTM 626 0 0.711174 0.288826 
 ----> psTTM 627 0 0.649649 0.350351 
 ----> psTTM 628 1 0.67819 0.32181 
 ----> psTTM 629 0 0.644543 0.355457 
 ----> psTTM 630 0 0.690697 0.309303 
 ----> psTTM 631 1 0.599715 0.400285 
 ----> psTTM 632 1 0.656583 0.343417 
 ----> psTTM 633 0 0.662198 0.337802 
 ----> psTTM 634 1 0.662123 0.337877 
 ----> psTTM 635 0 0.671413 0.328587 
 ----> psTTM 636 1 0.67118 0.32882 
 ----> psTTM 637 0 0.673261 0.326739 
 ----> psTTM 638 0 0.692972 0.307028 
 ----> psTTM 639 1 0.650105 0.349895 
 ----> psTTM 640 0 0.699082 0.300918 
 ----> psTTM 641 0 0.697914 0.302086 
 ----> psTTM 642 0 0.66581 0.33419 
 ----> psTTM 643 0 0.721193 0.278807 
 ----> psTTM 644 0 0.680328 0.319672 
 ----> psTTM 645 0 0.6851 0.3149 
 ----> psTTM 646 1 0.667274 0.332726 
 ----> psTTM 647 0 0.678537 0.321463 
 ----> psTTM 648 0 0.680776 0.319224 
 ----> psTTM 649 0 0.661429 0.338571 
 ----> psTTM 650 0 0.677591 0.322409 
 ----> psTTM 651 1 0.648438 0.351562 
 ----> psTTM 652 0 0.695012 0.304988 
 ----> psTTM 653 1 0.653421 0.346579 
 ----> psTTM 654 0 0.697224 0.302776 
 ----> psTTM 655 0 0.682124 0.317876 
 ----> psTTM 656 0 0.693125 0.306875 
 ----> psTTM 657 0 0.68119 0.31881 
 ----> psTTM 658 0 0.711958 0.288042 
 ----> psTTM 659 0 0.694663 0.305337 
 ----> psTTM 660 0 0.672397 0.327603 
 ----> psTTM 661 0 0.65279 0.34721 
 ----> psTTM 662 0 0.703027 0.296973 
 ----> psTTM 663 1 0.631476 0.368524 
 ----> psTTM 664 1 0.691327 0.308673 
 ----> psTTM 665 0 0.660419 0.339581 
 ----> psTTM 666 0 0.669467 0.330533 
 ----> psTTM 667 0 0.661523 0.338477 
 ----> psTTM 668 0 0.701895 0.298105 
 ----> psTTM 669 0 0.694145 0.305855 
 ----> psTTM 670 0 0.694282 0.305718 
 ----> psTTM 671 0 0.678323 0.321677 
 ----> psTTM 672 0 0.713537 0.286463 
 ----> psTTM 673 0 0.66563 0.33437 
 ----> psTTM 674 1 0.617384 0.382616 
 ----> psTTM 675 1 0.646528 0.353472 
 ----> psTTM 676 0 0.665916 0.334084 
 ----> psTTM 677 1 0.639372 0.360628 
 ----> psTTM 678 1 0.70804 0.29196 
 ----> psTTM 679 0 0.699757 0.300243 
 ----> psTTM 680 1 0.697955 0.302045 
 ----> psTTM 681 0 0.660689 0.339311 
 ----> psTTM 682 0 0.650349 0.349651 
 ----> psTTM 683 0 0.658222 0.341778 
 ----> psTTM 684 0 0.696205 0.303795 
 ----> psTTM 685 0 0.676278 0.323722 
 ----> psTTM 686 0 0.694831 0.305169 
 ----> psTTM 687 0 0.71431 0.28569 
 ----> psTTM 688 0 0.683732 0.316268 
 ----> psTTM 689 0 0.684359 0.315641 
 ----> psTTM 690 1 0.690454 0.309546 
 ----> psTTM 691 0 0.606464 0.393536 
 ----> psTTM 692 0 0.681032 0.318968 
 ----> psTTM 693 1 0.661976 0.338024 
 ----> psTTM 694 0 0.666168 0.333832 
 ----> psTTM 695 0 0.67921 0.32079 
 ----> psTTM 696 0 0.694644 0.305356 
 ----> psTTM 697 0 0.659822 0.340178 
 ----> psTTM 698 1 0.685044 0.314956 
 ----> psTTM 699 0 0.632833 0.367167 
 ----> psTTM 700 1 0.680968 0.319032 
 ----> psTTM 701 0 0.662084 0.337916 
 ----> psTTM 702 0 0.717473 0.282527 
 ----> psTTM 703 0 0.678288 0.321712 
 ----> psTTM 704 0 0.696244 0.303756 
 ----> psTTM 705 0 0.663841 0.336159 
 ----> psTTM 706 0 0.686594 0.313406 
 ----> psTTM 707 0 0.638316 0.361684 
 ----> psTTM 708 0 0.664057 0.335943 
 ----> psTTM 709 0 0.673226 0.326774 
 ----> psTTM 710 0 0.706623 0.293377 
 ----> psTTM 711 0 0.683191 0.316809 
 ----> psTTM 712 0 0.674552 0.325448 
 ----> psTTM 713 1 0.72081 0.27919 
 ----> psTTM 714 1 0.676012 0.323988 
 ----> psTTM 715 1 0.7144 0.2856 
 ----> psTTM 716 1 0.685427 0.314573 
 ----> psTTM 717 0 0.640622 0.359378 
 ----> psTTM 718 0 0.668902 0.331098 
