 ----> psTTM 1 1 0.641944 0.358056 
 ----> psTTM 2 0 0.695525 0.304475 
 ----> psTTM 3 1 0.63716 0.36284 
 ----> psTTM 4 1 0.695231 0.304769 
 ----> psTTM 5 1 0.646662 0.353338 
 ----> psTTM 6 1 0.694982 0.305018 
 ----> psTTM 7 0 0.676879 0.323121 
 ----> psTTM 8 0 0.655716 0.344284 
 ----> psTTM 9 0 0.664633 0.335367 
 ----> psTTM 10 1 0.66573 0.33427 
 ----> psTTM 11 1 0.640882 0.359118 
 ----> psTTM 12 0 0.668235 0.331765 
 ----> psTTM 13 0 0.655275 0.344725 
 ----> psTTM 14 1 0.656828 0.343172 
 ----> psTTM 15 1 0.638911 0.361089 
 ----> psTTM 16 1 0.636162 0.363838 
 ----> psTTM 17 1 0.68063 0.31937 
 ----> psTTM 18 0 0.667636 0.332364 
 ----> psTTM 19 0 0.648263 0.351737 
 ----> psTTM 20 0 0.665696 0.334304 
 ----> psTTM 21 1 0.688021 0.311979 
 ----> psTTM 22 0 0.646693 0.353307 
 ----> psTTM 23 0 0.714003 0.285997 
 ----> psTTM 24 0 0.63876 0.36124 
 ----> psTTM 25 0 0.685518 0.314482 
 ----> psTTM 26 1 0.652868 0.347132 
 ----> psTTM 27 1 0.634393 0.365607 
 ----> psTTM 28 1 0.639594 0.360406 
 ----> psTTM 29 0 0.708589 0.291411 
 ----> psTTM 30 0 0.677243 0.322757 
 ----> psTTM 31 0 0.66306 0.33694 
 ----> psTTM 32 0 0.652545 0.347455 
 ----> psTTM 33 0 0.666019 0.333981 
 ----> psTTM 34 0 0.671425 0.328575 
 ----> psTTM 35 1 0.620213 0.379787 
 ----> psTTM 36 0 0.698373 0.301627 
 ----> psTTM 37 0 0.665303 0.334697 
 ----> psTTM 38 0 0.694559 0.305441 
 ----> psTTM 39 0 0.694583 0.305417 
 ----> psTTM 40 1 0.613187 0.386813 
 ----> psTTM 41 1 0.614014 0.385986 
 ----> psTTM 42 1 0.645009 0.354991 
 ----> psTTM 43 0 0.637829 0.362171 
 ----> psTTM 44 1 0.6475 0.3525 
 ----> psTTM 45 1 0.624564 0.375436 
 ----> psTTM 46 0 0.698916 0.301084 
 ----> psTTM 47 1 0.664781 0.335219 
 ----> psTTM 48 1 0.652624 0.347376 
 ----> psTTM 49 1 0.645362 0.354638 
 ----> psTTM 50 1 0.623317 0.376683 
 ----> psTTM 51 0 0.659892 0.340108 
 ----> psTTM 52 1 0.658073 0.341927 
 ----> psTTM 53 0 0.718956 0.281044 
 ----> psTTM 54 0 0.648994 0.351006 
 ----> psTTM 55 0 0.685465 0.314535 
 ----> psTTM 56 1 0.615483 0.384517 
 ----> psTTM 57 1 0.57542 0.42458 
 ----> psTTM 58 0 0.674146 0.325854 
 ----> psTTM 59 1 0.664101 0.335899 
 ----> psTTM 60 0 0.702693 0.297307 
 ----> psTTM 61 0 0.678667 0.321333 
 ----> psTTM 62 0 0.63055 0.36945 
 ----> psTTM 63 1 0.605909 0.394091 
 ----> psTTM 64 1 0.66995 0.33005 
 ----> psTTM 65 0 0.673254 0.326746 
 ----> psTTM 66 0 0.632336 0.367664 
 ----> psTTM 67 1 0.621704 0.378296 
 ----> psTTM 68 1 0.595947 0.404053 
 ----> psTTM 69 0 0.673043 0.326957 
 ----> psTTM 70 0 0.680096 0.319904 
 ----> psTTM 71 1 0.668273 0.331727 
 ----> psTTM 72 1 0.670355 0.329645 
 ----> psTTM 73 0 0.6359 0.3641 
 ----> psTTM 74 0 0.688082 0.311918 
 ----> psTTM 75 0 0.678471 0.321529 
 ----> psTTM 76 1 0.593346 0.406654 
 ----> psTTM 77 0 0.706604 0.293396 
 ----> psTTM 78 1 0.63114 0.36886 
 ----> psTTM 79 0 0.702411 0.297589 
 ----> psTTM 80 1 0.674043 0.325957 
 ----> psTTM 81 1 0.587682 0.412318 
 ----> psTTM 82 1 0.658082 0.341918 
 ----> psTTM 83 1 0.667514 0.332486 
 ----> psTTM 84 1 0.619574 0.380426 
 ----> psTTM 85 0 0.656495 0.343505 
 ----> psTTM 86 0 0.61476 0.38524 
 ----> psTTM 87 1 0.668837 0.331163 
 ----> psTTM 88 1 0.608547 0.391453 
 ----> psTTM 89 1 0.699238 0.300762 
 ----> psTTM 90 1 0.669718 0.330282 
 ----> psTTM 91 1 0.599268 0.400732 
 ----> psTTM 92 0 0.658293 0.341707 
 ----> psTTM 93 0 0.672646 0.327354 
 ----> psTTM 94 1 0.640884 0.359116 
 ----> psTTM 95 0 0.680619 0.319381 
 ----> psTTM 96 0 0.703637 0.296363 
 ----> psTTM 97 1 0.674481 0.325519 
 ----> psTTM 98 1 0.654687 0.345313 
 ----> psTTM 99 1 0.607464 0.392536 
 ----> psTTM 100 0 0.667968 0.332032 
 ----> psTTM 101 1 0.680046 0.319954 
 ----> psTTM 102 0 0.683839 0.316161 
 ----> psTTM 103 0 0.715242 0.284758 
 ----> psTTM 104 0 0.645702 0.354298 
 ----> psTTM 105 1 0.628436 0.371564 
 ----> psTTM 106 0 0.703365 0.296635 
 ----> psTTM 107 0 0.656817 0.343183 
 ----> psTTM 108 0 0.673457 0.326543 
 ----> psTTM 109 0 0.682077 0.317923 
 ----> psTTM 110 1 0.667332 0.332668 
 ----> psTTM 111 0 0.700917 0.299083 
 ----> psTTM 112 0 0.658415 0.341585 
 ----> psTTM 113 1 0.604782 0.395218 
 ----> psTTM 114 1 0.658764 0.341236 
 ----> psTTM 115 0 0.711731 0.288269 
 ----> psTTM 116 0 0.658864 0.341136 
 ----> psTTM 117 1 0.657298 0.342702 
 ----> psTTM 118 1 0.62371 0.37629 
 ----> psTTM 119 1 0.649665 0.350335 
 ----> psTTM 120 0 0.649354 0.350646 
 ----> psTTM 121 0 0.685938 0.314062 
 ----> psTTM 122 1 0.645451 0.354549 
 ----> psTTM 123 1 0.648222 0.351778 
 ----> psTTM 124 0 0.691144 0.308856 
 ----> psTTM 125 1 0.675625 0.324375 
 ----> psTTM 126 0 0.709678 0.290322 
 ----> psTTM 127 0 0.661069 0.338931 
 ----> psTTM 128 0 0.687397 0.312603 
 ----> psTTM 129 1 0.633339 0.366661 
 ----> psTTM 130 0 0.656272 0.343728 
 ----> psTTM 131 0 0.665986 0.334014 
 ----> psTTM 132 0 0.700993 0.299007 
 ----> psTTM 133 1 0.63397 0.36603 
 ----> psTTM 134 1 0.662952 0.337048 
 ----> psTTM 135 1 0.616408 0.383592 
 ----> psTTM 136 0 0.641228 0.358772 
 ----> psTTM 137 1 0.645174 0.354826 
 ----> psTTM 138 0 0.680783 0.319217 
 ----> psTTM 139 0 0.699507 0.300493 
 ----> psTTM 140 1 0.634461 0.365539 
 ----> psTTM 141 0 0.682295 0.317705 
 ----> psTTM 142 1 0.593833 0.406167 
 ----> psTTM 143 0 0.731176 0.268824 
 ----> psTTM 144 1 0.641861 0.358139 
 ----> psTTM 145 0 0.626197 0.373803 
 ----> psTTM 146 0 0.670776 0.329224 
 ----> psTTM 147 0 0.661527 0.338473 
 ----> psTTM 148 0 0.706279 0.293721 
 ----> psTTM 149 1 0.669644 0.330356 
 ----> psTTM 150 1 0.65979 0.34021 
 ----> psTTM 151 1 0.625165 0.374835 
 ----> psTTM 152 0 0.696155 0.303845 
 ----> psTTM 153 0 0.63789 0.36211 
 ----> psTTM 154 0 0.713627 0.286373 
 ----> psTTM 155 1 0.638097 0.361903 
 ----> psTTM 156 1 0.624224 0.375776 
 ----> psTTM 157 1 0.640133 0.359867 
 ----> psTTM 158 0 0.671329 0.328671 
 ----> psTTM 159 1 0.634001 0.365999 
 ----> psTTM 160 0 0.694382 0.305618 
 ----> psTTM 161 0 0.678157 0.321843 
 ----> psTTM 162 1 0.631902 0.368098 
 ----> psTTM 163 1 0.629514 0.370486 
 ----> psTTM 164 1 0.650134 0.349866 
 ----> psTTM 165 1 0.690388 0.309612 
 ----> psTTM 166 0 0.66478 0.33522 
 ----> psTTM 167 1 0.621595 0.378405 
 ----> psTTM 168 0 0.652299 0.347701 
 ----> psTTM 169 0 0.690627 0.309373 
 ----> psTTM 170 1 0.608908 0.391092 
 ----> psTTM 171 1 0.68398 0.31602 
 ----> psTTM 172 0 0.684045 0.315955 
 ----> psTTM 173 1 0.59239 0.40761 
 ----> psTTM 174 0 0.718149 0.281851 
 ----> psTTM 175 1 0.579403 0.420597 
 ----> psTTM 176 0 0.691353 0.308647 
 ----> psTTM 177 0 0.642611 0.357389 
 ----> psTTM 178 1 0.622413 0.377587 
 ----> psTTM 179 0 0.722593 0.277407 
 ----> psTTM 180 0 0.69019 0.30981 
 ----> psTTM 181 0 0.691585 0.308415 
 ----> psTTM 182 0 0.679019 0.320981 
 ----> psTTM 183 1 0.615953 0.384047 
 ----> psTTM 184 1 0.579985 0.420015 
 ----> psTTM 185 0 0.70615 0.29385 
 ----> psTTM 186 0 0.665292 0.334708 
 ----> psTTM 187 0 0.698299 0.301701 
 ----> psTTM 188 1 0.658774 0.341226 
 ----> psTTM 189 1 0.621634 0.378366 
 ----> psTTM 190 0 0.680882 0.319118 
 ----> psTTM 191 0 0.690541 0.309459 
 ----> psTTM 192 1 0.620908 0.379092 
 ----> psTTM 193 0 0.679259 0.320741 
 ----> psTTM 194 0 0.696123 0.303877 
 ----> psTTM 195 0 0.630459 0.369541 
 ----> psTTM 196 1 0.68353 0.31647 
 ----> psTTM 197 0 0.640153 0.359847 
 ----> psTTM 198 0 0.692249 0.307751 
 ----> psTTM 199 0 0.660448 0.339552 
 ----> psTTM 200 0 0.710173 0.289827 
 ----> psTTM 201 0 0.691938 0.308062 
 ----> psTTM 202 0 0.672494 0.327506 
 ----> psTTM 203 1 0.658756 0.341244 
 ----> psTTM 204 1 0.598449 0.401551 
 ----> psTTM 205 0 0.659822 0.340178 
 ----> psTTM 206 1 0.649112 0.350888 
 ----> psTTM 207 1 0.656637 0.343363 
 ----> psTTM 208 0 0.717656 0.282344 
 ----> psTTM 209 0 0.671243 0.328757 
 ----> psTTM 210 0 0.641844 0.358156 
 ----> psTTM 211 0 0.66734 0.33266 
 ----> psTTM 212 0 0.663326 0.336674 
 ----> psTTM 213 1 0.634889 0.365111 
 ----> psTTM 214 0 0.684596 0.315404 
 ----> psTTM 215 1 0.618868 0.381132 
 ----> psTTM 216 0 0.67117 0.32883 
 ----> psTTM 217 1 0.629308 0.370692 
 ----> psTTM 218 0 0.686062 0.313938 
 ----> psTTM 219 0 0.665661 0.334339 
 ----> psTTM 220 0 0.651786 0.348214 
 ----> psTTM 221 0 0.682265 0.317735 
 ----> psTTM 222 1 0.620429 0.379571 
 ----> psTTM 223 1 0.639609 0.360391 
 ----> psTTM 224 0 0.687913 0.312087 
 ----> psTTM 225 1 0.64645 0.35355 
 ----> psTTM 226 1 0.669537 0.330463 
 ----> psTTM 227 0 0.646378 0.353622 
 ----> psTTM 228 0 0.633705 0.366295 
 ----> psTTM 229 0 0.661662 0.338338 
 ----> psTTM 230 0 0.682703 0.317297 
 ----> psTTM 231 0 0.676031 0.323969 
 ----> psTTM 232 1 0.638443 0.361557 
 ----> psTTM 233 0 0.658761 0.341239 
 ----> psTTM 234 0 0.653513 0.346487 
 ----> psTTM 235 0 0.674924 0.325076 
 ----> psTTM 236 1 0.610872 0.389128 
 ----> psTTM 237 0 0.689823 0.310177 
 ----> psTTM 238 0 0.678593 0.321407 
 ----> psTTM 239 0 0.694623 0.305377 
 ----> psTTM 240 1 0.615326 0.384674 
 ----> psTTM 241 0 0.708984 0.291016 
 ----> psTTM 242 1 0.645961 0.354039 
 ----> psTTM 243 0 0.707913 0.292087 
 ----> psTTM 244 1 0.664541 0.335459 
 ----> psTTM 245 1 0.642871 0.357129 
 ----> psTTM 246 0 0.682239 0.317761 
 ----> psTTM 247 0 0.718384 0.281616 
 ----> psTTM 248 1 0.616254 0.383746 
 ----> psTTM 249 1 0.663622 0.336378 
 ----> psTTM 250 0 0.641405 0.358595 
 ----> psTTM 251 0 0.694307 0.305693 
 ----> psTTM 252 0 0.661981 0.338019 
 ----> psTTM 253 1 0.639461 0.360539 
 ----> psTTM 254 0 0.697189 0.302811 
 ----> psTTM 255 1 0.644886 0.355114 
 ----> psTTM 256 0 0.714519 0.285481 
 ----> psTTM 257 0 0.705711 0.294289 
 ----> psTTM 258 0 0.660269 0.339731 
 ----> psTTM 259 0 0.666821 0.333179 
 ----> psTTM 260 1 0.652516 0.347484 
 ----> psTTM 261 1 0.619314 0.380686 
 ----> psTTM 262 0 0.683095 0.316905 
 ----> psTTM 263 1 0.648887 0.351113 
 ----> psTTM 264 1 0.603744 0.396256 
 ----> psTTM 265 1 0.651254 0.348746 
 ----> psTTM 266 0 0.686771 0.313229 
 ----> psTTM 267 0 0.62365 0.37635 
 ----> psTTM 268 0 0.679802 0.320198 
 ----> psTTM 269 0 0.681716 0.318284 
 ----> psTTM 270 1 0.666237 0.333763 
 ----> psTTM 271 1 0.666593 0.333407 
 ----> psTTM 272 0 0.667407 0.332593 
 ----> psTTM 273 0 0.622487 0.377513 
 ----> psTTM 274 1 0.69214 0.30786 
 ----> psTTM 275 1 0.631282 0.368718 
 ----> psTTM 276 0 0.711391 0.288609 
 ----> psTTM 277 0 0.674509 0.325491 
 ----> psTTM 278 0 0.676223 0.323777 
 ----> psTTM 279 1 0.648779 0.351221 
 ----> psTTM 280 1 0.656263 0.343737 
 ----> psTTM 281 0 0.685823 0.314177 
 ----> psTTM 282 1 0.624723 0.375277 
 ----> psTTM 283 1 0.663218 0.336782 
 ----> psTTM 284 1 0.650156 0.349844 
 ----> psTTM 285 0 0.726907 0.273093 
 ----> psTTM 286 0 0.683399 0.316601 
 ----> psTTM 287 0 0.698162 0.301838 
 ----> psTTM 288 1 0.625594 0.374406 
 ----> psTTM 289 0 0.680308 0.319692 
 ----> psTTM 290 0 0.6655 0.3345 
 ----> psTTM 291 1 0.635122 0.364878 
 ----> psTTM 292 0 0.719378 0.280622 
 ----> psTTM 293 1 0.672225 0.327775 
 ----> psTTM 294 1 0.666655 0.333345 
 ----> psTTM 295 0 0.701818 0.298182 
 ----> psTTM 296 0 0.65271 0.34729 
 ----> psTTM 297 0 0.680664 0.319336 
 ----> psTTM 298 1 0.605343 0.394657 
 ----> psTTM 299 0 0.670966 0.329034 
 ----> psTTM 300 0 0.686276 0.313724 
 ----> psTTM 301 0 0.702515 0.297485 
 ----> psTTM 302 0 0.704104 0.295896 
 ----> psTTM 303 0 0.646764 0.353236 
 ----> psTTM 304 0 0.712614 0.287386 
 ----> psTTM 305 0 0.642134 0.357866 
 ----> psTTM 306 0 0.701984 0.298016 
 ----> psTTM 307 1 0.620922 0.379078 
 ----> psTTM 308 0 0.709477 0.290523 
 ----> psTTM 309 1 0.640307 0.359693 
 ----> psTTM 310 0 0.659 0.341 
 ----> psTTM 311 0 0.706895 0.293105 
 ----> psTTM 312 0 0.680518 0.319482 
 ----> psTTM 313 1 0.629041 0.370959 
 ----> psTTM 314 0 0.684536 0.315464 
 ----> psTTM 315 0 0.682112 0.317888 
 ----> psTTM 316 0 0.734747 0.265253 
 ----> psTTM 317 0 0.677682 0.322318 
 ----> psTTM 318 0 0.646264 0.353736 
 ----> psTTM 319 0 0.69771 0.30229 
 ----> psTTM 320 0 0.667122 0.332878 
 ----> psTTM 321 1 0.614031 0.385969 
 ----> psTTM 322 1 0.648656 0.351344 
 ----> psTTM 323 0 0.626571 0.373429 
 ----> psTTM 324 0 0.696102 0.303898 
 ----> psTTM 325 0 0.656874 0.343126 
 ----> psTTM 326 1 0.673645 0.326355 
 ----> psTTM 327 1 0.641617 0.358383 
 ----> psTTM 328 0 0.699705 0.300295 
 ----> psTTM 329 0 0.638938 0.361062 
 ----> psTTM 330 0 0.712784 0.287216 
 ----> psTTM 331 0 0.673321 0.326679 
 ----> psTTM 332 0 0.709892 0.290108 
 ----> psTTM 333 1 0.678562 0.321438 
 ----> psTTM 334 1 0.646573 0.353427 
 ----> psTTM 335 0 0.684203 0.315797 
 ----> psTTM 336 1 0.629893 0.370107 
 ----> psTTM 337 1 0.654185 0.345815 
 ----> psTTM 338 1 0.613421 0.386579 
 ----> psTTM 339 0 0.708153 0.291847 
 ----> psTTM 340 0 0.666404 0.333596 
 ----> psTTM 341 1 0.684062 0.315938 
 ----> psTTM 342 1 0.612503 0.387497 
 ----> psTTM 343 0 0.676735 0.323265 
 ----> psTTM 344 0 0.683604 0.316396 
 ----> psTTM 345 0 0.651799 0.348201 
 ----> psTTM 346 0 0.642904 0.357096 
 ----> psTTM 347 1 0.634887 0.365113 
 ----> psTTM 348 0 0.614873 0.385127 
 ----> psTTM 349 0 0.716526 0.283474 
 ----> psTTM 350 1 0.628641 0.371359 
 ----> psTTM 351 0 0.717502 0.282498 
 ----> psTTM 352 0 0.645081 0.354919 
 ----> psTTM 353 0 0.736406 0.263594 
 ----> psTTM 354 0 0.667099 0.332901 
 ----> psTTM 355 0 0.640383 0.359617 
 ----> psTTM 356 0 0.701962 0.298038 
 ----> psTTM 357 1 0.584441 0.415559 
 ----> psTTM 358 0 0.672587 0.327413 
 ----> psTTM 359 0 0.655143 0.344857 
 ----> psTTM 360 0 0.709388 0.290612 
 ----> psTTM 361 0 0.663109 0.336891 
 ----> psTTM 362 1 0.606408 0.393592 
 ----> psTTM 363 0 0.625497 0.374503 
 ----> psTTM 364 0 0.649082 0.350918 
 ----> psTTM 365 0 0.599848 0.400152 
 ----> psTTM 366 1 0.625809 0.374191 
 ----> psTTM 367 0 0.674222 0.325778 
 ----> psTTM 368 0 0.621021 0.378979 
 ----> psTTM 369 0 0.691305 0.308695 
 ----> psTTM 370 1 0.631144 0.368856 
 ----> psTTM 371 0 0.666882 0.333118 
 ----> psTTM 372 0 0.678784 0.321216 
 ----> psTTM 373 0 0.667464 0.332536 
 ----> psTTM 374 0 0.645561 0.354439 
 ----> psTTM 375 1 0.658366 0.341634 
 ----> psTTM 376 0 0.66585 0.33415 
 ----> psTTM 377 0 0.674026 0.325974 
 ----> psTTM 378 1 0.648807 0.351193 
 ----> psTTM 379 0 0.739042 0.260958 
 ----> psTTM 380 0 0.717426 0.282574 
 ----> psTTM 381 0 0.664947 0.335053 
 ----> psTTM 382 0 0.692072 0.307928 
 ----> psTTM 383 0 0.672204 0.327796 
 ----> psTTM 384 0 0.667584 0.332416 
 ----> psTTM 385 1 0.530485 0.469515 
 ----> psTTM 386 0 0.725983 0.274017 
 ----> psTTM 387 1 0.660295 0.339705 
 ----> psTTM 388 1 0.65698 0.34302 
 ----> psTTM 389 0 0.65592 0.34408 
 ----> psTTM 390 0 0.652378 0.347622 
 ----> psTTM 391 0 0.702844 0.297156 
 ----> psTTM 392 1 0.643284 0.356716 
 ----> psTTM 393 1 0.617357 0.382643 
 ----> psTTM 394 0 0.648033 0.351967 
 ----> psTTM 395 0 0.659207 0.340793 
 ----> psTTM 396 0 0.698335 0.301665 
 ----> psTTM 397 0 0.705798 0.294202 
 ----> psTTM 398 1 0.662371 0.337629 
 ----> psTTM 399 1 0.615014 0.384986 
 ----> psTTM 400 1 0.586576 0.413424 
 ----> psTTM 401 0 0.735548 0.264452 
 ----> psTTM 402 0 0.679203 0.320797 
 ----> psTTM 403 0 0.729412 0.270588 
 ----> psTTM 404 0 0.695512 0.304488 
 ----> psTTM 405 0 0.680088 0.319912 
 ----> psTTM 406 1 0.606305 0.393695 
 ----> psTTM 407 1 0.668276 0.331724 
 ----> psTTM 408 0 0.672422 0.327578 
 ----> psTTM 409 1 0.595411 0.404589 
 ----> psTTM 410 0 0.688874 0.311126 
 ----> psTTM 411 0 0.695264 0.304736 
 ----> psTTM 412 1 0.631582 0.368418 
 ----> psTTM 413 1 0.629417 0.370583 
 ----> psTTM 414 0 0.674856 0.325144 
 ----> psTTM 415 1 0.659781 0.340219 
 ----> psTTM 416 0 0.665033 0.334967 
 ----> psTTM 417 0 0.644047 0.355953 
 ----> psTTM 418 1 0.608063 0.391937 
 ----> psTTM 419 0 0.674339 0.325661 
 ----> psTTM 420 0 0.631894 0.368106 
 ----> psTTM 421 0 0.720619 0.279381 
 ----> psTTM 422 0 0.671253 0.328747 
 ----> psTTM 423 0 0.738019 0.261981 
 ----> psTTM 424 0 0.6987 0.3013 
 ----> psTTM 425 0 0.64569 0.35431 
 ----> psTTM 426 1 0.661873 0.338127 
 ----> psTTM 427 0 0.661825 0.338175 
 ----> psTTM 428 0 0.7127 0.2873 
 ----> psTTM 429 0 0.672382 0.327618 
 ----> psTTM 430 0 0.690833 0.309167 
 ----> psTTM 431 0 0.636374 0.363626 
 ----> psTTM 432 0 0.673379 0.326621 
 ----> psTTM 433 0 0.663937 0.336063 
 ----> psTTM 434 0 0.723075 0.276925 
 ----> psTTM 435 1 0.636054 0.363946 
 ----> psTTM 436 0 0.697215 0.302785 
 ----> psTTM 437 0 0.629908 0.370092 
 ----> psTTM 438 0 0.674628 0.325372 
 ----> psTTM 439 0 0.650489 0.349511 
 ----> psTTM 440 0 0.725226 0.274774 
 ----> psTTM 441 0 0.664196 0.335804 
 ----> psTTM 442 0 0.624259 0.375741 
 ----> psTTM 443 0 0.653018 0.346982 
 ----> psTTM 444 0 0.671452 0.328548 
 ----> psTTM 445 1 0.641588 0.358412 
 ----> psTTM 446 0 0.685035 0.314965 
 ----> psTTM 447 0 0.656593 0.343407 
 ----> psTTM 448 0 0.675364 0.324636 
 ----> psTTM 449 0 0.654023 0.345977 
 ----> psTTM 450 0 0.678837 0.321163 
 ----> psTTM 451 0 0.682732 0.317268 
 ----> psTTM 452 0 0.721516 0.278484 
 ----> psTTM 453 0 0.660473 0.339527 
 ----> psTTM 454 1 0.692191 0.307809 
 ----> psTTM 455 0 0.683133 0.316867 
 ----> psTTM 456 0 0.761668 0.238332 
 ----> psTTM 457 0 0.691323 0.308677 
 ----> psTTM 458 1 0.661176 0.338824 
 ----> psTTM 459 0 0.661334 0.338666 
 ----> psTTM 460 0 0.637853 0.362147 
 ----> psTTM 461 1 0.67085 0.32915 
 ----> psTTM 462 0 0.652762 0.347238 
 ----> psTTM 463 0 0.67213 0.32787 
 ----> psTTM 464 0 0.658236 0.341764 
 ----> psTTM 465 0 0.731803 0.268197 
 ----> psTTM 466 0 0.691243 0.308757 
 ----> psTTM 467 1 0.605004 0.394996 
 ----> psTTM 468 0 0.710098 0.289902 
 ----> psTTM 469 0 0.63566 0.36434 
 ----> psTTM 470 1 0.6636 0.3364 
 ----> psTTM 471 1 0.644592 0.355408 
 ----> psTTM 472 0 0.722709 0.277291 
 ----> psTTM 473 1 0.611134 0.388866 
 ----> psTTM 474 0 0.699119 0.300881 
 ----> psTTM 475 0 0.616112 0.383888 
 ----> psTTM 476 0 0.715942 0.284058 
 ----> psTTM 477 1 0.625111 0.374889 
 ----> psTTM 478 0 0.678295 0.321705 
 ----> psTTM 479 1 0.664873 0.335127 
 ----> psTTM 480 0 0.715996 0.284004 
 ----> psTTM 481 0 0.717277 0.282723 
 ----> psTTM 482 0 0.711475 0.288525 
 ----> psTTM 483 1 0.644844 0.355156 
 ----> psTTM 484 0 0.690346 0.309654 
 ----> psTTM 485 0 0.656262 0.343738 
 ----> psTTM 486 0 0.677685 0.322315 
 ----> psTTM 487 0 0.641227 0.358773 
 ----> psTTM 488 1 0.632971 0.367029 
 ----> psTTM 489 1 0.6499 0.3501 
 ----> psTTM 490 0 0.66285 0.33715 
 ----> psTTM 491 1 0.636348 0.363652 
 ----> psTTM 492 0 0.742682 0.257318 
 ----> psTTM 493 0 0.617862 0.382138 
 ----> psTTM 494 0 0.713528 0.286472 
 ----> psTTM 495 1 0.681234 0.318766 
 ----> psTTM 496 0 0.651128 0.348872 
 ----> psTTM 497 0 0.67267 0.32733 
 ----> psTTM 498 0 0.69913 0.30087 
 ----> psTTM 499 1 0.64256 0.35744 
 ----> psTTM 500 1 0.632663 0.367337 
 ----> psTTM 501 0 0.707024 0.292976 
 ----> psTTM 502 0 0.676933 0.323067 
 ----> psTTM 503 0 0.70289 0.29711 
 ----> psTTM 504 0 0.664298 0.335702 
 ----> psTTM 505 0 0.646665 0.353335 
 ----> psTTM 506 0 0.66116 0.33884 
 ----> psTTM 507 0 0.66422 0.33578 
 ----> psTTM 508 1 0.611702 0.388298 
 ----> psTTM 509 1 0.637017 0.362983 
 ----> psTTM 510 0 0.651726 0.348274 
 ----> psTTM 511 0 0.674469 0.325531 
 ----> psTTM 512 0 0.711036 0.288964 
 ----> psTTM 513 0 0.727921 0.272079 
 ----> psTTM 514 1 0.636624 0.363376 
 ----> psTTM 515 0 0.660133 0.339867 
 ----> psTTM 516 0 0.673777 0.326223 
 ----> psTTM 517 1 0.665745 0.334255 
 ----> psTTM 518 0 0.67379 0.32621 
 ----> psTTM 519 0 0.69911 0.30089 
 ----> psTTM 520 1 0.650626 0.349374 
 ----> psTTM 521 1 0.571128 0.428872 
 ----> psTTM 522 0 0.702165 0.297835 
 ----> psTTM 523 1 0.666121 0.333879 
 ----> psTTM 524 0 0.607304 0.392696 
 ----> psTTM 525 0 0.706552 0.293448 
 ----> psTTM 526 0 0.685009 0.314991 
 ----> psTTM 527 0 0.692496 0.307504 
 ----> psTTM 528 0 0.688571 0.311429 
 ----> psTTM 529 1 0.640423 0.359577 
 ----> psTTM 530 0 0.665003 0.334997 
 ----> psTTM 531 1 0.639 0.361 
 ----> psTTM 532 0 0.708332 0.291668 
 ----> psTTM 533 0 0.67388 0.32612 
 ----> psTTM 534 0 0.707428 0.292572 
 ----> psTTM 535 1 0.648099 0.351901 
 ----> psTTM 536 0 0.659829 0.340171 
 ----> psTTM 537 0 0.684511 0.315489 
 ----> psTTM 538 0 0.723287 0.276713 
 ----> psTTM 539 1 0.639516 0.360484 
 ----> psTTM 540 0 0.681032 0.318968 
 ----> psTTM 541 1 0.652988 0.347012 
 ----> psTTM 542 0 0.696773 0.303227 
 ----> psTTM 543 1 0.65706 0.34294 
 ----> psTTM 544 0 0.680116 0.319884 
 ----> psTTM 545 1 0.660599 0.339401 
 ----> psTTM 546 0 0.632258 0.367742 
 ----> psTTM 547 0 0.67648 0.32352 
 ----> psTTM 548 1 0.640999 0.359001 
 ----> psTTM 549 0 0.706689 0.293311 
 ----> psTTM 550 0 0.665964 0.334036 
 ----> psTTM 551 0 0.711694 0.288306 
 ----> psTTM 552 1 0.621729 0.378271 
 ----> psTTM 553 1 0.663997 0.336003 
 ----> psTTM 554 1 0.645513 0.354487 
 ----> psTTM 555 1 0.58107 0.41893 
 ----> psTTM 556 0 0.680853 0.319147 
 ----> psTTM 557 0 0.660138 0.339862 
 ----> psTTM 558 0 0.675119 0.324881 
 ----> psTTM 559 0 0.718629 0.281371 
 ----> psTTM 560 0 0.712498 0.287502 
 ----> psTTM 561 1 0.620495 0.379505 
 ----> psTTM 562 0 0.696708 0.303292 
 ----> psTTM 563 0 0.663939 0.336061 
 ----> psTTM 564 0 0.688918 0.311082 
 ----> psTTM 565 0 0.612949 0.387051 
 ----> psTTM 566 0 0.691988 0.308012 
 ----> psTTM 567 0 0.712483 0.287517 
 ----> psTTM 568 0 0.687918 0.312082 
 ----> psTTM 569 1 0.610265 0.389735 
 ----> psTTM 570 0 0.675426 0.324574 
 ----> psTTM 571 1 0.643251 0.356749 
 ----> psTTM 572 0 0.71593 0.28407 
 ----> psTTM 573 0 0.697427 0.302573 
 ----> psTTM 574 0 0.683476 0.316524 
 ----> psTTM 575 1 0.58751 0.41249 
 ----> psTTM 576 0 0.665062 0.334938 
 ----> psTTM 577 1 0.640888 0.359112 
 ----> psTTM 578 0 0.653928 0.346072 
 ----> psTTM 579 0 0.669733 0.330267 
 ----> psTTM 580 1 0.649198 0.350802 
 ----> psTTM 581 0 0.675116 0.324884 
 ----> psTTM 582 0 0.707272 0.292728 
 ----> psTTM 583 1 0.637799 0.362201 
 ----> psTTM 584 0 0.71218 0.28782 
 ----> psTTM 585 0 0.656389 0.343611 
 ----> psTTM 586 0 0.632198 0.367802 
 ----> psTTM 587 0 0.648515 0.351485 
 ----> psTTM 588 0 0.66474 0.33526 
 ----> psTTM 589 1 0.690249 0.309751 
 ----> psTTM 590 0 0.664361 0.335639 
 ----> psTTM 591 1 0.624158 0.375842 
 ----> psTTM 592 1 0.651784 0.348216 
 ----> psTTM 593 0 0.665665 0.334335 
 ----> psTTM 594 0 0.660739 0.339261 
 ----> psTTM 595 0 0.703035 0.296965 
 ----> psTTM 596 0 0.644395 0.355605 
 ----> psTTM 597 0 0.650544 0.349456 
 ----> psTTM 598 0 0.686018 0.313982 
 ----> psTTM 599 0 0.655667 0.344333 
 ----> psTTM 600 0 0.721016 0.278984 
 ----> psTTM 601 0 0.624058 0.375942 
 ----> psTTM 602 1 0.514254 0.485746 
 ----> psTTM 603 0 0.704902 0.295098 
 ----> psTTM 604 0 0.659112 0.340888 
 ----> psTTM 605 0 0.634374 0.365626 
 ----> psTTM 606 0 0.664718 0.335282 
 ----> psTTM 607 1 0.672135 0.327865 
 ----> psTTM 608 0 0.661469 0.338531 
 ----> psTTM 609 0 0.662785 0.337215 
 ----> psTTM 610 0 0.677442 0.322558 
 ----> psTTM 611 0 0.645791 0.354209 
 ----> psTTM 612 0 0.683097 0.316903 
 ----> psTTM 613 0 0.660536 0.339464 
 ----> psTTM 614 0 0.645906 0.354094 
 ----> psTTM 615 0 0.722093 0.277907 
 ----> psTTM 616 0 0.692012 0.307988 
 ----> psTTM 617 0 0.683004 0.316996 
 ----> psTTM 618 0 0.677586 0.322414 
 ----> psTTM 619 1 0.624908 0.375092 
 ----> psTTM 620 0 0.707207 0.292793 
 ----> psTTM 621 0 0.670242 0.329758 
 ----> psTTM 622 0 0.670228 0.329772 
 ----> psTTM 623 1 0.654811 0.345189 
 ----> psTTM 624 0 0.688969 0.311031 
 ----> psTTM 625 0 0.692736 0.307264 
 ----> psTTM 626 0 0.711826 0.288174 
 ----> psTTM 627 0 0.635832 0.364168 
 ----> psTTM 628 1 0.660444 0.339556 
 ----> psTTM 629 0 0.674122 0.325878 
 ----> psTTM 630 0 0.651708 0.348292 
 ----> psTTM 631 1 0.658913 0.341087 
 ----> psTTM 632 1 0.617171 0.382829 
 ----> psTTM 633 0 0.73264 0.26736 
 ----> psTTM 634 1 0.615094 0.384906 
 ----> psTTM 635 0 0.684435 0.315565 
 ----> psTTM 636 1 0.64426 0.35574 
 ----> psTTM 637 0 0.68217 0.31783 
 ----> psTTM 638 0 0.672332 0.327668 
 ----> psTTM 639 1 0.607434 0.392566 
 ----> psTTM 640 0 0.690772 0.309228 
 ----> psTTM 641 0 0.653371 0.346629 
 ----> psTTM 642 0 0.696847 0.303153 
 ----> psTTM 643 0 0.702939 0.297061 
 ----> psTTM 644 0 0.674757 0.325243 
 ----> psTTM 645 0 0.635031 0.364969 
 ----> psTTM 646 1 0.633964 0.366036 
 ----> psTTM 647 0 0.707121 0.292879 
 ----> psTTM 648 0 0.678076 0.321924 
 ----> psTTM 649 0 0.68647 0.31353 
 ----> psTTM 650 0 0.675889 0.324111 
 ----> psTTM 651 1 0.617888 0.382112 
 ----> psTTM 652 0 0.670064 0.329936 
 ----> psTTM 653 1 0.640699 0.359301 
 ----> psTTM 654 0 0.663775 0.336225 
 ----> psTTM 655 0 0.679399 0.320601 
 ----> psTTM 656 0 0.673174 0.326826 
 ----> psTTM 657 0 0.628091 0.371909 
 ----> psTTM 658 0 0.682246 0.317754 
 ----> psTTM 659 0 0.672981 0.327019 
 ----> psTTM 660 0 0.712098 0.287902 
 ----> psTTM 661 0 0.702491 0.297509 
 ----> psTTM 662 0 0.705644 0.294356 
 ----> psTTM 663 1 0.650687 0.349313 
 ----> psTTM 664 1 0.641664 0.358336 
 ----> psTTM 665 0 0.71111 0.28889 
 ----> psTTM 666 0 0.633239 0.366761 
 ----> psTTM 667 0 0.654381 0.345619 
 ----> psTTM 668 0 0.65001 0.34999 
 ----> psTTM 669 0 0.709884 0.290116 
 ----> psTTM 670 0 0.682523 0.317477 
 ----> psTTM 671 0 0.617713 0.382287 
 ----> psTTM 672 0 0.639631 0.360369 
 ----> psTTM 673 0 0.710307 0.289693 
 ----> psTTM 674 1 0.623276 0.376724 
 ----> psTTM 675 1 0.597697 0.402303 
 ----> psTTM 676 0 0.634193 0.365807 
 ----> psTTM 677 1 0.645698 0.354302 
 ----> psTTM 678 1 0.6297 0.3703 
 ----> psTTM 679 0 0.63308 0.36692 
 ----> psTTM 680 1 0.646068 0.353932 
 ----> psTTM 681 0 0.679931 0.320069 
 ----> psTTM 682 0 0.699777 0.300223 
 ----> psTTM 683 0 0.644342 0.355658 
 ----> psTTM 684 0 0.704375 0.295625 
 ----> psTTM 685 0 0.663804 0.336196 
 ----> psTTM 686 0 0.652808 0.347192 
 ----> psTTM 687 0 0.646048 0.353952 
 ----> psTTM 688 0 0.661624 0.338376 
 ----> psTTM 689 0 0.694754 0.305246 
 ----> psTTM 690 1 0.694697 0.305303 
 ----> psTTM 691 0 0.676039 0.323961 
 ----> psTTM 692 0 0.698943 0.301057 
 ----> psTTM 693 1 0.66734 0.33266 
 ----> psTTM 694 0 0.688786 0.311214 
 ----> psTTM 695 0 0.712754 0.287246 
 ----> psTTM 696 0 0.635366 0.364634 
 ----> psTTM 697 0 0.642471 0.357529 
 ----> psTTM 698 1 0.614943 0.385057 
 ----> psTTM 699 0 0.653933 0.346067 
 ----> psTTM 700 1 0.651116 0.348884 
 ----> psTTM 701 0 0.64536 0.35464 
 ----> psTTM 702 0 0.708487 0.291513 
 ----> psTTM 703 0 0.645499 0.354501 
 ----> psTTM 704 0 0.709759 0.290241 
 ----> psTTM 705 0 0.67543 0.32457 
 ----> psTTM 706 0 0.67797 0.32203 
 ----> psTTM 707 0 0.619079 0.380921 
 ----> psTTM 708 0 0.712419 0.287581 
 ----> psTTM 709 0 0.666525 0.333475 
 ----> psTTM 710 0 0.656207 0.343793 
 ----> psTTM 711 0 0.647694 0.352306 
 ----> psTTM 712 0 0.685925 0.314075 
 ----> psTTM 713 1 0.657816 0.342184 
 ----> psTTM 714 1 0.713359 0.286641 
 ----> psTTM 715 1 0.680371 0.319629 
 ----> psTTM 716 1 0.647057 0.352943 
 ----> psTTM 717 0 0.687914 0.312086 
 ----> psTTM 718 0 0.671241 0.328759 
