 ----> psTTM 1 1 0.655699 0.344301 
 ----> psTTM 2 0 0.632229 0.367771 
 ----> psTTM 3 1 0.666708 0.333292 
 ----> psTTM 4 1 0.663456 0.336544 
 ----> psTTM 5 1 0.563175 0.436825 
 ----> psTTM 6 1 0.648422 0.351578 
 ----> psTTM 7 0 0.659929 0.340071 
 ----> psTTM 8 0 0.630582 0.369418 
 ----> psTTM 9 0 0.640826 0.359174 
 ----> psTTM 10 1 0.607978 0.392022 
 ----> psTTM 11 1 0.666007 0.333993 
 ----> psTTM 12 0 0.712984 0.287016 
 ----> psTTM 13 0 0.672724 0.327276 
 ----> psTTM 14 1 0.592071 0.407929 
 ----> psTTM 15 1 0.639774 0.360226 
 ----> psTTM 16 1 0.615055 0.384945 
 ----> psTTM 17 1 0.599294 0.400706 
 ----> psTTM 18 0 0.631429 0.368571 
 ----> psTTM 19 0 0.676389 0.323611 
 ----> psTTM 20 0 0.658688 0.341312 
 ----> psTTM 21 1 0.65781 0.34219 
 ----> psTTM 22 0 0.683052 0.316948 
 ----> psTTM 23 0 0.672871 0.327129 
 ----> psTTM 24 0 0.679303 0.320697 
 ----> psTTM 25 0 0.62702 0.37298 
 ----> psTTM 26 1 0.627606 0.372394 
 ----> psTTM 27 1 0.663276 0.336724 
 ----> psTTM 28 1 0.687348 0.312652 
 ----> psTTM 29 0 0.637474 0.362526 
 ----> psTTM 30 0 0.649395 0.350605 
 ----> psTTM 31 0 0.664558 0.335442 
 ----> psTTM 32 0 0.655076 0.344924 
 ----> psTTM 33 0 0.642103 0.357897 
 ----> psTTM 34 0 0.676763 0.323237 
 ----> psTTM 35 1 0.635728 0.364272 
 ----> psTTM 36 0 0.621812 0.378188 
 ----> psTTM 37 0 0.64046 0.35954 
 ----> psTTM 38 0 0.624051 0.375949 
 ----> psTTM 39 0 0.650756 0.349244 
 ----> psTTM 40 1 0.670957 0.329043 
 ----> psTTM 41 1 0.66239 0.33761 
 ----> psTTM 42 1 0.685379 0.314621 
 ----> psTTM 43 0 0.667516 0.332484 
 ----> psTTM 44 1 0.673487 0.326513 
 ----> psTTM 45 1 0.652093 0.347907 
 ----> psTTM 46 0 0.656436 0.343564 
 ----> psTTM 47 1 0.632896 0.367104 
 ----> psTTM 48 1 0.57422 0.42578 
 ----> psTTM 49 1 0.658137 0.341863 
 ----> psTTM 50 1 0.667306 0.332694 
 ----> psTTM 51 0 0.685407 0.314593 
 ----> psTTM 52 1 0.623241 0.376759 
 ----> psTTM 53 0 0.682866 0.317134 
 ----> psTTM 54 0 0.66812 0.33188 
 ----> psTTM 55 0 0.663353 0.336647 
 ----> psTTM 56 1 0.642738 0.357262 
 ----> psTTM 57 1 0.644138 0.355862 
 ----> psTTM 58 0 0.662117 0.337883 
 ----> psTTM 59 1 0.633831 0.366169 
 ----> psTTM 60 0 0.584419 0.415581 
 ----> psTTM 61 0 0.661424 0.338576 
 ----> psTTM 62 0 0.69573 0.30427 
 ----> psTTM 63 1 0.673052 0.326948 
 ----> psTTM 64 1 0.652916 0.347084 
 ----> psTTM 65 0 0.67581 0.32419 
 ----> psTTM 66 0 0.674945 0.325055 
 ----> psTTM 67 1 0.688701 0.311299 
 ----> psTTM 68 1 0.638683 0.361317 
 ----> psTTM 69 0 0.659259 0.340741 
 ----> psTTM 70 0 0.656494 0.343506 
 ----> psTTM 71 1 0.671639 0.328361 
 ----> psTTM 72 1 0.648702 0.351298 
 ----> psTTM 73 0 0.69226 0.30774 
 ----> psTTM 74 0 0.668232 0.331768 
 ----> psTTM 75 0 0.686261 0.313739 
 ----> psTTM 76 1 0.685441 0.314559 
 ----> psTTM 77 0 0.678376 0.321624 
 ----> psTTM 78 1 0.669407 0.330593 
 ----> psTTM 79 0 0.676522 0.323478 
 ----> psTTM 80 1 0.62707 0.37293 
 ----> psTTM 81 1 0.609107 0.390893 
 ----> psTTM 82 1 0.609265 0.390735 
 ----> psTTM 83 1 0.612654 0.387346 
 ----> psTTM 84 1 0.587626 0.412374 
 ----> psTTM 85 0 0.67297 0.32703 
 ----> psTTM 86 0 0.666159 0.333841 
 ----> psTTM 87 1 0.674629 0.325371 
 ----> psTTM 88 1 0.684753 0.315247 
 ----> psTTM 89 1 0.675969 0.324031 
 ----> psTTM 90 1 0.69128 0.30872 
 ----> psTTM 91 1 0.64502 0.35498 
 ----> psTTM 92 0 0.654801 0.345199 
 ----> psTTM 93 0 0.737768 0.262232 
 ----> psTTM 94 1 0.570406 0.429594 
 ----> psTTM 95 0 0.660538 0.339462 
 ----> psTTM 96 0 0.676364 0.323636 
 ----> psTTM 97 1 0.636638 0.363362 
 ----> psTTM 98 1 0.648177 0.351823 
 ----> psTTM 99 1 0.654334 0.345666 
 ----> psTTM 100 0 0.671306 0.328694 
 ----> psTTM 101 1 0.66619 0.33381 
 ----> psTTM 102 0 0.650708 0.349292 
 ----> psTTM 103 0 0.675435 0.324565 
 ----> psTTM 104 0 0.664469 0.335531 
 ----> psTTM 105 1 0.491973 0.508027 
 ----> psTTM 106 0 0.738447 0.261553 
 ----> psTTM 107 0 0.686859 0.313141 
 ----> psTTM 108 0 0.643547 0.356453 
 ----> psTTM 109 0 0.631381 0.368619 
 ----> psTTM 110 1 0.64788 0.35212 
 ----> psTTM 111 0 0.678709 0.321291 
 ----> psTTM 112 0 0.680686 0.319314 
 ----> psTTM 113 1 0.63585 0.36415 
 ----> psTTM 114 1 0.62119 0.37881 
 ----> psTTM 115 0 0.628043 0.371957 
 ----> psTTM 116 0 0.670585 0.329415 
 ----> psTTM 117 1 0.651082 0.348918 
 ----> psTTM 118 1 0.601643 0.398357 
 ----> psTTM 119 1 0.554396 0.445604 
 ----> psTTM 120 0 0.743635 0.256365 
 ----> psTTM 121 0 0.686762 0.313238 
 ----> psTTM 122 1 0.667622 0.332378 
 ----> psTTM 123 1 0.6721 0.3279 
 ----> psTTM 124 0 0.676759 0.323241 
 ----> psTTM 125 1 0.642843 0.357157 
 ----> psTTM 126 0 0.698932 0.301068 
 ----> psTTM 127 0 0.664261 0.335739 
 ----> psTTM 128 0 0.670861 0.329139 
 ----> psTTM 129 1 0.615059 0.384941 
 ----> psTTM 130 0 0.700576 0.299424 
 ----> psTTM 131 0 0.663053 0.336947 
 ----> psTTM 132 0 0.674361 0.325639 
 ----> psTTM 133 1 0.638822 0.361178 
 ----> psTTM 134 1 0.595307 0.404693 
 ----> psTTM 135 1 0.675332 0.324668 
 ----> psTTM 136 0 0.683489 0.316511 
 ----> psTTM 137 1 0.67559 0.32441 
 ----> psTTM 138 0 0.674595 0.325405 
 ----> psTTM 139 0 0.68265 0.31735 
 ----> psTTM 140 1 0.634672 0.365328 
 ----> psTTM 141 0 0.689148 0.310852 
 ----> psTTM 142 1 0.671346 0.328654 
 ----> psTTM 143 0 0.672492 0.327508 
 ----> psTTM 144 1 0.681947 0.318053 
 ----> psTTM 145 0 0.645268 0.354732 
 ----> psTTM 146 0 0.667716 0.332284 
 ----> psTTM 147 0 0.750898 0.249102 
 ----> psTTM 148 0 0.637367 0.362633 
 ----> psTTM 149 1 0.679829 0.320171 
 ----> psTTM 150 1 0.660415 0.339585 
 ----> psTTM 151 1 0.613576 0.386424 
 ----> psTTM 152 0 0.635566 0.364434 
 ----> psTTM 153 0 0.671703 0.328297 
 ----> psTTM 154 0 0.702482 0.297518 
 ----> psTTM 155 1 0.67537 0.32463 
 ----> psTTM 156 1 0.640876 0.359124 
 ----> psTTM 157 1 0.580998 0.419002 
 ----> psTTM 158 0 0.685358 0.314642 
 ----> psTTM 159 1 0.673823 0.326177 
 ----> psTTM 160 0 0.672387 0.327613 
 ----> psTTM 161 0 0.613441 0.386559 
 ----> psTTM 162 1 0.605669 0.394331 
 ----> psTTM 163 1 0.671242 0.328758 
 ----> psTTM 164 1 0.670607 0.329393 
 ----> psTTM 165 1 0.666104 0.333896 
 ----> psTTM 166 0 0.676712 0.323288 
 ----> psTTM 167 1 0.624538 0.375462 
 ----> psTTM 168 0 0.648433 0.351567 
 ----> psTTM 169 0 0.606587 0.393413 
 ----> psTTM 170 1 0.681126 0.318874 
 ----> psTTM 171 1 0.687284 0.312716 
 ----> psTTM 172 0 0.650608 0.349392 
 ----> psTTM 173 1 0.665488 0.334512 
 ----> psTTM 174 0 0.734253 0.265747 
 ----> psTTM 175 1 0.645491 0.354509 
 ----> psTTM 176 0 0.640467 0.359533 
 ----> psTTM 177 0 0.672601 0.327399 
 ----> psTTM 178 1 0.688223 0.311777 
 ----> psTTM 179 0 0.662389 0.337611 
 ----> psTTM 180 0 0.638002 0.361998 
 ----> psTTM 181 0 0.719398 0.280602 
 ----> psTTM 182 0 0.626885 0.373115 
 ----> psTTM 183 1 0.723362 0.276638 
 ----> psTTM 184 1 0.664176 0.335824 
 ----> psTTM 185 0 0.684608 0.315392 
 ----> psTTM 186 0 0.633438 0.366562 
 ----> psTTM 187 0 0.668079 0.331921 
 ----> psTTM 188 1 0.583832 0.416168 
 ----> psTTM 189 1 0.631346 0.368654 
 ----> psTTM 190 0 0.64418 0.35582 
 ----> psTTM 191 0 0.577341 0.422659 
 ----> psTTM 192 1 0.651994 0.348006 
 ----> psTTM 193 0 0.637047 0.362953 
 ----> psTTM 194 0 0.719384 0.280616 
 ----> psTTM 195 0 0.643494 0.356506 
 ----> psTTM 196 1 0.624259 0.375741 
 ----> psTTM 197 0 0.641164 0.358836 
 ----> psTTM 198 0 0.637486 0.362514 
 ----> psTTM 199 0 0.660386 0.339614 
 ----> psTTM 200 0 0.616858 0.383142 
 ----> psTTM 201 0 0.665427 0.334573 
 ----> psTTM 202 0 0.673875 0.326125 
 ----> psTTM 203 1 0.6502 0.3498 
 ----> psTTM 204 1 0.620006 0.379994 
 ----> psTTM 205 0 0.631851 0.368149 
 ----> psTTM 206 1 0.553397 0.446603 
 ----> psTTM 207 1 0.590275 0.409725 
 ----> psTTM 208 0 0.659806 0.340194 
 ----> psTTM 209 0 0.625863 0.374137 
 ----> psTTM 210 0 0.671748 0.328252 
 ----> psTTM 211 0 0.67871 0.32129 
 ----> psTTM 212 0 0.682847 0.317153 
 ----> psTTM 213 1 0.616937 0.383063 
 ----> psTTM 214 0 0.705826 0.294174 
 ----> psTTM 215 1 0.626661 0.373339 
 ----> psTTM 216 0 0.698987 0.301013 
 ----> psTTM 217 1 0.6688 0.3312 
 ----> psTTM 218 0 0.65021 0.34979 
 ----> psTTM 219 0 0.66893 0.33107 
 ----> psTTM 220 0 0.667019 0.332981 
 ----> psTTM 221 0 0.695573 0.304427 
 ----> psTTM 222 1 0.569419 0.430581 
 ----> psTTM 223 1 0.643244 0.356756 
 ----> psTTM 224 0 0.669344 0.330656 
 ----> psTTM 225 1 0.545211 0.454789 
 ----> psTTM 226 1 0.613611 0.386389 
 ----> psTTM 227 0 0.694816 0.305184 
 ----> psTTM 228 0 0.69053 0.30947 
 ----> psTTM 229 0 0.656944 0.343056 
 ----> psTTM 230 0 0.660961 0.339039 
 ----> psTTM 231 0 0.683276 0.316724 
 ----> psTTM 232 1 0.616685 0.383315 
 ----> psTTM 233 0 0.714609 0.285391 
 ----> psTTM 234 0 0.681497 0.318503 
 ----> psTTM 235 0 0.75718 0.24282 
 ----> psTTM 236 1 0.613745 0.386255 
 ----> psTTM 237 0 0.684549 0.315451 
 ----> psTTM 238 0 0.644893 0.355107 
 ----> psTTM 239 0 0.648351 0.351649 
 ----> psTTM 240 1 0.606238 0.393762 
 ----> psTTM 241 0 0.629814 0.370186 
 ----> psTTM 242 1 0.650604 0.349396 
 ----> psTTM 243 0 0.689582 0.310418 
 ----> psTTM 244 1 0.621257 0.378743 
 ----> psTTM 245 1 0.644139 0.355861 
 ----> psTTM 246 0 0.740605 0.259395 
 ----> psTTM 247 0 0.634241 0.365759 
 ----> psTTM 248 1 0.634559 0.365441 
 ----> psTTM 249 1 0.567423 0.432577 
 ----> psTTM 250 0 0.707516 0.292484 
 ----> psTTM 251 0 0.662678 0.337322 
 ----> psTTM 252 0 0.654091 0.345909 
 ----> psTTM 253 1 0.649643 0.350357 
 ----> psTTM 254 0 0.585173 0.414827 
 ----> psTTM 255 1 0.627598 0.372402 
 ----> psTTM 256 0 0.665342 0.334658 
 ----> psTTM 257 0 0.694192 0.305808 
 ----> psTTM 258 0 0.693077 0.306923 
 ----> psTTM 259 0 0.694106 0.305894 
 ----> psTTM 260 1 0.637493 0.362507 
 ----> psTTM 261 1 0.648487 0.351513 
 ----> psTTM 262 0 0.750712 0.249288 
 ----> psTTM 263 1 0.572794 0.427206 
 ----> psTTM 264 1 0.602887 0.397113 
 ----> psTTM 265 1 0.505967 0.494033 
 ----> psTTM 266 0 0.648492 0.351508 
 ----> psTTM 267 0 0.637874 0.362126 
 ----> psTTM 268 0 0.608192 0.391808 
 ----> psTTM 269 0 0.670844 0.329156 
 ----> psTTM 270 1 0.666524 0.333476 
 ----> psTTM 271 1 0.685469 0.314531 
 ----> psTTM 272 0 0.750334 0.249666 
 ----> psTTM 273 0 0.746604 0.253396 
 ----> psTTM 274 1 0.680187 0.319813 
 ----> psTTM 275 1 0.657977 0.342023 
 ----> psTTM 276 0 0.651047 0.348953 
 ----> psTTM 277 0 0.653214 0.346786 
 ----> psTTM 278 0 0.661267 0.338733 
 ----> psTTM 279 1 0.622788 0.377212 
 ----> psTTM 280 1 0.659465 0.340535 
 ----> psTTM 281 0 0.685519 0.314481 
 ----> psTTM 282 1 0.650478 0.349522 
 ----> psTTM 283 1 0.638799 0.361201 
 ----> psTTM 284 1 0.66306 0.33694 
 ----> psTTM 285 0 0.695622 0.304378 
 ----> psTTM 286 0 0.693033 0.306967 
 ----> psTTM 287 0 0.68302 0.31698 
 ----> psTTM 288 1 0.612557 0.387443 
 ----> psTTM 289 0 0.6006 0.3994 
 ----> psTTM 290 0 0.633048 0.366952 
 ----> psTTM 291 1 0.655417 0.344583 
 ----> psTTM 292 0 0.70344 0.29656 
 ----> psTTM 293 1 0.66156 0.33844 
 ----> psTTM 294 1 0.656687 0.343313 
 ----> psTTM 295 0 0.656425 0.343575 
 ----> psTTM 296 0 0.656496 0.343504 
 ----> psTTM 297 0 0.755001 0.244999 
 ----> psTTM 298 1 0.651269 0.348731 
 ----> psTTM 299 0 0.664739 0.335261 
 ----> psTTM 300 0 0.670044 0.329956 
 ----> psTTM 301 0 0.717328 0.282672 
 ----> psTTM 302 0 0.649156 0.350844 
 ----> psTTM 303 0 0.685011 0.314989 
 ----> psTTM 304 0 0.672612 0.327388 
 ----> psTTM 305 0 0.644024 0.355976 
 ----> psTTM 306 0 0.617602 0.382398 
 ----> psTTM 307 1 0.537934 0.462066 
 ----> psTTM 308 0 0.616171 0.383829 
 ----> psTTM 309 1 0.661296 0.338704 
 ----> psTTM 310 0 0.716019 0.283981 
 ----> psTTM 311 0 0.667343 0.332657 
 ----> psTTM 312 0 0.674521 0.325479 
 ----> psTTM 313 1 0.635377 0.364623 
 ----> psTTM 314 0 0.694542 0.305458 
 ----> psTTM 315 0 0.607808 0.392192 
 ----> psTTM 316 0 0.689076 0.310924 
 ----> psTTM 317 0 0.662833 0.337167 
 ----> psTTM 318 0 0.697376 0.302624 
 ----> psTTM 319 0 0.684074 0.315926 
 ----> psTTM 320 0 0.662959 0.337041 
 ----> psTTM 321 1 0.676638 0.323362 
 ----> psTTM 322 1 0.703687 0.296313 
 ----> psTTM 323 0 0.700209 0.299791 
 ----> psTTM 324 0 0.678637 0.321363 
 ----> psTTM 325 0 0.626008 0.373992 
 ----> psTTM 326 1 0.605177 0.394823 
 ----> psTTM 327 1 0.669562 0.330438 
 ----> psTTM 328 0 0.694916 0.305084 
 ----> psTTM 329 0 0.701035 0.298965 
 ----> psTTM 330 0 0.747599 0.252401 
 ----> psTTM 331 0 0.700518 0.299482 
 ----> psTTM 332 0 0.654634 0.345366 
 ----> psTTM 333 1 0.687219 0.312781 
 ----> psTTM 334 1 0.648737 0.351263 
 ----> psTTM 335 0 0.687321 0.312679 
 ----> psTTM 336 1 0.658832 0.341168 
 ----> psTTM 337 1 0.648975 0.351025 
 ----> psTTM 338 1 0.679734 0.320266 
 ----> psTTM 339 0 0.69232 0.30768 
 ----> psTTM 340 0 0.660694 0.339306 
 ----> psTTM 341 1 0.652114 0.347886 
 ----> psTTM 342 1 0.624081 0.375919 
 ----> psTTM 343 0 0.658626 0.341374 
 ----> psTTM 344 0 0.645487 0.354513 
 ----> psTTM 345 0 0.586722 0.413278 
 ----> psTTM 346 0 0.684272 0.315728 
 ----> psTTM 347 1 0.667504 0.332496 
 ----> psTTM 348 0 0.670256 0.329744 
 ----> psTTM 349 0 0.642647 0.357353 
 ----> psTTM 350 1 0.738754 0.261246 
 ----> psTTM 351 0 0.682583 0.317417 
 ----> psTTM 352 0 0.728386 0.271614 
 ----> psTTM 353 0 0.622639 0.377361 
 ----> psTTM 354 0 0.668118 0.331882 
 ----> psTTM 355 0 0.683132 0.316868 
 ----> psTTM 356 0 0.672936 0.327064 
 ----> psTTM 357 1 0.604269 0.395731 
 ----> psTTM 358 0 0.732587 0.267413 
 ----> psTTM 359 0 0.62348 0.37652 
 ----> psTTM 360 0 0.719483 0.280517 
 ----> psTTM 361 0 0.646084 0.353916 
 ----> psTTM 362 1 0.66224 0.33776 
 ----> psTTM 363 0 0.685503 0.314497 
 ----> psTTM 364 0 0.664721 0.335279 
 ----> psTTM 365 0 0.70659 0.29341 
 ----> psTTM 366 1 0.711349 0.288651 
 ----> psTTM 367 0 0.756336 0.243664 
 ----> psTTM 368 0 0.694373 0.305627 
 ----> psTTM 369 0 0.687679 0.312321 
 ----> psTTM 370 1 0.662804 0.337196 
 ----> psTTM 371 0 0.673761 0.326239 
 ----> psTTM 372 0 0.654813 0.345187 
 ----> psTTM 373 0 0.719711 0.280289 
 ----> psTTM 374 0 0.595926 0.404074 
 ----> psTTM 375 1 0.687747 0.312253 
 ----> psTTM 376 0 0.64063 0.35937 
 ----> psTTM 377 0 0.690525 0.309475 
 ----> psTTM 378 1 0.674372 0.325628 
 ----> psTTM 379 0 0.65988 0.34012 
 ----> psTTM 380 0 0.702978 0.297022 
 ----> psTTM 381 0 0.622589 0.377411 
 ----> psTTM 382 0 0.719204 0.280796 
 ----> psTTM 383 0 0.694234 0.305766 
 ----> psTTM 384 0 0.674776 0.325224 
 ----> psTTM 385 1 0.667815 0.332185 
 ----> psTTM 386 0 0.624905 0.375095 
 ----> psTTM 387 1 0.716197 0.283803 
 ----> psTTM 388 1 0.636601 0.363399 
 ----> psTTM 389 0 0.728507 0.271493 
 ----> psTTM 390 0 0.690017 0.309983 
 ----> psTTM 391 0 0.673274 0.326726 
 ----> psTTM 392 1 0.684614 0.315386 
 ----> psTTM 393 1 0.664273 0.335727 
 ----> psTTM 394 0 0.7171 0.2829 
 ----> psTTM 395 0 0.679998 0.320002 
 ----> psTTM 396 0 0.703374 0.296626 
 ----> psTTM 397 0 0.662076 0.337924 
 ----> psTTM 398 1 0.708345 0.291655 
 ----> psTTM 399 1 0.65588 0.34412 
 ----> psTTM 400 1 0.648328 0.351672 
 ----> psTTM 401 0 0.678336 0.321664 
 ----> psTTM 402 0 0.650629 0.349371 
 ----> psTTM 403 0 0.667562 0.332438 
 ----> psTTM 404 0 0.780865 0.219135 
 ----> psTTM 405 0 0.645207 0.354793 
 ----> psTTM 406 1 0.633695 0.366305 
 ----> psTTM 407 1 0.611397 0.388603 
 ----> psTTM 408 0 0.704209 0.295791 
 ----> psTTM 409 1 0.632555 0.367445 
 ----> psTTM 410 0 0.661221 0.338779 
 ----> psTTM 411 0 0.665432 0.334568 
 ----> psTTM 412 1 0.598892 0.401108 
 ----> psTTM 413 1 0.591923 0.408077 
 ----> psTTM 414 0 0.66607 0.33393 
 ----> psTTM 415 1 0.646243 0.353757 
 ----> psTTM 416 0 0.685645 0.314355 
 ----> psTTM 417 0 0.681086 0.318914 
 ----> psTTM 418 1 0.665599 0.334401 
 ----> psTTM 419 0 0.633958 0.366042 
 ----> psTTM 420 0 0.655651 0.344349 
 ----> psTTM 421 0 0.656565 0.343435 
 ----> psTTM 422 0 0.654602 0.345398 
 ----> psTTM 423 0 0.645908 0.354092 
 ----> psTTM 424 0 0.67108 0.32892 
 ----> psTTM 425 0 0.642188 0.357812 
 ----> psTTM 426 1 0.600647 0.399353 
 ----> psTTM 427 0 0.64992 0.35008 
 ----> psTTM 428 0 0.671544 0.328456 
 ----> psTTM 429 0 0.68784 0.31216 
 ----> psTTM 430 0 0.693225 0.306775 
 ----> psTTM 431 0 0.69959 0.30041 
 ----> psTTM 432 0 0.675321 0.324679 
 ----> psTTM 433 0 0.685551 0.314449 
 ----> psTTM 434 0 0.706203 0.293797 
 ----> psTTM 435 1 0.640591 0.359409 
 ----> psTTM 436 0 0.713434 0.286566 
 ----> psTTM 437 0 0.61052 0.38948 
 ----> psTTM 438 0 0.734622 0.265378 
 ----> psTTM 439 0 0.679849 0.320151 
 ----> psTTM 440 0 0.678453 0.321547 
 ----> psTTM 441 0 0.677857 0.322143 
 ----> psTTM 442 0 0.64674 0.35326 
 ----> psTTM 443 0 0.703665 0.296335 
 ----> psTTM 444 0 0.6801 0.3199 
 ----> psTTM 445 1 0.674264 0.325736 
 ----> psTTM 446 0 0.687432 0.312568 
 ----> psTTM 447 0 0.628282 0.371718 
 ----> psTTM 448 0 0.663403 0.336597 
 ----> psTTM 449 0 0.683574 0.316426 
 ----> psTTM 450 0 0.688044 0.311956 
 ----> psTTM 451 0 0.755803 0.244197 
 ----> psTTM 452 0 0.774385 0.225615 
 ----> psTTM 453 0 0.681699 0.318301 
 ----> psTTM 454 1 0.645156 0.354844 
 ----> psTTM 455 0 0.622639 0.377361 
 ----> psTTM 456 0 0.654467 0.345533 
 ----> psTTM 457 0 0.689394 0.310606 
 ----> psTTM 458 1 0.670829 0.329171 
 ----> psTTM 459 0 0.70426 0.29574 
 ----> psTTM 460 0 0.687547 0.312453 
 ----> psTTM 461 1 0.638222 0.361778 
 ----> psTTM 462 0 0.702893 0.297107 
 ----> psTTM 463 0 0.683107 0.316893 
 ----> psTTM 464 0 0.691623 0.308377 
 ----> psTTM 465 0 0.674809 0.325191 
 ----> psTTM 466 0 0.665509 0.334491 
 ----> psTTM 467 1 0.63735 0.36265 
 ----> psTTM 468 0 0.682444 0.317556 
 ----> psTTM 469 0 0.704728 0.295272 
 ----> psTTM 470 1 0.693529 0.306471 
 ----> psTTM 471 1 0.602197 0.397803 
 ----> psTTM 472 0 0.720318 0.279682 
 ----> psTTM 473 1 0.632668 0.367332 
 ----> psTTM 474 0 0.679589 0.320411 
 ----> psTTM 475 0 0.675831 0.324169 
 ----> psTTM 476 0 0.673387 0.326613 
 ----> psTTM 477 1 0.623886 0.376114 
 ----> psTTM 478 0 0.770862 0.229138 
 ----> psTTM 479 1 0.644418 0.355582 
 ----> psTTM 480 0 0.6477 0.3523 
 ----> psTTM 481 0 0.690811 0.309189 
 ----> psTTM 482 0 0.694985 0.305015 
 ----> psTTM 483 1 0.663572 0.336428 
 ----> psTTM 484 0 0.693119 0.306881 
 ----> psTTM 485 0 0.673763 0.326237 
 ----> psTTM 486 0 0.710883 0.289117 
 ----> psTTM 487 0 0.653866 0.346134 
 ----> psTTM 488 1 0.664034 0.335966 
 ----> psTTM 489 1 0.472534 0.527466 
 ----> psTTM 490 0 0.681997 0.318003 
 ----> psTTM 491 1 0.668008 0.331992 
 ----> psTTM 492 0 0.662618 0.337382 
 ----> psTTM 493 0 0.635164 0.364836 
 ----> psTTM 494 0 0.682106 0.317894 
 ----> psTTM 495 1 0.667291 0.332709 
 ----> psTTM 496 0 0.702164 0.297836 
 ----> psTTM 497 0 0.675448 0.324552 
 ----> psTTM 498 0 0.642155 0.357845 
 ----> psTTM 499 1 0.666821 0.333179 
 ----> psTTM 500 1 0.644618 0.355382 
 ----> psTTM 501 0 0.681273 0.318727 
 ----> psTTM 502 0 0.692338 0.307662 
 ----> psTTM 503 0 0.688802 0.311198 
 ----> psTTM 504 0 0.689645 0.310355 
 ----> psTTM 505 0 0.681505 0.318495 
 ----> psTTM 506 0 0.687207 0.312793 
 ----> psTTM 507 0 0.659939 0.340061 
 ----> psTTM 508 1 0.698495 0.301505 
 ----> psTTM 509 1 0.636024 0.363976 
 ----> psTTM 510 0 0.679942 0.320058 
 ----> psTTM 511 0 0.667925 0.332075 
 ----> psTTM 512 0 0.587365 0.412635 
 ----> psTTM 513 0 0.687985 0.312015 
 ----> psTTM 514 1 0.615016 0.384984 
 ----> psTTM 515 0 0.707425 0.292575 
 ----> psTTM 516 0 0.716585 0.283415 
 ----> psTTM 517 1 0.673362 0.326638 
 ----> psTTM 518 0 0.665013 0.334987 
 ----> psTTM 519 0 0.643003 0.356997 
 ----> psTTM 520 1 0.730564 0.269436 
 ----> psTTM 521 1 0.624576 0.375424 
 ----> psTTM 522 0 0.708009 0.291991 
 ----> psTTM 523 1 0.686779 0.313221 
 ----> psTTM 524 0 0.658872 0.341128 
 ----> psTTM 525 0 0.674032 0.325968 
 ----> psTTM 526 0 0.662619 0.337381 
 ----> psTTM 527 0 0.71693 0.28307 
 ----> psTTM 528 0 0.693221 0.306779 
 ----> psTTM 529 1 0.669565 0.330435 
 ----> psTTM 530 0 0.677679 0.322321 
 ----> psTTM 531 1 0.64055 0.35945 
 ----> psTTM 532 0 0.709593 0.290407 
 ----> psTTM 533 0 0.662231 0.337769 
 ----> psTTM 534 0 0.736882 0.263118 
 ----> psTTM 535 1 0.580702 0.419298 
 ----> psTTM 536 0 0.686882 0.313118 
 ----> psTTM 537 0 0.680179 0.319821 
 ----> psTTM 538 0 0.680497 0.319503 
 ----> psTTM 539 1 0.624832 0.375168 
 ----> psTTM 540 0 0.705977 0.294023 
 ----> psTTM 541 1 0.617033 0.382967 
 ----> psTTM 542 0 0.731694 0.268306 
 ----> psTTM 543 1 0.6698 0.3302 
 ----> psTTM 544 0 0.628041 0.371959 
 ----> psTTM 545 1 0.624542 0.375458 
 ----> psTTM 546 0 0.551729 0.448271 
 ----> psTTM 547 0 0.632182 0.367818 
 ----> psTTM 548 1 0.666173 0.333827 
 ----> psTTM 549 0 0.656019 0.343981 
 ----> psTTM 550 0 0.66847 0.33153 
 ----> psTTM 551 0 0.72665 0.27335 
 ----> psTTM 552 1 0.682938 0.317062 
 ----> psTTM 553 1 0.648953 0.351047 
 ----> psTTM 554 1 0.664692 0.335308 
 ----> psTTM 555 1 0.651952 0.348048 
 ----> psTTM 556 0 0.705816 0.294184 
 ----> psTTM 557 0 0.672972 0.327028 
 ----> psTTM 558 0 0.663668 0.336332 
 ----> psTTM 559 0 0.626443 0.373557 
 ----> psTTM 560 0 0.699209 0.300791 
 ----> psTTM 561 1 0.619519 0.380481 
 ----> psTTM 562 0 0.674065 0.325935 
 ----> psTTM 563 0 0.692802 0.307198 
 ----> psTTM 564 0 0.659433 0.340567 
 ----> psTTM 565 0 0.651921 0.348079 
 ----> psTTM 566 0 0.632061 0.367939 
 ----> psTTM 567 0 0.708525 0.291475 
 ----> psTTM 568 0 0.668446 0.331554 
 ----> psTTM 569 1 0.67595 0.32405 
 ----> psTTM 570 0 0.723964 0.276036 
 ----> psTTM 571 1 0.683759 0.316241 
 ----> psTTM 572 0 0.701549 0.298451 
 ----> psTTM 573 0 0.679055 0.320945 
 ----> psTTM 574 0 0.710934 0.289066 
 ----> psTTM 575 1 0.648748 0.351252 
 ----> psTTM 576 0 0.688927 0.311073 
 ----> psTTM 577 1 0.677913 0.322087 
 ----> psTTM 578 0 0.669048 0.330952 
 ----> psTTM 579 0 0.6534 0.3466 
 ----> psTTM 580 1 0.622064 0.377936 
 ----> psTTM 581 0 0.653575 0.346425 
 ----> psTTM 582 0 0.637089 0.362911 
 ----> psTTM 583 1 0.659019 0.340981 
 ----> psTTM 584 0 0.594708 0.405292 
 ----> psTTM 585 0 0.698892 0.301108 
 ----> psTTM 586 0 0.646894 0.353106 
 ----> psTTM 587 0 0.643087 0.356913 
 ----> psTTM 588 0 0.637772 0.362228 
 ----> psTTM 589 1 0.640591 0.359409 
 ----> psTTM 590 0 0.61035 0.38965 
 ----> psTTM 591 1 0.675897 0.324103 
 ----> psTTM 592 1 0.653468 0.346532 
 ----> psTTM 593 0 0.665634 0.334366 
 ----> psTTM 594 0 0.685174 0.314826 
 ----> psTTM 595 0 0.687745 0.312255 
 ----> psTTM 596 0 0.68344 0.31656 
 ----> psTTM 597 0 0.673194 0.326806 
 ----> psTTM 598 0 0.648854 0.351146 
 ----> psTTM 599 0 0.747221 0.252779 
 ----> psTTM 600 0 0.551914 0.448086 
 ----> psTTM 601 0 0.62916 0.37084 
 ----> psTTM 602 1 0.497368 0.502632 
 ----> psTTM 603 0 0.752837 0.247163 
 ----> psTTM 604 0 0.678886 0.321114 
 ----> psTTM 605 0 0.684776 0.315224 
 ----> psTTM 606 0 0.696011 0.303989 
 ----> psTTM 607 1 0.648148 0.351852 
 ----> psTTM 608 0 0.679263 0.320737 
 ----> psTTM 609 0 0.703536 0.296464 
 ----> psTTM 610 0 0.666936 0.333064 
 ----> psTTM 611 0 0.655991 0.344009 
 ----> psTTM 612 0 0.689742 0.310258 
 ----> psTTM 613 0 0.677371 0.322629 
 ----> psTTM 614 0 0.685129 0.314871 
 ----> psTTM 615 0 0.644973 0.355027 
 ----> psTTM 616 0 0.659995 0.340005 
 ----> psTTM 617 0 0.7637 0.2363 
 ----> psTTM 618 0 0.691315 0.308685 
 ----> psTTM 619 1 0.636317 0.363683 
 ----> psTTM 620 0 0.614743 0.385257 
 ----> psTTM 621 0 0.682838 0.317162 
 ----> psTTM 622 0 0.683062 0.316938 
 ----> psTTM 623 1 0.633602 0.366398 
 ----> psTTM 624 0 0.665883 0.334117 
 ----> psTTM 625 0 0.752633 0.247367 
 ----> psTTM 626 0 0.651598 0.348402 
 ----> psTTM 627 0 0.638269 0.361731 
 ----> psTTM 628 1 0.603206 0.396794 
 ----> psTTM 629 0 0.699649 0.300351 
 ----> psTTM 630 0 0.695717 0.304283 
 ----> psTTM 631 1 0.653966 0.346034 
 ----> psTTM 632 1 0.62763 0.37237 
 ----> psTTM 633 0 0.719464 0.280536 
 ----> psTTM 634 1 0.622493 0.377507 
 ----> psTTM 635 0 0.691395 0.308605 
 ----> psTTM 636 1 0.679167 0.320833 
 ----> psTTM 637 0 0.692814 0.307186 
 ----> psTTM 638 0 0.683565 0.316435 
 ----> psTTM 639 1 0.665846 0.334154 
 ----> psTTM 640 0 0.672018 0.327982 
 ----> psTTM 641 0 0.680246 0.319754 
 ----> psTTM 642 0 0.692254 0.307746 
 ----> psTTM 643 0 0.686176 0.313824 
 ----> psTTM 644 0 0.696524 0.303476 
 ----> psTTM 645 0 0.680263 0.319737 
 ----> psTTM 646 1 0.619188 0.380812 
 ----> psTTM 647 0 0.727497 0.272503 
 ----> psTTM 648 0 0.687331 0.312669 
 ----> psTTM 649 0 0.694036 0.305964 
 ----> psTTM 650 0 0.669451 0.330549 
 ----> psTTM 651 1 0.651941 0.348059 
 ----> psTTM 652 0 0.660578 0.339422 
 ----> psTTM 653 1 0.648027 0.351973 
 ----> psTTM 654 0 0.674251 0.325749 
 ----> psTTM 655 0 0.679295 0.320705 
 ----> psTTM 656 0 0.676756 0.323244 
 ----> psTTM 657 0 0.689215 0.310785 
 ----> psTTM 658 0 0.619628 0.380372 
 ----> psTTM 659 0 0.715998 0.284002 
 ----> psTTM 660 0 0.622802 0.377198 
 ----> psTTM 661 0 0.730993 0.269007 
 ----> psTTM 662 0 0.666234 0.333766 
 ----> psTTM 663 1 0.658741 0.341259 
 ----> psTTM 664 1 0.606701 0.393299 
 ----> psTTM 665 0 0.66652 0.33348 
 ----> psTTM 666 0 0.693785 0.306215 
 ----> psTTM 667 0 0.696339 0.303661 
 ----> psTTM 668 0 0.698308 0.301692 
 ----> psTTM 669 0 0.669067 0.330933 
 ----> psTTM 670 0 0.664179 0.335821 
 ----> psTTM 671 0 0.736537 0.263463 
 ----> psTTM 672 0 0.692193 0.307807 
 ----> psTTM 673 0 0.676206 0.323794 
 ----> psTTM 674 1 0.655135 0.344865 
 ----> psTTM 675 1 0.644836 0.355164 
 ----> psTTM 676 0 0.707531 0.292469 
 ----> psTTM 677 1 0.648542 0.351458 
 ----> psTTM 678 1 0.666228 0.333772 
 ----> psTTM 679 0 0.70735 0.29265 
 ----> psTTM 680 1 0.675694 0.324306 
 ----> psTTM 681 0 0.680483 0.319517 
 ----> psTTM 682 0 0.720495 0.279505 
 ----> psTTM 683 0 0.679884 0.320116 
 ----> psTTM 684 0 0.71019 0.28981 
 ----> psTTM 685 0 0.662732 0.337268 
 ----> psTTM 686 0 0.595166 0.404834 
 ----> psTTM 687 0 0.665152 0.334848 
 ----> psTTM 688 0 0.657043 0.342957 
 ----> psTTM 689 0 0.705408 0.294592 
 ----> psTTM 690 1 0.671 0.329 
 ----> psTTM 691 0 0.704317 0.295683 
 ----> psTTM 692 0 0.623969 0.376031 
 ----> psTTM 693 1 0.717423 0.282577 
 ----> psTTM 694 0 0.671537 0.328463 
 ----> psTTM 695 0 0.684489 0.315511 
 ----> psTTM 696 0 0.68407 0.31593 
 ----> psTTM 697 0 0.659433 0.340567 
 ----> psTTM 698 1 0.659332 0.340668 
 ----> psTTM 699 0 0.770627 0.229373 
 ----> psTTM 700 1 0.661649 0.338351 
 ----> psTTM 701 0 0.665472 0.334528 
 ----> psTTM 702 0 0.69705 0.30295 
 ----> psTTM 703 0 0.698145 0.301855 
 ----> psTTM 704 0 0.667173 0.332827 
 ----> psTTM 705 0 0.655217 0.344783 
 ----> psTTM 706 0 0.731695 0.268305 
 ----> psTTM 707 0 0.642344 0.357656 
 ----> psTTM 708 0 0.745981 0.254019 
 ----> psTTM 709 0 0.734425 0.265575 
 ----> psTTM 710 0 0.679862 0.320138 
 ----> psTTM 711 0 0.702084 0.297916 
 ----> psTTM 712 0 0.693257 0.306743 
 ----> psTTM 713 1 0.652926 0.347074 
 ----> psTTM 714 1 0.678629 0.321371 
 ----> psTTM 715 1 0.643428 0.356572 
 ----> psTTM 716 1 0.686058 0.313942 
 ----> psTTM 717 0 0.711983 0.288017 
 ----> psTTM 718 0 0.657985 0.342015 
