 ----> psTTM 1 1 0.648112 0.351888 
 ----> psTTM 2 0 0.648112 0.351888 
 ----> psTTM 3 1 0.648112 0.351888 
 ----> psTTM 4 1 0.653334 0.346666 
 ----> psTTM 5 1 0.766665 0.233335 
 ----> psTTM 6 1 0.616576 0.383424 
 ----> psTTM 7 0 0.643106 0.356894 
 ----> psTTM 8 0 0.64513 0.35487 
 ----> psTTM 9 0 0.646819 0.353181 
 ----> psTTM 10 1 0.630121 0.369879 
 ----> psTTM 11 1 0.661214 0.338786 
 ----> psTTM 12 0 0.69463 0.30537 
 ----> psTTM 13 0 0.721778 0.278222 
 ----> psTTM 14 1 0.641059 0.358941 
 ----> psTTM 15 1 0.633159 0.366841 
 ----> psTTM 16 1 0.655527 0.344473 
 ----> psTTM 17 1 0.635057 0.364943 
 ----> psTTM 18 0 0.670768 0.329232 
 ----> psTTM 19 0 0.620015 0.379985 
 ----> psTTM 20 0 0.644791 0.355209 
 ----> psTTM 21 1 0.57991 0.42009 
 ----> psTTM 22 0 0.657451 0.342549 
 ----> psTTM 23 0 0.672197 0.327803 
 ----> psTTM 24 0 0.651873 0.348127 
 ----> psTTM 25 0 0.68082 0.31918 
 ----> psTTM 26 1 0.686258 0.313742 
 ----> psTTM 27 1 0.643929 0.356071 
 ----> psTTM 28 1 0.64251 0.35749 
 ----> psTTM 29 0 0.627753 0.372247 
 ----> psTTM 30 0 0.666147 0.333853 
 ----> psTTM 31 0 0.703552 0.296448 
 ----> psTTM 32 0 0.654312 0.345688 
 ----> psTTM 33 0 0.68074 0.31926 
 ----> psTTM 34 0 0.672373 0.327627 
 ----> psTTM 35 1 0.633974 0.366026 
 ----> psTTM 36 0 0.654303 0.345697 
 ----> psTTM 37 0 0.665931 0.334069 
 ----> psTTM 38 0 0.703559 0.296441 
 ----> psTTM 39 0 0.685677 0.314323 
 ----> psTTM 40 1 0.667319 0.332681 
 ----> psTTM 41 1 0.65443 0.34557 
 ----> psTTM 42 1 0.650643 0.349357 
 ----> psTTM 43 0 0.661487 0.338513 
 ----> psTTM 44 1 0.656556 0.343444 
 ----> psTTM 45 1 0.648742 0.351258 
 ----> psTTM 46 0 0.671342 0.328658 
 ----> psTTM 47 1 0.662747 0.337253 
 ----> psTTM 48 1 0.651281 0.348719 
 ----> psTTM 49 1 0.631619 0.368381 
 ----> psTTM 50 1 0.631539 0.368461 
 ----> psTTM 51 0 0.661304 0.338696 
 ----> psTTM 52 1 0.632662 0.367338 
 ----> psTTM 53 0 0.679654 0.320346 
 ----> psTTM 54 0 0.628733 0.371267 
 ----> psTTM 55 0 0.645335 0.354665 
 ----> psTTM 56 1 0.651128 0.348872 
 ----> psTTM 57 1 0.618524 0.381476 
 ----> psTTM 58 0 0.682755 0.317245 
 ----> psTTM 59 1 0.639756 0.360244 
 ----> psTTM 60 0 0.695653 0.304347 
 ----> psTTM 61 0 0.667181 0.332819 
 ----> psTTM 62 0 0.680372 0.319628 
 ----> psTTM 63 1 0.634386 0.365614 
 ----> psTTM 64 1 0.607786 0.392214 
 ----> psTTM 65 0 0.653525 0.346475 
 ----> psTTM 66 0 0.667864 0.332136 
 ----> psTTM 67 1 0.602765 0.397235 
 ----> psTTM 68 1 0.619656 0.380344 
 ----> psTTM 69 0 0.689093 0.310907 
 ----> psTTM 70 0 0.642162 0.357838 
 ----> psTTM 71 1 0.634689 0.365311 
 ----> psTTM 72 1 0.652416 0.347584 
 ----> psTTM 73 0 0.678703 0.321297 
 ----> psTTM 74 0 0.641461 0.358539 
 ----> psTTM 75 0 0.651912 0.348088 
 ----> psTTM 76 1 0.664679 0.335321 
 ----> psTTM 77 0 0.681677 0.318323 
 ----> psTTM 78 1 0.650795 0.349205 
 ----> psTTM 79 0 0.670322 0.329678 
 ----> psTTM 80 1 0.626128 0.373872 
 ----> psTTM 81 1 0.665445 0.334555 
 ----> psTTM 82 1 0.651956 0.348044 
 ----> psTTM 83 1 0.639468 0.360532 
 ----> psTTM 84 1 0.628378 0.371622 
 ----> psTTM 85 0 0.709255 0.290745 
 ----> psTTM 86 0 0.69705 0.30295 
 ----> psTTM 87 1 0.637714 0.362286 
 ----> psTTM 88 1 0.629716 0.370284 
 ----> psTTM 89 1 0.6116 0.3884 
 ----> psTTM 90 1 0.637112 0.362888 
 ----> psTTM 91 1 0.603348 0.396652 
 ----> psTTM 92 0 0.661656 0.338344 
 ----> psTTM 93 0 0.6995 0.3005 
 ----> psTTM 94 1 0.61157 0.38843 
 ----> psTTM 95 0 0.682032 0.317968 
 ----> psTTM 96 0 0.620828 0.379172 
 ----> psTTM 97 1 0.631669 0.368331 
 ----> psTTM 98 1 0.651954 0.348046 
 ----> psTTM 99 1 0.585742 0.414258 
 ----> psTTM 100 0 0.726173 0.273827 
 ----> psTTM 101 1 0.594478 0.405522 
 ----> psTTM 102 0 0.695443 0.304557 
 ----> psTTM 103 0 0.679985 0.320015 
 ----> psTTM 104 0 0.682293 0.317707 
 ----> psTTM 105 1 0.639326 0.360674 
 ----> psTTM 106 0 0.676616 0.323384 
 ----> psTTM 107 0 0.616166 0.383834 
 ----> psTTM 108 0 0.67208 0.32792 
 ----> psTTM 109 0 0.698446 0.301554 
 ----> psTTM 110 1 0.594015 0.405985 
 ----> psTTM 111 0 0.687223 0.312777 
 ----> psTTM 112 0 0.65963 0.34037 
 ----> psTTM 113 1 0.681716 0.318284 
 ----> psTTM 114 1 0.642574 0.357426 
 ----> psTTM 115 0 0.643564 0.356436 
 ----> psTTM 116 0 0.696848 0.303152 
 ----> psTTM 117 1 0.631614 0.368386 
 ----> psTTM 118 1 0.645175 0.354825 
 ----> psTTM 119 1 0.650629 0.349371 
 ----> psTTM 120 0 0.663523 0.336477 
 ----> psTTM 121 0 0.669558 0.330442 
 ----> psTTM 122 1 0.637488 0.362512 
 ----> psTTM 123 1 0.612276 0.387724 
 ----> psTTM 124 0 0.672916 0.327084 
 ----> psTTM 125 1 0.63199 0.36801 
 ----> psTTM 126 0 0.670154 0.329846 
 ----> psTTM 127 0 0.633956 0.366044 
 ----> psTTM 128 0 0.658937 0.341063 
 ----> psTTM 129 1 0.681822 0.318178 
 ----> psTTM 130 0 0.66628 0.33372 
 ----> psTTM 131 0 0.627353 0.372647 
 ----> psTTM 132 0 0.727962 0.272038 
 ----> psTTM 133 1 0.649483 0.350517 
 ----> psTTM 134 1 0.652865 0.347135 
 ----> psTTM 135 1 0.671047 0.328953 
 ----> psTTM 136 0 0.675113 0.324887 
 ----> psTTM 137 1 0.610582 0.389418 
 ----> psTTM 138 0 0.694522 0.305478 
 ----> psTTM 139 0 0.696379 0.303621 
 ----> psTTM 140 1 0.621605 0.378395 
 ----> psTTM 141 0 0.675235 0.324765 
 ----> psTTM 142 1 0.587448 0.412552 
 ----> psTTM 143 0 0.698991 0.301009 
 ----> psTTM 144 1 0.608275 0.391725 
 ----> psTTM 145 0 0.701192 0.298808 
 ----> psTTM 146 0 0.724301 0.275699 
 ----> psTTM 147 0 0.687498 0.312502 
 ----> psTTM 148 0 0.644237 0.355763 
 ----> psTTM 149 1 0.669236 0.330764 
 ----> psTTM 150 1 0.642541 0.357459 
 ----> psTTM 151 1 0.656577 0.343423 
 ----> psTTM 152 0 0.667718 0.332282 
 ----> psTTM 153 0 0.694912 0.305088 
 ----> psTTM 154 0 0.773866 0.226134 
 ----> psTTM 155 1 0.59009 0.40991 
 ----> psTTM 156 1 0.542927 0.457073 
 ----> psTTM 157 1 0.609853 0.390147 
 ----> psTTM 158 0 0.685251 0.314749 
 ----> psTTM 159 1 0.625754 0.374246 
 ----> psTTM 160 0 0.704719 0.295281 
 ----> psTTM 161 0 0.678827 0.321173 
 ----> psTTM 162 1 0.604124 0.395876 
 ----> psTTM 163 1 0.62856 0.37144 
 ----> psTTM 164 1 0.650791 0.349209 
 ----> psTTM 165 1 0.599487 0.400513 
 ----> psTTM 166 0 0.674499 0.325501 
 ----> psTTM 167 1 0.682031 0.317969 
 ----> psTTM 168 0 0.68614 0.31386 
 ----> psTTM 169 0 0.635403 0.364597 
 ----> psTTM 170 1 0.659211 0.340789 
 ----> psTTM 171 1 0.653378 0.346622 
 ----> psTTM 172 0 0.653154 0.346846 
 ----> psTTM 173 1 0.60659 0.39341 
 ----> psTTM 174 0 0.663274 0.336726 
 ----> psTTM 175 1 0.651352 0.348648 
 ----> psTTM 176 0 0.673282 0.326718 
 ----> psTTM 177 0 0.700051 0.299949 
 ----> psTTM 178 1 0.626454 0.373546 
 ----> psTTM 179 0 0.728484 0.271516 
 ----> psTTM 180 0 0.688337 0.311663 
 ----> psTTM 181 0 0.690347 0.309653 
 ----> psTTM 182 0 0.664367 0.335633 
 ----> psTTM 183 1 0.615562 0.384438 
 ----> psTTM 184 1 0.649508 0.350492 
 ----> psTTM 185 0 0.693087 0.306913 
 ----> psTTM 186 0 0.684949 0.315051 
 ----> psTTM 187 0 0.668913 0.331087 
 ----> psTTM 188 1 0.670636 0.329364 
 ----> psTTM 189 1 0.650094 0.349906 
 ----> psTTM 190 0 0.68833 0.31167 
 ----> psTTM 191 0 0.673386 0.326614 
 ----> psTTM 192 1 0.682642 0.317358 
 ----> psTTM 193 0 0.713874 0.286126 
 ----> psTTM 194 0 0.668376 0.331624 
 ----> psTTM 195 0 0.691061 0.308939 
 ----> psTTM 196 1 0.637568 0.362432 
 ----> psTTM 197 0 0.683341 0.316659 
 ----> psTTM 198 0 0.696272 0.303728 
 ----> psTTM 199 0 0.667407 0.332593 
 ----> psTTM 200 0 0.711865 0.288135 
 ----> psTTM 201 0 0.663935 0.336065 
 ----> psTTM 202 0 0.659057 0.340943 
 ----> psTTM 203 1 0.630613 0.369387 
 ----> psTTM 204 1 0.6203 0.3797 
 ----> psTTM 205 0 0.671453 0.328547 
 ----> psTTM 206 1 0.701 0.299 
 ----> psTTM 207 1 0.59081 0.40919 
 ----> psTTM 208 0 0.651608 0.348392 
 ----> psTTM 209 0 0.716658 0.283342 
 ----> psTTM 210 0 0.715589 0.284411 
 ----> psTTM 211 0 0.632639 0.367361 
 ----> psTTM 212 0 0.663424 0.336576 
 ----> psTTM 213 1 0.662179 0.337821 
 ----> psTTM 214 0 0.675085 0.324915 
 ----> psTTM 215 1 0.642441 0.357559 
 ----> psTTM 216 0 0.623536 0.376464 
 ----> psTTM 217 1 0.58481 0.41519 
 ----> psTTM 218 0 0.666239 0.333761 
 ----> psTTM 219 0 0.67243 0.32757 
 ----> psTTM 220 0 0.653172 0.346828 
 ----> psTTM 221 0 0.70407 0.29593 
 ----> psTTM 222 1 0.625238 0.374762 
 ----> psTTM 223 1 0.636282 0.363718 
 ----> psTTM 224 0 0.688608 0.311392 
 ----> psTTM 225 1 0.647745 0.352255 
 ----> psTTM 226 1 0.63601 0.36399 
 ----> psTTM 227 0 0.68665 0.31335 
 ----> psTTM 228 0 0.686786 0.313214 
 ----> psTTM 229 0 0.66816 0.33184 
 ----> psTTM 230 0 0.671974 0.328026 
 ----> psTTM 231 0 0.674823 0.325177 
 ----> psTTM 232 1 0.64084 0.35916 
 ----> psTTM 233 0 0.630623 0.369377 
 ----> psTTM 234 0 0.664444 0.335556 
 ----> psTTM 235 0 0.654989 0.345011 
 ----> psTTM 236 1 0.667045 0.332955 
 ----> psTTM 237 0 0.709167 0.290833 
 ----> psTTM 238 0 0.663088 0.336912 
 ----> psTTM 239 0 0.623835 0.376165 
 ----> psTTM 240 1 0.655576 0.344424 
 ----> psTTM 241 0 0.691227 0.308773 
 ----> psTTM 242 1 0.631054 0.368946 
 ----> psTTM 243 0 0.648457 0.351543 
 ----> psTTM 244 1 0.650553 0.349447 
 ----> psTTM 245 1 0.639551 0.360449 
 ----> psTTM 246 0 0.67522 0.32478 
 ----> psTTM 247 0 0.721368 0.278632 
 ----> psTTM 248 1 0.680043 0.319957 
 ----> psTTM 249 1 0.645222 0.354778 
 ----> psTTM 250 0 0.679877 0.320123 
 ----> psTTM 251 0 0.721732 0.278268 
 ----> psTTM 252 0 0.689585 0.310415 
 ----> psTTM 253 1 0.592719 0.407281 
 ----> psTTM 254 0 0.666401 0.333599 
 ----> psTTM 255 1 0.659471 0.340529 
 ----> psTTM 256 0 0.686384 0.313616 
 ----> psTTM 257 0 0.701851 0.298149 
 ----> psTTM 258 0 0.689156 0.310844 
 ----> psTTM 259 0 0.717659 0.282341 
 ----> psTTM 260 1 0.586183 0.413817 
 ----> psTTM 261 1 0.654863 0.345137 
 ----> psTTM 262 0 0.636627 0.363373 
 ----> psTTM 263 1 0.613784 0.386216 
 ----> psTTM 264 1 0.610164 0.389836 
 ----> psTTM 265 1 0.668675 0.331325 
 ----> psTTM 266 0 0.686777 0.313223 
 ----> psTTM 267 0 0.644494 0.355506 
 ----> psTTM 268 0 0.65007 0.34993 
 ----> psTTM 269 0 0.750088 0.249912 
 ----> psTTM 270 1 0.600297 0.399703 
 ----> psTTM 271 1 0.606425 0.393575 
 ----> psTTM 272 0 0.661669 0.338331 
 ----> psTTM 273 0 0.670854 0.329146 
 ----> psTTM 274 1 0.655866 0.344134 
 ----> psTTM 275 1 0.642665 0.357335 
 ----> psTTM 276 0 0.723093 0.276907 
 ----> psTTM 277 0 0.698251 0.301749 
 ----> psTTM 278 0 0.675671 0.324329 
 ----> psTTM 279 1 0.634093 0.365907 
 ----> psTTM 280 1 0.663547 0.336453 
 ----> psTTM 281 0 0.722488 0.277512 
 ----> psTTM 282 1 0.607836 0.392164 
 ----> psTTM 283 1 0.613405 0.386595 
 ----> psTTM 284 1 0.675251 0.324749 
 ----> psTTM 285 0 0.667957 0.332043 
 ----> psTTM 286 0 0.678439 0.321561 
 ----> psTTM 287 0 0.663766 0.336234 
 ----> psTTM 288 1 0.653511 0.346489 
 ----> psTTM 289 0 0.692495 0.307505 
 ----> psTTM 290 0 0.653244 0.346756 
 ----> psTTM 291 1 0.644812 0.355188 
 ----> psTTM 292 0 0.674404 0.325596 
 ----> psTTM 293 1 0.683283 0.316717 
 ----> psTTM 294 1 0.643658 0.356342 
 ----> psTTM 295 0 0.664831 0.335169 
 ----> psTTM 296 0 0.670837 0.329163 
 ----> psTTM 297 0 0.706814 0.293186 
 ----> psTTM 298 1 0.637271 0.362729 
 ----> psTTM 299 0 0.694704 0.305296 
 ----> psTTM 300 0 0.660041 0.339959 
 ----> psTTM 301 0 0.682668 0.317332 
 ----> psTTM 302 0 0.654128 0.345872 
 ----> psTTM 303 0 0.687329 0.312671 
 ----> psTTM 304 0 0.642316 0.357684 
 ----> psTTM 305 0 0.708409 0.291591 
 ----> psTTM 306 0 0.667445 0.332555 
 ----> psTTM 307 1 0.629629 0.370371 
 ----> psTTM 308 0 0.70997 0.29003 
 ----> psTTM 309 1 0.652401 0.347599 
 ----> psTTM 310 0 0.69479 0.30521 
 ----> psTTM 311 0 0.697633 0.302367 
 ----> psTTM 312 0 0.73016 0.26984 
 ----> psTTM 313 1 0.672764 0.327236 
 ----> psTTM 314 0 0.657457 0.342543 
 ----> psTTM 315 0 0.631724 0.368276 
 ----> psTTM 316 0 0.681855 0.318145 
 ----> psTTM 317 0 0.67907 0.32093 
 ----> psTTM 318 0 0.678168 0.321832 
 ----> psTTM 319 0 0.708119 0.291881 
 ----> psTTM 320 0 0.665312 0.334688 
 ----> psTTM 321 1 0.648473 0.351527 
 ----> psTTM 322 1 0.639459 0.360541 
 ----> psTTM 323 0 0.625833 0.374167 
 ----> psTTM 324 0 0.673975 0.326025 
 ----> psTTM 325 0 0.685459 0.314541 
 ----> psTTM 326 1 0.656631 0.343369 
 ----> psTTM 327 1 0.671703 0.328297 
 ----> psTTM 328 0 0.651082 0.348918 
 ----> psTTM 329 0 0.661572 0.338428 
 ----> psTTM 330 0 0.651009 0.348991 
 ----> psTTM 331 0 0.678206 0.321794 
 ----> psTTM 332 0 0.645682 0.354318 
 ----> psTTM 333 1 0.635341 0.364659 
 ----> psTTM 334 1 0.656728 0.343272 
 ----> psTTM 335 0 0.70874 0.29126 
 ----> psTTM 336 1 0.631591 0.368409 
 ----> psTTM 337 1 0.610949 0.389051 
 ----> psTTM 338 1 0.561702 0.438298 
 ----> psTTM 339 0 0.634446 0.365554 
 ----> psTTM 340 0 0.682611 0.317389 
 ----> psTTM 341 1 0.633828 0.366172 
 ----> psTTM 342 1 0.684864 0.315136 
 ----> psTTM 343 0 0.675501 0.324499 
 ----> psTTM 344 0 0.662531 0.337469 
 ----> psTTM 345 0 0.664232 0.335768 
 ----> psTTM 346 0 0.666078 0.333922 
 ----> psTTM 347 1 0.660433 0.339567 
 ----> psTTM 348 0 0.705004 0.294996 
 ----> psTTM 349 0 0.708535 0.291465 
 ----> psTTM 350 1 0.668895 0.331105 
 ----> psTTM 351 0 0.691367 0.308633 
 ----> psTTM 352 0 0.691042 0.308958 
 ----> psTTM 353 0 0.672068 0.327932 
 ----> psTTM 354 0 0.693749 0.306251 
 ----> psTTM 355 0 0.698384 0.301616 
 ----> psTTM 356 0 0.679117 0.320883 
 ----> psTTM 357 1 0.649128 0.350872 
 ----> psTTM 358 0 0.692642 0.307358 
 ----> psTTM 359 0 0.6375 0.3625 
 ----> psTTM 360 0 0.667843 0.332157 
 ----> psTTM 361 0 0.672212 0.327788 
 ----> psTTM 362 1 0.62836 0.37164 
 ----> psTTM 363 0 0.741402 0.258598 
 ----> psTTM 364 0 0.708517 0.291483 
 ----> psTTM 365 0 0.679166 0.320834 
 ----> psTTM 366 1 0.628274 0.371726 
 ----> psTTM 367 0 0.699593 0.300407 
 ----> psTTM 368 0 0.676638 0.323362 
 ----> psTTM 369 0 0.662361 0.337639 
 ----> psTTM 370 1 0.647873 0.352127 
 ----> psTTM 371 0 0.663687 0.336313 
 ----> psTTM 372 0 0.692343 0.307657 
 ----> psTTM 373 0 0.665325 0.334675 
 ----> psTTM 374 0 0.685701 0.314299 
 ----> psTTM 375 1 0.665742 0.334258 
 ----> psTTM 376 0 0.682789 0.317211 
 ----> psTTM 377 0 0.697571 0.302429 
 ----> psTTM 378 1 0.595513 0.404487 
 ----> psTTM 379 0 0.686354 0.313646 
 ----> psTTM 380 0 0.623603 0.376397 
 ----> psTTM 381 0 0.688344 0.311656 
 ----> psTTM 382 0 0.689712 0.310288 
 ----> psTTM 383 0 0.658942 0.341058 
 ----> psTTM 384 0 0.750302 0.249698 
 ----> psTTM 385 1 0.639852 0.360148 
 ----> psTTM 386 0 0.662822 0.337178 
 ----> psTTM 387 1 0.681609 0.318391 
 ----> psTTM 388 1 0.637876 0.362124 
 ----> psTTM 389 0 0.651008 0.348992 
 ----> psTTM 390 0 0.677694 0.322306 
 ----> psTTM 391 0 0.682759 0.317241 
 ----> psTTM 392 1 0.644581 0.355419 
 ----> psTTM 393 1 0.654144 0.345856 
 ----> psTTM 394 0 0.690879 0.309121 
 ----> psTTM 395 0 0.721617 0.278383 
 ----> psTTM 396 0 0.683736 0.316264 
 ----> psTTM 397 0 0.707819 0.292181 
 ----> psTTM 398 1 0.628369 0.371631 
 ----> psTTM 399 1 0.681442 0.318558 
 ----> psTTM 400 1 0.647404 0.352596 
 ----> psTTM 401 0 0.716743 0.283257 
 ----> psTTM 402 0 0.676956 0.323044 
 ----> psTTM 403 0 0.70286 0.29714 
 ----> psTTM 404 0 0.673387 0.326613 
 ----> psTTM 405 0 0.684121 0.315879 
 ----> psTTM 406 1 0.654818 0.345182 
 ----> psTTM 407 1 0.654638 0.345362 
 ----> psTTM 408 0 0.697527 0.302473 
 ----> psTTM 409 1 0.657943 0.342057 
 ----> psTTM 410 0 0.668311 0.331689 
 ----> psTTM 411 0 0.714409 0.285591 
 ----> psTTM 412 1 0.602307 0.397693 
 ----> psTTM 413 1 0.649356 0.350644 
 ----> psTTM 414 0 0.631517 0.368483 
 ----> psTTM 415 1 0.597081 0.402919 
 ----> psTTM 416 0 0.69073 0.30927 
 ----> psTTM 417 0 0.712999 0.287001 
 ----> psTTM 418 1 0.669993 0.330007 
 ----> psTTM 419 0 0.711317 0.288683 
 ----> psTTM 420 0 0.63408 0.36592 
 ----> psTTM 421 0 0.694705 0.305295 
 ----> psTTM 422 0 0.67966 0.32034 
 ----> psTTM 423 0 0.68468 0.31532 
 ----> psTTM 424 0 0.661113 0.338887 
 ----> psTTM 425 0 0.664742 0.335258 
 ----> psTTM 426 1 0.640258 0.359742 
 ----> psTTM 427 0 0.692131 0.307869 
 ----> psTTM 428 0 0.678677 0.321323 
 ----> psTTM 429 0 0.701923 0.298077 
 ----> psTTM 430 0 0.607699 0.392301 
 ----> psTTM 431 0 0.700527 0.299473 
 ----> psTTM 432 0 0.66141 0.33859 
 ----> psTTM 433 0 0.697435 0.302565 
 ----> psTTM 434 0 0.714422 0.285578 
 ----> psTTM 435 1 0.558316 0.441684 
 ----> psTTM 436 0 0.730041 0.269959 
 ----> psTTM 437 0 0.626199 0.373801 
 ----> psTTM 438 0 0.695743 0.304257 
 ----> psTTM 439 0 0.653651 0.346349 
 ----> psTTM 440 0 0.662511 0.337489 
 ----> psTTM 441 0 0.658838 0.341162 
 ----> psTTM 442 0 0.696909 0.303091 
 ----> psTTM 443 0 0.682102 0.317898 
 ----> psTTM 444 0 0.636338 0.363662 
 ----> psTTM 445 1 0.668744 0.331256 
 ----> psTTM 446 0 0.651618 0.348382 
 ----> psTTM 447 0 0.699395 0.300605 
 ----> psTTM 448 0 0.711336 0.288664 
 ----> psTTM 449 0 0.635011 0.364989 
 ----> psTTM 450 0 0.720228 0.279772 
 ----> psTTM 451 0 0.672192 0.327808 
 ----> psTTM 452 0 0.680867 0.319133 
 ----> psTTM 453 0 0.656387 0.343613 
 ----> psTTM 454 1 0.630317 0.369683 
 ----> psTTM 455 0 0.663708 0.336292 
 ----> psTTM 456 0 0.66479 0.33521 
 ----> psTTM 457 0 0.71401 0.28599 
 ----> psTTM 458 1 0.650447 0.349553 
 ----> psTTM 459 0 0.666844 0.333156 
 ----> psTTM 460 0 0.681711 0.318289 
 ----> psTTM 461 1 0.63497 0.36503 
 ----> psTTM 462 0 0.725546 0.274454 
 ----> psTTM 463 0 0.680976 0.319024 
 ----> psTTM 464 0 0.672503 0.327497 
 ----> psTTM 465 0 0.683402 0.316598 
 ----> psTTM 466 0 0.625942 0.374058 
 ----> psTTM 467 1 0.633815 0.366185 
 ----> psTTM 468 0 0.677563 0.322437 
 ----> psTTM 469 0 0.661257 0.338743 
 ----> psTTM 470 1 0.64359 0.35641 
 ----> psTTM 471 1 0.65017 0.34983 
 ----> psTTM 472 0 0.678385 0.321615 
 ----> psTTM 473 1 0.65409 0.34591 
 ----> psTTM 474 0 0.69323 0.30677 
 ----> psTTM 475 0 0.684813 0.315187 
 ----> psTTM 476 0 0.650813 0.349187 
 ----> psTTM 477 1 0.65034 0.34966 
 ----> psTTM 478 0 0.711983 0.288017 
 ----> psTTM 479 1 0.660737 0.339263 
 ----> psTTM 480 0 0.669355 0.330645 
 ----> psTTM 481 0 0.682736 0.317264 
 ----> psTTM 482 0 0.69069 0.30931 
 ----> psTTM 483 1 0.552716 0.447284 
 ----> psTTM 484 0 0.695282 0.304718 
 ----> psTTM 485 0 0.667739 0.332261 
 ----> psTTM 486 0 0.64408 0.35592 
 ----> psTTM 487 0 0.669997 0.330003 
 ----> psTTM 488 1 0.624787 0.375213 
 ----> psTTM 489 1 0.682695 0.317305 
 ----> psTTM 490 0 0.664742 0.335258 
 ----> psTTM 491 1 0.652132 0.347868 
 ----> psTTM 492 0 0.669028 0.330972 
 ----> psTTM 493 0 0.669619 0.330381 
 ----> psTTM 494 0 0.736829 0.263171 
 ----> psTTM 495 1 0.63425 0.36575 
 ----> psTTM 496 0 0.699118 0.300882 
 ----> psTTM 497 0 0.68639 0.31361 
 ----> psTTM 498 0 0.708367 0.291633 
 ----> psTTM 499 1 0.628737 0.371263 
 ----> psTTM 500 1 0.626835 0.373165 
 ----> psTTM 501 0 0.683973 0.316027 
 ----> psTTM 502 0 0.698713 0.301287 
 ----> psTTM 503 0 0.635565 0.364435 
 ----> psTTM 504 0 0.681911 0.318089 
 ----> psTTM 505 0 0.693719 0.306281 
 ----> psTTM 506 0 0.693586 0.306414 
 ----> psTTM 507 0 0.682923 0.317077 
 ----> psTTM 508 1 0.625268 0.374732 
 ----> psTTM 509 1 0.6585 0.3415 
 ----> psTTM 510 0 0.649803 0.350197 
 ----> psTTM 511 0 0.681186 0.318814 
 ----> psTTM 512 0 0.652409 0.347591 
 ----> psTTM 513 0 0.663487 0.336513 
 ----> psTTM 514 1 0.606368 0.393632 
 ----> psTTM 515 0 0.673074 0.326926 
 ----> psTTM 516 0 0.694119 0.305881 
 ----> psTTM 517 1 0.645886 0.354114 
 ----> psTTM 518 0 0.688848 0.311152 
 ----> psTTM 519 0 0.687339 0.312661 
 ----> psTTM 520 1 0.675322 0.324678 
 ----> psTTM 521 1 0.649171 0.350829 
 ----> psTTM 522 0 0.727118 0.272882 
 ----> psTTM 523 1 0.615288 0.384712 
 ----> psTTM 524 0 0.683149 0.316851 
 ----> psTTM 525 0 0.715677 0.284323 
 ----> psTTM 526 0 0.665096 0.334904 
 ----> psTTM 527 0 0.650529 0.349471 
 ----> psTTM 528 0 0.668402 0.331598 
 ----> psTTM 529 1 0.610957 0.389043 
 ----> psTTM 530 0 0.666607 0.333393 
 ----> psTTM 531 1 0.633124 0.366876 
 ----> psTTM 532 0 0.658206 0.341794 
 ----> psTTM 533 0 0.665098 0.334902 
 ----> psTTM 534 0 0.688144 0.311856 
 ----> psTTM 535 1 0.622677 0.377323 
 ----> psTTM 536 0 0.688745 0.311255 
 ----> psTTM 537 0 0.707397 0.292603 
 ----> psTTM 538 0 0.760632 0.239368 
 ----> psTTM 539 1 0.627265 0.372735 
 ----> psTTM 540 0 0.69682 0.30318 
 ----> psTTM 541 1 0.634284 0.365716 
 ----> psTTM 542 0 0.682879 0.317121 
 ----> psTTM 543 1 0.670664 0.329336 
 ----> psTTM 544 0 0.666896 0.333104 
 ----> psTTM 545 1 0.676848 0.323152 
 ----> psTTM 546 0 0.625858 0.374142 
 ----> psTTM 547 0 0.648105 0.351895 
 ----> psTTM 548 1 0.690635 0.309365 
 ----> psTTM 549 0 0.6338 0.3662 
 ----> psTTM 550 0 0.699383 0.300617 
 ----> psTTM 551 0 0.658883 0.341117 
 ----> psTTM 552 1 0.63659 0.36341 
 ----> psTTM 553 1 0.662093 0.337907 
 ----> psTTM 554 1 0.677566 0.322434 
 ----> psTTM 555 1 0.605153 0.394847 
 ----> psTTM 556 0 0.743474 0.256526 
 ----> psTTM 557 0 0.648548 0.351452 
 ----> psTTM 558 0 0.678514 0.321486 
 ----> psTTM 559 0 0.692491 0.307509 
 ----> psTTM 560 0 0.70061 0.29939 
 ----> psTTM 561 1 0.672813 0.327187 
 ----> psTTM 562 0 0.649772 0.350228 
 ----> psTTM 563 0 0.67916 0.32084 
 ----> psTTM 564 0 0.680582 0.319418 
 ----> psTTM 565 0 0.690836 0.309164 
 ----> psTTM 566 0 0.671316 0.328684 
 ----> psTTM 567 0 0.698351 0.301649 
 ----> psTTM 568 0 0.681904 0.318096 
 ----> psTTM 569 1 0.627021 0.372979 
 ----> psTTM 570 0 0.65668 0.34332 
 ----> psTTM 571 1 0.622266 0.377734 
 ----> psTTM 572 0 0.694899 0.305101 
 ----> psTTM 573 0 0.660282 0.339718 
 ----> psTTM 574 0 0.672826 0.327174 
 ----> psTTM 575 1 0.645826 0.354174 
 ----> psTTM 576 0 0.677724 0.322276 
 ----> psTTM 577 1 0.642545 0.357455 
 ----> psTTM 578 0 0.67258 0.32742 
 ----> psTTM 579 0 0.689173 0.310827 
 ----> psTTM 580 1 0.633151 0.366849 
 ----> psTTM 581 0 0.680967 0.319033 
 ----> psTTM 582 0 0.700142 0.299858 
 ----> psTTM 583 1 0.603556 0.396444 
 ----> psTTM 584 0 0.709354 0.290646 
 ----> psTTM 585 0 0.636528 0.363472 
 ----> psTTM 586 0 0.69361 0.30639 
 ----> psTTM 587 0 0.658044 0.341956 
 ----> psTTM 588 0 0.650816 0.349184 
 ----> psTTM 589 1 0.621368 0.378632 
 ----> psTTM 590 0 0.673802 0.326198 
 ----> psTTM 591 1 0.684158 0.315842 
 ----> psTTM 592 1 0.602826 0.397174 
 ----> psTTM 593 0 0.653771 0.346229 
 ----> psTTM 594 0 0.727017 0.272983 
 ----> psTTM 595 0 0.735179 0.264821 
 ----> psTTM 596 0 0.65207 0.34793 
 ----> psTTM 597 0 0.663663 0.336337 
 ----> psTTM 598 0 0.693052 0.306948 
 ----> psTTM 599 0 0.648592 0.351408 
 ----> psTTM 600 0 0.676129 0.323871 
 ----> psTTM 601 0 0.701967 0.298033 
 ----> psTTM 602 1 0.624235 0.375765 
 ----> psTTM 603 0 0.696481 0.303519 
 ----> psTTM 604 0 0.636643 0.363357 
 ----> psTTM 605 0 0.667793 0.332207 
 ----> psTTM 606 0 0.689525 0.310475 
 ----> psTTM 607 1 0.654495 0.345505 
 ----> psTTM 608 0 0.651738 0.348262 
 ----> psTTM 609 0 0.701713 0.298287 
 ----> psTTM 610 0 0.677726 0.322274 
 ----> psTTM 611 0 0.690159 0.309841 
 ----> psTTM 612 0 0.749726 0.250274 
 ----> psTTM 613 0 0.765387 0.234613 
 ----> psTTM 614 0 0.674118 0.325882 
 ----> psTTM 615 0 0.662121 0.337879 
 ----> psTTM 616 0 0.670471 0.329529 
 ----> psTTM 617 0 0.641043 0.358957 
 ----> psTTM 618 0 0.659658 0.340342 
 ----> psTTM 619 1 0.639696 0.360304 
 ----> psTTM 620 0 0.710901 0.289099 
 ----> psTTM 621 0 0.68396 0.31604 
 ----> psTTM 622 0 0.670416 0.329584 
 ----> psTTM 623 1 0.599105 0.400895 
 ----> psTTM 624 0 0.668977 0.331023 
 ----> psTTM 625 0 0.696251 0.303749 
 ----> psTTM 626 0 0.646514 0.353486 
 ----> psTTM 627 0 0.662654 0.337346 
 ----> psTTM 628 1 0.654125 0.345875 
 ----> psTTM 629 0 0.672372 0.327628 
 ----> psTTM 630 0 0.636724 0.363276 
 ----> psTTM 631 1 0.658339 0.341661 
 ----> psTTM 632 1 0.665997 0.334003 
 ----> psTTM 633 0 0.675185 0.324815 
 ----> psTTM 634 1 0.628929 0.371071 
 ----> psTTM 635 0 0.722335 0.277665 
 ----> psTTM 636 1 0.595125 0.404875 
 ----> psTTM 637 0 0.66846 0.33154 
 ----> psTTM 638 0 0.633466 0.366534 
 ----> psTTM 639 1 0.687983 0.312017 
 ----> psTTM 640 0 0.650277 0.349723 
 ----> psTTM 641 0 0.676368 0.323632 
 ----> psTTM 642 0 0.657635 0.342365 
 ----> psTTM 643 0 0.647313 0.352687 
 ----> psTTM 644 0 0.689187 0.310813 
 ----> psTTM 645 0 0.719502 0.280498 
 ----> psTTM 646 1 0.60926 0.39074 
 ----> psTTM 647 0 0.677381 0.322619 
 ----> psTTM 648 0 0.702413 0.297587 
 ----> psTTM 649 0 0.677416 0.322584 
 ----> psTTM 650 0 0.674817 0.325183 
 ----> psTTM 651 1 0.674847 0.325153 
 ----> psTTM 652 0 0.627533 0.372467 
 ----> psTTM 653 1 0.653704 0.346296 
 ----> psTTM 654 0 0.692496 0.307504 
 ----> psTTM 655 0 0.679991 0.320009 
 ----> psTTM 656 0 0.688543 0.311457 
 ----> psTTM 657 0 0.648308 0.351692 
 ----> psTTM 658 0 0.653126 0.346874 
 ----> psTTM 659 0 0.712665 0.287335 
 ----> psTTM 660 0 0.688653 0.311347 
 ----> psTTM 661 0 0.699085 0.300915 
 ----> psTTM 662 0 0.703505 0.296495 
 ----> psTTM 663 1 0.547646 0.452354 
 ----> psTTM 664 1 0.634253 0.365747 
 ----> psTTM 665 0 0.64151 0.35849 
 ----> psTTM 666 0 0.707155 0.292845 
 ----> psTTM 667 0 0.680374 0.319626 
 ----> psTTM 668 0 0.700008 0.299992 
 ----> psTTM 669 0 0.700108 0.299892 
 ----> psTTM 670 0 0.678122 0.321878 
 ----> psTTM 671 0 0.718796 0.281204 
 ----> psTTM 672 0 0.657172 0.342828 
 ----> psTTM 673 0 0.688561 0.311439 
 ----> psTTM 674 1 0.614807 0.385193 
 ----> psTTM 675 1 0.678921 0.321079 
 ----> psTTM 676 0 0.678093 0.321907 
 ----> psTTM 677 1 0.663005 0.336995 
 ----> psTTM 678 1 0.67412 0.32588 
 ----> psTTM 679 0 0.673049 0.326951 
 ----> psTTM 680 1 0.640695 0.359305 
 ----> psTTM 681 0 0.658992 0.341008 
 ----> psTTM 682 0 0.673251 0.326749 
 ----> psTTM 683 0 0.734011 0.265989 
 ----> psTTM 684 0 0.659708 0.340292 
 ----> psTTM 685 0 0.721625 0.278375 
 ----> psTTM 686 0 0.669116 0.330884 
 ----> psTTM 687 0 0.74753 0.25247 
 ----> psTTM 688 0 0.710756 0.289244 
 ----> psTTM 689 0 0.692883 0.307117 
 ----> psTTM 690 1 0.633247 0.366753 
 ----> psTTM 691 0 0.691709 0.308291 
 ----> psTTM 692 0 0.654452 0.345548 
 ----> psTTM 693 1 0.62854 0.37146 
 ----> psTTM 694 0 0.682259 0.317741 
 ----> psTTM 695 0 0.684918 0.315082 
 ----> psTTM 696 0 0.67855 0.32145 
 ----> psTTM 697 0 0.702361 0.297639 
 ----> psTTM 698 1 0.615968 0.384032 
 ----> psTTM 699 0 0.665305 0.334695 
 ----> psTTM 700 1 0.627898 0.372102 
 ----> psTTM 701 0 0.688951 0.311049 
 ----> psTTM 702 0 0.670679 0.329321 
 ----> psTTM 703 0 0.664258 0.335742 
 ----> psTTM 704 0 0.66426 0.33574 
 ----> psTTM 705 0 0.696898 0.303102 
 ----> psTTM 706 0 0.699087 0.300913 
 ----> psTTM 707 0 0.65482 0.34518 
 ----> psTTM 708 0 0.663664 0.336336 
 ----> psTTM 709 0 0.706748 0.293252 
 ----> psTTM 710 0 0.672824 0.327176 
 ----> psTTM 711 0 0.67095 0.32905 
 ----> psTTM 712 0 0.691029 0.308971 
 ----> psTTM 713 1 0.620752 0.379248 
 ----> psTTM 714 1 0.663174 0.336826 
 ----> psTTM 715 1 0.667462 0.332538 
 ----> psTTM 716 1 0.652003 0.347997 
 ----> psTTM 717 0 0.68067 0.31933 
 ----> psTTM 718 0 0.657498 0.342502 
