 ----> psTTM 1 1 0 0 
 ----> psTTM 2 0 0 0 
 ----> psTTM 3 1 0.655638 0.344362 
 ----> psTTM 4 1 0.675874 0.324126 
 ----> psTTM 5 1 0.640466 0.359534 
 ----> psTTM 6 1 0.658498 0.341502 
 ----> psTTM 7 0 0.653874 0.346126 
 ----> psTTM 8 0 0.680982 0.319018 
 ----> psTTM 9 0 0.648205 0.351795 
 ----> psTTM 10 1 0.667896 0.332104 
 ----> psTTM 11 1 0.639281 0.360719 
 ----> psTTM 12 0 0.639739 0.360261 
 ----> psTTM 13 0 0.635111 0.364889 
 ----> psTTM 14 1 0.637833 0.362167 
 ----> psTTM 15 1 0.627858 0.372142 
 ----> psTTM 16 1 0.659162 0.340838 
 ----> psTTM 17 1 0.659664 0.340336 
 ----> psTTM 18 0 0.654176 0.345824 
 ----> psTTM 19 0 0.635895 0.364105 
 ----> psTTM 20 0 0.605153 0.394847 
 ----> psTTM 21 1 0.641621 0.358379 
 ----> psTTM 22 0 0.678979 0.321021 
 ----> psTTM 23 0 0.621766 0.378234 
 ----> psTTM 24 0 0.64662 0.35338 
 ----> psTTM 25 0 0.610146 0.389854 
 ----> psTTM 26 1 0.632996 0.367004 
 ----> psTTM 27 1 0.655203 0.344797 
 ----> psTTM 28 1 0.669815 0.330185 
 ----> psTTM 29 0 0.652181 0.347819 
 ----> psTTM 30 0 0.654524 0.345476 
 ----> psTTM 31 0 0.617749 0.382251 
 ----> psTTM 32 0 0.691602 0.308398 
 ----> psTTM 33 0 0.633189 0.366811 
 ----> psTTM 34 0 0.664082 0.335918 
 ----> psTTM 35 1 0.634634 0.365366 
 ----> psTTM 36 0 0.675699 0.324301 
 ----> psTTM 37 0 0.649662 0.350338 
 ----> psTTM 38 0 0.677375 0.322625 
 ----> psTTM 39 0 0.660379 0.339621 
 ----> psTTM 40 1 0.638427 0.361573 
 ----> psTTM 41 1 0.625435 0.374565 
 ----> psTTM 42 1 0.549747 0.450253 
 ----> psTTM 43 0 0.656012 0.343988 
 ----> psTTM 44 1 0.634849 0.365151 
 ----> psTTM 45 1 0.643135 0.356865 
 ----> psTTM 46 0 0.679215 0.320785 
 ----> psTTM 47 1 0.621351 0.378649 
 ----> psTTM 48 1 0.622824 0.377176 
 ----> psTTM 49 1 0.613861 0.386139 
 ----> psTTM 50 1 0.643246 0.356754 
 ----> psTTM 51 0 0.680935 0.319065 
 ----> psTTM 52 1 0.620964 0.379036 
 ----> psTTM 53 0 0.651715 0.348285 
 ----> psTTM 54 0 0.628099 0.371901 
 ----> psTTM 55 0 0.663166 0.336834 
 ----> psTTM 56 1 0.578575 0.421425 
 ----> psTTM 57 1 0.587916 0.412084 
 ----> psTTM 58 0 0.63703 0.36297 
 ----> psTTM 59 1 0.628478 0.371522 
 ----> psTTM 60 0 0.66581 0.33419 
 ----> psTTM 61 0 0.673175 0.326825 
 ----> psTTM 62 0 0.681166 0.318834 
 ----> psTTM 63 1 0.650212 0.349788 
 ----> psTTM 64 1 0.578355 0.421645 
 ----> psTTM 65 0 0.667035 0.332965 
 ----> psTTM 66 0 0.714628 0.285372 
 ----> psTTM 67 1 0.628331 0.371669 
 ----> psTTM 68 1 0.637241 0.362759 
 ----> psTTM 69 0 0.653147 0.346853 
 ----> psTTM 70 0 0.666979 0.333021 
 ----> psTTM 71 1 0.667123 0.332877 
 ----> psTTM 72 1 0.656568 0.343432 
 ----> psTTM 73 0 0.668041 0.331959 
 ----> psTTM 74 0 0.668697 0.331303 
 ----> psTTM 75 0 0.674428 0.325572 
 ----> psTTM 76 1 0.62604 0.37396 
 ----> psTTM 77 0 0.678081 0.321919 
 ----> psTTM 78 1 0.608164 0.391836 
 ----> psTTM 79 0 0.672605 0.327395 
 ----> psTTM 80 1 0.671469 0.328531 
 ----> psTTM 81 1 0.643568 0.356432 
 ----> psTTM 82 1 0.602464 0.397536 
 ----> psTTM 83 1 0.667042 0.332958 
 ----> psTTM 84 1 0.6756 0.3244 
 ----> psTTM 85 0 0.672533 0.327467 
 ----> psTTM 86 0 0.66701 0.33299 
 ----> psTTM 87 1 0.655656 0.344344 
 ----> psTTM 88 1 0.610404 0.389596 
 ----> psTTM 89 1 0.60066 0.39934 
 ----> psTTM 90 1 0.590538 0.409462 
 ----> psTTM 91 1 0.61785 0.38215 
 ----> psTTM 92 0 0.664473 0.335527 
 ----> psTTM 93 0 0.691586 0.308414 
 ----> psTTM 94 1 0.627984 0.372016 
 ----> psTTM 95 0 0.675536 0.324464 
 ----> psTTM 96 0 0.634543 0.365457 
 ----> psTTM 97 1 0.652528 0.347472 
 ----> psTTM 98 1 0.576147 0.423853 
 ----> psTTM 99 1 0.609626 0.390374 
 ----> psTTM 100 0 0.704557 0.295443 
 ----> psTTM 101 1 0.604748 0.395252 
 ----> psTTM 102 0 0.644534 0.355466 
 ----> psTTM 103 0 0.648651 0.351349 
 ----> psTTM 104 0 0.706152 0.293848 
 ----> psTTM 105 1 0.602013 0.397987 
 ----> psTTM 106 0 0.609384 0.390616 
 ----> psTTM 107 0 0.658467 0.341533 
 ----> psTTM 108 0 0.674133 0.325867 
 ----> psTTM 109 0 0.670768 0.329232 
 ----> psTTM 110 1 0.647121 0.352879 
 ----> psTTM 111 0 0.676071 0.323929 
 ----> psTTM 112 0 0.665876 0.334124 
 ----> psTTM 113 1 0.558203 0.441797 
 ----> psTTM 114 1 0.620079 0.379921 
 ----> psTTM 115 0 0.690599 0.309401 
 ----> psTTM 116 0 0.664946 0.335054 
 ----> psTTM 117 1 0.666701 0.333299 
 ----> psTTM 118 1 0.619205 0.380795 
 ----> psTTM 119 1 0.616249 0.383751 
 ----> psTTM 120 0 0.671718 0.328282 
 ----> psTTM 121 0 0.653565 0.346435 
 ----> psTTM 122 1 0.635258 0.364742 
 ----> psTTM 123 1 0.696843 0.303157 
 ----> psTTM 124 0 0.706633 0.293367 
 ----> psTTM 125 1 0.589881 0.410119 
 ----> psTTM 126 0 0.649922 0.350078 
 ----> psTTM 127 0 0.656173 0.343827 
 ----> psTTM 128 0 0.616636 0.383364 
 ----> psTTM 129 1 0.631915 0.368085 
 ----> psTTM 130 0 0.647895 0.352105 
 ----> psTTM 131 0 0.620799 0.379201 
 ----> psTTM 132 0 0.620935 0.379065 
 ----> psTTM 133 1 0.594544 0.405456 
 ----> psTTM 134 1 0.644727 0.355273 
 ----> psTTM 135 1 0.680485 0.319515 
 ----> psTTM 136 0 0.686557 0.313443 
 ----> psTTM 137 1 0.613109 0.386891 
 ----> psTTM 138 0 0.669391 0.330609 
 ----> psTTM 139 0 0.68464 0.31536 
 ----> psTTM 140 1 0.648593 0.351407 
 ----> psTTM 141 0 0.618703 0.381297 
 ----> psTTM 142 1 0.638417 0.361583 
 ----> psTTM 143 0 0.679551 0.320449 
 ----> psTTM 144 1 0.683446 0.316554 
 ----> psTTM 145 0 0.663523 0.336477 
 ----> psTTM 146 0 0.685159 0.314841 
 ----> psTTM 147 0 0.687191 0.312809 
 ----> psTTM 148 0 0.654601 0.345399 
 ----> psTTM 149 1 0.563939 0.436061 
 ----> psTTM 150 1 0.61903 0.38097 
 ----> psTTM 151 1 0.551687 0.448313 
 ----> psTTM 152 0 0.648127 0.351873 
 ----> psTTM 153 0 0.703672 0.296328 
 ----> psTTM 154 0 0.684696 0.315304 
 ----> psTTM 155 1 0.635394 0.364606 
 ----> psTTM 156 1 0.634339 0.365661 
 ----> psTTM 157 1 0.597547 0.402453 
 ----> psTTM 158 0 0.697236 0.302764 
 ----> psTTM 159 1 0.624482 0.375518 
 ----> psTTM 160 0 0.65791 0.34209 
 ----> psTTM 161 0 0.70976 0.29024 
 ----> psTTM 162 1 0.57926 0.42074 
 ----> psTTM 163 1 0.590569 0.409431 
 ----> psTTM 164 1 0.656422 0.343578 
 ----> psTTM 165 1 0.625146 0.374854 
 ----> psTTM 166 0 0.684019 0.315981 
 ----> psTTM 167 1 0.670495 0.329505 
 ----> psTTM 168 0 0.664247 0.335753 
 ----> psTTM 169 0 0.65759 0.34241 
 ----> psTTM 170 1 0.615922 0.384078 
 ----> psTTM 171 1 0.539906 0.460094 
 ----> psTTM 172 0 0.648214 0.351786 
 ----> psTTM 173 1 0.602592 0.397408 
 ----> psTTM 174 0 0.637113 0.362887 
 ----> psTTM 175 1 0.623014 0.376986 
 ----> psTTM 176 0 0.67301 0.32699 
 ----> psTTM 177 0 0.671056 0.328944 
 ----> psTTM 178 1 0.667518 0.332482 
 ----> psTTM 179 0 0.600372 0.399628 
 ----> psTTM 180 0 0.649028 0.350972 
 ----> psTTM 181 0 0.663557 0.336443 
 ----> psTTM 182 0 0.682333 0.317667 
 ----> psTTM 183 1 0.637435 0.362565 
 ----> psTTM 184 1 0.582005 0.417995 
 ----> psTTM 185 0 0.669688 0.330312 
 ----> psTTM 186 0 0.689705 0.310295 
 ----> psTTM 187 0 0.687428 0.312572 
 ----> psTTM 188 1 0.66324 0.33676 
 ----> psTTM 189 1 0.666724 0.333276 
 ----> psTTM 190 0 0.656555 0.343445 
 ----> psTTM 191 0 0.690459 0.309541 
 ----> psTTM 192 1 0.606368 0.393632 
 ----> psTTM 193 0 0.650168 0.349832 
 ----> psTTM 194 0 0.691658 0.308342 
 ----> psTTM 195 0 0.642309 0.357691 
 ----> psTTM 196 1 0.632125 0.367875 
 ----> psTTM 197 0 0.67269 0.32731 
 ----> psTTM 198 0 0.652059 0.347941 
 ----> psTTM 199 0 0.643286 0.356714 
 ----> psTTM 200 0 0.688803 0.311197 
 ----> psTTM 201 0 0.637413 0.362587 
 ----> psTTM 202 0 0.699191 0.300809 
 ----> psTTM 203 1 0.623967 0.376033 
 ----> psTTM 204 1 0.632854 0.367146 
 ----> psTTM 205 0 0.655656 0.344344 
 ----> psTTM 206 1 0.648413 0.351587 
 ----> psTTM 207 1 0.688335 0.311665 
 ----> psTTM 208 0 0.684302 0.315698 
 ----> psTTM 209 0 0.686487 0.313513 
 ----> psTTM 210 0 0.691556 0.308444 
 ----> psTTM 211 0 0.640074 0.359926 
 ----> psTTM 212 0 0.65915 0.34085 
 ----> psTTM 213 1 0.68717 0.31283 
 ----> psTTM 214 0 0.667833 0.332167 
 ----> psTTM 215 1 0.667108 0.332892 
 ----> psTTM 216 0 0.68298 0.31702 
 ----> psTTM 217 1 0.594986 0.405014 
 ----> psTTM 218 0 0.65591 0.34409 
 ----> psTTM 219 0 0.621776 0.378224 
 ----> psTTM 220 0 0.713513 0.286487 
 ----> psTTM 221 0 0.711842 0.288158 
 ----> psTTM 222 1 0.626038 0.373962 
 ----> psTTM 223 1 0.666426 0.333574 
 ----> psTTM 224 0 0.685148 0.314852 
 ----> psTTM 225 1 0.649205 0.350795 
 ----> psTTM 226 1 0.682877 0.317123 
 ----> psTTM 227 0 0.634862 0.365138 
 ----> psTTM 228 0 0.65776 0.34224 
 ----> psTTM 229 0 0.677602 0.322398 
 ----> psTTM 230 0 0.65687 0.34313 
 ----> psTTM 231 0 0.611742 0.388258 
 ----> psTTM 232 1 0.61478 0.38522 
 ----> psTTM 233 0 0.747744 0.252256 
 ----> psTTM 234 0 0.644962 0.355038 
 ----> psTTM 235 0 0.713335 0.286665 
 ----> psTTM 236 1 0.622191 0.377809 
 ----> psTTM 237 0 0.678103 0.321897 
 ----> psTTM 238 0 0.699659 0.300341 
 ----> psTTM 239 0 0.700938 0.299062 
 ----> psTTM 240 1 0.652307 0.347693 
 ----> psTTM 241 0 0.663953 0.336047 
 ----> psTTM 242 1 0.655857 0.344143 
 ----> psTTM 243 0 0.684629 0.315371 
 ----> psTTM 244 1 0.649364 0.350636 
 ----> psTTM 245 1 0.623516 0.376484 
 ----> psTTM 246 0 0.657522 0.342478 
 ----> psTTM 247 0 0.672361 0.327639 
 ----> psTTM 248 1 0.611485 0.388515 
 ----> psTTM 249 1 0.636995 0.363005 
 ----> psTTM 250 0 0.649903 0.350097 
 ----> psTTM 251 0 0.683505 0.316495 
 ----> psTTM 252 0 0.706219 0.293781 
 ----> psTTM 253 1 0.660329 0.339671 
 ----> psTTM 254 0 0.698429 0.301571 
 ----> psTTM 255 1 0.547293 0.452707 
 ----> psTTM 256 0 0.695228 0.304772 
 ----> psTTM 257 0 0.670985 0.329015 
 ----> psTTM 258 0 0.67673 0.32327 
 ----> psTTM 259 0 0.671908 0.328092 
 ----> psTTM 260 1 0.694575 0.305425 
 ----> psTTM 261 1 0.661079 0.338921 
 ----> psTTM 262 0 0.662524 0.337476 
 ----> psTTM 263 1 0.609733 0.390267 
 ----> psTTM 264 1 0.6752 0.3248 
 ----> psTTM 265 1 0.666379 0.333621 
 ----> psTTM 266 0 0.670347 0.329653 
 ----> psTTM 267 0 0.684246 0.315754 
 ----> psTTM 268 0 0.642629 0.357371 
 ----> psTTM 269 0 0.667969 0.332031 
 ----> psTTM 270 1 0.65608 0.34392 
 ----> psTTM 271 1 0.629547 0.370453 
 ----> psTTM 272 0 0.673379 0.326621 
 ----> psTTM 273 0 0.691599 0.308401 
 ----> psTTM 274 1 0.635908 0.364092 
 ----> psTTM 275 1 0.629799 0.370201 
 ----> psTTM 276 0 0.682962 0.317038 
 ----> psTTM 277 0 0.701616 0.298384 
 ----> psTTM 278 0 0.676617 0.323383 
 ----> psTTM 279 1 0.593213 0.406787 
 ----> psTTM 280 1 0.584772 0.415228 
 ----> psTTM 281 0 0.718078 0.281922 
 ----> psTTM 282 1 0.549404 0.450596 
 ----> psTTM 283 1 0.616057 0.383943 
 ----> psTTM 284 1 0.606648 0.393352 
 ----> psTTM 285 0 0.704008 0.295992 
 ----> psTTM 286 0 0.648422 0.351578 
 ----> psTTM 287 0 0.672898 0.327102 
 ----> psTTM 288 1 0.651242 0.348758 
 ----> psTTM 289 0 0.6282 0.3718 
 ----> psTTM 290 0 0.6611 0.3389 
 ----> psTTM 291 1 0.617125 0.382875 
 ----> psTTM 292 0 0.724642 0.275358 
 ----> psTTM 293 1 0.649253 0.350747 
 ----> psTTM 294 1 0.652391 0.347609 
 ----> psTTM 295 0 0.664832 0.335168 
 ----> psTTM 296 0 0.663388 0.336612 
 ----> psTTM 297 0 0.658081 0.341919 
 ----> psTTM 298 1 0.644157 0.355843 
 ----> psTTM 299 0 0.653424 0.346576 
 ----> psTTM 300 0 0.677241 0.322759 
 ----> psTTM 301 0 0.684424 0.315576 
 ----> psTTM 302 0 0.661693 0.338307 
 ----> psTTM 303 0 0.655305 0.344695 
 ----> psTTM 304 0 0.676932 0.323068 
 ----> psTTM 305 0 0.659489 0.340511 
 ----> psTTM 306 0 0.633195 0.366805 
 ----> psTTM 307 1 0.639391 0.360609 
 ----> psTTM 308 0 0.63394 0.36606 
 ----> psTTM 309 1 0.685517 0.314483 
 ----> psTTM 310 0 0.691138 0.308862 
 ----> psTTM 311 0 0.676201 0.323799 
 ----> psTTM 312 0 0.658721 0.341279 
 ----> psTTM 313 1 0.642831 0.357169 
 ----> psTTM 314 0 0.707732 0.292268 
 ----> psTTM 315 0 0.695147 0.304853 
 ----> psTTM 316 0 0.689819 0.310181 
 ----> psTTM 317 0 0.695062 0.304938 
 ----> psTTM 318 0 0.686534 0.313466 
 ----> psTTM 319 0 0.672978 0.327022 
 ----> psTTM 320 0 0.676031 0.323969 
 ----> psTTM 321 1 0.60641 0.39359 
 ----> psTTM 322 1 0.621571 0.378429 
 ----> psTTM 323 0 0.690342 0.309658 
 ----> psTTM 324 0 0.664375 0.335625 
 ----> psTTM 325 0 0.692113 0.307887 
 ----> psTTM 326 1 0.666176 0.333824 
 ----> psTTM 327 1 0.6755 0.3245 
 ----> psTTM 328 0 0.681667 0.318333 
 ----> psTTM 329 0 0.65959 0.34041 
 ----> psTTM 330 0 0.691867 0.308133 
 ----> psTTM 331 0 0.711434 0.288566 
 ----> psTTM 332 0 0.655295 0.344705 
 ----> psTTM 333 1 0.674284 0.325716 
 ----> psTTM 334 1 0.650623 0.349377 
 ----> psTTM 335 0 0.654014 0.345986 
 ----> psTTM 336 1 0.628634 0.371366 
 ----> psTTM 337 1 0.655046 0.344954 
 ----> psTTM 338 1 0.660004 0.339996 
 ----> psTTM 339 0 0.680436 0.319564 
 ----> psTTM 340 0 0.650335 0.349665 
 ----> psTTM 341 1 0.599342 0.400658 
 ----> psTTM 342 1 0.668404 0.331596 
 ----> psTTM 343 0 0.699526 0.300474 
 ----> psTTM 344 0 0.662941 0.337059 
 ----> psTTM 345 0 0.686985 0.313015 
 ----> psTTM 346 0 0.704809 0.295191 
 ----> psTTM 347 1 0.632849 0.367151 
 ----> psTTM 348 0 0.654131 0.345869 
 ----> psTTM 349 0 0.682202 0.317798 
 ----> psTTM 350 1 0.694242 0.305758 
 ----> psTTM 351 0 0.697154 0.302846 
 ----> psTTM 352 0 0.640758 0.359242 
 ----> psTTM 353 0 0.662282 0.337718 
 ----> psTTM 354 0 0.698898 0.301102 
 ----> psTTM 355 0 0.671211 0.328789 
 ----> psTTM 356 0 0.646501 0.353499 
 ----> psTTM 357 1 0.674011 0.325989 
 ----> psTTM 358 0 0.719559 0.280441 
 ----> psTTM 359 0 0.680239 0.319761 
 ----> psTTM 360 0 0.673627 0.326373 
 ----> psTTM 361 0 0.691597 0.308403 
 ----> psTTM 362 1 0.674506 0.325494 
 ----> psTTM 363 0 0.693028 0.306972 
 ----> psTTM 364 0 0.694518 0.305482 
 ----> psTTM 365 0 0.67057 0.32943 
 ----> psTTM 366 1 0.65333 0.34667 
 ----> psTTM 367 0 0.699554 0.300446 
 ----> psTTM 368 0 0.722826 0.277174 
 ----> psTTM 369 0 0.653725 0.346275 
 ----> psTTM 370 1 0.627894 0.372106 
 ----> psTTM 371 0 0.729233 0.270767 
 ----> psTTM 372 0 0.713786 0.286214 
 ----> psTTM 373 0 0.750855 0.249145 
 ----> psTTM 374 0 0.694821 0.305179 
 ----> psTTM 375 1 0.632628 0.367372 
 ----> psTTM 376 0 0.674043 0.325957 
 ----> psTTM 377 0 0.692587 0.307413 
 ----> psTTM 378 1 0.630012 0.369988 
 ----> psTTM 379 0 0.654398 0.345602 
 ----> psTTM 380 0 0.696972 0.303028 
 ----> psTTM 381 0 0.675573 0.324427 
 ----> psTTM 382 0 0.690794 0.309206 
 ----> psTTM 383 0 0.690668 0.309332 
 ----> psTTM 384 0 0.699949 0.300051 
 ----> psTTM 385 1 0.685981 0.314019 
 ----> psTTM 386 0 0.687676 0.312324 
 ----> psTTM 387 1 0.651843 0.348157 
 ----> psTTM 388 1 0.654463 0.345537 
 ----> psTTM 389 0 0.708163 0.291837 
 ----> psTTM 390 0 0.634949 0.365051 
 ----> psTTM 391 0 0.702442 0.297558 
 ----> psTTM 392 1 0.679837 0.320163 
 ----> psTTM 393 1 0.685701 0.314299 
 ----> psTTM 394 0 0.694841 0.305159 
 ----> psTTM 395 0 0.70279 0.29721 
 ----> psTTM 396 0 0.681754 0.318246 
 ----> psTTM 397 0 0.694045 0.305955 
 ----> psTTM 398 1 0.671031 0.328969 
 ----> psTTM 399 1 0.644723 0.355277 
 ----> psTTM 400 1 0.676757 0.323243 
 ----> psTTM 401 0 0.675965 0.324035 
 ----> psTTM 402 0 0.661772 0.338228 
 ----> psTTM 403 0 0.66917 0.33083 
 ----> psTTM 404 0 0.673201 0.326799 
 ----> psTTM 405 0 0.695708 0.304292 
 ----> psTTM 406 1 0.583123 0.416877 
 ----> psTTM 407 1 0.658212 0.341788 
 ----> psTTM 408 0 0.677609 0.322391 
 ----> psTTM 409 1 0.653871 0.346129 
 ----> psTTM 410 0 0.685513 0.314487 
 ----> psTTM 411 0 0.671023 0.328977 
 ----> psTTM 412 1 0.638334 0.361666 
 ----> psTTM 413 1 0.631469 0.368531 
 ----> psTTM 414 0 0.649797 0.350203 
 ----> psTTM 415 1 0.617772 0.382228 
 ----> psTTM 416 0 0.679144 0.320856 
 ----> psTTM 417 0 0.657531 0.342469 
 ----> psTTM 418 1 0.664508 0.335492 
 ----> psTTM 419 0 0.682229 0.317771 
 ----> psTTM 420 0 0.643084 0.356916 
 ----> psTTM 421 0 0.655507 0.344493 
 ----> psTTM 422 0 0.695789 0.304211 
 ----> psTTM 423 0 0.688747 0.311253 
 ----> psTTM 424 0 0.679455 0.320545 
 ----> psTTM 425 0 0.702379 0.297621 
 ----> psTTM 426 1 0.639264 0.360736 
 ----> psTTM 427 0 0.626418 0.373582 
 ----> psTTM 428 0 0.699384 0.300616 
 ----> psTTM 429 0 0.695218 0.304782 
 ----> psTTM 430 0 0.663156 0.336844 
 ----> psTTM 431 0 0.690403 0.309597 
 ----> psTTM 432 0 0.680604 0.319396 
 ----> psTTM 433 0 0.7102 0.2898 
 ----> psTTM 434 0 0.66725 0.33275 
 ----> psTTM 435 1 0.610234 0.389766 
 ----> psTTM 436 0 0.632722 0.367278 
 ----> psTTM 437 0 0.685592 0.314408 
 ----> psTTM 438 0 0.708628 0.291372 
 ----> psTTM 439 0 0.678514 0.321486 
 ----> psTTM 440 0 0.650874 0.349126 
 ----> psTTM 441 0 0.655649 0.344351 
 ----> psTTM 442 0 0.69222 0.30778 
 ----> psTTM 443 0 0.681914 0.318086 
 ----> psTTM 444 0 0.675931 0.324069 
 ----> psTTM 445 1 0.662749 0.337251 
 ----> psTTM 446 0 0.707012 0.292988 
 ----> psTTM 447 0 0.685269 0.314731 
 ----> psTTM 448 0 0.685419 0.314581 
 ----> psTTM 449 0 0.715933 0.284067 
 ----> psTTM 450 0 0.700895 0.299105 
 ----> psTTM 451 0 0.699159 0.300841 
 ----> psTTM 452 0 0.709593 0.290407 
 ----> psTTM 453 0 0.673479 0.326521 
 ----> psTTM 454 1 0.651539 0.348461 
 ----> psTTM 455 0 0.674307 0.325693 
 ----> psTTM 456 0 0.725728 0.274272 
 ----> psTTM 457 0 0.66917 0.33083 
 ----> psTTM 458 1 0.652384 0.347616 
 ----> psTTM 459 0 0.689742 0.310258 
 ----> psTTM 460 0 0.710221 0.289779 
 ----> psTTM 461 1 0.671731 0.328269 
 ----> psTTM 462 0 0.709582 0.290418 
 ----> psTTM 463 0 0.697123 0.302877 
 ----> psTTM 464 0 0.707639 0.292361 
 ----> psTTM 465 0 0.715087 0.284913 
 ----> psTTM 466 0 0.685202 0.314798 
 ----> psTTM 467 1 0.691339 0.308661 
 ----> psTTM 468 0 0.709852 0.290148 
 ----> psTTM 469 0 0.706053 0.293947 
 ----> psTTM 470 1 0.656633 0.343367 
 ----> psTTM 471 1 0.633834 0.366166 
 ----> psTTM 472 0 0.704819 0.295181 
 ----> psTTM 473 1 0.648384 0.351616 
 ----> psTTM 474 0 0.671718 0.328282 
 ----> psTTM 475 0 0.700436 0.299564 
 ----> psTTM 476 0 0.684104 0.315896 
 ----> psTTM 477 1 0.6556 0.3444 
 ----> psTTM 478 0 0.735931 0.264069 
 ----> psTTM 479 1 0.656359 0.343641 
 ----> psTTM 480 0 0.685191 0.314809 
 ----> psTTM 481 0 0.675756 0.324244 
 ----> psTTM 482 0 0.69209 0.30791 
 ----> psTTM 483 1 0.68448 0.31552 
 ----> psTTM 484 0 0.667497 0.332503 
 ----> psTTM 485 0 0.654213 0.345787 
 ----> psTTM 486 0 0.687073 0.312927 
 ----> psTTM 487 0 0.665637 0.334363 
 ----> psTTM 488 1 0.665482 0.334518 
 ----> psTTM 489 1 0.657552 0.342448 
 ----> psTTM 490 0 0.682634 0.317366 
 ----> psTTM 491 1 0.661353 0.338647 
 ----> psTTM 492 0 0.655297 0.344703 
 ----> psTTM 493 0 0.710064 0.289936 
 ----> psTTM 494 0 0.704666 0.295334 
 ----> psTTM 495 1 0.656417 0.343583 
 ----> psTTM 496 0 0.647496 0.352504 
 ----> psTTM 497 0 0.681441 0.318559 
 ----> psTTM 498 0 0.673899 0.326101 
 ----> psTTM 499 1 0.654688 0.345312 
 ----> psTTM 500 1 0.669226 0.330774 
 ----> psTTM 501 0 0.667864 0.332136 
 ----> psTTM 502 0 0.680116 0.319884 
 ----> psTTM 503 0 0.65715 0.34285 
 ----> psTTM 504 0 0.668787 0.331213 
 ----> psTTM 505 0 0.696103 0.303897 
 ----> psTTM 506 0 0.686822 0.313178 
 ----> psTTM 507 0 0.686136 0.313864 
 ----> psTTM 508 1 0.669277 0.330723 
 ----> psTTM 509 1 0.664162 0.335838 
 ----> psTTM 510 0 0.702674 0.297326 
 ----> psTTM 511 0 0.6634 0.3366 
 ----> psTTM 512 0 0.630421 0.369579 
 ----> psTTM 513 0 0.692807 0.307193 
 ----> psTTM 514 1 0.617747 0.382253 
 ----> psTTM 515 0 0.666664 0.333336 
 ----> psTTM 516 0 0.690175 0.309825 
 ----> psTTM 517 1 0.624477 0.375523 
 ----> psTTM 518 0 0.707324 0.292676 
 ----> psTTM 519 0 0.673849 0.326151 
 ----> psTTM 520 1 0.651851 0.348149 
 ----> psTTM 521 1 0.63114 0.36886 
 ----> psTTM 522 0 0.676077 0.323923 
 ----> psTTM 523 1 0.625462 0.374538 
 ----> psTTM 524 0 0.670491 0.329509 
 ----> psTTM 525 0 0.651173 0.348827 
 ----> psTTM 526 0 0.684941 0.315059 
 ----> psTTM 527 0 0.691997 0.308003 
 ----> psTTM 528 0 0.693458 0.306542 
 ----> psTTM 529 1 0.638419 0.361581 
 ----> psTTM 530 0 0.679048 0.320952 
 ----> psTTM 531 1 0.590547 0.409453 
 ----> psTTM 532 0 0.683365 0.316635 
 ----> psTTM 533 0 0.692494 0.307506 
 ----> psTTM 534 0 0.655439 0.344561 
 ----> psTTM 535 1 0.632405 0.367595 
 ----> psTTM 536 0 0.679915 0.320085 
 ----> psTTM 537 0 0.664358 0.335642 
 ----> psTTM 538 0 0.675246 0.324754 
 ----> psTTM 539 1 0.659271 0.340729 
 ----> psTTM 540 0 0.747398 0.252602 
 ----> psTTM 541 1 0.655111 0.344889 
 ----> psTTM 542 0 0.665205 0.334795 
 ----> psTTM 543 1 0.614019 0.385981 
 ----> psTTM 544 0 0.693057 0.306943 
 ----> psTTM 545 1 0.666309 0.333691 
 ----> psTTM 546 0 0.731675 0.268325 
 ----> psTTM 547 0 0.689761 0.310239 
 ----> psTTM 548 1 0.674848 0.325152 
 ----> psTTM 549 0 0.673942 0.326058 
 ----> psTTM 550 0 0.671779 0.328221 
 ----> psTTM 551 0 0.666892 0.333108 
 ----> psTTM 552 1 0.597624 0.402376 
 ----> psTTM 553 1 0.658059 0.341941 
 ----> psTTM 554 1 0.657649 0.342351 
 ----> psTTM 555 1 0.645177 0.354823 
 ----> psTTM 556 0 0.657868 0.342132 
 ----> psTTM 557 0 0.661421 0.338579 
 ----> psTTM 558 0 0.67463 0.32537 
 ----> psTTM 559 0 0.693915 0.306085 
 ----> psTTM 560 0 0.659391 0.340609 
 ----> psTTM 561 1 0.642546 0.357454 
 ----> psTTM 562 0 0.644001 0.355999 
 ----> psTTM 563 0 0.663052 0.336948 
 ----> psTTM 564 0 0.680864 0.319136 
 ----> psTTM 565 0 0.628541 0.371459 
 ----> psTTM 566 0 0.6939 0.3061 
 ----> psTTM 567 0 0.704796 0.295204 
 ----> psTTM 568 0 0.682281 0.317719 
 ----> psTTM 569 1 0.619904 0.380096 
 ----> psTTM 570 0 0.643402 0.356598 
 ----> psTTM 571 1 0.642787 0.357213 
 ----> psTTM 572 0 0.708521 0.291479 
 ----> psTTM 573 0 0.655045 0.344955 
 ----> psTTM 574 0 0.665991 0.334009 
 ----> psTTM 575 1 0.667882 0.332118 
 ----> psTTM 576 0 0.706284 0.293716 
 ----> psTTM 577 1 0.670347 0.329653 
 ----> psTTM 578 0 0.682558 0.317442 
 ----> psTTM 579 0 0.709195 0.290805 
 ----> psTTM 580 1 0.658947 0.341053 
 ----> psTTM 581 0 0.663974 0.336026 
 ----> psTTM 582 0 0.627094 0.372906 
 ----> psTTM 583 1 0.593681 0.406319 
 ----> psTTM 584 0 0.660872 0.339128 
 ----> psTTM 585 0 0.668283 0.331717 
 ----> psTTM 586 0 0.693663 0.306337 
 ----> psTTM 587 0 0.681938 0.318062 
 ----> psTTM 588 0 0.698082 0.301918 
 ----> psTTM 589 1 0.670522 0.329478 
 ----> psTTM 590 0 0.687366 0.312634 
 ----> psTTM 591 1 0.66792 0.33208 
 ----> psTTM 592 1 0.607292 0.392708 
 ----> psTTM 593 0 0.697924 0.302076 
 ----> psTTM 594 0 0.685025 0.314975 
 ----> psTTM 595 0 0.673626 0.326374 
 ----> psTTM 596 0 0.695546 0.304454 
 ----> psTTM 597 0 0.658203 0.341797 
 ----> psTTM 598 0 0.683801 0.316199 
 ----> psTTM 599 0 0.678635 0.321365 
 ----> psTTM 600 0 0.689594 0.310406 
 ----> psTTM 601 0 0.686032 0.313968 
 ----> psTTM 602 1 0.669245 0.330755 
 ----> psTTM 603 0 0.704864 0.295136 
 ----> psTTM 604 0 0.694135 0.305865 
 ----> psTTM 605 0 0.692331 0.307669 
 ----> psTTM 606 0 0.644805 0.355195 
 ----> psTTM 607 1 0.622295 0.377705 
 ----> psTTM 608 0 0.688548 0.311452 
 ----> psTTM 609 0 0.698363 0.301637 
 ----> psTTM 610 0 0.704535 0.295465 
 ----> psTTM 611 0 0.679295 0.320705 
 ----> psTTM 612 0 0.721916 0.278084 
 ----> psTTM 613 0 0.714739 0.285261 
 ----> psTTM 614 0 0.704112 0.295888 
 ----> psTTM 615 0 0.667073 0.332927 
 ----> psTTM 616 0 0.693803 0.306197 
 ----> psTTM 617 0 0.695505 0.304495 
 ----> psTTM 618 0 0.695837 0.304163 
 ----> psTTM 619 1 0.665921 0.334079 
 ----> psTTM 620 0 0.666472 0.333528 
 ----> psTTM 621 0 0.718927 0.281073 
 ----> psTTM 622 0 0.67625 0.32375 
 ----> psTTM 623 1 0.666374 0.333626 
 ----> psTTM 624 0 0.720406 0.279594 
 ----> psTTM 625 0 0.685802 0.314198 
 ----> psTTM 626 0 0.715596 0.284404 
 ----> psTTM 627 0 0.684662 0.315338 
 ----> psTTM 628 1 0.683338 0.316662 
 ----> psTTM 629 0 0.718251 0.281749 
 ----> psTTM 630 0 0.706171 0.293829 
 ----> psTTM 631 1 0.64318 0.35682 
 ----> psTTM 632 1 0.669567 0.330433 
 ----> psTTM 633 0 0.721999 0.278001 
 ----> psTTM 634 1 0.693061 0.306939 
 ----> psTTM 635 0 0.665123 0.334877 
 ----> psTTM 636 1 0.597322 0.402678 
 ----> psTTM 637 0 0.675555 0.324445 
 ----> psTTM 638 0 0.701444 0.298556 
 ----> psTTM 639 1 0.698237 0.301763 
 ----> psTTM 640 0 0.669921 0.330079 
 ----> psTTM 641 0 0.691704 0.308296 
 ----> psTTM 642 0 0.695339 0.304661 
 ----> psTTM 643 0 0.69915 0.30085 
 ----> psTTM 644 0 0.6869 0.3131 
 ----> psTTM 645 0 0.667264 0.332736 
 ----> psTTM 646 1 0.645287 0.354713 
 ----> psTTM 647 0 0.689352 0.310648 
 ----> psTTM 648 0 0.661071 0.338929 
 ----> psTTM 649 0 0.664296 0.335704 
 ----> psTTM 650 0 0.683359 0.316641 
 ----> psTTM 651 1 0.607024 0.392976 
 ----> psTTM 652 0 0.703504 0.296496 
 ----> psTTM 653 1 0.608505 0.391495 
 ----> psTTM 654 0 0.711208 0.288792 
 ----> psTTM 655 0 0.688091 0.311909 
 ----> psTTM 656 0 0.676586 0.323414 
 ----> psTTM 657 0 0.69493 0.30507 
 ----> psTTM 658 0 0.662487 0.337513 
 ----> psTTM 659 0 0.667122 0.332878 
 ----> psTTM 660 0 0.708165 0.291835 
 ----> psTTM 661 0 0.702797 0.297203 
 ----> psTTM 662 0 0.67925 0.32075 
 ----> psTTM 663 1 0.66316 0.33684 
 ----> psTTM 664 1 0.65175 0.34825 
 ----> psTTM 665 0 0.668232 0.331768 
 ----> psTTM 666 0 0.667889 0.332111 
 ----> psTTM 667 0 0.686732 0.313268 
 ----> psTTM 668 0 0.666692 0.333308 
 ----> psTTM 669 0 0.649406 0.350594 
 ----> psTTM 670 0 0.706864 0.293136 
 ----> psTTM 671 0 0.680679 0.319321 
 ----> psTTM 672 0 0.708696 0.291304 
 ----> psTTM 673 0 0.694101 0.305899 
 ----> psTTM 674 1 0.631873 0.368127 
 ----> psTTM 675 1 0.631239 0.368761 
 ----> psTTM 676 0 0.680618 0.319382 
 ----> psTTM 677 1 0.636917 0.363083 
 ----> psTTM 678 1 0.624995 0.375005 
 ----> psTTM 679 0 0.662942 0.337058 
 ----> psTTM 680 1 0.609628 0.390372 
 ----> psTTM 681 0 0.709948 0.290052 
 ----> psTTM 682 0 0.690276 0.309724 
 ----> psTTM 683 0 0.66178 0.33822 
 ----> psTTM 684 0 0.698761 0.301239 
 ----> psTTM 685 0 0.699459 0.300541 
 ----> psTTM 686 0 0.69656 0.30344 
 ----> psTTM 687 0 0.695694 0.304306 
 ----> psTTM 688 0 0.62923 0.37077 
 ----> psTTM 689 0 0.665785 0.334215 
 ----> psTTM 690 1 0.682554 0.317446 
 ----> psTTM 691 0 0.695189 0.304811 
 ----> psTTM 692 0 0.641845 0.358155 
 ----> psTTM 693 1 0.652505 0.347495 
 ----> psTTM 694 0 0.679476 0.320524 
 ----> psTTM 695 0 0.708045 0.291955 
 ----> psTTM 696 0 0.677002 0.322998 
 ----> psTTM 697 0 0.690636 0.309364 
 ----> psTTM 698 1 0.707515 0.292485 
 ----> psTTM 699 0 0.71927 0.28073 
 ----> psTTM 700 1 0.70721 0.29279 
 ----> psTTM 701 0 0.699435 0.300565 
 ----> psTTM 702 0 0.693721 0.306279 
 ----> psTTM 703 0 0.697979 0.302021 
 ----> psTTM 704 0 0.722544 0.277456 
 ----> psTTM 705 0 0.66667 0.33333 
 ----> psTTM 706 0 0.685898 0.314102 
 ----> psTTM 707 0 0.686652 0.313348 
 ----> psTTM 708 0 0.680707 0.319293 
 ----> psTTM 709 0 0.701863 0.298137 
 ----> psTTM 710 0 0.676045 0.323955 
 ----> psTTM 711 0 0.716621 0.283379 
 ----> psTTM 712 0 0.667204 0.332796 
 ----> psTTM 713 1 0.677624 0.322376 
 ----> psTTM 714 1 0.685443 0.314557 
 ----> psTTM 715 1 0.698026 0.301974 
 ----> psTTM 716 1 0.642301 0.357699 
 ----> psTTM 717 0 0.681973 0.318027 
 ----> psTTM 718 0 0.664593 0.335407 
