 ----> psTTM 1 1 0.655699 0.344301 
 ----> psTTM 2 0 0.660394 0.339606 
 ----> psTTM 3 1 0.664997 0.335003 
 ----> psTTM 4 1 0.689608 0.310392 
 ----> psTTM 5 1 0.659349 0.340651 
 ----> psTTM 6 1 0.655447 0.344553 
 ----> psTTM 7 0 0.669765 0.330235 
 ----> psTTM 8 0 0.672967 0.327033 
 ----> psTTM 9 0 0.669353 0.330647 
 ----> psTTM 10 1 0.655431 0.344569 
 ----> psTTM 11 1 0.640057 0.359943 
 ----> psTTM 12 0 0.660728 0.339272 
 ----> psTTM 13 0 0.653437 0.346563 
 ----> psTTM 14 1 0.642937 0.357063 
 ----> psTTM 15 1 0.618586 0.381414 
 ----> psTTM 16 1 0.63766 0.36234 
 ----> psTTM 17 1 0.639452 0.360548 
 ----> psTTM 18 0 0.660168 0.339832 
 ----> psTTM 19 0 0.660538 0.339462 
 ----> psTTM 20 0 0.65032 0.34968 
 ----> psTTM 21 1 0.649471 0.350529 
 ----> psTTM 22 0 0.667853 0.332147 
 ----> psTTM 23 0 0.667405 0.332595 
 ----> psTTM 24 0 0.64408 0.35592 
 ----> psTTM 25 0 0.652302 0.347698 
 ----> psTTM 26 1 0.637763 0.362237 
 ----> psTTM 27 1 0.619263 0.380737 
 ----> psTTM 28 1 0.645488 0.354512 
 ----> psTTM 29 0 0.65843 0.34157 
 ----> psTTM 30 0 0.664347 0.335653 
 ----> psTTM 31 0 0.656707 0.343293 
 ----> psTTM 32 0 0.674512 0.325488 
 ----> psTTM 33 0 0.666513 0.333487 
 ----> psTTM 34 0 0.662536 0.337464 
 ----> psTTM 35 1 0.645627 0.354373 
 ----> psTTM 36 0 0.676629 0.323371 
 ----> psTTM 37 0 0.667327 0.332673 
 ----> psTTM 38 0 0.670495 0.329505 
 ----> psTTM 39 0 0.684328 0.315672 
 ----> psTTM 40 1 0.644702 0.355298 
 ----> psTTM 41 1 0.636682 0.363318 
 ----> psTTM 42 1 0.630475 0.369525 
 ----> psTTM 43 0 0.662388 0.337612 
 ----> psTTM 44 1 0.651497 0.348503 
 ----> psTTM 45 1 0.635223 0.364777 
 ----> psTTM 46 0 0.668236 0.331764 
 ----> psTTM 47 1 0.628151 0.371849 
 ----> psTTM 48 1 0.63948 0.36052 
 ----> psTTM 49 1 0.629844 0.370156 
 ----> psTTM 50 1 0.640587 0.359413 
 ----> psTTM 51 0 0.670806 0.329194 
 ----> psTTM 52 1 0.630639 0.369361 
 ----> psTTM 53 0 0.675207 0.324793 
 ----> psTTM 54 0 0.655932 0.344068 
 ----> psTTM 55 0 0.662291 0.337709 
 ----> psTTM 56 1 0.614958 0.385042 
 ----> psTTM 57 1 0.620914 0.379086 
 ----> psTTM 58 0 0.67184 0.32816 
 ----> psTTM 59 1 0.633424 0.366576 
 ----> psTTM 60 0 0.653467 0.346533 
 ----> psTTM 61 0 0.671078 0.328922 
 ----> psTTM 62 0 0.67306 0.32694 
 ----> psTTM 63 1 0.648104 0.351896 
 ----> psTTM 64 1 0.625578 0.374422 
 ----> psTTM 65 0 0.672526 0.327474 
 ----> psTTM 66 0 0.678511 0.321489 
 ----> psTTM 67 1 0.634855 0.365145 
 ----> psTTM 68 1 0.634444 0.365556 
 ----> psTTM 69 0 0.665272 0.334728 
 ----> psTTM 70 0 0.668092 0.331908 
 ----> psTTM 71 1 0.651097 0.348903 
 ----> psTTM 72 1 0.667325 0.332675 
 ----> psTTM 73 0 0.659077 0.340923 
 ----> psTTM 74 0 0.668032 0.331968 
 ----> psTTM 75 0 0.677733 0.322267 
 ----> psTTM 76 1 0.627351 0.372649 
 ----> psTTM 77 0 0.676717 0.323283 
 ----> psTTM 78 1 0.64902 0.35098 
 ----> psTTM 79 0 0.676901 0.323099 
 ----> psTTM 80 1 0.640117 0.359883 
 ----> psTTM 81 1 0.641573 0.358427 
 ----> psTTM 82 1 0.630657 0.369343 
 ----> psTTM 83 1 0.646588 0.353412 
 ----> psTTM 84 1 0.639689 0.360311 
 ----> psTTM 85 0 0.670192 0.329808 
 ----> psTTM 86 0 0.660017 0.339983 
 ----> psTTM 87 1 0.632268 0.367732 
 ----> psTTM 88 1 0.633732 0.366268 
 ----> psTTM 89 1 0.632499 0.367501 
 ----> psTTM 90 1 0.624023 0.375977 
 ----> psTTM 91 1 0.611507 0.388493 
 ----> psTTM 92 0 0.66515 0.33485 
 ----> psTTM 93 0 0.682092 0.317908 
 ----> psTTM 94 1 0.621334 0.378666 
 ----> psTTM 95 0 0.658329 0.341671 
 ----> psTTM 96 0 0.667303 0.332697 
 ----> psTTM 97 1 0.645525 0.354475 
 ----> psTTM 98 1 0.626647 0.373353 
 ----> psTTM 99 1 0.628584 0.371416 
 ----> psTTM 100 0 0.665258 0.334742 
 ----> psTTM 101 1 0.628031 0.371969 
 ----> psTTM 102 0 0.682834 0.317166 
 ----> psTTM 103 0 0.68521 0.31479 
 ----> psTTM 104 0 0.696857 0.303143 
 ----> psTTM 105 1 0.622022 0.377978 
 ----> psTTM 106 0 0.665079 0.334921 
 ----> psTTM 107 0 0.665771 0.334229 
 ----> psTTM 108 0 0.673784 0.326216 
 ----> psTTM 109 0 0.679123 0.320877 
 ----> psTTM 110 1 0.628736 0.371264 
 ----> psTTM 111 0 0.679091 0.320909 
 ----> psTTM 112 0 0.664492 0.335508 
 ----> psTTM 113 1 0.597957 0.402043 
 ----> psTTM 114 1 0.624339 0.375661 
 ----> psTTM 115 0 0.672529 0.327471 
 ----> psTTM 116 0 0.666124 0.333876 
 ----> psTTM 117 1 0.651504 0.348496 
 ----> psTTM 118 1 0.602868 0.397132 
 ----> psTTM 119 1 0.623693 0.376307 
 ----> psTTM 120 0 0.683198 0.316802 
 ----> psTTM 121 0 0.680293 0.319707 
 ----> psTTM 122 1 0.618487 0.381513 
 ----> psTTM 123 1 0.62738 0.37262 
 ----> psTTM 124 0 0.67617 0.32383 
 ----> psTTM 125 1 0.633924 0.366076 
 ----> psTTM 126 0 0.674317 0.325683 
 ----> psTTM 127 0 0.656724 0.343276 
 ----> psTTM 128 0 0.669611 0.330389 
 ----> psTTM 129 1 0.638765 0.361235 
 ----> psTTM 130 0 0.665125 0.334875 
 ----> psTTM 131 0 0.640151 0.359849 
 ----> psTTM 132 0 0.680386 0.319614 
 ----> psTTM 133 1 0.618049 0.381951 
 ----> psTTM 134 1 0.62716 0.37284 
 ----> psTTM 135 1 0.62877 0.37123 
 ----> psTTM 136 0 0.691014 0.308986 
 ----> psTTM 137 1 0.628944 0.371056 
 ----> psTTM 138 0 0.670091 0.329909 
 ----> psTTM 139 0 0.680144 0.319856 
 ----> psTTM 140 1 0.626873 0.373127 
 ----> psTTM 141 0 0.644597 0.355403 
 ----> psTTM 142 1 0.610702 0.389298 
 ----> psTTM 143 0 0.690511 0.309489 
 ----> psTTM 144 1 0.648739 0.351261 
 ----> psTTM 145 0 0.667977 0.332023 
 ----> psTTM 146 0 0.688088 0.311912 
 ----> psTTM 147 0 0.681688 0.318312 
 ----> psTTM 148 0 0.681587 0.318413 
 ----> psTTM 149 1 0.646445 0.353555 
 ----> psTTM 150 1 0.639894 0.360106 
 ----> psTTM 151 1 0.623705 0.376295 
 ----> psTTM 152 0 0.664379 0.335621 
 ----> psTTM 153 0 0.673499 0.326501 
 ----> psTTM 154 0 0.692177 0.307823 
 ----> psTTM 155 1 0.641854 0.358146 
 ----> psTTM 156 1 0.615801 0.384199 
 ----> psTTM 157 1 0.628111 0.371889 
 ----> psTTM 158 0 0.681016 0.318984 
 ----> psTTM 159 1 0.643385 0.356615 
 ----> psTTM 160 0 0.682613 0.317387 
 ----> psTTM 161 0 0.669549 0.330451 
 ----> psTTM 162 1 0.627939 0.372061 
 ----> psTTM 163 1 0.623854 0.376146 
 ----> psTTM 164 1 0.6303 0.3697 
 ----> psTTM 165 1 0.634728 0.365272 
 ----> psTTM 166 0 0.682853 0.317147 
 ----> psTTM 167 1 0.638979 0.361021 
 ----> psTTM 168 0 0.683302 0.316698 
 ----> psTTM 169 0 0.64347 0.35653 
 ----> psTTM 170 1 0.621698 0.378302 
 ----> psTTM 171 1 0.623024 0.376976 
 ----> psTTM 172 0 0.683907 0.316093 
 ----> psTTM 173 1 0.620173 0.379827 
 ----> psTTM 174 0 0.686853 0.313147 
 ----> psTTM 175 1 0.615755 0.384245 
 ----> psTTM 176 0 0.672479 0.327521 
 ----> psTTM 177 0 0.659365 0.340635 
 ----> psTTM 178 1 0.645306 0.354694 
 ----> psTTM 179 0 0.676112 0.323888 
 ----> psTTM 180 0 0.695991 0.304009 
 ----> psTTM 181 0 0.659183 0.340817 
 ----> psTTM 182 0 0.666552 0.333448 
 ----> psTTM 183 1 0.604247 0.395753 
 ----> psTTM 184 1 0.606597 0.393403 
 ----> psTTM 185 0 0.68156 0.31844 
 ----> psTTM 186 0 0.680328 0.319672 
 ----> psTTM 187 0 0.68027 0.31973 
 ----> psTTM 188 1 0.634925 0.365075 
 ----> psTTM 189 1 0.645568 0.354432 
 ----> psTTM 190 0 0.678896 0.321104 
 ----> psTTM 191 0 0.674837 0.325163 
 ----> psTTM 192 1 0.638051 0.361949 
 ----> psTTM 193 0 0.678786 0.321214 
 ----> psTTM 194 0 0.691018 0.308982 
 ----> psTTM 195 0 0.650104 0.349896 
 ----> psTTM 196 1 0.635346 0.364654 
 ----> psTTM 197 0 0.666703 0.333297 
 ----> psTTM 198 0 0.671045 0.328955 
 ----> psTTM 199 0 0.667267 0.332733 
 ----> psTTM 200 0 0.678143 0.321857 
 ----> psTTM 201 0 0.671926 0.328074 
 ----> psTTM 202 0 0.671615 0.328385 
 ----> psTTM 203 1 0.631241 0.368759 
 ----> psTTM 204 1 0.622171 0.377829 
 ----> psTTM 205 0 0.652228 0.347772 
 ----> psTTM 206 1 0.641625 0.358375 
 ----> psTTM 207 1 0.639968 0.360032 
 ----> psTTM 208 0 0.681592 0.318408 
 ----> psTTM 209 0 0.67755 0.32245 
 ----> psTTM 210 0 0.681275 0.318725 
 ----> psTTM 211 0 0.652223 0.347777 
 ----> psTTM 212 0 0.681552 0.318448 
 ----> psTTM 213 1 0.649155 0.350845 
 ----> psTTM 214 0 0.685619 0.314381 
 ----> psTTM 215 1 0.632641 0.367359 
 ----> psTTM 216 0 0.66769 0.33231 
 ----> psTTM 217 1 0.621669 0.378331 
 ----> psTTM 218 0 0.673058 0.326942 
 ----> psTTM 219 0 0.655855 0.344145 
 ----> psTTM 220 0 0.677472 0.322528 
 ----> psTTM 221 0 0.688011 0.311989 
 ----> psTTM 222 1 0.637194 0.362806 
 ----> psTTM 223 1 0.645402 0.354598 
 ----> psTTM 224 0 0.669506 0.330494 
 ----> psTTM 225 1 0.634671 0.365329 
 ----> psTTM 226 1 0.648501 0.351499 
 ----> psTTM 227 0 0.667003 0.332997 
 ----> psTTM 228 0 0.663211 0.336789 
 ----> psTTM 229 0 0.677538 0.322462 
 ----> psTTM 230 0 0.661239 0.338761 
 ----> psTTM 231 0 0.679842 0.320158 
 ----> psTTM 232 1 0.647423 0.352577 
 ----> psTTM 233 0 0.689806 0.310194 
 ----> psTTM 234 0 0.649966 0.350034 
 ----> psTTM 235 0 0.682732 0.317268 
 ----> psTTM 236 1 0.634023 0.365977 
 ----> psTTM 237 0 0.688356 0.311644 
 ----> psTTM 238 0 0.67801 0.32199 
 ----> psTTM 239 0 0.676675 0.323325 
 ----> psTTM 240 1 0.642368 0.357632 
 ----> psTTM 241 0 0.688742 0.311258 
 ----> psTTM 242 1 0.641163 0.358837 
 ----> psTTM 243 0 0.684816 0.315184 
 ----> psTTM 244 1 0.638489 0.361511 
 ----> psTTM 245 1 0.638197 0.361803 
 ----> psTTM 246 0 0.679714 0.320286 
 ----> psTTM 247 0 0.690566 0.309434 
 ----> psTTM 248 1 0.637306 0.362694 
 ----> psTTM 249 1 0.644333 0.355667 
 ----> psTTM 250 0 0.684323 0.315677 
 ----> psTTM 251 0 0.703956 0.296044 
 ----> psTTM 252 0 0.671916 0.328084 
 ----> psTTM 253 1 0.637334 0.362666 
 ----> psTTM 254 0 0.672356 0.327644 
 ----> psTTM 255 1 0.631444 0.368556 
 ----> psTTM 256 0 0.688115 0.311885 
 ----> psTTM 257 0 0.694222 0.305778 
 ----> psTTM 258 0 0.687456 0.312544 
 ----> psTTM 259 0 0.673191 0.326809 
 ----> psTTM 260 1 0.651363 0.348637 
 ----> psTTM 261 1 0.64679 0.35321 
 ----> psTTM 262 0 0.681629 0.318371 
 ----> psTTM 263 1 0.621416 0.378584 
 ----> psTTM 264 1 0.632125 0.367875 
 ----> psTTM 265 1 0.639959 0.360041 
 ----> psTTM 266 0 0.694261 0.305739 
 ----> psTTM 267 0 0.66494 0.33506 
 ----> psTTM 268 0 0.663821 0.336179 
 ----> psTTM 269 0 0.685717 0.314283 
 ----> psTTM 270 1 0.635649 0.364351 
 ----> psTTM 271 1 0.630595 0.369405 
 ----> psTTM 272 0 0.682462 0.317538 
 ----> psTTM 273 0 0.690812 0.309188 
 ----> psTTM 274 1 0.638484 0.361516 
 ----> psTTM 275 1 0.624605 0.375395 
 ----> psTTM 276 0 0.678366 0.321634 
 ----> psTTM 277 0 0.674362 0.325638 
 ----> psTTM 278 0 0.673597 0.326403 
 ----> psTTM 279 1 0.643136 0.356864 
 ----> psTTM 280 1 0.642311 0.357689 
 ----> psTTM 281 0 0.703057 0.296943 
 ----> psTTM 282 1 0.626021 0.373979 
 ----> psTTM 283 1 0.638622 0.361378 
 ----> psTTM 284 1 0.630922 0.369078 
 ----> psTTM 285 0 0.689819 0.310181 
 ----> psTTM 286 0 0.676229 0.323771 
 ----> psTTM 287 0 0.685023 0.314977 
 ----> psTTM 288 1 0.639228 0.360772 
 ----> psTTM 289 0 0.683162 0.316838 
 ----> psTTM 290 0 0.659854 0.340146 
 ----> psTTM 291 1 0.616632 0.383368 
 ----> psTTM 292 0 0.681605 0.318395 
 ----> psTTM 293 1 0.642216 0.357784 
 ----> psTTM 294 1 0.651039 0.348961 
 ----> psTTM 295 0 0.681905 0.318095 
 ----> psTTM 296 0 0.675316 0.324684 
 ----> psTTM 297 0 0.687033 0.312967 
 ----> psTTM 298 1 0.651782 0.348218 
 ----> psTTM 299 0 0.674267 0.325733 
 ----> psTTM 300 0 0.68321 0.31679 
 ----> psTTM 301 0 0.685427 0.314573 
 ----> psTTM 302 0 0.674016 0.325984 
 ----> psTTM 303 0 0.662545 0.337455 
 ----> psTTM 304 0 0.680468 0.319532 
 ----> psTTM 305 0 0.667216 0.332784 
 ----> psTTM 306 0 0.661492 0.338508 
 ----> psTTM 307 1 0.62743 0.37257 
 ----> psTTM 308 0 0.675372 0.324628 
 ----> psTTM 309 1 0.651618 0.348382 
 ----> psTTM 310 0 0.689571 0.310429 
 ----> psTTM 311 0 0.69298 0.30702 
 ----> psTTM 312 0 0.682887 0.317113 
 ----> psTTM 313 1 0.627466 0.372534 
 ----> psTTM 314 0 0.681516 0.318484 
 ----> psTTM 315 0 0.683098 0.316902 
 ----> psTTM 316 0 0.706646 0.293354 
 ----> psTTM 317 0 0.662561 0.337439 
 ----> psTTM 318 0 0.680649 0.319351 
 ----> psTTM 319 0 0.680097 0.319903 
 ----> psTTM 320 0 0.680445 0.319555 
 ----> psTTM 321 1 0.640483 0.359517 
 ----> psTTM 322 1 0.638561 0.361439 
 ----> psTTM 323 0 0.665418 0.334582 
 ----> psTTM 324 0 0.674989 0.325011 
 ----> psTTM 325 0 0.67627 0.32373 
 ----> psTTM 326 1 0.639836 0.360164 
 ----> psTTM 327 1 0.657664 0.342336 
 ----> psTTM 328 0 0.683939 0.316061 
 ----> psTTM 329 0 0.666595 0.333405 
 ----> psTTM 330 0 0.695422 0.304578 
 ----> psTTM 331 0 0.704916 0.295084 
 ----> psTTM 332 0 0.676483 0.323517 
 ----> psTTM 333 1 0.646662 0.353338 
 ----> psTTM 334 1 0.648595 0.351405 
 ----> psTTM 335 0 0.67286 0.32714 
 ----> psTTM 336 1 0.634432 0.365568 
 ----> psTTM 337 1 0.63363 0.36637 
 ----> psTTM 338 1 0.630681 0.369319 
 ----> psTTM 339 0 0.679927 0.320073 
 ----> psTTM 340 0 0.678488 0.321512 
 ----> psTTM 341 1 0.643964 0.356036 
 ----> psTTM 342 1 0.649702 0.350298 
 ----> psTTM 343 0 0.686599 0.313401 
 ----> psTTM 344 0 0.673865 0.326135 
 ----> psTTM 345 0 0.670355 0.329645 
 ----> psTTM 346 0 0.688863 0.311137 
 ----> psTTM 347 1 0.626189 0.373811 
 ----> psTTM 348 0 0.654757 0.345243 
 ----> psTTM 349 0 0.684365 0.315635 
 ----> psTTM 350 1 0.66251 0.33749 
 ----> psTTM 351 0 0.685846 0.314154 
 ----> psTTM 352 0 0.67654 0.32346 
 ----> psTTM 353 0 0.694632 0.305368 
 ----> psTTM 354 0 0.690481 0.309519 
 ----> psTTM 355 0 0.679177 0.320823 
 ----> psTTM 356 0 0.673458 0.326542 
 ----> psTTM 357 1 0.62499 0.37501 
 ----> psTTM 358 0 0.695127 0.304873 
 ----> psTTM 359 0 0.664555 0.335445 
 ----> psTTM 360 0 0.680723 0.319277 
 ----> psTTM 361 0 0.682343 0.317657 
 ----> psTTM 362 1 0.638556 0.361444 
 ----> psTTM 363 0 0.687126 0.312874 
 ----> psTTM 364 0 0.679515 0.320485 
 ----> psTTM 365 0 0.678575 0.321425 
 ----> psTTM 366 1 0.638284 0.361716 
 ----> psTTM 367 0 0.688133 0.311867 
 ----> psTTM 368 0 0.682576 0.317424 
 ----> psTTM 369 0 0.669791 0.330209 
 ----> psTTM 370 1 0.622016 0.377984 
 ----> psTTM 371 0 0.701823 0.298177 
 ----> psTTM 372 0 0.678103 0.321897 
 ----> psTTM 373 0 0.702481 0.297519 
 ----> psTTM 374 0 0.654354 0.345646 
 ----> psTTM 375 1 0.646092 0.353908 
 ----> psTTM 376 0 0.663185 0.336815 
 ----> psTTM 377 0 0.681735 0.318265 
 ----> psTTM 378 1 0.635278 0.364722 
 ----> psTTM 379 0 0.676845 0.323155 
 ----> psTTM 380 0 0.675975 0.324025 
 ----> psTTM 381 0 0.669698 0.330302 
 ----> psTTM 382 0 0.700672 0.299328 
 ----> psTTM 383 0 0.682844 0.317156 
 ----> psTTM 384 0 0.683784 0.316216 
 ----> psTTM 385 1 0.641556 0.358444 
 ----> psTTM 386 0 0.679318 0.320682 
 ----> psTTM 387 1 0.653744 0.346256 
 ----> psTTM 388 1 0.649802 0.350198 
 ----> psTTM 389 0 0.673261 0.326739 
 ----> psTTM 390 0 0.671847 0.328153 
 ----> psTTM 391 0 0.686043 0.313957 
 ----> psTTM 392 1 0.663654 0.336346 
 ----> psTTM 393 1 0.657474 0.342526 
 ----> psTTM 394 0 0.676678 0.323322 
 ----> psTTM 395 0 0.673512 0.326488 
 ----> psTTM 396 0 0.678967 0.321033 
 ----> psTTM 397 0 0.698423 0.301577 
 ----> psTTM 398 1 0.640405 0.359595 
 ----> psTTM 399 1 0.642665 0.357335 
 ----> psTTM 400 1 0.633216 0.366784 
 ----> psTTM 401 0 0.69917 0.30083 
 ----> psTTM 402 0 0.674716 0.325284 
 ----> psTTM 403 0 0.685848 0.314152 
 ----> psTTM 404 0 0.675997 0.324003 
 ----> psTTM 405 0 0.69318 0.30682 
 ----> psTTM 406 1 0.630749 0.369251 
 ----> psTTM 407 1 0.642178 0.357822 
 ----> psTTM 408 0 0.702277 0.297723 
 ----> psTTM 409 1 0.636523 0.363477 
 ----> psTTM 410 0 0.672677 0.327323 
 ----> psTTM 411 0 0.698257 0.301743 
 ----> psTTM 412 1 0.619897 0.380103 
 ----> psTTM 413 1 0.633792 0.366208 
 ----> psTTM 414 0 0.66369 0.33631 
 ----> psTTM 415 1 0.631703 0.368297 
 ----> psTTM 416 0 0.680365 0.319635 
 ----> psTTM 417 0 0.692308 0.307692 
 ----> psTTM 418 1 0.634169 0.365831 
 ----> psTTM 419 0 0.69231 0.30769 
 ----> psTTM 420 0 0.667864 0.332136 
 ----> psTTM 421 0 0.688219 0.311781 
 ----> psTTM 422 0 0.68106 0.31894 
 ----> psTTM 423 0 0.690077 0.309923 
 ----> psTTM 424 0 0.678768 0.321232 
 ----> psTTM 425 0 0.653377 0.346623 
 ----> psTTM 426 1 0.632334 0.367666 
 ----> psTTM 427 0 0.663838 0.336162 
 ----> psTTM 428 0 0.667691 0.332309 
 ----> psTTM 429 0 0.693605 0.306395 
 ----> psTTM 430 0 0.664644 0.335356 
 ----> psTTM 431 0 0.676836 0.323164 
 ----> psTTM 432 0 0.666619 0.333381 
 ----> psTTM 433 0 0.697597 0.302403 
 ----> psTTM 434 0 0.684195 0.315805 
 ----> psTTM 435 1 0.633062 0.366938 
 ----> psTTM 436 0 0.690366 0.309634 
 ----> psTTM 437 0 0.673285 0.326715 
 ----> psTTM 438 0 0.681676 0.318324 
 ----> psTTM 439 0 0.673276 0.326724 
 ----> psTTM 440 0 0.670293 0.329707 
 ----> psTTM 441 0 0.672283 0.327717 
 ----> psTTM 442 0 0.68579 0.31421 
 ----> psTTM 443 0 0.676069 0.323931 
 ----> psTTM 444 0 0.674725 0.325275 
 ----> psTTM 445 1 0.646407 0.353593 
 ----> psTTM 446 0 0.685965 0.314035 
 ----> psTTM 447 0 0.675322 0.324678 
 ----> psTTM 448 0 0.68148 0.31852 
 ----> psTTM 449 0 0.677969 0.322031 
 ----> psTTM 450 0 0.694052 0.305948 
 ----> psTTM 451 0 0.693887 0.306113 
 ----> psTTM 452 0 0.705907 0.294093 
 ----> psTTM 453 0 0.679124 0.320876 
 ----> psTTM 454 1 0.64465 0.35535 
 ----> psTTM 455 0 0.672885 0.327115 
 ----> psTTM 456 0 0.700166 0.299834 
 ----> psTTM 457 0 0.697123 0.302877 
 ----> psTTM 458 1 0.661696 0.338304 
 ----> psTTM 459 0 0.666514 0.333486 
 ----> psTTM 460 0 0.696176 0.303824 
 ----> psTTM 461 1 0.651353 0.348647 
 ----> psTTM 462 0 0.69809 0.30191 
 ----> psTTM 463 0 0.687458 0.312542 
 ----> psTTM 464 0 0.683455 0.316545 
 ----> psTTM 465 0 0.705188 0.294812 
 ----> psTTM 466 0 0.68147 0.31853 
 ----> psTTM 467 1 0.637069 0.362931 
 ----> psTTM 468 0 0.696503 0.303497 
 ----> psTTM 469 0 0.679505 0.320495 
 ----> psTTM 470 1 0.64655 0.35345 
 ----> psTTM 471 1 0.64343 0.35657 
 ----> psTTM 472 0 0.690749 0.309251 
 ----> psTTM 473 1 0.64714 0.35286 
 ----> psTTM 474 0 0.685326 0.314674 
 ----> psTTM 475 0 0.673365 0.326635 
 ----> psTTM 476 0 0.700676 0.299324 
 ----> psTTM 477 1 0.646973 0.353027 
 ----> psTTM 478 0 0.709437 0.290563 
 ----> psTTM 479 1 0.657559 0.342441 
 ----> psTTM 480 0 0.677633 0.322367 
 ----> psTTM 481 0 0.681929 0.318071 
 ----> psTTM 482 0 0.704384 0.295616 
 ----> psTTM 483 1 0.639999 0.360001 
 ----> psTTM 484 0 0.699789 0.300211 
 ----> psTTM 485 0 0.680446 0.319554 
 ----> psTTM 486 0 0.67145 0.32855 
 ----> psTTM 487 0 0.65971 0.34029 
 ----> psTTM 488 1 0.6615 0.3385 
 ----> psTTM 489 1 0.644602 0.355398 
 ----> psTTM 490 0 0.687993 0.312007 
 ----> psTTM 491 1 0.657029 0.342971 
 ----> psTTM 492 0 0.690912 0.309088 
 ----> psTTM 493 0 0.679345 0.320655 
 ----> psTTM 494 0 0.693612 0.306388 
 ----> psTTM 495 1 0.658368 0.341632 
 ----> psTTM 496 0 0.682062 0.317938 
 ----> psTTM 497 0 0.680931 0.319069 
 ----> psTTM 498 0 0.69119 0.30881 
 ----> psTTM 499 1 0.634458 0.365542 
 ----> psTTM 500 1 0.653826 0.346174 
 ----> psTTM 501 0 0.686793 0.313207 
 ----> psTTM 502 0 0.673337 0.326663 
 ----> psTTM 503 0 0.668306 0.331694 
 ----> psTTM 504 0 0.684582 0.315418 
 ----> psTTM 505 0 0.674191 0.325809 
 ----> psTTM 506 0 0.687838 0.312162 
 ----> psTTM 507 0 0.659518 0.340482 
 ----> psTTM 508 1 0.643406 0.356594 
 ----> psTTM 509 1 0.652469 0.347531 
 ----> psTTM 510 0 0.675295 0.324705 
 ----> psTTM 511 0 0.672548 0.327452 
 ----> psTTM 512 0 0.649486 0.350514 
 ----> psTTM 513 0 0.681104 0.318896 
 ----> psTTM 514 1 0.63828 0.36172 
 ----> psTTM 515 0 0.666896 0.333104 
 ----> psTTM 516 0 0.69966 0.30034 
 ----> psTTM 517 1 0.651815 0.348185 
 ----> psTTM 518 0 0.693375 0.306625 
 ----> psTTM 519 0 0.681105 0.318895 
 ----> psTTM 520 1 0.659172 0.340828 
 ----> psTTM 521 1 0.618627 0.381373 
 ----> psTTM 522 0 0.687317 0.312683 
 ----> psTTM 523 1 0.633192 0.366808 
 ----> psTTM 524 0 0.671095 0.328905 
 ----> psTTM 525 0 0.673595 0.326405 
 ----> psTTM 526 0 0.679167 0.320833 
 ----> psTTM 527 0 0.683325 0.316675 
 ----> psTTM 528 0 0.689152 0.310848 
 ----> psTTM 529 1 0.625631 0.374369 
 ----> psTTM 530 0 0.664397 0.335603 
 ----> psTTM 531 1 0.635423 0.364577 
 ----> psTTM 532 0 0.672055 0.327945 
 ----> psTTM 533 0 0.678954 0.321046 
 ----> psTTM 534 0 0.692126 0.307874 
 ----> psTTM 535 1 0.621901 0.378099 
 ----> psTTM 536 0 0.697673 0.302327 
 ----> psTTM 537 0 0.678896 0.321104 
 ----> psTTM 538 0 0.69512 0.30488 
 ----> psTTM 539 1 0.648682 0.351318 
 ----> psTTM 540 0 0.705886 0.294114 
 ----> psTTM 541 1 0.637896 0.362104 
 ----> psTTM 542 0 0.680452 0.319548 
 ----> psTTM 543 1 0.639372 0.360628 
 ----> psTTM 544 0 0.679031 0.320969 
 ----> psTTM 545 1 0.658238 0.341762 
 ----> psTTM 546 0 0.676554 0.323446 
 ----> psTTM 547 0 0.686635 0.313365 
 ----> psTTM 548 1 0.648377 0.351623 
 ----> psTTM 549 0 0.67034 0.32966 
 ----> psTTM 550 0 0.682806 0.317194 
 ----> psTTM 551 0 0.686211 0.313789 
 ----> psTTM 552 1 0.644457 0.355543 
 ----> psTTM 553 1 0.64615 0.35385 
 ----> psTTM 554 1 0.657911 0.342089 
 ----> psTTM 555 1 0.63233 0.36767 
 ----> psTTM 556 0 0.668796 0.331204 
 ----> psTTM 557 0 0.669822 0.330178 
 ----> psTTM 558 0 0.676427 0.323573 
 ----> psTTM 559 0 0.681791 0.318209 
 ----> psTTM 560 0 0.687031 0.312969 
 ----> psTTM 561 1 0.631881 0.368119 
 ----> psTTM 562 0 0.658735 0.341265 
 ----> psTTM 563 0 0.666585 0.333415 
 ----> psTTM 564 0 0.683704 0.316296 
 ----> psTTM 565 0 0.645465 0.354535 
 ----> psTTM 566 0 0.686401 0.313599 
 ----> psTTM 567 0 0.687061 0.312939 
 ----> psTTM 568 0 0.682334 0.317666 
 ----> psTTM 569 1 0.624173 0.375827 
 ----> psTTM 570 0 0.673547 0.326453 
 ----> psTTM 571 1 0.623491 0.376509 
 ----> psTTM 572 0 0.695884 0.304116 
 ----> psTTM 573 0 0.680245 0.319755 
 ----> psTTM 574 0 0.692829 0.307171 
 ----> psTTM 575 1 0.639095 0.360905 
 ----> psTTM 576 0 0.697463 0.302537 
 ----> psTTM 577 1 0.642375 0.357625 
 ----> psTTM 578 0 0.678444 0.321556 
 ----> psTTM 579 0 0.702937 0.297063 
 ----> psTTM 580 1 0.656329 0.343671 
 ----> psTTM 581 0 0.682732 0.317268 
 ----> psTTM 582 0 0.67402 0.32598 
 ----> psTTM 583 1 0.636871 0.363129 
 ----> psTTM 584 0 0.698967 0.301033 
 ----> psTTM 585 0 0.664231 0.335769 
 ----> psTTM 586 0 0.671608 0.328392 
 ----> psTTM 587 0 0.661215 0.338785 
 ----> psTTM 588 0 0.679156 0.320844 
 ----> psTTM 589 1 0.655358 0.344642 
 ----> psTTM 590 0 0.664866 0.335134 
 ----> psTTM 591 1 0.657305 0.342695 
 ----> psTTM 592 1 0.633612 0.366388 
 ----> psTTM 593 0 0.681947 0.318053 
 ----> psTTM 594 0 0.687144 0.312856 
 ----> psTTM 595 0 0.683418 0.316582 
 ----> psTTM 596 0 0.673709 0.326291 
 ----> psTTM 597 0 0.66367 0.33633 
 ----> psTTM 598 0 0.689243 0.310757 
 ----> psTTM 599 0 0.688956 0.311044 
 ----> psTTM 600 0 0.679172 0.320828 
 ----> psTTM 601 0 0.667789 0.332211 
 ----> psTTM 602 1 0.61236 0.38764 
 ----> psTTM 603 0 0.689058 0.310942 
 ----> psTTM 604 0 0.69639 0.30361 
 ----> psTTM 605 0 0.677458 0.322542 
 ----> psTTM 606 0 0.678138 0.321862 
 ----> psTTM 607 1 0.653929 0.346071 
 ----> psTTM 608 0 0.676725 0.323275 
 ----> psTTM 609 0 0.684454 0.315546 
 ----> psTTM 610 0 0.692289 0.307711 
 ----> psTTM 611 0 0.688631 0.311369 
 ----> psTTM 612 0 0.699839 0.300161 
 ----> psTTM 613 0 0.710919 0.289081 
 ----> psTTM 614 0 0.675733 0.324267 
 ----> psTTM 615 0 0.679741 0.320259 
 ----> psTTM 616 0 0.687647 0.312353 
 ----> psTTM 617 0 0.685103 0.314897 
 ----> psTTM 618 0 0.690285 0.309715 
 ----> psTTM 619 1 0.648297 0.351703 
 ----> psTTM 620 0 0.682978 0.317022 
 ----> psTTM 621 0 0.691844 0.308156 
 ----> psTTM 622 0 0.67091 0.32909 
 ----> psTTM 623 1 0.653059 0.346941 
 ----> psTTM 624 0 0.701537 0.298463 
 ----> psTTM 625 0 0.697979 0.302021 
 ----> psTTM 626 0 0.69549 0.30451 
 ----> psTTM 627 0 0.674866 0.325134 
 ----> psTTM 628 1 0.658993 0.341007 
 ----> psTTM 629 0 0.689686 0.310314 
 ----> psTTM 630 0 0.694231 0.305769 
 ----> psTTM 631 1 0.637942 0.362058 
 ----> psTTM 632 1 0.643384 0.356616 
 ----> psTTM 633 0 0.708667 0.291333 
 ----> psTTM 634 1 0.64281 0.35719 
 ----> psTTM 635 0 0.695701 0.304299 
 ----> psTTM 636 1 0.647232 0.352768 
 ----> psTTM 637 0 0.680499 0.319501 
 ----> psTTM 638 0 0.683783 0.316217 
 ----> psTTM 639 1 0.657922 0.342078 
 ----> psTTM 640 0 0.685648 0.314352 
 ----> psTTM 641 0 0.687285 0.312715 
 ----> psTTM 642 0 0.688344 0.311656 
 ----> psTTM 643 0 0.68566 0.31434 
 ----> psTTM 644 0 0.684995 0.315005 
 ----> psTTM 645 0 0.689057 0.310943 
 ----> psTTM 646 1 0.643986 0.356014 
 ----> psTTM 647 0 0.69203 0.30797 
 ----> psTTM 648 0 0.671041 0.328959 
 ----> psTTM 649 0 0.673645 0.326355 
 ----> psTTM 650 0 0.673452 0.326548 
 ----> psTTM 651 1 0.642119 0.357881 
 ----> psTTM 652 0 0.674516 0.325484 
 ----> psTTM 653 1 0.645678 0.354322 
 ----> psTTM 654 0 0.690366 0.309634 
 ----> psTTM 655 0 0.689054 0.310946 
 ----> psTTM 656 0 0.685798 0.314202 
 ----> psTTM 657 0 0.680109 0.319891 
 ----> psTTM 658 0 0.677747 0.322253 
 ----> psTTM 659 0 0.69031 0.30969 
 ----> psTTM 660 0 0.68671 0.31329 
 ----> psTTM 661 0 0.704971 0.295029 
 ----> psTTM 662 0 0.693312 0.306688 
 ----> psTTM 663 1 0.625133 0.374867 
 ----> psTTM 664 1 0.645013 0.354987 
 ----> psTTM 665 0 0.675809 0.324191 
 ----> psTTM 666 0 0.686669 0.313331 
 ----> psTTM 667 0 0.680956 0.319044 
 ----> psTTM 668 0 0.68698 0.31302 
 ----> psTTM 669 0 0.683992 0.316008 
 ----> psTTM 670 0 0.695862 0.304138 
 ----> psTTM 671 0 0.675627 0.324373 
 ----> psTTM 672 0 0.683308 0.316692 
 ----> psTTM 673 0 0.691864 0.308136 
 ----> psTTM 674 1 0.633928 0.366072 
 ----> psTTM 675 1 0.64807 0.35193 
 ----> psTTM 676 0 0.682226 0.317774 
 ----> psTTM 677 1 0.640844 0.359156 
 ----> psTTM 678 1 0.645968 0.354032 
 ----> psTTM 679 0 0.683543 0.316457 
 ----> psTTM 680 1 0.656045 0.343955 
 ----> psTTM 681 0 0.675559 0.324441 
 ----> psTTM 682 0 0.683165 0.316835 
 ----> psTTM 683 0 0.674663 0.325337 
 ----> psTTM 684 0 0.710405 0.289595 
 ----> psTTM 685 0 0.691664 0.308336 
 ----> psTTM 686 0 0.657266 0.342734 
 ----> psTTM 687 0 0.69279 0.30721 
 ----> psTTM 688 0 0.673949 0.326051 
 ----> psTTM 689 0 0.684713 0.315287 
 ----> psTTM 690 1 0.655999 0.344001 
 ----> psTTM 691 0 0.676498 0.323502 
 ----> psTTM 692 0 0.675125 0.324875 
 ----> psTTM 693 1 0.657728 0.342272 
 ----> psTTM 694 0 0.661391 0.338609 
 ----> psTTM 695 0 0.694615 0.305385 
 ----> psTTM 696 0 0.670596 0.329404 
 ----> psTTM 697 0 0.679154 0.320846 
 ----> psTTM 698 1 0.656659 0.343341 
 ----> psTTM 699 0 0.680641 0.319359 
 ----> psTTM 700 1 0.655437 0.344563 
 ----> psTTM 701 0 0.684714 0.315286 
 ----> psTTM 702 0 0.700938 0.299062 
 ----> psTTM 703 0 0.671737 0.328263 
 ----> psTTM 704 0 0.708757 0.291243 
 ----> psTTM 705 0 0.676888 0.323112 
 ----> psTTM 706 0 0.697309 0.302691 
 ----> psTTM 707 0 0.675624 0.324376 
 ----> psTTM 708 0 0.691462 0.308538 
 ----> psTTM 709 0 0.680546 0.319454 
 ----> psTTM 710 0 0.674843 0.325157 
 ----> psTTM 711 0 0.673679 0.326321 
 ----> psTTM 712 0 0.692291 0.307709 
 ----> psTTM 713 1 0.657448 0.342552 
 ----> psTTM 714 1 0.678322 0.321678 
 ----> psTTM 715 1 0.689125 0.310875 
 ----> psTTM 716 1 0.671489 0.328511 
 ----> psTTM 717 0 0.691283 0.308717 
 ----> psTTM 718 0 0.66566 0.33434 
