 ----> psTTM 1 1 0 0 
 ----> psTTM 2 0 0 0 
 ----> psTTM 3 1 0.635218 0.364782 
 ----> psTTM 4 1 0.672555 0.327445 
 ----> psTTM 5 1 0.649976 0.350024 
 ----> psTTM 6 1 0.67534 0.32466 
 ----> psTTM 7 0 0.659811 0.340189 
 ----> psTTM 8 0 0.584438 0.415562 
 ----> psTTM 9 0 0.678377 0.321623 
 ----> psTTM 10 1 0.661794 0.338206 
 ----> psTTM 11 1 0.609277 0.390723 
 ----> psTTM 12 0 0.677101 0.322899 
 ----> psTTM 13 0 0.69298 0.30702 
 ----> psTTM 14 1 0.68239 0.31761 
 ----> psTTM 15 1 0.610639 0.389361 
 ----> psTTM 16 1 0.661268 0.338732 
 ----> psTTM 17 1 0.618645 0.381355 
 ----> psTTM 18 0 0.666882 0.333118 
 ----> psTTM 19 0 0.693342 0.306658 
 ----> psTTM 20 0 0.663197 0.336803 
 ----> psTTM 21 1 0.653258 0.346742 
 ----> psTTM 22 0 0.701033 0.298967 
 ----> psTTM 23 0 0.688709 0.311291 
 ----> psTTM 24 0 0.659374 0.340626 
 ----> psTTM 25 0 0.675903 0.324097 
 ----> psTTM 26 1 0.674009 0.325991 
 ----> psTTM 27 1 0.661333 0.338667 
 ----> psTTM 28 1 0.666964 0.333036 
 ----> psTTM 29 0 0.635358 0.364642 
 ----> psTTM 30 0 0.671904 0.328096 
 ----> psTTM 31 0 0.65235 0.34765 
 ----> psTTM 32 0 0.640303 0.359697 
 ----> psTTM 33 0 0.65884 0.34116 
 ----> psTTM 34 0 0.726214 0.273786 
 ----> psTTM 35 1 0.662306 0.337694 
 ----> psTTM 36 0 0.657602 0.342398 
 ----> psTTM 37 0 0.669042 0.330958 
 ----> psTTM 38 0 0.705553 0.294447 
 ----> psTTM 39 0 0.708339 0.291661 
 ----> psTTM 40 1 0.682034 0.317966 
 ----> psTTM 41 1 0.635023 0.364977 
 ----> psTTM 42 1 0.665661 0.334339 
 ----> psTTM 43 0 0.679367 0.320633 
 ----> psTTM 44 1 0.650954 0.349046 
 ----> psTTM 45 1 0.645921 0.354079 
 ----> psTTM 46 0 0.660908 0.339092 
 ----> psTTM 47 1 0.610215 0.389785 
 ----> psTTM 48 1 0.662827 0.337173 
 ----> psTTM 49 1 0.57954 0.42046 
 ----> psTTM 50 1 0.640089 0.359911 
 ----> psTTM 51 0 0.640286 0.359714 
 ----> psTTM 52 1 0.584313 0.415687 
 ----> psTTM 53 0 0.672716 0.327284 
 ----> psTTM 54 0 0.69071 0.30929 
 ----> psTTM 55 0 0.654548 0.345452 
 ----> psTTM 56 1 0.673829 0.326171 
 ----> psTTM 57 1 0.64237 0.35763 
 ----> psTTM 58 0 0.674973 0.325027 
 ----> psTTM 59 1 0.67455 0.32545 
 ----> psTTM 60 0 0.602998 0.397002 
 ----> psTTM 61 0 0.672697 0.327303 
 ----> psTTM 62 0 0.67705 0.32295 
 ----> psTTM 63 1 0.622397 0.377603 
 ----> psTTM 64 1 0.625641 0.374359 
 ----> psTTM 65 0 0.687403 0.312597 
 ----> psTTM 66 0 0.693666 0.306334 
 ----> psTTM 67 1 0.70639 0.29361 
 ----> psTTM 68 1 0.636881 0.363119 
 ----> psTTM 69 0 0.650006 0.349994 
 ----> psTTM 70 0 0.691731 0.308269 
 ----> psTTM 71 1 0.66049 0.33951 
 ----> psTTM 72 1 0.725087 0.274913 
 ----> psTTM 73 0 0.644985 0.355015 
 ----> psTTM 74 0 0.677745 0.322255 
 ----> psTTM 75 0 0.686974 0.313026 
 ----> psTTM 76 1 0.575707 0.424293 
 ----> psTTM 77 0 0.676279 0.323721 
 ----> psTTM 78 1 0.64711 0.35289 
 ----> psTTM 79 0 0.650139 0.349861 
 ----> psTTM 80 1 0.657499 0.342501 
 ----> psTTM 81 1 0.675879 0.324121 
 ----> psTTM 82 1 0.651043 0.348957 
 ----> psTTM 83 1 0.664797 0.335203 
 ----> psTTM 84 1 0.659357 0.340643 
 ----> psTTM 85 0 0.65871 0.34129 
 ----> psTTM 86 0 0.696231 0.303769 
 ----> psTTM 87 1 0.635576 0.364424 
 ----> psTTM 88 1 0.666398 0.333602 
 ----> psTTM 89 1 0.625293 0.374707 
 ----> psTTM 90 1 0.621831 0.378169 
 ----> psTTM 91 1 0.654998 0.345002 
 ----> psTTM 92 0 0.628937 0.371063 
 ----> psTTM 93 0 0.68277 0.31723 
 ----> psTTM 94 1 0.585272 0.414728 
 ----> psTTM 95 0 0.656613 0.343387 
 ----> psTTM 96 0 0.684891 0.315109 
 ----> psTTM 97 1 0.636228 0.363772 
 ----> psTTM 98 1 0.685262 0.314738 
 ----> psTTM 99 1 0.664097 0.335903 
 ----> psTTM 100 0 0.643853 0.356147 
 ----> psTTM 101 1 0.630086 0.369914 
 ----> psTTM 102 0 0.691935 0.308065 
 ----> psTTM 103 0 0.712609 0.287391 
 ----> psTTM 104 0 0.708966 0.291034 
 ----> psTTM 105 1 0.647557 0.352443 
 ----> psTTM 106 0 0.669746 0.330254 
 ----> psTTM 107 0 0.691007 0.308993 
 ----> psTTM 108 0 0.641233 0.358767 
 ----> psTTM 109 0 0.651346 0.348654 
 ----> psTTM 110 1 0.679099 0.320901 
 ----> psTTM 111 0 0.689675 0.310325 
 ----> psTTM 112 0 0.669063 0.330937 
 ----> psTTM 113 1 0.582126 0.417874 
 ----> psTTM 114 1 0.596274 0.403726 
 ----> psTTM 115 0 0.680144 0.319856 
 ----> psTTM 116 0 0.683817 0.316183 
 ----> psTTM 117 1 0.651008 0.348992 
 ----> psTTM 118 1 0.631424 0.368576 
 ----> psTTM 119 1 0.674143 0.325857 
 ----> psTTM 120 0 0.6987 0.3013 
 ----> psTTM 121 0 0.671496 0.328504 
 ----> psTTM 122 1 0.634352 0.365648 
 ----> psTTM 123 1 0.629411 0.370589 
 ----> psTTM 124 0 0.67683 0.32317 
 ----> psTTM 125 1 0.678762 0.321238 
 ----> psTTM 126 0 0.666568 0.333432 
 ----> psTTM 127 0 0.663126 0.336874 
 ----> psTTM 128 0 0.662354 0.337646 
 ----> psTTM 129 1 0.66192 0.33808 
 ----> psTTM 130 0 0.628655 0.371345 
 ----> psTTM 131 0 0.683384 0.316616 
 ----> psTTM 132 0 0.72634 0.27366 
 ----> psTTM 133 1 0.618708 0.381292 
 ----> psTTM 134 1 0.609194 0.390806 
 ----> psTTM 135 1 0.669909 0.330091 
 ----> psTTM 136 0 0.673238 0.326762 
 ----> psTTM 137 1 0.644099 0.355901 
 ----> psTTM 138 0 0.656035 0.343965 
 ----> psTTM 139 0 0.649309 0.350691 
 ----> psTTM 140 1 0.645205 0.354795 
 ----> psTTM 141 0 0.652564 0.347436 
 ----> psTTM 142 1 0.610561 0.389439 
 ----> psTTM 143 0 0.683784 0.316216 
 ----> psTTM 144 1 0.667528 0.332472 
 ----> psTTM 145 0 0.660207 0.339793 
 ----> psTTM 146 0 0.670134 0.329866 
 ----> psTTM 147 0 0.66866 0.33134 
 ----> psTTM 148 0 0.674562 0.325438 
 ----> psTTM 149 1 0.639654 0.360346 
 ----> psTTM 150 1 0.664663 0.335337 
 ----> psTTM 151 1 0.674124 0.325876 
 ----> psTTM 152 0 0.689752 0.310248 
 ----> psTTM 153 0 0.680956 0.319044 
 ----> psTTM 154 0 0.652574 0.347426 
 ----> psTTM 155 1 0.682905 0.317095 
 ----> psTTM 156 1 0.657627 0.342373 
 ----> psTTM 157 1 0.626186 0.373814 
 ----> psTTM 158 0 0.657935 0.342065 
 ----> psTTM 159 1 0.688001 0.311999 
 ----> psTTM 160 0 0.680064 0.319936 
 ----> psTTM 161 0 0.653357 0.346643 
 ----> psTTM 162 1 0.633118 0.366882 
 ----> psTTM 163 1 0.677273 0.322727 
 ----> psTTM 164 1 0.654203 0.345797 
 ----> psTTM 165 1 0.634418 0.365582 
 ----> psTTM 166 0 0.667355 0.332645 
 ----> psTTM 167 1 0.678436 0.321564 
 ----> psTTM 168 0 0.755176 0.244824 
 ----> psTTM 169 0 0.653471 0.346529 
 ----> psTTM 170 1 0.639839 0.360161 
 ----> psTTM 171 1 0.667513 0.332487 
 ----> psTTM 172 0 0.668227 0.331773 
 ----> psTTM 173 1 0.661188 0.338812 
 ----> psTTM 174 0 0.682897 0.317103 
 ----> psTTM 175 1 0.641589 0.358411 
 ----> psTTM 176 0 0.683747 0.316253 
 ----> psTTM 177 0 0.655526 0.344474 
 ----> psTTM 178 1 0.63438 0.36562 
 ----> psTTM 179 0 0.70411 0.29589 
 ----> psTTM 180 0 0.682388 0.317612 
 ----> psTTM 181 0 0.669727 0.330273 
 ----> psTTM 182 0 0.681491 0.318509 
 ----> psTTM 183 1 0.682789 0.317211 
 ----> psTTM 184 1 0.553008 0.446992 
 ----> psTTM 185 0 0.706384 0.293616 
 ----> psTTM 186 0 0.708286 0.291714 
 ----> psTTM 187 0 0.731631 0.268369 
 ----> psTTM 188 1 0.590362 0.409638 
 ----> psTTM 189 1 0.640084 0.359916 
 ----> psTTM 190 0 0.664725 0.335275 
 ----> psTTM 191 0 0.703613 0.296387 
 ----> psTTM 192 1 0.648717 0.351283 
 ----> psTTM 193 0 0.677772 0.322228 
 ----> psTTM 194 0 0.68262 0.31738 
 ----> psTTM 195 0 0.635104 0.364896 
 ----> psTTM 196 1 0.618437 0.381563 
 ----> psTTM 197 0 0.681434 0.318566 
 ----> psTTM 198 0 0.667411 0.332589 
 ----> psTTM 199 0 0.67542 0.32458 
 ----> psTTM 200 0 0.718932 0.281068 
 ----> psTTM 201 0 0.673223 0.326777 
 ----> psTTM 202 0 0.690898 0.309102 
 ----> psTTM 203 1 0.634743 0.365257 
 ----> psTTM 204 1 0.646652 0.353348 
 ----> psTTM 205 0 0.682524 0.317476 
 ----> psTTM 206 1 0.623997 0.376003 
 ----> psTTM 207 1 0.572001 0.427999 
 ----> psTTM 208 0 0.678864 0.321136 
 ----> psTTM 209 0 0.681249 0.318751 
 ----> psTTM 210 0 0.690149 0.309851 
 ----> psTTM 211 0 0.659736 0.340264 
 ----> psTTM 212 0 0.70264 0.29736 
 ----> psTTM 213 1 0.656072 0.343928 
 ----> psTTM 214 0 0.678087 0.321913 
 ----> psTTM 215 1 0.633779 0.366221 
 ----> psTTM 216 0 0.676901 0.323099 
 ----> psTTM 217 1 0.598927 0.401073 
 ----> psTTM 218 0 0.673033 0.326967 
 ----> psTTM 219 0 0.62927 0.37073 
 ----> psTTM 220 0 0.665873 0.334127 
 ----> psTTM 221 0 0.693127 0.306873 
 ----> psTTM 222 1 0.595564 0.404436 
 ----> psTTM 223 1 0.631474 0.368526 
 ----> psTTM 224 0 0.693375 0.306625 
 ----> psTTM 225 1 0.653176 0.346824 
 ----> psTTM 226 1 0.646203 0.353797 
 ----> psTTM 227 0 0.667677 0.332323 
 ----> psTTM 228 0 0.681314 0.318686 
 ----> psTTM 229 0 0.674651 0.325349 
 ----> psTTM 230 0 0.677689 0.322311 
 ----> psTTM 231 0 0.699696 0.300304 
 ----> psTTM 232 1 0.658217 0.341783 
 ----> psTTM 233 0 0.720838 0.279162 
 ----> psTTM 234 0 0.67382 0.32618 
 ----> psTTM 235 0 0.66973 0.33027 
 ----> psTTM 236 1 0.628705 0.371295 
 ----> psTTM 237 0 0.684608 0.315392 
 ----> psTTM 238 0 0.668891 0.331109 
 ----> psTTM 239 0 0.701054 0.298946 
 ----> psTTM 240 1 0.649708 0.350292 
 ----> psTTM 241 0 0.670975 0.329025 
 ----> psTTM 242 1 0.661601 0.338399 
 ----> psTTM 243 0 0.657693 0.342307 
 ----> psTTM 244 1 0.64732 0.35268 
 ----> psTTM 245 1 0.670779 0.329221 
 ----> psTTM 246 0 0.700449 0.299551 
 ----> psTTM 247 0 0.6691 0.3309 
 ----> psTTM 248 1 0.633881 0.366119 
 ----> psTTM 249 1 0.660747 0.339253 
 ----> psTTM 250 0 0.672398 0.327602 
 ----> psTTM 251 0 0.719264 0.280736 
 ----> psTTM 252 0 0.653147 0.346853 
 ----> psTTM 253 1 0.6612 0.3388 
 ----> psTTM 254 0 0.640213 0.359787 
 ----> psTTM 255 1 0.643791 0.356209 
 ----> psTTM 256 0 0.680193 0.319807 
 ----> psTTM 257 0 0.694211 0.305789 
 ----> psTTM 258 0 0.650402 0.349598 
 ----> psTTM 259 0 0.684858 0.315142 
 ----> psTTM 260 1 0.629677 0.370323 
 ----> psTTM 261 1 0.650104 0.349896 
 ----> psTTM 262 0 0.654994 0.345006 
 ----> psTTM 263 1 0.662028 0.337972 
 ----> psTTM 264 1 0.660444 0.339556 
 ----> psTTM 265 1 0.658122 0.341878 
 ----> psTTM 266 0 0.641834 0.358166 
 ----> psTTM 267 0 0.684286 0.315714 
 ----> psTTM 268 0 0.632561 0.367439 
 ----> psTTM 269 0 0.710649 0.289351 
 ----> psTTM 270 1 0.649875 0.350125 
 ----> psTTM 271 1 0.606178 0.393822 
 ----> psTTM 272 0 0.68571 0.31429 
 ----> psTTM 273 0 0.721984 0.278016 
 ----> psTTM 274 1 0.637117 0.362883 
 ----> psTTM 275 1 0.617909 0.382091 
 ----> psTTM 276 0 0.684474 0.315526 
 ----> psTTM 277 0 0.696123 0.303877 
 ----> psTTM 278 0 0.652758 0.347242 
 ----> psTTM 279 1 0.640509 0.359491 
 ----> psTTM 280 1 0.663013 0.336987 
 ----> psTTM 281 0 0.708756 0.291244 
 ----> psTTM 282 1 0.622495 0.377505 
 ----> psTTM 283 1 0.662656 0.337344 
 ----> psTTM 284 1 0.642866 0.357134 
 ----> psTTM 285 0 0.680252 0.319748 
 ----> psTTM 286 0 0.67713 0.32287 
 ----> psTTM 287 0 0.607284 0.392716 
 ----> psTTM 288 1 0.668226 0.331774 
 ----> psTTM 289 0 0.679209 0.320791 
 ----> psTTM 290 0 0.660633 0.339367 
 ----> psTTM 291 1 0.630945 0.369055 
 ----> psTTM 292 0 0.642315 0.357685 
 ----> psTTM 293 1 0.654948 0.345052 
 ----> psTTM 294 1 0.685218 0.314782 
 ----> psTTM 295 0 0.691661 0.308339 
 ----> psTTM 296 0 0.638794 0.361206 
 ----> psTTM 297 0 0.673621 0.326379 
 ----> psTTM 298 1 0.656807 0.343193 
 ----> psTTM 299 0 0.688543 0.311457 
 ----> psTTM 300 0 0.694059 0.305941 
 ----> psTTM 301 0 0.663251 0.336749 
 ----> psTTM 302 0 0.651481 0.348519 
 ----> psTTM 303 0 0.698594 0.301406 
 ----> psTTM 304 0 0.707502 0.292498 
 ----> psTTM 305 0 0.622344 0.377656 
 ----> psTTM 306 0 0.693992 0.306008 
 ----> psTTM 307 1 0.61108 0.38892 
 ----> psTTM 308 0 0.682632 0.317368 
 ----> psTTM 309 1 0.69322 0.30678 
 ----> psTTM 310 0 0.669496 0.330504 
 ----> psTTM 311 0 0.690376 0.309624 
 ----> psTTM 312 0 0.658386 0.341614 
 ----> psTTM 313 1 0.627337 0.372663 
 ----> psTTM 314 0 0.642255 0.357745 
 ----> psTTM 315 0 0.693636 0.306364 
 ----> psTTM 316 0 0.709396 0.290604 
 ----> psTTM 317 0 0.691897 0.308103 
 ----> psTTM 318 0 0.688344 0.311656 
 ----> psTTM 319 0 0.681957 0.318043 
 ----> psTTM 320 0 0.67301 0.32699 
 ----> psTTM 321 1 0.625175 0.374825 
 ----> psTTM 322 1 0.654267 0.345733 
 ----> psTTM 323 0 0.672249 0.327751 
 ----> psTTM 324 0 0.645462 0.354538 
 ----> psTTM 325 0 0.642374 0.357626 
 ----> psTTM 326 1 0.663849 0.336151 
 ----> psTTM 327 1 0.641991 0.358009 
 ----> psTTM 328 0 0.703234 0.296766 
 ----> psTTM 329 0 0.641655 0.358345 
 ----> psTTM 330 0 0.645633 0.354367 
 ----> psTTM 331 0 0.678163 0.321837 
 ----> psTTM 332 0 0.70049 0.29951 
 ----> psTTM 333 1 0.64038 0.35962 
 ----> psTTM 334 1 0.680625 0.319375 
 ----> psTTM 335 0 0.674125 0.325875 
 ----> psTTM 336 1 0.608854 0.391146 
 ----> psTTM 337 1 0.672255 0.327745 
 ----> psTTM 338 1 0.692528 0.307472 
 ----> psTTM 339 0 0.66599 0.33401 
 ----> psTTM 340 0 0.690399 0.309601 
 ----> psTTM 341 1 0.682073 0.317927 
 ----> psTTM 342 1 0.651075 0.348925 
 ----> psTTM 343 0 0.675624 0.324376 
 ----> psTTM 344 0 0.67253 0.32747 
 ----> psTTM 345 0 0.69893 0.30107 
 ----> psTTM 346 0 0.721919 0.278081 
 ----> psTTM 347 1 0.613852 0.386148 
 ----> psTTM 348 0 0.689606 0.310394 
 ----> psTTM 349 0 0.69259 0.30741 
 ----> psTTM 350 1 0.655004 0.344996 
 ----> psTTM 351 0 0.696241 0.303759 
 ----> psTTM 352 0 0.655744 0.344256 
 ----> psTTM 353 0 0.720902 0.279098 
 ----> psTTM 354 0 0.654257 0.345743 
 ----> psTTM 355 0 0.709806 0.290194 
 ----> psTTM 356 0 0.682325 0.317675 
 ----> psTTM 357 1 0.658585 0.341415 
 ----> psTTM 358 0 0.693454 0.306546 
 ----> psTTM 359 0 0.640676 0.359324 
 ----> psTTM 360 0 0.657227 0.342773 
 ----> psTTM 361 0 0.62815 0.37185 
 ----> psTTM 362 1 0.656451 0.343549 
 ----> psTTM 363 0 0.681378 0.318622 
 ----> psTTM 364 0 0.659858 0.340142 
 ----> psTTM 365 0 0.700907 0.299093 
 ----> psTTM 366 1 0.641507 0.358493 
 ----> psTTM 367 0 0.684133 0.315867 
 ----> psTTM 368 0 0.646408 0.353592 
 ----> psTTM 369 0 0.689941 0.310059 
 ----> psTTM 370 1 0.627198 0.372802 
 ----> psTTM 371 0 0.665393 0.334607 
 ----> psTTM 372 0 0.701407 0.298593 
 ----> psTTM 373 0 0.657232 0.342768 
 ----> psTTM 374 0 0.643764 0.356236 
 ----> psTTM 375 1 0.625869 0.374131 
 ----> psTTM 376 0 0.677513 0.322487 
 ----> psTTM 377 0 0.681689 0.318311 
 ----> psTTM 378 1 0.667886 0.332114 
 ----> psTTM 379 0 0.656734 0.343266 
 ----> psTTM 380 0 0.669605 0.330395 
 ----> psTTM 381 0 0.648525 0.351475 
 ----> psTTM 382 0 0.699224 0.300776 
 ----> psTTM 383 0 0.670663 0.329337 
 ----> psTTM 384 0 0.656553 0.343447 
 ----> psTTM 385 1 0.63637 0.36363 
 ----> psTTM 386 0 0.700714 0.299286 
 ----> psTTM 387 1 0.621942 0.378058 
 ----> psTTM 388 1 0.680211 0.319789 
 ----> psTTM 389 0 0.684031 0.315969 
 ----> psTTM 390 0 0.670965 0.329035 
 ----> psTTM 391 0 0.672339 0.327661 
 ----> psTTM 392 1 0.655904 0.344096 
 ----> psTTM 393 1 0.637443 0.362557 
 ----> psTTM 394 0 0.676462 0.323538 
 ----> psTTM 395 0 0.685076 0.314924 
 ----> psTTM 396 0 0.645011 0.354989 
 ----> psTTM 397 0 0.677788 0.322212 
 ----> psTTM 398 1 0.645563 0.354437 
 ----> psTTM 399 1 0.66804 0.33196 
 ----> psTTM 400 1 0.636656 0.363344 
 ----> psTTM 401 0 0.673577 0.326423 
 ----> psTTM 402 0 0.655972 0.344028 
 ----> psTTM 403 0 0.66785 0.33215 
 ----> psTTM 404 0 0.680963 0.319037 
 ----> psTTM 405 0 0.711678 0.288322 
 ----> psTTM 406 1 0.659037 0.340963 
 ----> psTTM 407 1 0.624645 0.375355 
 ----> psTTM 408 0 0.713278 0.286722 
 ----> psTTM 409 1 0.660839 0.339161 
 ----> psTTM 410 0 0.65711 0.34289 
 ----> psTTM 411 0 0.638925 0.361075 
 ----> psTTM 412 1 0.667578 0.332422 
 ----> psTTM 413 1 0.655535 0.344465 
 ----> psTTM 414 0 0.632593 0.367407 
 ----> psTTM 415 1 0.656146 0.343854 
 ----> psTTM 416 0 0.705325 0.294675 
 ----> psTTM 417 0 0.6799 0.3201 
 ----> psTTM 418 1 0.634257 0.365743 
 ----> psTTM 419 0 0.705466 0.294534 
 ----> psTTM 420 0 0.68773 0.31227 
 ----> psTTM 421 0 0.660516 0.339484 
 ----> psTTM 422 0 0.680277 0.319723 
 ----> psTTM 423 0 0.676397 0.323603 
 ----> psTTM 424 0 0.647427 0.352573 
 ----> psTTM 425 0 0.644914 0.355086 
 ----> psTTM 426 1 0.602932 0.397068 
 ----> psTTM 427 0 0.677485 0.322515 
 ----> psTTM 428 0 0.66756 0.33244 
 ----> psTTM 429 0 0.695189 0.304811 
 ----> psTTM 430 0 0.663967 0.336033 
 ----> psTTM 431 0 0.653178 0.346822 
 ----> psTTM 432 0 0.654452 0.345548 
 ----> psTTM 433 0 0.702994 0.297006 
 ----> psTTM 434 0 0.689253 0.310747 
 ----> psTTM 435 1 0.663772 0.336228 
 ----> psTTM 436 0 0.686485 0.313515 
 ----> psTTM 437 0 0.659378 0.340622 
 ----> psTTM 438 0 0.684798 0.315202 
 ----> psTTM 439 0 0.6338 0.3662 
 ----> psTTM 440 0 0.677803 0.322197 
 ----> psTTM 441 0 0.691474 0.308526 
 ----> psTTM 442 0 0.654481 0.345519 
 ----> psTTM 443 0 0.699561 0.300439 
 ----> psTTM 444 0 0.68256 0.31744 
 ----> psTTM 445 1 0.667837 0.332163 
 ----> psTTM 446 0 0.648473 0.351527 
 ----> psTTM 447 0 0.697042 0.302958 
 ----> psTTM 448 0 0.690486 0.309514 
 ----> psTTM 449 0 0.681173 0.318827 
 ----> psTTM 450 0 0.66749 0.33251 
 ----> psTTM 451 0 0.7269 0.2731 
 ----> psTTM 452 0 0.702905 0.297095 
 ----> psTTM 453 0 0.659597 0.340403 
 ----> psTTM 454 1 0.662288 0.337712 
 ----> psTTM 455 0 0.703022 0.296978 
 ----> psTTM 456 0 0.661203 0.338797 
 ----> psTTM 457 0 0.701224 0.298776 
 ----> psTTM 458 1 0.677398 0.322602 
 ----> psTTM 459 0 0.648778 0.351222 
 ----> psTTM 460 0 0.683586 0.316414 
 ----> psTTM 461 1 0.650251 0.349749 
 ----> psTTM 462 0 0.664629 0.335371 
 ----> psTTM 463 0 0.643612 0.356388 
 ----> psTTM 464 0 0.674047 0.325953 
 ----> psTTM 465 0 0.733423 0.266577 
 ----> psTTM 466 0 0.65715 0.34285 
 ----> psTTM 467 1 0.663203 0.336797 
 ----> psTTM 468 0 0.690468 0.309532 
 ----> psTTM 469 0 0.666352 0.333648 
 ----> psTTM 470 1 0.6222 0.3778 
 ----> psTTM 471 1 0.632896 0.367104 
 ----> psTTM 472 0 0.676552 0.323448 
 ----> psTTM 473 1 0.67583 0.32417 
 ----> psTTM 474 0 0.590731 0.409269 
 ----> psTTM 475 0 0.673543 0.326457 
 ----> psTTM 476 0 0.705421 0.294579 
 ----> psTTM 477 1 0.641734 0.358266 
 ----> psTTM 478 0 0.657384 0.342616 
 ----> psTTM 479 1 0.661668 0.338332 
 ----> psTTM 480 0 0.65912 0.34088 
 ----> psTTM 481 0 0.66843 0.33157 
 ----> psTTM 482 0 0.689239 0.310761 
 ----> psTTM 483 1 0.648739 0.351261 
 ----> psTTM 484 0 0.692803 0.307197 
 ----> psTTM 485 0 0.694487 0.305513 
 ----> psTTM 486 0 0.643543 0.356457 
 ----> psTTM 487 0 0.648165 0.351835 
 ----> psTTM 488 1 0.672056 0.327944 
 ----> psTTM 489 1 0.627177 0.372823 
 ----> psTTM 490 0 0.663349 0.336651 
 ----> psTTM 491 1 0.624405 0.375595 
 ----> psTTM 492 0 0.674065 0.325935 
 ----> psTTM 493 0 0.655268 0.344732 
 ----> psTTM 494 0 0.646371 0.353629 
 ----> psTTM 495 1 0.631201 0.368799 
 ----> psTTM 496 0 0.638086 0.361914 
 ----> psTTM 497 0 0.661049 0.338951 
 ----> psTTM 498 0 0.692192 0.307808 
 ----> psTTM 499 1 0.610648 0.389352 
 ----> psTTM 500 1 0.648571 0.351429 
 ----> psTTM 501 0 0.656098 0.343902 
 ----> psTTM 502 0 0.636324 0.363676 
 ----> psTTM 503 0 0.679948 0.320052 
 ----> psTTM 504 0 0.711725 0.288275 
 ----> psTTM 505 0 0.677021 0.322979 
 ----> psTTM 506 0 0.683689 0.316311 
 ----> psTTM 507 0 0.649864 0.350136 
 ----> psTTM 508 1 0.66809 0.33191 
 ----> psTTM 509 1 0.639769 0.360231 
 ----> psTTM 510 0 0.669187 0.330813 
 ----> psTTM 511 0 0.698049 0.301951 
 ----> psTTM 512 0 0.663169 0.336831 
 ----> psTTM 513 0 0.692997 0.307003 
 ----> psTTM 514 1 0.615017 0.384983 
 ----> psTTM 515 0 0.667637 0.332363 
 ----> psTTM 516 0 0.720166 0.279834 
 ----> psTTM 517 1 0.612445 0.387555 
 ----> psTTM 518 0 0.684649 0.315351 
 ----> psTTM 519 0 0.683988 0.316012 
 ----> psTTM 520 1 0.694402 0.305598 
 ----> psTTM 521 1 0.644361 0.355639 
 ----> psTTM 522 0 0.71652 0.28348 
 ----> psTTM 523 1 0.608264 0.391736 
 ----> psTTM 524 0 0.733132 0.266868 
 ----> psTTM 525 0 0.684328 0.315672 
 ----> psTTM 526 0 0.696453 0.303547 
 ----> psTTM 527 0 0.690887 0.309113 
 ----> psTTM 528 0 0.677329 0.322671 
 ----> psTTM 529 1 0.63197 0.36803 
 ----> psTTM 530 0 0.670353 0.329647 
 ----> psTTM 531 1 0.673026 0.326974 
 ----> psTTM 532 0 0.608468 0.391532 
 ----> psTTM 533 0 0.711534 0.288466 
 ----> psTTM 534 0 0.653259 0.346741 
 ----> psTTM 535 1 0.625996 0.374004 
 ----> psTTM 536 0 0.704369 0.295631 
 ----> psTTM 537 0 0.684201 0.315799 
 ----> psTTM 538 0 0.67858 0.32142 
 ----> psTTM 539 1 0.654132 0.345868 
 ----> psTTM 540 0 0.658996 0.341004 
 ----> psTTM 541 1 0.626898 0.373102 
 ----> psTTM 542 0 0.650749 0.349251 
 ----> psTTM 543 1 0.641633 0.358367 
 ----> psTTM 544 0 0.674357 0.325643 
 ----> psTTM 545 1 0.643155 0.356845 
 ----> psTTM 546 0 0.716572 0.283428 
 ----> psTTM 547 0 0.73339 0.26661 
 ----> psTTM 548 1 0.648324 0.351676 
 ----> psTTM 549 0 0.659088 0.340912 
 ----> psTTM 550 0 0.67917 0.32083 
 ----> psTTM 551 0 0.662855 0.337145 
 ----> psTTM 552 1 0.661425 0.338575 
 ----> psTTM 553 1 0.648071 0.351929 
 ----> psTTM 554 1 0.67193 0.32807 
 ----> psTTM 555 1 0.639566 0.360434 
 ----> psTTM 556 0 0.652737 0.347263 
 ----> psTTM 557 0 0.67386 0.32614 
 ----> psTTM 558 0 0.641017 0.358983 
 ----> psTTM 559 0 0.694897 0.305103 
 ----> psTTM 560 0 0.670862 0.329138 
 ----> psTTM 561 1 0.644753 0.355247 
 ----> psTTM 562 0 0.674932 0.325068 
 ----> psTTM 563 0 0.635253 0.364747 
 ----> psTTM 564 0 0.686315 0.313685 
 ----> psTTM 565 0 0.650337 0.349663 
 ----> psTTM 566 0 0.677946 0.322054 
 ----> psTTM 567 0 0.690719 0.309281 
 ----> psTTM 568 0 0.67024 0.32976 
 ----> psTTM 569 1 0.605984 0.394016 
 ----> psTTM 570 0 0.6423 0.3577 
 ----> psTTM 571 1 0.613124 0.386876 
 ----> psTTM 572 0 0.653622 0.346378 
 ----> psTTM 573 0 0.724352 0.275648 
 ----> psTTM 574 0 0.690967 0.309033 
 ----> psTTM 575 1 0.665566 0.334434 
 ----> psTTM 576 0 0.696505 0.303495 
 ----> psTTM 577 1 0.648857 0.351143 
 ----> psTTM 578 0 0.673775 0.326225 
 ----> psTTM 579 0 0.665781 0.334219 
 ----> psTTM 580 1 0.681408 0.318592 
 ----> psTTM 581 0 0.650516 0.349484 
 ----> psTTM 582 0 0.635845 0.364155 
 ----> psTTM 583 1 0.620118 0.379882 
 ----> psTTM 584 0 0.706649 0.293351 
 ----> psTTM 585 0 0.647751 0.352249 
 ----> psTTM 586 0 0.701622 0.298378 
 ----> psTTM 587 0 0.677747 0.322253 
 ----> psTTM 588 0 0.702324 0.297676 
 ----> psTTM 589 1 0.632185 0.367815 
 ----> psTTM 590 0 0.665809 0.334191 
 ----> psTTM 591 1 0.67079 0.32921 
 ----> psTTM 592 1 0.654536 0.345464 
 ----> psTTM 593 0 0.693859 0.306141 
 ----> psTTM 594 0 0.69851 0.30149 
 ----> psTTM 595 0 0.663142 0.336858 
 ----> psTTM 596 0 0.686098 0.313902 
 ----> psTTM 597 0 0.664576 0.335424 
 ----> psTTM 598 0 0.684215 0.315785 
 ----> psTTM 599 0 0.688075 0.311925 
 ----> psTTM 600 0 0.673276 0.326724 
 ----> psTTM 601 0 0.681736 0.318264 
 ----> psTTM 602 1 0.674073 0.325927 
 ----> psTTM 603 0 0.71679 0.28321 
 ----> psTTM 604 0 0.697804 0.302196 
 ----> psTTM 605 0 0.685991 0.314009 
 ----> psTTM 606 0 0.675746 0.324254 
 ----> psTTM 607 1 0.62762 0.37238 
 ----> psTTM 608 0 0.685286 0.314714 
 ----> psTTM 609 0 0.651555 0.348445 
 ----> psTTM 610 0 0.707892 0.292108 
 ----> psTTM 611 0 0.678494 0.321506 
 ----> psTTM 612 0 0.671357 0.328643 
 ----> psTTM 613 0 0.685295 0.314705 
 ----> psTTM 614 0 0.652651 0.347349 
 ----> psTTM 615 0 0.661422 0.338578 
 ----> psTTM 616 0 0.707459 0.292541 
 ----> psTTM 617 0 0.720691 0.279309 
 ----> psTTM 618 0 0.678064 0.321936 
 ----> psTTM 619 1 0.619902 0.380098 
 ----> psTTM 620 0 0.659561 0.340439 
 ----> psTTM 621 0 0.676246 0.323754 
 ----> psTTM 622 0 0.669956 0.330044 
 ----> psTTM 623 1 0.650264 0.349736 
 ----> psTTM 624 0 0.718304 0.281696 
 ----> psTTM 625 0 0.676855 0.323145 
 ----> psTTM 626 0 0.690722 0.309278 
 ----> psTTM 627 0 0.644162 0.355838 
 ----> psTTM 628 1 0.664085 0.335915 
 ----> psTTM 629 0 0.645946 0.354054 
 ----> psTTM 630 0 0.663715 0.336285 
 ----> psTTM 631 1 0.637752 0.362248 
 ----> psTTM 632 1 0.661996 0.338004 
 ----> psTTM 633 0 0.732936 0.267064 
 ----> psTTM 634 1 0.635709 0.364291 
 ----> psTTM 635 0 0.700582 0.299418 
 ----> psTTM 636 1 0.659485 0.340515 
 ----> psTTM 637 0 0.663293 0.336707 
 ----> psTTM 638 0 0.671368 0.328632 
 ----> psTTM 639 1 0.668466 0.331534 
 ----> psTTM 640 0 0.686007 0.313993 
 ----> psTTM 641 0 0.68439 0.31561 
 ----> psTTM 642 0 0.691753 0.308247 
 ----> psTTM 643 0 0.669076 0.330924 
 ----> psTTM 644 0 0.669984 0.330016 
 ----> psTTM 645 0 0.694326 0.305674 
 ----> psTTM 646 1 0.646751 0.353249 
 ----> psTTM 647 0 0.69119 0.30881 
 ----> psTTM 648 0 0.664471 0.335529 
 ----> psTTM 649 0 0.67649 0.32351 
 ----> psTTM 650 0 0.675383 0.324617 
 ----> psTTM 651 1 0.674735 0.325265 
 ----> psTTM 652 0 0.689127 0.310873 
 ----> psTTM 653 1 0.659283 0.340717 
 ----> psTTM 654 0 0.716591 0.283409 
 ----> psTTM 655 0 0.657251 0.342749 
 ----> psTTM 656 0 0.682851 0.317149 
 ----> psTTM 657 0 0.693564 0.306436 
 ----> psTTM 658 0 0.67536 0.32464 
 ----> psTTM 659 0 0.638236 0.361764 
 ----> psTTM 660 0 0.671969 0.328031 
 ----> psTTM 661 0 0.663398 0.336602 
 ----> psTTM 662 0 0.689996 0.310004 
 ----> psTTM 663 1 0.580082 0.419918 
 ----> psTTM 664 1 0.659168 0.340832 
 ----> psTTM 665 0 0.695681 0.304319 
 ----> psTTM 666 0 0.710562 0.289438 
 ----> psTTM 667 0 0.641915 0.358085 
 ----> psTTM 668 0 0.668378 0.331622 
 ----> psTTM 669 0 0.6477 0.3523 
 ----> psTTM 670 0 0.689798 0.310202 
 ----> psTTM 671 0 0.682952 0.317048 
 ----> psTTM 672 0 0.698264 0.301736 
 ----> psTTM 673 0 0.658584 0.341416 
 ----> psTTM 674 1 0.653895 0.346105 
 ----> psTTM 675 1 0.64154 0.35846 
 ----> psTTM 676 0 0.692902 0.307098 
 ----> psTTM 677 1 0.609018 0.390982 
 ----> psTTM 678 1 0.558879 0.441121 
 ----> psTTM 679 0 0.676049 0.323951 
 ----> psTTM 680 1 0.668776 0.331224 
 ----> psTTM 681 0 0.632369 0.367631 
 ----> psTTM 682 0 0.679037 0.320963 
 ----> psTTM 683 0 0.698155 0.301845 
 ----> psTTM 684 0 0.763025 0.236975 
 ----> psTTM 685 0 0.688377 0.311623 
 ----> psTTM 686 0 0.668832 0.331168 
 ----> psTTM 687 0 0.709062 0.290938 
 ----> psTTM 688 0 0.670587 0.329413 
 ----> psTTM 689 0 0.669073 0.330927 
 ----> psTTM 690 1 0.605439 0.394561 
 ----> psTTM 691 0 0.695498 0.304502 
 ----> psTTM 692 0 0.712539 0.287461 
 ----> psTTM 693 1 0.659761 0.340239 
 ----> psTTM 694 0 0.625184 0.374816 
 ----> psTTM 695 0 0.682924 0.317076 
 ----> psTTM 696 0 0.687285 0.312715 
 ----> psTTM 697 0 0.691366 0.308634 
 ----> psTTM 698 1 0.636456 0.363544 
 ----> psTTM 699 0 0.655802 0.344198 
 ----> psTTM 700 1 0.674063 0.325937 
 ----> psTTM 701 0 0.664669 0.335331 
 ----> psTTM 702 0 0.652307 0.347693 
 ----> psTTM 703 0 0.683442 0.316558 
 ----> psTTM 704 0 0.739357 0.260643 
 ----> psTTM 705 0 0.685618 0.314382 
 ----> psTTM 706 0 0.671143 0.328857 
 ----> psTTM 707 0 0.711909 0.288091 
 ----> psTTM 708 0 0.658668 0.341332 
 ----> psTTM 709 0 0.631934 0.368066 
 ----> psTTM 710 0 0.70262 0.29738 
 ----> psTTM 711 0 0.644232 0.355768 
 ----> psTTM 712 0 0.699086 0.300914 
 ----> psTTM 713 1 0.613511 0.386489 
 ----> psTTM 714 1 0.630214 0.369786 
 ----> psTTM 715 1 0.694219 0.305781 
 ----> psTTM 716 1 0.701315 0.298685 
 ----> psTTM 717 0 0.715223 0.284777 
 ----> psTTM 718 0 0.622735 0.377265 
