 ----> pcfNcfTTM 1 1 0 0 
 ----> pcfNcfTTM 2 0 0.650162 0.349838 
 ----> pcfNcfTTM 3 1 0.677228 0.322772 
 ----> pcfNcfTTM 4 1 0.702354 0.297646 
 ----> pcfNcfTTM 5 1 0.66048 0.33952 
 ----> pcfNcfTTM 6 1 0.670675 0.329325 
 ----> pcfNcfTTM 7 0 0.588859 0.411141 
 ----> pcfNcfTTM 8 0 0.679029 0.320971 
 ----> pcfNcfTTM 9 0 0.640497 0.359503 
 ----> pcfNcfTTM 10 1 0.660794 0.339206 
 ----> pcfNcfTTM 11 1 0.645028 0.354972 
 ----> pcfNcfTTM 12 0 0.654121 0.345879 
 ----> pcfNcfTTM 13 0 0.652353 0.347647 
 ----> pcfNcfTTM 14 1 0.656487 0.343513 
 ----> pcfNcfTTM 15 1 0.636726 0.363274 
 ----> pcfNcfTTM 16 1 0.636976 0.363024 
 ----> pcfNcfTTM 17 1 0.685783 0.314217 
 ----> pcfNcfTTM 18 0 0.661248 0.338752 
 ----> pcfNcfTTM 19 0 0.638912 0.361088 
 ----> pcfNcfTTM 20 0 0.647986 0.352014 
 ----> pcfNcfTTM 21 1 0.623058 0.376942 
 ----> pcfNcfTTM 22 0 0.675464 0.324536 
 ----> pcfNcfTTM 23 0 0.712324 0.287676 
 ----> pcfNcfTTM 24 0 0.665256 0.334744 
 ----> pcfNcfTTM 25 0 0.678029 0.321971 
 ----> pcfNcfTTM 26 1 0.650949 0.349051 
 ----> pcfNcfTTM 27 1 0.641205 0.358795 
 ----> pcfNcfTTM 28 1 0.703916 0.296084 
 ----> pcfNcfTTM 29 0 0.662594 0.337406 
 ----> pcfNcfTTM 30 0 0.650913 0.349087 
 ----> pcfNcfTTM 31 0 0.704525 0.295475 
 ----> pcfNcfTTM 32 0 0.652722 0.347278 
 ----> pcfNcfTTM 33 0 0.680748 0.319252 
 ----> pcfNcfTTM 34 1 0.609898 0.390102 
 ----> pcfNcfTTM 35 1 0.638624 0.361376 
 ----> pcfNcfTTM 36 0 0.699367 0.300633 
 ----> pcfNcfTTM 37 0 0.649976 0.350024 
 ----> pcfNcfTTM 38 0 0.691383 0.308617 
 ----> pcfNcfTTM 39 0 0.638705 0.361295 
 ----> pcfNcfTTM 40 1 0.681174 0.318826 
 ----> pcfNcfTTM 41 1 0.643839 0.356161 
 ----> pcfNcfTTM 42 1 0.655841 0.344159 
 ----> pcfNcfTTM 43 0 0.664258 0.335742 
 ----> pcfNcfTTM 44 1 0.657454 0.342546 
 ----> pcfNcfTTM 45 1 0.679133 0.320867 
 ----> pcfNcfTTM 46 0 0.672367 0.327633 
 ----> pcfNcfTTM 47 1 0.653109 0.346891 
 ----> pcfNcfTTM 48 1 0.654722 0.345278 
 ----> pcfNcfTTM 49 1 0.638774 0.361226 
 ----> pcfNcfTTM 50 1 0.586397 0.413603 
 ----> pcfNcfTTM 51 0 0.664161 0.335839 
 ----> pcfNcfTTM 52 1 0.616636 0.383364 
 ----> pcfNcfTTM 53 0 0.687013 0.312987 
 ----> pcfNcfTTM 54 0 0.674155 0.325845 
 ----> pcfNcfTTM 55 0 0.65472 0.34528 
 ----> pcfNcfTTM 56 1 0.601872 0.398128 
 ----> pcfNcfTTM 57 1 0.589683 0.410317 
 ----> pcfNcfTTM 58 0 0.66286 0.33714 
 ----> pcfNcfTTM 59 1 0.666139 0.333861 
 ----> pcfNcfTTM 60 0 0.637466 0.362534 
 ----> pcfNcfTTM 61 0 0.689631 0.310369 
 ----> pcfNcfTTM 62 0 0.686699 0.313301 
 ----> pcfNcfTTM 63 1 0.658657 0.341343 
 ----> pcfNcfTTM 64 1 0.645263 0.354737 
 ----> pcfNcfTTM 65 0 0.645766 0.354234 
 ----> pcfNcfTTM 66 0 0.681795 0.318205 
 ----> pcfNcfTTM 67 1 0.646167 0.353833 
 ----> pcfNcfTTM 68 1 0.638098 0.361902 
 ----> pcfNcfTTM 69 0 0.667362 0.332638 
 ----> pcfNcfTTM 70 1 0.65172 0.34828 
 ----> pcfNcfTTM 71 1 0.633372 0.366628 
 ----> pcfNcfTTM 72 1 0.656352 0.343648 
 ----> pcfNcfTTM 73 0 0.665246 0.334754 
 ----> pcfNcfTTM 74 0 0.66173 0.33827 
 ----> pcfNcfTTM 75 0 0.683893 0.316107 
 ----> pcfNcfTTM 76 1 0.656161 0.343839 
 ----> pcfNcfTTM 77 0 0.665945 0.334055 
 ----> pcfNcfTTM 78 1 0.65154 0.34846 
 ----> pcfNcfTTM 79 0 0.648545 0.351455 
 ----> pcfNcfTTM 80 1 0.641827 0.358173 
 ----> pcfNcfTTM 81 1 0.630934 0.369066 
 ----> pcfNcfTTM 82 1 0.642401 0.357599 
 ----> pcfNcfTTM 83 1 0.597078 0.402922 
 ----> pcfNcfTTM 84 1 0.66122 0.33878 
 ----> pcfNcfTTM 85 0 0.674609 0.325391 
 ----> pcfNcfTTM 86 0 0.663227 0.336773 
 ----> pcfNcfTTM 87 1 0.626317 0.373683 
 ----> pcfNcfTTM 88 1 0.633886 0.366114 
 ----> pcfNcfTTM 89 1 0.646678 0.353322 
 ----> pcfNcfTTM 90 1 0.640965 0.359035 
 ----> pcfNcfTTM 91 1 0.603196 0.396804 
 ----> pcfNcfTTM 92 0 0.650459 0.349541 
 ----> pcfNcfTTM 93 0 0.614154 0.385846 
 ----> pcfNcfTTM 94 1 0.657982 0.342018 
 ----> pcfNcfTTM 95 0 0.653756 0.346244 
 ----> pcfNcfTTM 96 0 0.671633 0.328367 
 ----> pcfNcfTTM 97 1 0.633913 0.366087 
 ----> pcfNcfTTM 98 1 0.606632 0.393368 
 ----> pcfNcfTTM 99 1 0.568796 0.431204 
 ----> pcfNcfTTM 100 0 0.677308 0.322692 
 ----> pcfNcfTTM 101 1 0.607351 0.392649 
 ----> pcfNcfTTM 102 0 0.668226 0.331774 
 ----> pcfNcfTTM 103 0 0.625692 0.374308 
 ----> pcfNcfTTM 104 0 0.679194 0.320806 
 ----> pcfNcfTTM 105 1 0.620851 0.379149 
 ----> pcfNcfTTM 106 0 0.661844 0.338156 
 ----> pcfNcfTTM 107 0 0.699208 0.300792 
 ----> pcfNcfTTM 108 0 0.678258 0.321742 
 ----> pcfNcfTTM 109 0 0.67597 0.32403 
 ----> pcfNcfTTM 110 1 0.615108 0.384892 
 ----> pcfNcfTTM 111 0 0.685525 0.314475 
 ----> pcfNcfTTM 112 0 0.64533 0.35467 
 ----> pcfNcfTTM 113 1 0.623937 0.376063 
 ----> pcfNcfTTM 114 1 0.633236 0.366764 
 ----> pcfNcfTTM 115 0 0.708769 0.291231 
 ----> pcfNcfTTM 116 0 0.667633 0.332367 
 ----> pcfNcfTTM 117 1 0.664826 0.335174 
 ----> pcfNcfTTM 118 1 0.621007 0.378993 
 ----> pcfNcfTTM 119 1 0.652618 0.347382 
 ----> pcfNcfTTM 120 0 0.661623 0.338377 
 ----> pcfNcfTTM 121 0 0.663161 0.336839 
 ----> pcfNcfTTM 122 1 0.627877 0.372123 
 ----> pcfNcfTTM 123 1 0.677642 0.322358 
 ----> pcfNcfTTM 124 0 0.654876 0.345124 
 ----> pcfNcfTTM 125 1 0.602496 0.397504 
 ----> pcfNcfTTM 126 0 0.629294 0.370706 
 ----> pcfNcfTTM 127 0 0.634405 0.365595 
 ----> pcfNcfTTM 128 0 0.605561 0.394439 
 ----> pcfNcfTTM 129 1 0.614503 0.385497 
 ----> pcfNcfTTM 130 0 0.669323 0.330677 
 ----> pcfNcfTTM 131 0 0.643701 0.356299 
 ----> pcfNcfTTM 132 0 0.644338 0.355662 
 ----> pcfNcfTTM 133 1 0.629852 0.370148 
 ----> pcfNcfTTM 134 1 0.606899 0.393101 
 ----> pcfNcfTTM 135 1 0.664915 0.335085 
 ----> pcfNcfTTM 136 0 0.633765 0.366235 
 ----> pcfNcfTTM 137 1 0.622486 0.377514 
 ----> pcfNcfTTM 138 0 0.67997 0.32003 
 ----> pcfNcfTTM 139 0 0.660819 0.339181 
 ----> pcfNcfTTM 140 1 0.650768 0.349232 
 ----> pcfNcfTTM 141 0 0.67073 0.32927 
 ----> pcfNcfTTM 142 1 0.60173 0.39827 
 ----> pcfNcfTTM 143 0 0.63909 0.36091 
 ----> pcfNcfTTM 144 1 0.657929 0.342071 
 ----> pcfNcfTTM 145 0 0.647581 0.352419 
 ----> pcfNcfTTM 146 0 0.678126 0.321874 
 ----> pcfNcfTTM 147 0 0.661763 0.338237 
 ----> pcfNcfTTM 148 0 0.628618 0.371382 
 ----> pcfNcfTTM 149 1 0.639345 0.360655 
 ----> pcfNcfTTM 150 1 0.659844 0.340156 
 ----> pcfNcfTTM 151 1 0.655199 0.344801 
 ----> pcfNcfTTM 152 0 0.667804 0.332196 
 ----> pcfNcfTTM 153 0 0.668061 0.331939 
 ----> pcfNcfTTM 154 0 0.660253 0.339747 
 ----> pcfNcfTTM 155 1 0.634149 0.365851 
 ----> pcfNcfTTM 156 1 0.646876 0.353124 
 ----> pcfNcfTTM 157 1 0.62452 0.37548 
 ----> pcfNcfTTM 158 0 0.664662 0.335338 
 ----> pcfNcfTTM 159 1 0.669607 0.330393 
 ----> pcfNcfTTM 160 0 0.649494 0.350506 
 ----> pcfNcfTTM 161 0 0.671073 0.328927 
 ----> pcfNcfTTM 162 1 0.670503 0.329497 
 ----> pcfNcfTTM 163 1 0.627357 0.372643 
 ----> pcfNcfTTM 164 1 0.613957 0.386043 
 ----> pcfNcfTTM 165 1 0.62522 0.37478 
 ----> pcfNcfTTM 166 0 0.687192 0.312808 
 ----> pcfNcfTTM 167 1 0.623756 0.376244 
 ----> pcfNcfTTM 168 0 0.649228 0.350772 
 ----> pcfNcfTTM 169 0 0.677981 0.322019 
 ----> pcfNcfTTM 170 1 0.644622 0.355378 
 ----> pcfNcfTTM 171 1 0.58482 0.41518 
 ----> pcfNcfTTM 172 0 0.69423 0.30577 
 ----> pcfNcfTTM 173 1 0.589463 0.410537 
 ----> pcfNcfTTM 174 0 0.675356 0.324644 
 ----> pcfNcfTTM 175 1 0.61982 0.38018 
 ----> pcfNcfTTM 176 0 0.654163 0.345837 
 ----> pcfNcfTTM 177 0 0.670676 0.329324 
 ----> pcfNcfTTM 178 1 0.658664 0.341336 
 ----> pcfNcfTTM 179 0 0.634514 0.365486 
 ----> pcfNcfTTM 180 0 0.669503 0.330497 
 ----> pcfNcfTTM 181 0 0.660069 0.339931 
 ----> pcfNcfTTM 182 0 0.635373 0.364627 
 ----> pcfNcfTTM 183 1 0.621 0.379 
 ----> pcfNcfTTM 184 1 0.667139 0.332861 
 ----> pcfNcfTTM 185 0 0.69381 0.30619 
 ----> pcfNcfTTM 186 0 0.661545 0.338455 
 ----> pcfNcfTTM 187 0 0.656211 0.343789 
 ----> pcfNcfTTM 188 1 0.6667 0.3333 
 ----> pcfNcfTTM 189 1 0.647643 0.352357 
 ----> pcfNcfTTM 190 0 0.63857 0.36143 
 ----> pcfNcfTTM 191 0 0.632316 0.367684 
 ----> pcfNcfTTM 192 1 0.651124 0.348876 
 ----> pcfNcfTTM 193 0 0.653669 0.346331 
 ----> pcfNcfTTM 194 0 0.677728 0.322272 
 ----> pcfNcfTTM 195 0 0.664437 0.335563 
 ----> pcfNcfTTM 196 1 0.609642 0.390358 
 ----> pcfNcfTTM 197 0 0.657728 0.342272 
 ----> pcfNcfTTM 198 0 0.661571 0.338429 
 ----> pcfNcfTTM 199 0 0.660519 0.339481 
 ----> pcfNcfTTM 200 0 0.680507 0.319493 
 ----> pcfNcfTTM 201 0 0.66101 0.33899 
 ----> pcfNcfTTM 202 0 0.663091 0.336909 
 ----> pcfNcfTTM 203 1 0.627509 0.372491 
 ----> pcfNcfTTM 204 1 0.658571 0.341429 
 ----> pcfNcfTTM 205 0 0.687164 0.312836 
 ----> pcfNcfTTM 206 1 0.655602 0.344398 
 ----> pcfNcfTTM 207 1 0.666895 0.333105 
 ----> pcfNcfTTM 208 0 0.670496 0.329504 
 ----> pcfNcfTTM 209 0 0.633949 0.366051 
 ----> pcfNcfTTM 210 0 0.648692 0.351308 
 ----> pcfNcfTTM 211 0 0.669378 0.330622 
 ----> pcfNcfTTM 212 0 0.638185 0.361815 
 ----> pcfNcfTTM 213 1 0.646109 0.353891 
 ----> pcfNcfTTM 214 0 0.690502 0.309498 
 ----> pcfNcfTTM 215 1 0.682156 0.317844 
 ----> pcfNcfTTM 216 0 0.673917 0.326083 
 ----> pcfNcfTTM 217 1 0.655396 0.344604 
 ----> pcfNcfTTM 218 0 0.675567 0.324433 
 ----> pcfNcfTTM 219 0 0.645472 0.354528 
 ----> pcfNcfTTM 220 0 0.66871 0.33129 
 ----> pcfNcfTTM 221 0 0.668408 0.331592 
 ----> pcfNcfTTM 222 1 0.662791 0.337209 
 ----> pcfNcfTTM 223 1 0.642635 0.357365 
 ----> pcfNcfTTM 224 0 0.659512 0.340488 
 ----> pcfNcfTTM 225 1 0.615407 0.384593 
 ----> pcfNcfTTM 226 1 0.65284 0.34716 
 ----> pcfNcfTTM 227 0 0.683186 0.316814 
 ----> pcfNcfTTM 228 0 0.665418 0.334582 
 ----> pcfNcfTTM 229 0 0.65175 0.34825 
 ----> pcfNcfTTM 230 0 0.663584 0.336416 
 ----> pcfNcfTTM 231 0 0.668205 0.331795 
 ----> pcfNcfTTM 232 1 0.674783 0.325217 
 ----> pcfNcfTTM 233 0 0.675927 0.324073 
 ----> pcfNcfTTM 234 0 0.661988 0.338012 
 ----> pcfNcfTTM 235 0 0.68345 0.31655 
 ----> pcfNcfTTM 236 1 0.628898 0.371102 
 ----> pcfNcfTTM 237 0 0.633959 0.366041 
 ----> pcfNcfTTM 238 0 0.618656 0.381344 
 ----> pcfNcfTTM 239 0 0.696374 0.303626 
 ----> pcfNcfTTM 240 1 0.666206 0.333794 
 ----> pcfNcfTTM 241 0 0.682858 0.317142 
 ----> pcfNcfTTM 242 1 0.678313 0.321687 
 ----> pcfNcfTTM 243 0 0.703608 0.296392 
 ----> pcfNcfTTM 244 1 0.670831 0.329169 
 ----> pcfNcfTTM 245 1 0.628995 0.371005 
 ----> pcfNcfTTM 246 0 0.669839 0.330161 
 ----> pcfNcfTTM 247 0 0.65374 0.34626 
 ----> pcfNcfTTM 248 1 0.637908 0.362092 
 ----> pcfNcfTTM 249 1 0.645858 0.354142 
 ----> pcfNcfTTM 250 0 0.681328 0.318672 
 ----> pcfNcfTTM 251 0 0.671095 0.328905 
 ----> pcfNcfTTM 252 0 0.689436 0.310564 
 ----> pcfNcfTTM 253 1 0.684282 0.315718 
 ----> pcfNcfTTM 254 0 0.660628 0.339372 
 ----> pcfNcfTTM 255 1 0.659445 0.340555 
 ----> pcfNcfTTM 256 0 0.678068 0.321932 
 ----> pcfNcfTTM 257 0 0.660109 0.339891 
 ----> pcfNcfTTM 258 0 0.664414 0.335586 
 ----> pcfNcfTTM 259 0 0.686099 0.313901 
 ----> pcfNcfTTM 260 1 0.647765 0.352235 
 ----> pcfNcfTTM 261 1 0.637349 0.362651 
 ----> pcfNcfTTM 262 0 0.684697 0.315303 
 ----> pcfNcfTTM 263 1 0.568029 0.431971 
 ----> pcfNcfTTM 264 1 0.612879 0.387121 
 ----> pcfNcfTTM 265 1 0.683409 0.316591 
 ----> pcfNcfTTM 266 0 0.668915 0.331085 
 ----> pcfNcfTTM 267 0 0.705304 0.294696 
 ----> pcfNcfTTM 268 1 0.637182 0.362818 
 ----> pcfNcfTTM 269 0 0.664834 0.335166 
 ----> pcfNcfTTM 270 1 0.697012 0.302988 
 ----> pcfNcfTTM 271 1 0.64375 0.35625 
 ----> pcfNcfTTM 272 0 0.682557 0.317443 
 ----> pcfNcfTTM 273 0 0.646933 0.353067 
 ----> pcfNcfTTM 274 1 0.63843 0.36157 
 ----> pcfNcfTTM 275 1 0.651788 0.348212 
 ----> pcfNcfTTM 276 0 0.664088 0.335912 
 ----> pcfNcfTTM 277 0 0.696279 0.303721 
 ----> pcfNcfTTM 278 0 0.636047 0.363953 
 ----> pcfNcfTTM 279 1 0.641157 0.358843 
 ----> pcfNcfTTM 280 1 0.64915 0.35085 
 ----> pcfNcfTTM 281 0 0.665953 0.334047 
 ----> pcfNcfTTM 282 1 0.619348 0.380652 
 ----> pcfNcfTTM 283 1 0.622611 0.377389 
 ----> pcfNcfTTM 284 1 0.676802 0.323198 
 ----> pcfNcfTTM 285 0 0.681837 0.318163 
 ----> pcfNcfTTM 286 0 0.63864 0.36136 
 ----> pcfNcfTTM 287 0 0.652718 0.347282 
 ----> pcfNcfTTM 288 0 0.652503 0.347497 
 ----> pcfNcfTTM 289 0 0.675186 0.324814 
 ----> pcfNcfTTM 290 0 0.687694 0.312306 
 ----> pcfNcfTTM 291 1 0.639949 0.360051 
 ----> pcfNcfTTM 292 0 0.663304 0.336696 
 ----> pcfNcfTTM 293 1 0.668186 0.331814 
 ----> pcfNcfTTM 294 1 0.692566 0.307434 
 ----> pcfNcfTTM 295 0 0.619374 0.380626 
 ----> pcfNcfTTM 296 0 0.702655 0.297345 
 ----> pcfNcfTTM 297 0 0.661336 0.338664 
 ----> pcfNcfTTM 298 1 0.653535 0.346465 
 ----> pcfNcfTTM 299 0 0.66802 0.33198 
 ----> pcfNcfTTM 300 0 0.689933 0.310067 
 ----> pcfNcfTTM 301 0 0.679478 0.320522 
 ----> pcfNcfTTM 302 0 0.680795 0.319205 
 ----> pcfNcfTTM 303 0 0.681215 0.318785 
 ----> pcfNcfTTM 304 0 0.684145 0.315855 
 ----> pcfNcfTTM 305 0 0.663631 0.336369 
 ----> pcfNcfTTM 306 0 0.624746 0.375254 
 ----> pcfNcfTTM 307 1 0.651843 0.348157 
 ----> pcfNcfTTM 308 0 0.655476 0.344524 
 ----> pcfNcfTTM 309 1 0.650227 0.349773 
 ----> pcfNcfTTM 310 0 0.676422 0.323578 
 ----> pcfNcfTTM 311 0 0.656666 0.343334 
 ----> pcfNcfTTM 312 0 0.637624 0.362376 
 ----> pcfNcfTTM 313 1 0.622744 0.377256 
 ----> pcfNcfTTM 314 0 0.661124 0.338876 
 ----> pcfNcfTTM 315 0 0.6703 0.3297 
 ----> pcfNcfTTM 316 0 0.685786 0.314214 
 ----> pcfNcfTTM 317 0 0.668787 0.331213 
 ----> pcfNcfTTM 318 0 0.680032 0.319968 
 ----> pcfNcfTTM 319 0 0.659031 0.340969 
 ----> pcfNcfTTM 320 0 0.670048 0.329952 
 ----> pcfNcfTTM 321 1 0.622149 0.377851 
 ----> pcfNcfTTM 322 1 0.629141 0.370859 
 ----> pcfNcfTTM 323 0 0.686903 0.313097 
 ----> pcfNcfTTM 324 0 0.65783 0.34217 
 ----> pcfNcfTTM 325 0 0.652489 0.347511 
 ----> pcfNcfTTM 326 1 0.66597 0.33403 
 ----> pcfNcfTTM 327 1 0.636269 0.363731 
 ----> pcfNcfTTM 328 0 0.678353 0.321647 
 ----> pcfNcfTTM 329 0 0.632967 0.367033 
 ----> pcfNcfTTM 330 0 0.663932 0.336068 
 ----> pcfNcfTTM 331 0 0.67277 0.32723 
 ----> pcfNcfTTM 332 0 0.671785 0.328215 
 ----> pcfNcfTTM 333 1 0.660569 0.339431 
 ----> pcfNcfTTM 334 1 0.674497 0.325503 
 ----> pcfNcfTTM 335 0 0.678715 0.321285 
 ----> pcfNcfTTM 336 1 0.599099 0.400901 
 ----> pcfNcfTTM 337 1 0.636945 0.363055 
 ----> pcfNcfTTM 338 1 0.644932 0.355068 
 ----> pcfNcfTTM 339 0 0.674705 0.325295 
 ----> pcfNcfTTM 340 0 0.614016 0.385984 
 ----> pcfNcfTTM 341 1 0.62855 0.37145 
 ----> pcfNcfTTM 342 1 0.669326 0.330674 
 ----> pcfNcfTTM 343 0 0.652152 0.347848 
 ----> pcfNcfTTM 344 0 0.656872 0.343128 
 ----> pcfNcfTTM 345 0 0.600955 0.399045 
 ----> pcfNcfTTM 346 0 0.685295 0.314705 
 ----> pcfNcfTTM 347 1 0.662144 0.337856 
 ----> pcfNcfTTM 348 0 0.652072 0.347928 
 ----> pcfNcfTTM 349 0 0.677813 0.322187 
 ----> pcfNcfTTM 350 1 0.671728 0.328272 
 ----> pcfNcfTTM 351 0 0.674024 0.325976 
 ----> pcfNcfTTM 352 0 0.67166 0.32834 
 ----> pcfNcfTTM 353 0 0.660321 0.339679 
 ----> pcfNcfTTM 354 0 0.681195 0.318805 
 ----> pcfNcfTTM 355 0 0.64592 0.35408 
 ----> pcfNcfTTM 356 0 0.649666 0.350334 
 ----> pcfNcfTTM 357 1 0.641978 0.358022 
 ----> pcfNcfTTM 358 0 0.68956 0.31044 
 ----> pcfNcfTTM 359 0 0.688606 0.311394 
 ----> pcfNcfTTM 360 0 0.680316 0.319684 
 ----> pcfNcfTTM 361 0 0.66278 0.33722 
 ----> pcfNcfTTM 362 1 0.663483 0.336517 
 ----> pcfNcfTTM 363 0 0.651634 0.348366 
 ----> pcfNcfTTM 364 0 0.672318 0.327682 
 ----> pcfNcfTTM 365 0 0.67285 0.32715 
 ----> pcfNcfTTM 366 1 0.638067 0.361933 
 ----> pcfNcfTTM 367 0 0.682992 0.317008 
 ----> pcfNcfTTM 368 0 0.649417 0.350583 
 ----> pcfNcfTTM 369 0 0.685374 0.314626 
 ----> pcfNcfTTM 370 1 0.655038 0.344962 
 ----> pcfNcfTTM 371 0 0.675242 0.324758 
 ----> pcfNcfTTM 372 0 0.6965 0.3035 
 ----> pcfNcfTTM 373 0 0.691521 0.308479 
 ----> pcfNcfTTM 374 0 0.656329 0.343671 
 ----> pcfNcfTTM 375 1 0.623832 0.376168 
 ----> pcfNcfTTM 376 0 0.652084 0.347916 
 ----> pcfNcfTTM 377 0 0.685282 0.314718 
 ----> pcfNcfTTM 378 1 0.657334 0.342666 
 ----> pcfNcfTTM 379 0 0.642784 0.357216 
 ----> pcfNcfTTM 380 0 0.635854 0.364146 
 ----> pcfNcfTTM 381 0 0.632755 0.367245 
 ----> pcfNcfTTM 382 0 0.667996 0.332004 
 ----> pcfNcfTTM 383 0 0.648296 0.351704 
 ----> pcfNcfTTM 384 0 0.654006 0.345994 
 ----> pcfNcfTTM 385 1 0.631451 0.368549 
 ----> pcfNcfTTM 386 0 0.676464 0.323536 
 ----> pcfNcfTTM 387 1 0.66705 0.33295 
 ----> pcfNcfTTM 388 1 0.642594 0.357406 
 ----> pcfNcfTTM 389 0 0.643962 0.356038 
 ----> pcfNcfTTM 390 0 0.631675 0.368325 
 ----> pcfNcfTTM 391 0 0.672509 0.327491 
 ----> pcfNcfTTM 392 1 0.664289 0.335711 
 ----> pcfNcfTTM 393 1 0.649762 0.350238 
 ----> pcfNcfTTM 394 0 0.678005 0.321995 
 ----> pcfNcfTTM 395 0 0.663997 0.336003 
 ----> pcfNcfTTM 396 0 0.66489 0.33511 
 ----> pcfNcfTTM 397 0 0.691357 0.308643 
 ----> pcfNcfTTM 398 1 0.647728 0.352272 
 ----> pcfNcfTTM 399 1 0.649102 0.350898 
 ----> pcfNcfTTM 400 1 0.603777 0.396223 
 ----> pcfNcfTTM 401 0 0.670336 0.329664 
 ----> pcfNcfTTM 402 0 0.67109 0.32891 
 ----> pcfNcfTTM 403 0 0.67337 0.32663 
 ----> pcfNcfTTM 404 0 0.666619 0.333381 
 ----> pcfNcfTTM 405 0 0.671111 0.328889 
 ----> pcfNcfTTM 406 1 0.643789 0.356211 
 ----> pcfNcfTTM 407 1 0.634675 0.365325 
 ----> pcfNcfTTM 408 0 0.627057 0.372943 
 ----> pcfNcfTTM 409 1 0.661612 0.338388 
 ----> pcfNcfTTM 410 0 0.64032 0.35968 
 ----> pcfNcfTTM 411 0 0.704435 0.295565 
 ----> pcfNcfTTM 412 1 0.632907 0.367093 
 ----> pcfNcfTTM 413 1 0.667727 0.332273 
 ----> pcfNcfTTM 414 0 0.65222 0.34778 
 ----> pcfNcfTTM 415 1 0.633723 0.366277 
 ----> pcfNcfTTM 416 0 0.666764 0.333236 
 ----> pcfNcfTTM 417 0 0.669431 0.330569 
 ----> pcfNcfTTM 418 1 0.6613 0.3387 
 ----> pcfNcfTTM 419 0 0.682117 0.317883 
 ----> pcfNcfTTM 420 0 0.648621 0.351379 
 ----> pcfNcfTTM 421 0 0.646504 0.353496 
 ----> pcfNcfTTM 422 0 0.672571 0.327429 
 ----> pcfNcfTTM 423 0 0.651512 0.348488 
 ----> pcfNcfTTM 424 0 0.685077 0.314923 
 ----> pcfNcfTTM 425 0 0.665262 0.334738 
 ----> pcfNcfTTM 426 1 0.6512 0.3488 
 ----> pcfNcfTTM 427 0 0.672386 0.327614 
 ----> pcfNcfTTM 428 0 0.63275 0.36725 
 ----> pcfNcfTTM 429 0 0.659307 0.340693 
 ----> pcfNcfTTM 430 0 0.611372 0.388628 
 ----> pcfNcfTTM 431 0 0.640768 0.359232 
 ----> pcfNcfTTM 432 0 0.677879 0.322121 
 ----> pcfNcfTTM 433 0 0.688887 0.311113 
 ----> pcfNcfTTM 434 0 0.664787 0.335213 
 ----> pcfNcfTTM 435 1 0.661983 0.338017 
 ----> pcfNcfTTM 436 0 0.678515 0.321485 
 ----> pcfNcfTTM 437 0 0.685763 0.314237 
 ----> pcfNcfTTM 438 0 0.688592 0.311408 
 ----> pcfNcfTTM 439 0 0.674621 0.325379 
 ----> pcfNcfTTM 440 0 0.684255 0.315745 
 ----> pcfNcfTTM 441 0 0.679947 0.320053 
 ----> pcfNcfTTM 442 0 0.673196 0.326804 
 ----> pcfNcfTTM 443 0 0.690686 0.309314 
 ----> pcfNcfTTM 444 0 0.673677 0.326323 
 ----> pcfNcfTTM 445 1 0.675264 0.324736 
 ----> pcfNcfTTM 446 0 0.656438 0.343562 
 ----> pcfNcfTTM 447 0 0.693009 0.306991 
 ----> pcfNcfTTM 448 0 0.645639 0.354361 
 ----> pcfNcfTTM 449 0 0.652425 0.347575 
 ----> pcfNcfTTM 450 0 0.688715 0.311285 
 ----> pcfNcfTTM 451 0 0.6422 0.3578 
 ----> pcfNcfTTM 452 0 0.677324 0.322676 
 ----> pcfNcfTTM 453 0 0.681442 0.318558 
 ----> pcfNcfTTM 454 1 0.66165 0.33835 
 ----> pcfNcfTTM 455 0 0.657169 0.342831 
 ----> pcfNcfTTM 456 0 0.685534 0.314466 
 ----> pcfNcfTTM 457 0 0.673823 0.326177 
 ----> pcfNcfTTM 458 1 0.674547 0.325453 
 ----> pcfNcfTTM 459 0 0.686942 0.313058 
 ----> pcfNcfTTM 460 0 0.649615 0.350385 
 ----> pcfNcfTTM 461 1 0.654204 0.345796 
 ----> pcfNcfTTM 462 0 0.696511 0.303489 
 ----> pcfNcfTTM 463 0 0.68405 0.31595 
 ----> pcfNcfTTM 464 0 0.668949 0.331051 
 ----> pcfNcfTTM 465 0 0.6696 0.3304 
 ----> pcfNcfTTM 466 0 0.662603 0.337397 
 ----> pcfNcfTTM 467 1 0.641999 0.358001 
 ----> pcfNcfTTM 468 0 0.657389 0.342611 
 ----> pcfNcfTTM 469 0 0.675205 0.324795 
 ----> pcfNcfTTM 470 1 0.664267 0.335733 
 ----> pcfNcfTTM 471 1 0.670854 0.329146 
 ----> pcfNcfTTM 472 0 0.685849 0.314151 
 ----> pcfNcfTTM 473 1 0.632843 0.367157 
 ----> pcfNcfTTM 474 0 0.680703 0.319297 
 ----> pcfNcfTTM 475 0 0.680859 0.319141 
 ----> pcfNcfTTM 476 0 0.680019 0.319981 
 ----> pcfNcfTTM 477 1 0.640628 0.359372 
 ----> pcfNcfTTM 478 0 0.643882 0.356118 
 ----> pcfNcfTTM 479 1 0.62367 0.37633 
 ----> pcfNcfTTM 480 0 0.694337 0.305663 
 ----> pcfNcfTTM 481 0 0.650498 0.349502 
 ----> pcfNcfTTM 482 0 0.68854 0.31146 
 ----> pcfNcfTTM 483 1 0.661367 0.338633 
 ----> pcfNcfTTM 484 0 0.679538 0.320462 
 ----> pcfNcfTTM 485 0 0.677789 0.322211 
 ----> pcfNcfTTM 486 0 0.6563 0.3437 
 ----> pcfNcfTTM 487 0 0.650552 0.349448 
 ----> pcfNcfTTM 488 1 0.667149 0.332851 
 ----> pcfNcfTTM 489 1 0.662945 0.337055 
 ----> pcfNcfTTM 490 0 0.687253 0.312747 
 ----> pcfNcfTTM 491 1 0.650358 0.349642 
 ----> pcfNcfTTM 492 0 0.673957 0.326043 
 ----> pcfNcfTTM 493 0 0.688847 0.311153 
 ----> pcfNcfTTM 494 0 0.680047 0.319953 
 ----> pcfNcfTTM 495 1 0.666512 0.333488 
 ----> pcfNcfTTM 496 0 0.655961 0.344039 
 ----> pcfNcfTTM 497 0 0.641792 0.358208 
 ----> pcfNcfTTM 498 0 0.64558 0.35442 
 ----> pcfNcfTTM 499 1 0.64894 0.35106 
 ----> pcfNcfTTM 500 1 0.639714 0.360286 
 ----> pcfNcfTTM 501 0 0.700652 0.299348 
 ----> pcfNcfTTM 502 0 0.65747 0.34253 
 ----> pcfNcfTTM 503 0 0.65691 0.34309 
 ----> pcfNcfTTM 504 0 0.680346 0.319654 
 ----> pcfNcfTTM 505 0 0.70377 0.29623 
 ----> pcfNcfTTM 506 0 0.682978 0.317022 
 ----> pcfNcfTTM 507 0 0.655115 0.344885 
 ----> pcfNcfTTM 508 1 0.648837 0.351163 
 ----> pcfNcfTTM 509 1 0.639642 0.360358 
 ----> pcfNcfTTM 510 0 0.672932 0.327068 
 ----> pcfNcfTTM 511 0 0.681423 0.318577 
 ----> pcfNcfTTM 512 0 0.653763 0.346237 
 ----> pcfNcfTTM 513 1 0.652667 0.347333 
 ----> pcfNcfTTM 514 1 0.644609 0.355391 
 ----> pcfNcfTTM 515 0 0.695292 0.304708 
 ----> pcfNcfTTM 516 0 0.654679 0.345321 
 ----> pcfNcfTTM 517 1 0.651588 0.348412 
 ----> pcfNcfTTM 518 0 0.659599 0.340401 
 ----> pcfNcfTTM 519 0 0.670149 0.329851 
 ----> pcfNcfTTM 520 1 0.640481 0.359519 
 ----> pcfNcfTTM 521 1 0.667359 0.332641 
 ----> pcfNcfTTM 522 0 0.653689 0.346311 
 ----> pcfNcfTTM 523 1 0.658934 0.341066 
 ----> pcfNcfTTM 524 0 0.674334 0.325666 
 ----> pcfNcfTTM 525 0 0.646821 0.353179 
 ----> pcfNcfTTM 526 0 0.629769 0.370231 
 ----> pcfNcfTTM 527 0 0.674525 0.325475 
 ----> pcfNcfTTM 528 0 0.665014 0.334986 
 ----> pcfNcfTTM 529 1 0.638218 0.361782 
 ----> pcfNcfTTM 530 0 0.713298 0.286702 
 ----> pcfNcfTTM 531 1 0.639588 0.360412 
 ----> pcfNcfTTM 532 0 0.680266 0.319734 
 ----> pcfNcfTTM 533 0 0.671599 0.328401 
 ----> pcfNcfTTM 534 0 0.667075 0.332925 
 ----> pcfNcfTTM 535 1 0.665126 0.334874 
 ----> pcfNcfTTM 536 0 0.664934 0.335066 
 ----> pcfNcfTTM 537 0 0.648032 0.351968 
 ----> pcfNcfTTM 538 0 0.683808 0.316192 
 ----> pcfNcfTTM 539 1 0.681088 0.318912 
 ----> pcfNcfTTM 540 0 0.64926 0.35074 
 ----> pcfNcfTTM 541 1 0.63153 0.36847 
 ----> pcfNcfTTM 542 0 0.665194 0.334806 
 ----> pcfNcfTTM 543 1 0.638302 0.361698 
 ----> pcfNcfTTM 544 0 0.639536 0.360464 
 ----> pcfNcfTTM 545 1 0.654278 0.345722 
 ----> pcfNcfTTM 546 0 0.677731 0.322269 
 ----> pcfNcfTTM 547 0 0.677738 0.322262 
 ----> pcfNcfTTM 548 1 0.671029 0.328971 
 ----> pcfNcfTTM 549 0 0.653558 0.346442 
 ----> pcfNcfTTM 550 0 0.634961 0.365039 
 ----> pcfNcfTTM 551 0 0.69019 0.30981 
 ----> pcfNcfTTM 552 1 0.654477 0.345523 
 ----> pcfNcfTTM 553 1 0.665441 0.334559 
 ----> pcfNcfTTM 554 1 0.64728 0.35272 
 ----> pcfNcfTTM 555 1 0.659514 0.340486 
 ----> pcfNcfTTM 556 0 0.674014 0.325986 
 ----> pcfNcfTTM 557 0 0.655656 0.344344 
 ----> pcfNcfTTM 558 0 0.657839 0.342161 
 ----> pcfNcfTTM 559 0 0.65495 0.34505 
 ----> pcfNcfTTM 560 0 0.592462 0.407538 
 ----> pcfNcfTTM 561 1 0.677745 0.322255 
 ----> pcfNcfTTM 562 0 0.649865 0.350135 
 ----> pcfNcfTTM 563 0 0.665335 0.334665 
 ----> pcfNcfTTM 564 0 0.682395 0.317605 
 ----> pcfNcfTTM 565 0 0.637802 0.362198 
 ----> pcfNcfTTM 566 0 0.673099 0.326901 
 ----> pcfNcfTTM 567 0 0.664373 0.335627 
 ----> pcfNcfTTM 568 0 0.682924 0.317076 
 ----> pcfNcfTTM 569 1 0.660278 0.339722 
 ----> pcfNcfTTM 570 0 0.69116 0.30884 
 ----> pcfNcfTTM 571 1 0.646915 0.353085 
 ----> pcfNcfTTM 572 0 0.692265 0.307735 
 ----> pcfNcfTTM 573 0 0.660269 0.339731 
 ----> pcfNcfTTM 574 0 0.668298 0.331702 
 ----> pcfNcfTTM 575 1 0.657915 0.342085 
 ----> pcfNcfTTM 576 0 0.671384 0.328616 
 ----> pcfNcfTTM 577 1 0.648129 0.351871 
 ----> pcfNcfTTM 578 0 0.719166 0.280834 
 ----> pcfNcfTTM 579 0 0.662271 0.337729 
 ----> pcfNcfTTM 580 1 0.665626 0.334374 
 ----> pcfNcfTTM 581 0 0.682216 0.317784 
 ----> pcfNcfTTM 582 0 0.654449 0.345551 
 ----> pcfNcfTTM 583 1 0.661179 0.338821 
 ----> pcfNcfTTM 584 0 0.687393 0.312607 
 ----> pcfNcfTTM 585 0 0.655022 0.344978 
 ----> pcfNcfTTM 586 0 0.686361 0.313639 
 ----> pcfNcfTTM 587 0 0.688705 0.311295 
 ----> pcfNcfTTM 588 0 0.653914 0.346086 
 ----> pcfNcfTTM 589 1 0.628031 0.371969 
 ----> pcfNcfTTM 590 0 0.677821 0.322179 
 ----> pcfNcfTTM 591 1 0.666101 0.333899 
 ----> pcfNcfTTM 592 1 0.6465 0.3535 
 ----> pcfNcfTTM 593 0 0.66917 0.33083 
 ----> pcfNcfTTM 594 0 0.661137 0.338863 
 ----> pcfNcfTTM 595 0 0.678384 0.321616 
 ----> pcfNcfTTM 596 0 0.67468 0.32532 
 ----> pcfNcfTTM 597 0 0.666038 0.333962 
 ----> pcfNcfTTM 598 0 0.636614 0.363386 
 ----> pcfNcfTTM 599 0 0.666177 0.333823 
 ----> pcfNcfTTM 600 0 0.66607 0.33393 
 ----> pcfNcfTTM 601 0 0.668725 0.331275 
 ----> pcfNcfTTM 602 1 0.650222 0.349778 
 ----> pcfNcfTTM 603 0 0.66501 0.33499 
 ----> pcfNcfTTM 604 0 0.697094 0.302906 
 ----> pcfNcfTTM 605 0 0.676117 0.323883 
 ----> pcfNcfTTM 606 0 0.665703 0.334297 
 ----> pcfNcfTTM 607 1 0.627062 0.372938 
 ----> pcfNcfTTM 608 0 0.685896 0.314104 
 ----> pcfNcfTTM 609 0 0.670821 0.329179 
 ----> pcfNcfTTM 610 0 0.686396 0.313604 
 ----> pcfNcfTTM 611 0 0.679332 0.320668 
 ----> pcfNcfTTM 612 0 0.671456 0.328544 
 ----> pcfNcfTTM 613 0 0.659652 0.340348 
 ----> pcfNcfTTM 614 0 0.682111 0.317889 
 ----> pcfNcfTTM 615 0 0.65813 0.34187 
 ----> pcfNcfTTM 616 0 0.675341 0.324659 
 ----> pcfNcfTTM 617 0 0.67154 0.32846 
 ----> pcfNcfTTM 618 0 0.671538 0.328462 
 ----> pcfNcfTTM 619 1 0.632888 0.367112 
 ----> pcfNcfTTM 620 0 0.689607 0.310393 
 ----> pcfNcfTTM 621 0 0.683742 0.316258 
 ----> pcfNcfTTM 622 0 0.687167 0.312833 
 ----> pcfNcfTTM 623 1 0.671049 0.328951 
 ----> pcfNcfTTM 624 0 0.692796 0.307204 
 ----> pcfNcfTTM 625 0 0.667368 0.332632 
 ----> pcfNcfTTM 626 0 0.676171 0.323829 
 ----> pcfNcfTTM 627 0 0.685548 0.314452 
 ----> pcfNcfTTM 628 1 0.670678 0.329322 
 ----> pcfNcfTTM 629 0 0.664104 0.335896 
 ----> pcfNcfTTM 630 0 0.703313 0.296687 
 ----> pcfNcfTTM 631 1 0.662469 0.337531 
 ----> pcfNcfTTM 632 1 0.681449 0.318551 
 ----> pcfNcfTTM 633 0 0.693663 0.306337 
 ----> pcfNcfTTM 634 1 0.673381 0.326619 
 ----> pcfNcfTTM 635 0 0.657136 0.342864 
 ----> pcfNcfTTM 636 1 0.644014 0.355986 
 ----> pcfNcfTTM 637 0 0.663715 0.336285 
 ----> pcfNcfTTM 638 0 0.698304 0.301696 
 ----> pcfNcfTTM 639 1 0.649278 0.350722 
 ----> pcfNcfTTM 640 0 0.670801 0.329199 
 ----> pcfNcfTTM 641 0 0.694793 0.305207 
 ----> pcfNcfTTM 642 0 0.679645 0.320355 
 ----> pcfNcfTTM 643 0 0.683237 0.316763 
 ----> pcfNcfTTM 644 0 0.641269 0.358731 
 ----> pcfNcfTTM 645 0 0.655584 0.344416 
 ----> pcfNcfTTM 646 1 0.674199 0.325801 
 ----> pcfNcfTTM 647 0 0.668449 0.331551 
 ----> pcfNcfTTM 648 0 0.652146 0.347854 
 ----> pcfNcfTTM 649 0 0.703089 0.296911 
 ----> pcfNcfTTM 650 0 0.6679 0.3321 
 ----> pcfNcfTTM 651 1 0.651306 0.348694 
 ----> pcfNcfTTM 652 0 0.68796 0.31204 
 ----> pcfNcfTTM 653 1 0.669047 0.330953 
 ----> pcfNcfTTM 654 0 0.684983 0.315017 
 ----> pcfNcfTTM 655 0 0.668547 0.331453 
 ----> pcfNcfTTM 656 0 0.702981 0.297019 
 ----> pcfNcfTTM 657 0 0.68275 0.31725 
 ----> pcfNcfTTM 658 0 0.674613 0.325387 
 ----> pcfNcfTTM 659 0 0.660897 0.339103 
 ----> pcfNcfTTM 660 0 0.685744 0.314256 
 ----> pcfNcfTTM 661 0 0.674119 0.325881 
 ----> pcfNcfTTM 662 0 0.663309 0.336691 
 ----> pcfNcfTTM 663 1 0.64952 0.35048 
 ----> pcfNcfTTM 664 1 0.660303 0.339697 
 ----> pcfNcfTTM 665 0 0.678714 0.321286 
 ----> pcfNcfTTM 666 0 0.66361 0.33639 
 ----> pcfNcfTTM 667 0 0.66467 0.33533 
 ----> pcfNcfTTM 668 1 0.663802 0.336198 
 ----> pcfNcfTTM 669 0 0.638522 0.361478 
 ----> pcfNcfTTM 670 0 0.681093 0.318907 
 ----> pcfNcfTTM 671 0 0.683068 0.316932 
 ----> pcfNcfTTM 672 0 0.667852 0.332148 
 ----> pcfNcfTTM 673 0 0.673918 0.326082 
 ----> pcfNcfTTM 674 1 0.623541 0.376459 
 ----> pcfNcfTTM 675 1 0.672338 0.327662 
 ----> pcfNcfTTM 676 0 0.683649 0.316351 
 ----> pcfNcfTTM 677 1 0.646312 0.353688 
 ----> pcfNcfTTM 678 1 0.627227 0.372773 
 ----> pcfNcfTTM 679 0 0.686035 0.313965 
 ----> pcfNcfTTM 680 1 0.67803 0.32197 
 ----> pcfNcfTTM 681 0 0.669127 0.330873 
 ----> pcfNcfTTM 682 0 0.667842 0.332158 
 ----> pcfNcfTTM 683 0 0.670361 0.329639 
 ----> pcfNcfTTM 684 0 0.687341 0.312659 
 ----> pcfNcfTTM 685 0 0.656446 0.343554 
 ----> pcfNcfTTM 686 0 0.67933 0.32067 
 ----> pcfNcfTTM 687 0 0.669469 0.330531 
 ----> pcfNcfTTM 688 0 0.658186 0.341814 
 ----> pcfNcfTTM 689 0 0.650921 0.349079 
 ----> pcfNcfTTM 690 1 0.645281 0.354719 
 ----> pcfNcfTTM 691 0 0.64581 0.35419 
 ----> pcfNcfTTM 692 0 0.660902 0.339098 
 ----> pcfNcfTTM 693 1 0.632065 0.367935 
 ----> pcfNcfTTM 694 0 0.651797 0.348203 
 ----> pcfNcfTTM 695 0 0.691597 0.308403 
 ----> pcfNcfTTM 696 0 0.673511 0.326489 
 ----> pcfNcfTTM 697 0 0.696742 0.303258 
 ----> pcfNcfTTM 698 1 0.656706 0.343294 
 ----> pcfNcfTTM 699 0 0.677773 0.322227 
 ----> pcfNcfTTM 700 1 0.717936 0.282064 
 ----> pcfNcfTTM 701 0 0.67924 0.32076 
 ----> pcfNcfTTM 702 0 0.696211 0.303789 
 ----> pcfNcfTTM 703 0 0.665209 0.334791 
 ----> pcfNcfTTM 704 0 0.68236 0.31764 
 ----> pcfNcfTTM 705 0 0.675447 0.324553 
 ----> pcfNcfTTM 706 0 0.637124 0.362876 
 ----> pcfNcfTTM 707 0 0.652481 0.347519 
 ----> pcfNcfTTM 708 0 0.675863 0.324137 
 ----> pcfNcfTTM 709 0 0.654106 0.345894 
 ----> pcfNcfTTM 710 0 0.676617 0.323383 
 ----> pcfNcfTTM 711 0 0.694 0.306 
 ----> pcfNcfTTM 712 0 0.663317 0.336683 
 ----> pcfNcfTTM 713 1 0.665561 0.334439 
 ----> pcfNcfTTM 714 1 0.696091 0.303909 
 ----> pcfNcfTTM 715 1 0.700499 0.299501 
 ----> pcfNcfTTM 716 1 0.64141 0.35859 
 ----> pcfNcfTTM 717 0 0.662247 0.337753 
 ----> pcfNcfTTM 718 0 0.670343 0.329657 
