 ----> pcfNcfTTM 1 1 0 0 
 ----> pcfNcfTTM 2 0 0.66498 0.33502 
 ----> pcfNcfTTM 3 1 0.629985 0.370015 
 ----> pcfNcfTTM 4 1 0.66822 0.33178 
 ----> pcfNcfTTM 5 1 0.634774 0.365226 
 ----> pcfNcfTTM 6 1 0.671683 0.328317 
 ----> pcfNcfTTM 7 0 0.633154 0.366846 
 ----> pcfNcfTTM 8 0 0.630293 0.369707 
 ----> pcfNcfTTM 9 0 0.673324 0.326676 
 ----> pcfNcfTTM 10 1 0.656977 0.343023 
 ----> pcfNcfTTM 11 1 0.641385 0.358615 
 ----> pcfNcfTTM 12 0 0.662213 0.337787 
 ----> pcfNcfTTM 13 0 0.658669 0.341331 
 ----> pcfNcfTTM 14 1 0.667216 0.332784 
 ----> pcfNcfTTM 15 1 0.648752 0.351248 
 ----> pcfNcfTTM 16 1 0.634991 0.365009 
 ----> pcfNcfTTM 17 1 0.657931 0.342069 
 ----> pcfNcfTTM 18 0 0.647435 0.352565 
 ----> pcfNcfTTM 19 0 0.65082 0.34918 
 ----> pcfNcfTTM 20 0 0.637484 0.362516 
 ----> pcfNcfTTM 21 1 0.64766 0.35234 
 ----> pcfNcfTTM 22 0 0.669515 0.330485 
 ----> pcfNcfTTM 23 0 0.654732 0.345268 
 ----> pcfNcfTTM 24 0 0.65532 0.34468 
 ----> pcfNcfTTM 25 0 0.651198 0.348802 
 ----> pcfNcfTTM 26 1 0.671045 0.328955 
 ----> pcfNcfTTM 27 1 0.647174 0.352826 
 ----> pcfNcfTTM 28 1 0.640562 0.359438 
 ----> pcfNcfTTM 29 0 0.667506 0.332494 
 ----> pcfNcfTTM 30 0 0.687968 0.312032 
 ----> pcfNcfTTM 31 0 0.63962 0.36038 
 ----> pcfNcfTTM 32 0 0.68088 0.31912 
 ----> pcfNcfTTM 33 0 0.642012 0.357988 
 ----> pcfNcfTTM 34 1 0.635885 0.364115 
 ----> pcfNcfTTM 35 1 0.667493 0.332507 
 ----> pcfNcfTTM 36 0 0.659709 0.340291 
 ----> pcfNcfTTM 37 0 0.664018 0.335982 
 ----> pcfNcfTTM 38 0 0.676446 0.323554 
 ----> pcfNcfTTM 39 0 0.673409 0.326591 
 ----> pcfNcfTTM 40 1 0.659648 0.340352 
 ----> pcfNcfTTM 41 1 0.588021 0.411979 
 ----> pcfNcfTTM 42 1 0.644795 0.355205 
 ----> pcfNcfTTM 43 0 0.641645 0.358355 
 ----> pcfNcfTTM 44 1 0.621834 0.378166 
 ----> pcfNcfTTM 45 1 0.656241 0.343759 
 ----> pcfNcfTTM 46 0 0.650305 0.349695 
 ----> pcfNcfTTM 47 1 0.672813 0.327187 
 ----> pcfNcfTTM 48 1 0.667074 0.332926 
 ----> pcfNcfTTM 49 1 0.660205 0.339795 
 ----> pcfNcfTTM 50 1 0.647438 0.352562 
 ----> pcfNcfTTM 51 0 0.689166 0.310834 
 ----> pcfNcfTTM 52 1 0.636254 0.363746 
 ----> pcfNcfTTM 53 0 0.649842 0.350158 
 ----> pcfNcfTTM 54 0 0.670132 0.329868 
 ----> pcfNcfTTM 55 0 0.651495 0.348505 
 ----> pcfNcfTTM 56 1 0.6581 0.3419 
 ----> pcfNcfTTM 57 1 0.608454 0.391546 
 ----> pcfNcfTTM 58 0 0.671422 0.328578 
 ----> pcfNcfTTM 59 1 0.646942 0.353058 
 ----> pcfNcfTTM 60 0 0.645807 0.354193 
 ----> pcfNcfTTM 61 0 0.68077 0.31923 
 ----> pcfNcfTTM 62 0 0.691062 0.308938 
 ----> pcfNcfTTM 63 1 0.674563 0.325437 
 ----> pcfNcfTTM 64 1 0.638361 0.361639 
 ----> pcfNcfTTM 65 0 0.683677 0.316323 
 ----> pcfNcfTTM 66 0 0.676913 0.323087 
 ----> pcfNcfTTM 67 1 0.616465 0.383535 
 ----> pcfNcfTTM 68 1 0.633443 0.366557 
 ----> pcfNcfTTM 69 0 0.687208 0.312792 
 ----> pcfNcfTTM 70 1 0.613052 0.386948 
 ----> pcfNcfTTM 71 1 0.646166 0.353834 
 ----> pcfNcfTTM 72 1 0.626393 0.373607 
 ----> pcfNcfTTM 73 0 0.690456 0.309544 
 ----> pcfNcfTTM 74 0 0.656607 0.343393 
 ----> pcfNcfTTM 75 0 0.652648 0.347352 
 ----> pcfNcfTTM 76 1 0.633018 0.366982 
 ----> pcfNcfTTM 77 0 0.681442 0.318558 
 ----> pcfNcfTTM 78 1 0.671258 0.328742 
 ----> pcfNcfTTM 79 0 0.668696 0.331304 
 ----> pcfNcfTTM 80 1 0.653692 0.346308 
 ----> pcfNcfTTM 81 1 0.662566 0.337434 
 ----> pcfNcfTTM 82 1 0.623792 0.376208 
 ----> pcfNcfTTM 83 1 0.620652 0.379348 
 ----> pcfNcfTTM 84 1 0.62667 0.37333 
 ----> pcfNcfTTM 85 0 0.667267 0.332733 
 ----> pcfNcfTTM 86 0 0.669728 0.330272 
 ----> pcfNcfTTM 87 1 0.622173 0.377827 
 ----> pcfNcfTTM 88 1 0.63898 0.36102 
 ----> pcfNcfTTM 89 1 0.67934 0.32066 
 ----> pcfNcfTTM 90 1 0.659488 0.340512 
 ----> pcfNcfTTM 91 1 0.625084 0.374916 
 ----> pcfNcfTTM 92 0 0.678812 0.321188 
 ----> pcfNcfTTM 93 0 0.66852 0.33148 
 ----> pcfNcfTTM 94 1 0.643603 0.356397 
 ----> pcfNcfTTM 95 0 0.66348 0.33652 
 ----> pcfNcfTTM 96 0 0.689927 0.310073 
 ----> pcfNcfTTM 97 1 0.643746 0.356254 
 ----> pcfNcfTTM 98 1 0.64485 0.35515 
 ----> pcfNcfTTM 99 1 0.647739 0.352261 
 ----> pcfNcfTTM 100 0 0.702084 0.297916 
 ----> pcfNcfTTM 101 1 0.6699 0.3301 
 ----> pcfNcfTTM 102 0 0.660264 0.339736 
 ----> pcfNcfTTM 103 0 0.669089 0.330911 
 ----> pcfNcfTTM 104 0 0.695383 0.304617 
 ----> pcfNcfTTM 105 1 0.663494 0.336506 
 ----> pcfNcfTTM 106 0 0.651965 0.348035 
 ----> pcfNcfTTM 107 0 0.671997 0.328003 
 ----> pcfNcfTTM 108 0 0.665939 0.334061 
 ----> pcfNcfTTM 109 0 0.642413 0.357587 
 ----> pcfNcfTTM 110 1 0.647196 0.352804 
 ----> pcfNcfTTM 111 0 0.654985 0.345015 
 ----> pcfNcfTTM 112 0 0.677326 0.322674 
 ----> pcfNcfTTM 113 1 0.635894 0.364106 
 ----> pcfNcfTTM 114 1 0.625499 0.374501 
 ----> pcfNcfTTM 115 0 0.678231 0.321769 
 ----> pcfNcfTTM 116 0 0.687825 0.312175 
 ----> pcfNcfTTM 117 1 0.6363 0.3637 
 ----> pcfNcfTTM 118 1 0.597638 0.402362 
 ----> pcfNcfTTM 119 1 0.648262 0.351738 
 ----> pcfNcfTTM 120 0 0.674868 0.325132 
 ----> pcfNcfTTM 121 0 0.685506 0.314494 
 ----> pcfNcfTTM 122 1 0.577153 0.422847 
 ----> pcfNcfTTM 123 1 0.628937 0.371063 
 ----> pcfNcfTTM 124 0 0.672232 0.327768 
 ----> pcfNcfTTM 125 1 0.642146 0.357854 
 ----> pcfNcfTTM 126 0 0.680884 0.319116 
 ----> pcfNcfTTM 127 0 0.655972 0.344028 
 ----> pcfNcfTTM 128 0 0.690446 0.309554 
 ----> pcfNcfTTM 129 1 0.647815 0.352185 
 ----> pcfNcfTTM 130 0 0.678834 0.321166 
 ----> pcfNcfTTM 131 0 0.673108 0.326892 
 ----> pcfNcfTTM 132 0 0.613434 0.386566 
 ----> pcfNcfTTM 133 1 0.657763 0.342237 
 ----> pcfNcfTTM 134 1 0.633078 0.366922 
 ----> pcfNcfTTM 135 1 0.653781 0.346219 
 ----> pcfNcfTTM 136 0 0.678325 0.321675 
 ----> pcfNcfTTM 137 1 0.650042 0.349958 
 ----> pcfNcfTTM 138 0 0.691033 0.308967 
 ----> pcfNcfTTM 139 0 0.693664 0.306336 
 ----> pcfNcfTTM 140 1 0.648342 0.351658 
 ----> pcfNcfTTM 141 0 0.669252 0.330748 
 ----> pcfNcfTTM 142 1 0.645205 0.354795 
 ----> pcfNcfTTM 143 0 0.678102 0.321898 
 ----> pcfNcfTTM 144 1 0.659989 0.340011 
 ----> pcfNcfTTM 145 0 0.654322 0.345678 
 ----> pcfNcfTTM 146 0 0.639254 0.360746 
 ----> pcfNcfTTM 147 0 0.693911 0.306089 
 ----> pcfNcfTTM 148 0 0.673598 0.326402 
 ----> pcfNcfTTM 149 1 0.571779 0.428221 
 ----> pcfNcfTTM 150 1 0.578197 0.421803 
 ----> pcfNcfTTM 151 1 0.663574 0.336426 
 ----> pcfNcfTTM 152 0 0.671905 0.328095 
 ----> pcfNcfTTM 153 0 0.692791 0.307209 
 ----> pcfNcfTTM 154 0 0.700535 0.299465 
 ----> pcfNcfTTM 155 1 0.663658 0.336342 
 ----> pcfNcfTTM 156 1 0.647553 0.352447 
 ----> pcfNcfTTM 157 1 0.625222 0.374778 
 ----> pcfNcfTTM 158 0 0.681917 0.318083 
 ----> pcfNcfTTM 159 1 0.615752 0.384248 
 ----> pcfNcfTTM 160 0 0.641282 0.358718 
 ----> pcfNcfTTM 161 0 0.701027 0.298973 
 ----> pcfNcfTTM 162 1 0.611133 0.388867 
 ----> pcfNcfTTM 163 1 0.651223 0.348777 
 ----> pcfNcfTTM 164 1 0.649652 0.350348 
 ----> pcfNcfTTM 165 1 0.632923 0.367077 
 ----> pcfNcfTTM 166 0 0.708076 0.291924 
 ----> pcfNcfTTM 167 1 0.670834 0.329166 
 ----> pcfNcfTTM 168 0 0.699947 0.300053 
 ----> pcfNcfTTM 169 0 0.663739 0.336261 
 ----> pcfNcfTTM 170 1 0.621524 0.378476 
 ----> pcfNcfTTM 171 1 0.640496 0.359504 
 ----> pcfNcfTTM 172 0 0.694958 0.305042 
 ----> pcfNcfTTM 173 1 0.62939 0.37061 
 ----> pcfNcfTTM 174 0 0.663095 0.336905 
 ----> pcfNcfTTM 175 1 0.632683 0.367317 
 ----> pcfNcfTTM 176 0 0.667931 0.332069 
 ----> pcfNcfTTM 177 0 0.653426 0.346574 
 ----> pcfNcfTTM 178 1 0.616214 0.383786 
 ----> pcfNcfTTM 179 0 0.669396 0.330604 
 ----> pcfNcfTTM 180 0 0.675763 0.324237 
 ----> pcfNcfTTM 181 0 0.632722 0.367278 
 ----> pcfNcfTTM 182 0 0.658959 0.341041 
 ----> pcfNcfTTM 183 1 0.638765 0.361235 
 ----> pcfNcfTTM 184 1 0.628603 0.371397 
 ----> pcfNcfTTM 185 0 0.679459 0.320541 
 ----> pcfNcfTTM 186 0 0.667266 0.332734 
 ----> pcfNcfTTM 187 0 0.661703 0.338297 
 ----> pcfNcfTTM 188 1 0.651681 0.348319 
 ----> pcfNcfTTM 189 1 0.627341 0.372659 
 ----> pcfNcfTTM 190 0 0.649185 0.350815 
 ----> pcfNcfTTM 191 0 0.685481 0.314519 
 ----> pcfNcfTTM 192 1 0.633064 0.366936 
 ----> pcfNcfTTM 193 0 0.635439 0.364561 
 ----> pcfNcfTTM 194 0 0.663817 0.336183 
 ----> pcfNcfTTM 195 0 0.710761 0.289239 
 ----> pcfNcfTTM 196 1 0.645399 0.354601 
 ----> pcfNcfTTM 197 0 0.64122 0.35878 
 ----> pcfNcfTTM 198 0 0.689652 0.310348 
 ----> pcfNcfTTM 199 0 0.679188 0.320812 
 ----> pcfNcfTTM 200 0 0.707312 0.292688 
 ----> pcfNcfTTM 201 0 0.654675 0.345325 
 ----> pcfNcfTTM 202 0 0.646197 0.353803 
 ----> pcfNcfTTM 203 1 0.660651 0.339349 
 ----> pcfNcfTTM 204 1 0.675301 0.324699 
 ----> pcfNcfTTM 205 0 0.654895 0.345105 
 ----> pcfNcfTTM 206 1 0.651127 0.348873 
 ----> pcfNcfTTM 207 1 0.636981 0.363019 
 ----> pcfNcfTTM 208 0 0.666743 0.333257 
 ----> pcfNcfTTM 209 0 0.688876 0.311124 
 ----> pcfNcfTTM 210 0 0.685613 0.314387 
 ----> pcfNcfTTM 211 0 0.670389 0.329611 
 ----> pcfNcfTTM 212 0 0.653225 0.346775 
 ----> pcfNcfTTM 213 1 0.640197 0.359803 
 ----> pcfNcfTTM 214 0 0.665518 0.334482 
 ----> pcfNcfTTM 215 1 0.588459 0.411541 
 ----> pcfNcfTTM 216 0 0.680402 0.319598 
 ----> pcfNcfTTM 217 1 0.631292 0.368708 
 ----> pcfNcfTTM 218 0 0.662483 0.337517 
 ----> pcfNcfTTM 219 0 0.657662 0.342338 
 ----> pcfNcfTTM 220 0 0.666419 0.333581 
 ----> pcfNcfTTM 221 0 0.664495 0.335505 
 ----> pcfNcfTTM 222 1 0.569562 0.430438 
 ----> pcfNcfTTM 223 1 0.642283 0.357717 
 ----> pcfNcfTTM 224 0 0.688188 0.311812 
 ----> pcfNcfTTM 225 1 0.664617 0.335383 
 ----> pcfNcfTTM 226 1 0.671229 0.328771 
 ----> pcfNcfTTM 227 0 0.663026 0.336974 
 ----> pcfNcfTTM 228 0 0.666043 0.333957 
 ----> pcfNcfTTM 229 0 0.629249 0.370751 
 ----> pcfNcfTTM 230 0 0.68644 0.31356 
 ----> pcfNcfTTM 231 0 0.670969 0.329031 
 ----> pcfNcfTTM 232 1 0.610329 0.389671 
 ----> pcfNcfTTM 233 0 0.638857 0.361143 
 ----> pcfNcfTTM 234 0 0.655513 0.344487 
 ----> pcfNcfTTM 235 0 0.67368 0.32632 
 ----> pcfNcfTTM 236 1 0.645112 0.354888 
 ----> pcfNcfTTM 237 0 0.656273 0.343727 
 ----> pcfNcfTTM 238 0 0.682334 0.317666 
 ----> pcfNcfTTM 239 0 0.666376 0.333624 
 ----> pcfNcfTTM 240 1 0.642488 0.357512 
 ----> pcfNcfTTM 241 0 0.676547 0.323453 
 ----> pcfNcfTTM 242 1 0.672634 0.327366 
 ----> pcfNcfTTM 243 0 0.646271 0.353729 
 ----> pcfNcfTTM 244 1 0.628778 0.371222 
 ----> pcfNcfTTM 245 1 0.645654 0.354346 
 ----> pcfNcfTTM 246 0 0.67268 0.32732 
 ----> pcfNcfTTM 247 0 0.640784 0.359216 
 ----> pcfNcfTTM 248 1 0.665076 0.334924 
 ----> pcfNcfTTM 249 1 0.652545 0.347455 
 ----> pcfNcfTTM 250 0 0.692479 0.307521 
 ----> pcfNcfTTM 251 0 0.686588 0.313412 
 ----> pcfNcfTTM 252 0 0.667127 0.332873 
 ----> pcfNcfTTM 253 1 0.64154 0.35846 
 ----> pcfNcfTTM 254 0 0.668264 0.331736 
 ----> pcfNcfTTM 255 1 0.64893 0.35107 
 ----> pcfNcfTTM 256 0 0.656122 0.343878 
 ----> pcfNcfTTM 257 0 0.686835 0.313165 
 ----> pcfNcfTTM 258 0 0.672014 0.327986 
 ----> pcfNcfTTM 259 0 0.66381 0.33619 
 ----> pcfNcfTTM 260 1 0.627558 0.372442 
 ----> pcfNcfTTM 261 1 0.668371 0.331629 
 ----> pcfNcfTTM 262 0 0.660013 0.339987 
 ----> pcfNcfTTM 263 1 0.663802 0.336198 
 ----> pcfNcfTTM 264 1 0.637025 0.362975 
 ----> pcfNcfTTM 265 1 0.642786 0.357214 
 ----> pcfNcfTTM 266 0 0.636851 0.363149 
 ----> pcfNcfTTM 267 0 0.670304 0.329696 
 ----> pcfNcfTTM 268 1 0.633698 0.366302 
 ----> pcfNcfTTM 269 0 0.634072 0.365928 
 ----> pcfNcfTTM 270 1 0.643267 0.356733 
 ----> pcfNcfTTM 271 1 0.659713 0.340287 
 ----> pcfNcfTTM 272 0 0.676428 0.323572 
 ----> pcfNcfTTM 273 0 0.736194 0.263806 
 ----> pcfNcfTTM 274 1 0.650794 0.349206 
 ----> pcfNcfTTM 275 1 0.669068 0.330932 
 ----> pcfNcfTTM 276 0 0.643747 0.356253 
 ----> pcfNcfTTM 277 0 0.667916 0.332084 
 ----> pcfNcfTTM 278 0 0.674148 0.325852 
 ----> pcfNcfTTM 279 1 0.586143 0.413857 
 ----> pcfNcfTTM 280 1 0.646581 0.353419 
 ----> pcfNcfTTM 281 0 0.68223 0.31777 
 ----> pcfNcfTTM 282 1 0.671964 0.328036 
 ----> pcfNcfTTM 283 1 0.589672 0.410328 
 ----> pcfNcfTTM 284 1 0.666907 0.333093 
 ----> pcfNcfTTM 285 0 0.659703 0.340297 
 ----> pcfNcfTTM 286 0 0.678021 0.321979 
 ----> pcfNcfTTM 287 0 0.666989 0.333011 
 ----> pcfNcfTTM 288 0 0.703724 0.296276 
 ----> pcfNcfTTM 289 0 0.674038 0.325962 
 ----> pcfNcfTTM 290 0 0.653461 0.346539 
 ----> pcfNcfTTM 291 1 0.64122 0.35878 
 ----> pcfNcfTTM 292 0 0.656124 0.343876 
 ----> pcfNcfTTM 293 1 0.640056 0.359944 
 ----> pcfNcfTTM 294 1 0.574159 0.425841 
 ----> pcfNcfTTM 295 0 0.716028 0.283972 
 ----> pcfNcfTTM 296 0 0.65294 0.34706 
 ----> pcfNcfTTM 297 0 0.629952 0.370048 
 ----> pcfNcfTTM 298 1 0.616008 0.383992 
 ----> pcfNcfTTM 299 0 0.699761 0.300239 
 ----> pcfNcfTTM 300 0 0.683984 0.316016 
 ----> pcfNcfTTM 301 0 0.692687 0.307313 
 ----> pcfNcfTTM 302 0 0.668888 0.331112 
 ----> pcfNcfTTM 303 0 0.64709 0.35291 
 ----> pcfNcfTTM 304 0 0.662568 0.337432 
 ----> pcfNcfTTM 305 0 0.661636 0.338364 
 ----> pcfNcfTTM 306 0 0.647721 0.352279 
 ----> pcfNcfTTM 307 1 0.619411 0.380589 
 ----> pcfNcfTTM 308 0 0.690806 0.309194 
 ----> pcfNcfTTM 309 1 0.563232 0.436768 
 ----> pcfNcfTTM 310 0 0.66972 0.33028 
 ----> pcfNcfTTM 311 0 0.665695 0.334305 
 ----> pcfNcfTTM 312 0 0.668768 0.331232 
 ----> pcfNcfTTM 313 1 0.546238 0.453762 
 ----> pcfNcfTTM 314 0 0.669503 0.330497 
 ----> pcfNcfTTM 315 0 0.673786 0.326214 
 ----> pcfNcfTTM 316 0 0.647676 0.352324 
 ----> pcfNcfTTM 317 0 0.680623 0.319377 
 ----> pcfNcfTTM 318 0 0.656419 0.343581 
 ----> pcfNcfTTM 319 0 0.648112 0.351888 
 ----> pcfNcfTTM 320 0 0.680282 0.319718 
 ----> pcfNcfTTM 321 1 0.61419 0.38581 
 ----> pcfNcfTTM 322 1 0.648354 0.351646 
 ----> pcfNcfTTM 323 0 0.650432 0.349568 
 ----> pcfNcfTTM 324 0 0.6555 0.3445 
 ----> pcfNcfTTM 325 0 0.656958 0.343042 
 ----> pcfNcfTTM 326 1 0.680411 0.319589 
 ----> pcfNcfTTM 327 1 0.623696 0.376304 
 ----> pcfNcfTTM 328 0 0.675437 0.324563 
 ----> pcfNcfTTM 329 0 0.621564 0.378436 
 ----> pcfNcfTTM 330 0 0.641182 0.358818 
 ----> pcfNcfTTM 331 0 0.684359 0.315641 
 ----> pcfNcfTTM 332 0 0.67496 0.32504 
 ----> pcfNcfTTM 333 1 0.643257 0.356743 
 ----> pcfNcfTTM 334 1 0.651915 0.348085 
 ----> pcfNcfTTM 335 0 0.669155 0.330845 
 ----> pcfNcfTTM 336 1 0.669115 0.330885 
 ----> pcfNcfTTM 337 1 0.637675 0.362325 
 ----> pcfNcfTTM 338 1 0.666577 0.333423 
 ----> pcfNcfTTM 339 0 0.663025 0.336975 
 ----> pcfNcfTTM 340 0 0.706872 0.293128 
 ----> pcfNcfTTM 341 1 0.648102 0.351898 
 ----> pcfNcfTTM 342 1 0.644524 0.355476 
 ----> pcfNcfTTM 343 0 0.656855 0.343145 
 ----> pcfNcfTTM 344 0 0.68325 0.31675 
 ----> pcfNcfTTM 345 0 0.663599 0.336401 
 ----> pcfNcfTTM 346 0 0.686167 0.313833 
 ----> pcfNcfTTM 347 1 0.649565 0.350435 
 ----> pcfNcfTTM 348 0 0.674623 0.325377 
 ----> pcfNcfTTM 349 0 0.708354 0.291646 
 ----> pcfNcfTTM 350 1 0.671554 0.328446 
 ----> pcfNcfTTM 351 0 0.676219 0.323781 
 ----> pcfNcfTTM 352 0 0.648309 0.351691 
 ----> pcfNcfTTM 353 0 0.679602 0.320398 
 ----> pcfNcfTTM 354 0 0.650843 0.349157 
 ----> pcfNcfTTM 355 0 0.668708 0.331292 
 ----> pcfNcfTTM 356 0 0.679786 0.320214 
 ----> pcfNcfTTM 357 1 0.662032 0.337968 
 ----> pcfNcfTTM 358 0 0.628074 0.371926 
 ----> pcfNcfTTM 359 0 0.677752 0.322248 
 ----> pcfNcfTTM 360 0 0.654278 0.345722 
 ----> pcfNcfTTM 361 0 0.675698 0.324302 
 ----> pcfNcfTTM 362 1 0.6606 0.3394 
 ----> pcfNcfTTM 363 0 0.694427 0.305573 
 ----> pcfNcfTTM 364 0 0.636994 0.363006 
 ----> pcfNcfTTM 365 0 0.665685 0.334315 
 ----> pcfNcfTTM 366 1 0.638725 0.361275 
 ----> pcfNcfTTM 367 0 0.652335 0.347665 
 ----> pcfNcfTTM 368 0 0.665085 0.334915 
 ----> pcfNcfTTM 369 0 0.675322 0.324678 
 ----> pcfNcfTTM 370 1 0.66119 0.33881 
 ----> pcfNcfTTM 371 0 0.66098 0.33902 
 ----> pcfNcfTTM 372 0 0.682375 0.317625 
 ----> pcfNcfTTM 373 0 0.671637 0.328363 
 ----> pcfNcfTTM 374 0 0.680986 0.319014 
 ----> pcfNcfTTM 375 1 0.66672 0.33328 
 ----> pcfNcfTTM 376 0 0.67391 0.32609 
 ----> pcfNcfTTM 377 0 0.664728 0.335272 
 ----> pcfNcfTTM 378 1 0.612753 0.387247 
 ----> pcfNcfTTM 379 0 0.681122 0.318878 
 ----> pcfNcfTTM 380 0 0.677829 0.322171 
 ----> pcfNcfTTM 381 0 0.672786 0.327214 
 ----> pcfNcfTTM 382 0 0.664264 0.335736 
 ----> pcfNcfTTM 383 0 0.680313 0.319687 
 ----> pcfNcfTTM 384 0 0.642925 0.357075 
 ----> pcfNcfTTM 385 1 0.660068 0.339932 
 ----> pcfNcfTTM 386 0 0.658602 0.341398 
 ----> pcfNcfTTM 387 1 0.642054 0.357946 
 ----> pcfNcfTTM 388 1 0.635493 0.364507 
 ----> pcfNcfTTM 389 0 0.683285 0.316715 
 ----> pcfNcfTTM 390 0 0.639836 0.360164 
 ----> pcfNcfTTM 391 0 0.650898 0.349102 
 ----> pcfNcfTTM 392 1 0.63728 0.36272 
 ----> pcfNcfTTM 393 1 0.663042 0.336958 
 ----> pcfNcfTTM 394 0 0.655187 0.344813 
 ----> pcfNcfTTM 395 0 0.654725 0.345275 
 ----> pcfNcfTTM 396 0 0.654245 0.345755 
 ----> pcfNcfTTM 397 0 0.658858 0.341142 
 ----> pcfNcfTTM 398 1 0.644347 0.355653 
 ----> pcfNcfTTM 399 1 0.648115 0.351885 
 ----> pcfNcfTTM 400 1 0.667543 0.332457 
 ----> pcfNcfTTM 401 0 0.689126 0.310874 
 ----> pcfNcfTTM 402 0 0.641369 0.358631 
 ----> pcfNcfTTM 403 0 0.693647 0.306353 
 ----> pcfNcfTTM 404 0 0.648431 0.351569 
 ----> pcfNcfTTM 405 0 0.680352 0.319648 
 ----> pcfNcfTTM 406 1 0.636861 0.363139 
 ----> pcfNcfTTM 407 1 0.687306 0.312694 
 ----> pcfNcfTTM 408 0 0.669917 0.330083 
 ----> pcfNcfTTM 409 1 0.631286 0.368714 
 ----> pcfNcfTTM 410 0 0.642245 0.357755 
 ----> pcfNcfTTM 411 0 0.677743 0.322257 
 ----> pcfNcfTTM 412 1 0.644855 0.355145 
 ----> pcfNcfTTM 413 1 0.667337 0.332663 
 ----> pcfNcfTTM 414 0 0.682702 0.317298 
 ----> pcfNcfTTM 415 1 0.651329 0.348671 
 ----> pcfNcfTTM 416 0 0.699313 0.300687 
 ----> pcfNcfTTM 417 0 0.652371 0.347629 
 ----> pcfNcfTTM 418 1 0.688255 0.311745 
 ----> pcfNcfTTM 419 0 0.645722 0.354278 
 ----> pcfNcfTTM 420 0 0.742002 0.257998 
 ----> pcfNcfTTM 421 0 0.684011 0.315989 
 ----> pcfNcfTTM 422 0 0.68706 0.31294 
 ----> pcfNcfTTM 423 0 0.684118 0.315882 
 ----> pcfNcfTTM 424 0 0.68207 0.31793 
 ----> pcfNcfTTM 425 0 0.675022 0.324978 
 ----> pcfNcfTTM 426 1 0.622375 0.377625 
 ----> pcfNcfTTM 427 0 0.696486 0.303514 
 ----> pcfNcfTTM 428 0 0.656062 0.343938 
 ----> pcfNcfTTM 429 0 0.674098 0.325902 
 ----> pcfNcfTTM 430 0 0.68484 0.31516 
 ----> pcfNcfTTM 431 0 0.666442 0.333558 
 ----> pcfNcfTTM 432 0 0.669418 0.330582 
 ----> pcfNcfTTM 433 0 0.692245 0.307755 
 ----> pcfNcfTTM 434 0 0.695692 0.304308 
 ----> pcfNcfTTM 435 1 0.603905 0.396095 
 ----> pcfNcfTTM 436 0 0.651926 0.348074 
 ----> pcfNcfTTM 437 0 0.653851 0.346149 
 ----> pcfNcfTTM 438 0 0.633983 0.366017 
 ----> pcfNcfTTM 439 0 0.66582 0.33418 
 ----> pcfNcfTTM 440 0 0.687088 0.312912 
 ----> pcfNcfTTM 441 0 0.679385 0.320615 
 ----> pcfNcfTTM 442 0 0.689958 0.310042 
 ----> pcfNcfTTM 443 0 0.717576 0.282424 
 ----> pcfNcfTTM 444 0 0.675956 0.324044 
 ----> pcfNcfTTM 445 1 0.658264 0.341736 
 ----> pcfNcfTTM 446 0 0.68554 0.31446 
 ----> pcfNcfTTM 447 0 0.679812 0.320188 
 ----> pcfNcfTTM 448 0 0.688076 0.311924 
 ----> pcfNcfTTM 449 0 0.682023 0.317977 
 ----> pcfNcfTTM 450 0 0.695564 0.304436 
 ----> pcfNcfTTM 451 0 0.65497 0.34503 
 ----> pcfNcfTTM 452 0 0.670541 0.329459 
 ----> pcfNcfTTM 453 0 0.635307 0.364693 
 ----> pcfNcfTTM 454 1 0.649783 0.350217 
 ----> pcfNcfTTM 455 0 0.716637 0.283363 
 ----> pcfNcfTTM 456 0 0.66993 0.33007 
 ----> pcfNcfTTM 457 0 0.667651 0.332349 
 ----> pcfNcfTTM 458 1 0.631869 0.368131 
 ----> pcfNcfTTM 459 0 0.667443 0.332557 
 ----> pcfNcfTTM 460 0 0.689832 0.310168 
 ----> pcfNcfTTM 461 1 0.622049 0.377951 
 ----> pcfNcfTTM 462 0 0.690571 0.309429 
 ----> pcfNcfTTM 463 0 0.642376 0.357624 
 ----> pcfNcfTTM 464 0 0.639124 0.360876 
 ----> pcfNcfTTM 465 0 0.717763 0.282237 
 ----> pcfNcfTTM 466 0 0.618505 0.381495 
 ----> pcfNcfTTM 467 1 0.666149 0.333851 
 ----> pcfNcfTTM 468 0 0.726122 0.273878 
 ----> pcfNcfTTM 469 0 0.714157 0.285843 
 ----> pcfNcfTTM 470 1 0.676242 0.323758 
 ----> pcfNcfTTM 471 1 0.641643 0.358357 
 ----> pcfNcfTTM 472 0 0.664473 0.335527 
 ----> pcfNcfTTM 473 1 0.659514 0.340486 
 ----> pcfNcfTTM 474 0 0.668617 0.331383 
 ----> pcfNcfTTM 475 0 0.693994 0.306006 
 ----> pcfNcfTTM 476 0 0.6611 0.3389 
 ----> pcfNcfTTM 477 1 0.661772 0.338228 
 ----> pcfNcfTTM 478 0 0.680887 0.319113 
 ----> pcfNcfTTM 479 1 0.632165 0.367835 
 ----> pcfNcfTTM 480 0 0.682313 0.317687 
 ----> pcfNcfTTM 481 0 0.667353 0.332647 
 ----> pcfNcfTTM 482 0 0.665692 0.334308 
 ----> pcfNcfTTM 483 1 0.654328 0.345672 
 ----> pcfNcfTTM 484 0 0.651562 0.348438 
 ----> pcfNcfTTM 485 0 0.654215 0.345785 
 ----> pcfNcfTTM 486 0 0.673763 0.326237 
 ----> pcfNcfTTM 487 0 0.677312 0.322688 
 ----> pcfNcfTTM 488 1 0.632901 0.367099 
 ----> pcfNcfTTM 489 1 0.656134 0.343866 
 ----> pcfNcfTTM 490 0 0.692672 0.307328 
 ----> pcfNcfTTM 491 1 0.630649 0.369351 
 ----> pcfNcfTTM 492 0 0.685152 0.314848 
 ----> pcfNcfTTM 493 0 0.656112 0.343888 
 ----> pcfNcfTTM 494 0 0.666285 0.333715 
 ----> pcfNcfTTM 495 1 0.633982 0.366018 
 ----> pcfNcfTTM 496 0 0.665648 0.334352 
 ----> pcfNcfTTM 497 0 0.663353 0.336647 
 ----> pcfNcfTTM 498 0 0.68176 0.31824 
 ----> pcfNcfTTM 499 1 0.654594 0.345406 
 ----> pcfNcfTTM 500 1 0.653206 0.346794 
 ----> pcfNcfTTM 501 0 0.713455 0.286545 
 ----> pcfNcfTTM 502 0 0.648676 0.351324 
 ----> pcfNcfTTM 503 0 0.658127 0.341873 
 ----> pcfNcfTTM 504 0 0.679024 0.320976 
 ----> pcfNcfTTM 505 0 0.640233 0.359767 
 ----> pcfNcfTTM 506 0 0.635273 0.364727 
 ----> pcfNcfTTM 507 0 0.659567 0.340433 
 ----> pcfNcfTTM 508 1 0.649521 0.350479 
 ----> pcfNcfTTM 509 1 0.624117 0.375883 
 ----> pcfNcfTTM 510 0 0.691478 0.308522 
 ----> pcfNcfTTM 511 0 0.641927 0.358073 
 ----> pcfNcfTTM 512 0 0.674723 0.325277 
 ----> pcfNcfTTM 513 1 0.657336 0.342664 
 ----> pcfNcfTTM 514 1 0.616385 0.383615 
 ----> pcfNcfTTM 515 0 0.688724 0.311276 
 ----> pcfNcfTTM 516 0 0.654109 0.345891 
 ----> pcfNcfTTM 517 1 0.638922 0.361078 
 ----> pcfNcfTTM 518 0 0.646686 0.353314 
 ----> pcfNcfTTM 519 0 0.666622 0.333378 
 ----> pcfNcfTTM 520 1 0.661577 0.338423 
 ----> pcfNcfTTM 521 1 0.649932 0.350068 
 ----> pcfNcfTTM 522 0 0.638443 0.361557 
 ----> pcfNcfTTM 523 1 0.696682 0.303318 
 ----> pcfNcfTTM 524 0 0.630149 0.369851 
 ----> pcfNcfTTM 525 0 0.622858 0.377142 
 ----> pcfNcfTTM 526 0 0.668781 0.331219 
 ----> pcfNcfTTM 527 0 0.649273 0.350727 
 ----> pcfNcfTTM 528 0 0.685796 0.314204 
 ----> pcfNcfTTM 529 1 0.649397 0.350603 
 ----> pcfNcfTTM 530 0 0.711134 0.288866 
 ----> pcfNcfTTM 531 1 0.625246 0.374754 
 ----> pcfNcfTTM 532 0 0.676872 0.323128 
 ----> pcfNcfTTM 533 0 0.688128 0.311872 
 ----> pcfNcfTTM 534 0 0.681309 0.318691 
 ----> pcfNcfTTM 535 1 0.644576 0.355424 
 ----> pcfNcfTTM 536 0 0.681004 0.318996 
 ----> pcfNcfTTM 537 0 0.660271 0.339729 
 ----> pcfNcfTTM 538 0 0.656801 0.343199 
 ----> pcfNcfTTM 539 1 0.643079 0.356921 
 ----> pcfNcfTTM 540 0 0.667929 0.332071 
 ----> pcfNcfTTM 541 1 0.634033 0.365967 
 ----> pcfNcfTTM 542 0 0.663894 0.336106 
 ----> pcfNcfTTM 543 1 0.665995 0.334005 
 ----> pcfNcfTTM 544 0 0.689348 0.310652 
 ----> pcfNcfTTM 545 1 0.619426 0.380574 
 ----> pcfNcfTTM 546 0 0.66268 0.33732 
 ----> pcfNcfTTM 547 0 0.670794 0.329206 
 ----> pcfNcfTTM 548 1 0.660557 0.339443 
 ----> pcfNcfTTM 549 0 0.701261 0.298739 
 ----> pcfNcfTTM 550 0 0.657068 0.342932 
 ----> pcfNcfTTM 551 0 0.660819 0.339181 
 ----> pcfNcfTTM 552 1 0.645534 0.354466 
 ----> pcfNcfTTM 553 1 0.654038 0.345962 
 ----> pcfNcfTTM 554 1 0.620431 0.379569 
 ----> pcfNcfTTM 555 1 0.651123 0.348877 
 ----> pcfNcfTTM 556 0 0.655545 0.344455 
 ----> pcfNcfTTM 557 0 0.651762 0.348238 
 ----> pcfNcfTTM 558 0 0.675358 0.324642 
 ----> pcfNcfTTM 559 0 0.697753 0.302247 
 ----> pcfNcfTTM 560 0 0.67837 0.32163 
 ----> pcfNcfTTM 561 1 0.567882 0.432118 
 ----> pcfNcfTTM 562 0 0.665687 0.334313 
 ----> pcfNcfTTM 563 0 0.688914 0.311086 
 ----> pcfNcfTTM 564 0 0.677924 0.322076 
 ----> pcfNcfTTM 565 0 0.654506 0.345494 
 ----> pcfNcfTTM 566 0 0.670155 0.329845 
 ----> pcfNcfTTM 567 0 0.665394 0.334606 
 ----> pcfNcfTTM 568 0 0.68551 0.31449 
 ----> pcfNcfTTM 569 1 0.643057 0.356943 
 ----> pcfNcfTTM 570 0 0.673567 0.326433 
 ----> pcfNcfTTM 571 1 0.647017 0.352983 
 ----> pcfNcfTTM 572 0 0.6521 0.3479 
 ----> pcfNcfTTM 573 0 0.688023 0.311977 
 ----> pcfNcfTTM 574 0 0.656637 0.343363 
 ----> pcfNcfTTM 575 1 0.652314 0.347686 
 ----> pcfNcfTTM 576 0 0.658222 0.341778 
 ----> pcfNcfTTM 577 1 0.631293 0.368707 
 ----> pcfNcfTTM 578 0 0.659852 0.340148 
 ----> pcfNcfTTM 579 0 0.653254 0.346746 
 ----> pcfNcfTTM 580 1 0.663808 0.336192 
 ----> pcfNcfTTM 581 0 0.710703 0.289297 
 ----> pcfNcfTTM 582 0 0.71516 0.28484 
 ----> pcfNcfTTM 583 1 0.648915 0.351085 
 ----> pcfNcfTTM 584 0 0.682389 0.317611 
 ----> pcfNcfTTM 585 0 0.673576 0.326424 
 ----> pcfNcfTTM 586 0 0.693042 0.306958 
 ----> pcfNcfTTM 587 0 0.667117 0.332883 
 ----> pcfNcfTTM 588 0 0.683906 0.316094 
 ----> pcfNcfTTM 589 1 0.6297 0.3703 
 ----> pcfNcfTTM 590 0 0.660213 0.339787 
 ----> pcfNcfTTM 591 1 0.650601 0.349399 
 ----> pcfNcfTTM 592 1 0.618404 0.381596 
 ----> pcfNcfTTM 593 0 0.6674 0.3326 
 ----> pcfNcfTTM 594 0 0.707882 0.292118 
 ----> pcfNcfTTM 595 0 0.741324 0.258676 
 ----> pcfNcfTTM 596 0 0.69243 0.30757 
 ----> pcfNcfTTM 597 0 0.650066 0.349934 
 ----> pcfNcfTTM 598 0 0.664787 0.335213 
 ----> pcfNcfTTM 599 0 0.668111 0.331889 
 ----> pcfNcfTTM 600 0 0.697001 0.302999 
 ----> pcfNcfTTM 601 0 0.695586 0.304414 
 ----> pcfNcfTTM 602 1 0.650137 0.349863 
 ----> pcfNcfTTM 603 0 0.678507 0.321493 
 ----> pcfNcfTTM 604 0 0.694468 0.305532 
 ----> pcfNcfTTM 605 0 0.662207 0.337793 
 ----> pcfNcfTTM 606 0 0.657463 0.342537 
 ----> pcfNcfTTM 607 1 0.624212 0.375788 
 ----> pcfNcfTTM 608 0 0.67014 0.32986 
 ----> pcfNcfTTM 609 0 0.661305 0.338695 
 ----> pcfNcfTTM 610 0 0.670387 0.329613 
 ----> pcfNcfTTM 611 0 0.673349 0.326651 
 ----> pcfNcfTTM 612 0 0.685532 0.314468 
 ----> pcfNcfTTM 613 0 0.712964 0.287036 
 ----> pcfNcfTTM 614 0 0.700273 0.299727 
 ----> pcfNcfTTM 615 0 0.694347 0.305653 
 ----> pcfNcfTTM 616 0 0.648939 0.351061 
 ----> pcfNcfTTM 617 0 0.68196 0.31804 
 ----> pcfNcfTTM 618 0 0.666519 0.333481 
 ----> pcfNcfTTM 619 1 0.647993 0.352007 
 ----> pcfNcfTTM 620 0 0.672573 0.327427 
 ----> pcfNcfTTM 621 0 0.685675 0.314325 
 ----> pcfNcfTTM 622 0 0.699115 0.300885 
 ----> pcfNcfTTM 623 1 0.630159 0.369841 
 ----> pcfNcfTTM 624 0 0.707428 0.292572 
 ----> pcfNcfTTM 625 0 0.679397 0.320603 
 ----> pcfNcfTTM 626 0 0.691933 0.308067 
 ----> pcfNcfTTM 627 0 0.70242 0.29758 
 ----> pcfNcfTTM 628 1 0.661024 0.338976 
 ----> pcfNcfTTM 629 0 0.663004 0.336996 
 ----> pcfNcfTTM 630 0 0.69069 0.30931 
 ----> pcfNcfTTM 631 1 0.611843 0.388157 
 ----> pcfNcfTTM 632 1 0.611063 0.388937 
 ----> pcfNcfTTM 633 0 0.694285 0.305715 
 ----> pcfNcfTTM 634 1 0.538131 0.461869 
 ----> pcfNcfTTM 635 0 0.662647 0.337353 
 ----> pcfNcfTTM 636 1 0.631378 0.368622 
 ----> pcfNcfTTM 637 0 0.640012 0.359988 
 ----> pcfNcfTTM 638 0 0.654756 0.345244 
 ----> pcfNcfTTM 639 1 0.649373 0.350627 
 ----> pcfNcfTTM 640 0 0.689253 0.310747 
 ----> pcfNcfTTM 641 0 0.683761 0.316239 
 ----> pcfNcfTTM 642 0 0.684034 0.315966 
 ----> pcfNcfTTM 643 0 0.660936 0.339064 
 ----> pcfNcfTTM 644 0 0.674346 0.325654 
 ----> pcfNcfTTM 645 0 0.643538 0.356462 
 ----> pcfNcfTTM 646 1 0.664792 0.335208 
 ----> pcfNcfTTM 647 0 0.663637 0.336363 
 ----> pcfNcfTTM 648 0 0.693605 0.306395 
 ----> pcfNcfTTM 649 0 0.688852 0.311148 
 ----> pcfNcfTTM 650 0 0.68626 0.31374 
 ----> pcfNcfTTM 651 1 0.643456 0.356544 
 ----> pcfNcfTTM 652 0 0.662814 0.337186 
 ----> pcfNcfTTM 653 1 0.634403 0.365597 
 ----> pcfNcfTTM 654 0 0.658678 0.341322 
 ----> pcfNcfTTM 655 0 0.668846 0.331154 
 ----> pcfNcfTTM 656 0 0.650308 0.349692 
 ----> pcfNcfTTM 657 0 0.660287 0.339713 
 ----> pcfNcfTTM 658 0 0.674626 0.325374 
 ----> pcfNcfTTM 659 0 0.640545 0.359455 
 ----> pcfNcfTTM 660 0 0.632442 0.367558 
 ----> pcfNcfTTM 661 0 0.677933 0.322067 
 ----> pcfNcfTTM 662 0 0.658265 0.341735 
 ----> pcfNcfTTM 663 1 0.666601 0.333399 
 ----> pcfNcfTTM 664 1 0.639891 0.360109 
 ----> pcfNcfTTM 665 0 0.657235 0.342765 
 ----> pcfNcfTTM 666 0 0.641099 0.358901 
 ----> pcfNcfTTM 667 0 0.653608 0.346392 
 ----> pcfNcfTTM 668 1 0.649017 0.350983 
 ----> pcfNcfTTM 669 0 0.619305 0.380695 
 ----> pcfNcfTTM 670 0 0.647296 0.352704 
 ----> pcfNcfTTM 671 0 0.666061 0.333939 
 ----> pcfNcfTTM 672 0 0.681692 0.318308 
 ----> pcfNcfTTM 673 0 0.667954 0.332046 
 ----> pcfNcfTTM 674 1 0.674322 0.325678 
 ----> pcfNcfTTM 675 1 0.63819 0.36181 
 ----> pcfNcfTTM 676 0 0.668942 0.331058 
 ----> pcfNcfTTM 677 1 0.648601 0.351399 
 ----> pcfNcfTTM 678 1 0.663795 0.336205 
 ----> pcfNcfTTM 679 0 0.673555 0.326445 
 ----> pcfNcfTTM 680 1 0.606997 0.393003 
 ----> pcfNcfTTM 681 0 0.649474 0.350526 
 ----> pcfNcfTTM 682 0 0.654127 0.345873 
 ----> pcfNcfTTM 683 0 0.647281 0.352719 
 ----> pcfNcfTTM 684 0 0.692256 0.307744 
 ----> pcfNcfTTM 685 0 0.679165 0.320835 
 ----> pcfNcfTTM 686 0 0.622893 0.377107 
 ----> pcfNcfTTM 687 0 0.662382 0.337618 
 ----> pcfNcfTTM 688 0 0.673285 0.326715 
 ----> pcfNcfTTM 689 0 0.650943 0.349057 
 ----> pcfNcfTTM 690 1 0.627466 0.372534 
 ----> pcfNcfTTM 691 0 0.674299 0.325701 
 ----> pcfNcfTTM 692 0 0.660132 0.339868 
 ----> pcfNcfTTM 693 1 0.650638 0.349362 
 ----> pcfNcfTTM 694 0 0.660745 0.339255 
 ----> pcfNcfTTM 695 0 0.669491 0.330509 
 ----> pcfNcfTTM 696 0 0.684926 0.315074 
 ----> pcfNcfTTM 697 0 0.697236 0.302764 
 ----> pcfNcfTTM 698 1 0.661465 0.338535 
 ----> pcfNcfTTM 699 0 0.655255 0.344745 
 ----> pcfNcfTTM 700 1 0.657453 0.342547 
 ----> pcfNcfTTM 701 0 0.679654 0.320346 
 ----> pcfNcfTTM 702 0 0.673505 0.326495 
 ----> pcfNcfTTM 703 0 0.708049 0.291951 
 ----> pcfNcfTTM 704 0 0.714302 0.285698 
 ----> pcfNcfTTM 705 0 0.69992 0.30008 
 ----> pcfNcfTTM 706 0 0.671481 0.328519 
 ----> pcfNcfTTM 707 0 0.641217 0.358783 
 ----> pcfNcfTTM 708 0 0.662351 0.337649 
 ----> pcfNcfTTM 709 0 0.67078 0.32922 
 ----> pcfNcfTTM 710 0 0.6383 0.3617 
 ----> pcfNcfTTM 711 0 0.67085 0.32915 
 ----> pcfNcfTTM 712 0 0.650078 0.349922 
 ----> pcfNcfTTM 713 1 0.661863 0.338137 
 ----> pcfNcfTTM 714 1 0.660988 0.339012 
 ----> pcfNcfTTM 715 1 0.669823 0.330177 
 ----> pcfNcfTTM 716 1 0.662861 0.337139 
 ----> pcfNcfTTM 717 0 0.672014 0.327986 
 ----> pcfNcfTTM 718 0 0.658143 0.341857 
