 ----> pcfNcfTTM 1 1 0.665835 0.334165 
 ----> pcfNcfTTM 2 0 0.6519 0.3481 
 ----> pcfNcfTTM 3 1 0.639329 0.360671 
 ----> pcfNcfTTM 4 1 0.686309 0.313691 
 ----> pcfNcfTTM 5 1 0.640121 0.359879 
 ----> pcfNcfTTM 6 1 0.633733 0.366267 
 ----> pcfNcfTTM 7 0 0.667694 0.332306 
 ----> pcfNcfTTM 8 0 0.628072 0.371928 
 ----> pcfNcfTTM 9 0 0.640461 0.359539 
 ----> pcfNcfTTM 10 1 0.719487 0.280513 
 ----> pcfNcfTTM 11 1 0.437482 0.562518 
 ----> pcfNcfTTM 12 0 0.739457 0.260543 
 ----> pcfNcfTTM 13 0 0.445833 0.554167 
 ----> pcfNcfTTM 14 1 0.368056 0.631944 
 ----> pcfNcfTTM 15 1 0.429444 0.570556 
 ----> pcfNcfTTM 16 1 0.461681 0.538319 
 ----> pcfNcfTTM 17 1 0.656417 0.343583 
 ----> pcfNcfTTM 18 0 0.67877 0.32123 
 ----> pcfNcfTTM 19 0 0.729864 0.270136 
 ----> pcfNcfTTM 20 0 0.642563 0.357437 
 ----> pcfNcfTTM 21 1 0.420237 0.579763 
 ----> pcfNcfTTM 22 0 0.657768 0.342232 
 ----> pcfNcfTTM 23 0 0.738912 0.261088 
 ----> pcfNcfTTM 24 0 0.560376 0.439624 
 ----> pcfNcfTTM 25 0 0.438999 0.561001 
 ----> pcfNcfTTM 26 1 0.413238 0.586762 
 ----> pcfNcfTTM 27 1 0.47553 0.52447 
 ----> pcfNcfTTM 28 1 0.724824 0.275176 
 ----> pcfNcfTTM 29 0 0.616569 0.383431 
 ----> pcfNcfTTM 30 0 0.729914 0.270086 
 ----> pcfNcfTTM 31 0 0.61613 0.38387 
 ----> pcfNcfTTM 32 0 0.742843 0.257157 
 ----> pcfNcfTTM 33 0 0.714108 0.285892 
 ----> pcfNcfTTM 34 1 0.721796 0.278204 
 ----> pcfNcfTTM 35 1 0.722804 0.277196 
 ----> pcfNcfTTM 36 0 0.514624 0.485376 
 ----> pcfNcfTTM 37 0 0.635442 0.364558 
 ----> pcfNcfTTM 38 0 0.433876 0.566124 
 ----> pcfNcfTTM 39 0 0.634875 0.365125 
 ----> pcfNcfTTM 40 1 0.718784 0.281216 
 ----> pcfNcfTTM 41 1 0.699696 0.300304 
 ----> pcfNcfTTM 42 1 0.691361 0.308639 
 ----> pcfNcfTTM 43 0 0.696426 0.303574 
 ----> pcfNcfTTM 44 1 0.525851 0.474149 
 ----> pcfNcfTTM 45 1 0.617704 0.382296 
 ----> pcfNcfTTM 46 0 0.714948 0.285052 
 ----> pcfNcfTTM 47 1 0.699475 0.300525 
 ----> pcfNcfTTM 48 1 0.712551 0.287449 
 ----> pcfNcfTTM 49 1 0.706674 0.293326 
 ----> pcfNcfTTM 50 1 0.552485 0.447515 
 ----> pcfNcfTTM 51 0 0.645384 0.354616 
 ----> pcfNcfTTM 52 1 0.471223 0.528777 
 ----> pcfNcfTTM 53 0 0.629149 0.370851 
 ----> pcfNcfTTM 54 0 0.492228 0.507772 
 ----> pcfNcfTTM 55 0 0.513006 0.486994 
 ----> pcfNcfTTM 56 1 0.677641 0.322359 
 ----> pcfNcfTTM 57 1 0.5194 0.4806 
 ----> pcfNcfTTM 58 0 0.52412 0.47588 
 ----> pcfNcfTTM 59 1 0.521133 0.478867 
 ----> pcfNcfTTM 60 0 0.545234 0.454766 
 ----> pcfNcfTTM 61 0 0.716133 0.283867 
 ----> pcfNcfTTM 62 0 0.565239 0.434761 
 ----> pcfNcfTTM 63 1 0.696589 0.303411 
 ----> pcfNcfTTM 64 1 0.664878 0.335122 
 ----> pcfNcfTTM 65 0 0.707734 0.292266 
 ----> pcfNcfTTM 66 0 0.584812 0.415188 
 ----> pcfNcfTTM 67 1 0.559756 0.440244 
 ----> pcfNcfTTM 68 1 0.69887 0.30113 
 ----> pcfNcfTTM 69 0 0.592265 0.407735 
 ----> pcfNcfTTM 70 1 0.698195 0.301805 
 ----> pcfNcfTTM 71 1 0.665375 0.334625 
 ----> pcfNcfTTM 72 1 0.684634 0.315366 
 ----> pcfNcfTTM 73 0 0.555777 0.444223 
 ----> pcfNcfTTM 74 0 0.635202 0.364798 
 ----> pcfNcfTTM 75 0 0.711628 0.288372 
 ----> pcfNcfTTM 76 1 0.699577 0.300423 
 ----> pcfNcfTTM 77 0 0.56809 0.43191 
 ----> pcfNcfTTM 78 1 0.610032 0.389968 
 ----> pcfNcfTTM 79 0 0.71854 0.28146 
 ----> pcfNcfTTM 80 1 0.633164 0.366836 
 ----> pcfNcfTTM 81 1 0.507433 0.492567 
 ----> pcfNcfTTM 82 1 0.528512 0.471488 
 ----> pcfNcfTTM 83 1 0.701517 0.298483 
 ----> pcfNcfTTM 84 1 0.612437 0.387563 
 ----> pcfNcfTTM 85 0 0.705957 0.294043 
 ----> pcfNcfTTM 86 0 0.64245 0.35755 
 ----> pcfNcfTTM 87 1 0.687796 0.312204 
 ----> pcfNcfTTM 88 1 0.610127 0.389873 
 ----> pcfNcfTTM 89 1 0.688865 0.311135 
 ----> pcfNcfTTM 90 1 0.620572 0.379428 
 ----> pcfNcfTTM 91 1 0.476104 0.523896 
 ----> pcfNcfTTM 92 0 0.525105 0.474895 
 ----> pcfNcfTTM 93 0 0.549064 0.450936 
 ----> pcfNcfTTM 94 1 0.60114 0.39886 
 ----> pcfNcfTTM 95 0 0.530866 0.469134 
 ----> pcfNcfTTM 96 0 0.679661 0.320339 
 ----> pcfNcfTTM 97 1 0.608789 0.391211 
 ----> pcfNcfTTM 98 1 0.575939 0.424061 
 ----> pcfNcfTTM 99 1 0.522081 0.477919 
 ----> pcfNcfTTM 100 0 0.552865 0.447135 
 ----> pcfNcfTTM 101 1 0.546231 0.453769 
 ----> pcfNcfTTM 102 0 0.65693 0.34307 
 ----> pcfNcfTTM 103 0 0.660998 0.339002 
 ----> pcfNcfTTM 104 0 0.528686 0.471314 
 ----> pcfNcfTTM 105 1 0.59312 0.40688 
 ----> pcfNcfTTM 106 0 0.716222 0.283778 
 ----> pcfNcfTTM 107 0 0.655413 0.344587 
 ----> pcfNcfTTM 108 0 0.474085 0.525915 
 ----> pcfNcfTTM 109 0 0.557777 0.442223 
 ----> pcfNcfTTM 110 1 0.668791 0.331209 
 ----> pcfNcfTTM 111 0 0.570877 0.429123 
 ----> pcfNcfTTM 112 0 0.705678 0.294322 
 ----> pcfNcfTTM 113 1 0.701813 0.298187 
 ----> pcfNcfTTM 114 1 0.676788 0.323212 
 ----> pcfNcfTTM 115 0 0.598999 0.401001 
 ----> pcfNcfTTM 116 0 0.70878 0.29122 
 ----> pcfNcfTTM 117 1 0.695373 0.304627 
 ----> pcfNcfTTM 118 1 0.718554 0.281446 
 ----> pcfNcfTTM 119 1 0.666278 0.333722 
 ----> pcfNcfTTM 120 0 0.619279 0.380721 
 ----> pcfNcfTTM 121 0 0.712879 0.287121 
 ----> pcfNcfTTM 122 1 0.710281 0.289719 
 ----> pcfNcfTTM 123 1 0.56318 0.43682 
 ----> pcfNcfTTM 124 0 0.611607 0.388393 
 ----> pcfNcfTTM 125 1 0.710829 0.289171 
 ----> pcfNcfTTM 126 0 0.712272 0.287728 
 ----> pcfNcfTTM 127 0 0.607056 0.392944 
 ----> pcfNcfTTM 128 0 0.613715 0.386285 
 ----> pcfNcfTTM 129 1 0.497087 0.502913 
 ----> pcfNcfTTM 130 0 0.671738 0.328262 
 ----> pcfNcfTTM 131 0 0.704254 0.295746 
 ----> pcfNcfTTM 132 0 0.616167 0.383833 
 ----> pcfNcfTTM 133 1 0.475367 0.524633 
 ----> pcfNcfTTM 134 1 0.650251 0.349749 
 ----> pcfNcfTTM 135 1 0.488357 0.511643 
 ----> pcfNcfTTM 136 0 0.648475 0.351525 
 ----> pcfNcfTTM 137 1 0.676804 0.323196 
 ----> pcfNcfTTM 138 0 0.717859 0.282141 
 ----> pcfNcfTTM 139 0 0.561202 0.438798 
 ----> pcfNcfTTM 140 1 0.722267 0.277733 
 ----> pcfNcfTTM 141 0 0.737942 0.262058 
 ----> pcfNcfTTM 142 1 0.711969 0.288031 
 ----> pcfNcfTTM 143 0 0.569859 0.430141 
 ----> pcfNcfTTM 144 1 0.539036 0.460964 
 ----> pcfNcfTTM 145 0 0.589506 0.410494 
 ----> pcfNcfTTM 146 0 0.551493 0.448507 
 ----> pcfNcfTTM 147 0 0.527775 0.472225 
 ----> pcfNcfTTM 148 0 0.666656 0.333344 
 ----> pcfNcfTTM 149 1 0.704278 0.295722 
 ----> pcfNcfTTM 150 1 0.642692 0.357308 
 ----> pcfNcfTTM 151 1 0.614726 0.385274 
 ----> pcfNcfTTM 152 0 0.480817 0.519183 
 ----> pcfNcfTTM 153 0 0.641334 0.358666 
 ----> pcfNcfTTM 154 0 0.50159 0.49841 
 ----> pcfNcfTTM 155 1 0.633343 0.366657 
 ----> pcfNcfTTM 156 1 0.704649 0.295351 
 ----> pcfNcfTTM 157 1 0.680118 0.319882 
 ----> pcfNcfTTM 158 0 0.705496 0.294504 
 ----> pcfNcfTTM 159 1 0.569829 0.430171 
 ----> pcfNcfTTM 160 0 0.646937 0.353063 
 ----> pcfNcfTTM 161 0 0.513693 0.486307 
 ----> pcfNcfTTM 162 1 0.64472 0.35528 
 ----> pcfNcfTTM 163 1 0.688187 0.311813 
 ----> pcfNcfTTM 164 1 0.687174 0.312826 
 ----> pcfNcfTTM 165 1 0.535094 0.464906 
 ----> pcfNcfTTM 166 0 0.637463 0.362537 
 ----> pcfNcfTTM 167 1 0.465807 0.534193 
 ----> pcfNcfTTM 168 0 0.636029 0.363971 
 ----> pcfNcfTTM 169 0 0.476195 0.523805 
 ----> pcfNcfTTM 170 1 0.650877 0.349123 
 ----> pcfNcfTTM 171 1 0.695532 0.304468 
 ----> pcfNcfTTM 172 0 0.610614 0.389386 
 ----> pcfNcfTTM 173 1 0.437016 0.562984 
 ----> pcfNcfTTM 174 0 0.524433 0.475567 
 ----> pcfNcfTTM 175 1 0.535462 0.464538 
 ----> pcfNcfTTM 176 0 0.704573 0.295427 
 ----> pcfNcfTTM 177 0 0.560122 0.439878 
 ----> pcfNcfTTM 178 1 0.696258 0.303742 
 ----> pcfNcfTTM 179 0 0.733077 0.266923 
 ----> pcfNcfTTM 180 0 0.662877 0.337123 
 ----> pcfNcfTTM 181 0 0.647803 0.352197 
 ----> pcfNcfTTM 182 0 0.719272 0.280728 
 ----> pcfNcfTTM 183 1 0.623721 0.376279 
 ----> pcfNcfTTM 184 1 0.686661 0.313339 
 ----> pcfNcfTTM 185 0 0.640617 0.359383 
 ----> pcfNcfTTM 186 0 0.724192 0.275808 
 ----> pcfNcfTTM 187 0 0.697697 0.302303 
 ----> pcfNcfTTM 188 1 0.555629 0.444371 
 ----> pcfNcfTTM 189 1 0.735292 0.264708 
 ----> pcfNcfTTM 190 0 0.718807 0.281193 
 ----> pcfNcfTTM 191 0 0.717891 0.282109 
 ----> pcfNcfTTM 192 1 0.670816 0.329184 
 ----> pcfNcfTTM 193 0 0.636137 0.363863 
 ----> pcfNcfTTM 194 0 0.490198 0.509802 
 ----> pcfNcfTTM 195 0 0.527005 0.472995 
 ----> pcfNcfTTM 196 1 0.677103 0.322897 
 ----> pcfNcfTTM 197 0 0.651814 0.348186 
 ----> pcfNcfTTM 198 0 0.489568 0.510432 
 ----> pcfNcfTTM 199 0 0.542069 0.457931 
 ----> pcfNcfTTM 200 0 0.714672 0.285328 
 ----> pcfNcfTTM 201 0 0.62974 0.37026 
 ----> pcfNcfTTM 202 0 0.514744 0.485256 
 ----> pcfNcfTTM 203 1 0.612256 0.387744 
 ----> pcfNcfTTM 204 1 0.71767 0.28233 
 ----> pcfNcfTTM 205 0 0.720543 0.279457 
 ----> pcfNcfTTM 206 1 0.555404 0.444596 
 ----> pcfNcfTTM 207 1 0.74604 0.25396 
 ----> pcfNcfTTM 208 0 0.744127 0.255873 
 ----> pcfNcfTTM 209 0 0.730168 0.269832 
 ----> pcfNcfTTM 210 0 0.66633 0.33367 
 ----> pcfNcfTTM 211 0 0.657595 0.342405 
 ----> pcfNcfTTM 212 0 0.681826 0.318174 
 ----> pcfNcfTTM 213 1 0.609488 0.390512 
 ----> pcfNcfTTM 214 0 0.503911 0.496089 
 ----> pcfNcfTTM 215 1 0.615819 0.384181 
 ----> pcfNcfTTM 216 0 0.509927 0.490073 
 ----> pcfNcfTTM 217 1 0.508144 0.491856 
 ----> pcfNcfTTM 218 0 0.717338 0.282662 
 ----> pcfNcfTTM 219 0 0.665403 0.334597 
 ----> pcfNcfTTM 220 0 0.706159 0.293841 
 ----> pcfNcfTTM 221 0 0.683572 0.316428 
 ----> pcfNcfTTM 222 1 0.70842 0.29158 
 ----> pcfNcfTTM 223 1 0.54441 0.45559 
 ----> pcfNcfTTM 224 0 0.748248 0.251752 
 ----> pcfNcfTTM 225 1 0.542658 0.457342 
 ----> pcfNcfTTM 226 1 0.69298 0.30702 
 ----> pcfNcfTTM 227 0 0.539516 0.460484 
 ----> pcfNcfTTM 228 0 0.692382 0.307618 
 ----> pcfNcfTTM 229 0 0.732391 0.267609 
 ----> pcfNcfTTM 230 0 0.71182 0.28818 
 ----> pcfNcfTTM 231 0 0.723496 0.276504 
 ----> pcfNcfTTM 232 1 0.660049 0.339951 
 ----> pcfNcfTTM 233 0 0.648192 0.351808 
 ----> pcfNcfTTM 234 0 0.696419 0.303581 
 ----> pcfNcfTTM 235 0 0.657576 0.342424 
 ----> pcfNcfTTM 236 1 0.487471 0.512529 
 ----> pcfNcfTTM 237 0 0.637144 0.362856 
 ----> pcfNcfTTM 238 0 0.689506 0.310494 
 ----> pcfNcfTTM 239 0 0.711616 0.288384 
 ----> pcfNcfTTM 240 1 0.653926 0.346074 
 ----> pcfNcfTTM 241 0 0.741476 0.258524 
 ----> pcfNcfTTM 242 1 0.553351 0.446649 
 ----> pcfNcfTTM 243 0 0.735487 0.264513 
 ----> pcfNcfTTM 244 1 0.724897 0.275103 
 ----> pcfNcfTTM 245 1 0.709389 0.290611 
 ----> pcfNcfTTM 246 0 0.530436 0.469564 
 ----> pcfNcfTTM 247 0 0.708509 0.291491 
 ----> pcfNcfTTM 248 1 0.628289 0.371711 
 ----> pcfNcfTTM 249 1 0.682469 0.317531 
 ----> pcfNcfTTM 250 0 0.663667 0.336333 
 ----> pcfNcfTTM 251 0 0.710947 0.289053 
 ----> pcfNcfTTM 252 0 0.644051 0.355949 
 ----> pcfNcfTTM 253 1 0.686558 0.313442 
 ----> pcfNcfTTM 254 0 0.663998 0.336002 
 ----> pcfNcfTTM 255 1 0.478952 0.521048 
 ----> pcfNcfTTM 256 0 0.649191 0.350809 
 ----> pcfNcfTTM 257 0 0.698881 0.301119 
 ----> pcfNcfTTM 258 0 0.658005 0.341995 
 ----> pcfNcfTTM 259 0 0.493815 0.506185 
 ----> pcfNcfTTM 260 1 0.640708 0.359292 
 ----> pcfNcfTTM 261 1 0.708211 0.291789 
 ----> pcfNcfTTM 262 0 0.708634 0.291366 
 ----> pcfNcfTTM 263 1 0.534829 0.465171 
 ----> pcfNcfTTM 264 1 0.720499 0.279501 
 ----> pcfNcfTTM 265 1 0.536695 0.463305 
 ----> pcfNcfTTM 266 0 0.710642 0.289358 
 ----> pcfNcfTTM 267 0 0.664255 0.335745 
 ----> pcfNcfTTM 268 1 0.697819 0.302181 
 ----> pcfNcfTTM 269 0 0.716228 0.283772 
 ----> pcfNcfTTM 270 1 0.568262 0.431738 
 ----> pcfNcfTTM 271 1 0.645198 0.354802 
 ----> pcfNcfTTM 272 0 0.700656 0.299344 
 ----> pcfNcfTTM 273 0 0.635106 0.364894 
 ----> pcfNcfTTM 274 1 0.49225 0.50775 
 ----> pcfNcfTTM 275 1 0.518599 0.481401 
 ----> pcfNcfTTM 276 0 0.72897 0.27103 
 ----> pcfNcfTTM 277 0 0.654449 0.345551 
 ----> pcfNcfTTM 278 0 0.476795 0.523205 
 ----> pcfNcfTTM 279 1 0.627349 0.372651 
 ----> pcfNcfTTM 280 1 0.486708 0.513292 
 ----> pcfNcfTTM 281 0 0.536323 0.463677 
 ----> pcfNcfTTM 282 1 0.694327 0.305673 
 ----> pcfNcfTTM 283 1 0.622848 0.377152 
 ----> pcfNcfTTM 284 1 0.474087 0.525913 
 ----> pcfNcfTTM 285 0 0.548445 0.451555 
 ----> pcfNcfTTM 286 0 0.68704 0.31296 
 ----> pcfNcfTTM 287 0 0.625657 0.374343 
 ----> pcfNcfTTM 288 0 0.733777 0.266223 
 ----> pcfNcfTTM 289 0 0.645336 0.354664 
 ----> pcfNcfTTM 290 0 0.493186 0.506814 
 ----> pcfNcfTTM 291 1 0.626487 0.373513 
 ----> pcfNcfTTM 292 0 0.506966 0.493034 
 ----> pcfNcfTTM 293 1 0.528001 0.471999 
 ----> pcfNcfTTM 294 1 0.544528 0.455472 
 ----> pcfNcfTTM 295 0 0.705307 0.294693 
 ----> pcfNcfTTM 296 0 0.633527 0.366473 
 ----> pcfNcfTTM 297 0 0.713795 0.286205 
 ----> pcfNcfTTM 298 1 0.62514 0.37486 
 ----> pcfNcfTTM 299 0 0.728696 0.271304 
 ----> pcfNcfTTM 300 0 0.701267 0.298733 
 ----> pcfNcfTTM 301 0 0.553607 0.446393 
 ----> pcfNcfTTM 302 0 0.742499 0.257501 
 ----> pcfNcfTTM 303 0 0.546151 0.453849 
 ----> pcfNcfTTM 304 0 0.55429 0.44571 
 ----> pcfNcfTTM 305 0 0.690025 0.309975 
 ----> pcfNcfTTM 306 0 0.642921 0.357079 
 ----> pcfNcfTTM 307 1 0.701205 0.298795 
 ----> pcfNcfTTM 308 0 0.649793 0.350207 
 ----> pcfNcfTTM 309 1 0.697223 0.302777 
 ----> pcfNcfTTM 310 0 0.704157 0.295843 
 ----> pcfNcfTTM 311 0 0.706464 0.293536 
 ----> pcfNcfTTM 312 0 0.711892 0.288108 
 ----> pcfNcfTTM 313 1 0.681225 0.318775 
 ----> pcfNcfTTM 314 0 0.739954 0.260046 
 ----> pcfNcfTTM 315 0 0.756265 0.243735 
 ----> pcfNcfTTM 316 0 0.715861 0.284139 
 ----> pcfNcfTTM 317 0 0.57944 0.42056 
 ----> pcfNcfTTM 318 0 0.768217 0.231783 
 ----> pcfNcfTTM 319 0 0.54312 0.45688 
 ----> pcfNcfTTM 320 0 0.709458 0.290542 
 ----> pcfNcfTTM 321 1 0.621074 0.378926 
 ----> pcfNcfTTM 322 1 0.706017 0.293983 
 ----> pcfNcfTTM 323 0 0.636524 0.363476 
 ----> pcfNcfTTM 324 0 0.711825 0.288175 
 ----> pcfNcfTTM 325 0 0.701634 0.298366 
 ----> pcfNcfTTM 326 1 0.692837 0.307163 
 ----> pcfNcfTTM 327 1 0.708179 0.291821 
 ----> pcfNcfTTM 328 0 0.70142 0.29858 
 ----> pcfNcfTTM 329 0 0.722114 0.277886 
 ----> pcfNcfTTM 330 0 0.734439 0.265561 
 ----> pcfNcfTTM 331 0 0.587058 0.412942 
 ----> pcfNcfTTM 332 0 0.649987 0.350013 
 ----> pcfNcfTTM 333 1 0.729723 0.270277 
 ----> pcfNcfTTM 334 1 0.692414 0.307586 
 ----> pcfNcfTTM 335 0 0.711876 0.288124 
 ----> pcfNcfTTM 336 1 0.532344 0.467656 
 ----> pcfNcfTTM 337 1 0.642574 0.357426 
 ----> pcfNcfTTM 338 1 0.696284 0.303716 
 ----> pcfNcfTTM 339 0 0.700027 0.299973 
 ----> pcfNcfTTM 340 0 0.717501 0.282499 
 ----> pcfNcfTTM 341 1 0.677829 0.322171 
 ----> pcfNcfTTM 342 1 0.697863 0.302137 
 ----> pcfNcfTTM 343 0 0.566136 0.433864 
 ----> pcfNcfTTM 344 0 0.651006 0.348994 
 ----> pcfNcfTTM 345 0 0.705661 0.294339 
 ----> pcfNcfTTM 346 0 0.64924 0.35076 
 ----> pcfNcfTTM 347 1 0.511177 0.488823 
 ----> pcfNcfTTM 348 0 0.56706 0.43294 
 ----> pcfNcfTTM 349 0 0.710479 0.289521 
 ----> pcfNcfTTM 350 1 0.627002 0.372998 
 ----> pcfNcfTTM 351 0 0.4894 0.5106 
 ----> pcfNcfTTM 352 0 0.549715 0.450285 
 ----> pcfNcfTTM 353 0 0.700593 0.299407 
 ----> pcfNcfTTM 354 0 0.636484 0.363516 
 ----> pcfNcfTTM 355 0 0.721819 0.278181 
 ----> pcfNcfTTM 356 0 0.714934 0.285066 
 ----> pcfNcfTTM 357 1 0.539943 0.460057 
 ----> pcfNcfTTM 358 0 0.75608 0.24392 
 ----> pcfNcfTTM 359 0 0.717653 0.282347 
 ----> pcfNcfTTM 360 0 0.563249 0.436751 
 ----> pcfNcfTTM 361 0 0.703832 0.296168 
 ----> pcfNcfTTM 362 1 0.724806 0.275194 
 ----> pcfNcfTTM 363 0 0.711284 0.288716 
 ----> pcfNcfTTM 364 0 0.736323 0.263677 
 ----> pcfNcfTTM 365 0 0.708008 0.291992 
 ----> pcfNcfTTM 366 1 0.725902 0.274098 
 ----> pcfNcfTTM 367 0 0.685125 0.314875 
 ----> pcfNcfTTM 368 0 0.675211 0.324789 
 ----> pcfNcfTTM 369 0 0.690528 0.309472 
 ----> pcfNcfTTM 370 1 0.666288 0.333712 
 ----> pcfNcfTTM 371 0 0.663763 0.336237 
 ----> pcfNcfTTM 372 0 0.655136 0.344864 
 ----> pcfNcfTTM 373 0 0.717097 0.282903 
 ----> pcfNcfTTM 374 0 0.709613 0.290387 
 ----> pcfNcfTTM 375 1 0.700163 0.299837 
 ----> pcfNcfTTM 376 0 0.58335 0.41665 
 ----> pcfNcfTTM 377 0 0.75295 0.24705 
 ----> pcfNcfTTM 378 1 0.748964 0.251036 
 ----> pcfNcfTTM 379 0 0.726921 0.273079 
 ----> pcfNcfTTM 380 0 0.566702 0.433298 
 ----> pcfNcfTTM 381 0 0.711926 0.288074 
 ----> pcfNcfTTM 382 0 0.627893 0.372107 
 ----> pcfNcfTTM 383 0 0.721994 0.278006 
 ----> pcfNcfTTM 384 0 0.719155 0.280845 
 ----> pcfNcfTTM 385 1 0.568033 0.431967 
 ----> pcfNcfTTM 386 0 0.778132 0.221868 
 ----> pcfNcfTTM 387 1 0.717706 0.282294 
 ----> pcfNcfTTM 388 1 0.538749 0.461251 
 ----> pcfNcfTTM 389 0 0.704971 0.295029 
 ----> pcfNcfTTM 390 0 0.738197 0.261803 
 ----> pcfNcfTTM 391 0 0.696716 0.303284 
 ----> pcfNcfTTM 392 1 0.723371 0.276629 
 ----> pcfNcfTTM 393 1 0.68624 0.31376 
 ----> pcfNcfTTM 394 0 0.708646 0.291354 
 ----> pcfNcfTTM 395 0 0.676758 0.323242 
 ----> pcfNcfTTM 396 0 0.681911 0.318089 
 ----> pcfNcfTTM 397 0 0.626704 0.373296 
 ----> pcfNcfTTM 398 1 0.498346 0.501654 
 ----> pcfNcfTTM 399 1 0.64076 0.35924 
 ----> pcfNcfTTM 400 1 0.687496 0.312504 
 ----> pcfNcfTTM 401 0 0.709649 0.290351 
 ----> pcfNcfTTM 402 0 0.536803 0.463197 
 ----> pcfNcfTTM 403 0 0.648297 0.351703 
 ----> pcfNcfTTM 404 0 0.712611 0.287389 
 ----> pcfNcfTTM 405 0 0.711152 0.288848 
 ----> pcfNcfTTM 406 1 0.70027 0.29973 
 ----> pcfNcfTTM 407 1 0.683798 0.316202 
 ----> pcfNcfTTM 408 0 0.567815 0.432185 
 ----> pcfNcfTTM 409 1 0.633886 0.366114 
 ----> pcfNcfTTM 410 0 0.491887 0.508113 
 ----> pcfNcfTTM 411 0 0.649978 0.350022 
 ----> pcfNcfTTM 412 1 0.735782 0.264218 
 ----> pcfNcfTTM 413 1 0.702908 0.297092 
 ----> pcfNcfTTM 414 0 0.70438 0.29562 
 ----> pcfNcfTTM 415 1 0.702108 0.297892 
 ----> pcfNcfTTM 416 0 0.571195 0.428805 
 ----> pcfNcfTTM 417 0 0.641772 0.358228 
 ----> pcfNcfTTM 418 1 0.699472 0.300528 
 ----> pcfNcfTTM 419 0 0.642447 0.357553 
 ----> pcfNcfTTM 420 0 0.698903 0.301097 
 ----> pcfNcfTTM 421 0 0.686173 0.313827 
 ----> pcfNcfTTM 422 0 0.692822 0.307178 
 ----> pcfNcfTTM 423 0 0.556367 0.443633 
 ----> pcfNcfTTM 424 0 0.75897 0.24103 
 ----> pcfNcfTTM 425 0 0.553044 0.446956 
 ----> pcfNcfTTM 426 1 0.701123 0.298877 
 ----> pcfNcfTTM 427 0 0.648199 0.351801 
 ----> pcfNcfTTM 428 0 0.497648 0.502352 
 ----> pcfNcfTTM 429 0 0.64416 0.35584 
 ----> pcfNcfTTM 430 0 0.706249 0.293751 
 ----> pcfNcfTTM 431 0 0.698169 0.301831 
 ----> pcfNcfTTM 432 0 0.707494 0.292506 
 ----> pcfNcfTTM 433 0 0.722589 0.277411 
 ----> pcfNcfTTM 434 0 0.714241 0.285759 
 ----> pcfNcfTTM 435 1 0.69267 0.30733 
 ----> pcfNcfTTM 436 0 0.560939 0.439061 
 ----> pcfNcfTTM 437 0 0.727294 0.272706 
 ----> pcfNcfTTM 438 0 0.75882 0.24118 
 ----> pcfNcfTTM 439 0 0.734388 0.265612 
 ----> pcfNcfTTM 440 0 0.670829 0.329171 
 ----> pcfNcfTTM 441 0 0.685986 0.314014 
 ----> pcfNcfTTM 442 0 0.677213 0.322787 
 ----> pcfNcfTTM 443 0 0.676352 0.323648 
 ----> pcfNcfTTM 444 0 0.680314 0.319686 
 ----> pcfNcfTTM 445 1 0.630747 0.369253 
 ----> pcfNcfTTM 446 0 0.72033 0.27967 
 ----> pcfNcfTTM 447 0 0.708709 0.291291 
 ----> pcfNcfTTM 448 0 0.708596 0.291404 
 ----> pcfNcfTTM 449 0 0.721444 0.278556 
 ----> pcfNcfTTM 450 0 0.713987 0.286013 
 ----> pcfNcfTTM 451 0 0.720183 0.279817 
 ----> pcfNcfTTM 452 0 0.715234 0.284766 
 ----> pcfNcfTTM 453 0 0.714723 0.285277 
 ----> pcfNcfTTM 454 1 0.711135 0.288865 
 ----> pcfNcfTTM 455 0 0.576191 0.423809 
 ----> pcfNcfTTM 456 0 0.740419 0.259581 
 ----> pcfNcfTTM 457 0 0.743357 0.256643 
 ----> pcfNcfTTM 458 1 0.726699 0.273301 
 ----> pcfNcfTTM 459 0 0.711685 0.288315 
 ----> pcfNcfTTM 460 0 0.677919 0.322081 
 ----> pcfNcfTTM 461 1 0.68079 0.31921 
 ----> pcfNcfTTM 462 0 0.700975 0.299025 
 ----> pcfNcfTTM 463 0 0.699983 0.300017 
 ----> pcfNcfTTM 464 0 0.65319 0.34681 
 ----> pcfNcfTTM 465 0 0.715436 0.284564 
 ----> pcfNcfTTM 466 0 0.702907 0.297093 
 ----> pcfNcfTTM 467 1 0.693898 0.306102 
 ----> pcfNcfTTM 468 0 0.588071 0.411929 
 ----> pcfNcfTTM 469 0 0.757657 0.242343 
 ----> pcfNcfTTM 470 1 0.747565 0.252435 
 ----> pcfNcfTTM 471 1 0.556033 0.443967 
 ----> pcfNcfTTM 472 0 0.724001 0.275999 
 ----> pcfNcfTTM 473 1 0.727341 0.272659 
 ----> pcfNcfTTM 474 0 0.694537 0.305463 
 ----> pcfNcfTTM 475 0 0.710883 0.289117 
 ----> pcfNcfTTM 476 0 0.687902 0.312098 
 ----> pcfNcfTTM 477 1 0.601719 0.398281 
 ----> pcfNcfTTM 478 0 0.742936 0.257064 
 ----> pcfNcfTTM 479 1 0.731532 0.268468 
 ----> pcfNcfTTM 480 0 0.578384 0.421616 
 ----> pcfNcfTTM 481 0 0.577084 0.422916 
 ----> pcfNcfTTM 482 0 0.705453 0.294547 
 ----> pcfNcfTTM 483 1 0.605378 0.394622 
 ----> pcfNcfTTM 484 0 0.69809 0.30191 
 ----> pcfNcfTTM 485 0 0.70034 0.29966 
 ----> pcfNcfTTM 486 0 0.711813 0.288187 
 ----> pcfNcfTTM 487 0 0.558822 0.441178 
 ----> pcfNcfTTM 488 1 0.758535 0.241465 
 ----> pcfNcfTTM 489 1 0.524372 0.475628 
 ----> pcfNcfTTM 490 0 0.714069 0.285931 
 ----> pcfNcfTTM 491 1 0.640739 0.359261 
 ----> pcfNcfTTM 492 0 0.729477 0.270523 
 ----> pcfNcfTTM 493 0 0.635999 0.364001 
 ----> pcfNcfTTM 494 0 0.724467 0.275533 
 ----> pcfNcfTTM 495 1 0.691654 0.308346 
 ----> pcfNcfTTM 496 0 0.723335 0.276665 
 ----> pcfNcfTTM 497 0 0.716611 0.283389 
 ----> pcfNcfTTM 498 0 0.569664 0.430336 
 ----> pcfNcfTTM 499 1 0.634411 0.365589 
 ----> pcfNcfTTM 500 1 0.710004 0.289996 
 ----> pcfNcfTTM 501 0 0.642477 0.357523 
 ----> pcfNcfTTM 502 0 0.718414 0.281586 
 ----> pcfNcfTTM 503 0 0.68863 0.31137 
 ----> pcfNcfTTM 504 0 0.695591 0.304409 
 ----> pcfNcfTTM 505 0 0.560949 0.439051 
 ----> pcfNcfTTM 506 0 0.735085 0.264915 
 ----> pcfNcfTTM 507 0 0.735184 0.264816 
 ----> pcfNcfTTM 508 1 0.703239 0.296761 
 ----> pcfNcfTTM 509 1 0.506155 0.493845 
 ----> pcfNcfTTM 510 0 0.578232 0.421768 
 ----> pcfNcfTTM 511 0 0.704702 0.295298 
 ----> pcfNcfTTM 512 0 0.642532 0.357468 
 ----> pcfNcfTTM 513 1 0.708585 0.291415 
 ----> pcfNcfTTM 514 1 0.701527 0.298473 
 ----> pcfNcfTTM 515 0 0.696308 0.303692 
 ----> pcfNcfTTM 516 0 0.719596 0.280404 
 ----> pcfNcfTTM 517 1 0.673739 0.326261 
 ----> pcfNcfTTM 518 0 0.577565 0.422435 
 ----> pcfNcfTTM 519 0 0.639712 0.360288 
 ----> pcfNcfTTM 520 1 0.726758 0.273242 
 ----> pcfNcfTTM 521 1 0.691246 0.308754 
 ----> pcfNcfTTM 522 0 0.700286 0.299714 
 ----> pcfNcfTTM 523 1 0.686399 0.313601 
 ----> pcfNcfTTM 524 0 0.575605 0.424395 
 ----> pcfNcfTTM 525 0 0.755458 0.244542 
 ----> pcfNcfTTM 526 0 0.745331 0.254669 
 ----> pcfNcfTTM 527 0 0.530143 0.469857 
 ----> pcfNcfTTM 528 0 0.697335 0.302665 
 ----> pcfNcfTTM 529 1 0.695989 0.304011 
 ----> pcfNcfTTM 530 0 0.700023 0.299977 
 ----> pcfNcfTTM 531 1 0.622417 0.377583 
 ----> pcfNcfTTM 532 0 0.722192 0.277808 
 ----> pcfNcfTTM 533 0 0.664285 0.335715 
 ----> pcfNcfTTM 534 0 0.734961 0.265039 
 ----> pcfNcfTTM 535 1 0.708787 0.291213 
 ----> pcfNcfTTM 536 0 0.740826 0.259174 
 ----> pcfNcfTTM 537 0 0.705414 0.294586 
 ----> pcfNcfTTM 538 0 0.697916 0.302084 
 ----> pcfNcfTTM 539 1 0.541124 0.458876 
 ----> pcfNcfTTM 540 0 0.752538 0.247462 
 ----> pcfNcfTTM 541 1 0.547728 0.452272 
 ----> pcfNcfTTM 542 0 0.715996 0.284004 
 ----> pcfNcfTTM 543 1 0.630937 0.369063 
 ----> pcfNcfTTM 544 0 0.715452 0.284548 
 ----> pcfNcfTTM 545 1 0.632535 0.367465 
 ----> pcfNcfTTM 546 0 0.722067 0.277933 
 ----> pcfNcfTTM 547 0 0.731409 0.268591 
 ----> pcfNcfTTM 548 1 0.717971 0.282029 
 ----> pcfNcfTTM 549 0 0.55932 0.44068 
 ----> pcfNcfTTM 550 0 0.740313 0.259687 
 ----> pcfNcfTTM 551 0 0.542268 0.457732 
 ----> pcfNcfTTM 552 1 0.669913 0.330087 
 ----> pcfNcfTTM 553 1 0.542801 0.457199 
 ----> pcfNcfTTM 554 1 0.698093 0.301907 
 ----> pcfNcfTTM 555 1 0.588181 0.411819 
 ----> pcfNcfTTM 556 0 0.705538 0.294462 
 ----> pcfNcfTTM 557 0 0.700742 0.299258 
 ----> pcfNcfTTM 558 0 0.599872 0.400128 
 ----> pcfNcfTTM 559 0 0.722771 0.277229 
 ----> pcfNcfTTM 560 0 0.717303 0.282697 
 ----> pcfNcfTTM 561 1 0.698611 0.301389 
 ----> pcfNcfTTM 562 0 0.574036 0.425964 
 ----> pcfNcfTTM 563 0 0.570253 0.429747 
 ----> pcfNcfTTM 564 0 0.564403 0.435597 
 ----> pcfNcfTTM 565 0 0.54032 0.45968 
 ----> pcfNcfTTM 566 0 0.696559 0.303441 
 ----> pcfNcfTTM 567 0 0.617636 0.382364 
 ----> pcfNcfTTM 568 0 0.689394 0.310606 
 ----> pcfNcfTTM 569 1 0.681612 0.318388 
 ----> pcfNcfTTM 570 0 0.718798 0.281202 
 ----> pcfNcfTTM 571 1 0.536363 0.463637 
 ----> pcfNcfTTM 572 0 0.784777 0.215223 
 ----> pcfNcfTTM 573 0 0.732312 0.267688 
 ----> pcfNcfTTM 574 0 0.735475 0.264525 
 ----> pcfNcfTTM 575 1 0.668863 0.331137 
 ----> pcfNcfTTM 576 0 0.678489 0.321511 
 ----> pcfNcfTTM 577 1 0.669194 0.330806 
 ----> pcfNcfTTM 578 0 0.676973 0.323027 
 ----> pcfNcfTTM 579 0 0.629723 0.370277 
 ----> pcfNcfTTM 580 1 0.713971 0.286029 
 ----> pcfNcfTTM 581 0 0.649444 0.350556 
 ----> pcfNcfTTM 582 0 0.744801 0.255199 
 ----> pcfNcfTTM 583 1 0.698673 0.301327 
 ----> pcfNcfTTM 584 0 0.722148 0.277852 
 ----> pcfNcfTTM 585 0 0.584838 0.415162 
 ----> pcfNcfTTM 586 0 0.761225 0.238775 
 ----> pcfNcfTTM 587 0 0.546483 0.453517 
 ----> pcfNcfTTM 588 0 0.718892 0.281108 
 ----> pcfNcfTTM 589 1 0.643406 0.356594 
 ----> pcfNcfTTM 590 0 0.501349 0.498651 
 ----> pcfNcfTTM 591 1 0.622496 0.377504 
 ----> pcfNcfTTM 592 1 0.705929 0.294071 
 ----> pcfNcfTTM 593 0 0.642569 0.357431 
 ----> pcfNcfTTM 594 0 0.730393 0.269607 
 ----> pcfNcfTTM 595 0 0.738341 0.261659 
 ----> pcfNcfTTM 596 0 0.701506 0.298494 
 ----> pcfNcfTTM 597 0 0.706433 0.293567 
 ----> pcfNcfTTM 598 0 0.699093 0.300907 
 ----> pcfNcfTTM 599 0 0.559 0.441 
 ----> pcfNcfTTM 600 0 0.754257 0.245743 
 ----> pcfNcfTTM 601 0 0.540469 0.459531 
 ----> pcfNcfTTM 602 1 0.548732 0.451268 
 ----> pcfNcfTTM 603 0 0.70259 0.29741 
 ----> pcfNcfTTM 604 0 0.639579 0.360421 
 ----> pcfNcfTTM 605 0 0.712447 0.287553 
 ----> pcfNcfTTM 606 0 0.706625 0.293375 
 ----> pcfNcfTTM 607 1 0.684214 0.315786 
 ----> pcfNcfTTM 608 0 0.719989 0.280011 
 ----> pcfNcfTTM 609 0 0.719052 0.280948 
 ----> pcfNcfTTM 610 0 0.718818 0.281182 
 ----> pcfNcfTTM 611 0 0.709063 0.290937 
 ----> pcfNcfTTM 612 0 0.583984 0.416016 
 ----> pcfNcfTTM 613 0 0.759031 0.240969 
 ----> pcfNcfTTM 614 0 0.730173 0.269827 
 ----> pcfNcfTTM 615 0 0.736601 0.263399 
 ----> pcfNcfTTM 616 0 0.680287 0.319713 
 ----> pcfNcfTTM 617 0 0.644733 0.355267 
 ----> pcfNcfTTM 618 0 0.705724 0.294276 
 ----> pcfNcfTTM 619 1 0.701919 0.298081 
 ----> pcfNcfTTM 620 0 0.718477 0.281523 
 ----> pcfNcfTTM 621 0 0.691327 0.308673 
 ----> pcfNcfTTM 622 0 0.72878 0.27122 
 ----> pcfNcfTTM 623 1 0.700351 0.299649 
 ----> pcfNcfTTM 624 0 0.739891 0.260109 
 ----> pcfNcfTTM 625 0 0.72871 0.27129 
 ----> pcfNcfTTM 626 0 0.731848 0.268152 
 ----> pcfNcfTTM 627 0 0.721967 0.278033 
 ----> pcfNcfTTM 628 1 0.725182 0.274818 
 ----> pcfNcfTTM 629 0 0.559351 0.440649 
 ----> pcfNcfTTM 630 0 0.640534 0.359466 
 ----> pcfNcfTTM 631 1 0.699832 0.300168 
 ----> pcfNcfTTM 632 1 0.698396 0.301604 
 ----> pcfNcfTTM 633 0 0.565525 0.434475 
 ----> pcfNcfTTM 634 1 0.742277 0.257723 
 ----> pcfNcfTTM 635 0 0.740484 0.259516 
 ----> pcfNcfTTM 636 1 0.714257 0.285743 
 ----> pcfNcfTTM 637 0 0.679163 0.320837 
 ----> pcfNcfTTM 638 0 0.648582 0.351418 
 ----> pcfNcfTTM 639 1 0.698632 0.301368 
 ----> pcfNcfTTM 640 0 0.732349 0.267651 
 ----> pcfNcfTTM 641 0 0.575065 0.424935 
 ----> pcfNcfTTM 642 0 0.673963 0.326037 
 ----> pcfNcfTTM 643 0 0.717455 0.282545 
 ----> pcfNcfTTM 644 0 0.657677 0.342323 
 ----> pcfNcfTTM 645 0 0.727219 0.272781 
 ----> pcfNcfTTM 646 1 0.634364 0.365636 
 ----> pcfNcfTTM 647 0 0.743968 0.256032 
 ----> pcfNcfTTM 648 0 0.703249 0.296751 
 ----> pcfNcfTTM 649 0 0.558051 0.441949 
 ----> pcfNcfTTM 650 0 0.756953 0.243047 
 ----> pcfNcfTTM 651 1 0.725806 0.274194 
 ----> pcfNcfTTM 652 0 0.714844 0.285156 
 ----> pcfNcfTTM 653 1 0.675087 0.324913 
 ----> pcfNcfTTM 654 0 0.689406 0.310594 
 ----> pcfNcfTTM 655 0 0.674183 0.325817 
 ----> pcfNcfTTM 656 0 0.662409 0.337591 
 ----> pcfNcfTTM 657 0 0.735884 0.264116 
 ----> pcfNcfTTM 658 0 0.718367 0.281633 
 ----> pcfNcfTTM 659 0 0.698197 0.301803 
 ----> pcfNcfTTM 660 0 0.717854 0.282146 
 ----> pcfNcfTTM 661 0 0.56487 0.43513 
 ----> pcfNcfTTM 662 0 0.738637 0.261363 
 ----> pcfNcfTTM 663 1 0.53639 0.46361 
 ----> pcfNcfTTM 664 1 0.68409 0.31591 
 ----> pcfNcfTTM 665 0 0.643717 0.356283 
 ----> pcfNcfTTM 666 0 0.71067 0.28933 
 ----> pcfNcfTTM 667 0 0.709689 0.290311 
 ----> pcfNcfTTM 668 1 0.701808 0.298192 
 ----> pcfNcfTTM 669 0 0.720109 0.279891 
 ----> pcfNcfTTM 670 0 0.729015 0.270985 
 ----> pcfNcfTTM 671 0 0.69502 0.30498 
 ----> pcfNcfTTM 672 0 0.714476 0.285524 
 ----> pcfNcfTTM 673 0 0.558812 0.441188 
 ----> pcfNcfTTM 674 1 0.613012 0.386988 
 ----> pcfNcfTTM 675 1 0.732662 0.267338 
 ----> pcfNcfTTM 676 0 0.72188 0.27812 
 ----> pcfNcfTTM 677 1 0.702151 0.297849 
 ----> pcfNcfTTM 678 1 0.678767 0.321233 
 ----> pcfNcfTTM 679 0 0.710528 0.289472 
 ----> pcfNcfTTM 680 1 0.657966 0.342034 
 ----> pcfNcfTTM 681 0 0.720102 0.279898 
 ----> pcfNcfTTM 682 0 0.706003 0.293997 
 ----> pcfNcfTTM 683 0 0.712358 0.287642 
 ----> pcfNcfTTM 684 0 0.574268 0.425732 
 ----> pcfNcfTTM 685 0 0.664403 0.335597 
 ----> pcfNcfTTM 686 0 0.715758 0.284242 
 ----> pcfNcfTTM 687 0 0.661256 0.338744 
 ----> pcfNcfTTM 688 0 0.491379 0.508621 
 ----> pcfNcfTTM 689 0 0.624498 0.375502 
 ----> pcfNcfTTM 690 1 0.509177 0.490823 
 ----> pcfNcfTTM 691 0 0.647858 0.352142 
 ----> pcfNcfTTM 692 0 0.697592 0.302408 
 ----> pcfNcfTTM 693 1 0.687263 0.312737 
 ----> pcfNcfTTM 694 0 0.709996 0.290004 
 ----> pcfNcfTTM 695 0 0.722681 0.277319 
 ----> pcfNcfTTM 696 0 0.692739 0.307261 
 ----> pcfNcfTTM 697 0 0.718024 0.281976 
 ----> pcfNcfTTM 698 1 0.708278 0.291722 
 ----> pcfNcfTTM 699 0 0.721888 0.278112 
 ----> pcfNcfTTM 700 1 0.577319 0.422681 
 ----> pcfNcfTTM 701 0 0.766388 0.233612 
 ----> pcfNcfTTM 702 0 0.753608 0.246392 
 ----> pcfNcfTTM 703 0 0.558572 0.441428 
 ----> pcfNcfTTM 704 0 0.716077 0.283923 
 ----> pcfNcfTTM 705 0 0.718428 0.281572 
 ----> pcfNcfTTM 706 0 0.704041 0.295959 
 ----> pcfNcfTTM 707 0 0.706752 0.293248 
 ----> pcfNcfTTM 708 0 0.690738 0.309262 
 ----> pcfNcfTTM 709 0 0.653669 0.346331 
 ----> pcfNcfTTM 710 0 0.649449 0.350551 
 ----> pcfNcfTTM 711 0 0.704846 0.295154 
 ----> pcfNcfTTM 712 0 0.712021 0.287979 
 ----> pcfNcfTTM 713 1 0.706713 0.293287 
 ----> pcfNcfTTM 714 1 0.722255 0.277745 
 ----> pcfNcfTTM 715 1 0.720765 0.279235 
 ----> pcfNcfTTM 716 1 0.685297 0.314703 
 ----> pcfNcfTTM 717 0 0.736387 0.263613 
 ----> pcfNcfTTM 718 0 0.715023 0.284977 
