 ----> pcfNcfTTM 1 1 0 0 
 ----> pcfNcfTTM 2 0 0.639344 0.360656 
 ----> pcfNcfTTM 3 1 0.725609 0.274391 
 ----> pcfNcfTTM 4 1 0.60579 0.39421 
 ----> pcfNcfTTM 5 1 0.621071 0.378929 
 ----> pcfNcfTTM 6 1 0.590165 0.409835 
 ----> pcfNcfTTM 7 0 0.60856 0.39144 
 ----> pcfNcfTTM 8 0 0.657913 0.342087 
 ----> pcfNcfTTM 9 0 0.644682 0.355318 
 ----> pcfNcfTTM 10 1 0.573274 0.426726 
 ----> pcfNcfTTM 11 1 0.606124 0.393876 
 ----> pcfNcfTTM 12 0 0.55689 0.44311 
 ----> pcfNcfTTM 13 0 0.596146 0.403854 
 ----> pcfNcfTTM 14 1 0.670545 0.329455 
 ----> pcfNcfTTM 15 1 0.648621 0.351379 
 ----> pcfNcfTTM 16 1 0.651169 0.348831 
 ----> pcfNcfTTM 17 1 0.606938 0.393062 
 ----> pcfNcfTTM 18 0 0.636504 0.363496 
 ----> pcfNcfTTM 19 0 0.603409 0.396591 
 ----> pcfNcfTTM 20 0 0.641895 0.358105 
 ----> pcfNcfTTM 21 1 0.655743 0.344257 
 ----> pcfNcfTTM 22 0 0.641049 0.358951 
 ----> pcfNcfTTM 23 0 0.62983 0.37017 
 ----> pcfNcfTTM 24 0 0.631308 0.368692 
 ----> pcfNcfTTM 25 0 0.647875 0.352125 
 ----> pcfNcfTTM 26 1 0.632006 0.367994 
 ----> pcfNcfTTM 27 1 0.656295 0.343705 
 ----> pcfNcfTTM 28 1 0.666542 0.333458 
 ----> pcfNcfTTM 29 0 0.641339 0.358661 
 ----> pcfNcfTTM 30 0 0.624602 0.375398 
 ----> pcfNcfTTM 31 0 0.62152 0.37848 
 ----> pcfNcfTTM 32 0 0.656071 0.343929 
 ----> pcfNcfTTM 33 0 0.665275 0.334725 
 ----> pcfNcfTTM 34 1 0.637446 0.362554 
 ----> pcfNcfTTM 35 1 0.636113 0.363887 
 ----> pcfNcfTTM 36 0 0.652374 0.347626 
 ----> pcfNcfTTM 37 0 0.642156 0.357844 
 ----> pcfNcfTTM 38 0 0.682912 0.317088 
 ----> pcfNcfTTM 39 0 0.676733 0.323267 
 ----> pcfNcfTTM 40 1 0.656319 0.343681 
 ----> pcfNcfTTM 41 1 0.633733 0.366267 
 ----> pcfNcfTTM 42 1 0.643935 0.356065 
 ----> pcfNcfTTM 43 0 0.666574 0.333426 
 ----> pcfNcfTTM 44 1 0.648892 0.351108 
 ----> pcfNcfTTM 45 1 0.641375 0.358625 
 ----> pcfNcfTTM 46 0 0.658642 0.341358 
 ----> pcfNcfTTM 47 1 0.649483 0.350517 
 ----> pcfNcfTTM 48 1 0.646217 0.353783 
 ----> pcfNcfTTM 49 1 0.672438 0.327562 
 ----> pcfNcfTTM 50 1 0.614745 0.385255 
 ----> pcfNcfTTM 51 0 0.65021 0.34979 
 ----> pcfNcfTTM 52 1 0.659951 0.340049 
 ----> pcfNcfTTM 53 0 0.673078 0.326922 
 ----> pcfNcfTTM 54 0 0.644692 0.355308 
 ----> pcfNcfTTM 55 0 0.65021 0.34979 
 ----> pcfNcfTTM 56 1 0.621341 0.378659 
 ----> pcfNcfTTM 57 1 0.604094 0.395906 
 ----> pcfNcfTTM 58 0 0.666817 0.333183 
 ----> pcfNcfTTM 59 1 0.64431 0.35569 
 ----> pcfNcfTTM 60 0 0.664326 0.335674 
 ----> pcfNcfTTM 61 0 0.675149 0.324851 
 ----> pcfNcfTTM 62 0 0.673962 0.326038 
 ----> pcfNcfTTM 63 1 0.656047 0.343953 
 ----> pcfNcfTTM 64 1 0.625466 0.374534 
 ----> pcfNcfTTM 65 0 0.671887 0.328113 
 ----> pcfNcfTTM 66 0 0.653922 0.346078 
 ----> pcfNcfTTM 67 1 0.653218 0.346782 
 ----> pcfNcfTTM 68 1 0.643158 0.356842 
 ----> pcfNcfTTM 69 0 0.649624 0.350376 
 ----> pcfNcfTTM 70 1 0.63342 0.36658 
 ----> pcfNcfTTM 71 1 0.643901 0.356099 
 ----> pcfNcfTTM 72 1 0.628329 0.371671 
 ----> pcfNcfTTM 73 0 0.697657 0.302343 
 ----> pcfNcfTTM 74 0 0.656742 0.343258 
 ----> pcfNcfTTM 75 0 0.686039 0.313961 
 ----> pcfNcfTTM 76 1 0.648749 0.351251 
 ----> pcfNcfTTM 77 0 0.668769 0.331231 
 ----> pcfNcfTTM 78 1 0.641455 0.358545 
 ----> pcfNcfTTM 79 0 0.67465 0.32535 
 ----> pcfNcfTTM 80 1 0.62364 0.37636 
 ----> pcfNcfTTM 81 1 0.64135 0.35865 
 ----> pcfNcfTTM 82 1 0.658241 0.341759 
 ----> pcfNcfTTM 83 1 0.665322 0.334678 
 ----> pcfNcfTTM 84 1 0.670572 0.329428 
 ----> pcfNcfTTM 85 0 0.642476 0.357524 
 ----> pcfNcfTTM 86 0 0.644213 0.355787 
 ----> pcfNcfTTM 87 1 0.609513 0.390487 
 ----> pcfNcfTTM 88 1 0.619652 0.380348 
 ----> pcfNcfTTM 89 1 0.654915 0.345085 
 ----> pcfNcfTTM 90 1 0.64478 0.35522 
 ----> pcfNcfTTM 91 1 0.671893 0.328107 
 ----> pcfNcfTTM 92 0 0.666187 0.333813 
 ----> pcfNcfTTM 93 0 0.668825 0.331175 
 ----> pcfNcfTTM 94 1 0.62763 0.37237 
 ----> pcfNcfTTM 95 0 0.645732 0.354268 
 ----> pcfNcfTTM 96 0 0.650447 0.349553 
 ----> pcfNcfTTM 97 1 0.656148 0.343852 
 ----> pcfNcfTTM 98 1 0.604631 0.395369 
 ----> pcfNcfTTM 99 1 0.617952 0.382048 
 ----> pcfNcfTTM 100 0 0.639487 0.360513 
 ----> pcfNcfTTM 101 1 0.620634 0.379366 
 ----> pcfNcfTTM 102 0 0.657211 0.342789 
 ----> pcfNcfTTM 103 0 0.653357 0.346643 
 ----> pcfNcfTTM 104 0 0.705459 0.294541 
 ----> pcfNcfTTM 105 1 0.598763 0.401237 
 ----> pcfNcfTTM 106 0 0.634638 0.365362 
 ----> pcfNcfTTM 107 0 0.666227 0.333773 
 ----> pcfNcfTTM 108 0 0.651824 0.348176 
 ----> pcfNcfTTM 109 0 0.652784 0.347216 
 ----> pcfNcfTTM 110 1 0.636274 0.363726 
 ----> pcfNcfTTM 111 0 0.660612 0.339388 
 ----> pcfNcfTTM 112 0 0.690152 0.309848 
 ----> pcfNcfTTM 113 1 0.591648 0.408352 
 ----> pcfNcfTTM 114 1 0.658783 0.341217 
 ----> pcfNcfTTM 115 0 0.646158 0.353842 
 ----> pcfNcfTTM 116 0 0.67418 0.32582 
 ----> pcfNcfTTM 117 1 0.648667 0.351333 
 ----> pcfNcfTTM 118 1 0.66898 0.33102 
 ----> pcfNcfTTM 119 1 0.670653 0.329347 
 ----> pcfNcfTTM 120 0 0.662376 0.337624 
 ----> pcfNcfTTM 121 0 0.635602 0.364398 
 ----> pcfNcfTTM 122 1 0.609002 0.390998 
 ----> pcfNcfTTM 123 1 0.654249 0.345751 
 ----> pcfNcfTTM 124 0 0.675366 0.324634 
 ----> pcfNcfTTM 125 1 0.654945 0.345055 
 ----> pcfNcfTTM 126 0 0.679808 0.320192 
 ----> pcfNcfTTM 127 0 0.678817 0.321183 
 ----> pcfNcfTTM 128 0 0.676593 0.323407 
 ----> pcfNcfTTM 129 1 0.635874 0.364126 
 ----> pcfNcfTTM 130 0 0.688235 0.311765 
 ----> pcfNcfTTM 131 0 0.649789 0.350211 
 ----> pcfNcfTTM 132 0 0.627894 0.372106 
 ----> pcfNcfTTM 133 1 0.657539 0.342461 
 ----> pcfNcfTTM 134 1 0.581892 0.418108 
 ----> pcfNcfTTM 135 1 0.662468 0.337532 
 ----> pcfNcfTTM 136 0 0.664816 0.335184 
 ----> pcfNcfTTM 137 1 0.677309 0.322691 
 ----> pcfNcfTTM 138 0 0.660092 0.339908 
 ----> pcfNcfTTM 139 0 0.671586 0.328414 
 ----> pcfNcfTTM 140 1 0.651737 0.348263 
 ----> pcfNcfTTM 141 0 0.67959 0.32041 
 ----> pcfNcfTTM 142 1 0.645512 0.354488 
 ----> pcfNcfTTM 143 0 0.649252 0.350748 
 ----> pcfNcfTTM 144 1 0.651655 0.348345 
 ----> pcfNcfTTM 145 0 0.64915 0.35085 
 ----> pcfNcfTTM 146 0 0.673581 0.326419 
 ----> pcfNcfTTM 147 0 0.676123 0.323877 
 ----> pcfNcfTTM 148 0 0.688003 0.311997 
 ----> pcfNcfTTM 149 1 0.55585 0.44415 
 ----> pcfNcfTTM 150 1 0.606361 0.393639 
 ----> pcfNcfTTM 151 1 0.614577 0.385423 
 ----> pcfNcfTTM 152 0 0.671404 0.328596 
 ----> pcfNcfTTM 153 0 0.660385 0.339615 
 ----> pcfNcfTTM 154 0 0.630374 0.369626 
 ----> pcfNcfTTM 155 1 0.673898 0.326102 
 ----> pcfNcfTTM 156 1 0.663923 0.336077 
 ----> pcfNcfTTM 157 1 0.648007 0.351993 
 ----> pcfNcfTTM 158 0 0.635848 0.364152 
 ----> pcfNcfTTM 159 1 0.665007 0.334993 
 ----> pcfNcfTTM 160 0 0.684805 0.315195 
 ----> pcfNcfTTM 161 0 0.694498 0.305502 
 ----> pcfNcfTTM 162 1 0.671035 0.328965 
 ----> pcfNcfTTM 163 1 0.645701 0.354299 
 ----> pcfNcfTTM 164 1 0.637368 0.362632 
 ----> pcfNcfTTM 165 1 0.624676 0.375324 
 ----> pcfNcfTTM 166 0 0.68088 0.31912 
 ----> pcfNcfTTM 167 1 0.618972 0.381028 
 ----> pcfNcfTTM 168 0 0.666038 0.333962 
 ----> pcfNcfTTM 169 0 0.66579 0.33421 
 ----> pcfNcfTTM 170 1 0.652722 0.347278 
 ----> pcfNcfTTM 171 1 0.647742 0.352258 
 ----> pcfNcfTTM 172 0 0.649172 0.350828 
 ----> pcfNcfTTM 173 1 0.596451 0.403549 
 ----> pcfNcfTTM 174 0 0.655782 0.344218 
 ----> pcfNcfTTM 175 1 0.640311 0.359689 
 ----> pcfNcfTTM 176 0 0.661135 0.338865 
 ----> pcfNcfTTM 177 0 0.645346 0.354654 
 ----> pcfNcfTTM 178 1 0.664762 0.335238 
 ----> pcfNcfTTM 179 0 0.673218 0.326782 
 ----> pcfNcfTTM 180 0 0.624306 0.375694 
 ----> pcfNcfTTM 181 0 0.669323 0.330677 
 ----> pcfNcfTTM 182 0 0.678798 0.321202 
 ----> pcfNcfTTM 183 1 0.638135 0.361865 
 ----> pcfNcfTTM 184 1 0.628813 0.371187 
 ----> pcfNcfTTM 185 0 0.655702 0.344298 
 ----> pcfNcfTTM 186 0 0.662198 0.337802 
 ----> pcfNcfTTM 187 0 0.605093 0.394907 
 ----> pcfNcfTTM 188 1 0.661779 0.338221 
 ----> pcfNcfTTM 189 1 0.647999 0.352001 
 ----> pcfNcfTTM 190 0 0.687514 0.312486 
 ----> pcfNcfTTM 191 0 0.647365 0.352635 
 ----> pcfNcfTTM 192 1 0.670697 0.329303 
 ----> pcfNcfTTM 193 0 0.648782 0.351218 
 ----> pcfNcfTTM 194 0 0.639664 0.360336 
 ----> pcfNcfTTM 195 0 0.64591 0.35409 
 ----> pcfNcfTTM 196 1 0.64982 0.35018 
 ----> pcfNcfTTM 197 0 0.685693 0.314307 
 ----> pcfNcfTTM 198 0 0.689374 0.310626 
 ----> pcfNcfTTM 199 0 0.706952 0.293048 
 ----> pcfNcfTTM 200 0 0.69685 0.30315 
 ----> pcfNcfTTM 201 0 0.684034 0.315966 
 ----> pcfNcfTTM 202 0 0.666141 0.333859 
 ----> pcfNcfTTM 203 1 0.662511 0.337489 
 ----> pcfNcfTTM 204 1 0.644515 0.355485 
 ----> pcfNcfTTM 205 0 0.659899 0.340101 
 ----> pcfNcfTTM 206 1 0.674776 0.325224 
 ----> pcfNcfTTM 207 1 0.617715 0.382285 
 ----> pcfNcfTTM 208 0 0.657661 0.342339 
 ----> pcfNcfTTM 209 0 0.630719 0.369281 
 ----> pcfNcfTTM 210 0 0.688537 0.311463 
 ----> pcfNcfTTM 211 0 0.667056 0.332944 
 ----> pcfNcfTTM 212 0 0.674326 0.325674 
 ----> pcfNcfTTM 213 1 0.653369 0.346631 
 ----> pcfNcfTTM 214 0 0.649144 0.350856 
 ----> pcfNcfTTM 215 1 0.663341 0.336659 
 ----> pcfNcfTTM 216 0 0.668948 0.331052 
 ----> pcfNcfTTM 217 1 0.659398 0.340602 
 ----> pcfNcfTTM 218 0 0.651701 0.348299 
 ----> pcfNcfTTM 219 0 0.659507 0.340493 
 ----> pcfNcfTTM 220 0 0.695926 0.304074 
 ----> pcfNcfTTM 221 0 0.631257 0.368743 
 ----> pcfNcfTTM 222 1 0.647408 0.352592 
 ----> pcfNcfTTM 223 1 0.6439 0.3561 
 ----> pcfNcfTTM 224 0 0.663612 0.336388 
 ----> pcfNcfTTM 225 1 0.645075 0.354925 
 ----> pcfNcfTTM 226 1 0.65248 0.34752 
 ----> pcfNcfTTM 227 0 0.673127 0.326873 
 ----> pcfNcfTTM 228 0 0.696058 0.303942 
 ----> pcfNcfTTM 229 0 0.678457 0.321543 
 ----> pcfNcfTTM 230 0 0.648648 0.351352 
 ----> pcfNcfTTM 231 0 0.66547 0.33453 
 ----> pcfNcfTTM 232 1 0.654929 0.345071 
 ----> pcfNcfTTM 233 0 0.679859 0.320141 
 ----> pcfNcfTTM 234 0 0.668445 0.331555 
 ----> pcfNcfTTM 235 0 0.635809 0.364191 
 ----> pcfNcfTTM 236 1 0.636852 0.363148 
 ----> pcfNcfTTM 237 0 0.675703 0.324297 
 ----> pcfNcfTTM 238 0 0.676698 0.323302 
 ----> pcfNcfTTM 239 0 0.674317 0.325683 
 ----> pcfNcfTTM 240 1 0.654555 0.345445 
 ----> pcfNcfTTM 241 0 0.693443 0.306557 
 ----> pcfNcfTTM 242 1 0.630354 0.369646 
 ----> pcfNcfTTM 243 0 0.664296 0.335704 
 ----> pcfNcfTTM 244 1 0.619935 0.380065 
 ----> pcfNcfTTM 245 1 0.638135 0.361865 
 ----> pcfNcfTTM 246 0 0.671976 0.328024 
 ----> pcfNcfTTM 247 0 0.662023 0.337977 
 ----> pcfNcfTTM 248 1 0.666786 0.333214 
 ----> pcfNcfTTM 249 1 0.655005 0.344995 
 ----> pcfNcfTTM 250 0 0.661565 0.338435 
 ----> pcfNcfTTM 251 0 0.685378 0.314622 
 ----> pcfNcfTTM 252 0 0.68069 0.31931 
 ----> pcfNcfTTM 253 1 0.650051 0.349949 
 ----> pcfNcfTTM 254 0 0.653403 0.346597 
 ----> pcfNcfTTM 255 1 0.651173 0.348827 
 ----> pcfNcfTTM 256 0 0.678157 0.321843 
 ----> pcfNcfTTM 257 0 0.676921 0.323079 
 ----> pcfNcfTTM 258 0 0.666704 0.333296 
 ----> pcfNcfTTM 259 0 0.669372 0.330628 
 ----> pcfNcfTTM 260 1 0.661623 0.338377 
 ----> pcfNcfTTM 261 1 0.644915 0.355085 
 ----> pcfNcfTTM 262 0 0.665121 0.334879 
 ----> pcfNcfTTM 263 1 0.624993 0.375007 
 ----> pcfNcfTTM 264 1 0.678343 0.321657 
 ----> pcfNcfTTM 265 1 0.618937 0.381063 
 ----> pcfNcfTTM 266 0 0.672525 0.327475 
 ----> pcfNcfTTM 267 0 0.649805 0.350195 
 ----> pcfNcfTTM 268 1 0.670155 0.329845 
 ----> pcfNcfTTM 269 0 0.652413 0.347587 
 ----> pcfNcfTTM 270 1 0.650934 0.349066 
 ----> pcfNcfTTM 271 1 0.630313 0.369687 
 ----> pcfNcfTTM 272 0 0.669212 0.330788 
 ----> pcfNcfTTM 273 0 0.685124 0.314876 
 ----> pcfNcfTTM 274 1 0.649205 0.350795 
 ----> pcfNcfTTM 275 1 0.624722 0.375278 
 ----> pcfNcfTTM 276 0 0.690441 0.309559 
 ----> pcfNcfTTM 277 0 0.677674 0.322326 
 ----> pcfNcfTTM 278 0 0.659104 0.340896 
 ----> pcfNcfTTM 279 1 0.591471 0.408529 
 ----> pcfNcfTTM 280 1 0.648899 0.351101 
 ----> pcfNcfTTM 281 0 0.710474 0.289526 
 ----> pcfNcfTTM 282 1 0.609593 0.390407 
 ----> pcfNcfTTM 283 1 0.612556 0.387444 
 ----> pcfNcfTTM 284 1 0.648313 0.351687 
 ----> pcfNcfTTM 285 0 0.644887 0.355113 
 ----> pcfNcfTTM 286 0 0.695119 0.304881 
 ----> pcfNcfTTM 287 0 0.669115 0.330885 
 ----> pcfNcfTTM 288 0 0.672932 0.327068 
 ----> pcfNcfTTM 289 0 0.643938 0.356062 
 ----> pcfNcfTTM 290 0 0.659141 0.340859 
 ----> pcfNcfTTM 291 1 0.637494 0.362506 
 ----> pcfNcfTTM 292 0 0.687987 0.312013 
 ----> pcfNcfTTM 293 1 0.659249 0.340751 
 ----> pcfNcfTTM 294 1 0.608073 0.391927 
 ----> pcfNcfTTM 295 0 0.648111 0.351889 
 ----> pcfNcfTTM 296 0 0.666764 0.333236 
 ----> pcfNcfTTM 297 0 0.655622 0.344378 
 ----> pcfNcfTTM 298 1 0.637466 0.362534 
 ----> pcfNcfTTM 299 0 0.63695 0.36305 
 ----> pcfNcfTTM 300 0 0.65828 0.34172 
 ----> pcfNcfTTM 301 0 0.643291 0.356709 
 ----> pcfNcfTTM 302 0 0.679688 0.320312 
 ----> pcfNcfTTM 303 0 0.67911 0.32089 
 ----> pcfNcfTTM 304 0 0.670085 0.329915 
 ----> pcfNcfTTM 305 0 0.628874 0.371126 
 ----> pcfNcfTTM 306 0 0.671404 0.328596 
 ----> pcfNcfTTM 307 1 0.698109 0.301891 
 ----> pcfNcfTTM 308 0 0.663318 0.336682 
 ----> pcfNcfTTM 309 1 0.665757 0.334243 
 ----> pcfNcfTTM 310 0 0.657615 0.342385 
 ----> pcfNcfTTM 311 0 0.665994 0.334006 
 ----> pcfNcfTTM 312 0 0.666961 0.333039 
 ----> pcfNcfTTM 313 1 0.651487 0.348513 
 ----> pcfNcfTTM 314 0 0.655886 0.344114 
 ----> pcfNcfTTM 315 0 0.645553 0.354447 
 ----> pcfNcfTTM 316 0 0.677788 0.322212 
 ----> pcfNcfTTM 317 0 0.625691 0.374309 
 ----> pcfNcfTTM 318 0 0.647053 0.352947 
 ----> pcfNcfTTM 319 0 0.646853 0.353147 
 ----> pcfNcfTTM 320 0 0.664891 0.335109 
 ----> pcfNcfTTM 321 1 0.669492 0.330508 
 ----> pcfNcfTTM 322 1 0.643795 0.356205 
 ----> pcfNcfTTM 323 0 0.666558 0.333442 
 ----> pcfNcfTTM 324 0 0.679153 0.320847 
 ----> pcfNcfTTM 325 0 0.666919 0.333081 
 ----> pcfNcfTTM 326 1 0.619727 0.380273 
 ----> pcfNcfTTM 327 1 0.672048 0.327952 
 ----> pcfNcfTTM 328 0 0.69089 0.30911 
 ----> pcfNcfTTM 329 0 0.694564 0.305436 
 ----> pcfNcfTTM 330 0 0.692099 0.307901 
 ----> pcfNcfTTM 331 0 0.685602 0.314398 
 ----> pcfNcfTTM 332 0 0.652455 0.347545 
 ----> pcfNcfTTM 333 1 0.652825 0.347175 
 ----> pcfNcfTTM 334 1 0.634441 0.365559 
 ----> pcfNcfTTM 335 0 0.668018 0.331982 
 ----> pcfNcfTTM 336 1 0.662037 0.337963 
 ----> pcfNcfTTM 337 1 0.652201 0.347799 
 ----> pcfNcfTTM 338 1 0.591207 0.408793 
 ----> pcfNcfTTM 339 0 0.665881 0.334119 
 ----> pcfNcfTTM 340 0 0.645851 0.354149 
 ----> pcfNcfTTM 341 1 0.662702 0.337298 
 ----> pcfNcfTTM 342 1 0.65215 0.34785 
 ----> pcfNcfTTM 343 0 0.660517 0.339483 
 ----> pcfNcfTTM 344 0 0.674188 0.325812 
 ----> pcfNcfTTM 345 0 0.683723 0.316277 
 ----> pcfNcfTTM 346 0 0.68537 0.31463 
 ----> pcfNcfTTM 347 1 0.635152 0.364848 
 ----> pcfNcfTTM 348 0 0.667127 0.332873 
 ----> pcfNcfTTM 349 0 0.676307 0.323693 
 ----> pcfNcfTTM 350 1 0.661351 0.338649 
 ----> pcfNcfTTM 351 0 0.644961 0.355039 
 ----> pcfNcfTTM 352 0 0.657931 0.342069 
 ----> pcfNcfTTM 353 0 0.672137 0.327863 
 ----> pcfNcfTTM 354 0 0.661471 0.338529 
 ----> pcfNcfTTM 355 0 0.690892 0.309108 
 ----> pcfNcfTTM 356 0 0.706765 0.293235 
 ----> pcfNcfTTM 357 1 0.646417 0.353583 
 ----> pcfNcfTTM 358 0 0.667683 0.332317 
 ----> pcfNcfTTM 359 0 0.684733 0.315267 
 ----> pcfNcfTTM 360 0 0.664296 0.335704 
 ----> pcfNcfTTM 361 0 0.663448 0.336552 
 ----> pcfNcfTTM 362 1 0.662229 0.337771 
 ----> pcfNcfTTM 363 0 0.668828 0.331172 
 ----> pcfNcfTTM 364 0 0.679567 0.320433 
 ----> pcfNcfTTM 365 0 0.672106 0.327894 
 ----> pcfNcfTTM 366 1 0.632723 0.367277 
 ----> pcfNcfTTM 367 0 0.673388 0.326612 
 ----> pcfNcfTTM 368 0 0.664978 0.335022 
 ----> pcfNcfTTM 369 0 0.689909 0.310091 
 ----> pcfNcfTTM 370 1 0.672247 0.327753 
 ----> pcfNcfTTM 371 0 0.706269 0.293731 
 ----> pcfNcfTTM 372 0 0.660369 0.339631 
 ----> pcfNcfTTM 373 0 0.671073 0.328927 
 ----> pcfNcfTTM 374 0 0.679507 0.320493 
 ----> pcfNcfTTM 375 1 0.621372 0.378628 
 ----> pcfNcfTTM 376 0 0.681456 0.318544 
 ----> pcfNcfTTM 377 0 0.659722 0.340278 
 ----> pcfNcfTTM 378 1 0.634945 0.365055 
 ----> pcfNcfTTM 379 0 0.660138 0.339862 
 ----> pcfNcfTTM 380 0 0.661655 0.338345 
 ----> pcfNcfTTM 381 0 0.700794 0.299206 
 ----> pcfNcfTTM 382 0 0.692921 0.307079 
 ----> pcfNcfTTM 383 0 0.681237 0.318763 
 ----> pcfNcfTTM 384 0 0.685825 0.314175 
 ----> pcfNcfTTM 385 1 0.69329 0.30671 
 ----> pcfNcfTTM 386 0 0.664563 0.335437 
 ----> pcfNcfTTM 387 1 0.619636 0.380364 
 ----> pcfNcfTTM 388 1 0.64052 0.35948 
 ----> pcfNcfTTM 389 0 0.686095 0.313905 
 ----> pcfNcfTTM 390 0 0.656412 0.343588 
 ----> pcfNcfTTM 391 0 0.617328 0.382672 
 ----> pcfNcfTTM 392 1 0.644577 0.355423 
 ----> pcfNcfTTM 393 1 0.645192 0.354808 
 ----> pcfNcfTTM 394 0 0.677142 0.322858 
 ----> pcfNcfTTM 395 0 0.651713 0.348287 
 ----> pcfNcfTTM 396 0 0.653573 0.346427 
 ----> pcfNcfTTM 397 0 0.674205 0.325795 
 ----> pcfNcfTTM 398 1 0.651875 0.348125 
 ----> pcfNcfTTM 399 1 0.649748 0.350252 
 ----> pcfNcfTTM 400 1 0.655947 0.344053 
 ----> pcfNcfTTM 401 0 0.686145 0.313855 
 ----> pcfNcfTTM 402 0 0.64983 0.35017 
 ----> pcfNcfTTM 403 0 0.69104 0.30896 
 ----> pcfNcfTTM 404 0 0.640592 0.359408 
 ----> pcfNcfTTM 405 0 0.667759 0.332241 
 ----> pcfNcfTTM 406 1 0.659466 0.340534 
 ----> pcfNcfTTM 407 1 0.634188 0.365812 
 ----> pcfNcfTTM 408 0 0.679426 0.320574 
 ----> pcfNcfTTM 409 1 0.663635 0.336365 
 ----> pcfNcfTTM 410 0 0.684394 0.315606 
 ----> pcfNcfTTM 411 0 0.683332 0.316668 
 ----> pcfNcfTTM 412 1 0.6774 0.3226 
 ----> pcfNcfTTM 413 1 0.619058 0.380942 
 ----> pcfNcfTTM 414 0 0.67136 0.32864 
 ----> pcfNcfTTM 415 1 0.651718 0.348282 
 ----> pcfNcfTTM 416 0 0.65183 0.34817 
 ----> pcfNcfTTM 417 0 0.665196 0.334804 
 ----> pcfNcfTTM 418 1 0.674408 0.325592 
 ----> pcfNcfTTM 419 0 0.661915 0.338085 
 ----> pcfNcfTTM 420 0 0.66755 0.33245 
 ----> pcfNcfTTM 421 0 0.660461 0.339539 
 ----> pcfNcfTTM 422 0 0.66973 0.33027 
 ----> pcfNcfTTM 423 0 0.674519 0.325481 
 ----> pcfNcfTTM 424 0 0.665562 0.334438 
 ----> pcfNcfTTM 425 0 0.687254 0.312746 
 ----> pcfNcfTTM 426 1 0.646595 0.353405 
 ----> pcfNcfTTM 427 0 0.656705 0.343295 
 ----> pcfNcfTTM 428 0 0.67256 0.32744 
 ----> pcfNcfTTM 429 0 0.65307 0.34693 
 ----> pcfNcfTTM 430 0 0.648381 0.351619 
 ----> pcfNcfTTM 431 0 0.686407 0.313593 
 ----> pcfNcfTTM 432 0 0.675358 0.324642 
 ----> pcfNcfTTM 433 0 0.674029 0.325971 
 ----> pcfNcfTTM 434 0 0.659985 0.340015 
 ----> pcfNcfTTM 435 1 0.665336 0.334664 
 ----> pcfNcfTTM 436 0 0.675769 0.324231 
 ----> pcfNcfTTM 437 0 0.640243 0.359757 
 ----> pcfNcfTTM 438 0 0.662584 0.337416 
 ----> pcfNcfTTM 439 0 0.663433 0.336567 
 ----> pcfNcfTTM 440 0 0.658854 0.341146 
 ----> pcfNcfTTM 441 0 0.663736 0.336264 
 ----> pcfNcfTTM 442 0 0.688652 0.311348 
 ----> pcfNcfTTM 443 0 0.675114 0.324886 
 ----> pcfNcfTTM 444 0 0.675335 0.324665 
 ----> pcfNcfTTM 445 1 0.636515 0.363485 
 ----> pcfNcfTTM 446 0 0.598182 0.401818 
 ----> pcfNcfTTM 447 0 0.66184 0.33816 
 ----> pcfNcfTTM 448 0 0.652462 0.347538 
 ----> pcfNcfTTM 449 0 0.691836 0.308164 
 ----> pcfNcfTTM 450 0 0.690429 0.309571 
 ----> pcfNcfTTM 451 0 0.648031 0.351969 
 ----> pcfNcfTTM 452 0 0.649535 0.350465 
 ----> pcfNcfTTM 453 0 0.654958 0.345042 
 ----> pcfNcfTTM 454 1 0.657672 0.342328 
 ----> pcfNcfTTM 455 0 0.653322 0.346678 
 ----> pcfNcfTTM 456 0 0.657231 0.342769 
 ----> pcfNcfTTM 457 0 0.681534 0.318466 
 ----> pcfNcfTTM 458 1 0.654578 0.345422 
 ----> pcfNcfTTM 459 0 0.686425 0.313575 
 ----> pcfNcfTTM 460 0 0.645728 0.354272 
 ----> pcfNcfTTM 461 1 0.637977 0.362023 
 ----> pcfNcfTTM 462 0 0.672585 0.327415 
 ----> pcfNcfTTM 463 0 0.675111 0.324889 
 ----> pcfNcfTTM 464 0 0.631812 0.368188 
 ----> pcfNcfTTM 465 0 0.69035 0.30965 
 ----> pcfNcfTTM 466 0 0.676646 0.323354 
 ----> pcfNcfTTM 467 1 0.680654 0.319346 
 ----> pcfNcfTTM 468 0 0.703614 0.296386 
 ----> pcfNcfTTM 469 0 0.703534 0.296466 
 ----> pcfNcfTTM 470 1 0.6653 0.3347 
 ----> pcfNcfTTM 471 1 0.667808 0.332192 
 ----> pcfNcfTTM 472 0 0.645585 0.354415 
 ----> pcfNcfTTM 473 1 0.670675 0.329325 
 ----> pcfNcfTTM 474 0 0.682724 0.317276 
 ----> pcfNcfTTM 475 0 0.666717 0.333283 
 ----> pcfNcfTTM 476 0 0.670342 0.329658 
 ----> pcfNcfTTM 477 1 0.673154 0.326846 
 ----> pcfNcfTTM 478 0 0.686733 0.313267 
 ----> pcfNcfTTM 479 1 0.676687 0.323313 
 ----> pcfNcfTTM 480 0 0.649817 0.350183 
 ----> pcfNcfTTM 481 0 0.680283 0.319717 
 ----> pcfNcfTTM 482 0 0.681275 0.318725 
 ----> pcfNcfTTM 483 1 0.621105 0.378895 
 ----> pcfNcfTTM 484 0 0.682164 0.317836 
 ----> pcfNcfTTM 485 0 0.674533 0.325467 
 ----> pcfNcfTTM 486 0 0.696988 0.303012 
 ----> pcfNcfTTM 487 0 0.682096 0.317904 
 ----> pcfNcfTTM 488 1 0.63893 0.36107 
 ----> pcfNcfTTM 489 1 0.653033 0.346967 
 ----> pcfNcfTTM 490 0 0.665608 0.334392 
 ----> pcfNcfTTM 491 1 0.690564 0.309436 
 ----> pcfNcfTTM 492 0 0.677866 0.322134 
 ----> pcfNcfTTM 493 0 0.685663 0.314337 
 ----> pcfNcfTTM 494 0 0.678444 0.321556 
 ----> pcfNcfTTM 495 1 0.656373 0.343627 
 ----> pcfNcfTTM 496 0 0.664045 0.335955 
 ----> pcfNcfTTM 497 0 0.665527 0.334473 
 ----> pcfNcfTTM 498 0 0.678639 0.321361 
 ----> pcfNcfTTM 499 1 0.661755 0.338245 
 ----> pcfNcfTTM 500 1 0.675493 0.324507 
 ----> pcfNcfTTM 501 0 0.659483 0.340517 
 ----> pcfNcfTTM 502 0 0.638778 0.361222 
 ----> pcfNcfTTM 503 0 0.650531 0.349469 
 ----> pcfNcfTTM 504 0 0.665086 0.334914 
 ----> pcfNcfTTM 505 0 0.682697 0.317303 
 ----> pcfNcfTTM 506 0 0.695451 0.304549 
 ----> pcfNcfTTM 507 0 0.677696 0.322304 
 ----> pcfNcfTTM 508 1 0.67324 0.32676 
 ----> pcfNcfTTM 509 1 0.644695 0.355305 
 ----> pcfNcfTTM 510 0 0.66257 0.33743 
 ----> pcfNcfTTM 511 0 0.667351 0.332649 
 ----> pcfNcfTTM 512 0 0.607387 0.392613 
 ----> pcfNcfTTM 513 1 0.669294 0.330706 
 ----> pcfNcfTTM 514 1 0.669022 0.330978 
 ----> pcfNcfTTM 515 0 0.685035 0.314965 
 ----> pcfNcfTTM 516 0 0.68029 0.31971 
 ----> pcfNcfTTM 517 1 0.640848 0.359152 
 ----> pcfNcfTTM 518 0 0.661802 0.338198 
 ----> pcfNcfTTM 519 0 0.668953 0.331047 
 ----> pcfNcfTTM 520 1 0.643426 0.356574 
 ----> pcfNcfTTM 521 1 0.663662 0.336338 
 ----> pcfNcfTTM 522 0 0.673193 0.326807 
 ----> pcfNcfTTM 523 1 0.646784 0.353216 
 ----> pcfNcfTTM 524 0 0.641697 0.358303 
 ----> pcfNcfTTM 525 0 0.672942 0.327058 
 ----> pcfNcfTTM 526 0 0.690934 0.309066 
 ----> pcfNcfTTM 527 0 0.647965 0.352035 
 ----> pcfNcfTTM 528 0 0.66479 0.33521 
 ----> pcfNcfTTM 529 1 0.63847 0.36153 
 ----> pcfNcfTTM 530 0 0.644621 0.355379 
 ----> pcfNcfTTM 531 1 0.63071 0.36929 
 ----> pcfNcfTTM 532 0 0.689849 0.310151 
 ----> pcfNcfTTM 533 0 0.670426 0.329574 
 ----> pcfNcfTTM 534 0 0.709717 0.290283 
 ----> pcfNcfTTM 535 1 0.636343 0.363657 
 ----> pcfNcfTTM 536 0 0.673041 0.326959 
 ----> pcfNcfTTM 537 0 0.667794 0.332206 
 ----> pcfNcfTTM 538 0 0.68859 0.31141 
 ----> pcfNcfTTM 539 1 0.649933 0.350067 
 ----> pcfNcfTTM 540 0 0.667638 0.332362 
 ----> pcfNcfTTM 541 1 0.683232 0.316768 
 ----> pcfNcfTTM 542 0 0.66197 0.33803 
 ----> pcfNcfTTM 543 1 0.649116 0.350884 
 ----> pcfNcfTTM 544 0 0.640114 0.359886 
 ----> pcfNcfTTM 545 1 0.626311 0.373689 
 ----> pcfNcfTTM 546 0 0.672706 0.327294 
 ----> pcfNcfTTM 547 0 0.693041 0.306959 
 ----> pcfNcfTTM 548 1 0.667185 0.332815 
 ----> pcfNcfTTM 549 0 0.658536 0.341464 
 ----> pcfNcfTTM 550 0 0.683481 0.316519 
 ----> pcfNcfTTM 551 0 0.671514 0.328486 
 ----> pcfNcfTTM 552 1 0.636001 0.363999 
 ----> pcfNcfTTM 553 1 0.6296 0.3704 
 ----> pcfNcfTTM 554 1 0.665389 0.334611 
 ----> pcfNcfTTM 555 1 0.699103 0.300897 
 ----> pcfNcfTTM 556 0 0.720988 0.279012 
 ----> pcfNcfTTM 557 0 0.674752 0.325248 
 ----> pcfNcfTTM 558 0 0.64398 0.35602 
 ----> pcfNcfTTM 559 0 0.608884 0.391116 
 ----> pcfNcfTTM 560 0 0.6657 0.3343 
 ----> pcfNcfTTM 561 1 0.627755 0.372245 
 ----> pcfNcfTTM 562 0 0.666946 0.333054 
 ----> pcfNcfTTM 563 0 0.663875 0.336125 
 ----> pcfNcfTTM 564 0 0.627385 0.372615 
 ----> pcfNcfTTM 565 0 0.671325 0.328675 
 ----> pcfNcfTTM 566 0 0.663312 0.336688 
 ----> pcfNcfTTM 567 0 0.669335 0.330665 
 ----> pcfNcfTTM 568 0 0.674851 0.325149 
 ----> pcfNcfTTM 569 1 0.642516 0.357484 
 ----> pcfNcfTTM 570 0 0.657466 0.342534 
 ----> pcfNcfTTM 571 1 0.679176 0.320824 
 ----> pcfNcfTTM 572 0 0.669544 0.330456 
 ----> pcfNcfTTM 573 0 0.64443 0.35557 
 ----> pcfNcfTTM 574 0 0.675242 0.324758 
 ----> pcfNcfTTM 575 1 0.612329 0.387671 
 ----> pcfNcfTTM 576 0 0.685842 0.314158 
 ----> pcfNcfTTM 577 1 0.670219 0.329781 
 ----> pcfNcfTTM 578 0 0.701376 0.298624 
 ----> pcfNcfTTM 579 0 0.684439 0.315561 
 ----> pcfNcfTTM 580 1 0.674287 0.325713 
 ----> pcfNcfTTM 581 0 0.653657 0.346343 
 ----> pcfNcfTTM 582 0 0.672345 0.327655 
 ----> pcfNcfTTM 583 1 0.661504 0.338496 
 ----> pcfNcfTTM 584 0 0.653612 0.346388 
 ----> pcfNcfTTM 585 0 0.663197 0.336803 
 ----> pcfNcfTTM 586 0 0.691199 0.308801 
 ----> pcfNcfTTM 587 0 0.684088 0.315912 
 ----> pcfNcfTTM 588 0 0.68916 0.31084 
 ----> pcfNcfTTM 589 1 0.698203 0.301797 
 ----> pcfNcfTTM 590 0 0.654544 0.345456 
 ----> pcfNcfTTM 591 1 0.650707 0.349293 
 ----> pcfNcfTTM 592 1 0.657283 0.342717 
 ----> pcfNcfTTM 593 0 0.703386 0.296614 
 ----> pcfNcfTTM 594 0 0.693943 0.306057 
 ----> pcfNcfTTM 595 0 0.671022 0.328978 
 ----> pcfNcfTTM 596 0 0.662918 0.337082 
 ----> pcfNcfTTM 597 0 0.659614 0.340386 
 ----> pcfNcfTTM 598 0 0.685595 0.314405 
 ----> pcfNcfTTM 599 0 0.660173 0.339827 
 ----> pcfNcfTTM 600 0 0.630067 0.369933 
 ----> pcfNcfTTM 601 0 0.661112 0.338888 
 ----> pcfNcfTTM 602 1 0.655207 0.344793 
 ----> pcfNcfTTM 603 0 0.689255 0.310745 
 ----> pcfNcfTTM 604 0 0.680707 0.319293 
 ----> pcfNcfTTM 605 0 0.6757 0.3243 
 ----> pcfNcfTTM 606 0 0.633877 0.366123 
 ----> pcfNcfTTM 607 1 0.638038 0.361962 
 ----> pcfNcfTTM 608 0 0.687027 0.312973 
 ----> pcfNcfTTM 609 0 0.687424 0.312576 
 ----> pcfNcfTTM 610 0 0.648636 0.351364 
 ----> pcfNcfTTM 611 0 0.634602 0.365398 
 ----> pcfNcfTTM 612 0 0.679011 0.320989 
 ----> pcfNcfTTM 613 0 0.636399 0.363601 
 ----> pcfNcfTTM 614 0 0.695293 0.304707 
 ----> pcfNcfTTM 615 0 0.685133 0.314867 
 ----> pcfNcfTTM 616 0 0.667199 0.332801 
 ----> pcfNcfTTM 617 0 0.662203 0.337797 
 ----> pcfNcfTTM 618 0 0.653776 0.346224 
 ----> pcfNcfTTM 619 1 0.643154 0.356846 
 ----> pcfNcfTTM 620 0 0.64723 0.35277 
 ----> pcfNcfTTM 621 0 0.684066 0.315934 
 ----> pcfNcfTTM 622 0 0.677199 0.322801 
 ----> pcfNcfTTM 623 1 0.649824 0.350176 
 ----> pcfNcfTTM 624 0 0.682185 0.317815 
 ----> pcfNcfTTM 625 0 0.653098 0.346902 
 ----> pcfNcfTTM 626 0 0.684616 0.315384 
 ----> pcfNcfTTM 627 0 0.667677 0.332323 
 ----> pcfNcfTTM 628 1 0.649621 0.350379 
 ----> pcfNcfTTM 629 0 0.677487 0.322513 
 ----> pcfNcfTTM 630 0 0.690439 0.309561 
 ----> pcfNcfTTM 631 1 0.616917 0.383083 
 ----> pcfNcfTTM 632 1 0.676737 0.323263 
 ----> pcfNcfTTM 633 0 0.675349 0.324651 
 ----> pcfNcfTTM 634 1 0.643127 0.356873 
 ----> pcfNcfTTM 635 0 0.674516 0.325484 
 ----> pcfNcfTTM 636 1 0.639576 0.360424 
 ----> pcfNcfTTM 637 0 0.702548 0.297452 
 ----> pcfNcfTTM 638 0 0.676955 0.323045 
 ----> pcfNcfTTM 639 1 0.642258 0.357742 
 ----> pcfNcfTTM 640 0 0.687572 0.312428 
 ----> pcfNcfTTM 641 0 0.656905 0.343095 
 ----> pcfNcfTTM 642 0 0.724685 0.275315 
 ----> pcfNcfTTM 643 0 0.708633 0.291367 
 ----> pcfNcfTTM 644 0 0.648345 0.351655 
 ----> pcfNcfTTM 645 0 0.651712 0.348288 
 ----> pcfNcfTTM 646 1 0.65635 0.34365 
 ----> pcfNcfTTM 647 0 0.700455 0.299545 
 ----> pcfNcfTTM 648 0 0.649359 0.350641 
 ----> pcfNcfTTM 649 0 0.656763 0.343237 
 ----> pcfNcfTTM 650 0 0.678601 0.321399 
 ----> pcfNcfTTM 651 1 0.675555 0.324445 
 ----> pcfNcfTTM 652 0 0.650488 0.349512 
 ----> pcfNcfTTM 653 1 0.637457 0.362543 
 ----> pcfNcfTTM 654 0 0.669812 0.330188 
 ----> pcfNcfTTM 655 0 0.65703 0.34297 
 ----> pcfNcfTTM 656 0 0.682261 0.317739 
 ----> pcfNcfTTM 657 0 0.671834 0.328166 
 ----> pcfNcfTTM 658 0 0.656507 0.343493 
 ----> pcfNcfTTM 659 0 0.666118 0.333882 
 ----> pcfNcfTTM 660 0 0.688297 0.311703 
 ----> pcfNcfTTM 661 0 0.652844 0.347156 
 ----> pcfNcfTTM 662 0 0.684219 0.315781 
 ----> pcfNcfTTM 663 1 0.656488 0.343512 
 ----> pcfNcfTTM 664 1 0.669487 0.330513 
 ----> pcfNcfTTM 665 0 0.67136 0.32864 
 ----> pcfNcfTTM 666 0 0.673974 0.326026 
 ----> pcfNcfTTM 667 0 0.660693 0.339307 
 ----> pcfNcfTTM 668 1 0.641947 0.358053 
 ----> pcfNcfTTM 669 0 0.657871 0.342129 
 ----> pcfNcfTTM 670 0 0.695709 0.304291 
 ----> pcfNcfTTM 671 0 0.708087 0.291913 
 ----> pcfNcfTTM 672 0 0.675628 0.324372 
 ----> pcfNcfTTM 673 0 0.669437 0.330563 
 ----> pcfNcfTTM 674 1 0.671327 0.328673 
 ----> pcfNcfTTM 675 1 0.649602 0.350398 
 ----> pcfNcfTTM 676 0 0.673722 0.326278 
 ----> pcfNcfTTM 677 1 0.642586 0.357414 
 ----> pcfNcfTTM 678 1 0.6637 0.3363 
 ----> pcfNcfTTM 679 0 0.68294 0.31706 
 ----> pcfNcfTTM 680 1 0.650193 0.349807 
 ----> pcfNcfTTM 681 0 0.620516 0.379484 
 ----> pcfNcfTTM 682 0 0.668348 0.331652 
 ----> pcfNcfTTM 683 0 0.647294 0.352706 
 ----> pcfNcfTTM 684 0 0.667317 0.332683 
 ----> pcfNcfTTM 685 0 0.674277 0.325723 
 ----> pcfNcfTTM 686 0 0.671137 0.328863 
 ----> pcfNcfTTM 687 0 0.684432 0.315568 
 ----> pcfNcfTTM 688 0 0.663246 0.336754 
 ----> pcfNcfTTM 689 0 0.693527 0.306473 
 ----> pcfNcfTTM 690 1 0.69086 0.30914 
 ----> pcfNcfTTM 691 0 0.669131 0.330869 
 ----> pcfNcfTTM 692 0 0.639394 0.360606 
 ----> pcfNcfTTM 693 1 0.663415 0.336585 
 ----> pcfNcfTTM 694 0 0.672874 0.327126 
 ----> pcfNcfTTM 695 0 0.67966 0.32034 
 ----> pcfNcfTTM 696 0 0.698021 0.301979 
 ----> pcfNcfTTM 697 0 0.655214 0.344786 
 ----> pcfNcfTTM 698 1 0.633996 0.366004 
 ----> pcfNcfTTM 699 0 0.677482 0.322518 
 ----> pcfNcfTTM 700 1 0.656176 0.343824 
 ----> pcfNcfTTM 701 0 0.679392 0.320608 
 ----> pcfNcfTTM 702 0 0.678705 0.321295 
 ----> pcfNcfTTM 703 0 0.675003 0.324997 
 ----> pcfNcfTTM 704 0 0.680224 0.319776 
 ----> pcfNcfTTM 705 0 0.676927 0.323073 
 ----> pcfNcfTTM 706 0 0.643062 0.356938 
 ----> pcfNcfTTM 707 0 0.654529 0.345471 
 ----> pcfNcfTTM 708 0 0.664101 0.335899 
 ----> pcfNcfTTM 709 0 0.65631 0.34369 
 ----> pcfNcfTTM 710 0 0.684336 0.315664 
 ----> pcfNcfTTM 711 0 0.680437 0.319563 
 ----> pcfNcfTTM 712 0 0.699083 0.300917 
 ----> pcfNcfTTM 713 1 0.712093 0.287907 
 ----> pcfNcfTTM 714 1 0.687916 0.312084 
 ----> pcfNcfTTM 715 1 0.667877 0.332123 
 ----> pcfNcfTTM 716 1 0.673864 0.326136 
 ----> pcfNcfTTM 717 0 0.673601 0.326399 
 ----> pcfNcfTTM 718 0 0.667473 0.332527 
