 ----> pcfNcfTTM 1 1 0.665835 0.334165 
 ----> pcfNcfTTM 2 0 0.640081 0.359919 
 ----> pcfNcfTTM 3 1 0.673307 0.326693 
 ----> pcfNcfTTM 4 1 0.684558 0.315442 
 ----> pcfNcfTTM 5 1 0.666498 0.333502 
 ----> pcfNcfTTM 6 1 0.669115 0.330885 
 ----> pcfNcfTTM 7 0 0.648677 0.351323 
 ----> pcfNcfTTM 8 0 0.669453 0.330547 
 ----> pcfNcfTTM 9 0 0.643165 0.356835 
 ----> pcfNcfTTM 10 1 0.652973 0.347027 
 ----> pcfNcfTTM 11 1 0.555219 0.444781 
 ----> pcfNcfTTM 12 0 0.657433 0.342567 
 ----> pcfNcfTTM 13 0 0.584618 0.415382 
 ----> pcfNcfTTM 14 1 0.578083 0.421917 
 ----> pcfNcfTTM 15 1 0.608379 0.391621 
 ----> pcfNcfTTM 16 1 0.605224 0.394776 
 ----> pcfNcfTTM 17 1 0.638916 0.361084 
 ----> pcfNcfTTM 18 0 0.663709 0.336291 
 ----> pcfNcfTTM 19 0 0.676269 0.323731 
 ----> pcfNcfTTM 20 0 0.649576 0.350424 
 ----> pcfNcfTTM 21 1 0.584461 0.415539 
 ----> pcfNcfTTM 22 0 0.657374 0.342626 
 ----> pcfNcfTTM 23 0 0.654598 0.345402 
 ----> pcfNcfTTM 24 0 0.643379 0.356621 
 ----> pcfNcfTTM 25 0 0.628649 0.371351 
 ----> pcfNcfTTM 26 1 0.608808 0.391192 
 ----> pcfNcfTTM 27 1 0.617106 0.382894 
 ----> pcfNcfTTM 28 1 0.663306 0.336694 
 ----> pcfNcfTTM 29 0 0.648733 0.351267 
 ----> pcfNcfTTM 30 0 0.679307 0.320693 
 ----> pcfNcfTTM 31 0 0.640475 0.359525 
 ----> pcfNcfTTM 32 0 0.679025 0.320975 
 ----> pcfNcfTTM 33 0 0.665337 0.334663 
 ----> pcfNcfTTM 34 1 0.63808 0.36192 
 ----> pcfNcfTTM 35 1 0.644515 0.355485 
 ----> pcfNcfTTM 36 0 0.645772 0.354228 
 ----> pcfNcfTTM 37 0 0.653733 0.346267 
 ----> pcfNcfTTM 38 0 0.640933 0.359067 
 ----> pcfNcfTTM 39 0 0.656338 0.343662 
 ----> pcfNcfTTM 40 1 0.663662 0.336338 
 ----> pcfNcfTTM 41 1 0.635329 0.364671 
 ----> pcfNcfTTM 42 1 0.649699 0.350301 
 ----> pcfNcfTTM 43 0 0.66145 0.33855 
 ----> pcfNcfTTM 44 1 0.623782 0.376218 
 ----> pcfNcfTTM 45 1 0.643972 0.356028 
 ----> pcfNcfTTM 46 0 0.665028 0.334972 
 ----> pcfNcfTTM 47 1 0.648717 0.351283 
 ----> pcfNcfTTM 48 1 0.646637 0.353363 
 ----> pcfNcfTTM 49 1 0.647771 0.352229 
 ----> pcfNcfTTM 50 1 0.622565 0.377435 
 ----> pcfNcfTTM 51 0 0.683014 0.316986 
 ----> pcfNcfTTM 52 1 0.601972 0.398028 
 ----> pcfNcfTTM 53 0 0.676612 0.323388 
 ----> pcfNcfTTM 54 0 0.646164 0.353836 
 ----> pcfNcfTTM 55 0 0.658516 0.341484 
 ----> pcfNcfTTM 56 1 0.628164 0.371836 
 ----> pcfNcfTTM 57 1 0.611324 0.388676 
 ----> pcfNcfTTM 58 0 0.660028 0.339972 
 ----> pcfNcfTTM 59 1 0.610813 0.389187 
 ----> pcfNcfTTM 60 0 0.630855 0.369145 
 ----> pcfNcfTTM 61 0 0.674659 0.325341 
 ----> pcfNcfTTM 62 0 0.65921 0.34079 
 ----> pcfNcfTTM 63 1 0.653951 0.346049 
 ----> pcfNcfTTM 64 1 0.640845 0.359155 
 ----> pcfNcfTTM 65 0 0.677136 0.322864 
 ----> pcfNcfTTM 66 0 0.669627 0.330373 
 ----> pcfNcfTTM 67 1 0.624873 0.375127 
 ----> pcfNcfTTM 68 1 0.636156 0.363844 
 ----> pcfNcfTTM 69 0 0.644833 0.355167 
 ----> pcfNcfTTM 70 1 0.641217 0.358783 
 ----> pcfNcfTTM 71 1 0.641027 0.358973 
 ----> pcfNcfTTM 72 1 0.651855 0.348145 
 ----> pcfNcfTTM 73 0 0.667123 0.332877 
 ----> pcfNcfTTM 74 0 0.665189 0.334811 
 ----> pcfNcfTTM 75 0 0.675264 0.324736 
 ----> pcfNcfTTM 76 1 0.64556 0.35444 
 ----> pcfNcfTTM 77 0 0.659965 0.340035 
 ----> pcfNcfTTM 78 1 0.628896 0.371104 
 ----> pcfNcfTTM 79 0 0.685122 0.314878 
 ----> pcfNcfTTM 80 1 0.635343 0.364657 
 ----> pcfNcfTTM 81 1 0.612749 0.387251 
 ----> pcfNcfTTM 82 1 0.624495 0.375505 
 ----> pcfNcfTTM 83 1 0.63517 0.36483 
 ----> pcfNcfTTM 84 1 0.629985 0.370015 
 ----> pcfNcfTTM 85 0 0.673329 0.326671 
 ----> pcfNcfTTM 86 0 0.668764 0.331236 
 ----> pcfNcfTTM 87 1 0.629578 0.370422 
 ----> pcfNcfTTM 88 1 0.622323 0.377677 
 ----> pcfNcfTTM 89 1 0.654281 0.345719 
 ----> pcfNcfTTM 90 1 0.629958 0.370042 
 ----> pcfNcfTTM 91 1 0.597615 0.402385 
 ----> pcfNcfTTM 92 0 0.657867 0.342133 
 ----> pcfNcfTTM 93 0 0.639782 0.360218 
 ----> pcfNcfTTM 94 1 0.626145 0.373855 
 ----> pcfNcfTTM 95 0 0.654885 0.345115 
 ----> pcfNcfTTM 96 0 0.670865 0.329135 
 ----> pcfNcfTTM 97 1 0.618575 0.381425 
 ----> pcfNcfTTM 98 1 0.631112 0.368888 
 ----> pcfNcfTTM 99 1 0.607122 0.392878 
 ----> pcfNcfTTM 100 0 0.663291 0.336709 
 ----> pcfNcfTTM 101 1 0.617478 0.382522 
 ----> pcfNcfTTM 102 0 0.664179 0.335821 
 ----> pcfNcfTTM 103 0 0.650402 0.349598 
 ----> pcfNcfTTM 104 0 0.668763 0.331237 
 ----> pcfNcfTTM 105 1 0.6123 0.3877 
 ----> pcfNcfTTM 106 0 0.661526 0.338474 
 ----> pcfNcfTTM 107 0 0.677057 0.322943 
 ----> pcfNcfTTM 108 0 0.652608 0.347392 
 ----> pcfNcfTTM 109 0 0.638988 0.361012 
 ----> pcfNcfTTM 110 1 0.642602 0.357398 
 ----> pcfNcfTTM 111 0 0.660891 0.339109 
 ----> pcfNcfTTM 112 0 0.678635 0.321365 
 ----> pcfNcfTTM 113 1 0.634709 0.365291 
 ----> pcfNcfTTM 114 1 0.644957 0.355043 
 ----> pcfNcfTTM 115 0 0.657561 0.342439 
 ----> pcfNcfTTM 116 0 0.684438 0.315562 
 ----> pcfNcfTTM 117 1 0.637786 0.362214 
 ----> pcfNcfTTM 118 1 0.644177 0.355823 
 ----> pcfNcfTTM 119 1 0.633061 0.366939 
 ----> pcfNcfTTM 120 0 0.665568 0.334432 
 ----> pcfNcfTTM 121 0 0.677229 0.322771 
 ----> pcfNcfTTM 122 1 0.624025 0.375975 
 ----> pcfNcfTTM 123 1 0.625311 0.374689 
 ----> pcfNcfTTM 124 0 0.665554 0.334446 
 ----> pcfNcfTTM 125 1 0.634748 0.365252 
 ----> pcfNcfTTM 126 0 0.666499 0.333501 
 ----> pcfNcfTTM 127 0 0.664001 0.335999 
 ----> pcfNcfTTM 128 0 0.66617 0.33383 
 ----> pcfNcfTTM 129 1 0.610465 0.389535 
 ----> pcfNcfTTM 130 0 0.669123 0.330877 
 ----> pcfNcfTTM 131 0 0.675772 0.324228 
 ----> pcfNcfTTM 132 0 0.655125 0.344875 
 ----> pcfNcfTTM 133 1 0.61042 0.38958 
 ----> pcfNcfTTM 134 1 0.624445 0.375555 
 ----> pcfNcfTTM 135 1 0.61408 0.38592 
 ----> pcfNcfTTM 136 0 0.675573 0.324427 
 ----> pcfNcfTTM 137 1 0.628182 0.371818 
 ----> pcfNcfTTM 138 0 0.671703 0.328297 
 ----> pcfNcfTTM 139 0 0.658844 0.341156 
 ----> pcfNcfTTM 140 1 0.649582 0.350418 
 ----> pcfNcfTTM 141 0 0.680328 0.319672 
 ----> pcfNcfTTM 142 1 0.639707 0.360293 
 ----> pcfNcfTTM 143 0 0.661395 0.338605 
 ----> pcfNcfTTM 144 1 0.63409 0.36591 
 ----> pcfNcfTTM 145 0 0.650023 0.349977 
 ----> pcfNcfTTM 146 0 0.668327 0.331673 
 ----> pcfNcfTTM 147 0 0.657203 0.342797 
 ----> pcfNcfTTM 148 0 0.672502 0.327498 
 ----> pcfNcfTTM 149 1 0.630491 0.369509 
 ----> pcfNcfTTM 150 1 0.614019 0.385981 
 ----> pcfNcfTTM 151 1 0.645606 0.354394 
 ----> pcfNcfTTM 152 0 0.645392 0.354608 
 ----> pcfNcfTTM 153 0 0.671574 0.328426 
 ----> pcfNcfTTM 154 0 0.656544 0.343456 
 ----> pcfNcfTTM 155 1 0.633503 0.366497 
 ----> pcfNcfTTM 156 1 0.634734 0.365266 
 ----> pcfNcfTTM 157 1 0.636976 0.363024 
 ----> pcfNcfTTM 158 0 0.680228 0.319772 
 ----> pcfNcfTTM 159 1 0.634998 0.365002 
 ----> pcfNcfTTM 160 0 0.678511 0.321489 
 ----> pcfNcfTTM 161 0 0.638246 0.361754 
 ----> pcfNcfTTM 162 1 0.641665 0.358335 
 ----> pcfNcfTTM 163 1 0.644257 0.355743 
 ----> pcfNcfTTM 164 1 0.642562 0.357438 
 ----> pcfNcfTTM 165 1 0.611493 0.388507 
 ----> pcfNcfTTM 166 0 0.673369 0.326631 
 ----> pcfNcfTTM 167 1 0.616913 0.383087 
 ----> pcfNcfTTM 168 0 0.67961 0.32039 
 ----> pcfNcfTTM 169 0 0.636874 0.363126 
 ----> pcfNcfTTM 170 1 0.611937 0.388063 
 ----> pcfNcfTTM 171 1 0.611096 0.388904 
 ----> pcfNcfTTM 172 0 0.670498 0.329502 
 ----> pcfNcfTTM 173 1 0.596719 0.403281 
 ----> pcfNcfTTM 174 0 0.654299 0.345701 
 ----> pcfNcfTTM 175 1 0.612594 0.387406 
 ----> pcfNcfTTM 176 0 0.675706 0.324294 
 ----> pcfNcfTTM 177 0 0.644848 0.355152 
 ----> pcfNcfTTM 178 1 0.636427 0.363573 
 ----> pcfNcfTTM 179 0 0.665516 0.334484 
 ----> pcfNcfTTM 180 0 0.665434 0.334566 
 ----> pcfNcfTTM 181 0 0.675794 0.324206 
 ----> pcfNcfTTM 182 0 0.667269 0.332731 
 ----> pcfNcfTTM 183 1 0.623821 0.376179 
 ----> pcfNcfTTM 184 1 0.644312 0.355688 
 ----> pcfNcfTTM 185 0 0.676344 0.323656 
 ----> pcfNcfTTM 186 0 0.67098 0.32902 
 ----> pcfNcfTTM 187 0 0.662604 0.337396 
 ----> pcfNcfTTM 188 1 0.61668 0.38332 
 ----> pcfNcfTTM 189 1 0.659269 0.340731 
 ----> pcfNcfTTM 190 0 0.671247 0.328753 
 ----> pcfNcfTTM 191 0 0.676109 0.323891 
 ----> pcfNcfTTM 192 1 0.614144 0.385856 
 ----> pcfNcfTTM 193 0 0.668316 0.331684 
 ----> pcfNcfTTM 194 0 0.633688 0.366312 
 ----> pcfNcfTTM 195 0 0.652566 0.347434 
 ----> pcfNcfTTM 196 1 0.636901 0.363099 
 ----> pcfNcfTTM 197 0 0.667566 0.332434 
 ----> pcfNcfTTM 198 0 0.644987 0.355013 
 ----> pcfNcfTTM 199 0 0.651246 0.348754 
 ----> pcfNcfTTM 200 0 0.67582 0.32418 
 ----> pcfNcfTTM 201 0 0.663096 0.336904 
 ----> pcfNcfTTM 202 0 0.64196 0.35804 
 ----> pcfNcfTTM 203 1 0.64199 0.35801 
 ----> pcfNcfTTM 204 1 0.658764 0.341236 
 ----> pcfNcfTTM 205 0 0.679977 0.320023 
 ----> pcfNcfTTM 206 1 0.620452 0.379548 
 ----> pcfNcfTTM 207 1 0.656441 0.343559 
 ----> pcfNcfTTM 208 0 0.689339 0.310661 
 ----> pcfNcfTTM 209 0 0.670909 0.329091 
 ----> pcfNcfTTM 210 0 0.671136 0.328864 
 ----> pcfNcfTTM 211 0 0.685518 0.314482 
 ----> pcfNcfTTM 212 0 0.67887 0.32113 
 ----> pcfNcfTTM 213 1 0.621892 0.378108 
 ----> pcfNcfTTM 214 0 0.645094 0.354906 
 ----> pcfNcfTTM 215 1 0.627405 0.372595 
 ----> pcfNcfTTM 216 0 0.651495 0.348505 
 ----> pcfNcfTTM 217 1 0.622493 0.377507 
 ----> pcfNcfTTM 218 0 0.679902 0.320098 
 ----> pcfNcfTTM 219 0 0.679563 0.320437 
 ----> pcfNcfTTM 220 0 0.67609 0.32391 
 ----> pcfNcfTTM 221 0 0.687704 0.312296 
 ----> pcfNcfTTM 222 1 0.622013 0.377987 
 ----> pcfNcfTTM 223 1 0.615476 0.384524 
 ----> pcfNcfTTM 224 0 0.702725 0.297275 
 ----> pcfNcfTTM 225 1 0.612024 0.387976 
 ----> pcfNcfTTM 226 1 0.652759 0.347241 
 ----> pcfNcfTTM 227 0 0.650848 0.349152 
 ----> pcfNcfTTM 228 0 0.666287 0.333713 
 ----> pcfNcfTTM 229 0 0.682048 0.317952 
 ----> pcfNcfTTM 230 0 0.675888 0.324112 
 ----> pcfNcfTTM 231 0 0.691512 0.308488 
 ----> pcfNcfTTM 232 1 0.642834 0.357166 
 ----> pcfNcfTTM 233 0 0.669473 0.330527 
 ----> pcfNcfTTM 234 0 0.663171 0.336829 
 ----> pcfNcfTTM 235 0 0.67741 0.32259 
 ----> pcfNcfTTM 236 1 0.596177 0.403823 
 ----> pcfNcfTTM 237 0 0.657453 0.342547 
 ----> pcfNcfTTM 238 0 0.662848 0.337152 
 ----> pcfNcfTTM 239 0 0.679482 0.320518 
 ----> pcfNcfTTM 240 1 0.617372 0.382628 
 ----> pcfNcfTTM 241 0 0.676538 0.323462 
 ----> pcfNcfTTM 242 1 0.615738 0.384262 
 ----> pcfNcfTTM 243 0 0.687836 0.312164 
 ----> pcfNcfTTM 244 1 0.651991 0.348009 
 ----> pcfNcfTTM 245 1 0.645848 0.354152 
 ----> pcfNcfTTM 246 0 0.655533 0.344467 
 ----> pcfNcfTTM 247 0 0.678343 0.321657 
 ----> pcfNcfTTM 248 1 0.653138 0.346862 
 ----> pcfNcfTTM 249 1 0.657756 0.342244 
 ----> pcfNcfTTM 250 0 0.672976 0.327024 
 ----> pcfNcfTTM 251 0 0.682288 0.317712 
 ----> pcfNcfTTM 252 0 0.666711 0.333289 
 ----> pcfNcfTTM 253 1 0.657937 0.342063 
 ----> pcfNcfTTM 254 0 0.660824 0.339176 
 ----> pcfNcfTTM 255 1 0.608912 0.391088 
 ----> pcfNcfTTM 256 0 0.684806 0.315194 
 ----> pcfNcfTTM 257 0 0.677106 0.322894 
 ----> pcfNcfTTM 258 0 0.677492 0.322508 
 ----> pcfNcfTTM 259 0 0.639161 0.360839 
 ----> pcfNcfTTM 260 1 0.631822 0.368178 
 ----> pcfNcfTTM 261 1 0.643293 0.356707 
 ----> pcfNcfTTM 262 0 0.678854 0.321146 
 ----> pcfNcfTTM 263 1 0.613596 0.386404 
 ----> pcfNcfTTM 264 1 0.653783 0.346217 
 ----> pcfNcfTTM 265 1 0.618076 0.381924 
 ----> pcfNcfTTM 266 0 0.661526 0.338474 
 ----> pcfNcfTTM 267 0 0.657822 0.342178 
 ----> pcfNcfTTM 268 1 0.650674 0.349326 
 ----> pcfNcfTTM 269 0 0.680102 0.319898 
 ----> pcfNcfTTM 270 1 0.632549 0.367451 
 ----> pcfNcfTTM 271 1 0.637001 0.362999 
 ----> pcfNcfTTM 272 0 0.681532 0.318468 
 ----> pcfNcfTTM 273 0 0.676988 0.323012 
 ----> pcfNcfTTM 274 1 0.59523 0.40477 
 ----> pcfNcfTTM 275 1 0.624312 0.375688 
 ----> pcfNcfTTM 276 0 0.679953 0.320047 
 ----> pcfNcfTTM 277 0 0.670085 0.329915 
 ----> pcfNcfTTM 278 0 0.657816 0.342184 
 ----> pcfNcfTTM 279 1 0.622779 0.377221 
 ----> pcfNcfTTM 280 1 0.631512 0.368488 
 ----> pcfNcfTTM 281 0 0.660723 0.339277 
 ----> pcfNcfTTM 282 1 0.635257 0.364743 
 ----> pcfNcfTTM 283 1 0.609825 0.390175 
 ----> pcfNcfTTM 284 1 0.630633 0.369367 
 ----> pcfNcfTTM 285 0 0.663282 0.336718 
 ----> pcfNcfTTM 286 0 0.684688 0.315312 
 ----> pcfNcfTTM 287 0 0.663602 0.336398 
 ----> pcfNcfTTM 288 0 0.677633 0.322367 
 ----> pcfNcfTTM 289 0 0.669819 0.330181 
 ----> pcfNcfTTM 290 0 0.623783 0.376217 
 ----> pcfNcfTTM 291 1 0.607172 0.392828 
 ----> pcfNcfTTM 292 0 0.639859 0.360141 
 ----> pcfNcfTTM 293 1 0.616579 0.383421 
 ----> pcfNcfTTM 294 1 0.628908 0.371092 
 ----> pcfNcfTTM 295 0 0.682543 0.317457 
 ----> pcfNcfTTM 296 0 0.671767 0.328233 
 ----> pcfNcfTTM 297 0 0.677798 0.322202 
 ----> pcfNcfTTM 298 1 0.637762 0.362238 
 ----> pcfNcfTTM 299 0 0.677053 0.322947 
 ----> pcfNcfTTM 300 0 0.680804 0.319196 
 ----> pcfNcfTTM 301 0 0.666564 0.333436 
 ----> pcfNcfTTM 302 0 0.671406 0.328594 
 ----> pcfNcfTTM 303 0 0.644236 0.355764 
 ----> pcfNcfTTM 304 0 0.653406 0.346594 
 ----> pcfNcfTTM 305 0 0.649181 0.350819 
 ----> pcfNcfTTM 306 0 0.668469 0.331531 
 ----> pcfNcfTTM 307 1 0.647032 0.352968 
 ----> pcfNcfTTM 308 0 0.675614 0.324386 
 ----> pcfNcfTTM 309 1 0.632197 0.367803 
 ----> pcfNcfTTM 310 0 0.685672 0.314328 
 ----> pcfNcfTTM 311 0 0.675977 0.324023 
 ----> pcfNcfTTM 312 0 0.684337 0.315663 
 ----> pcfNcfTTM 313 1 0.612923 0.387077 
 ----> pcfNcfTTM 314 0 0.677619 0.322381 
 ----> pcfNcfTTM 315 0 0.683815 0.316185 
 ----> pcfNcfTTM 316 0 0.678838 0.321162 
 ----> pcfNcfTTM 317 0 0.663249 0.336751 
 ----> pcfNcfTTM 318 0 0.681595 0.318405 
 ----> pcfNcfTTM 319 0 0.660095 0.339905 
 ----> pcfNcfTTM 320 0 0.684124 0.315876 
 ----> pcfNcfTTM 321 1 0.645176 0.354824 
 ----> pcfNcfTTM 322 1 0.648775 0.351225 
 ----> pcfNcfTTM 323 0 0.657429 0.342571 
 ----> pcfNcfTTM 324 0 0.679048 0.320952 
 ----> pcfNcfTTM 325 0 0.678887 0.321113 
 ----> pcfNcfTTM 326 1 0.64619 0.35381 
 ----> pcfNcfTTM 327 1 0.658754 0.341246 
 ----> pcfNcfTTM 328 0 0.689993 0.310007 
 ----> pcfNcfTTM 329 0 0.677917 0.322083 
 ----> pcfNcfTTM 330 0 0.671666 0.328334 
 ----> pcfNcfTTM 331 0 0.667266 0.332734 
 ----> pcfNcfTTM 332 0 0.673555 0.326445 
 ----> pcfNcfTTM 333 1 0.640699 0.359301 
 ----> pcfNcfTTM 334 1 0.651422 0.348578 
 ----> pcfNcfTTM 335 0 0.676766 0.323234 
 ----> pcfNcfTTM 336 1 0.619396 0.380604 
 ----> pcfNcfTTM 337 1 0.633333 0.366667 
 ----> pcfNcfTTM 338 1 0.641493 0.358507 
 ----> pcfNcfTTM 339 0 0.681088 0.318912 
 ----> pcfNcfTTM 340 0 0.690005 0.309995 
 ----> pcfNcfTTM 341 1 0.651229 0.348771 
 ----> pcfNcfTTM 342 1 0.637171 0.362829 
 ----> pcfNcfTTM 343 0 0.66415 0.33585 
 ----> pcfNcfTTM 344 0 0.67963 0.32037 
 ----> pcfNcfTTM 345 0 0.669387 0.330613 
 ----> pcfNcfTTM 346 0 0.67029 0.32971 
 ----> pcfNcfTTM 347 1 0.622564 0.377436 
 ----> pcfNcfTTM 348 0 0.657479 0.342521 
 ----> pcfNcfTTM 349 0 0.691636 0.308364 
 ----> pcfNcfTTM 350 1 0.649668 0.350332 
 ----> pcfNcfTTM 351 0 0.641272 0.358728 
 ----> pcfNcfTTM 352 0 0.64518 0.35482 
 ----> pcfNcfTTM 353 0 0.681293 0.318707 
 ----> pcfNcfTTM 354 0 0.670285 0.329715 
 ----> pcfNcfTTM 355 0 0.671947 0.328053 
 ----> pcfNcfTTM 356 0 0.680664 0.319336 
 ----> pcfNcfTTM 357 1 0.623761 0.376239 
 ----> pcfNcfTTM 358 0 0.681523 0.318477 
 ----> pcfNcfTTM 359 0 0.682866 0.317134 
 ----> pcfNcfTTM 360 0 0.663115 0.336885 
 ----> pcfNcfTTM 361 0 0.668042 0.331958 
 ----> pcfNcfTTM 362 1 0.655931 0.344069 
 ----> pcfNcfTTM 363 0 0.674235 0.325765 
 ----> pcfNcfTTM 364 0 0.67376 0.32624 
 ----> pcfNcfTTM 365 0 0.672422 0.327578 
 ----> pcfNcfTTM 366 1 0.652256 0.347744 
 ----> pcfNcfTTM 367 0 0.681906 0.318094 
 ----> pcfNcfTTM 368 0 0.675412 0.324588 
 ----> pcfNcfTTM 369 0 0.686858 0.313142 
 ----> pcfNcfTTM 370 1 0.626944 0.373056 
 ----> pcfNcfTTM 371 0 0.670951 0.329049 
 ----> pcfNcfTTM 372 0 0.676401 0.323599 
 ----> pcfNcfTTM 373 0 0.686831 0.313169 
 ----> pcfNcfTTM 374 0 0.670193 0.329807 
 ----> pcfNcfTTM 375 1 0.642927 0.357073 
 ----> pcfNcfTTM 376 0 0.659144 0.340856 
 ----> pcfNcfTTM 377 0 0.693618 0.306382 
 ----> pcfNcfTTM 378 1 0.649099 0.350901 
 ----> pcfNcfTTM 379 0 0.686691 0.313309 
 ----> pcfNcfTTM 380 0 0.640133 0.359867 
 ----> pcfNcfTTM 381 0 0.67726 0.32274 
 ----> pcfNcfTTM 382 0 0.689397 0.310603 
 ----> pcfNcfTTM 383 0 0.666141 0.333859 
 ----> pcfNcfTTM 384 0 0.679856 0.320144 
 ----> pcfNcfTTM 385 1 0.643588 0.356412 
 ----> pcfNcfTTM 386 0 0.683355 0.316645 
 ----> pcfNcfTTM 387 1 0.659014 0.340986 
 ----> pcfNcfTTM 388 1 0.634088 0.365912 
 ----> pcfNcfTTM 389 0 0.684466 0.315534 
 ----> pcfNcfTTM 390 0 0.673694 0.326306 
 ----> pcfNcfTTM 391 0 0.668762 0.331238 
 ----> pcfNcfTTM 392 1 0.655064 0.344936 
 ----> pcfNcfTTM 393 1 0.6347 0.3653 
 ----> pcfNcfTTM 394 0 0.672855 0.327145 
 ----> pcfNcfTTM 395 0 0.676292 0.323708 
 ----> pcfNcfTTM 396 0 0.675014 0.324986 
 ----> pcfNcfTTM 397 0 0.665155 0.334845 
 ----> pcfNcfTTM 398 1 0.609899 0.390101 
 ----> pcfNcfTTM 399 1 0.619277 0.380723 
 ----> pcfNcfTTM 400 1 0.648663 0.351337 
 ----> pcfNcfTTM 401 0 0.685904 0.314096 
 ----> pcfNcfTTM 402 0 0.646884 0.353116 
 ----> pcfNcfTTM 403 0 0.676127 0.323873 
 ----> pcfNcfTTM 404 0 0.672165 0.327835 
 ----> pcfNcfTTM 405 0 0.681629 0.318371 
 ----> pcfNcfTTM 406 1 0.631237 0.368763 
 ----> pcfNcfTTM 407 1 0.641804 0.358196 
 ----> pcfNcfTTM 408 0 0.662788 0.337212 
 ----> pcfNcfTTM 409 1 0.639717 0.360283 
 ----> pcfNcfTTM 410 0 0.645732 0.354268 
 ----> pcfNcfTTM 411 0 0.684909 0.315091 
 ----> pcfNcfTTM 412 1 0.648147 0.351853 
 ----> pcfNcfTTM 413 1 0.659889 0.340111 
 ----> pcfNcfTTM 414 0 0.679142 0.320858 
 ----> pcfNcfTTM 415 1 0.663068 0.336932 
 ----> pcfNcfTTM 416 0 0.660289 0.339711 
 ----> pcfNcfTTM 417 0 0.668385 0.331615 
 ----> pcfNcfTTM 418 1 0.641662 0.358338 
 ----> pcfNcfTTM 419 0 0.666943 0.333057 
 ----> pcfNcfTTM 420 0 0.676971 0.323029 
 ----> pcfNcfTTM 421 0 0.65987 0.34013 
 ----> pcfNcfTTM 422 0 0.679681 0.320319 
 ----> pcfNcfTTM 423 0 0.656389 0.343611 
 ----> pcfNcfTTM 424 0 0.687954 0.312046 
 ----> pcfNcfTTM 425 0 0.666823 0.333177 
 ----> pcfNcfTTM 426 1 0.633011 0.366989 
 ----> pcfNcfTTM 427 0 0.66253 0.33747 
 ----> pcfNcfTTM 428 0 0.664459 0.335541 
 ----> pcfNcfTTM 429 0 0.669178 0.330822 
 ----> pcfNcfTTM 430 0 0.669955 0.330045 
 ----> pcfNcfTTM 431 0 0.670125 0.329875 
 ----> pcfNcfTTM 432 0 0.680534 0.319466 
 ----> pcfNcfTTM 433 0 0.693423 0.306577 
 ----> pcfNcfTTM 434 0 0.679405 0.320595 
 ----> pcfNcfTTM 435 1 0.647514 0.352486 
 ----> pcfNcfTTM 436 0 0.644979 0.355021 
 ----> pcfNcfTTM 437 0 0.675707 0.324293 
 ----> pcfNcfTTM 438 0 0.684288 0.315712 
 ----> pcfNcfTTM 439 0 0.670534 0.329466 
 ----> pcfNcfTTM 440 0 0.681345 0.318655 
 ----> pcfNcfTTM 441 0 0.673446 0.326554 
 ----> pcfNcfTTM 442 0 0.676376 0.323624 
 ----> pcfNcfTTM 443 0 0.684159 0.315841 
 ----> pcfNcfTTM 444 0 0.683958 0.316042 
 ----> pcfNcfTTM 445 1 0.644575 0.355425 
 ----> pcfNcfTTM 446 0 0.684296 0.315704 
 ----> pcfNcfTTM 447 0 0.680256 0.319744 
 ----> pcfNcfTTM 448 0 0.678549 0.321451 
 ----> pcfNcfTTM 449 0 0.678368 0.321632 
 ----> pcfNcfTTM 450 0 0.680008 0.319992 
 ----> pcfNcfTTM 451 0 0.6545 0.3455 
 ----> pcfNcfTTM 452 0 0.671487 0.328513 
 ----> pcfNcfTTM 453 0 0.671698 0.328302 
 ----> pcfNcfTTM 454 1 0.657881 0.342119 
 ----> pcfNcfTTM 455 0 0.670507 0.329493 
 ----> pcfNcfTTM 456 0 0.690553 0.309447 
 ----> pcfNcfTTM 457 0 0.685297 0.314703 
 ----> pcfNcfTTM 458 1 0.656251 0.343749 
 ----> pcfNcfTTM 459 0 0.685778 0.314222 
 ----> pcfNcfTTM 460 0 0.685434 0.314566 
 ----> pcfNcfTTM 461 1 0.640221 0.359779 
 ----> pcfNcfTTM 462 0 0.677457 0.322543 
 ----> pcfNcfTTM 463 0 0.68084 0.31916 
 ----> pcfNcfTTM 464 0 0.671475 0.328525 
 ----> pcfNcfTTM 465 0 0.689435 0.310565 
 ----> pcfNcfTTM 466 0 0.668076 0.331924 
 ----> pcfNcfTTM 467 1 0.675292 0.324708 
 ----> pcfNcfTTM 468 0 0.686869 0.313131 
 ----> pcfNcfTTM 469 0 0.692493 0.307507 
 ----> pcfNcfTTM 470 1 0.667495 0.332505 
 ----> pcfNcfTTM 471 1 0.619153 0.380847 
 ----> pcfNcfTTM 472 0 0.684696 0.315304 
 ----> pcfNcfTTM 473 1 0.661448 0.338552 
 ----> pcfNcfTTM 474 0 0.676405 0.323595 
 ----> pcfNcfTTM 475 0 0.689696 0.310304 
 ----> pcfNcfTTM 476 0 0.678061 0.321939 
 ----> pcfNcfTTM 477 1 0.641012 0.358988 
 ----> pcfNcfTTM 478 0 0.691805 0.308195 
 ----> pcfNcfTTM 479 1 0.65042 0.34958 
 ----> pcfNcfTTM 480 0 0.667963 0.332037 
 ----> pcfNcfTTM 481 0 0.656641 0.343359 
 ----> pcfNcfTTM 482 0 0.677559 0.322441 
 ----> pcfNcfTTM 483 1 0.634208 0.365792 
 ----> pcfNcfTTM 484 0 0.67692 0.32308 
 ----> pcfNcfTTM 485 0 0.66511 0.33489 
 ----> pcfNcfTTM 486 0 0.684333 0.315667 
 ----> pcfNcfTTM 487 0 0.678132 0.321868 
 ----> pcfNcfTTM 488 1 0.664676 0.335324 
 ----> pcfNcfTTM 489 1 0.634526 0.365474 
 ----> pcfNcfTTM 490 0 0.687684 0.312316 
 ----> pcfNcfTTM 491 1 0.632598 0.367402 
 ----> pcfNcfTTM 492 0 0.702737 0.297263 
 ----> pcfNcfTTM 493 0 0.674261 0.325739 
 ----> pcfNcfTTM 494 0 0.696178 0.303822 
 ----> pcfNcfTTM 495 1 0.644414 0.355586 
 ----> pcfNcfTTM 496 0 0.685129 0.314871 
 ----> pcfNcfTTM 497 0 0.690208 0.309792 
 ----> pcfNcfTTM 498 0 0.664843 0.335157 
 ----> pcfNcfTTM 499 1 0.632783 0.367217 
 ----> pcfNcfTTM 500 1 0.633516 0.366484 
 ----> pcfNcfTTM 501 0 0.688125 0.311875 
 ----> pcfNcfTTM 502 0 0.671399 0.328601 
 ----> pcfNcfTTM 503 0 0.674199 0.325801 
 ----> pcfNcfTTM 504 0 0.681202 0.318798 
 ----> pcfNcfTTM 505 0 0.655311 0.344689 
 ----> pcfNcfTTM 506 0 0.678752 0.321248 
 ----> pcfNcfTTM 507 0 0.697335 0.302665 
 ----> pcfNcfTTM 508 1 0.655654 0.344346 
 ----> pcfNcfTTM 509 1 0.60679 0.39321 
 ----> pcfNcfTTM 510 0 0.666205 0.333795 
 ----> pcfNcfTTM 511 0 0.675729 0.324271 
 ----> pcfNcfTTM 512 0 0.666571 0.333429 
 ----> pcfNcfTTM 513 1 0.652539 0.347461 
 ----> pcfNcfTTM 514 1 0.633239 0.366761 
 ----> pcfNcfTTM 515 0 0.672657 0.327343 
 ----> pcfNcfTTM 516 0 0.691177 0.308823 
 ----> pcfNcfTTM 517 1 0.644122 0.355878 
 ----> pcfNcfTTM 518 0 0.673693 0.326307 
 ----> pcfNcfTTM 519 0 0.655287 0.344713 
 ----> pcfNcfTTM 520 1 0.637614 0.362386 
 ----> pcfNcfTTM 521 1 0.655509 0.344491 
 ----> pcfNcfTTM 522 0 0.67763 0.32237 
 ----> pcfNcfTTM 523 1 0.66566 0.33434 
 ----> pcfNcfTTM 524 0 0.663436 0.336564 
 ----> pcfNcfTTM 525 0 0.673706 0.326294 
 ----> pcfNcfTTM 526 0 0.6735 0.3265 
 ----> pcfNcfTTM 527 0 0.63769 0.36231 
 ----> pcfNcfTTM 528 0 0.664937 0.335063 
 ----> pcfNcfTTM 529 1 0.648394 0.351606 
 ----> pcfNcfTTM 530 0 0.686966 0.313034 
 ----> pcfNcfTTM 531 1 0.636787 0.363213 
 ----> pcfNcfTTM 532 0 0.669861 0.330139 
 ----> pcfNcfTTM 533 0 0.666852 0.333148 
 ----> pcfNcfTTM 534 0 0.682307 0.317693 
 ----> pcfNcfTTM 535 1 0.647156 0.352844 
 ----> pcfNcfTTM 536 0 0.68406 0.31594 
 ----> pcfNcfTTM 537 0 0.678285 0.321715 
 ----> pcfNcfTTM 538 0 0.696661 0.303339 
 ----> pcfNcfTTM 539 1 0.629561 0.370439 
 ----> pcfNcfTTM 540 0 0.680904 0.319096 
 ----> pcfNcfTTM 541 1 0.61579 0.38421 
 ----> pcfNcfTTM 542 0 0.67978 0.32022 
 ----> pcfNcfTTM 543 1 0.641164 0.358836 
 ----> pcfNcfTTM 544 0 0.674944 0.325056 
 ----> pcfNcfTTM 545 1 0.64214 0.35786 
 ----> pcfNcfTTM 546 0 0.688214 0.311786 
 ----> pcfNcfTTM 547 0 0.661011 0.338989 
 ----> pcfNcfTTM 548 1 0.664266 0.335734 
 ----> pcfNcfTTM 549 0 0.684786 0.315214 
 ----> pcfNcfTTM 550 0 0.693728 0.306272 
 ----> pcfNcfTTM 551 0 0.65468 0.34532 
 ----> pcfNcfTTM 552 1 0.633089 0.366911 
 ----> pcfNcfTTM 553 1 0.629898 0.370102 
 ----> pcfNcfTTM 554 1 0.644053 0.355947 
 ----> pcfNcfTTM 555 1 0.645757 0.354243 
 ----> pcfNcfTTM 556 0 0.654029 0.345971 
 ----> pcfNcfTTM 557 0 0.664367 0.335633 
 ----> pcfNcfTTM 558 0 0.662779 0.337221 
 ----> pcfNcfTTM 559 0 0.676287 0.323713 
 ----> pcfNcfTTM 560 0 0.66723 0.33277 
 ----> pcfNcfTTM 561 1 0.623363 0.376637 
 ----> pcfNcfTTM 562 0 0.67469 0.32531 
 ----> pcfNcfTTM 563 0 0.658553 0.341447 
 ----> pcfNcfTTM 564 0 0.658683 0.341317 
 ----> pcfNcfTTM 565 0 0.644868 0.355132 
 ----> pcfNcfTTM 566 0 0.669715 0.330285 
 ----> pcfNcfTTM 567 0 0.669315 0.330685 
 ----> pcfNcfTTM 568 0 0.683549 0.316451 
 ----> pcfNcfTTM 569 1 0.632041 0.367959 
 ----> pcfNcfTTM 570 0 0.6791 0.3209 
 ----> pcfNcfTTM 571 1 0.635844 0.364156 
 ----> pcfNcfTTM 572 0 0.703261 0.296739 
 ----> pcfNcfTTM 573 0 0.668332 0.331668 
 ----> pcfNcfTTM 574 0 0.689505 0.310495 
 ----> pcfNcfTTM 575 1 0.647852 0.352148 
 ----> pcfNcfTTM 576 0 0.676222 0.323778 
 ----> pcfNcfTTM 577 1 0.640858 0.359142 
 ----> pcfNcfTTM 578 0 0.681832 0.318168 
 ----> pcfNcfTTM 579 0 0.658885 0.341115 
 ----> pcfNcfTTM 580 1 0.656937 0.343063 
 ----> pcfNcfTTM 581 0 0.670013 0.329987 
 ----> pcfNcfTTM 582 0 0.700062 0.299938 
 ----> pcfNcfTTM 583 1 0.639306 0.360694 
 ----> pcfNcfTTM 584 0 0.682618 0.317382 
 ----> pcfNcfTTM 585 0 0.655882 0.344118 
 ----> pcfNcfTTM 586 0 0.69948 0.30052 
 ----> pcfNcfTTM 587 0 0.642607 0.357393 
 ----> pcfNcfTTM 588 0 0.681843 0.318157 
 ----> pcfNcfTTM 589 1 0.62229 0.37771 
 ----> pcfNcfTTM 590 0 0.647749 0.352251 
 ----> pcfNcfTTM 591 1 0.637735 0.362265 
 ----> pcfNcfTTM 592 1 0.652686 0.347314 
 ----> pcfNcfTTM 593 0 0.659826 0.340174 
 ----> pcfNcfTTM 594 0 0.683178 0.316822 
 ----> pcfNcfTTM 595 0 0.684861 0.315139 
 ----> pcfNcfTTM 596 0 0.670051 0.329949 
 ----> pcfNcfTTM 597 0 0.674227 0.325773 
 ----> pcfNcfTTM 598 0 0.674722 0.325278 
 ----> pcfNcfTTM 599 0 0.666424 0.333576 
 ----> pcfNcfTTM 600 0 0.677907 0.322093 
 ----> pcfNcfTTM 601 0 0.663818 0.336182 
 ----> pcfNcfTTM 602 1 0.61954 0.38046 
 ----> pcfNcfTTM 603 0 0.680892 0.319108 
 ----> pcfNcfTTM 604 0 0.68707 0.31293 
 ----> pcfNcfTTM 605 0 0.674885 0.325115 
 ----> pcfNcfTTM 606 0 0.689294 0.310706 
 ----> pcfNcfTTM 607 1 0.64383 0.35617 
 ----> pcfNcfTTM 608 0 0.678282 0.321718 
 ----> pcfNcfTTM 609 0 0.679596 0.320404 
 ----> pcfNcfTTM 610 0 0.680954 0.319046 
 ----> pcfNcfTTM 611 0 0.666717 0.333283 
 ----> pcfNcfTTM 612 0 0.668808 0.331192 
 ----> pcfNcfTTM 613 0 0.685233 0.314767 
 ----> pcfNcfTTM 614 0 0.675278 0.324722 
 ----> pcfNcfTTM 615 0 0.685641 0.314359 
 ----> pcfNcfTTM 616 0 0.667474 0.332526 
 ----> pcfNcfTTM 617 0 0.665835 0.334165 
 ----> pcfNcfTTM 618 0 0.690436 0.309564 
 ----> pcfNcfTTM 619 1 0.636589 0.363411 
 ----> pcfNcfTTM 620 0 0.667207 0.332793 
 ----> pcfNcfTTM 621 0 0.678245 0.321755 
 ----> pcfNcfTTM 622 0 0.692045 0.307955 
 ----> pcfNcfTTM 623 1 0.644342 0.355658 
 ----> pcfNcfTTM 624 0 0.706118 0.293882 
 ----> pcfNcfTTM 625 0 0.69269 0.30731 
 ----> pcfNcfTTM 626 0 0.700328 0.299672 
 ----> pcfNcfTTM 627 0 0.674096 0.325904 
 ----> pcfNcfTTM 628 1 0.665518 0.334482 
 ----> pcfNcfTTM 629 0 0.665459 0.334541 
 ----> pcfNcfTTM 630 0 0.675658 0.324342 
 ----> pcfNcfTTM 631 1 0.628949 0.371051 
 ----> pcfNcfTTM 632 1 0.653721 0.346279 
 ----> pcfNcfTTM 633 0 0.673986 0.326014 
 ----> pcfNcfTTM 634 1 0.644374 0.355626 
 ----> pcfNcfTTM 635 0 0.679879 0.320121 
 ----> pcfNcfTTM 636 1 0.635998 0.364002 
 ----> pcfNcfTTM 637 0 0.682787 0.317213 
 ----> pcfNcfTTM 638 0 0.696114 0.303886 
 ----> pcfNcfTTM 639 1 0.650233 0.349767 
 ----> pcfNcfTTM 640 0 0.687975 0.312025 
 ----> pcfNcfTTM 641 0 0.669172 0.330828 
 ----> pcfNcfTTM 642 0 0.68656 0.31344 
 ----> pcfNcfTTM 643 0 0.685737 0.314263 
 ----> pcfNcfTTM 644 0 0.66782 0.33218 
 ----> pcfNcfTTM 645 0 0.66524 0.33476 
 ----> pcfNcfTTM 646 1 0.641048 0.358952 
 ----> pcfNcfTTM 647 0 0.688077 0.311923 
 ----> pcfNcfTTM 648 0 0.680156 0.319844 
 ----> pcfNcfTTM 649 0 0.673361 0.326639 
 ----> pcfNcfTTM 650 0 0.686951 0.313049 
 ----> pcfNcfTTM 651 1 0.647975 0.352025 
 ----> pcfNcfTTM 652 0 0.681917 0.318083 
 ----> pcfNcfTTM 653 1 0.650336 0.349664 
 ----> pcfNcfTTM 654 0 0.679927 0.320073 
 ----> pcfNcfTTM 655 0 0.668877 0.331123 
 ----> pcfNcfTTM 656 0 0.673868 0.326132 
 ----> pcfNcfTTM 657 0 0.681168 0.318832 
 ----> pcfNcfTTM 658 0 0.688326 0.311674 
 ----> pcfNcfTTM 659 0 0.677379 0.322621 
 ----> pcfNcfTTM 660 0 0.687351 0.312649 
 ----> pcfNcfTTM 661 0 0.648204 0.351796 
 ----> pcfNcfTTM 662 0 0.676976 0.323024 
 ----> pcfNcfTTM 663 1 0.619908 0.380092 
 ----> pcfNcfTTM 664 1 0.65332 0.34668 
 ----> pcfNcfTTM 665 0 0.665382 0.334618 
 ----> pcfNcfTTM 666 0 0.675781 0.324219 
 ----> pcfNcfTTM 667 0 0.682948 0.317052 
 ----> pcfNcfTTM 668 1 0.652323 0.347677 
 ----> pcfNcfTTM 669 0 0.658965 0.341035 
 ----> pcfNcfTTM 670 0 0.678057 0.321943 
 ----> pcfNcfTTM 671 0 0.693472 0.306528 
 ----> pcfNcfTTM 672 0 0.692536 0.307464 
 ----> pcfNcfTTM 673 0 0.663384 0.336616 
 ----> pcfNcfTTM 674 1 0.649566 0.350434 
 ----> pcfNcfTTM 675 1 0.662426 0.337574 
 ----> pcfNcfTTM 676 0 0.677322 0.322678 
 ----> pcfNcfTTM 677 1 0.647815 0.352185 
 ----> pcfNcfTTM 678 1 0.643925 0.356075 
 ----> pcfNcfTTM 679 0 0.679919 0.320081 
 ----> pcfNcfTTM 680 1 0.639829 0.360171 
 ----> pcfNcfTTM 681 0 0.669486 0.330514 
 ----> pcfNcfTTM 682 0 0.675798 0.324202 
 ----> pcfNcfTTM 683 0 0.670868 0.329132 
 ----> pcfNcfTTM 684 0 0.661049 0.338951 
 ----> pcfNcfTTM 685 0 0.67559 0.32441 
 ----> pcfNcfTTM 686 0 0.679944 0.320056 
 ----> pcfNcfTTM 687 0 0.677397 0.322603 
 ----> pcfNcfTTM 688 0 0.65593 0.34407 
 ----> pcfNcfTTM 689 0 0.668187 0.331813 
 ----> pcfNcfTTM 690 1 0.632024 0.367976 
 ----> pcfNcfTTM 691 0 0.665408 0.334592 
 ----> pcfNcfTTM 692 0 0.670501 0.329499 
 ----> pcfNcfTTM 693 1 0.656223 0.343777 
 ----> pcfNcfTTM 694 0 0.691063 0.308937 
 ----> pcfNcfTTM 695 0 0.678084 0.321916 
 ----> pcfNcfTTM 696 0 0.668262 0.331738 
 ----> pcfNcfTTM 697 0 0.702699 0.297301 
 ----> pcfNcfTTM 698 1 0.653814 0.346186 
 ----> pcfNcfTTM 699 0 0.683827 0.316173 
 ----> pcfNcfTTM 700 1 0.640498 0.359502 
 ----> pcfNcfTTM 701 0 0.685387 0.314613 
 ----> pcfNcfTTM 702 0 0.691667 0.308333 
 ----> pcfNcfTTM 703 0 0.657472 0.342528 
 ----> pcfNcfTTM 704 0 0.698581 0.301419 
 ----> pcfNcfTTM 705 0 0.702832 0.297168 
 ----> pcfNcfTTM 706 0 0.677529 0.322471 
 ----> pcfNcfTTM 707 0 0.660609 0.339391 
 ----> pcfNcfTTM 708 0 0.682227 0.317773 
 ----> pcfNcfTTM 709 0 0.670347 0.329653 
 ----> pcfNcfTTM 710 0 0.668359 0.331641 
 ----> pcfNcfTTM 711 0 0.677481 0.322519 
 ----> pcfNcfTTM 712 0 0.677881 0.322119 
 ----> pcfNcfTTM 713 1 0.670832 0.329168 
 ----> pcfNcfTTM 714 1 0.681155 0.318845 
 ----> pcfNcfTTM 715 1 0.679436 0.320564 
 ----> pcfNcfTTM 716 1 0.66631 0.33369 
 ----> pcfNcfTTM 717 0 0.677824 0.322176 
 ----> pcfNcfTTM 718 0 0.661882 0.338118 
