 ----> pcfNcfTTM 1 1 0.65 0.35 
 ----> pcfNcfTTM 2 0 0.616667 0.383333 
 ----> pcfNcfTTM 3 1 0.660971 0.339029 
 ----> pcfNcfTTM 4 1 0.676623 0.323377 
 ----> pcfNcfTTM 5 1 0.674436 0.325564 
 ----> pcfNcfTTM 6 1 0.647742 0.352258 
 ----> pcfNcfTTM 7 0 0.625073 0.374927 
 ----> pcfNcfTTM 8 0 0.651275 0.348725 
 ----> pcfNcfTTM 9 0 0.621623 0.378377 
 ----> pcfNcfTTM 10 1 0.53328 0.46672 
 ----> pcfNcfTTM 11 1 0.570037 0.429963 
 ----> pcfNcfTTM 12 0 0.659413 0.340587 
 ----> pcfNcfTTM 13 0 0.641759 0.358241 
 ----> pcfNcfTTM 14 1 0.629558 0.370442 
 ----> pcfNcfTTM 15 1 0.668109 0.331891 
 ----> pcfNcfTTM 16 1 0.639445 0.360555 
 ----> pcfNcfTTM 17 1 0.646366 0.353634 
 ----> pcfNcfTTM 18 0 0.615435 0.384565 
 ----> pcfNcfTTM 19 0 0.692007 0.307993 
 ----> pcfNcfTTM 20 0 0.645431 0.354569 
 ----> pcfNcfTTM 21 1 0.652628 0.347372 
 ----> pcfNcfTTM 22 0 0.665985 0.334015 
 ----> pcfNcfTTM 23 0 0.644193 0.355807 
 ----> pcfNcfTTM 24 0 0.633596 0.366404 
 ----> pcfNcfTTM 25 0 0.643711 0.356289 
 ----> pcfNcfTTM 26 1 0.652801 0.347199 
 ----> pcfNcfTTM 27 1 0.629014 0.370986 
 ----> pcfNcfTTM 28 1 0.639039 0.360961 
 ----> pcfNcfTTM 29 0 0.656873 0.343127 
 ----> pcfNcfTTM 30 0 0.667307 0.332693 
 ----> pcfNcfTTM 31 0 0.671489 0.328511 
 ----> pcfNcfTTM 32 0 0.669042 0.330958 
 ----> pcfNcfTTM 33 0 0.672735 0.327265 
 ----> pcfNcfTTM 34 1 0.606269 0.393731 
 ----> pcfNcfTTM 35 1 0.605082 0.394918 
 ----> pcfNcfTTM 36 0 0.658233 0.341767 
 ----> pcfNcfTTM 37 0 0.66019 0.33981 
 ----> pcfNcfTTM 38 0 0.670921 0.329079 
 ----> pcfNcfTTM 39 0 0.614508 0.385492 
 ----> pcfNcfTTM 40 1 0.666842 0.333158 
 ----> pcfNcfTTM 41 1 0.630527 0.369473 
 ----> pcfNcfTTM 42 1 0.653182 0.346818 
 ----> pcfNcfTTM 43 0 0.664424 0.335576 
 ----> pcfNcfTTM 44 1 0.660578 0.339422 
 ----> pcfNcfTTM 45 1 0.593352 0.406648 
 ----> pcfNcfTTM 46 0 0.66593 0.33407 
 ----> pcfNcfTTM 47 1 0.618697 0.381303 
 ----> pcfNcfTTM 48 1 0.642069 0.357931 
 ----> pcfNcfTTM 49 1 0.638892 0.361108 
 ----> pcfNcfTTM 50 1 0.65997 0.34003 
 ----> pcfNcfTTM 51 0 0.685582 0.314418 
 ----> pcfNcfTTM 52 1 0.601262 0.398738 
 ----> pcfNcfTTM 53 0 0.692467 0.307533 
 ----> pcfNcfTTM 54 0 0.644604 0.355396 
 ----> pcfNcfTTM 55 0 0.674112 0.325888 
 ----> pcfNcfTTM 56 1 0.643073 0.356927 
 ----> pcfNcfTTM 57 1 0.640793 0.359207 
 ----> pcfNcfTTM 58 0 0.645014 0.354986 
 ----> pcfNcfTTM 59 1 0.638276 0.361724 
 ----> pcfNcfTTM 60 0 0.648592 0.351408 
 ----> pcfNcfTTM 61 0 0.666255 0.333745 
 ----> pcfNcfTTM 62 0 0.658837 0.341163 
 ----> pcfNcfTTM 63 1 0.637729 0.362271 
 ----> pcfNcfTTM 64 1 0.625314 0.374686 
 ----> pcfNcfTTM 65 0 0.695785 0.304215 
 ----> pcfNcfTTM 66 0 0.708712 0.291288 
 ----> pcfNcfTTM 67 1 0.678733 0.321267 
 ----> pcfNcfTTM 68 1 0.632038 0.367962 
 ----> pcfNcfTTM 69 0 0.665876 0.334124 
 ----> pcfNcfTTM 70 1 0.635777 0.364223 
 ----> pcfNcfTTM 71 1 0.635606 0.364394 
 ----> pcfNcfTTM 72 1 0.635786 0.364214 
 ----> pcfNcfTTM 73 0 0.682171 0.317829 
 ----> pcfNcfTTM 74 0 0.640929 0.359071 
 ----> pcfNcfTTM 75 0 0.675236 0.324764 
 ----> pcfNcfTTM 76 1 0.621998 0.378002 
 ----> pcfNcfTTM 77 0 0.683995 0.316005 
 ----> pcfNcfTTM 78 1 0.66588 0.33412 
 ----> pcfNcfTTM 79 0 0.679002 0.320998 
 ----> pcfNcfTTM 80 1 0.603733 0.396267 
 ----> pcfNcfTTM 81 1 0.63758 0.36242 
 ----> pcfNcfTTM 82 1 0.62664 0.37336 
 ----> pcfNcfTTM 83 1 0.664821 0.335179 
 ----> pcfNcfTTM 84 1 0.652784 0.347216 
 ----> pcfNcfTTM 85 0 0.657951 0.342049 
 ----> pcfNcfTTM 86 0 0.691612 0.308388 
 ----> pcfNcfTTM 87 1 0.628981 0.371019 
 ----> pcfNcfTTM 88 1 0.574988 0.425012 
 ----> pcfNcfTTM 89 1 0.633537 0.366463 
 ----> pcfNcfTTM 90 1 0.631044 0.368956 
 ----> pcfNcfTTM 91 1 0.651805 0.348195 
 ----> pcfNcfTTM 92 0 0.667651 0.332349 
 ----> pcfNcfTTM 93 0 0.622771 0.377229 
 ----> pcfNcfTTM 94 1 0.648265 0.351735 
 ----> pcfNcfTTM 95 0 0.658926 0.341074 
 ----> pcfNcfTTM 96 0 0.638298 0.361702 
 ----> pcfNcfTTM 97 1 0.635019 0.364981 
 ----> pcfNcfTTM 98 1 0.678767 0.321233 
 ----> pcfNcfTTM 99 1 0.667818 0.332182 
 ----> pcfNcfTTM 100 0 0.643179 0.356821 
 ----> pcfNcfTTM 101 1 0.614289 0.385711 
 ----> pcfNcfTTM 102 0 0.655469 0.344531 
 ----> pcfNcfTTM 103 0 0.674589 0.325411 
 ----> pcfNcfTTM 104 0 0.675472 0.324528 
 ----> pcfNcfTTM 105 1 0.59559 0.40441 
 ----> pcfNcfTTM 106 0 0.629575 0.370425 
 ----> pcfNcfTTM 107 0 0.65862 0.34138 
 ----> pcfNcfTTM 108 0 0.659153 0.340847 
 ----> pcfNcfTTM 109 0 0.620735 0.379265 
 ----> pcfNcfTTM 110 1 0.647022 0.352978 
 ----> pcfNcfTTM 111 0 0.622211 0.377789 
 ----> pcfNcfTTM 112 0 0.664904 0.335096 
 ----> pcfNcfTTM 113 1 0.646664 0.353336 
 ----> pcfNcfTTM 114 1 0.664218 0.335782 
 ----> pcfNcfTTM 115 0 0.673144 0.326856 
 ----> pcfNcfTTM 116 0 0.634909 0.365091 
 ----> pcfNcfTTM 117 1 0.669141 0.330859 
 ----> pcfNcfTTM 118 1 0.605781 0.394219 
 ----> pcfNcfTTM 119 1 0.622273 0.377727 
 ----> pcfNcfTTM 120 0 0.630841 0.369159 
 ----> pcfNcfTTM 121 0 0.663518 0.336482 
 ----> pcfNcfTTM 122 1 0.663845 0.336155 
 ----> pcfNcfTTM 123 1 0.640613 0.359387 
 ----> pcfNcfTTM 124 0 0.652553 0.347447 
 ----> pcfNcfTTM 125 1 0.663675 0.336325 
 ----> pcfNcfTTM 126 0 0.669415 0.330585 
 ----> pcfNcfTTM 127 0 0.67639 0.32361 
 ----> pcfNcfTTM 128 0 0.688394 0.311606 
 ----> pcfNcfTTM 129 1 0.654536 0.345464 
 ----> pcfNcfTTM 130 0 0.628314 0.371686 
 ----> pcfNcfTTM 131 0 0.646469 0.353531 
 ----> pcfNcfTTM 132 0 0.673207 0.326793 
 ----> pcfNcfTTM 133 1 0.647071 0.352929 
 ----> pcfNcfTTM 134 1 0.662917 0.337083 
 ----> pcfNcfTTM 135 1 0.658168 0.341832 
 ----> pcfNcfTTM 136 0 0.677521 0.322479 
 ----> pcfNcfTTM 137 1 0.63529 0.36471 
 ----> pcfNcfTTM 138 0 0.675409 0.324591 
 ----> pcfNcfTTM 139 0 0.660496 0.339504 
 ----> pcfNcfTTM 140 1 0.63855 0.36145 
 ----> pcfNcfTTM 141 0 0.665422 0.334578 
 ----> pcfNcfTTM 142 1 0.599897 0.400103 
 ----> pcfNcfTTM 143 0 0.65937 0.34063 
 ----> pcfNcfTTM 144 1 0.662568 0.337432 
 ----> pcfNcfTTM 145 0 0.66495 0.33505 
 ----> pcfNcfTTM 146 0 0.65722 0.34278 
 ----> pcfNcfTTM 147 0 0.659108 0.340892 
 ----> pcfNcfTTM 148 0 0.676157 0.323843 
 ----> pcfNcfTTM 149 1 0.642401 0.357599 
 ----> pcfNcfTTM 150 1 0.603032 0.396968 
 ----> pcfNcfTTM 151 1 0.645142 0.354858 
 ----> pcfNcfTTM 152 0 0.640989 0.359011 
 ----> pcfNcfTTM 153 0 0.677203 0.322797 
 ----> pcfNcfTTM 154 0 0.684359 0.315641 
 ----> pcfNcfTTM 155 1 0.617039 0.382961 
 ----> pcfNcfTTM 156 1 0.645607 0.354393 
 ----> pcfNcfTTM 157 1 0.651417 0.348583 
 ----> pcfNcfTTM 158 0 0.665349 0.334651 
 ----> pcfNcfTTM 159 1 0.663689 0.336311 
 ----> pcfNcfTTM 160 0 0.68786 0.31214 
 ----> pcfNcfTTM 161 0 0.628817 0.371183 
 ----> pcfNcfTTM 162 1 0.601747 0.398253 
 ----> pcfNcfTTM 163 1 0.634597 0.365403 
 ----> pcfNcfTTM 164 1 0.653178 0.346822 
 ----> pcfNcfTTM 165 1 0.661665 0.338335 
 ----> pcfNcfTTM 166 0 0.630846 0.369154 
 ----> pcfNcfTTM 167 1 0.645763 0.354237 
 ----> pcfNcfTTM 168 0 0.682239 0.317761 
 ----> pcfNcfTTM 169 0 0.665269 0.334731 
 ----> pcfNcfTTM 170 1 0.621599 0.378401 
 ----> pcfNcfTTM 171 1 0.660263 0.339737 
 ----> pcfNcfTTM 172 0 0.671244 0.328756 
 ----> pcfNcfTTM 173 1 0.66672 0.33328 
 ----> pcfNcfTTM 174 0 0.681018 0.318982 
 ----> pcfNcfTTM 175 1 0.624817 0.375183 
 ----> pcfNcfTTM 176 0 0.672336 0.327664 
 ----> pcfNcfTTM 177 0 0.631157 0.368843 
 ----> pcfNcfTTM 178 1 0.618955 0.381045 
 ----> pcfNcfTTM 179 0 0.635677 0.364323 
 ----> pcfNcfTTM 180 0 0.642551 0.357449 
 ----> pcfNcfTTM 181 0 0.679086 0.320914 
 ----> pcfNcfTTM 182 0 0.653628 0.346372 
 ----> pcfNcfTTM 183 1 0.62078 0.37922 
 ----> pcfNcfTTM 184 1 0.643208 0.356792 
 ----> pcfNcfTTM 185 0 0.673005 0.326995 
 ----> pcfNcfTTM 186 0 0.665256 0.334744 
 ----> pcfNcfTTM 187 0 0.627685 0.372315 
 ----> pcfNcfTTM 188 1 0.626832 0.373168 
 ----> pcfNcfTTM 189 1 0.626807 0.373193 
 ----> pcfNcfTTM 190 0 0.677061 0.322939 
 ----> pcfNcfTTM 191 0 0.66707 0.33293 
 ----> pcfNcfTTM 192 1 0.577414 0.422586 
 ----> pcfNcfTTM 193 0 0.689124 0.310876 
 ----> pcfNcfTTM 194 0 0.658135 0.341865 
 ----> pcfNcfTTM 195 0 0.651024 0.348976 
 ----> pcfNcfTTM 196 1 0.620449 0.379551 
 ----> pcfNcfTTM 197 0 0.678657 0.321343 
 ----> pcfNcfTTM 198 0 0.652802 0.347198 
 ----> pcfNcfTTM 199 0 0.672061 0.327939 
 ----> pcfNcfTTM 200 0 0.669375 0.330625 
 ----> pcfNcfTTM 201 0 0.643829 0.356171 
 ----> pcfNcfTTM 202 0 0.679442 0.320558 
 ----> pcfNcfTTM 203 1 0.6379 0.3621 
 ----> pcfNcfTTM 204 1 0.621272 0.378728 
 ----> pcfNcfTTM 205 0 0.631863 0.368137 
 ----> pcfNcfTTM 206 1 0.670768 0.329232 
 ----> pcfNcfTTM 207 1 0.660939 0.339061 
 ----> pcfNcfTTM 208 0 0.681756 0.318244 
 ----> pcfNcfTTM 209 0 0.655887 0.344113 
 ----> pcfNcfTTM 210 0 0.668703 0.331297 
 ----> pcfNcfTTM 211 0 0.687608 0.312392 
 ----> pcfNcfTTM 212 0 0.66071 0.33929 
 ----> pcfNcfTTM 213 1 0.60989 0.39011 
 ----> pcfNcfTTM 214 0 0.6486 0.3514 
 ----> pcfNcfTTM 215 1 0.667186 0.332814 
 ----> pcfNcfTTM 216 0 0.676734 0.323266 
 ----> pcfNcfTTM 217 1 0.58656 0.41344 
 ----> pcfNcfTTM 218 0 0.68199 0.31801 
 ----> pcfNcfTTM 219 0 0.687977 0.312023 
 ----> pcfNcfTTM 220 0 0.643176 0.356824 
 ----> pcfNcfTTM 221 0 0.648316 0.351684 
 ----> pcfNcfTTM 222 1 0.644776 0.355224 
 ----> pcfNcfTTM 223 1 0.646256 0.353744 
 ----> pcfNcfTTM 224 0 0.657247 0.342753 
 ----> pcfNcfTTM 225 1 0.627944 0.372056 
 ----> pcfNcfTTM 226 1 0.647261 0.352739 
 ----> pcfNcfTTM 227 0 0.676278 0.323722 
 ----> pcfNcfTTM 228 0 0.711199 0.288801 
 ----> pcfNcfTTM 229 0 0.638019 0.361981 
 ----> pcfNcfTTM 230 0 0.675088 0.324912 
 ----> pcfNcfTTM 231 0 0.673017 0.326983 
 ----> pcfNcfTTM 232 1 0.643736 0.356264 
 ----> pcfNcfTTM 233 0 0.649144 0.350856 
 ----> pcfNcfTTM 234 0 0.655623 0.344377 
 ----> pcfNcfTTM 235 0 0.658909 0.341091 
 ----> pcfNcfTTM 236 1 0.615805 0.384195 
 ----> pcfNcfTTM 237 0 0.65245 0.34755 
 ----> pcfNcfTTM 238 0 0.620667 0.379333 
 ----> pcfNcfTTM 239 0 0.653441 0.346559 
 ----> pcfNcfTTM 240 1 0.632721 0.367279 
 ----> pcfNcfTTM 241 0 0.653565 0.346435 
 ----> pcfNcfTTM 242 1 0.61058 0.38942 
 ----> pcfNcfTTM 243 0 0.665131 0.334869 
 ----> pcfNcfTTM 244 1 0.629284 0.370716 
 ----> pcfNcfTTM 245 1 0.656297 0.343703 
 ----> pcfNcfTTM 246 0 0.644288 0.355712 
 ----> pcfNcfTTM 247 0 0.653469 0.346531 
 ----> pcfNcfTTM 248 1 0.634948 0.365052 
 ----> pcfNcfTTM 249 1 0.654307 0.345693 
 ----> pcfNcfTTM 250 0 0.662692 0.337308 
 ----> pcfNcfTTM 251 0 0.646017 0.353983 
 ----> pcfNcfTTM 252 0 0.683019 0.316981 
 ----> pcfNcfTTM 253 1 0.659522 0.340478 
 ----> pcfNcfTTM 254 0 0.669914 0.330086 
 ----> pcfNcfTTM 255 1 0.634997 0.365003 
 ----> pcfNcfTTM 256 0 0.694928 0.305072 
 ----> pcfNcfTTM 257 0 0.629432 0.370568 
 ----> pcfNcfTTM 258 0 0.699113 0.300887 
 ----> pcfNcfTTM 259 0 0.658762 0.341238 
 ----> pcfNcfTTM 260 1 0.595424 0.404576 
 ----> pcfNcfTTM 261 1 0.618849 0.381151 
 ----> pcfNcfTTM 262 0 0.640115 0.359885 
 ----> pcfNcfTTM 263 1 0.648104 0.351896 
 ----> pcfNcfTTM 264 1 0.647806 0.352194 
 ----> pcfNcfTTM 265 1 0.651568 0.348432 
 ----> pcfNcfTTM 266 0 0.6232 0.3768 
 ----> pcfNcfTTM 267 0 0.65098 0.34902 
 ----> pcfNcfTTM 268 1 0.627674 0.372326 
 ----> pcfNcfTTM 269 0 0.646019 0.353981 
 ----> pcfNcfTTM 270 1 0.644561 0.355439 
 ----> pcfNcfTTM 271 1 0.606431 0.393569 
 ----> pcfNcfTTM 272 0 0.680919 0.319081 
 ----> pcfNcfTTM 273 0 0.666084 0.333916 
 ----> pcfNcfTTM 274 1 0.593939 0.406061 
 ----> pcfNcfTTM 275 1 0.629813 0.370187 
 ----> pcfNcfTTM 276 0 0.682407 0.317593 
 ----> pcfNcfTTM 277 0 0.645238 0.354762 
 ----> pcfNcfTTM 278 0 0.717938 0.282062 
 ----> pcfNcfTTM 279 1 0.588899 0.411101 
 ----> pcfNcfTTM 280 1 0.658588 0.341412 
 ----> pcfNcfTTM 281 0 0.676618 0.323382 
 ----> pcfNcfTTM 282 1 0.640863 0.359137 
 ----> pcfNcfTTM 283 1 0.643486 0.356514 
 ----> pcfNcfTTM 284 1 0.593882 0.406118 
 ----> pcfNcfTTM 285 0 0.664616 0.335384 
 ----> pcfNcfTTM 286 0 0.679915 0.320085 
 ----> pcfNcfTTM 287 0 0.625938 0.374062 
 ----> pcfNcfTTM 288 0 0.621222 0.378778 
 ----> pcfNcfTTM 289 0 0.641663 0.358337 
 ----> pcfNcfTTM 290 0 0.638982 0.361018 
 ----> pcfNcfTTM 291 1 0.621769 0.378231 
 ----> pcfNcfTTM 292 0 0.642322 0.357678 
 ----> pcfNcfTTM 293 1 0.665625 0.334375 
 ----> pcfNcfTTM 294 1 0.654367 0.345633 
 ----> pcfNcfTTM 295 0 0.657604 0.342396 
 ----> pcfNcfTTM 296 0 0.690001 0.309999 
 ----> pcfNcfTTM 297 0 0.680187 0.319813 
 ----> pcfNcfTTM 298 1 0.678797 0.321203 
 ----> pcfNcfTTM 299 0 0.657632 0.342368 
 ----> pcfNcfTTM 300 0 0.694051 0.305949 
 ----> pcfNcfTTM 301 0 0.678912 0.321088 
 ----> pcfNcfTTM 302 0 0.649437 0.350563 
 ----> pcfNcfTTM 303 0 0.663232 0.336768 
 ----> pcfNcfTTM 304 0 0.651325 0.348675 
 ----> pcfNcfTTM 305 0 0.639333 0.360667 
 ----> pcfNcfTTM 306 0 0.697928 0.302072 
 ----> pcfNcfTTM 307 1 0.635183 0.364817 
 ----> pcfNcfTTM 308 0 0.675127 0.324873 
 ----> pcfNcfTTM 309 1 0.620878 0.379122 
 ----> pcfNcfTTM 310 0 0.694242 0.305758 
 ----> pcfNcfTTM 311 0 0.677655 0.322345 
 ----> pcfNcfTTM 312 0 0.646527 0.353473 
 ----> pcfNcfTTM 313 1 0.646743 0.353257 
 ----> pcfNcfTTM 314 0 0.60757 0.39243 
 ----> pcfNcfTTM 315 0 0.654854 0.345146 
 ----> pcfNcfTTM 316 0 0.6826 0.3174 
 ----> pcfNcfTTM 317 0 0.685632 0.314368 
 ----> pcfNcfTTM 318 0 0.647372 0.352628 
 ----> pcfNcfTTM 319 0 0.709996 0.290004 
 ----> pcfNcfTTM 320 0 0.668823 0.331177 
 ----> pcfNcfTTM 321 1 0.672359 0.327641 
 ----> pcfNcfTTM 322 1 0.643621 0.356379 
 ----> pcfNcfTTM 323 0 0.659733 0.340267 
 ----> pcfNcfTTM 324 0 0.678104 0.321896 
 ----> pcfNcfTTM 325 0 0.673865 0.326135 
 ----> pcfNcfTTM 326 1 0.62253 0.37747 
 ----> pcfNcfTTM 327 1 0.659601 0.340399 
 ----> pcfNcfTTM 328 0 0.630633 0.369367 
 ----> pcfNcfTTM 329 0 0.716943 0.283057 
 ----> pcfNcfTTM 330 0 0.680021 0.319979 
 ----> pcfNcfTTM 331 0 0.663274 0.336726 
 ----> pcfNcfTTM 332 0 0.641029 0.358971 
 ----> pcfNcfTTM 333 1 0.60264 0.39736 
 ----> pcfNcfTTM 334 1 0.64084 0.35916 
 ----> pcfNcfTTM 335 0 0.65683 0.34317 
 ----> pcfNcfTTM 336 1 0.670408 0.329592 
 ----> pcfNcfTTM 337 1 0.656545 0.343455 
 ----> pcfNcfTTM 338 1 0.639417 0.360583 
 ----> pcfNcfTTM 339 0 0.672361 0.327639 
 ----> pcfNcfTTM 340 0 0.673307 0.326693 
 ----> pcfNcfTTM 341 1 0.629857 0.370143 
 ----> pcfNcfTTM 342 1 0.633533 0.366467 
 ----> pcfNcfTTM 343 0 0.664085 0.335915 
 ----> pcfNcfTTM 344 0 0.644381 0.355619 
 ----> pcfNcfTTM 345 0 0.699349 0.300651 
 ----> pcfNcfTTM 346 0 0.660667 0.339333 
 ----> pcfNcfTTM 347 1 0.629027 0.370973 
 ----> pcfNcfTTM 348 0 0.648219 0.351781 
 ----> pcfNcfTTM 349 0 0.663701 0.336299 
 ----> pcfNcfTTM 350 1 0.653825 0.346175 
 ----> pcfNcfTTM 351 0 0.65726 0.34274 
 ----> pcfNcfTTM 352 0 0.688443 0.311557 
 ----> pcfNcfTTM 353 0 0.675837 0.324163 
 ----> pcfNcfTTM 354 0 0.657939 0.342061 
 ----> pcfNcfTTM 355 0 0.674268 0.325732 
 ----> pcfNcfTTM 356 0 0.682169 0.317831 
 ----> pcfNcfTTM 357 1 0.625057 0.374943 
 ----> pcfNcfTTM 358 0 0.672366 0.327634 
 ----> pcfNcfTTM 359 0 0.692281 0.307719 
 ----> pcfNcfTTM 360 0 0.704346 0.295654 
 ----> pcfNcfTTM 361 0 0.656811 0.343189 
 ----> pcfNcfTTM 362 1 0.674775 0.325225 
 ----> pcfNcfTTM 363 0 0.669587 0.330413 
 ----> pcfNcfTTM 364 0 0.681358 0.318642 
 ----> pcfNcfTTM 365 0 0.646503 0.353497 
 ----> pcfNcfTTM 366 1 0.6396 0.3604 
 ----> pcfNcfTTM 367 0 0.66409 0.33591 
 ----> pcfNcfTTM 368 0 0.669956 0.330044 
 ----> pcfNcfTTM 369 0 0.68777 0.31223 
 ----> pcfNcfTTM 370 1 0.628721 0.371279 
 ----> pcfNcfTTM 371 0 0.669504 0.330496 
 ----> pcfNcfTTM 372 0 0.691686 0.308314 
 ----> pcfNcfTTM 373 0 0.653175 0.346825 
 ----> pcfNcfTTM 374 0 0.661239 0.338761 
 ----> pcfNcfTTM 375 1 0.628119 0.371881 
 ----> pcfNcfTTM 376 0 0.686822 0.313178 
 ----> pcfNcfTTM 377 0 0.666612 0.333388 
 ----> pcfNcfTTM 378 1 0.65207 0.34793 
 ----> pcfNcfTTM 379 0 0.666511 0.333489 
 ----> pcfNcfTTM 380 0 0.67426 0.32574 
 ----> pcfNcfTTM 381 0 0.680754 0.319246 
 ----> pcfNcfTTM 382 0 0.674492 0.325508 
 ----> pcfNcfTTM 383 0 0.678811 0.321189 
 ----> pcfNcfTTM 384 0 0.673159 0.326841 
 ----> pcfNcfTTM 385 1 0.653292 0.346708 
 ----> pcfNcfTTM 386 0 0.670214 0.329786 
 ----> pcfNcfTTM 387 1 0.646491 0.353509 
 ----> pcfNcfTTM 388 1 0.626198 0.373802 
 ----> pcfNcfTTM 389 0 0.706102 0.293898 
 ----> pcfNcfTTM 390 0 0.665365 0.334635 
 ----> pcfNcfTTM 391 0 0.656934 0.343066 
 ----> pcfNcfTTM 392 1 0.644511 0.355489 
 ----> pcfNcfTTM 393 1 0.644581 0.355419 
 ----> pcfNcfTTM 394 0 0.666675 0.333325 
 ----> pcfNcfTTM 395 0 0.666896 0.333104 
 ----> pcfNcfTTM 396 0 0.681705 0.318295 
 ----> pcfNcfTTM 397 0 0.679081 0.320919 
 ----> pcfNcfTTM 398 1 0.660507 0.339493 
 ----> pcfNcfTTM 399 1 0.593671 0.406329 
 ----> pcfNcfTTM 400 1 0.643723 0.356277 
 ----> pcfNcfTTM 401 0 0.682826 0.317174 
 ----> pcfNcfTTM 402 0 0.633835 0.366165 
 ----> pcfNcfTTM 403 0 0.677121 0.322879 
 ----> pcfNcfTTM 404 0 0.692747 0.307253 
 ----> pcfNcfTTM 405 0 0.643949 0.356051 
 ----> pcfNcfTTM 406 1 0.627029 0.372971 
 ----> pcfNcfTTM 407 1 0.635895 0.364105 
 ----> pcfNcfTTM 408 0 0.671047 0.328953 
 ----> pcfNcfTTM 409 1 0.666035 0.333965 
 ----> pcfNcfTTM 410 0 0.681353 0.318647 
 ----> pcfNcfTTM 411 0 0.659531 0.340469 
 ----> pcfNcfTTM 412 1 0.648816 0.351184 
 ----> pcfNcfTTM 413 1 0.643527 0.356473 
 ----> pcfNcfTTM 414 0 0.677131 0.322869 
 ----> pcfNcfTTM 415 1 0.656288 0.343712 
 ----> pcfNcfTTM 416 0 0.704203 0.295797 
 ----> pcfNcfTTM 417 0 0.656926 0.343074 
 ----> pcfNcfTTM 418 1 0.583229 0.416771 
 ----> pcfNcfTTM 419 0 0.644309 0.355691 
 ----> pcfNcfTTM 420 0 0.686935 0.313065 
 ----> pcfNcfTTM 421 0 0.663804 0.336196 
 ----> pcfNcfTTM 422 0 0.647458 0.352542 
 ----> pcfNcfTTM 423 0 0.660929 0.339071 
 ----> pcfNcfTTM 424 0 0.70487 0.29513 
 ----> pcfNcfTTM 425 0 0.686516 0.313484 
 ----> pcfNcfTTM 426 1 0.63604 0.36396 
 ----> pcfNcfTTM 427 0 0.653099 0.346901 
 ----> pcfNcfTTM 428 0 0.672459 0.327541 
 ----> pcfNcfTTM 429 0 0.637229 0.362771 
 ----> pcfNcfTTM 430 0 0.671974 0.328026 
 ----> pcfNcfTTM 431 0 0.640145 0.359855 
 ----> pcfNcfTTM 432 0 0.671398 0.328602 
 ----> pcfNcfTTM 433 0 0.689121 0.310879 
 ----> pcfNcfTTM 434 0 0.702634 0.297366 
 ----> pcfNcfTTM 435 1 0.653167 0.346833 
 ----> pcfNcfTTM 436 0 0.646615 0.353385 
 ----> pcfNcfTTM 437 0 0.683398 0.316602 
 ----> pcfNcfTTM 438 0 0.691449 0.308551 
 ----> pcfNcfTTM 439 0 0.669847 0.330153 
 ----> pcfNcfTTM 440 0 0.673146 0.326854 
 ----> pcfNcfTTM 441 0 0.734579 0.265421 
 ----> pcfNcfTTM 442 0 0.67359 0.32641 
 ----> pcfNcfTTM 443 0 0.668481 0.331519 
 ----> pcfNcfTTM 444 0 0.697388 0.302612 
 ----> pcfNcfTTM 445 1 0.648012 0.351988 
 ----> pcfNcfTTM 446 0 0.669277 0.330723 
 ----> pcfNcfTTM 447 0 0.68336 0.31664 
 ----> pcfNcfTTM 448 0 0.672486 0.327514 
 ----> pcfNcfTTM 449 0 0.706602 0.293398 
 ----> pcfNcfTTM 450 0 0.664576 0.335424 
 ----> pcfNcfTTM 451 0 0.668245 0.331755 
 ----> pcfNcfTTM 452 0 0.663767 0.336233 
 ----> pcfNcfTTM 453 0 0.699615 0.300385 
 ----> pcfNcfTTM 454 1 0.689092 0.310908 
 ----> pcfNcfTTM 455 0 0.696265 0.303735 
 ----> pcfNcfTTM 456 0 0.701272 0.298728 
 ----> pcfNcfTTM 457 0 0.673149 0.326851 
 ----> pcfNcfTTM 458 1 0.681281 0.318719 
 ----> pcfNcfTTM 459 0 0.665867 0.334133 
 ----> pcfNcfTTM 460 0 0.686419 0.313581 
 ----> pcfNcfTTM 461 1 0.667958 0.332042 
 ----> pcfNcfTTM 462 0 0.662077 0.337923 
 ----> pcfNcfTTM 463 0 0.698936 0.301064 
 ----> pcfNcfTTM 464 0 0.68093 0.31907 
 ----> pcfNcfTTM 465 0 0.678694 0.321306 
 ----> pcfNcfTTM 466 0 0.646807 0.353193 
 ----> pcfNcfTTM 467 1 0.703699 0.296301 
 ----> pcfNcfTTM 468 0 0.686283 0.313717 
 ----> pcfNcfTTM 469 0 0.679765 0.320235 
 ----> pcfNcfTTM 470 1 0.668751 0.331249 
 ----> pcfNcfTTM 471 1 0.660405 0.339595 
 ----> pcfNcfTTM 472 0 0.670558 0.329442 
 ----> pcfNcfTTM 473 1 0.668317 0.331683 
 ----> pcfNcfTTM 474 0 0.668495 0.331505 
 ----> pcfNcfTTM 475 0 0.674171 0.325829 
 ----> pcfNcfTTM 476 0 0.653762 0.346238 
 ----> pcfNcfTTM 477 1 0.644634 0.355366 
 ----> pcfNcfTTM 478 0 0.676773 0.323227 
 ----> pcfNcfTTM 479 1 0.603262 0.396738 
 ----> pcfNcfTTM 480 0 0.701285 0.298715 
 ----> pcfNcfTTM 481 0 0.683165 0.316835 
 ----> pcfNcfTTM 482 0 0.670865 0.329135 
 ----> pcfNcfTTM 483 1 0.611249 0.388751 
 ----> pcfNcfTTM 484 0 0.723128 0.276872 
 ----> pcfNcfTTM 485 0 0.673311 0.326689 
 ----> pcfNcfTTM 486 0 0.659831 0.340169 
 ----> pcfNcfTTM 487 0 0.687411 0.312589 
 ----> pcfNcfTTM 488 1 0.584449 0.415551 
 ----> pcfNcfTTM 489 1 0.681842 0.318158 
 ----> pcfNcfTTM 490 0 0.664648 0.335352 
 ----> pcfNcfTTM 491 1 0.6152 0.3848 
 ----> pcfNcfTTM 492 0 0.712052 0.287948 
 ----> pcfNcfTTM 493 0 0.696938 0.303062 
 ----> pcfNcfTTM 494 0 0.686356 0.313644 
 ----> pcfNcfTTM 495 1 0.63364 0.36636 
 ----> pcfNcfTTM 496 0 0.69463 0.30537 
 ----> pcfNcfTTM 497 0 0.706295 0.293705 
 ----> pcfNcfTTM 498 0 0.69547 0.30453 
 ----> pcfNcfTTM 499 1 0.646488 0.353512 
 ----> pcfNcfTTM 500 1 0.637561 0.362439 
 ----> pcfNcfTTM 501 0 0.664848 0.335152 
 ----> pcfNcfTTM 502 0 0.679949 0.320051 
 ----> pcfNcfTTM 503 0 0.674896 0.325104 
 ----> pcfNcfTTM 504 0 0.675136 0.324864 
 ----> pcfNcfTTM 505 0 0.650716 0.349284 
 ----> pcfNcfTTM 506 0 0.690582 0.309418 
 ----> pcfNcfTTM 507 0 0.665637 0.334363 
 ----> pcfNcfTTM 508 1 0.621739 0.378261 
 ----> pcfNcfTTM 509 1 0.653286 0.346714 
 ----> pcfNcfTTM 510 0 0.680657 0.319343 
 ----> pcfNcfTTM 511 0 0.675418 0.324582 
 ----> pcfNcfTTM 512 0 0.678799 0.321201 
 ----> pcfNcfTTM 513 1 0.63491 0.36509 
 ----> pcfNcfTTM 514 1 0.621323 0.378677 
 ----> pcfNcfTTM 515 0 0.668776 0.331224 
 ----> pcfNcfTTM 516 0 0.658904 0.341096 
 ----> pcfNcfTTM 517 1 0.660502 0.339498 
 ----> pcfNcfTTM 518 0 0.712653 0.287347 
 ----> pcfNcfTTM 519 0 0.664672 0.335328 
 ----> pcfNcfTTM 520 1 0.607898 0.392102 
 ----> pcfNcfTTM 521 1 0.641652 0.358348 
 ----> pcfNcfTTM 522 0 0.657872 0.342128 
 ----> pcfNcfTTM 523 1 0.668828 0.331172 
 ----> pcfNcfTTM 524 0 0.675926 0.324074 
 ----> pcfNcfTTM 525 0 0.664645 0.335355 
 ----> pcfNcfTTM 526 0 0.672853 0.327147 
 ----> pcfNcfTTM 527 0 0.654427 0.345573 
 ----> pcfNcfTTM 528 0 0.657025 0.342975 
 ----> pcfNcfTTM 529 1 0.588949 0.411051 
 ----> pcfNcfTTM 530 0 0.658702 0.341298 
 ----> pcfNcfTTM 531 1 0.673726 0.326274 
 ----> pcfNcfTTM 532 0 0.664358 0.335642 
 ----> pcfNcfTTM 533 0 0.648245 0.351755 
 ----> pcfNcfTTM 534 0 0.650754 0.349246 
 ----> pcfNcfTTM 535 1 0.628513 0.371487 
 ----> pcfNcfTTM 536 0 0.67388 0.32612 
 ----> pcfNcfTTM 537 0 0.654816 0.345184 
 ----> pcfNcfTTM 538 0 0.676926 0.323074 
 ----> pcfNcfTTM 539 1 0.66962 0.33038 
 ----> pcfNcfTTM 540 0 0.679511 0.320489 
 ----> pcfNcfTTM 541 1 0.638556 0.361444 
 ----> pcfNcfTTM 542 0 0.662093 0.337907 
 ----> pcfNcfTTM 543 1 0.637932 0.362068 
 ----> pcfNcfTTM 544 0 0.653367 0.346633 
 ----> pcfNcfTTM 545 1 0.653326 0.346674 
 ----> pcfNcfTTM 546 0 0.681432 0.318568 
 ----> pcfNcfTTM 547 0 0.667593 0.332407 
 ----> pcfNcfTTM 548 1 0.678113 0.321887 
 ----> pcfNcfTTM 549 0 0.688755 0.311245 
 ----> pcfNcfTTM 550 0 0.658159 0.341841 
 ----> pcfNcfTTM 551 0 0.669842 0.330158 
 ----> pcfNcfTTM 552 1 0.68026 0.31974 
 ----> pcfNcfTTM 553 1 0.639368 0.360632 
 ----> pcfNcfTTM 554 1 0.647959 0.352041 
 ----> pcfNcfTTM 555 1 0.655568 0.344432 
 ----> pcfNcfTTM 556 0 0.649023 0.350977 
 ----> pcfNcfTTM 557 0 0.664475 0.335525 
 ----> pcfNcfTTM 558 0 0.683701 0.316299 
 ----> pcfNcfTTM 559 0 0.675586 0.324414 
 ----> pcfNcfTTM 560 0 0.642364 0.357636 
 ----> pcfNcfTTM 561 1 0.636298 0.363702 
 ----> pcfNcfTTM 562 0 0.681948 0.318052 
 ----> pcfNcfTTM 563 0 0.669139 0.330861 
 ----> pcfNcfTTM 564 0 0.688374 0.311626 
 ----> pcfNcfTTM 565 0 0.650576 0.349424 
 ----> pcfNcfTTM 566 0 0.660621 0.339379 
 ----> pcfNcfTTM 567 0 0.703876 0.296124 
 ----> pcfNcfTTM 568 0 0.673784 0.326216 
 ----> pcfNcfTTM 569 1 0.633529 0.366471 
 ----> pcfNcfTTM 570 0 0.649797 0.350203 
 ----> pcfNcfTTM 571 1 0.618942 0.381058 
 ----> pcfNcfTTM 572 0 0.710602 0.289398 
 ----> pcfNcfTTM 573 0 0.646396 0.353604 
 ----> pcfNcfTTM 574 0 0.721905 0.278095 
 ----> pcfNcfTTM 575 1 0.614507 0.385493 
 ----> pcfNcfTTM 576 0 0.681516 0.318484 
 ----> pcfNcfTTM 577 1 0.568772 0.431228 
 ----> pcfNcfTTM 578 0 0.690541 0.309459 
 ----> pcfNcfTTM 579 0 0.685626 0.314374 
 ----> pcfNcfTTM 580 1 0.644698 0.355302 
 ----> pcfNcfTTM 581 0 0.633348 0.366652 
 ----> pcfNcfTTM 582 0 0.666914 0.333086 
 ----> pcfNcfTTM 583 1 0.602078 0.397922 
 ----> pcfNcfTTM 584 0 0.665578 0.334422 
 ----> pcfNcfTTM 585 0 0.681731 0.318269 
 ----> pcfNcfTTM 586 0 0.661664 0.338336 
 ----> pcfNcfTTM 587 0 0.612948 0.387052 
 ----> pcfNcfTTM 588 0 0.671342 0.328658 
 ----> pcfNcfTTM 589 1 0.584634 0.415366 
 ----> pcfNcfTTM 590 0 0.665696 0.334304 
 ----> pcfNcfTTM 591 1 0.685553 0.314447 
 ----> pcfNcfTTM 592 1 0.642623 0.357377 
 ----> pcfNcfTTM 593 0 0.64354 0.35646 
 ----> pcfNcfTTM 594 0 0.633988 0.366012 
 ----> pcfNcfTTM 595 0 0.61427 0.38573 
 ----> pcfNcfTTM 596 0 0.659628 0.340372 
 ----> pcfNcfTTM 597 0 0.690144 0.309856 
 ----> pcfNcfTTM 598 0 0.659112 0.340888 
 ----> pcfNcfTTM 599 0 0.658912 0.341088 
 ----> pcfNcfTTM 600 0 0.651791 0.348209 
 ----> pcfNcfTTM 601 0 0.692016 0.307984 
 ----> pcfNcfTTM 602 1 0.610115 0.389885 
 ----> pcfNcfTTM 603 0 0.675871 0.324129 
 ----> pcfNcfTTM 604 0 0.6385 0.3615 
 ----> pcfNcfTTM 605 0 0.623468 0.376532 
 ----> pcfNcfTTM 606 0 0.654614 0.345386 
 ----> pcfNcfTTM 607 1 0.637306 0.362694 
 ----> pcfNcfTTM 608 0 0.655095 0.344905 
 ----> pcfNcfTTM 609 0 0.658645 0.341355 
 ----> pcfNcfTTM 610 0 0.659963 0.340037 
 ----> pcfNcfTTM 611 0 0.655942 0.344058 
 ----> pcfNcfTTM 612 0 0.658617 0.341383 
 ----> pcfNcfTTM 613 0 0.618262 0.381738 
 ----> pcfNcfTTM 614 0 0.697184 0.302816 
 ----> pcfNcfTTM 615 0 0.650155 0.349845 
 ----> pcfNcfTTM 616 0 0.639891 0.360109 
 ----> pcfNcfTTM 617 0 0.693373 0.306627 
 ----> pcfNcfTTM 618 0 0.685863 0.314137 
 ----> pcfNcfTTM 619 1 0.628315 0.371685 
 ----> pcfNcfTTM 620 0 0.645801 0.354199 
 ----> pcfNcfTTM 621 0 0.652849 0.347151 
 ----> pcfNcfTTM 622 0 0.693964 0.306036 
 ----> pcfNcfTTM 623 1 0.640838 0.359162 
 ----> pcfNcfTTM 624 0 0.665681 0.334319 
 ----> pcfNcfTTM 625 0 0.677534 0.322466 
 ----> pcfNcfTTM 626 0 0.674128 0.325872 
 ----> pcfNcfTTM 627 0 0.659884 0.340116 
 ----> pcfNcfTTM 628 1 0.659184 0.340816 
 ----> pcfNcfTTM 629 0 0.723584 0.276416 
 ----> pcfNcfTTM 630 0 0.693104 0.306896 
 ----> pcfNcfTTM 631 1 0.608498 0.391502 
 ----> pcfNcfTTM 632 1 0.626567 0.373433 
 ----> pcfNcfTTM 633 0 0.685945 0.314055 
 ----> pcfNcfTTM 634 1 0.661206 0.338794 
 ----> pcfNcfTTM 635 0 0.672519 0.327481 
 ----> pcfNcfTTM 636 1 0.654494 0.345506 
 ----> pcfNcfTTM 637 0 0.717685 0.282315 
 ----> pcfNcfTTM 638 0 0.722113 0.277887 
 ----> pcfNcfTTM 639 1 0.642489 0.357511 
 ----> pcfNcfTTM 640 0 0.675821 0.324179 
 ----> pcfNcfTTM 641 0 0.702813 0.297187 
 ----> pcfNcfTTM 642 0 0.669966 0.330034 
 ----> pcfNcfTTM 643 0 0.68815 0.31185 
 ----> pcfNcfTTM 644 0 0.627853 0.372147 
 ----> pcfNcfTTM 645 0 0.625507 0.374493 
 ----> pcfNcfTTM 646 1 0.644119 0.355881 
 ----> pcfNcfTTM 647 0 0.702695 0.297305 
 ----> pcfNcfTTM 648 0 0.673245 0.326755 
 ----> pcfNcfTTM 649 0 0.672881 0.327119 
 ----> pcfNcfTTM 650 0 0.656972 0.343028 
 ----> pcfNcfTTM 651 1 0.659319 0.340681 
 ----> pcfNcfTTM 652 0 0.680253 0.319747 
 ----> pcfNcfTTM 653 1 0.625555 0.374445 
 ----> pcfNcfTTM 654 0 0.659364 0.340636 
 ----> pcfNcfTTM 655 0 0.658505 0.341495 
 ----> pcfNcfTTM 656 0 0.667388 0.332612 
 ----> pcfNcfTTM 657 0 0.673924 0.326076 
 ----> pcfNcfTTM 658 0 0.68103 0.31897 
 ----> pcfNcfTTM 659 0 0.697706 0.302294 
 ----> pcfNcfTTM 660 0 0.681709 0.318291 
 ----> pcfNcfTTM 661 0 0.675752 0.324248 
 ----> pcfNcfTTM 662 0 0.66329 0.33671 
 ----> pcfNcfTTM 663 1 0.639704 0.360296 
 ----> pcfNcfTTM 664 1 0.667403 0.332597 
 ----> pcfNcfTTM 665 0 0.696172 0.303828 
 ----> pcfNcfTTM 666 0 0.699261 0.300739 
 ----> pcfNcfTTM 667 0 0.689795 0.310205 
 ----> pcfNcfTTM 668 1 0.664539 0.335461 
 ----> pcfNcfTTM 669 0 0.665847 0.334153 
 ----> pcfNcfTTM 670 0 0.694838 0.305162 
 ----> pcfNcfTTM 671 0 0.69729 0.30271 
 ----> pcfNcfTTM 672 0 0.686438 0.313562 
 ----> pcfNcfTTM 673 0 0.680772 0.319228 
 ----> pcfNcfTTM 674 1 0.667879 0.332121 
 ----> pcfNcfTTM 675 1 0.665265 0.334735 
 ----> pcfNcfTTM 676 0 0.695632 0.304368 
 ----> pcfNcfTTM 677 1 0.663394 0.336606 
 ----> pcfNcfTTM 678 1 0.651168 0.348832 
 ----> pcfNcfTTM 679 0 0.645415 0.354585 
 ----> pcfNcfTTM 680 1 0.650372 0.349628 
 ----> pcfNcfTTM 681 0 0.700164 0.299836 
 ----> pcfNcfTTM 682 0 0.654811 0.345189 
 ----> pcfNcfTTM 683 0 0.667575 0.332425 
 ----> pcfNcfTTM 684 0 0.664093 0.335907 
 ----> pcfNcfTTM 685 0 0.698879 0.301121 
 ----> pcfNcfTTM 686 0 0.693864 0.306136 
 ----> pcfNcfTTM 687 0 0.682846 0.317154 
 ----> pcfNcfTTM 688 0 0.68417 0.31583 
 ----> pcfNcfTTM 689 0 0.677497 0.322503 
 ----> pcfNcfTTM 690 1 0.669489 0.330511 
 ----> pcfNcfTTM 691 0 0.66721 0.33279 
 ----> pcfNcfTTM 692 0 0.655402 0.344598 
 ----> pcfNcfTTM 693 1 0.677727 0.322273 
 ----> pcfNcfTTM 694 0 0.698515 0.301485 
 ----> pcfNcfTTM 695 0 0.66907 0.33093 
 ----> pcfNcfTTM 696 0 0.657902 0.342098 
 ----> pcfNcfTTM 697 0 0.66388 0.33612 
 ----> pcfNcfTTM 698 1 0.646645 0.353355 
 ----> pcfNcfTTM 699 0 0.672033 0.327967 
 ----> pcfNcfTTM 700 1 0.662385 0.337615 
 ----> pcfNcfTTM 701 0 0.702645 0.297355 
 ----> pcfNcfTTM 702 0 0.691175 0.308825 
 ----> pcfNcfTTM 703 0 0.689134 0.310866 
 ----> pcfNcfTTM 704 0 0.705643 0.294357 
 ----> pcfNcfTTM 705 0 0.719027 0.280973 
 ----> pcfNcfTTM 706 0 0.711231 0.288769 
 ----> pcfNcfTTM 707 0 0.681171 0.318829 
 ----> pcfNcfTTM 708 0 0.691425 0.308575 
 ----> pcfNcfTTM 709 0 0.708495 0.291505 
 ----> pcfNcfTTM 710 0 0.692098 0.307902 
 ----> pcfNcfTTM 711 0 0.692167 0.307833 
 ----> pcfNcfTTM 712 0 0.672667 0.327333 
 ----> pcfNcfTTM 713 1 0.681025 0.318975 
 ----> pcfNcfTTM 714 1 0.690787 0.309213 
 ----> pcfNcfTTM 715 1 0.707856 0.292144 
 ----> pcfNcfTTM 716 1 0.683773 0.316227 
 ----> pcfNcfTTM 717 0 0.679609 0.320391 
 ----> pcfNcfTTM 718 0 0.678963 0.321037 
