 ----> pcfNcfTTM 1 1 0 0 
 ----> pcfNcfTTM 2 0 0.640519 0.359481 
 ----> pcfNcfTTM 3 1 0.659039 0.340961 
 ----> pcfNcfTTM 4 1 0.669538 0.330462 
 ----> pcfNcfTTM 5 1 0.680619 0.319381 
 ----> pcfNcfTTM 6 1 0.611535 0.388465 
 ----> pcfNcfTTM 7 0 0.661186 0.338814 
 ----> pcfNcfTTM 8 0 0.65455 0.34545 
 ----> pcfNcfTTM 9 0 0.632557 0.367443 
 ----> pcfNcfTTM 10 1 0.641852 0.358148 
 ----> pcfNcfTTM 11 1 0.61008 0.38992 
 ----> pcfNcfTTM 12 0 0.650828 0.349172 
 ----> pcfNcfTTM 13 0 0.659556 0.340444 
 ----> pcfNcfTTM 14 1 0.635414 0.364586 
 ----> pcfNcfTTM 15 1 0.660706 0.339294 
 ----> pcfNcfTTM 16 1 0.676776 0.323224 
 ----> pcfNcfTTM 17 1 0.58272 0.41728 
 ----> pcfNcfTTM 18 0 0.629897 0.370103 
 ----> pcfNcfTTM 19 0 0.651459 0.348541 
 ----> pcfNcfTTM 20 0 0.688482 0.311518 
 ----> pcfNcfTTM 21 1 0.552005 0.447995 
 ----> pcfNcfTTM 22 0 0.666635 0.333365 
 ----> pcfNcfTTM 23 0 0.647374 0.352626 
 ----> pcfNcfTTM 24 0 0.642421 0.357579 
 ----> pcfNcfTTM 25 0 0.709351 0.290649 
 ----> pcfNcfTTM 26 1 0.64707 0.35293 
 ----> pcfNcfTTM 27 1 0.645374 0.354626 
 ----> pcfNcfTTM 28 1 0.641407 0.358593 
 ----> pcfNcfTTM 29 0 0.67404 0.32596 
 ----> pcfNcfTTM 30 0 0.696895 0.303105 
 ----> pcfNcfTTM 31 0 0.628064 0.371936 
 ----> pcfNcfTTM 32 0 0.658056 0.341944 
 ----> pcfNcfTTM 33 0 0.664145 0.335855 
 ----> pcfNcfTTM 34 1 0.632431 0.367569 
 ----> pcfNcfTTM 35 1 0.607756 0.392244 
 ----> pcfNcfTTM 36 0 0.660531 0.339469 
 ----> pcfNcfTTM 37 0 0.67899 0.32101 
 ----> pcfNcfTTM 38 0 0.675329 0.324671 
 ----> pcfNcfTTM 39 0 0.65917 0.34083 
 ----> pcfNcfTTM 40 1 0.635632 0.364368 
 ----> pcfNcfTTM 41 1 0.650739 0.349261 
 ----> pcfNcfTTM 42 1 0.637085 0.362915 
 ----> pcfNcfTTM 43 0 0.635331 0.364669 
 ----> pcfNcfTTM 44 1 0.640987 0.359013 
 ----> pcfNcfTTM 45 1 0.641589 0.358411 
 ----> pcfNcfTTM 46 0 0.687212 0.312788 
 ----> pcfNcfTTM 47 1 0.634552 0.365448 
 ----> pcfNcfTTM 48 1 0.63128 0.36872 
 ----> pcfNcfTTM 49 1 0.597175 0.402825 
 ----> pcfNcfTTM 50 1 0.646077 0.353923 
 ----> pcfNcfTTM 51 0 0.71321 0.28679 
 ----> pcfNcfTTM 52 1 0.642108 0.357892 
 ----> pcfNcfTTM 53 0 0.710839 0.289161 
 ----> pcfNcfTTM 54 0 0.62501 0.37499 
 ----> pcfNcfTTM 55 0 0.706852 0.293148 
 ----> pcfNcfTTM 56 1 0.599854 0.400146 
 ----> pcfNcfTTM 57 1 0.649092 0.350908 
 ----> pcfNcfTTM 58 0 0.674594 0.325406 
 ----> pcfNcfTTM 59 1 0.62091 0.37909 
 ----> pcfNcfTTM 60 0 0.637684 0.362316 
 ----> pcfNcfTTM 61 0 0.686381 0.313619 
 ----> pcfNcfTTM 62 0 0.66054 0.33946 
 ----> pcfNcfTTM 63 1 0.68372 0.31628 
 ----> pcfNcfTTM 64 1 0.605996 0.394004 
 ----> pcfNcfTTM 65 0 0.682161 0.317839 
 ----> pcfNcfTTM 66 0 0.658297 0.341703 
 ----> pcfNcfTTM 67 1 0.6206 0.3794 
 ----> pcfNcfTTM 68 1 0.624868 0.375132 
 ----> pcfNcfTTM 69 0 0.628955 0.371045 
 ----> pcfNcfTTM 70 1 0.665602 0.334398 
 ----> pcfNcfTTM 71 1 0.64845 0.35155 
 ----> pcfNcfTTM 72 1 0.647526 0.352474 
 ----> pcfNcfTTM 73 0 0.667275 0.332725 
 ----> pcfNcfTTM 74 0 0.678283 0.321717 
 ----> pcfNcfTTM 75 0 0.694446 0.305554 
 ----> pcfNcfTTM 76 1 0.624388 0.375612 
 ----> pcfNcfTTM 77 0 0.700384 0.299616 
 ----> pcfNcfTTM 78 1 0.635348 0.364652 
 ----> pcfNcfTTM 79 0 0.683201 0.316799 
 ----> pcfNcfTTM 80 1 0.64757 0.35243 
 ----> pcfNcfTTM 81 1 0.599342 0.400658 
 ----> pcfNcfTTM 82 1 0.658633 0.341367 
 ----> pcfNcfTTM 83 1 0.599919 0.400081 
 ----> pcfNcfTTM 84 1 0.634193 0.365807 
 ----> pcfNcfTTM 85 0 0.680078 0.319922 
 ----> pcfNcfTTM 86 0 0.629332 0.370668 
 ----> pcfNcfTTM 87 1 0.633895 0.366105 
 ----> pcfNcfTTM 88 1 0.625068 0.374932 
 ----> pcfNcfTTM 89 1 0.650736 0.349264 
 ----> pcfNcfTTM 90 1 0.613332 0.386668 
 ----> pcfNcfTTM 91 1 0.595925 0.404075 
 ----> pcfNcfTTM 92 0 0.703184 0.296816 
 ----> pcfNcfTTM 93 0 0.639137 0.360863 
 ----> pcfNcfTTM 94 1 0.649315 0.350685 
 ----> pcfNcfTTM 95 0 0.676724 0.323276 
 ----> pcfNcfTTM 96 0 0.67053 0.32947 
 ----> pcfNcfTTM 97 1 0.646708 0.353292 
 ----> pcfNcfTTM 98 1 0.641983 0.358017 
 ----> pcfNcfTTM 99 1 0.643001 0.356999 
 ----> pcfNcfTTM 100 0 0.661 0.339 
 ----> pcfNcfTTM 101 1 0.65828 0.34172 
 ----> pcfNcfTTM 102 0 0.671141 0.328859 
 ----> pcfNcfTTM 103 0 0.640496 0.359504 
 ----> pcfNcfTTM 104 0 0.685807 0.314193 
 ----> pcfNcfTTM 105 1 0.572737 0.427263 
 ----> pcfNcfTTM 106 0 0.677661 0.322339 
 ----> pcfNcfTTM 107 0 0.669155 0.330845 
 ----> pcfNcfTTM 108 0 0.65485 0.34515 
 ----> pcfNcfTTM 109 0 0.63577 0.36423 
 ----> pcfNcfTTM 110 1 0.612451 0.387549 
 ----> pcfNcfTTM 111 0 0.702389 0.297611 
 ----> pcfNcfTTM 112 0 0.651399 0.348601 
 ----> pcfNcfTTM 113 1 0.649874 0.350126 
 ----> pcfNcfTTM 114 1 0.633843 0.366157 
 ----> pcfNcfTTM 115 0 0.644311 0.355689 
 ----> pcfNcfTTM 116 0 0.656926 0.343074 
 ----> pcfNcfTTM 117 1 0.643611 0.356389 
 ----> pcfNcfTTM 118 1 0.666149 0.333851 
 ----> pcfNcfTTM 119 1 0.600067 0.399933 
 ----> pcfNcfTTM 120 0 0.680425 0.319575 
 ----> pcfNcfTTM 121 0 0.662016 0.337984 
 ----> pcfNcfTTM 122 1 0.638785 0.361215 
 ----> pcfNcfTTM 123 1 0.652811 0.347189 
 ----> pcfNcfTTM 124 0 0.625129 0.374871 
 ----> pcfNcfTTM 125 1 0.631661 0.368339 
 ----> pcfNcfTTM 126 0 0.620621 0.379379 
 ----> pcfNcfTTM 127 0 0.68284 0.31716 
 ----> pcfNcfTTM 128 0 0.644615 0.355385 
 ----> pcfNcfTTM 129 1 0.65101 0.34899 
 ----> pcfNcfTTM 130 0 0.677375 0.322625 
 ----> pcfNcfTTM 131 0 0.665497 0.334503 
 ----> pcfNcfTTM 132 0 0.666939 0.333061 
 ----> pcfNcfTTM 133 1 0.615392 0.384608 
 ----> pcfNcfTTM 134 1 0.649683 0.350317 
 ----> pcfNcfTTM 135 1 0.643903 0.356097 
 ----> pcfNcfTTM 136 0 0.676485 0.323515 
 ----> pcfNcfTTM 137 1 0.625268 0.374732 
 ----> pcfNcfTTM 138 0 0.672039 0.327961 
 ----> pcfNcfTTM 139 0 0.669822 0.330178 
 ----> pcfNcfTTM 140 1 0.643519 0.356481 
 ----> pcfNcfTTM 141 0 0.634637 0.365363 
 ----> pcfNcfTTM 142 1 0.590867 0.409133 
 ----> pcfNcfTTM 143 0 0.717968 0.282032 
 ----> pcfNcfTTM 144 1 0.684946 0.315054 
 ----> pcfNcfTTM 145 0 0.644624 0.355376 
 ----> pcfNcfTTM 146 0 0.68973 0.31027 
 ----> pcfNcfTTM 147 0 0.642106 0.357894 
 ----> pcfNcfTTM 148 0 0.7103 0.2897 
 ----> pcfNcfTTM 149 1 0.657951 0.342049 
 ----> pcfNcfTTM 150 1 0.645273 0.354727 
 ----> pcfNcfTTM 151 1 0.644374 0.355626 
 ----> pcfNcfTTM 152 0 0.660854 0.339146 
 ----> pcfNcfTTM 153 0 0.656506 0.343494 
 ----> pcfNcfTTM 154 0 0.716598 0.283402 
 ----> pcfNcfTTM 155 1 0.62533 0.37467 
 ----> pcfNcfTTM 156 1 0.561132 0.438868 
 ----> pcfNcfTTM 157 1 0.626821 0.373179 
 ----> pcfNcfTTM 158 0 0.688339 0.311661 
 ----> pcfNcfTTM 159 1 0.622583 0.377417 
 ----> pcfNcfTTM 160 0 0.691527 0.308473 
 ----> pcfNcfTTM 161 0 0.65402 0.34598 
 ----> pcfNcfTTM 162 1 0.657221 0.342779 
 ----> pcfNcfTTM 163 1 0.645163 0.354837 
 ----> pcfNcfTTM 164 1 0.632523 0.367477 
 ----> pcfNcfTTM 165 1 0.641985 0.358015 
 ----> pcfNcfTTM 166 0 0.688589 0.311411 
 ----> pcfNcfTTM 167 1 0.623511 0.376489 
 ----> pcfNcfTTM 168 0 0.673706 0.326294 
 ----> pcfNcfTTM 169 0 0.664931 0.335069 
 ----> pcfNcfTTM 170 1 0.598396 0.401604 
 ----> pcfNcfTTM 171 1 0.597697 0.402303 
 ----> pcfNcfTTM 172 0 0.680542 0.319458 
 ----> pcfNcfTTM 173 1 0.610947 0.389053 
 ----> pcfNcfTTM 174 0 0.658671 0.341329 
 ----> pcfNcfTTM 175 1 0.584198 0.415802 
 ----> pcfNcfTTM 176 0 0.662724 0.337276 
 ----> pcfNcfTTM 177 0 0.664288 0.335712 
 ----> pcfNcfTTM 178 1 0.633862 0.366138 
 ----> pcfNcfTTM 179 0 0.67531 0.32469 
 ----> pcfNcfTTM 180 0 0.649445 0.350555 
 ----> pcfNcfTTM 181 0 0.655463 0.344537 
 ----> pcfNcfTTM 182 0 0.677853 0.322147 
 ----> pcfNcfTTM 183 1 0.601361 0.398639 
 ----> pcfNcfTTM 184 1 0.658809 0.341191 
 ----> pcfNcfTTM 185 0 0.654156 0.345844 
 ----> pcfNcfTTM 186 0 0.655153 0.344847 
 ----> pcfNcfTTM 187 0 0.666241 0.333759 
 ----> pcfNcfTTM 188 1 0.649668 0.350332 
 ----> pcfNcfTTM 189 1 0.668563 0.331437 
 ----> pcfNcfTTM 190 0 0.614032 0.385968 
 ----> pcfNcfTTM 191 0 0.691122 0.308878 
 ----> pcfNcfTTM 192 1 0.559542 0.440458 
 ----> pcfNcfTTM 193 0 0.697006 0.302994 
 ----> pcfNcfTTM 194 0 0.635005 0.364995 
 ----> pcfNcfTTM 195 0 0.601516 0.398484 
 ----> pcfNcfTTM 196 1 0.632542 0.367458 
 ----> pcfNcfTTM 197 0 0.648938 0.351062 
 ----> pcfNcfTTM 198 0 0.699657 0.300343 
 ----> pcfNcfTTM 199 0 0.651187 0.348813 
 ----> pcfNcfTTM 200 0 0.658824 0.341176 
 ----> pcfNcfTTM 201 0 0.629865 0.370135 
 ----> pcfNcfTTM 202 0 0.617038 0.382962 
 ----> pcfNcfTTM 203 1 0.655059 0.344941 
 ----> pcfNcfTTM 204 1 0.64263 0.35737 
 ----> pcfNcfTTM 205 0 0.689215 0.310785 
 ----> pcfNcfTTM 206 1 0.61331 0.38669 
 ----> pcfNcfTTM 207 1 0.633072 0.366928 
 ----> pcfNcfTTM 208 0 0.642106 0.357894 
 ----> pcfNcfTTM 209 0 0.644911 0.355089 
 ----> pcfNcfTTM 210 0 0.635176 0.364824 
 ----> pcfNcfTTM 211 0 0.671247 0.328753 
 ----> pcfNcfTTM 212 0 0.647232 0.352768 
 ----> pcfNcfTTM 213 1 0.579808 0.420192 
 ----> pcfNcfTTM 214 0 0.697603 0.302397 
 ----> pcfNcfTTM 215 1 0.611692 0.388308 
 ----> pcfNcfTTM 216 0 0.659543 0.340457 
 ----> pcfNcfTTM 217 1 0.646014 0.353986 
 ----> pcfNcfTTM 218 0 0.68131 0.31869 
 ----> pcfNcfTTM 219 0 0.698377 0.301623 
 ----> pcfNcfTTM 220 0 0.684607 0.315393 
 ----> pcfNcfTTM 221 0 0.684443 0.315557 
 ----> pcfNcfTTM 222 1 0.640322 0.359678 
 ----> pcfNcfTTM 223 1 0.649443 0.350557 
 ----> pcfNcfTTM 224 0 0.684583 0.315417 
 ----> pcfNcfTTM 225 1 0.62656 0.37344 
 ----> pcfNcfTTM 226 1 0.648606 0.351394 
 ----> pcfNcfTTM 227 0 0.644598 0.355402 
 ----> pcfNcfTTM 228 0 0.653674 0.346326 
 ----> pcfNcfTTM 229 0 0.684026 0.315974 
 ----> pcfNcfTTM 230 0 0.626629 0.373371 
 ----> pcfNcfTTM 231 0 0.681638 0.318362 
 ----> pcfNcfTTM 232 1 0.656567 0.343433 
 ----> pcfNcfTTM 233 0 0.632183 0.367817 
 ----> pcfNcfTTM 234 0 0.665773 0.334227 
 ----> pcfNcfTTM 235 0 0.700572 0.299428 
 ----> pcfNcfTTM 236 1 0.557311 0.442689 
 ----> pcfNcfTTM 237 0 0.664118 0.335882 
 ----> pcfNcfTTM 238 0 0.623411 0.376589 
 ----> pcfNcfTTM 239 0 0.684189 0.315811 
 ----> pcfNcfTTM 240 1 0.61827 0.38173 
 ----> pcfNcfTTM 241 0 0.692667 0.307333 
 ----> pcfNcfTTM 242 1 0.616829 0.383171 
 ----> pcfNcfTTM 243 0 0.675872 0.324128 
 ----> pcfNcfTTM 244 1 0.66629 0.33371 
 ----> pcfNcfTTM 245 1 0.662834 0.337166 
 ----> pcfNcfTTM 246 0 0.649349 0.350651 
 ----> pcfNcfTTM 247 0 0.670857 0.329143 
 ----> pcfNcfTTM 248 1 0.64198 0.35802 
 ----> pcfNcfTTM 249 1 0.633568 0.366432 
 ----> pcfNcfTTM 250 0 0.672312 0.327688 
 ----> pcfNcfTTM 251 0 0.683695 0.316305 
 ----> pcfNcfTTM 252 0 0.659707 0.340293 
 ----> pcfNcfTTM 253 1 0.645992 0.354008 
 ----> pcfNcfTTM 254 0 0.669476 0.330524 
 ----> pcfNcfTTM 255 1 0.645903 0.354097 
 ----> pcfNcfTTM 256 0 0.698959 0.301041 
 ----> pcfNcfTTM 257 0 0.662755 0.337245 
 ----> pcfNcfTTM 258 0 0.660926 0.339074 
 ----> pcfNcfTTM 259 0 0.684683 0.315317 
 ----> pcfNcfTTM 260 1 0.637468 0.362532 
 ----> pcfNcfTTM 261 1 0.649248 0.350752 
 ----> pcfNcfTTM 262 0 0.673154 0.326846 
 ----> pcfNcfTTM 263 1 0.636275 0.363725 
 ----> pcfNcfTTM 264 1 0.649008 0.350992 
 ----> pcfNcfTTM 265 1 0.617005 0.382995 
 ----> pcfNcfTTM 266 0 0.641988 0.358012 
 ----> pcfNcfTTM 267 0 0.655174 0.344826 
 ----> pcfNcfTTM 268 1 0.641521 0.358479 
 ----> pcfNcfTTM 269 0 0.692176 0.307824 
 ----> pcfNcfTTM 270 1 0.63278 0.36722 
 ----> pcfNcfTTM 271 1 0.642365 0.357635 
 ----> pcfNcfTTM 272 0 0.701928 0.298072 
 ----> pcfNcfTTM 273 0 0.655004 0.344996 
 ----> pcfNcfTTM 274 1 0.611805 0.388195 
 ----> pcfNcfTTM 275 1 0.610512 0.389488 
 ----> pcfNcfTTM 276 0 0.676411 0.323589 
 ----> pcfNcfTTM 277 0 0.648569 0.351431 
 ----> pcfNcfTTM 278 0 0.677343 0.322657 
 ----> pcfNcfTTM 279 1 0.666081 0.333919 
 ----> pcfNcfTTM 280 1 0.68346 0.31654 
 ----> pcfNcfTTM 281 0 0.668334 0.331666 
 ----> pcfNcfTTM 282 1 0.649676 0.350324 
 ----> pcfNcfTTM 283 1 0.627599 0.372401 
 ----> pcfNcfTTM 284 1 0.661688 0.338312 
 ----> pcfNcfTTM 285 0 0.698604 0.301396 
 ----> pcfNcfTTM 286 0 0.673476 0.326524 
 ----> pcfNcfTTM 287 0 0.652684 0.347316 
 ----> pcfNcfTTM 288 0 0.655764 0.344236 
 ----> pcfNcfTTM 289 0 0.677516 0.322484 
 ----> pcfNcfTTM 290 0 0.647517 0.352483 
 ----> pcfNcfTTM 291 1 0.633369 0.366631 
 ----> pcfNcfTTM 292 0 0.634929 0.365071 
 ----> pcfNcfTTM 293 1 0.636152 0.363848 
 ----> pcfNcfTTM 294 1 0.630804 0.369196 
 ----> pcfNcfTTM 295 0 0.677081 0.322919 
 ----> pcfNcfTTM 296 0 0.695358 0.304642 
 ----> pcfNcfTTM 297 0 0.668749 0.331251 
 ----> pcfNcfTTM 298 1 0.599435 0.400565 
 ----> pcfNcfTTM 299 0 0.661117 0.338883 
 ----> pcfNcfTTM 300 0 0.680895 0.319105 
 ----> pcfNcfTTM 301 0 0.662453 0.337547 
 ----> pcfNcfTTM 302 0 0.67462 0.32538 
 ----> pcfNcfTTM 303 0 0.669629 0.330371 
 ----> pcfNcfTTM 304 0 0.658348 0.341652 
 ----> pcfNcfTTM 305 0 0.668468 0.331532 
 ----> pcfNcfTTM 306 0 0.686252 0.313748 
 ----> pcfNcfTTM 307 1 0.64226 0.35774 
 ----> pcfNcfTTM 308 0 0.683692 0.316308 
 ----> pcfNcfTTM 309 1 0.61385 0.38615 
 ----> pcfNcfTTM 310 0 0.683763 0.316237 
 ----> pcfNcfTTM 311 0 0.712371 0.287629 
 ----> pcfNcfTTM 312 0 0.679451 0.320549 
 ----> pcfNcfTTM 313 1 0.619403 0.380597 
 ----> pcfNcfTTM 314 0 0.671806 0.328194 
 ----> pcfNcfTTM 315 0 0.663946 0.336054 
 ----> pcfNcfTTM 316 0 0.665708 0.334292 
 ----> pcfNcfTTM 317 0 0.662158 0.337842 
 ----> pcfNcfTTM 318 0 0.650517 0.349483 
 ----> pcfNcfTTM 319 0 0.675381 0.324619 
 ----> pcfNcfTTM 320 0 0.679525 0.320475 
 ----> pcfNcfTTM 321 1 0.685208 0.314792 
 ----> pcfNcfTTM 322 1 0.658269 0.341731 
 ----> pcfNcfTTM 323 0 0.656605 0.343395 
 ----> pcfNcfTTM 324 0 0.641816 0.358184 
 ----> pcfNcfTTM 325 0 0.678772 0.321228 
 ----> pcfNcfTTM 326 1 0.617075 0.382925 
 ----> pcfNcfTTM 327 1 0.670738 0.329262 
 ----> pcfNcfTTM 328 0 0.69914 0.30086 
 ----> pcfNcfTTM 329 0 0.650731 0.349269 
 ----> pcfNcfTTM 330 0 0.657783 0.342217 
 ----> pcfNcfTTM 331 0 0.657818 0.342182 
 ----> pcfNcfTTM 332 0 0.68385 0.31615 
 ----> pcfNcfTTM 333 1 0.659908 0.340092 
 ----> pcfNcfTTM 334 1 0.634108 0.365892 
 ----> pcfNcfTTM 335 0 0.656026 0.343974 
 ----> pcfNcfTTM 336 1 0.653361 0.346639 
 ----> pcfNcfTTM 337 1 0.616458 0.383542 
 ----> pcfNcfTTM 338 1 0.650327 0.349673 
 ----> pcfNcfTTM 339 0 0.657287 0.342713 
 ----> pcfNcfTTM 340 0 0.677975 0.322025 
 ----> pcfNcfTTM 341 1 0.616881 0.383119 
 ----> pcfNcfTTM 342 1 0.649767 0.350233 
 ----> pcfNcfTTM 343 0 0.705625 0.294375 
 ----> pcfNcfTTM 344 0 0.68018 0.31982 
 ----> pcfNcfTTM 345 0 0.662579 0.337421 
 ----> pcfNcfTTM 346 0 0.678554 0.321446 
 ----> pcfNcfTTM 347 1 0.647901 0.352099 
 ----> pcfNcfTTM 348 0 0.670346 0.329654 
 ----> pcfNcfTTM 349 0 0.693749 0.306251 
 ----> pcfNcfTTM 350 1 0.673496 0.326504 
 ----> pcfNcfTTM 351 0 0.653771 0.346229 
 ----> pcfNcfTTM 352 0 0.679033 0.320967 
 ----> pcfNcfTTM 353 0 0.67282 0.32718 
 ----> pcfNcfTTM 354 0 0.648428 0.351572 
 ----> pcfNcfTTM 355 0 0.668408 0.331592 
 ----> pcfNcfTTM 356 0 0.663495 0.336505 
 ----> pcfNcfTTM 357 1 0.630274 0.369726 
 ----> pcfNcfTTM 358 0 0.696233 0.303767 
 ----> pcfNcfTTM 359 0 0.672485 0.327515 
 ----> pcfNcfTTM 360 0 0.681699 0.318301 
 ----> pcfNcfTTM 361 0 0.68163 0.31837 
 ----> pcfNcfTTM 362 1 0.655597 0.344403 
 ----> pcfNcfTTM 363 0 0.662665 0.337335 
 ----> pcfNcfTTM 364 0 0.660766 0.339234 
 ----> pcfNcfTTM 365 0 0.660267 0.339733 
 ----> pcfNcfTTM 366 1 0.689096 0.310904 
 ----> pcfNcfTTM 367 0 0.698733 0.301267 
 ----> pcfNcfTTM 368 0 0.683795 0.316205 
 ----> pcfNcfTTM 369 0 0.678625 0.321375 
 ----> pcfNcfTTM 370 1 0.611426 0.388574 
 ----> pcfNcfTTM 371 0 0.663147 0.336853 
 ----> pcfNcfTTM 372 0 0.702051 0.297949 
 ----> pcfNcfTTM 373 0 0.663802 0.336198 
 ----> pcfNcfTTM 374 0 0.663911 0.336089 
 ----> pcfNcfTTM 375 1 0.634133 0.365867 
 ----> pcfNcfTTM 376 0 0.67649 0.32351 
 ----> pcfNcfTTM 377 0 0.714855 0.285145 
 ----> pcfNcfTTM 378 1 0.613209 0.386791 
 ----> pcfNcfTTM 379 0 0.644325 0.355675 
 ----> pcfNcfTTM 380 0 0.635176 0.364824 
 ----> pcfNcfTTM 381 0 0.669514 0.330486 
 ----> pcfNcfTTM 382 0 0.719015 0.280985 
 ----> pcfNcfTTM 383 0 0.642286 0.357714 
 ----> pcfNcfTTM 384 0 0.658511 0.341489 
 ----> pcfNcfTTM 385 1 0.627349 0.372651 
 ----> pcfNcfTTM 386 0 0.688932 0.311068 
 ----> pcfNcfTTM 387 1 0.626956 0.373044 
 ----> pcfNcfTTM 388 1 0.650598 0.349402 
 ----> pcfNcfTTM 389 0 0.650285 0.349715 
 ----> pcfNcfTTM 390 0 0.691043 0.308957 
 ----> pcfNcfTTM 391 0 0.669309 0.330691 
 ----> pcfNcfTTM 392 1 0.653676 0.346324 
 ----> pcfNcfTTM 393 1 0.629763 0.370237 
 ----> pcfNcfTTM 394 0 0.667739 0.332261 
 ----> pcfNcfTTM 395 0 0.669966 0.330034 
 ----> pcfNcfTTM 396 0 0.672391 0.327609 
 ----> pcfNcfTTM 397 0 0.66256 0.33744 
 ----> pcfNcfTTM 398 1 0.631875 0.368125 
 ----> pcfNcfTTM 399 1 0.656083 0.343917 
 ----> pcfNcfTTM 400 1 0.636401 0.363599 
 ----> pcfNcfTTM 401 0 0.677482 0.322518 
 ----> pcfNcfTTM 402 0 0.652028 0.347972 
 ----> pcfNcfTTM 403 0 0.68998 0.31002 
 ----> pcfNcfTTM 404 0 0.68711 0.31289 
 ----> pcfNcfTTM 405 0 0.672625 0.327375 
 ----> pcfNcfTTM 406 1 0.625872 0.374128 
 ----> pcfNcfTTM 407 1 0.647154 0.352846 
 ----> pcfNcfTTM 408 0 0.65677 0.34323 
 ----> pcfNcfTTM 409 1 0.676925 0.323075 
 ----> pcfNcfTTM 410 0 0.657287 0.342713 
 ----> pcfNcfTTM 411 0 0.68421 0.31579 
 ----> pcfNcfTTM 412 1 0.660281 0.339719 
 ----> pcfNcfTTM 413 1 0.679051 0.320949 
 ----> pcfNcfTTM 414 0 0.657903 0.342097 
 ----> pcfNcfTTM 415 1 0.698448 0.301552 
 ----> pcfNcfTTM 416 0 0.633218 0.366782 
 ----> pcfNcfTTM 417 0 0.690425 0.309575 
 ----> pcfNcfTTM 418 1 0.64716 0.35284 
 ----> pcfNcfTTM 419 0 0.667096 0.332904 
 ----> pcfNcfTTM 420 0 0.680116 0.319884 
 ----> pcfNcfTTM 421 0 0.640775 0.359225 
 ----> pcfNcfTTM 422 0 0.667999 0.332001 
 ----> pcfNcfTTM 423 0 0.673743 0.326257 
 ----> pcfNcfTTM 424 0 0.697686 0.302314 
 ----> pcfNcfTTM 425 0 0.71799 0.28201 
 ----> pcfNcfTTM 426 1 0.601813 0.398187 
 ----> pcfNcfTTM 427 0 0.671752 0.328248 
 ----> pcfNcfTTM 428 0 0.738296 0.261704 
 ----> pcfNcfTTM 429 0 0.688912 0.311088 
 ----> pcfNcfTTM 430 0 0.672476 0.327524 
 ----> pcfNcfTTM 431 0 0.666975 0.333025 
 ----> pcfNcfTTM 432 0 0.659826 0.340174 
 ----> pcfNcfTTM 433 0 0.662895 0.337105 
 ----> pcfNcfTTM 434 0 0.668103 0.331897 
 ----> pcfNcfTTM 435 1 0.693248 0.306752 
 ----> pcfNcfTTM 436 0 0.657653 0.342347 
 ----> pcfNcfTTM 437 0 0.657851 0.342149 
 ----> pcfNcfTTM 438 0 0.668851 0.331149 
 ----> pcfNcfTTM 439 0 0.639208 0.360792 
 ----> pcfNcfTTM 440 0 0.699696 0.300304 
 ----> pcfNcfTTM 441 0 0.673481 0.326519 
 ----> pcfNcfTTM 442 0 0.665813 0.334187 
 ----> pcfNcfTTM 443 0 0.679807 0.320193 
 ----> pcfNcfTTM 444 0 0.652948 0.347052 
 ----> pcfNcfTTM 445 1 0.675948 0.324052 
 ----> pcfNcfTTM 446 0 0.706083 0.293917 
 ----> pcfNcfTTM 447 0 0.692611 0.307389 
 ----> pcfNcfTTM 448 0 0.642452 0.357548 
 ----> pcfNcfTTM 449 0 0.65945 0.34055 
 ----> pcfNcfTTM 450 0 0.683491 0.316509 
 ----> pcfNcfTTM 451 0 0.690178 0.309822 
 ----> pcfNcfTTM 452 0 0.647306 0.352694 
 ----> pcfNcfTTM 453 0 0.633285 0.366715 
 ----> pcfNcfTTM 454 1 0.641516 0.358484 
 ----> pcfNcfTTM 455 0 0.681967 0.318033 
 ----> pcfNcfTTM 456 0 0.676378 0.323622 
 ----> pcfNcfTTM 457 0 0.644518 0.355482 
 ----> pcfNcfTTM 458 1 0.670413 0.329587 
 ----> pcfNcfTTM 459 0 0.670957 0.329043 
 ----> pcfNcfTTM 460 0 0.691867 0.308133 
 ----> pcfNcfTTM 461 1 0.675025 0.324975 
 ----> pcfNcfTTM 462 0 0.672843 0.327157 
 ----> pcfNcfTTM 463 0 0.668012 0.331988 
 ----> pcfNcfTTM 464 0 0.701602 0.298398 
 ----> pcfNcfTTM 465 0 0.690453 0.309547 
 ----> pcfNcfTTM 466 0 0.680272 0.319728 
 ----> pcfNcfTTM 467 1 0.690004 0.309996 
 ----> pcfNcfTTM 468 0 0.71898 0.28102 
 ----> pcfNcfTTM 469 0 0.672589 0.327411 
 ----> pcfNcfTTM 470 1 0.670035 0.329965 
 ----> pcfNcfTTM 471 1 0.662764 0.337236 
 ----> pcfNcfTTM 472 0 0.681089 0.318911 
 ----> pcfNcfTTM 473 1 0.638085 0.361915 
 ----> pcfNcfTTM 474 0 0.627293 0.372707 
 ----> pcfNcfTTM 475 0 0.690143 0.309857 
 ----> pcfNcfTTM 476 0 0.670975 0.329025 
 ----> pcfNcfTTM 477 1 0.654933 0.345067 
 ----> pcfNcfTTM 478 0 0.663591 0.336409 
 ----> pcfNcfTTM 479 1 0.681742 0.318258 
 ----> pcfNcfTTM 480 0 0.67429 0.32571 
 ----> pcfNcfTTM 481 0 0.631853 0.368147 
 ----> pcfNcfTTM 482 0 0.660554 0.339446 
 ----> pcfNcfTTM 483 1 0.633686 0.366314 
 ----> pcfNcfTTM 484 0 0.664057 0.335943 
 ----> pcfNcfTTM 485 0 0.654616 0.345384 
 ----> pcfNcfTTM 486 0 0.661104 0.338896 
 ----> pcfNcfTTM 487 0 0.692684 0.307316 
 ----> pcfNcfTTM 488 1 0.675441 0.324559 
 ----> pcfNcfTTM 489 1 0.668649 0.331351 
 ----> pcfNcfTTM 490 0 0.678309 0.321691 
 ----> pcfNcfTTM 491 1 0.654919 0.345081 
 ----> pcfNcfTTM 492 0 0.710901 0.289099 
 ----> pcfNcfTTM 493 0 0.659926 0.340074 
 ----> pcfNcfTTM 494 0 0.695223 0.304777 
 ----> pcfNcfTTM 495 1 0.656542 0.343458 
 ----> pcfNcfTTM 496 0 0.666081 0.333919 
 ----> pcfNcfTTM 497 0 0.681985 0.318015 
 ----> pcfNcfTTM 498 0 0.718622 0.281378 
 ----> pcfNcfTTM 499 1 0.644599 0.355401 
 ----> pcfNcfTTM 500 1 0.640882 0.359118 
 ----> pcfNcfTTM 501 0 0.721876 0.278124 
 ----> pcfNcfTTM 502 0 0.681422 0.318578 
 ----> pcfNcfTTM 503 0 0.642007 0.357993 
 ----> pcfNcfTTM 504 0 0.677645 0.322355 
 ----> pcfNcfTTM 505 0 0.65841 0.34159 
 ----> pcfNcfTTM 506 0 0.656586 0.343414 
 ----> pcfNcfTTM 507 0 0.700104 0.299896 
 ----> pcfNcfTTM 508 1 0.640187 0.359813 
 ----> pcfNcfTTM 509 1 0.57548 0.42452 
 ----> pcfNcfTTM 510 0 0.727487 0.272513 
 ----> pcfNcfTTM 511 0 0.665621 0.334379 
 ----> pcfNcfTTM 512 0 0.664807 0.335193 
 ----> pcfNcfTTM 513 1 0.65114 0.34886 
 ----> pcfNcfTTM 514 1 0.68852 0.31148 
 ----> pcfNcfTTM 515 0 0.639145 0.360855 
 ----> pcfNcfTTM 516 0 0.650679 0.349321 
 ----> pcfNcfTTM 517 1 0.66169 0.33831 
 ----> pcfNcfTTM 518 0 0.698518 0.301482 
 ----> pcfNcfTTM 519 0 0.654247 0.345753 
 ----> pcfNcfTTM 520 1 0.636158 0.363842 
 ----> pcfNcfTTM 521 1 0.5912 0.4088 
 ----> pcfNcfTTM 522 0 0.682345 0.317655 
 ----> pcfNcfTTM 523 1 0.641571 0.358429 
 ----> pcfNcfTTM 524 0 0.68038 0.31962 
 ----> pcfNcfTTM 525 0 0.672541 0.327459 
 ----> pcfNcfTTM 526 0 0.674798 0.325202 
 ----> pcfNcfTTM 527 0 0.639552 0.360448 
 ----> pcfNcfTTM 528 0 0.656358 0.343642 
 ----> pcfNcfTTM 529 1 0.635199 0.364801 
 ----> pcfNcfTTM 530 0 0.70053 0.29947 
 ----> pcfNcfTTM 531 1 0.601431 0.398569 
 ----> pcfNcfTTM 532 0 0.658474 0.341526 
 ----> pcfNcfTTM 533 0 0.627057 0.372943 
 ----> pcfNcfTTM 534 0 0.707804 0.292196 
 ----> pcfNcfTTM 535 1 0.628264 0.371736 
 ----> pcfNcfTTM 536 0 0.683185 0.316815 
 ----> pcfNcfTTM 537 0 0.679883 0.320117 
 ----> pcfNcfTTM 538 0 0.693513 0.306487 
 ----> pcfNcfTTM 539 1 0.652879 0.347121 
 ----> pcfNcfTTM 540 0 0.683221 0.316779 
 ----> pcfNcfTTM 541 1 0.63856 0.36144 
 ----> pcfNcfTTM 542 0 0.672598 0.327402 
 ----> pcfNcfTTM 543 1 0.651191 0.348809 
 ----> pcfNcfTTM 544 0 0.681949 0.318051 
 ----> pcfNcfTTM 545 1 0.668818 0.331182 
 ----> pcfNcfTTM 546 0 0.664909 0.335091 
 ----> pcfNcfTTM 547 0 0.646449 0.353551 
 ----> pcfNcfTTM 548 1 0.653883 0.346117 
 ----> pcfNcfTTM 549 0 0.693364 0.306636 
 ----> pcfNcfTTM 550 0 0.692355 0.307645 
 ----> pcfNcfTTM 551 0 0.648266 0.351734 
 ----> pcfNcfTTM 552 1 0.629062 0.370938 
 ----> pcfNcfTTM 553 1 0.649187 0.350813 
 ----> pcfNcfTTM 554 1 0.652786 0.347214 
 ----> pcfNcfTTM 555 1 0.636669 0.363331 
 ----> pcfNcfTTM 556 0 0.604297 0.395703 
 ----> pcfNcfTTM 557 0 0.680424 0.319576 
 ----> pcfNcfTTM 558 0 0.648385 0.351615 
 ----> pcfNcfTTM 559 0 0.653193 0.346807 
 ----> pcfNcfTTM 560 0 0.684645 0.315355 
 ----> pcfNcfTTM 561 1 0.637409 0.362591 
 ----> pcfNcfTTM 562 0 0.680584 0.319416 
 ----> pcfNcfTTM 563 0 0.658794 0.341206 
 ----> pcfNcfTTM 564 0 0.693666 0.306334 
 ----> pcfNcfTTM 565 0 0.649553 0.350447 
 ----> pcfNcfTTM 566 0 0.671556 0.328444 
 ----> pcfNcfTTM 567 0 0.68579 0.31421 
 ----> pcfNcfTTM 568 0 0.732054 0.267946 
 ----> pcfNcfTTM 569 1 0.600705 0.399295 
 ----> pcfNcfTTM 570 0 0.690637 0.309363 
 ----> pcfNcfTTM 571 1 0.648713 0.351287 
 ----> pcfNcfTTM 572 0 0.677385 0.322615 
 ----> pcfNcfTTM 573 0 0.670954 0.329046 
 ----> pcfNcfTTM 574 0 0.690062 0.309938 
 ----> pcfNcfTTM 575 1 0.680515 0.319485 
 ----> pcfNcfTTM 576 0 0.690132 0.309868 
 ----> pcfNcfTTM 577 1 0.638724 0.361276 
 ----> pcfNcfTTM 578 0 0.690327 0.309673 
 ----> pcfNcfTTM 579 0 0.655911 0.344089 
 ----> pcfNcfTTM 580 1 0.650523 0.349477 
 ----> pcfNcfTTM 581 0 0.634887 0.365113 
 ----> pcfNcfTTM 582 0 0.691931 0.308069 
 ----> pcfNcfTTM 583 1 0.639251 0.360749 
 ----> pcfNcfTTM 584 0 0.689077 0.310923 
 ----> pcfNcfTTM 585 0 0.680294 0.319706 
 ----> pcfNcfTTM 586 0 0.699934 0.300066 
 ----> pcfNcfTTM 587 0 0.660209 0.339791 
 ----> pcfNcfTTM 588 0 0.671044 0.328956 
 ----> pcfNcfTTM 589 1 0.627218 0.372782 
 ----> pcfNcfTTM 590 0 0.675518 0.324482 
 ----> pcfNcfTTM 591 1 0.618307 0.381693 
 ----> pcfNcfTTM 592 1 0.652699 0.347301 
 ----> pcfNcfTTM 593 0 0.624459 0.375541 
 ----> pcfNcfTTM 594 0 0.658106 0.341894 
 ----> pcfNcfTTM 595 0 0.709064 0.290936 
 ----> pcfNcfTTM 596 0 0.679477 0.320523 
 ----> pcfNcfTTM 597 0 0.683543 0.316457 
 ----> pcfNcfTTM 598 0 0.668861 0.331139 
 ----> pcfNcfTTM 599 0 0.662469 0.337531 
 ----> pcfNcfTTM 600 0 0.637738 0.362262 
 ----> pcfNcfTTM 601 0 0.680925 0.319075 
 ----> pcfNcfTTM 602 1 0.642282 0.357718 
 ----> pcfNcfTTM 603 0 0.675305 0.324695 
 ----> pcfNcfTTM 604 0 0.676698 0.323302 
 ----> pcfNcfTTM 605 0 0.670601 0.329399 
 ----> pcfNcfTTM 606 0 0.701736 0.298264 
 ----> pcfNcfTTM 607 1 0.66604 0.33396 
 ----> pcfNcfTTM 608 0 0.688663 0.311337 
 ----> pcfNcfTTM 609 0 0.679516 0.320484 
 ----> pcfNcfTTM 610 0 0.715241 0.284759 
 ----> pcfNcfTTM 611 0 0.660467 0.339533 
 ----> pcfNcfTTM 612 0 0.680933 0.319067 
 ----> pcfNcfTTM 613 0 0.667368 0.332632 
 ----> pcfNcfTTM 614 0 0.672186 0.327814 
 ----> pcfNcfTTM 615 0 0.658267 0.341733 
 ----> pcfNcfTTM 616 0 0.674749 0.325251 
 ----> pcfNcfTTM 617 0 0.619122 0.380878 
 ----> pcfNcfTTM 618 0 0.686834 0.313166 
 ----> pcfNcfTTM 619 1 0.621928 0.378072 
 ----> pcfNcfTTM 620 0 0.673539 0.326461 
 ----> pcfNcfTTM 621 0 0.667554 0.332446 
 ----> pcfNcfTTM 622 0 0.675991 0.324009 
 ----> pcfNcfTTM 623 1 0.60464 0.39536 
 ----> pcfNcfTTM 624 0 0.720275 0.279725 
 ----> pcfNcfTTM 625 0 0.690999 0.309001 
 ----> pcfNcfTTM 626 0 0.690798 0.309202 
 ----> pcfNcfTTM 627 0 0.647056 0.352944 
 ----> pcfNcfTTM 628 1 0.65651 0.34349 
 ----> pcfNcfTTM 629 0 0.661128 0.338872 
 ----> pcfNcfTTM 630 0 0.636849 0.363151 
 ----> pcfNcfTTM 631 1 0.633168 0.366832 
 ----> pcfNcfTTM 632 1 0.604 0.396 
 ----> pcfNcfTTM 633 0 0.708189 0.291811 
 ----> pcfNcfTTM 634 1 0.626575 0.373425 
 ----> pcfNcfTTM 635 0 0.657703 0.342297 
 ----> pcfNcfTTM 636 1 0.656322 0.343678 
 ----> pcfNcfTTM 637 0 0.649048 0.350952 
 ----> pcfNcfTTM 638 0 0.666034 0.333966 
 ----> pcfNcfTTM 639 1 0.605535 0.394465 
 ----> pcfNcfTTM 640 0 0.679012 0.320988 
 ----> pcfNcfTTM 641 0 0.658228 0.341772 
 ----> pcfNcfTTM 642 0 0.67107 0.32893 
 ----> pcfNcfTTM 643 0 0.698262 0.301738 
 ----> pcfNcfTTM 644 0 0.685432 0.314568 
 ----> pcfNcfTTM 645 0 0.682471 0.317529 
 ----> pcfNcfTTM 646 1 0.657787 0.342213 
 ----> pcfNcfTTM 647 0 0.674611 0.325389 
 ----> pcfNcfTTM 648 0 0.653948 0.346052 
 ----> pcfNcfTTM 649 0 0.674151 0.325849 
 ----> pcfNcfTTM 650 0 0.656043 0.343957 
 ----> pcfNcfTTM 651 1 0.648638 0.351362 
 ----> pcfNcfTTM 652 0 0.692492 0.307508 
 ----> pcfNcfTTM 653 1 0.664189 0.335811 
 ----> pcfNcfTTM 654 0 0.683303 0.316697 
 ----> pcfNcfTTM 655 0 0.660837 0.339163 
 ----> pcfNcfTTM 656 0 0.684286 0.315714 
 ----> pcfNcfTTM 657 0 0.648109 0.351891 
 ----> pcfNcfTTM 658 0 0.706384 0.293616 
 ----> pcfNcfTTM 659 0 0.708953 0.291047 
 ----> pcfNcfTTM 660 0 0.690209 0.309791 
 ----> pcfNcfTTM 661 0 0.649077 0.350923 
 ----> pcfNcfTTM 662 0 0.669991 0.330009 
 ----> pcfNcfTTM 663 1 0.635438 0.364562 
 ----> pcfNcfTTM 664 1 0.663984 0.336016 
 ----> pcfNcfTTM 665 0 0.657331 0.342669 
 ----> pcfNcfTTM 666 0 0.667996 0.332004 
 ----> pcfNcfTTM 667 0 0.665556 0.334444 
 ----> pcfNcfTTM 668 1 0.669071 0.330929 
 ----> pcfNcfTTM 669 0 0.645213 0.354787 
 ----> pcfNcfTTM 670 0 0.660557 0.339443 
 ----> pcfNcfTTM 671 0 0.685196 0.314804 
 ----> pcfNcfTTM 672 0 0.675871 0.324129 
 ----> pcfNcfTTM 673 0 0.672453 0.327547 
 ----> pcfNcfTTM 674 1 0.654478 0.345522 
 ----> pcfNcfTTM 675 1 0.63582 0.36418 
 ----> pcfNcfTTM 676 0 0.654045 0.345955 
 ----> pcfNcfTTM 677 1 0.64798 0.35202 
 ----> pcfNcfTTM 678 1 0.646368 0.353632 
 ----> pcfNcfTTM 679 0 0.680488 0.319512 
 ----> pcfNcfTTM 680 1 0.626147 0.373853 
 ----> pcfNcfTTM 681 0 0.6807 0.3193 
 ----> pcfNcfTTM 682 0 0.663774 0.336226 
 ----> pcfNcfTTM 683 0 0.654616 0.345384 
 ----> pcfNcfTTM 684 0 0.671624 0.328376 
 ----> pcfNcfTTM 685 0 0.641301 0.358699 
 ----> pcfNcfTTM 686 0 0.685239 0.314761 
 ----> pcfNcfTTM 687 0 0.670093 0.329907 
 ----> pcfNcfTTM 688 0 0.653835 0.346165 
 ----> pcfNcfTTM 689 0 0.672842 0.327158 
 ----> pcfNcfTTM 690 1 0.634014 0.365986 
 ----> pcfNcfTTM 691 0 0.666241 0.333759 
 ----> pcfNcfTTM 692 0 0.685825 0.314175 
 ----> pcfNcfTTM 693 1 0.667629 0.332371 
 ----> pcfNcfTTM 694 0 0.66148 0.33852 
 ----> pcfNcfTTM 695 0 0.665215 0.334785 
 ----> pcfNcfTTM 696 0 0.643436 0.356564 
 ----> pcfNcfTTM 697 0 0.685283 0.314717 
 ----> pcfNcfTTM 698 1 0.651116 0.348884 
 ----> pcfNcfTTM 699 0 0.708526 0.291474 
 ----> pcfNcfTTM 700 1 0.663132 0.336868 
 ----> pcfNcfTTM 701 0 0.671354 0.328646 
 ----> pcfNcfTTM 702 0 0.679766 0.320234 
 ----> pcfNcfTTM 703 0 0.679833 0.320167 
 ----> pcfNcfTTM 704 0 0.682964 0.317036 
 ----> pcfNcfTTM 705 0 0.701316 0.298684 
 ----> pcfNcfTTM 706 0 0.693009 0.306991 
 ----> pcfNcfTTM 707 0 0.653087 0.346913 
 ----> pcfNcfTTM 708 0 0.672525 0.327475 
 ----> pcfNcfTTM 709 0 0.664165 0.335835 
 ----> pcfNcfTTM 710 0 0.677018 0.322982 
 ----> pcfNcfTTM 711 0 0.663275 0.336725 
 ----> pcfNcfTTM 712 0 0.698868 0.301132 
 ----> pcfNcfTTM 713 1 0.671085 0.328915 
 ----> pcfNcfTTM 714 1 0.676822 0.323178 
 ----> pcfNcfTTM 715 1 0.674171 0.325829 
 ----> pcfNcfTTM 716 1 0.658094 0.341906 
 ----> pcfNcfTTM 717 0 0.680842 0.319158 
 ----> pcfNcfTTM 718 0 0.685418 0.314582 
