 ----> pcfNcfTTM 1 1 0.63435 0.36565 
 ----> pcfNcfTTM 2 0 0.685816 0.314184 
 ----> pcfNcfTTM 3 1 0.599538 0.400462 
 ----> pcfNcfTTM 4 1 0.667038 0.332962 
 ----> pcfNcfTTM 5 1 0.59651 0.40349 
 ----> pcfNcfTTM 6 1 0.715246 0.284754 
 ----> pcfNcfTTM 7 0 0.668974 0.331026 
 ----> pcfNcfTTM 8 0 0.602143 0.397857 
 ----> pcfNcfTTM 9 0 0.647896 0.352104 
 ----> pcfNcfTTM 10 1 0.669857 0.330143 
 ----> pcfNcfTTM 11 1 0.647593 0.352407 
 ----> pcfNcfTTM 12 0 0.636464 0.363536 
 ----> pcfNcfTTM 13 0 0.643885 0.356115 
 ----> pcfNcfTTM 14 1 0.668737 0.331263 
 ----> pcfNcfTTM 15 1 0.652306 0.347694 
 ----> pcfNcfTTM 16 1 0.626009 0.373991 
 ----> pcfNcfTTM 17 1 0.675942 0.324058 
 ----> pcfNcfTTM 18 0 0.680283 0.319717 
 ----> pcfNcfTTM 19 0 0.65406 0.34594 
 ----> pcfNcfTTM 20 0 0.673902 0.326098 
 ----> pcfNcfTTM 21 1 0.659679 0.340321 
 ----> pcfNcfTTM 22 0 0.675322 0.324678 
 ----> pcfNcfTTM 23 0 0.656231 0.343769 
 ----> pcfNcfTTM 24 0 0.637808 0.362192 
 ----> pcfNcfTTM 25 0 0.666442 0.333558 
 ----> pcfNcfTTM 26 1 0.654864 0.345136 
 ----> pcfNcfTTM 27 1 0.650792 0.349208 
 ----> pcfNcfTTM 28 1 0.625636 0.374364 
 ----> pcfNcfTTM 29 0 0.662991 0.337009 
 ----> pcfNcfTTM 30 0 0.659952 0.340048 
 ----> pcfNcfTTM 31 0 0.63907 0.36093 
 ----> pcfNcfTTM 32 0 0.681959 0.318041 
 ----> pcfNcfTTM 33 0 0.699859 0.300141 
 ----> pcfNcfTTM 34 1 0.694059 0.305941 
 ----> pcfNcfTTM 35 1 0.62078 0.37922 
 ----> pcfNcfTTM 36 0 0.711547 0.288453 
 ----> pcfNcfTTM 37 0 0.655839 0.344161 
 ----> pcfNcfTTM 38 0 0.663969 0.336031 
 ----> pcfNcfTTM 39 0 0.652533 0.347467 
 ----> pcfNcfTTM 40 1 0.645378 0.354622 
 ----> pcfNcfTTM 41 1 0.63621 0.36379 
 ----> pcfNcfTTM 42 1 0.666631 0.333369 
 ----> pcfNcfTTM 43 0 0.682139 0.317861 
 ----> pcfNcfTTM 44 1 0.607918 0.392082 
 ----> pcfNcfTTM 45 1 0.637192 0.362808 
 ----> pcfNcfTTM 46 0 0.676206 0.323794 
 ----> pcfNcfTTM 47 1 0.691261 0.308739 
 ----> pcfNcfTTM 48 1 0.646161 0.353839 
 ----> pcfNcfTTM 49 1 0.621138 0.378862 
 ----> pcfNcfTTM 50 1 0.636359 0.363641 
 ----> pcfNcfTTM 51 0 0.663382 0.336618 
 ----> pcfNcfTTM 52 1 0.618444 0.381556 
 ----> pcfNcfTTM 53 0 0.711979 0.288021 
 ----> pcfNcfTTM 54 0 0.689058 0.310942 
 ----> pcfNcfTTM 55 0 0.691244 0.308756 
 ----> pcfNcfTTM 56 1 0.64681 0.35319 
 ----> pcfNcfTTM 57 1 0.638985 0.361015 
 ----> pcfNcfTTM 58 0 0.685299 0.314701 
 ----> pcfNcfTTM 59 1 0.637994 0.362006 
 ----> pcfNcfTTM 60 0 0.689983 0.310017 
 ----> pcfNcfTTM 61 0 0.677918 0.322082 
 ----> pcfNcfTTM 62 0 0.666383 0.333617 
 ----> pcfNcfTTM 63 1 0.668052 0.331948 
 ----> pcfNcfTTM 64 1 0.653924 0.346076 
 ----> pcfNcfTTM 65 0 0.673 0.327 
 ----> pcfNcfTTM 66 0 0.675878 0.324122 
 ----> pcfNcfTTM 67 1 0.655797 0.344203 
 ----> pcfNcfTTM 68 1 0.626168 0.373832 
 ----> pcfNcfTTM 69 0 0.631823 0.368177 
 ----> pcfNcfTTM 70 1 0.616803 0.383197 
 ----> pcfNcfTTM 71 1 0.648444 0.351556 
 ----> pcfNcfTTM 72 1 0.673668 0.326332 
 ----> pcfNcfTTM 73 0 0.700898 0.299102 
 ----> pcfNcfTTM 74 0 0.687818 0.312182 
 ----> pcfNcfTTM 75 0 0.656624 0.343376 
 ----> pcfNcfTTM 76 1 0.66519 0.33481 
 ----> pcfNcfTTM 77 0 0.684334 0.315666 
 ----> pcfNcfTTM 78 1 0.588522 0.411478 
 ----> pcfNcfTTM 79 0 0.689133 0.310867 
 ----> pcfNcfTTM 80 1 0.665209 0.334791 
 ----> pcfNcfTTM 81 1 0.636121 0.363879 
 ----> pcfNcfTTM 82 1 0.657525 0.342475 
 ----> pcfNcfTTM 83 1 0.63853 0.36147 
 ----> pcfNcfTTM 84 1 0.622035 0.377965 
 ----> pcfNcfTTM 85 0 0.640874 0.359126 
 ----> pcfNcfTTM 86 0 0.656 0.344 
 ----> pcfNcfTTM 87 1 0.639111 0.360889 
 ----> pcfNcfTTM 88 1 0.635359 0.364641 
 ----> pcfNcfTTM 89 1 0.665325 0.334675 
 ----> pcfNcfTTM 90 1 0.64938 0.35062 
 ----> pcfNcfTTM 91 1 0.640511 0.359489 
 ----> pcfNcfTTM 92 0 0.702025 0.297975 
 ----> pcfNcfTTM 93 0 0.689981 0.310019 
 ----> pcfNcfTTM 94 1 0.605363 0.394637 
 ----> pcfNcfTTM 95 0 0.699038 0.300962 
 ----> pcfNcfTTM 96 0 0.68352 0.31648 
 ----> pcfNcfTTM 97 1 0.60514 0.39486 
 ----> pcfNcfTTM 98 1 0.65392 0.34608 
 ----> pcfNcfTTM 99 1 0.628917 0.371083 
 ----> pcfNcfTTM 100 0 0.649274 0.350726 
 ----> pcfNcfTTM 101 1 0.637767 0.362233 
 ----> pcfNcfTTM 102 0 0.638489 0.361511 
 ----> pcfNcfTTM 103 0 0.64494 0.35506 
 ----> pcfNcfTTM 104 0 0.69071 0.30929 
 ----> pcfNcfTTM 105 1 0.658301 0.341699 
 ----> pcfNcfTTM 106 0 0.664583 0.335417 
 ----> pcfNcfTTM 107 0 0.680397 0.319603 
 ----> pcfNcfTTM 108 0 0.654775 0.345225 
 ----> pcfNcfTTM 109 0 0.679199 0.320801 
 ----> pcfNcfTTM 110 1 0.627609 0.372391 
 ----> pcfNcfTTM 111 0 0.697152 0.302848 
 ----> pcfNcfTTM 112 0 0.703738 0.296262 
 ----> pcfNcfTTM 113 1 0.625745 0.374255 
 ----> pcfNcfTTM 114 1 0.639956 0.360044 
 ----> pcfNcfTTM 115 0 0.661523 0.338477 
 ----> pcfNcfTTM 116 0 0.682472 0.317528 
 ----> pcfNcfTTM 117 1 0.657234 0.342766 
 ----> pcfNcfTTM 118 1 0.627907 0.372093 
 ----> pcfNcfTTM 119 1 0.657952 0.342048 
 ----> pcfNcfTTM 120 0 0.639104 0.360896 
 ----> pcfNcfTTM 121 0 0.678791 0.321209 
 ----> pcfNcfTTM 122 1 0.653879 0.346121 
 ----> pcfNcfTTM 123 1 0.646389 0.353611 
 ----> pcfNcfTTM 124 0 0.668233 0.331767 
 ----> pcfNcfTTM 125 1 0.649767 0.350233 
 ----> pcfNcfTTM 126 0 0.6404 0.3596 
 ----> pcfNcfTTM 127 0 0.731646 0.268354 
 ----> pcfNcfTTM 128 0 0.695606 0.304394 
 ----> pcfNcfTTM 129 1 0.647565 0.352435 
 ----> pcfNcfTTM 130 0 0.663941 0.336059 
 ----> pcfNcfTTM 131 0 0.678845 0.321155 
 ----> pcfNcfTTM 132 0 0.681632 0.318368 
 ----> pcfNcfTTM 133 1 0.642402 0.357598 
 ----> pcfNcfTTM 134 1 0.613669 0.386331 
 ----> pcfNcfTTM 135 1 0.63148 0.36852 
 ----> pcfNcfTTM 136 0 0.669162 0.330838 
 ----> pcfNcfTTM 137 1 0.626693 0.373307 
 ----> pcfNcfTTM 138 0 0.6846 0.3154 
 ----> pcfNcfTTM 139 0 0.687344 0.312656 
 ----> pcfNcfTTM 140 1 0.621209 0.378791 
 ----> pcfNcfTTM 141 0 0.70606 0.29394 
 ----> pcfNcfTTM 142 1 0.658309 0.341691 
 ----> pcfNcfTTM 143 0 0.663739 0.336261 
 ----> pcfNcfTTM 144 1 0.619806 0.380194 
 ----> pcfNcfTTM 145 0 0.65486 0.34514 
 ----> pcfNcfTTM 146 0 0.679291 0.320709 
 ----> pcfNcfTTM 147 0 0.679944 0.320056 
 ----> pcfNcfTTM 148 0 0.66004 0.33996 
 ----> pcfNcfTTM 149 1 0.652907 0.347093 
 ----> pcfNcfTTM 150 1 0.62186 0.37814 
 ----> pcfNcfTTM 151 1 0.635574 0.364426 
 ----> pcfNcfTTM 152 0 0.693455 0.306545 
 ----> pcfNcfTTM 153 0 0.66913 0.33087 
 ----> pcfNcfTTM 154 0 0.730424 0.269576 
 ----> pcfNcfTTM 155 1 0.64999 0.35001 
 ----> pcfNcfTTM 156 1 0.639556 0.360444 
 ----> pcfNcfTTM 157 1 0.623877 0.376123 
 ----> pcfNcfTTM 158 0 0.682209 0.317791 
 ----> pcfNcfTTM 159 1 0.67207 0.32793 
 ----> pcfNcfTTM 160 0 0.635676 0.364324 
 ----> pcfNcfTTM 161 0 0.625895 0.374105 
 ----> pcfNcfTTM 162 1 0.645007 0.354993 
 ----> pcfNcfTTM 163 1 0.643776 0.356224 
 ----> pcfNcfTTM 164 1 0.610177 0.389823 
 ----> pcfNcfTTM 165 1 0.632082 0.367918 
 ----> pcfNcfTTM 166 0 0.715396 0.284604 
 ----> pcfNcfTTM 167 1 0.634075 0.365925 
 ----> pcfNcfTTM 168 0 0.69393 0.30607 
 ----> pcfNcfTTM 169 0 0.641031 0.358969 
 ----> pcfNcfTTM 170 1 0.650984 0.349016 
 ----> pcfNcfTTM 171 1 0.621886 0.378114 
 ----> pcfNcfTTM 172 0 0.662657 0.337343 
 ----> pcfNcfTTM 173 1 0.633958 0.366042 
 ----> pcfNcfTTM 174 0 0.697863 0.302137 
 ----> pcfNcfTTM 175 1 0.662332 0.337668 
 ----> pcfNcfTTM 176 0 0.682193 0.317807 
 ----> pcfNcfTTM 177 0 0.660954 0.339046 
 ----> pcfNcfTTM 178 1 0.65627 0.34373 
 ----> pcfNcfTTM 179 0 0.701594 0.298406 
 ----> pcfNcfTTM 180 0 0.693293 0.306707 
 ----> pcfNcfTTM 181 0 0.73648 0.26352 
 ----> pcfNcfTTM 182 0 0.683152 0.316848 
 ----> pcfNcfTTM 183 1 0.610182 0.389818 
 ----> pcfNcfTTM 184 1 0.640879 0.359121 
 ----> pcfNcfTTM 185 0 0.696392 0.303608 
 ----> pcfNcfTTM 186 0 0.666961 0.333039 
 ----> pcfNcfTTM 187 0 0.646975 0.353025 
 ----> pcfNcfTTM 188 1 0.614415 0.385585 
 ----> pcfNcfTTM 189 1 0.63368 0.36632 
 ----> pcfNcfTTM 190 0 0.691567 0.308433 
 ----> pcfNcfTTM 191 0 0.634253 0.365747 
 ----> pcfNcfTTM 192 1 0.604796 0.395204 
 ----> pcfNcfTTM 193 0 0.695783 0.304217 
 ----> pcfNcfTTM 194 0 0.663717 0.336283 
 ----> pcfNcfTTM 195 0 0.716545 0.283455 
 ----> pcfNcfTTM 196 1 0.658459 0.341541 
 ----> pcfNcfTTM 197 0 0.678047 0.321953 
 ----> pcfNcfTTM 198 0 0.669017 0.330983 
 ----> pcfNcfTTM 199 0 0.663482 0.336518 
 ----> pcfNcfTTM 200 0 0.647607 0.352393 
 ----> pcfNcfTTM 201 0 0.679214 0.320786 
 ----> pcfNcfTTM 202 0 0.646581 0.353419 
 ----> pcfNcfTTM 203 1 0.6658 0.3342 
 ----> pcfNcfTTM 204 1 0.616997 0.383003 
 ----> pcfNcfTTM 205 0 0.651955 0.348045 
 ----> pcfNcfTTM 206 1 0.641493 0.358507 
 ----> pcfNcfTTM 207 1 0.6323 0.3677 
 ----> pcfNcfTTM 208 0 0.694015 0.305985 
 ----> pcfNcfTTM 209 0 0.658827 0.341173 
 ----> pcfNcfTTM 210 0 0.667166 0.332834 
 ----> pcfNcfTTM 211 0 0.715588 0.284412 
 ----> pcfNcfTTM 212 0 0.713337 0.286663 
 ----> pcfNcfTTM 213 1 0.631269 0.368731 
 ----> pcfNcfTTM 214 0 0.600337 0.399663 
 ----> pcfNcfTTM 215 1 0.617549 0.382451 
 ----> pcfNcfTTM 216 0 0.708632 0.291368 
 ----> pcfNcfTTM 217 1 0.594474 0.405526 
 ----> pcfNcfTTM 218 0 0.670205 0.329795 
 ----> pcfNcfTTM 219 0 0.652349 0.347651 
 ----> pcfNcfTTM 220 0 0.664321 0.335679 
 ----> pcfNcfTTM 221 0 0.748191 0.251809 
 ----> pcfNcfTTM 222 1 0.558565 0.441435 
 ----> pcfNcfTTM 223 1 0.590403 0.409597 
 ----> pcfNcfTTM 224 0 0.725294 0.274706 
 ----> pcfNcfTTM 225 1 0.593888 0.406112 
 ----> pcfNcfTTM 226 1 0.636073 0.363927 
 ----> pcfNcfTTM 227 0 0.662543 0.337457 
 ----> pcfNcfTTM 228 0 0.650468 0.349532 
 ----> pcfNcfTTM 229 0 0.702184 0.297816 
 ----> pcfNcfTTM 230 0 0.677465 0.322535 
 ----> pcfNcfTTM 231 0 0.664744 0.335256 
 ----> pcfNcfTTM 232 1 0.589395 0.410605 
 ----> pcfNcfTTM 233 0 0.696095 0.303905 
 ----> pcfNcfTTM 234 0 0.669521 0.330479 
 ----> pcfNcfTTM 235 0 0.658394 0.341606 
 ----> pcfNcfTTM 236 1 0.613624 0.386376 
 ----> pcfNcfTTM 237 0 0.680527 0.319473 
 ----> pcfNcfTTM 238 0 0.681541 0.318459 
 ----> pcfNcfTTM 239 0 0.671582 0.328418 
 ----> pcfNcfTTM 240 1 0.578476 0.421524 
 ----> pcfNcfTTM 241 0 0.676234 0.323766 
 ----> pcfNcfTTM 242 1 0.665895 0.334105 
 ----> pcfNcfTTM 243 0 0.666669 0.333331 
 ----> pcfNcfTTM 244 1 0.659173 0.340827 
 ----> pcfNcfTTM 245 1 0.650716 0.349284 
 ----> pcfNcfTTM 246 0 0.731288 0.268712 
 ----> pcfNcfTTM 247 0 0.660654 0.339346 
 ----> pcfNcfTTM 248 1 0.690404 0.309596 
 ----> pcfNcfTTM 249 1 0.665821 0.334179 
 ----> pcfNcfTTM 250 0 0.694988 0.305012 
 ----> pcfNcfTTM 251 0 0.689828 0.310172 
 ----> pcfNcfTTM 252 0 0.681358 0.318642 
 ----> pcfNcfTTM 253 1 0.656609 0.343391 
 ----> pcfNcfTTM 254 0 0.648813 0.351187 
 ----> pcfNcfTTM 255 1 0.604428 0.395572 
 ----> pcfNcfTTM 256 0 0.713391 0.286609 
 ----> pcfNcfTTM 257 0 0.699754 0.300246 
 ----> pcfNcfTTM 258 0 0.690774 0.309226 
 ----> pcfNcfTTM 259 0 0.681852 0.318148 
 ----> pcfNcfTTM 260 1 0.610585 0.389415 
 ----> pcfNcfTTM 261 1 0.656918 0.343082 
 ----> pcfNcfTTM 262 0 0.696763 0.303237 
 ----> pcfNcfTTM 263 1 0.643193 0.356807 
 ----> pcfNcfTTM 264 1 0.616486 0.383514 
 ----> pcfNcfTTM 265 1 0.662798 0.337202 
 ----> pcfNcfTTM 266 0 0.668884 0.331116 
 ----> pcfNcfTTM 267 0 0.637825 0.362175 
 ----> pcfNcfTTM 268 1 0.66344 0.33656 
 ----> pcfNcfTTM 269 0 0.713771 0.286229 
 ----> pcfNcfTTM 270 1 0.627765 0.372235 
 ----> pcfNcfTTM 271 1 0.64147 0.35853 
 ----> pcfNcfTTM 272 0 0.653086 0.346914 
 ----> pcfNcfTTM 273 0 0.653991 0.346009 
 ----> pcfNcfTTM 274 1 0.625173 0.374827 
 ----> pcfNcfTTM 275 1 0.646296 0.353704 
 ----> pcfNcfTTM 276 0 0.659114 0.340886 
 ----> pcfNcfTTM 277 0 0.68875 0.31125 
 ----> pcfNcfTTM 278 0 0.659274 0.340726 
 ----> pcfNcfTTM 279 1 0.644288 0.355712 
 ----> pcfNcfTTM 280 1 0.642706 0.357294 
 ----> pcfNcfTTM 281 0 0.679025 0.320975 
 ----> pcfNcfTTM 282 1 0.611337 0.388663 
 ----> pcfNcfTTM 283 1 0.601856 0.398144 
 ----> pcfNcfTTM 284 1 0.685306 0.314694 
 ----> pcfNcfTTM 285 0 0.684957 0.315043 
 ----> pcfNcfTTM 286 0 0.668609 0.331391 
 ----> pcfNcfTTM 287 0 0.685501 0.314499 
 ----> pcfNcfTTM 288 0 0.714543 0.285457 
 ----> pcfNcfTTM 289 0 0.685921 0.314079 
 ----> pcfNcfTTM 290 0 0.628763 0.371237 
 ----> pcfNcfTTM 291 1 0.571673 0.428327 
 ----> pcfNcfTTM 292 0 0.622674 0.377326 
 ----> pcfNcfTTM 293 1 0.621706 0.378294 
 ----> pcfNcfTTM 294 1 0.672821 0.327179 
 ----> pcfNcfTTM 295 0 0.694575 0.305425 
 ----> pcfNcfTTM 296 0 0.667707 0.332293 
 ----> pcfNcfTTM 297 0 0.700962 0.299038 
 ----> pcfNcfTTM 298 1 0.625563 0.374437 
 ----> pcfNcfTTM 299 0 0.690968 0.309032 
 ----> pcfNcfTTM 300 0 0.720598 0.279402 
 ----> pcfNcfTTM 301 0 0.654625 0.345375 
 ----> pcfNcfTTM 302 0 0.650433 0.349567 
 ----> pcfNcfTTM 303 0 0.660418 0.339582 
 ----> pcfNcfTTM 304 0 0.66697 0.33303 
 ----> pcfNcfTTM 305 0 0.654265 0.345735 
 ----> pcfNcfTTM 306 0 0.695278 0.304722 
 ----> pcfNcfTTM 307 1 0.655777 0.344223 
 ----> pcfNcfTTM 308 0 0.663118 0.336882 
 ----> pcfNcfTTM 309 1 0.620577 0.379423 
 ----> pcfNcfTTM 310 0 0.655671 0.344329 
 ----> pcfNcfTTM 311 0 0.654823 0.345177 
 ----> pcfNcfTTM 312 0 0.685904 0.314096 
 ----> pcfNcfTTM 313 1 0.616165 0.383835 
 ----> pcfNcfTTM 314 0 0.641364 0.358636 
 ----> pcfNcfTTM 315 0 0.688456 0.311544 
 ----> pcfNcfTTM 316 0 0.652647 0.347353 
 ----> pcfNcfTTM 317 0 0.697052 0.302948 
 ----> pcfNcfTTM 318 0 0.659036 0.340964 
 ----> pcfNcfTTM 319 0 0.688028 0.311972 
 ----> pcfNcfTTM 320 0 0.700994 0.299006 
 ----> pcfNcfTTM 321 1 0.652332 0.347668 
 ----> pcfNcfTTM 322 1 0.677869 0.322131 
 ----> pcfNcfTTM 323 0 0.642919 0.357081 
 ----> pcfNcfTTM 324 0 0.693115 0.306885 
 ----> pcfNcfTTM 325 0 0.664348 0.335652 
 ----> pcfNcfTTM 326 1 0.661165 0.338835 
 ----> pcfNcfTTM 327 1 0.652433 0.347567 
 ----> pcfNcfTTM 328 0 0.662638 0.337362 
 ----> pcfNcfTTM 329 0 0.677519 0.322481 
 ----> pcfNcfTTM 330 0 0.668414 0.331586 
 ----> pcfNcfTTM 331 0 0.686592 0.313408 
 ----> pcfNcfTTM 332 0 0.692057 0.307943 
 ----> pcfNcfTTM 333 1 0.663764 0.336236 
 ----> pcfNcfTTM 334 1 0.630719 0.369281 
 ----> pcfNcfTTM 335 0 0.673398 0.326602 
 ----> pcfNcfTTM 336 1 0.66469 0.33531 
 ----> pcfNcfTTM 337 1 0.655797 0.344203 
 ----> pcfNcfTTM 338 1 0.629151 0.370849 
 ----> pcfNcfTTM 339 0 0.677668 0.322332 
 ----> pcfNcfTTM 340 0 0.698416 0.301584 
 ----> pcfNcfTTM 341 1 0.669387 0.330613 
 ----> pcfNcfTTM 342 1 0.63454 0.36546 
 ----> pcfNcfTTM 343 0 0.656362 0.343638 
 ----> pcfNcfTTM 344 0 0.666809 0.333191 
 ----> pcfNcfTTM 345 0 0.663842 0.336158 
 ----> pcfNcfTTM 346 0 0.667365 0.332635 
 ----> pcfNcfTTM 347 1 0.65208 0.34792 
 ----> pcfNcfTTM 348 0 0.650319 0.349681 
 ----> pcfNcfTTM 349 0 0.696063 0.303937 
 ----> pcfNcfTTM 350 1 0.64487 0.35513 
 ----> pcfNcfTTM 351 0 0.668065 0.331935 
 ----> pcfNcfTTM 352 0 0.633501 0.366499 
 ----> pcfNcfTTM 353 0 0.71865 0.28135 
 ----> pcfNcfTTM 354 0 0.661788 0.338212 
 ----> pcfNcfTTM 355 0 0.656149 0.343851 
 ----> pcfNcfTTM 356 0 0.658077 0.341923 
 ----> pcfNcfTTM 357 1 0.665736 0.334264 
 ----> pcfNcfTTM 358 0 0.662052 0.337948 
 ----> pcfNcfTTM 359 0 0.639447 0.360553 
 ----> pcfNcfTTM 360 0 0.67243 0.32757 
 ----> pcfNcfTTM 361 0 0.633789 0.366211 
 ----> pcfNcfTTM 362 1 0.598974 0.401026 
 ----> pcfNcfTTM 363 0 0.672428 0.327572 
 ----> pcfNcfTTM 364 0 0.652049 0.347951 
 ----> pcfNcfTTM 365 0 0.682574 0.317426 
 ----> pcfNcfTTM 366 1 0.64918 0.35082 
 ----> pcfNcfTTM 367 0 0.657634 0.342366 
 ----> pcfNcfTTM 368 0 0.651277 0.348723 
 ----> pcfNcfTTM 369 0 0.689974 0.310026 
 ----> pcfNcfTTM 370 1 0.611035 0.388965 
 ----> pcfNcfTTM 371 0 0.660615 0.339385 
 ----> pcfNcfTTM 372 0 0.652223 0.347777 
 ----> pcfNcfTTM 373 0 0.71047 0.28953 
 ----> pcfNcfTTM 374 0 0.630488 0.369512 
 ----> pcfNcfTTM 375 1 0.670416 0.329584 
 ----> pcfNcfTTM 376 0 0.673039 0.326961 
 ----> pcfNcfTTM 377 0 0.636567 0.363433 
 ----> pcfNcfTTM 378 1 0.598893 0.401107 
 ----> pcfNcfTTM 379 0 0.706349 0.293651 
 ----> pcfNcfTTM 380 0 0.682919 0.317081 
 ----> pcfNcfTTM 381 0 0.658248 0.341752 
 ----> pcfNcfTTM 382 0 0.724606 0.275394 
 ----> pcfNcfTTM 383 0 0.677382 0.322618 
 ----> pcfNcfTTM 384 0 0.653889 0.346111 
 ----> pcfNcfTTM 385 1 0.657764 0.342236 
 ----> pcfNcfTTM 386 0 0.659714 0.340286 
 ----> pcfNcfTTM 387 1 0.646027 0.353973 
 ----> pcfNcfTTM 388 1 0.64933 0.35067 
 ----> pcfNcfTTM 389 0 0.692565 0.307435 
 ----> pcfNcfTTM 390 0 0.69268 0.30732 
 ----> pcfNcfTTM 391 0 0.680433 0.319567 
 ----> pcfNcfTTM 392 1 0.694469 0.305531 
 ----> pcfNcfTTM 393 1 0.613176 0.386824 
 ----> pcfNcfTTM 394 0 0.650276 0.349724 
 ----> pcfNcfTTM 395 0 0.684401 0.315599 
 ----> pcfNcfTTM 396 0 0.672462 0.327538 
 ----> pcfNcfTTM 397 0 0.679985 0.320015 
 ----> pcfNcfTTM 398 1 0.612469 0.387531 
 ----> pcfNcfTTM 399 1 0.570352 0.429648 
 ----> pcfNcfTTM 400 1 0.65818 0.34182 
 ----> pcfNcfTTM 401 0 0.671141 0.328859 
 ----> pcfNcfTTM 402 0 0.675422 0.324578 
 ----> pcfNcfTTM 403 0 0.663625 0.336375 
 ----> pcfNcfTTM 404 0 0.624225 0.375775 
 ----> pcfNcfTTM 405 0 0.655004 0.344996 
 ----> pcfNcfTTM 406 1 0.63113 0.36887 
 ----> pcfNcfTTM 407 1 0.66065 0.33935 
 ----> pcfNcfTTM 408 0 0.663637 0.336363 
 ----> pcfNcfTTM 409 1 0.639883 0.360117 
 ----> pcfNcfTTM 410 0 0.672251 0.327749 
 ----> pcfNcfTTM 411 0 0.713767 0.286233 
 ----> pcfNcfTTM 412 1 0.615473 0.384527 
 ----> pcfNcfTTM 413 1 0.661508 0.338492 
 ----> pcfNcfTTM 414 0 0.698518 0.301482 
 ----> pcfNcfTTM 415 1 0.665188 0.334812 
 ----> pcfNcfTTM 416 0 0.706096 0.293904 
 ----> pcfNcfTTM 417 0 0.692689 0.307311 
 ----> pcfNcfTTM 418 1 0.644506 0.355494 
 ----> pcfNcfTTM 419 0 0.697579 0.302421 
 ----> pcfNcfTTM 420 0 0.651595 0.348405 
 ----> pcfNcfTTM 421 0 0.697868 0.302132 
 ----> pcfNcfTTM 422 0 0.666812 0.333188 
 ----> pcfNcfTTM 423 0 0.705821 0.294179 
 ----> pcfNcfTTM 424 0 0.713666 0.286334 
 ----> pcfNcfTTM 425 0 0.674518 0.325482 
 ----> pcfNcfTTM 426 1 0.590032 0.409968 
 ----> pcfNcfTTM 427 0 0.692338 0.307662 
 ----> pcfNcfTTM 428 0 0.709375 0.290625 
 ----> pcfNcfTTM 429 0 0.659825 0.340175 
 ----> pcfNcfTTM 430 0 0.666446 0.333554 
 ----> pcfNcfTTM 431 0 0.640757 0.359243 
 ----> pcfNcfTTM 432 0 0.680708 0.319292 
 ----> pcfNcfTTM 433 0 0.712945 0.287055 
 ----> pcfNcfTTM 434 0 0.628037 0.371963 
 ----> pcfNcfTTM 435 1 0.57308 0.42692 
 ----> pcfNcfTTM 436 0 0.641252 0.358748 
 ----> pcfNcfTTM 437 0 0.674063 0.325937 
 ----> pcfNcfTTM 438 0 0.678092 0.321908 
 ----> pcfNcfTTM 439 0 0.651463 0.348537 
 ----> pcfNcfTTM 440 0 0.703791 0.296209 
 ----> pcfNcfTTM 441 0 0.653989 0.346011 
 ----> pcfNcfTTM 442 0 0.661805 0.338195 
 ----> pcfNcfTTM 443 0 0.707752 0.292248 
 ----> pcfNcfTTM 444 0 0.671413 0.328587 
 ----> pcfNcfTTM 445 1 0.649117 0.350883 
 ----> pcfNcfTTM 446 0 0.678016 0.321984 
 ----> pcfNcfTTM 447 0 0.658828 0.341172 
 ----> pcfNcfTTM 448 0 0.673428 0.326572 
 ----> pcfNcfTTM 449 0 0.669975 0.330025 
 ----> pcfNcfTTM 450 0 0.64491 0.35509 
 ----> pcfNcfTTM 451 0 0.644197 0.355803 
 ----> pcfNcfTTM 452 0 0.678356 0.321644 
 ----> pcfNcfTTM 453 0 0.669737 0.330263 
 ----> pcfNcfTTM 454 1 0.630414 0.369586 
 ----> pcfNcfTTM 455 0 0.685387 0.314613 
 ----> pcfNcfTTM 456 0 0.64676 0.35324 
 ----> pcfNcfTTM 457 0 0.691971 0.308029 
 ----> pcfNcfTTM 458 1 0.673034 0.326966 
 ----> pcfNcfTTM 459 0 0.70598 0.29402 
 ----> pcfNcfTTM 460 0 0.671808 0.328192 
 ----> pcfNcfTTM 461 1 0.604964 0.395036 
 ----> pcfNcfTTM 462 0 0.671928 0.328072 
 ----> pcfNcfTTM 463 0 0.672882 0.327118 
 ----> pcfNcfTTM 464 0 0.637127 0.362873 
 ----> pcfNcfTTM 465 0 0.675285 0.324715 
 ----> pcfNcfTTM 466 0 0.653256 0.346744 
 ----> pcfNcfTTM 467 1 0.642982 0.357018 
 ----> pcfNcfTTM 468 0 0.720063 0.279937 
 ----> pcfNcfTTM 469 0 0.655413 0.344587 
 ----> pcfNcfTTM 470 1 0.664735 0.335265 
 ----> pcfNcfTTM 471 1 0.594112 0.405888 
 ----> pcfNcfTTM 472 0 0.659192 0.340808 
 ----> pcfNcfTTM 473 1 0.640077 0.359923 
 ----> pcfNcfTTM 474 0 0.684035 0.315965 
 ----> pcfNcfTTM 475 0 0.710331 0.289669 
 ----> pcfNcfTTM 476 0 0.68999 0.31001 
 ----> pcfNcfTTM 477 1 0.608888 0.391112 
 ----> pcfNcfTTM 478 0 0.698387 0.301613 
 ----> pcfNcfTTM 479 1 0.611476 0.388524 
 ----> pcfNcfTTM 480 0 0.680184 0.319816 
 ----> pcfNcfTTM 481 0 0.694741 0.305259 
 ----> pcfNcfTTM 482 0 0.671526 0.328474 
 ----> pcfNcfTTM 483 1 0.663884 0.336116 
 ----> pcfNcfTTM 484 0 0.651468 0.348532 
 ----> pcfNcfTTM 485 0 0.653512 0.346488 
 ----> pcfNcfTTM 486 0 0.673793 0.326207 
 ----> pcfNcfTTM 487 0 0.688979 0.311021 
 ----> pcfNcfTTM 488 1 0.602547 0.397453 
 ----> pcfNcfTTM 489 1 0.630275 0.369725 
 ----> pcfNcfTTM 490 0 0.682274 0.317726 
 ----> pcfNcfTTM 491 1 0.618793 0.381207 
 ----> pcfNcfTTM 492 0 0.676209 0.323791 
 ----> pcfNcfTTM 493 0 0.64427 0.35573 
 ----> pcfNcfTTM 494 0 0.701078 0.298922 
 ----> pcfNcfTTM 495 1 0.638114 0.361886 
 ----> pcfNcfTTM 496 0 0.69049 0.30951 
 ----> pcfNcfTTM 497 0 0.659424 0.340576 
 ----> pcfNcfTTM 498 0 0.664592 0.335408 
 ----> pcfNcfTTM 499 1 0.640946 0.359054 
 ----> pcfNcfTTM 500 1 0.666199 0.333801 
 ----> pcfNcfTTM 501 0 0.67774 0.32226 
 ----> pcfNcfTTM 502 0 0.632528 0.367472 
 ----> pcfNcfTTM 503 0 0.708003 0.291997 
 ----> pcfNcfTTM 504 0 0.667069 0.332931 
 ----> pcfNcfTTM 505 0 0.661392 0.338608 
 ----> pcfNcfTTM 506 0 0.667878 0.332122 
 ----> pcfNcfTTM 507 0 0.717224 0.282776 
 ----> pcfNcfTTM 508 1 0.669604 0.330396 
 ----> pcfNcfTTM 509 1 0.647234 0.352766 
 ----> pcfNcfTTM 510 0 0.669042 0.330958 
 ----> pcfNcfTTM 511 0 0.661482 0.338518 
 ----> pcfNcfTTM 512 0 0.66994 0.33006 
 ----> pcfNcfTTM 513 1 0.640047 0.359953 
 ----> pcfNcfTTM 514 1 0.585108 0.414892 
 ----> pcfNcfTTM 515 0 0.696988 0.303012 
 ----> pcfNcfTTM 516 0 0.68597 0.31403 
 ----> pcfNcfTTM 517 1 0.647909 0.352091 
 ----> pcfNcfTTM 518 0 0.681509 0.318491 
 ----> pcfNcfTTM 519 0 0.657689 0.342311 
 ----> pcfNcfTTM 520 1 0.616165 0.383835 
 ----> pcfNcfTTM 521 1 0.650828 0.349172 
 ----> pcfNcfTTM 522 0 0.706217 0.293783 
 ----> pcfNcfTTM 523 1 0.643723 0.356277 
 ----> pcfNcfTTM 524 0 0.71227 0.28773 
 ----> pcfNcfTTM 525 0 0.634721 0.365279 
 ----> pcfNcfTTM 526 0 0.650708 0.349292 
 ----> pcfNcfTTM 527 0 0.652187 0.347813 
 ----> pcfNcfTTM 528 0 0.660759 0.339241 
 ----> pcfNcfTTM 529 1 0.669739 0.330261 
 ----> pcfNcfTTM 530 0 0.674021 0.325979 
 ----> pcfNcfTTM 531 1 0.677706 0.322294 
 ----> pcfNcfTTM 532 0 0.657698 0.342302 
 ----> pcfNcfTTM 533 0 0.692616 0.307384 
 ----> pcfNcfTTM 534 0 0.657837 0.342163 
 ----> pcfNcfTTM 535 1 0.643116 0.356884 
 ----> pcfNcfTTM 536 0 0.68651 0.31349 
 ----> pcfNcfTTM 537 0 0.650897 0.349103 
 ----> pcfNcfTTM 538 0 0.720373 0.279627 
 ----> pcfNcfTTM 539 1 0.626326 0.373674 
 ----> pcfNcfTTM 540 0 0.640785 0.359215 
 ----> pcfNcfTTM 541 1 0.625066 0.374934 
 ----> pcfNcfTTM 542 0 0.634362 0.365638 
 ----> pcfNcfTTM 543 1 0.601759 0.398241 
 ----> pcfNcfTTM 544 0 0.683784 0.316216 
 ----> pcfNcfTTM 545 1 0.639888 0.360112 
 ----> pcfNcfTTM 546 0 0.694948 0.305052 
 ----> pcfNcfTTM 547 0 0.652211 0.347789 
 ----> pcfNcfTTM 548 1 0.628989 0.371011 
 ----> pcfNcfTTM 549 0 0.75876 0.24124 
 ----> pcfNcfTTM 550 0 0.678304 0.321696 
 ----> pcfNcfTTM 551 0 0.651292 0.348708 
 ----> pcfNcfTTM 552 1 0.638973 0.361027 
 ----> pcfNcfTTM 553 1 0.662854 0.337146 
 ----> pcfNcfTTM 554 1 0.66099 0.33901 
 ----> pcfNcfTTM 555 1 0.65113 0.34887 
 ----> pcfNcfTTM 556 0 0.642114 0.357886 
 ----> pcfNcfTTM 557 0 0.641459 0.358541 
 ----> pcfNcfTTM 558 0 0.678461 0.321539 
 ----> pcfNcfTTM 559 0 0.700102 0.299898 
 ----> pcfNcfTTM 560 0 0.672637 0.327363 
 ----> pcfNcfTTM 561 1 0.529777 0.470223 
 ----> pcfNcfTTM 562 0 0.731704 0.268296 
 ----> pcfNcfTTM 563 0 0.707377 0.292623 
 ----> pcfNcfTTM 564 0 0.655592 0.344408 
 ----> pcfNcfTTM 565 0 0.680858 0.319142 
 ----> pcfNcfTTM 566 0 0.655663 0.344337 
 ----> pcfNcfTTM 567 0 0.682494 0.317506 
 ----> pcfNcfTTM 568 0 0.659135 0.340865 
 ----> pcfNcfTTM 569 1 0.650943 0.349057 
 ----> pcfNcfTTM 570 0 0.67782 0.32218 
 ----> pcfNcfTTM 571 1 0.616164 0.383836 
 ----> pcfNcfTTM 572 0 0.683489 0.316511 
 ----> pcfNcfTTM 573 0 0.632049 0.367951 
 ----> pcfNcfTTM 574 0 0.676464 0.323536 
 ----> pcfNcfTTM 575 1 0.640129 0.359871 
 ----> pcfNcfTTM 576 0 0.650214 0.349786 
 ----> pcfNcfTTM 577 1 0.654016 0.345984 
 ----> pcfNcfTTM 578 0 0.664845 0.335155 
 ----> pcfNcfTTM 579 0 0.656948 0.343052 
 ----> pcfNcfTTM 580 1 0.623315 0.376685 
 ----> pcfNcfTTM 581 0 0.703985 0.296015 
 ----> pcfNcfTTM 582 0 0.690383 0.309617 
 ----> pcfNcfTTM 583 1 0.644534 0.355466 
 ----> pcfNcfTTM 584 0 0.674279 0.325721 
 ----> pcfNcfTTM 585 0 0.63535 0.36465 
 ----> pcfNcfTTM 586 0 0.729288 0.270712 
 ----> pcfNcfTTM 587 0 0.684645 0.315355 
 ----> pcfNcfTTM 588 0 0.687706 0.312294 
 ----> pcfNcfTTM 589 1 0.64637 0.35363 
 ----> pcfNcfTTM 590 0 0.661996 0.338004 
 ----> pcfNcfTTM 591 1 0.635574 0.364426 
 ----> pcfNcfTTM 592 1 0.629838 0.370162 
 ----> pcfNcfTTM 593 0 0.684211 0.315789 
 ----> pcfNcfTTM 594 0 0.695178 0.304822 
 ----> pcfNcfTTM 595 0 0.683976 0.316024 
 ----> pcfNcfTTM 596 0 0.63699 0.36301 
 ----> pcfNcfTTM 597 0 0.677904 0.322096 
 ----> pcfNcfTTM 598 0 0.683043 0.316957 
 ----> pcfNcfTTM 599 0 0.678275 0.321725 
 ----> pcfNcfTTM 600 0 0.677289 0.322711 
 ----> pcfNcfTTM 601 0 0.66545 0.33455 
 ----> pcfNcfTTM 602 1 0.638988 0.361012 
 ----> pcfNcfTTM 603 0 0.670054 0.329946 
 ----> pcfNcfTTM 604 0 0.684539 0.315461 
 ----> pcfNcfTTM 605 0 0.658426 0.341574 
 ----> pcfNcfTTM 606 0 0.686324 0.313676 
 ----> pcfNcfTTM 607 1 0.638505 0.361495 
 ----> pcfNcfTTM 608 0 0.669572 0.330428 
 ----> pcfNcfTTM 609 0 0.669554 0.330446 
 ----> pcfNcfTTM 610 0 0.667968 0.332032 
 ----> pcfNcfTTM 611 0 0.656677 0.343323 
 ----> pcfNcfTTM 612 0 0.68457 0.31543 
 ----> pcfNcfTTM 613 0 0.697104 0.302896 
 ----> pcfNcfTTM 614 0 0.651692 0.348308 
 ----> pcfNcfTTM 615 0 0.679044 0.320956 
 ----> pcfNcfTTM 616 0 0.694166 0.305834 
 ----> pcfNcfTTM 617 0 0.644952 0.355048 
 ----> pcfNcfTTM 618 0 0.668284 0.331716 
 ----> pcfNcfTTM 619 1 0.61092 0.38908 
 ----> pcfNcfTTM 620 0 0.626182 0.373818 
 ----> pcfNcfTTM 621 0 0.656956 0.343044 
 ----> pcfNcfTTM 622 0 0.676204 0.323796 
 ----> pcfNcfTTM 623 1 0.632177 0.367823 
 ----> pcfNcfTTM 624 0 0.745771 0.254229 
 ----> pcfNcfTTM 625 0 0.704269 0.295731 
 ----> pcfNcfTTM 626 0 0.680245 0.319755 
 ----> pcfNcfTTM 627 0 0.662902 0.337098 
 ----> pcfNcfTTM 628 1 0.632678 0.367322 
 ----> pcfNcfTTM 629 0 0.706967 0.293033 
 ----> pcfNcfTTM 630 0 0.68204 0.31796 
 ----> pcfNcfTTM 631 1 0.594995 0.405005 
 ----> pcfNcfTTM 632 1 0.636284 0.363716 
 ----> pcfNcfTTM 633 0 0.690768 0.309232 
 ----> pcfNcfTTM 634 1 0.621371 0.378629 
 ----> pcfNcfTTM 635 0 0.705772 0.294228 
 ----> pcfNcfTTM 636 1 0.5768 0.4232 
 ----> pcfNcfTTM 637 0 0.665903 0.334097 
 ----> pcfNcfTTM 638 0 0.76762 0.23238 
 ----> pcfNcfTTM 639 1 0.642533 0.357467 
 ----> pcfNcfTTM 640 0 0.691132 0.308868 
 ----> pcfNcfTTM 641 0 0.696934 0.303066 
 ----> pcfNcfTTM 642 0 0.67703 0.32297 
 ----> pcfNcfTTM 643 0 0.663267 0.336733 
 ----> pcfNcfTTM 644 0 0.654969 0.345031 
 ----> pcfNcfTTM 645 0 0.672807 0.327193 
 ----> pcfNcfTTM 646 1 0.64508 0.35492 
 ----> pcfNcfTTM 647 0 0.669516 0.330484 
 ----> pcfNcfTTM 648 0 0.711851 0.288149 
 ----> pcfNcfTTM 649 0 0.671873 0.328127 
 ----> pcfNcfTTM 650 0 0.689478 0.310522 
 ----> pcfNcfTTM 651 1 0.612273 0.387727 
 ----> pcfNcfTTM 652 0 0.630941 0.369059 
 ----> pcfNcfTTM 653 1 0.65283 0.34717 
 ----> pcfNcfTTM 654 0 0.657926 0.342074 
 ----> pcfNcfTTM 655 0 0.655031 0.344969 
 ----> pcfNcfTTM 656 0 0.657304 0.342696 
 ----> pcfNcfTTM 657 0 0.690279 0.309721 
 ----> pcfNcfTTM 658 0 0.684508 0.315492 
 ----> pcfNcfTTM 659 0 0.655871 0.344129 
 ----> pcfNcfTTM 660 0 0.687261 0.312739 
 ----> pcfNcfTTM 661 0 0.640458 0.359542 
 ----> pcfNcfTTM 662 0 0.640835 0.359165 
 ----> pcfNcfTTM 663 1 0.620346 0.379654 
 ----> pcfNcfTTM 664 1 0.597279 0.402721 
 ----> pcfNcfTTM 665 0 0.661622 0.338378 
 ----> pcfNcfTTM 666 0 0.711723 0.288277 
 ----> pcfNcfTTM 667 0 0.67877 0.32123 
 ----> pcfNcfTTM 668 1 0.589797 0.410203 
 ----> pcfNcfTTM 669 0 0.616329 0.383671 
 ----> pcfNcfTTM 670 0 0.65888 0.34112 
 ----> pcfNcfTTM 671 0 0.694906 0.305094 
 ----> pcfNcfTTM 672 0 0.682771 0.317229 
 ----> pcfNcfTTM 673 0 0.711241 0.288759 
 ----> pcfNcfTTM 674 1 0.681705 0.318295 
 ----> pcfNcfTTM 675 1 0.67855 0.32145 
 ----> pcfNcfTTM 676 0 0.682067 0.317933 
 ----> pcfNcfTTM 677 1 0.610507 0.389493 
 ----> pcfNcfTTM 678 1 0.681514 0.318486 
 ----> pcfNcfTTM 679 0 0.644387 0.355613 
 ----> pcfNcfTTM 680 1 0.652026 0.347974 
 ----> pcfNcfTTM 681 0 0.650101 0.349899 
 ----> pcfNcfTTM 682 0 0.658994 0.341006 
 ----> pcfNcfTTM 683 0 0.671813 0.328187 
 ----> pcfNcfTTM 684 0 0.662472 0.337528 
 ----> pcfNcfTTM 685 0 0.704718 0.295282 
 ----> pcfNcfTTM 686 0 0.725209 0.274791 
 ----> pcfNcfTTM 687 0 0.72234 0.27766 
 ----> pcfNcfTTM 688 0 0.697503 0.302497 
 ----> pcfNcfTTM 689 0 0.682422 0.317578 
 ----> pcfNcfTTM 690 1 0.626308 0.373692 
 ----> pcfNcfTTM 691 0 0.69904 0.30096 
 ----> pcfNcfTTM 692 0 0.681769 0.318231 
 ----> pcfNcfTTM 693 1 0.606933 0.393067 
 ----> pcfNcfTTM 694 0 0.698777 0.301223 
 ----> pcfNcfTTM 695 0 0.691738 0.308262 
 ----> pcfNcfTTM 696 0 0.676332 0.323668 
 ----> pcfNcfTTM 697 0 0.746452 0.253548 
 ----> pcfNcfTTM 698 1 0.639002 0.360998 
 ----> pcfNcfTTM 699 0 0.693402 0.306598 
 ----> pcfNcfTTM 700 1 0.651729 0.348271 
 ----> pcfNcfTTM 701 0 0.643494 0.356506 
 ----> pcfNcfTTM 702 0 0.679148 0.320852 
 ----> pcfNcfTTM 703 0 0.67739 0.32261 
 ----> pcfNcfTTM 704 0 0.68768 0.31232 
 ----> pcfNcfTTM 705 0 0.695311 0.304689 
 ----> pcfNcfTTM 706 0 0.672679 0.327321 
 ----> pcfNcfTTM 707 0 0.664117 0.335883 
 ----> pcfNcfTTM 708 0 0.667457 0.332543 
 ----> pcfNcfTTM 709 0 0.665867 0.334133 
 ----> pcfNcfTTM 710 0 0.676315 0.323685 
 ----> pcfNcfTTM 711 0 0.66133 0.33867 
 ----> pcfNcfTTM 712 0 0.674011 0.325989 
 ----> pcfNcfTTM 713 1 0.624735 0.375265 
 ----> pcfNcfTTM 714 1 0.677506 0.322494 
 ----> pcfNcfTTM 715 1 0.649959 0.350041 
 ----> pcfNcfTTM 716 1 0.672398 0.327602 
 ----> pcfNcfTTM 717 0 0.678388 0.321612 
 ----> pcfNcfTTM 718 0 0.643735 0.356265 
