 ----> pcfNcfTTM 1 1 0.642852 0.357148 
 ----> pcfNcfTTM 2 0 0.671881 0.328119 
 ----> pcfNcfTTM 3 1 0.615615 0.384385 
 ----> pcfNcfTTM 4 1 0.657543 0.342457 
 ----> pcfNcfTTM 5 1 0.606116 0.393884 
 ----> pcfNcfTTM 6 1 0.688044 0.311956 
 ----> pcfNcfTTM 7 0 0.665315 0.334685 
 ----> pcfNcfTTM 8 0 0.598068 0.401932 
 ----> pcfNcfTTM 9 0 0.667575 0.332425 
 ----> pcfNcfTTM 10 1 0.637914 0.362086 
 ----> pcfNcfTTM 11 1 0.658126 0.341874 
 ----> pcfNcfTTM 12 0 0.640435 0.359565 
 ----> pcfNcfTTM 13 0 0.643958 0.356042 
 ----> pcfNcfTTM 14 1 0.654306 0.345694 
 ----> pcfNcfTTM 15 1 0.661449 0.338551 
 ----> pcfNcfTTM 16 1 0.643673 0.356327 
 ----> pcfNcfTTM 17 1 0.67955 0.32045 
 ----> pcfNcfTTM 18 0 0.641157 0.358843 
 ----> pcfNcfTTM 19 0 0.669533 0.330467 
 ----> pcfNcfTTM 20 0 0.685984 0.314016 
 ----> pcfNcfTTM 21 1 0.65477 0.34523 
 ----> pcfNcfTTM 22 0 0.66651 0.33349 
 ----> pcfNcfTTM 23 0 0.639523 0.360477 
 ----> pcfNcfTTM 24 0 0.637562 0.362438 
 ----> pcfNcfTTM 25 0 0.660326 0.339674 
 ----> pcfNcfTTM 26 1 0.670142 0.329858 
 ----> pcfNcfTTM 27 1 0.64297 0.35703 
 ----> pcfNcfTTM 28 1 0.644891 0.355109 
 ----> pcfNcfTTM 29 0 0.661132 0.338868 
 ----> pcfNcfTTM 30 0 0.652305 0.347695 
 ----> pcfNcfTTM 31 0 0.643828 0.356172 
 ----> pcfNcfTTM 32 0 0.67131 0.32869 
 ----> pcfNcfTTM 33 0 0.675225 0.324775 
 ----> pcfNcfTTM 34 1 0.650869 0.349131 
 ----> pcfNcfTTM 35 1 0.643821 0.356179 
 ----> pcfNcfTTM 36 0 0.641967 0.358033 
 ----> pcfNcfTTM 37 0 0.661693 0.338307 
 ----> pcfNcfTTM 38 0 0.685139 0.314861 
 ----> pcfNcfTTM 39 0 0.682287 0.317713 
 ----> pcfNcfTTM 40 1 0.653897 0.346103 
 ----> pcfNcfTTM 41 1 0.623632 0.376368 
 ----> pcfNcfTTM 42 1 0.666906 0.333094 
 ----> pcfNcfTTM 43 0 0.694407 0.305593 
 ----> pcfNcfTTM 44 1 0.645354 0.354646 
 ----> pcfNcfTTM 45 1 0.636181 0.363819 
 ----> pcfNcfTTM 46 0 0.658461 0.341539 
 ----> pcfNcfTTM 47 1 0.687386 0.312614 
 ----> pcfNcfTTM 48 1 0.650429 0.349571 
 ----> pcfNcfTTM 49 1 0.646254 0.353746 
 ----> pcfNcfTTM 50 1 0.631155 0.368845 
 ----> pcfNcfTTM 51 0 0.686774 0.313226 
 ----> pcfNcfTTM 52 1 0.62445 0.37555 
 ----> pcfNcfTTM 53 0 0.666688 0.333312 
 ----> pcfNcfTTM 54 0 0.685672 0.314328 
 ----> pcfNcfTTM 55 0 0.645825 0.354175 
 ----> pcfNcfTTM 56 1 0.646024 0.353976 
 ----> pcfNcfTTM 57 1 0.658954 0.341046 
 ----> pcfNcfTTM 58 0 0.653976 0.346024 
 ----> pcfNcfTTM 59 1 0.639075 0.360925 
 ----> pcfNcfTTM 60 0 0.648138 0.351862 
 ----> pcfNcfTTM 61 0 0.639156 0.360844 
 ----> pcfNcfTTM 62 0 0.700863 0.299137 
 ----> pcfNcfTTM 63 1 0.642465 0.357535 
 ----> pcfNcfTTM 64 1 0.662298 0.337702 
 ----> pcfNcfTTM 65 0 0.679478 0.320522 
 ----> pcfNcfTTM 66 0 0.647347 0.352653 
 ----> pcfNcfTTM 67 1 0.656532 0.343468 
 ----> pcfNcfTTM 68 1 0.650123 0.349877 
 ----> pcfNcfTTM 69 0 0.682084 0.317916 
 ----> pcfNcfTTM 70 1 0.627849 0.372151 
 ----> pcfNcfTTM 71 1 0.637456 0.362544 
 ----> pcfNcfTTM 72 1 0.65213 0.34787 
 ----> pcfNcfTTM 73 0 0.677582 0.322418 
 ----> pcfNcfTTM 74 0 0.654788 0.345212 
 ----> pcfNcfTTM 75 0 0.654359 0.345641 
 ----> pcfNcfTTM 76 1 0.629273 0.370727 
 ----> pcfNcfTTM 77 0 0.676522 0.323478 
 ----> pcfNcfTTM 78 1 0.654953 0.345047 
 ----> pcfNcfTTM 79 0 0.670265 0.329735 
 ----> pcfNcfTTM 80 1 0.652791 0.347209 
 ----> pcfNcfTTM 81 1 0.653669 0.346331 
 ----> pcfNcfTTM 82 1 0.666961 0.333039 
 ----> pcfNcfTTM 83 1 0.639885 0.360115 
 ----> pcfNcfTTM 84 1 0.653576 0.346424 
 ----> pcfNcfTTM 85 0 0.678232 0.321768 
 ----> pcfNcfTTM 86 0 0.672077 0.327923 
 ----> pcfNcfTTM 87 1 0.630789 0.369211 
 ----> pcfNcfTTM 88 1 0.671523 0.328477 
 ----> pcfNcfTTM 89 1 0.649124 0.350876 
 ----> pcfNcfTTM 90 1 0.652209 0.347791 
 ----> pcfNcfTTM 91 1 0.640575 0.359425 
 ----> pcfNcfTTM 92 0 0.681325 0.318675 
 ----> pcfNcfTTM 93 0 0.645471 0.354529 
 ----> pcfNcfTTM 94 1 0.629033 0.370967 
 ----> pcfNcfTTM 95 0 0.650175 0.349825 
 ----> pcfNcfTTM 96 0 0.638461 0.361539 
 ----> pcfNcfTTM 97 1 0.650448 0.349552 
 ----> pcfNcfTTM 98 1 0.665651 0.334349 
 ----> pcfNcfTTM 99 1 0.609408 0.390592 
 ----> pcfNcfTTM 100 0 0.696029 0.303971 
 ----> pcfNcfTTM 101 1 0.655049 0.344951 
 ----> pcfNcfTTM 102 0 0.674344 0.325656 
 ----> pcfNcfTTM 103 0 0.648 0.352 
 ----> pcfNcfTTM 104 0 0.661209 0.338791 
 ----> pcfNcfTTM 105 1 0.659805 0.340195 
 ----> pcfNcfTTM 106 0 0.661936 0.338064 
 ----> pcfNcfTTM 107 0 0.681255 0.318745 
 ----> pcfNcfTTM 108 0 0.662369 0.337631 
 ----> pcfNcfTTM 109 0 0.655356 0.344644 
 ----> pcfNcfTTM 110 1 0.68572 0.31428 
 ----> pcfNcfTTM 111 0 0.69292 0.30708 
 ----> pcfNcfTTM 112 0 0.68339 0.31661 
 ----> pcfNcfTTM 113 1 0.620075 0.379925 
 ----> pcfNcfTTM 114 1 0.64596 0.35404 
 ----> pcfNcfTTM 115 0 0.63824 0.36176 
 ----> pcfNcfTTM 116 0 0.697902 0.302098 
 ----> pcfNcfTTM 117 1 0.614869 0.385131 
 ----> pcfNcfTTM 118 1 0.660119 0.339881 
 ----> pcfNcfTTM 119 1 0.619512 0.380488 
 ----> pcfNcfTTM 120 0 0.669383 0.330617 
 ----> pcfNcfTTM 121 0 0.664187 0.335813 
 ----> pcfNcfTTM 122 1 0.56792 0.43208 
 ----> pcfNcfTTM 123 1 0.654677 0.345323 
 ----> pcfNcfTTM 124 0 0.710968 0.289032 
 ----> pcfNcfTTM 125 1 0.604558 0.395442 
 ----> pcfNcfTTM 126 0 0.696981 0.303019 
 ----> pcfNcfTTM 127 0 0.647657 0.352343 
 ----> pcfNcfTTM 128 0 0.691945 0.308055 
 ----> pcfNcfTTM 129 1 0.627415 0.372585 
 ----> pcfNcfTTM 130 0 0.698932 0.301068 
 ----> pcfNcfTTM 131 0 0.693217 0.306783 
 ----> pcfNcfTTM 132 0 0.658027 0.341973 
 ----> pcfNcfTTM 133 1 0.662044 0.337956 
 ----> pcfNcfTTM 134 1 0.593328 0.406672 
 ----> pcfNcfTTM 135 1 0.643827 0.356173 
 ----> pcfNcfTTM 136 0 0.720944 0.279056 
 ----> pcfNcfTTM 137 1 0.664656 0.335344 
 ----> pcfNcfTTM 138 0 0.643819 0.356181 
 ----> pcfNcfTTM 139 0 0.671428 0.328572 
 ----> pcfNcfTTM 140 1 0.58464 0.41536 
 ----> pcfNcfTTM 141 0 0.660895 0.339105 
 ----> pcfNcfTTM 142 1 0.624925 0.375075 
 ----> pcfNcfTTM 143 0 0.661767 0.338233 
 ----> pcfNcfTTM 144 1 0.633892 0.366108 
 ----> pcfNcfTTM 145 0 0.711815 0.288185 
 ----> pcfNcfTTM 146 0 0.704305 0.295695 
 ----> pcfNcfTTM 147 0 0.724057 0.275943 
 ----> pcfNcfTTM 148 0 0.646784 0.353216 
 ----> pcfNcfTTM 149 1 0.650161 0.349839 
 ----> pcfNcfTTM 150 1 0.607632 0.392368 
 ----> pcfNcfTTM 151 1 0.652178 0.347822 
 ----> pcfNcfTTM 152 0 0.675263 0.324737 
 ----> pcfNcfTTM 153 0 0.682035 0.317965 
 ----> pcfNcfTTM 154 0 0.678164 0.321836 
 ----> pcfNcfTTM 155 1 0.668145 0.331855 
 ----> pcfNcfTTM 156 1 0.645489 0.354511 
 ----> pcfNcfTTM 157 1 0.663403 0.336597 
 ----> pcfNcfTTM 158 0 0.67332 0.32668 
 ----> pcfNcfTTM 159 1 0.617884 0.382116 
 ----> pcfNcfTTM 160 0 0.68048 0.31952 
 ----> pcfNcfTTM 161 0 0.678061 0.321939 
 ----> pcfNcfTTM 162 1 0.6358 0.3642 
 ----> pcfNcfTTM 163 1 0.655139 0.344861 
 ----> pcfNcfTTM 164 1 0.651679 0.348321 
 ----> pcfNcfTTM 165 1 0.638346 0.361654 
 ----> pcfNcfTTM 166 0 0.652666 0.347334 
 ----> pcfNcfTTM 167 1 0.651596 0.348404 
 ----> pcfNcfTTM 168 0 0.698732 0.301268 
 ----> pcfNcfTTM 169 0 0.671983 0.328017 
 ----> pcfNcfTTM 170 1 0.655446 0.344554 
 ----> pcfNcfTTM 171 1 0.628969 0.371031 
 ----> pcfNcfTTM 172 0 0.671628 0.328372 
 ----> pcfNcfTTM 173 1 0.647796 0.352204 
 ----> pcfNcfTTM 174 0 0.683313 0.316687 
 ----> pcfNcfTTM 175 1 0.639838 0.360162 
 ----> pcfNcfTTM 176 0 0.657825 0.342175 
 ----> pcfNcfTTM 177 0 0.668774 0.331226 
 ----> pcfNcfTTM 178 1 0.637841 0.362159 
 ----> pcfNcfTTM 179 0 0.662048 0.337952 
 ----> pcfNcfTTM 180 0 0.666041 0.333959 
 ----> pcfNcfTTM 181 0 0.670584 0.329416 
 ----> pcfNcfTTM 182 0 0.676204 0.323796 
 ----> pcfNcfTTM 183 1 0.667782 0.332218 
 ----> pcfNcfTTM 184 1 0.638479 0.361521 
 ----> pcfNcfTTM 185 0 0.702892 0.297108 
 ----> pcfNcfTTM 186 0 0.660348 0.339652 
 ----> pcfNcfTTM 187 0 0.680988 0.319012 
 ----> pcfNcfTTM 188 1 0.607081 0.392919 
 ----> pcfNcfTTM 189 1 0.672487 0.327513 
 ----> pcfNcfTTM 190 0 0.708351 0.291649 
 ----> pcfNcfTTM 191 0 0.678552 0.321448 
 ----> pcfNcfTTM 192 1 0.600367 0.399633 
 ----> pcfNcfTTM 193 0 0.690785 0.309215 
 ----> pcfNcfTTM 194 0 0.595132 0.404868 
 ----> pcfNcfTTM 195 0 0.671134 0.328866 
 ----> pcfNcfTTM 196 1 0.629783 0.370217 
 ----> pcfNcfTTM 197 0 0.674171 0.325829 
 ----> pcfNcfTTM 198 0 0.669566 0.330434 
 ----> pcfNcfTTM 199 0 0.665497 0.334503 
 ----> pcfNcfTTM 200 0 0.709547 0.290453 
 ----> pcfNcfTTM 201 0 0.724073 0.275927 
 ----> pcfNcfTTM 202 0 0.719317 0.280683 
 ----> pcfNcfTTM 203 1 0.592659 0.407341 
 ----> pcfNcfTTM 204 1 0.664939 0.335061 
 ----> pcfNcfTTM 205 0 0.656355 0.343645 
 ----> pcfNcfTTM 206 1 0.548149 0.451851 
 ----> pcfNcfTTM 207 1 0.629121 0.370879 
 ----> pcfNcfTTM 208 0 0.714439 0.285561 
 ----> pcfNcfTTM 209 0 0.677553 0.322447 
 ----> pcfNcfTTM 210 0 0.633443 0.366557 
 ----> pcfNcfTTM 211 0 0.682113 0.317887 
 ----> pcfNcfTTM 212 0 0.682271 0.317729 
 ----> pcfNcfTTM 213 1 0.647883 0.352117 
 ----> pcfNcfTTM 214 0 0.679988 0.320012 
 ----> pcfNcfTTM 215 1 0.633539 0.366461 
 ----> pcfNcfTTM 216 0 0.661179 0.338821 
 ----> pcfNcfTTM 217 1 0.660884 0.339116 
 ----> pcfNcfTTM 218 0 0.694768 0.305232 
 ----> pcfNcfTTM 219 0 0.698332 0.301668 
 ----> pcfNcfTTM 220 0 0.63905 0.36095 
 ----> pcfNcfTTM 221 0 0.713359 0.286641 
 ----> pcfNcfTTM 222 1 0.657822 0.342178 
 ----> pcfNcfTTM 223 1 0.614143 0.385857 
 ----> pcfNcfTTM 224 0 0.688931 0.311069 
 ----> pcfNcfTTM 225 1 0.640811 0.359189 
 ----> pcfNcfTTM 226 1 0.675308 0.324692 
 ----> pcfNcfTTM 227 0 0.647981 0.352019 
 ----> pcfNcfTTM 228 0 0.653994 0.346006 
 ----> pcfNcfTTM 229 0 0.672074 0.327926 
 ----> pcfNcfTTM 230 0 0.70005 0.29995 
 ----> pcfNcfTTM 231 0 0.722537 0.277463 
 ----> pcfNcfTTM 232 1 0.652661 0.347339 
 ----> pcfNcfTTM 233 0 0.677734 0.322266 
 ----> pcfNcfTTM 234 0 0.654771 0.345229 
 ----> pcfNcfTTM 235 0 0.669645 0.330355 
 ----> pcfNcfTTM 236 1 0.645676 0.354324 
 ----> pcfNcfTTM 237 0 0.671142 0.328858 
 ----> pcfNcfTTM 238 0 0.711673 0.288327 
 ----> pcfNcfTTM 239 0 0.642255 0.357745 
 ----> pcfNcfTTM 240 1 0.580581 0.419419 
 ----> pcfNcfTTM 241 0 0.651016 0.348984 
 ----> pcfNcfTTM 242 1 0.581175 0.418825 
 ----> pcfNcfTTM 243 0 0.676887 0.323113 
 ----> pcfNcfTTM 244 1 0.652069 0.347931 
 ----> pcfNcfTTM 245 1 0.650744 0.349256 
 ----> pcfNcfTTM 246 0 0.648375 0.351625 
 ----> pcfNcfTTM 247 0 0.666658 0.333342 
 ----> pcfNcfTTM 248 1 0.668282 0.331718 
 ----> pcfNcfTTM 249 1 0.636175 0.363825 
 ----> pcfNcfTTM 250 0 0.631262 0.368738 
 ----> pcfNcfTTM 251 0 0.666212 0.333788 
 ----> pcfNcfTTM 252 0 0.660004 0.339996 
 ----> pcfNcfTTM 253 1 0.686831 0.313169 
 ----> pcfNcfTTM 254 0 0.687865 0.312135 
 ----> pcfNcfTTM 255 1 0.641021 0.358979 
 ----> pcfNcfTTM 256 0 0.658285 0.341715 
 ----> pcfNcfTTM 257 0 0.654919 0.345081 
 ----> pcfNcfTTM 258 0 0.691168 0.308832 
 ----> pcfNcfTTM 259 0 0.693211 0.306789 
 ----> pcfNcfTTM 260 1 0.665741 0.334259 
 ----> pcfNcfTTM 261 1 0.630472 0.369528 
 ----> pcfNcfTTM 262 0 0.674485 0.325515 
 ----> pcfNcfTTM 263 1 0.652854 0.347146 
 ----> pcfNcfTTM 264 1 0.658978 0.341022 
 ----> pcfNcfTTM 265 1 0.661362 0.338638 
 ----> pcfNcfTTM 266 0 0.640999 0.359001 
 ----> pcfNcfTTM 267 0 0.675899 0.324101 
 ----> pcfNcfTTM 268 1 0.627164 0.372836 
 ----> pcfNcfTTM 269 0 0.718228 0.281772 
 ----> pcfNcfTTM 270 1 0.668698 0.331302 
 ----> pcfNcfTTM 271 1 0.636915 0.363085 
 ----> pcfNcfTTM 272 0 0.626298 0.373702 
 ----> pcfNcfTTM 273 0 0.690012 0.309988 
 ----> pcfNcfTTM 274 1 0.690743 0.309257 
 ----> pcfNcfTTM 275 1 0.638151 0.361849 
 ----> pcfNcfTTM 276 0 0.677638 0.322362 
 ----> pcfNcfTTM 277 0 0.65122 0.34878 
 ----> pcfNcfTTM 278 0 0.690746 0.309254 
 ----> pcfNcfTTM 279 1 0.639758 0.360242 
 ----> pcfNcfTTM 280 1 0.648396 0.351604 
 ----> pcfNcfTTM 281 0 0.682478 0.317522 
 ----> pcfNcfTTM 282 1 0.626988 0.373012 
 ----> pcfNcfTTM 283 1 0.666344 0.333656 
 ----> pcfNcfTTM 284 1 0.620558 0.379442 
 ----> pcfNcfTTM 285 0 0.681677 0.318323 
 ----> pcfNcfTTM 286 0 0.702602 0.297398 
 ----> pcfNcfTTM 287 0 0.690055 0.309945 
 ----> pcfNcfTTM 288 0 0.694986 0.305014 
 ----> pcfNcfTTM 289 0 0.71291 0.28709 
 ----> pcfNcfTTM 290 0 0.669009 0.330991 
 ----> pcfNcfTTM 291 1 0.627078 0.372922 
 ----> pcfNcfTTM 292 0 0.662391 0.337609 
 ----> pcfNcfTTM 293 1 0.662031 0.337969 
 ----> pcfNcfTTM 294 1 0.674435 0.325565 
 ----> pcfNcfTTM 295 0 0.678898 0.321102 
 ----> pcfNcfTTM 296 0 0.657469 0.342531 
 ----> pcfNcfTTM 297 0 0.654291 0.345709 
 ----> pcfNcfTTM 298 1 0.644031 0.355969 
 ----> pcfNcfTTM 299 0 0.650623 0.349377 
 ----> pcfNcfTTM 300 0 0.647393 0.352607 
 ----> pcfNcfTTM 301 0 0.691552 0.308448 
 ----> pcfNcfTTM 302 0 0.65646 0.34354 
 ----> pcfNcfTTM 303 0 0.664532 0.335468 
 ----> pcfNcfTTM 304 0 0.685818 0.314182 
 ----> pcfNcfTTM 305 0 0.573244 0.426756 
 ----> pcfNcfTTM 306 0 0.673667 0.326333 
 ----> pcfNcfTTM 307 1 0.62055 0.37945 
 ----> pcfNcfTTM 308 0 0.69076 0.30924 
 ----> pcfNcfTTM 309 1 0.625877 0.374123 
 ----> pcfNcfTTM 310 0 0.700559 0.299441 
 ----> pcfNcfTTM 311 0 0.648311 0.351689 
 ----> pcfNcfTTM 312 0 0.647298 0.352702 
 ----> pcfNcfTTM 313 1 0.632976 0.367024 
 ----> pcfNcfTTM 314 0 0.690737 0.309263 
 ----> pcfNcfTTM 315 0 0.676043 0.323957 
 ----> pcfNcfTTM 316 0 0.659905 0.340095 
 ----> pcfNcfTTM 317 0 0.658939 0.341061 
 ----> pcfNcfTTM 318 0 0.665081 0.334919 
 ----> pcfNcfTTM 319 0 0.684946 0.315054 
 ----> pcfNcfTTM 320 0 0.691283 0.308717 
 ----> pcfNcfTTM 321 1 0.636897 0.363103 
 ----> pcfNcfTTM 322 1 0.662003 0.337997 
 ----> pcfNcfTTM 323 0 0.696493 0.303507 
 ----> pcfNcfTTM 324 0 0.664357 0.335643 
 ----> pcfNcfTTM 325 0 0.660616 0.339384 
 ----> pcfNcfTTM 326 1 0.662533 0.337467 
 ----> pcfNcfTTM 327 1 0.645936 0.354064 
 ----> pcfNcfTTM 328 0 0.706514 0.293486 
 ----> pcfNcfTTM 329 0 0.681035 0.318965 
 ----> pcfNcfTTM 330 0 0.649545 0.350455 
 ----> pcfNcfTTM 331 0 0.653462 0.346538 
 ----> pcfNcfTTM 332 0 0.700472 0.299528 
 ----> pcfNcfTTM 333 1 0.522522 0.477478 
 ----> pcfNcfTTM 334 1 0.682499 0.317501 
 ----> pcfNcfTTM 335 0 0.697114 0.302886 
 ----> pcfNcfTTM 336 1 0.639742 0.360258 
 ----> pcfNcfTTM 337 1 0.639332 0.360668 
 ----> pcfNcfTTM 338 1 0.642145 0.357855 
 ----> pcfNcfTTM 339 0 0.666637 0.333363 
 ----> pcfNcfTTM 340 0 0.708992 0.291008 
 ----> pcfNcfTTM 341 1 0.641546 0.358454 
 ----> pcfNcfTTM 342 1 0.604819 0.395181 
 ----> pcfNcfTTM 343 0 0.679736 0.320264 
 ----> pcfNcfTTM 344 0 0.71693 0.28307 
 ----> pcfNcfTTM 345 0 0.659543 0.340457 
 ----> pcfNcfTTM 346 0 0.673112 0.326888 
 ----> pcfNcfTTM 347 1 0.662698 0.337302 
 ----> pcfNcfTTM 348 0 0.672369 0.327631 
 ----> pcfNcfTTM 349 0 0.694676 0.305324 
 ----> pcfNcfTTM 350 1 0.647572 0.352428 
 ----> pcfNcfTTM 351 0 0.637615 0.362385 
 ----> pcfNcfTTM 352 0 0.641765 0.358235 
 ----> pcfNcfTTM 353 0 0.685531 0.314469 
 ----> pcfNcfTTM 354 0 0.673546 0.326454 
 ----> pcfNcfTTM 355 0 0.671684 0.328316 
 ----> pcfNcfTTM 356 0 0.693239 0.306761 
 ----> pcfNcfTTM 357 1 0.599598 0.400402 
 ----> pcfNcfTTM 358 0 0.680265 0.319735 
 ----> pcfNcfTTM 359 0 0.652899 0.347101 
 ----> pcfNcfTTM 360 0 0.610719 0.389281 
 ----> pcfNcfTTM 361 0 0.65786 0.34214 
 ----> pcfNcfTTM 362 1 0.633096 0.366904 
 ----> pcfNcfTTM 363 0 0.664315 0.335685 
 ----> pcfNcfTTM 364 0 0.675477 0.324523 
 ----> pcfNcfTTM 365 0 0.697583 0.302417 
 ----> pcfNcfTTM 366 1 0.623417 0.376583 
 ----> pcfNcfTTM 367 0 0.672749 0.327251 
 ----> pcfNcfTTM 368 0 0.671027 0.328973 
 ----> pcfNcfTTM 369 0 0.692153 0.307847 
 ----> pcfNcfTTM 370 1 0.589524 0.410476 
 ----> pcfNcfTTM 371 0 0.653835 0.346165 
 ----> pcfNcfTTM 372 0 0.671296 0.328704 
 ----> pcfNcfTTM 373 0 0.679483 0.320517 
 ----> pcfNcfTTM 374 0 0.658158 0.341842 
 ----> pcfNcfTTM 375 1 0.646321 0.353679 
 ----> pcfNcfTTM 376 0 0.648137 0.351863 
 ----> pcfNcfTTM 377 0 0.703394 0.296606 
 ----> pcfNcfTTM 378 1 0.657732 0.342268 
 ----> pcfNcfTTM 379 0 0.680839 0.319161 
 ----> pcfNcfTTM 380 0 0.663595 0.336405 
 ----> pcfNcfTTM 381 0 0.699366 0.300634 
 ----> pcfNcfTTM 382 0 0.647072 0.352928 
 ----> pcfNcfTTM 383 0 0.669563 0.330437 
 ----> pcfNcfTTM 384 0 0.669742 0.330258 
 ----> pcfNcfTTM 385 1 0.637504 0.362496 
 ----> pcfNcfTTM 386 0 0.712475 0.287525 
 ----> pcfNcfTTM 387 1 0.621925 0.378075 
 ----> pcfNcfTTM 388 1 0.647469 0.352531 
 ----> pcfNcfTTM 389 0 0.685794 0.314206 
 ----> pcfNcfTTM 390 0 0.645404 0.354596 
 ----> pcfNcfTTM 391 0 0.660883 0.339117 
 ----> pcfNcfTTM 392 1 0.631486 0.368514 
 ----> pcfNcfTTM 393 1 0.616201 0.383799 
 ----> pcfNcfTTM 394 0 0.691056 0.308944 
 ----> pcfNcfTTM 395 0 0.683995 0.316005 
 ----> pcfNcfTTM 396 0 0.662169 0.337831 
 ----> pcfNcfTTM 397 0 0.628778 0.371222 
 ----> pcfNcfTTM 398 1 0.651884 0.348116 
 ----> pcfNcfTTM 399 1 0.638493 0.361507 
 ----> pcfNcfTTM 400 1 0.634274 0.365726 
 ----> pcfNcfTTM 401 0 0.685647 0.314353 
 ----> pcfNcfTTM 402 0 0.670763 0.329237 
 ----> pcfNcfTTM 403 0 0.692432 0.307568 
 ----> pcfNcfTTM 404 0 0.672956 0.327044 
 ----> pcfNcfTTM 405 0 0.678335 0.321665 
 ----> pcfNcfTTM 406 1 0.584208 0.415792 
 ----> pcfNcfTTM 407 1 0.588399 0.411601 
 ----> pcfNcfTTM 408 0 0.683873 0.316127 
 ----> pcfNcfTTM 409 1 0.662749 0.337251 
 ----> pcfNcfTTM 410 0 0.683022 0.316978 
 ----> pcfNcfTTM 411 0 0.697263 0.302737 
 ----> pcfNcfTTM 412 1 0.676598 0.323402 
 ----> pcfNcfTTM 413 1 0.604891 0.395109 
 ----> pcfNcfTTM 414 0 0.696257 0.303743 
 ----> pcfNcfTTM 415 1 0.653268 0.346732 
 ----> pcfNcfTTM 416 0 0.635793 0.364207 
 ----> pcfNcfTTM 417 0 0.662532 0.337468 
 ----> pcfNcfTTM 418 1 0.64801 0.35199 
 ----> pcfNcfTTM 419 0 0.680364 0.319636 
 ----> pcfNcfTTM 420 0 0.63026 0.36974 
 ----> pcfNcfTTM 421 0 0.663089 0.336911 
 ----> pcfNcfTTM 422 0 0.659356 0.340644 
 ----> pcfNcfTTM 423 0 0.649948 0.350052 
 ----> pcfNcfTTM 424 0 0.65294 0.34706 
 ----> pcfNcfTTM 425 0 0.674466 0.325534 
 ----> pcfNcfTTM 426 1 0.626699 0.373301 
 ----> pcfNcfTTM 427 0 0.674644 0.325356 
 ----> pcfNcfTTM 428 0 0.66164 0.33836 
 ----> pcfNcfTTM 429 0 0.671152 0.328848 
 ----> pcfNcfTTM 430 0 0.657383 0.342617 
 ----> pcfNcfTTM 431 0 0.675418 0.324582 
 ----> pcfNcfTTM 432 0 0.654711 0.345289 
 ----> pcfNcfTTM 433 0 0.651462 0.348538 
 ----> pcfNcfTTM 434 0 0.66521 0.33479 
 ----> pcfNcfTTM 435 1 0.655391 0.344609 
 ----> pcfNcfTTM 436 0 0.673708 0.326292 
 ----> pcfNcfTTM 437 0 0.65385 0.34615 
 ----> pcfNcfTTM 438 0 0.665873 0.334127 
 ----> pcfNcfTTM 439 0 0.658983 0.341017 
 ----> pcfNcfTTM 440 0 0.658458 0.341542 
 ----> pcfNcfTTM 441 0 0.680399 0.319601 
 ----> pcfNcfTTM 442 0 0.659117 0.340883 
 ----> pcfNcfTTM 443 0 0.70978 0.29022 
 ----> pcfNcfTTM 444 0 0.650176 0.349824 
 ----> pcfNcfTTM 445 1 0.66895 0.33105 
 ----> pcfNcfTTM 446 0 0.656469 0.343531 
 ----> pcfNcfTTM 447 0 0.632109 0.367891 
 ----> pcfNcfTTM 448 0 0.650197 0.349803 
 ----> pcfNcfTTM 449 0 0.687119 0.312881 
 ----> pcfNcfTTM 450 0 0.68442 0.31558 
 ----> pcfNcfTTM 451 0 0.644143 0.355857 
 ----> pcfNcfTTM 452 0 0.643897 0.356103 
 ----> pcfNcfTTM 453 0 0.636534 0.363466 
 ----> pcfNcfTTM 454 1 0.64066 0.35934 
 ----> pcfNcfTTM 455 0 0.711351 0.288649 
 ----> pcfNcfTTM 456 0 0.682023 0.317977 
 ----> pcfNcfTTM 457 0 0.6524 0.3476 
 ----> pcfNcfTTM 458 1 0.564964 0.435036 
 ----> pcfNcfTTM 459 0 0.732051 0.267949 
 ----> pcfNcfTTM 460 0 0.690428 0.309572 
 ----> pcfNcfTTM 461 1 0.628977 0.371023 
 ----> pcfNcfTTM 462 0 0.672644 0.327356 
 ----> pcfNcfTTM 463 0 0.678748 0.321252 
 ----> pcfNcfTTM 464 0 0.686235 0.313765 
 ----> pcfNcfTTM 465 0 0.665694 0.334306 
 ----> pcfNcfTTM 466 0 0.658099 0.341901 
 ----> pcfNcfTTM 467 1 0.656346 0.343654 
 ----> pcfNcfTTM 468 0 0.673488 0.326512 
 ----> pcfNcfTTM 469 0 0.714335 0.285665 
 ----> pcfNcfTTM 470 1 0.617129 0.382871 
 ----> pcfNcfTTM 471 1 0.638154 0.361846 
 ----> pcfNcfTTM 472 0 0.644779 0.355221 
 ----> pcfNcfTTM 473 1 0.625069 0.374931 
 ----> pcfNcfTTM 474 0 0.674424 0.325576 
 ----> pcfNcfTTM 475 0 0.660547 0.339453 
 ----> pcfNcfTTM 476 0 0.670431 0.329569 
 ----> pcfNcfTTM 477 1 0.644691 0.355309 
 ----> pcfNcfTTM 478 0 0.692769 0.307231 
 ----> pcfNcfTTM 479 1 0.667722 0.332278 
 ----> pcfNcfTTM 480 0 0.684752 0.315248 
 ----> pcfNcfTTM 481 0 0.68756 0.31244 
 ----> pcfNcfTTM 482 0 0.683414 0.316586 
 ----> pcfNcfTTM 483 1 0.647164 0.352836 
 ----> pcfNcfTTM 484 0 0.663724 0.336276 
 ----> pcfNcfTTM 485 0 0.673939 0.326061 
 ----> pcfNcfTTM 486 0 0.656233 0.343767 
 ----> pcfNcfTTM 487 0 0.682631 0.317369 
 ----> pcfNcfTTM 488 1 0.658106 0.341894 
 ----> pcfNcfTTM 489 1 0.650611 0.349389 
 ----> pcfNcfTTM 490 0 0.72351 0.27649 
 ----> pcfNcfTTM 491 1 0.666459 0.333541 
 ----> pcfNcfTTM 492 0 0.682583 0.317417 
 ----> pcfNcfTTM 493 0 0.636681 0.363319 
 ----> pcfNcfTTM 494 0 0.653095 0.346905 
 ----> pcfNcfTTM 495 1 0.674518 0.325482 
 ----> pcfNcfTTM 496 0 0.670291 0.329709 
 ----> pcfNcfTTM 497 0 0.652684 0.347316 
 ----> pcfNcfTTM 498 0 0.714256 0.285744 
 ----> pcfNcfTTM 499 1 0.636049 0.363951 
 ----> pcfNcfTTM 500 1 0.551521 0.448479 
 ----> pcfNcfTTM 501 0 0.681791 0.318209 
 ----> pcfNcfTTM 502 0 0.701498 0.298502 
 ----> pcfNcfTTM 503 0 0.720595 0.279405 
 ----> pcfNcfTTM 504 0 0.683485 0.316515 
 ----> pcfNcfTTM 505 0 0.652286 0.347714 
 ----> pcfNcfTTM 506 0 0.666029 0.333971 
 ----> pcfNcfTTM 507 0 0.683258 0.316742 
 ----> pcfNcfTTM 508 1 0.664744 0.335256 
 ----> pcfNcfTTM 509 1 0.631093 0.368907 
 ----> pcfNcfTTM 510 0 0.659331 0.340669 
 ----> pcfNcfTTM 511 0 0.655393 0.344607 
 ----> pcfNcfTTM 512 0 0.694442 0.305558 
 ----> pcfNcfTTM 513 1 0.640704 0.359296 
 ----> pcfNcfTTM 514 1 0.653909 0.346091 
 ----> pcfNcfTTM 515 0 0.676093 0.323907 
 ----> pcfNcfTTM 516 0 0.67562 0.32438 
 ----> pcfNcfTTM 517 1 0.639394 0.360606 
 ----> pcfNcfTTM 518 0 0.658767 0.341233 
 ----> pcfNcfTTM 519 0 0.651469 0.348531 
 ----> pcfNcfTTM 520 1 0.634485 0.365515 
 ----> pcfNcfTTM 521 1 0.658636 0.341364 
 ----> pcfNcfTTM 522 0 0.643534 0.356466 
 ----> pcfNcfTTM 523 1 0.694349 0.305651 
 ----> pcfNcfTTM 524 0 0.63378 0.36622 
 ----> pcfNcfTTM 525 0 0.675532 0.324468 
 ----> pcfNcfTTM 526 0 0.629058 0.370942 
 ----> pcfNcfTTM 527 0 0.681598 0.318402 
 ----> pcfNcfTTM 528 0 0.672643 0.327357 
 ----> pcfNcfTTM 529 1 0.654463 0.345537 
 ----> pcfNcfTTM 530 0 0.683493 0.316507 
 ----> pcfNcfTTM 531 1 0.650258 0.349742 
 ----> pcfNcfTTM 532 0 0.679137 0.320863 
 ----> pcfNcfTTM 533 0 0.678945 0.321055 
 ----> pcfNcfTTM 534 0 0.671845 0.328155 
 ----> pcfNcfTTM 535 1 0.661164 0.338836 
 ----> pcfNcfTTM 536 0 0.627807 0.372193 
 ----> pcfNcfTTM 537 0 0.713731 0.286269 
 ----> pcfNcfTTM 538 0 0.672689 0.327311 
 ----> pcfNcfTTM 539 1 0.609952 0.390048 
 ----> pcfNcfTTM 540 0 0.697651 0.302349 
 ----> pcfNcfTTM 541 1 0.630799 0.369201 
 ----> pcfNcfTTM 542 0 0.664688 0.335312 
 ----> pcfNcfTTM 543 1 0.677376 0.322624 
 ----> pcfNcfTTM 544 0 0.637672 0.362328 
 ----> pcfNcfTTM 545 1 0.627696 0.372304 
 ----> pcfNcfTTM 546 0 0.690672 0.309328 
 ----> pcfNcfTTM 547 0 0.643342 0.356658 
 ----> pcfNcfTTM 548 1 0.675656 0.324344 
 ----> pcfNcfTTM 549 0 0.644594 0.355406 
 ----> pcfNcfTTM 550 0 0.694239 0.305761 
 ----> pcfNcfTTM 551 0 0.66674 0.33326 
 ----> pcfNcfTTM 552 1 0.632202 0.367798 
 ----> pcfNcfTTM 553 1 0.621662 0.378338 
 ----> pcfNcfTTM 554 1 0.628997 0.371003 
 ----> pcfNcfTTM 555 1 0.65452 0.34548 
 ----> pcfNcfTTM 556 0 0.658513 0.341487 
 ----> pcfNcfTTM 557 0 0.623638 0.376362 
 ----> pcfNcfTTM 558 0 0.655323 0.344677 
 ----> pcfNcfTTM 559 0 0.689065 0.310935 
 ----> pcfNcfTTM 560 0 0.695148 0.304852 
 ----> pcfNcfTTM 561 1 0.643308 0.356692 
 ----> pcfNcfTTM 562 0 0.666586 0.333414 
 ----> pcfNcfTTM 563 0 0.676101 0.323899 
 ----> pcfNcfTTM 564 0 0.684979 0.315021 
 ----> pcfNcfTTM 565 0 0.692843 0.307157 
 ----> pcfNcfTTM 566 0 0.681518 0.318482 
 ----> pcfNcfTTM 567 0 0.673106 0.326894 
 ----> pcfNcfTTM 568 0 0.660488 0.339512 
 ----> pcfNcfTTM 569 1 0.647096 0.352904 
 ----> pcfNcfTTM 570 0 0.680103 0.319897 
 ----> pcfNcfTTM 571 1 0.702678 0.297322 
 ----> pcfNcfTTM 572 0 0.648461 0.351539 
 ----> pcfNcfTTM 573 0 0.670345 0.329655 
 ----> pcfNcfTTM 574 0 0.665412 0.334588 
 ----> pcfNcfTTM 575 1 0.64792 0.35208 
 ----> pcfNcfTTM 576 0 0.658551 0.341449 
 ----> pcfNcfTTM 577 1 0.647723 0.352277 
 ----> pcfNcfTTM 578 0 0.670821 0.329179 
 ----> pcfNcfTTM 579 0 0.659795 0.340205 
 ----> pcfNcfTTM 580 1 0.646081 0.353919 
 ----> pcfNcfTTM 581 0 0.677518 0.322482 
 ----> pcfNcfTTM 582 0 0.692658 0.307342 
 ----> pcfNcfTTM 583 1 0.604646 0.395354 
 ----> pcfNcfTTM 584 0 0.680503 0.319497 
 ----> pcfNcfTTM 585 0 0.648797 0.351203 
 ----> pcfNcfTTM 586 0 0.66217 0.33783 
 ----> pcfNcfTTM 587 0 0.612459 0.387541 
 ----> pcfNcfTTM 588 0 0.693706 0.306294 
 ----> pcfNcfTTM 589 1 0.566971 0.433029 
 ----> pcfNcfTTM 590 0 0.678784 0.321216 
 ----> pcfNcfTTM 591 1 0.613297 0.386703 
 ----> pcfNcfTTM 592 1 0.605102 0.394898 
 ----> pcfNcfTTM 593 0 0.674184 0.325816 
 ----> pcfNcfTTM 594 0 0.716825 0.283175 
 ----> pcfNcfTTM 595 0 0.627984 0.372016 
 ----> pcfNcfTTM 596 0 0.677615 0.322385 
 ----> pcfNcfTTM 597 0 0.638089 0.361911 
 ----> pcfNcfTTM 598 0 0.678741 0.321259 
 ----> pcfNcfTTM 599 0 0.709901 0.290099 
 ----> pcfNcfTTM 600 0 0.693292 0.306708 
 ----> pcfNcfTTM 601 0 0.671536 0.328464 
 ----> pcfNcfTTM 602 1 0.614514 0.385486 
 ----> pcfNcfTTM 603 0 0.68076 0.31924 
 ----> pcfNcfTTM 604 0 0.684653 0.315347 
 ----> pcfNcfTTM 605 0 0.659972 0.340028 
 ----> pcfNcfTTM 606 0 0.681589 0.318411 
 ----> pcfNcfTTM 607 1 0.623958 0.376042 
 ----> pcfNcfTTM 608 0 0.669253 0.330747 
 ----> pcfNcfTTM 609 0 0.687614 0.312386 
 ----> pcfNcfTTM 610 0 0.666306 0.333694 
 ----> pcfNcfTTM 611 0 0.639723 0.360277 
 ----> pcfNcfTTM 612 0 0.696924 0.303076 
 ----> pcfNcfTTM 613 0 0.655164 0.344836 
 ----> pcfNcfTTM 614 0 0.667628 0.332372 
 ----> pcfNcfTTM 615 0 0.703915 0.296085 
 ----> pcfNcfTTM 616 0 0.679328 0.320672 
 ----> pcfNcfTTM 617 0 0.656746 0.343254 
 ----> pcfNcfTTM 618 0 0.673144 0.326856 
 ----> pcfNcfTTM 619 1 0.608706 0.391294 
 ----> pcfNcfTTM 620 0 0.671366 0.328634 
 ----> pcfNcfTTM 621 0 0.700845 0.299155 
 ----> pcfNcfTTM 622 0 0.668514 0.331486 
 ----> pcfNcfTTM 623 1 0.657981 0.342019 
 ----> pcfNcfTTM 624 0 0.652589 0.347411 
 ----> pcfNcfTTM 625 0 0.664543 0.335457 
 ----> pcfNcfTTM 626 0 0.721328 0.278672 
 ----> pcfNcfTTM 627 0 0.665157 0.334843 
 ----> pcfNcfTTM 628 1 0.683719 0.316281 
 ----> pcfNcfTTM 629 0 0.704935 0.295065 
 ----> pcfNcfTTM 630 0 0.655037 0.344963 
 ----> pcfNcfTTM 631 1 0.669725 0.330275 
 ----> pcfNcfTTM 632 1 0.650696 0.349304 
 ----> pcfNcfTTM 633 0 0.696315 0.303685 
 ----> pcfNcfTTM 634 1 0.635874 0.364126 
 ----> pcfNcfTTM 635 0 0.657708 0.342292 
 ----> pcfNcfTTM 636 1 0.627149 0.372851 
 ----> pcfNcfTTM 637 0 0.647158 0.352842 
 ----> pcfNcfTTM 638 0 0.685498 0.314502 
 ----> pcfNcfTTM 639 1 0.650085 0.349915 
 ----> pcfNcfTTM 640 0 0.695795 0.304205 
 ----> pcfNcfTTM 641 0 0.674529 0.325471 
 ----> pcfNcfTTM 642 0 0.689992 0.310008 
 ----> pcfNcfTTM 643 0 0.676884 0.323116 
 ----> pcfNcfTTM 644 0 0.685725 0.314275 
 ----> pcfNcfTTM 645 0 0.700366 0.299634 
 ----> pcfNcfTTM 646 1 0.645079 0.354921 
 ----> pcfNcfTTM 647 0 0.668283 0.331717 
 ----> pcfNcfTTM 648 0 0.695566 0.304434 
 ----> pcfNcfTTM 649 0 0.700201 0.299799 
 ----> pcfNcfTTM 650 0 0.646174 0.353826 
 ----> pcfNcfTTM 651 1 0.625006 0.374994 
 ----> pcfNcfTTM 652 0 0.708997 0.291003 
 ----> pcfNcfTTM 653 1 0.659226 0.340774 
 ----> pcfNcfTTM 654 0 0.673979 0.326021 
 ----> pcfNcfTTM 655 0 0.645794 0.354206 
 ----> pcfNcfTTM 656 0 0.695435 0.304565 
 ----> pcfNcfTTM 657 0 0.695077 0.304923 
 ----> pcfNcfTTM 658 0 0.640795 0.359205 
 ----> pcfNcfTTM 659 0 0.687824 0.312176 
 ----> pcfNcfTTM 660 0 0.692862 0.307138 
 ----> pcfNcfTTM 661 0 0.657246 0.342754 
 ----> pcfNcfTTM 662 0 0.658906 0.341094 
 ----> pcfNcfTTM 663 1 0.627051 0.372949 
 ----> pcfNcfTTM 664 1 0.672905 0.327095 
 ----> pcfNcfTTM 665 0 0.691346 0.308654 
 ----> pcfNcfTTM 666 0 0.637883 0.362117 
 ----> pcfNcfTTM 667 0 0.649738 0.350262 
 ----> pcfNcfTTM 668 1 0.67246 0.32754 
 ----> pcfNcfTTM 669 0 0.66372 0.33628 
 ----> pcfNcfTTM 670 0 0.687346 0.312654 
 ----> pcfNcfTTM 671 0 0.681687 0.318313 
 ----> pcfNcfTTM 672 0 0.710139 0.289861 
 ----> pcfNcfTTM 673 0 0.669723 0.330277 
 ----> pcfNcfTTM 674 1 0.639177 0.360823 
 ----> pcfNcfTTM 675 1 0.646361 0.353639 
 ----> pcfNcfTTM 676 0 0.703845 0.296155 
 ----> pcfNcfTTM 677 1 0.689615 0.310385 
 ----> pcfNcfTTM 678 1 0.612027 0.387973 
 ----> pcfNcfTTM 679 0 0.693485 0.306515 
 ----> pcfNcfTTM 680 1 0.682008 0.317992 
 ----> pcfNcfTTM 681 0 0.685984 0.314016 
 ----> pcfNcfTTM 682 0 0.765687 0.234313 
 ----> pcfNcfTTM 683 0 0.692156 0.307844 
 ----> pcfNcfTTM 684 0 0.656351 0.343649 
 ----> pcfNcfTTM 685 0 0.644703 0.355297 
 ----> pcfNcfTTM 686 0 0.676039 0.323961 
 ----> pcfNcfTTM 687 0 0.668973 0.331027 
 ----> pcfNcfTTM 688 0 0.669706 0.330294 
 ----> pcfNcfTTM 689 0 0.669567 0.330433 
 ----> pcfNcfTTM 690 1 0.677374 0.322626 
 ----> pcfNcfTTM 691 0 0.677371 0.322629 
 ----> pcfNcfTTM 692 0 0.646358 0.353642 
 ----> pcfNcfTTM 693 1 0.663846 0.336154 
 ----> pcfNcfTTM 694 0 0.676731 0.323269 
 ----> pcfNcfTTM 695 0 0.648969 0.351031 
 ----> pcfNcfTTM 696 0 0.638361 0.361639 
 ----> pcfNcfTTM 697 0 0.671933 0.328067 
 ----> pcfNcfTTM 698 1 0.649991 0.350009 
 ----> pcfNcfTTM 699 0 0.642146 0.357854 
 ----> pcfNcfTTM 700 1 0.644637 0.355363 
 ----> pcfNcfTTM 701 0 0.68416 0.31584 
 ----> pcfNcfTTM 702 0 0.671376 0.328624 
 ----> pcfNcfTTM 703 0 0.675787 0.324213 
 ----> pcfNcfTTM 704 0 0.683529 0.316471 
 ----> pcfNcfTTM 705 0 0.646429 0.353571 
 ----> pcfNcfTTM 706 0 0.696475 0.303525 
 ----> pcfNcfTTM 707 0 0.656628 0.343372 
 ----> pcfNcfTTM 708 0 0.678763 0.321237 
 ----> pcfNcfTTM 709 0 0.659256 0.340744 
 ----> pcfNcfTTM 710 0 0.665649 0.334351 
 ----> pcfNcfTTM 711 0 0.65276 0.34724 
 ----> pcfNcfTTM 712 0 0.688437 0.311563 
 ----> pcfNcfTTM 713 1 0.633104 0.366896 
 ----> pcfNcfTTM 714 1 0.672236 0.327764 
 ----> pcfNcfTTM 715 1 0.616905 0.383095 
 ----> pcfNcfTTM 716 1 0.669964 0.330036 
 ----> pcfNcfTTM 717 0 0.671406 0.328594 
 ----> pcfNcfTTM 718 0 0.585967 0.414033 
