 ----> pcfNcfTTM 1 1 0.651145 0.348855 
 ----> pcfNcfTTM 2 0 0.661417 0.338583 
 ----> pcfNcfTTM 3 1 0.67558 0.32442 
 ----> pcfNcfTTM 4 1 0.656316 0.343684 
 ----> pcfNcfTTM 5 1 0.640563 0.359437 
 ----> pcfNcfTTM 6 1 0.65312 0.34688 
 ----> pcfNcfTTM 7 0 0.670593 0.329407 
 ----> pcfNcfTTM 8 0 0.669592 0.330408 
 ----> pcfNcfTTM 9 0 0.654751 0.345249 
 ----> pcfNcfTTM 10 1 0.696117 0.303883 
 ----> pcfNcfTTM 11 1 0.595363 0.404637 
 ----> pcfNcfTTM 12 0 0.683369 0.316631 
 ----> pcfNcfTTM 13 0 0.631583 0.368417 
 ----> pcfNcfTTM 14 1 0.652196 0.347804 
 ----> pcfNcfTTM 15 1 0.672005 0.327995 
 ----> pcfNcfTTM 16 1 0.640822 0.359178 
 ----> pcfNcfTTM 17 1 0.619957 0.380043 
 ----> pcfNcfTTM 18 0 0.689096 0.310904 
 ----> pcfNcfTTM 19 0 0.670224 0.329776 
 ----> pcfNcfTTM 20 0 0.690393 0.309607 
 ----> pcfNcfTTM 21 1 0.665845 0.334155 
 ----> pcfNcfTTM 22 0 0.643557 0.356443 
 ----> pcfNcfTTM 23 0 0.687167 0.312833 
 ----> pcfNcfTTM 24 0 0.670514 0.329486 
 ----> pcfNcfTTM 25 0 0.688352 0.311648 
 ----> pcfNcfTTM 26 1 0.652658 0.347342 
 ----> pcfNcfTTM 27 1 0.580076 0.419924 
 ----> pcfNcfTTM 28 1 0.669403 0.330597 
 ----> pcfNcfTTM 29 0 0.676481 0.323519 
 ----> pcfNcfTTM 30 0 0.6834 0.3166 
 ----> pcfNcfTTM 31 0 0.673771 0.326229 
 ----> pcfNcfTTM 32 0 0.660464 0.339536 
 ----> pcfNcfTTM 33 0 0.642112 0.357888 
 ----> pcfNcfTTM 34 1 0.626813 0.373187 
 ----> pcfNcfTTM 35 1 0.687233 0.312767 
 ----> pcfNcfTTM 36 0 0.65239 0.34761 
 ----> pcfNcfTTM 37 0 0.673281 0.326719 
 ----> pcfNcfTTM 38 0 0.661847 0.338153 
 ----> pcfNcfTTM 39 0 0.661545 0.338455 
 ----> pcfNcfTTM 40 1 0.654378 0.345622 
 ----> pcfNcfTTM 41 1 0.648665 0.351335 
 ----> pcfNcfTTM 42 1 0.647949 0.352051 
 ----> pcfNcfTTM 43 0 0.681915 0.318085 
 ----> pcfNcfTTM 44 1 0.630586 0.369414 
 ----> pcfNcfTTM 45 1 0.662376 0.337624 
 ----> pcfNcfTTM 46 0 0.653948 0.346052 
 ----> pcfNcfTTM 47 1 0.619936 0.380064 
 ----> pcfNcfTTM 48 1 0.650562 0.349438 
 ----> pcfNcfTTM 49 1 0.6482 0.3518 
 ----> pcfNcfTTM 50 1 0.646741 0.353259 
 ----> pcfNcfTTM 51 0 0.669222 0.330778 
 ----> pcfNcfTTM 52 1 0.637027 0.362973 
 ----> pcfNcfTTM 53 0 0.66666 0.33334 
 ----> pcfNcfTTM 54 0 0.689821 0.310179 
 ----> pcfNcfTTM 55 0 0.660387 0.339613 
 ----> pcfNcfTTM 56 1 0.639038 0.360962 
 ----> pcfNcfTTM 57 1 0.634776 0.365224 
 ----> pcfNcfTTM 58 0 0.666379 0.333621 
 ----> pcfNcfTTM 59 1 0.668492 0.331508 
 ----> pcfNcfTTM 60 0 0.650296 0.349704 
 ----> pcfNcfTTM 61 0 0.686093 0.313907 
 ----> pcfNcfTTM 62 0 0.677116 0.322884 
 ----> pcfNcfTTM 63 1 0.643097 0.356903 
 ----> pcfNcfTTM 64 1 0.63817 0.36183 
 ----> pcfNcfTTM 65 0 0.639471 0.360529 
 ----> pcfNcfTTM 66 0 0.687212 0.312788 
 ----> pcfNcfTTM 67 1 0.624424 0.375576 
 ----> pcfNcfTTM 68 1 0.622674 0.377326 
 ----> pcfNcfTTM 69 0 0.673596 0.326404 
 ----> pcfNcfTTM 70 1 0.666328 0.333672 
 ----> pcfNcfTTM 71 1 0.640527 0.359473 
 ----> pcfNcfTTM 72 1 0.668018 0.331982 
 ----> pcfNcfTTM 73 0 0.67398 0.32602 
 ----> pcfNcfTTM 74 0 0.677146 0.322854 
 ----> pcfNcfTTM 75 0 0.645052 0.354948 
 ----> pcfNcfTTM 76 1 0.663889 0.336111 
 ----> pcfNcfTTM 77 0 0.682606 0.317394 
 ----> pcfNcfTTM 78 1 0.659483 0.340517 
 ----> pcfNcfTTM 79 0 0.672583 0.327417 
 ----> pcfNcfTTM 80 1 0.664807 0.335193 
 ----> pcfNcfTTM 81 1 0.65248 0.34752 
 ----> pcfNcfTTM 82 1 0.63122 0.36878 
 ----> pcfNcfTTM 83 1 0.61945 0.38055 
 ----> pcfNcfTTM 84 1 0.659141 0.340859 
 ----> pcfNcfTTM 85 0 0.707165 0.292835 
 ----> pcfNcfTTM 86 0 0.688207 0.311793 
 ----> pcfNcfTTM 87 1 0.666914 0.333086 
 ----> pcfNcfTTM 88 1 0.663546 0.336454 
 ----> pcfNcfTTM 89 1 0.659676 0.340324 
 ----> pcfNcfTTM 90 1 0.68214 0.31786 
 ----> pcfNcfTTM 91 1 0.671387 0.328613 
 ----> pcfNcfTTM 92 0 0.656646 0.343354 
 ----> pcfNcfTTM 93 0 0.651565 0.348435 
 ----> pcfNcfTTM 94 1 0.649581 0.350419 
 ----> pcfNcfTTM 95 0 0.688834 0.311166 
 ----> pcfNcfTTM 96 0 0.677229 0.322771 
 ----> pcfNcfTTM 97 1 0.638407 0.361593 
 ----> pcfNcfTTM 98 1 0.622352 0.377648 
 ----> pcfNcfTTM 99 1 0.660236 0.339764 
 ----> pcfNcfTTM 100 0 0.671855 0.328145 
 ----> pcfNcfTTM 101 1 0.630199 0.369801 
 ----> pcfNcfTTM 102 0 0.678776 0.321224 
 ----> pcfNcfTTM 103 0 0.650129 0.349871 
 ----> pcfNcfTTM 104 0 0.667487 0.332513 
 ----> pcfNcfTTM 105 1 0.597914 0.402086 
 ----> pcfNcfTTM 106 0 0.666934 0.333066 
 ----> pcfNcfTTM 107 0 0.645943 0.354057 
 ----> pcfNcfTTM 108 0 0.699921 0.300079 
 ----> pcfNcfTTM 109 0 0.66084 0.33916 
 ----> pcfNcfTTM 110 1 0.65205 0.34795 
 ----> pcfNcfTTM 111 0 0.664037 0.335963 
 ----> pcfNcfTTM 112 0 0.66927 0.33073 
 ----> pcfNcfTTM 113 1 0.66232 0.33768 
 ----> pcfNcfTTM 114 1 0.682465 0.317535 
 ----> pcfNcfTTM 115 0 0.668071 0.331929 
 ----> pcfNcfTTM 116 0 0.672476 0.327524 
 ----> pcfNcfTTM 117 1 0.662448 0.337552 
 ----> pcfNcfTTM 118 1 0.651877 0.348123 
 ----> pcfNcfTTM 119 1 0.665323 0.334677 
 ----> pcfNcfTTM 120 0 0.677346 0.322654 
 ----> pcfNcfTTM 121 0 0.625465 0.374535 
 ----> pcfNcfTTM 122 1 0.607378 0.392622 
 ----> pcfNcfTTM 123 1 0.625194 0.374806 
 ----> pcfNcfTTM 124 0 0.685437 0.314563 
 ----> pcfNcfTTM 125 1 0.658018 0.341982 
 ----> pcfNcfTTM 126 0 0.664361 0.335639 
 ----> pcfNcfTTM 127 0 0.65341 0.34659 
 ----> pcfNcfTTM 128 0 0.687879 0.312121 
 ----> pcfNcfTTM 129 1 0.618907 0.381093 
 ----> pcfNcfTTM 130 0 0.669254 0.330746 
 ----> pcfNcfTTM 131 0 0.689253 0.310747 
 ----> pcfNcfTTM 132 0 0.660614 0.339386 
 ----> pcfNcfTTM 133 1 0.631892 0.368108 
 ----> pcfNcfTTM 134 1 0.632535 0.367465 
 ----> pcfNcfTTM 135 1 0.651608 0.348392 
 ----> pcfNcfTTM 136 0 0.695724 0.304276 
 ----> pcfNcfTTM 137 1 0.637761 0.362239 
 ----> pcfNcfTTM 138 0 0.672386 0.327614 
 ----> pcfNcfTTM 139 0 0.681404 0.318596 
 ----> pcfNcfTTM 140 1 0.635019 0.364981 
 ----> pcfNcfTTM 141 0 0.640569 0.359431 
 ----> pcfNcfTTM 142 1 0.645696 0.354304 
 ----> pcfNcfTTM 143 0 0.667396 0.332604 
 ----> pcfNcfTTM 144 1 0.646946 0.353054 
 ----> pcfNcfTTM 145 0 0.656863 0.343137 
 ----> pcfNcfTTM 146 0 0.689301 0.310699 
 ----> pcfNcfTTM 147 0 0.662646 0.337354 
 ----> pcfNcfTTM 148 0 0.660423 0.339577 
 ----> pcfNcfTTM 149 1 0.622329 0.377671 
 ----> pcfNcfTTM 150 1 0.64701 0.35299 
 ----> pcfNcfTTM 151 1 0.690798 0.309202 
 ----> pcfNcfTTM 152 0 0.644341 0.355659 
 ----> pcfNcfTTM 153 0 0.681534 0.318466 
 ----> pcfNcfTTM 154 0 0.660147 0.339853 
 ----> pcfNcfTTM 155 1 0.622611 0.377389 
 ----> pcfNcfTTM 156 1 0.660611 0.339389 
 ----> pcfNcfTTM 157 1 0.611255 0.388745 
 ----> pcfNcfTTM 158 0 0.650917 0.349083 
 ----> pcfNcfTTM 159 1 0.671723 0.328277 
 ----> pcfNcfTTM 160 0 0.670876 0.329124 
 ----> pcfNcfTTM 161 0 0.64744 0.35256 
 ----> pcfNcfTTM 162 1 0.649337 0.350663 
 ----> pcfNcfTTM 163 1 0.646459 0.353541 
 ----> pcfNcfTTM 164 1 0.662895 0.337105 
 ----> pcfNcfTTM 165 1 0.650119 0.349881 
 ----> pcfNcfTTM 166 0 0.669188 0.330812 
 ----> pcfNcfTTM 167 1 0.664678 0.335322 
 ----> pcfNcfTTM 168 0 0.687198 0.312802 
 ----> pcfNcfTTM 169 0 0.673733 0.326267 
 ----> pcfNcfTTM 170 1 0.607146 0.392854 
 ----> pcfNcfTTM 171 1 0.619128 0.380872 
 ----> pcfNcfTTM 172 0 0.676536 0.323464 
 ----> pcfNcfTTM 173 1 0.652822 0.347178 
 ----> pcfNcfTTM 174 0 0.657499 0.342501 
 ----> pcfNcfTTM 175 1 0.633386 0.366614 
 ----> pcfNcfTTM 176 0 0.696813 0.303187 
 ----> pcfNcfTTM 177 0 0.706758 0.293242 
 ----> pcfNcfTTM 178 1 0.650116 0.349884 
 ----> pcfNcfTTM 179 0 0.62516 0.37484 
 ----> pcfNcfTTM 180 0 0.658347 0.341653 
 ----> pcfNcfTTM 181 0 0.676423 0.323577 
 ----> pcfNcfTTM 182 0 0.670887 0.329113 
 ----> pcfNcfTTM 183 1 0.654564 0.345436 
 ----> pcfNcfTTM 184 1 0.675261 0.324739 
 ----> pcfNcfTTM 185 0 0.655097 0.344903 
 ----> pcfNcfTTM 186 0 0.613271 0.386729 
 ----> pcfNcfTTM 187 0 0.6836 0.3164 
 ----> pcfNcfTTM 188 1 0.629696 0.370304 
 ----> pcfNcfTTM 189 1 0.640628 0.359372 
 ----> pcfNcfTTM 190 0 0.654567 0.345433 
 ----> pcfNcfTTM 191 0 0.682198 0.317802 
 ----> pcfNcfTTM 192 1 0.62907 0.37093 
 ----> pcfNcfTTM 193 0 0.668339 0.331661 
 ----> pcfNcfTTM 194 0 0.670182 0.329818 
 ----> pcfNcfTTM 195 0 0.682615 0.317385 
 ----> pcfNcfTTM 196 1 0.642158 0.357842 
 ----> pcfNcfTTM 197 0 0.678552 0.321448 
 ----> pcfNcfTTM 198 0 0.67806 0.32194 
 ----> pcfNcfTTM 199 0 0.685585 0.314415 
 ----> pcfNcfTTM 200 0 0.673962 0.326038 
 ----> pcfNcfTTM 201 0 0.702425 0.297575 
 ----> pcfNcfTTM 202 0 0.666151 0.333849 
 ----> pcfNcfTTM 203 1 0.659698 0.340302 
 ----> pcfNcfTTM 204 1 0.664559 0.335441 
 ----> pcfNcfTTM 205 0 0.671341 0.328659 
 ----> pcfNcfTTM 206 1 0.662935 0.337065 
 ----> pcfNcfTTM 207 1 0.656499 0.343501 
 ----> pcfNcfTTM 208 0 0.689532 0.310468 
 ----> pcfNcfTTM 209 0 0.653316 0.346684 
 ----> pcfNcfTTM 210 0 0.679997 0.320003 
 ----> pcfNcfTTM 211 0 0.637237 0.362763 
 ----> pcfNcfTTM 212 0 0.681154 0.318846 
 ----> pcfNcfTTM 213 1 0.643523 0.356477 
 ----> pcfNcfTTM 214 0 0.694327 0.305673 
 ----> pcfNcfTTM 215 1 0.627671 0.372329 
 ----> pcfNcfTTM 216 0 0.685319 0.314681 
 ----> pcfNcfTTM 217 1 0.6504 0.3496 
 ----> pcfNcfTTM 218 0 0.642403 0.357597 
 ----> pcfNcfTTM 219 0 0.708158 0.291842 
 ----> pcfNcfTTM 220 0 0.641577 0.358423 
 ----> pcfNcfTTM 221 0 0.710742 0.289258 
 ----> pcfNcfTTM 222 1 0.622903 0.377097 
 ----> pcfNcfTTM 223 1 0.609808 0.390192 
 ----> pcfNcfTTM 224 0 0.690345 0.309655 
 ----> pcfNcfTTM 225 1 0.638669 0.361331 
 ----> pcfNcfTTM 226 1 0.662651 0.337349 
 ----> pcfNcfTTM 227 0 0.646953 0.353047 
 ----> pcfNcfTTM 228 0 0.617512 0.382488 
 ----> pcfNcfTTM 229 0 0.661929 0.338071 
 ----> pcfNcfTTM 230 0 0.672278 0.327722 
 ----> pcfNcfTTM 231 0 0.67132 0.32868 
 ----> pcfNcfTTM 232 1 0.66399 0.33601 
 ----> pcfNcfTTM 233 0 0.658457 0.341543 
 ----> pcfNcfTTM 234 0 0.672985 0.327015 
 ----> pcfNcfTTM 235 0 0.68256 0.31744 
 ----> pcfNcfTTM 236 1 0.553641 0.446359 
 ----> pcfNcfTTM 237 0 0.640938 0.359062 
 ----> pcfNcfTTM 238 0 0.672282 0.327718 
 ----> pcfNcfTTM 239 0 0.688879 0.311121 
 ----> pcfNcfTTM 240 1 0.623265 0.376735 
 ----> pcfNcfTTM 241 0 0.66651 0.33349 
 ----> pcfNcfTTM 242 1 0.678554 0.321446 
 ----> pcfNcfTTM 243 0 0.685624 0.314376 
 ----> pcfNcfTTM 244 1 0.633187 0.366813 
 ----> pcfNcfTTM 245 1 0.624456 0.375544 
 ----> pcfNcfTTM 246 0 0.675307 0.324693 
 ----> pcfNcfTTM 247 0 0.696781 0.303219 
 ----> pcfNcfTTM 248 1 0.647559 0.352441 
 ----> pcfNcfTTM 249 1 0.699064 0.300936 
 ----> pcfNcfTTM 250 0 0.645243 0.354757 
 ----> pcfNcfTTM 251 0 0.656072 0.343928 
 ----> pcfNcfTTM 252 0 0.641279 0.358721 
 ----> pcfNcfTTM 253 1 0.636315 0.363685 
 ----> pcfNcfTTM 254 0 0.704279 0.295721 
 ----> pcfNcfTTM 255 1 0.687495 0.312505 
 ----> pcfNcfTTM 256 0 0.673923 0.326077 
 ----> pcfNcfTTM 257 0 0.66636 0.33364 
 ----> pcfNcfTTM 258 0 0.683103 0.316897 
 ----> pcfNcfTTM 259 0 0.662371 0.337629 
 ----> pcfNcfTTM 260 1 0.64497 0.35503 
 ----> pcfNcfTTM 261 1 0.642941 0.357059 
 ----> pcfNcfTTM 262 0 0.682909 0.317091 
 ----> pcfNcfTTM 263 1 0.643099 0.356901 
 ----> pcfNcfTTM 264 1 0.681083 0.318917 
 ----> pcfNcfTTM 265 1 0.592071 0.407929 
 ----> pcfNcfTTM 266 0 0.624996 0.375004 
 ----> pcfNcfTTM 267 0 0.675678 0.324322 
 ----> pcfNcfTTM 268 1 0.665889 0.334111 
 ----> pcfNcfTTM 269 0 0.668019 0.331981 
 ----> pcfNcfTTM 270 1 0.639079 0.360921 
 ----> pcfNcfTTM 271 1 0.656498 0.343502 
 ----> pcfNcfTTM 272 0 0.687623 0.312377 
 ----> pcfNcfTTM 273 0 0.661387 0.338613 
 ----> pcfNcfTTM 274 1 0.598612 0.401388 
 ----> pcfNcfTTM 275 1 0.617857 0.382143 
 ----> pcfNcfTTM 276 0 0.680968 0.319032 
 ----> pcfNcfTTM 277 0 0.671563 0.328437 
 ----> pcfNcfTTM 278 0 0.674803 0.325197 
 ----> pcfNcfTTM 279 1 0.643846 0.356154 
 ----> pcfNcfTTM 280 1 0.673317 0.326683 
 ----> pcfNcfTTM 281 0 0.687717 0.312283 
 ----> pcfNcfTTM 282 1 0.6341 0.3659 
 ----> pcfNcfTTM 283 1 0.634582 0.365418 
 ----> pcfNcfTTM 284 1 0.665354 0.334646 
 ----> pcfNcfTTM 285 0 0.659972 0.340028 
 ----> pcfNcfTTM 286 0 0.687732 0.312268 
 ----> pcfNcfTTM 287 0 0.655833 0.344167 
 ----> pcfNcfTTM 288 0 0.658274 0.341726 
 ----> pcfNcfTTM 289 0 0.669497 0.330503 
 ----> pcfNcfTTM 290 0 0.656645 0.343355 
 ----> pcfNcfTTM 291 1 0.639226 0.360774 
 ----> pcfNcfTTM 292 0 0.69956 0.30044 
 ----> pcfNcfTTM 293 1 0.603474 0.396526 
 ----> pcfNcfTTM 294 1 0.640627 0.359373 
 ----> pcfNcfTTM 295 0 0.67292 0.32708 
 ----> pcfNcfTTM 296 0 0.629078 0.370922 
 ----> pcfNcfTTM 297 0 0.676819 0.323181 
 ----> pcfNcfTTM 298 1 0.656509 0.343491 
 ----> pcfNcfTTM 299 0 0.671805 0.328195 
 ----> pcfNcfTTM 300 0 0.663986 0.336014 
 ----> pcfNcfTTM 301 0 0.662187 0.337813 
 ----> pcfNcfTTM 302 0 0.675027 0.324973 
 ----> pcfNcfTTM 303 0 0.650414 0.349586 
 ----> pcfNcfTTM 304 0 0.692906 0.307094 
 ----> pcfNcfTTM 305 0 0.657217 0.342783 
 ----> pcfNcfTTM 306 0 0.671093 0.328907 
 ----> pcfNcfTTM 307 1 0.657725 0.342275 
 ----> pcfNcfTTM 308 0 0.71226 0.28774 
 ----> pcfNcfTTM 309 1 0.651478 0.348522 
 ----> pcfNcfTTM 310 0 0.690624 0.309376 
 ----> pcfNcfTTM 311 0 0.635423 0.364577 
 ----> pcfNcfTTM 312 0 0.718194 0.281806 
 ----> pcfNcfTTM 313 1 0.592756 0.407244 
 ----> pcfNcfTTM 314 0 0.71374 0.28626 
 ----> pcfNcfTTM 315 0 0.65669 0.34331 
 ----> pcfNcfTTM 316 0 0.685617 0.314383 
 ----> pcfNcfTTM 317 0 0.672559 0.327441 
 ----> pcfNcfTTM 318 0 0.637475 0.362525 
 ----> pcfNcfTTM 319 0 0.670377 0.329623 
 ----> pcfNcfTTM 320 0 0.664036 0.335964 
 ----> pcfNcfTTM 321 1 0.659012 0.340988 
 ----> pcfNcfTTM 322 1 0.617894 0.382106 
 ----> pcfNcfTTM 323 0 0.645841 0.354159 
 ----> pcfNcfTTM 324 0 0.677632 0.322368 
 ----> pcfNcfTTM 325 0 0.694061 0.305939 
 ----> pcfNcfTTM 326 1 0.645483 0.354517 
 ----> pcfNcfTTM 327 1 0.606636 0.393364 
 ----> pcfNcfTTM 328 0 0.678377 0.321623 
 ----> pcfNcfTTM 329 0 0.66546 0.33454 
 ----> pcfNcfTTM 330 0 0.639365 0.360635 
 ----> pcfNcfTTM 331 0 0.65875 0.34125 
 ----> pcfNcfTTM 332 0 0.698016 0.301984 
 ----> pcfNcfTTM 333 1 0.631278 0.368722 
 ----> pcfNcfTTM 334 1 0.650813 0.349187 
 ----> pcfNcfTTM 335 0 0.667273 0.332727 
 ----> pcfNcfTTM 336 1 0.650876 0.349124 
 ----> pcfNcfTTM 337 1 0.64298 0.35702 
 ----> pcfNcfTTM 338 1 0.669096 0.330904 
 ----> pcfNcfTTM 339 0 0.680269 0.319731 
 ----> pcfNcfTTM 340 0 0.684001 0.315999 
 ----> pcfNcfTTM 341 1 0.645596 0.354404 
 ----> pcfNcfTTM 342 1 0.633138 0.366862 
 ----> pcfNcfTTM 343 0 0.68326 0.31674 
 ----> pcfNcfTTM 344 0 0.676706 0.323294 
 ----> pcfNcfTTM 345 0 0.65556 0.34444 
 ----> pcfNcfTTM 346 0 0.657593 0.342407 
 ----> pcfNcfTTM 347 1 0.645154 0.354846 
 ----> pcfNcfTTM 348 0 0.6736 0.3264 
 ----> pcfNcfTTM 349 0 0.678221 0.321779 
 ----> pcfNcfTTM 350 1 0.660181 0.339819 
 ----> pcfNcfTTM 351 0 0.665922 0.334078 
 ----> pcfNcfTTM 352 0 0.656117 0.343883 
 ----> pcfNcfTTM 353 0 0.679928 0.320072 
 ----> pcfNcfTTM 354 0 0.695548 0.304452 
 ----> pcfNcfTTM 355 0 0.666298 0.333702 
 ----> pcfNcfTTM 356 0 0.693292 0.306708 
 ----> pcfNcfTTM 357 1 0.652892 0.347108 
 ----> pcfNcfTTM 358 0 0.665751 0.334249 
 ----> pcfNcfTTM 359 0 0.663063 0.336937 
 ----> pcfNcfTTM 360 0 0.674111 0.325889 
 ----> pcfNcfTTM 361 0 0.669496 0.330504 
 ----> pcfNcfTTM 362 1 0.627278 0.372722 
 ----> pcfNcfTTM 363 0 0.651217 0.348783 
 ----> pcfNcfTTM 364 0 0.662859 0.337141 
 ----> pcfNcfTTM 365 0 0.653758 0.346242 
 ----> pcfNcfTTM 366 1 0.634626 0.365374 
 ----> pcfNcfTTM 367 0 0.708885 0.291115 
 ----> pcfNcfTTM 368 0 0.663496 0.336504 
 ----> pcfNcfTTM 369 0 0.682007 0.317993 
 ----> pcfNcfTTM 370 1 0.635337 0.364663 
 ----> pcfNcfTTM 371 0 0.652403 0.347597 
 ----> pcfNcfTTM 372 0 0.676171 0.323829 
 ----> pcfNcfTTM 373 0 0.673017 0.326983 
 ----> pcfNcfTTM 374 0 0.677523 0.322477 
 ----> pcfNcfTTM 375 1 0.650345 0.349655 
 ----> pcfNcfTTM 376 0 0.660809 0.339191 
 ----> pcfNcfTTM 377 0 0.695546 0.304454 
 ----> pcfNcfTTM 378 1 0.660816 0.339184 
 ----> pcfNcfTTM 379 0 0.703437 0.296563 
 ----> pcfNcfTTM 380 0 0.66448 0.33552 
 ----> pcfNcfTTM 381 0 0.635396 0.364604 
 ----> pcfNcfTTM 382 0 0.710451 0.289549 
 ----> pcfNcfTTM 383 0 0.654659 0.345341 
 ----> pcfNcfTTM 384 0 0.681474 0.318526 
 ----> pcfNcfTTM 385 1 0.665666 0.334334 
 ----> pcfNcfTTM 386 0 0.671551 0.328449 
 ----> pcfNcfTTM 387 1 0.659191 0.340809 
 ----> pcfNcfTTM 388 1 0.67339 0.32661 
 ----> pcfNcfTTM 389 0 0.677129 0.322871 
 ----> pcfNcfTTM 390 0 0.613003 0.386997 
 ----> pcfNcfTTM 391 0 0.683822 0.316178 
 ----> pcfNcfTTM 392 1 0.580276 0.419724 
 ----> pcfNcfTTM 393 1 0.632858 0.367142 
 ----> pcfNcfTTM 394 0 0.62524 0.37476 
 ----> pcfNcfTTM 395 0 0.660915 0.339085 
 ----> pcfNcfTTM 396 0 0.652833 0.347167 
 ----> pcfNcfTTM 397 0 0.700259 0.299741 
 ----> pcfNcfTTM 398 1 0.631947 0.368053 
 ----> pcfNcfTTM 399 1 0.636656 0.363344 
 ----> pcfNcfTTM 400 1 0.632245 0.367755 
 ----> pcfNcfTTM 401 0 0.685974 0.314026 
 ----> pcfNcfTTM 402 0 0.6874 0.3126 
 ----> pcfNcfTTM 403 0 0.69291 0.30709 
 ----> pcfNcfTTM 404 0 0.679289 0.320711 
 ----> pcfNcfTTM 405 0 0.682809 0.317191 
 ----> pcfNcfTTM 406 1 0.643815 0.356185 
 ----> pcfNcfTTM 407 1 0.646288 0.353712 
 ----> pcfNcfTTM 408 0 0.672327 0.327673 
 ----> pcfNcfTTM 409 1 0.639198 0.360802 
 ----> pcfNcfTTM 410 0 0.681591 0.318409 
 ----> pcfNcfTTM 411 0 0.677568 0.322432 
 ----> pcfNcfTTM 412 1 0.614489 0.385511 
 ----> pcfNcfTTM 413 1 0.626338 0.373662 
 ----> pcfNcfTTM 414 0 0.708354 0.291646 
 ----> pcfNcfTTM 415 1 0.626369 0.373631 
 ----> pcfNcfTTM 416 0 0.675349 0.324651 
 ----> pcfNcfTTM 417 0 0.672107 0.327893 
 ----> pcfNcfTTM 418 1 0.624712 0.375288 
 ----> pcfNcfTTM 419 0 0.684325 0.315675 
 ----> pcfNcfTTM 420 0 0.643533 0.356467 
 ----> pcfNcfTTM 421 0 0.660372 0.339628 
 ----> pcfNcfTTM 422 0 0.668197 0.331803 
 ----> pcfNcfTTM 423 0 0.63917 0.36083 
 ----> pcfNcfTTM 424 0 0.665947 0.334053 
 ----> pcfNcfTTM 425 0 0.672919 0.327081 
 ----> pcfNcfTTM 426 1 0.684662 0.315338 
 ----> pcfNcfTTM 427 0 0.649975 0.350025 
 ----> pcfNcfTTM 428 0 0.667527 0.332473 
 ----> pcfNcfTTM 429 0 0.65445 0.34555 
 ----> pcfNcfTTM 430 0 0.684779 0.315221 
 ----> pcfNcfTTM 431 0 0.641612 0.358388 
 ----> pcfNcfTTM 432 0 0.675081 0.324919 
 ----> pcfNcfTTM 433 0 0.676582 0.323418 
 ----> pcfNcfTTM 434 0 0.685232 0.314768 
 ----> pcfNcfTTM 435 1 0.680355 0.319645 
 ----> pcfNcfTTM 436 0 0.649513 0.350487 
 ----> pcfNcfTTM 437 0 0.635642 0.364358 
 ----> pcfNcfTTM 438 0 0.69982 0.30018 
 ----> pcfNcfTTM 439 0 0.69699 0.30301 
 ----> pcfNcfTTM 440 0 0.670495 0.329505 
 ----> pcfNcfTTM 441 0 0.639176 0.360824 
 ----> pcfNcfTTM 442 0 0.687163 0.312837 
 ----> pcfNcfTTM 443 0 0.665012 0.334988 
 ----> pcfNcfTTM 444 0 0.698446 0.301554 
 ----> pcfNcfTTM 445 1 0.624475 0.375525 
 ----> pcfNcfTTM 446 0 0.677356 0.322644 
 ----> pcfNcfTTM 447 0 0.650633 0.349367 
 ----> pcfNcfTTM 448 0 0.67194 0.32806 
 ----> pcfNcfTTM 449 0 0.631056 0.368944 
 ----> pcfNcfTTM 450 0 0.681887 0.318113 
 ----> pcfNcfTTM 451 0 0.668484 0.331516 
 ----> pcfNcfTTM 452 0 0.684578 0.315422 
 ----> pcfNcfTTM 453 0 0.657886 0.342114 
 ----> pcfNcfTTM 454 1 0.641518 0.358482 
 ----> pcfNcfTTM 455 0 0.665398 0.334602 
 ----> pcfNcfTTM 456 0 0.686856 0.313144 
 ----> pcfNcfTTM 457 0 0.676626 0.323374 
 ----> pcfNcfTTM 458 1 0.640066 0.359934 
 ----> pcfNcfTTM 459 0 0.659322 0.340678 
 ----> pcfNcfTTM 460 0 0.689692 0.310308 
 ----> pcfNcfTTM 461 1 0.634053 0.365947 
 ----> pcfNcfTTM 462 0 0.674652 0.325348 
 ----> pcfNcfTTM 463 0 0.654062 0.345938 
 ----> pcfNcfTTM 464 0 0.66453 0.33547 
 ----> pcfNcfTTM 465 0 0.664232 0.335768 
 ----> pcfNcfTTM 466 0 0.701526 0.298474 
 ----> pcfNcfTTM 467 1 0.655177 0.344823 
 ----> pcfNcfTTM 468 0 0.684949 0.315051 
 ----> pcfNcfTTM 469 0 0.636912 0.363088 
 ----> pcfNcfTTM 470 1 0.608141 0.391859 
 ----> pcfNcfTTM 471 1 0.58377 0.41623 
 ----> pcfNcfTTM 472 0 0.693401 0.306599 
 ----> pcfNcfTTM 473 1 0.659304 0.340696 
 ----> pcfNcfTTM 474 0 0.677294 0.322706 
 ----> pcfNcfTTM 475 0 0.657188 0.342812 
 ----> pcfNcfTTM 476 0 0.666044 0.333956 
 ----> pcfNcfTTM 477 1 0.634915 0.365085 
 ----> pcfNcfTTM 478 0 0.680782 0.319218 
 ----> pcfNcfTTM 479 1 0.647837 0.352163 
 ----> pcfNcfTTM 480 0 0.670627 0.329373 
 ----> pcfNcfTTM 481 0 0.657263 0.342737 
 ----> pcfNcfTTM 482 0 0.68422 0.31578 
 ----> pcfNcfTTM 483 1 0.607592 0.392408 
 ----> pcfNcfTTM 484 0 0.648154 0.351846 
 ----> pcfNcfTTM 485 0 0.632781 0.367219 
 ----> pcfNcfTTM 486 0 0.688889 0.311111 
 ----> pcfNcfTTM 487 0 0.636068 0.363932 
 ----> pcfNcfTTM 488 1 0.687419 0.312581 
 ----> pcfNcfTTM 489 1 0.645282 0.354718 
 ----> pcfNcfTTM 490 0 0.663299 0.336701 
 ----> pcfNcfTTM 491 1 0.626314 0.373686 
 ----> pcfNcfTTM 492 0 0.676809 0.323191 
 ----> pcfNcfTTM 493 0 0.702891 0.297109 
 ----> pcfNcfTTM 494 0 0.680521 0.319479 
 ----> pcfNcfTTM 495 1 0.634256 0.365744 
 ----> pcfNcfTTM 496 0 0.641409 0.358591 
 ----> pcfNcfTTM 497 0 0.671675 0.328325 
 ----> pcfNcfTTM 498 0 0.636991 0.363009 
 ----> pcfNcfTTM 499 1 0.621543 0.378457 
 ----> pcfNcfTTM 500 1 0.577125 0.422875 
 ----> pcfNcfTTM 501 0 0.669025 0.330975 
 ----> pcfNcfTTM 502 0 0.686336 0.313664 
 ----> pcfNcfTTM 503 0 0.661344 0.338656 
 ----> pcfNcfTTM 504 0 0.677071 0.322929 
 ----> pcfNcfTTM 505 0 0.668536 0.331464 
 ----> pcfNcfTTM 506 0 0.675588 0.324412 
 ----> pcfNcfTTM 507 0 0.686337 0.313663 
 ----> pcfNcfTTM 508 1 0.65542 0.34458 
 ----> pcfNcfTTM 509 1 0.622395 0.377605 
 ----> pcfNcfTTM 510 0 0.681886 0.318114 
 ----> pcfNcfTTM 511 0 0.699727 0.300273 
 ----> pcfNcfTTM 512 0 0.706788 0.293212 
 ----> pcfNcfTTM 513 1 0.638635 0.361365 
 ----> pcfNcfTTM 514 1 0.657284 0.342716 
 ----> pcfNcfTTM 515 0 0.663041 0.336959 
 ----> pcfNcfTTM 516 0 0.719884 0.280116 
 ----> pcfNcfTTM 517 1 0.626834 0.373166 
 ----> pcfNcfTTM 518 0 0.685016 0.314984 
 ----> pcfNcfTTM 519 0 0.669718 0.330282 
 ----> pcfNcfTTM 520 1 0.656441 0.343559 
 ----> pcfNcfTTM 521 1 0.643801 0.356199 
 ----> pcfNcfTTM 522 0 0.680434 0.319566 
 ----> pcfNcfTTM 523 1 0.623343 0.376657 
 ----> pcfNcfTTM 524 0 0.661759 0.338241 
 ----> pcfNcfTTM 525 0 0.677071 0.322929 
 ----> pcfNcfTTM 526 0 0.681525 0.318475 
 ----> pcfNcfTTM 527 0 0.599716 0.400284 
 ----> pcfNcfTTM 528 0 0.685942 0.314058 
 ----> pcfNcfTTM 529 1 0.607174 0.392826 
 ----> pcfNcfTTM 530 0 0.677268 0.322732 
 ----> pcfNcfTTM 531 1 0.614327 0.385673 
 ----> pcfNcfTTM 532 0 0.686468 0.313532 
 ----> pcfNcfTTM 533 0 0.65681 0.34319 
 ----> pcfNcfTTM 534 0 0.67703 0.32297 
 ----> pcfNcfTTM 535 1 0.622987 0.377013 
 ----> pcfNcfTTM 536 0 0.672631 0.327369 
 ----> pcfNcfTTM 537 0 0.674607 0.325393 
 ----> pcfNcfTTM 538 0 0.685635 0.314365 
 ----> pcfNcfTTM 539 1 0.625848 0.374152 
 ----> pcfNcfTTM 540 0 0.690436 0.309564 
 ----> pcfNcfTTM 541 1 0.644581 0.355419 
 ----> pcfNcfTTM 542 0 0.671983 0.328017 
 ----> pcfNcfTTM 543 1 0.614301 0.385699 
 ----> pcfNcfTTM 544 0 0.677235 0.322765 
 ----> pcfNcfTTM 545 1 0.647933 0.352067 
 ----> pcfNcfTTM 546 0 0.702101 0.297899 
 ----> pcfNcfTTM 547 0 0.648809 0.351191 
 ----> pcfNcfTTM 548 1 0.654222 0.345778 
 ----> pcfNcfTTM 549 0 0.653184 0.346816 
 ----> pcfNcfTTM 550 0 0.690955 0.309045 
 ----> pcfNcfTTM 551 0 0.679417 0.320583 
 ----> pcfNcfTTM 552 1 0.631642 0.368358 
 ----> pcfNcfTTM 553 1 0.668945 0.331055 
 ----> pcfNcfTTM 554 1 0.628591 0.371409 
 ----> pcfNcfTTM 555 1 0.651019 0.348981 
 ----> pcfNcfTTM 556 0 0.632128 0.367872 
 ----> pcfNcfTTM 557 0 0.671036 0.328964 
 ----> pcfNcfTTM 558 0 0.661887 0.338113 
 ----> pcfNcfTTM 559 0 0.659132 0.340868 
 ----> pcfNcfTTM 560 0 0.656234 0.343766 
 ----> pcfNcfTTM 561 1 0.614749 0.385251 
 ----> pcfNcfTTM 562 0 0.657587 0.342413 
 ----> pcfNcfTTM 563 0 0.683198 0.316802 
 ----> pcfNcfTTM 564 0 0.696724 0.303276 
 ----> pcfNcfTTM 565 0 0.627303 0.372697 
 ----> pcfNcfTTM 566 0 0.664995 0.335005 
 ----> pcfNcfTTM 567 0 0.653879 0.346121 
 ----> pcfNcfTTM 568 0 0.674389 0.325611 
 ----> pcfNcfTTM 569 1 0.654367 0.345633 
 ----> pcfNcfTTM 570 0 0.672182 0.327818 
 ----> pcfNcfTTM 571 1 0.674339 0.325661 
 ----> pcfNcfTTM 572 0 0.677983 0.322017 
 ----> pcfNcfTTM 573 0 0.639845 0.360155 
 ----> pcfNcfTTM 574 0 0.662194 0.337806 
 ----> pcfNcfTTM 575 1 0.63788 0.36212 
 ----> pcfNcfTTM 576 0 0.714986 0.285014 
 ----> pcfNcfTTM 577 1 0.644836 0.355164 
 ----> pcfNcfTTM 578 0 0.664501 0.335499 
 ----> pcfNcfTTM 579 0 0.649519 0.350481 
 ----> pcfNcfTTM 580 1 0.654132 0.345868 
 ----> pcfNcfTTM 581 0 0.659791 0.340209 
 ----> pcfNcfTTM 582 0 0.663516 0.336484 
 ----> pcfNcfTTM 583 1 0.645107 0.354893 
 ----> pcfNcfTTM 584 0 0.659782 0.340218 
 ----> pcfNcfTTM 585 0 0.672872 0.327128 
 ----> pcfNcfTTM 586 0 0.661317 0.338683 
 ----> pcfNcfTTM 587 0 0.688352 0.311648 
 ----> pcfNcfTTM 588 0 0.654493 0.345507 
 ----> pcfNcfTTM 589 1 0.637578 0.362422 
 ----> pcfNcfTTM 590 0 0.707382 0.292618 
 ----> pcfNcfTTM 591 1 0.663487 0.336513 
 ----> pcfNcfTTM 592 1 0.676576 0.323424 
 ----> pcfNcfTTM 593 0 0.67613 0.32387 
 ----> pcfNcfTTM 594 0 0.652956 0.347044 
 ----> pcfNcfTTM 595 0 0.667148 0.332852 
 ----> pcfNcfTTM 596 0 0.639314 0.360686 
 ----> pcfNcfTTM 597 0 0.701372 0.298628 
 ----> pcfNcfTTM 598 0 0.665269 0.334731 
 ----> pcfNcfTTM 599 0 0.711802 0.288198 
 ----> pcfNcfTTM 600 0 0.66098 0.33902 
 ----> pcfNcfTTM 601 0 0.629909 0.370091 
 ----> pcfNcfTTM 602 1 0.634117 0.365883 
 ----> pcfNcfTTM 603 0 0.701091 0.298909 
 ----> pcfNcfTTM 604 0 0.715034 0.284966 
 ----> pcfNcfTTM 605 0 0.631044 0.368956 
 ----> pcfNcfTTM 606 0 0.6967 0.3033 
 ----> pcfNcfTTM 607 1 0.672527 0.327473 
 ----> pcfNcfTTM 608 0 0.647174 0.352826 
 ----> pcfNcfTTM 609 0 0.658682 0.341318 
 ----> pcfNcfTTM 610 0 0.672802 0.327198 
 ----> pcfNcfTTM 611 0 0.671758 0.328242 
 ----> pcfNcfTTM 612 0 0.670652 0.329348 
 ----> pcfNcfTTM 613 0 0.681737 0.318263 
 ----> pcfNcfTTM 614 0 0.669828 0.330172 
 ----> pcfNcfTTM 615 0 0.6549 0.3451 
 ----> pcfNcfTTM 616 0 0.65048 0.34952 
 ----> pcfNcfTTM 617 0 0.65949 0.34051 
 ----> pcfNcfTTM 618 0 0.633893 0.366107 
 ----> pcfNcfTTM 619 1 0.657955 0.342045 
 ----> pcfNcfTTM 620 0 0.679744 0.320256 
 ----> pcfNcfTTM 621 0 0.653006 0.346994 
 ----> pcfNcfTTM 622 0 0.671641 0.328359 
 ----> pcfNcfTTM 623 1 0.656241 0.343759 
 ----> pcfNcfTTM 624 0 0.673718 0.326282 
 ----> pcfNcfTTM 625 0 0.664229 0.335771 
 ----> pcfNcfTTM 626 0 0.698501 0.301499 
 ----> pcfNcfTTM 627 0 0.612617 0.387383 
 ----> pcfNcfTTM 628 1 0.655698 0.344302 
 ----> pcfNcfTTM 629 0 0.611135 0.388865 
 ----> pcfNcfTTM 630 0 0.65947 0.34053 
 ----> pcfNcfTTM 631 1 0.647495 0.352505 
 ----> pcfNcfTTM 632 1 0.684338 0.315662 
 ----> pcfNcfTTM 633 0 0.636672 0.363328 
 ----> pcfNcfTTM 634 1 0.637471 0.362529 
 ----> pcfNcfTTM 635 0 0.641582 0.358418 
 ----> pcfNcfTTM 636 1 0.658479 0.341521 
 ----> pcfNcfTTM 637 0 0.671383 0.328617 
 ----> pcfNcfTTM 638 0 0.66546 0.33454 
 ----> pcfNcfTTM 639 1 0.658362 0.341638 
 ----> pcfNcfTTM 640 0 0.665778 0.334222 
 ----> pcfNcfTTM 641 0 0.666553 0.333447 
 ----> pcfNcfTTM 642 0 0.645904 0.354096 
 ----> pcfNcfTTM 643 0 0.655513 0.344487 
 ----> pcfNcfTTM 644 0 0.688238 0.311762 
 ----> pcfNcfTTM 645 0 0.678062 0.321938 
 ----> pcfNcfTTM 646 1 0.613811 0.386189 
 ----> pcfNcfTTM 647 0 0.657589 0.342411 
 ----> pcfNcfTTM 648 0 0.650021 0.349979 
 ----> pcfNcfTTM 649 0 0.651254 0.348746 
 ----> pcfNcfTTM 650 0 0.675955 0.324045 
 ----> pcfNcfTTM 651 1 0.636086 0.363914 
 ----> pcfNcfTTM 652 0 0.67786 0.32214 
 ----> pcfNcfTTM 653 1 0.650649 0.349351 
 ----> pcfNcfTTM 654 0 0.693068 0.306932 
 ----> pcfNcfTTM 655 0 0.641544 0.358456 
 ----> pcfNcfTTM 656 0 0.655411 0.344589 
 ----> pcfNcfTTM 657 0 0.663942 0.336058 
 ----> pcfNcfTTM 658 0 0.707921 0.292079 
 ----> pcfNcfTTM 659 0 0.685269 0.314731 
 ----> pcfNcfTTM 660 0 0.705308 0.294692 
 ----> pcfNcfTTM 661 0 0.674781 0.325219 
 ----> pcfNcfTTM 662 0 0.675141 0.324859 
 ----> pcfNcfTTM 663 1 0.659156 0.340844 
 ----> pcfNcfTTM 664 1 0.671993 0.328007 
 ----> pcfNcfTTM 665 0 0.667272 0.332728 
 ----> pcfNcfTTM 666 0 0.666057 0.333943 
 ----> pcfNcfTTM 667 0 0.661374 0.338626 
 ----> pcfNcfTTM 668 1 0.646718 0.353282 
 ----> pcfNcfTTM 669 0 0.619183 0.380817 
 ----> pcfNcfTTM 670 0 0.677635 0.322365 
 ----> pcfNcfTTM 671 0 0.684506 0.315494 
 ----> pcfNcfTTM 672 0 0.671187 0.328813 
 ----> pcfNcfTTM 673 0 0.649416 0.350584 
 ----> pcfNcfTTM 674 1 0.651233 0.348767 
 ----> pcfNcfTTM 675 1 0.665378 0.334622 
 ----> pcfNcfTTM 676 0 0.664279 0.335721 
 ----> pcfNcfTTM 677 1 0.664085 0.335915 
 ----> pcfNcfTTM 678 1 0.626784 0.373216 
 ----> pcfNcfTTM 679 0 0.705754 0.294246 
 ----> pcfNcfTTM 680 1 0.606319 0.393681 
 ----> pcfNcfTTM 681 0 0.67592 0.32408 
 ----> pcfNcfTTM 682 0 0.629358 0.370642 
 ----> pcfNcfTTM 683 0 0.65169 0.34831 
 ----> pcfNcfTTM 684 0 0.672999 0.327001 
 ----> pcfNcfTTM 685 0 0.661835 0.338165 
 ----> pcfNcfTTM 686 0 0.672635 0.327365 
 ----> pcfNcfTTM 687 0 0.679524 0.320476 
 ----> pcfNcfTTM 688 0 0.667876 0.332124 
 ----> pcfNcfTTM 689 0 0.653502 0.346498 
 ----> pcfNcfTTM 690 1 0.649216 0.350784 
 ----> pcfNcfTTM 691 0 0.682458 0.317542 
 ----> pcfNcfTTM 692 0 0.667835 0.332165 
 ----> pcfNcfTTM 693 1 0.684128 0.315872 
 ----> pcfNcfTTM 694 0 0.699632 0.300368 
 ----> pcfNcfTTM 695 0 0.656035 0.343965 
 ----> pcfNcfTTM 696 0 0.644859 0.355141 
 ----> pcfNcfTTM 697 0 0.687338 0.312662 
 ----> pcfNcfTTM 698 1 0.666357 0.333643 
 ----> pcfNcfTTM 699 0 0.671846 0.328154 
 ----> pcfNcfTTM 700 1 0.621462 0.378538 
 ----> pcfNcfTTM 701 0 0.663901 0.336099 
 ----> pcfNcfTTM 702 0 0.694318 0.305682 
 ----> pcfNcfTTM 703 0 0.64093 0.35907 
 ----> pcfNcfTTM 704 0 0.664817 0.335183 
 ----> pcfNcfTTM 705 0 0.661856 0.338144 
 ----> pcfNcfTTM 706 0 0.67244 0.32756 
 ----> pcfNcfTTM 707 0 0.6569 0.3431 
 ----> pcfNcfTTM 708 0 0.702788 0.297212 
 ----> pcfNcfTTM 709 0 0.661946 0.338054 
 ----> pcfNcfTTM 710 0 0.703478 0.296522 
 ----> pcfNcfTTM 711 0 0.68019 0.31981 
 ----> pcfNcfTTM 712 0 0.692413 0.307587 
 ----> pcfNcfTTM 713 1 0.659643 0.340357 
 ----> pcfNcfTTM 714 1 0.666395 0.333605 
 ----> pcfNcfTTM 715 1 0.692446 0.307554 
 ----> pcfNcfTTM 716 1 0.638046 0.361954 
 ----> pcfNcfTTM 717 0 0.678071 0.321929 
 ----> pcfNcfTTM 718 0 0.661714 0.338286 
