 ----> pcfNcfTTM 1 1 0 0 
 ----> pcfNcfTTM 2 0 0.631248 0.368752 
 ----> pcfNcfTTM 3 1 0.681231 0.318769 
 ----> pcfNcfTTM 4 1 0.690535 0.309465 
 ----> pcfNcfTTM 5 1 0.661308 0.338692 
 ----> pcfNcfTTM 6 1 0.707597 0.292403 
 ----> pcfNcfTTM 7 0 0.649684 0.350316 
 ----> pcfNcfTTM 8 0 0.672228 0.327772 
 ----> pcfNcfTTM 9 0 0.655279 0.344721 
 ----> pcfNcfTTM 10 1 0.625108 0.374892 
 ----> pcfNcfTTM 11 1 0.63232 0.36768 
 ----> pcfNcfTTM 12 0 0.658157 0.341843 
 ----> pcfNcfTTM 13 0 0.605556 0.394444 
 ----> pcfNcfTTM 14 1 0.635148 0.364852 
 ----> pcfNcfTTM 15 1 0.632109 0.367891 
 ----> pcfNcfTTM 16 1 0.632151 0.367849 
 ----> pcfNcfTTM 17 1 0.617661 0.382339 
 ----> pcfNcfTTM 18 0 0.659412 0.340588 
 ----> pcfNcfTTM 19 0 0.663935 0.336065 
 ----> pcfNcfTTM 20 0 0.617321 0.382679 
 ----> pcfNcfTTM 21 1 0.61208 0.38792 
 ----> pcfNcfTTM 22 0 0.596899 0.403101 
 ----> pcfNcfTTM 23 0 0.630188 0.369812 
 ----> pcfNcfTTM 24 0 0.670644 0.329356 
 ----> pcfNcfTTM 25 0 0.67305 0.32695 
 ----> pcfNcfTTM 26 1 0.617505 0.382495 
 ----> pcfNcfTTM 27 1 0.657568 0.342432 
 ----> pcfNcfTTM 28 1 0.6662 0.3338 
 ----> pcfNcfTTM 29 0 0.64173 0.35827 
 ----> pcfNcfTTM 30 0 0.66972 0.33028 
 ----> pcfNcfTTM 31 0 0.62193 0.37807 
 ----> pcfNcfTTM 32 0 0.64879 0.35121 
 ----> pcfNcfTTM 33 0 0.582614 0.417386 
 ----> pcfNcfTTM 34 1 0.597266 0.402734 
 ----> pcfNcfTTM 35 1 0.630583 0.369417 
 ----> pcfNcfTTM 36 0 0.683041 0.316959 
 ----> pcfNcfTTM 37 0 0.644078 0.355922 
 ----> pcfNcfTTM 38 0 0.656549 0.343451 
 ----> pcfNcfTTM 39 0 0.660206 0.339794 
 ----> pcfNcfTTM 40 1 0.631394 0.368606 
 ----> pcfNcfTTM 41 1 0.650935 0.349065 
 ----> pcfNcfTTM 42 1 0.622384 0.377616 
 ----> pcfNcfTTM 43 0 0.630472 0.369528 
 ----> pcfNcfTTM 44 1 0.619695 0.380305 
 ----> pcfNcfTTM 45 1 0.709141 0.290859 
 ----> pcfNcfTTM 46 0 0.605218 0.394782 
 ----> pcfNcfTTM 47 1 0.633649 0.366351 
 ----> pcfNcfTTM 48 1 0.655194 0.344806 
 ----> pcfNcfTTM 49 1 0.665283 0.334717 
 ----> pcfNcfTTM 50 1 0.634472 0.365528 
 ----> pcfNcfTTM 51 0 0.678405 0.321595 
 ----> pcfNcfTTM 52 1 0.656155 0.343845 
 ----> pcfNcfTTM 53 0 0.675873 0.324127 
 ----> pcfNcfTTM 54 0 0.675038 0.324962 
 ----> pcfNcfTTM 55 0 0.675198 0.324802 
 ----> pcfNcfTTM 56 1 0.616927 0.383073 
 ----> pcfNcfTTM 57 1 0.632348 0.367652 
 ----> pcfNcfTTM 58 0 0.694779 0.305221 
 ----> pcfNcfTTM 59 1 0.587057 0.412943 
 ----> pcfNcfTTM 60 0 0.61834 0.38166 
 ----> pcfNcfTTM 61 0 0.643231 0.356769 
 ----> pcfNcfTTM 62 0 0.656467 0.343533 
 ----> pcfNcfTTM 63 1 0.602642 0.397358 
 ----> pcfNcfTTM 64 1 0.626943 0.373057 
 ----> pcfNcfTTM 65 0 0.669036 0.330964 
 ----> pcfNcfTTM 66 0 0.697552 0.302448 
 ----> pcfNcfTTM 67 1 0.617825 0.382175 
 ----> pcfNcfTTM 68 1 0.623972 0.376028 
 ----> pcfNcfTTM 69 0 0.647109 0.352891 
 ----> pcfNcfTTM 70 1 0.649433 0.350567 
 ----> pcfNcfTTM 71 1 0.63663 0.36337 
 ----> pcfNcfTTM 72 1 0.612464 0.387536 
 ----> pcfNcfTTM 73 0 0.672808 0.327192 
 ----> pcfNcfTTM 74 0 0.667828 0.332172 
 ----> pcfNcfTTM 75 0 0.663666 0.336334 
 ----> pcfNcfTTM 76 1 0.637749 0.362251 
 ----> pcfNcfTTM 77 0 0.63947 0.36053 
 ----> pcfNcfTTM 78 1 0.619506 0.380494 
 ----> pcfNcfTTM 79 0 0.681798 0.318202 
 ----> pcfNcfTTM 80 1 0.633387 0.366613 
 ----> pcfNcfTTM 81 1 0.626122 0.373878 
 ----> pcfNcfTTM 82 1 0.634912 0.365088 
 ----> pcfNcfTTM 83 1 0.628455 0.371545 
 ----> pcfNcfTTM 84 1 0.627946 0.372054 
 ----> pcfNcfTTM 85 0 0.674247 0.325753 
 ----> pcfNcfTTM 86 0 0.686838 0.313162 
 ----> pcfNcfTTM 87 1 0.611484 0.388516 
 ----> pcfNcfTTM 88 1 0.604124 0.395876 
 ----> pcfNcfTTM 89 1 0.632736 0.367264 
 ----> pcfNcfTTM 90 1 0.63958 0.36042 
 ----> pcfNcfTTM 91 1 0.606207 0.393793 
 ----> pcfNcfTTM 92 0 0.684906 0.315094 
 ----> pcfNcfTTM 93 0 0.650412 0.349588 
 ----> pcfNcfTTM 94 1 0.627366 0.372634 
 ----> pcfNcfTTM 95 0 0.65472 0.34528 
 ----> pcfNcfTTM 96 0 0.641113 0.358887 
 ----> pcfNcfTTM 97 1 0.609818 0.390182 
 ----> pcfNcfTTM 98 1 0.613308 0.386692 
 ----> pcfNcfTTM 99 1 0.600394 0.399606 
 ----> pcfNcfTTM 100 0 0.71452 0.28548 
 ----> pcfNcfTTM 101 1 0.642907 0.357093 
 ----> pcfNcfTTM 102 0 0.65614 0.34386 
 ----> pcfNcfTTM 103 0 0.639242 0.360758 
 ----> pcfNcfTTM 104 0 0.675833 0.324167 
 ----> pcfNcfTTM 105 1 0.607885 0.392115 
 ----> pcfNcfTTM 106 0 0.621238 0.378762 
 ----> pcfNcfTTM 107 0 0.673873 0.326127 
 ----> pcfNcfTTM 108 0 0.728649 0.271351 
 ----> pcfNcfTTM 109 0 0.713733 0.286267 
 ----> pcfNcfTTM 110 1 0.624471 0.375529 
 ----> pcfNcfTTM 111 0 0.668252 0.331748 
 ----> pcfNcfTTM 112 0 0.649725 0.350275 
 ----> pcfNcfTTM 113 1 0.639105 0.360895 
 ----> pcfNcfTTM 114 1 0.627026 0.372974 
 ----> pcfNcfTTM 115 0 0.694369 0.305631 
 ----> pcfNcfTTM 116 0 0.695507 0.304493 
 ----> pcfNcfTTM 117 1 0.600154 0.399846 
 ----> pcfNcfTTM 118 1 0.63784 0.36216 
 ----> pcfNcfTTM 119 1 0.669045 0.330955 
 ----> pcfNcfTTM 120 0 0.678361 0.321639 
 ----> pcfNcfTTM 121 0 0.693558 0.306442 
 ----> pcfNcfTTM 122 1 0.603056 0.396944 
 ----> pcfNcfTTM 123 1 0.623874 0.376126 
 ----> pcfNcfTTM 124 0 0.684413 0.315587 
 ----> pcfNcfTTM 125 1 0.637317 0.362683 
 ----> pcfNcfTTM 126 0 0.667663 0.332337 
 ----> pcfNcfTTM 127 0 0.631469 0.368531 
 ----> pcfNcfTTM 128 0 0.638802 0.361198 
 ----> pcfNcfTTM 129 1 0.602436 0.397564 
 ----> pcfNcfTTM 130 0 0.639957 0.360043 
 ----> pcfNcfTTM 131 0 0.674563 0.325437 
 ----> pcfNcfTTM 132 0 0.677378 0.322622 
 ----> pcfNcfTTM 133 1 0.618167 0.381833 
 ----> pcfNcfTTM 134 1 0.630426 0.369574 
 ----> pcfNcfTTM 135 1 0.594218 0.405782 
 ----> pcfNcfTTM 136 0 0.664655 0.335345 
 ----> pcfNcfTTM 137 1 0.58365 0.41635 
 ----> pcfNcfTTM 138 0 0.637778 0.362222 
 ----> pcfNcfTTM 139 0 0.66694 0.33306 
 ----> pcfNcfTTM 140 1 0.669583 0.330417 
 ----> pcfNcfTTM 141 0 0.691853 0.308147 
 ----> pcfNcfTTM 142 1 0.628994 0.371006 
 ----> pcfNcfTTM 143 0 0.690087 0.309913 
 ----> pcfNcfTTM 144 1 0.637745 0.362255 
 ----> pcfNcfTTM 145 0 0.654991 0.345009 
 ----> pcfNcfTTM 146 0 0.680001 0.319999 
 ----> pcfNcfTTM 147 0 0.660681 0.339319 
 ----> pcfNcfTTM 148 0 0.638041 0.361959 
 ----> pcfNcfTTM 149 1 0.610152 0.389848 
 ----> pcfNcfTTM 150 1 0.616197 0.383803 
 ----> pcfNcfTTM 151 1 0.653741 0.346259 
 ----> pcfNcfTTM 152 0 0.674859 0.325141 
 ----> pcfNcfTTM 153 0 0.67596 0.32404 
 ----> pcfNcfTTM 154 0 0.6227 0.3773 
 ----> pcfNcfTTM 155 1 0.647504 0.352496 
 ----> pcfNcfTTM 156 1 0.61575 0.38425 
 ----> pcfNcfTTM 157 1 0.642743 0.357257 
 ----> pcfNcfTTM 158 0 0.695477 0.304523 
 ----> pcfNcfTTM 159 1 0.656049 0.343951 
 ----> pcfNcfTTM 160 0 0.692981 0.307019 
 ----> pcfNcfTTM 161 0 0.666818 0.333182 
 ----> pcfNcfTTM 162 1 0.675594 0.324406 
 ----> pcfNcfTTM 163 1 0.602799 0.397201 
 ----> pcfNcfTTM 164 1 0.634347 0.365653 
 ----> pcfNcfTTM 165 1 0.583383 0.416617 
 ----> pcfNcfTTM 166 0 0.648118 0.351882 
 ----> pcfNcfTTM 167 1 0.60818 0.39182 
 ----> pcfNcfTTM 168 0 0.700706 0.299294 
 ----> pcfNcfTTM 169 0 0.626806 0.373194 
 ----> pcfNcfTTM 170 1 0.586314 0.413686 
 ----> pcfNcfTTM 171 1 0.609405 0.390595 
 ----> pcfNcfTTM 172 0 0.685291 0.314709 
 ----> pcfNcfTTM 173 1 0.623107 0.376893 
 ----> pcfNcfTTM 174 0 0.648945 0.351055 
 ----> pcfNcfTTM 175 1 0.630233 0.369767 
 ----> pcfNcfTTM 176 0 0.650696 0.349304 
 ----> pcfNcfTTM 177 0 0.63966 0.36034 
 ----> pcfNcfTTM 178 1 0.609754 0.390246 
 ----> pcfNcfTTM 179 0 0.636284 0.363716 
 ----> pcfNcfTTM 180 0 0.677317 0.322683 
 ----> pcfNcfTTM 181 0 0.702429 0.297571 
 ----> pcfNcfTTM 182 0 0.643289 0.356711 
 ----> pcfNcfTTM 183 1 0.642285 0.357715 
 ----> pcfNcfTTM 184 1 0.643823 0.356177 
 ----> pcfNcfTTM 185 0 0.678311 0.321689 
 ----> pcfNcfTTM 186 0 0.672346 0.327654 
 ----> pcfNcfTTM 187 0 0.655025 0.344975 
 ----> pcfNcfTTM 188 1 0.625153 0.374847 
 ----> pcfNcfTTM 189 1 0.648788 0.351212 
 ----> pcfNcfTTM 190 0 0.679907 0.320093 
 ----> pcfNcfTTM 191 0 0.651051 0.348949 
 ----> pcfNcfTTM 192 1 0.642477 0.357523 
 ----> pcfNcfTTM 193 0 0.654157 0.345843 
 ----> pcfNcfTTM 194 0 0.718755 0.281245 
 ----> pcfNcfTTM 195 0 0.665108 0.334892 
 ----> pcfNcfTTM 196 1 0.646938 0.353062 
 ----> pcfNcfTTM 197 0 0.636405 0.363595 
 ----> pcfNcfTTM 198 0 0.649353 0.350647 
 ----> pcfNcfTTM 199 0 0.675405 0.324595 
 ----> pcfNcfTTM 200 0 0.663344 0.336656 
 ----> pcfNcfTTM 201 0 0.660307 0.339693 
 ----> pcfNcfTTM 202 0 0.639957 0.360043 
 ----> pcfNcfTTM 203 1 0.663878 0.336122 
 ----> pcfNcfTTM 204 1 0.678256 0.321744 
 ----> pcfNcfTTM 205 0 0.686901 0.313099 
 ----> pcfNcfTTM 206 1 0.650516 0.349484 
 ----> pcfNcfTTM 207 1 0.64485 0.35515 
 ----> pcfNcfTTM 208 0 0.67542 0.32458 
 ----> pcfNcfTTM 209 0 0.674199 0.325801 
 ----> pcfNcfTTM 210 0 0.704369 0.295631 
 ----> pcfNcfTTM 211 0 0.696376 0.303624 
 ----> pcfNcfTTM 212 0 0.666787 0.333213 
 ----> pcfNcfTTM 213 1 0.624239 0.375761 
 ----> pcfNcfTTM 214 0 0.670607 0.329393 
 ----> pcfNcfTTM 215 1 0.645352 0.354648 
 ----> pcfNcfTTM 216 0 0.663711 0.336289 
 ----> pcfNcfTTM 217 1 0.660362 0.339638 
 ----> pcfNcfTTM 218 0 0.693025 0.306975 
 ----> pcfNcfTTM 219 0 0.681411 0.318589 
 ----> pcfNcfTTM 220 0 0.689448 0.310552 
 ----> pcfNcfTTM 221 0 0.657343 0.342657 
 ----> pcfNcfTTM 222 1 0.619528 0.380472 
 ----> pcfNcfTTM 223 1 0.637139 0.362861 
 ----> pcfNcfTTM 224 0 0.720793 0.279207 
 ----> pcfNcfTTM 225 1 0.626104 0.373896 
 ----> pcfNcfTTM 226 1 0.630133 0.369867 
 ----> pcfNcfTTM 227 0 0.684437 0.315563 
 ----> pcfNcfTTM 228 0 0.655605 0.344395 
 ----> pcfNcfTTM 229 0 0.662385 0.337615 
 ----> pcfNcfTTM 230 0 0.69055 0.30945 
 ----> pcfNcfTTM 231 0 0.696256 0.303744 
 ----> pcfNcfTTM 232 1 0.659657 0.340343 
 ----> pcfNcfTTM 233 0 0.675896 0.324104 
 ----> pcfNcfTTM 234 0 0.657119 0.342881 
 ----> pcfNcfTTM 235 0 0.671186 0.328814 
 ----> pcfNcfTTM 236 1 0.667869 0.332131 
 ----> pcfNcfTTM 237 0 0.657662 0.342338 
 ----> pcfNcfTTM 238 0 0.658875 0.341125 
 ----> pcfNcfTTM 239 0 0.686326 0.313674 
 ----> pcfNcfTTM 240 1 0.625205 0.374795 
 ----> pcfNcfTTM 241 0 0.646587 0.353413 
 ----> pcfNcfTTM 242 1 0.562972 0.437028 
 ----> pcfNcfTTM 243 0 0.712408 0.287592 
 ----> pcfNcfTTM 244 1 0.640324 0.359676 
 ----> pcfNcfTTM 245 1 0.606385 0.393615 
 ----> pcfNcfTTM 246 0 0.670029 0.329971 
 ----> pcfNcfTTM 247 0 0.691729 0.308271 
 ----> pcfNcfTTM 248 1 0.664593 0.335407 
 ----> pcfNcfTTM 249 1 0.638722 0.361278 
 ----> pcfNcfTTM 250 0 0.684889 0.315111 
 ----> pcfNcfTTM 251 0 0.693047 0.306953 
 ----> pcfNcfTTM 252 0 0.65414 0.34586 
 ----> pcfNcfTTM 253 1 0.637505 0.362495 
 ----> pcfNcfTTM 254 0 0.629664 0.370336 
 ----> pcfNcfTTM 255 1 0.613255 0.386745 
 ----> pcfNcfTTM 256 0 0.686681 0.313319 
 ----> pcfNcfTTM 257 0 0.665886 0.334114 
 ----> pcfNcfTTM 258 0 0.645481 0.354519 
 ----> pcfNcfTTM 259 0 0.610325 0.389675 
 ----> pcfNcfTTM 260 1 0.612306 0.387694 
 ----> pcfNcfTTM 261 1 0.644832 0.355168 
 ----> pcfNcfTTM 262 0 0.669316 0.330684 
 ----> pcfNcfTTM 263 1 0.626599 0.373401 
 ----> pcfNcfTTM 264 1 0.639598 0.360402 
 ----> pcfNcfTTM 265 1 0.628307 0.371693 
 ----> pcfNcfTTM 266 0 0.703052 0.296948 
 ----> pcfNcfTTM 267 0 0.642114 0.357886 
 ----> pcfNcfTTM 268 1 0.662919 0.337081 
 ----> pcfNcfTTM 269 0 0.630334 0.369666 
 ----> pcfNcfTTM 270 1 0.654909 0.345091 
 ----> pcfNcfTTM 271 1 0.62207 0.37793 
 ----> pcfNcfTTM 272 0 0.680182 0.319818 
 ----> pcfNcfTTM 273 0 0.701057 0.298943 
 ----> pcfNcfTTM 274 1 0.622678 0.377322 
 ----> pcfNcfTTM 275 1 0.663589 0.336411 
 ----> pcfNcfTTM 276 0 0.648687 0.351313 
 ----> pcfNcfTTM 277 0 0.685678 0.314322 
 ----> pcfNcfTTM 278 0 0.691466 0.308534 
 ----> pcfNcfTTM 279 1 0.587825 0.412175 
 ----> pcfNcfTTM 280 1 0.622757 0.377243 
 ----> pcfNcfTTM 281 0 0.68172 0.31828 
 ----> pcfNcfTTM 282 1 0.667943 0.332057 
 ----> pcfNcfTTM 283 1 0.60584 0.39416 
 ----> pcfNcfTTM 284 1 0.676108 0.323892 
 ----> pcfNcfTTM 285 0 0.682743 0.317257 
 ----> pcfNcfTTM 286 0 0.703214 0.296786 
 ----> pcfNcfTTM 287 0 0.656602 0.343398 
 ----> pcfNcfTTM 288 0 0.649282 0.350718 
 ----> pcfNcfTTM 289 0 0.662358 0.337642 
 ----> pcfNcfTTM 290 0 0.625531 0.374469 
 ----> pcfNcfTTM 291 1 0.608629 0.391371 
 ----> pcfNcfTTM 292 0 0.705901 0.294099 
 ----> pcfNcfTTM 293 1 0.624728 0.375272 
 ----> pcfNcfTTM 294 1 0.631679 0.368321 
 ----> pcfNcfTTM 295 0 0.676654 0.323346 
 ----> pcfNcfTTM 296 0 0.696472 0.303528 
 ----> pcfNcfTTM 297 0 0.66919 0.33081 
 ----> pcfNcfTTM 298 1 0.627881 0.372119 
 ----> pcfNcfTTM 299 0 0.664159 0.335841 
 ----> pcfNcfTTM 300 0 0.653975 0.346025 
 ----> pcfNcfTTM 301 0 0.716509 0.283491 
 ----> pcfNcfTTM 302 0 0.637769 0.362231 
 ----> pcfNcfTTM 303 0 0.641947 0.358053 
 ----> pcfNcfTTM 304 0 0.664482 0.335518 
 ----> pcfNcfTTM 305 0 0.64489 0.35511 
 ----> pcfNcfTTM 306 0 0.660259 0.339741 
 ----> pcfNcfTTM 307 1 0.652254 0.347746 
 ----> pcfNcfTTM 308 0 0.666985 0.333015 
 ----> pcfNcfTTM 309 1 0.649767 0.350233 
 ----> pcfNcfTTM 310 0 0.685919 0.314081 
 ----> pcfNcfTTM 311 0 0.674255 0.325745 
 ----> pcfNcfTTM 312 0 0.684568 0.315432 
 ----> pcfNcfTTM 313 1 0.622776 0.377224 
 ----> pcfNcfTTM 314 0 0.697563 0.302437 
 ----> pcfNcfTTM 315 0 0.668017 0.331983 
 ----> pcfNcfTTM 316 0 0.681959 0.318041 
 ----> pcfNcfTTM 317 0 0.649661 0.350339 
 ----> pcfNcfTTM 318 0 0.675709 0.324291 
 ----> pcfNcfTTM 319 0 0.6514 0.3486 
 ----> pcfNcfTTM 320 0 0.64621 0.35379 
 ----> pcfNcfTTM 321 1 0.631538 0.368462 
 ----> pcfNcfTTM 322 1 0.654363 0.345637 
 ----> pcfNcfTTM 323 0 0.701811 0.298189 
 ----> pcfNcfTTM 324 0 0.693729 0.306271 
 ----> pcfNcfTTM 325 0 0.692675 0.307325 
 ----> pcfNcfTTM 326 1 0.654879 0.345121 
 ----> pcfNcfTTM 327 1 0.664086 0.335914 
 ----> pcfNcfTTM 328 0 0.702024 0.297976 
 ----> pcfNcfTTM 329 0 0.656847 0.343153 
 ----> pcfNcfTTM 330 0 0.673571 0.326429 
 ----> pcfNcfTTM 331 0 0.709631 0.290369 
 ----> pcfNcfTTM 332 0 0.679473 0.320527 
 ----> pcfNcfTTM 333 1 0.646243 0.353757 
 ----> pcfNcfTTM 334 1 0.633457 0.366543 
 ----> pcfNcfTTM 335 0 0.671674 0.328326 
 ----> pcfNcfTTM 336 1 0.595874 0.404126 
 ----> pcfNcfTTM 337 1 0.650209 0.349791 
 ----> pcfNcfTTM 338 1 0.646679 0.353321 
 ----> pcfNcfTTM 339 0 0.691005 0.308995 
 ----> pcfNcfTTM 340 0 0.655825 0.344175 
 ----> pcfNcfTTM 341 1 0.651224 0.348776 
 ----> pcfNcfTTM 342 1 0.657627 0.342373 
 ----> pcfNcfTTM 343 0 0.700468 0.299532 
 ----> pcfNcfTTM 344 0 0.669345 0.330655 
 ----> pcfNcfTTM 345 0 0.660623 0.339377 
 ----> pcfNcfTTM 346 0 0.653275 0.346725 
 ----> pcfNcfTTM 347 1 0.61589 0.38411 
 ----> pcfNcfTTM 348 0 0.667458 0.332542 
 ----> pcfNcfTTM 349 0 0.679496 0.320504 
 ----> pcfNcfTTM 350 1 0.631231 0.368769 
 ----> pcfNcfTTM 351 0 0.667495 0.332505 
 ----> pcfNcfTTM 352 0 0.647145 0.352855 
 ----> pcfNcfTTM 353 0 0.648328 0.351672 
 ----> pcfNcfTTM 354 0 0.706237 0.293763 
 ----> pcfNcfTTM 355 0 0.653459 0.346541 
 ----> pcfNcfTTM 356 0 0.665893 0.334107 
 ----> pcfNcfTTM 357 1 0.644709 0.355291 
 ----> pcfNcfTTM 358 0 0.675993 0.324007 
 ----> pcfNcfTTM 359 0 0.718827 0.281173 
 ----> pcfNcfTTM 360 0 0.681603 0.318397 
 ----> pcfNcfTTM 361 0 0.655992 0.344008 
 ----> pcfNcfTTM 362 1 0.651674 0.348326 
 ----> pcfNcfTTM 363 0 0.661284 0.338716 
 ----> pcfNcfTTM 364 0 0.658534 0.341466 
 ----> pcfNcfTTM 365 0 0.668088 0.331912 
 ----> pcfNcfTTM 366 1 0.672026 0.327974 
 ----> pcfNcfTTM 367 0 0.662651 0.337349 
 ----> pcfNcfTTM 368 0 0.676123 0.323877 
 ----> pcfNcfTTM 369 0 0.675481 0.324519 
 ----> pcfNcfTTM 370 1 0.638411 0.361589 
 ----> pcfNcfTTM 371 0 0.675888 0.324112 
 ----> pcfNcfTTM 372 0 0.657645 0.342355 
 ----> pcfNcfTTM 373 0 0.68785 0.31215 
 ----> pcfNcfTTM 374 0 0.685753 0.314247 
 ----> pcfNcfTTM 375 1 0.579485 0.420515 
 ----> pcfNcfTTM 376 0 0.657242 0.342758 
 ----> pcfNcfTTM 377 0 0.681052 0.318948 
 ----> pcfNcfTTM 378 1 0.666198 0.333802 
 ----> pcfNcfTTM 379 0 0.686289 0.313711 
 ----> pcfNcfTTM 380 0 0.596553 0.403447 
 ----> pcfNcfTTM 381 0 0.676539 0.323461 
 ----> pcfNcfTTM 382 0 0.697787 0.302213 
 ----> pcfNcfTTM 383 0 0.628568 0.371432 
 ----> pcfNcfTTM 384 0 0.6885 0.3115 
 ----> pcfNcfTTM 385 1 0.670176 0.329824 
 ----> pcfNcfTTM 386 0 0.650755 0.349245 
 ----> pcfNcfTTM 387 1 0.67228 0.32772 
 ----> pcfNcfTTM 388 1 0.651027 0.348973 
 ----> pcfNcfTTM 389 0 0.659069 0.340931 
 ----> pcfNcfTTM 390 0 0.660658 0.339342 
 ----> pcfNcfTTM 391 0 0.654704 0.345296 
 ----> pcfNcfTTM 392 1 0.64446 0.35554 
 ----> pcfNcfTTM 393 1 0.647627 0.352373 
 ----> pcfNcfTTM 394 0 0.665189 0.334811 
 ----> pcfNcfTTM 395 0 0.675873 0.324127 
 ----> pcfNcfTTM 396 0 0.666964 0.333036 
 ----> pcfNcfTTM 397 0 0.685608 0.314392 
 ----> pcfNcfTTM 398 1 0.564957 0.435043 
 ----> pcfNcfTTM 399 1 0.627021 0.372979 
 ----> pcfNcfTTM 400 1 0.641816 0.358184 
 ----> pcfNcfTTM 401 0 0.674669 0.325331 
 ----> pcfNcfTTM 402 0 0.686664 0.313336 
 ----> pcfNcfTTM 403 0 0.635292 0.364708 
 ----> pcfNcfTTM 404 0 0.647911 0.352089 
 ----> pcfNcfTTM 405 0 0.682835 0.317165 
 ----> pcfNcfTTM 406 1 0.661606 0.338394 
 ----> pcfNcfTTM 407 1 0.663516 0.336484 
 ----> pcfNcfTTM 408 0 0.675146 0.324854 
 ----> pcfNcfTTM 409 1 0.595108 0.404892 
 ----> pcfNcfTTM 410 0 0.660645 0.339355 
 ----> pcfNcfTTM 411 0 0.659835 0.340165 
 ----> pcfNcfTTM 412 1 0.650414 0.349586 
 ----> pcfNcfTTM 413 1 0.665317 0.334683 
 ----> pcfNcfTTM 414 0 0.624625 0.375375 
 ----> pcfNcfTTM 415 1 0.638695 0.361305 
 ----> pcfNcfTTM 416 0 0.654253 0.345747 
 ----> pcfNcfTTM 417 0 0.706058 0.293942 
 ----> pcfNcfTTM 418 1 0.628601 0.371399 
 ----> pcfNcfTTM 419 0 0.661459 0.338541 
 ----> pcfNcfTTM 420 0 0.674135 0.325865 
 ----> pcfNcfTTM 421 0 0.61292 0.38708 
 ----> pcfNcfTTM 422 0 0.707558 0.292442 
 ----> pcfNcfTTM 423 0 0.664252 0.335748 
 ----> pcfNcfTTM 424 0 0.62555 0.37445 
 ----> pcfNcfTTM 425 0 0.666081 0.333919 
 ----> pcfNcfTTM 426 1 0.648089 0.351911 
 ----> pcfNcfTTM 427 0 0.621767 0.378233 
 ----> pcfNcfTTM 428 0 0.677771 0.322229 
 ----> pcfNcfTTM 429 0 0.702185 0.297815 
 ----> pcfNcfTTM 430 0 0.659899 0.340101 
 ----> pcfNcfTTM 431 0 0.685561 0.314439 
 ----> pcfNcfTTM 432 0 0.664637 0.335363 
 ----> pcfNcfTTM 433 0 0.709007 0.290993 
 ----> pcfNcfTTM 434 0 0.690873 0.309127 
 ----> pcfNcfTTM 435 1 0.667899 0.332101 
 ----> pcfNcfTTM 436 0 0.672121 0.327879 
 ----> pcfNcfTTM 437 0 0.664197 0.335803 
 ----> pcfNcfTTM 438 0 0.66277 0.33723 
 ----> pcfNcfTTM 439 0 0.671019 0.328981 
 ----> pcfNcfTTM 440 0 0.677223 0.322777 
 ----> pcfNcfTTM 441 0 0.646457 0.353543 
 ----> pcfNcfTTM 442 0 0.687207 0.312793 
 ----> pcfNcfTTM 443 0 0.669611 0.330389 
 ----> pcfNcfTTM 444 0 0.712169 0.287831 
 ----> pcfNcfTTM 445 1 0.659218 0.340782 
 ----> pcfNcfTTM 446 0 0.663033 0.336967 
 ----> pcfNcfTTM 447 0 0.679526 0.320474 
 ----> pcfNcfTTM 448 0 0.704524 0.295476 
 ----> pcfNcfTTM 449 0 0.671475 0.328525 
 ----> pcfNcfTTM 450 0 0.665842 0.334158 
 ----> pcfNcfTTM 451 0 0.628894 0.371106 
 ----> pcfNcfTTM 452 0 0.690695 0.309305 
 ----> pcfNcfTTM 453 0 0.686 0.314 
 ----> pcfNcfTTM 454 1 0.655603 0.344397 
 ----> pcfNcfTTM 455 0 0.673116 0.326884 
 ----> pcfNcfTTM 456 0 0.68771 0.31229 
 ----> pcfNcfTTM 457 0 0.693169 0.306831 
 ----> pcfNcfTTM 458 1 0.660459 0.339541 
 ----> pcfNcfTTM 459 0 0.666954 0.333046 
 ----> pcfNcfTTM 460 0 0.701072 0.298928 
 ----> pcfNcfTTM 461 1 0.644165 0.355835 
 ----> pcfNcfTTM 462 0 0.677632 0.322368 
 ----> pcfNcfTTM 463 0 0.69106 0.30894 
 ----> pcfNcfTTM 464 0 0.697117 0.302883 
 ----> pcfNcfTTM 465 0 0.675281 0.324719 
 ----> pcfNcfTTM 466 0 0.658549 0.341451 
 ----> pcfNcfTTM 467 1 0.67374 0.32626 
 ----> pcfNcfTTM 468 0 0.675908 0.324092 
 ----> pcfNcfTTM 469 0 0.680272 0.319728 
 ----> pcfNcfTTM 470 1 0.674841 0.325159 
 ----> pcfNcfTTM 471 1 0.642829 0.357171 
 ----> pcfNcfTTM 472 0 0.695697 0.304303 
 ----> pcfNcfTTM 473 1 0.667255 0.332745 
 ----> pcfNcfTTM 474 0 0.644968 0.355032 
 ----> pcfNcfTTM 475 0 0.649174 0.350826 
 ----> pcfNcfTTM 476 0 0.689187 0.310813 
 ----> pcfNcfTTM 477 1 0.688484 0.311516 
 ----> pcfNcfTTM 478 0 0.664229 0.335771 
 ----> pcfNcfTTM 479 1 0.657282 0.342718 
 ----> pcfNcfTTM 480 0 0.658681 0.341319 
 ----> pcfNcfTTM 481 0 0.666565 0.333435 
 ----> pcfNcfTTM 482 0 0.65338 0.34662 
 ----> pcfNcfTTM 483 1 0.647744 0.352256 
 ----> pcfNcfTTM 484 0 0.645012 0.354988 
 ----> pcfNcfTTM 485 0 0.686804 0.313196 
 ----> pcfNcfTTM 486 0 0.707826 0.292174 
 ----> pcfNcfTTM 487 0 0.759853 0.240147 
 ----> pcfNcfTTM 488 1 0.6836 0.3164 
 ----> pcfNcfTTM 489 1 0.622735 0.377265 
 ----> pcfNcfTTM 490 0 0.663737 0.336263 
 ----> pcfNcfTTM 491 1 0.660226 0.339774 
 ----> pcfNcfTTM 492 0 0.695664 0.304336 
 ----> pcfNcfTTM 493 0 0.689768 0.310232 
 ----> pcfNcfTTM 494 0 0.69551 0.30449 
 ----> pcfNcfTTM 495 1 0.640824 0.359176 
 ----> pcfNcfTTM 496 0 0.688894 0.311106 
 ----> pcfNcfTTM 497 0 0.689408 0.310592 
 ----> pcfNcfTTM 498 0 0.669624 0.330376 
 ----> pcfNcfTTM 499 1 0.618136 0.381864 
 ----> pcfNcfTTM 500 1 0.662171 0.337829 
 ----> pcfNcfTTM 501 0 0.670455 0.329545 
 ----> pcfNcfTTM 502 0 0.662756 0.337244 
 ----> pcfNcfTTM 503 0 0.672495 0.327505 
 ----> pcfNcfTTM 504 0 0.654242 0.345758 
 ----> pcfNcfTTM 505 0 0.662671 0.337329 
 ----> pcfNcfTTM 506 0 0.663833 0.336167 
 ----> pcfNcfTTM 507 0 0.661383 0.338617 
 ----> pcfNcfTTM 508 1 0.645132 0.354868 
 ----> pcfNcfTTM 509 1 0.651866 0.348134 
 ----> pcfNcfTTM 510 0 0.670988 0.329012 
 ----> pcfNcfTTM 511 0 0.656591 0.343409 
 ----> pcfNcfTTM 512 0 0.675836 0.324164 
 ----> pcfNcfTTM 513 1 0.657477 0.342523 
 ----> pcfNcfTTM 514 1 0.627572 0.372428 
 ----> pcfNcfTTM 515 0 0.647678 0.352322 
 ----> pcfNcfTTM 516 0 0.72947 0.27053 
 ----> pcfNcfTTM 517 1 0.624196 0.375804 
 ----> pcfNcfTTM 518 0 0.69392 0.30608 
 ----> pcfNcfTTM 519 0 0.641941 0.358059 
 ----> pcfNcfTTM 520 1 0.615326 0.384674 
 ----> pcfNcfTTM 521 1 0.687021 0.312979 
 ----> pcfNcfTTM 522 0 0.681449 0.318551 
 ----> pcfNcfTTM 523 1 0.681112 0.318888 
 ----> pcfNcfTTM 524 0 0.691584 0.308416 
 ----> pcfNcfTTM 525 0 0.673964 0.326036 
 ----> pcfNcfTTM 526 0 0.662464 0.337536 
 ----> pcfNcfTTM 527 0 0.66251 0.33749 
 ----> pcfNcfTTM 528 0 0.626609 0.373391 
 ----> pcfNcfTTM 529 1 0.652861 0.347139 
 ----> pcfNcfTTM 530 0 0.677315 0.322685 
 ----> pcfNcfTTM 531 1 0.654601 0.345399 
 ----> pcfNcfTTM 532 0 0.642514 0.357486 
 ----> pcfNcfTTM 533 0 0.678656 0.321344 
 ----> pcfNcfTTM 534 0 0.666735 0.333265 
 ----> pcfNcfTTM 535 1 0.658941 0.341059 
 ----> pcfNcfTTM 536 0 0.669932 0.330068 
 ----> pcfNcfTTM 537 0 0.680192 0.319808 
 ----> pcfNcfTTM 538 0 0.693035 0.306965 
 ----> pcfNcfTTM 539 1 0.66853 0.33147 
 ----> pcfNcfTTM 540 0 0.673759 0.326241 
 ----> pcfNcfTTM 541 1 0.60591 0.39409 
 ----> pcfNcfTTM 542 0 0.706545 0.293455 
 ----> pcfNcfTTM 543 1 0.651141 0.348859 
 ----> pcfNcfTTM 544 0 0.688611 0.311389 
 ----> pcfNcfTTM 545 1 0.651155 0.348845 
 ----> pcfNcfTTM 546 0 0.662436 0.337564 
 ----> pcfNcfTTM 547 0 0.635329 0.364671 
 ----> pcfNcfTTM 548 1 0.670357 0.329643 
 ----> pcfNcfTTM 549 0 0.716525 0.283475 
 ----> pcfNcfTTM 550 0 0.675839 0.324161 
 ----> pcfNcfTTM 551 0 0.662584 0.337416 
 ----> pcfNcfTTM 552 1 0.642024 0.357976 
 ----> pcfNcfTTM 553 1 0.631542 0.368458 
 ----> pcfNcfTTM 554 1 0.619277 0.380723 
 ----> pcfNcfTTM 555 1 0.633279 0.366721 
 ----> pcfNcfTTM 556 0 0.646323 0.353677 
 ----> pcfNcfTTM 557 0 0.664114 0.335886 
 ----> pcfNcfTTM 558 0 0.675059 0.324941 
 ----> pcfNcfTTM 559 0 0.66938 0.33062 
 ----> pcfNcfTTM 560 0 0.636531 0.363469 
 ----> pcfNcfTTM 561 1 0.653811 0.346189 
 ----> pcfNcfTTM 562 0 0.680601 0.319399 
 ----> pcfNcfTTM 563 0 0.645226 0.354774 
 ----> pcfNcfTTM 564 0 0.644758 0.355242 
 ----> pcfNcfTTM 565 0 0.659486 0.340514 
 ----> pcfNcfTTM 566 0 0.655907 0.344093 
 ----> pcfNcfTTM 567 0 0.64812 0.35188 
 ----> pcfNcfTTM 568 0 0.668082 0.331918 
 ----> pcfNcfTTM 569 1 0.609458 0.390542 
 ----> pcfNcfTTM 570 0 0.66613 0.33387 
 ----> pcfNcfTTM 571 1 0.640461 0.359539 
 ----> pcfNcfTTM 572 0 0.701905 0.298095 
 ----> pcfNcfTTM 573 0 0.654257 0.345743 
 ----> pcfNcfTTM 574 0 0.683573 0.316427 
 ----> pcfNcfTTM 575 1 0.681828 0.318172 
 ----> pcfNcfTTM 576 0 0.682108 0.317892 
 ----> pcfNcfTTM 577 1 0.658215 0.341785 
 ----> pcfNcfTTM 578 0 0.69195 0.30805 
 ----> pcfNcfTTM 579 0 0.649067 0.350933 
 ----> pcfNcfTTM 580 1 0.659141 0.340859 
 ----> pcfNcfTTM 581 0 0.672311 0.327689 
 ----> pcfNcfTTM 582 0 0.684574 0.315426 
 ----> pcfNcfTTM 583 1 0.641054 0.358946 
 ----> pcfNcfTTM 584 0 0.664193 0.335807 
 ----> pcfNcfTTM 585 0 0.668285 0.331715 
 ----> pcfNcfTTM 586 0 0.670422 0.329578 
 ----> pcfNcfTTM 587 0 0.636992 0.363008 
 ----> pcfNcfTTM 588 0 0.63575 0.36425 
 ----> pcfNcfTTM 589 1 0.644276 0.355724 
 ----> pcfNcfTTM 590 0 0.668044 0.331956 
 ----> pcfNcfTTM 591 1 0.655997 0.344003 
 ----> pcfNcfTTM 592 1 0.682778 0.317222 
 ----> pcfNcfTTM 593 0 0.654767 0.345233 
 ----> pcfNcfTTM 594 0 0.660139 0.339861 
 ----> pcfNcfTTM 595 0 0.690715 0.309285 
 ----> pcfNcfTTM 596 0 0.64922 0.35078 
 ----> pcfNcfTTM 597 0 0.668281 0.331719 
 ----> pcfNcfTTM 598 0 0.647053 0.352947 
 ----> pcfNcfTTM 599 0 0.658631 0.341369 
 ----> pcfNcfTTM 600 0 0.677697 0.322303 
 ----> pcfNcfTTM 601 0 0.676 0.324 
 ----> pcfNcfTTM 602 1 0.636315 0.363685 
 ----> pcfNcfTTM 603 0 0.652139 0.347861 
 ----> pcfNcfTTM 604 0 0.728442 0.271558 
 ----> pcfNcfTTM 605 0 0.718398 0.281602 
 ----> pcfNcfTTM 606 0 0.685185 0.314815 
 ----> pcfNcfTTM 607 1 0.641963 0.358037 
 ----> pcfNcfTTM 608 0 0.693105 0.306895 
 ----> pcfNcfTTM 609 0 0.664169 0.335831 
 ----> pcfNcfTTM 610 0 0.671208 0.328792 
 ----> pcfNcfTTM 611 0 0.684395 0.315605 
 ----> pcfNcfTTM 612 0 0.661996 0.338004 
 ----> pcfNcfTTM 613 0 0.686491 0.313509 
 ----> pcfNcfTTM 614 0 0.643405 0.356595 
 ----> pcfNcfTTM 615 0 0.675666 0.324334 
 ----> pcfNcfTTM 616 0 0.680257 0.319743 
 ----> pcfNcfTTM 617 0 0.703667 0.296333 
 ----> pcfNcfTTM 618 0 0.712817 0.287183 
 ----> pcfNcfTTM 619 1 0.662722 0.337278 
 ----> pcfNcfTTM 620 0 0.668222 0.331778 
 ----> pcfNcfTTM 621 0 0.679447 0.320553 
 ----> pcfNcfTTM 622 0 0.706759 0.293241 
 ----> pcfNcfTTM 623 1 0.654497 0.345503 
 ----> pcfNcfTTM 624 0 0.668473 0.331527 
 ----> pcfNcfTTM 625 0 0.690531 0.309469 
 ----> pcfNcfTTM 626 0 0.686421 0.313579 
 ----> pcfNcfTTM 627 0 0.674824 0.325176 
 ----> pcfNcfTTM 628 1 0.670868 0.329132 
 ----> pcfNcfTTM 629 0 0.666809 0.333191 
 ----> pcfNcfTTM 630 0 0.690352 0.309648 
 ----> pcfNcfTTM 631 1 0.62663 0.37337 
 ----> pcfNcfTTM 632 1 0.664905 0.335095 
 ----> pcfNcfTTM 633 0 0.686452 0.313548 
 ----> pcfNcfTTM 634 1 0.710085 0.289915 
 ----> pcfNcfTTM 635 0 0.678431 0.321569 
 ----> pcfNcfTTM 636 1 0.62643 0.37357 
 ----> pcfNcfTTM 637 0 0.687252 0.312748 
 ----> pcfNcfTTM 638 0 0.690215 0.309785 
 ----> pcfNcfTTM 639 1 0.652374 0.347626 
 ----> pcfNcfTTM 640 0 0.664521 0.335479 
 ----> pcfNcfTTM 641 0 0.642867 0.357133 
 ----> pcfNcfTTM 642 0 0.703936 0.296064 
 ----> pcfNcfTTM 643 0 0.64927 0.35073 
 ----> pcfNcfTTM 644 0 0.68318 0.31682 
 ----> pcfNcfTTM 645 0 0.623655 0.376345 
 ----> pcfNcfTTM 646 1 0.635811 0.364189 
 ----> pcfNcfTTM 647 0 0.667937 0.332063 
 ----> pcfNcfTTM 648 0 0.676897 0.323103 
 ----> pcfNcfTTM 649 0 0.70646 0.29354 
 ----> pcfNcfTTM 650 0 0.681717 0.318283 
 ----> pcfNcfTTM 651 1 0.644701 0.355299 
 ----> pcfNcfTTM 652 0 0.695623 0.304377 
 ----> pcfNcfTTM 653 1 0.645989 0.354011 
 ----> pcfNcfTTM 654 0 0.683481 0.316519 
 ----> pcfNcfTTM 655 0 0.708633 0.291367 
 ----> pcfNcfTTM 656 0 0.670304 0.329696 
 ----> pcfNcfTTM 657 0 0.650091 0.349909 
 ----> pcfNcfTTM 658 0 0.676998 0.323002 
 ----> pcfNcfTTM 659 0 0.645481 0.354519 
 ----> pcfNcfTTM 660 0 0.647595 0.352405 
 ----> pcfNcfTTM 661 0 0.647652 0.352348 
 ----> pcfNcfTTM 662 0 0.694347 0.305653 
 ----> pcfNcfTTM 663 1 0.647736 0.352264 
 ----> pcfNcfTTM 664 1 0.657952 0.342048 
 ----> pcfNcfTTM 665 0 0.671265 0.328735 
 ----> pcfNcfTTM 666 0 0.670267 0.329733 
 ----> pcfNcfTTM 667 0 0.698851 0.301149 
 ----> pcfNcfTTM 668 1 0.66198 0.33802 
 ----> pcfNcfTTM 669 0 0.69936 0.30064 
 ----> pcfNcfTTM 670 0 0.654832 0.345168 
 ----> pcfNcfTTM 671 0 0.680162 0.319838 
 ----> pcfNcfTTM 672 0 0.670579 0.329421 
 ----> pcfNcfTTM 673 0 0.679064 0.320936 
 ----> pcfNcfTTM 674 1 0.621209 0.378791 
 ----> pcfNcfTTM 675 1 0.652159 0.347841 
 ----> pcfNcfTTM 676 0 0.662499 0.337501 
 ----> pcfNcfTTM 677 1 0.606397 0.393603 
 ----> pcfNcfTTM 678 1 0.636708 0.363292 
 ----> pcfNcfTTM 679 0 0.67615 0.32385 
 ----> pcfNcfTTM 680 1 0.646059 0.353941 
 ----> pcfNcfTTM 681 0 0.631321 0.368679 
 ----> pcfNcfTTM 682 0 0.660502 0.339498 
 ----> pcfNcfTTM 683 0 0.661618 0.338382 
 ----> pcfNcfTTM 684 0 0.679855 0.320145 
 ----> pcfNcfTTM 685 0 0.667396 0.332604 
 ----> pcfNcfTTM 686 0 0.661362 0.338638 
 ----> pcfNcfTTM 687 0 0.67139 0.32861 
 ----> pcfNcfTTM 688 0 0.687193 0.312807 
 ----> pcfNcfTTM 689 0 0.654102 0.345898 
 ----> pcfNcfTTM 690 1 0.658717 0.341283 
 ----> pcfNcfTTM 691 0 0.664295 0.335705 
 ----> pcfNcfTTM 692 0 0.673929 0.326071 
 ----> pcfNcfTTM 693 1 0.634589 0.365411 
 ----> pcfNcfTTM 694 0 0.697494 0.302506 
 ----> pcfNcfTTM 695 0 0.66568 0.33432 
 ----> pcfNcfTTM 696 0 0.691157 0.308843 
 ----> pcfNcfTTM 697 0 0.656049 0.343951 
 ----> pcfNcfTTM 698 1 0.651852 0.348148 
 ----> pcfNcfTTM 699 0 0.665898 0.334102 
 ----> pcfNcfTTM 700 1 0.652707 0.347293 
 ----> pcfNcfTTM 701 0 0.671109 0.328891 
 ----> pcfNcfTTM 702 0 0.660904 0.339096 
 ----> pcfNcfTTM 703 0 0.655982 0.344018 
 ----> pcfNcfTTM 704 0 0.693909 0.306091 
 ----> pcfNcfTTM 705 0 0.701223 0.298777 
 ----> pcfNcfTTM 706 0 0.657444 0.342556 
 ----> pcfNcfTTM 707 0 0.632809 0.367191 
 ----> pcfNcfTTM 708 0 0.658137 0.341863 
 ----> pcfNcfTTM 709 0 0.668509 0.331491 
 ----> pcfNcfTTM 710 0 0.664766 0.335234 
 ----> pcfNcfTTM 711 0 0.661237 0.338763 
 ----> pcfNcfTTM 712 0 0.644117 0.355883 
 ----> pcfNcfTTM 713 1 0.673337 0.326663 
 ----> pcfNcfTTM 714 1 0.652542 0.347458 
 ----> pcfNcfTTM 715 1 0.692457 0.307543 
 ----> pcfNcfTTM 716 1 0.666632 0.333368 
 ----> pcfNcfTTM 717 0 0.640715 0.359285 
 ----> pcfNcfTTM 718 0 0.662212 0.337788 
