 ----> pcfNcfTTM 1 1 0.642953 0.357047 
 ----> pcfNcfTTM 2 0 0.652177 0.347823 
 ----> pcfNcfTTM 3 1 0.663676 0.336324 
 ----> pcfNcfTTM 4 1 0.656828 0.343172 
 ----> pcfNcfTTM 5 1 0.665274 0.334726 
 ----> pcfNcfTTM 6 1 0.675606 0.324394 
 ----> pcfNcfTTM 7 0 0.630091 0.369909 
 ----> pcfNcfTTM 8 0 0.645055 0.354945 
 ----> pcfNcfTTM 9 0 0.636209 0.363791 
 ----> pcfNcfTTM 10 1 0.64875 0.35125 
 ----> pcfNcfTTM 11 1 0.588884 0.411116 
 ----> pcfNcfTTM 12 0 0.532444 0.467556 
 ----> pcfNcfTTM 13 0 0.614005 0.385995 
 ----> pcfNcfTTM 14 1 0.634265 0.365735 
 ----> pcfNcfTTM 15 1 0.653673 0.346327 
 ----> pcfNcfTTM 16 1 0.630633 0.369367 
 ----> pcfNcfTTM 17 1 0.657051 0.342949 
 ----> pcfNcfTTM 18 0 0.672165 0.327835 
 ----> pcfNcfTTM 19 0 0.64129 0.35871 
 ----> pcfNcfTTM 20 0 0.626015 0.373985 
 ----> pcfNcfTTM 21 1 0.609689 0.390311 
 ----> pcfNcfTTM 22 0 0.655548 0.344452 
 ----> pcfNcfTTM 23 0 0.545583 0.454417 
 ----> pcfNcfTTM 24 0 0.672298 0.327702 
 ----> pcfNcfTTM 25 0 0.631247 0.368753 
 ----> pcfNcfTTM 26 1 0.607474 0.392526 
 ----> pcfNcfTTM 27 1 0.659737 0.340263 
 ----> pcfNcfTTM 28 1 0.67892 0.32108 
 ----> pcfNcfTTM 29 0 0.654593 0.345407 
 ----> pcfNcfTTM 30 0 0.639645 0.360355 
 ----> pcfNcfTTM 31 0 0.623544 0.376456 
 ----> pcfNcfTTM 32 0 0.669936 0.330064 
 ----> pcfNcfTTM 33 0 0.647565 0.352435 
 ----> pcfNcfTTM 34 1 0.634715 0.365285 
 ----> pcfNcfTTM 35 1 0.631265 0.368735 
 ----> pcfNcfTTM 36 0 0.632731 0.367269 
 ----> pcfNcfTTM 37 0 0.644615 0.355385 
 ----> pcfNcfTTM 38 0 0.662509 0.337491 
 ----> pcfNcfTTM 39 0 0.677545 0.322455 
 ----> pcfNcfTTM 40 1 0.687379 0.312621 
 ----> pcfNcfTTM 41 1 0.629159 0.370841 
 ----> pcfNcfTTM 42 1 0.670346 0.329654 
 ----> pcfNcfTTM 43 0 0.666218 0.333782 
 ----> pcfNcfTTM 44 1 0.673709 0.326291 
 ----> pcfNcfTTM 45 1 0.644036 0.355964 
 ----> pcfNcfTTM 46 0 0.636884 0.363116 
 ----> pcfNcfTTM 47 1 0.634418 0.365582 
 ----> pcfNcfTTM 48 1 0.596059 0.403941 
 ----> pcfNcfTTM 49 1 0.665402 0.334598 
 ----> pcfNcfTTM 50 1 0.658442 0.341558 
 ----> pcfNcfTTM 51 0 0.684057 0.315943 
 ----> pcfNcfTTM 52 1 0.634335 0.365665 
 ----> pcfNcfTTM 53 0 0.645824 0.354176 
 ----> pcfNcfTTM 54 0 0.664493 0.335507 
 ----> pcfNcfTTM 55 0 0.647273 0.352727 
 ----> pcfNcfTTM 56 1 0.617212 0.382788 
 ----> pcfNcfTTM 57 1 0.620495 0.379505 
 ----> pcfNcfTTM 58 0 0.634467 0.365533 
 ----> pcfNcfTTM 59 1 0.637358 0.362642 
 ----> pcfNcfTTM 60 0 0.632711 0.367289 
 ----> pcfNcfTTM 61 0 0.658383 0.341617 
 ----> pcfNcfTTM 62 0 0.666247 0.333753 
 ----> pcfNcfTTM 63 1 0.632136 0.367864 
 ----> pcfNcfTTM 64 1 0.652611 0.347389 
 ----> pcfNcfTTM 65 0 0.629532 0.370468 
 ----> pcfNcfTTM 66 0 0.696318 0.303682 
 ----> pcfNcfTTM 67 1 0.623657 0.376343 
 ----> pcfNcfTTM 68 1 0.628896 0.371104 
 ----> pcfNcfTTM 69 0 0.661535 0.338465 
 ----> pcfNcfTTM 70 1 0.635497 0.364503 
 ----> pcfNcfTTM 71 1 0.659338 0.340662 
 ----> pcfNcfTTM 72 1 0.653589 0.346411 
 ----> pcfNcfTTM 73 0 0.666006 0.333994 
 ----> pcfNcfTTM 74 0 0.67832 0.32168 
 ----> pcfNcfTTM 75 0 0.678264 0.321736 
 ----> pcfNcfTTM 76 1 0.66058 0.33942 
 ----> pcfNcfTTM 77 0 0.657152 0.342848 
 ----> pcfNcfTTM 78 1 0.623048 0.376952 
 ----> pcfNcfTTM 79 0 0.641979 0.358021 
 ----> pcfNcfTTM 80 1 0.657852 0.342148 
 ----> pcfNcfTTM 81 1 0.659644 0.340356 
 ----> pcfNcfTTM 82 1 0.643391 0.356609 
 ----> pcfNcfTTM 83 1 0.644017 0.355983 
 ----> pcfNcfTTM 84 1 0.650395 0.349605 
 ----> pcfNcfTTM 85 0 0.66792 0.33208 
 ----> pcfNcfTTM 86 0 0.651657 0.348343 
 ----> pcfNcfTTM 87 1 0.603957 0.396043 
 ----> pcfNcfTTM 88 1 0.642868 0.357132 
 ----> pcfNcfTTM 89 1 0.644761 0.355239 
 ----> pcfNcfTTM 90 1 0.562812 0.437188 
 ----> pcfNcfTTM 91 1 0.586946 0.413054 
 ----> pcfNcfTTM 92 0 0.642022 0.357978 
 ----> pcfNcfTTM 93 0 0.660938 0.339062 
 ----> pcfNcfTTM 94 1 0.62828 0.37172 
 ----> pcfNcfTTM 95 0 0.661699 0.338301 
 ----> pcfNcfTTM 96 0 0.678502 0.321498 
 ----> pcfNcfTTM 97 1 0.593103 0.406897 
 ----> pcfNcfTTM 98 1 0.65608 0.34392 
 ----> pcfNcfTTM 99 1 0.637547 0.362453 
 ----> pcfNcfTTM 100 0 0.64106 0.35894 
 ----> pcfNcfTTM 101 1 0.633739 0.366261 
 ----> pcfNcfTTM 102 0 0.651814 0.348186 
 ----> pcfNcfTTM 103 0 0.659988 0.340012 
 ----> pcfNcfTTM 104 0 0.676079 0.323921 
 ----> pcfNcfTTM 105 1 0.655076 0.344924 
 ----> pcfNcfTTM 106 0 0.656525 0.343475 
 ----> pcfNcfTTM 107 0 0.66107 0.33893 
 ----> pcfNcfTTM 108 0 0.634991 0.365009 
 ----> pcfNcfTTM 109 0 0.629176 0.370824 
 ----> pcfNcfTTM 110 1 0.651172 0.348828 
 ----> pcfNcfTTM 111 0 0.641348 0.358652 
 ----> pcfNcfTTM 112 0 0.666181 0.333819 
 ----> pcfNcfTTM 113 1 0.624018 0.375982 
 ----> pcfNcfTTM 114 1 0.620682 0.379318 
 ----> pcfNcfTTM 115 0 0.660027 0.339973 
 ----> pcfNcfTTM 116 0 0.68554 0.31446 
 ----> pcfNcfTTM 117 1 0.604583 0.395417 
 ----> pcfNcfTTM 118 1 0.625385 0.374615 
 ----> pcfNcfTTM 119 1 0.642556 0.357444 
 ----> pcfNcfTTM 120 0 0.66876 0.33124 
 ----> pcfNcfTTM 121 0 0.681281 0.318719 
 ----> pcfNcfTTM 122 1 0.644716 0.355284 
 ----> pcfNcfTTM 123 1 0.630603 0.369397 
 ----> pcfNcfTTM 124 0 0.679063 0.320937 
 ----> pcfNcfTTM 125 1 0.617419 0.382581 
 ----> pcfNcfTTM 126 0 0.658314 0.341686 
 ----> pcfNcfTTM 127 0 0.666515 0.333485 
 ----> pcfNcfTTM 128 0 0.657541 0.342459 
 ----> pcfNcfTTM 129 1 0.624923 0.375077 
 ----> pcfNcfTTM 130 0 0.682711 0.317289 
 ----> pcfNcfTTM 131 0 0.662173 0.337827 
 ----> pcfNcfTTM 132 0 0.673641 0.326359 
 ----> pcfNcfTTM 133 1 0.634002 0.365998 
 ----> pcfNcfTTM 134 1 0.637857 0.362143 
 ----> pcfNcfTTM 135 1 0.648326 0.351674 
 ----> pcfNcfTTM 136 0 0.655179 0.344821 
 ----> pcfNcfTTM 137 1 0.648381 0.351619 
 ----> pcfNcfTTM 138 0 0.643735 0.356265 
 ----> pcfNcfTTM 139 0 0.63652 0.36348 
 ----> pcfNcfTTM 140 1 0.658608 0.341392 
 ----> pcfNcfTTM 141 0 0.641447 0.358553 
 ----> pcfNcfTTM 142 1 0.656152 0.343848 
 ----> pcfNcfTTM 143 0 0.655598 0.344402 
 ----> pcfNcfTTM 144 1 0.669497 0.330503 
 ----> pcfNcfTTM 145 0 0.658408 0.341592 
 ----> pcfNcfTTM 146 0 0.66223 0.33777 
 ----> pcfNcfTTM 147 0 0.655107 0.344893 
 ----> pcfNcfTTM 148 0 0.672815 0.327185 
 ----> pcfNcfTTM 149 1 0.637399 0.362601 
 ----> pcfNcfTTM 150 1 0.633008 0.366992 
 ----> pcfNcfTTM 151 1 0.655629 0.344371 
 ----> pcfNcfTTM 152 0 0.661282 0.338718 
 ----> pcfNcfTTM 153 0 0.63035 0.36965 
 ----> pcfNcfTTM 154 0 0.661789 0.338211 
 ----> pcfNcfTTM 155 1 0.60238 0.39762 
 ----> pcfNcfTTM 156 1 0.629288 0.370712 
 ----> pcfNcfTTM 157 1 0.646735 0.353265 
 ----> pcfNcfTTM 158 0 0.65684 0.34316 
 ----> pcfNcfTTM 159 1 0.654283 0.345717 
 ----> pcfNcfTTM 160 0 0.697178 0.302822 
 ----> pcfNcfTTM 161 0 0.653409 0.346591 
 ----> pcfNcfTTM 162 1 0.673558 0.326442 
 ----> pcfNcfTTM 163 1 0.659049 0.340951 
 ----> pcfNcfTTM 164 1 0.655368 0.344632 
 ----> pcfNcfTTM 165 1 0.642265 0.357735 
 ----> pcfNcfTTM 166 0 0.661654 0.338346 
 ----> pcfNcfTTM 167 1 0.634299 0.365701 
 ----> pcfNcfTTM 168 0 0.663976 0.336024 
 ----> pcfNcfTTM 169 0 0.675501 0.324499 
 ----> pcfNcfTTM 170 1 0.608416 0.391584 
 ----> pcfNcfTTM 171 1 0.525561 0.474439 
 ----> pcfNcfTTM 172 0 0.624074 0.375926 
 ----> pcfNcfTTM 173 1 0.652906 0.347094 
 ----> pcfNcfTTM 174 0 0.66232 0.33768 
 ----> pcfNcfTTM 175 1 0.656108 0.343892 
 ----> pcfNcfTTM 176 0 0.645686 0.354314 
 ----> pcfNcfTTM 177 0 0.652697 0.347303 
 ----> pcfNcfTTM 178 1 0.624391 0.375609 
 ----> pcfNcfTTM 179 0 0.642355 0.357645 
 ----> pcfNcfTTM 180 0 0.674125 0.325875 
 ----> pcfNcfTTM 181 0 0.63496 0.36504 
 ----> pcfNcfTTM 182 0 0.657458 0.342542 
 ----> pcfNcfTTM 183 1 0.622195 0.377805 
 ----> pcfNcfTTM 184 1 0.621595 0.378405 
 ----> pcfNcfTTM 185 0 0.679293 0.320707 
 ----> pcfNcfTTM 186 0 0.704722 0.295278 
 ----> pcfNcfTTM 187 0 0.652821 0.347179 
 ----> pcfNcfTTM 188 1 0.627621 0.372379 
 ----> pcfNcfTTM 189 1 0.667007 0.332993 
 ----> pcfNcfTTM 190 0 0.670859 0.329141 
 ----> pcfNcfTTM 191 0 0.658087 0.341913 
 ----> pcfNcfTTM 192 1 0.643175 0.356825 
 ----> pcfNcfTTM 193 0 0.623023 0.376977 
 ----> pcfNcfTTM 194 0 0.666043 0.333957 
 ----> pcfNcfTTM 195 0 0.682884 0.317116 
 ----> pcfNcfTTM 196 1 0.675873 0.324127 
 ----> pcfNcfTTM 197 0 0.683265 0.316735 
 ----> pcfNcfTTM 198 0 0.637885 0.362115 
 ----> pcfNcfTTM 199 0 0.611754 0.388246 
 ----> pcfNcfTTM 200 0 0.632312 0.367688 
 ----> pcfNcfTTM 201 0 0.663582 0.336418 
 ----> pcfNcfTTM 202 0 0.686564 0.313436 
 ----> pcfNcfTTM 203 1 0.653417 0.346583 
 ----> pcfNcfTTM 204 1 0.651595 0.348405 
 ----> pcfNcfTTM 205 0 0.667305 0.332695 
 ----> pcfNcfTTM 206 1 0.652724 0.347276 
 ----> pcfNcfTTM 207 1 0.643819 0.356181 
 ----> pcfNcfTTM 208 0 0.661094 0.338906 
 ----> pcfNcfTTM 209 0 0.655824 0.344176 
 ----> pcfNcfTTM 210 0 0.707301 0.292699 
 ----> pcfNcfTTM 211 0 0.668494 0.331506 
 ----> pcfNcfTTM 212 0 0.68359 0.31641 
 ----> pcfNcfTTM 213 1 0.63588 0.36412 
 ----> pcfNcfTTM 214 0 0.667806 0.332194 
 ----> pcfNcfTTM 215 1 0.631424 0.368576 
 ----> pcfNcfTTM 216 0 0.654499 0.345501 
 ----> pcfNcfTTM 217 1 0.64945 0.35055 
 ----> pcfNcfTTM 218 0 0.64286 0.35714 
 ----> pcfNcfTTM 219 0 0.666935 0.333065 
 ----> pcfNcfTTM 220 0 0.69676 0.30324 
 ----> pcfNcfTTM 221 0 0.642159 0.357841 
 ----> pcfNcfTTM 222 1 0.646027 0.353973 
 ----> pcfNcfTTM 223 1 0.651497 0.348503 
 ----> pcfNcfTTM 224 0 0.70497 0.29503 
 ----> pcfNcfTTM 225 1 0.657383 0.342617 
 ----> pcfNcfTTM 226 1 0.607275 0.392725 
 ----> pcfNcfTTM 227 0 0.64778 0.35222 
 ----> pcfNcfTTM 228 0 0.696762 0.303238 
 ----> pcfNcfTTM 229 0 0.68655 0.31345 
 ----> pcfNcfTTM 230 0 0.650125 0.349875 
 ----> pcfNcfTTM 231 0 0.674504 0.325496 
 ----> pcfNcfTTM 232 1 0.627698 0.372302 
 ----> pcfNcfTTM 233 0 0.705866 0.294134 
 ----> pcfNcfTTM 234 0 0.650902 0.349098 
 ----> pcfNcfTTM 235 0 0.672403 0.327597 
 ----> pcfNcfTTM 236 1 0.63303 0.36697 
 ----> pcfNcfTTM 237 0 0.665408 0.334592 
 ----> pcfNcfTTM 238 0 0.670912 0.329088 
 ----> pcfNcfTTM 239 0 0.718408 0.281592 
 ----> pcfNcfTTM 240 1 0.642995 0.357005 
 ----> pcfNcfTTM 241 0 0.647158 0.352842 
 ----> pcfNcfTTM 242 1 0.637983 0.362017 
 ----> pcfNcfTTM 243 0 0.665548 0.334452 
 ----> pcfNcfTTM 244 1 0.627105 0.372895 
 ----> pcfNcfTTM 245 1 0.629635 0.370365 
 ----> pcfNcfTTM 246 0 0.643741 0.356259 
 ----> pcfNcfTTM 247 0 0.68451 0.31549 
 ----> pcfNcfTTM 248 1 0.657851 0.342149 
 ----> pcfNcfTTM 249 1 0.688785 0.311215 
 ----> pcfNcfTTM 250 0 0.668272 0.331728 
 ----> pcfNcfTTM 251 0 0.658311 0.341689 
 ----> pcfNcfTTM 252 0 0.67483 0.32517 
 ----> pcfNcfTTM 253 1 0.676809 0.323191 
 ----> pcfNcfTTM 254 0 0.653699 0.346301 
 ----> pcfNcfTTM 255 1 0.596304 0.403696 
 ----> pcfNcfTTM 256 0 0.659808 0.340192 
 ----> pcfNcfTTM 257 0 0.687976 0.312024 
 ----> pcfNcfTTM 258 0 0.685791 0.314209 
 ----> pcfNcfTTM 259 0 0.660608 0.339392 
 ----> pcfNcfTTM 260 1 0.645502 0.354498 
 ----> pcfNcfTTM 261 1 0.609119 0.390881 
 ----> pcfNcfTTM 262 0 0.658327 0.341673 
 ----> pcfNcfTTM 263 1 0.616969 0.383031 
 ----> pcfNcfTTM 264 1 0.636126 0.363874 
 ----> pcfNcfTTM 265 1 0.634256 0.365744 
 ----> pcfNcfTTM 266 0 0.683384 0.316616 
 ----> pcfNcfTTM 267 0 0.673014 0.326986 
 ----> pcfNcfTTM 268 1 0.622797 0.377203 
 ----> pcfNcfTTM 269 0 0.652335 0.347665 
 ----> pcfNcfTTM 270 1 0.657135 0.342865 
 ----> pcfNcfTTM 271 1 0.685122 0.314878 
 ----> pcfNcfTTM 272 0 0.686242 0.313758 
 ----> pcfNcfTTM 273 0 0.663372 0.336628 
 ----> pcfNcfTTM 274 1 0.589709 0.410291 
 ----> pcfNcfTTM 275 1 0.652879 0.347121 
 ----> pcfNcfTTM 276 0 0.648921 0.351079 
 ----> pcfNcfTTM 277 0 0.690812 0.309188 
 ----> pcfNcfTTM 278 0 0.651548 0.348452 
 ----> pcfNcfTTM 279 1 0.669899 0.330101 
 ----> pcfNcfTTM 280 1 0.640518 0.359482 
 ----> pcfNcfTTM 281 0 0.688882 0.311118 
 ----> pcfNcfTTM 282 1 0.630976 0.369024 
 ----> pcfNcfTTM 283 1 0.616762 0.383238 
 ----> pcfNcfTTM 284 1 0.624079 0.375921 
 ----> pcfNcfTTM 285 0 0.694727 0.305273 
 ----> pcfNcfTTM 286 0 0.649328 0.350672 
 ----> pcfNcfTTM 287 0 0.660737 0.339263 
 ----> pcfNcfTTM 288 0 0.651313 0.348687 
 ----> pcfNcfTTM 289 0 0.660202 0.339798 
 ----> pcfNcfTTM 290 0 0.642684 0.357316 
 ----> pcfNcfTTM 291 1 0.646666 0.353334 
 ----> pcfNcfTTM 292 0 0.673158 0.326842 
 ----> pcfNcfTTM 293 1 0.608186 0.391814 
 ----> pcfNcfTTM 294 1 0.616004 0.383996 
 ----> pcfNcfTTM 295 0 0.676086 0.323914 
 ----> pcfNcfTTM 296 0 0.687788 0.312212 
 ----> pcfNcfTTM 297 0 0.68275 0.31725 
 ----> pcfNcfTTM 298 1 0.665967 0.334033 
 ----> pcfNcfTTM 299 0 0.661031 0.338969 
 ----> pcfNcfTTM 300 0 0.661331 0.338669 
 ----> pcfNcfTTM 301 0 0.687966 0.312034 
 ----> pcfNcfTTM 302 0 0.679882 0.320118 
 ----> pcfNcfTTM 303 0 0.621512 0.378488 
 ----> pcfNcfTTM 304 0 0.639795 0.360205 
 ----> pcfNcfTTM 305 0 0.653235 0.346765 
 ----> pcfNcfTTM 306 0 0.646817 0.353183 
 ----> pcfNcfTTM 307 1 0.645273 0.354727 
 ----> pcfNcfTTM 308 0 0.672847 0.327153 
 ----> pcfNcfTTM 309 1 0.650035 0.349965 
 ----> pcfNcfTTM 310 0 0.646737 0.353263 
 ----> pcfNcfTTM 311 0 0.6943 0.3057 
 ----> pcfNcfTTM 312 0 0.644289 0.355711 
 ----> pcfNcfTTM 313 1 0.61088 0.38912 
 ----> pcfNcfTTM 314 0 0.677591 0.322409 
 ----> pcfNcfTTM 315 0 0.706995 0.293005 
 ----> pcfNcfTTM 316 0 0.666007 0.333993 
 ----> pcfNcfTTM 317 0 0.649171 0.350829 
 ----> pcfNcfTTM 318 0 0.695088 0.304912 
 ----> pcfNcfTTM 319 0 0.672829 0.327171 
 ----> pcfNcfTTM 320 0 0.685481 0.314519 
 ----> pcfNcfTTM 321 1 0.649723 0.350277 
 ----> pcfNcfTTM 322 1 0.613687 0.386313 
 ----> pcfNcfTTM 323 0 0.637146 0.362854 
 ----> pcfNcfTTM 324 0 0.690233 0.309767 
 ----> pcfNcfTTM 325 0 0.691179 0.308821 
 ----> pcfNcfTTM 326 1 0.586863 0.413137 
 ----> pcfNcfTTM 327 1 0.653183 0.346817 
 ----> pcfNcfTTM 328 0 0.701291 0.298709 
 ----> pcfNcfTTM 329 0 0.663089 0.336911 
 ----> pcfNcfTTM 330 0 0.665014 0.334986 
 ----> pcfNcfTTM 331 0 0.68499 0.31501 
 ----> pcfNcfTTM 332 0 0.646533 0.353467 
 ----> pcfNcfTTM 333 1 0.655211 0.344789 
 ----> pcfNcfTTM 334 1 0.661079 0.338921 
 ----> pcfNcfTTM 335 0 0.665588 0.334412 
 ----> pcfNcfTTM 336 1 0.579591 0.420409 
 ----> pcfNcfTTM 337 1 0.629364 0.370636 
 ----> pcfNcfTTM 338 1 0.612997 0.387003 
 ----> pcfNcfTTM 339 0 0.674626 0.325374 
 ----> pcfNcfTTM 340 0 0.672371 0.327629 
 ----> pcfNcfTTM 341 1 0.662265 0.337735 
 ----> pcfNcfTTM 342 1 0.643559 0.356441 
 ----> pcfNcfTTM 343 0 0.677026 0.322974 
 ----> pcfNcfTTM 344 0 0.700151 0.299849 
 ----> pcfNcfTTM 345 0 0.692747 0.307253 
 ----> pcfNcfTTM 346 0 0.678814 0.321186 
 ----> pcfNcfTTM 347 1 0.616565 0.383435 
 ----> pcfNcfTTM 348 0 0.667168 0.332832 
 ----> pcfNcfTTM 349 0 0.648663 0.351337 
 ----> pcfNcfTTM 350 1 0.643799 0.356201 
 ----> pcfNcfTTM 351 0 0.670648 0.329352 
 ----> pcfNcfTTM 352 0 0.684715 0.315285 
 ----> pcfNcfTTM 353 0 0.657019 0.342981 
 ----> pcfNcfTTM 354 0 0.652704 0.347296 
 ----> pcfNcfTTM 355 0 0.667208 0.332792 
 ----> pcfNcfTTM 356 0 0.644436 0.355564 
 ----> pcfNcfTTM 357 1 0.648235 0.351765 
 ----> pcfNcfTTM 358 0 0.653574 0.346426 
 ----> pcfNcfTTM 359 0 0.665702 0.334298 
 ----> pcfNcfTTM 360 0 0.686829 0.313171 
 ----> pcfNcfTTM 361 0 0.68122 0.31878 
 ----> pcfNcfTTM 362 1 0.664354 0.335646 
 ----> pcfNcfTTM 363 0 0.671772 0.328228 
 ----> pcfNcfTTM 364 0 0.655194 0.344806 
 ----> pcfNcfTTM 365 0 0.662845 0.337155 
 ----> pcfNcfTTM 366 1 0.644008 0.355992 
 ----> pcfNcfTTM 367 0 0.680015 0.319985 
 ----> pcfNcfTTM 368 0 0.685455 0.314545 
 ----> pcfNcfTTM 369 0 0.66252 0.33748 
 ----> pcfNcfTTM 370 1 0.663518 0.336482 
 ----> pcfNcfTTM 371 0 0.663446 0.336554 
 ----> pcfNcfTTM 372 0 0.654215 0.345785 
 ----> pcfNcfTTM 373 0 0.690566 0.309434 
 ----> pcfNcfTTM 374 0 0.646051 0.353949 
 ----> pcfNcfTTM 375 1 0.664205 0.335795 
 ----> pcfNcfTTM 376 0 0.666445 0.333555 
 ----> pcfNcfTTM 377 0 0.678194 0.321806 
 ----> pcfNcfTTM 378 1 0.654853 0.345147 
 ----> pcfNcfTTM 379 0 0.679255 0.320745 
 ----> pcfNcfTTM 380 0 0.681096 0.318904 
 ----> pcfNcfTTM 381 0 0.681318 0.318682 
 ----> pcfNcfTTM 382 0 0.669834 0.330166 
 ----> pcfNcfTTM 383 0 0.670625 0.329375 
 ----> pcfNcfTTM 384 0 0.683507 0.316493 
 ----> pcfNcfTTM 385 1 0.655234 0.344766 
 ----> pcfNcfTTM 386 0 0.641149 0.358851 
 ----> pcfNcfTTM 387 1 0.667049 0.332951 
 ----> pcfNcfTTM 388 1 0.669448 0.330552 
 ----> pcfNcfTTM 389 0 0.703331 0.296669 
 ----> pcfNcfTTM 390 0 0.686486 0.313514 
 ----> pcfNcfTTM 391 0 0.666214 0.333786 
 ----> pcfNcfTTM 392 1 0.666757 0.333243 
 ----> pcfNcfTTM 393 1 0.612875 0.387125 
 ----> pcfNcfTTM 394 0 0.665565 0.334435 
 ----> pcfNcfTTM 395 0 0.691509 0.308491 
 ----> pcfNcfTTM 396 0 0.65903 0.34097 
 ----> pcfNcfTTM 397 0 0.643389 0.356611 
 ----> pcfNcfTTM 398 1 0.64486 0.35514 
 ----> pcfNcfTTM 399 1 0.664522 0.335478 
 ----> pcfNcfTTM 400 1 0.674679 0.325321 
 ----> pcfNcfTTM 401 0 0.662959 0.337041 
 ----> pcfNcfTTM 402 0 0.679266 0.320734 
 ----> pcfNcfTTM 403 0 0.668259 0.331741 
 ----> pcfNcfTTM 404 0 0.650059 0.349941 
 ----> pcfNcfTTM 405 0 0.661866 0.338134 
 ----> pcfNcfTTM 406 1 0.634975 0.365025 
 ----> pcfNcfTTM 407 1 0.6345 0.3655 
 ----> pcfNcfTTM 408 0 0.647312 0.352688 
 ----> pcfNcfTTM 409 1 0.65089 0.34911 
 ----> pcfNcfTTM 410 0 0.683384 0.316616 
 ----> pcfNcfTTM 411 0 0.673198 0.326802 
 ----> pcfNcfTTM 412 1 0.651347 0.348653 
 ----> pcfNcfTTM 413 1 0.680711 0.319289 
 ----> pcfNcfTTM 414 0 0.668324 0.331676 
 ----> pcfNcfTTM 415 1 0.644779 0.355221 
 ----> pcfNcfTTM 416 0 0.653263 0.346737 
 ----> pcfNcfTTM 417 0 0.650902 0.349098 
 ----> pcfNcfTTM 418 1 0.63443 0.36557 
 ----> pcfNcfTTM 419 0 0.658288 0.341712 
 ----> pcfNcfTTM 420 0 0.667445 0.332555 
 ----> pcfNcfTTM 421 0 0.688248 0.311752 
 ----> pcfNcfTTM 422 0 0.660787 0.339213 
 ----> pcfNcfTTM 423 0 0.657211 0.342789 
 ----> pcfNcfTTM 424 0 0.66196 0.33804 
 ----> pcfNcfTTM 425 0 0.71791 0.28209 
 ----> pcfNcfTTM 426 1 0.656564 0.343436 
 ----> pcfNcfTTM 427 0 0.665186 0.334814 
 ----> pcfNcfTTM 428 0 0.660999 0.339001 
 ----> pcfNcfTTM 429 0 0.67718 0.32282 
 ----> pcfNcfTTM 430 0 0.67883 0.32117 
 ----> pcfNcfTTM 431 0 0.678007 0.321993 
 ----> pcfNcfTTM 432 0 0.661296 0.338704 
 ----> pcfNcfTTM 433 0 0.682998 0.317002 
 ----> pcfNcfTTM 434 0 0.657336 0.342664 
 ----> pcfNcfTTM 435 1 0.659353 0.340647 
 ----> pcfNcfTTM 436 0 0.653081 0.346919 
 ----> pcfNcfTTM 437 0 0.670582 0.329418 
 ----> pcfNcfTTM 438 0 0.687783 0.312217 
 ----> pcfNcfTTM 439 0 0.658302 0.341698 
 ----> pcfNcfTTM 440 0 0.653056 0.346944 
 ----> pcfNcfTTM 441 0 0.662052 0.337948 
 ----> pcfNcfTTM 442 0 0.667342 0.332658 
 ----> pcfNcfTTM 443 0 0.664225 0.335775 
 ----> pcfNcfTTM 444 0 0.683026 0.316974 
 ----> pcfNcfTTM 445 1 0.674063 0.325937 
 ----> pcfNcfTTM 446 0 0.700831 0.299169 
 ----> pcfNcfTTM 447 0 0.684122 0.315878 
 ----> pcfNcfTTM 448 0 0.671459 0.328541 
 ----> pcfNcfTTM 449 0 0.672407 0.327593 
 ----> pcfNcfTTM 450 0 0.676127 0.323873 
 ----> pcfNcfTTM 451 0 0.663463 0.336537 
 ----> pcfNcfTTM 452 0 0.696593 0.303407 
 ----> pcfNcfTTM 453 0 0.670918 0.329082 
 ----> pcfNcfTTM 454 1 0.659864 0.340136 
 ----> pcfNcfTTM 455 0 0.684794 0.315206 
 ----> pcfNcfTTM 456 0 0.685671 0.314329 
 ----> pcfNcfTTM 457 0 0.677192 0.322808 
 ----> pcfNcfTTM 458 1 0.633703 0.366297 
 ----> pcfNcfTTM 459 0 0.648468 0.351532 
 ----> pcfNcfTTM 460 0 0.673082 0.326918 
 ----> pcfNcfTTM 461 1 0.675843 0.324157 
 ----> pcfNcfTTM 462 0 0.667893 0.332107 
 ----> pcfNcfTTM 463 0 0.680661 0.319339 
 ----> pcfNcfTTM 464 0 0.680111 0.319889 
 ----> pcfNcfTTM 465 0 0.664748 0.335252 
 ----> pcfNcfTTM 466 0 0.673968 0.326032 
 ----> pcfNcfTTM 467 1 0.652103 0.347897 
 ----> pcfNcfTTM 468 0 0.680966 0.319034 
 ----> pcfNcfTTM 469 0 0.667146 0.332854 
 ----> pcfNcfTTM 470 1 0.668129 0.331871 
 ----> pcfNcfTTM 471 1 0.644953 0.355047 
 ----> pcfNcfTTM 472 0 0.687785 0.312215 
 ----> pcfNcfTTM 473 1 0.667186 0.332814 
 ----> pcfNcfTTM 474 0 0.707114 0.292886 
 ----> pcfNcfTTM 475 0 0.687927 0.312073 
 ----> pcfNcfTTM 476 0 0.682382 0.317618 
 ----> pcfNcfTTM 477 1 0.657584 0.342416 
 ----> pcfNcfTTM 478 0 0.717564 0.282436 
 ----> pcfNcfTTM 479 1 0.633119 0.366881 
 ----> pcfNcfTTM 480 0 0.694708 0.305292 
 ----> pcfNcfTTM 481 0 0.668746 0.331254 
 ----> pcfNcfTTM 482 0 0.681167 0.318833 
 ----> pcfNcfTTM 483 1 0.659985 0.340015 
 ----> pcfNcfTTM 484 0 0.693041 0.306959 
 ----> pcfNcfTTM 485 0 0.647946 0.352054 
 ----> pcfNcfTTM 486 0 0.691003 0.308997 
 ----> pcfNcfTTM 487 0 0.662043 0.337957 
 ----> pcfNcfTTM 488 1 0.694675 0.305325 
 ----> pcfNcfTTM 489 1 0.622924 0.377076 
 ----> pcfNcfTTM 490 0 0.68435 0.31565 
 ----> pcfNcfTTM 491 1 0.635911 0.364089 
 ----> pcfNcfTTM 492 0 0.681471 0.318529 
 ----> pcfNcfTTM 493 0 0.653717 0.346283 
 ----> pcfNcfTTM 494 0 0.690177 0.309823 
 ----> pcfNcfTTM 495 1 0.66259 0.33741 
 ----> pcfNcfTTM 496 0 0.665076 0.334924 
 ----> pcfNcfTTM 497 0 0.681031 0.318969 
 ----> pcfNcfTTM 498 0 0.670755 0.329245 
 ----> pcfNcfTTM 499 1 0.640167 0.359833 
 ----> pcfNcfTTM 500 1 0.63537 0.36463 
 ----> pcfNcfTTM 501 0 0.684725 0.315275 
 ----> pcfNcfTTM 502 0 0.663023 0.336977 
 ----> pcfNcfTTM 503 0 0.650663 0.349337 
 ----> pcfNcfTTM 504 0 0.680713 0.319287 
 ----> pcfNcfTTM 505 0 0.679235 0.320765 
 ----> pcfNcfTTM 506 0 0.667196 0.332804 
 ----> pcfNcfTTM 507 0 0.684511 0.315489 
 ----> pcfNcfTTM 508 1 0.664702 0.335298 
 ----> pcfNcfTTM 509 1 0.612114 0.387886 
 ----> pcfNcfTTM 510 0 0.655917 0.344083 
 ----> pcfNcfTTM 511 0 0.664345 0.335655 
 ----> pcfNcfTTM 512 0 0.658488 0.341512 
 ----> pcfNcfTTM 513 1 0.647794 0.352206 
 ----> pcfNcfTTM 514 1 0.639347 0.360653 
 ----> pcfNcfTTM 515 0 0.66328 0.33672 
 ----> pcfNcfTTM 516 0 0.687399 0.312601 
 ----> pcfNcfTTM 517 1 0.632734 0.367266 
 ----> pcfNcfTTM 518 0 0.668439 0.331561 
 ----> pcfNcfTTM 519 0 0.666042 0.333958 
 ----> pcfNcfTTM 520 1 0.646441 0.353559 
 ----> pcfNcfTTM 521 1 0.64504 0.35496 
 ----> pcfNcfTTM 522 0 0.660404 0.339596 
 ----> pcfNcfTTM 523 1 0.636908 0.363092 
 ----> pcfNcfTTM 524 0 0.675338 0.324662 
 ----> pcfNcfTTM 525 0 0.653621 0.346379 
 ----> pcfNcfTTM 526 0 0.692042 0.307958 
 ----> pcfNcfTTM 527 0 0.656797 0.343203 
 ----> pcfNcfTTM 528 0 0.671311 0.328689 
 ----> pcfNcfTTM 529 1 0.611339 0.388661 
 ----> pcfNcfTTM 530 0 0.688719 0.311281 
 ----> pcfNcfTTM 531 1 0.665238 0.334762 
 ----> pcfNcfTTM 532 0 0.660048 0.339952 
 ----> pcfNcfTTM 533 0 0.649613 0.350387 
 ----> pcfNcfTTM 534 0 0.676611 0.323389 
 ----> pcfNcfTTM 535 1 0.633778 0.366222 
 ----> pcfNcfTTM 536 0 0.670641 0.329359 
 ----> pcfNcfTTM 537 0 0.672824 0.327176 
 ----> pcfNcfTTM 538 0 0.669976 0.330024 
 ----> pcfNcfTTM 539 1 0.669104 0.330896 
 ----> pcfNcfTTM 540 0 0.650726 0.349274 
 ----> pcfNcfTTM 541 1 0.65448 0.34552 
 ----> pcfNcfTTM 542 0 0.667925 0.332075 
 ----> pcfNcfTTM 543 1 0.643746 0.356254 
 ----> pcfNcfTTM 544 0 0.654405 0.345595 
 ----> pcfNcfTTM 545 1 0.680091 0.319909 
 ----> pcfNcfTTM 546 0 0.673999 0.326001 
 ----> pcfNcfTTM 547 0 0.675772 0.324228 
 ----> pcfNcfTTM 548 1 0.665744 0.334256 
 ----> pcfNcfTTM 549 0 0.713225 0.286775 
 ----> pcfNcfTTM 550 0 0.721882 0.278118 
 ----> pcfNcfTTM 551 0 0.685766 0.314234 
 ----> pcfNcfTTM 552 1 0.648846 0.351154 
 ----> pcfNcfTTM 553 1 0.659808 0.340192 
 ----> pcfNcfTTM 554 1 0.658993 0.341007 
 ----> pcfNcfTTM 555 1 0.678318 0.321682 
 ----> pcfNcfTTM 556 0 0.665991 0.334009 
 ----> pcfNcfTTM 557 0 0.631651 0.368349 
 ----> pcfNcfTTM 558 0 0.663082 0.336918 
 ----> pcfNcfTTM 559 0 0.668718 0.331282 
 ----> pcfNcfTTM 560 0 0.658954 0.341046 
 ----> pcfNcfTTM 561 1 0.633726 0.366274 
 ----> pcfNcfTTM 562 0 0.677539 0.322461 
 ----> pcfNcfTTM 563 0 0.654564 0.345436 
 ----> pcfNcfTTM 564 0 0.657741 0.342259 
 ----> pcfNcfTTM 565 0 0.655423 0.344577 
 ----> pcfNcfTTM 566 0 0.675997 0.324003 
 ----> pcfNcfTTM 567 0 0.664766 0.335234 
 ----> pcfNcfTTM 568 0 0.680468 0.319532 
 ----> pcfNcfTTM 569 1 0.601598 0.398402 
 ----> pcfNcfTTM 570 0 0.645323 0.354677 
 ----> pcfNcfTTM 571 1 0.65395 0.34605 
 ----> pcfNcfTTM 572 0 0.711302 0.288698 
 ----> pcfNcfTTM 573 0 0.670646 0.329354 
 ----> pcfNcfTTM 574 0 0.676441 0.323559 
 ----> pcfNcfTTM 575 1 0.620847 0.379153 
 ----> pcfNcfTTM 576 0 0.666811 0.333189 
 ----> pcfNcfTTM 577 1 0.62901 0.37099 
 ----> pcfNcfTTM 578 0 0.658 0.342 
 ----> pcfNcfTTM 579 0 0.66536 0.33464 
 ----> pcfNcfTTM 580 1 0.669723 0.330277 
 ----> pcfNcfTTM 581 0 0.677694 0.322306 
 ----> pcfNcfTTM 582 0 0.712369 0.287631 
 ----> pcfNcfTTM 583 1 0.637344 0.362656 
 ----> pcfNcfTTM 584 0 0.672302 0.327698 
 ----> pcfNcfTTM 585 0 0.681985 0.318015 
 ----> pcfNcfTTM 586 0 0.675447 0.324553 
 ----> pcfNcfTTM 587 0 0.678062 0.321938 
 ----> pcfNcfTTM 588 0 0.670604 0.329396 
 ----> pcfNcfTTM 589 1 0.641253 0.358747 
 ----> pcfNcfTTM 590 0 0.634064 0.365936 
 ----> pcfNcfTTM 591 1 0.652075 0.347925 
 ----> pcfNcfTTM 592 1 0.670833 0.329167 
 ----> pcfNcfTTM 593 0 0.642421 0.357579 
 ----> pcfNcfTTM 594 0 0.668788 0.331212 
 ----> pcfNcfTTM 595 0 0.649286 0.350714 
 ----> pcfNcfTTM 596 0 0.677651 0.322349 
 ----> pcfNcfTTM 597 0 0.674738 0.325262 
 ----> pcfNcfTTM 598 0 0.666221 0.333779 
 ----> pcfNcfTTM 599 0 0.668641 0.331359 
 ----> pcfNcfTTM 600 0 0.662362 0.337638 
 ----> pcfNcfTTM 601 0 0.671492 0.328508 
 ----> pcfNcfTTM 602 1 0.667608 0.332392 
 ----> pcfNcfTTM 603 0 0.684418 0.315582 
 ----> pcfNcfTTM 604 0 0.667837 0.332163 
 ----> pcfNcfTTM 605 0 0.681318 0.318682 
 ----> pcfNcfTTM 606 0 0.670462 0.329538 
 ----> pcfNcfTTM 607 1 0.659761 0.340239 
 ----> pcfNcfTTM 608 0 0.671763 0.328237 
 ----> pcfNcfTTM 609 0 0.652337 0.347663 
 ----> pcfNcfTTM 610 0 0.67799 0.32201 
 ----> pcfNcfTTM 611 0 0.645722 0.354278 
 ----> pcfNcfTTM 612 0 0.684622 0.315378 
 ----> pcfNcfTTM 613 0 0.678223 0.321777 
 ----> pcfNcfTTM 614 0 0.675664 0.324336 
 ----> pcfNcfTTM 615 0 0.653199 0.346801 
 ----> pcfNcfTTM 616 0 0.655688 0.344312 
 ----> pcfNcfTTM 617 0 0.690067 0.309933 
 ----> pcfNcfTTM 618 0 0.711292 0.288708 
 ----> pcfNcfTTM 619 1 0.641219 0.358781 
 ----> pcfNcfTTM 620 0 0.672718 0.327282 
 ----> pcfNcfTTM 621 0 0.672029 0.327971 
 ----> pcfNcfTTM 622 0 0.671807 0.328193 
 ----> pcfNcfTTM 623 1 0.613456 0.386544 
 ----> pcfNcfTTM 624 0 0.693107 0.306893 
 ----> pcfNcfTTM 625 0 0.702983 0.297017 
 ----> pcfNcfTTM 626 0 0.677761 0.322239 
 ----> pcfNcfTTM 627 0 0.682732 0.317268 
 ----> pcfNcfTTM 628 1 0.647622 0.352378 
 ----> pcfNcfTTM 629 0 0.693846 0.306154 
 ----> pcfNcfTTM 630 0 0.694148 0.305852 
 ----> pcfNcfTTM 631 1 0.650766 0.349234 
 ----> pcfNcfTTM 632 1 0.672002 0.327998 
 ----> pcfNcfTTM 633 0 0.685982 0.314018 
 ----> pcfNcfTTM 634 1 0.652827 0.347173 
 ----> pcfNcfTTM 635 0 0.698756 0.301244 
 ----> pcfNcfTTM 636 1 0.635517 0.364483 
 ----> pcfNcfTTM 637 0 0.69426 0.30574 
 ----> pcfNcfTTM 638 0 0.655311 0.344689 
 ----> pcfNcfTTM 639 1 0.701491 0.298509 
 ----> pcfNcfTTM 640 0 0.651417 0.348583 
 ----> pcfNcfTTM 641 0 0.702011 0.297989 
 ----> pcfNcfTTM 642 0 0.67104 0.32896 
 ----> pcfNcfTTM 643 0 0.721264 0.278736 
 ----> pcfNcfTTM 644 0 0.672753 0.327247 
 ----> pcfNcfTTM 645 0 0.650336 0.349664 
 ----> pcfNcfTTM 646 1 0.668653 0.331347 
 ----> pcfNcfTTM 647 0 0.669728 0.330272 
 ----> pcfNcfTTM 648 0 0.662524 0.337476 
 ----> pcfNcfTTM 649 0 0.658236 0.341764 
 ----> pcfNcfTTM 650 0 0.668575 0.331425 
 ----> pcfNcfTTM 651 1 0.639841 0.360159 
 ----> pcfNcfTTM 652 0 0.677153 0.322847 
 ----> pcfNcfTTM 653 1 0.672684 0.327316 
 ----> pcfNcfTTM 654 0 0.674212 0.325788 
 ----> pcfNcfTTM 655 0 0.669768 0.330232 
 ----> pcfNcfTTM 656 0 0.675643 0.324357 
 ----> pcfNcfTTM 657 0 0.67225 0.32775 
 ----> pcfNcfTTM 658 0 0.675129 0.324871 
 ----> pcfNcfTTM 659 0 0.640023 0.359977 
 ----> pcfNcfTTM 660 0 0.692115 0.307885 
 ----> pcfNcfTTM 661 0 0.672988 0.327012 
 ----> pcfNcfTTM 662 0 0.673964 0.326036 
 ----> pcfNcfTTM 663 1 0.659685 0.340315 
 ----> pcfNcfTTM 664 1 0.666402 0.333598 
 ----> pcfNcfTTM 665 0 0.645916 0.354084 
 ----> pcfNcfTTM 666 0 0.661851 0.338149 
 ----> pcfNcfTTM 667 0 0.686014 0.313986 
 ----> pcfNcfTTM 668 1 0.644316 0.355684 
 ----> pcfNcfTTM 669 0 0.686982 0.313018 
 ----> pcfNcfTTM 670 0 0.688852 0.311148 
 ----> pcfNcfTTM 671 0 0.68185 0.31815 
 ----> pcfNcfTTM 672 0 0.676612 0.323388 
 ----> pcfNcfTTM 673 0 0.673756 0.326244 
 ----> pcfNcfTTM 674 1 0.638849 0.361151 
 ----> pcfNcfTTM 675 1 0.655552 0.344448 
 ----> pcfNcfTTM 676 0 0.646948 0.353052 
 ----> pcfNcfTTM 677 1 0.651023 0.348977 
 ----> pcfNcfTTM 678 1 0.636616 0.363384 
 ----> pcfNcfTTM 679 0 0.676657 0.323343 
 ----> pcfNcfTTM 680 1 0.652996 0.347004 
 ----> pcfNcfTTM 681 0 0.668026 0.331974 
 ----> pcfNcfTTM 682 0 0.647492 0.352508 
 ----> pcfNcfTTM 683 0 0.674981 0.325019 
 ----> pcfNcfTTM 684 0 0.67366 0.32634 
 ----> pcfNcfTTM 685 0 0.698607 0.301393 
 ----> pcfNcfTTM 686 0 0.636973 0.363027 
 ----> pcfNcfTTM 687 0 0.672553 0.327447 
 ----> pcfNcfTTM 688 0 0.663119 0.336881 
 ----> pcfNcfTTM 689 0 0.691833 0.308167 
 ----> pcfNcfTTM 690 1 0.670795 0.329205 
 ----> pcfNcfTTM 691 0 0.631486 0.368514 
 ----> pcfNcfTTM 692 0 0.678745 0.321255 
 ----> pcfNcfTTM 693 1 0.665377 0.334623 
 ----> pcfNcfTTM 694 0 0.689034 0.310966 
 ----> pcfNcfTTM 695 0 0.691461 0.308539 
 ----> pcfNcfTTM 696 0 0.680446 0.319554 
 ----> pcfNcfTTM 697 0 0.683362 0.316638 
 ----> pcfNcfTTM 698 1 0.63364 0.36636 
 ----> pcfNcfTTM 699 0 0.697974 0.302026 
 ----> pcfNcfTTM 700 1 0.620258 0.379742 
 ----> pcfNcfTTM 701 0 0.661543 0.338457 
 ----> pcfNcfTTM 702 0 0.654217 0.345783 
 ----> pcfNcfTTM 703 0 0.656529 0.343471 
 ----> pcfNcfTTM 704 0 0.694505 0.305495 
 ----> pcfNcfTTM 705 0 0.660187 0.339813 
 ----> pcfNcfTTM 706 0 0.669311 0.330689 
 ----> pcfNcfTTM 707 0 0.661431 0.338569 
 ----> pcfNcfTTM 708 0 0.663065 0.336935 
 ----> pcfNcfTTM 709 0 0.679725 0.320275 
 ----> pcfNcfTTM 710 0 0.664999 0.335001 
 ----> pcfNcfTTM 711 0 0.684127 0.315873 
 ----> pcfNcfTTM 712 0 0.645369 0.354631 
 ----> pcfNcfTTM 713 1 0.665179 0.334821 
 ----> pcfNcfTTM 714 1 0.714422 0.285578 
 ----> pcfNcfTTM 715 1 0.679554 0.320446 
 ----> pcfNcfTTM 716 1 0.613387 0.386613 
 ----> pcfNcfTTM 717 0 0.646516 0.353484 
 ----> pcfNcfTTM 718 0 0.647127 0.352873 
