 ----> high 1 0 0 0 
 ----> high 2 0 0.687527 0.312473 
 ----> high 3 1 0.684343 0.315657 
 ----> high 4 1 0.674901 0.325099 
 ----> high 5 0 0.696969 0.303031 
 ----> high 6 1 0.693881 0.306119 
 ----> high 7 0 0.671146 0.328854 
 ----> high 8 0 0.684213 0.315787 
 ----> high 9 0 0.655429 0.344571 
 ----> high 10 1 0.665883 0.334117 
 ----> high 11 1 0.646729 0.353271 
 ----> high 12 1 0.651405 0.348595 
 ----> high 13 0 0.600497 0.399503 
 ----> high 14 1 0.611978 0.388022 
 ----> high 15 0 0.706943 0.293057 
 ----> high 16 1 0.606924 0.393076 
 ----> high 17 1 0.679765 0.320235 
 ----> high 18 0 0.64465 0.35535 
 ----> high 19 0 0.684728 0.315272 
 ----> high 20 0 0.690657 0.309343 
 ----> high 21 1 0.674671 0.325329 
 ----> high 22 0 0.708737 0.291263 
 ----> high 23 0 0.623466 0.376534 
 ----> high 24 0 0.684137 0.315863 
 ----> high 25 0 0.659079 0.340921 
 ----> high 26 0 0.678557 0.321443 
 ----> high 27 1 0.618657 0.381343 
 ----> high 28 1 0.709858 0.290142 
 ----> high 29 0 0.66147 0.33853 
 ----> high 30 0 0.707564 0.292436 
 ----> high 31 1 0.661252 0.338748 
 ----> high 32 0 0.718648 0.281352 
 ----> high 33 0 0.68753 0.31247 
 ----> high 34 0 0.714887 0.285113 
 ----> high 35 1 0.583413 0.416587 
 ----> high 36 1 0.720517 0.279483 
 ----> high 37 0 0.721314 0.278686 
 ----> high 38 0 0.667288 0.332712 
 ----> high 39 0 0.707642 0.292358 
 ----> high 40 1 0.696206 0.303794 
 ----> high 41 1 0.724586 0.275414 
 ----> high 42 1 0.680186 0.319814 
 ----> high 43 0 0.682305 0.317695 
 ----> high 44 0 0.671908 0.328092 
 ----> high 45 1 0.665783 0.334217 
 ----> high 46 1 0.656056 0.343944 
 ----> high 47 0 0.714246 0.285754 
 ----> high 48 0 0.70233 0.29767 
 ----> high 49 1 0.71492 0.28508 
 ----> high 50 1 0.639192 0.360808 
 ----> high 51 1 0.692066 0.307934 
 ----> high 52 1 0.637168 0.362832 
 ----> high 53 1 0.674742 0.325258 
 ----> high 54 0 0.702385 0.297615 
 ----> high 55 0 0.713623 0.286377 
 ----> high 56 0 0.670075 0.329925 
 ----> high 57 1 0.613638 0.386362 
 ----> high 58 1 0.596211 0.403789 
 ----> high 59 1 0.638344 0.361656 
 ----> high 60 1 0.684876 0.315124 
 ----> high 61 0 0.660923 0.339077 
 ----> high 62 0 0.706509 0.293491 
 ----> high 63 1 0.678389 0.321611 
 ----> high 64 1 0.66632 0.33368 
 ----> high 65 0 0.69516 0.30484 
 ----> high 66 0 0.702154 0.297846 
 ----> high 67 0 0.699473 0.300527 
 ----> high 68 0 0.707611 0.292389 
 ----> high 69 0 0.694921 0.305079 
 ----> high 70 0 0.706336 0.293664 
 ----> high 71 1 0.673898 0.326102 
 ----> high 72 0 0.691903 0.308097 
 ----> high 73 0 0.706231 0.293769 
 ----> high 74 1 0.675514 0.324486 
 ----> high 75 0 0.71687 0.28313 
 ----> high 76 0 0.656203 0.343797 
 ----> high 77 0 0.702167 0.297833 
 ----> high 78 1 0.681598 0.318402 
 ----> high 79 0 0.733331 0.266669 
 ----> high 80 1 0.66156 0.33844 
 ----> high 81 1 0.673846 0.326154 
 ----> high 82 1 0.687174 0.312826 
 ----> high 83 1 0.685945 0.314055 
 ----> high 84 1 0.664238 0.335762 
 ----> high 85 0 0.689455 0.310545 
 ----> high 86 0 0.626554 0.373446 
 ----> high 87 0 0.684562 0.315438 
 ----> high 88 1 0.644948 0.355052 
 ----> high 89 1 0.598603 0.401397 
 ----> high 90 1 0.59072 0.40928 
 ----> high 91 0 0.705477 0.294523 
 ----> high 92 1 0.653629 0.346371 
 ----> high 93 0 0.666624 0.333376 
 ----> high 94 1 0.667986 0.332014 
 ----> high 95 0 0.724071 0.275929 
 ----> high 96 0 0.67196 0.32804 
 ----> high 97 0 0.670385 0.329615 
 ----> high 98 1 0.63839 0.36161 
 ----> high 99 1 0.633673 0.366327 
 ----> high 100 1 0.660357 0.339643 
 ----> high 101 1 0.685933 0.314067 
 ----> high 102 1 0.688255 0.311745 
 ----> high 103 0 0.704724 0.295276 
 ----> high 104 0 0.687158 0.312842 
 ----> high 105 0 0.71416 0.28584 
 ----> high 106 0 0.654304 0.345696 
 ----> high 107 0 0.715081 0.284919 
 ----> high 108 0 0.691405 0.308595 
 ----> high 109 0 0.700873 0.299127 
 ----> high 110 1 0.614296 0.385704 
 ----> high 111 0 0.656965 0.343035 
 ----> high 112 0 0.742004 0.257996 
 ----> high 113 0 0.631695 0.368305 
 ----> high 114 1 0.672002 0.327998 
 ----> high 115 0 0.689961 0.310039 
 ----> high 116 0 0.718497 0.281503 
 ----> high 117 0 0.722595 0.277405 
 ----> high 118 1 0.706074 0.293926 
 ----> high 119 1 0.675608 0.324392 
 ----> high 120 0 0.693186 0.306814 
 ----> high 121 1 0.603419 0.396581 
 ----> high 122 0 0.6754 0.3246 
 ----> high 123 1 0.652928 0.347072 
 ----> high 124 1 0.66897 0.33103 
 ----> high 125 0 0.676919 0.323081 
 ----> high 126 1 0.639042 0.360958 
 ----> high 127 0 0.67906 0.32094 
 ----> high 128 0 0.624104 0.375896 
 ----> high 129 0 0.682596 0.317404 
 ----> high 130 1 0.626859 0.373141 
 ----> high 131 0 0.639194 0.360806 
 ----> high 132 0 0.690921 0.309079 
 ----> high 133 1 0.660972 0.339028 
 ----> high 134 1 0.679996 0.320004 
 ----> high 135 1 0.655938 0.344062 
 ----> high 136 0 0.725452 0.274548 
 ----> high 137 1 0.578198 0.421802 
 ----> high 138 1 0.665714 0.334286 
 ----> high 139 0 0.712805 0.287195 
 ----> high 140 0 0.734994 0.265006 
 ----> high 141 1 0.70233 0.29767 
 ----> high 142 0 0.612671 0.387329 
 ----> high 143 0 0.724878 0.275122 
 ----> high 144 0 0.665353 0.334647 
 ----> high 145 0 0.687803 0.312197 
 ----> high 146 0 0.70134 0.29866 
 ----> high 147 0 0.683739 0.316261 
 ----> high 148 0 0.707568 0.292432 
 ----> high 149 0 0.706174 0.293826 
 ----> high 150 1 0.61091 0.38909 
 ----> high 151 1 0.658549 0.341451 
 ----> high 152 0 0.725261 0.274739 
 ----> high 153 0 0.717271 0.282729 
 ----> high 154 0 0.721102 0.278898 
 ----> high 155 0 0.698976 0.301024 
 ----> high 156 1 0.674534 0.325466 
 ----> high 157 1 0.710813 0.289187 
 ----> high 158 1 0.680908 0.319092 
 ----> high 159 0 0.680031 0.319969 
 ----> high 160 0 0.690651 0.309349 
 ----> high 161 0 0.663823 0.336177 
 ----> high 162 1 0.661914 0.338086 
 ----> high 163 1 0.669749 0.330251 
 ----> high 164 0 0.700126 0.299874 
 ----> high 165 1 0.570615 0.429385 
 ----> high 166 1 0.618754 0.381246 
 ----> high 167 0 0.674948 0.325052 
 ----> high 168 1 0.573214 0.426786 
 ----> high 169 0 0.676722 0.323278 
 ----> high 170 1 0.674422 0.325578 
 ----> high 171 1 0.679095 0.320905 
 ----> high 172 0 0.665414 0.334586 
 ----> high 173 1 0.616888 0.383112 
 ----> high 174 0 0.724947 0.275053 
 ----> high 175 1 0.618489 0.381511 
 ----> high 176 0 0.693679 0.306321 
 ----> high 177 0 0.703892 0.296108 
 ----> high 178 1 0.652165 0.347835 
 ----> high 179 1 0.587071 0.412929 
 ----> high 180 0 0.725804 0.274196 
 ----> high 181 0 0.580312 0.419688 
 ----> high 182 1 0.65997 0.34003 
 ----> high 183 0 0.667176 0.332824 
 ----> high 184 1 0.67415 0.32585 
 ----> high 185 1 0.663407 0.336593 
 ----> high 186 0 0.687862 0.312138 
 ----> high 187 0 0.698893 0.301107 
 ----> high 188 1 0.670472 0.329528 
 ----> high 189 1 0.658715 0.341285 
 ----> high 190 0 0.698744 0.301256 
 ----> high 191 0 0.716257 0.283743 
 ----> high 192 1 0.654342 0.345658 
 ----> high 193 0 0.731929 0.268071 
 ----> high 194 0 0.700825 0.299175 
 ----> high 195 0 0.708917 0.291083 
 ----> high 196 1 0.656317 0.343683 
 ----> high 197 0 0.691831 0.308169 
 ----> high 198 0 0.688187 0.311813 
 ----> high 199 0 0.684346 0.315654 
 ----> high 200 0 0.685345 0.314655 
 ----> high 201 0 0.696097 0.303903 
 ----> high 202 0 0.730934 0.269066 
 ----> high 203 0 0.69359 0.30641 
 ----> high 204 1 0.66576 0.33424 
 ----> high 205 0 0.672265 0.327735 
 ----> high 206 0 0.687054 0.312946 
 ----> high 207 1 0.644732 0.355268 
 ----> high 208 0 0.699295 0.300705 
 ----> high 209 0 0.684936 0.315064 
 ----> high 210 0 0.64138 0.35862 
 ----> high 211 0 0.672235 0.327765 
 ----> high 212 0 0.705883 0.294117 
 ----> high 213 0 0.704779 0.295221 
 ----> high 214 0 0.645158 0.354842 
 ----> high 215 0 0.707747 0.292253 
 ----> high 216 0 0.678437 0.321563 
 ----> high 217 0 0.669509 0.330491 
 ----> high 218 0 0.705689 0.294311 
 ----> high 219 0 0.673476 0.326524 
 ----> high 220 0 0.732817 0.267183 
 ----> high 221 0 0.68488 0.31512 
 ----> high 222 1 0.683676 0.316324 
 ----> high 223 1 0.597307 0.402693 
 ----> high 224 0 0.683951 0.316049 
 ----> high 225 1 0.664447 0.335553 
 ----> high 226 1 0.56373 0.43627 
 ----> high 227 0 0.685151 0.314849 
 ----> high 228 0 0.743285 0.256715 
 ----> high 229 0 0.673114 0.326886 
 ----> high 230 0 0.712016 0.287984 
 ----> high 231 0 0.591419 0.408581 
 ----> high 232 1 0.663485 0.336515 
 ----> high 233 0 0.695124 0.304876 
 ----> high 234 0 0.659376 0.340624 
 ----> high 235 0 0.687833 0.312167 
 ----> high 236 1 0.683979 0.316021 
 ----> high 237 0 0.679156 0.320844 
 ----> high 238 0 0.701655 0.298345 
 ----> high 239 0 0.696251 0.303749 
 ----> high 240 0 0.721199 0.278801 
 ----> high 241 0 0.702016 0.297984 
 ----> high 242 1 0.615979 0.384021 
 ----> high 243 0 0.693093 0.306907 
 ----> high 244 1 0.688823 0.311177 
 ----> high 245 1 0.686506 0.313494 
 ----> high 246 1 0.682524 0.317476 
 ----> high 247 0 0.683306 0.316694 
 ----> high 248 0 0.687811 0.312189 
 ----> high 249 1 0.718253 0.281747 
 ----> high 250 0 0.683368 0.316632 
 ----> high 251 0 0.732558 0.267442 
 ----> high 252 0 0.694974 0.305026 
 ----> high 253 1 0.653526 0.346474 
 ----> high 254 0 0.725827 0.274173 
 ----> high 255 1 0.657859 0.342141 
 ----> high 256 1 0.677907 0.322093 
 ----> high 257 1 0.669788 0.330212 
 ----> high 258 0 0.715474 0.284526 
 ----> high 259 0 0.678849 0.321151 
 ----> high 260 1 0.649667 0.350333 
 ----> high 261 1 0.684989 0.315011 
 ----> high 262 1 0.720271 0.279729 
 ----> high 263 0 0.702532 0.297468 
 ----> high 264 1 0.681535 0.318465 
 ----> high 265 1 0.663232 0.336768 
 ----> high 266 0 0.684421 0.315579 
 ----> high 267 0 0.669604 0.330396 
 ----> high 268 0 0.716004 0.283996 
 ----> high 269 0 0.691047 0.308953 
 ----> high 270 0 0.695344 0.304656 
 ----> high 271 1 0.654562 0.345438 
 ----> high 272 0 0.700853 0.299147 
 ----> high 273 0 0.651719 0.348281 
 ----> high 274 0 0.744627 0.255373 
 ----> high 275 0 0.677125 0.322875 
 ----> high 276 1 0.70352 0.29648 
 ----> high 277 0 0.690373 0.309627 
 ----> high 278 0 0.716038 0.283962 
 ----> high 279 1 0.610156 0.389844 
 ----> high 280 1 0.659627 0.340373 
 ----> high 281 0 0.709104 0.290896 
 ----> high 282 1 0.654549 0.345451 
 ----> high 283 1 0.67055 0.32945 
 ----> high 284 0 0.688882 0.311118 
 ----> high 285 0 0.657024 0.342976 
 ----> high 286 0 0.695657 0.304343 
 ----> high 287 1 0.666148 0.333852 
 ----> high 288 0 0.677996 0.322004 
 ----> high 289 1 0.647158 0.352842 
 ----> high 290 0 0.685949 0.314051 
 ----> high 291 1 0.637158 0.362842 
 ----> high 292 1 0.615554 0.384446 
 ----> high 293 0 0.714007 0.285993 
 ----> high 294 1 0.688251 0.311749 
 ----> high 295 0 0.690852 0.309148 
 ----> high 296 1 0.632742 0.367258 
 ----> high 297 0 0.731455 0.268545 
 ----> high 298 1 0.696362 0.303638 
 ----> high 299 0 0.714697 0.285303 
 ----> high 300 0 0.661934 0.338066 
 ----> high 301 0 0.733327 0.266673 
 ----> high 302 0 0.699721 0.300279 
 ----> high 303 0 0.696089 0.303911 
 ----> high 304 0 0.682794 0.317206 
 ----> high 305 0 0.717795 0.282205 
 ----> high 306 0 0.691259 0.308741 
 ----> high 307 0 0.717778 0.282222 
 ----> high 308 0 0.711747 0.288253 
 ----> high 309 1 0.670175 0.329825 
 ----> high 310 1 0.706997 0.293003 
 ----> high 311 0 0.692361 0.307639 
 ----> high 312 0 0.717044 0.282956 
 ----> high 313 1 0.677857 0.322143 
 ----> high 314 0 0.702912 0.297088 
 ----> high 315 0 0.747687 0.252313 
 ----> high 316 0 0.725134 0.274866 
 ----> high 317 0 0.688137 0.311863 
 ----> high 318 0 0.690463 0.309537 
 ----> high 319 0 0.690533 0.309467 
 ----> high 320 0 0.715261 0.284739 
 ----> high 321 1 0.699261 0.300739 
 ----> high 322 0 0.686364 0.313636 
 ----> high 323 0 0.681407 0.318593 
 ----> high 324 0 0.685124 0.314876 
 ----> high 325 0 0.707764 0.292236 
 ----> high 326 0 0.675494 0.324506 
 ----> high 327 1 0.691626 0.308374 
 ----> high 328 0 0.720047 0.279953 
 ----> high 329 0 0.694852 0.305148 
 ----> high 330 0 0.686815 0.313185 
 ----> high 331 0 0.724735 0.275265 
 ----> high 332 0 0.68325 0.31675 
 ----> high 333 1 0.679414 0.320586 
 ----> high 334 1 0.634194 0.365806 
 ----> high 335 0 0.70127 0.29873 
 ----> high 336 1 0.690978 0.309022 
 ----> high 337 0 0.706782 0.293218 
 ----> high 338 0 0.700571 0.299429 
 ----> high 339 0 0.681596 0.318404 
 ----> high 340 1 0.70311 0.29689 
 ----> high 341 0 0.710248 0.289752 
 ----> high 342 1 0.695737 0.304263 
 ----> high 343 1 0.63154 0.36846 
 ----> high 344 0 0.669745 0.330255 
 ----> high 345 0 0.719865 0.280135 
 ----> high 346 1 0.682196 0.317804 
 ----> high 347 0 0.739828 0.260172 
 ----> high 348 0 0.691063 0.308937 
 ----> high 349 0 0.745768 0.254232 
 ----> high 350 1 0.584632 0.415368 
 ----> high 351 0 0.672334 0.327666 
 ----> high 352 0 0.63363 0.36637 
 ----> high 353 0 0.709944 0.290056 
 ----> high 354 0 0.641928 0.358072 
 ----> high 355 0 0.695242 0.304758 
 ----> high 356 0 0.678313 0.321687 
 ----> high 357 1 0.686408 0.313592 
 ----> high 358 0 0.757558 0.242442 
 ----> high 359 0 0.653607 0.346393 
 ----> high 360 0 0.636283 0.363717 
 ----> high 361 0 0.739465 0.260535 
 ----> high 362 0 0.681594 0.318406 
 ----> high 363 0 0.688218 0.311782 
 ----> high 364 0 0.675596 0.324404 
 ----> high 365 0 0.681071 0.318929 
 ----> high 366 1 0.630633 0.369367 
 ----> high 367 1 0.67783 0.32217 
 ----> high 368 0 0.71166 0.28834 
 ----> high 369 0 0.696755 0.303245 
 ----> high 370 0 0.751026 0.248974 
 ----> high 371 0 0.764761 0.235239 
 ----> high 372 0 0.724508 0.275492 
 ----> high 373 0 0.689344 0.310656 
 ----> high 374 0 0.695273 0.304727 
 ----> high 375 0 0.716158 0.283842 
 ----> high 376 0 0.688065 0.311935 
 ----> high 377 0 0.695151 0.304849 
 ----> high 378 0 0.694873 0.305127 
 ----> high 379 0 0.717151 0.282849 
 ----> high 380 0 0.683724 0.316276 
 ----> high 381 1 0.61358 0.38642 
 ----> high 382 0 0.73841 0.26159 
 ----> high 383 0 0.71778 0.28222 
 ----> high 384 0 0.667617 0.332383 
 ----> high 385 1 0.686984 0.313016 
 ----> high 386 0 0.717723 0.282277 
 ----> high 387 1 0.688996 0.311004 
 ----> high 388 1 0.62281 0.37719 
 ----> high 389 0 0.775279 0.224721 
 ----> high 390 0 0.663457 0.336543 
 ----> high 391 0 0.739034 0.260966 
 ----> high 392 0 0.695981 0.304019 
 ----> high 393 1 0.691589 0.308411 
 ----> high 394 1 0.708485 0.291515 
 ----> high 395 0 0.675078 0.324922 
 ----> high 396 0 0.624244 0.375756 
 ----> high 397 0 0.789414 0.210586 
 ----> high 398 1 0.620127 0.379873 
 ----> high 399 1 0.683741 0.316259 
 ----> high 400 1 0.649821 0.350179 
 ----> high 401 0 0.720773 0.279227 
 ----> high 402 1 0.697226 0.302774 
 ----> high 403 0 0.666726 0.333274 
 ----> high 404 0 0.697286 0.302714 
 ----> high 405 1 0.70548 0.29452 
 ----> high 406 1 0.683749 0.316251 
 ----> high 407 1 0.547253 0.452747 
 ----> high 408 0 0.72749 0.27251 
 ----> high 409 0 0.687807 0.312193 
 ----> high 410 0 0.682612 0.317388 
 ----> high 411 1 0.697511 0.302489 
 ----> high 412 0 0.675063 0.324937 
 ----> high 413 0 0.648508 0.351492 
 ----> high 414 0 0.739059 0.260941 
 ----> high 415 1 0.671228 0.328772 
 ----> high 416 0 0.723565 0.276435 
 ----> high 417 0 0.735846 0.264154 
 ----> high 418 1 0.657491 0.342509 
 ----> high 419 1 0.673082 0.326918 
 ----> high 420 0 0.705984 0.294016 
 ----> high 421 0 0.687201 0.312799 
 ----> high 422 0 0.700137 0.299863 
 ----> high 423 0 0.620697 0.379303 
 ----> high 424 0 0.606639 0.393361 
 ----> high 425 0 0.741779 0.258221 
 ----> high 426 1 0.680806 0.319194 
 ----> high 427 0 0.675748 0.324252 
 ----> high 428 0 0.685174 0.314826 
 ----> high 429 0 0.715943 0.284057 
 ----> high 430 0 0.745693 0.254307 
 ----> high 431 0 0.674135 0.325865 
 ----> high 432 0 0.700223 0.299777 
 ----> high 433 0 0.728003 0.271997 
 ----> high 434 0 0.715727 0.284273 
 ----> high 435 1 0.680342 0.319658 
 ----> high 436 0 0.684301 0.315699 
 ----> high 437 0 0.725949 0.274051 
 ----> high 438 1 0.692908 0.307092 
 ----> high 439 0 0.72102 0.27898 
 ----> high 440 1 0.690439 0.309561 
 ----> high 441 0 0.692374 0.307626 
 ----> high 442 0 0.773079 0.226921 
 ----> high 443 0 0.727462 0.272538 
 ----> high 444 0 0.728252 0.271748 
 ----> high 445 1 0.684353 0.315647 
 ----> high 446 0 0.729409 0.270591 
 ----> high 447 0 0.730411 0.269589 
 ----> high 448 0 0.725211 0.274789 
 ----> high 449 0 0.708712 0.291288 
 ----> high 450 0 0.708315 0.291685 
 ----> high 451 0 0.74412 0.25588 
 ----> high 452 0 0.709656 0.290344 
 ----> high 453 0 0.720611 0.279389 
 ----> high 454 0 0.727308 0.272692 
 ----> high 455 1 0.657609 0.342391 
 ----> high 456 0 0.727055 0.272945 
 ----> high 457 0 0.708352 0.291648 
 ----> high 458 1 0.680387 0.319613 
 ----> high 459 0 0.65078 0.34922 
 ----> high 460 0 0.757554 0.242446 
 ----> high 461 1 0.691271 0.308729 
 ----> high 462 0 0.739706 0.260294 
 ----> high 463 0 0.708259 0.291741 
 ----> high 464 0 0.720299 0.279701 
 ----> high 465 0 0.705839 0.294161 
 ----> high 466 0 0.690046 0.309954 
 ----> high 467 1 0.692196 0.307804 
 ----> high 468 0 0.732196 0.267804 
 ----> high 469 0 0.761848 0.238152 
 ----> high 470 1 0.672752 0.327248 
 ----> high 471 1 0.668878 0.331122 
 ----> high 472 0 0.770562 0.229438 
 ----> high 473 1 0.685875 0.314125 
 ----> high 474 1 0.681632 0.318368 
 ----> high 475 0 0.741713 0.258287 
 ----> high 476 0 0.721258 0.278742 
 ----> high 477 1 0.65946 0.34054 
 ----> high 478 0 0.736005 0.263995 
 ----> high 479 0 0.690677 0.309323 
 ----> high 480 0 0.712993 0.287007 
 ----> high 481 0 0.695684 0.304316 
 ----> high 482 0 0.762074 0.237926 
 ----> high 483 0 0.693132 0.306868 
 ----> high 484 0 0.703065 0.296935 
 ----> high 485 0 0.734315 0.265685 
 ----> high 486 0 0.67906 0.32094 
 ----> high 487 0 0.693903 0.306097 
 ----> high 488 1 0.701311 0.298689 
 ----> high 489 1 0.684139 0.315861 
 ----> high 490 0 0.756371 0.243629 
 ----> high 491 1 0.654356 0.345644 
 ----> high 492 0 0.745584 0.254416 
 ----> high 493 0 0.704744 0.295256 
 ----> high 494 0 0.732785 0.267215 
 ----> high 495 1 0.706684 0.293316 
 ----> high 496 1 0.716042 0.283958 
 ----> high 497 0 0.704533 0.295467 
 ----> high 498 0 0.702126 0.297874 
 ----> high 499 0 0.661937 0.338063 
 ----> high 500 1 0.606778 0.393222 
 ----> high 501 0 0.748892 0.251108 
 ----> high 502 0 0.729453 0.270547 
 ----> high 503 1 0.644727 0.355273 
 ----> high 504 0 0.701204 0.298796 
 ----> high 505 0 0.703654 0.296346 
 ----> high 506 0 0.764927 0.235073 
 ----> high 507 0 0.699695 0.300305 
 ----> high 508 1 0.611493 0.388507 
 ----> high 509 1 0.669161 0.330839 
 ----> high 510 0 0.682137 0.317863 
 ----> high 511 0 0.717877 0.282123 
 ----> high 512 0 0.704981 0.295019 
 ----> high 513 1 0.63218 0.36782 
 ----> high 514 1 0.659029 0.340971 
 ----> high 515 0 0.738505 0.261495 
 ----> high 516 0 0.700218 0.299782 
 ----> high 517 1 0.623681 0.376319 
 ----> high 518 1 0.680374 0.319626 
 ----> high 519 0 0.705385 0.294615 
 ----> high 520 1 0.662135 0.337865 
 ----> high 521 1 0.713785 0.286215 
 ----> high 522 0 0.736292 0.263708 
 ----> high 523 1 0.654931 0.345069 
 ----> high 524 0 0.672162 0.327838 
 ----> high 525 0 0.690913 0.309087 
 ----> high 526 0 0.689919 0.310081 
 ----> high 527 0 0.690363 0.309637 
 ----> high 528 0 0.746367 0.253633 
 ----> high 529 1 0.661678 0.338322 
 ----> high 530 0 0.688004 0.311996 
 ----> high 531 1 0.659057 0.340943 
 ----> high 532 0 0.698163 0.301837 
 ----> high 533 0 0.685511 0.314489 
 ----> high 534 0 0.680304 0.319696 
 ----> high 535 0 0.700842 0.299158 
 ----> high 536 0 0.710401 0.289599 
 ----> high 537 0 0.729778 0.270222 
 ----> high 538 0 0.736176 0.263824 
 ----> high 539 0 0.757812 0.242188 
 ----> high 540 0 0.698211 0.301789 
 ----> high 541 0 0.687761 0.312239 
 ----> high 542 1 0.688052 0.311948 
 ----> high 543 0 0.714069 0.285931 
 ----> high 544 0 0.703036 0.296964 
 ----> high 545 0 0.692097 0.307903 
 ----> high 546 0 0.716548 0.283452 
 ----> high 547 0 0.688434 0.311566 
 ----> high 548 0 0.709142 0.290858 
 ----> high 549 0 0.701845 0.298155 
 ----> high 550 0 0.723003 0.276997 
 ----> high 551 1 0.665836 0.334164 
 ----> high 552 0 0.742083 0.257917 
 ----> high 553 1 0.680393 0.319607 
 ----> high 554 0 0.71614 0.28386 
 ----> high 555 1 0.684202 0.315798 
 ----> high 556 0 0.706583 0.293417 
 ----> high 557 0 0.725133 0.274867 
 ----> high 558 1 0.673638 0.326362 
 ----> high 559 0 0.693868 0.306132 
 ----> high 560 0 0.670431 0.329569 
 ----> high 561 0 0.687222 0.312778 
 ----> high 562 0 0.741968 0.258032 
 ----> high 563 0 0.657642 0.342358 
 ----> high 564 0 0.748909 0.251091 
 ----> high 565 0 0.708483 0.291517 
 ----> high 566 0 0.723281 0.276719 
 ----> high 567 0 0.706954 0.293046 
 ----> high 568 0 0.731072 0.268928 
 ----> high 569 1 0.656357 0.343643 
 ----> high 570 0 0.707511 0.292489 
 ----> high 571 0 0.690102 0.309898 
 ----> high 572 1 0.739296 0.260704 
 ----> high 573 0 0.703153 0.296847 
 ----> high 574 0 0.716882 0.283118 
 ----> high 575 0 0.692013 0.307987 
 ----> high 576 1 0.696994 0.303006 
 ----> high 577 0 0.718474 0.281526 
 ----> high 578 0 0.71851 0.28149 
 ----> high 579 0 0.711272 0.288728 
 ----> high 580 1 0.620406 0.379594 
 ----> high 581 0 0.689052 0.310948 
 ----> high 582 0 0.704868 0.295132 
 ----> high 583 0 0.672029 0.327971 
 ----> high 584 1 0.678128 0.321872 
 ----> high 585 0 0.678598 0.321402 
 ----> high 586 0 0.693548 0.306452 
 ----> high 587 0 0.698941 0.301059 
 ----> high 588 0 0.687988 0.312012 
 ----> high 589 1 0.700621 0.299379 
 ----> high 590 0 0.755618 0.244382 
 ----> high 591 1 0.707665 0.292335 
 ----> high 592 1 0.661349 0.338651 
 ----> high 593 0 0.672585 0.327415 
 ----> high 594 0 0.680739 0.319261 
 ----> high 595 0 0.653771 0.346229 
 ----> high 596 0 0.736378 0.263622 
 ----> high 597 0 0.71591 0.28409 
 ----> high 598 0 0.68703 0.31297 
 ----> high 599 0 0.694793 0.305207 
 ----> high 600 0 0.712205 0.287795 
 ----> high 601 0 0.686671 0.313329 
 ----> high 602 1 0.65127 0.34873 
 ----> high 603 1 0.651123 0.348877 
 ----> high 604 0 0.717293 0.282707 
 ----> high 605 0 0.692141 0.307859 
 ----> high 606 0 0.697799 0.302201 
 ----> high 607 1 0.722611 0.277389 
 ----> high 608 1 0.675821 0.324179 
 ----> high 609 0 0.712153 0.287847 
 ----> high 610 0 0.704696 0.295304 
 ----> high 611 0 0.71254 0.28746 
 ----> high 612 0 0.690938 0.309062 
 ----> high 613 0 0.756649 0.243351 
 ----> high 614 0 0.700322 0.299678 
 ----> high 615 0 0.735422 0.264578 
 ----> high 616 0 0.739667 0.260333 
 ----> high 617 0 0.736618 0.263382 
 ----> high 618 0 0.702576 0.297424 
 ----> high 619 1 0.695629 0.304371 
 ----> high 620 1 0.658238 0.341762 
 ----> high 621 0 0.69065 0.30935 
 ----> high 622 1 0.707642 0.292358 
 ----> high 623 0 0.675246 0.324754 
 ----> high 624 0 0.663069 0.336931 
 ----> high 625 0 0.745083 0.254917 
 ----> high 626 0 0.707025 0.292975 
 ----> high 627 0 0.733328 0.266672 
 ----> high 628 0 0.696072 0.303928 
 ----> high 629 1 0.725748 0.274252 
 ----> high 630 0 0.717461 0.282539 
 ----> high 631 0 0.730769 0.269231 
 ----> high 632 1 0.692392 0.307608 
 ----> high 633 0 0.719164 0.280836 
 ----> high 634 1 0.717226 0.282774 
 ----> high 635 0 0.708018 0.291982 
 ----> high 636 1 0.704056 0.295944 
 ----> high 637 0 0.723688 0.276312 
 ----> high 638 0 0.705081 0.294919 
 ----> high 639 1 0.719814 0.280186 
 ----> high 640 1 0.609998 0.390002 
 ----> high 641 0 0.678672 0.321328 
 ----> high 642 0 0.688765 0.311235 
 ----> high 643 0 0.686886 0.313114 
 ----> high 644 0 0.710137 0.289863 
 ----> high 645 0 0.716774 0.283226 
 ----> high 646 0 0.697621 0.302379 
 ----> high 647 1 0.629056 0.370944 
 ----> high 648 0 0.688362 0.311638 
 ----> high 649 0 0.72376 0.27624 
 ----> high 650 0 0.685125 0.314875 
 ----> high 651 1 0.723693 0.276307 
 ----> high 652 0 0.739878 0.260122 
 ----> high 653 0 0.754828 0.245172 
 ----> high 654 1 0.730745 0.269255 
 ----> high 655 0 0.667566 0.332434 
 ----> high 656 0 0.687296 0.312704 
 ----> high 657 0 0.739637 0.260363 
 ----> high 658 0 0.739352 0.260648 
 ----> high 659 0 0.718573 0.281427 
 ----> high 660 0 0.72976 0.27024 
 ----> high 661 0 0.736641 0.263359 
 ----> high 662 0 0.744003 0.255997 
 ----> high 663 0 0.74175 0.25825 
 ----> high 664 1 0.573619 0.426381 
 ----> high 665 0 0.668138 0.331862 
 ----> high 666 0 0.765929 0.234071 
 ----> high 667 0 0.687167 0.312833 
 ----> high 668 0 0.699068 0.300932 
 ----> high 669 0 0.705397 0.294603 
 ----> high 670 0 0.699041 0.300959 
 ----> high 671 0 0.71624 0.28376 
 ----> high 672 0 0.67835 0.32165 
 ----> high 673 0 0.67533 0.32467 
 ----> high 674 1 0.671623 0.328377 
 ----> high 675 1 0.672781 0.327219 
 ----> high 676 0 0.714185 0.285815 
 ----> high 677 0 0.66828 0.33172 
 ----> high 678 1 0.668653 0.331347 
 ----> high 679 0 0.715857 0.284143 
 ----> high 680 1 0.66736 0.33264 
 ----> high 681 0 0.699966 0.300034 
 ----> high 682 0 0.711336 0.288664 
 ----> high 683 0 0.70441 0.29559 
 ----> high 684 0 0.665848 0.334152 
 ----> high 685 1 0.663285 0.336715 
 ----> high 686 0 0.706144 0.293856 
 ----> high 687 0 0.697276 0.302724 
 ----> high 688 0 0.734684 0.265316 
 ----> high 689 0 0.669362 0.330638 
 ----> high 690 1 0.641238 0.358762 
 ----> high 691 0 0.748301 0.251699 
 ----> high 692 0 0.699627 0.300373 
 ----> high 693 0 0.682127 0.317873 
 ----> high 694 0 0.666259 0.333741 
 ----> high 695 0 0.698932 0.301068 
 ----> high 696 0 0.71437 0.28563 
 ----> high 697 0 0.729731 0.270269 
 ----> high 698 0 0.747516 0.252484 
 ----> high 699 0 0.69881 0.30119 
 ----> high 700 1 0.69097 0.30903 
 ----> high 701 0 0.740352 0.259648 
 ----> high 702 0 0.736709 0.263291 
 ----> high 703 0 0.694466 0.305534 
 ----> high 704 0 0.696093 0.303907 
 ----> high 705 0 0.712394 0.287606 
 ----> high 706 0 0.711317 0.288683 
 ----> high 707 0 0.722962 0.277038 
 ----> high 708 0 0.677411 0.322589 
 ----> high 709 0 0.709785 0.290215 
 ----> high 710 0 0.728715 0.271285 
 ----> high 711 0 0.742805 0.257195 
 ----> high 712 0 0.721188 0.278812 
 ----> high 713 0 0.687698 0.312302 
 ----> high 714 1 0.710763 0.289237 
 ----> high 715 0 0.727615 0.272385 
 ----> high 716 1 0.739994 0.260006 
 ----> high 717 0 0.707392 0.292608 
 ----> high 718 0 0.708003 0.291997 
