 ----> high 1 0 0.67401 0.32599 
 ----> high 2 0 0.701953 0.298047 
 ----> high 3 1 0.709109 0.290891 
 ----> high 4 1 0.729035 0.270965 
 ----> high 5 0 0.709056 0.290944 
 ----> high 6 1 0.712159 0.287841 
 ----> high 7 0 0.686941 0.313059 
 ----> high 8 0 0.702698 0.297302 
 ----> high 9 0 0.66853 0.33147 
 ----> high 10 1 0.680104 0.319896 
 ----> high 11 1 0.673796 0.326204 
 ----> high 12 1 0.704929 0.295071 
 ----> high 13 0 0.663684 0.336316 
 ----> high 14 1 0.678882 0.321118 
 ----> high 15 0 0.685115 0.314885 
 ----> high 16 1 0.676907 0.323093 
 ----> high 17 1 0.666385 0.333615 
 ----> high 18 0 0.713642 0.286358 
 ----> high 19 0 0.645565 0.354435 
 ----> high 20 0 0.667169 0.332831 
 ----> high 21 1 0.668661 0.331339 
 ----> high 22 0 0.752639 0.247361 
 ----> high 23 0 0.717495 0.282505 
 ----> high 24 0 0.707028 0.292972 
 ----> high 25 0 0.723854 0.276146 
 ----> high 26 0 0.720317 0.279683 
 ----> high 27 1 0.710061 0.289939 
 ----> high 28 1 0.674638 0.325362 
 ----> high 29 0 0.666477 0.333523 
 ----> high 30 0 0.671317 0.328683 
 ----> high 31 1 0.661077 0.338923 
 ----> high 32 0 0.693591 0.306409 
 ----> high 33 0 0.691816 0.308184 
 ----> high 34 0 0.688315 0.311685 
 ----> high 35 1 0.685758 0.314242 
 ----> high 36 1 0.703745 0.296255 
 ----> high 37 0 0.659082 0.340918 
 ----> high 38 0 0.69345 0.30655 
 ----> high 39 0 0.699704 0.300296 
 ----> high 40 1 0.652969 0.347031 
 ----> high 41 1 0.691339 0.308661 
 ----> high 42 1 0.670315 0.329685 
 ----> high 43 0 0.729332 0.270668 
 ----> high 44 0 0.626149 0.373851 
 ----> high 45 1 0.693879 0.306121 
 ----> high 46 1 0.662645 0.337355 
 ----> high 47 0 0.732585 0.267415 
 ----> high 48 0 0.722962 0.277038 
 ----> high 49 1 0.659072 0.340928 
 ----> high 50 1 0.692556 0.307444 
 ----> high 51 1 0.689086 0.310914 
 ----> high 52 1 0.656625 0.343375 
 ----> high 53 1 0.647239 0.352761 
 ----> high 54 0 0.718521 0.281479 
 ----> high 55 0 0.66263 0.33737 
 ----> high 56 0 0.72554 0.27446 
 ----> high 57 1 0.697469 0.302531 
 ----> high 58 1 0.632002 0.367998 
 ----> high 59 1 0.679738 0.320262 
 ----> high 60 1 0.646074 0.353926 
 ----> high 61 0 0.699473 0.300527 
 ----> high 62 0 0.694546 0.305454 
 ----> high 63 1 0.674336 0.325664 
 ----> high 64 1 0.6411 0.3589 
 ----> high 65 0 0.714805 0.285195 
 ----> high 66 0 0.668011 0.331989 
 ----> high 67 0 0.695089 0.304911 
 ----> high 68 0 0.687664 0.312336 
 ----> high 69 0 0.665751 0.334249 
 ----> high 70 0 0.71086 0.28914 
 ----> high 71 1 0.65068 0.34932 
 ----> high 72 0 0.699004 0.300996 
 ----> high 73 0 0.71915 0.28085 
 ----> high 74 1 0.587622 0.412378 
 ----> high 75 0 0.692898 0.307102 
 ----> high 76 0 0.724553 0.275447 
 ----> high 77 0 0.658263 0.341737 
 ----> high 78 1 0.660303 0.339697 
 ----> high 79 0 0.726123 0.273877 
 ----> high 80 1 0.668187 0.331813 
 ----> high 81 1 0.685601 0.314399 
 ----> high 82 1 0.689122 0.310878 
 ----> high 83 1 0.71719 0.28281 
 ----> high 84 1 0.627408 0.372592 
 ----> high 85 0 0.665084 0.334916 
 ----> high 86 0 0.672707 0.327293 
 ----> high 87 0 0.714185 0.285815 
 ----> high 88 1 0.675101 0.324899 
 ----> high 89 1 0.689998 0.310002 
 ----> high 90 1 0.688231 0.311769 
 ----> high 91 0 0.662428 0.337572 
 ----> high 92 1 0.672137 0.327863 
 ----> high 93 0 0.710296 0.289704 
 ----> high 94 1 0.676828 0.323172 
 ----> high 95 0 0.665442 0.334558 
 ----> high 96 0 0.696388 0.303612 
 ----> high 97 0 0.753484 0.246516 
 ----> high 98 1 0.589399 0.410601 
 ----> high 99 1 0.665643 0.334357 
 ----> high 100 1 0.683321 0.316679 
 ----> high 101 1 0.646402 0.353598 
 ----> high 102 1 0.662514 0.337486 
 ----> high 103 0 0.662787 0.337213 
 ----> high 104 0 0.723141 0.276859 
 ----> high 105 0 0.710591 0.289409 
 ----> high 106 0 0.71995 0.28005 
 ----> high 107 0 0.715152 0.284848 
 ----> high 108 0 0.752926 0.247074 
 ----> high 109 0 0.674944 0.325056 
 ----> high 110 1 0.666972 0.333028 
 ----> high 111 0 0.71064 0.28936 
 ----> high 112 0 0.747598 0.252402 
 ----> high 113 0 0.695121 0.304879 
 ----> high 114 1 0.722629 0.277371 
 ----> high 115 0 0.717458 0.282542 
 ----> high 116 0 0.667365 0.332635 
 ----> high 117 0 0.662814 0.337186 
 ----> high 118 1 0.680233 0.319767 
 ----> high 119 1 0.671747 0.328253 
 ----> high 120 0 0.714756 0.285244 
 ----> high 121 1 0.71158 0.28842 
 ----> high 122 0 0.634993 0.365007 
 ----> high 123 1 0.688838 0.311162 
 ----> high 124 1 0.672815 0.327185 
 ----> high 125 0 0.714843 0.285157 
 ----> high 126 1 0.63717 0.36283 
 ----> high 127 0 0.694451 0.305549 
 ----> high 128 0 0.689364 0.310636 
 ----> high 129 0 0.687747 0.312253 
 ----> high 130 1 0.685991 0.314009 
 ----> high 131 0 0.72658 0.27342 
 ----> high 132 0 0.693442 0.306558 
 ----> high 133 1 0.672732 0.327268 
 ----> high 134 1 0.695331 0.304669 
 ----> high 135 1 0.60665 0.39335 
 ----> high 136 0 0.666402 0.333598 
 ----> high 137 1 0.679332 0.320668 
 ----> high 138 1 0.646348 0.353652 
 ----> high 139 0 0.672756 0.327244 
 ----> high 140 0 0.687867 0.312133 
 ----> high 141 1 0.658258 0.341742 
 ----> high 142 0 0.669352 0.330648 
 ----> high 143 0 0.718406 0.281594 
 ----> high 144 0 0.692661 0.307339 
 ----> high 145 0 0.688024 0.311976 
 ----> high 146 0 0.721126 0.278874 
 ----> high 147 0 0.710116 0.289884 
 ----> high 148 0 0.707193 0.292807 
 ----> high 149 0 0.646022 0.353978 
 ----> high 150 1 0.611078 0.388922 
 ----> high 151 1 0.669544 0.330456 
 ----> high 152 0 0.752346 0.247654 
 ----> high 153 0 0.656963 0.343037 
 ----> high 154 0 0.701396 0.298604 
 ----> high 155 0 0.742627 0.257373 
 ----> high 156 1 0.673912 0.326088 
 ----> high 157 1 0.71828 0.28172 
 ----> high 158 1 0.707389 0.292611 
 ----> high 159 0 0.756071 0.243929 
 ----> high 160 0 0.665428 0.334572 
 ----> high 161 0 0.689912 0.310088 
 ----> high 162 1 0.688284 0.311716 
 ----> high 163 1 0.691335 0.308665 
 ----> high 164 0 0.670152 0.329848 
 ----> high 165 1 0.704609 0.295391 
 ----> high 166 1 0.677825 0.322175 
 ----> high 167 0 0.702859 0.297141 
 ----> high 168 1 0.634778 0.365222 
 ----> high 169 0 0.70753 0.29247 
 ----> high 170 1 0.610203 0.389797 
 ----> high 171 1 0.635482 0.364518 
 ----> high 172 0 0.667552 0.332448 
 ----> high 173 1 0.68957 0.31043 
 ----> high 174 0 0.688478 0.311522 
 ----> high 175 1 0.672854 0.327146 
 ----> high 176 0 0.725946 0.274054 
 ----> high 177 0 0.693153 0.306847 
 ----> high 178 1 0.669262 0.330738 
 ----> high 179 1 0.6734 0.3266 
 ----> high 180 0 0.661145 0.338855 
 ----> high 181 0 0.681078 0.318922 
 ----> high 182 1 0.632832 0.367168 
 ----> high 183 0 0.718958 0.281042 
 ----> high 184 1 0.726281 0.273719 
 ----> high 185 1 0.671404 0.328596 
 ----> high 186 0 0.705383 0.294617 
 ----> high 187 0 0.65275 0.34725 
 ----> high 188 1 0.662069 0.337931 
 ----> high 189 1 0.651758 0.348242 
 ----> high 190 0 0.666918 0.333082 
 ----> high 191 0 0.669173 0.330827 
 ----> high 192 1 0.694186 0.305814 
 ----> high 193 0 0.773396 0.226604 
 ----> high 194 0 0.709482 0.290518 
 ----> high 195 0 0.683088 0.316912 
 ----> high 196 1 0.663641 0.336359 
 ----> high 197 0 0.632929 0.367071 
 ----> high 198 0 0.708264 0.291736 
 ----> high 199 0 0.668524 0.331476 
 ----> high 200 0 0.696868 0.303132 
 ----> high 201 0 0.723421 0.276579 
 ----> high 202 0 0.689603 0.310397 
 ----> high 203 0 0.718195 0.281805 
 ----> high 204 1 0.697642 0.302358 
 ----> high 205 0 0.660872 0.339128 
 ----> high 206 0 0.694938 0.305062 
 ----> high 207 1 0.652606 0.347394 
 ----> high 208 0 0.66113 0.33887 
 ----> high 209 0 0.718209 0.281791 
 ----> high 210 0 0.696039 0.303961 
 ----> high 211 0 0.708173 0.291827 
 ----> high 212 0 0.67035 0.32965 
 ----> high 213 0 0.695935 0.304065 
 ----> high 214 0 0.696628 0.303372 
 ----> high 215 0 0.715621 0.284379 
 ----> high 216 0 0.682729 0.317271 
 ----> high 217 0 0.717227 0.282773 
 ----> high 218 0 0.673112 0.326888 
 ----> high 219 0 0.746717 0.253283 
 ----> high 220 0 0.702239 0.297761 
 ----> high 221 0 0.749161 0.250839 
 ----> high 222 1 0.75326 0.24674 
 ----> high 223 1 0.671012 0.328988 
 ----> high 224 0 0.62995 0.37005 
 ----> high 225 1 0.628403 0.371597 
 ----> high 226 1 0.696246 0.303754 
 ----> high 227 0 0.646884 0.353116 
 ----> high 228 0 0.726181 0.273819 
 ----> high 229 0 0.666219 0.333781 
 ----> high 230 0 0.788282 0.211718 
 ----> high 231 0 0.731839 0.268161 
 ----> high 232 1 0.639859 0.360141 
 ----> high 233 0 0.706734 0.293266 
 ----> high 234 0 0.695487 0.304513 
 ----> high 235 0 0.676608 0.323392 
 ----> high 236 1 0.674088 0.325912 
 ----> high 237 0 0.656694 0.343306 
 ----> high 238 0 0.721479 0.278521 
 ----> high 239 0 0.690497 0.309503 
 ----> high 240 0 0.73499 0.26501 
 ----> high 241 0 0.680224 0.319776 
 ----> high 242 1 0.656478 0.343522 
 ----> high 243 0 0.720496 0.279504 
 ----> high 244 1 0.647948 0.352052 
 ----> high 245 1 0.673158 0.326842 
 ----> high 246 1 0.686317 0.313683 
 ----> high 247 0 0.717209 0.282791 
 ----> high 248 0 0.680445 0.319555 
 ----> high 249 1 0.602252 0.397748 
 ----> high 250 0 0.709463 0.290537 
 ----> high 251 0 0.723817 0.276183 
 ----> high 252 0 0.678067 0.321933 
 ----> high 253 1 0.664839 0.335161 
 ----> high 254 0 0.728219 0.271781 
 ----> high 255 1 0.686619 0.313381 
 ----> high 256 1 0.680388 0.319612 
 ----> high 257 1 0.671023 0.328977 
 ----> high 258 0 0.720992 0.279008 
 ----> high 259 0 0.709961 0.290039 
 ----> high 260 1 0.607434 0.392566 
 ----> high 261 1 0.611011 0.388989 
 ----> high 262 1 0.69766 0.30234 
 ----> high 263 0 0.69015 0.30985 
 ----> high 264 1 0.653996 0.346004 
 ----> high 265 1 0.69025 0.30975 
 ----> high 266 0 0.738212 0.261788 
 ----> high 267 0 0.681877 0.318123 
 ----> high 268 0 0.711486 0.288514 
 ----> high 269 0 0.670407 0.329593 
 ----> high 270 0 0.727857 0.272143 
 ----> high 271 1 0.646296 0.353704 
 ----> high 272 0 0.731595 0.268405 
 ----> high 273 0 0.752477 0.247523 
 ----> high 274 0 0.710786 0.289214 
 ----> high 275 0 0.664342 0.335658 
 ----> high 276 1 0.711782 0.288218 
 ----> high 277 0 0.657365 0.342635 
 ----> high 278 0 0.640076 0.359924 
 ----> high 279 1 0.642852 0.357148 
 ----> high 280 1 0.669336 0.330664 
 ----> high 281 0 0.69967 0.30033 
 ----> high 282 1 0.67891 0.32109 
 ----> high 283 1 0.664332 0.335668 
 ----> high 284 0 0.712833 0.287167 
 ----> high 285 0 0.67109 0.32891 
 ----> high 286 0 0.673652 0.326348 
 ----> high 287 1 0.676786 0.323214 
 ----> high 288 0 0.72976 0.27024 
 ----> high 289 1 0.688339 0.311661 
 ----> high 290 0 0.653595 0.346405 
 ----> high 291 1 0.65449 0.34551 
 ----> high 292 1 0.671216 0.328784 
 ----> high 293 0 0.711651 0.288349 
 ----> high 294 1 0.711243 0.288757 
 ----> high 295 0 0.719494 0.280506 
 ----> high 296 1 0.604061 0.395939 
 ----> high 297 0 0.669525 0.330475 
 ----> high 298 1 0.701185 0.298815 
 ----> high 299 0 0.674665 0.325335 
 ----> high 300 0 0.736238 0.263762 
 ----> high 301 0 0.705426 0.294574 
 ----> high 302 0 0.719321 0.280679 
 ----> high 303 0 0.68492 0.31508 
 ----> high 304 0 0.712677 0.287323 
 ----> high 305 0 0.739107 0.260893 
 ----> high 306 0 0.744338 0.255662 
 ----> high 307 0 0.671489 0.328511 
 ----> high 308 0 0.660246 0.339754 
 ----> high 309 1 0.69959 0.30041 
 ----> high 310 1 0.651631 0.348369 
 ----> high 311 0 0.695175 0.304825 
 ----> high 312 0 0.702538 0.297462 
 ----> high 313 1 0.684402 0.315598 
 ----> high 314 0 0.722259 0.277741 
 ----> high 315 0 0.703356 0.296644 
 ----> high 316 0 0.684551 0.315449 
 ----> high 317 0 0.697685 0.302315 
 ----> high 318 0 0.687848 0.312152 
 ----> high 319 0 0.658136 0.341864 
 ----> high 320 0 0.671846 0.328154 
 ----> high 321 1 0.628654 0.371346 
 ----> high 322 0 0.719839 0.280161 
 ----> high 323 0 0.682641 0.317359 
 ----> high 324 0 0.706151 0.293849 
 ----> high 325 0 0.69806 0.30194 
 ----> high 326 0 0.682244 0.317756 
 ----> high 327 1 0.641291 0.358709 
 ----> high 328 0 0.708262 0.291738 
 ----> high 329 0 0.710611 0.289389 
 ----> high 330 0 0.692574 0.307426 
 ----> high 331 0 0.717664 0.282336 
 ----> high 332 0 0.697802 0.302198 
 ----> high 333 1 0.691878 0.308122 
 ----> high 334 1 0.693849 0.306151 
 ----> high 335 0 0.723442 0.276558 
 ----> high 336 1 0.686444 0.313556 
 ----> high 337 0 0.682067 0.317933 
 ----> high 338 0 0.720704 0.279296 
 ----> high 339 0 0.700252 0.299748 
 ----> high 340 1 0.67067 0.32933 
 ----> high 341 0 0.690712 0.309288 
 ----> high 342 1 0.663415 0.336585 
 ----> high 343 1 0.666163 0.333837 
 ----> high 344 0 0.6844 0.3156 
 ----> high 345 0 0.696871 0.303129 
 ----> high 346 1 0.66911 0.33089 
 ----> high 347 0 0.692995 0.307005 
 ----> high 348 0 0.680032 0.319968 
 ----> high 349 0 0.66077 0.33923 
 ----> high 350 1 0.666355 0.333645 
 ----> high 351 0 0.664912 0.335088 
 ----> high 352 0 0.734142 0.265858 
 ----> high 353 0 0.684188 0.315812 
 ----> high 354 0 0.697466 0.302534 
 ----> high 355 0 0.714253 0.285747 
 ----> high 356 0 0.699085 0.300915 
 ----> high 357 1 0.66212 0.33788 
 ----> high 358 0 0.687277 0.312723 
 ----> high 359 0 0.74635 0.25365 
 ----> high 360 0 0.678978 0.321022 
 ----> high 361 0 0.711675 0.288325 
 ----> high 362 0 0.675019 0.324981 
 ----> high 363 0 0.720598 0.279402 
 ----> high 364 0 0.70222 0.29778 
 ----> high 365 0 0.697057 0.302943 
 ----> high 366 1 0.731714 0.268286 
 ----> high 367 1 0.707093 0.292907 
 ----> high 368 0 0.704571 0.295429 
 ----> high 369 0 0.734679 0.265321 
 ----> high 370 0 0.685477 0.314523 
 ----> high 371 0 0.742119 0.257881 
 ----> high 372 0 0.671429 0.328571 
 ----> high 373 0 0.698971 0.301029 
 ----> high 374 0 0.692742 0.307258 
 ----> high 375 0 0.764351 0.235649 
 ----> high 376 0 0.681661 0.318339 
 ----> high 377 0 0.689231 0.310769 
 ----> high 378 0 0.755282 0.244718 
 ----> high 379 0 0.679474 0.320526 
 ----> high 380 0 0.701789 0.298211 
 ----> high 381 1 0.671312 0.328688 
 ----> high 382 0 0.681847 0.318153 
 ----> high 383 0 0.708271 0.291729 
 ----> high 384 0 0.694686 0.305314 
 ----> high 385 1 0.632546 0.367454 
 ----> high 386 0 0.735977 0.264023 
 ----> high 387 1 0.659427 0.340573 
 ----> high 388 1 0.674798 0.325202 
 ----> high 389 0 0.744295 0.255705 
 ----> high 390 0 0.702631 0.297369 
 ----> high 391 0 0.691275 0.308725 
 ----> high 392 0 0.691945 0.308055 
 ----> high 393 1 0.709256 0.290744 
 ----> high 394 1 0.703683 0.296317 
 ----> high 395 0 0.687199 0.312801 
 ----> high 396 0 0.665894 0.334106 
 ----> high 397 0 0.714216 0.285784 
 ----> high 398 1 0.647184 0.352816 
 ----> high 399 1 0.687273 0.312727 
 ----> high 400 1 0.683546 0.316454 
 ----> high 401 0 0.686693 0.313307 
 ----> high 402 1 0.658632 0.341368 
 ----> high 403 0 0.707499 0.292501 
 ----> high 404 0 0.730046 0.269954 
 ----> high 405 1 0.635405 0.364595 
 ----> high 406 1 0.661491 0.338509 
 ----> high 407 1 0.65257 0.34743 
 ----> high 408 0 0.655305 0.344695 
 ----> high 409 0 0.671906 0.328094 
 ----> high 410 0 0.688756 0.311244 
 ----> high 411 1 0.66264 0.33736 
 ----> high 412 0 0.672586 0.327414 
 ----> high 413 0 0.705458 0.294542 
 ----> high 414 0 0.6701 0.3299 
 ----> high 415 1 0.687647 0.312353 
 ----> high 416 0 0.676177 0.323823 
 ----> high 417 0 0.730796 0.269204 
 ----> high 418 1 0.705954 0.294046 
 ----> high 419 1 0.68698 0.31302 
 ----> high 420 0 0.713835 0.286165 
 ----> high 421 0 0.722761 0.277239 
 ----> high 422 0 0.708856 0.291144 
 ----> high 423 0 0.708878 0.291122 
 ----> high 424 0 0.713995 0.286005 
 ----> high 425 0 0.744194 0.255806 
 ----> high 426 1 0.713232 0.286768 
 ----> high 427 0 0.69812 0.30188 
 ----> high 428 0 0.707101 0.292899 
 ----> high 429 0 0.703558 0.296442 
 ----> high 430 0 0.729672 0.270328 
 ----> high 431 0 0.677517 0.322483 
 ----> high 432 0 0.701336 0.298664 
 ----> high 433 0 0.686286 0.313714 
 ----> high 434 0 0.692841 0.307159 
 ----> high 435 1 0.645128 0.354872 
 ----> high 436 0 0.758428 0.241572 
 ----> high 437 0 0.663092 0.336908 
 ----> high 438 1 0.690922 0.309078 
 ----> high 439 0 0.722081 0.277919 
 ----> high 440 1 0.664348 0.335652 
 ----> high 441 0 0.698021 0.301979 
 ----> high 442 0 0.688463 0.311537 
 ----> high 443 0 0.709003 0.290997 
 ----> high 444 0 0.707921 0.292079 
 ----> high 445 1 0.680891 0.319109 
 ----> high 446 0 0.723169 0.276831 
 ----> high 447 0 0.741111 0.258889 
 ----> high 448 0 0.703739 0.296261 
 ----> high 449 0 0.681383 0.318617 
 ----> high 450 0 0.706152 0.293848 
 ----> high 451 0 0.759502 0.240498 
 ----> high 452 0 0.66991 0.33009 
 ----> high 453 0 0.694552 0.305448 
 ----> high 454 0 0.677222 0.322778 
 ----> high 455 1 0.634035 0.365965 
 ----> high 456 0 0.621752 0.378248 
 ----> high 457 0 0.712532 0.287468 
 ----> high 458 1 0.666937 0.333063 
 ----> high 459 0 0.699168 0.300832 
 ----> high 460 0 0.69283 0.30717 
 ----> high 461 1 0.675737 0.324263 
 ----> high 462 0 0.718335 0.281665 
 ----> high 463 0 0.698643 0.301357 
 ----> high 464 0 0.680444 0.319556 
 ----> high 465 0 0.644907 0.355093 
 ----> high 466 0 0.725593 0.274407 
 ----> high 467 1 0.663519 0.336481 
 ----> high 468 0 0.685349 0.314651 
 ----> high 469 0 0.736339 0.263661 
 ----> high 470 1 0.640023 0.359977 
 ----> high 471 1 0.669751 0.330249 
 ----> high 472 0 0.686983 0.313017 
 ----> high 473 1 0.67143 0.32857 
 ----> high 474 1 0.665434 0.334566 
 ----> high 475 0 0.663498 0.336502 
 ----> high 476 0 0.696357 0.303643 
 ----> high 477 1 0.698443 0.301557 
 ----> high 478 0 0.688433 0.311567 
 ----> high 479 0 0.693628 0.306372 
 ----> high 480 0 0.68574 0.31426 
 ----> high 481 0 0.719223 0.280777 
 ----> high 482 0 0.693266 0.306734 
 ----> high 483 0 0.706144 0.293856 
 ----> high 484 0 0.697234 0.302766 
 ----> high 485 0 0.686318 0.313682 
 ----> high 486 0 0.715656 0.284344 
 ----> high 487 0 0.659573 0.340427 
 ----> high 488 1 0.661891 0.338109 
 ----> high 489 1 0.670761 0.329239 
 ----> high 490 0 0.749566 0.250434 
 ----> high 491 1 0.628908 0.371092 
 ----> high 492 0 0.704624 0.295376 
 ----> high 493 0 0.720691 0.279309 
 ----> high 494 0 0.697492 0.302508 
 ----> high 495 1 0.680801 0.319199 
 ----> high 496 1 0.664995 0.335005 
 ----> high 497 0 0.737155 0.262845 
 ----> high 498 0 0.692495 0.307505 
 ----> high 499 0 0.689319 0.310681 
 ----> high 500 1 0.669837 0.330163 
 ----> high 501 0 0.723904 0.276096 
 ----> high 502 0 0.687072 0.312928 
 ----> high 503 1 0.669495 0.330505 
 ----> high 504 0 0.721856 0.278144 
 ----> high 505 0 0.692312 0.307688 
 ----> high 506 0 0.707625 0.292375 
 ----> high 507 0 0.649883 0.350117 
 ----> high 508 1 0.693624 0.306376 
 ----> high 509 1 0.655314 0.344686 
 ----> high 510 0 0.681705 0.318295 
 ----> high 511 0 0.669934 0.330066 
 ----> high 512 0 0.648453 0.351547 
 ----> high 513 1 0.687692 0.312308 
 ----> high 514 1 0.688102 0.311898 
 ----> high 515 0 0.68597 0.31403 
 ----> high 516 0 0.697199 0.302801 
 ----> high 517 1 0.618969 0.381031 
 ----> high 518 1 0.694257 0.305743 
 ----> high 519 0 0.696201 0.303799 
 ----> high 520 1 0.659759 0.340241 
 ----> high 521 1 0.699551 0.300449 
 ----> high 522 0 0.720121 0.279879 
 ----> high 523 1 0.676646 0.323354 
 ----> high 524 0 0.748861 0.251139 
 ----> high 525 0 0.687435 0.312565 
 ----> high 526 0 0.744581 0.255419 
 ----> high 527 0 0.719979 0.280021 
 ----> high 528 0 0.726452 0.273548 
 ----> high 529 1 0.639834 0.360166 
 ----> high 530 0 0.739805 0.260195 
 ----> high 531 1 0.672006 0.327994 
 ----> high 532 0 0.70831 0.29169 
 ----> high 533 0 0.710109 0.289891 
 ----> high 534 0 0.692177 0.307823 
 ----> high 535 0 0.706318 0.293682 
 ----> high 536 0 0.717827 0.282173 
 ----> high 537 0 0.6709 0.3291 
 ----> high 538 0 0.696789 0.303211 
 ----> high 539 0 0.728887 0.271113 
 ----> high 540 0 0.674621 0.325379 
 ----> high 541 0 0.723369 0.276631 
 ----> high 542 1 0.703671 0.296329 
 ----> high 543 0 0.750361 0.249639 
 ----> high 544 0 0.694877 0.305123 
 ----> high 545 0 0.720127 0.279873 
 ----> high 546 0 0.708206 0.291794 
 ----> high 547 0 0.664334 0.335666 
 ----> high 548 0 0.694604 0.305396 
 ----> high 549 0 0.689616 0.310384 
 ----> high 550 0 0.713874 0.286126 
 ----> high 551 1 0.671531 0.328469 
 ----> high 552 0 0.738107 0.261893 
 ----> high 553 1 0.64284 0.35716 
 ----> high 554 0 0.698417 0.301583 
 ----> high 555 1 0.675827 0.324173 
 ----> high 556 0 0.683273 0.316727 
 ----> high 557 0 0.688415 0.311585 
 ----> high 558 1 0.658913 0.341087 
 ----> high 559 0 0.745392 0.254608 
 ----> high 560 0 0.677774 0.322226 
 ----> high 561 0 0.680983 0.319017 
 ----> high 562 0 0.729417 0.270583 
 ----> high 563 0 0.687561 0.312439 
 ----> high 564 0 0.7143 0.2857 
 ----> high 565 0 0.686815 0.313185 
 ----> high 566 0 0.701297 0.298703 
 ----> high 567 0 0.686461 0.313539 
 ----> high 568 0 0.753125 0.246875 
 ----> high 569 1 0.69744 0.30256 
 ----> high 570 0 0.711962 0.288038 
 ----> high 571 0 0.676537 0.323463 
 ----> high 572 1 0.676197 0.323803 
 ----> high 573 0 0.718376 0.281624 
 ----> high 574 0 0.663563 0.336437 
 ----> high 575 0 0.704691 0.295309 
 ----> high 576 1 0.65793 0.34207 
 ----> high 577 0 0.704024 0.295976 
 ----> high 578 0 0.679648 0.320352 
 ----> high 579 0 0.71006 0.28994 
 ----> high 580 1 0.675898 0.324102 
 ----> high 581 0 0.71052 0.28948 
 ----> high 582 0 0.721043 0.278957 
 ----> high 583 0 0.693923 0.306077 
 ----> high 584 1 0.65222 0.34778 
 ----> high 585 0 0.700355 0.299645 
 ----> high 586 0 0.6901 0.3099 
 ----> high 587 0 0.631679 0.368321 
 ----> high 588 0 0.695694 0.304306 
 ----> high 589 1 0.660647 0.339353 
 ----> high 590 0 0.704563 0.295437 
 ----> high 591 1 0.637143 0.362857 
 ----> high 592 1 0.677548 0.322452 
 ----> high 593 0 0.680925 0.319075 
 ----> high 594 0 0.750809 0.249191 
 ----> high 595 0 0.726799 0.273201 
 ----> high 596 0 0.701287 0.298713 
 ----> high 597 0 0.696375 0.303625 
 ----> high 598 0 0.692739 0.307261 
 ----> high 599 0 0.684975 0.315025 
 ----> high 600 0 0.695098 0.304902 
 ----> high 601 0 0.730505 0.269495 
 ----> high 602 1 0.653436 0.346564 
 ----> high 603 1 0.669225 0.330775 
 ----> high 604 0 0.678419 0.321581 
 ----> high 605 0 0.671062 0.328938 
 ----> high 606 0 0.723967 0.276033 
 ----> high 607 1 0.661372 0.338628 
 ----> high 608 1 0.690195 0.309805 
 ----> high 609 0 0.69561 0.30439 
 ----> high 610 0 0.75303 0.24697 
 ----> high 611 0 0.696706 0.303294 
 ----> high 612 0 0.708814 0.291186 
 ----> high 613 0 0.684458 0.315542 
 ----> high 614 0 0.7235 0.2765 
 ----> high 615 0 0.654344 0.345656 
 ----> high 616 0 0.685174 0.314826 
 ----> high 617 0 0.700405 0.299595 
 ----> high 618 0 0.668373 0.331627 
 ----> high 619 1 0.696889 0.303111 
 ----> high 620 1 0.696953 0.303047 
 ----> high 621 0 0.697483 0.302517 
 ----> high 622 1 0.677897 0.322103 
 ----> high 623 0 0.682138 0.317862 
 ----> high 624 0 0.718614 0.281386 
 ----> high 625 0 0.693346 0.306654 
 ----> high 626 0 0.728892 0.271108 
 ----> high 627 0 0.700629 0.299371 
 ----> high 628 0 0.70236 0.29764 
 ----> high 629 1 0.691036 0.308964 
 ----> high 630 0 0.6937 0.3063 
 ----> high 631 0 0.723264 0.276736 
 ----> high 632 1 0.695813 0.304187 
 ----> high 633 0 0.735442 0.264558 
 ----> high 634 1 0.686731 0.313269 
 ----> high 635 0 0.729893 0.270107 
 ----> high 636 1 0.693781 0.306219 
 ----> high 637 0 0.658448 0.341552 
 ----> high 638 0 0.726268 0.273732 
 ----> high 639 1 0.66811 0.33189 
 ----> high 640 1 0.709112 0.290888 
 ----> high 641 0 0.711897 0.288103 
 ----> high 642 0 0.716943 0.283057 
 ----> high 643 0 0.704368 0.295632 
 ----> high 644 0 0.656665 0.343335 
 ----> high 645 0 0.700206 0.299794 
 ----> high 646 0 0.703782 0.296218 
 ----> high 647 1 0.671977 0.328023 
 ----> high 648 0 0.700591 0.299409 
 ----> high 649 0 0.71617 0.28383 
 ----> high 650 0 0.682075 0.317925 
 ----> high 651 1 0.689353 0.310647 
 ----> high 652 0 0.669654 0.330346 
 ----> high 653 0 0.700576 0.299424 
 ----> high 654 1 0.673005 0.326995 
 ----> high 655 0 0.669413 0.330587 
 ----> high 656 0 0.693023 0.306977 
 ----> high 657 0 0.70831 0.29169 
 ----> high 658 0 0.683404 0.316596 
 ----> high 659 0 0.627645 0.372355 
 ----> high 660 0 0.694549 0.305451 
 ----> high 661 0 0.682368 0.317632 
 ----> high 662 0 0.724638 0.275362 
 ----> high 663 0 0.689544 0.310456 
 ----> high 664 1 0.631476 0.368524 
 ----> high 665 0 0.641082 0.358918 
 ----> high 666 0 0.701422 0.298578 
 ----> high 667 0 0.65335 0.34665 
 ----> high 668 0 0.729117 0.270883 
 ----> high 669 0 0.716836 0.283164 
 ----> high 670 0 0.706759 0.293241 
 ----> high 671 0 0.663415 0.336585 
 ----> high 672 0 0.681976 0.318024 
 ----> high 673 0 0.718228 0.281772 
 ----> high 674 1 0.657413 0.342587 
 ----> high 675 1 0.67658 0.32342 
 ----> high 676 0 0.713701 0.286299 
 ----> high 677 0 0.721647 0.278353 
 ----> high 678 1 0.652395 0.347605 
 ----> high 679 0 0.711769 0.288231 
 ----> high 680 1 0.69255 0.30745 
 ----> high 681 0 0.662424 0.337576 
 ----> high 682 0 0.718691 0.281309 
 ----> high 683 0 0.653203 0.346797 
 ----> high 684 0 0.708324 0.291676 
 ----> high 685 1 0.668835 0.331165 
 ----> high 686 0 0.706979 0.293021 
 ----> high 687 0 0.705257 0.294743 
 ----> high 688 0 0.704433 0.295567 
 ----> high 689 0 0.636221 0.363779 
 ----> high 690 1 0.690718 0.309282 
 ----> high 691 0 0.687679 0.312321 
 ----> high 692 0 0.715062 0.284938 
 ----> high 693 0 0.684175 0.315825 
 ----> high 694 0 0.709622 0.290378 
 ----> high 695 0 0.7009 0.2991 
 ----> high 696 0 0.673239 0.326761 
 ----> high 697 0 0.723218 0.276782 
 ----> high 698 0 0.693532 0.306468 
 ----> high 699 0 0.680308 0.319692 
 ----> high 700 1 0.702546 0.297454 
 ----> high 701 0 0.748027 0.251973 
 ----> high 702 0 0.705153 0.294847 
 ----> high 703 0 0.73366 0.26634 
 ----> high 704 0 0.712 0.288 
 ----> high 705 0 0.693466 0.306534 
 ----> high 706 0 0.727383 0.272617 
 ----> high 707 0 0.672441 0.327559 
 ----> high 708 0 0.719603 0.280397 
 ----> high 709 0 0.704626 0.295374 
 ----> high 710 0 0.69838 0.30162 
 ----> high 711 0 0.675626 0.324374 
 ----> high 712 0 0.70603 0.29397 
 ----> high 713 0 0.683524 0.316476 
 ----> high 714 1 0.739518 0.260482 
 ----> high 715 0 0.672192 0.327808 
 ----> high 716 1 0.676464 0.323536 
 ----> high 717 0 0.678158 0.321842 
 ----> high 718 0 0.719975 0.280025 
