 ----> high 1 0 0.716043 0.283957 
 ----> high 2 0 0.611432 0.388568 
 ----> high 3 1 0.705733 0.294267 
 ----> high 4 1 0.642063 0.357937 
 ----> high 5 0 0.674754 0.325246 
 ----> high 6 1 0.660558 0.339442 
 ----> high 7 0 0.667639 0.332361 
 ----> high 8 0 0.680216 0.319784 
 ----> high 9 0 0.697957 0.302043 
 ----> high 10 1 0.68083 0.31917 
 ----> high 11 1 0.648598 0.351402 
 ----> high 12 1 0.673862 0.326138 
 ----> high 13 0 0.666536 0.333464 
 ----> high 14 1 0.670476 0.329524 
 ----> high 15 0 0.665469 0.334531 
 ----> high 16 1 0.654549 0.345451 
 ----> high 17 1 0.657781 0.342219 
 ----> high 18 0 0.681867 0.318133 
 ----> high 19 0 0.661488 0.338512 
 ----> high 20 0 0.684307 0.315693 
 ----> high 21 1 0.667693 0.332307 
 ----> high 22 0 0.670083 0.329917 
 ----> high 23 0 0.677982 0.322018 
 ----> high 24 0 0.697174 0.302826 
 ----> high 25 0 0.680318 0.319682 
 ----> high 26 0 0.688634 0.311366 
 ----> high 27 1 0.656574 0.343426 
 ----> high 28 1 0.669988 0.330012 
 ----> high 29 0 0.673629 0.326371 
 ----> high 30 0 0.679301 0.320699 
 ----> high 31 1 0.65706 0.34294 
 ----> high 32 0 0.703572 0.296428 
 ----> high 33 0 0.688124 0.311876 
 ----> high 34 0 0.685043 0.314957 
 ----> high 35 1 0.671494 0.328506 
 ----> high 36 1 0.673771 0.326229 
 ----> high 37 0 0.6941 0.3059 
 ----> high 38 0 0.69722 0.30278 
 ----> high 39 0 0.682648 0.317352 
 ----> high 40 1 0.667485 0.332515 
 ----> high 41 1 0.672951 0.327049 
 ----> high 42 1 0.685611 0.314389 
 ----> high 43 0 0.679278 0.320722 
 ----> high 44 0 0.68899 0.31101 
 ----> high 45 1 0.660609 0.339391 
 ----> high 46 1 0.664399 0.335601 
 ----> high 47 0 0.689979 0.310021 
 ----> high 48 0 0.698453 0.301547 
 ----> high 49 1 0.672919 0.327081 
 ----> high 50 1 0.666511 0.333489 
 ----> high 51 1 0.66979 0.33021 
 ----> high 52 1 0.667051 0.332949 
 ----> high 53 1 0.655591 0.344409 
 ----> high 54 0 0.701173 0.298827 
 ----> high 55 0 0.681989 0.318011 
 ----> high 56 0 0.689486 0.310514 
 ----> high 57 1 0.639405 0.360595 
 ----> high 58 1 0.66078 0.33922 
 ----> high 59 1 0.679539 0.320461 
 ----> high 60 1 0.666837 0.333163 
 ----> high 61 0 0.686455 0.313545 
 ----> high 62 0 0.704116 0.295884 
 ----> high 63 1 0.661127 0.338873 
 ----> high 64 1 0.656027 0.343973 
 ----> high 65 0 0.700033 0.299967 
 ----> high 66 0 0.696101 0.303899 
 ----> high 67 0 0.714108 0.285892 
 ----> high 68 0 0.692088 0.307912 
 ----> high 69 0 0.687315 0.312685 
 ----> high 70 0 0.690054 0.309946 
 ----> high 71 1 0.650006 0.349994 
 ----> high 72 0 0.710185 0.289815 
 ----> high 73 0 0.709625 0.290375 
 ----> high 74 1 0.682047 0.317953 
 ----> high 75 0 0.703254 0.296746 
 ----> high 76 0 0.70514 0.29486 
 ----> high 77 0 0.694488 0.305512 
 ----> high 78 1 0.669124 0.330876 
 ----> high 79 0 0.688277 0.311723 
 ----> high 80 1 0.6462 0.3538 
 ----> high 81 1 0.652463 0.347537 
 ----> high 82 1 0.651695 0.348305 
 ----> high 83 1 0.669206 0.330794 
 ----> high 84 1 0.650405 0.349595 
 ----> high 85 0 0.665546 0.334454 
 ----> high 86 0 0.68507 0.31493 
 ----> high 87 0 0.68616 0.31384 
 ----> high 88 1 0.637554 0.362446 
 ----> high 89 1 0.660685 0.339315 
 ----> high 90 1 0.644277 0.355723 
 ----> high 91 0 0.709648 0.290352 
 ----> high 92 1 0.655853 0.344147 
 ----> high 93 0 0.689792 0.310208 
 ----> high 94 1 0.668141 0.331859 
 ----> high 95 0 0.681277 0.318723 
 ----> high 96 0 0.678437 0.321563 
 ----> high 97 0 0.716427 0.283573 
 ----> high 98 1 0.646433 0.353567 
 ----> high 99 1 0.659869 0.340131 
 ----> high 100 1 0.657313 0.342687 
 ----> high 101 1 0.673757 0.326243 
 ----> high 102 1 0.640789 0.359211 
 ----> high 103 0 0.684836 0.315164 
 ----> high 104 0 0.71662 0.28338 
 ----> high 105 0 0.713394 0.286606 
 ----> high 106 0 0.663141 0.336859 
 ----> high 107 0 0.713263 0.286737 
 ----> high 108 0 0.708192 0.291808 
 ----> high 109 0 0.720551 0.279449 
 ----> high 110 1 0.66025 0.33975 
 ----> high 111 0 0.687611 0.312389 
 ----> high 112 0 0.699638 0.300362 
 ----> high 113 0 0.695653 0.304347 
 ----> high 114 1 0.664035 0.335965 
 ----> high 115 0 0.697355 0.302645 
 ----> high 116 0 0.697997 0.302003 
 ----> high 117 0 0.691412 0.308588 
 ----> high 118 1 0.661191 0.338809 
 ----> high 119 1 0.675221 0.324779 
 ----> high 120 0 0.670277 0.329723 
 ----> high 121 1 0.660627 0.339373 
 ----> high 122 0 0.686963 0.313037 
 ----> high 123 1 0.648812 0.351188 
 ----> high 124 1 0.667551 0.332449 
 ----> high 125 0 0.703291 0.296709 
 ----> high 126 1 0.655149 0.344851 
 ----> high 127 0 0.695354 0.304646 
 ----> high 128 0 0.68819 0.31181 
 ----> high 129 0 0.707239 0.292761 
 ----> high 130 1 0.635242 0.364758 
 ----> high 131 0 0.702939 0.297061 
 ----> high 132 0 0.709379 0.290621 
 ----> high 133 1 0.662923 0.337077 
 ----> high 134 1 0.664165 0.335835 
 ----> high 135 1 0.658215 0.341785 
 ----> high 136 0 0.69294 0.30706 
 ----> high 137 1 0.651956 0.348044 
 ----> high 138 1 0.650496 0.349504 
 ----> high 139 0 0.682534 0.317466 
 ----> high 140 0 0.71492 0.28508 
 ----> high 141 1 0.655993 0.344007 
 ----> high 142 0 0.686922 0.313078 
 ----> high 143 0 0.701783 0.298217 
 ----> high 144 0 0.69046 0.30954 
 ----> high 145 0 0.702025 0.297975 
 ----> high 146 0 0.681627 0.318373 
 ----> high 147 0 0.708363 0.291637 
 ----> high 148 0 0.696673 0.303327 
 ----> high 149 0 0.688243 0.311757 
 ----> high 150 1 0.65333 0.34667 
 ----> high 151 1 0.673082 0.326918 
 ----> high 152 0 0.68332 0.31668 
 ----> high 153 0 0.709592 0.290408 
 ----> high 154 0 0.697747 0.302253 
 ----> high 155 0 0.722699 0.277301 
 ----> high 156 1 0.6495 0.3505 
 ----> high 157 1 0.667747 0.332253 
 ----> high 158 1 0.668126 0.331874 
 ----> high 159 0 0.697544 0.302456 
 ----> high 160 0 0.694287 0.305713 
 ----> high 161 0 0.696278 0.303722 
 ----> high 162 1 0.672588 0.327412 
 ----> high 163 1 0.676445 0.323555 
 ----> high 164 0 0.715794 0.284206 
 ----> high 165 1 0.628875 0.371125 
 ----> high 166 1 0.645731 0.354269 
 ----> high 167 0 0.686211 0.313789 
 ----> high 168 1 0.647133 0.352867 
 ----> high 169 0 0.698681 0.301319 
 ----> high 170 1 0.662175 0.337825 
 ----> high 171 1 0.659766 0.340234 
 ----> high 172 0 0.67691 0.32309 
 ----> high 173 1 0.625433 0.374567 
 ----> high 174 0 0.691227 0.308773 
 ----> high 175 1 0.653267 0.346733 
 ----> high 176 0 0.705398 0.294602 
 ----> high 177 0 0.691894 0.308106 
 ----> high 178 1 0.66358 0.33642 
 ----> high 179 1 0.631513 0.368487 
 ----> high 180 0 0.712749 0.287251 
 ----> high 181 0 0.703872 0.296128 
 ----> high 182 1 0.674013 0.325987 
 ----> high 183 0 0.696241 0.303759 
 ----> high 184 1 0.668749 0.331251 
 ----> high 185 1 0.657662 0.342338 
 ----> high 186 0 0.702259 0.297741 
 ----> high 187 0 0.697574 0.302426 
 ----> high 188 1 0.645131 0.354869 
 ----> high 189 1 0.664472 0.335528 
 ----> high 190 0 0.695984 0.304016 
 ----> high 191 0 0.70462 0.29538 
 ----> high 192 1 0.679753 0.320247 
 ----> high 193 0 0.694563 0.305437 
 ----> high 194 0 0.694169 0.305831 
 ----> high 195 0 0.690089 0.309911 
 ----> high 196 1 0.663393 0.336607 
 ----> high 197 0 0.675916 0.324084 
 ----> high 198 0 0.705408 0.294592 
 ----> high 199 0 0.68602 0.31398 
 ----> high 200 0 0.718178 0.281822 
 ----> high 201 0 0.695694 0.304306 
 ----> high 202 0 0.696697 0.303303 
 ----> high 203 0 0.696677 0.303323 
 ----> high 204 1 0.65848 0.34152 
 ----> high 205 0 0.699444 0.300556 
 ----> high 206 0 0.705096 0.294904 
 ----> high 207 1 0.653752 0.346248 
 ----> high 208 0 0.70031 0.29969 
 ----> high 209 0 0.706617 0.293383 
 ----> high 210 0 0.703886 0.296114 
 ----> high 211 0 0.697708 0.302292 
 ----> high 212 0 0.704834 0.295166 
 ----> high 213 0 0.704142 0.295858 
 ----> high 214 0 0.68397 0.31603 
 ----> high 215 0 0.710999 0.289001 
 ----> high 216 0 0.687083 0.312917 
 ----> high 217 0 0.701205 0.298795 
 ----> high 218 0 0.679839 0.320161 
 ----> high 219 0 0.694751 0.305249 
 ----> high 220 0 0.70249 0.29751 
 ----> high 221 0 0.727335 0.272665 
 ----> high 222 1 0.684453 0.315547 
 ----> high 223 1 0.615373 0.384627 
 ----> high 224 0 0.71145 0.28855 
 ----> high 225 1 0.672185 0.327815 
 ----> high 226 1 0.642747 0.357253 
 ----> high 227 0 0.688927 0.311073 
 ----> high 228 0 0.723994 0.276006 
 ----> high 229 0 0.690847 0.309153 
 ----> high 230 0 0.695463 0.304537 
 ----> high 231 0 0.696602 0.303398 
 ----> high 232 1 0.672646 0.327354 
 ----> high 233 0 0.692033 0.307967 
 ----> high 234 0 0.699318 0.300682 
 ----> high 235 0 0.697256 0.302744 
 ----> high 236 1 0.654804 0.345196 
 ----> high 237 0 0.669218 0.330782 
 ----> high 238 0 0.702393 0.297607 
 ----> high 239 0 0.689856 0.310144 
 ----> high 240 0 0.697252 0.302748 
 ----> high 241 0 0.7051 0.2949 
 ----> high 242 1 0.656124 0.343876 
 ----> high 243 0 0.70432 0.29568 
 ----> high 244 1 0.680077 0.319923 
 ----> high 245 1 0.682377 0.317623 
 ----> high 246 1 0.673727 0.326273 
 ----> high 247 0 0.705171 0.294829 
 ----> high 248 0 0.701841 0.298159 
 ----> high 249 1 0.633463 0.366537 
 ----> high 250 0 0.713029 0.286971 
 ----> high 251 0 0.717719 0.282281 
 ----> high 252 0 0.693856 0.306144 
 ----> high 253 1 0.669093 0.330907 
 ----> high 254 0 0.693895 0.306105 
 ----> high 255 1 0.688812 0.311188 
 ----> high 256 1 0.657472 0.342528 
 ----> high 257 1 0.667574 0.332426 
 ----> high 258 0 0.698891 0.301109 
 ----> high 259 0 0.702113 0.297887 
 ----> high 260 1 0.669861 0.330139 
 ----> high 261 1 0.649334 0.350666 
 ----> high 262 1 0.665603 0.334397 
 ----> high 263 0 0.713857 0.286143 
 ----> high 264 1 0.67887 0.32113 
 ----> high 265 1 0.663019 0.336981 
 ----> high 266 0 0.691177 0.308823 
 ----> high 267 0 0.693358 0.306642 
 ----> high 268 0 0.69509 0.30491 
 ----> high 269 0 0.699226 0.300774 
 ----> high 270 0 0.694826 0.305174 
 ----> high 271 1 0.648829 0.351171 
 ----> high 272 0 0.698717 0.301283 
 ----> high 273 0 0.706202 0.293798 
 ----> high 274 0 0.712124 0.287876 
 ----> high 275 0 0.675277 0.324723 
 ----> high 276 1 0.673092 0.326908 
 ----> high 277 0 0.690916 0.309084 
 ----> high 278 0 0.709327 0.290673 
 ----> high 279 1 0.652719 0.347281 
 ----> high 280 1 0.668691 0.331309 
 ----> high 281 0 0.700516 0.299484 
 ----> high 282 1 0.669346 0.330654 
 ----> high 283 1 0.645009 0.354991 
 ----> high 284 0 0.703087 0.296913 
 ----> high 285 0 0.702006 0.297994 
 ----> high 286 0 0.712198 0.287802 
 ----> high 287 1 0.654278 0.345722 
 ----> high 288 0 0.708523 0.291477 
 ----> high 289 1 0.661467 0.338533 
 ----> high 290 0 0.678661 0.321339 
 ----> high 291 1 0.652466 0.347534 
 ----> high 292 1 0.654588 0.345412 
 ----> high 293 0 0.71151 0.28849 
 ----> high 294 1 0.655664 0.344336 
 ----> high 295 0 0.689618 0.310382 
 ----> high 296 1 0.656184 0.343816 
 ----> high 297 0 0.700696 0.299304 
 ----> high 298 1 0.668255 0.331745 
 ----> high 299 0 0.692795 0.307205 
 ----> high 300 0 0.674069 0.325931 
 ----> high 301 0 0.710488 0.289512 
 ----> high 302 0 0.700666 0.299334 
 ----> high 303 0 0.688336 0.311664 
 ----> high 304 0 0.700407 0.299593 
 ----> high 305 0 0.702474 0.297526 
 ----> high 306 0 0.695696 0.304304 
 ----> high 307 0 0.710579 0.289421 
 ----> high 308 0 0.701638 0.298362 
 ----> high 309 1 0.682015 0.317985 
 ----> high 310 1 0.659266 0.340734 
 ----> high 311 0 0.69597 0.30403 
 ----> high 312 0 0.705819 0.294181 
 ----> high 313 1 0.660806 0.339194 
 ----> high 314 0 0.70679 0.29321 
 ----> high 315 0 0.721125 0.278875 
 ----> high 316 0 0.716221 0.283779 
 ----> high 317 0 0.68615 0.31385 
 ----> high 318 0 0.683663 0.316337 
 ----> high 319 0 0.700112 0.299888 
 ----> high 320 0 0.696239 0.303761 
 ----> high 321 1 0.661596 0.338404 
 ----> high 322 0 0.71431 0.28569 
 ----> high 323 0 0.70925 0.29075 
 ----> high 324 0 0.701878 0.298122 
 ----> high 325 0 0.722453 0.277547 
 ----> high 326 0 0.690264 0.309736 
 ----> high 327 1 0.666958 0.333042 
 ----> high 328 0 0.700775 0.299225 
 ----> high 329 0 0.702186 0.297814 
 ----> high 330 0 0.696981 0.303019 
 ----> high 331 0 0.716232 0.283768 
 ----> high 332 0 0.702988 0.297012 
 ----> high 333 1 0.673205 0.326795 
 ----> high 334 1 0.653152 0.346848 
 ----> high 335 0 0.713658 0.286342 
 ----> high 336 1 0.663563 0.336437 
 ----> high 337 0 0.70176 0.29824 
 ----> high 338 0 0.693505 0.306495 
 ----> high 339 0 0.682348 0.317652 
 ----> high 340 1 0.660514 0.339486 
 ----> high 341 0 0.697377 0.302623 
 ----> high 342 1 0.665716 0.334284 
 ----> high 343 1 0.678523 0.321477 
 ----> high 344 0 0.698959 0.301041 
 ----> high 345 0 0.696074 0.303926 
 ----> high 346 1 0.677155 0.322845 
 ----> high 347 0 0.713214 0.286786 
 ----> high 348 0 0.689743 0.310257 
 ----> high 349 0 0.710049 0.289951 
 ----> high 350 1 0.657821 0.342179 
 ----> high 351 0 0.688744 0.311256 
 ----> high 352 0 0.68916 0.31084 
 ----> high 353 0 0.715092 0.284908 
 ----> high 354 0 0.690676 0.309324 
 ----> high 355 0 0.706984 0.293016 
 ----> high 356 0 0.699195 0.300805 
 ----> high 357 1 0.686618 0.313382 
 ----> high 358 0 0.679097 0.320903 
 ----> high 359 0 0.720525 0.279475 
 ----> high 360 0 0.699587 0.300413 
 ----> high 361 0 0.705007 0.294993 
 ----> high 362 0 0.694531 0.305469 
 ----> high 363 0 0.702668 0.297332 
 ----> high 364 0 0.716539 0.283461 
 ----> high 365 0 0.704842 0.295158 
 ----> high 366 1 0.684463 0.315537 
 ----> high 367 1 0.666926 0.333074 
 ----> high 368 0 0.704075 0.295925 
 ----> high 369 0 0.717273 0.282727 
 ----> high 370 0 0.702559 0.297441 
 ----> high 371 0 0.713846 0.286154 
 ----> high 372 0 0.697893 0.302107 
 ----> high 373 0 0.705061 0.294939 
 ----> high 374 0 0.711075 0.288925 
 ----> high 375 0 0.715798 0.284202 
 ----> high 376 0 0.69423 0.30577 
 ----> high 377 0 0.70939 0.29061 
 ----> high 378 0 0.717251 0.282749 
 ----> high 379 0 0.685636 0.314364 
 ----> high 380 0 0.723225 0.276775 
 ----> high 381 1 0.672227 0.327773 
 ----> high 382 0 0.712994 0.287006 
 ----> high 383 0 0.70739 0.29261 
 ----> high 384 0 0.698804 0.301196 
 ----> high 385 1 0.681169 0.318831 
 ----> high 386 0 0.712582 0.287418 
 ----> high 387 1 0.673307 0.326693 
 ----> high 388 1 0.66068 0.33932 
 ----> high 389 0 0.715626 0.284374 
 ----> high 390 0 0.685618 0.314382 
 ----> high 391 0 0.714905 0.285095 
 ----> high 392 0 0.705355 0.294645 
 ----> high 393 1 0.686577 0.313423 
 ----> high 394 1 0.680635 0.319365 
 ----> high 395 0 0.709143 0.290857 
 ----> high 396 0 0.687189 0.312811 
 ----> high 397 0 0.700331 0.299669 
 ----> high 398 1 0.649745 0.350255 
 ----> high 399 1 0.665088 0.334912 
 ----> high 400 1 0.66504 0.33496 
 ----> high 401 0 0.721041 0.278959 
 ----> high 402 1 0.66117 0.33883 
 ----> high 403 0 0.683066 0.316934 
 ----> high 404 0 0.701076 0.298924 
 ----> high 405 1 0.671947 0.328053 
 ----> high 406 1 0.687899 0.312101 
 ----> high 407 1 0.661386 0.338614 
 ----> high 408 0 0.713832 0.286168 
 ----> high 409 0 0.706753 0.293247 
 ----> high 410 0 0.691562 0.308438 
 ----> high 411 1 0.684882 0.315118 
 ----> high 412 0 0.704098 0.295902 
 ----> high 413 0 0.707503 0.292497 
 ----> high 414 0 0.695163 0.304837 
 ----> high 415 1 0.670009 0.329991 
 ----> high 416 0 0.702469 0.297531 
 ----> high 417 0 0.71463 0.28537 
 ----> high 418 1 0.66832 0.33168 
 ----> high 419 1 0.653686 0.346314 
 ----> high 420 0 0.704543 0.295457 
 ----> high 421 0 0.711381 0.288619 
 ----> high 422 0 0.700699 0.299301 
 ----> high 423 0 0.701586 0.298414 
 ----> high 424 0 0.699462 0.300538 
 ----> high 425 0 0.711564 0.288436 
 ----> high 426 1 0.686215 0.313785 
 ----> high 427 0 0.688166 0.311834 
 ----> high 428 0 0.709287 0.290713 
 ----> high 429 0 0.711545 0.288455 
 ----> high 430 0 0.704071 0.295929 
 ----> high 431 0 0.693953 0.306047 
 ----> high 432 0 0.720651 0.279349 
 ----> high 433 0 0.706284 0.293716 
 ----> high 434 0 0.715578 0.284422 
 ----> high 435 1 0.67881 0.32119 
 ----> high 436 0 0.70664 0.29336 
 ----> high 437 0 0.70135 0.29865 
 ----> high 438 1 0.667391 0.332609 
 ----> high 439 0 0.700546 0.299454 
 ----> high 440 1 0.684756 0.315244 
 ----> high 441 0 0.713916 0.286084 
 ----> high 442 0 0.713136 0.286864 
 ----> high 443 0 0.710375 0.289625 
 ----> high 444 0 0.714842 0.285158 
 ----> high 445 1 0.665871 0.334129 
 ----> high 446 0 0.708362 0.291638 
 ----> high 447 0 0.719599 0.280401 
 ----> high 448 0 0.715367 0.284633 
 ----> high 449 0 0.705597 0.294403 
 ----> high 450 0 0.702059 0.297941 
 ----> high 451 0 0.722138 0.277862 
 ----> high 452 0 0.716069 0.283931 
 ----> high 453 0 0.700072 0.299928 
 ----> high 454 0 0.714128 0.285872 
 ----> high 455 1 0.65471 0.34529 
 ----> high 456 0 0.715194 0.284806 
 ----> high 457 0 0.720772 0.279228 
 ----> high 458 1 0.676437 0.323563 
 ----> high 459 0 0.695022 0.304978 
 ----> high 460 0 0.712088 0.287912 
 ----> high 461 1 0.668482 0.331518 
 ----> high 462 0 0.718387 0.281613 
 ----> high 463 0 0.721738 0.278262 
 ----> high 464 0 0.711234 0.288766 
 ----> high 465 0 0.694499 0.305501 
 ----> high 466 0 0.710943 0.289057 
 ----> high 467 1 0.666513 0.333487 
 ----> high 468 0 0.70212 0.29788 
 ----> high 469 0 0.713988 0.286012 
 ----> high 470 1 0.686382 0.313618 
 ----> high 471 1 0.673281 0.326719 
 ----> high 472 0 0.711589 0.288411 
 ----> high 473 1 0.684643 0.315357 
 ----> high 474 1 0.670303 0.329697 
 ----> high 475 0 0.708108 0.291892 
 ----> high 476 0 0.700423 0.299577 
 ----> high 477 1 0.693062 0.306938 
 ----> high 478 0 0.714434 0.285566 
 ----> high 479 0 0.699004 0.300996 
 ----> high 480 0 0.691796 0.308204 
 ----> high 481 0 0.687378 0.312622 
 ----> high 482 0 0.70646 0.29354 
 ----> high 483 0 0.682367 0.317633 
 ----> high 484 0 0.704121 0.295879 
 ----> high 485 0 0.69888 0.30112 
 ----> high 486 0 0.70791 0.29209 
 ----> high 487 0 0.700065 0.299935 
 ----> high 488 1 0.668773 0.331227 
 ----> high 489 1 0.65666 0.34334 
 ----> high 490 0 0.720281 0.279719 
 ----> high 491 1 0.664612 0.335388 
 ----> high 492 0 0.699205 0.300795 
 ----> high 493 0 0.695188 0.304812 
 ----> high 494 0 0.713169 0.286831 
 ----> high 495 1 0.679946 0.320054 
 ----> high 496 1 0.684134 0.315866 
 ----> high 497 0 0.709488 0.290512 
 ----> high 498 0 0.704626 0.295374 
 ----> high 499 0 0.700414 0.299586 
 ----> high 500 1 0.675723 0.324277 
 ----> high 501 0 0.707677 0.292323 
 ----> high 502 0 0.709334 0.290666 
 ----> high 503 1 0.668921 0.331079 
 ----> high 504 0 0.705163 0.294837 
 ----> high 505 0 0.710553 0.289447 
 ----> high 506 0 0.715513 0.284487 
 ----> high 507 0 0.698557 0.301443 
 ----> high 508 1 0.668281 0.331719 
 ----> high 509 1 0.668834 0.331166 
 ----> high 510 0 0.719234 0.280766 
 ----> high 511 0 0.715552 0.284448 
 ----> high 512 0 0.702147 0.297853 
 ----> high 513 1 0.662877 0.337123 
 ----> high 514 1 0.655718 0.344282 
 ----> high 515 0 0.707721 0.292279 
 ----> high 516 0 0.71661 0.28339 
 ----> high 517 1 0.678947 0.321053 
 ----> high 518 1 0.650927 0.349073 
 ----> high 519 0 0.695747 0.304253 
 ----> high 520 1 0.658623 0.341377 
 ----> high 521 1 0.665893 0.334107 
 ----> high 522 0 0.70956 0.29044 
 ----> high 523 1 0.667555 0.332445 
 ----> high 524 0 0.689688 0.310312 
 ----> high 525 0 0.694133 0.305867 
 ----> high 526 0 0.700903 0.299097 
 ----> high 527 0 0.70144 0.29856 
 ----> high 528 0 0.706108 0.293892 
 ----> high 529 1 0.664352 0.335648 
 ----> high 530 0 0.709069 0.290931 
 ----> high 531 1 0.672409 0.327591 
 ----> high 532 0 0.6897 0.3103 
 ----> high 533 0 0.700658 0.299342 
 ----> high 534 0 0.710222 0.289778 
 ----> high 535 0 0.700454 0.299546 
 ----> high 536 0 0.683181 0.316819 
 ----> high 537 0 0.713425 0.286575 
 ----> high 538 0 0.719547 0.280453 
 ----> high 539 0 0.720564 0.279436 
 ----> high 540 0 0.696995 0.303005 
 ----> high 541 0 0.718239 0.281761 
 ----> high 542 1 0.67208 0.32792 
 ----> high 543 0 0.696943 0.303057 
 ----> high 544 0 0.704929 0.295071 
 ----> high 545 0 0.707367 0.292633 
 ----> high 546 0 0.697903 0.302097 
 ----> high 547 0 0.689367 0.310633 
 ----> high 548 0 0.711219 0.288781 
 ----> high 549 0 0.702396 0.297604 
 ----> high 550 0 0.699864 0.300136 
 ----> high 551 1 0.670365 0.329635 
 ----> high 552 0 0.703578 0.296422 
 ----> high 553 1 0.667138 0.332862 
 ----> high 554 0 0.69952 0.30048 
 ----> high 555 1 0.662831 0.337169 
 ----> high 556 0 0.704239 0.295761 
 ----> high 557 0 0.705389 0.294611 
 ----> high 558 1 0.661642 0.338358 
 ----> high 559 0 0.699215 0.300785 
 ----> high 560 0 0.687438 0.312562 
 ----> high 561 0 0.722826 0.277174 
 ----> high 562 0 0.699623 0.300377 
 ----> high 563 0 0.684696 0.315304 
 ----> high 564 0 0.703721 0.296279 
 ----> high 565 0 0.707129 0.292871 
 ----> high 566 0 0.727569 0.272431 
 ----> high 567 0 0.706295 0.293705 
 ----> high 568 0 0.710997 0.289003 
 ----> high 569 1 0.675248 0.324752 
 ----> high 570 0 0.67513 0.32487 
 ----> high 571 0 0.728072 0.271928 
 ----> high 572 1 0.68654 0.31346 
 ----> high 573 0 0.708159 0.291841 
 ----> high 574 0 0.689822 0.310178 
 ----> high 575 0 0.697355 0.302645 
 ----> high 576 1 0.683925 0.316075 
 ----> high 577 0 0.696547 0.303453 
 ----> high 578 0 0.711244 0.288756 
 ----> high 579 0 0.700505 0.299495 
 ----> high 580 1 0.672987 0.327013 
 ----> high 581 0 0.692611 0.307389 
 ----> high 582 0 0.702579 0.297421 
 ----> high 583 0 0.707216 0.292784 
 ----> high 584 1 0.674244 0.325756 
 ----> high 585 0 0.710674 0.289326 
 ----> high 586 0 0.721093 0.278907 
 ----> high 587 0 0.697605 0.302395 
 ----> high 588 0 0.70721 0.29279 
 ----> high 589 1 0.666836 0.333164 
 ----> high 590 0 0.688214 0.311786 
 ----> high 591 1 0.65685 0.34315 
 ----> high 592 1 0.667816 0.332184 
 ----> high 593 0 0.689464 0.310536 
 ----> high 594 0 0.706242 0.293758 
 ----> high 595 0 0.70827 0.29173 
 ----> high 596 0 0.71315 0.28685 
 ----> high 597 0 0.705928 0.294072 
 ----> high 598 0 0.712101 0.287899 
 ----> high 599 0 0.712935 0.287065 
 ----> high 600 0 0.701271 0.298729 
 ----> high 601 0 0.704311 0.295689 
 ----> high 602 1 0.660856 0.339144 
 ----> high 603 1 0.662123 0.337877 
 ----> high 604 0 0.702592 0.297408 
 ----> high 605 0 0.693877 0.306123 
 ----> high 606 0 0.708842 0.291158 
 ----> high 607 1 0.699149 0.300851 
 ----> high 608 1 0.678146 0.321854 
 ----> high 609 0 0.7186 0.2814 
 ----> high 610 0 0.693184 0.306816 
 ----> high 611 0 0.699352 0.300648 
 ----> high 612 0 0.70521 0.29479 
 ----> high 613 0 0.717889 0.282111 
 ----> high 614 0 0.700252 0.299748 
 ----> high 615 0 0.707717 0.292283 
 ----> high 616 0 0.713345 0.286655 
 ----> high 617 0 0.711448 0.288552 
 ----> high 618 0 0.711108 0.288892 
 ----> high 619 1 0.688065 0.311935 
 ----> high 620 1 0.666449 0.333551 
 ----> high 621 0 0.711408 0.288592 
 ----> high 622 1 0.692072 0.307928 
 ----> high 623 0 0.696428 0.303572 
 ----> high 624 0 0.700917 0.299083 
 ----> high 625 0 0.706925 0.293075 
 ----> high 626 0 0.718652 0.281348 
 ----> high 627 0 0.725057 0.274943 
 ----> high 628 0 0.711118 0.288882 
 ----> high 629 1 0.66915 0.33085 
 ----> high 630 0 0.715716 0.284284 
 ----> high 631 0 0.714625 0.285375 
 ----> high 632 1 0.678941 0.321059 
 ----> high 633 0 0.729707 0.270293 
 ----> high 634 1 0.669763 0.330237 
 ----> high 635 0 0.713082 0.286918 
 ----> high 636 1 0.672001 0.327999 
 ----> high 637 0 0.683071 0.316929 
 ----> high 638 0 0.718212 0.281788 
 ----> high 639 1 0.69172 0.30828 
 ----> high 640 1 0.66842 0.33158 
 ----> high 641 0 0.696573 0.303427 
 ----> high 642 0 0.697853 0.302147 
 ----> high 643 0 0.697653 0.302347 
 ----> high 644 0 0.700793 0.299207 
 ----> high 645 0 0.714789 0.285211 
 ----> high 646 0 0.717963 0.282037 
 ----> high 647 1 0.66163 0.33837 
 ----> high 648 0 0.704832 0.295168 
 ----> high 649 0 0.70912 0.29088 
 ----> high 650 0 0.699098 0.300902 
 ----> high 651 1 0.685877 0.314123 
 ----> high 652 0 0.693353 0.306647 
 ----> high 653 0 0.713131 0.286869 
 ----> high 654 1 0.679541 0.320459 
 ----> high 655 0 0.68358 0.31642 
 ----> high 656 0 0.701177 0.298823 
 ----> high 657 0 0.720546 0.279454 
 ----> high 658 0 0.70599 0.29401 
 ----> high 659 0 0.695009 0.304991 
 ----> high 660 0 0.732555 0.267445 
 ----> high 661 0 0.70414 0.29586 
 ----> high 662 0 0.704765 0.295235 
 ----> high 663 0 0.693796 0.306204 
 ----> high 664 1 0.658121 0.341879 
 ----> high 665 0 0.697923 0.302077 
 ----> high 666 0 0.714854 0.285146 
 ----> high 667 0 0.709738 0.290262 
 ----> high 668 0 0.694928 0.305072 
 ----> high 669 0 0.701779 0.298221 
 ----> high 670 0 0.715501 0.284499 
 ----> high 671 0 0.702955 0.297045 
 ----> high 672 0 0.701573 0.298427 
 ----> high 673 0 0.717047 0.282953 
 ----> high 674 1 0.683238 0.316762 
 ----> high 675 1 0.656598 0.343402 
 ----> high 676 0 0.703244 0.296756 
 ----> high 677 0 0.703829 0.296171 
 ----> high 678 1 0.667533 0.332467 
 ----> high 679 0 0.711742 0.288258 
 ----> high 680 1 0.670452 0.329548 
 ----> high 681 0 0.687745 0.312255 
 ----> high 682 0 0.721175 0.278825 
 ----> high 683 0 0.690149 0.309851 
 ----> high 684 0 0.684588 0.315412 
 ----> high 685 1 0.666605 0.333395 
 ----> high 686 0 0.701657 0.298343 
 ----> high 687 0 0.697053 0.302947 
 ----> high 688 0 0.695725 0.304275 
 ----> high 689 0 0.701724 0.298276 
 ----> high 690 1 0.676584 0.323416 
 ----> high 691 0 0.720817 0.279183 
 ----> high 692 0 0.702853 0.297147 
 ----> high 693 0 0.683037 0.316963 
 ----> high 694 0 0.702127 0.297873 
 ----> high 695 0 0.707554 0.292446 
 ----> high 696 0 0.709942 0.290058 
 ----> high 697 0 0.714829 0.285171 
 ----> high 698 0 0.709398 0.290602 
 ----> high 699 0 0.68736 0.31264 
 ----> high 700 1 0.684181 0.315819 
 ----> high 701 0 0.713316 0.286684 
 ----> high 702 0 0.714409 0.285591 
 ----> high 703 0 0.691564 0.308436 
 ----> high 704 0 0.711342 0.288658 
 ----> high 705 0 0.716354 0.283646 
 ----> high 706 0 0.711983 0.288017 
 ----> high 707 0 0.706908 0.293092 
 ----> high 708 0 0.706787 0.293213 
 ----> high 709 0 0.709627 0.290373 
 ----> high 710 0 0.712699 0.287301 
 ----> high 711 0 0.688503 0.311497 
 ----> high 712 0 0.705317 0.294683 
 ----> high 713 0 0.702511 0.297489 
 ----> high 714 1 0.701752 0.298248 
 ----> high 715 0 0.706812 0.293188 
 ----> high 716 1 0.705006 0.294994 
 ----> high 717 0 0.705223 0.294777 
 ----> high 718 0 0.717242 0.282758 
