 ----> high 1 0 0 0 
 ----> high 2 0 0 0 
 ----> high 3 1 0 0 
 ----> high 4 1 0 0 
 ----> high 5 0 0.738408 0.261592 
 ----> high 6 1 0.698723 0.301277 
 ----> high 7 0 0.705947 0.294053 
 ----> high 8 0 0.677363 0.322637 
 ----> high 9 0 0.719145 0.280855 
 ----> high 10 1 0.723133 0.276867 
 ----> high 11 1 0.711027 0.288973 
 ----> high 12 1 0.731447 0.268553 
 ----> high 13 0 0.689627 0.310373 
 ----> high 14 1 0.674184 0.325816 
 ----> high 15 0 0.666979 0.333021 
 ----> high 16 1 0.697286 0.302714 
 ----> high 17 1 0.683572 0.316428 
 ----> high 18 0 0.700273 0.299727 
 ----> high 19 0 0.690559 0.309441 
 ----> high 20 0 0.674475 0.325525 
 ----> high 21 1 0.673543 0.326457 
 ----> high 22 0 0.667909 0.332091 
 ----> high 23 0 0.677094 0.322906 
 ----> high 24 0 0.726898 0.273102 
 ----> high 25 0 0.649885 0.350115 
 ----> high 26 0 0.701726 0.298274 
 ----> high 27 1 0.65339 0.34661 
 ----> high 28 1 0.669603 0.330397 
 ----> high 29 0 0.700557 0.299443 
 ----> high 30 0 0.726295 0.273705 
 ----> high 31 1 0.68911 0.31089 
 ----> high 32 0 0.690372 0.309628 
 ----> high 33 0 0.69533 0.30467 
 ----> high 34 0 0.696115 0.303885 
 ----> high 35 1 0.673506 0.326494 
 ----> high 36 1 0.679007 0.320993 
 ----> high 37 0 0.693362 0.306638 
 ----> high 38 0 0.665947 0.334053 
 ----> high 39 0 0.681647 0.318353 
 ----> high 40 1 0.673854 0.326146 
 ----> high 41 1 0.662954 0.337046 
 ----> high 42 1 0.702113 0.297887 
 ----> high 43 0 0.660602 0.339398 
 ----> high 44 0 0.705992 0.294008 
 ----> high 45 1 0.723217 0.276783 
 ----> high 46 1 0.6885 0.3115 
 ----> high 47 0 0.689643 0.310357 
 ----> high 48 0 0.684194 0.315806 
 ----> high 49 1 0.687805 0.312195 
 ----> high 50 1 0.680184 0.319816 
 ----> high 51 1 0.703851 0.296149 
 ----> high 52 1 0.662849 0.337151 
 ----> high 53 1 0.699758 0.300242 
 ----> high 54 0 0.669746 0.330254 
 ----> high 55 0 0.677971 0.322029 
 ----> high 56 0 0.668037 0.331963 
 ----> high 57 1 0.658509 0.341491 
 ----> high 58 1 0.695747 0.304253 
 ----> high 59 1 0.672117 0.327883 
 ----> high 60 1 0.682348 0.317652 
 ----> high 61 0 0.689265 0.310735 
 ----> high 62 0 0.6943 0.3057 
 ----> high 63 1 0.683281 0.316719 
 ----> high 64 1 0.661115 0.338885 
 ----> high 65 0 0.728784 0.271216 
 ----> high 66 0 0.698495 0.301505 
 ----> high 67 0 0.704294 0.295706 
 ----> high 68 0 0.663431 0.336569 
 ----> high 69 0 0.686442 0.313558 
 ----> high 70 0 0.679877 0.320123 
 ----> high 71 1 0.646876 0.353124 
 ----> high 72 0 0.69187 0.30813 
 ----> high 73 0 0.714565 0.285435 
 ----> high 74 1 0.706255 0.293745 
 ----> high 75 0 0.699303 0.300697 
 ----> high 76 0 0.705918 0.294082 
 ----> high 77 0 0.718936 0.281064 
 ----> high 78 1 0.678197 0.321803 
 ----> high 79 0 0.685506 0.314494 
 ----> high 80 1 0.670254 0.329746 
 ----> high 81 1 0.676406 0.323594 
 ----> high 82 1 0.667073 0.332927 
 ----> high 83 1 0.690868 0.309132 
 ----> high 84 1 0.686641 0.313359 
 ----> high 85 0 0.658189 0.341811 
 ----> high 86 0 0.691711 0.308289 
 ----> high 87 0 0.734437 0.265563 
 ----> high 88 1 0.600812 0.399188 
 ----> high 89 1 0.685297 0.314703 
 ----> high 90 1 0.68435 0.31565 
 ----> high 91 0 0.707091 0.292909 
 ----> high 92 1 0.686539 0.313461 
 ----> high 93 0 0.720863 0.279137 
 ----> high 94 1 0.650658 0.349342 
 ----> high 95 0 0.697007 0.302993 
 ----> high 96 0 0.721 0.279 
 ----> high 97 0 0.728144 0.271856 
 ----> high 98 1 0.66243 0.33757 
 ----> high 99 1 0.675293 0.324707 
 ----> high 100 1 0.682628 0.317372 
 ----> high 101 1 0.677713 0.322287 
 ----> high 102 1 0.655941 0.344059 
 ----> high 103 0 0.751572 0.248428 
 ----> high 104 0 0.742356 0.257644 
 ----> high 105 0 0.724872 0.275128 
 ----> high 106 0 0.700608 0.299392 
 ----> high 107 0 0.703475 0.296525 
 ----> high 108 0 0.676371 0.323629 
 ----> high 109 0 0.721288 0.278712 
 ----> high 110 1 0.680133 0.319867 
 ----> high 111 0 0.683744 0.316256 
 ----> high 112 0 0.703661 0.296339 
 ----> high 113 0 0.699007 0.300993 
 ----> high 114 1 0.657588 0.342412 
 ----> high 115 0 0.712179 0.287821 
 ----> high 116 0 0.679006 0.320994 
 ----> high 117 0 0.712547 0.287453 
 ----> high 118 1 0.683438 0.316562 
 ----> high 119 1 0.692662 0.307338 
 ----> high 120 0 0.698723 0.301277 
 ----> high 121 1 0.677146 0.322854 
 ----> high 122 0 0.713913 0.286087 
 ----> high 123 1 0.665135 0.334865 
 ----> high 124 1 0.665309 0.334691 
 ----> high 125 0 0.694236 0.305764 
 ----> high 126 1 0.678451 0.321549 
 ----> high 127 0 0.695481 0.304519 
 ----> high 128 0 0.750616 0.249384 
 ----> high 129 0 0.698365 0.301635 
 ----> high 130 1 0.599185 0.400815 
 ----> high 131 0 0.712199 0.287801 
 ----> high 132 0 0.716047 0.283953 
 ----> high 133 1 0.697998 0.302002 
 ----> high 134 1 0.671165 0.328835 
 ----> high 135 1 0.655923 0.344077 
 ----> high 136 0 0.662316 0.337684 
 ----> high 137 1 0.672388 0.327612 
 ----> high 138 1 0.686073 0.313927 
 ----> high 139 0 0.664576 0.335424 
 ----> high 140 0 0.693285 0.306715 
 ----> high 141 1 0.705077 0.294923 
 ----> high 142 0 0.678446 0.321554 
 ----> high 143 0 0.744018 0.255982 
 ----> high 144 0 0.691569 0.308431 
 ----> high 145 0 0.692562 0.307438 
 ----> high 146 0 0.676806 0.323194 
 ----> high 147 0 0.725535 0.274465 
 ----> high 148 0 0.676086 0.323914 
 ----> high 149 0 0.723095 0.276905 
 ----> high 150 1 0.669114 0.330886 
 ----> high 151 1 0.666584 0.333416 
 ----> high 152 0 0.715988 0.284012 
 ----> high 153 0 0.734146 0.265854 
 ----> high 154 0 0.700337 0.299663 
 ----> high 155 0 0.741895 0.258105 
 ----> high 156 1 0.673758 0.326242 
 ----> high 157 1 0.678039 0.321961 
 ----> high 158 1 0.685618 0.314382 
 ----> high 159 0 0.669643 0.330357 
 ----> high 160 0 0.71941 0.28059 
 ----> high 161 0 0.734136 0.265864 
 ----> high 162 1 0.637756 0.362244 
 ----> high 163 1 0.689689 0.310311 
 ----> high 164 0 0.703129 0.296871 
 ----> high 165 1 0.684591 0.315409 
 ----> high 166 1 0.672336 0.327664 
 ----> high 167 0 0.732632 0.267368 
 ----> high 168 1 0.665576 0.334424 
 ----> high 169 0 0.743822 0.256178 
 ----> high 170 1 0.689572 0.310428 
 ----> high 171 1 0.671643 0.328357 
 ----> high 172 0 0.703221 0.296779 
 ----> high 173 1 0.645311 0.354689 
 ----> high 174 0 0.712543 0.287457 
 ----> high 175 1 0.677736 0.322264 
 ----> high 176 0 0.736837 0.263163 
 ----> high 177 0 0.704004 0.295996 
 ----> high 178 1 0.689461 0.310539 
 ----> high 179 1 0.646777 0.353223 
 ----> high 180 0 0.695258 0.304742 
 ----> high 181 0 0.697162 0.302838 
 ----> high 182 1 0.675173 0.324827 
 ----> high 183 0 0.698665 0.301335 
 ----> high 184 1 0.678562 0.321438 
 ----> high 185 1 0.679802 0.320198 
 ----> high 186 0 0.717947 0.282053 
 ----> high 187 0 0.742096 0.257904 
 ----> high 188 1 0.653812 0.346188 
 ----> high 189 1 0.674566 0.325434 
 ----> high 190 0 0.726317 0.273683 
 ----> high 191 0 0.689279 0.310721 
 ----> high 192 1 0.680152 0.319848 
 ----> high 193 0 0.700097 0.299903 
 ----> high 194 0 0.694288 0.305712 
 ----> high 195 0 0.688467 0.311533 
 ----> high 196 1 0.701773 0.298227 
 ----> high 197 0 0.662036 0.337964 
 ----> high 198 0 0.733322 0.266678 
 ----> high 199 0 0.745835 0.254165 
 ----> high 200 0 0.767883 0.232117 
 ----> high 201 0 0.699056 0.300944 
 ----> high 202 0 0.694261 0.305739 
 ----> high 203 0 0.67562 0.32438 
 ----> high 204 1 0.705169 0.294831 
 ----> high 205 0 0.699201 0.300799 
 ----> high 206 0 0.689377 0.310623 
 ----> high 207 1 0.688441 0.311559 
 ----> high 208 0 0.724622 0.275378 
 ----> high 209 0 0.75431 0.24569 
 ----> high 210 0 0.688653 0.311347 
 ----> high 211 0 0.679019 0.320981 
 ----> high 212 0 0.685038 0.314962 
 ----> high 213 0 0.697104 0.302896 
 ----> high 214 0 0.670672 0.329328 
 ----> high 215 0 0.758501 0.241499 
 ----> high 216 0 0.7081 0.2919 
 ----> high 217 0 0.690898 0.309102 
 ----> high 218 0 0.710852 0.289148 
 ----> high 219 0 0.780745 0.219255 
 ----> high 220 0 0.731858 0.268142 
 ----> high 221 0 0.761789 0.238211 
 ----> high 222 1 0.696789 0.303211 
 ----> high 223 1 0.672226 0.327774 
 ----> high 224 0 0.701178 0.298822 
 ----> high 225 1 0.666687 0.333313 
 ----> high 226 1 0.680447 0.319553 
 ----> high 227 0 0.669095 0.330905 
 ----> high 228 0 0.708409 0.291591 
 ----> high 229 0 0.686678 0.313322 
 ----> high 230 0 0.701852 0.298148 
 ----> high 231 0 0.685869 0.314131 
 ----> high 232 1 0.687035 0.312965 
 ----> high 233 0 0.688536 0.311464 
 ----> high 234 0 0.686953 0.313047 
 ----> high 235 0 0.700471 0.299529 
 ----> high 236 1 0.650023 0.349977 
 ----> high 237 0 0.71012 0.28988 
 ----> high 238 0 0.713609 0.286391 
 ----> high 239 0 0.684026 0.315974 
 ----> high 240 0 0.724796 0.275204 
 ----> high 241 0 0.706378 0.293622 
 ----> high 242 1 0.635919 0.364081 
 ----> high 243 0 0.734335 0.265665 
 ----> high 244 1 0.649573 0.350427 
 ----> high 245 1 0.68542 0.31458 
 ----> high 246 1 0.708676 0.291324 
 ----> high 247 0 0.718058 0.281942 
 ----> high 248 0 0.725629 0.274371 
 ----> high 249 1 0.623349 0.376651 
 ----> high 250 0 0.734299 0.265701 
 ----> high 251 0 0.716455 0.283545 
 ----> high 252 0 0.667737 0.332263 
 ----> high 253 1 0.668734 0.331266 
 ----> high 254 0 0.704042 0.295958 
 ----> high 255 1 0.670479 0.329521 
 ----> high 256 1 0.644633 0.355367 
 ----> high 257 1 0.682021 0.317979 
 ----> high 258 0 0.674163 0.325837 
 ----> high 259 0 0.719088 0.280912 
 ----> high 260 1 0.68671 0.31329 
 ----> high 261 1 0.680134 0.319866 
 ----> high 262 1 0.670526 0.329474 
 ----> high 263 0 0.721076 0.278924 
 ----> high 264 1 0.675141 0.324859 
 ----> high 265 1 0.699582 0.300418 
 ----> high 266 0 0.678397 0.321603 
 ----> high 267 0 0.700742 0.299258 
 ----> high 268 0 0.656398 0.343602 
 ----> high 269 0 0.713203 0.286797 
 ----> high 270 0 0.680056 0.319944 
 ----> high 271 1 0.656832 0.343168 
 ----> high 272 0 0.696063 0.303937 
 ----> high 273 0 0.704817 0.295183 
 ----> high 274 0 0.705468 0.294532 
 ----> high 275 0 0.668551 0.331449 
 ----> high 276 1 0.673724 0.326276 
 ----> high 277 0 0.704191 0.295809 
 ----> high 278 0 0.692104 0.307896 
 ----> high 279 1 0.654205 0.345795 
 ----> high 280 1 0.643149 0.356851 
 ----> high 281 0 0.721523 0.278477 
 ----> high 282 1 0.650801 0.349199 
 ----> high 283 1 0.682234 0.317766 
 ----> high 284 0 0.68002 0.31998 
 ----> high 285 0 0.720672 0.279328 
 ----> high 286 0 0.682596 0.317404 
 ----> high 287 1 0.665702 0.334298 
 ----> high 288 0 0.752416 0.247584 
 ----> high 289 1 0.686545 0.313455 
 ----> high 290 0 0.707838 0.292162 
 ----> high 291 1 0.663889 0.336111 
 ----> high 292 1 0.678172 0.321828 
 ----> high 293 0 0.676515 0.323485 
 ----> high 294 1 0.650065 0.349935 
 ----> high 295 0 0.683079 0.316921 
 ----> high 296 1 0.666768 0.333232 
 ----> high 297 0 0.710236 0.289764 
 ----> high 298 1 0.600296 0.399704 
 ----> high 299 0 0.721037 0.278963 
 ----> high 300 0 0.682579 0.317421 
 ----> high 301 0 0.741775 0.258225 
 ----> high 302 0 0.661502 0.338498 
 ----> high 303 0 0.692283 0.307717 
 ----> high 304 0 0.713208 0.286792 
 ----> high 305 0 0.696128 0.303872 
 ----> high 306 0 0.709665 0.290335 
 ----> high 307 0 0.664869 0.335131 
 ----> high 308 0 0.684652 0.315348 
 ----> high 309 1 0.684742 0.315258 
 ----> high 310 1 0.694771 0.305229 
 ----> high 311 0 0.732435 0.267565 
 ----> high 312 0 0.69402 0.30598 
 ----> high 313 1 0.673097 0.326903 
 ----> high 314 0 0.686508 0.313492 
 ----> high 315 0 0.688408 0.311592 
 ----> high 316 0 0.698191 0.301809 
 ----> high 317 0 0.679946 0.320054 
 ----> high 318 0 0.692589 0.307411 
 ----> high 319 0 0.708425 0.291575 
 ----> high 320 0 0.683051 0.316949 
 ----> high 321 1 0.642018 0.357982 
 ----> high 322 0 0.764455 0.235545 
 ----> high 323 0 0.680966 0.319034 
 ----> high 324 0 0.708735 0.291265 
 ----> high 325 0 0.688362 0.311638 
 ----> high 326 0 0.704027 0.295973 
 ----> high 327 1 0.672008 0.327992 
 ----> high 328 0 0.684962 0.315038 
 ----> high 329 0 0.738229 0.261771 
 ----> high 330 0 0.675733 0.324267 
 ----> high 331 0 0.660242 0.339758 
 ----> high 332 0 0.699059 0.300941 
 ----> high 333 1 0.659678 0.340322 
 ----> high 334 1 0.678509 0.321491 
 ----> high 335 0 0.693559 0.306441 
 ----> high 336 1 0.697498 0.302502 
 ----> high 337 0 0.712583 0.287417 
 ----> high 338 0 0.643492 0.356508 
 ----> high 339 0 0.705756 0.294244 
 ----> high 340 1 0.67631 0.32369 
 ----> high 341 0 0.680917 0.319083 
 ----> high 342 1 0.667568 0.332432 
 ----> high 343 1 0.661424 0.338576 
 ----> high 344 0 0.703351 0.296649 
 ----> high 345 0 0.680696 0.319304 
 ----> high 346 1 0.64268 0.35732 
 ----> high 347 0 0.706808 0.293192 
 ----> high 348 0 0.687252 0.312748 
 ----> high 349 0 0.74942 0.25058 
 ----> high 350 1 0.660465 0.339535 
 ----> high 351 0 0.666181 0.333819 
 ----> high 352 0 0.67762 0.32238 
 ----> high 353 0 0.735399 0.264601 
 ----> high 354 0 0.689949 0.310051 
 ----> high 355 0 0.694557 0.305443 
 ----> high 356 0 0.706656 0.293344 
 ----> high 357 1 0.6829 0.3171 
 ----> high 358 0 0.668691 0.331309 
 ----> high 359 0 0.70998 0.29002 
 ----> high 360 0 0.6976 0.3024 
 ----> high 361 0 0.714541 0.285459 
 ----> high 362 0 0.670099 0.329901 
 ----> high 363 0 0.713303 0.286697 
 ----> high 364 0 0.692151 0.307849 
 ----> high 365 0 0.665489 0.334511 
 ----> high 366 1 0.744886 0.255114 
 ----> high 367 1 0.691016 0.308984 
 ----> high 368 0 0.681379 0.318621 
 ----> high 369 0 0.726627 0.273373 
 ----> high 370 0 0.676245 0.323755 
 ----> high 371 0 0.72733 0.27267 
 ----> high 372 0 0.704002 0.295998 
 ----> high 373 0 0.733148 0.266852 
 ----> high 374 0 0.734753 0.265247 
 ----> high 375 0 0.741817 0.258183 
 ----> high 376 0 0.68218 0.31782 
 ----> high 377 0 0.693828 0.306172 
 ----> high 378 0 0.697422 0.302578 
 ----> high 379 0 0.69411 0.30589 
 ----> high 380 0 0.771988 0.228012 
 ----> high 381 1 0.648959 0.351041 
 ----> high 382 0 0.715254 0.284746 
 ----> high 383 0 0.698881 0.301119 
 ----> high 384 0 0.65046 0.34954 
 ----> high 385 1 0.669505 0.330495 
 ----> high 386 0 0.767221 0.232779 
 ----> high 387 1 0.653511 0.346489 
 ----> high 388 1 0.636791 0.363209 
 ----> high 389 0 0.724544 0.275456 
 ----> high 390 0 0.752075 0.247925 
 ----> high 391 0 0.76371 0.23629 
 ----> high 392 0 0.689324 0.310676 
 ----> high 393 1 0.697286 0.302714 
 ----> high 394 1 0.649414 0.350586 
 ----> high 395 0 0.679196 0.320804 
 ----> high 396 0 0.680823 0.319177 
 ----> high 397 0 0.692686 0.307314 
 ----> high 398 1 0.673391 0.326609 
 ----> high 399 1 0.679586 0.320414 
 ----> high 400 1 0.674289 0.325711 
 ----> high 401 0 0.712444 0.287556 
 ----> high 402 1 0.675795 0.324205 
 ----> high 403 0 0.667625 0.332375 
 ----> high 404 0 0.724552 0.275448 
 ----> high 405 1 0.687368 0.312632 
 ----> high 406 1 0.687059 0.312941 
 ----> high 407 1 0.683445 0.316555 
 ----> high 408 0 0.721205 0.278795 
 ----> high 409 0 0.672411 0.327589 
 ----> high 410 0 0.699864 0.300136 
 ----> high 411 1 0.673297 0.326703 
 ----> high 412 0 0.682686 0.317314 
 ----> high 413 0 0.684798 0.315202 
 ----> high 414 0 0.721209 0.278791 
 ----> high 415 1 0.695969 0.304031 
 ----> high 416 0 0.718775 0.281225 
 ----> high 417 0 0.698947 0.301053 
 ----> high 418 1 0.68789 0.31211 
 ----> high 419 1 0.689692 0.310308 
 ----> high 420 0 0.678419 0.321581 
 ----> high 421 0 0.684172 0.315828 
 ----> high 422 0 0.675288 0.324712 
 ----> high 423 0 0.693042 0.306958 
 ----> high 424 0 0.728464 0.271536 
 ----> high 425 0 0.687851 0.312149 
 ----> high 426 1 0.61284 0.38716 
 ----> high 427 0 0.701588 0.298412 
 ----> high 428 0 0.674801 0.325199 
 ----> high 429 0 0.693412 0.306588 
 ----> high 430 0 0.678204 0.321796 
 ----> high 431 0 0.646427 0.353573 
 ----> high 432 0 0.748422 0.251578 
 ----> high 433 0 0.685204 0.314796 
 ----> high 434 0 0.742164 0.257836 
 ----> high 435 1 0.660851 0.339149 
 ----> high 436 0 0.72054 0.27946 
 ----> high 437 0 0.646879 0.353121 
 ----> high 438 1 0.710939 0.289061 
 ----> high 439 0 0.712603 0.287397 
 ----> high 440 1 0.727032 0.272968 
 ----> high 441 0 0.694224 0.305776 
 ----> high 442 0 0.747606 0.252394 
 ----> high 443 0 0.701879 0.298121 
 ----> high 444 0 0.701175 0.298825 
 ----> high 445 1 0.567826 0.432174 
 ----> high 446 0 0.731611 0.268389 
 ----> high 447 0 0.721458 0.278542 
 ----> high 448 0 0.760524 0.239476 
 ----> high 449 0 0.726267 0.273733 
 ----> high 450 0 0.63997 0.36003 
 ----> high 451 0 0.727768 0.272232 
 ----> high 452 0 0.729399 0.270601 
 ----> high 453 0 0.657475 0.342525 
 ----> high 454 0 0.689237 0.310763 
 ----> high 455 1 0.690955 0.309045 
 ----> high 456 0 0.720283 0.279717 
 ----> high 457 0 0.736054 0.263946 
 ----> high 458 1 0.636175 0.363825 
 ----> high 459 0 0.690837 0.309163 
 ----> high 460 0 0.706002 0.293998 
 ----> high 461 1 0.681993 0.318007 
 ----> high 462 0 0.7546 0.2454 
 ----> high 463 0 0.740665 0.259335 
 ----> high 464 0 0.645652 0.354348 
 ----> high 465 0 0.703069 0.296931 
 ----> high 466 0 0.697918 0.302082 
 ----> high 467 1 0.619964 0.380036 
 ----> high 468 0 0.722721 0.277279 
 ----> high 469 0 0.653311 0.346689 
 ----> high 470 1 0.688335 0.311665 
 ----> high 471 1 0.690242 0.309758 
 ----> high 472 0 0.708327 0.291673 
 ----> high 473 1 0.670714 0.329286 
 ----> high 474 1 0.671903 0.328097 
 ----> high 475 0 0.702513 0.297487 
 ----> high 476 0 0.663293 0.336707 
 ----> high 477 1 0.688327 0.311673 
 ----> high 478 0 0.710275 0.289725 
 ----> high 479 0 0.677585 0.322415 
 ----> high 480 0 0.684697 0.315303 
 ----> high 481 0 0.694644 0.305356 
 ----> high 482 0 0.681428 0.318572 
 ----> high 483 0 0.647433 0.352567 
 ----> high 484 0 0.702781 0.297219 
 ----> high 485 0 0.700955 0.299045 
 ----> high 486 0 0.691901 0.308099 
 ----> high 487 0 0.692476 0.307524 
 ----> high 488 1 0.687645 0.312355 
 ----> high 489 1 0.624341 0.375659 
 ----> high 490 0 0.752787 0.247213 
 ----> high 491 1 0.662011 0.337989 
 ----> high 492 0 0.70381 0.29619 
 ----> high 493 0 0.66777 0.33223 
 ----> high 494 0 0.711933 0.288067 
 ----> high 495 1 0.660209 0.339791 
 ----> high 496 1 0.673493 0.326507 
 ----> high 497 0 0.69098 0.30902 
 ----> high 498 0 0.690201 0.309799 
 ----> high 499 0 0.666311 0.333689 
 ----> high 500 1 0.689043 0.310957 
 ----> high 501 0 0.685251 0.314749 
 ----> high 502 0 0.726617 0.273383 
 ----> high 503 1 0.656218 0.343782 
 ----> high 504 0 0.720645 0.279355 
 ----> high 505 0 0.682138 0.317862 
 ----> high 506 0 0.698335 0.301665 
 ----> high 507 0 0.696023 0.303977 
 ----> high 508 1 0.675697 0.324303 
 ----> high 509 1 0.644049 0.355951 
 ----> high 510 0 0.694426 0.305574 
 ----> high 511 0 0.696805 0.303195 
 ----> high 512 0 0.667621 0.332379 
 ----> high 513 1 0.693709 0.306291 
 ----> high 514 1 0.636574 0.363426 
 ----> high 515 0 0.710401 0.289599 
 ----> high 516 0 0.678267 0.321733 
 ----> high 517 1 0.676952 0.323048 
 ----> high 518 1 0.624845 0.375155 
 ----> high 519 0 0.73163 0.26837 
 ----> high 520 1 0.705982 0.294018 
 ----> high 521 1 0.68478 0.31522 
 ----> high 522 0 0.658342 0.341658 
 ----> high 523 1 0.686432 0.313568 
 ----> high 524 0 0.682242 0.317758 
 ----> high 525 0 0.698771 0.301229 
 ----> high 526 0 0.711697 0.288303 
 ----> high 527 0 0.653138 0.346862 
 ----> high 528 0 0.681742 0.318258 
 ----> high 529 1 0.664112 0.335888 
 ----> high 530 0 0.719095 0.280905 
 ----> high 531 1 0.684128 0.315872 
 ----> high 532 0 0.677746 0.322254 
 ----> high 533 0 0.69878 0.30122 
 ----> high 534 0 0.69173 0.30827 
 ----> high 535 0 0.69913 0.30087 
 ----> high 536 0 0.689709 0.310291 
 ----> high 537 0 0.725479 0.274521 
 ----> high 538 0 0.686424 0.313576 
 ----> high 539 0 0.723118 0.276882 
 ----> high 540 0 0.698385 0.301615 
 ----> high 541 0 0.698984 0.301016 
 ----> high 542 1 0.68081 0.31919 
 ----> high 543 0 0.693475 0.306525 
 ----> high 544 0 0.71163 0.28837 
 ----> high 545 0 0.733496 0.266504 
 ----> high 546 0 0.694038 0.305962 
 ----> high 547 0 0.698887 0.301113 
 ----> high 548 0 0.676812 0.323188 
 ----> high 549 0 0.697788 0.302212 
 ----> high 550 0 0.68883 0.31117 
 ----> high 551 1 0.679191 0.320809 
 ----> high 552 0 0.702563 0.297437 
 ----> high 553 1 0.692185 0.307815 
 ----> high 554 0 0.722416 0.277584 
 ----> high 555 1 0.653651 0.346349 
 ----> high 556 0 0.705868 0.294132 
 ----> high 557 0 0.719324 0.280676 
 ----> high 558 1 0.628878 0.371122 
 ----> high 559 0 0.699531 0.300469 
 ----> high 560 0 0.657568 0.342432 
 ----> high 561 0 0.737055 0.262945 
 ----> high 562 0 0.691979 0.308021 
 ----> high 563 0 0.672379 0.327621 
 ----> high 564 0 0.722355 0.277645 
 ----> high 565 0 0.722838 0.277162 
 ----> high 566 0 0.71649 0.28351 
 ----> high 567 0 0.689786 0.310214 
 ----> high 568 0 0.686106 0.313894 
 ----> high 569 1 0.670644 0.329356 
 ----> high 570 0 0.687537 0.312463 
 ----> high 571 0 0.754748 0.245252 
 ----> high 572 1 0.654876 0.345124 
 ----> high 573 0 0.714076 0.285924 
 ----> high 574 0 0.651503 0.348497 
 ----> high 575 0 0.696579 0.303421 
 ----> high 576 1 0.696991 0.303009 
 ----> high 577 0 0.639345 0.360655 
 ----> high 578 0 0.68975 0.31025 
 ----> high 579 0 0.682358 0.317642 
 ----> high 580 1 0.667623 0.332377 
 ----> high 581 0 0.69604 0.30396 
 ----> high 582 0 0.698384 0.301616 
 ----> high 583 0 0.730059 0.269941 
 ----> high 584 1 0.679184 0.320816 
 ----> high 585 0 0.72257 0.27743 
 ----> high 586 0 0.691404 0.308596 
 ----> high 587 0 0.696713 0.303287 
 ----> high 588 0 0.714823 0.285177 
 ----> high 589 1 0.587955 0.412045 
 ----> high 590 0 0.752911 0.247089 
 ----> high 591 1 0.652352 0.347648 
 ----> high 592 1 0.710524 0.289476 
 ----> high 593 0 0.664787 0.335213 
 ----> high 594 0 0.680998 0.319002 
 ----> high 595 0 0.72384 0.27616 
 ----> high 596 0 0.728954 0.271046 
 ----> high 597 0 0.74933 0.25067 
 ----> high 598 0 0.731896 0.268104 
 ----> high 599 0 0.692103 0.307897 
 ----> high 600 0 0.707089 0.292911 
 ----> high 601 0 0.668814 0.331186 
 ----> high 602 1 0.650962 0.349038 
 ----> high 603 1 0.685176 0.314824 
 ----> high 604 0 0.725912 0.274088 
 ----> high 605 0 0.703815 0.296185 
 ----> high 606 0 0.713291 0.286709 
 ----> high 607 1 0.698779 0.301221 
 ----> high 608 1 0.64162 0.35838 
 ----> high 609 0 0.7027 0.2973 
 ----> high 610 0 0.68316 0.31684 
 ----> high 611 0 0.681776 0.318224 
 ----> high 612 0 0.693207 0.306793 
 ----> high 613 0 0.702405 0.297595 
 ----> high 614 0 0.689113 0.310887 
 ----> high 615 0 0.718005 0.281995 
 ----> high 616 0 0.722954 0.277046 
 ----> high 617 0 0.691942 0.308058 
 ----> high 618 0 0.707499 0.292501 
 ----> high 619 1 0.710943 0.289057 
 ----> high 620 1 0.665079 0.334921 
 ----> high 621 0 0.722084 0.277916 
 ----> high 622 1 0.660009 0.339991 
 ----> high 623 0 0.662106 0.337894 
 ----> high 624 0 0.732927 0.267073 
 ----> high 625 0 0.716811 0.283189 
 ----> high 626 0 0.789018 0.210982 
 ----> high 627 0 0.734559 0.265441 
 ----> high 628 0 0.659715 0.340285 
 ----> high 629 1 0.694841 0.305159 
 ----> high 630 0 0.672136 0.327864 
 ----> high 631 0 0.685534 0.314466 
 ----> high 632 1 0.640523 0.359477 
 ----> high 633 0 0.697517 0.302483 
 ----> high 634 1 0.682028 0.317972 
 ----> high 635 0 0.708869 0.291131 
 ----> high 636 1 0.648347 0.351653 
 ----> high 637 0 0.701573 0.298427 
 ----> high 638 0 0.70148 0.29852 
 ----> high 639 1 0.680765 0.319235 
 ----> high 640 1 0.71006 0.28994 
 ----> high 641 0 0.683483 0.316517 
 ----> high 642 0 0.714341 0.285659 
 ----> high 643 0 0.695428 0.304572 
 ----> high 644 0 0.652058 0.347942 
 ----> high 645 0 0.733262 0.266738 
 ----> high 646 0 0.715046 0.284954 
 ----> high 647 1 0.676199 0.323801 
 ----> high 648 0 0.749363 0.250637 
 ----> high 649 0 0.704157 0.295843 
 ----> high 650 0 0.68403 0.31597 
 ----> high 651 1 0.652292 0.347708 
 ----> high 652 0 0.684429 0.315571 
 ----> high 653 0 0.675859 0.324141 
 ----> high 654 1 0.669826 0.330174 
 ----> high 655 0 0.723062 0.276938 
 ----> high 656 0 0.651248 0.348752 
 ----> high 657 0 0.7246 0.2754 
 ----> high 658 0 0.644585 0.355415 
 ----> high 659 0 0.68505 0.31495 
 ----> high 660 0 0.726579 0.273421 
 ----> high 661 0 0.686543 0.313457 
 ----> high 662 0 0.693142 0.306858 
 ----> high 663 0 0.637926 0.362074 
 ----> high 664 1 0.674278 0.325722 
 ----> high 665 0 0.700604 0.299396 
 ----> high 666 0 0.669032 0.330968 
 ----> high 667 0 0.705756 0.294244 
 ----> high 668 0 0.645118 0.354882 
 ----> high 669 0 0.678813 0.321187 
 ----> high 670 0 0.700677 0.299323 
 ----> high 671 0 0.700188 0.299812 
 ----> high 672 0 0.714876 0.285124 
 ----> high 673 0 0.718583 0.281417 
 ----> high 674 1 0.673411 0.326589 
 ----> high 675 1 0.689682 0.310318 
 ----> high 676 0 0.689568 0.310432 
 ----> high 677 0 0.703356 0.296644 
 ----> high 678 1 0.708462 0.291538 
 ----> high 679 0 0.685433 0.314567 
 ----> high 680 1 0.646036 0.353964 
 ----> high 681 0 0.701249 0.298751 
 ----> high 682 0 0.73773 0.26227 
 ----> high 683 0 0.656151 0.343849 
 ----> high 684 0 0.686226 0.313774 
 ----> high 685 1 0.710528 0.289472 
 ----> high 686 0 0.709987 0.290013 
 ----> high 687 0 0.699219 0.300781 
 ----> high 688 0 0.689746 0.310254 
 ----> high 689 0 0.701261 0.298739 
 ----> high 690 1 0.671242 0.328758 
 ----> high 691 0 0.717577 0.282423 
 ----> high 692 0 0.758676 0.241324 
 ----> high 693 0 0.738516 0.261484 
 ----> high 694 0 0.738173 0.261827 
 ----> high 695 0 0.683253 0.316747 
 ----> high 696 0 0.683481 0.316519 
 ----> high 697 0 0.703709 0.296291 
 ----> high 698 0 0.702683 0.297317 
 ----> high 699 0 0.703287 0.296713 
 ----> high 700 1 0.639254 0.360746 
 ----> high 701 0 0.702858 0.297142 
 ----> high 702 0 0.684563 0.315437 
 ----> high 703 0 0.638105 0.361895 
 ----> high 704 0 0.632844 0.367156 
 ----> high 705 0 0.732076 0.267924 
 ----> high 706 0 0.710181 0.289819 
 ----> high 707 0 0.671184 0.328816 
 ----> high 708 0 0.687256 0.312744 
 ----> high 709 0 0.703519 0.296481 
 ----> high 710 0 0.699784 0.300216 
 ----> high 711 0 0.697764 0.302236 
 ----> high 712 0 0.693667 0.306333 
 ----> high 713 0 0.677016 0.322984 
 ----> high 714 1 0.65509 0.34491 
 ----> high 715 0 0.692633 0.307367 
 ----> high 716 1 0.70662 0.29338 
 ----> high 717 0 0.741359 0.258641 
 ----> high 718 0 0.656308 0.343692 
