 ----> high 1 0 0.753953 0.246047 
 ----> high 2 0 0.488891 0.511109 
 ----> high 3 1 0.72 0.28 
 ----> high 4 1 0.551087 0.448913 
 ----> high 5 0 0.706721 0.293279 
 ----> high 6 1 0.574024 0.425976 
 ----> high 7 0 0.698042 0.301958 
 ----> high 8 0 0.710943 0.289057 
 ----> high 9 0 0.757967 0.242033 
 ----> high 10 1 0.693326 0.306674 
 ----> high 11 1 0.610685 0.389315 
 ----> high 12 1 0.66452 0.33548 
 ----> high 13 0 0.643468 0.356532 
 ----> high 14 1 0.686659 0.313341 
 ----> high 15 0 0.641662 0.358338 
 ----> high 16 1 0.656064 0.343936 
 ----> high 17 1 0.627522 0.372478 
 ----> high 18 0 0.695941 0.304059 
 ----> high 19 0 0.615137 0.384863 
 ----> high 20 0 0.713903 0.286097 
 ----> high 21 1 0.659176 0.340824 
 ----> high 22 0 0.634029 0.365971 
 ----> high 23 0 0.666382 0.333618 
 ----> high 24 0 0.724134 0.275866 
 ----> high 25 0 0.652306 0.347694 
 ----> high 26 0 0.663274 0.336726 
 ----> high 27 1 0.574535 0.425465 
 ----> high 28 1 0.659954 0.340046 
 ----> high 29 0 0.649779 0.350221 
 ----> high 30 0 0.645583 0.354417 
 ----> high 31 1 0.670288 0.329712 
 ----> high 32 0 0.695223 0.304777 
 ----> high 33 0 0.67525 0.32475 
 ----> high 34 0 0.666525 0.333475 
 ----> high 35 1 0.671966 0.328034 
 ----> high 36 1 0.664593 0.335407 
 ----> high 37 0 0.677932 0.322068 
 ----> high 38 0 0.71654 0.28346 
 ----> high 39 0 0.659858 0.340142 
 ----> high 40 1 0.654969 0.345031 
 ----> high 41 1 0.645238 0.354762 
 ----> high 42 1 0.668994 0.331006 
 ----> high 43 0 0.654346 0.345654 
 ----> high 44 0 0.712569 0.287431 
 ----> high 45 1 0.619214 0.380786 
 ----> high 46 1 0.652982 0.347018 
 ----> high 47 0 0.678863 0.321137 
 ----> high 48 0 0.691663 0.308337 
 ----> high 49 1 0.644156 0.355844 
 ----> high 50 1 0.67819 0.32181 
 ----> high 51 1 0.616694 0.383306 
 ----> high 52 1 0.652171 0.347829 
 ----> high 53 1 0.614213 0.385787 
 ----> high 54 0 0.736562 0.263438 
 ----> high 55 0 0.640128 0.359872 
 ----> high 56 0 0.670409 0.329591 
 ----> high 57 1 0.629782 0.370218 
 ----> high 58 1 0.635252 0.364748 
 ----> high 59 1 0.697801 0.302199 
 ----> high 60 1 0.632631 0.367369 
 ----> high 61 0 0.659843 0.340157 
 ----> high 62 0 0.732453 0.267547 
 ----> high 63 1 0.611883 0.388117 
 ----> high 64 1 0.677857 0.322143 
 ----> high 65 0 0.732399 0.267601 
 ----> high 66 0 0.666752 0.333248 
 ----> high 67 0 0.708551 0.291449 
 ----> high 68 0 0.658603 0.341397 
 ----> high 69 0 0.691437 0.308563 
 ----> high 70 0 0.710462 0.289538 
 ----> high 71 1 0.664562 0.335438 
 ----> high 72 0 0.686511 0.313489 
 ----> high 73 0 0.674475 0.325525 
 ----> high 74 1 0.693218 0.306782 
 ----> high 75 0 0.719545 0.280455 
 ----> high 76 0 0.739665 0.260335 
 ----> high 77 0 0.68573 0.31427 
 ----> high 78 1 0.627618 0.372382 
 ----> high 79 0 0.669879 0.330121 
 ----> high 80 1 0.590116 0.409884 
 ----> high 81 1 0.582375 0.417625 
 ----> high 82 1 0.675616 0.324384 
 ----> high 83 1 0.646425 0.353575 
 ----> high 84 1 0.638606 0.361394 
 ----> high 85 0 0.690454 0.309546 
 ----> high 86 0 0.678167 0.321833 
 ----> high 87 0 0.660346 0.339654 
 ----> high 88 1 0.664714 0.335286 
 ----> high 89 1 0.654895 0.345105 
 ----> high 90 1 0.643919 0.356081 
 ----> high 91 0 0.680066 0.319934 
 ----> high 92 1 0.598868 0.401132 
 ----> high 93 0 0.642997 0.357003 
 ----> high 94 1 0.696758 0.303242 
 ----> high 95 0 0.649332 0.350668 
 ----> high 96 0 0.681277 0.318723 
 ----> high 97 0 0.728858 0.271142 
 ----> high 98 1 0.707935 0.292065 
 ----> high 99 1 0.61948 0.38052 
 ----> high 100 1 0.624376 0.375624 
 ----> high 101 1 0.660407 0.339593 
 ----> high 102 1 0.689906 0.310094 
 ----> high 103 0 0.667494 0.332506 
 ----> high 104 0 0.723946 0.276054 
 ----> high 105 0 0.796229 0.203771 
 ----> high 106 0 0.599497 0.400503 
 ----> high 107 0 0.697974 0.302026 
 ----> high 108 0 0.725921 0.274079 
 ----> high 109 0 0.747985 0.252015 
 ----> high 110 1 0.694453 0.305547 
 ----> high 111 0 0.610279 0.389721 
 ----> high 112 0 0.665764 0.334236 
 ----> high 113 0 0.699016 0.300984 
 ----> high 114 1 0.636667 0.363333 
 ----> high 115 0 0.71397 0.28603 
 ----> high 116 0 0.750521 0.249479 
 ----> high 117 0 0.731961 0.268039 
 ----> high 118 1 0.659756 0.340244 
 ----> high 119 1 0.66783 0.33217 
 ----> high 120 0 0.667808 0.332192 
 ----> high 121 1 0.689225 0.310775 
 ----> high 122 0 0.706704 0.293296 
 ----> high 123 1 0.6362 0.3638 
 ----> high 124 1 0.66262 0.33738 
 ----> high 125 0 0.683267 0.316733 
 ----> high 126 1 0.617936 0.382064 
 ----> high 127 0 0.690004 0.309996 
 ----> high 128 0 0.647292 0.352708 
 ----> high 129 0 0.683357 0.316643 
 ----> high 130 1 0.593 0.407 
 ----> high 131 0 0.646993 0.353007 
 ----> high 132 0 0.70105 0.29895 
 ----> high 133 1 0.710732 0.289268 
 ----> high 134 1 0.656577 0.343423 
 ----> high 135 1 0.644409 0.355591 
 ----> high 136 0 0.69666 0.30334 
 ----> high 137 1 0.697763 0.302237 
 ----> high 138 1 0.657948 0.342052 
 ----> high 139 0 0.688075 0.311925 
 ----> high 140 0 0.729314 0.270686 
 ----> high 141 1 0.670602 0.329398 
 ----> high 142 0 0.696728 0.303272 
 ----> high 143 0 0.709452 0.290548 
 ----> high 144 0 0.684175 0.315825 
 ----> high 145 0 0.710751 0.289249 
 ----> high 146 0 0.680264 0.319736 
 ----> high 147 0 0.680981 0.319019 
 ----> high 148 0 0.731214 0.268786 
 ----> high 149 0 0.657231 0.342769 
 ----> high 150 1 0.669033 0.330967 
 ----> high 151 1 0.682982 0.317018 
 ----> high 152 0 0.646225 0.353775 
 ----> high 153 0 0.694946 0.305054 
 ----> high 154 0 0.741665 0.258335 
 ----> high 155 0 0.772814 0.227186 
 ----> high 156 1 0.605468 0.394532 
 ----> high 157 1 0.687763 0.312237 
 ----> high 158 1 0.664568 0.335432 
 ----> high 159 0 0.725501 0.274499 
 ----> high 160 0 0.721886 0.278114 
 ----> high 161 0 0.65876 0.34124 
 ----> high 162 1 0.665521 0.334479 
 ----> high 163 1 0.652307 0.347693 
 ----> high 164 0 0.732011 0.267989 
 ----> high 165 1 0.58544 0.41456 
 ----> high 166 1 0.575192 0.424808 
 ----> high 167 0 0.686234 0.313766 
 ----> high 168 1 0.62304 0.37696 
 ----> high 169 0 0.720126 0.279874 
 ----> high 170 1 0.634072 0.365928 
 ----> high 171 1 0.622213 0.377787 
 ----> high 172 0 0.717578 0.282422 
 ----> high 173 1 0.62256 0.37744 
 ----> high 174 0 0.662151 0.337849 
 ----> high 175 1 0.633188 0.366812 
 ----> high 176 0 0.706053 0.293947 
 ----> high 177 0 0.645423 0.354577 
 ----> high 178 1 0.615195 0.384805 
 ----> high 179 1 0.612098 0.387902 
 ----> high 180 0 0.688207 0.311793 
 ----> high 181 0 0.752818 0.247182 
 ----> high 182 1 0.701551 0.298449 
 ----> high 183 0 0.684559 0.315441 
 ----> high 184 1 0.683409 0.316591 
 ----> high 185 1 0.68048 0.31952 
 ----> high 186 0 0.683007 0.316993 
 ----> high 187 0 0.689023 0.310977 
 ----> high 188 1 0.681102 0.318898 
 ----> high 189 1 0.648865 0.351135 
 ----> high 190 0 0.698934 0.301066 
 ----> high 191 0 0.687471 0.312529 
 ----> high 192 1 0.705221 0.294779 
 ----> high 193 0 0.664473 0.335527 
 ----> high 194 0 0.676517 0.323483 
 ----> high 195 0 0.674163 0.325837 
 ----> high 196 1 0.698036 0.301964 
 ----> high 197 0 0.632313 0.367687 
 ----> high 198 0 0.724929 0.275071 
 ----> high 199 0 0.662045 0.337955 
 ----> high 200 0 0.700946 0.299054 
 ----> high 201 0 0.701878 0.298122 
 ----> high 202 0 0.701529 0.298471 
 ----> high 203 0 0.71254 0.28746 
 ----> high 204 1 0.609065 0.390935 
 ----> high 205 0 0.687699 0.312301 
 ----> high 206 0 0.754931 0.245069 
 ----> high 207 1 0.657297 0.342703 
 ----> high 208 0 0.694199 0.305801 
 ----> high 209 0 0.677674 0.322326 
 ----> high 210 0 0.735709 0.264291 
 ----> high 211 0 0.726626 0.273374 
 ----> high 212 0 0.723316 0.276684 
 ----> high 213 0 0.687883 0.312117 
 ----> high 214 0 0.694236 0.305764 
 ----> high 215 0 0.706344 0.293656 
 ----> high 216 0 0.638167 0.361833 
 ----> high 217 0 0.724623 0.275377 
 ----> high 218 0 0.674921 0.325079 
 ----> high 219 0 0.662653 0.337347 
 ----> high 220 0 0.643496 0.356504 
 ----> high 221 0 0.700102 0.299898 
 ----> high 222 1 0.692066 0.307934 
 ----> high 223 1 0.590833 0.409167 
 ----> high 224 0 0.700856 0.299144 
 ----> high 225 1 0.642597 0.357403 
 ----> high 226 1 0.554359 0.445641 
 ----> high 227 0 0.705196 0.294804 
 ----> high 228 0 0.722611 0.277389 
 ----> high 229 0 0.727438 0.272562 
 ----> high 230 0 0.752455 0.247545 
 ----> high 231 0 0.712097 0.287903 
 ----> high 232 1 0.685909 0.314091 
 ----> high 233 0 0.680097 0.319903 
 ----> high 234 0 0.667954 0.332046 
 ----> high 235 0 0.701948 0.298052 
 ----> high 236 1 0.711984 0.288016 
 ----> high 237 0 0.656105 0.343895 
 ----> high 238 0 0.680179 0.319821 
 ----> high 239 0 0.657939 0.342061 
 ----> high 240 0 0.701549 0.298451 
 ----> high 241 0 0.70083 0.29917 
 ----> high 242 1 0.632804 0.367196 
 ----> high 243 0 0.649801 0.350199 
 ----> high 244 1 0.692107 0.307893 
 ----> high 245 1 0.629723 0.370277 
 ----> high 246 1 0.673778 0.326222 
 ----> high 247 0 0.698594 0.301406 
 ----> high 248 0 0.692821 0.307179 
 ----> high 249 1 0.578524 0.421476 
 ----> high 250 0 0.752139 0.247861 
 ----> high 251 0 0.703571 0.296429 
 ----> high 252 0 0.652383 0.347617 
 ----> high 253 1 0.621829 0.378171 
 ----> high 254 0 0.670434 0.329566 
 ----> high 255 1 0.703774 0.296226 
 ----> high 256 1 0.656875 0.343125 
 ----> high 257 1 0.650608 0.349392 
 ----> high 258 0 0.715621 0.284379 
 ----> high 259 0 0.701628 0.298372 
 ----> high 260 1 0.691697 0.308303 
 ----> high 261 1 0.606404 0.393596 
 ----> high 262 1 0.590818 0.409182 
 ----> high 263 0 0.73651 0.26349 
 ----> high 264 1 0.695759 0.304241 
 ----> high 265 1 0.633058 0.366942 
 ----> high 266 0 0.606554 0.393446 
 ----> high 267 0 0.676386 0.323614 
 ----> high 268 0 0.727847 0.272153 
 ----> high 269 0 0.690362 0.309638 
 ----> high 270 0 0.695748 0.304252 
 ----> high 271 1 0.688431 0.311569 
 ----> high 272 0 0.706473 0.293527 
 ----> high 273 0 0.690962 0.309038 
 ----> high 274 0 0.735629 0.264371 
 ----> high 275 0 0.637655 0.362345 
 ----> high 276 1 0.63514 0.36486 
 ----> high 277 0 0.688272 0.311728 
 ----> high 278 0 0.724128 0.275872 
 ----> high 279 1 0.661393 0.338607 
 ----> high 280 1 0.682998 0.317002 
 ----> high 281 0 0.673867 0.326133 
 ----> high 282 1 0.68285 0.31715 
 ----> high 283 1 0.628272 0.371728 
 ----> high 284 0 0.732448 0.267552 
 ----> high 285 0 0.682974 0.317026 
 ----> high 286 0 0.70647 0.29353 
 ----> high 287 1 0.604048 0.395952 
 ----> high 288 0 0.739105 0.260895 
 ----> high 289 1 0.638875 0.361125 
 ----> high 290 0 0.610273 0.389727 
 ----> high 291 1 0.655519 0.344481 
 ----> high 292 1 0.627201 0.372799 
 ----> high 293 0 0.71908 0.28092 
 ----> high 294 1 0.638134 0.361866 
 ----> high 295 0 0.636198 0.363802 
 ----> high 296 1 0.668732 0.331268 
 ----> high 297 0 0.727954 0.272046 
 ----> high 298 1 0.665422 0.334578 
 ----> high 299 0 0.683372 0.316628 
 ----> high 300 0 0.649737 0.350263 
 ----> high 301 0 0.719831 0.280169 
 ----> high 302 0 0.697605 0.302395 
 ----> high 303 0 0.713411 0.286589 
 ----> high 304 0 0.674938 0.325062 
 ----> high 305 0 0.692465 0.307535 
 ----> high 306 0 0.663409 0.336591 
 ----> high 307 0 0.733943 0.266057 
 ----> high 308 0 0.644023 0.355977 
 ----> high 309 1 0.665276 0.334724 
 ----> high 310 1 0.654404 0.345596 
 ----> high 311 0 0.702586 0.297414 
 ----> high 312 0 0.754462 0.245538 
 ----> high 313 1 0.666244 0.333756 
 ----> high 314 0 0.698276 0.301724 
 ----> high 315 0 0.747626 0.252374 
 ----> high 316 0 0.727809 0.272191 
 ----> high 317 0 0.698131 0.301869 
 ----> high 318 0 0.69936 0.30064 
 ----> high 319 0 0.722536 0.277464 
 ----> high 320 0 0.711656 0.288344 
 ----> high 321 1 0.665247 0.334753 
 ----> high 322 0 0.691149 0.308851 
 ----> high 323 0 0.724237 0.275763 
 ----> high 324 0 0.750151 0.249849 
 ----> high 325 0 0.739573 0.260427 
 ----> high 326 0 0.699615 0.300385 
 ----> high 327 1 0.679925 0.320075 
 ----> high 328 0 0.695126 0.304874 
 ----> high 329 0 0.695929 0.304071 
 ----> high 330 0 0.714481 0.285519 
 ----> high 331 0 0.742273 0.257727 
 ----> high 332 0 0.703331 0.296669 
 ----> high 333 1 0.690465 0.309535 
 ----> high 334 1 0.66294 0.33706 
 ----> high 335 0 0.742347 0.257653 
 ----> high 336 1 0.612586 0.387414 
 ----> high 337 0 0.69152 0.30848 
 ----> high 338 0 0.64754 0.35246 
 ----> high 339 0 0.667268 0.332732 
 ----> high 340 1 0.645551 0.354449 
 ----> high 341 0 0.705576 0.294424 
 ----> high 342 1 0.671446 0.328554 
 ----> high 343 1 0.690797 0.309203 
 ----> high 344 0 0.718687 0.281313 
 ----> high 345 0 0.713128 0.286872 
 ----> high 346 1 0.684024 0.315976 
 ----> high 347 0 0.726642 0.273358 
 ----> high 348 0 0.655752 0.344248 
 ----> high 349 0 0.680185 0.319815 
 ----> high 350 1 0.659638 0.340362 
 ----> high 351 0 0.713498 0.286502 
 ----> high 352 0 0.694827 0.305173 
 ----> high 353 0 0.695804 0.304196 
 ----> high 354 0 0.663835 0.336165 
 ----> high 355 0 0.756147 0.243853 
 ----> high 356 0 0.646486 0.353514 
 ----> high 357 1 0.698954 0.301046 
 ----> high 358 0 0.659191 0.340809 
 ----> high 359 0 0.736499 0.263501 
 ----> high 360 0 0.715214 0.284786 
 ----> high 361 0 0.730049 0.269951 
 ----> high 362 0 0.682007 0.317993 
 ----> high 363 0 0.715829 0.284171 
 ----> high 364 0 0.775256 0.224744 
 ----> high 365 0 0.692539 0.307461 
 ----> high 366 1 0.689502 0.310498 
 ----> high 367 1 0.619989 0.380011 
 ----> high 368 0 0.687927 0.312073 
 ----> high 369 0 0.704483 0.295517 
 ----> high 370 0 0.725176 0.274824 
 ----> high 371 0 0.684165 0.315835 
 ----> high 372 0 0.727578 0.272422 
 ----> high 373 0 0.716694 0.283306 
 ----> high 374 0 0.740035 0.259965 
 ----> high 375 0 0.679629 0.320371 
 ----> high 376 0 0.703935 0.296065 
 ----> high 377 0 0.69577 0.30423 
 ----> high 378 0 0.705302 0.294698 
 ----> high 379 0 0.662824 0.337176 
 ----> high 380 0 0.723209 0.276791 
 ----> high 381 1 0.683812 0.316188 
 ----> high 382 0 0.712538 0.287462 
 ----> high 383 0 0.743132 0.256868 
 ----> high 384 0 0.715505 0.284495 
 ----> high 385 1 0.711845 0.288155 
 ----> high 386 0 0.677539 0.322461 
 ----> high 387 1 0.692006 0.307994 
 ----> high 388 1 0.658153 0.341847 
 ----> high 389 0 0.73407 0.26593 
 ----> high 390 0 0.724548 0.275452 
 ----> high 391 0 0.69672 0.30328 
 ----> high 392 0 0.714972 0.285028 
 ----> high 393 1 0.703786 0.296214 
 ----> high 394 1 0.684324 0.315676 
 ----> high 395 0 0.694696 0.305304 
 ----> high 396 0 0.726628 0.273372 
 ----> high 397 0 0.685818 0.314182 
 ----> high 398 1 0.641784 0.358216 
 ----> high 399 1 0.64965 0.35035 
 ----> high 400 1 0.64531 0.35469 
 ----> high 401 0 0.682919 0.317081 
 ----> high 402 1 0.622046 0.377954 
 ----> high 403 0 0.666336 0.333664 
 ----> high 404 0 0.690378 0.309622 
 ----> high 405 1 0.670354 0.329646 
 ----> high 406 1 0.731773 0.268227 
 ----> high 407 1 0.66788 0.33212 
 ----> high 408 0 0.701349 0.298651 
 ----> high 409 0 0.732242 0.267758 
 ----> high 410 0 0.6788 0.3212 
 ----> high 411 1 0.656923 0.343077 
 ----> high 412 0 0.722302 0.277698 
 ----> high 413 0 0.742216 0.257784 
 ----> high 414 0 0.620179 0.379821 
 ----> high 415 1 0.683251 0.316749 
 ----> high 416 0 0.702869 0.297131 
 ----> high 417 0 0.720167 0.279833 
 ----> high 418 1 0.680312 0.319688 
 ----> high 419 1 0.615982 0.384018 
 ----> high 420 0 0.726788 0.273212 
 ----> high 421 0 0.710739 0.289261 
 ----> high 422 0 0.689055 0.310945 
 ----> high 423 0 0.697669 0.302331 
 ----> high 424 0 0.729658 0.270342 
 ----> high 425 0 0.697374 0.302626 
 ----> high 426 1 0.711408 0.288592 
 ----> high 427 0 0.651982 0.348018 
 ----> high 428 0 0.703241 0.296759 
 ----> high 429 0 0.750315 0.249685 
 ----> high 430 0 0.692952 0.307048 
 ----> high 431 0 0.69491 0.30509 
 ----> high 432 0 0.730535 0.269465 
 ----> high 433 0 0.749015 0.250985 
 ----> high 434 0 0.723402 0.276598 
 ----> high 435 1 0.684019 0.315981 
 ----> high 436 0 0.687358 0.312642 
 ----> high 437 0 0.722719 0.277281 
 ----> high 438 1 0.666841 0.333159 
 ----> high 439 0 0.709512 0.290488 
 ----> high 440 1 0.698019 0.301981 
 ----> high 441 0 0.689149 0.310851 
 ----> high 442 0 0.723484 0.276516 
 ----> high 443 0 0.710174 0.289826 
 ----> high 444 0 0.706833 0.293167 
 ----> high 445 1 0.724399 0.275601 
 ----> high 446 0 0.66505 0.33495 
 ----> high 447 0 0.718102 0.281898 
 ----> high 448 0 0.705208 0.294792 
 ----> high 449 0 0.71181 0.28819 
 ----> high 450 0 0.713006 0.286994 
 ----> high 451 0 0.733118 0.266882 
 ----> high 452 0 0.733294 0.266706 
 ----> high 453 0 0.736937 0.263063 
 ----> high 454 0 0.711562 0.288438 
 ----> high 455 1 0.671766 0.328234 
 ----> high 456 0 0.71073 0.28927 
 ----> high 457 0 0.715404 0.284596 
 ----> high 458 1 0.67823 0.32177 
 ----> high 459 0 0.701464 0.298536 
 ----> high 460 0 0.694703 0.305297 
 ----> high 461 1 0.708506 0.291494 
 ----> high 462 0 0.700154 0.299846 
 ----> high 463 0 0.731871 0.268129 
 ----> high 464 0 0.728552 0.271448 
 ----> high 465 0 0.718617 0.281383 
 ----> high 466 0 0.683993 0.316007 
 ----> high 467 1 0.678426 0.321574 
 ----> high 468 0 0.708489 0.291511 
 ----> high 469 0 0.726541 0.273459 
 ----> high 470 1 0.710872 0.289128 
 ----> high 471 1 0.674001 0.325999 
 ----> high 472 0 0.716984 0.283016 
 ----> high 473 1 0.697768 0.302232 
 ----> high 474 1 0.678904 0.321096 
 ----> high 475 0 0.728901 0.271099 
 ----> high 476 0 0.709617 0.290383 
 ----> high 477 1 0.699013 0.300987 
 ----> high 478 0 0.71137 0.28863 
 ----> high 479 0 0.717339 0.282661 
 ----> high 480 0 0.652528 0.347472 
 ----> high 481 0 0.721057 0.278943 
 ----> high 482 0 0.710278 0.289722 
 ----> high 483 0 0.712823 0.287177 
 ----> high 484 0 0.720934 0.279066 
 ----> high 485 0 0.746759 0.253241 
 ----> high 486 0 0.711105 0.288895 
 ----> high 487 0 0.715509 0.284491 
 ----> high 488 1 0.660775 0.339225 
 ----> high 489 1 0.653656 0.346344 
 ----> high 490 0 0.693327 0.306673 
 ----> high 491 1 0.691735 0.308265 
 ----> high 492 0 0.68548 0.31452 
 ----> high 493 0 0.731091 0.268909 
 ----> high 494 0 0.698632 0.301368 
 ----> high 495 1 0.697887 0.302113 
 ----> high 496 1 0.669594 0.330406 
 ----> high 497 0 0.714949 0.285051 
 ----> high 498 0 0.717056 0.282944 
 ----> high 499 0 0.7121 0.2879 
 ----> high 500 1 0.699148 0.300852 
 ----> high 501 0 0.725529 0.274471 
 ----> high 502 0 0.706211 0.293789 
 ----> high 503 1 0.701956 0.298044 
 ----> high 504 0 0.697338 0.302662 
 ----> high 505 0 0.727112 0.272888 
 ----> high 506 0 0.709466 0.290534 
 ----> high 507 0 0.705635 0.294365 
 ----> high 508 1 0.714854 0.285146 
 ----> high 509 1 0.693466 0.306534 
 ----> high 510 0 0.656807 0.343193 
 ----> high 511 0 0.718715 0.281285 
 ----> high 512 0 0.727056 0.272944 
 ----> high 513 1 0.693617 0.306383 
 ----> high 514 1 0.606372 0.393628 
 ----> high 515 0 0.707241 0.292759 
 ----> high 516 0 0.729961 0.270039 
 ----> high 517 1 0.651641 0.348359 
 ----> high 518 1 0.625748 0.374252 
 ----> high 519 0 0.695904 0.304096 
 ----> high 520 1 0.622298 0.377702 
 ----> high 521 1 0.65446 0.34554 
 ----> high 522 0 0.712455 0.287545 
 ----> high 523 1 0.686734 0.313266 
 ----> high 524 0 0.657043 0.342957 
 ----> high 525 0 0.7057 0.2943 
 ----> high 526 0 0.671994 0.328006 
 ----> high 527 0 0.740656 0.259344 
 ----> high 528 0 0.715982 0.284018 
 ----> high 529 1 0.680192 0.319808 
 ----> high 530 0 0.713577 0.286423 
 ----> high 531 1 0.699447 0.300553 
 ----> high 532 0 0.651031 0.348969 
 ----> high 533 0 0.699515 0.300485 
 ----> high 534 0 0.746737 0.253263 
 ----> high 535 0 0.693691 0.306309 
 ----> high 536 0 0.652762 0.347238 
 ----> high 537 0 0.712638 0.287362 
 ----> high 538 0 0.714112 0.285888 
 ----> high 539 0 0.721923 0.278077 
 ----> high 540 0 0.727653 0.272347 
 ----> high 541 0 0.762533 0.237467 
 ----> high 542 1 0.632504 0.367496 
 ----> high 543 0 0.731502 0.268498 
 ----> high 544 0 0.688514 0.311486 
 ----> high 545 0 0.711378 0.288622 
 ----> high 546 0 0.65588 0.34412 
 ----> high 547 0 0.716292 0.283708 
 ----> high 548 0 0.738758 0.261242 
 ----> high 549 0 0.710152 0.289848 
 ----> high 550 0 0.712834 0.287166 
 ----> high 551 1 0.692659 0.307341 
 ----> high 552 0 0.690341 0.309659 
 ----> high 553 1 0.625966 0.374034 
 ----> high 554 0 0.718562 0.281438 
 ----> high 555 1 0.680372 0.319628 
 ----> high 556 0 0.727384 0.272616 
 ----> high 557 0 0.718616 0.281384 
 ----> high 558 1 0.674576 0.325424 
 ----> high 559 0 0.67579 0.32421 
 ----> high 560 0 0.705455 0.294545 
 ----> high 561 0 0.726387 0.273613 
 ----> high 562 0 0.672799 0.327201 
 ----> high 563 0 0.697899 0.302101 
 ----> high 564 0 0.680427 0.319573 
 ----> high 565 0 0.708199 0.291801 
 ----> high 566 0 0.692808 0.307192 
 ----> high 567 0 0.72524 0.27476 
 ----> high 568 0 0.673647 0.326353 
 ----> high 569 1 0.685084 0.314916 
 ----> high 570 0 0.697527 0.302473 
 ----> high 571 0 0.704255 0.295745 
 ----> high 572 1 0.669727 0.330273 
 ----> high 573 0 0.705481 0.294519 
 ----> high 574 0 0.699854 0.300146 
 ----> high 575 0 0.723684 0.276316 
 ----> high 576 1 0.648775 0.351225 
 ----> high 577 0 0.730145 0.269855 
 ----> high 578 0 0.685476 0.314524 
 ----> high 579 0 0.739633 0.260367 
 ----> high 580 1 0.709912 0.290088 
 ----> high 581 0 0.680773 0.319227 
 ----> high 582 0 0.675172 0.324828 
 ----> high 583 0 0.696517 0.303483 
 ----> high 584 1 0.678185 0.321815 
 ----> high 585 0 0.705991 0.294009 
 ----> high 586 0 0.759751 0.240249 
 ----> high 587 0 0.755186 0.244814 
 ----> high 588 0 0.711301 0.288699 
 ----> high 589 1 0.668081 0.331919 
 ----> high 590 0 0.685242 0.314758 
 ----> high 591 1 0.674262 0.325738 
 ----> high 592 1 0.623509 0.376491 
 ----> high 593 0 0.698571 0.301429 
 ----> high 594 0 0.709758 0.290242 
 ----> high 595 0 0.700517 0.299483 
 ----> high 596 0 0.6979 0.3021 
 ----> high 597 0 0.719653 0.280347 
 ----> high 598 0 0.725657 0.274343 
 ----> high 599 0 0.729459 0.270541 
 ----> high 600 0 0.714285 0.285715 
 ----> high 601 0 0.714553 0.285447 
 ----> high 602 1 0.654414 0.345586 
 ----> high 603 1 0.652665 0.347335 
 ----> high 604 0 0.636388 0.363612 
 ----> high 605 0 0.692456 0.307544 
 ----> high 606 0 0.702355 0.297645 
 ----> high 607 1 0.684489 0.315511 
 ----> high 608 1 0.631063 0.368937 
 ----> high 609 0 0.712058 0.287942 
 ----> high 610 0 0.658676 0.341324 
 ----> high 611 0 0.687575 0.312425 
 ----> high 612 0 0.7252 0.2748 
 ----> high 613 0 0.705298 0.294702 
 ----> high 614 0 0.678899 0.321101 
 ----> high 615 0 0.735053 0.264947 
 ----> high 616 0 0.709324 0.290676 
 ----> high 617 0 0.715671 0.284329 
 ----> high 618 0 0.729113 0.270887 
 ----> high 619 1 0.728229 0.271771 
 ----> high 620 1 0.674271 0.325729 
 ----> high 621 0 0.698507 0.301493 
 ----> high 622 1 0.687695 0.312305 
 ----> high 623 0 0.695535 0.304465 
 ----> high 624 0 0.69036 0.30964 
 ----> high 625 0 0.743078 0.256922 
 ----> high 626 0 0.721856 0.278144 
 ----> high 627 0 0.727593 0.272407 
 ----> high 628 0 0.707584 0.292416 
 ----> high 629 1 0.67749 0.32251 
 ----> high 630 0 0.700163 0.299837 
 ----> high 631 0 0.704217 0.295783 
 ----> high 632 1 0.670599 0.329401 
 ----> high 633 0 0.755148 0.244852 
 ----> high 634 1 0.628107 0.371893 
 ----> high 635 0 0.704397 0.295603 
 ----> high 636 1 0.651863 0.348137 
 ----> high 637 0 0.640479 0.359521 
 ----> high 638 0 0.722179 0.277821 
 ----> high 639 1 0.715436 0.284564 
 ----> high 640 1 0.646431 0.353569 
 ----> high 641 0 0.699894 0.300106 
 ----> high 642 0 0.701732 0.298268 
 ----> high 643 0 0.696569 0.303431 
 ----> high 644 0 0.692176 0.307824 
 ----> high 645 0 0.754025 0.245975 
 ----> high 646 0 0.734562 0.265438 
 ----> high 647 1 0.655564 0.344436 
 ----> high 648 0 0.681464 0.318536 
 ----> high 649 0 0.712338 0.287662 
 ----> high 650 0 0.724432 0.275568 
 ----> high 651 1 0.670514 0.329486 
 ----> high 652 0 0.668682 0.331318 
 ----> high 653 0 0.708699 0.291301 
 ----> high 654 1 0.670852 0.329148 
 ----> high 655 0 0.705322 0.294678 
 ----> high 656 0 0.733821 0.266179 
 ----> high 657 0 0.735251 0.264749 
 ----> high 658 0 0.696556 0.303444 
 ----> high 659 0 0.712502 0.287498 
 ----> high 660 0 0.737302 0.262698 
 ----> high 661 0 0.710598 0.289402 
 ----> high 662 0 0.685658 0.314342 
 ----> high 663 0 0.696622 0.303378 
 ----> high 664 1 0.600864 0.399136 
 ----> high 665 0 0.726427 0.273573 
 ----> high 666 0 0.730275 0.269725 
 ----> high 667 0 0.709695 0.290305 
 ----> high 668 0 0.710321 0.289679 
 ----> high 669 0 0.737021 0.262979 
 ----> high 670 0 0.726272 0.273728 
 ----> high 671 0 0.722997 0.277003 
 ----> high 672 0 0.738687 0.261313 
 ----> high 673 0 0.758245 0.241755 
 ----> high 674 1 0.654869 0.345131 
 ----> high 675 1 0.641183 0.358817 
 ----> high 676 0 0.684838 0.315162 
 ----> high 677 0 0.714539 0.285461 
 ----> high 678 1 0.612574 0.387426 
 ----> high 679 0 0.722956 0.277044 
 ----> high 680 1 0.649437 0.350563 
 ----> high 681 0 0.612755 0.387245 
 ----> high 682 0 0.723729 0.276271 
 ----> high 683 0 0.702764 0.297236 
 ----> high 684 0 0.66419 0.33581 
 ----> high 685 1 0.691817 0.308183 
 ----> high 686 0 0.672201 0.327799 
 ----> high 687 0 0.691459 0.308541 
 ----> high 688 0 0.687521 0.312479 
 ----> high 689 0 0.718206 0.281794 
 ----> high 690 1 0.670555 0.329445 
 ----> high 691 0 0.692575 0.307425 
 ----> high 692 0 0.695368 0.304632 
 ----> high 693 0 0.662095 0.337905 
 ----> high 694 0 0.671121 0.328879 
 ----> high 695 0 0.74574 0.25426 
 ----> high 696 0 0.754899 0.245101 
 ----> high 697 0 0.728215 0.271785 
 ----> high 698 0 0.725812 0.274188 
 ----> high 699 0 0.681645 0.318355 
 ----> high 700 1 0.717224 0.282776 
 ----> high 701 0 0.711133 0.288867 
 ----> high 702 0 0.696904 0.303096 
 ----> high 703 0 0.687084 0.312916 
 ----> high 704 0 0.736789 0.263211 
 ----> high 705 0 0.719782 0.280218 
 ----> high 706 0 0.686615 0.313385 
 ----> high 707 0 0.760208 0.239792 
 ----> high 708 0 0.750604 0.249396 
 ----> high 709 0 0.733129 0.266871 
 ----> high 710 0 0.758208 0.241792 
 ----> high 711 0 0.686145 0.313855 
 ----> high 712 0 0.686313 0.313687 
 ----> high 713 0 0.73682 0.26318 
 ----> high 714 1 0.693561 0.306439 
 ----> high 715 0 0.696564 0.303436 
 ----> high 716 1 0.675559 0.324441 
 ----> high 717 0 0.710946 0.289054 
 ----> high 718 0 0.750278 0.249722 
