 ----> high 1 0 0 0 
 ----> high 2 0 0 0 
 ----> high 3 1 0 0 
 ----> high 4 1 0 0 
 ----> high 5 0 0 0 
 ----> high 6 1 0 0 
 ----> high 7 0 0.710497 0.289503 
 ----> high 8 0 0.674516 0.325484 
 ----> high 9 0 0.726616 0.273384 
 ----> high 10 1 0.693448 0.306552 
 ----> high 11 1 0.700366 0.299634 
 ----> high 12 1 0.687527 0.312473 
 ----> high 13 0 0.661987 0.338013 
 ----> high 14 1 0.709114 0.290886 
 ----> high 15 0 0.671911 0.328089 
 ----> high 16 1 0.668394 0.331606 
 ----> high 17 1 0.672647 0.327353 
 ----> high 18 0 0.659927 0.340073 
 ----> high 19 0 0.694819 0.305181 
 ----> high 20 0 0.693723 0.306277 
 ----> high 21 1 0.670538 0.329462 
 ----> high 22 0 0.708642 0.291358 
 ----> high 23 0 0.671792 0.328208 
 ----> high 24 0 0.687344 0.312656 
 ----> high 25 0 0.653154 0.346846 
 ----> high 26 0 0.644143 0.355857 
 ----> high 27 1 0.72619 0.27381 
 ----> high 28 1 0.66544 0.33456 
 ----> high 29 0 0.700882 0.299118 
 ----> high 30 0 0.702605 0.297395 
 ----> high 31 1 0.61033 0.38967 
 ----> high 32 0 0.70053 0.29947 
 ----> high 33 0 0.711021 0.288979 
 ----> high 34 0 0.691526 0.308474 
 ----> high 35 1 0.697645 0.302355 
 ----> high 36 1 0.687732 0.312268 
 ----> high 37 0 0.68922 0.31078 
 ----> high 38 0 0.700307 0.299693 
 ----> high 39 0 0.670451 0.329549 
 ----> high 40 1 0.706439 0.293561 
 ----> high 41 1 0.693834 0.306166 
 ----> high 42 1 0.68465 0.31535 
 ----> high 43 0 0.691833 0.308167 
 ----> high 44 0 0.638829 0.361171 
 ----> high 45 1 0.691606 0.308394 
 ----> high 46 1 0.6842 0.3158 
 ----> high 47 0 0.660644 0.339356 
 ----> high 48 0 0.687136 0.312864 
 ----> high 49 1 0.649487 0.350513 
 ----> high 50 1 0.631701 0.368299 
 ----> high 51 1 0.708125 0.291875 
 ----> high 52 1 0.677431 0.322569 
 ----> high 53 1 0.692082 0.307918 
 ----> high 54 0 0.710513 0.289487 
 ----> high 55 0 0.660174 0.339826 
 ----> high 56 0 0.69932 0.30068 
 ----> high 57 1 0.666164 0.333836 
 ----> high 58 1 0.660073 0.339927 
 ----> high 59 1 0.700712 0.299288 
 ----> high 60 1 0.689484 0.310516 
 ----> high 61 0 0.694275 0.305725 
 ----> high 62 0 0.738064 0.261936 
 ----> high 63 1 0.67188 0.32812 
 ----> high 64 1 0.649949 0.350051 
 ----> high 65 0 0.686337 0.313663 
 ----> high 66 0 0.683645 0.316355 
 ----> high 67 0 0.748927 0.251073 
 ----> high 68 0 0.720797 0.279203 
 ----> high 69 0 0.725146 0.274854 
 ----> high 70 0 0.704672 0.295328 
 ----> high 71 1 0.709798 0.290202 
 ----> high 72 0 0.712832 0.287168 
 ----> high 73 0 0.691735 0.308265 
 ----> high 74 1 0.734415 0.265585 
 ----> high 75 0 0.688728 0.311272 
 ----> high 76 0 0.665011 0.334989 
 ----> high 77 0 0.70479 0.29521 
 ----> high 78 1 0.678867 0.321133 
 ----> high 79 0 0.677331 0.322669 
 ----> high 80 1 0.661835 0.338165 
 ----> high 81 1 0.642865 0.357135 
 ----> high 82 1 0.666188 0.333812 
 ----> high 83 1 0.673855 0.326145 
 ----> high 84 1 0.686977 0.313023 
 ----> high 85 0 0.712845 0.287155 
 ----> high 86 0 0.770678 0.229322 
 ----> high 87 0 0.697176 0.302824 
 ----> high 88 1 0.621763 0.378237 
 ----> high 89 1 0.648044 0.351956 
 ----> high 90 1 0.671655 0.328345 
 ----> high 91 0 0.680282 0.319718 
 ----> high 92 1 0.695657 0.304343 
 ----> high 93 0 0.712422 0.287578 
 ----> high 94 1 0.712924 0.287076 
 ----> high 95 0 0.668541 0.331459 
 ----> high 96 0 0.695446 0.304554 
 ----> high 97 0 0.72028 0.27972 
 ----> high 98 1 0.674219 0.325781 
 ----> high 99 1 0.71059 0.28941 
 ----> high 100 1 0.660291 0.339709 
 ----> high 101 1 0.679485 0.320515 
 ----> high 102 1 0.667585 0.332415 
 ----> high 103 0 0.647883 0.352117 
 ----> high 104 0 0.674135 0.325865 
 ----> high 105 0 0.682902 0.317098 
 ----> high 106 0 0.637241 0.362759 
 ----> high 107 0 0.692362 0.307638 
 ----> high 108 0 0.724243 0.275757 
 ----> high 109 0 0.692733 0.307267 
 ----> high 110 1 0.709904 0.290096 
 ----> high 111 0 0.647574 0.352426 
 ----> high 112 0 0.666768 0.333232 
 ----> high 113 0 0.745764 0.254236 
 ----> high 114 1 0.640474 0.359526 
 ----> high 115 0 0.692011 0.307989 
 ----> high 116 0 0.701838 0.298162 
 ----> high 117 0 0.693179 0.306821 
 ----> high 118 1 0.629191 0.370809 
 ----> high 119 1 0.663403 0.336597 
 ----> high 120 0 0.68646 0.31354 
 ----> high 121 1 0.708628 0.291372 
 ----> high 122 0 0.643762 0.356238 
 ----> high 123 1 0.682395 0.317605 
 ----> high 124 1 0.639739 0.360261 
 ----> high 125 0 0.710176 0.289824 
 ----> high 126 1 0.661843 0.338157 
 ----> high 127 0 0.683946 0.316054 
 ----> high 128 0 0.734434 0.265566 
 ----> high 129 0 0.710544 0.289456 
 ----> high 130 1 0.712543 0.287457 
 ----> high 131 0 0.733271 0.266729 
 ----> high 132 0 0.690758 0.309242 
 ----> high 133 1 0.6445 0.3555 
 ----> high 134 1 0.70816 0.29184 
 ----> high 135 1 0.676504 0.323496 
 ----> high 136 0 0.710156 0.289844 
 ----> high 137 1 0.664271 0.335729 
 ----> high 138 1 0.601198 0.398802 
 ----> high 139 0 0.705595 0.294405 
 ----> high 140 0 0.68932 0.31068 
 ----> high 141 1 0.666523 0.333477 
 ----> high 142 0 0.716555 0.283445 
 ----> high 143 0 0.731423 0.268577 
 ----> high 144 0 0.717227 0.282773 
 ----> high 145 0 0.716985 0.283015 
 ----> high 146 0 0.721266 0.278734 
 ----> high 147 0 0.702625 0.297375 
 ----> high 148 0 0.697075 0.302925 
 ----> high 149 0 0.711968 0.288032 
 ----> high 150 1 0.661592 0.338408 
 ----> high 151 1 0.633102 0.366898 
 ----> high 152 0 0.732652 0.267348 
 ----> high 153 0 0.701737 0.298263 
 ----> high 154 0 0.686165 0.313835 
 ----> high 155 0 0.699438 0.300562 
 ----> high 156 1 0.631823 0.368177 
 ----> high 157 1 0.608909 0.391091 
 ----> high 158 1 0.662101 0.337899 
 ----> high 159 0 0.686071 0.313929 
 ----> high 160 0 0.69546 0.30454 
 ----> high 161 0 0.695854 0.304146 
 ----> high 162 1 0.675687 0.324313 
 ----> high 163 1 0.693033 0.306967 
 ----> high 164 0 0.692807 0.307193 
 ----> high 165 1 0.664382 0.335618 
 ----> high 166 1 0.642052 0.357948 
 ----> high 167 0 0.704223 0.295777 
 ----> high 168 1 0.695457 0.304543 
 ----> high 169 0 0.701062 0.298938 
 ----> high 170 1 0.637301 0.362699 
 ----> high 171 1 0.621686 0.378314 
 ----> high 172 0 0.651196 0.348804 
 ----> high 173 1 0.672361 0.327639 
 ----> high 174 0 0.683546 0.316454 
 ----> high 175 1 0.723365 0.276635 
 ----> high 176 0 0.698016 0.301984 
 ----> high 177 0 0.736278 0.263722 
 ----> high 178 1 0.689518 0.310482 
 ----> high 179 1 0.684005 0.315995 
 ----> high 180 0 0.712764 0.287236 
 ----> high 181 0 0.721389 0.278611 
 ----> high 182 1 0.69799 0.30201 
 ----> high 183 0 0.744316 0.255684 
 ----> high 184 1 0.67827 0.32173 
 ----> high 185 1 0.655277 0.344723 
 ----> high 186 0 0.697882 0.302118 
 ----> high 187 0 0.7123 0.2877 
 ----> high 188 1 0.684711 0.315289 
 ----> high 189 1 0.678733 0.321267 
 ----> high 190 0 0.726702 0.273298 
 ----> high 191 0 0.679446 0.320554 
 ----> high 192 1 0.646454 0.353546 
 ----> high 193 0 0.685064 0.314936 
 ----> high 194 0 0.707378 0.292622 
 ----> high 195 0 0.657462 0.342538 
 ----> high 196 1 0.651725 0.348275 
 ----> high 197 0 0.695489 0.304511 
 ----> high 198 0 0.688011 0.311989 
 ----> high 199 0 0.697404 0.302596 
 ----> high 200 0 0.712158 0.287842 
 ----> high 201 0 0.70687 0.29313 
 ----> high 202 0 0.718603 0.281397 
 ----> high 203 0 0.700542 0.299458 
 ----> high 204 1 0.696054 0.303946 
 ----> high 205 0 0.720216 0.279784 
 ----> high 206 0 0.697297 0.302703 
 ----> high 207 1 0.665043 0.334957 
 ----> high 208 0 0.72087 0.27913 
 ----> high 209 0 0.745003 0.254997 
 ----> high 210 0 0.709037 0.290963 
 ----> high 211 0 0.722477 0.277523 
 ----> high 212 0 0.69488 0.30512 
 ----> high 213 0 0.734977 0.265023 
 ----> high 214 0 0.663947 0.336053 
 ----> high 215 0 0.737722 0.262278 
 ----> high 216 0 0.677086 0.322914 
 ----> high 217 0 0.688643 0.311357 
 ----> high 218 0 0.694919 0.305081 
 ----> high 219 0 0.734966 0.265034 
 ----> high 220 0 0.671834 0.328166 
 ----> high 221 0 0.692849 0.307151 
 ----> high 222 1 0.666167 0.333833 
 ----> high 223 1 0.621725 0.378275 
 ----> high 224 0 0.721601 0.278399 
 ----> high 225 1 0.674614 0.325386 
 ----> high 226 1 0.663544 0.336456 
 ----> high 227 0 0.679584 0.320416 
 ----> high 228 0 0.66215 0.33785 
 ----> high 229 0 0.678791 0.321209 
 ----> high 230 0 0.70993 0.29007 
 ----> high 231 0 0.691799 0.308201 
 ----> high 232 1 0.669872 0.330128 
 ----> high 233 0 0.702497 0.297503 
 ----> high 234 0 0.674511 0.325489 
 ----> high 235 0 0.73003 0.26997 
 ----> high 236 1 0.652577 0.347423 
 ----> high 237 0 0.656102 0.343898 
 ----> high 238 0 0.69627 0.30373 
 ----> high 239 0 0.686353 0.313647 
 ----> high 240 0 0.67206 0.32794 
 ----> high 241 0 0.732076 0.267924 
 ----> high 242 1 0.609809 0.390191 
 ----> high 243 0 0.702541 0.297459 
 ----> high 244 1 0.688338 0.311662 
 ----> high 245 1 0.693704 0.306296 
 ----> high 246 1 0.722952 0.277048 
 ----> high 247 0 0.669726 0.330274 
 ----> high 248 0 0.726924 0.273076 
 ----> high 249 1 0.717968 0.282032 
 ----> high 250 0 0.739429 0.260571 
 ----> high 251 0 0.683445 0.316555 
 ----> high 252 0 0.696787 0.303213 
 ----> high 253 1 0.705669 0.294331 
 ----> high 254 0 0.702751 0.297249 
 ----> high 255 1 0.688506 0.311494 
 ----> high 256 1 0.666332 0.333668 
 ----> high 257 1 0.696081 0.303919 
 ----> high 258 0 0.687559 0.312441 
 ----> high 259 0 0.729576 0.270424 
 ----> high 260 1 0.68463 0.31537 
 ----> high 261 1 0.657677 0.342323 
 ----> high 262 1 0.626588 0.373412 
 ----> high 263 0 0.732825 0.267175 
 ----> high 264 1 0.6546 0.3454 
 ----> high 265 1 0.670359 0.329641 
 ----> high 266 0 0.681955 0.318045 
 ----> high 267 0 0.679409 0.320591 
 ----> high 268 0 0.661745 0.338255 
 ----> high 269 0 0.667837 0.332163 
 ----> high 270 0 0.705086 0.294914 
 ----> high 271 1 0.685746 0.314254 
 ----> high 272 0 0.687734 0.312266 
 ----> high 273 0 0.698481 0.301519 
 ----> high 274 0 0.687682 0.312318 
 ----> high 275 0 0.66951 0.33049 
 ----> high 276 1 0.63862 0.36138 
 ----> high 277 0 0.71229 0.28771 
 ----> high 278 0 0.720941 0.279059 
 ----> high 279 1 0.715032 0.284968 
 ----> high 280 1 0.70818 0.29182 
 ----> high 281 0 0.749625 0.250375 
 ----> high 282 1 0.65131 0.34869 
 ----> high 283 1 0.652456 0.347544 
 ----> high 284 0 0.717843 0.282157 
 ----> high 285 0 0.709143 0.290857 
 ----> high 286 0 0.74341 0.25659 
 ----> high 287 1 0.67734 0.32266 
 ----> high 288 0 0.692696 0.307304 
 ----> high 289 1 0.684454 0.315546 
 ----> high 290 0 0.695022 0.304978 
 ----> high 291 1 0.666912 0.333088 
 ----> high 292 1 0.706305 0.293695 
 ----> high 293 0 0.734717 0.265283 
 ----> high 294 1 0.618618 0.381382 
 ----> high 295 0 0.706729 0.293271 
 ----> high 296 1 0.687055 0.312945 
 ----> high 297 0 0.694142 0.305858 
 ----> high 298 1 0.642349 0.357651 
 ----> high 299 0 0.698208 0.301792 
 ----> high 300 0 0.673505 0.326495 
 ----> high 301 0 0.698649 0.301351 
 ----> high 302 0 0.654788 0.345212 
 ----> high 303 0 0.689022 0.310978 
 ----> high 304 0 0.696513 0.303487 
 ----> high 305 0 0.661119 0.338881 
 ----> high 306 0 0.719826 0.280174 
 ----> high 307 0 0.715893 0.284107 
 ----> high 308 0 0.763509 0.236491 
 ----> high 309 1 0.678031 0.321969 
 ----> high 310 1 0.696712 0.303288 
 ----> high 311 0 0.696327 0.303673 
 ----> high 312 0 0.731961 0.268039 
 ----> high 313 1 0.616526 0.383474 
 ----> high 314 0 0.681336 0.318664 
 ----> high 315 0 0.713506 0.286494 
 ----> high 316 0 0.723882 0.276118 
 ----> high 317 0 0.754899 0.245101 
 ----> high 318 0 0.700762 0.299238 
 ----> high 319 0 0.6935 0.3065 
 ----> high 320 0 0.63928 0.36072 
 ----> high 321 1 0.617078 0.382922 
 ----> high 322 0 0.715011 0.284989 
 ----> high 323 0 0.764327 0.235673 
 ----> high 324 0 0.6979 0.3021 
 ----> high 325 0 0.712894 0.287106 
 ----> high 326 0 0.738821 0.261179 
 ----> high 327 1 0.684614 0.315386 
 ----> high 328 0 0.706947 0.293053 
 ----> high 329 0 0.720113 0.279887 
 ----> high 330 0 0.660489 0.339511 
 ----> high 331 0 0.701348 0.298652 
 ----> high 332 0 0.706296 0.293704 
 ----> high 333 1 0.68061 0.31939 
 ----> high 334 1 0.634007 0.365993 
 ----> high 335 0 0.620703 0.379297 
 ----> high 336 1 0.667052 0.332948 
 ----> high 337 0 0.691845 0.308155 
 ----> high 338 0 0.695848 0.304152 
 ----> high 339 0 0.712023 0.287977 
 ----> high 340 1 0.682252 0.317748 
 ----> high 341 0 0.705583 0.294417 
 ----> high 342 1 0.659827 0.340173 
 ----> high 343 1 0.691681 0.308319 
 ----> high 344 0 0.717696 0.282304 
 ----> high 345 0 0.760786 0.239214 
 ----> high 346 1 0.649564 0.350436 
 ----> high 347 0 0.710306 0.289694 
 ----> high 348 0 0.702518 0.297482 
 ----> high 349 0 0.702616 0.297384 
 ----> high 350 1 0.659707 0.340293 
 ----> high 351 0 0.714612 0.285388 
 ----> high 352 0 0.616879 0.383121 
 ----> high 353 0 0.694189 0.305811 
 ----> high 354 0 0.692516 0.307484 
 ----> high 355 0 0.681805 0.318195 
 ----> high 356 0 0.684814 0.315186 
 ----> high 357 1 0.686242 0.313758 
 ----> high 358 0 0.694768 0.305232 
 ----> high 359 0 0.660956 0.339044 
 ----> high 360 0 0.672126 0.327874 
 ----> high 361 0 0.613386 0.386614 
 ----> high 362 0 0.702352 0.297648 
 ----> high 363 0 0.718211 0.281789 
 ----> high 364 0 0.693529 0.306471 
 ----> high 365 0 0.751584 0.248416 
 ----> high 366 1 0.682888 0.317112 
 ----> high 367 1 0.685844 0.314156 
 ----> high 368 0 0.678318 0.321682 
 ----> high 369 0 0.693486 0.306514 
 ----> high 370 0 0.699376 0.300624 
 ----> high 371 0 0.663252 0.336748 
 ----> high 372 0 0.695687 0.304313 
 ----> high 373 0 0.703982 0.296018 
 ----> high 374 0 0.691746 0.308254 
 ----> high 375 0 0.738963 0.261037 
 ----> high 376 0 0.692129 0.307871 
 ----> high 377 0 0.68324 0.31676 
 ----> high 378 0 0.675252 0.324748 
 ----> high 379 0 0.688319 0.311681 
 ----> high 380 0 0.65508 0.34492 
 ----> high 381 1 0.698714 0.301286 
 ----> high 382 0 0.698346 0.301654 
 ----> high 383 0 0.712119 0.287881 
 ----> high 384 0 0.748699 0.251301 
 ----> high 385 1 0.66234 0.33766 
 ----> high 386 0 0.685148 0.314852 
 ----> high 387 1 0.681665 0.318335 
 ----> high 388 1 0.694564 0.305436 
 ----> high 389 0 0.708691 0.291309 
 ----> high 390 0 0.674833 0.325167 
 ----> high 391 0 0.694618 0.305382 
 ----> high 392 0 0.721152 0.278848 
 ----> high 393 1 0.62719 0.37281 
 ----> high 394 1 0.671814 0.328186 
 ----> high 395 0 0.728464 0.271536 
 ----> high 396 0 0.673999 0.326001 
 ----> high 397 0 0.698105 0.301895 
 ----> high 398 1 0.715374 0.284626 
 ----> high 399 1 0.673776 0.326224 
 ----> high 400 1 0.656899 0.343101 
 ----> high 401 0 0.731118 0.268882 
 ----> high 402 1 0.694651 0.305349 
 ----> high 403 0 0.708305 0.291695 
 ----> high 404 0 0.730581 0.269419 
 ----> high 405 1 0.710487 0.289513 
 ----> high 406 1 0.724221 0.275779 
 ----> high 407 1 0.686472 0.313528 
 ----> high 408 0 0.704725 0.295275 
 ----> high 409 0 0.669275 0.330725 
 ----> high 410 0 0.727467 0.272533 
 ----> high 411 1 0.721414 0.278586 
 ----> high 412 0 0.729691 0.270309 
 ----> high 413 0 0.704998 0.295002 
 ----> high 414 0 0.713686 0.286314 
 ----> high 415 1 0.686026 0.313974 
 ----> high 416 0 0.711956 0.288044 
 ----> high 417 0 0.719427 0.280573 
 ----> high 418 1 0.682675 0.317325 
 ----> high 419 1 0.684412 0.315588 
 ----> high 420 0 0.727453 0.272547 
 ----> high 421 0 0.714283 0.285717 
 ----> high 422 0 0.693772 0.306228 
 ----> high 423 0 0.70882 0.29118 
 ----> high 424 0 0.69923 0.30077 
 ----> high 425 0 0.687621 0.312379 
 ----> high 426 1 0.683773 0.316227 
 ----> high 427 0 0.705779 0.294221 
 ----> high 428 0 0.730071 0.269929 
 ----> high 429 0 0.718932 0.281068 
 ----> high 430 0 0.708197 0.291803 
 ----> high 431 0 0.698562 0.301438 
 ----> high 432 0 0.713107 0.286893 
 ----> high 433 0 0.707273 0.292727 
 ----> high 434 0 0.737903 0.262097 
 ----> high 435 1 0.703229 0.296771 
 ----> high 436 0 0.705415 0.294585 
 ----> high 437 0 0.659421 0.340579 
 ----> high 438 1 0.663479 0.336521 
 ----> high 439 0 0.679984 0.320016 
 ----> high 440 1 0.596816 0.403184 
 ----> high 441 0 0.713667 0.286333 
 ----> high 442 0 0.704455 0.295545 
 ----> high 443 0 0.695134 0.304866 
 ----> high 444 0 0.723954 0.276046 
 ----> high 445 1 0.598745 0.401255 
 ----> high 446 0 0.724468 0.275532 
 ----> high 447 0 0.680448 0.319552 
 ----> high 448 0 0.703628 0.296372 
 ----> high 449 0 0.698769 0.301231 
 ----> high 450 0 0.721332 0.278668 
 ----> high 451 0 0.697076 0.302924 
 ----> high 452 0 0.693471 0.306529 
 ----> high 453 0 0.678152 0.321848 
 ----> high 454 0 0.706312 0.293688 
 ----> high 455 1 0.699564 0.300436 
 ----> high 456 0 0.704057 0.295943 
 ----> high 457 0 0.711569 0.288431 
 ----> high 458 1 0.670414 0.329586 
 ----> high 459 0 0.700073 0.299927 
 ----> high 460 0 0.684682 0.315318 
 ----> high 461 1 0.722769 0.277231 
 ----> high 462 0 0.700084 0.299916 
 ----> high 463 0 0.719519 0.280481 
 ----> high 464 0 0.681901 0.318099 
 ----> high 465 0 0.64763 0.35237 
 ----> high 466 0 0.731266 0.268734 
 ----> high 467 1 0.680784 0.319216 
 ----> high 468 0 0.68721 0.31279 
 ----> high 469 0 0.681608 0.318392 
 ----> high 470 1 0.640769 0.359231 
 ----> high 471 1 0.700711 0.299289 
 ----> high 472 0 0.692498 0.307502 
 ----> high 473 1 0.66898 0.33102 
 ----> high 474 1 0.679651 0.320349 
 ----> high 475 0 0.709498 0.290502 
 ----> high 476 0 0.670184 0.329816 
 ----> high 477 1 0.669875 0.330125 
 ----> high 478 0 0.692184 0.307816 
 ----> high 479 0 0.713333 0.286667 
 ----> high 480 0 0.697633 0.302367 
 ----> high 481 0 0.682712 0.317288 
 ----> high 482 0 0.654159 0.345841 
 ----> high 483 0 0.662486 0.337514 
 ----> high 484 0 0.69453 0.30547 
 ----> high 485 0 0.684781 0.315219 
 ----> high 486 0 0.664668 0.335332 
 ----> high 487 0 0.664911 0.335089 
 ----> high 488 1 0.590745 0.409255 
 ----> high 489 1 0.627041 0.372959 
 ----> high 490 0 0.692563 0.307437 
 ----> high 491 1 0.651204 0.348796 
 ----> high 492 0 0.675645 0.324355 
 ----> high 493 0 0.65308 0.34692 
 ----> high 494 0 0.690602 0.309398 
 ----> high 495 1 0.661334 0.338666 
 ----> high 496 1 0.666845 0.333155 
 ----> high 497 0 0.685619 0.314381 
 ----> high 498 0 0.705895 0.294105 
 ----> high 499 0 0.678668 0.321332 
 ----> high 500 1 0.699497 0.300503 
 ----> high 501 0 0.69025 0.30975 
 ----> high 502 0 0.716508 0.283492 
 ----> high 503 1 0.642725 0.357275 
 ----> high 504 0 0.723603 0.276397 
 ----> high 505 0 0.725664 0.274336 
 ----> high 506 0 0.725827 0.274173 
 ----> high 507 0 0.696327 0.303673 
 ----> high 508 1 0.703499 0.296501 
 ----> high 509 1 0.645262 0.354738 
 ----> high 510 0 0.707712 0.292288 
 ----> high 511 0 0.70189 0.29811 
 ----> high 512 0 0.702021 0.297979 
 ----> high 513 1 0.67252 0.32748 
 ----> high 514 1 0.651794 0.348206 
 ----> high 515 0 0.706911 0.293089 
 ----> high 516 0 0.684213 0.315787 
 ----> high 517 1 0.705001 0.294999 
 ----> high 518 1 0.6458 0.3542 
 ----> high 519 0 0.689866 0.310134 
 ----> high 520 1 0.682493 0.317507 
 ----> high 521 1 0.718382 0.281618 
 ----> high 522 0 0.700066 0.299934 
 ----> high 523 1 0.641258 0.358742 
 ----> high 524 0 0.711457 0.288543 
 ----> high 525 0 0.70869 0.29131 
 ----> high 526 0 0.710061 0.289939 
 ----> high 527 0 0.719554 0.280446 
 ----> high 528 0 0.692774 0.307226 
 ----> high 529 1 0.660525 0.339475 
 ----> high 530 0 0.714293 0.285707 
 ----> high 531 1 0.711751 0.288249 
 ----> high 532 0 0.719662 0.280338 
 ----> high 533 0 0.725676 0.274324 
 ----> high 534 0 0.710819 0.289181 
 ----> high 535 0 0.742743 0.257257 
 ----> high 536 0 0.708641 0.291359 
 ----> high 537 0 0.740919 0.259081 
 ----> high 538 0 0.721035 0.278965 
 ----> high 539 0 0.6564 0.3436 
 ----> high 540 0 0.698894 0.301106 
 ----> high 541 0 0.680086 0.319914 
 ----> high 542 1 0.657712 0.342288 
 ----> high 543 0 0.678107 0.321893 
 ----> high 544 0 0.769725 0.230275 
 ----> high 545 0 0.718667 0.281333 
 ----> high 546 0 0.730906 0.269094 
 ----> high 547 0 0.734593 0.265407 
 ----> high 548 0 0.709584 0.290416 
 ----> high 549 0 0.723179 0.276821 
 ----> high 550 0 0.653139 0.346861 
 ----> high 551 1 0.686828 0.313172 
 ----> high 552 0 0.709812 0.290188 
 ----> high 553 1 0.677516 0.322484 
 ----> high 554 0 0.695795 0.304205 
 ----> high 555 1 0.653902 0.346098 
 ----> high 556 0 0.624025 0.375975 
 ----> high 557 0 0.666192 0.333808 
 ----> high 558 1 0.649016 0.350984 
 ----> high 559 0 0.702477 0.297523 
 ----> high 560 0 0.776727 0.223273 
 ----> high 561 0 0.749908 0.250092 
 ----> high 562 0 0.689071 0.310929 
 ----> high 563 0 0.685756 0.314244 
 ----> high 564 0 0.702028 0.297972 
 ----> high 565 0 0.722503 0.277497 
 ----> high 566 0 0.712422 0.287578 
 ----> high 567 0 0.724001 0.275999 
 ----> high 568 0 0.752347 0.247653 
 ----> high 569 1 0.677562 0.322438 
 ----> high 570 0 0.676185 0.323815 
 ----> high 571 0 0.715851 0.284149 
 ----> high 572 1 0.705949 0.294051 
 ----> high 573 0 0.713957 0.286043 
 ----> high 574 0 0.682864 0.317136 
 ----> high 575 0 0.669087 0.330913 
 ----> high 576 1 0.67621 0.32379 
 ----> high 577 0 0.659205 0.340795 
 ----> high 578 0 0.710257 0.289743 
 ----> high 579 0 0.72968 0.27032 
 ----> high 580 1 0.680413 0.319587 
 ----> high 581 0 0.713399 0.286601 
 ----> high 582 0 0.740995 0.259005 
 ----> high 583 0 0.746129 0.253871 
 ----> high 584 1 0.645393 0.354607 
 ----> high 585 0 0.677807 0.322193 
 ----> high 586 0 0.713381 0.286619 
 ----> high 587 0 0.702241 0.297759 
 ----> high 588 0 0.714285 0.285715 
 ----> high 589 1 0.679541 0.320459 
 ----> high 590 0 0.690432 0.309568 
 ----> high 591 1 0.666801 0.333199 
 ----> high 592 1 0.665796 0.334204 
 ----> high 593 0 0.72812 0.27188 
 ----> high 594 0 0.752425 0.247575 
 ----> high 595 0 0.721569 0.278431 
 ----> high 596 0 0.719937 0.280063 
 ----> high 597 0 0.730644 0.269356 
 ----> high 598 0 0.683668 0.316332 
 ----> high 599 0 0.711075 0.288925 
 ----> high 600 0 0.708542 0.291458 
 ----> high 601 0 0.69288 0.30712 
 ----> high 602 1 0.689508 0.310492 
 ----> high 603 1 0.672118 0.327882 
 ----> high 604 0 0.722546 0.277454 
 ----> high 605 0 0.6614 0.3386 
 ----> high 606 0 0.702826 0.297174 
 ----> high 607 1 0.690693 0.309307 
 ----> high 608 1 0.684658 0.315342 
 ----> high 609 0 0.664435 0.335565 
 ----> high 610 0 0.72058 0.27942 
 ----> high 611 0 0.659338 0.340662 
 ----> high 612 0 0.698369 0.301631 
 ----> high 613 0 0.655389 0.344611 
 ----> high 614 0 0.643663 0.356337 
 ----> high 615 0 0.728099 0.271901 
 ----> high 616 0 0.701388 0.298612 
 ----> high 617 0 0.694653 0.305347 
 ----> high 618 0 0.704528 0.295472 
 ----> high 619 1 0.677134 0.322866 
 ----> high 620 1 0.685985 0.314015 
 ----> high 621 0 0.673717 0.326283 
 ----> high 622 1 0.697673 0.302327 
 ----> high 623 0 0.693508 0.306492 
 ----> high 624 0 0.730635 0.269365 
 ----> high 625 0 0.729295 0.270705 
 ----> high 626 0 0.716356 0.283644 
 ----> high 627 0 0.714173 0.285827 
 ----> high 628 0 0.688927 0.311073 
 ----> high 629 1 0.673298 0.326702 
 ----> high 630 0 0.732799 0.267201 
 ----> high 631 0 0.702421 0.297579 
 ----> high 632 1 0.685438 0.314562 
 ----> high 633 0 0.700293 0.299707 
 ----> high 634 1 0.655631 0.344369 
 ----> high 635 0 0.659583 0.340417 
 ----> high 636 1 0.656872 0.343128 
 ----> high 637 0 0.684237 0.315763 
 ----> high 638 0 0.675915 0.324085 
 ----> high 639 1 0.618858 0.381142 
 ----> high 640 1 0.630153 0.369847 
 ----> high 641 0 0.730307 0.269693 
 ----> high 642 0 0.729997 0.270003 
 ----> high 643 0 0.720727 0.279273 
 ----> high 644 0 0.703772 0.296228 
 ----> high 645 0 0.719414 0.280586 
 ----> high 646 0 0.716925 0.283075 
 ----> high 647 1 0.681089 0.318911 
 ----> high 648 0 0.716692 0.283308 
 ----> high 649 0 0.71188 0.28812 
 ----> high 650 0 0.69724 0.30276 
 ----> high 651 1 0.713008 0.286992 
 ----> high 652 0 0.709045 0.290955 
 ----> high 653 0 0.668547 0.331453 
 ----> high 654 1 0.650661 0.349339 
 ----> high 655 0 0.67508 0.32492 
 ----> high 656 0 0.656211 0.343789 
 ----> high 657 0 0.704901 0.295099 
 ----> high 658 0 0.657411 0.342589 
 ----> high 659 0 0.68498 0.31502 
 ----> high 660 0 0.739719 0.260281 
 ----> high 661 0 0.682518 0.317482 
 ----> high 662 0 0.681326 0.318674 
 ----> high 663 0 0.711293 0.288707 
 ----> high 664 1 0.687942 0.312058 
 ----> high 665 0 0.693273 0.306727 
 ----> high 666 0 0.707179 0.292821 
 ----> high 667 0 0.696222 0.303778 
 ----> high 668 0 0.68069 0.31931 
 ----> high 669 0 0.701844 0.298156 
 ----> high 670 0 0.716953 0.283047 
 ----> high 671 0 0.697138 0.302862 
 ----> high 672 0 0.688775 0.311225 
 ----> high 673 0 0.663639 0.336361 
 ----> high 674 1 0.720257 0.279743 
 ----> high 675 1 0.641006 0.358994 
 ----> high 676 0 0.656806 0.343194 
 ----> high 677 0 0.662609 0.337391 
 ----> high 678 1 0.623255 0.376745 
 ----> high 679 0 0.745618 0.254382 
 ----> high 680 1 0.689017 0.310983 
 ----> high 681 0 0.673852 0.326148 
 ----> high 682 0 0.70368 0.29632 
 ----> high 683 0 0.701618 0.298382 
 ----> high 684 0 0.70011 0.29989 
 ----> high 685 1 0.65737 0.34263 
 ----> high 686 0 0.675584 0.324416 
 ----> high 687 0 0.653502 0.346498 
 ----> high 688 0 0.708861 0.291139 
 ----> high 689 0 0.696208 0.303792 
 ----> high 690 1 0.680863 0.319137 
 ----> high 691 0 0.691063 0.308937 
 ----> high 692 0 0.688282 0.311718 
 ----> high 693 0 0.634009 0.365991 
 ----> high 694 0 0.647143 0.352857 
 ----> high 695 0 0.694841 0.305159 
 ----> high 696 0 0.697691 0.302309 
 ----> high 697 0 0.706917 0.293083 
 ----> high 698 0 0.721651 0.278349 
 ----> high 699 0 0.710928 0.289072 
 ----> high 700 1 0.593598 0.406402 
 ----> high 701 0 0.684701 0.315299 
 ----> high 702 0 0.691231 0.308769 
 ----> high 703 0 0.699641 0.300359 
 ----> high 704 0 0.714444 0.285556 
 ----> high 705 0 0.710904 0.289096 
 ----> high 706 0 0.682803 0.317197 
 ----> high 707 0 0.664278 0.335722 
 ----> high 708 0 0.694591 0.305409 
 ----> high 709 0 0.708104 0.291896 
 ----> high 710 0 0.641681 0.358319 
 ----> high 711 0 0.689733 0.310267 
 ----> high 712 0 0.706021 0.293979 
 ----> high 713 0 0.666522 0.333478 
 ----> high 714 1 0.672919 0.327081 
 ----> high 715 0 0.695052 0.304948 
 ----> high 716 1 0.700119 0.299881 
 ----> high 717 0 0.692498 0.307502 
 ----> high 718 0 0.741796 0.258204 
