 ----> high 1 0 0.70159 0.29841 
 ----> high 2 0 0.679865 0.320135 
 ----> high 3 1 0.623957 0.376043 
 ----> high 4 1 0.631632 0.368368 
 ----> high 5 0 0.66056 0.33944 
 ----> high 6 1 0.705958 0.294042 
 ----> high 7 0 0.699501 0.300499 
 ----> high 8 0 0.65704 0.34296 
 ----> high 9 0 0.705546 0.294454 
 ----> high 10 1 0.692755 0.307245 
 ----> high 11 1 0.6888 0.3112 
 ----> high 12 1 0.697828 0.302172 
 ----> high 13 0 0.711341 0.288659 
 ----> high 14 1 0.686952 0.313048 
 ----> high 15 0 0.67771 0.32229 
 ----> high 16 1 0.672573 0.327427 
 ----> high 17 1 0.664038 0.335962 
 ----> high 18 0 0.669497 0.330503 
 ----> high 19 0 0.693353 0.306647 
 ----> high 20 0 0.689651 0.310349 
 ----> high 21 1 0.646488 0.353512 
 ----> high 22 0 0.710834 0.289166 
 ----> high 23 0 0.676545 0.323455 
 ----> high 24 0 0.671363 0.328637 
 ----> high 25 0 0.693959 0.306041 
 ----> high 26 0 0.66504 0.33496 
 ----> high 27 1 0.687914 0.312086 
 ----> high 28 1 0.660323 0.339677 
 ----> high 29 0 0.685835 0.314165 
 ----> high 30 0 0.695001 0.304999 
 ----> high 31 1 0.635731 0.364269 
 ----> high 32 0 0.738219 0.261781 
 ----> high 33 0 0.698553 0.301447 
 ----> high 34 0 0.685281 0.314719 
 ----> high 35 1 0.662132 0.337868 
 ----> high 36 1 0.647895 0.352105 
 ----> high 37 0 0.695944 0.304056 
 ----> high 38 0 0.706489 0.293511 
 ----> high 39 0 0.690321 0.309679 
 ----> high 40 1 0.698839 0.301161 
 ----> high 41 1 0.667628 0.332372 
 ----> high 42 1 0.685313 0.314687 
 ----> high 43 0 0.693699 0.306301 
 ----> high 44 0 0.648365 0.351635 
 ----> high 45 1 0.643967 0.356033 
 ----> high 46 1 0.702091 0.297909 
 ----> high 47 0 0.671341 0.328659 
 ----> high 48 0 0.714739 0.285261 
 ----> high 49 1 0.699172 0.300828 
 ----> high 50 1 0.673602 0.326398 
 ----> high 51 1 0.723706 0.276294 
 ----> high 52 1 0.670156 0.329844 
 ----> high 53 1 0.681806 0.318194 
 ----> high 54 0 0.700722 0.299278 
 ----> high 55 0 0.656758 0.343242 
 ----> high 56 0 0.713252 0.286748 
 ----> high 57 1 0.698109 0.301891 
 ----> high 58 1 0.701841 0.298159 
 ----> high 59 1 0.701819 0.298181 
 ----> high 60 1 0.683417 0.316583 
 ----> high 61 0 0.698714 0.301286 
 ----> high 62 0 0.71484 0.28516 
 ----> high 63 1 0.674577 0.325423 
 ----> high 64 1 0.700844 0.299156 
 ----> high 65 0 0.704354 0.295646 
 ----> high 66 0 0.7132 0.2868 
 ----> high 67 0 0.683825 0.316175 
 ----> high 68 0 0.719779 0.280221 
 ----> high 69 0 0.709551 0.290449 
 ----> high 70 0 0.688401 0.311599 
 ----> high 71 1 0.686606 0.313394 
 ----> high 72 0 0.673514 0.326486 
 ----> high 73 0 0.723216 0.276784 
 ----> high 74 1 0.688677 0.311323 
 ----> high 75 0 0.690883 0.309117 
 ----> high 76 0 0.692055 0.307945 
 ----> high 77 0 0.703609 0.296391 
 ----> high 78 1 0.679145 0.320855 
 ----> high 79 0 0.706491 0.293509 
 ----> high 80 1 0.661974 0.338026 
 ----> high 81 1 0.661574 0.338426 
 ----> high 82 1 0.684949 0.315051 
 ----> high 83 1 0.700957 0.299043 
 ----> high 84 1 0.695114 0.304886 
 ----> high 85 0 0.66602 0.33398 
 ----> high 86 0 0.677589 0.322411 
 ----> high 87 0 0.694758 0.305242 
 ----> high 88 1 0.650765 0.349235 
 ----> high 89 1 0.71578 0.28422 
 ----> high 90 1 0.652334 0.347666 
 ----> high 91 0 0.702616 0.297384 
 ----> high 92 1 0.693034 0.306966 
 ----> high 93 0 0.683614 0.316386 
 ----> high 94 1 0.691945 0.308055 
 ----> high 95 0 0.675587 0.324413 
 ----> high 96 0 0.678661 0.321339 
 ----> high 97 0 0.740328 0.259672 
 ----> high 98 1 0.681179 0.318821 
 ----> high 99 1 0.736943 0.263057 
 ----> high 100 1 0.683583 0.316417 
 ----> high 101 1 0.709713 0.290287 
 ----> high 102 1 0.700775 0.299225 
 ----> high 103 0 0.684671 0.315329 
 ----> high 104 0 0.751749 0.248251 
 ----> high 105 0 0.724212 0.275788 
 ----> high 106 0 0.68624 0.31376 
 ----> high 107 0 0.720674 0.279326 
 ----> high 108 0 0.711581 0.288419 
 ----> high 109 0 0.695463 0.304537 
 ----> high 110 1 0.65887 0.34113 
 ----> high 111 0 0.685818 0.314182 
 ----> high 112 0 0.698522 0.301478 
 ----> high 113 0 0.708169 0.291831 
 ----> high 114 1 0.687292 0.312708 
 ----> high 115 0 0.694586 0.305414 
 ----> high 116 0 0.716373 0.283627 
 ----> high 117 0 0.68124 0.31876 
 ----> high 118 1 0.666618 0.333382 
 ----> high 119 1 0.720656 0.279344 
 ----> high 120 0 0.626921 0.373079 
 ----> high 121 1 0.632121 0.367879 
 ----> high 122 0 0.697171 0.302829 
 ----> high 123 1 0.692813 0.307187 
 ----> high 124 1 0.666105 0.333895 
 ----> high 125 0 0.728772 0.271228 
 ----> high 126 1 0.662638 0.337362 
 ----> high 127 0 0.717994 0.282006 
 ----> high 128 0 0.687663 0.312337 
 ----> high 129 0 0.710246 0.289754 
 ----> high 130 1 0.717334 0.282666 
 ----> high 131 0 0.696389 0.303611 
 ----> high 132 0 0.697199 0.302801 
 ----> high 133 1 0.689594 0.310406 
 ----> high 134 1 0.673511 0.326489 
 ----> high 135 1 0.665718 0.334282 
 ----> high 136 0 0.712741 0.287259 
 ----> high 137 1 0.699815 0.300185 
 ----> high 138 1 0.669679 0.330321 
 ----> high 139 0 0.66841 0.33159 
 ----> high 140 0 0.69543 0.30457 
 ----> high 141 1 0.654939 0.345061 
 ----> high 142 0 0.693822 0.306178 
 ----> high 143 0 0.682321 0.317679 
 ----> high 144 0 0.711613 0.288387 
 ----> high 145 0 0.673645 0.326355 
 ----> high 146 0 0.678858 0.321142 
 ----> high 147 0 0.714313 0.285687 
 ----> high 148 0 0.667032 0.332968 
 ----> high 149 0 0.719794 0.280206 
 ----> high 150 1 0.620677 0.379323 
 ----> high 151 1 0.682429 0.317571 
 ----> high 152 0 0.72443 0.27557 
 ----> high 153 0 0.720714 0.279286 
 ----> high 154 0 0.670117 0.329883 
 ----> high 155 0 0.717328 0.282672 
 ----> high 156 1 0.662891 0.337109 
 ----> high 157 1 0.692094 0.307906 
 ----> high 158 1 0.722641 0.277359 
 ----> high 159 0 0.694812 0.305188 
 ----> high 160 0 0.698598 0.301402 
 ----> high 161 0 0.729092 0.270908 
 ----> high 162 1 0.65981 0.34019 
 ----> high 163 1 0.675362 0.324638 
 ----> high 164 0 0.709935 0.290065 
 ----> high 165 1 0.617941 0.382059 
 ----> high 166 1 0.611025 0.388975 
 ----> high 167 0 0.702402 0.297598 
 ----> high 168 1 0.678028 0.321972 
 ----> high 169 0 0.689959 0.310041 
 ----> high 170 1 0.7086 0.2914 
 ----> high 171 1 0.685314 0.314686 
 ----> high 172 0 0.692815 0.307185 
 ----> high 173 1 0.700514 0.299486 
 ----> high 174 0 0.681889 0.318111 
 ----> high 175 1 0.65289 0.34711 
 ----> high 176 0 0.682989 0.317011 
 ----> high 177 0 0.725767 0.274233 
 ----> high 178 1 0.656884 0.343116 
 ----> high 179 1 0.658436 0.341564 
 ----> high 180 0 0.736604 0.263396 
 ----> high 181 0 0.721622 0.278378 
 ----> high 182 1 0.670736 0.329264 
 ----> high 183 0 0.724671 0.275329 
 ----> high 184 1 0.647892 0.352108 
 ----> high 185 1 0.661356 0.338644 
 ----> high 186 0 0.705704 0.294296 
 ----> high 187 0 0.687374 0.312626 
 ----> high 188 1 0.63959 0.36041 
 ----> high 189 1 0.725874 0.274126 
 ----> high 190 0 0.712586 0.287414 
 ----> high 191 0 0.68277 0.31723 
 ----> high 192 1 0.684729 0.315271 
 ----> high 193 0 0.676666 0.323334 
 ----> high 194 0 0.686008 0.313992 
 ----> high 195 0 0.691145 0.308855 
 ----> high 196 1 0.669851 0.330149 
 ----> high 197 0 0.698545 0.301455 
 ----> high 198 0 0.735548 0.264452 
 ----> high 199 0 0.695419 0.304581 
 ----> high 200 0 0.730632 0.269368 
 ----> high 201 0 0.650125 0.349875 
 ----> high 202 0 0.711163 0.288837 
 ----> high 203 0 0.699418 0.300582 
 ----> high 204 1 0.679361 0.320639 
 ----> high 205 0 0.704451 0.295549 
 ----> high 206 0 0.692933 0.307067 
 ----> high 207 1 0.680706 0.319294 
 ----> high 208 0 0.733795 0.266205 
 ----> high 209 0 0.680463 0.319537 
 ----> high 210 0 0.744726 0.255274 
 ----> high 211 0 0.683802 0.316198 
 ----> high 212 0 0.710663 0.289337 
 ----> high 213 0 0.709621 0.290379 
 ----> high 214 0 0.699404 0.300596 
 ----> high 215 0 0.696955 0.303045 
 ----> high 216 0 0.707257 0.292743 
 ----> high 217 0 0.659836 0.340164 
 ----> high 218 0 0.688319 0.311681 
 ----> high 219 0 0.706607 0.293393 
 ----> high 220 0 0.677922 0.322078 
 ----> high 221 0 0.708771 0.291229 
 ----> high 222 1 0.608482 0.391518 
 ----> high 223 1 0.594411 0.405589 
 ----> high 224 0 0.750845 0.249155 
 ----> high 225 1 0.649845 0.350155 
 ----> high 226 1 0.680866 0.319134 
 ----> high 227 0 0.708061 0.291939 
 ----> high 228 0 0.68707 0.31293 
 ----> high 229 0 0.680085 0.319915 
 ----> high 230 0 0.707278 0.292722 
 ----> high 231 0 0.690211 0.309789 
 ----> high 232 1 0.687454 0.312546 
 ----> high 233 0 0.671623 0.328377 
 ----> high 234 0 0.70551 0.29449 
 ----> high 235 0 0.663407 0.336593 
 ----> high 236 1 0.689422 0.310578 
 ----> high 237 0 0.658805 0.341195 
 ----> high 238 0 0.72255 0.27745 
 ----> high 239 0 0.701291 0.298709 
 ----> high 240 0 0.665873 0.334127 
 ----> high 241 0 0.736457 0.263543 
 ----> high 242 1 0.66612 0.33388 
 ----> high 243 0 0.736387 0.263613 
 ----> high 244 1 0.643154 0.356846 
 ----> high 245 1 0.663744 0.336256 
 ----> high 246 1 0.66621 0.33379 
 ----> high 247 0 0.697088 0.302912 
 ----> high 248 0 0.704259 0.295741 
 ----> high 249 1 0.640585 0.359415 
 ----> high 250 0 0.665689 0.334311 
 ----> high 251 0 0.71171 0.28829 
 ----> high 252 0 0.725033 0.274967 
 ----> high 253 1 0.661497 0.338503 
 ----> high 254 0 0.698991 0.301009 
 ----> high 255 1 0.702797 0.297203 
 ----> high 256 1 0.700427 0.299573 
 ----> high 257 1 0.674488 0.325512 
 ----> high 258 0 0.683665 0.316335 
 ----> high 259 0 0.689384 0.310616 
 ----> high 260 1 0.662771 0.337229 
 ----> high 261 1 0.653139 0.346861 
 ----> high 262 1 0.693888 0.306112 
 ----> high 263 0 0.717661 0.282339 
 ----> high 264 1 0.672489 0.327511 
 ----> high 265 1 0.702261 0.297739 
 ----> high 266 0 0.719056 0.280944 
 ----> high 267 0 0.687587 0.312413 
 ----> high 268 0 0.680038 0.319962 
 ----> high 269 0 0.665476 0.334524 
 ----> high 270 0 0.709228 0.290772 
 ----> high 271 1 0.672207 0.327793 
 ----> high 272 0 0.689175 0.310825 
 ----> high 273 0 0.746013 0.253987 
 ----> high 274 0 0.684354 0.315646 
 ----> high 275 0 0.712227 0.287773 
 ----> high 276 1 0.635731 0.364269 
 ----> high 277 0 0.719343 0.280657 
 ----> high 278 0 0.72618 0.27382 
 ----> high 279 1 0.702605 0.297395 
 ----> high 280 1 0.674123 0.325877 
 ----> high 281 0 0.721267 0.278733 
 ----> high 282 1 0.663234 0.336766 
 ----> high 283 1 0.644116 0.355884 
 ----> high 284 0 0.68784 0.31216 
 ----> high 285 0 0.704017 0.295983 
 ----> high 286 0 0.697222 0.302778 
 ----> high 287 1 0.64309 0.35691 
 ----> high 288 0 0.732746 0.267254 
 ----> high 289 1 0.659408 0.340592 
 ----> high 290 0 0.706626 0.293374 
 ----> high 291 1 0.695594 0.304406 
 ----> high 292 1 0.658669 0.341331 
 ----> high 293 0 0.707065 0.292935 
 ----> high 294 1 0.680831 0.319169 
 ----> high 295 0 0.698616 0.301384 
 ----> high 296 1 0.684255 0.315745 
 ----> high 297 0 0.681936 0.318064 
 ----> high 298 1 0.636119 0.363881 
 ----> high 299 0 0.712408 0.287592 
 ----> high 300 0 0.675463 0.324537 
 ----> high 301 0 0.674704 0.325296 
 ----> high 302 0 0.665311 0.334689 
 ----> high 303 0 0.683646 0.316354 
 ----> high 304 0 0.688879 0.311121 
 ----> high 305 0 0.702753 0.297247 
 ----> high 306 0 0.69216 0.30784 
 ----> high 307 0 0.706636 0.293364 
 ----> high 308 0 0.745068 0.254932 
 ----> high 309 1 0.649589 0.350411 
 ----> high 310 1 0.674665 0.325335 
 ----> high 311 0 0.703797 0.296203 
 ----> high 312 0 0.687681 0.312319 
 ----> high 313 1 0.680017 0.319983 
 ----> high 314 0 0.701389 0.298611 
 ----> high 315 0 0.682053 0.317947 
 ----> high 316 0 0.709146 0.290854 
 ----> high 317 0 0.687977 0.312023 
 ----> high 318 0 0.691048 0.308952 
 ----> high 319 0 0.697108 0.302892 
 ----> high 320 0 0.689491 0.310509 
 ----> high 321 1 0.639014 0.360986 
 ----> high 322 0 0.726378 0.273622 
 ----> high 323 0 0.728006 0.271994 
 ----> high 324 0 0.681141 0.318859 
 ----> high 325 0 0.715354 0.284646 
 ----> high 326 0 0.709342 0.290658 
 ----> high 327 1 0.621117 0.378883 
 ----> high 328 0 0.697441 0.302559 
 ----> high 329 0 0.670601 0.329399 
 ----> high 330 0 0.664102 0.335898 
 ----> high 331 0 0.702576 0.297424 
 ----> high 332 0 0.700933 0.299067 
 ----> high 333 1 0.670877 0.329123 
 ----> high 334 1 0.654702 0.345298 
 ----> high 335 0 0.671927 0.328073 
 ----> high 336 1 0.676587 0.323413 
 ----> high 337 0 0.690597 0.309403 
 ----> high 338 0 0.718985 0.281015 
 ----> high 339 0 0.693041 0.306959 
 ----> high 340 1 0.700941 0.299059 
 ----> high 341 0 0.706884 0.293116 
 ----> high 342 1 0.63862 0.36138 
 ----> high 343 1 0.686244 0.313756 
 ----> high 344 0 0.687052 0.312948 
 ----> high 345 0 0.723007 0.276993 
 ----> high 346 1 0.711848 0.288152 
 ----> high 347 0 0.73778 0.26222 
 ----> high 348 0 0.692573 0.307427 
 ----> high 349 0 0.690822 0.309178 
 ----> high 350 1 0.677714 0.322286 
 ----> high 351 0 0.668004 0.331996 
 ----> high 352 0 0.671794 0.328206 
 ----> high 353 0 0.732453 0.267547 
 ----> high 354 0 0.699669 0.300331 
 ----> high 355 0 0.72435 0.27565 
 ----> high 356 0 0.703876 0.296124 
 ----> high 357 1 0.683431 0.316569 
 ----> high 358 0 0.672377 0.327623 
 ----> high 359 0 0.694391 0.305609 
 ----> high 360 0 0.675625 0.324375 
 ----> high 361 0 0.695293 0.304707 
 ----> high 362 0 0.713742 0.286258 
 ----> high 363 0 0.698533 0.301467 
 ----> high 364 0 0.676228 0.323772 
 ----> high 365 0 0.684885 0.315115 
 ----> high 366 1 0.620329 0.379671 
 ----> high 367 1 0.654861 0.345139 
 ----> high 368 0 0.697232 0.302768 
 ----> high 369 0 0.72143 0.27857 
 ----> high 370 0 0.64156 0.35844 
 ----> high 371 0 0.719015 0.280985 
 ----> high 372 0 0.664843 0.335157 
 ----> high 373 0 0.680188 0.319812 
 ----> high 374 0 0.677371 0.322629 
 ----> high 375 0 0.728527 0.271473 
 ----> high 376 0 0.721708 0.278292 
 ----> high 377 0 0.671223 0.328777 
 ----> high 378 0 0.726855 0.273145 
 ----> high 379 0 0.684336 0.315664 
 ----> high 380 0 0.721815 0.278185 
 ----> high 381 1 0.693151 0.306849 
 ----> high 382 0 0.726385 0.273615 
 ----> high 383 0 0.70306 0.29694 
 ----> high 384 0 0.692608 0.307392 
 ----> high 385 1 0.66444 0.33556 
 ----> high 386 0 0.705891 0.294109 
 ----> high 387 1 0.675041 0.324959 
 ----> high 388 1 0.666905 0.333095 
 ----> high 389 0 0.67751 0.32249 
 ----> high 390 0 0.715116 0.284884 
 ----> high 391 0 0.704638 0.295362 
 ----> high 392 0 0.717151 0.282849 
 ----> high 393 1 0.66818 0.33182 
 ----> high 394 1 0.691639 0.308361 
 ----> high 395 0 0.714711 0.285289 
 ----> high 396 0 0.675978 0.324022 
 ----> high 397 0 0.652521 0.347479 
 ----> high 398 1 0.657067 0.342933 
 ----> high 399 1 0.696594 0.303406 
 ----> high 400 1 0.60997 0.39003 
 ----> high 401 0 0.755586 0.244414 
 ----> high 402 1 0.647159 0.352841 
 ----> high 403 0 0.693424 0.306576 
 ----> high 404 0 0.682906 0.317094 
 ----> high 405 1 0.670021 0.329979 
 ----> high 406 1 0.688698 0.311302 
 ----> high 407 1 0.675948 0.324052 
 ----> high 408 0 0.676514 0.323486 
 ----> high 409 0 0.7399 0.2601 
 ----> high 410 0 0.695434 0.304566 
 ----> high 411 1 0.714552 0.285448 
 ----> high 412 0 0.669367 0.330633 
 ----> high 413 0 0.715909 0.284091 
 ----> high 414 0 0.676247 0.323753 
 ----> high 415 1 0.642689 0.357311 
 ----> high 416 0 0.689214 0.310786 
 ----> high 417 0 0.715756 0.284244 
 ----> high 418 1 0.671355 0.328645 
 ----> high 419 1 0.646667 0.353333 
 ----> high 420 0 0.716625 0.283375 
 ----> high 421 0 0.694877 0.305123 
 ----> high 422 0 0.716912 0.283088 
 ----> high 423 0 0.679016 0.320984 
 ----> high 424 0 0.701296 0.298704 
 ----> high 425 0 0.705942 0.294058 
 ----> high 426 1 0.694258 0.305742 
 ----> high 427 0 0.726292 0.273708 
 ----> high 428 0 0.679059 0.320941 
 ----> high 429 0 0.714739 0.285261 
 ----> high 430 0 0.724186 0.275814 
 ----> high 431 0 0.680881 0.319119 
 ----> high 432 0 0.70562 0.29438 
 ----> high 433 0 0.670016 0.329984 
 ----> high 434 0 0.723033 0.276967 
 ----> high 435 1 0.670198 0.329802 
 ----> high 436 0 0.676191 0.323809 
 ----> high 437 0 0.690984 0.309016 
 ----> high 438 1 0.658511 0.341489 
 ----> high 439 0 0.688622 0.311378 
 ----> high 440 1 0.702208 0.297792 
 ----> high 441 0 0.73483 0.26517 
 ----> high 442 0 0.700142 0.299858 
 ----> high 443 0 0.668728 0.331272 
 ----> high 444 0 0.709741 0.290259 
 ----> high 445 1 0.678277 0.321723 
 ----> high 446 0 0.677712 0.322288 
 ----> high 447 0 0.681765 0.318235 
 ----> high 448 0 0.705164 0.294836 
 ----> high 449 0 0.725104 0.274896 
 ----> high 450 0 0.6974 0.3026 
 ----> high 451 0 0.648256 0.351744 
 ----> high 452 0 0.749859 0.250141 
 ----> high 453 0 0.699181 0.300819 
 ----> high 454 0 0.706906 0.293094 
 ----> high 455 1 0.676079 0.323921 
 ----> high 456 0 0.707295 0.292705 
 ----> high 457 0 0.69464 0.30536 
 ----> high 458 1 0.664145 0.335855 
 ----> high 459 0 0.710509 0.289491 
 ----> high 460 0 0.667977 0.332023 
 ----> high 461 1 0.673176 0.326824 
 ----> high 462 0 0.690252 0.309748 
 ----> high 463 0 0.657662 0.342338 
 ----> high 464 0 0.686098 0.313902 
 ----> high 465 0 0.671805 0.328195 
 ----> high 466 0 0.752975 0.247025 
 ----> high 467 1 0.642396 0.357604 
 ----> high 468 0 0.714454 0.285546 
 ----> high 469 0 0.70604 0.29396 
 ----> high 470 1 0.720469 0.279531 
 ----> high 471 1 0.620415 0.379585 
 ----> high 472 0 0.692141 0.307859 
 ----> high 473 1 0.64971 0.35029 
 ----> high 474 1 0.69766 0.30234 
 ----> high 475 0 0.700241 0.299759 
 ----> high 476 0 0.719874 0.280126 
 ----> high 477 1 0.710301 0.289699 
 ----> high 478 0 0.717819 0.282181 
 ----> high 479 0 0.696714 0.303286 
 ----> high 480 0 0.657359 0.342641 
 ----> high 481 0 0.67531 0.32469 
 ----> high 482 0 0.710659 0.289341 
 ----> high 483 0 0.664368 0.335632 
 ----> high 484 0 0.693143 0.306857 
 ----> high 485 0 0.686558 0.313442 
 ----> high 486 0 0.692931 0.307069 
 ----> high 487 0 0.717185 0.282815 
 ----> high 488 1 0.641305 0.358695 
 ----> high 489 1 0.682955 0.317045 
 ----> high 490 0 0.706095 0.293905 
 ----> high 491 1 0.657854 0.342146 
 ----> high 492 0 0.664691 0.335309 
 ----> high 493 0 0.673227 0.326773 
 ----> high 494 0 0.686974 0.313026 
 ----> high 495 1 0.661418 0.338582 
 ----> high 496 1 0.670723 0.329277 
 ----> high 497 0 0.713663 0.286337 
 ----> high 498 0 0.666795 0.333205 
 ----> high 499 0 0.700716 0.299284 
 ----> high 500 1 0.659851 0.340149 
 ----> high 501 0 0.672588 0.327412 
 ----> high 502 0 0.727347 0.272653 
 ----> high 503 1 0.672956 0.327044 
 ----> high 504 0 0.702528 0.297472 
 ----> high 505 0 0.70727 0.29273 
 ----> high 506 0 0.70854 0.29146 
 ----> high 507 0 0.719899 0.280101 
 ----> high 508 1 0.68787 0.31213 
 ----> high 509 1 0.660304 0.339696 
 ----> high 510 0 0.751326 0.248674 
 ----> high 511 0 0.724739 0.275261 
 ----> high 512 0 0.679606 0.320394 
 ----> high 513 1 0.693196 0.306804 
 ----> high 514 1 0.624951 0.375049 
 ----> high 515 0 0.702369 0.297631 
 ----> high 516 0 0.700638 0.299362 
 ----> high 517 1 0.657165 0.342835 
 ----> high 518 1 0.675295 0.324705 
 ----> high 519 0 0.654839 0.345161 
 ----> high 520 1 0.646926 0.353074 
 ----> high 521 1 0.653416 0.346584 
 ----> high 522 0 0.728387 0.271613 
 ----> high 523 1 0.673626 0.326374 
 ----> high 524 0 0.718327 0.281673 
 ----> high 525 0 0.682425 0.317575 
 ----> high 526 0 0.706915 0.293085 
 ----> high 527 0 0.679992 0.320008 
 ----> high 528 0 0.713907 0.286093 
 ----> high 529 1 0.676142 0.323858 
 ----> high 530 0 0.703663 0.296337 
 ----> high 531 1 0.65684 0.34316 
 ----> high 532 0 0.654206 0.345794 
 ----> high 533 0 0.683611 0.316389 
 ----> high 534 0 0.712131 0.287869 
 ----> high 535 0 0.704384 0.295616 
 ----> high 536 0 0.689417 0.310583 
 ----> high 537 0 0.693541 0.306459 
 ----> high 538 0 0.690686 0.309314 
 ----> high 539 0 0.713731 0.286269 
 ----> high 540 0 0.672054 0.327946 
 ----> high 541 0 0.715585 0.284415 
 ----> high 542 1 0.679927 0.320073 
 ----> high 543 0 0.692303 0.307697 
 ----> high 544 0 0.737659 0.262341 
 ----> high 545 0 0.681468 0.318532 
 ----> high 546 0 0.715424 0.284576 
 ----> high 547 0 0.71066 0.28934 
 ----> high 548 0 0.719369 0.280631 
 ----> high 549 0 0.653122 0.346878 
 ----> high 550 0 0.693029 0.306971 
 ----> high 551 1 0.700612 0.299388 
 ----> high 552 0 0.668642 0.331358 
 ----> high 553 1 0.688548 0.311452 
 ----> high 554 0 0.675365 0.324635 
 ----> high 555 1 0.695466 0.304534 
 ----> high 556 0 0.68438 0.31562 
 ----> high 557 0 0.717976 0.282024 
 ----> high 558 1 0.666553 0.333447 
 ----> high 559 0 0.72579 0.27421 
 ----> high 560 0 0.675457 0.324543 
 ----> high 561 0 0.693387 0.306613 
 ----> high 562 0 0.714761 0.285239 
 ----> high 563 0 0.687919 0.312081 
 ----> high 564 0 0.7154 0.2846 
 ----> high 565 0 0.687029 0.312971 
 ----> high 566 0 0.699603 0.300397 
 ----> high 567 0 0.701362 0.298638 
 ----> high 568 0 0.731977 0.268023 
 ----> high 569 1 0.66754 0.33246 
 ----> high 570 0 0.685329 0.314671 
 ----> high 571 0 0.72068 0.27932 
 ----> high 572 1 0.675611 0.324389 
 ----> high 573 0 0.730531 0.269469 
 ----> high 574 0 0.683082 0.316918 
 ----> high 575 0 0.688964 0.311036 
 ----> high 576 1 0.712536 0.287464 
 ----> high 577 0 0.693456 0.306544 
 ----> high 578 0 0.714266 0.285734 
 ----> high 579 0 0.700664 0.299336 
 ----> high 580 1 0.712018 0.287982 
 ----> high 581 0 0.694741 0.305259 
 ----> high 582 0 0.697041 0.302959 
 ----> high 583 0 0.7144 0.2856 
 ----> high 584 1 0.666805 0.333195 
 ----> high 585 0 0.701622 0.298378 
 ----> high 586 0 0.68987 0.31013 
 ----> high 587 0 0.644869 0.355131 
 ----> high 588 0 0.714559 0.285441 
 ----> high 589 1 0.670742 0.329258 
 ----> high 590 0 0.693171 0.306829 
 ----> high 591 1 0.676293 0.323707 
 ----> high 592 1 0.664831 0.335169 
 ----> high 593 0 0.731551 0.268449 
 ----> high 594 0 0.702178 0.297822 
 ----> high 595 0 0.693603 0.306397 
 ----> high 596 0 0.713709 0.286291 
 ----> high 597 0 0.648753 0.351247 
 ----> high 598 0 0.711369 0.288631 
 ----> high 599 0 0.732697 0.267303 
 ----> high 600 0 0.698026 0.301974 
 ----> high 601 0 0.689042 0.310958 
 ----> high 602 1 0.638574 0.361426 
 ----> high 603 1 0.66606 0.33394 
 ----> high 604 0 0.702326 0.297674 
 ----> high 605 0 0.717789 0.282211 
 ----> high 606 0 0.707845 0.292155 
 ----> high 607 1 0.65367 0.34633 
 ----> high 608 1 0.661424 0.338576 
 ----> high 609 0 0.722332 0.277668 
 ----> high 610 0 0.718605 0.281395 
 ----> high 611 0 0.687992 0.312008 
 ----> high 612 0 0.702248 0.297752 
 ----> high 613 0 0.693893 0.306107 
 ----> high 614 0 0.67201 0.32799 
 ----> high 615 0 0.735567 0.264433 
 ----> high 616 0 0.687993 0.312007 
 ----> high 617 0 0.691756 0.308244 
 ----> high 618 0 0.693453 0.306547 
 ----> high 619 1 0.669591 0.330409 
 ----> high 620 1 0.685746 0.314254 
 ----> high 621 0 0.686762 0.313238 
 ----> high 622 1 0.697762 0.302238 
 ----> high 623 0 0.714118 0.285882 
 ----> high 624 0 0.680235 0.319765 
 ----> high 625 0 0.665293 0.334707 
 ----> high 626 0 0.678462 0.321538 
 ----> high 627 0 0.730409 0.269591 
 ----> high 628 0 0.714717 0.285283 
 ----> high 629 1 0.649802 0.350198 
 ----> high 630 0 0.707573 0.292427 
 ----> high 631 0 0.688668 0.311332 
 ----> high 632 1 0.655016 0.344984 
 ----> high 633 0 0.727452 0.272548 
 ----> high 634 1 0.692922 0.307078 
 ----> high 635 0 0.722403 0.277597 
 ----> high 636 1 0.690204 0.309796 
 ----> high 637 0 0.703524 0.296476 
 ----> high 638 0 0.705275 0.294725 
 ----> high 639 1 0.659778 0.340222 
 ----> high 640 1 0.669207 0.330793 
 ----> high 641 0 0.687736 0.312264 
 ----> high 642 0 0.705486 0.294514 
 ----> high 643 0 0.665743 0.334257 
 ----> high 644 0 0.726436 0.273564 
 ----> high 645 0 0.691031 0.308969 
 ----> high 646 0 0.716935 0.283065 
 ----> high 647 1 0.655093 0.344907 
 ----> high 648 0 0.689691 0.310309 
 ----> high 649 0 0.727157 0.272843 
 ----> high 650 0 0.702594 0.297406 
 ----> high 651 1 0.669097 0.330903 
 ----> high 652 0 0.718712 0.281288 
 ----> high 653 0 0.686568 0.313432 
 ----> high 654 1 0.702121 0.297879 
 ----> high 655 0 0.664177 0.335823 
 ----> high 656 0 0.664773 0.335227 
 ----> high 657 0 0.708092 0.291908 
 ----> high 658 0 0.706806 0.293194 
 ----> high 659 0 0.671545 0.328455 
 ----> high 660 0 0.704869 0.295131 
 ----> high 661 0 0.697156 0.302844 
 ----> high 662 0 0.712117 0.287883 
 ----> high 663 0 0.68184 0.31816 
 ----> high 664 1 0.67676 0.32324 
 ----> high 665 0 0.719373 0.280627 
 ----> high 666 0 0.68526 0.31474 
 ----> high 667 0 0.698407 0.301593 
 ----> high 668 0 0.724881 0.275119 
 ----> high 669 0 0.668461 0.331539 
 ----> high 670 0 0.659066 0.340934 
 ----> high 671 0 0.715889 0.284111 
 ----> high 672 0 0.701303 0.298697 
 ----> high 673 0 0.673746 0.326254 
 ----> high 674 1 0.672959 0.327041 
 ----> high 675 1 0.663327 0.336673 
 ----> high 676 0 0.710844 0.289156 
 ----> high 677 0 0.700834 0.299166 
 ----> high 678 1 0.66161 0.33839 
 ----> high 679 0 0.735873 0.264127 
 ----> high 680 1 0.657262 0.342738 
 ----> high 681 0 0.69689 0.30311 
 ----> high 682 0 0.7229 0.2771 
 ----> high 683 0 0.686358 0.313642 
 ----> high 684 0 0.705767 0.294233 
 ----> high 685 1 0.638854 0.361146 
 ----> high 686 0 0.697605 0.302395 
 ----> high 687 0 0.7125 0.2875 
 ----> high 688 0 0.676053 0.323947 
 ----> high 689 0 0.716975 0.283025 
 ----> high 690 1 0.670599 0.329401 
 ----> high 691 0 0.706232 0.293768 
 ----> high 692 0 0.695384 0.304616 
 ----> high 693 0 0.697767 0.302233 
 ----> high 694 0 0.73098 0.26902 
 ----> high 695 0 0.702932 0.297068 
 ----> high 696 0 0.695095 0.304905 
 ----> high 697 0 0.698664 0.301336 
 ----> high 698 0 0.680853 0.319147 
 ----> high 699 0 0.70675 0.29325 
 ----> high 700 1 0.684641 0.315359 
 ----> high 701 0 0.700729 0.299271 
 ----> high 702 0 0.692916 0.307084 
 ----> high 703 0 0.694428 0.305572 
 ----> high 704 0 0.737843 0.262157 
 ----> high 705 0 0.670947 0.329053 
 ----> high 706 0 0.665097 0.334903 
 ----> high 707 0 0.699767 0.300233 
 ----> high 708 0 0.72174 0.27826 
 ----> high 709 0 0.725639 0.274361 
 ----> high 710 0 0.709396 0.290604 
 ----> high 711 0 0.694532 0.305468 
 ----> high 712 0 0.713104 0.286896 
 ----> high 713 0 0.690523 0.309477 
 ----> high 714 1 0.722701 0.277299 
 ----> high 715 0 0.707 0.293 
 ----> high 716 1 0.669212 0.330788 
 ----> high 717 0 0.6964 0.3036 
 ----> high 718 0 0.649037 0.350963 
