 ----> high 1 0 0.681991 0.318009 
 ----> high 2 0 0.680906 0.319094 
 ----> high 3 1 0.700494 0.299506 
 ----> high 4 1 0.697154 0.302846 
 ----> high 5 0 0.724361 0.275639 
 ----> high 6 1 0.673143 0.326857 
 ----> high 7 0 0.697106 0.302894 
 ----> high 8 0 0.68 0.32 
 ----> high 9 0 0.655117 0.344883 
 ----> high 10 1 0.669276 0.330724 
 ----> high 11 1 0.688654 0.311346 
 ----> high 12 1 0.61846 0.38154 
 ----> high 13 0 0.670145 0.329855 
 ----> high 14 1 0.671825 0.328175 
 ----> high 15 0 0.66614 0.33386 
 ----> high 16 1 0.684166 0.315834 
 ----> high 17 1 0.711589 0.288411 
 ----> high 18 0 0.692859 0.307141 
 ----> high 19 0 0.629945 0.370055 
 ----> high 20 0 0.64323 0.35677 
 ----> high 21 1 0.62874 0.37126 
 ----> high 22 0 0.630799 0.369201 
 ----> high 23 0 0.675629 0.324371 
 ----> high 24 0 0.661945 0.338055 
 ----> high 25 0 0.663181 0.336819 
 ----> high 26 0 0.643227 0.356773 
 ----> high 27 1 0.691504 0.308496 
 ----> high 28 1 0.665897 0.334103 
 ----> high 29 0 0.659769 0.340231 
 ----> high 30 0 0.674551 0.325449 
 ----> high 31 1 0.602954 0.397046 
 ----> high 32 0 0.671592 0.328408 
 ----> high 33 0 0.71738 0.28262 
 ----> high 34 0 0.667545 0.332455 
 ----> high 35 1 0.642708 0.357292 
 ----> high 36 1 0.63167 0.36833 
 ----> high 37 0 0.646931 0.353069 
 ----> high 38 0 0.694955 0.305045 
 ----> high 39 0 0.689861 0.310139 
 ----> high 40 1 0.669807 0.330193 
 ----> high 41 1 0.679019 0.320981 
 ----> high 42 1 0.709063 0.290937 
 ----> high 43 0 0.649725 0.350275 
 ----> high 44 0 0.68384 0.31616 
 ----> high 45 1 0.609863 0.390137 
 ----> high 46 1 0.658209 0.341791 
 ----> high 47 0 0.685296 0.314704 
 ----> high 48 0 0.687444 0.312556 
 ----> high 49 1 0.682296 0.317704 
 ----> high 50 1 0.633304 0.366696 
 ----> high 51 1 0.657468 0.342532 
 ----> high 52 1 0.690075 0.309925 
 ----> high 53 1 0.663905 0.336095 
 ----> high 54 0 0.695732 0.304268 
 ----> high 55 0 0.703832 0.296168 
 ----> high 56 0 0.755735 0.244265 
 ----> high 57 1 0.605121 0.394879 
 ----> high 58 1 0.660726 0.339274 
 ----> high 59 1 0.666438 0.333562 
 ----> high 60 1 0.660985 0.339015 
 ----> high 61 0 0.698459 0.301541 
 ----> high 62 0 0.690552 0.309448 
 ----> high 63 1 0.669687 0.330313 
 ----> high 64 1 0.68878 0.31122 
 ----> high 65 0 0.713649 0.286351 
 ----> high 66 0 0.647019 0.352981 
 ----> high 67 0 0.737024 0.262976 
 ----> high 68 0 0.681925 0.318075 
 ----> high 69 0 0.705822 0.294178 
 ----> high 70 0 0.625419 0.374581 
 ----> high 71 1 0.656365 0.343635 
 ----> high 72 0 0.728086 0.271914 
 ----> high 73 0 0.708296 0.291704 
 ----> high 74 1 0.68346 0.31654 
 ----> high 75 0 0.69792 0.30208 
 ----> high 76 0 0.695532 0.304468 
 ----> high 77 0 0.715805 0.284195 
 ----> high 78 1 0.687073 0.312927 
 ----> high 79 0 0.708081 0.291919 
 ----> high 80 1 0.641472 0.358528 
 ----> high 81 1 0.684501 0.315499 
 ----> high 82 1 0.64026 0.35974 
 ----> high 83 1 0.68568 0.31432 
 ----> high 84 1 0.598179 0.401821 
 ----> high 85 0 0.627024 0.372976 
 ----> high 86 0 0.721374 0.278626 
 ----> high 87 0 0.708976 0.291024 
 ----> high 88 1 0.614222 0.385778 
 ----> high 89 1 0.712174 0.287826 
 ----> high 90 1 0.621019 0.378981 
 ----> high 91 0 0.695364 0.304636 
 ----> high 92 1 0.659674 0.340326 
 ----> high 93 0 0.674803 0.325197 
 ----> high 94 1 0.687266 0.312734 
 ----> high 95 0 0.67293 0.32707 
 ----> high 96 0 0.64725 0.35275 
 ----> high 97 0 0.703909 0.296091 
 ----> high 98 1 0.655919 0.344081 
 ----> high 99 1 0.675919 0.324081 
 ----> high 100 1 0.61416 0.38584 
 ----> high 101 1 0.68569 0.31431 
 ----> high 102 1 0.649853 0.350147 
 ----> high 103 0 0.697136 0.302864 
 ----> high 104 0 0.67909 0.32091 
 ----> high 105 0 0.667287 0.332713 
 ----> high 106 0 0.728308 0.271692 
 ----> high 107 0 0.677268 0.322732 
 ----> high 108 0 0.678922 0.321078 
 ----> high 109 0 0.687511 0.312489 
 ----> high 110 1 0.657457 0.342543 
 ----> high 111 0 0.7703 0.2297 
 ----> high 112 0 0.66795 0.33205 
 ----> high 113 0 0.690554 0.309446 
 ----> high 114 1 0.656279 0.343721 
 ----> high 115 0 0.717156 0.282844 
 ----> high 116 0 0.697062 0.302938 
 ----> high 117 0 0.714019 0.285981 
 ----> high 118 1 0.648544 0.351456 
 ----> high 119 1 0.697444 0.302556 
 ----> high 120 0 0.623073 0.376927 
 ----> high 121 1 0.640195 0.359805 
 ----> high 122 0 0.678594 0.321406 
 ----> high 123 1 0.626936 0.373064 
 ----> high 124 1 0.698766 0.301234 
 ----> high 125 0 0.707743 0.292257 
 ----> high 126 1 0.674833 0.325167 
 ----> high 127 0 0.675596 0.324404 
 ----> high 128 0 0.693708 0.306292 
 ----> high 129 0 0.705728 0.294272 
 ----> high 130 1 0.665072 0.334928 
 ----> high 131 0 0.699248 0.300752 
 ----> high 132 0 0.671846 0.328154 
 ----> high 133 1 0.687435 0.312565 
 ----> high 134 1 0.662511 0.337489 
 ----> high 135 1 0.685622 0.314378 
 ----> high 136 0 0.670481 0.329519 
 ----> high 137 1 0.656573 0.343427 
 ----> high 138 1 0.673282 0.326718 
 ----> high 139 0 0.663714 0.336286 
 ----> high 140 0 0.738099 0.261901 
 ----> high 141 1 0.628786 0.371214 
 ----> high 142 0 0.672651 0.327349 
 ----> high 143 0 0.69853 0.30147 
 ----> high 144 0 0.716308 0.283692 
 ----> high 145 0 0.69947 0.30053 
 ----> high 146 0 0.685894 0.314106 
 ----> high 147 0 0.736282 0.263718 
 ----> high 148 0 0.681135 0.318865 
 ----> high 149 0 0.677953 0.322047 
 ----> high 150 1 0.679831 0.320169 
 ----> high 151 1 0.695387 0.304613 
 ----> high 152 0 0.713653 0.286347 
 ----> high 153 0 0.723588 0.276412 
 ----> high 154 0 0.690315 0.309685 
 ----> high 155 0 0.702256 0.297744 
 ----> high 156 1 0.671382 0.328618 
 ----> high 157 1 0.6979 0.3021 
 ----> high 158 1 0.657298 0.342702 
 ----> high 159 0 0.616828 0.383172 
 ----> high 160 0 0.730305 0.269695 
 ----> high 161 0 0.700401 0.299599 
 ----> high 162 1 0.697452 0.302548 
 ----> high 163 1 0.686762 0.313238 
 ----> high 164 0 0.72697 0.27303 
 ----> high 165 1 0.617121 0.382879 
 ----> high 166 1 0.645673 0.354327 
 ----> high 167 0 0.691543 0.308457 
 ----> high 168 1 0.666164 0.333836 
 ----> high 169 0 0.664997 0.335003 
 ----> high 170 1 0.632499 0.367501 
 ----> high 171 1 0.645918 0.354082 
 ----> high 172 0 0.706898 0.293102 
 ----> high 173 1 0.624586 0.375414 
 ----> high 174 0 0.670826 0.329174 
 ----> high 175 1 0.589638 0.410362 
 ----> high 176 0 0.726388 0.273612 
 ----> high 177 0 0.701849 0.298151 
 ----> high 178 1 0.709449 0.290551 
 ----> high 179 1 0.620148 0.379852 
 ----> high 180 0 0.659247 0.340753 
 ----> high 181 0 0.762077 0.237923 
 ----> high 182 1 0.672956 0.327044 
 ----> high 183 0 0.656442 0.343558 
 ----> high 184 1 0.704824 0.295176 
 ----> high 185 1 0.647218 0.352782 
 ----> high 186 0 0.695164 0.304836 
 ----> high 187 0 0.681655 0.318345 
 ----> high 188 1 0.654799 0.345201 
 ----> high 189 1 0.686028 0.313972 
 ----> high 190 0 0.606722 0.393278 
 ----> high 191 0 0.710557 0.289443 
 ----> high 192 1 0.648349 0.351651 
 ----> high 193 0 0.656826 0.343174 
 ----> high 194 0 0.697744 0.302256 
 ----> high 195 0 0.695485 0.304515 
 ----> high 196 1 0.644142 0.355858 
 ----> high 197 0 0.671147 0.328853 
 ----> high 198 0 0.672721 0.327279 
 ----> high 199 0 0.679264 0.320736 
 ----> high 200 0 0.665691 0.334309 
 ----> high 201 0 0.688846 0.311154 
 ----> high 202 0 0.680975 0.319025 
 ----> high 203 0 0.704032 0.295968 
 ----> high 204 1 0.637854 0.362146 
 ----> high 205 0 0.713808 0.286192 
 ----> high 206 0 0.710949 0.289051 
 ----> high 207 1 0.671505 0.328495 
 ----> high 208 0 0.669041 0.330959 
 ----> high 209 0 0.72639 0.27361 
 ----> high 210 0 0.698035 0.301965 
 ----> high 211 0 0.724103 0.275897 
 ----> high 212 0 0.690009 0.309991 
 ----> high 213 0 0.717671 0.282329 
 ----> high 214 0 0.686522 0.313478 
 ----> high 215 0 0.681152 0.318848 
 ----> high 216 0 0.690716 0.309284 
 ----> high 217 0 0.691463 0.308537 
 ----> high 218 0 0.703332 0.296668 
 ----> high 219 0 0.660013 0.339987 
 ----> high 220 0 0.684682 0.315318 
 ----> high 221 0 0.733246 0.266754 
 ----> high 222 1 0.665159 0.334841 
 ----> high 223 1 0.683689 0.316311 
 ----> high 224 0 0.725914 0.274086 
 ----> high 225 1 0.70468 0.29532 
 ----> high 226 1 0.591351 0.408649 
 ----> high 227 0 0.696302 0.303698 
 ----> high 228 0 0.729275 0.270725 
 ----> high 229 0 0.733264 0.266736 
 ----> high 230 0 0.696155 0.303845 
 ----> high 231 0 0.742012 0.257988 
 ----> high 232 1 0.685754 0.314246 
 ----> high 233 0 0.673555 0.326445 
 ----> high 234 0 0.707501 0.292499 
 ----> high 235 0 0.702116 0.297884 
 ----> high 236 1 0.64273 0.35727 
 ----> high 237 0 0.654711 0.345289 
 ----> high 238 0 0.716649 0.283351 
 ----> high 239 0 0.715254 0.284746 
 ----> high 240 0 0.655979 0.344021 
 ----> high 241 0 0.674056 0.325944 
 ----> high 242 1 0.697814 0.302186 
 ----> high 243 0 0.729177 0.270823 
 ----> high 244 1 0.726012 0.273988 
 ----> high 245 1 0.7098 0.2902 
 ----> high 246 1 0.680557 0.319443 
 ----> high 247 0 0.670615 0.329385 
 ----> high 248 0 0.753987 0.246013 
 ----> high 249 1 0.523059 0.476941 
 ----> high 250 0 0.696911 0.303089 
 ----> high 251 0 0.731804 0.268196 
 ----> high 252 0 0.72763 0.27237 
 ----> high 253 1 0.661116 0.338884 
 ----> high 254 0 0.681702 0.318298 
 ----> high 255 1 0.683292 0.316708 
 ----> high 256 1 0.66683 0.33317 
 ----> high 257 1 0.717975 0.282025 
 ----> high 258 0 0.720632 0.279368 
 ----> high 259 0 0.716771 0.283229 
 ----> high 260 1 0.719611 0.280389 
 ----> high 261 1 0.7146 0.2854 
 ----> high 262 1 0.644983 0.355017 
 ----> high 263 0 0.659483 0.340517 
 ----> high 264 1 0.689019 0.310981 
 ----> high 265 1 0.635778 0.364222 
 ----> high 266 0 0.717693 0.282307 
 ----> high 267 0 0.681134 0.318866 
 ----> high 268 0 0.682998 0.317002 
 ----> high 269 0 0.694109 0.305891 
 ----> high 270 0 0.631184 0.368816 
 ----> high 271 1 0.645025 0.354975 
 ----> high 272 0 0.711819 0.288181 
 ----> high 273 0 0.688955 0.311045 
 ----> high 274 0 0.705444 0.294556 
 ----> high 275 0 0.721856 0.278144 
 ----> high 276 1 0.693208 0.306792 
 ----> high 277 0 0.702009 0.297991 
 ----> high 278 0 0.714782 0.285218 
 ----> high 279 1 0.584424 0.415576 
 ----> high 280 1 0.678901 0.321099 
 ----> high 281 0 0.686996 0.313004 
 ----> high 282 1 0.713748 0.286252 
 ----> high 283 1 0.654118 0.345882 
 ----> high 284 0 0.741922 0.258078 
 ----> high 285 0 0.717497 0.282503 
 ----> high 286 0 0.751682 0.248318 
 ----> high 287 1 0.694998 0.305002 
 ----> high 288 0 0.702195 0.297805 
 ----> high 289 1 0.681565 0.318435 
 ----> high 290 0 0.702587 0.297413 
 ----> high 291 1 0.671049 0.328951 
 ----> high 292 1 0.650378 0.349622 
 ----> high 293 0 0.727933 0.272067 
 ----> high 294 1 0.6445 0.3555 
 ----> high 295 0 0.69155 0.30845 
 ----> high 296 1 0.667178 0.332822 
 ----> high 297 0 0.735632 0.264368 
 ----> high 298 1 0.67377 0.32623 
 ----> high 299 0 0.692138 0.307862 
 ----> high 300 0 0.680381 0.319619 
 ----> high 301 0 0.752076 0.247924 
 ----> high 302 0 0.784789 0.215211 
 ----> high 303 0 0.610687 0.389313 
 ----> high 304 0 0.68044 0.31956 
 ----> high 305 0 0.690146 0.309854 
 ----> high 306 0 0.629268 0.370732 
 ----> high 307 0 0.69802 0.30198 
 ----> high 308 0 0.724164 0.275836 
 ----> high 309 1 0.680367 0.319633 
 ----> high 310 1 0.646827 0.353173 
 ----> high 311 0 0.672957 0.327043 
 ----> high 312 0 0.690911 0.309089 
 ----> high 313 1 0.657531 0.342469 
 ----> high 314 0 0.721153 0.278847 
 ----> high 315 0 0.707429 0.292571 
 ----> high 316 0 0.702499 0.297501 
 ----> high 317 0 0.656032 0.343968 
 ----> high 318 0 0.709981 0.290019 
 ----> high 319 0 0.685261 0.314739 
 ----> high 320 0 0.698091 0.301909 
 ----> high 321 1 0.687647 0.312353 
 ----> high 322 0 0.700457 0.299543 
 ----> high 323 0 0.725857 0.274143 
 ----> high 324 0 0.741752 0.258248 
 ----> high 325 0 0.748743 0.251257 
 ----> high 326 0 0.679937 0.320063 
 ----> high 327 1 0.677267 0.322733 
 ----> high 328 0 0.720596 0.279404 
 ----> high 329 0 0.722164 0.277836 
 ----> high 330 0 0.656618 0.343382 
 ----> high 331 0 0.704272 0.295728 
 ----> high 332 0 0.695041 0.304959 
 ----> high 333 1 0.664802 0.335198 
 ----> high 334 1 0.680648 0.319352 
 ----> high 335 0 0.758317 0.241683 
 ----> high 336 1 0.64098 0.35902 
 ----> high 337 0 0.767051 0.232949 
 ----> high 338 0 0.723141 0.276859 
 ----> high 339 0 0.666545 0.333455 
 ----> high 340 1 0.639207 0.360793 
 ----> high 341 0 0.689171 0.310829 
 ----> high 342 1 0.686253 0.313747 
 ----> high 343 1 0.715355 0.284645 
 ----> high 344 0 0.661312 0.338688 
 ----> high 345 0 0.674024 0.325976 
 ----> high 346 1 0.675023 0.324977 
 ----> high 347 0 0.673289 0.326711 
 ----> high 348 0 0.690394 0.309606 
 ----> high 349 0 0.691636 0.308364 
 ----> high 350 1 0.679606 0.320394 
 ----> high 351 0 0.705746 0.294254 
 ----> high 352 0 0.725385 0.274615 
 ----> high 353 0 0.761066 0.238934 
 ----> high 354 0 0.688124 0.311876 
 ----> high 355 0 0.682486 0.317514 
 ----> high 356 0 0.741987 0.258013 
 ----> high 357 1 0.71012 0.28988 
 ----> high 358 0 0.711083 0.288917 
 ----> high 359 0 0.717459 0.282541 
 ----> high 360 0 0.684865 0.315135 
 ----> high 361 0 0.696848 0.303152 
 ----> high 362 0 0.709229 0.290771 
 ----> high 363 0 0.676764 0.323236 
 ----> high 364 0 0.710024 0.289976 
 ----> high 365 0 0.710548 0.289452 
 ----> high 366 1 0.689316 0.310684 
 ----> high 367 1 0.720356 0.279644 
 ----> high 368 0 0.698573 0.301427 
 ----> high 369 0 0.730956 0.269044 
 ----> high 370 0 0.711169 0.288831 
 ----> high 371 0 0.675786 0.324214 
 ----> high 372 0 0.718088 0.281912 
 ----> high 373 0 0.699872 0.300128 
 ----> high 374 0 0.698387 0.301613 
 ----> high 375 0 0.69322 0.30678 
 ----> high 376 0 0.74428 0.25572 
 ----> high 377 0 0.71487 0.28513 
 ----> high 378 0 0.719655 0.280345 
 ----> high 379 0 0.686732 0.313268 
 ----> high 380 0 0.76128 0.23872 
 ----> high 381 1 0.688682 0.311318 
 ----> high 382 0 0.754766 0.245234 
 ----> high 383 0 0.665356 0.334644 
 ----> high 384 0 0.753388 0.246612 
 ----> high 385 1 0.692252 0.307748 
 ----> high 386 0 0.667575 0.332425 
 ----> high 387 1 0.671993 0.328007 
 ----> high 388 1 0.701128 0.298872 
 ----> high 389 0 0.698436 0.301564 
 ----> high 390 0 0.695658 0.304342 
 ----> high 391 0 0.667134 0.332866 
 ----> high 392 0 0.677903 0.322097 
 ----> high 393 1 0.70626 0.29374 
 ----> high 394 1 0.697285 0.302715 
 ----> high 395 0 0.747432 0.252568 
 ----> high 396 0 0.738777 0.261223 
 ----> high 397 0 0.699699 0.300301 
 ----> high 398 1 0.54312 0.45688 
 ----> high 399 1 0.663023 0.336977 
 ----> high 400 1 0.705912 0.294088 
 ----> high 401 0 0.727796 0.272204 
 ----> high 402 1 0.661832 0.338168 
 ----> high 403 0 0.698167 0.301833 
 ----> high 404 0 0.7007 0.2993 
 ----> high 405 1 0.708537 0.291463 
 ----> high 406 1 0.668952 0.331048 
 ----> high 407 1 0.671367 0.328633 
 ----> high 408 0 0.732251 0.267749 
 ----> high 409 0 0.719507 0.280493 
 ----> high 410 0 0.681727 0.318273 
 ----> high 411 1 0.662031 0.337969 
 ----> high 412 0 0.703604 0.296396 
 ----> high 413 0 0.723605 0.276395 
 ----> high 414 0 0.665733 0.334267 
 ----> high 415 1 0.66238 0.33762 
 ----> high 416 0 0.693467 0.306533 
 ----> high 417 0 0.703846 0.296154 
 ----> high 418 1 0.682593 0.317407 
 ----> high 419 1 0.685164 0.314836 
 ----> high 420 0 0.703052 0.296948 
 ----> high 421 0 0.732986 0.267014 
 ----> high 422 0 0.692722 0.307278 
 ----> high 423 0 0.707245 0.292755 
 ----> high 424 0 0.677884 0.322116 
 ----> high 425 0 0.699684 0.300316 
 ----> high 426 1 0.693491 0.306509 
 ----> high 427 0 0.672141 0.327859 
 ----> high 428 0 0.689695 0.310305 
 ----> high 429 0 0.732142 0.267858 
 ----> high 430 0 0.676119 0.323881 
 ----> high 431 0 0.69856 0.30144 
 ----> high 432 0 0.716896 0.283104 
 ----> high 433 0 0.71234 0.28766 
 ----> high 434 0 0.674554 0.325446 
 ----> high 435 1 0.655285 0.344715 
 ----> high 436 0 0.710902 0.289098 
 ----> high 437 0 0.684763 0.315237 
 ----> high 438 1 0.653672 0.346328 
 ----> high 439 0 0.738142 0.261858 
 ----> high 440 1 0.684031 0.315969 
 ----> high 441 0 0.746172 0.253828 
 ----> high 442 0 0.669447 0.330553 
 ----> high 443 0 0.713978 0.286022 
 ----> high 444 0 0.71525 0.28475 
 ----> high 445 1 0.696968 0.303032 
 ----> high 446 0 0.720175 0.279825 
 ----> high 447 0 0.704433 0.295567 
 ----> high 448 0 0.676999 0.323001 
 ----> high 449 0 0.692653 0.307347 
 ----> high 450 0 0.734927 0.265073 
 ----> high 451 0 0.708526 0.291474 
 ----> high 452 0 0.691966 0.308034 
 ----> high 453 0 0.685661 0.314339 
 ----> high 454 0 0.74662 0.25338 
 ----> high 455 1 0.547443 0.452557 
 ----> high 456 0 0.69619 0.30381 
 ----> high 457 0 0.743236 0.256764 
 ----> high 458 1 0.67467 0.32533 
 ----> high 459 0 0.747251 0.252749 
 ----> high 460 0 0.729009 0.270991 
 ----> high 461 1 0.577947 0.422053 
 ----> high 462 0 0.695192 0.304808 
 ----> high 463 0 0.714663 0.285337 
 ----> high 464 0 0.698422 0.301578 
 ----> high 465 0 0.720406 0.279594 
 ----> high 466 0 0.670983 0.329017 
 ----> high 467 1 0.648425 0.351575 
 ----> high 468 0 0.722312 0.277688 
 ----> high 469 0 0.718835 0.281165 
 ----> high 470 1 0.687823 0.312177 
 ----> high 471 1 0.718351 0.281649 
 ----> high 472 0 0.713495 0.286505 
 ----> high 473 1 0.741455 0.258545 
 ----> high 474 1 0.682825 0.317175 
 ----> high 475 0 0.6777 0.3223 
 ----> high 476 0 0.710133 0.289867 
 ----> high 477 1 0.711345 0.288655 
 ----> high 478 0 0.697001 0.302999 
 ----> high 479 0 0.704198 0.295802 
 ----> high 480 0 0.686869 0.313131 
 ----> high 481 0 0.688125 0.311875 
 ----> high 482 0 0.718527 0.281473 
 ----> high 483 0 0.689134 0.310866 
 ----> high 484 0 0.684395 0.315605 
 ----> high 485 0 0.656444 0.343556 
 ----> high 486 0 0.681387 0.318613 
 ----> high 487 0 0.692192 0.307808 
 ----> high 488 1 0.685273 0.314727 
 ----> high 489 1 0.687706 0.312294 
 ----> high 490 0 0.688525 0.311475 
 ----> high 491 1 0.625169 0.374831 
 ----> high 492 0 0.695681 0.304319 
 ----> high 493 0 0.68321 0.31679 
 ----> high 494 0 0.721152 0.278848 
 ----> high 495 1 0.685231 0.314769 
 ----> high 496 1 0.710684 0.289316 
 ----> high 497 0 0.699326 0.300674 
 ----> high 498 0 0.717675 0.282325 
 ----> high 499 0 0.728499 0.271501 
 ----> high 500 1 0.691674 0.308326 
 ----> high 501 0 0.763184 0.236816 
 ----> high 502 0 0.69409 0.30591 
 ----> high 503 1 0.669664 0.330336 
 ----> high 504 0 0.748187 0.251813 
 ----> high 505 0 0.730985 0.269015 
 ----> high 506 0 0.718415 0.281585 
 ----> high 507 0 0.767424 0.232576 
 ----> high 508 1 0.686488 0.313512 
 ----> high 509 1 0.686164 0.313836 
 ----> high 510 0 0.747127 0.252873 
 ----> high 511 0 0.735517 0.264483 
 ----> high 512 0 0.721305 0.278695 
 ----> high 513 1 0.66007 0.33993 
 ----> high 514 1 0.696034 0.303966 
 ----> high 515 0 0.712219 0.287781 
 ----> high 516 0 0.7091 0.2909 
 ----> high 517 1 0.688719 0.311281 
 ----> high 518 1 0.677815 0.322185 
 ----> high 519 0 0.673624 0.326376 
 ----> high 520 1 0.661967 0.338033 
 ----> high 521 1 0.640514 0.359486 
 ----> high 522 0 0.729434 0.270566 
 ----> high 523 1 0.658869 0.341131 
 ----> high 524 0 0.711764 0.288236 
 ----> high 525 0 0.68739 0.31261 
 ----> high 526 0 0.720205 0.279795 
 ----> high 527 0 0.696202 0.303798 
 ----> high 528 0 0.669548 0.330452 
 ----> high 529 1 0.635765 0.364235 
 ----> high 530 0 0.70024 0.29976 
 ----> high 531 1 0.632868 0.367132 
 ----> high 532 0 0.657757 0.342243 
 ----> high 533 0 0.691651 0.308349 
 ----> high 534 0 0.722607 0.277393 
 ----> high 535 0 0.71573 0.28427 
 ----> high 536 0 0.715285 0.284715 
 ----> high 537 0 0.673961 0.326039 
 ----> high 538 0 0.770219 0.229781 
 ----> high 539 0 0.743526 0.256474 
 ----> high 540 0 0.651372 0.348628 
 ----> high 541 0 0.738907 0.261093 
 ----> high 542 1 0.670216 0.329784 
 ----> high 543 0 0.70532 0.29468 
 ----> high 544 0 0.707339 0.292661 
 ----> high 545 0 0.710852 0.289148 
 ----> high 546 0 0.674149 0.325851 
 ----> high 547 0 0.713801 0.286199 
 ----> high 548 0 0.695884 0.304116 
 ----> high 549 0 0.725569 0.274431 
 ----> high 550 0 0.711289 0.288711 
 ----> high 551 1 0.608984 0.391016 
 ----> high 552 0 0.743209 0.256791 
 ----> high 553 1 0.695622 0.304378 
 ----> high 554 0 0.703421 0.296579 
 ----> high 555 1 0.695531 0.304469 
 ----> high 556 0 0.667206 0.332794 
 ----> high 557 0 0.700604 0.299396 
 ----> high 558 1 0.647667 0.352333 
 ----> high 559 0 0.724288 0.275712 
 ----> high 560 0 0.666802 0.333198 
 ----> high 561 0 0.706792 0.293208 
 ----> high 562 0 0.709408 0.290592 
 ----> high 563 0 0.663872 0.336128 
 ----> high 564 0 0.659427 0.340573 
 ----> high 565 0 0.679006 0.320994 
 ----> high 566 0 0.700446 0.299554 
 ----> high 567 0 0.689994 0.310006 
 ----> high 568 0 0.695398 0.304602 
 ----> high 569 1 0.686411 0.313589 
 ----> high 570 0 0.665985 0.334015 
 ----> high 571 0 0.692674 0.307326 
 ----> high 572 1 0.672383 0.327617 
 ----> high 573 0 0.69952 0.30048 
 ----> high 574 0 0.728021 0.271979 
 ----> high 575 0 0.70146 0.29854 
 ----> high 576 1 0.725022 0.274978 
 ----> high 577 0 0.686929 0.313071 
 ----> high 578 0 0.764252 0.235748 
 ----> high 579 0 0.597804 0.402196 
 ----> high 580 1 0.674892 0.325108 
 ----> high 581 0 0.722908 0.277092 
 ----> high 582 0 0.732349 0.267651 
 ----> high 583 0 0.659713 0.340287 
 ----> high 584 1 0.669933 0.330067 
 ----> high 585 0 0.720699 0.279301 
 ----> high 586 0 0.716566 0.283434 
 ----> high 587 0 0.662598 0.337402 
 ----> high 588 0 0.711857 0.288143 
 ----> high 589 1 0.678696 0.321304 
 ----> high 590 0 0.694592 0.305408 
 ----> high 591 1 0.620022 0.379978 
 ----> high 592 1 0.664385 0.335615 
 ----> high 593 0 0.654332 0.345668 
 ----> high 594 0 0.695854 0.304146 
 ----> high 595 0 0.720552 0.279448 
 ----> high 596 0 0.681642 0.318358 
 ----> high 597 0 0.667711 0.332289 
 ----> high 598 0 0.676253 0.323747 
 ----> high 599 0 0.696446 0.303554 
 ----> high 600 0 0.654372 0.345628 
 ----> high 601 0 0.693952 0.306048 
 ----> high 602 1 0.650753 0.349247 
 ----> high 603 1 0.675415 0.324585 
 ----> high 604 0 0.730423 0.269577 
 ----> high 605 0 0.719649 0.280351 
 ----> high 606 0 0.740979 0.259021 
 ----> high 607 1 0.731216 0.268784 
 ----> high 608 1 0.699968 0.300032 
 ----> high 609 0 0.705099 0.294901 
 ----> high 610 0 0.706688 0.293312 
 ----> high 611 0 0.687384 0.312616 
 ----> high 612 0 0.717172 0.282828 
 ----> high 613 0 0.70954 0.29046 
 ----> high 614 0 0.717599 0.282401 
 ----> high 615 0 0.743403 0.256597 
 ----> high 616 0 0.660095 0.339905 
 ----> high 617 0 0.697815 0.302185 
 ----> high 618 0 0.689686 0.310314 
 ----> high 619 1 0.630616 0.369384 
 ----> high 620 1 0.692021 0.307979 
 ----> high 621 0 0.708539 0.291461 
 ----> high 622 1 0.694786 0.305214 
 ----> high 623 0 0.670894 0.329106 
 ----> high 624 0 0.706574 0.293426 
 ----> high 625 0 0.695977 0.304023 
 ----> high 626 0 0.662023 0.337977 
 ----> high 627 0 0.679346 0.320654 
 ----> high 628 0 0.73582 0.26418 
 ----> high 629 1 0.662967 0.337033 
 ----> high 630 0 0.722191 0.277809 
 ----> high 631 0 0.698487 0.301513 
 ----> high 632 1 0.669426 0.330574 
 ----> high 633 0 0.707456 0.292544 
 ----> high 634 1 0.681628 0.318372 
 ----> high 635 0 0.735132 0.264868 
 ----> high 636 1 0.686509 0.313491 
 ----> high 637 0 0.755111 0.244889 
 ----> high 638 0 0.744382 0.255618 
 ----> high 639 1 0.6729 0.3271 
 ----> high 640 1 0.651046 0.348954 
 ----> high 641 0 0.714416 0.285584 
 ----> high 642 0 0.672947 0.327053 
 ----> high 643 0 0.696872 0.303128 
 ----> high 644 0 0.703499 0.296501 
 ----> high 645 0 0.712443 0.287557 
 ----> high 646 0 0.728442 0.271558 
 ----> high 647 1 0.695418 0.304582 
 ----> high 648 0 0.681619 0.318381 
 ----> high 649 0 0.721539 0.278461 
 ----> high 650 0 0.708918 0.291082 
 ----> high 651 1 0.675335 0.324665 
 ----> high 652 0 0.707137 0.292863 
 ----> high 653 0 0.710383 0.289617 
 ----> high 654 1 0.722588 0.277412 
 ----> high 655 0 0.696937 0.303063 
 ----> high 656 0 0.696426 0.303574 
 ----> high 657 0 0.711199 0.288801 
 ----> high 658 0 0.698998 0.301002 
 ----> high 659 0 0.717444 0.282556 
 ----> high 660 0 0.735984 0.264016 
 ----> high 661 0 0.678861 0.321139 
 ----> high 662 0 0.734444 0.265556 
 ----> high 663 0 0.71041 0.28959 
 ----> high 664 1 0.681272 0.318728 
 ----> high 665 0 0.680592 0.319408 
 ----> high 666 0 0.72555 0.27445 
 ----> high 667 0 0.730909 0.269091 
 ----> high 668 0 0.650943 0.349057 
 ----> high 669 0 0.703086 0.296914 
 ----> high 670 0 0.759637 0.240363 
 ----> high 671 0 0.693983 0.306017 
 ----> high 672 0 0.721457 0.278543 
 ----> high 673 0 0.731504 0.268496 
 ----> high 674 1 0.673409 0.326591 
 ----> high 675 1 0.590039 0.409961 
 ----> high 676 0 0.706062 0.293938 
 ----> high 677 0 0.69054 0.30946 
 ----> high 678 1 0.712613 0.287387 
 ----> high 679 0 0.649975 0.350025 
 ----> high 680 1 0.615707 0.384293 
 ----> high 681 0 0.704245 0.295755 
 ----> high 682 0 0.715276 0.284724 
 ----> high 683 0 0.680163 0.319837 
 ----> high 684 0 0.679911 0.320089 
 ----> high 685 1 0.649476 0.350524 
 ----> high 686 0 0.604333 0.395667 
 ----> high 687 0 0.69724 0.30276 
 ----> high 688 0 0.699214 0.300786 
 ----> high 689 0 0.744113 0.255887 
 ----> high 690 1 0.670371 0.329629 
 ----> high 691 0 0.719315 0.280685 
 ----> high 692 0 0.685037 0.314963 
 ----> high 693 0 0.6977 0.3023 
 ----> high 694 0 0.69561 0.30439 
 ----> high 695 0 0.640252 0.359748 
 ----> high 696 0 0.71661 0.28339 
 ----> high 697 0 0.717256 0.282744 
 ----> high 698 0 0.710995 0.289005 
 ----> high 699 0 0.685323 0.314677 
 ----> high 700 1 0.683793 0.316207 
 ----> high 701 0 0.66134 0.33866 
 ----> high 702 0 0.73414 0.26586 
 ----> high 703 0 0.667329 0.332671 
 ----> high 704 0 0.711543 0.288457 
 ----> high 705 0 0.717976 0.282024 
 ----> high 706 0 0.722756 0.277244 
 ----> high 707 0 0.716768 0.283232 
 ----> high 708 0 0.686106 0.313894 
 ----> high 709 0 0.775002 0.224998 
 ----> high 710 0 0.729172 0.270828 
 ----> high 711 0 0.67068 0.32932 
 ----> high 712 0 0.689619 0.310381 
 ----> high 713 0 0.701579 0.298421 
 ----> high 714 1 0.683839 0.316161 
 ----> high 715 0 0.695305 0.304695 
 ----> high 716 1 0.692943 0.307057 
 ----> high 717 0 0.725449 0.274551 
 ----> high 718 0 0.722047 0.277953 
