 ----> high 1 0 0.685527 0.314473 
 ----> high 2 0 0.678855 0.321145 
 ----> high 3 1 0.690264 0.309736 
 ----> high 4 1 0.654578 0.345422 
 ----> high 5 0 0.702983 0.297017 
 ----> high 6 1 0.669753 0.330247 
 ----> high 7 0 0.627709 0.372291 
 ----> high 8 0 0.679209 0.320791 
 ----> high 9 0 0.70711 0.29289 
 ----> high 10 1 0.669357 0.330643 
 ----> high 11 1 0.654041 0.345959 
 ----> high 12 1 0.698188 0.301812 
 ----> high 13 0 0.665169 0.334831 
 ----> high 14 1 0.666866 0.333134 
 ----> high 15 0 0.655777 0.344223 
 ----> high 16 1 0.646717 0.353283 
 ----> high 17 1 0.675369 0.324631 
 ----> high 18 0 0.673548 0.326452 
 ----> high 19 0 0.685068 0.314932 
 ----> high 20 0 0.67125 0.32875 
 ----> high 21 1 0.691951 0.308049 
 ----> high 22 0 0.661729 0.338271 
 ----> high 23 0 0.660794 0.339206 
 ----> high 24 0 0.64653 0.35347 
 ----> high 25 0 0.714989 0.285011 
 ----> high 26 0 0.703754 0.296246 
 ----> high 27 1 0.711922 0.288078 
 ----> high 28 1 0.607337 0.392663 
 ----> high 29 0 0.679819 0.320181 
 ----> high 30 0 0.64384 0.35616 
 ----> high 31 1 0.654543 0.345457 
 ----> high 32 0 0.677593 0.322407 
 ----> high 33 0 0.713487 0.286513 
 ----> high 34 0 0.675511 0.324489 
 ----> high 35 1 0.702521 0.297479 
 ----> high 36 1 0.698413 0.301587 
 ----> high 37 0 0.68872 0.31128 
 ----> high 38 0 0.704546 0.295454 
 ----> high 39 0 0.641895 0.358105 
 ----> high 40 1 0.688807 0.311193 
 ----> high 41 1 0.661475 0.338525 
 ----> high 42 1 0.678734 0.321266 
 ----> high 43 0 0.711244 0.288756 
 ----> high 44 0 0.716385 0.283615 
 ----> high 45 1 0.650625 0.349375 
 ----> high 46 1 0.678887 0.321113 
 ----> high 47 0 0.675659 0.324341 
 ----> high 48 0 0.753907 0.246093 
 ----> high 49 1 0.70502 0.29498 
 ----> high 50 1 0.68999 0.31001 
 ----> high 51 1 0.660212 0.339788 
 ----> high 52 1 0.682254 0.317746 
 ----> high 53 1 0.674502 0.325498 
 ----> high 54 0 0.729161 0.270839 
 ----> high 55 0 0.702402 0.297598 
 ----> high 56 0 0.658215 0.341785 
 ----> high 57 1 0.668227 0.331773 
 ----> high 58 1 0.716831 0.283169 
 ----> high 59 1 0.686606 0.313394 
 ----> high 60 1 0.691713 0.308287 
 ----> high 61 0 0.702262 0.297738 
 ----> high 62 0 0.703228 0.296772 
 ----> high 63 1 0.689861 0.310139 
 ----> high 64 1 0.627471 0.372529 
 ----> high 65 0 0.69222 0.30778 
 ----> high 66 0 0.72105 0.27895 
 ----> high 67 0 0.688302 0.311698 
 ----> high 68 0 0.691013 0.308987 
 ----> high 69 0 0.645499 0.354501 
 ----> high 70 0 0.649716 0.350284 
 ----> high 71 1 0.601057 0.398943 
 ----> high 72 0 0.715086 0.284914 
 ----> high 73 0 0.740044 0.259956 
 ----> high 74 1 0.656381 0.343619 
 ----> high 75 0 0.72086 0.27914 
 ----> high 76 0 0.713747 0.286253 
 ----> high 77 0 0.710508 0.289492 
 ----> high 78 1 0.636022 0.363978 
 ----> high 79 0 0.676165 0.323835 
 ----> high 80 1 0.659443 0.340557 
 ----> high 81 1 0.658571 0.341429 
 ----> high 82 1 0.671923 0.328077 
 ----> high 83 1 0.691844 0.308156 
 ----> high 84 1 0.669583 0.330417 
 ----> high 85 0 0.660517 0.339483 
 ----> high 86 0 0.668092 0.331908 
 ----> high 87 0 0.634531 0.365469 
 ----> high 88 1 0.671693 0.328307 
 ----> high 89 1 0.612357 0.387643 
 ----> high 90 1 0.661148 0.338852 
 ----> high 91 0 0.750201 0.249799 
 ----> high 92 1 0.649611 0.350389 
 ----> high 93 0 0.715467 0.284533 
 ----> high 94 1 0.652407 0.347593 
 ----> high 95 0 0.713906 0.286094 
 ----> high 96 0 0.654202 0.345798 
 ----> high 97 0 0.690001 0.309999 
 ----> high 98 1 0.621193 0.378807 
 ----> high 99 1 0.68679 0.31321 
 ----> high 100 1 0.671221 0.328779 
 ----> high 101 1 0.666446 0.333554 
 ----> high 102 1 0.585169 0.414831 
 ----> high 103 0 0.688701 0.311299 
 ----> high 104 0 0.689047 0.310953 
 ----> high 105 0 0.674796 0.325204 
 ----> high 106 0 0.698312 0.301688 
 ----> high 107 0 0.722595 0.277405 
 ----> high 108 0 0.699412 0.300588 
 ----> high 109 0 0.755013 0.244987 
 ----> high 110 1 0.667961 0.332039 
 ----> high 111 0 0.718134 0.281866 
 ----> high 112 0 0.67847 0.32153 
 ----> high 113 0 0.652092 0.347908 
 ----> high 114 1 0.711731 0.288269 
 ----> high 115 0 0.675591 0.324409 
 ----> high 116 0 0.631648 0.368352 
 ----> high 117 0 0.601465 0.398535 
 ----> high 118 1 0.654996 0.345004 
 ----> high 119 1 0.682504 0.317496 
 ----> high 120 0 0.656537 0.343463 
 ----> high 121 1 0.659002 0.340998 
 ----> high 122 0 0.702922 0.297078 
 ----> high 123 1 0.684379 0.315621 
 ----> high 124 1 0.684194 0.315806 
 ----> high 125 0 0.72023 0.27977 
 ----> high 126 1 0.665216 0.334784 
 ----> high 127 0 0.686634 0.313366 
 ----> high 128 0 0.683106 0.316894 
 ----> high 129 0 0.71051 0.28949 
 ----> high 130 1 0.675409 0.324591 
 ----> high 131 0 0.683089 0.316911 
 ----> high 132 0 0.697842 0.302158 
 ----> high 133 1 0.628261 0.371739 
 ----> high 134 1 0.679676 0.320324 
 ----> high 135 1 0.668241 0.331759 
 ----> high 136 0 0.710479 0.289521 
 ----> high 137 1 0.659446 0.340554 
 ----> high 138 1 0.630242 0.369758 
 ----> high 139 0 0.686629 0.313371 
 ----> high 140 0 0.756341 0.243659 
 ----> high 141 1 0.684565 0.315435 
 ----> high 142 0 0.715955 0.284045 
 ----> high 143 0 0.713815 0.286185 
 ----> high 144 0 0.729808 0.270192 
 ----> high 145 0 0.709122 0.290878 
 ----> high 146 0 0.697618 0.302382 
 ----> high 147 0 0.696407 0.303593 
 ----> high 148 0 0.687145 0.312855 
 ----> high 149 0 0.702035 0.297965 
 ----> high 150 1 0.698401 0.301599 
 ----> high 151 1 0.683043 0.316957 
 ----> high 152 0 0.666479 0.333521 
 ----> high 153 0 0.662217 0.337783 
 ----> high 154 0 0.663473 0.336527 
 ----> high 155 0 0.715202 0.284798 
 ----> high 156 1 0.661754 0.338246 
 ----> high 157 1 0.657665 0.342335 
 ----> high 158 1 0.686026 0.313974 
 ----> high 159 0 0.725629 0.274371 
 ----> high 160 0 0.695122 0.304878 
 ----> high 161 0 0.706241 0.293759 
 ----> high 162 1 0.685182 0.314818 
 ----> high 163 1 0.680629 0.319371 
 ----> high 164 0 0.697544 0.302456 
 ----> high 165 1 0.684508 0.315492 
 ----> high 166 1 0.688961 0.311039 
 ----> high 167 0 0.694185 0.305815 
 ----> high 168 1 0.690915 0.309085 
 ----> high 169 0 0.681072 0.318928 
 ----> high 170 1 0.636275 0.363725 
 ----> high 171 1 0.650474 0.349526 
 ----> high 172 0 0.667281 0.332719 
 ----> high 173 1 0.639216 0.360784 
 ----> high 174 0 0.695113 0.304887 
 ----> high 175 1 0.667561 0.332439 
 ----> high 176 0 0.716827 0.283173 
 ----> high 177 0 0.661009 0.338991 
 ----> high 178 1 0.643878 0.356122 
 ----> high 179 1 0.634076 0.365924 
 ----> high 180 0 0.71766 0.28234 
 ----> high 181 0 0.718165 0.281835 
 ----> high 182 1 0.659532 0.340468 
 ----> high 183 0 0.697316 0.302684 
 ----> high 184 1 0.690935 0.309065 
 ----> high 185 1 0.639831 0.360169 
 ----> high 186 0 0.694513 0.305487 
 ----> high 187 0 0.684574 0.315426 
 ----> high 188 1 0.570721 0.429279 
 ----> high 189 1 0.705023 0.294977 
 ----> high 190 0 0.700451 0.299549 
 ----> high 191 0 0.711144 0.288856 
 ----> high 192 1 0.714773 0.285227 
 ----> high 193 0 0.699767 0.300233 
 ----> high 194 0 0.682076 0.317924 
 ----> high 195 0 0.735615 0.264385 
 ----> high 196 1 0.636466 0.363534 
 ----> high 197 0 0.6851 0.3149 
 ----> high 198 0 0.712355 0.287645 
 ----> high 199 0 0.66283 0.33717 
 ----> high 200 0 0.725087 0.274913 
 ----> high 201 0 0.706121 0.293879 
 ----> high 202 0 0.714465 0.285535 
 ----> high 203 0 0.678549 0.321451 
 ----> high 204 1 0.648254 0.351746 
 ----> high 205 0 0.754369 0.245631 
 ----> high 206 0 0.692357 0.307643 
 ----> high 207 1 0.6905 0.3095 
 ----> high 208 0 0.698796 0.301204 
 ----> high 209 0 0.681373 0.318627 
 ----> high 210 0 0.700051 0.299949 
 ----> high 211 0 0.69939 0.30061 
 ----> high 212 0 0.664822 0.335178 
 ----> high 213 0 0.674868 0.325132 
 ----> high 214 0 0.725295 0.274705 
 ----> high 215 0 0.694782 0.305218 
 ----> high 216 0 0.687026 0.312974 
 ----> high 217 0 0.725871 0.274129 
 ----> high 218 0 0.66881 0.33119 
 ----> high 219 0 0.685729 0.314271 
 ----> high 220 0 0.703721 0.296279 
 ----> high 221 0 0.718959 0.281041 
 ----> high 222 1 0.67802 0.32198 
 ----> high 223 1 0.639588 0.360412 
 ----> high 224 0 0.698059 0.301941 
 ----> high 225 1 0.667542 0.332458 
 ----> high 226 1 0.692714 0.307286 
 ----> high 227 0 0.690344 0.309656 
 ----> high 228 0 0.735089 0.264911 
 ----> high 229 0 0.651467 0.348533 
 ----> high 230 0 0.665907 0.334093 
 ----> high 231 0 0.702253 0.297747 
 ----> high 232 1 0.643678 0.356322 
 ----> high 233 0 0.673243 0.326757 
 ----> high 234 0 0.702846 0.297154 
 ----> high 235 0 0.685253 0.314747 
 ----> high 236 1 0.563766 0.436234 
 ----> high 237 0 0.680321 0.319679 
 ----> high 238 0 0.67235 0.32765 
 ----> high 239 0 0.684386 0.315614 
 ----> high 240 0 0.685833 0.314167 
 ----> high 241 0 0.686321 0.313679 
 ----> high 242 1 0.691537 0.308463 
 ----> high 243 0 0.664953 0.335047 
 ----> high 244 1 0.74161 0.25839 
 ----> high 245 1 0.672055 0.327945 
 ----> high 246 1 0.621437 0.378563 
 ----> high 247 0 0.741001 0.258999 
 ----> high 248 0 0.685449 0.314551 
 ----> high 249 1 0.67426 0.32574 
 ----> high 250 0 0.712015 0.287985 
 ----> high 251 0 0.710366 0.289634 
 ----> high 252 0 0.70814 0.29186 
 ----> high 253 1 0.689359 0.310641 
 ----> high 254 0 0.663581 0.336419 
 ----> high 255 1 0.717319 0.282681 
 ----> high 256 1 0.652049 0.347951 
 ----> high 257 1 0.687166 0.312834 
 ----> high 258 0 0.706629 0.293371 
 ----> high 259 0 0.709805 0.290195 
 ----> high 260 1 0.633482 0.366518 
 ----> high 261 1 0.665744 0.334256 
 ----> high 262 1 0.665609 0.334391 
 ----> high 263 0 0.703002 0.296998 
 ----> high 264 1 0.651909 0.348091 
 ----> high 265 1 0.661355 0.338645 
 ----> high 266 0 0.698833 0.301167 
 ----> high 267 0 0.700084 0.299916 
 ----> high 268 0 0.695132 0.304868 
 ----> high 269 0 0.736965 0.263035 
 ----> high 270 0 0.731787 0.268213 
 ----> high 271 1 0.655291 0.344709 
 ----> high 272 0 0.700464 0.299536 
 ----> high 273 0 0.689985 0.310015 
 ----> high 274 0 0.713866 0.286134 
 ----> high 275 0 0.67207 0.32793 
 ----> high 276 1 0.714709 0.285291 
 ----> high 277 0 0.699813 0.300187 
 ----> high 278 0 0.714425 0.285575 
 ----> high 279 1 0.653059 0.346941 
 ----> high 280 1 0.677198 0.322802 
 ----> high 281 0 0.690567 0.309433 
 ----> high 282 1 0.696298 0.303702 
 ----> high 283 1 0.643461 0.356539 
 ----> high 284 0 0.683231 0.316769 
 ----> high 285 0 0.695939 0.304061 
 ----> high 286 0 0.701217 0.298783 
 ----> high 287 1 0.669579 0.330421 
 ----> high 288 0 0.675675 0.324325 
 ----> high 289 1 0.677947 0.322053 
 ----> high 290 0 0.64392 0.35608 
 ----> high 291 1 0.647986 0.352014 
 ----> high 292 1 0.706718 0.293282 
 ----> high 293 0 0.68301 0.31699 
 ----> high 294 1 0.571921 0.428079 
 ----> high 295 0 0.721994 0.278006 
 ----> high 296 1 0.679941 0.320059 
 ----> high 297 0 0.697645 0.302355 
 ----> high 298 1 0.688423 0.311577 
 ----> high 299 0 0.702802 0.297198 
 ----> high 300 0 0.696932 0.303068 
 ----> high 301 0 0.714003 0.285997 
 ----> high 302 0 0.68102 0.31898 
 ----> high 303 0 0.72004 0.27996 
 ----> high 304 0 0.726383 0.273617 
 ----> high 305 0 0.68181 0.31819 
 ----> high 306 0 0.71595 0.28405 
 ----> high 307 0 0.710442 0.289558 
 ----> high 308 0 0.706832 0.293168 
 ----> high 309 1 0.732608 0.267392 
 ----> high 310 1 0.645808 0.354192 
 ----> high 311 0 0.662346 0.337654 
 ----> high 312 0 0.718646 0.281354 
 ----> high 313 1 0.707133 0.292867 
 ----> high 314 0 0.702548 0.297452 
 ----> high 315 0 0.710218 0.289782 
 ----> high 316 0 0.662833 0.337167 
 ----> high 317 0 0.679727 0.320273 
 ----> high 318 0 0.669678 0.330322 
 ----> high 319 0 0.703333 0.296667 
 ----> high 320 0 0.719816 0.280184 
 ----> high 321 1 0.695092 0.304908 
 ----> high 322 0 0.718987 0.281013 
 ----> high 323 0 0.732211 0.267789 
 ----> high 324 0 0.675652 0.324348 
 ----> high 325 0 0.688432 0.311568 
 ----> high 326 0 0.684553 0.315447 
 ----> high 327 1 0.692181 0.307819 
 ----> high 328 0 0.688132 0.311868 
 ----> high 329 0 0.652387 0.347613 
 ----> high 330 0 0.77968 0.22032 
 ----> high 331 0 0.735515 0.264485 
 ----> high 332 0 0.7157 0.2843 
 ----> high 333 1 0.679098 0.320902 
 ----> high 334 1 0.654666 0.345334 
 ----> high 335 0 0.736587 0.263413 
 ----> high 336 1 0.662377 0.337623 
 ----> high 337 0 0.651456 0.348544 
 ----> high 338 0 0.713664 0.286336 
 ----> high 339 0 0.721713 0.278287 
 ----> high 340 1 0.680275 0.319725 
 ----> high 341 0 0.691241 0.308759 
 ----> high 342 1 0.69211 0.30789 
 ----> high 343 1 0.680051 0.319949 
 ----> high 344 0 0.706968 0.293032 
 ----> high 345 0 0.639869 0.360131 
 ----> high 346 1 0.657353 0.342647 
 ----> high 347 0 0.705018 0.294982 
 ----> high 348 0 0.729594 0.270406 
 ----> high 349 0 0.736719 0.263281 
 ----> high 350 1 0.677058 0.322942 
 ----> high 351 0 0.694427 0.305573 
 ----> high 352 0 0.712493 0.287507 
 ----> high 353 0 0.714495 0.285505 
 ----> high 354 0 0.698005 0.301995 
 ----> high 355 0 0.695167 0.304833 
 ----> high 356 0 0.722461 0.277539 
 ----> high 357 1 0.692353 0.307647 
 ----> high 358 0 0.655082 0.344918 
 ----> high 359 0 0.684949 0.315051 
 ----> high 360 0 0.706432 0.293568 
 ----> high 361 0 0.687627 0.312373 
 ----> high 362 0 0.687774 0.312226 
 ----> high 363 0 0.714132 0.285868 
 ----> high 364 0 0.713309 0.286691 
 ----> high 365 0 0.740905 0.259095 
 ----> high 366 1 0.65674 0.34326 
 ----> high 367 1 0.645198 0.354802 
 ----> high 368 0 0.699086 0.300914 
 ----> high 369 0 0.685642 0.314358 
 ----> high 370 0 0.713992 0.286008 
 ----> high 371 0 0.716621 0.283379 
 ----> high 372 0 0.711393 0.288607 
 ----> high 373 0 0.700304 0.299696 
 ----> high 374 0 0.687476 0.312524 
 ----> high 375 0 0.692889 0.307111 
 ----> high 376 0 0.712382 0.287618 
 ----> high 377 0 0.704385 0.295615 
 ----> high 378 0 0.708218 0.291782 
 ----> high 379 0 0.702852 0.297148 
 ----> high 380 0 0.742743 0.257257 
 ----> high 381 1 0.669305 0.330695 
 ----> high 382 0 0.72942 0.27058 
 ----> high 383 0 0.693848 0.306152 
 ----> high 384 0 0.672547 0.327453 
 ----> high 385 1 0.702366 0.297634 
 ----> high 386 0 0.705419 0.294581 
 ----> high 387 1 0.654321 0.345679 
 ----> high 388 1 0.720965 0.279035 
 ----> high 389 0 0.721937 0.278063 
 ----> high 390 0 0.588349 0.411651 
 ----> high 391 0 0.704239 0.295761 
 ----> high 392 0 0.68005 0.31995 
 ----> high 393 1 0.730561 0.269439 
 ----> high 394 1 0.680912 0.319088 
 ----> high 395 0 0.702067 0.297933 
 ----> high 396 0 0.647842 0.352158 
 ----> high 397 0 0.683417 0.316583 
 ----> high 398 1 0.697319 0.302681 
 ----> high 399 1 0.679976 0.320024 
 ----> high 400 1 0.683584 0.316416 
 ----> high 401 0 0.711006 0.288994 
 ----> high 402 1 0.644627 0.355373 
 ----> high 403 0 0.682952 0.317048 
 ----> high 404 0 0.714003 0.285997 
 ----> high 405 1 0.642412 0.357588 
 ----> high 406 1 0.683112 0.316888 
 ----> high 407 1 0.69979 0.30021 
 ----> high 408 0 0.720928 0.279072 
 ----> high 409 0 0.691786 0.308214 
 ----> high 410 0 0.665463 0.334537 
 ----> high 411 1 0.65723 0.34277 
 ----> high 412 0 0.684812 0.315188 
 ----> high 413 0 0.731326 0.268674 
 ----> high 414 0 0.697153 0.302847 
 ----> high 415 1 0.645123 0.354877 
 ----> high 416 0 0.664213 0.335787 
 ----> high 417 0 0.6767 0.3233 
 ----> high 418 1 0.638117 0.361883 
 ----> high 419 1 0.634796 0.365204 
 ----> high 420 0 0.693325 0.306675 
 ----> high 421 0 0.693193 0.306807 
 ----> high 422 0 0.70032 0.29968 
 ----> high 423 0 0.68443 0.31557 
 ----> high 424 0 0.700117 0.299883 
 ----> high 425 0 0.713972 0.286028 
 ----> high 426 1 0.66148 0.33852 
 ----> high 427 0 0.694967 0.305033 
 ----> high 428 0 0.723277 0.276723 
 ----> high 429 0 0.684931 0.315069 
 ----> high 430 0 0.689478 0.310522 
 ----> high 431 0 0.720787 0.279213 
 ----> high 432 0 0.702757 0.297243 
 ----> high 433 0 0.697358 0.302642 
 ----> high 434 0 0.699428 0.300572 
 ----> high 435 1 0.719294 0.280706 
 ----> high 436 0 0.713589 0.286411 
 ----> high 437 0 0.686657 0.313343 
 ----> high 438 1 0.635372 0.364628 
 ----> high 439 0 0.680941 0.319059 
 ----> high 440 1 0.678174 0.321826 
 ----> high 441 0 0.719465 0.280535 
 ----> high 442 0 0.701621 0.298379 
 ----> high 443 0 0.734412 0.265588 
 ----> high 444 0 0.689851 0.310149 
 ----> high 445 1 0.688282 0.311718 
 ----> high 446 0 0.70021 0.29979 
 ----> high 447 0 0.721818 0.278182 
 ----> high 448 0 0.706178 0.293822 
 ----> high 449 0 0.71402 0.28598 
 ----> high 450 0 0.721864 0.278136 
 ----> high 451 0 0.738642 0.261358 
 ----> high 452 0 0.703896 0.296104 
 ----> high 453 0 0.688157 0.311843 
 ----> high 454 0 0.726376 0.273624 
 ----> high 455 1 0.69589 0.30411 
 ----> high 456 0 0.720918 0.279082 
 ----> high 457 0 0.735597 0.264403 
 ----> high 458 1 0.695274 0.304726 
 ----> high 459 0 0.718198 0.281802 
 ----> high 460 0 0.715766 0.284234 
 ----> high 461 1 0.684766 0.315234 
 ----> high 462 0 0.726764 0.273236 
 ----> high 463 0 0.701999 0.298001 
 ----> high 464 0 0.728548 0.271452 
 ----> high 465 0 0.73183 0.26817 
 ----> high 466 0 0.723996 0.276004 
 ----> high 467 1 0.724461 0.275539 
 ----> high 468 0 0.672607 0.327393 
 ----> high 469 0 0.708514 0.291486 
 ----> high 470 1 0.711031 0.288969 
 ----> high 471 1 0.670957 0.329043 
 ----> high 472 0 0.697785 0.302215 
 ----> high 473 1 0.68505 0.31495 
 ----> high 474 1 0.64389 0.35611 
 ----> high 475 0 0.695689 0.304311 
 ----> high 476 0 0.681023 0.318977 
 ----> high 477 1 0.680604 0.319396 
 ----> high 478 0 0.725342 0.274658 
 ----> high 479 0 0.699979 0.300021 
 ----> high 480 0 0.707931 0.292069 
 ----> high 481 0 0.66426 0.33574 
 ----> high 482 0 0.704258 0.295742 
 ----> high 483 0 0.717459 0.282541 
 ----> high 484 0 0.715925 0.284075 
 ----> high 485 0 0.715879 0.284121 
 ----> high 486 0 0.729409 0.270591 
 ----> high 487 0 0.726278 0.273722 
 ----> high 488 1 0.64337 0.35663 
 ----> high 489 1 0.678546 0.321454 
 ----> high 490 0 0.675071 0.324929 
 ----> high 491 1 0.678677 0.321323 
 ----> high 492 0 0.700061 0.299939 
 ----> high 493 0 0.697539 0.302461 
 ----> high 494 0 0.7186 0.2814 
 ----> high 495 1 0.678034 0.321966 
 ----> high 496 1 0.696702 0.303298 
 ----> high 497 0 0.698431 0.301569 
 ----> high 498 0 0.685967 0.314033 
 ----> high 499 0 0.715279 0.284721 
 ----> high 500 1 0.691698 0.308302 
 ----> high 501 0 0.680045 0.319955 
 ----> high 502 0 0.695872 0.304128 
 ----> high 503 1 0.6831 0.3169 
 ----> high 504 0 0.672102 0.327898 
 ----> high 505 0 0.727951 0.272049 
 ----> high 506 0 0.683471 0.316529 
 ----> high 507 0 0.66716 0.33284 
 ----> high 508 1 0.608913 0.391087 
 ----> high 509 1 0.687957 0.312043 
 ----> high 510 0 0.741515 0.258485 
 ----> high 511 0 0.700633 0.299367 
 ----> high 512 0 0.726686 0.273314 
 ----> high 513 1 0.658071 0.341929 
 ----> high 514 1 0.632906 0.367094 
 ----> high 515 0 0.724508 0.275492 
 ----> high 516 0 0.678229 0.321771 
 ----> high 517 1 0.686508 0.313492 
 ----> high 518 1 0.682975 0.317025 
 ----> high 519 0 0.707026 0.292974 
 ----> high 520 1 0.69515 0.30485 
 ----> high 521 1 0.652233 0.347767 
 ----> high 522 0 0.693212 0.306788 
 ----> high 523 1 0.692164 0.307836 
 ----> high 524 0 0.676382 0.323618 
 ----> high 525 0 0.688118 0.311882 
 ----> high 526 0 0.692041 0.307959 
 ----> high 527 0 0.686384 0.313616 
 ----> high 528 0 0.663277 0.336723 
 ----> high 529 1 0.648419 0.351581 
 ----> high 530 0 0.697928 0.302072 
 ----> high 531 1 0.705717 0.294283 
 ----> high 532 0 0.700837 0.299163 
 ----> high 533 0 0.725938 0.274062 
 ----> high 534 0 0.71432 0.28568 
 ----> high 535 0 0.702156 0.297844 
 ----> high 536 0 0.716251 0.283749 
 ----> high 537 0 0.698884 0.301116 
 ----> high 538 0 0.692843 0.307157 
 ----> high 539 0 0.715492 0.284508 
 ----> high 540 0 0.679233 0.320767 
 ----> high 541 0 0.695537 0.304463 
 ----> high 542 1 0.70339 0.29661 
 ----> high 543 0 0.681642 0.318358 
 ----> high 544 0 0.716368 0.283632 
 ----> high 545 0 0.706756 0.293244 
 ----> high 546 0 0.717896 0.282104 
 ----> high 547 0 0.631677 0.368323 
 ----> high 548 0 0.712402 0.287598 
 ----> high 549 0 0.708429 0.291571 
 ----> high 550 0 0.702759 0.297241 
 ----> high 551 1 0.689568 0.310432 
 ----> high 552 0 0.671832 0.328168 
 ----> high 553 1 0.68816 0.31184 
 ----> high 554 0 0.695684 0.304316 
 ----> high 555 1 0.679457 0.320543 
 ----> high 556 0 0.700656 0.299344 
 ----> high 557 0 0.695962 0.304038 
 ----> high 558 1 0.681928 0.318072 
 ----> high 559 0 0.67534 0.32466 
 ----> high 560 0 0.689457 0.310543 
 ----> high 561 0 0.742676 0.257324 
 ----> high 562 0 0.680116 0.319884 
 ----> high 563 0 0.68118 0.31882 
 ----> high 564 0 0.696768 0.303232 
 ----> high 565 0 0.69392 0.30608 
 ----> high 566 0 0.729532 0.270468 
 ----> high 567 0 0.696722 0.303278 
 ----> high 568 0 0.756853 0.243147 
 ----> high 569 1 0.66042 0.33958 
 ----> high 570 0 0.684911 0.315089 
 ----> high 571 0 0.731715 0.268285 
 ----> high 572 1 0.697569 0.302431 
 ----> high 573 0 0.697437 0.302563 
 ----> high 574 0 0.685523 0.314477 
 ----> high 575 0 0.681821 0.318179 
 ----> high 576 1 0.696663 0.303337 
 ----> high 577 0 0.691259 0.308741 
 ----> high 578 0 0.697163 0.302837 
 ----> high 579 0 0.711318 0.288682 
 ----> high 580 1 0.680926 0.319074 
 ----> high 581 0 0.693593 0.306407 
 ----> high 582 0 0.704549 0.295451 
 ----> high 583 0 0.709587 0.290413 
 ----> high 584 1 0.711557 0.288443 
 ----> high 585 0 0.715256 0.284744 
 ----> high 586 0 0.728351 0.271649 
 ----> high 587 0 0.715109 0.284891 
 ----> high 588 0 0.703634 0.296366 
 ----> high 589 1 0.699906 0.300094 
 ----> high 590 0 0.683606 0.316394 
 ----> high 591 1 0.696366 0.303634 
 ----> high 592 1 0.707255 0.292745 
 ----> high 593 0 0.706109 0.293891 
 ----> high 594 0 0.694798 0.305202 
 ----> high 595 0 0.730287 0.269713 
 ----> high 596 0 0.731299 0.268701 
 ----> high 597 0 0.724878 0.275122 
 ----> high 598 0 0.716979 0.283021 
 ----> high 599 0 0.702059 0.297941 
 ----> high 600 0 0.674727 0.325273 
 ----> high 601 0 0.726178 0.273822 
 ----> high 602 1 0.67721 0.32279 
 ----> high 603 1 0.647841 0.352159 
 ----> high 604 0 0.706208 0.293792 
 ----> high 605 0 0.655019 0.344981 
 ----> high 606 0 0.696839 0.303161 
 ----> high 607 1 0.730099 0.269901 
 ----> high 608 1 0.699808 0.300192 
 ----> high 609 0 0.74032 0.25968 
 ----> high 610 0 0.652658 0.347342 
 ----> high 611 0 0.692564 0.307436 
 ----> high 612 0 0.705063 0.294937 
 ----> high 613 0 0.732331 0.267669 
 ----> high 614 0 0.697338 0.302662 
 ----> high 615 0 0.64738 0.35262 
 ----> high 616 0 0.716275 0.283725 
 ----> high 617 0 0.699189 0.300811 
 ----> high 618 0 0.698713 0.301287 
 ----> high 619 1 0.67689 0.32311 
 ----> high 620 1 0.674969 0.325031 
 ----> high 621 0 0.749075 0.250925 
 ----> high 622 1 0.669031 0.330969 
 ----> high 623 0 0.69171 0.30829 
 ----> high 624 0 0.702484 0.297516 
 ----> high 625 0 0.634514 0.365486 
 ----> high 626 0 0.727604 0.272396 
 ----> high 627 0 0.743814 0.256186 
 ----> high 628 0 0.722042 0.277958 
 ----> high 629 1 0.669912 0.330088 
 ----> high 630 0 0.705002 0.294998 
 ----> high 631 0 0.690599 0.309401 
 ----> high 632 1 0.691937 0.308063 
 ----> high 633 0 0.693464 0.306536 
 ----> high 634 1 0.669575 0.330425 
 ----> high 635 0 0.73485 0.26515 
 ----> high 636 1 0.631677 0.368323 
 ----> high 637 0 0.682558 0.317442 
 ----> high 638 0 0.684973 0.315027 
 ----> high 639 1 0.679471 0.320529 
 ----> high 640 1 0.673057 0.326943 
 ----> high 641 0 0.673776 0.326224 
 ----> high 642 0 0.678025 0.321975 
 ----> high 643 0 0.690607 0.309393 
 ----> high 644 0 0.715705 0.284295 
 ----> high 645 0 0.714269 0.285731 
 ----> high 646 0 0.715939 0.284061 
 ----> high 647 1 0.672926 0.327074 
 ----> high 648 0 0.732657 0.267343 
 ----> high 649 0 0.699389 0.300611 
 ----> high 650 0 0.70038 0.29962 
 ----> high 651 1 0.689711 0.310289 
 ----> high 652 0 0.7105 0.2895 
 ----> high 653 0 0.722474 0.277526 
 ----> high 654 1 0.668883 0.331117 
 ----> high 655 0 0.694831 0.305169 
 ----> high 656 0 0.694593 0.305407 
 ----> high 657 0 0.709363 0.290637 
 ----> high 658 0 0.71253 0.28747 
 ----> high 659 0 0.68333 0.31667 
 ----> high 660 0 0.767287 0.232713 
 ----> high 661 0 0.718865 0.281135 
 ----> high 662 0 0.688837 0.311163 
 ----> high 663 0 0.685495 0.314505 
 ----> high 664 1 0.703435 0.296565 
 ----> high 665 0 0.684415 0.315585 
 ----> high 666 0 0.697992 0.302008 
 ----> high 667 0 0.734012 0.265988 
 ----> high 668 0 0.672865 0.327135 
 ----> high 669 0 0.730301 0.269699 
 ----> high 670 0 0.701846 0.298154 
 ----> high 671 0 0.688513 0.311487 
 ----> high 672 0 0.706044 0.293956 
 ----> high 673 0 0.707902 0.292098 
 ----> high 674 1 0.711355 0.288645 
 ----> high 675 1 0.673623 0.326377 
 ----> high 676 0 0.707068 0.292932 
 ----> high 677 0 0.675133 0.324867 
 ----> high 678 1 0.691378 0.308622 
 ----> high 679 0 0.723687 0.276313 
 ----> high 680 1 0.701618 0.298382 
 ----> high 681 0 0.703634 0.296366 
 ----> high 682 0 0.732383 0.267617 
 ----> high 683 0 0.716532 0.283468 
 ----> high 684 0 0.673103 0.326897 
 ----> high 685 1 0.593418 0.406582 
 ----> high 686 0 0.735247 0.264753 
 ----> high 687 0 0.673554 0.326446 
 ----> high 688 0 0.69501 0.30499 
 ----> high 689 0 0.710705 0.289295 
 ----> high 690 1 0.699785 0.300215 
 ----> high 691 0 0.741198 0.258802 
 ----> high 692 0 0.663511 0.336489 
 ----> high 693 0 0.650115 0.349885 
 ----> high 694 0 0.721056 0.278944 
 ----> high 695 0 0.72411 0.27589 
 ----> high 696 0 0.715582 0.284418 
 ----> high 697 0 0.709587 0.290413 
 ----> high 698 0 0.696998 0.303002 
 ----> high 699 0 0.685785 0.314215 
 ----> high 700 1 0.663206 0.336794 
 ----> high 701 0 0.695628 0.304372 
 ----> high 702 0 0.667932 0.332068 
 ----> high 703 0 0.673652 0.326348 
 ----> high 704 0 0.692808 0.307192 
 ----> high 705 0 0.725405 0.274595 
 ----> high 706 0 0.729266 0.270734 
 ----> high 707 0 0.688079 0.311921 
 ----> high 708 0 0.682239 0.317761 
 ----> high 709 0 0.679848 0.320152 
 ----> high 710 0 0.684642 0.315358 
 ----> high 711 0 0.681531 0.318469 
 ----> high 712 0 0.699391 0.300609 
 ----> high 713 0 0.740489 0.259511 
 ----> high 714 1 0.682242 0.317758 
 ----> high 715 0 0.702671 0.297329 
 ----> high 716 1 0.706313 0.293687 
 ----> high 717 0 0.692802 0.307198 
 ----> high 718 0 0.730043 0.269957 
