 ----> high 1 0 0 0 
 ----> high 2 0 0 0 
 ----> high 3 1 0 0 
 ----> high 4 1 0 0 
 ----> high 5 0 0.689095 0.310905 
 ----> high 6 1 0.685879 0.314121 
 ----> high 7 0 0.675926 0.324074 
 ----> high 8 0 0.697771 0.302229 
 ----> high 9 0 0.65444 0.34556 
 ----> high 10 1 0.697771 0.302229 
 ----> high 11 1 0.65444 0.34556 
 ----> high 12 1 0.671546 0.328454 
 ----> high 13 0 0.711128 0.288872 
 ----> high 14 1 0.702218 0.297782 
 ----> high 15 0 0.642309 0.357691 
 ----> high 16 1 0.644208 0.355792 
 ----> high 17 1 0.698762 0.301238 
 ----> high 18 0 0.663885 0.336115 
 ----> high 19 0 0.699566 0.300434 
 ----> high 20 0 0.665541 0.334459 
 ----> high 21 1 0.656128 0.343872 
 ----> high 22 0 0.690818 0.309182 
 ----> high 23 0 0.658685 0.341315 
 ----> high 24 0 0.669269 0.330731 
 ----> high 25 0 0.689093 0.310907 
 ----> high 26 0 0.727076 0.272924 
 ----> high 27 1 0.653655 0.346345 
 ----> high 28 1 0.672401 0.327599 
 ----> high 29 0 0.738459 0.261541 
 ----> high 30 0 0.651858 0.348142 
 ----> high 31 1 0.649569 0.350431 
 ----> high 32 0 0.704939 0.295061 
 ----> high 33 0 0.696769 0.303231 
 ----> high 34 0 0.692794 0.307206 
 ----> high 35 1 0.718957 0.281043 
 ----> high 36 1 0.676585 0.323415 
 ----> high 37 0 0.700802 0.299198 
 ----> high 38 0 0.679731 0.320269 
 ----> high 39 0 0.677016 0.322984 
 ----> high 40 1 0.693555 0.306445 
 ----> high 41 1 0.712909 0.287091 
 ----> high 42 1 0.66116 0.33884 
 ----> high 43 0 0.698146 0.301854 
 ----> high 44 0 0.726913 0.273087 
 ----> high 45 1 0.704693 0.295307 
 ----> high 46 1 0.663365 0.336635 
 ----> high 47 0 0.678237 0.321763 
 ----> high 48 0 0.683388 0.316612 
 ----> high 49 1 0.642929 0.357071 
 ----> high 50 1 0.651919 0.348081 
 ----> high 51 1 0.672148 0.327852 
 ----> high 52 1 0.665383 0.334617 
 ----> high 53 1 0.632969 0.367031 
 ----> high 54 0 0.709023 0.290977 
 ----> high 55 0 0.684475 0.315525 
 ----> high 56 0 0.707246 0.292754 
 ----> high 57 1 0.613726 0.386274 
 ----> high 58 1 0.704102 0.295898 
 ----> high 59 1 0.686966 0.313034 
 ----> high 60 1 0.685035 0.314965 
 ----> high 61 0 0.650248 0.349752 
 ----> high 62 0 0.672561 0.327439 
 ----> high 63 1 0.691034 0.308966 
 ----> high 64 1 0.663951 0.336049 
 ----> high 65 0 0.713664 0.286336 
 ----> high 66 0 0.721198 0.278802 
 ----> high 67 0 0.713361 0.286639 
 ----> high 68 0 0.682281 0.317719 
 ----> high 69 0 0.647309 0.352691 
 ----> high 70 0 0.669342 0.330658 
 ----> high 71 1 0.623019 0.376981 
 ----> high 72 0 0.768708 0.231292 
 ----> high 73 0 0.712831 0.287169 
 ----> high 74 1 0.697371 0.302629 
 ----> high 75 0 0.67964 0.32036 
 ----> high 76 0 0.668586 0.331414 
 ----> high 77 0 0.680888 0.319112 
 ----> high 78 1 0.720147 0.279853 
 ----> high 79 0 0.663098 0.336902 
 ----> high 80 1 0.640065 0.359935 
 ----> high 81 1 0.668996 0.331004 
 ----> high 82 1 0.549734 0.450266 
 ----> high 83 1 0.61622 0.38378 
 ----> high 84 1 0.636841 0.363159 
 ----> high 85 0 0.689331 0.310669 
 ----> high 86 0 0.669892 0.330108 
 ----> high 87 0 0.65398 0.34602 
 ----> high 88 1 0.650682 0.349318 
 ----> high 89 1 0.660554 0.339446 
 ----> high 90 1 0.675562 0.324438 
 ----> high 91 0 0.696455 0.303545 
 ----> high 92 1 0.646678 0.353322 
 ----> high 93 0 0.709715 0.290285 
 ----> high 94 1 0.625424 0.374576 
 ----> high 95 0 0.685012 0.314988 
 ----> high 96 0 0.663794 0.336206 
 ----> high 97 0 0.672824 0.327176 
 ----> high 98 1 0.612889 0.387111 
 ----> high 99 1 0.630263 0.369737 
 ----> high 100 1 0.700681 0.299319 
 ----> high 101 1 0.693479 0.306521 
 ----> high 102 1 0.7288 0.2712 
 ----> high 103 0 0.678926 0.321074 
 ----> high 104 0 0.675826 0.324174 
 ----> high 105 0 0.679209 0.320791 
 ----> high 106 0 0.641402 0.358598 
 ----> high 107 0 0.702687 0.297313 
 ----> high 108 0 0.721978 0.278022 
 ----> high 109 0 0.729118 0.270882 
 ----> high 110 1 0.660663 0.339337 
 ----> high 111 0 0.680202 0.319798 
 ----> high 112 0 0.690287 0.309713 
 ----> high 113 0 0.672592 0.327408 
 ----> high 114 1 0.723723 0.276277 
 ----> high 115 0 0.639644 0.360356 
 ----> high 116 0 0.684471 0.315529 
 ----> high 117 0 0.703806 0.296194 
 ----> high 118 1 0.665522 0.334478 
 ----> high 119 1 0.679615 0.320385 
 ----> high 120 0 0.645696 0.354304 
 ----> high 121 1 0.657756 0.342244 
 ----> high 122 0 0.670592 0.329408 
 ----> high 123 1 0.601779 0.398221 
 ----> high 124 1 0.67149 0.32851 
 ----> high 125 0 0.693402 0.306598 
 ----> high 126 1 0.733262 0.266738 
 ----> high 127 0 0.763667 0.236333 
 ----> high 128 0 0.739537 0.260463 
 ----> high 129 0 0.742085 0.257915 
 ----> high 130 1 0.525586 0.474414 
 ----> high 131 0 0.670714 0.329286 
 ----> high 132 0 0.728739 0.271261 
 ----> high 133 1 0.729628 0.270372 
 ----> high 134 1 0.637224 0.362776 
 ----> high 135 1 0.705165 0.294835 
 ----> high 136 0 0.694438 0.305562 
 ----> high 137 1 0.684288 0.315712 
 ----> high 138 1 0.665963 0.334037 
 ----> high 139 0 0.707034 0.292966 
 ----> high 140 0 0.689318 0.310682 
 ----> high 141 1 0.644876 0.355124 
 ----> high 142 0 0.732519 0.267481 
 ----> high 143 0 0.680376 0.319624 
 ----> high 144 0 0.660591 0.339409 
 ----> high 145 0 0.725803 0.274197 
 ----> high 146 0 0.676958 0.323042 
 ----> high 147 0 0.71024 0.28976 
 ----> high 148 0 0.647149 0.352851 
 ----> high 149 0 0.632509 0.367491 
 ----> high 150 1 0.618461 0.381539 
 ----> high 151 1 0.726641 0.273359 
 ----> high 152 0 0.517489 0.482511 
 ----> high 153 0 0.774321 0.225679 
 ----> high 154 0 0.730055 0.269945 
 ----> high 155 0 0.689438 0.310562 
 ----> high 156 1 0.664394 0.335606 
 ----> high 157 1 0.687522 0.312478 
 ----> high 158 1 0.663172 0.336828 
 ----> high 159 0 0.702443 0.297557 
 ----> high 160 0 0.616043 0.383957 
 ----> high 161 0 0.692721 0.307279 
 ----> high 162 1 0.715638 0.284362 
 ----> high 163 1 0.669912 0.330088 
 ----> high 164 0 0.744436 0.255564 
 ----> high 165 1 0.641651 0.358349 
 ----> high 166 1 0.67545 0.32455 
 ----> high 167 0 0.680109 0.319891 
 ----> high 168 1 0.679734 0.320266 
 ----> high 169 0 0.718705 0.281295 
 ----> high 170 1 0.707457 0.292543 
 ----> high 171 1 0.737295 0.262705 
 ----> high 172 0 0.687246 0.312754 
 ----> high 173 1 0.693369 0.306631 
 ----> high 174 0 0.698668 0.301332 
 ----> high 175 1 0.694561 0.305439 
 ----> high 176 0 0.728823 0.271177 
 ----> high 177 0 0.682657 0.317343 
 ----> high 178 1 0.687338 0.312662 
 ----> high 179 1 0.708069 0.291931 
 ----> high 180 0 0.733156 0.266844 
 ----> high 181 0 0.705221 0.294779 
 ----> high 182 1 0.691859 0.308141 
 ----> high 183 0 0.701151 0.298849 
 ----> high 184 1 0.626274 0.373726 
 ----> high 185 1 0.665007 0.334993 
 ----> high 186 0 0.704593 0.295407 
 ----> high 187 0 0.657816 0.342184 
 ----> high 188 1 0.685433 0.314567 
 ----> high 189 1 0.673524 0.326476 
 ----> high 190 0 0.669747 0.330253 
 ----> high 191 0 0.729611 0.270389 
 ----> high 192 1 0.675429 0.324571 
 ----> high 193 0 0.754777 0.245223 
 ----> high 194 0 0.691849 0.308151 
 ----> high 195 0 0.692 0.308 
 ----> high 196 1 0.671618 0.328382 
 ----> high 197 0 0.728604 0.271396 
 ----> high 198 0 0.688552 0.311448 
 ----> high 199 0 0.673962 0.326038 
 ----> high 200 0 0.753464 0.246536 
 ----> high 201 0 0.732679 0.267321 
 ----> high 202 0 0.655979 0.344021 
 ----> high 203 0 0.693873 0.306127 
 ----> high 204 1 0.720059 0.279941 
 ----> high 205 0 0.654724 0.345276 
 ----> high 206 0 0.737566 0.262434 
 ----> high 207 1 0.663289 0.336711 
 ----> high 208 0 0.746849 0.253151 
 ----> high 209 0 0.683743 0.316257 
 ----> high 210 0 0.655821 0.344179 
 ----> high 211 0 0.70675 0.29325 
 ----> high 212 0 0.754982 0.245018 
 ----> high 213 0 0.74444 0.25556 
 ----> high 214 0 0.733317 0.266683 
 ----> high 215 0 0.675241 0.324759 
 ----> high 216 0 0.722339 0.277661 
 ----> high 217 0 0.660105 0.339895 
 ----> high 218 0 0.61292 0.38708 
 ----> high 219 0 0.6485 0.3515 
 ----> high 220 0 0.658789 0.341211 
 ----> high 221 0 0.798305 0.201695 
 ----> high 222 1 0.736928 0.263072 
 ----> high 223 1 0.585548 0.414452 
 ----> high 224 0 0.727595 0.272405 
 ----> high 225 1 0.685323 0.314677 
 ----> high 226 1 0.68297 0.31703 
 ----> high 227 0 0.652383 0.347617 
 ----> high 228 0 0.779588 0.220412 
 ----> high 229 0 0.756152 0.243848 
 ----> high 230 0 0.687056 0.312944 
 ----> high 231 0 0.685089 0.314911 
 ----> high 232 1 0.66429 0.33571 
 ----> high 233 0 0.722753 0.277247 
 ----> high 234 0 0.754796 0.245204 
 ----> high 235 0 0.716233 0.283767 
 ----> high 236 1 0.677772 0.322228 
 ----> high 237 0 0.673855 0.326145 
 ----> high 238 0 0.668064 0.331936 
 ----> high 239 0 0.689423 0.310577 
 ----> high 240 0 0.695892 0.304108 
 ----> high 241 0 0.78857 0.21143 
 ----> high 242 1 0.698378 0.301622 
 ----> high 243 0 0.762557 0.237443 
 ----> high 244 1 0.689275 0.310725 
 ----> high 245 1 0.7174 0.2826 
 ----> high 246 1 0.665085 0.334915 
 ----> high 247 0 0.710677 0.289323 
 ----> high 248 0 0.72505 0.27495 
 ----> high 249 1 0.706821 0.293179 
 ----> high 250 0 0.664452 0.335548 
 ----> high 251 0 0.710025 0.289975 
 ----> high 252 0 0.699149 0.300851 
 ----> high 253 1 0.722012 0.277988 
 ----> high 254 0 0.722419 0.277581 
 ----> high 255 1 0.702351 0.297649 
 ----> high 256 1 0.670949 0.329051 
 ----> high 257 1 0.613083 0.386917 
 ----> high 258 0 0.636281 0.363719 
 ----> high 259 0 0.631588 0.368412 
 ----> high 260 1 0.733014 0.266986 
 ----> high 261 1 0.668257 0.331743 
 ----> high 262 1 0.723823 0.276177 
 ----> high 263 0 0.725689 0.274311 
 ----> high 264 1 0.720636 0.279364 
 ----> high 265 1 0.649266 0.350734 
 ----> high 266 0 0.716586 0.283414 
 ----> high 267 0 0.712942 0.287058 
 ----> high 268 0 0.723824 0.276176 
 ----> high 269 0 0.665047 0.334953 
 ----> high 270 0 0.697811 0.302189 
 ----> high 271 1 0.617213 0.382787 
 ----> high 272 0 0.666833 0.333167 
 ----> high 273 0 0.706118 0.293882 
 ----> high 274 0 0.646572 0.353428 
 ----> high 275 0 0.679038 0.320962 
 ----> high 276 1 0.68133 0.31867 
 ----> high 277 0 0.650109 0.349891 
 ----> high 278 0 0.71175 0.28825 
 ----> high 279 1 0.668599 0.331401 
 ----> high 280 1 0.642159 0.357841 
 ----> high 281 0 0.681449 0.318551 
 ----> high 282 1 0.689303 0.310697 
 ----> high 283 1 0.62701 0.37299 
 ----> high 284 0 0.697598 0.302402 
 ----> high 285 0 0.691485 0.308515 
 ----> high 286 0 0.709575 0.290425 
 ----> high 287 1 0.635777 0.364223 
 ----> high 288 0 0.707887 0.292113 
 ----> high 289 1 0.68537 0.31463 
 ----> high 290 0 0.654945 0.345055 
 ----> high 291 1 0.688808 0.311192 
 ----> high 292 1 0.64042 0.35958 
 ----> high 293 0 0.714428 0.285572 
 ----> high 294 1 0.704696 0.295304 
 ----> high 295 0 0.606666 0.393334 
 ----> high 296 1 0.641726 0.358274 
 ----> high 297 0 0.614943 0.385057 
 ----> high 298 1 0.69485 0.30515 
 ----> high 299 0 0.706856 0.293144 
 ----> high 300 0 0.625807 0.374193 
 ----> high 301 0 0.683755 0.316245 
 ----> high 302 0 0.691413 0.308587 
 ----> high 303 0 0.685641 0.314359 
 ----> high 304 0 0.666948 0.333052 
 ----> high 305 0 0.681983 0.318017 
 ----> high 306 0 0.693601 0.306399 
 ----> high 307 0 0.692794 0.307206 
 ----> high 308 0 0.665606 0.334394 
 ----> high 309 1 0.636315 0.363685 
 ----> high 310 1 0.643429 0.356571 
 ----> high 311 0 0.690793 0.309207 
 ----> high 312 0 0.648805 0.351195 
 ----> high 313 1 0.667669 0.332331 
 ----> high 314 0 0.727898 0.272102 
 ----> high 315 0 0.680888 0.319112 
 ----> high 316 0 0.725533 0.274467 
 ----> high 317 0 0.655861 0.344139 
 ----> high 318 0 0.633683 0.366317 
 ----> high 319 0 0.697088 0.302912 
 ----> high 320 0 0.723064 0.276936 
 ----> high 321 1 0.670635 0.329365 
 ----> high 322 0 0.721143 0.278857 
 ----> high 323 0 0.665859 0.334141 
 ----> high 324 0 0.687977 0.312023 
 ----> high 325 0 0.717217 0.282783 
 ----> high 326 0 0.639334 0.360666 
 ----> high 327 1 0.705289 0.294711 
 ----> high 328 0 0.67618 0.32382 
 ----> high 329 0 0.774417 0.225583 
 ----> high 330 0 0.680552 0.319448 
 ----> high 331 0 0.701682 0.298318 
 ----> high 332 0 0.709162 0.290838 
 ----> high 333 1 0.692707 0.307293 
 ----> high 334 1 0.649679 0.350321 
 ----> high 335 0 0.673231 0.326769 
 ----> high 336 1 0.613372 0.386628 
 ----> high 337 0 0.719211 0.280789 
 ----> high 338 0 0.698926 0.301074 
 ----> high 339 0 0.64775 0.35225 
 ----> high 340 1 0.702503 0.297497 
 ----> high 341 0 0.689417 0.310583 
 ----> high 342 1 0.641823 0.358177 
 ----> high 343 1 0.713556 0.286444 
 ----> high 344 0 0.673298 0.326702 
 ----> high 345 0 0.681262 0.318738 
 ----> high 346 1 0.708802 0.291198 
 ----> high 347 0 0.692173 0.307827 
 ----> high 348 0 0.709401 0.290599 
 ----> high 349 0 0.696651 0.303349 
 ----> high 350 1 0.690532 0.309468 
 ----> high 351 0 0.690005 0.309995 
 ----> high 352 0 0.682293 0.317707 
 ----> high 353 0 0.715074 0.284926 
 ----> high 354 0 0.6912 0.3088 
 ----> high 355 0 0.684646 0.315354 
 ----> high 356 0 0.657179 0.342821 
 ----> high 357 1 0.641214 0.358786 
 ----> high 358 0 0.655814 0.344186 
 ----> high 359 0 0.778602 0.221398 
 ----> high 360 0 0.760723 0.239277 
 ----> high 361 0 0.721163 0.278837 
 ----> high 362 0 0.698202 0.301798 
 ----> high 363 0 0.671209 0.328791 
 ----> high 364 0 0.725769 0.274231 
 ----> high 365 0 0.672128 0.327872 
 ----> high 366 1 0.684648 0.315352 
 ----> high 367 1 0.712903 0.287097 
 ----> high 368 0 0.725813 0.274187 
 ----> high 369 0 0.725747 0.274253 
 ----> high 370 0 0.688219 0.311781 
 ----> high 371 0 0.658896 0.341104 
 ----> high 372 0 0.679019 0.320981 
 ----> high 373 0 0.699059 0.300941 
 ----> high 374 0 0.730114 0.269886 
 ----> high 375 0 0.704068 0.295932 
 ----> high 376 0 0.709671 0.290329 
 ----> high 377 0 0.725782 0.274218 
 ----> high 378 0 0.725918 0.274082 
 ----> high 379 0 0.713682 0.286318 
 ----> high 380 0 0.712693 0.287307 
 ----> high 381 1 0.686116 0.313884 
 ----> high 382 0 0.628572 0.371428 
 ----> high 383 0 0.711939 0.288061 
 ----> high 384 0 0.751079 0.248921 
 ----> high 385 1 0.662378 0.337622 
 ----> high 386 0 0.800442 0.199558 
 ----> high 387 1 0.698717 0.301283 
 ----> high 388 1 0.683126 0.316874 
 ----> high 389 0 0.672468 0.327532 
 ----> high 390 0 0.672179 0.327821 
 ----> high 391 0 0.681459 0.318541 
 ----> high 392 0 0.714459 0.285541 
 ----> high 393 1 0.668208 0.331792 
 ----> high 394 1 0.685051 0.314949 
 ----> high 395 0 0.705539 0.294461 
 ----> high 396 0 0.676654 0.323346 
 ----> high 397 0 0.644614 0.355386 
 ----> high 398 1 0.662116 0.337884 
 ----> high 399 1 0.751115 0.248885 
 ----> high 400 1 0.697135 0.302865 
 ----> high 401 0 0.715836 0.284164 
 ----> high 402 1 0.664644 0.335356 
 ----> high 403 0 0.682752 0.317248 
 ----> high 404 0 0.627999 0.372001 
 ----> high 405 1 0.614543 0.385457 
 ----> high 406 1 0.669431 0.330569 
 ----> high 407 1 0.687167 0.312833 
 ----> high 408 0 0.727482 0.272518 
 ----> high 409 0 0.676262 0.323738 
 ----> high 410 0 0.714317 0.285683 
 ----> high 411 1 0.708834 0.291166 
 ----> high 412 0 0.725996 0.274004 
 ----> high 413 0 0.641577 0.358423 
 ----> high 414 0 0.715957 0.284043 
 ----> high 415 1 0.679726 0.320274 
 ----> high 416 0 0.72039 0.27961 
 ----> high 417 0 0.683782 0.316218 
 ----> high 418 1 0.72011 0.27989 
 ----> high 419 1 0.672482 0.327518 
 ----> high 420 0 0.668547 0.331453 
 ----> high 421 0 0.718701 0.281299 
 ----> high 422 0 0.695586 0.304414 
 ----> high 423 0 0.805243 0.194757 
 ----> high 424 0 0.688381 0.311619 
 ----> high 425 0 0.692693 0.307307 
 ----> high 426 1 0.737735 0.262265 
 ----> high 427 0 0.774079 0.225921 
 ----> high 428 0 0.765217 0.234783 
 ----> high 429 0 0.678137 0.321863 
 ----> high 430 0 0.668344 0.331656 
 ----> high 431 0 0.714038 0.285962 
 ----> high 432 0 0.708358 0.291642 
 ----> high 433 0 0.693045 0.306955 
 ----> high 434 0 0.677849 0.322151 
 ----> high 435 1 0.701446 0.298554 
 ----> high 436 0 0.744634 0.255366 
 ----> high 437 0 0.759132 0.240868 
 ----> high 438 1 0.683062 0.316938 
 ----> high 439 0 0.697649 0.302351 
 ----> high 440 1 0.718619 0.281381 
 ----> high 441 0 0.685007 0.314993 
 ----> high 442 0 0.679481 0.320519 
 ----> high 443 0 0.658999 0.341001 
 ----> high 444 0 0.748028 0.251972 
 ----> high 445 1 0.704544 0.295456 
 ----> high 446 0 0.708062 0.291938 
 ----> high 447 0 0.728503 0.271497 
 ----> high 448 0 0.732249 0.267751 
 ----> high 449 0 0.683538 0.316462 
 ----> high 450 0 0.62953 0.37047 
 ----> high 451 0 0.676321 0.323679 
 ----> high 452 0 0.717043 0.282957 
 ----> high 453 0 0.70171 0.29829 
 ----> high 454 0 0.735806 0.264194 
 ----> high 455 1 0.688809 0.311191 
 ----> high 456 0 0.723109 0.276891 
 ----> high 457 0 0.667118 0.332882 
 ----> high 458 1 0.718321 0.281679 
 ----> high 459 0 0.682206 0.317794 
 ----> high 460 0 0.71042 0.28958 
 ----> high 461 1 0.623845 0.376155 
 ----> high 462 0 0.657463 0.342537 
 ----> high 463 0 0.725878 0.274122 
 ----> high 464 0 0.725725 0.274275 
 ----> high 465 0 0.666699 0.333301 
 ----> high 466 0 0.725241 0.274759 
 ----> high 467 1 0.695779 0.304221 
 ----> high 468 0 0.714487 0.285513 
 ----> high 469 0 0.673708 0.326292 
 ----> high 470 1 0.614769 0.385231 
 ----> high 471 1 0.662791 0.337209 
 ----> high 472 0 0.705582 0.294418 
 ----> high 473 1 0.678925 0.321075 
 ----> high 474 1 0.666984 0.333016 
 ----> high 475 0 0.686958 0.313042 
 ----> high 476 0 0.728998 0.271002 
 ----> high 477 1 0.6737 0.3263 
 ----> high 478 0 0.727928 0.272072 
 ----> high 479 0 0.724384 0.275616 
 ----> high 480 0 0.689203 0.310797 
 ----> high 481 0 0.677118 0.322882 
 ----> high 482 0 0.710445 0.289555 
 ----> high 483 0 0.643498 0.356502 
 ----> high 484 0 0.734756 0.265244 
 ----> high 485 0 0.725885 0.274115 
 ----> high 486 0 0.731242 0.268758 
 ----> high 487 0 0.709237 0.290763 
 ----> high 488 1 0.709095 0.290905 
 ----> high 489 1 0.687464 0.312536 
 ----> high 490 0 0.714639 0.285361 
 ----> high 491 1 0.723153 0.276847 
 ----> high 492 0 0.668934 0.331066 
 ----> high 493 0 0.719162 0.280838 
 ----> high 494 0 0.706848 0.293152 
 ----> high 495 1 0.726299 0.273701 
 ----> high 496 1 0.653225 0.346775 
 ----> high 497 0 0.761155 0.238845 
 ----> high 498 0 0.746679 0.253321 
 ----> high 499 0 0.732031 0.267969 
 ----> high 500 1 0.787957 0.212043 
 ----> high 501 0 0.707852 0.292148 
 ----> high 502 0 0.689315 0.310685 
 ----> high 503 1 0.668776 0.331224 
 ----> high 504 0 0.694702 0.305298 
 ----> high 505 0 0.679349 0.320651 
 ----> high 506 0 0.703575 0.296425 
 ----> high 507 0 0.680329 0.319671 
 ----> high 508 1 0.689225 0.310775 
 ----> high 509 1 0.716313 0.283687 
 ----> high 510 0 0.73754 0.26246 
 ----> high 511 0 0.758989 0.241011 
 ----> high 512 0 0.692836 0.307164 
 ----> high 513 1 0.712276 0.287724 
 ----> high 514 1 0.676874 0.323126 
 ----> high 515 0 0.730665 0.269335 
 ----> high 516 0 0.763147 0.236853 
 ----> high 517 1 0.744969 0.255031 
 ----> high 518 1 0.582286 0.417714 
 ----> high 519 0 0.667158 0.332842 
 ----> high 520 1 0.656928 0.343072 
 ----> high 521 1 0.720394 0.279606 
 ----> high 522 0 0.706426 0.293574 
 ----> high 523 1 0.640583 0.359417 
 ----> high 524 0 0.637388 0.362612 
 ----> high 525 0 0.630863 0.369137 
 ----> high 526 0 0.68177 0.31823 
 ----> high 527 0 0.700242 0.299758 
 ----> high 528 0 0.704498 0.295502 
 ----> high 529 1 0.706727 0.293273 
 ----> high 530 0 0.691963 0.308037 
 ----> high 531 1 0.662788 0.337212 
 ----> high 532 0 0.747311 0.252689 
 ----> high 533 0 0.66404 0.33596 
 ----> high 534 0 0.641821 0.358179 
 ----> high 535 0 0.629343 0.370657 
 ----> high 536 0 0.629094 0.370906 
 ----> high 537 0 0.736309 0.263691 
 ----> high 538 0 0.708543 0.291457 
 ----> high 539 0 0.746105 0.253895 
 ----> high 540 0 0.751663 0.248337 
 ----> high 541 0 0.693055 0.306945 
 ----> high 542 1 0.663891 0.336109 
 ----> high 543 0 0.665689 0.334311 
 ----> high 544 0 0.691655 0.308345 
 ----> high 545 0 0.681273 0.318727 
 ----> high 546 0 0.690371 0.309629 
 ----> high 547 0 0.718212 0.281788 
 ----> high 548 0 0.719121 0.280879 
 ----> high 549 0 0.706275 0.293725 
 ----> high 550 0 0.699422 0.300578 
 ----> high 551 1 0.704501 0.295499 
 ----> high 552 0 0.663256 0.336744 
 ----> high 553 1 0.69161 0.30839 
 ----> high 554 0 0.727668 0.272332 
 ----> high 555 1 0.705116 0.294884 
 ----> high 556 0 0.697887 0.302113 
 ----> high 557 0 0.652672 0.347328 
 ----> high 558 1 0.681277 0.318723 
 ----> high 559 0 0.689202 0.310798 
 ----> high 560 0 0.661766 0.338234 
 ----> high 561 0 0.703348 0.296652 
 ----> high 562 0 0.674627 0.325373 
 ----> high 563 0 0.728069 0.271931 
 ----> high 564 0 0.687417 0.312583 
 ----> high 565 0 0.739604 0.260396 
 ----> high 566 0 0.778776 0.221224 
 ----> high 567 0 0.748677 0.251323 
 ----> high 568 0 0.649326 0.350674 
 ----> high 569 1 0.687276 0.312724 
 ----> high 570 0 0.623464 0.376536 
 ----> high 571 0 0.7402 0.2598 
 ----> high 572 1 0.698845 0.301155 
 ----> high 573 0 0.707849 0.292151 
 ----> high 574 0 0.675853 0.324147 
 ----> high 575 0 0.666926 0.333074 
 ----> high 576 1 0.65791 0.34209 
 ----> high 577 0 0.672235 0.327765 
 ----> high 578 0 0.701215 0.298785 
 ----> high 579 0 0.681774 0.318226 
 ----> high 580 1 0.650287 0.349713 
 ----> high 581 0 0.658872 0.341128 
 ----> high 582 0 0.648854 0.351146 
 ----> high 583 0 0.723954 0.276046 
 ----> high 584 1 0.727134 0.272866 
 ----> high 585 0 0.712716 0.287284 
 ----> high 586 0 0.702805 0.297195 
 ----> high 587 0 0.68542 0.31458 
 ----> high 588 0 0.680151 0.319849 
 ----> high 589 1 0.648094 0.351906 
 ----> high 590 0 0.620617 0.379383 
 ----> high 591 1 0.556999 0.443001 
 ----> high 592 1 0.67863 0.32137 
 ----> high 593 0 0.743112 0.256888 
 ----> high 594 0 0.728024 0.271976 
 ----> high 595 0 0.665014 0.334986 
 ----> high 596 0 0.693323 0.306677 
 ----> high 597 0 0.702648 0.297352 
 ----> high 598 0 0.742938 0.257062 
 ----> high 599 0 0.665864 0.334136 
 ----> high 600 0 0.721687 0.278313 
 ----> high 601 0 0.716546 0.283454 
 ----> high 602 1 0.709242 0.290758 
 ----> high 603 1 0.673622 0.326378 
 ----> high 604 0 0.655167 0.344833 
 ----> high 605 0 0.69863 0.30137 
 ----> high 606 0 0.677772 0.322228 
 ----> high 607 1 0.659709 0.340291 
 ----> high 608 1 0.704728 0.295272 
 ----> high 609 0 0.73015 0.26985 
 ----> high 610 0 0.69074 0.30926 
 ----> high 611 0 0.715437 0.284563 
 ----> high 612 0 0.714223 0.285777 
 ----> high 613 0 0.705961 0.294039 
 ----> high 614 0 0.743562 0.256438 
 ----> high 615 0 0.66302 0.33698 
 ----> high 616 0 0.753311 0.246689 
 ----> high 617 0 0.722064 0.277936 
 ----> high 618 0 0.728178 0.271822 
 ----> high 619 1 0.69161 0.30839 
 ----> high 620 1 0.74878 0.25122 
 ----> high 621 0 0.699861 0.300139 
 ----> high 622 1 0.765791 0.234209 
 ----> high 623 0 0.745872 0.254128 
 ----> high 624 0 0.682322 0.317678 
 ----> high 625 0 0.723483 0.276517 
 ----> high 626 0 0.669686 0.330314 
 ----> high 627 0 0.78241 0.21759 
 ----> high 628 0 0.720528 0.279472 
 ----> high 629 1 0.668009 0.331991 
 ----> high 630 0 0.738231 0.261769 
 ----> high 631 0 0.771792 0.228208 
 ----> high 632 1 0.790854 0.209146 
 ----> high 633 0 0.769253 0.230747 
 ----> high 634 1 0.64061 0.35939 
 ----> high 635 0 0.722883 0.277117 
 ----> high 636 1 0.741468 0.258532 
 ----> high 637 0 0.678003 0.321997 
 ----> high 638 0 0.777112 0.222888 
 ----> high 639 1 0.726925 0.273075 
 ----> high 640 1 0.677239 0.322761 
 ----> high 641 0 0.716201 0.283799 
 ----> high 642 0 0.735263 0.264737 
 ----> high 643 0 0.7236 0.2764 
 ----> high 644 0 0.691569 0.308431 
 ----> high 645 0 0.694684 0.305316 
 ----> high 646 0 0.720273 0.279727 
 ----> high 647 1 0.681384 0.318616 
 ----> high 648 0 0.683088 0.316912 
 ----> high 649 0 0.664798 0.335202 
 ----> high 650 0 0.715158 0.284842 
 ----> high 651 1 0.702618 0.297382 
 ----> high 652 0 0.698424 0.301576 
 ----> high 653 0 0.659392 0.340608 
 ----> high 654 1 0.624827 0.375173 
 ----> high 655 0 0.674874 0.325126 
 ----> high 656 0 0.740966 0.259034 
 ----> high 657 0 0.715907 0.284093 
 ----> high 658 0 0.741661 0.258339 
 ----> high 659 0 0.712385 0.287615 
 ----> high 660 0 0.748067 0.251933 
 ----> high 661 0 0.689599 0.310401 
 ----> high 662 0 0.711313 0.288687 
 ----> high 663 0 0.718332 0.281668 
 ----> high 664 1 0.694262 0.305738 
 ----> high 665 0 0.717975 0.282025 
 ----> high 666 0 0.721986 0.278014 
 ----> high 667 0 0.738705 0.261295 
 ----> high 668 0 0.69276 0.30724 
 ----> high 669 0 0.667506 0.332494 
 ----> high 670 0 0.737287 0.262713 
 ----> high 671 0 0.698898 0.301102 
 ----> high 672 0 0.638995 0.361005 
 ----> high 673 0 0.724568 0.275432 
 ----> high 674 1 0.719768 0.280232 
 ----> high 675 1 0.7295 0.2705 
 ----> high 676 0 0.703793 0.296207 
 ----> high 677 0 0.697211 0.302789 
 ----> high 678 1 0.698473 0.301527 
 ----> high 679 0 0.751863 0.248137 
 ----> high 680 1 0.745344 0.254656 
 ----> high 681 0 0.635046 0.364954 
 ----> high 682 0 0.701323 0.298677 
 ----> high 683 0 0.676953 0.323047 
 ----> high 684 0 0.686212 0.313788 
 ----> high 685 1 0.720687 0.279313 
 ----> high 686 0 0.730345 0.269655 
 ----> high 687 0 0.735686 0.264314 
 ----> high 688 0 0.62055 0.37945 
 ----> high 689 0 0.726729 0.273271 
 ----> high 690 1 0.713872 0.286128 
 ----> high 691 0 0.752828 0.247172 
 ----> high 692 0 0.708433 0.291567 
 ----> high 693 0 0.732032 0.267968 
 ----> high 694 0 0.738747 0.261253 
 ----> high 695 0 0.696103 0.303897 
 ----> high 696 0 0.699173 0.300827 
 ----> high 697 0 0.688116 0.311884 
 ----> high 698 0 0.665686 0.334314 
 ----> high 699 0 0.673576 0.326424 
 ----> high 700 1 0.677415 0.322585 
 ----> high 701 0 0.759674 0.240326 
 ----> high 702 0 0.805718 0.194282 
 ----> high 703 0 0.713397 0.286603 
 ----> high 704 0 0.774432 0.225568 
 ----> high 705 0 0.720679 0.279321 
 ----> high 706 0 0.73649 0.26351 
 ----> high 707 0 0.711549 0.288451 
 ----> high 708 0 0.725531 0.274469 
 ----> high 709 0 0.674995 0.325005 
 ----> high 710 0 0.682074 0.317926 
 ----> high 711 0 0.636788 0.363212 
 ----> high 712 0 0.699912 0.300088 
 ----> high 713 0 0.725011 0.274989 
 ----> high 714 1 0.767574 0.232426 
 ----> high 715 0 0.691953 0.308047 
 ----> high 716 1 0.716446 0.283554 
 ----> high 717 0 0.694006 0.305994 
 ----> high 718 0 0.720315 0.279685 
