 ----> high 1 0 0.708274 0.291726 
 ----> high 2 0 0.706589 0.293411 
 ----> high 3 1 0.672129 0.327871 
 ----> high 4 1 0.679028 0.320972 
 ----> high 5 0 0.676211 0.323789 
 ----> high 6 1 0.668437 0.331563 
 ----> high 7 0 0.641448 0.358552 
 ----> high 8 0 0.647157 0.352843 
 ----> high 9 0 0.691914 0.308086 
 ----> high 10 1 0.657518 0.342482 
 ----> high 11 1 0.684873 0.315127 
 ----> high 12 1 0.668926 0.331074 
 ----> high 13 0 0.68424 0.31576 
 ----> high 14 1 0.673001 0.326999 
 ----> high 15 0 0.669172 0.330828 
 ----> high 16 1 0.659528 0.340472 
 ----> high 17 1 0.665734 0.334266 
 ----> high 18 0 0.688784 0.311216 
 ----> high 19 0 0.672618 0.327382 
 ----> high 20 0 0.687897 0.312103 
 ----> high 21 1 0.691912 0.308088 
 ----> high 22 0 0.692977 0.307023 
 ----> high 23 0 0.707922 0.292078 
 ----> high 24 0 0.680883 0.319117 
 ----> high 25 0 0.685746 0.314254 
 ----> high 26 0 0.680186 0.319814 
 ----> high 27 1 0.689602 0.310398 
 ----> high 28 1 0.691804 0.308196 
 ----> high 29 0 0.671286 0.328714 
 ----> high 30 0 0.686614 0.313386 
 ----> high 31 1 0.672867 0.327133 
 ----> high 32 0 0.711328 0.288672 
 ----> high 33 0 0.675737 0.324263 
 ----> high 34 0 0.686112 0.313888 
 ----> high 35 1 0.669646 0.330354 
 ----> high 36 1 0.655259 0.344741 
 ----> high 37 0 0.700707 0.299293 
 ----> high 38 0 0.693678 0.306322 
 ----> high 39 0 0.71802 0.28198 
 ----> high 40 1 0.641777 0.358223 
 ----> high 41 1 0.675618 0.324382 
 ----> high 42 1 0.706904 0.293096 
 ----> high 43 0 0.684447 0.315553 
 ----> high 44 0 0.703828 0.296172 
 ----> high 45 1 0.682352 0.317648 
 ----> high 46 1 0.647319 0.352681 
 ----> high 47 0 0.697555 0.302445 
 ----> high 48 0 0.688096 0.311904 
 ----> high 49 1 0.701661 0.298339 
 ----> high 50 1 0.70625 0.29375 
 ----> high 51 1 0.684803 0.315197 
 ----> high 52 1 0.663276 0.336724 
 ----> high 53 1 0.668299 0.331701 
 ----> high 54 0 0.676744 0.323256 
 ----> high 55 0 0.709749 0.290251 
 ----> high 56 0 0.709993 0.290007 
 ----> high 57 1 0.649705 0.350295 
 ----> high 58 1 0.6739 0.3261 
 ----> high 59 1 0.673452 0.326548 
 ----> high 60 1 0.64692 0.35308 
 ----> high 61 0 0.699606 0.300394 
 ----> high 62 0 0.696553 0.303447 
 ----> high 63 1 0.676115 0.323885 
 ----> high 64 1 0.659648 0.340352 
 ----> high 65 0 0.670058 0.329942 
 ----> high 66 0 0.70022 0.29978 
 ----> high 67 0 0.698225 0.301775 
 ----> high 68 0 0.693001 0.306999 
 ----> high 69 0 0.697892 0.302108 
 ----> high 70 0 0.72042 0.27958 
 ----> high 71 1 0.680378 0.319622 
 ----> high 72 0 0.701103 0.298897 
 ----> high 73 0 0.712183 0.287817 
 ----> high 74 1 0.684223 0.315777 
 ----> high 75 0 0.69152 0.30848 
 ----> high 76 0 0.719132 0.280868 
 ----> high 77 0 0.700232 0.299768 
 ----> high 78 1 0.666674 0.333326 
 ----> high 79 0 0.676934 0.323066 
 ----> high 80 1 0.696807 0.303193 
 ----> high 81 1 0.662944 0.337056 
 ----> high 82 1 0.654255 0.345745 
 ----> high 83 1 0.681604 0.318396 
 ----> high 84 1 0.660959 0.339041 
 ----> high 85 0 0.679937 0.320063 
 ----> high 86 0 0.717392 0.282608 
 ----> high 87 0 0.686479 0.313521 
 ----> high 88 1 0.656239 0.343761 
 ----> high 89 1 0.689566 0.310434 
 ----> high 90 1 0.664675 0.335325 
 ----> high 91 0 0.707193 0.292807 
 ----> high 92 1 0.699162 0.300838 
 ----> high 93 0 0.680725 0.319275 
 ----> high 94 1 0.674624 0.325376 
 ----> high 95 0 0.704332 0.295668 
 ----> high 96 0 0.684801 0.315199 
 ----> high 97 0 0.733868 0.266132 
 ----> high 98 1 0.658471 0.341529 
 ----> high 99 1 0.657363 0.342637 
 ----> high 100 1 0.67531 0.32469 
 ----> high 101 1 0.694452 0.305548 
 ----> high 102 1 0.626026 0.373974 
 ----> high 103 0 0.712689 0.287311 
 ----> high 104 0 0.747511 0.252489 
 ----> high 105 0 0.688242 0.311758 
 ----> high 106 0 0.662734 0.337266 
 ----> high 107 0 0.699067 0.300933 
 ----> high 108 0 0.707879 0.292121 
 ----> high 109 0 0.677506 0.322494 
 ----> high 110 1 0.649083 0.350917 
 ----> high 111 0 0.69321 0.30679 
 ----> high 112 0 0.704233 0.295767 
 ----> high 113 0 0.7332 0.2668 
 ----> high 114 1 0.650086 0.349914 
 ----> high 115 0 0.695289 0.304711 
 ----> high 116 0 0.703398 0.296602 
 ----> high 117 0 0.68901 0.31099 
 ----> high 118 1 0.683733 0.316267 
 ----> high 119 1 0.643923 0.356077 
 ----> high 120 0 0.70238 0.29762 
 ----> high 121 1 0.687841 0.312159 
 ----> high 122 0 0.688209 0.311791 
 ----> high 123 1 0.672224 0.327776 
 ----> high 124 1 0.685773 0.314227 
 ----> high 125 0 0.694688 0.305312 
 ----> high 126 1 0.673014 0.326986 
 ----> high 127 0 0.680365 0.319635 
 ----> high 128 0 0.707529 0.292471 
 ----> high 129 0 0.706592 0.293408 
 ----> high 130 1 0.651483 0.348517 
 ----> high 131 0 0.777781 0.222219 
 ----> high 132 0 0.732996 0.267004 
 ----> high 133 1 0.592285 0.407715 
 ----> high 134 1 0.651045 0.348955 
 ----> high 135 1 0.659826 0.340174 
 ----> high 136 0 0.722598 0.277402 
 ----> high 137 1 0.677138 0.322862 
 ----> high 138 1 0.662779 0.337221 
 ----> high 139 0 0.670721 0.329279 
 ----> high 140 0 0.706745 0.293255 
 ----> high 141 1 0.620474 0.379526 
 ----> high 142 0 0.701097 0.298903 
 ----> high 143 0 0.658195 0.341805 
 ----> high 144 0 0.686797 0.313203 
 ----> high 145 0 0.687294 0.312706 
 ----> high 146 0 0.667648 0.332352 
 ----> high 147 0 0.70444 0.29556 
 ----> high 148 0 0.707567 0.292433 
 ----> high 149 0 0.669787 0.330213 
 ----> high 150 1 0.701768 0.298232 
 ----> high 151 1 0.641847 0.358153 
 ----> high 152 0 0.689369 0.310631 
 ----> high 153 0 0.715118 0.284882 
 ----> high 154 0 0.680195 0.319805 
 ----> high 155 0 0.697981 0.302019 
 ----> high 156 1 0.645174 0.354826 
 ----> high 157 1 0.628575 0.371425 
 ----> high 158 1 0.648878 0.351122 
 ----> high 159 0 0.719204 0.280796 
 ----> high 160 0 0.679808 0.320192 
 ----> high 161 0 0.6857 0.3143 
 ----> high 162 1 0.668039 0.331961 
 ----> high 163 1 0.681081 0.318919 
 ----> high 164 0 0.719418 0.280582 
 ----> high 165 1 0.690458 0.309542 
 ----> high 166 1 0.702949 0.297051 
 ----> high 167 0 0.661186 0.338814 
 ----> high 168 1 0.648475 0.351525 
 ----> high 169 0 0.66619 0.33381 
 ----> high 170 1 0.707684 0.292316 
 ----> high 171 1 0.686448 0.313552 
 ----> high 172 0 0.678514 0.321486 
 ----> high 173 1 0.594988 0.405012 
 ----> high 174 0 0.691946 0.308054 
 ----> high 175 1 0.684434 0.315566 
 ----> high 176 0 0.688336 0.311664 
 ----> high 177 0 0.682845 0.317155 
 ----> high 178 1 0.664735 0.335265 
 ----> high 179 1 0.583094 0.416906 
 ----> high 180 0 0.728773 0.271227 
 ----> high 181 0 0.695981 0.304019 
 ----> high 182 1 0.682274 0.317726 
 ----> high 183 0 0.696605 0.303395 
 ----> high 184 1 0.649101 0.350899 
 ----> high 185 1 0.639594 0.360406 
 ----> high 186 0 0.696893 0.303107 
 ----> high 187 0 0.719964 0.280036 
 ----> high 188 1 0.687683 0.312317 
 ----> high 189 1 0.649194 0.350806 
 ----> high 190 0 0.707376 0.292624 
 ----> high 191 0 0.707029 0.292971 
 ----> high 192 1 0.70484 0.29516 
 ----> high 193 0 0.678625 0.321375 
 ----> high 194 0 0.688584 0.311416 
 ----> high 195 0 0.690203 0.309797 
 ----> high 196 1 0.665144 0.334856 
 ----> high 197 0 0.721991 0.278009 
 ----> high 198 0 0.660902 0.339098 
 ----> high 199 0 0.664574 0.335426 
 ----> high 200 0 0.701818 0.298182 
 ----> high 201 0 0.688159 0.311841 
 ----> high 202 0 0.669031 0.330969 
 ----> high 203 0 0.685295 0.314705 
 ----> high 204 1 0.656919 0.343081 
 ----> high 205 0 0.690768 0.309232 
 ----> high 206 0 0.687014 0.312986 
 ----> high 207 1 0.643132 0.356868 
 ----> high 208 0 0.66713 0.33287 
 ----> high 209 0 0.709188 0.290812 
 ----> high 210 0 0.713525 0.286475 
 ----> high 211 0 0.681823 0.318177 
 ----> high 212 0 0.701464 0.298536 
 ----> high 213 0 0.700649 0.299351 
 ----> high 214 0 0.652642 0.347358 
 ----> high 215 0 0.707843 0.292157 
 ----> high 216 0 0.689017 0.310983 
 ----> high 217 0 0.715974 0.284026 
 ----> high 218 0 0.692312 0.307688 
 ----> high 219 0 0.67156 0.32844 
 ----> high 220 0 0.746716 0.253284 
 ----> high 221 0 0.703996 0.296004 
 ----> high 222 1 0.662625 0.337375 
 ----> high 223 1 0.621591 0.378409 
 ----> high 224 0 0.714832 0.285168 
 ----> high 225 1 0.670115 0.329885 
 ----> high 226 1 0.688752 0.311248 
 ----> high 227 0 0.706618 0.293382 
 ----> high 228 0 0.684171 0.315829 
 ----> high 229 0 0.661799 0.338201 
 ----> high 230 0 0.594056 0.405944 
 ----> high 231 0 0.693493 0.306507 
 ----> high 232 1 0.678566 0.321434 
 ----> high 233 0 0.705342 0.294658 
 ----> high 234 0 0.739857 0.260143 
 ----> high 235 0 0.687503 0.312497 
 ----> high 236 1 0.648514 0.351486 
 ----> high 237 0 0.660983 0.339017 
 ----> high 238 0 0.723403 0.276597 
 ----> high 239 0 0.702955 0.297045 
 ----> high 240 0 0.692874 0.307126 
 ----> high 241 0 0.671432 0.328568 
 ----> high 242 1 0.684194 0.315806 
 ----> high 243 0 0.6777 0.3223 
 ----> high 244 1 0.644789 0.355211 
 ----> high 245 1 0.715662 0.284338 
 ----> high 246 1 0.701213 0.298787 
 ----> high 247 0 0.681279 0.318721 
 ----> high 248 0 0.65802 0.34198 
 ----> high 249 1 0.646669 0.353331 
 ----> high 250 0 0.714156 0.285844 
 ----> high 251 0 0.699683 0.300317 
 ----> high 252 0 0.683207 0.316793 
 ----> high 253 1 0.666091 0.333909 
 ----> high 254 0 0.700197 0.299803 
 ----> high 255 1 0.690435 0.309565 
 ----> high 256 1 0.657752 0.342248 
 ----> high 257 1 0.643644 0.356356 
 ----> high 258 0 0.721138 0.278862 
 ----> high 259 0 0.691596 0.308404 
 ----> high 260 1 0.636455 0.363545 
 ----> high 261 1 0.652079 0.347921 
 ----> high 262 1 0.679439 0.320561 
 ----> high 263 0 0.734923 0.265077 
 ----> high 264 1 0.67768 0.32232 
 ----> high 265 1 0.669301 0.330699 
 ----> high 266 0 0.692616 0.307384 
 ----> high 267 0 0.738984 0.261016 
 ----> high 268 0 0.670061 0.329939 
 ----> high 269 0 0.728529 0.271471 
 ----> high 270 0 0.680357 0.319643 
 ----> high 271 1 0.6365 0.3635 
 ----> high 272 0 0.684954 0.315046 
 ----> high 273 0 0.722588 0.277412 
 ----> high 274 0 0.712791 0.287209 
 ----> high 275 0 0.68044 0.31956 
 ----> high 276 1 0.667303 0.332697 
 ----> high 277 0 0.688777 0.311223 
 ----> high 278 0 0.694638 0.305362 
 ----> high 279 1 0.662057 0.337943 
 ----> high 280 1 0.675427 0.324573 
 ----> high 281 0 0.7038 0.2962 
 ----> high 282 1 0.684781 0.315219 
 ----> high 283 1 0.67567 0.32433 
 ----> high 284 0 0.721475 0.278525 
 ----> high 285 0 0.726807 0.273193 
 ----> high 286 0 0.689941 0.310059 
 ----> high 287 1 0.663363 0.336637 
 ----> high 288 0 0.665161 0.334839 
 ----> high 289 1 0.678308 0.321692 
 ----> high 290 0 0.684098 0.315902 
 ----> high 291 1 0.650363 0.349637 
 ----> high 292 1 0.640048 0.359952 
 ----> high 293 0 0.693064 0.306936 
 ----> high 294 1 0.682919 0.317081 
 ----> high 295 0 0.717306 0.282694 
 ----> high 296 1 0.672053 0.327947 
 ----> high 297 0 0.719523 0.280477 
 ----> high 298 1 0.693959 0.306041 
 ----> high 299 0 0.688655 0.311345 
 ----> high 300 0 0.660936 0.339064 
 ----> high 301 0 0.679786 0.320214 
 ----> high 302 0 0.704907 0.295093 
 ----> high 303 0 0.68507 0.31493 
 ----> high 304 0 0.683878 0.316122 
 ----> high 305 0 0.701416 0.298584 
 ----> high 306 0 0.70054 0.29946 
 ----> high 307 0 0.723532 0.276468 
 ----> high 308 0 0.710028 0.289972 
 ----> high 309 1 0.684601 0.315399 
 ----> high 310 1 0.655366 0.344634 
 ----> high 311 0 0.710169 0.289831 
 ----> high 312 0 0.68125 0.31875 
 ----> high 313 1 0.627863 0.372137 
 ----> high 314 0 0.696442 0.303558 
 ----> high 315 0 0.734305 0.265695 
 ----> high 316 0 0.745832 0.254168 
 ----> high 317 0 0.675439 0.324561 
 ----> high 318 0 0.662376 0.337624 
 ----> high 319 0 0.693472 0.306528 
 ----> high 320 0 0.697113 0.302887 
 ----> high 321 1 0.679466 0.320534 
 ----> high 322 0 0.721496 0.278504 
 ----> high 323 0 0.687798 0.312202 
 ----> high 324 0 0.667302 0.332698 
 ----> high 325 0 0.764985 0.235015 
 ----> high 326 0 0.6861 0.3139 
 ----> high 327 1 0.684661 0.315339 
 ----> high 328 0 0.683545 0.316455 
 ----> high 329 0 0.670671 0.329329 
 ----> high 330 0 0.684595 0.315405 
 ----> high 331 0 0.700635 0.299365 
 ----> high 332 0 0.713888 0.286112 
 ----> high 333 1 0.68473 0.31527 
 ----> high 334 1 0.670162 0.329838 
 ----> high 335 0 0.704267 0.295733 
 ----> high 336 1 0.689886 0.310114 
 ----> high 337 0 0.725094 0.274906 
 ----> high 338 0 0.696054 0.303946 
 ----> high 339 0 0.683914 0.316086 
 ----> high 340 1 0.614637 0.385363 
 ----> high 341 0 0.678317 0.321683 
 ----> high 342 1 0.67166 0.32834 
 ----> high 343 1 0.689715 0.310285 
 ----> high 344 0 0.725101 0.274899 
 ----> high 345 0 0.717865 0.282135 
 ----> high 346 1 0.684069 0.315931 
 ----> high 347 0 0.692963 0.307037 
 ----> high 348 0 0.679157 0.320843 
 ----> high 349 0 0.69557 0.30443 
 ----> high 350 1 0.679783 0.320217 
 ----> high 351 0 0.693817 0.306183 
 ----> high 352 0 0.694648 0.305352 
 ----> high 353 0 0.676351 0.323649 
 ----> high 354 0 0.708804 0.291196 
 ----> high 355 0 0.704019 0.295981 
 ----> high 356 0 0.709977 0.290023 
 ----> high 357 1 0.66914 0.33086 
 ----> high 358 0 0.685407 0.314593 
 ----> high 359 0 0.729631 0.270369 
 ----> high 360 0 0.731391 0.268609 
 ----> high 361 0 0.686304 0.313696 
 ----> high 362 0 0.697297 0.302703 
 ----> high 363 0 0.675098 0.324902 
 ----> high 364 0 0.720083 0.279917 
 ----> high 365 0 0.711784 0.288216 
 ----> high 366 1 0.690571 0.309429 
 ----> high 367 1 0.676401 0.323599 
 ----> high 368 0 0.691293 0.308707 
 ----> high 369 0 0.703567 0.296433 
 ----> high 370 0 0.696691 0.303309 
 ----> high 371 0 0.738511 0.261489 
 ----> high 372 0 0.678383 0.321617 
 ----> high 373 0 0.679049 0.320951 
 ----> high 374 0 0.711068 0.288932 
 ----> high 375 0 0.709484 0.290516 
 ----> high 376 0 0.674639 0.325361 
 ----> high 377 0 0.718917 0.281083 
 ----> high 378 0 0.72365 0.27635 
 ----> high 379 0 0.672052 0.327948 
 ----> high 380 0 0.699271 0.300729 
 ----> high 381 1 0.664628 0.335372 
 ----> high 382 0 0.670758 0.329242 
 ----> high 383 0 0.683329 0.316671 
 ----> high 384 0 0.703946 0.296054 
 ----> high 385 1 0.691756 0.308244 
 ----> high 386 0 0.736493 0.263507 
 ----> high 387 1 0.663282 0.336718 
 ----> high 388 1 0.608779 0.391221 
 ----> high 389 0 0.733503 0.266497 
 ----> high 390 0 0.714822 0.285178 
 ----> high 391 0 0.721589 0.278411 
 ----> high 392 0 0.69979 0.30021 
 ----> high 393 1 0.690161 0.309839 
 ----> high 394 1 0.645257 0.354743 
 ----> high 395 0 0.709629 0.290371 
 ----> high 396 0 0.712445 0.287555 
 ----> high 397 0 0.698545 0.301455 
 ----> high 398 1 0.676679 0.323321 
 ----> high 399 1 0.665592 0.334408 
 ----> high 400 1 0.672777 0.327223 
 ----> high 401 0 0.725688 0.274312 
 ----> high 402 1 0.683609 0.316391 
 ----> high 403 0 0.698854 0.301146 
 ----> high 404 0 0.703642 0.296358 
 ----> high 405 1 0.6765 0.3235 
 ----> high 406 1 0.662562 0.337438 
 ----> high 407 1 0.694993 0.305007 
 ----> high 408 0 0.708925 0.291075 
 ----> high 409 0 0.725691 0.274309 
 ----> high 410 0 0.665334 0.334666 
 ----> high 411 1 0.695797 0.304203 
 ----> high 412 0 0.759016 0.240984 
 ----> high 413 0 0.703138 0.296862 
 ----> high 414 0 0.712303 0.287697 
 ----> high 415 1 0.657316 0.342684 
 ----> high 416 0 0.714552 0.285448 
 ----> high 417 0 0.717828 0.282172 
 ----> high 418 1 0.660499 0.339501 
 ----> high 419 1 0.67235 0.32765 
 ----> high 420 0 0.699822 0.300178 
 ----> high 421 0 0.721348 0.278652 
 ----> high 422 0 0.710931 0.289069 
 ----> high 423 0 0.667186 0.332814 
 ----> high 424 0 0.707791 0.292209 
 ----> high 425 0 0.72073 0.27927 
 ----> high 426 1 0.704009 0.295991 
 ----> high 427 0 0.669426 0.330574 
 ----> high 428 0 0.706681 0.293319 
 ----> high 429 0 0.686978 0.313022 
 ----> high 430 0 0.704528 0.295472 
 ----> high 431 0 0.707069 0.292931 
 ----> high 432 0 0.71936 0.28064 
 ----> high 433 0 0.68346 0.31654 
 ----> high 434 0 0.725698 0.274302 
 ----> high 435 1 0.686406 0.313594 
 ----> high 436 0 0.697697 0.302303 
 ----> high 437 0 0.717154 0.282846 
 ----> high 438 1 0.66574 0.33426 
 ----> high 439 0 0.681282 0.318718 
 ----> high 440 1 0.648715 0.351285 
 ----> high 441 0 0.722005 0.277995 
 ----> high 442 0 0.708511 0.291489 
 ----> high 443 0 0.703687 0.296313 
 ----> high 444 0 0.734117 0.265883 
 ----> high 445 1 0.654563 0.345437 
 ----> high 446 0 0.748988 0.251012 
 ----> high 447 0 0.702467 0.297533 
 ----> high 448 0 0.687865 0.312135 
 ----> high 449 0 0.724309 0.275691 
 ----> high 450 0 0.695029 0.304971 
 ----> high 451 0 0.712359 0.287641 
 ----> high 452 0 0.70123 0.29877 
 ----> high 453 0 0.704964 0.295036 
 ----> high 454 0 0.680239 0.319761 
 ----> high 455 1 0.662785 0.337215 
 ----> high 456 0 0.720575 0.279425 
 ----> high 457 0 0.733059 0.266941 
 ----> high 458 1 0.674509 0.325491 
 ----> high 459 0 0.682272 0.317728 
 ----> high 460 0 0.718562 0.281438 
 ----> high 461 1 0.644484 0.355516 
 ----> high 462 0 0.773137 0.226863 
 ----> high 463 0 0.737099 0.262901 
 ----> high 464 0 0.750588 0.249412 
 ----> high 465 0 0.673518 0.326482 
 ----> high 466 0 0.690602 0.309398 
 ----> high 467 1 0.636413 0.363587 
 ----> high 468 0 0.708966 0.291034 
 ----> high 469 0 0.692864 0.307136 
 ----> high 470 1 0.692769 0.307231 
 ----> high 471 1 0.680431 0.319569 
 ----> high 472 0 0.69476 0.30524 
 ----> high 473 1 0.672933 0.327067 
 ----> high 474 1 0.678906 0.321094 
 ----> high 475 0 0.714322 0.285678 
 ----> high 476 0 0.704515 0.295485 
 ----> high 477 1 0.679187 0.320813 
 ----> high 478 0 0.692381 0.307619 
 ----> high 479 0 0.678801 0.321199 
 ----> high 480 0 0.706872 0.293128 
 ----> high 481 0 0.72302 0.27698 
 ----> high 482 0 0.677575 0.322425 
 ----> high 483 0 0.659308 0.340692 
 ----> high 484 0 0.703875 0.296125 
 ----> high 485 0 0.661963 0.338037 
 ----> high 486 0 0.70778 0.29222 
 ----> high 487 0 0.684371 0.315629 
 ----> high 488 1 0.689974 0.310026 
 ----> high 489 1 0.646496 0.353504 
 ----> high 490 0 0.718737 0.281263 
 ----> high 491 1 0.679226 0.320774 
 ----> high 492 0 0.700274 0.299726 
 ----> high 493 0 0.684862 0.315138 
 ----> high 494 0 0.728331 0.271669 
 ----> high 495 1 0.655004 0.344996 
 ----> high 496 1 0.700257 0.299743 
 ----> high 497 0 0.719214 0.280786 
 ----> high 498 0 0.684244 0.315756 
 ----> high 499 0 0.708262 0.291738 
 ----> high 500 1 0.634914 0.365086 
 ----> high 501 0 0.704357 0.295643 
 ----> high 502 0 0.677132 0.322868 
 ----> high 503 1 0.67086 0.32914 
 ----> high 504 0 0.679735 0.320265 
 ----> high 505 0 0.702852 0.297148 
 ----> high 506 0 0.701067 0.298933 
 ----> high 507 0 0.686602 0.313398 
 ----> high 508 1 0.651159 0.348841 
 ----> high 509 1 0.67452 0.32548 
 ----> high 510 0 0.727183 0.272817 
 ----> high 511 0 0.700988 0.299012 
 ----> high 512 0 0.679283 0.320717 
 ----> high 513 1 0.63562 0.36438 
 ----> high 514 1 0.702402 0.297598 
 ----> high 515 0 0.684669 0.315331 
 ----> high 516 0 0.717562 0.282438 
 ----> high 517 1 0.712734 0.287266 
 ----> high 518 1 0.668765 0.331235 
 ----> high 519 0 0.689105 0.310895 
 ----> high 520 1 0.612301 0.387699 
 ----> high 521 1 0.641417 0.358583 
 ----> high 522 0 0.704272 0.295728 
 ----> high 523 1 0.685096 0.314904 
 ----> high 524 0 0.708924 0.291076 
 ----> high 525 0 0.714842 0.285158 
 ----> high 526 0 0.701406 0.298594 
 ----> high 527 0 0.702158 0.297842 
 ----> high 528 0 0.697467 0.302533 
 ----> high 529 1 0.677546 0.322454 
 ----> high 530 0 0.679494 0.320506 
 ----> high 531 1 0.67892 0.32108 
 ----> high 532 0 0.680937 0.319063 
 ----> high 533 0 0.723656 0.276344 
 ----> high 534 0 0.67742 0.32258 
 ----> high 535 0 0.726006 0.273994 
 ----> high 536 0 0.672198 0.327802 
 ----> high 537 0 0.727927 0.272073 
 ----> high 538 0 0.747207 0.252793 
 ----> high 539 0 0.691737 0.308263 
 ----> high 540 0 0.700847 0.299153 
 ----> high 541 0 0.71631 0.28369 
 ----> high 542 1 0.688466 0.311534 
 ----> high 543 0 0.660183 0.339817 
 ----> high 544 0 0.684731 0.315269 
 ----> high 545 0 0.709206 0.290794 
 ----> high 546 0 0.702833 0.297167 
 ----> high 547 0 0.688342 0.311658 
 ----> high 548 0 0.689029 0.310971 
 ----> high 549 0 0.701433 0.298567 
 ----> high 550 0 0.669015 0.330985 
 ----> high 551 1 0.648808 0.351192 
 ----> high 552 0 0.724564 0.275436 
 ----> high 553 1 0.68735 0.31265 
 ----> high 554 0 0.672461 0.327539 
 ----> high 555 1 0.592947 0.407053 
 ----> high 556 0 0.735911 0.264089 
 ----> high 557 0 0.713619 0.286381 
 ----> high 558 1 0.668257 0.331743 
 ----> high 559 0 0.70544 0.29456 
 ----> high 560 0 0.693462 0.306538 
 ----> high 561 0 0.73224 0.26776 
 ----> high 562 0 0.696483 0.303517 
 ----> high 563 0 0.694584 0.305416 
 ----> high 564 0 0.711415 0.288585 
 ----> high 565 0 0.722705 0.277295 
 ----> high 566 0 0.747552 0.252448 
 ----> high 567 0 0.689967 0.310033 
 ----> high 568 0 0.686893 0.313107 
 ----> high 569 1 0.676322 0.323678 
 ----> high 570 0 0.681433 0.318567 
 ----> high 571 0 0.757319 0.242681 
 ----> high 572 1 0.674217 0.325783 
 ----> high 573 0 0.688501 0.311499 
 ----> high 574 0 0.69332 0.30668 
 ----> high 575 0 0.706774 0.293226 
 ----> high 576 1 0.66084 0.33916 
 ----> high 577 0 0.704705 0.295295 
 ----> high 578 0 0.715026 0.284974 
 ----> high 579 0 0.729828 0.270172 
 ----> high 580 1 0.659438 0.340562 
 ----> high 581 0 0.691491 0.308509 
 ----> high 582 0 0.713775 0.286225 
 ----> high 583 0 0.719768 0.280232 
 ----> high 584 1 0.677581 0.322419 
 ----> high 585 0 0.718148 0.281852 
 ----> high 586 0 0.6999 0.3001 
 ----> high 587 0 0.719296 0.280704 
 ----> high 588 0 0.699042 0.300958 
 ----> high 589 1 0.680595 0.319405 
 ----> high 590 0 0.674498 0.325502 
 ----> high 591 1 0.679758 0.320242 
 ----> high 592 1 0.661581 0.338419 
 ----> high 593 0 0.671932 0.328068 
 ----> high 594 0 0.726107 0.273893 
 ----> high 595 0 0.726995 0.273005 
 ----> high 596 0 0.705849 0.294151 
 ----> high 597 0 0.680095 0.319905 
 ----> high 598 0 0.710252 0.289748 
 ----> high 599 0 0.731714 0.268286 
 ----> high 600 0 0.708765 0.291235 
 ----> high 601 0 0.694788 0.305212 
 ----> high 602 1 0.656039 0.343961 
 ----> high 603 1 0.677535 0.322465 
 ----> high 604 0 0.696237 0.303763 
 ----> high 605 0 0.720194 0.279806 
 ----> high 606 0 0.680712 0.319288 
 ----> high 607 1 0.706454 0.293546 
 ----> high 608 1 0.711806 0.288194 
 ----> high 609 0 0.71615 0.28385 
 ----> high 610 0 0.689425 0.310575 
 ----> high 611 0 0.725966 0.274034 
 ----> high 612 0 0.685934 0.314066 
 ----> high 613 0 0.715909 0.284091 
 ----> high 614 0 0.703235 0.296765 
 ----> high 615 0 0.706612 0.293388 
 ----> high 616 0 0.708576 0.291424 
 ----> high 617 0 0.70797 0.29203 
 ----> high 618 0 0.741841 0.258159 
 ----> high 619 1 0.694964 0.305036 
 ----> high 620 1 0.628324 0.371676 
 ----> high 621 0 0.691377 0.308623 
 ----> high 622 1 0.678964 0.321036 
 ----> high 623 0 0.70728 0.29272 
 ----> high 624 0 0.70223 0.29777 
 ----> high 625 0 0.701459 0.298541 
 ----> high 626 0 0.720161 0.279839 
 ----> high 627 0 0.677152 0.322848 
 ----> high 628 0 0.715877 0.284123 
 ----> high 629 1 0.655752 0.344248 
 ----> high 630 0 0.740985 0.259015 
 ----> high 631 0 0.735875 0.264125 
 ----> high 632 1 0.66674 0.33326 
 ----> high 633 0 0.739727 0.260273 
 ----> high 634 1 0.673021 0.326979 
 ----> high 635 0 0.71081 0.28919 
 ----> high 636 1 0.656754 0.343246 
 ----> high 637 0 0.656373 0.343627 
 ----> high 638 0 0.740368 0.259632 
 ----> high 639 1 0.70505 0.29495 
 ----> high 640 1 0.691006 0.308994 
 ----> high 641 0 0.693135 0.306865 
 ----> high 642 0 0.683945 0.316055 
 ----> high 643 0 0.713143 0.286857 
 ----> high 644 0 0.699871 0.300129 
 ----> high 645 0 0.692632 0.307368 
 ----> high 646 0 0.715289 0.284711 
 ----> high 647 1 0.667976 0.332024 
 ----> high 648 0 0.704832 0.295168 
 ----> high 649 0 0.694392 0.305608 
 ----> high 650 0 0.697441 0.302559 
 ----> high 651 1 0.667261 0.332739 
 ----> high 652 0 0.668474 0.331526 
 ----> high 653 0 0.743237 0.256763 
 ----> high 654 1 0.667765 0.332235 
 ----> high 655 0 0.673649 0.326351 
 ----> high 656 0 0.712022 0.287978 
 ----> high 657 0 0.709805 0.290195 
 ----> high 658 0 0.707425 0.292575 
 ----> high 659 0 0.70762 0.29238 
 ----> high 660 0 0.675163 0.324837 
 ----> high 661 0 0.711478 0.288522 
 ----> high 662 0 0.68623 0.31377 
 ----> high 663 0 0.670548 0.329452 
 ----> high 664 1 0.724125 0.275875 
 ----> high 665 0 0.72011 0.27989 
 ----> high 666 0 0.719503 0.280497 
 ----> high 667 0 0.709995 0.290005 
 ----> high 668 0 0.731141 0.268859 
 ----> high 669 0 0.688052 0.311948 
 ----> high 670 0 0.69441 0.30559 
 ----> high 671 0 0.687817 0.312183 
 ----> high 672 0 0.699403 0.300597 
 ----> high 673 0 0.715137 0.284863 
 ----> high 674 1 0.686941 0.313059 
 ----> high 675 1 0.683044 0.316956 
 ----> high 676 0 0.712395 0.287605 
 ----> high 677 0 0.72766 0.27234 
 ----> high 678 1 0.678338 0.321662 
 ----> high 679 0 0.68972 0.31028 
 ----> high 680 1 0.66161 0.33839 
 ----> high 681 0 0.755629 0.244371 
 ----> high 682 0 0.707174 0.292826 
 ----> high 683 0 0.710565 0.289435 
 ----> high 684 0 0.695562 0.304438 
 ----> high 685 1 0.687413 0.312587 
 ----> high 686 0 0.731478 0.268522 
 ----> high 687 0 0.702719 0.297281 
 ----> high 688 0 0.710314 0.289686 
 ----> high 689 0 0.672804 0.327196 
 ----> high 690 1 0.68791 0.31209 
 ----> high 691 0 0.731688 0.268312 
 ----> high 692 0 0.702355 0.297645 
 ----> high 693 0 0.712616 0.287384 
 ----> high 694 0 0.719356 0.280644 
 ----> high 695 0 0.727547 0.272453 
 ----> high 696 0 0.699252 0.300748 
 ----> high 697 0 0.705168 0.294832 
 ----> high 698 0 0.701181 0.298819 
 ----> high 699 0 0.711125 0.288875 
 ----> high 700 1 0.715847 0.284153 
 ----> high 701 0 0.722746 0.277254 
 ----> high 702 0 0.71415 0.28585 
 ----> high 703 0 0.728922 0.271078 
 ----> high 704 0 0.680473 0.319527 
 ----> high 705 0 0.716112 0.283888 
 ----> high 706 0 0.727707 0.272293 
 ----> high 707 0 0.71832 0.28168 
 ----> high 708 0 0.728375 0.271625 
 ----> high 709 0 0.66689 0.33311 
 ----> high 710 0 0.741197 0.258803 
 ----> high 711 0 0.700701 0.299299 
 ----> high 712 0 0.713759 0.286241 
 ----> high 713 0 0.704631 0.295369 
 ----> high 714 1 0.718552 0.281448 
 ----> high 715 0 0.719412 0.280588 
 ----> high 716 1 0.721404 0.278596 
 ----> high 717 0 0.700199 0.299801 
 ----> high 718 0 0.712705 0.287295 
