 ----> high 1 0 0.710799 0.289201 
 ----> high 2 0 0.561691 0.438309 
 ----> high 3 1 0.732224 0.267776 
 ----> high 4 1 0.641215 0.358785 
 ----> high 5 0 0.548948 0.451052 
 ----> high 6 1 0.644628 0.355372 
 ----> high 7 0 0.618554 0.381446 
 ----> high 8 0 0.626733 0.373267 
 ----> high 9 0 0.728244 0.271756 
 ----> high 10 1 0.687842 0.312158 
 ----> high 11 1 0.588099 0.411901 
 ----> high 12 1 0.641552 0.358448 
 ----> high 13 0 0.68358 0.31642 
 ----> high 14 1 0.692659 0.307341 
 ----> high 15 0 0.636543 0.363457 
 ----> high 16 1 0.652891 0.347109 
 ----> high 17 1 0.644716 0.355284 
 ----> high 18 0 0.630115 0.369885 
 ----> high 19 0 0.65883 0.34117 
 ----> high 20 0 0.691328 0.308672 
 ----> high 21 1 0.703005 0.296995 
 ----> high 22 0 0.61888 0.38112 
 ----> high 23 0 0.694826 0.305174 
 ----> high 24 0 0.727173 0.272827 
 ----> high 25 0 0.722685 0.277315 
 ----> high 26 0 0.715291 0.284709 
 ----> high 27 1 0.633915 0.366085 
 ----> high 28 1 0.693078 0.306922 
 ----> high 29 0 0.667373 0.332627 
 ----> high 30 0 0.660627 0.339373 
 ----> high 31 1 0.675772 0.324228 
 ----> high 32 0 0.71959 0.28041 
 ----> high 33 0 0.699904 0.300096 
 ----> high 34 0 0.678503 0.321497 
 ----> high 35 1 0.6981 0.3019 
 ----> high 36 1 0.645515 0.354485 
 ----> high 37 0 0.714597 0.285403 
 ----> high 38 0 0.70773 0.29227 
 ----> high 39 0 0.69674 0.30326 
 ----> high 40 1 0.701745 0.298255 
 ----> high 41 1 0.666472 0.333528 
 ----> high 42 1 0.686666 0.313334 
 ----> high 43 0 0.688693 0.311307 
 ----> high 44 0 0.694225 0.305775 
 ----> high 45 1 0.660303 0.339697 
 ----> high 46 1 0.677813 0.322187 
 ----> high 47 0 0.665055 0.334945 
 ----> high 48 0 0.653784 0.346216 
 ----> high 49 1 0.636601 0.363399 
 ----> high 50 1 0.667423 0.332577 
 ----> high 51 1 0.668635 0.331365 
 ----> high 52 1 0.693383 0.306617 
 ----> high 53 1 0.656591 0.343409 
 ----> high 54 0 0.680922 0.319078 
 ----> high 55 0 0.683044 0.316956 
 ----> high 56 0 0.667404 0.332596 
 ----> high 57 1 0.63315 0.36685 
 ----> high 58 1 0.659428 0.340572 
 ----> high 59 1 0.682214 0.317786 
 ----> high 60 1 0.664336 0.335664 
 ----> high 61 0 0.667505 0.332495 
 ----> high 62 0 0.697668 0.302332 
 ----> high 63 1 0.657091 0.342909 
 ----> high 64 1 0.634677 0.365323 
 ----> high 65 0 0.649156 0.350844 
 ----> high 66 0 0.717069 0.282931 
 ----> high 67 0 0.719829 0.280171 
 ----> high 68 0 0.663045 0.336955 
 ----> high 69 0 0.710635 0.289365 
 ----> high 70 0 0.720588 0.279412 
 ----> high 71 1 0.666165 0.333835 
 ----> high 72 0 0.724945 0.275055 
 ----> high 73 0 0.687459 0.312541 
 ----> high 74 1 0.678353 0.321647 
 ----> high 75 0 0.700172 0.299828 
 ----> high 76 0 0.700224 0.299776 
 ----> high 77 0 0.68016 0.31984 
 ----> high 78 1 0.697056 0.302944 
 ----> high 79 0 0.666042 0.333958 
 ----> high 80 1 0.647511 0.352489 
 ----> high 81 1 0.646415 0.353585 
 ----> high 82 1 0.657241 0.342759 
 ----> high 83 1 0.649652 0.350348 
 ----> high 84 1 0.642482 0.357518 
 ----> high 85 0 0.662679 0.337321 
 ----> high 86 0 0.694241 0.305759 
 ----> high 87 0 0.686697 0.313303 
 ----> high 88 1 0.644695 0.355305 
 ----> high 89 1 0.66113 0.33887 
 ----> high 90 1 0.610575 0.389425 
 ----> high 91 0 0.74845 0.25155 
 ----> high 92 1 0.682997 0.317003 
 ----> high 93 0 0.68608 0.31392 
 ----> high 94 1 0.658273 0.341727 
 ----> high 95 0 0.656741 0.343259 
 ----> high 96 0 0.690955 0.309045 
 ----> high 97 0 0.693793 0.306207 
 ----> high 98 1 0.64594 0.35406 
 ----> high 99 1 0.674071 0.325929 
 ----> high 100 1 0.628547 0.371453 
 ----> high 101 1 0.6012 0.3988 
 ----> high 102 1 0.525014 0.474986 
 ----> high 103 0 0.657429 0.342571 
 ----> high 104 0 0.688388 0.311612 
 ----> high 105 0 0.696189 0.303811 
 ----> high 106 0 0.638311 0.361689 
 ----> high 107 0 0.692001 0.307999 
 ----> high 108 0 0.706441 0.293559 
 ----> high 109 0 0.704169 0.295831 
 ----> high 110 1 0.685062 0.314938 
 ----> high 111 0 0.667231 0.332769 
 ----> high 112 0 0.7207 0.2793 
 ----> high 113 0 0.693632 0.306368 
 ----> high 114 1 0.610133 0.389867 
 ----> high 115 0 0.691633 0.308367 
 ----> high 116 0 0.699537 0.300463 
 ----> high 117 0 0.697014 0.302986 
 ----> high 118 1 0.623792 0.376208 
 ----> high 119 1 0.688021 0.311979 
 ----> high 120 0 0.692766 0.307234 
 ----> high 121 1 0.668491 0.331509 
 ----> high 122 0 0.701203 0.298797 
 ----> high 123 1 0.643573 0.356427 
 ----> high 124 1 0.673828 0.326172 
 ----> high 125 0 0.679357 0.320643 
 ----> high 126 1 0.643621 0.356379 
 ----> high 127 0 0.736562 0.263438 
 ----> high 128 0 0.694689 0.305311 
 ----> high 129 0 0.700477 0.299523 
 ----> high 130 1 0.587154 0.412846 
 ----> high 131 0 0.705431 0.294569 
 ----> high 132 0 0.698073 0.301927 
 ----> high 133 1 0.681308 0.318692 
 ----> high 134 1 0.652873 0.347127 
 ----> high 135 1 0.680956 0.319044 
 ----> high 136 0 0.695267 0.304733 
 ----> high 137 1 0.671613 0.328387 
 ----> high 138 1 0.65967 0.34033 
 ----> high 139 0 0.713174 0.286826 
 ----> high 140 0 0.661721 0.338279 
 ----> high 141 1 0.644925 0.355075 
 ----> high 142 0 0.684063 0.315937 
 ----> high 143 0 0.705386 0.294614 
 ----> high 144 0 0.683469 0.316531 
 ----> high 145 0 0.712918 0.287082 
 ----> high 146 0 0.628524 0.371476 
 ----> high 147 0 0.700124 0.299876 
 ----> high 148 0 0.710175 0.289825 
 ----> high 149 0 0.696491 0.303509 
 ----> high 150 1 0.60864 0.39136 
 ----> high 151 1 0.694679 0.305321 
 ----> high 152 0 0.695584 0.304416 
 ----> high 153 0 0.661113 0.338887 
 ----> high 154 0 0.665589 0.334411 
 ----> high 155 0 0.689002 0.310998 
 ----> high 156 1 0.679007 0.320993 
 ----> high 157 1 0.645556 0.354444 
 ----> high 158 1 0.65508 0.34492 
 ----> high 159 0 0.686483 0.313517 
 ----> high 160 0 0.688372 0.311628 
 ----> high 161 0 0.64891 0.35109 
 ----> high 162 1 0.682319 0.317681 
 ----> high 163 1 0.673998 0.326002 
 ----> high 164 0 0.69557 0.30443 
 ----> high 165 1 0.629339 0.370661 
 ----> high 166 1 0.631447 0.368553 
 ----> high 167 0 0.657294 0.342706 
 ----> high 168 1 0.673106 0.326894 
 ----> high 169 0 0.718304 0.281696 
 ----> high 170 1 0.670591 0.329409 
 ----> high 171 1 0.63055 0.36945 
 ----> high 172 0 0.664408 0.335592 
 ----> high 173 1 0.670321 0.329679 
 ----> high 174 0 0.664836 0.335164 
 ----> high 175 1 0.646996 0.353004 
 ----> high 176 0 0.672498 0.327502 
 ----> high 177 0 0.703402 0.296598 
 ----> high 178 1 0.662807 0.337193 
 ----> high 179 1 0.656254 0.343746 
 ----> high 180 0 0.708831 0.291169 
 ----> high 181 0 0.694146 0.305854 
 ----> high 182 1 0.694874 0.305126 
 ----> high 183 0 0.703089 0.296911 
 ----> high 184 1 0.648439 0.351561 
 ----> high 185 1 0.697025 0.302975 
 ----> high 186 0 0.713168 0.286832 
 ----> high 187 0 0.6937 0.3063 
 ----> high 188 1 0.686791 0.313209 
 ----> high 189 1 0.616095 0.383905 
 ----> high 190 0 0.716396 0.283604 
 ----> high 191 0 0.732397 0.267603 
 ----> high 192 1 0.675213 0.324787 
 ----> high 193 0 0.647016 0.352984 
 ----> high 194 0 0.727846 0.272154 
 ----> high 195 0 0.711291 0.288709 
 ----> high 196 1 0.706381 0.293619 
 ----> high 197 0 0.6746 0.3254 
 ----> high 198 0 0.736022 0.263978 
 ----> high 199 0 0.711235 0.288765 
 ----> high 200 0 0.705706 0.294294 
 ----> high 201 0 0.699996 0.300004 
 ----> high 202 0 0.741982 0.258018 
 ----> high 203 0 0.696454 0.303546 
 ----> high 204 1 0.633955 0.366045 
 ----> high 205 0 0.687377 0.312623 
 ----> high 206 0 0.669309 0.330691 
 ----> high 207 1 0.623492 0.376508 
 ----> high 208 0 0.666328 0.333672 
 ----> high 209 0 0.69972 0.30028 
 ----> high 210 0 0.709059 0.290941 
 ----> high 211 0 0.68872 0.31128 
 ----> high 212 0 0.703602 0.296398 
 ----> high 213 0 0.692744 0.307256 
 ----> high 214 0 0.676748 0.323252 
 ----> high 215 0 0.68556 0.31444 
 ----> high 216 0 0.671039 0.328961 
 ----> high 217 0 0.701432 0.298568 
 ----> high 218 0 0.683902 0.316098 
 ----> high 219 0 0.682127 0.317873 
 ----> high 220 0 0.7077 0.2923 
 ----> high 221 0 0.711933 0.288067 
 ----> high 222 1 0.707748 0.292252 
 ----> high 223 1 0.625464 0.374536 
 ----> high 224 0 0.715843 0.284157 
 ----> high 225 1 0.714133 0.285867 
 ----> high 226 1 0.655954 0.344046 
 ----> high 227 0 0.68482 0.31518 
 ----> high 228 0 0.707289 0.292711 
 ----> high 229 0 0.711365 0.288635 
 ----> high 230 0 0.692857 0.307143 
 ----> high 231 0 0.717858 0.282142 
 ----> high 232 1 0.698588 0.301412 
 ----> high 233 0 0.678391 0.321609 
 ----> high 234 0 0.690204 0.309796 
 ----> high 235 0 0.723823 0.276177 
 ----> high 236 1 0.664542 0.335458 
 ----> high 237 0 0.699545 0.300455 
 ----> high 238 0 0.697647 0.302353 
 ----> high 239 0 0.674919 0.325081 
 ----> high 240 0 0.707971 0.292029 
 ----> high 241 0 0.692449 0.307551 
 ----> high 242 1 0.681408 0.318592 
 ----> high 243 0 0.719937 0.280063 
 ----> high 244 1 0.671577 0.328423 
 ----> high 245 1 0.662507 0.337493 
 ----> high 246 1 0.66516 0.33484 
 ----> high 247 0 0.736247 0.263753 
 ----> high 248 0 0.692232 0.307768 
 ----> high 249 1 0.645937 0.354063 
 ----> high 250 0 0.704241 0.295759 
 ----> high 251 0 0.69421 0.30579 
 ----> high 252 0 0.687947 0.312053 
 ----> high 253 1 0.679378 0.320622 
 ----> high 254 0 0.685824 0.314176 
 ----> high 255 1 0.690557 0.309443 
 ----> high 256 1 0.676263 0.323737 
 ----> high 257 1 0.689623 0.310377 
 ----> high 258 0 0.701239 0.298761 
 ----> high 259 0 0.723353 0.276647 
 ----> high 260 1 0.687632 0.312368 
 ----> high 261 1 0.636523 0.363477 
 ----> high 262 1 0.674405 0.325595 
 ----> high 263 0 0.702594 0.297406 
 ----> high 264 1 0.686347 0.313653 
 ----> high 265 1 0.684186 0.315814 
 ----> high 266 0 0.700877 0.299123 
 ----> high 267 0 0.695766 0.304234 
 ----> high 268 0 0.696185 0.303815 
 ----> high 269 0 0.706845 0.293155 
 ----> high 270 0 0.70731 0.29269 
 ----> high 271 1 0.674142 0.325858 
 ----> high 272 0 0.70554 0.29446 
 ----> high 273 0 0.678557 0.321443 
 ----> high 274 0 0.724753 0.275247 
 ----> high 275 0 0.67769 0.32231 
 ----> high 276 1 0.679974 0.320026 
 ----> high 277 0 0.695335 0.304665 
 ----> high 278 0 0.707849 0.292151 
 ----> high 279 1 0.689676 0.310324 
 ----> high 280 1 0.665963 0.334037 
 ----> high 281 0 0.691645 0.308355 
 ----> high 282 1 0.666044 0.333956 
 ----> high 283 1 0.655236 0.344764 
 ----> high 284 0 0.673842 0.326158 
 ----> high 285 0 0.679484 0.320516 
 ----> high 286 0 0.695412 0.304588 
 ----> high 287 1 0.697682 0.302318 
 ----> high 288 0 0.696872 0.303128 
 ----> high 289 1 0.627675 0.372325 
 ----> high 290 0 0.741647 0.258353 
 ----> high 291 1 0.698836 0.301164 
 ----> high 292 1 0.673081 0.326919 
 ----> high 293 0 0.719829 0.280171 
 ----> high 294 1 0.685428 0.314572 
 ----> high 295 0 0.696082 0.303918 
 ----> high 296 1 0.658114 0.341886 
 ----> high 297 0 0.703805 0.296195 
 ----> high 298 1 0.706798 0.293202 
 ----> high 299 0 0.64192 0.35808 
 ----> high 300 0 0.713076 0.286924 
 ----> high 301 0 0.686518 0.313482 
 ----> high 302 0 0.734797 0.265203 
 ----> high 303 0 0.706972 0.293028 
 ----> high 304 0 0.748033 0.251967 
 ----> high 305 0 0.702629 0.297371 
 ----> high 306 0 0.710508 0.289492 
 ----> high 307 0 0.70143 0.29857 
 ----> high 308 0 0.674055 0.325945 
 ----> high 309 1 0.708383 0.291617 
 ----> high 310 1 0.673615 0.326385 
 ----> high 311 0 0.659452 0.340548 
 ----> high 312 0 0.680701 0.319299 
 ----> high 313 1 0.687029 0.312971 
 ----> high 314 0 0.648054 0.351946 
 ----> high 315 0 0.698531 0.301469 
 ----> high 316 0 0.719536 0.280464 
 ----> high 317 0 0.699075 0.300925 
 ----> high 318 0 0.720835 0.279165 
 ----> high 319 0 0.712324 0.287676 
 ----> high 320 0 0.693052 0.306948 
 ----> high 321 1 0.713619 0.286381 
 ----> high 322 0 0.645885 0.354115 
 ----> high 323 0 0.705833 0.294167 
 ----> high 324 0 0.680014 0.319986 
 ----> high 325 0 0.699986 0.300014 
 ----> high 326 0 0.707833 0.292167 
 ----> high 327 1 0.618812 0.381188 
 ----> high 328 0 0.713984 0.286016 
 ----> high 329 0 0.679734 0.320266 
 ----> high 330 0 0.7097 0.2903 
 ----> high 331 0 0.718677 0.281323 
 ----> high 332 0 0.700618 0.299382 
 ----> high 333 1 0.696079 0.303921 
 ----> high 334 1 0.633271 0.366729 
 ----> high 335 0 0.708426 0.291574 
 ----> high 336 1 0.692308 0.307692 
 ----> high 337 0 0.664046 0.335954 
 ----> high 338 0 0.680742 0.319258 
 ----> high 339 0 0.652818 0.347182 
 ----> high 340 1 0.611837 0.388163 
 ----> high 341 0 0.704406 0.295594 
 ----> high 342 1 0.647255 0.352745 
 ----> high 343 1 0.664665 0.335335 
 ----> high 344 0 0.700784 0.299216 
 ----> high 345 0 0.691168 0.308832 
 ----> high 346 1 0.679299 0.320701 
 ----> high 347 0 0.710372 0.289628 
 ----> high 348 0 0.677539 0.322461 
 ----> high 349 0 0.709268 0.290732 
 ----> high 350 1 0.644921 0.355079 
 ----> high 351 0 0.696757 0.303243 
 ----> high 352 0 0.737539 0.262461 
 ----> high 353 0 0.683413 0.316587 
 ----> high 354 0 0.704022 0.295978 
 ----> high 355 0 0.719126 0.280874 
 ----> high 356 0 0.724586 0.275414 
 ----> high 357 1 0.693963 0.306037 
 ----> high 358 0 0.642769 0.357231 
 ----> high 359 0 0.743609 0.256391 
 ----> high 360 0 0.708443 0.291557 
 ----> high 361 0 0.707589 0.292411 
 ----> high 362 0 0.717786 0.282214 
 ----> high 363 0 0.684681 0.315319 
 ----> high 364 0 0.722429 0.277571 
 ----> high 365 0 0.708263 0.291737 
 ----> high 366 1 0.711227 0.288773 
 ----> high 367 1 0.636692 0.363308 
 ----> high 368 0 0.733888 0.266112 
 ----> high 369 0 0.712583 0.287417 
 ----> high 370 0 0.70565 0.29435 
 ----> high 371 0 0.67878 0.32122 
 ----> high 372 0 0.713396 0.286604 
 ----> high 373 0 0.735409 0.264591 
 ----> high 374 0 0.702787 0.297213 
 ----> high 375 0 0.718761 0.281239 
 ----> high 376 0 0.62098 0.37902 
 ----> high 377 0 0.736104 0.263896 
 ----> high 378 0 0.711249 0.288751 
 ----> high 379 0 0.653618 0.346382 
 ----> high 380 0 0.721391 0.278609 
 ----> high 381 1 0.701519 0.298481 
 ----> high 382 0 0.704044 0.295956 
 ----> high 383 0 0.696425 0.303575 
 ----> high 384 0 0.706772 0.293228 
 ----> high 385 1 0.6983 0.3017 
 ----> high 386 0 0.635333 0.364667 
 ----> high 387 1 0.71842 0.28158 
 ----> high 388 1 0.667881 0.332119 
 ----> high 389 0 0.640697 0.359303 
 ----> high 390 0 0.650583 0.349417 
 ----> high 391 0 0.717549 0.282451 
 ----> high 392 0 0.750935 0.249065 
 ----> high 393 1 0.607773 0.392227 
 ----> high 394 1 0.6779 0.3221 
 ----> high 395 0 0.736193 0.263807 
 ----> high 396 0 0.728691 0.271309 
 ----> high 397 0 0.722508 0.277492 
 ----> high 398 1 0.668703 0.331297 
 ----> high 399 1 0.583731 0.416269 
 ----> high 400 1 0.717713 0.282287 
 ----> high 401 0 0.7192 0.2808 
 ----> high 402 1 0.671594 0.328406 
 ----> high 403 0 0.683513 0.316487 
 ----> high 404 0 0.696059 0.303941 
 ----> high 405 1 0.677027 0.322973 
 ----> high 406 1 0.684089 0.315911 
 ----> high 407 1 0.637281 0.362719 
 ----> high 408 0 0.704164 0.295836 
 ----> high 409 0 0.709053 0.290947 
 ----> high 410 0 0.688961 0.311039 
 ----> high 411 1 0.678371 0.321629 
 ----> high 412 0 0.696486 0.303514 
 ----> high 413 0 0.717673 0.282327 
 ----> high 414 0 0.728752 0.271248 
 ----> high 415 1 0.703868 0.296132 
 ----> high 416 0 0.685458 0.314542 
 ----> high 417 0 0.722009 0.277991 
 ----> high 418 1 0.644315 0.355685 
 ----> high 419 1 0.644617 0.355383 
 ----> high 420 0 0.717129 0.282871 
 ----> high 421 0 0.704298 0.295702 
 ----> high 422 0 0.691027 0.308973 
 ----> high 423 0 0.721122 0.278878 
 ----> high 424 0 0.710441 0.289559 
 ----> high 425 0 0.702679 0.297321 
 ----> high 426 1 0.691904 0.308096 
 ----> high 427 0 0.633801 0.366199 
 ----> high 428 0 0.726348 0.273652 
 ----> high 429 0 0.702336 0.297664 
 ----> high 430 0 0.68842 0.31158 
 ----> high 431 0 0.719686 0.280314 
 ----> high 432 0 0.724335 0.275665 
 ----> high 433 0 0.704391 0.295609 
 ----> high 434 0 0.714058 0.285942 
 ----> high 435 1 0.704977 0.295023 
 ----> high 436 0 0.660095 0.339905 
 ----> high 437 0 0.736614 0.263386 
 ----> high 438 1 0.701707 0.298293 
 ----> high 439 0 0.69787 0.30213 
 ----> high 440 1 0.702152 0.297848 
 ----> high 441 0 0.704896 0.295104 
 ----> high 442 0 0.697356 0.302644 
 ----> high 443 0 0.712368 0.287632 
 ----> high 444 0 0.728016 0.271984 
 ----> high 445 1 0.67516 0.32484 
 ----> high 446 0 0.643404 0.356596 
 ----> high 447 0 0.717787 0.282213 
 ----> high 448 0 0.690416 0.309584 
 ----> high 449 0 0.697588 0.302412 
 ----> high 450 0 0.727382 0.272618 
 ----> high 451 0 0.703026 0.296974 
 ----> high 452 0 0.714655 0.285345 
 ----> high 453 0 0.711187 0.288813 
 ----> high 454 0 0.709221 0.290779 
 ----> high 455 1 0.656216 0.343784 
 ----> high 456 0 0.732822 0.267178 
 ----> high 457 0 0.711317 0.288683 
 ----> high 458 1 0.697289 0.302711 
 ----> high 459 0 0.636241 0.363759 
 ----> high 460 0 0.741104 0.258896 
 ----> high 461 1 0.720684 0.279316 
 ----> high 462 0 0.678017 0.321983 
 ----> high 463 0 0.728502 0.271498 
 ----> high 464 0 0.723165 0.276835 
 ----> high 465 0 0.710289 0.289711 
 ----> high 466 0 0.709287 0.290713 
 ----> high 467 1 0.690045 0.309955 
 ----> high 468 0 0.647429 0.352571 
 ----> high 469 0 0.76625 0.23375 
 ----> high 470 1 0.712673 0.287327 
 ----> high 471 1 0.684711 0.315289 
 ----> high 472 0 0.705394 0.294606 
 ----> high 473 1 0.689458 0.310542 
 ----> high 474 1 0.688105 0.311895 
 ----> high 475 0 0.717841 0.282159 
 ----> high 476 0 0.672857 0.327143 
 ----> high 477 1 0.72707 0.27293 
 ----> high 478 0 0.725556 0.274444 
 ----> high 479 0 0.699833 0.300167 
 ----> high 480 0 0.717665 0.282335 
 ----> high 481 0 0.664835 0.335165 
 ----> high 482 0 0.708539 0.291461 
 ----> high 483 0 0.715269 0.284731 
 ----> high 484 0 0.659486 0.340514 
 ----> high 485 0 0.702883 0.297117 
 ----> high 486 0 0.731064 0.268936 
 ----> high 487 0 0.707683 0.292317 
 ----> high 488 1 0.687669 0.312331 
 ----> high 489 1 0.655502 0.344498 
 ----> high 490 0 0.704401 0.295599 
 ----> high 491 1 0.693981 0.306019 
 ----> high 492 0 0.682966 0.317034 
 ----> high 493 0 0.685496 0.314504 
 ----> high 494 0 0.670533 0.329467 
 ----> high 495 1 0.696915 0.303085 
 ----> high 496 1 0.685294 0.314706 
 ----> high 497 0 0.683992 0.316008 
 ----> high 498 0 0.698565 0.301435 
 ----> high 499 0 0.667658 0.332342 
 ----> high 500 1 0.668055 0.331945 
 ----> high 501 0 0.659414 0.340586 
 ----> high 502 0 0.709747 0.290253 
 ----> high 503 1 0.685631 0.314369 
 ----> high 504 0 0.713628 0.286372 
 ----> high 505 0 0.707308 0.292692 
 ----> high 506 0 0.715894 0.284106 
 ----> high 507 0 0.71019 0.28981 
 ----> high 508 1 0.691707 0.308293 
 ----> high 509 1 0.637152 0.362848 
 ----> high 510 0 0.722605 0.277395 
 ----> high 511 0 0.689062 0.310938 
 ----> high 512 0 0.697389 0.302611 
 ----> high 513 1 0.674727 0.325273 
 ----> high 514 1 0.708268 0.291732 
 ----> high 515 0 0.630217 0.369783 
 ----> high 516 0 0.754938 0.245062 
 ----> high 517 1 0.700929 0.299071 
 ----> high 518 1 0.667857 0.332143 
 ----> high 519 0 0.704687 0.295313 
 ----> high 520 1 0.700659 0.299341 
 ----> high 521 1 0.601258 0.398742 
 ----> high 522 0 0.713005 0.286995 
 ----> high 523 1 0.705149 0.294851 
 ----> high 524 0 0.660219 0.339781 
 ----> high 525 0 0.705696 0.294304 
 ----> high 526 0 0.709684 0.290316 
 ----> high 527 0 0.710903 0.289097 
 ----> high 528 0 0.727883 0.272117 
 ----> high 529 1 0.716437 0.283563 
 ----> high 530 0 0.697842 0.302158 
 ----> high 531 1 0.7116 0.2884 
 ----> high 532 0 0.712113 0.287887 
 ----> high 533 0 0.674309 0.325691 
 ----> high 534 0 0.7332 0.2668 
 ----> high 535 0 0.693766 0.306234 
 ----> high 536 0 0.651639 0.348361 
 ----> high 537 0 0.710324 0.289676 
 ----> high 538 0 0.699572 0.300428 
 ----> high 539 0 0.701912 0.298088 
 ----> high 540 0 0.697584 0.302416 
 ----> high 541 0 0.725023 0.274977 
 ----> high 542 1 0.692338 0.307662 
 ----> high 543 0 0.682902 0.317098 
 ----> high 544 0 0.678885 0.321115 
 ----> high 545 0 0.701867 0.298133 
 ----> high 546 0 0.705888 0.294112 
 ----> high 547 0 0.687445 0.312555 
 ----> high 548 0 0.69823 0.30177 
 ----> high 549 0 0.683939 0.316061 
 ----> high 550 0 0.680968 0.319032 
 ----> high 551 1 0.687068 0.312932 
 ----> high 552 0 0.691671 0.308329 
 ----> high 553 1 0.626588 0.373412 
 ----> high 554 0 0.674388 0.325612 
 ----> high 555 1 0.633198 0.366802 
 ----> high 556 0 0.743562 0.256438 
 ----> high 557 0 0.725851 0.274149 
 ----> high 558 1 0.689649 0.310351 
 ----> high 559 0 0.691508 0.308492 
 ----> high 560 0 0.703519 0.296481 
 ----> high 561 0 0.686241 0.313759 
 ----> high 562 0 0.680714 0.319286 
 ----> high 563 0 0.720069 0.279931 
 ----> high 564 0 0.702947 0.297053 
 ----> high 565 0 0.690136 0.309864 
 ----> high 566 0 0.703264 0.296736 
 ----> high 567 0 0.708096 0.291904 
 ----> high 568 0 0.690756 0.309244 
 ----> high 569 1 0.665205 0.334795 
 ----> high 570 0 0.63721 0.36279 
 ----> high 571 0 0.758553 0.241447 
 ----> high 572 1 0.660865 0.339135 
 ----> high 573 0 0.708915 0.291085 
 ----> high 574 0 0.711522 0.288478 
 ----> high 575 0 0.699396 0.300604 
 ----> high 576 1 0.685172 0.314828 
 ----> high 577 0 0.70755 0.29245 
 ----> high 578 0 0.690388 0.309612 
 ----> high 579 0 0.680013 0.319987 
 ----> high 580 1 0.680569 0.319431 
 ----> high 581 0 0.655073 0.344927 
 ----> high 582 0 0.703864 0.296136 
 ----> high 583 0 0.697443 0.302557 
 ----> high 584 1 0.649272 0.350728 
 ----> high 585 0 0.715994 0.284006 
 ----> high 586 0 0.724068 0.275932 
 ----> high 587 0 0.707328 0.292672 
 ----> high 588 0 0.721715 0.278285 
 ----> high 589 1 0.703145 0.296855 
 ----> high 590 0 0.671861 0.328139 
 ----> high 591 1 0.722808 0.277192 
 ----> high 592 1 0.708815 0.291185 
 ----> high 593 0 0.67156 0.32844 
 ----> high 594 0 0.655555 0.344445 
 ----> high 595 0 0.714431 0.285569 
 ----> high 596 0 0.702077 0.297923 
 ----> high 597 0 0.724583 0.275417 
 ----> high 598 0 0.69237 0.30763 
 ----> high 599 0 0.753245 0.246755 
 ----> high 600 0 0.693283 0.306717 
 ----> high 601 0 0.70227 0.29773 
 ----> high 602 1 0.684068 0.315932 
 ----> high 603 1 0.643594 0.356406 
 ----> high 604 0 0.749035 0.250965 
 ----> high 605 0 0.685937 0.314063 
 ----> high 606 0 0.724496 0.275504 
 ----> high 607 1 0.709099 0.290901 
 ----> high 608 1 0.679234 0.320766 
 ----> high 609 0 0.736705 0.263295 
 ----> high 610 0 0.728714 0.271286 
 ----> high 611 0 0.721049 0.278951 
 ----> high 612 0 0.718685 0.281315 
 ----> high 613 0 0.726599 0.273401 
 ----> high 614 0 0.704516 0.295484 
 ----> high 615 0 0.687333 0.312667 
 ----> high 616 0 0.695199 0.304801 
 ----> high 617 0 0.71832 0.28168 
 ----> high 618 0 0.703008 0.296992 
 ----> high 619 1 0.696106 0.303894 
 ----> high 620 1 0.611726 0.388274 
 ----> high 621 0 0.729998 0.270002 
 ----> high 622 1 0.721389 0.278611 
 ----> high 623 0 0.722151 0.277849 
 ----> high 624 0 0.672991 0.327009 
 ----> high 625 0 0.733644 0.266356 
 ----> high 626 0 0.717937 0.282063 
 ----> high 627 0 0.701123 0.298877 
 ----> high 628 0 0.714952 0.285048 
 ----> high 629 1 0.635746 0.364254 
 ----> high 630 0 0.736217 0.263783 
 ----> high 631 0 0.717449 0.282551 
 ----> high 632 1 0.641901 0.358099 
 ----> high 633 0 0.690507 0.309493 
 ----> high 634 1 0.709643 0.290357 
 ----> high 635 0 0.683443 0.316557 
 ----> high 636 1 0.69686 0.30314 
 ----> high 637 0 0.671633 0.328367 
 ----> high 638 0 0.677845 0.322155 
 ----> high 639 1 0.694446 0.305554 
 ----> high 640 1 0.702719 0.297281 
 ----> high 641 0 0.674192 0.325808 
 ----> high 642 0 0.695666 0.304334 
 ----> high 643 0 0.662006 0.337994 
 ----> high 644 0 0.706186 0.293814 
 ----> high 645 0 0.713674 0.286326 
 ----> high 646 0 0.70317 0.29683 
 ----> high 647 1 0.621274 0.378726 
 ----> high 648 0 0.731418 0.268582 
 ----> high 649 0 0.723359 0.276641 
 ----> high 650 0 0.701266 0.298734 
 ----> high 651 1 0.701098 0.298902 
 ----> high 652 0 0.701271 0.298729 
 ----> high 653 0 0.754474 0.245526 
 ----> high 654 1 0.705892 0.294108 
 ----> high 655 0 0.688182 0.311818 
 ----> high 656 0 0.724458 0.275542 
 ----> high 657 0 0.704687 0.295313 
 ----> high 658 0 0.731808 0.268192 
 ----> high 659 0 0.695069 0.304931 
 ----> high 660 0 0.712123 0.287877 
 ----> high 661 0 0.71713 0.28287 
 ----> high 662 0 0.711203 0.288797 
 ----> high 663 0 0.694947 0.305053 
 ----> high 664 1 0.621797 0.378203 
 ----> high 665 0 0.702262 0.297738 
 ----> high 666 0 0.707534 0.292466 
 ----> high 667 0 0.686074 0.313926 
 ----> high 668 0 0.695415 0.304585 
 ----> high 669 0 0.705942 0.294058 
 ----> high 670 0 0.740487 0.259513 
 ----> high 671 0 0.701965 0.298035 
 ----> high 672 0 0.694337 0.305663 
 ----> high 673 0 0.725066 0.274934 
 ----> high 674 1 0.696562 0.303438 
 ----> high 675 1 0.611271 0.388729 
 ----> high 676 0 0.703634 0.296366 
 ----> high 677 0 0.725578 0.274422 
 ----> high 678 1 0.668615 0.331385 
 ----> high 679 0 0.679804 0.320196 
 ----> high 680 1 0.707962 0.292038 
 ----> high 681 0 0.678433 0.321567 
 ----> high 682 0 0.687652 0.312348 
 ----> high 683 0 0.683515 0.316485 
 ----> high 684 0 0.694829 0.305171 
 ----> high 685 1 0.697836 0.302164 
 ----> high 686 0 0.70314 0.29686 
 ----> high 687 0 0.686143 0.313857 
 ----> high 688 0 0.709251 0.290749 
 ----> high 689 0 0.701565 0.298435 
 ----> high 690 1 0.686541 0.313459 
 ----> high 691 0 0.656035 0.343965 
 ----> high 692 0 0.703528 0.296472 
 ----> high 693 0 0.678685 0.321315 
 ----> high 694 0 0.647739 0.352261 
 ----> high 695 0 0.709811 0.290189 
 ----> high 696 0 0.699819 0.300181 
 ----> high 697 0 0.696875 0.303125 
 ----> high 698 0 0.715793 0.284207 
 ----> high 699 0 0.641841 0.358159 
 ----> high 700 1 0.733938 0.266062 
 ----> high 701 0 0.691453 0.308547 
 ----> high 702 0 0.697539 0.302461 
 ----> high 703 0 0.6925 0.3075 
 ----> high 704 0 0.72533 0.27467 
 ----> high 705 0 0.707279 0.292721 
 ----> high 706 0 0.722426 0.277574 
 ----> high 707 0 0.724051 0.275949 
 ----> high 708 0 0.710536 0.289464 
 ----> high 709 0 0.69875 0.30125 
 ----> high 710 0 0.706659 0.293341 
 ----> high 711 0 0.702388 0.297612 
 ----> high 712 0 0.714826 0.285174 
 ----> high 713 0 0.703838 0.296162 
 ----> high 714 1 0.67202 0.32798 
 ----> high 715 0 0.724531 0.275469 
 ----> high 716 1 0.691043 0.308957 
 ----> high 717 0 0.692455 0.307545 
 ----> high 718 0 0.69477 0.30523 
