 ----> low 1 0 0.764605 0.235395 
 ----> low 2 1 0.478607 0.521393 
 ----> low 3 1 0.787946 0.212054 
 ----> low 4 1 0.473105 0.526895 
 ----> low 5 1 0.496759 0.503241 
 ----> low 6 1 0.490071 0.509929 
 ----> low 7 1 0.486739 0.513261 
 ----> low 8 0 0.746197 0.253803 
 ----> low 9 0 0.734127 0.265873 
 ----> low 10 0 0.717301 0.282699 
 ----> low 11 1 0.513205 0.486795 
 ----> low 12 1 0.511881 0.488119 
 ----> low 13 0 0.721 0.279 
 ----> low 14 1 0.68081 0.31919 
 ----> low 15 1 0.516117 0.483883 
 ----> low 16 1 0.539148 0.460852 
 ----> low 17 1 0.508044 0.491956 
 ----> low 18 0 0.567803 0.432197 
 ----> low 19 0 0.699856 0.300144 
 ----> low 20 0 0.692541 0.307459 
 ----> low 21 1 0.686949 0.313051 
 ----> low 22 0 0.559313 0.440687 
 ----> low 23 0 0.693493 0.306507 
 ----> low 24 0 0.683025 0.316975 
 ----> low 25 0 0.714234 0.285766 
 ----> low 26 1 0.65159 0.34841 
 ----> low 27 1 0.545809 0.454191 
 ----> low 28 1 0.55173 0.44827 
 ----> low 29 1 0.575751 0.424249 
 ----> low 30 1 0.645884 0.354116 
 ----> low 31 0 0.6872 0.3128 
 ----> low 32 0 0.677065 0.322935 
 ----> low 33 0 0.695866 0.304134 
 ----> low 34 1 0.655612 0.344388 
 ----> low 35 1 0.621233 0.378767 
 ----> low 36 0 0.588726 0.411274 
 ----> low 37 0 0.69781 0.30219 
 ----> low 38 0 0.673632 0.326368 
 ----> low 39 0 0.639163 0.360837 
 ----> low 40 1 0.648583 0.351417 
 ----> low 41 1 0.574131 0.425869 
 ----> low 42 1 0.584809 0.415191 
 ----> low 43 0 0.600898 0.399102 
 ----> low 44 0 0.674279 0.325721 
 ----> low 45 1 0.591276 0.408724 
 ----> low 46 1 0.599492 0.400508 
 ----> low 47 0 0.675473 0.324527 
 ----> low 48 0 0.638717 0.361283 
 ----> low 49 1 0.61605 0.38395 
 ----> low 50 1 0.604322 0.395678 
 ----> low 51 0 0.630113 0.369887 
 ----> low 52 1 0.657515 0.342485 
 ----> low 53 0 0.624183 0.375817 
 ----> low 54 0 0.678139 0.321861 
 ----> low 55 0 0.675572 0.324428 
 ----> low 56 0 0.692009 0.307991 
 ----> low 57 1 0.595817 0.404183 
 ----> low 58 1 0.596146 0.403854 
 ----> low 59 0 0.672633 0.327367 
 ----> low 60 1 0.612835 0.387165 
 ----> low 61 0 0.684464 0.315536 
 ----> low 62 0 0.692457 0.307543 
 ----> low 63 1 0.651476 0.348524 
 ----> low 64 1 0.595269 0.404731 
 ----> low 65 0 0.623173 0.376827 
 ----> low 66 0 0.685816 0.314184 
 ----> low 67 0 0.683934 0.316066 
 ----> low 68 1 0.607198 0.392802 
 ----> low 69 0 0.610162 0.389838 
 ----> low 70 0 0.674576 0.325424 
 ----> low 71 1 0.613603 0.386397 
 ----> low 72 0 0.632447 0.367553 
 ----> low 73 0 0.634812 0.365188 
 ----> low 74 1 0.661218 0.338782 
 ----> low 75 0 0.69043 0.30957 
 ----> low 76 0 0.674209 0.325791 
 ----> low 77 1 0.621098 0.378902 
 ----> low 78 1 0.634069 0.365931 
 ----> low 79 0 0.620618 0.379382 
 ----> low 80 1 0.672899 0.327101 
 ----> low 81 1 0.59057 0.40943 
 ----> low 82 1 0.599744 0.400256 
 ----> low 83 1 0.590957 0.409043 
 ----> low 84 1 0.59181 0.40819 
 ----> low 85 0 0.603032 0.396968 
 ----> low 86 1 0.655064 0.344936 
 ----> low 87 0 0.666606 0.333394 
 ----> low 88 1 0.588688 0.411312 
 ----> low 89 1 0.581687 0.418313 
 ----> low 90 1 0.605593 0.394407 
 ----> low 91 1 0.57837 0.42163 
 ----> low 92 0 0.621817 0.378183 
 ----> low 93 0 0.692213 0.307787 
 ----> low 94 1 0.661677 0.338323 
 ----> low 95 1 0.590259 0.409741 
 ----> low 96 0 0.683551 0.316449 
 ----> low 97 0 0.68149 0.31851 
 ----> low 98 1 0.575054 0.424946 
 ----> low 99 1 0.590156 0.409844 
 ----> low 100 0 0.627357 0.372643 
 ----> low 101 0 0.685017 0.314983 
 ----> low 102 1 0.610261 0.389739 
 ----> low 103 0 0.677772 0.322228 
 ----> low 104 0 0.668137 0.331863 
 ----> low 105 1 0.626003 0.373997 
 ----> low 106 0 0.621232 0.378768 
 ----> low 107 0 0.685459 0.314541 
 ----> low 108 0 0.6777 0.3223 
 ----> low 109 0 0.67467 0.32533 
 ----> low 110 1 0.641794 0.358206 
 ----> low 111 0 0.622183 0.377817 
 ----> low 112 0 0.677969 0.322031 
 ----> low 113 0 0.673838 0.326162 
 ----> low 114 1 0.579164 0.420836 
 ----> low 115 0 0.659547 0.340453 
 ----> low 116 0 0.681376 0.318624 
 ----> low 117 0 0.661808 0.338192 
 ----> low 118 1 0.601291 0.398709 
 ----> low 119 1 0.584629 0.415371 
 ----> low 120 0 0.612654 0.387346 
 ----> low 121 0 0.675632 0.324368 
 ----> low 122 1 0.66599 0.33401 
 ----> low 123 1 0.594848 0.405152 
 ----> low 124 1 0.591038 0.408962 
 ----> low 125 1 0.645462 0.354538 
 ----> low 126 0 0.649626 0.350374 
 ----> low 127 0 0.673317 0.326683 
 ----> low 128 0 0.679016 0.320984 
 ----> low 129 0 0.688067 0.311933 
 ----> low 130 1 0.572267 0.427733 
 ----> low 131 0 0.685347 0.314653 
 ----> low 132 0 0.682965 0.317035 
 ----> low 133 1 0.627316 0.372684 
 ----> low 134 1 0.588776 0.411224 
 ----> low 135 0 0.613646 0.386354 
 ----> low 136 1 0.587224 0.412776 
 ----> low 137 1 0.653394 0.346606 
 ----> low 138 1 0.586313 0.413687 
 ----> low 139 0 0.692625 0.307375 
 ----> low 140 0 0.665867 0.334133 
 ----> low 141 1 0.590091 0.409909 
 ----> low 142 0 0.671932 0.328068 
 ----> low 143 0 0.634043 0.365957 
 ----> low 144 0 0.689647 0.310353 
 ----> low 145 0 0.638047 0.361953 
 ----> low 146 0 0.710886 0.289114 
 ----> low 147 0 0.69365 0.30635 
 ----> low 148 0 0.675605 0.324395 
 ----> low 149 0 0.675582 0.324418 
 ----> low 150 1 0.602094 0.397906 
 ----> low 151 1 0.579913 0.420087 
 ----> low 152 0 0.614602 0.385398 
 ----> low 153 0 0.677999 0.322001 
 ----> low 154 0 0.688999 0.311001 
 ----> low 155 1 0.638764 0.361236 
 ----> low 156 0 0.633356 0.366644 
 ----> low 157 1 0.5991 0.4009 
 ----> low 158 1 0.592725 0.407275 
 ----> low 159 1 0.669505 0.330495 
 ----> low 160 0 0.626791 0.373209 
 ----> low 161 0 0.687538 0.312462 
 ----> low 162 1 0.669345 0.330655 
 ----> low 163 1 0.591968 0.408032 
 ----> low 164 1 0.594083 0.405917 
 ----> low 165 1 0.604242 0.395758 
 ----> low 166 1 0.57778 0.42222 
 ----> low 167 0 0.682424 0.317576 
 ----> low 168 1 0.619707 0.380293 
 ----> low 169 0 0.682126 0.317874 
 ----> low 170 0 0.669605 0.330395 
 ----> low 171 1 0.571135 0.428865 
 ----> low 172 1 0.597406 0.402594 
 ----> low 173 1 0.653245 0.346755 
 ----> low 174 0 0.628761 0.371239 
 ----> low 175 1 0.664425 0.335575 
 ----> low 176 0 0.61482 0.38518 
 ----> low 177 0 0.683484 0.316516 
 ----> low 178 0 0.680874 0.319126 
 ----> low 179 1 0.571597 0.428403 
 ----> low 180 0 0.678971 0.321029 
 ----> low 181 0 0.682416 0.317584 
 ----> low 182 0 0.687981 0.312019 
 ----> low 183 1 0.629394 0.370606 
 ----> low 184 1 0.605976 0.394024 
 ----> low 185 1 0.591927 0.408073 
 ----> low 186 0 0.690147 0.309853 
 ----> low 187 1 0.61759 0.38241 
 ----> low 188 1 0.622513 0.377487 
 ----> low 189 0 0.645713 0.354287 
 ----> low 190 1 0.577503 0.422497 
 ----> low 191 0 0.688116 0.311884 
 ----> low 192 1 0.638452 0.361548 
 ----> low 193 1 0.589318 0.410682 
 ----> low 194 0 0.672016 0.327984 
 ----> low 195 0 0.680204 0.319796 
 ----> low 196 1 0.637218 0.362782 
 ----> low 197 1 0.57454 0.42546 
 ----> low 198 0 0.681683 0.318317 
 ----> low 199 0 0.666498 0.333502 
 ----> low 200 0 0.66669 0.33331 
 ----> low 201 0 0.663038 0.336962 
 ----> low 202 0 0.665594 0.334406 
 ----> low 203 0 0.664928 0.335072 
 ----> low 204 1 0.591983 0.408017 
 ----> low 205 0 0.640872 0.359128 
 ----> low 206 1 0.652973 0.347027 
 ----> low 207 1 0.603465 0.396535 
 ----> low 208 1 0.602619 0.397381 
 ----> low 209 0 0.681951 0.318049 
 ----> low 210 0 0.695232 0.304768 
 ----> low 211 1 0.659608 0.340392 
 ----> low 212 0 0.67763 0.32237 
 ----> low 213 1 0.626864 0.373136 
 ----> low 214 0 0.62588 0.37412 
 ----> low 215 0 0.712583 0.287417 
 ----> low 216 0 0.646051 0.353949 
 ----> low 217 0 0.693895 0.306105 
 ----> low 218 1 0.584128 0.415872 
 ----> low 219 0 0.681465 0.318535 
 ----> low 220 0 0.679279 0.320721 
 ----> low 221 1 0.617553 0.382447 
 ----> low 222 0 0.680616 0.319384 
 ----> low 223 1 0.583577 0.416423 
 ----> low 224 0 0.631261 0.368739 
 ----> low 225 0 0.68826 0.31174 
 ----> low 226 1 0.598292 0.401708 
 ----> low 227 0 0.622549 0.377451 
 ----> low 228 0 0.682096 0.317904 
 ----> low 229 1 0.669212 0.330788 
 ----> low 230 0 0.69485 0.30515 
 ----> low 231 0 0.690389 0.309611 
 ----> low 232 1 0.632972 0.367028 
 ----> low 233 0 0.63403 0.36597 
 ----> low 234 0 0.696496 0.303504 
 ----> low 235 0 0.686762 0.313238 
 ----> low 236 1 0.648636 0.351364 
 ----> low 237 0 0.631189 0.368811 
 ----> low 238 0 0.672624 0.327376 
 ----> low 239 0 0.682485 0.317515 
 ----> low 240 1 0.678221 0.321779 
 ----> low 241 0 0.626889 0.373111 
 ----> low 242 0 0.661881 0.338119 
 ----> low 243 1 0.602754 0.397246 
 ----> low 244 0 0.693983 0.306017 
 ----> low 245 1 0.608628 0.391372 
 ----> low 246 1 0.583913 0.416087 
 ----> low 247 0 0.69606 0.30394 
 ----> low 248 0 0.693077 0.306923 
 ----> low 249 1 0.601454 0.398546 
 ----> low 250 0 0.638498 0.361502 
 ----> low 251 0 0.677525 0.322475 
 ----> low 252 1 0.669839 0.330161 
 ----> low 253 0 0.675678 0.324322 
 ----> low 254 1 0.604462 0.395538 
 ----> low 255 1 0.665415 0.334585 
 ----> low 256 1 0.587881 0.412119 
 ----> low 257 1 0.631929 0.368071 
 ----> low 258 0 0.683331 0.316669 
 ----> low 259 0 0.713693 0.286307 
 ----> low 260 1 0.650533 0.349467 
 ----> low 261 1 0.590414 0.409586 
 ----> low 262 1 0.586087 0.413913 
 ----> low 263 0 0.682742 0.317258 
 ----> low 264 1 0.594962 0.405038 
 ----> low 265 0 0.657219 0.342781 
 ----> low 266 0 0.655795 0.344205 
 ----> low 267 0 0.693798 0.306202 
 ----> low 268 1 0.649979 0.350021 
 ----> low 269 0 0.704922 0.295078 
 ----> low 270 0 0.7004 0.2996 
 ----> low 271 1 0.628085 0.371915 
 ----> low 272 1 0.629063 0.370937 
 ----> low 273 0 0.696499 0.303501 
 ----> low 274 1 0.646317 0.353683 
 ----> low 275 0 0.673402 0.326598 
 ----> low 276 1 0.57251 0.42749 
 ----> low 277 0 0.712524 0.287476 
 ----> low 278 0 0.688622 0.311378 
 ----> low 279 1 0.6422 0.3578 
 ----> low 280 1 0.58153 0.41847 
 ----> low 281 0 0.663923 0.336077 
 ----> low 282 1 0.66759 0.33241 
 ----> low 283 1 0.58724 0.41276 
 ----> low 284 1 0.602421 0.397579 
 ----> low 285 0 0.628511 0.371489 
 ----> low 286 0 0.68417 0.31583 
 ----> low 287 0 0.704399 0.295601 
 ----> low 288 0 0.690843 0.309157 
 ----> low 289 1 0.619616 0.380384 
 ----> low 290 0 0.666982 0.333018 
 ----> low 291 1 0.655965 0.344035 
 ----> low 292 1 0.586139 0.413861 
 ----> low 293 0 0.689969 0.310031 
 ----> low 294 1 0.581779 0.418221 
 ----> low 295 0 0.620774 0.379226 
 ----> low 296 0 0.697371 0.302629 
 ----> low 297 0 0.691532 0.308468 
 ----> low 298 1 0.655157 0.344843 
 ----> low 299 0 0.608338 0.391662 
 ----> low 300 1 0.630409 0.369591 
 ----> low 301 0 0.693697 0.306303 
 ----> low 302 0 0.664317 0.335683 
 ----> low 303 0 0.681434 0.318566 
 ----> low 304 1 0.640066 0.359934 
 ----> low 305 0 0.69752 0.30248 
 ----> low 306 0 0.66466 0.33534 
 ----> low 307 0 0.69261 0.30739 
 ----> low 308 0 0.663065 0.336935 
 ----> low 309 1 0.66518 0.33482 
 ----> low 310 1 0.582176 0.417824 
 ----> low 311 0 0.690351 0.309649 
 ----> low 312 0 0.688575 0.311425 
 ----> low 313 0 0.697095 0.302905 
 ----> low 314 1 0.592678 0.407322 
 ----> low 315 0 0.686004 0.313996 
 ----> low 316 0 0.690507 0.309493 
 ----> low 317 0 0.688591 0.311409 
 ----> low 318 0 0.682441 0.317559 
 ----> low 319 0 0.667269 0.332731 
 ----> low 320 0 0.689131 0.310869 
 ----> low 321 1 0.640341 0.359659 
 ----> low 322 0 0.620803 0.379197 
 ----> low 323 1 0.613123 0.386877 
 ----> low 324 0 0.713698 0.286302 
 ----> low 325 0 0.690049 0.309951 
 ----> low 326 0 0.706558 0.293442 
 ----> low 327 1 0.603423 0.396577 
 ----> low 328 1 0.590281 0.409719 
 ----> low 329 0 0.699408 0.300592 
 ----> low 330 0 0.693159 0.306841 
 ----> low 331 0 0.683586 0.316414 
 ----> low 332 0 0.673634 0.326366 
 ----> low 333 1 0.650385 0.349615 
 ----> low 334 1 0.609621 0.390379 
 ----> low 335 1 0.574627 0.425373 
 ----> low 336 1 0.641211 0.358789 
 ----> low 337 1 0.594137 0.405863 
 ----> low 338 0 0.659158 0.340842 
 ----> low 339 0 0.638792 0.361208 
 ----> low 340 0 0.680686 0.319314 
 ----> low 341 0 0.6821 0.3179 
 ----> low 342 1 0.593943 0.406057 
 ----> low 343 1 0.600316 0.399684 
 ----> low 344 0 0.682834 0.317166 
 ----> low 345 0 0.692537 0.307463 
 ----> low 346 0 0.684873 0.315127 
 ----> low 347 0 0.677497 0.322503 
 ----> low 348 0 0.61793 0.38207 
 ----> low 349 0 0.690661 0.309339 
 ----> low 350 1 0.655178 0.344822 
 ----> low 351 1 0.586539 0.413461 
 ----> low 352 0 0.683478 0.316522 
 ----> low 353 0 0.679488 0.320512 
 ----> low 354 0 0.687577 0.312423 
 ----> low 355 0 0.689143 0.310857 
 ----> low 356 0 0.67173 0.32827 
 ----> low 357 1 0.633978 0.366022 
 ----> low 358 0 0.625683 0.374317 
 ----> low 359 0 0.702898 0.297102 
 ----> low 360 0 0.695985 0.304015 
 ----> low 361 0 0.699553 0.300447 
 ----> low 362 1 0.623625 0.376375 
 ----> low 363 1 0.617947 0.382053 
 ----> low 364 0 0.692745 0.307255 
 ----> low 365 0 0.694064 0.305936 
 ----> low 366 1 0.635366 0.364634 
 ----> low 367 1 0.614754 0.385246 
 ----> low 368 0 0.710351 0.289649 
 ----> low 369 0 0.696928 0.303072 
 ----> low 370 0 0.678892 0.321108 
 ----> low 371 1 0.600174 0.399826 
 ----> low 372 0 0.686013 0.313987 
 ----> low 373 0 0.688143 0.311857 
 ----> low 374 0 0.698698 0.301302 
 ----> low 375 0 0.683907 0.316093 
 ----> low 376 1 0.598066 0.401934 
 ----> low 377 0 0.701589 0.298411 
 ----> low 378 0 0.687936 0.312064 
 ----> low 379 1 0.592617 0.407383 
 ----> low 380 0 0.683121 0.316879 
 ----> low 381 1 0.656681 0.343319 
 ----> low 382 0 0.682368 0.317632 
 ----> low 383 0 0.674138 0.325862 
 ----> low 384 0 0.680849 0.319151 
 ----> low 385 0 0.688983 0.311017 
 ----> low 386 1 0.585292 0.414708 
 ----> low 387 0 0.673893 0.326107 
 ----> low 388 1 0.596619 0.403381 
 ----> low 389 1 0.589401 0.410599 
 ----> low 390 0 0.684388 0.315612 
 ----> low 391 0 0.679852 0.320148 
 ----> low 392 0 0.688436 0.311564 
 ----> low 393 0 0.632422 0.367578 
 ----> low 394 1 0.594148 0.405852 
 ----> low 395 0 0.688316 0.311684 
 ----> low 396 0 0.703546 0.296454 
 ----> low 397 0 0.688513 0.311487 
 ----> low 398 1 0.674316 0.325684 
 ----> low 399 1 0.572741 0.427259 
 ----> low 400 1 0.583652 0.416348 
 ----> low 401 1 0.611357 0.388643 
 ----> low 402 0 0.661419 0.338581 
 ----> low 403 0 0.683068 0.316932 
 ----> low 404 0 0.693208 0.306792 
 ----> low 405 0 0.683872 0.316128 
 ----> low 406 1 0.636613 0.363387 
 ----> low 407 1 0.592537 0.407463 
 ----> low 408 0 0.643262 0.356738 
 ----> low 409 0 0.704887 0.295113 
 ----> low 410 0 0.641799 0.358201 
 ----> low 411 0 0.692223 0.307777 
 ----> low 412 0 0.677936 0.322064 
 ----> low 413 0 0.641828 0.358172 
 ----> low 414 0 0.625302 0.374698 
 ----> low 415 1 0.648761 0.351239 
 ----> low 416 0 0.650376 0.349624 
 ----> low 417 0 0.706184 0.293816 
 ----> low 418 0 0.714205 0.285795 
 ----> low 419 1 0.591552 0.408448 
 ----> low 420 0 0.704307 0.295693 
 ----> low 421 0 0.691865 0.308135 
 ----> low 422 0 0.69163 0.30837 
 ----> low 423 1 0.656538 0.343462 
 ----> low 424 0 0.682954 0.317046 
 ----> low 425 0 0.699801 0.300199 
 ----> low 426 0 0.671414 0.328586 
 ----> low 427 0 0.639625 0.360375 
 ----> low 428 0 0.691956 0.308044 
 ----> low 429 0 0.689076 0.310924 
 ----> low 430 0 0.712561 0.287439 
 ----> low 431 0 0.704698 0.295302 
 ----> low 432 0 0.689918 0.310082 
 ----> low 433 0 0.68479 0.31521 
 ----> low 434 1 0.653809 0.346191 
 ----> low 435 1 0.653892 0.346108 
 ----> low 436 1 0.618896 0.381104 
 ----> low 437 0 0.692924 0.307076 
 ----> low 438 0 0.689054 0.310946 
 ----> low 439 0 0.68323 0.31677 
 ----> low 440 0 0.682589 0.317411 
 ----> low 441 0 0.681846 0.318154 
 ----> low 442 0 0.675041 0.324959 
 ----> low 443 0 0.686224 0.313776 
 ----> low 444 0 0.673988 0.326012 
 ----> low 445 1 0.663579 0.336421 
 ----> low 446 0 0.674987 0.325013 
 ----> low 447 0 0.699677 0.300323 
 ----> low 448 0 0.661547 0.338453 
 ----> low 449 0 0.653699 0.346301 
 ----> low 450 0 0.683933 0.316067 
 ----> low 451 0 0.699467 0.300533 
 ----> low 452 0 0.690723 0.309277 
 ----> low 453 1 0.657565 0.342435 
 ----> low 454 0 0.681557 0.318443 
 ----> low 455 1 0.605297 0.394703 
 ----> low 456 0 0.699494 0.300506 
 ----> low 457 0 0.687441 0.312559 
 ----> low 458 0 0.686133 0.313867 
 ----> low 459 1 0.575947 0.424053 
 ----> low 460 0 0.701737 0.298263 
 ----> low 461 0 0.702949 0.297051 
 ----> low 462 1 0.596871 0.403129 
 ----> low 463 0 0.69955 0.30045 
 ----> low 464 0 0.683741 0.316259 
 ----> low 465 0 0.69049 0.30951 
 ----> low 466 0 0.698151 0.301849 
 ----> low 467 1 0.666537 0.333463 
 ----> low 468 1 0.603892 0.396108 
 ----> low 469 0 0.70025 0.29975 
 ----> low 470 1 0.674177 0.325823 
 ----> low 471 1 0.645385 0.354615 
 ----> low 472 0 0.661703 0.338297 
 ----> low 473 0 0.698118 0.301882 
 ----> low 474 1 0.594722 0.405278 
 ----> low 475 0 0.691743 0.308257 
 ----> low 476 0 0.69401 0.30599 
 ----> low 477 0 0.701832 0.298168 
 ----> low 478 0 0.629474 0.370526 
 ----> low 479 0 0.712211 0.287789 
 ----> low 480 0 0.665942 0.334058 
 ----> low 481 0 0.689803 0.310197 
 ----> low 482 0 0.684297 0.315703 
 ----> low 483 1 0.662272 0.337728 
 ----> low 484 0 0.638008 0.361992 
 ----> low 485 0 0.711721 0.288279 
 ----> low 486 0 0.685763 0.314237 
 ----> low 487 0 0.696624 0.303376 
 ----> low 488 0 0.681794 0.318206 
 ----> low 489 1 0.611635 0.388365 
 ----> low 490 1 0.602161 0.397839 
 ----> low 491 0 0.700653 0.299347 
 ----> low 492 1 0.581001 0.418999 
 ----> low 493 0 0.693282 0.306718 
 ----> low 494 0 0.692812 0.307188 
 ----> low 495 1 0.675757 0.324243 
 ----> low 496 1 0.613633 0.386367 
 ----> low 497 0 0.678655 0.321345 
 ----> low 498 0 0.682249 0.317751 
 ----> low 499 0 0.684663 0.315337 
 ----> low 500 0 0.643954 0.356046 
 ----> low 501 1 0.614566 0.385434 
 ----> low 502 0 0.687038 0.312962 
 ----> low 503 1 0.651341 0.348659 
 ----> low 504 0 0.686461 0.313539 
 ----> low 505 0 0.685017 0.314983 
 ----> low 506 0 0.670884 0.329116 
 ----> low 507 0 0.689345 0.310655 
 ----> low 508 0 0.670989 0.329011 
 ----> low 509 1 0.613635 0.386365 
 ----> low 510 1 0.61429 0.38571 
 ----> low 511 0 0.694006 0.305994 
 ----> low 512 0 0.680299 0.319701 
 ----> low 513 1 0.676564 0.323436 
 ----> low 514 0 0.637528 0.362472 
 ----> low 515 1 0.591859 0.408141 
 ----> low 516 0 0.684016 0.315984 
 ----> low 517 0 0.698152 0.301848 
 ----> low 518 0 0.648873 0.351127 
 ----> low 519 0 0.696456 0.303544 
 ----> low 520 1 0.652284 0.347716 
 ----> low 521 1 0.589806 0.410194 
 ----> low 522 1 0.586271 0.413729 
 ----> low 523 1 0.663297 0.336703 
 ----> low 524 1 0.57335 0.42665 
 ----> low 525 0 0.69646 0.30354 
 ----> low 526 0 0.693336 0.306664 
 ----> low 527 0 0.667401 0.332599 
 ----> low 528 0 0.67402 0.32598 
 ----> low 529 0 0.69007 0.30993 
 ----> low 530 1 0.609392 0.390608 
 ----> low 531 0 0.687112 0.312888 
 ----> low 532 0 0.669257 0.330743 
 ----> low 533 0 0.699006 0.300994 
 ----> low 534 0 0.676454 0.323546 
 ----> low 535 0 0.68707 0.31293 
 ----> low 536 0 0.637127 0.362873 
 ----> low 537 0 0.705949 0.294051 
 ----> low 538 0 0.662481 0.337519 
 ----> low 539 0 0.680183 0.319817 
 ----> low 540 0 0.656978 0.343022 
 ----> low 541 1 0.653906 0.346094 
 ----> low 542 0 0.644622 0.355378 
 ----> low 543 1 0.672923 0.327077 
 ----> low 544 0 0.621397 0.378603 
 ----> low 545 0 0.68105 0.31895 
 ----> low 546 1 0.626618 0.373382 
 ----> low 547 0 0.712402 0.287598 
 ----> low 548 1 0.64805 0.35195 
 ----> low 549 1 0.58953 0.41047 
 ----> low 550 0 0.687577 0.312423 
 ----> low 551 0 0.692087 0.307913 
 ----> low 552 0 0.670895 0.329105 
 ----> low 553 1 0.606444 0.393556 
 ----> low 554 0 0.633797 0.366203 
 ----> low 555 1 0.610901 0.389099 
 ----> low 556 1 0.60313 0.39687 
 ----> low 557 0 0.69394 0.30606 
 ----> low 558 1 0.646257 0.353743 
 ----> low 559 0 0.685455 0.314545 
 ----> low 560 0 0.690759 0.309241 
 ----> low 561 0 0.694778 0.305222 
 ----> low 562 0 0.630476 0.369524 
 ----> low 563 0 0.694975 0.305025 
 ----> low 564 1 0.673285 0.326715 
 ----> low 565 0 0.681117 0.318883 
 ----> low 566 1 0.645324 0.354676 
 ----> low 567 0 0.68275 0.31725 
 ----> low 568 0 0.677559 0.322441 
 ----> low 569 1 0.657098 0.342902 
 ----> low 570 0 0.648542 0.351458 
 ----> low 571 0 0.691274 0.308726 
 ----> low 572 1 0.59144 0.40856 
 ----> low 573 0 0.711799 0.288201 
 ----> low 574 0 0.692536 0.307464 
 ----> low 575 0 0.694512 0.305488 
 ----> low 576 1 0.616293 0.383707 
 ----> low 577 0 0.686646 0.313354 
 ----> low 578 1 0.618598 0.381402 
 ----> low 579 0 0.698798 0.301202 
 ----> low 580 0 0.681021 0.318979 
 ----> low 581 1 0.584549 0.415451 
 ----> low 582 0 0.696 0.304 
 ----> low 583 0 0.673069 0.326931 
 ----> low 584 1 0.579583 0.420417 
 ----> low 585 0 0.692419 0.307581 
 ----> low 586 0 0.685399 0.314601 
 ----> low 587 0 0.685523 0.314477 
 ----> low 588 0 0.659822 0.340178 
 ----> low 589 1 0.641102 0.358898 
 ----> low 590 1 0.593764 0.406236 
 ----> low 591 0 0.696551 0.303449 
 ----> low 592 1 0.613335 0.386665 
 ----> low 593 0 0.651097 0.348903 
 ----> low 594 0 0.68227 0.31773 
 ----> low 595 0 0.686304 0.313696 
 ----> low 596 0 0.679288 0.320712 
 ----> low 597 1 0.655306 0.344694 
 ----> low 598 0 0.693911 0.306089 
 ----> low 599 0 0.686686 0.313314 
 ----> low 600 0 0.678796 0.321204 
 ----> low 601 0 0.685289 0.314711 
 ----> low 602 1 0.638092 0.361908 
 ----> low 603 1 0.62016 0.37984 
 ----> low 604 0 0.688881 0.311119 
 ----> low 605 0 0.681608 0.318392 
 ----> low 606 0 0.698422 0.301578 
 ----> low 607 0 0.693253 0.306747 
 ----> low 608 1 0.590704 0.409296 
 ----> low 609 0 0.687845 0.312155 
 ----> low 610 0 0.706074 0.293926 
 ----> low 611 0 0.689563 0.310437 
 ----> low 612 0 0.690802 0.309198 
 ----> low 613 0 0.694706 0.305294 
 ----> low 614 0 0.666387 0.333613 
 ----> low 615 0 0.686936 0.313064 
 ----> low 616 0 0.680875 0.319125 
 ----> low 617 0 0.688285 0.311715 
 ----> low 618 0 0.685844 0.314156 
 ----> low 619 1 0.647444 0.352556 
 ----> low 620 1 0.600037 0.399963 
 ----> low 621 0 0.682207 0.317793 
 ----> low 622 0 0.685472 0.314528 
 ----> low 623 0 0.68627 0.31373 
 ----> low 624 0 0.624331 0.375669 
 ----> low 625 0 0.681912 0.318088 
 ----> low 626 0 0.694922 0.305078 
 ----> low 627 0 0.681278 0.318722 
 ----> low 628 0 0.695026 0.304974 
 ----> low 629 1 0.623037 0.376963 
 ----> low 630 0 0.709476 0.290524 
 ----> low 631 0 0.676772 0.323228 
 ----> low 632 1 0.600219 0.399781 
 ----> low 633 0 0.658313 0.341687 
 ----> low 634 0 0.704435 0.295565 
 ----> low 635 1 0.604689 0.395311 
 ----> low 636 0 0.684567 0.315433 
 ----> low 637 0 0.632204 0.367796 
 ----> low 638 0 0.697615 0.302385 
 ----> low 639 1 0.666087 0.333913 
 ----> low 640 1 0.58563 0.41437 
 ----> low 641 0 0.686994 0.313006 
 ----> low 642 0 0.691922 0.308078 
 ----> low 643 0 0.700551 0.299449 
 ----> low 644 0 0.693502 0.306498 
 ----> low 645 0 0.69494 0.30506 
 ----> low 646 0 0.690738 0.309262 
 ----> low 647 0 0.639722 0.360278 
 ----> low 648 0 0.697896 0.302104 
 ----> low 649 0 0.696101 0.303899 
 ----> low 650 0 0.674692 0.325308 
 ----> low 651 1 0.628411 0.371589 
 ----> low 652 0 0.656378 0.343622 
 ----> low 653 0 0.693065 0.306935 
 ----> low 654 1 0.617973 0.382027 
 ----> low 655 0 0.696727 0.303273 
 ----> low 656 0 0.697543 0.302457 
 ----> low 657 0 0.713616 0.286384 
 ----> low 658 0 0.698876 0.301124 
 ----> low 659 0 0.684082 0.315918 
 ----> low 660 0 0.675989 0.324011 
 ----> low 661 0 0.687533 0.312467 
 ----> low 662 0 0.701475 0.298525 
 ----> low 663 0 0.701286 0.298714 
 ----> low 664 0 0.67312 0.32688 
 ----> low 665 0 0.666631 0.333369 
 ----> low 666 1 0.672929 0.327071 
 ----> low 667 0 0.694914 0.305086 
 ----> low 668 0 0.67492 0.32508 
 ----> low 669 0 0.65664 0.34336 
 ----> low 670 0 0.707862 0.292138 
 ----> low 671 0 0.678702 0.321298 
 ----> low 672 0 0.679196 0.320804 
 ----> low 673 0 0.696583 0.303417 
 ----> low 674 0 0.69117 0.30883 
 ----> low 675 1 0.604963 0.395037 
 ----> low 676 1 0.592684 0.407316 
 ----> low 677 1 0.661526 0.338474 
 ----> low 678 1 0.599645 0.400355 
 ----> low 679 0 0.652896 0.347104 
 ----> low 680 0 0.687973 0.312027 
 ----> low 681 0 0.653226 0.346774 
 ----> low 682 0 0.680529 0.319471 
 ----> low 683 0 0.694171 0.305829 
 ----> low 684 1 0.651593 0.348407 
 ----> low 685 0 0.677899 0.322101 
 ----> low 686 0 0.697232 0.302768 
 ----> low 687 0 0.686157 0.313843 
 ----> low 688 0 0.679974 0.320026 
 ----> low 689 0 0.692689 0.307311 
 ----> low 690 0 0.683592 0.316408 
 ----> low 691 0 0.642404 0.357596 
 ----> low 692 0 0.675249 0.324751 
 ----> low 693 0 0.687137 0.312863 
 ----> low 694 0 0.647922 0.352078 
 ----> low 695 0 0.674393 0.325607 
 ----> low 696 0 0.689023 0.310977 
 ----> low 697 0 0.695642 0.304358 
 ----> low 698 0 0.695577 0.304423 
 ----> low 699 0 0.63047 0.36953 
 ----> low 700 0 0.71782 0.28218 
 ----> low 701 0 0.660536 0.339464 
 ----> low 702 0 0.705576 0.294424 
 ----> low 703 0 0.686683 0.313317 
 ----> low 704 0 0.688267 0.311733 
 ----> low 705 1 0.674258 0.325742 
 ----> low 706 0 0.69778 0.30222 
 ----> low 707 0 0.699963 0.300037 
 ----> low 708 0 0.696512 0.303488 
 ----> low 709 0 0.699722 0.300278 
 ----> low 710 0 0.677665 0.322335 
 ----> low 711 0 0.694144 0.305856 
 ----> low 712 0 0.7094 0.2906 
 ----> low 713 1 0.655626 0.344374 
 ----> low 714 1 0.642942 0.357058 
 ----> low 715 1 0.606629 0.393371 
 ----> low 716 1 0.640292 0.359708 
 ----> low 717 0 0.616526 0.383474 
 ----> low 718 0 0.687603 0.312397 
