 ----> low 1 0 0.651929 0.348071 
 ----> low 2 1 0.660204 0.339796 
 ----> low 3 1 0.606346 0.393654 
 ----> low 4 1 0.63004 0.36996 
 ----> low 5 1 0.643864 0.356136 
 ----> low 6 1 0.60192 0.39808 
 ----> low 7 1 0.590484 0.409516 
 ----> low 8 0 0.591886 0.408114 
 ----> low 9 0 0.683935 0.316065 
 ----> low 10 0 0.708846 0.291154 
 ----> low 11 1 0.669991 0.330009 
 ----> low 12 1 0.603073 0.396927 
 ----> low 13 0 0.709222 0.290778 
 ----> low 14 1 0.586285 0.413715 
 ----> low 15 1 0.567602 0.432398 
 ----> low 16 1 0.638954 0.361046 
 ----> low 17 1 0.636389 0.363611 
 ----> low 18 0 0.635466 0.364534 
 ----> low 19 0 0.678105 0.321895 
 ----> low 20 0 0.694122 0.305878 
 ----> low 21 1 0.668336 0.331664 
 ----> low 22 0 0.605531 0.394469 
 ----> low 23 0 0.72702 0.27298 
 ----> low 24 0 0.613549 0.386451 
 ----> low 25 0 0.745865 0.254135 
 ----> low 26 1 0.629194 0.370806 
 ----> low 27 1 0.693395 0.306605 
 ----> low 28 1 0.6438 0.3562 
 ----> low 29 1 0.698394 0.301606 
 ----> low 30 1 0.615154 0.384846 
 ----> low 31 0 0.703179 0.296821 
 ----> low 32 0 0.589612 0.410388 
 ----> low 33 0 0.640548 0.359452 
 ----> low 34 1 0.57271 0.42729 
 ----> low 35 1 0.649668 0.350332 
 ----> low 36 0 0.682143 0.317857 
 ----> low 37 0 0.632765 0.367235 
 ----> low 38 0 0.653556 0.346444 
 ----> low 39 0 0.657219 0.342781 
 ----> low 40 1 0.634746 0.365254 
 ----> low 41 1 0.641742 0.358258 
 ----> low 42 1 0.649966 0.350034 
 ----> low 43 0 0.661613 0.338387 
 ----> low 44 0 0.648682 0.351318 
 ----> low 45 1 0.618606 0.381394 
 ----> low 46 1 0.658766 0.341234 
 ----> low 47 0 0.653806 0.346194 
 ----> low 48 0 0.643663 0.356337 
 ----> low 49 1 0.645356 0.354644 
 ----> low 50 1 0.630966 0.369034 
 ----> low 51 0 0.651401 0.348599 
 ----> low 52 1 0.643977 0.356023 
 ----> low 53 0 0.679199 0.320801 
 ----> low 54 0 0.645024 0.354976 
 ----> low 55 0 0.651001 0.348999 
 ----> low 56 0 0.657471 0.342529 
 ----> low 57 1 0.653635 0.346365 
 ----> low 58 1 0.651536 0.348464 
 ----> low 59 0 0.633309 0.366691 
 ----> low 60 1 0.610125 0.389875 
 ----> low 61 0 0.651984 0.348016 
 ----> low 62 0 0.711518 0.288482 
 ----> low 63 1 0.606978 0.393022 
 ----> low 64 1 0.633854 0.366146 
 ----> low 65 0 0.664301 0.335699 
 ----> low 66 0 0.634528 0.365472 
 ----> low 67 0 0.641756 0.358244 
 ----> low 68 1 0.62883 0.37117 
 ----> low 69 0 0.614993 0.385007 
 ----> low 70 0 0.642424 0.357576 
 ----> low 71 1 0.637213 0.362787 
 ----> low 72 0 0.674871 0.325129 
 ----> low 73 0 0.650649 0.349351 
 ----> low 74 1 0.623981 0.376019 
 ----> low 75 0 0.661594 0.338406 
 ----> low 76 0 0.680107 0.319893 
 ----> low 77 1 0.661825 0.338175 
 ----> low 78 1 0.60027 0.39973 
 ----> low 79 0 0.639897 0.360103 
 ----> low 80 1 0.680394 0.319606 
 ----> low 81 1 0.602532 0.397468 
 ----> low 82 1 0.651393 0.348607 
 ----> low 83 1 0.621155 0.378845 
 ----> low 84 1 0.635259 0.364741 
 ----> low 85 0 0.639003 0.360997 
 ----> low 86 1 0.624502 0.375498 
 ----> low 87 0 0.623204 0.376796 
 ----> low 88 1 0.594815 0.405185 
 ----> low 89 1 0.613646 0.386354 
 ----> low 90 1 0.688063 0.311937 
 ----> low 91 1 0.593137 0.406863 
 ----> low 92 0 0.654748 0.345252 
 ----> low 93 0 0.642707 0.357293 
 ----> low 94 1 0.642668 0.357332 
 ----> low 95 1 0.68284 0.31716 
 ----> low 96 0 0.667591 0.332409 
 ----> low 97 0 0.673207 0.326793 
 ----> low 98 1 0.573247 0.426753 
 ----> low 99 1 0.637148 0.362852 
 ----> low 100 0 0.668007 0.331993 
 ----> low 101 0 0.64642 0.35358 
 ----> low 102 1 0.689993 0.310007 
 ----> low 103 0 0.634295 0.365705 
 ----> low 104 0 0.650981 0.349019 
 ----> low 105 1 0.597449 0.402551 
 ----> low 106 0 0.660004 0.339996 
 ----> low 107 0 0.692708 0.307292 
 ----> low 108 0 0.657829 0.342171 
 ----> low 109 0 0.658929 0.341071 
 ----> low 110 1 0.62734 0.37266 
 ----> low 111 0 0.633178 0.366822 
 ----> low 112 0 0.655484 0.344516 
 ----> low 113 0 0.654423 0.345577 
 ----> low 114 1 0.61033 0.38967 
 ----> low 115 0 0.6314 0.3686 
 ----> low 116 0 0.625621 0.374379 
 ----> low 117 0 0.644052 0.355948 
 ----> low 118 1 0.64566 0.35434 
 ----> low 119 1 0.591093 0.408907 
 ----> low 120 0 0.679241 0.320759 
 ----> low 121 0 0.645357 0.354643 
 ----> low 122 1 0.661722 0.338278 
 ----> low 123 1 0.630153 0.369847 
 ----> low 124 1 0.655558 0.344442 
 ----> low 125 1 0.620276 0.379724 
 ----> low 126 0 0.68816 0.31184 
 ----> low 127 0 0.634171 0.365829 
 ----> low 128 0 0.658571 0.341429 
 ----> low 129 0 0.623071 0.376929 
 ----> low 130 1 0.592692 0.407308 
 ----> low 131 0 0.701682 0.298318 
 ----> low 132 0 0.661422 0.338578 
 ----> low 133 1 0.616988 0.383012 
 ----> low 134 1 0.638087 0.361913 
 ----> low 135 0 0.61874 0.38126 
 ----> low 136 1 0.620288 0.379712 
 ----> low 137 1 0.643699 0.356301 
 ----> low 138 1 0.581804 0.418196 
 ----> low 139 0 0.662969 0.337031 
 ----> low 140 0 0.614884 0.385116 
 ----> low 141 1 0.628744 0.371256 
 ----> low 142 0 0.676613 0.323387 
 ----> low 143 0 0.650795 0.349205 
 ----> low 144 0 0.618862 0.381138 
 ----> low 145 0 0.644423 0.355577 
 ----> low 146 0 0.71243 0.28757 
 ----> low 147 0 0.661013 0.338987 
 ----> low 148 0 0.637871 0.362129 
 ----> low 149 0 0.652695 0.347305 
 ----> low 150 1 0.64967 0.35033 
 ----> low 151 1 0.596328 0.403672 
 ----> low 152 0 0.618753 0.381247 
 ----> low 153 0 0.659807 0.340193 
 ----> low 154 0 0.667252 0.332748 
 ----> low 155 1 0.626861 0.373139 
 ----> low 156 0 0.668874 0.331126 
 ----> low 157 1 0.64772 0.35228 
 ----> low 158 1 0.616087 0.383913 
 ----> low 159 1 0.645275 0.354725 
 ----> low 160 0 0.661861 0.338139 
 ----> low 161 0 0.63607 0.36393 
 ----> low 162 1 0.631861 0.368139 
 ----> low 163 1 0.626525 0.373475 
 ----> low 164 1 0.644504 0.355496 
 ----> low 165 1 0.647453 0.352547 
 ----> low 166 1 0.62239 0.37761 
 ----> low 167 0 0.682449 0.317551 
 ----> low 168 1 0.619959 0.380041 
 ----> low 169 0 0.652554 0.347446 
 ----> low 170 0 0.601958 0.398042 
 ----> low 171 1 0.597377 0.402623 
 ----> low 172 1 0.662295 0.337705 
 ----> low 173 1 0.616722 0.383278 
 ----> low 174 0 0.637516 0.362484 
 ----> low 175 1 0.640338 0.359662 
 ----> low 176 0 0.637137 0.362863 
 ----> low 177 0 0.673182 0.326818 
 ----> low 178 0 0.694136 0.305864 
 ----> low 179 1 0.56307 0.43693 
 ----> low 180 0 0.671377 0.328623 
 ----> low 181 0 0.648585 0.351415 
 ----> low 182 0 0.680121 0.319879 
 ----> low 183 1 0.591335 0.408665 
 ----> low 184 1 0.660036 0.339964 
 ----> low 185 1 0.611155 0.388845 
 ----> low 186 0 0.642076 0.357924 
 ----> low 187 1 0.620482 0.379518 
 ----> low 188 1 0.61594 0.38406 
 ----> low 189 0 0.654552 0.345448 
 ----> low 190 1 0.622795 0.377205 
 ----> low 191 0 0.651238 0.348762 
 ----> low 192 1 0.606386 0.393614 
 ----> low 193 1 0.617595 0.382405 
 ----> low 194 0 0.687259 0.312741 
 ----> low 195 0 0.661861 0.338139 
 ----> low 196 1 0.604475 0.395525 
 ----> low 197 1 0.565201 0.434799 
 ----> low 198 0 0.676425 0.323575 
 ----> low 199 0 0.63741 0.36259 
 ----> low 200 0 0.658545 0.341455 
 ----> low 201 0 0.668922 0.331078 
 ----> low 202 0 0.680861 0.319139 
 ----> low 203 0 0.639716 0.360284 
 ----> low 204 1 0.597876 0.402124 
 ----> low 205 0 0.636793 0.363207 
 ----> low 206 1 0.626056 0.373944 
 ----> low 207 1 0.65734 0.34266 
 ----> low 208 1 0.621588 0.378412 
 ----> low 209 0 0.632885 0.367115 
 ----> low 210 0 0.6682 0.3318 
 ----> low 211 1 0.645805 0.354195 
 ----> low 212 0 0.66175 0.33825 
 ----> low 213 1 0.519264 0.480736 
 ----> low 214 0 0.682305 0.317695 
 ----> low 215 0 0.705336 0.294664 
 ----> low 216 0 0.668597 0.331403 
 ----> low 217 0 0.672022 0.327978 
 ----> low 218 1 0.623126 0.376874 
 ----> low 219 0 0.669813 0.330187 
 ----> low 220 0 0.630338 0.369662 
 ----> low 221 1 0.598407 0.401593 
 ----> low 222 0 0.661991 0.338009 
 ----> low 223 1 0.642771 0.357229 
 ----> low 224 0 0.65073 0.34927 
 ----> low 225 0 0.663785 0.336215 
 ----> low 226 1 0.624612 0.375388 
 ----> low 227 0 0.644667 0.355333 
 ----> low 228 0 0.653077 0.346923 
 ----> low 229 1 0.606291 0.393709 
 ----> low 230 0 0.672455 0.327545 
 ----> low 231 0 0.709229 0.290771 
 ----> low 232 1 0.589773 0.410227 
 ----> low 233 0 0.614969 0.385031 
 ----> low 234 0 0.633656 0.366344 
 ----> low 235 0 0.663458 0.336542 
 ----> low 236 1 0.628792 0.371208 
 ----> low 237 0 0.664954 0.335046 
 ----> low 238 0 0.648503 0.351497 
 ----> low 239 0 0.678554 0.321446 
 ----> low 240 1 0.673373 0.326627 
 ----> low 241 0 0.702943 0.297057 
 ----> low 242 0 0.665897 0.334103 
 ----> low 243 1 0.655553 0.344447 
 ----> low 244 0 0.662535 0.337465 
 ----> low 245 1 0.639607 0.360393 
 ----> low 246 1 0.579588 0.420412 
 ----> low 247 0 0.679026 0.320974 
 ----> low 248 0 0.61842 0.38158 
 ----> low 249 1 0.632197 0.367803 
 ----> low 250 0 0.689906 0.310094 
 ----> low 251 0 0.64452 0.35548 
 ----> low 252 1 0.638168 0.361832 
 ----> low 253 0 0.672775 0.327225 
 ----> low 254 1 0.619252 0.380748 
 ----> low 255 1 0.608522 0.391478 
 ----> low 256 1 0.57895 0.42105 
 ----> low 257 1 0.588905 0.411095 
 ----> low 258 0 0.636491 0.363509 
 ----> low 259 0 0.674502 0.325498 
 ----> low 260 1 0.643508 0.356492 
 ----> low 261 1 0.633491 0.366509 
 ----> low 262 1 0.654561 0.345439 
 ----> low 263 0 0.65959 0.34041 
 ----> low 264 1 0.55378 0.44622 
 ----> low 265 0 0.659005 0.340995 
 ----> low 266 0 0.712017 0.287983 
 ----> low 267 0 0.684856 0.315144 
 ----> low 268 1 0.637825 0.362175 
 ----> low 269 0 0.677722 0.322278 
 ----> low 270 0 0.666788 0.333212 
 ----> low 271 1 0.636258 0.363742 
 ----> low 272 1 0.671178 0.328822 
 ----> low 273 0 0.685822 0.314178 
 ----> low 274 1 0.581096 0.418904 
 ----> low 275 0 0.690608 0.309392 
 ----> low 276 1 0.583135 0.416865 
 ----> low 277 0 0.678081 0.321919 
 ----> low 278 0 0.689931 0.310069 
 ----> low 279 1 0.641934 0.358066 
 ----> low 280 1 0.641291 0.358709 
 ----> low 281 0 0.691437 0.308563 
 ----> low 282 1 0.603242 0.396758 
 ----> low 283 1 0.633848 0.366152 
 ----> low 284 1 0.604493 0.395507 
 ----> low 285 0 0.699903 0.300097 
 ----> low 286 0 0.647975 0.352025 
 ----> low 287 0 0.662923 0.337077 
 ----> low 288 0 0.71698 0.28302 
 ----> low 289 1 0.67103 0.32897 
 ----> low 290 0 0.662619 0.337381 
 ----> low 291 1 0.622594 0.377406 
 ----> low 292 1 0.61283 0.38717 
 ----> low 293 0 0.709889 0.290111 
 ----> low 294 1 0.650573 0.349427 
 ----> low 295 0 0.634038 0.365962 
 ----> low 296 0 0.677062 0.322938 
 ----> low 297 0 0.743252 0.256748 
 ----> low 298 1 0.629468 0.370532 
 ----> low 299 0 0.666744 0.333256 
 ----> low 300 1 0.618774 0.381226 
 ----> low 301 0 0.648574 0.351426 
 ----> low 302 0 0.653687 0.346313 
 ----> low 303 0 0.611479 0.388521 
 ----> low 304 1 0.609041 0.390959 
 ----> low 305 0 0.670367 0.329633 
 ----> low 306 0 0.667767 0.332233 
 ----> low 307 0 0.664221 0.335779 
 ----> low 308 0 0.683808 0.316192 
 ----> low 309 1 0.629035 0.370965 
 ----> low 310 1 0.621559 0.378441 
 ----> low 311 0 0.732283 0.267717 
 ----> low 312 0 0.647232 0.352768 
 ----> low 313 0 0.695349 0.304651 
 ----> low 314 1 0.652485 0.347515 
 ----> low 315 0 0.654026 0.345974 
 ----> low 316 0 0.65983 0.34017 
 ----> low 317 0 0.673067 0.326933 
 ----> low 318 0 0.670399 0.329601 
 ----> low 319 0 0.666393 0.333607 
 ----> low 320 0 0.71647 0.28353 
 ----> low 321 1 0.651246 0.348754 
 ----> low 322 0 0.676116 0.323884 
 ----> low 323 1 0.676885 0.323115 
 ----> low 324 0 0.750446 0.249554 
 ----> low 325 0 0.706649 0.293351 
 ----> low 326 0 0.753882 0.246118 
 ----> low 327 1 0.613184 0.386816 
 ----> low 328 1 0.615086 0.384914 
 ----> low 329 0 0.700351 0.299649 
 ----> low 330 0 0.678504 0.321496 
 ----> low 331 0 0.704632 0.295368 
 ----> low 332 0 0.668269 0.331731 
 ----> low 333 1 0.640269 0.359731 
 ----> low 334 1 0.677613 0.322387 
 ----> low 335 1 0.652657 0.347343 
 ----> low 336 1 0.631526 0.368474 
 ----> low 337 1 0.621096 0.378904 
 ----> low 338 0 0.654243 0.345757 
 ----> low 339 0 0.663912 0.336088 
 ----> low 340 0 0.6704 0.3296 
 ----> low 341 0 0.69333 0.30667 
 ----> low 342 1 0.632739 0.367261 
 ----> low 343 1 0.598879 0.401121 
 ----> low 344 0 0.661808 0.338192 
 ----> low 345 0 0.651345 0.348655 
 ----> low 346 0 0.657205 0.342795 
 ----> low 347 0 0.662532 0.337468 
 ----> low 348 0 0.63918 0.36082 
 ----> low 349 0 0.668671 0.331329 
 ----> low 350 1 0.648971 0.351029 
 ----> low 351 1 0.662565 0.337435 
 ----> low 352 0 0.6647 0.3353 
 ----> low 353 0 0.653152 0.346848 
 ----> low 354 0 0.646604 0.353396 
 ----> low 355 0 0.658534 0.341466 
 ----> low 356 0 0.680044 0.319956 
 ----> low 357 1 0.608224 0.391776 
 ----> low 358 0 0.633663 0.366337 
 ----> low 359 0 0.651766 0.348234 
 ----> low 360 0 0.688259 0.311741 
 ----> low 361 0 0.684658 0.315342 
 ----> low 362 1 0.672755 0.327245 
 ----> low 363 1 0.657362 0.342638 
 ----> low 364 0 0.679193 0.320807 
 ----> low 365 0 0.691453 0.308547 
 ----> low 366 1 0.643322 0.356678 
 ----> low 367 1 0.633569 0.366431 
 ----> low 368 0 0.666571 0.333429 
 ----> low 369 0 0.66647 0.33353 
 ----> low 370 0 0.699937 0.300063 
 ----> low 371 1 0.650721 0.349279 
 ----> low 372 0 0.605093 0.394907 
 ----> low 373 0 0.639508 0.360492 
 ----> low 374 0 0.692773 0.307227 
 ----> low 375 0 0.602684 0.397316 
 ----> low 376 1 0.640709 0.359291 
 ----> low 377 0 0.685957 0.314043 
 ----> low 378 0 0.669997 0.330003 
 ----> low 379 1 0.66142 0.33858 
 ----> low 380 0 0.641812 0.358188 
 ----> low 381 1 0.650316 0.349684 
 ----> low 382 0 0.664317 0.335683 
 ----> low 383 0 0.662501 0.337499 
 ----> low 384 0 0.661336 0.338664 
 ----> low 385 0 0.682229 0.317771 
 ----> low 386 1 0.648728 0.351272 
 ----> low 387 0 0.625955 0.374045 
 ----> low 388 1 0.636773 0.363227 
 ----> low 389 1 0.644202 0.355798 
 ----> low 390 0 0.665419 0.334581 
 ----> low 391 0 0.654384 0.345616 
 ----> low 392 0 0.66834 0.33166 
 ----> low 393 0 0.660619 0.339381 
 ----> low 394 1 0.603642 0.396358 
 ----> low 395 0 0.692699 0.307301 
 ----> low 396 0 0.673239 0.326761 
 ----> low 397 0 0.640399 0.359601 
 ----> low 398 1 0.649894 0.350106 
 ----> low 399 1 0.638267 0.361733 
 ----> low 400 1 0.579696 0.420304 
 ----> low 401 1 0.65205 0.34795 
 ----> low 402 0 0.679243 0.320757 
 ----> low 403 0 0.721215 0.278785 
 ----> low 404 0 0.674942 0.325058 
 ----> low 405 0 0.667511 0.332489 
 ----> low 406 1 0.639687 0.360313 
 ----> low 407 1 0.617806 0.382194 
 ----> low 408 0 0.726346 0.273654 
 ----> low 409 0 0.718914 0.281086 
 ----> low 410 0 0.723221 0.276779 
 ----> low 411 0 0.657738 0.342262 
 ----> low 412 0 0.663673 0.336327 
 ----> low 413 0 0.679563 0.320437 
 ----> low 414 0 0.660893 0.339107 
 ----> low 415 1 0.658341 0.341659 
 ----> low 416 0 0.668352 0.331648 
 ----> low 417 0 0.719394 0.280606 
 ----> low 418 0 0.693518 0.306482 
 ----> low 419 1 0.614197 0.385803 
 ----> low 420 0 0.706163 0.293837 
 ----> low 421 0 0.698514 0.301486 
 ----> low 422 0 0.686105 0.313895 
 ----> low 423 1 0.670806 0.329194 
 ----> low 424 0 0.678509 0.321491 
 ----> low 425 0 0.739242 0.260758 
 ----> low 426 0 0.672733 0.327267 
 ----> low 427 0 0.663036 0.336964 
 ----> low 428 0 0.643909 0.356091 
 ----> low 429 0 0.702105 0.297895 
 ----> low 430 0 0.711641 0.288359 
 ----> low 431 0 0.735005 0.264995 
 ----> low 432 0 0.714511 0.285489 
 ----> low 433 0 0.679398 0.320602 
 ----> low 434 1 0.660498 0.339502 
 ----> low 435 1 0.652009 0.347991 
 ----> low 436 1 0.66432 0.33568 
 ----> low 437 0 0.658474 0.341526 
 ----> low 438 0 0.674794 0.325206 
 ----> low 439 0 0.684052 0.315948 
 ----> low 440 0 0.698726 0.301274 
 ----> low 441 0 0.702803 0.297197 
 ----> low 442 0 0.675345 0.324655 
 ----> low 443 0 0.713397 0.286603 
 ----> low 444 0 0.668359 0.331641 
 ----> low 445 1 0.695239 0.304761 
 ----> low 446 0 0.6694 0.3306 
 ----> low 447 0 0.712364 0.287636 
 ----> low 448 0 0.61887 0.38113 
 ----> low 449 0 0.614352 0.385648 
 ----> low 450 0 0.683049 0.316951 
 ----> low 451 0 0.657381 0.342619 
 ----> low 452 0 0.668796 0.331204 
 ----> low 453 1 0.646691 0.353309 
 ----> low 454 0 0.671327 0.328673 
 ----> low 455 1 0.665331 0.334669 
 ----> low 456 0 0.674043 0.325957 
 ----> low 457 0 0.648446 0.351554 
 ----> low 458 0 0.713223 0.286777 
 ----> low 459 1 0.661637 0.338363 
 ----> low 460 0 0.682943 0.317057 
 ----> low 461 0 0.694676 0.305324 
 ----> low 462 1 0.627933 0.372067 
 ----> low 463 0 0.686865 0.313135 
 ----> low 464 0 0.662572 0.337428 
 ----> low 465 0 0.686127 0.313873 
 ----> low 466 0 0.697247 0.302753 
 ----> low 467 1 0.667389 0.332611 
 ----> low 468 1 0.643185 0.356815 
 ----> low 469 0 0.657422 0.342578 
 ----> low 470 1 0.650219 0.349781 
 ----> low 471 1 0.699186 0.300814 
 ----> low 472 0 0.690242 0.309758 
 ----> low 473 0 0.639238 0.360762 
 ----> low 474 1 0.596474 0.403526 
 ----> low 475 0 0.675533 0.324467 
 ----> low 476 0 0.626962 0.373038 
 ----> low 477 0 0.698858 0.301142 
 ----> low 478 0 0.634821 0.365179 
 ----> low 479 0 0.695036 0.304964 
 ----> low 480 0 0.679616 0.320384 
 ----> low 481 0 0.664459 0.335541 
 ----> low 482 0 0.672628 0.327372 
 ----> low 483 1 0.65289 0.34711 
 ----> low 484 0 0.659731 0.340269 
 ----> low 485 0 0.721204 0.278796 
 ----> low 486 0 0.665748 0.334252 
 ----> low 487 0 0.634403 0.365597 
 ----> low 488 0 0.629252 0.370748 
 ----> low 489 1 0.671297 0.328703 
 ----> low 490 1 0.691337 0.308663 
 ----> low 491 0 0.69183 0.30817 
 ----> low 492 1 0.601156 0.398844 
 ----> low 493 0 0.685493 0.314507 
 ----> low 494 0 0.681702 0.318298 
 ----> low 495 1 0.644371 0.355629 
 ----> low 496 1 0.680124 0.319876 
 ----> low 497 0 0.652468 0.347532 
 ----> low 498 0 0.674925 0.325075 
 ----> low 499 0 0.658383 0.341617 
 ----> low 500 0 0.695363 0.304637 
 ----> low 501 1 0.678014 0.321986 
 ----> low 502 0 0.649994 0.350006 
 ----> low 503 1 0.614708 0.385292 
 ----> low 504 0 0.656511 0.343489 
 ----> low 505 0 0.668977 0.331023 
 ----> low 506 0 0.648405 0.351595 
 ----> low 507 0 0.660097 0.339903 
 ----> low 508 0 0.661704 0.338296 
 ----> low 509 1 0.655961 0.344039 
 ----> low 510 1 0.649471 0.350529 
 ----> low 511 0 0.698326 0.301674 
 ----> low 512 0 0.693051 0.306949 
 ----> low 513 1 0.685177 0.314823 
 ----> low 514 0 0.662218 0.337782 
 ----> low 515 1 0.629431 0.370569 
 ----> low 516 0 0.66527 0.33473 
 ----> low 517 0 0.677002 0.322998 
 ----> low 518 0 0.677155 0.322845 
 ----> low 519 0 0.706445 0.293555 
 ----> low 520 1 0.58162 0.41838 
 ----> low 521 1 0.648545 0.351455 
 ----> low 522 1 0.609069 0.390931 
 ----> low 523 1 0.612071 0.387929 
 ----> low 524 1 0.601059 0.398941 
 ----> low 525 0 0.686465 0.313535 
 ----> low 526 0 0.669004 0.330996 
 ----> low 527 0 0.623533 0.376467 
 ----> low 528 0 0.671379 0.328621 
 ----> low 529 0 0.654709 0.345291 
 ----> low 530 1 0.667046 0.332954 
 ----> low 531 0 0.65729 0.34271 
 ----> low 532 0 0.682955 0.317045 
 ----> low 533 0 0.635012 0.364988 
 ----> low 534 0 0.648724 0.351276 
 ----> low 535 0 0.672412 0.327588 
 ----> low 536 0 0.694273 0.305727 
 ----> low 537 0 0.691676 0.308324 
 ----> low 538 0 0.620028 0.379972 
 ----> low 539 0 0.69883 0.30117 
 ----> low 540 0 0.680534 0.319466 
 ----> low 541 1 0.598618 0.401382 
 ----> low 542 0 0.688028 0.311972 
 ----> low 543 1 0.628487 0.371513 
 ----> low 544 0 0.651553 0.348447 
 ----> low 545 0 0.629257 0.370743 
 ----> low 546 1 0.599865 0.400135 
 ----> low 547 0 0.683535 0.316465 
 ----> low 548 1 0.586971 0.413029 
 ----> low 549 1 0.627722 0.372278 
 ----> low 550 0 0.670275 0.329725 
 ----> low 551 0 0.672149 0.327851 
 ----> low 552 0 0.651682 0.348318 
 ----> low 553 1 0.612076 0.387924 
 ----> low 554 0 0.644373 0.355627 
 ----> low 555 1 0.635205 0.364795 
 ----> low 556 1 0.644981 0.355019 
 ----> low 557 0 0.666593 0.333407 
 ----> low 558 1 0.611261 0.388739 
 ----> low 559 0 0.647369 0.352631 
 ----> low 560 0 0.627903 0.372097 
 ----> low 561 0 0.698916 0.301084 
 ----> low 562 0 0.66038 0.33962 
 ----> low 563 0 0.684167 0.315833 
 ----> low 564 1 0.673958 0.326042 
 ----> low 565 0 0.636794 0.363206 
 ----> low 566 1 0.674757 0.325243 
 ----> low 567 0 0.644315 0.355685 
 ----> low 568 0 0.675925 0.324075 
 ----> low 569 1 0.645405 0.354595 
 ----> low 570 0 0.677198 0.322802 
 ----> low 571 0 0.671727 0.328273 
 ----> low 572 1 0.647828 0.352172 
 ----> low 573 0 0.705409 0.294591 
 ----> low 574 0 0.66559 0.33441 
 ----> low 575 0 0.687237 0.312763 
 ----> low 576 1 0.657975 0.342025 
 ----> low 577 0 0.713876 0.286124 
 ----> low 578 1 0.637814 0.362186 
 ----> low 579 0 0.687065 0.312935 
 ----> low 580 0 0.665412 0.334588 
 ----> low 581 1 0.59551 0.40449 
 ----> low 582 0 0.695754 0.304246 
 ----> low 583 0 0.692295 0.307705 
 ----> low 584 1 0.547275 0.452725 
 ----> low 585 0 0.650284 0.349716 
 ----> low 586 0 0.706193 0.293807 
 ----> low 587 0 0.633323 0.366677 
 ----> low 588 0 0.637064 0.362936 
 ----> low 589 1 0.629364 0.370636 
 ----> low 590 1 0.580448 0.419552 
 ----> low 591 0 0.650238 0.349762 
 ----> low 592 1 0.619741 0.380259 
 ----> low 593 0 0.655279 0.344721 
 ----> low 594 0 0.623586 0.376414 
 ----> low 595 0 0.651999 0.348001 
 ----> low 596 0 0.681422 0.318578 
 ----> low 597 1 0.590267 0.409733 
 ----> low 598 0 0.68054 0.31946 
 ----> low 599 0 0.669699 0.330301 
 ----> low 600 0 0.698451 0.301549 
 ----> low 601 0 0.677085 0.322915 
 ----> low 602 1 0.62371 0.37629 
 ----> low 603 1 0.680012 0.319988 
 ----> low 604 0 0.619147 0.380853 
 ----> low 605 0 0.659779 0.340221 
 ----> low 606 0 0.62754 0.37246 
 ----> low 607 0 0.666536 0.333464 
 ----> low 608 1 0.63759 0.36241 
 ----> low 609 0 0.691706 0.308294 
 ----> low 610 0 0.664921 0.335079 
 ----> low 611 0 0.704783 0.295217 
 ----> low 612 0 0.686595 0.313405 
 ----> low 613 0 0.713174 0.286826 
 ----> low 614 0 0.65345 0.34655 
 ----> low 615 0 0.705995 0.294005 
 ----> low 616 0 0.689777 0.310223 
 ----> low 617 0 0.666843 0.333157 
 ----> low 618 0 0.657985 0.342015 
 ----> low 619 1 0.658476 0.341524 
 ----> low 620 1 0.672359 0.327641 
 ----> low 621 0 0.665079 0.334921 
 ----> low 622 0 0.669915 0.330085 
 ----> low 623 0 0.735304 0.264696 
 ----> low 624 0 0.700704 0.299296 
 ----> low 625 0 0.698507 0.301493 
 ----> low 626 0 0.668628 0.331372 
 ----> low 627 0 0.688368 0.311632 
 ----> low 628 0 0.695548 0.304452 
 ----> low 629 1 0.669434 0.330566 
 ----> low 630 0 0.658849 0.341151 
 ----> low 631 0 0.635069 0.364931 
 ----> low 632 1 0.627158 0.372842 
 ----> low 633 0 0.6649 0.3351 
 ----> low 634 0 0.678287 0.321713 
 ----> low 635 1 0.610734 0.389266 
 ----> low 636 0 0.693769 0.306231 
 ----> low 637 0 0.65182 0.34818 
 ----> low 638 0 0.707488 0.292512 
 ----> low 639 1 0.618474 0.381526 
 ----> low 640 1 0.603181 0.396819 
 ----> low 641 0 0.652835 0.347165 
 ----> low 642 0 0.69133 0.30867 
 ----> low 643 0 0.716387 0.283613 
 ----> low 644 0 0.678782 0.321218 
 ----> low 645 0 0.726663 0.273337 
 ----> low 646 0 0.703591 0.296409 
 ----> low 647 0 0.751765 0.248235 
 ----> low 648 0 0.689637 0.310363 
 ----> low 649 0 0.645409 0.354591 
 ----> low 650 0 0.618154 0.381846 
 ----> low 651 1 0.626168 0.373832 
 ----> low 652 0 0.667508 0.332492 
 ----> low 653 0 0.66078 0.33922 
 ----> low 654 1 0.652018 0.347982 
 ----> low 655 0 0.723962 0.276038 
 ----> low 656 0 0.678994 0.321006 
 ----> low 657 0 0.749291 0.250709 
 ----> low 658 0 0.646693 0.353307 
 ----> low 659 0 0.715702 0.284298 
 ----> low 660 0 0.710481 0.289519 
 ----> low 661 0 0.663859 0.336141 
 ----> low 662 0 0.687904 0.312096 
 ----> low 663 0 0.674038 0.325962 
 ----> low 664 0 0.707519 0.292481 
 ----> low 665 0 0.624224 0.375776 
 ----> low 666 1 0.66054 0.33946 
 ----> low 667 0 0.668256 0.331744 
 ----> low 668 0 0.65711 0.34289 
 ----> low 669 0 0.650418 0.349582 
 ----> low 670 0 0.693408 0.306592 
 ----> low 671 0 0.637854 0.362146 
 ----> low 672 0 0.674095 0.325905 
 ----> low 673 0 0.647604 0.352396 
 ----> low 674 0 0.663234 0.336766 
 ----> low 675 1 0.684547 0.315453 
 ----> low 676 1 0.642449 0.357551 
 ----> low 677 1 0.637501 0.362499 
 ----> low 678 1 0.590143 0.409857 
 ----> low 679 0 0.662917 0.337083 
 ----> low 680 0 0.642347 0.357653 
 ----> low 681 0 0.657903 0.342097 
 ----> low 682 0 0.648427 0.351573 
 ----> low 683 0 0.685232 0.314768 
 ----> low 684 1 0.65524 0.34476 
 ----> low 685 0 0.645044 0.354956 
 ----> low 686 0 0.678284 0.321716 
 ----> low 687 0 0.649571 0.350429 
 ----> low 688 0 0.661191 0.338809 
 ----> low 689 0 0.6606 0.3394 
 ----> low 690 0 0.691896 0.308104 
 ----> low 691 0 0.693884 0.306116 
 ----> low 692 0 0.679786 0.320214 
 ----> low 693 0 0.650489 0.349511 
 ----> low 694 0 0.722811 0.277189 
 ----> low 695 0 0.628694 0.371306 
 ----> low 696 0 0.659162 0.340838 
 ----> low 697 0 0.650113 0.349887 
 ----> low 698 0 0.688735 0.311265 
 ----> low 699 0 0.710057 0.289943 
 ----> low 700 0 0.728352 0.271648 
 ----> low 701 0 0.691449 0.308551 
 ----> low 702 0 0.696236 0.303764 
 ----> low 703 0 0.703315 0.296685 
 ----> low 704 0 0.709428 0.290572 
 ----> low 705 1 0.66661 0.33339 
 ----> low 706 0 0.69366 0.30634 
 ----> low 707 0 0.668023 0.331977 
 ----> low 708 0 0.726145 0.273855 
 ----> low 709 0 0.658219 0.341781 
 ----> low 710 0 0.722304 0.277696 
 ----> low 711 0 0.656209 0.343791 
 ----> low 712 0 0.704096 0.295904 
 ----> low 713 1 0.633894 0.366106 
 ----> low 714 1 0.641445 0.358555 
 ----> low 715 1 0.65887 0.34113 
 ----> low 716 1 0.676831 0.323169 
 ----> low 717 0 0.669958 0.330042 
 ----> low 718 0 0.600821 0.399179 
