 ----> low 1 0 0.787126 0.212874 
 ----> low 2 1 0.433812 0.566188 
 ----> low 3 1 0.848871 0.151129 
 ----> low 4 1 0.509232 0.490768 
 ----> low 5 1 0.412874 0.587126 
 ----> low 6 1 0.358037 0.641963 
 ----> low 7 1 0.415683 0.584317 
 ----> low 8 0 0.801435 0.198565 
 ----> low 9 0 0.77722 0.22278 
 ----> low 10 0 0.752679 0.247321 
 ----> low 11 1 0.378305 0.621695 
 ----> low 12 1 0.377326 0.622674 
 ----> low 13 0 0.777166 0.222834 
 ----> low 14 1 0.713206 0.286794 
 ----> low 15 1 0.389388 0.610612 
 ----> low 16 1 0.449325 0.550675 
 ----> low 17 1 0.431608 0.568392 
 ----> low 18 0 0.396029 0.603971 
 ----> low 19 0 0.777112 0.222888 
 ----> low 20 0 0.752597 0.247403 
 ----> low 21 1 0.753585 0.246415 
 ----> low 22 0 0.418615 0.581385 
 ----> low 23 0 0.771615 0.228385 
 ----> low 24 0 0.745169 0.254831 
 ----> low 25 0 0.722095 0.277905 
 ----> low 26 1 0.668135 0.331865 
 ----> low 27 1 0.39628 0.60372 
 ----> low 28 1 0.387079 0.612921 
 ----> low 29 1 0.465171 0.534829 
 ----> low 30 1 0.548767 0.451233 
 ----> low 31 0 0.75906 0.24094 
 ----> low 32 0 0.734999 0.265001 
 ----> low 33 0 0.734953 0.265047 
 ----> low 34 1 0.70222 0.29778 
 ----> low 35 1 0.454691 0.545309 
 ----> low 36 0 0.482651 0.517349 
 ----> low 37 0 0.723482 0.276518 
 ----> low 38 0 0.641863 0.358137 
 ----> low 39 0 0.479444 0.520556 
 ----> low 40 1 0.713833 0.286167 
 ----> low 41 1 0.476446 0.523554 
 ----> low 42 1 0.508232 0.491768 
 ----> low 43 0 0.475144 0.524856 
 ----> low 44 0 0.75167 0.24833 
 ----> low 45 1 0.564336 0.435664 
 ----> low 46 1 0.486612 0.513388 
 ----> low 47 0 0.738869 0.261131 
 ----> low 48 0 0.558803 0.441197 
 ----> low 49 1 0.481356 0.518644 
 ----> low 50 1 0.509021 0.490979 
 ----> low 51 0 0.513084 0.486916 
 ----> low 52 1 0.716298 0.283702 
 ----> low 53 0 0.580723 0.419277 
 ----> low 54 0 0.707092 0.292908 
 ----> low 55 0 0.715012 0.284988 
 ----> low 56 0 0.735024 0.264976 
 ----> low 57 1 0.496288 0.503712 
 ----> low 58 1 0.474907 0.525093 
 ----> low 59 0 0.702095 0.297905 
 ----> low 60 1 0.567088 0.432912 
 ----> low 61 0 0.693068 0.306932 
 ----> low 62 0 0.73365 0.26635 
 ----> low 63 1 0.719571 0.280429 
 ----> low 64 1 0.506652 0.493348 
 ----> low 65 0 0.52732 0.47268 
 ----> low 66 0 0.714305 0.285695 
 ----> low 67 0 0.730881 0.269119 
 ----> low 68 1 0.520191 0.479809 
 ----> low 69 0 0.521534 0.478466 
 ----> low 70 0 0.719217 0.280783 
 ----> low 71 1 0.583178 0.416822 
 ----> low 72 0 0.531387 0.468613 
 ----> low 73 0 0.544464 0.455536 
 ----> low 74 1 0.674183 0.325817 
 ----> low 75 0 0.733407 0.266593 
 ----> low 76 0 0.719322 0.280678 
 ----> low 77 1 0.530779 0.469221 
 ----> low 78 1 0.703575 0.296425 
 ----> low 79 0 0.590687 0.409313 
 ----> low 80 1 0.727378 0.272622 
 ----> low 81 1 0.593542 0.406458 
 ----> low 82 1 0.500793 0.499207 
 ----> low 83 1 0.509624 0.490376 
 ----> low 84 1 0.518874 0.481126 
 ----> low 85 0 0.536082 0.463918 
 ----> low 86 1 0.704398 0.295602 
 ----> low 87 0 0.739774 0.260226 
 ----> low 88 1 0.518002 0.481998 
 ----> low 89 1 0.49087 0.50913 
 ----> low 90 1 0.535903 0.464097 
 ----> low 91 1 0.501457 0.498543 
 ----> low 92 0 0.519734 0.480266 
 ----> low 93 0 0.751774 0.248226 
 ----> low 94 1 0.710895 0.289105 
 ----> low 95 1 0.505806 0.494194 
 ----> low 96 0 0.70079 0.29921 
 ----> low 97 0 0.696618 0.303382 
 ----> low 98 1 0.471697 0.528303 
 ----> low 99 1 0.480436 0.519564 
 ----> low 100 0 0.534662 0.465338 
 ----> low 101 0 0.713671 0.286329 
 ----> low 102 1 0.536876 0.463124 
 ----> low 103 0 0.738571 0.261429 
 ----> low 104 0 0.689335 0.310665 
 ----> low 105 1 0.713642 0.286358 
 ----> low 106 0 0.525994 0.474006 
 ----> low 107 0 0.727603 0.272397 
 ----> low 108 0 0.694776 0.305224 
 ----> low 109 0 0.694853 0.305147 
 ----> low 110 1 0.691133 0.308867 
 ----> low 111 0 0.525302 0.474698 
 ----> low 112 0 0.75939 0.24061 
 ----> low 113 0 0.655062 0.344938 
 ----> low 114 1 0.476456 0.523544 
 ----> low 115 0 0.702102 0.297898 
 ----> low 116 0 0.721095 0.278905 
 ----> low 117 0 0.660628 0.339372 
 ----> low 118 1 0.514811 0.485189 
 ----> low 119 1 0.522612 0.477388 
 ----> low 120 0 0.52087 0.47913 
 ----> low 121 0 0.727498 0.272502 
 ----> low 122 1 0.683796 0.316204 
 ----> low 123 1 0.49991 0.50009 
 ----> low 124 1 0.538709 0.461291 
 ----> low 125 1 0.701557 0.298443 
 ----> low 126 0 0.589939 0.410061 
 ----> low 127 0 0.761118 0.238882 
 ----> low 128 0 0.679962 0.320038 
 ----> low 129 0 0.756013 0.243987 
 ----> low 130 1 0.494499 0.505501 
 ----> low 131 0 0.755 0.245 
 ----> low 132 0 0.733828 0.266172 
 ----> low 133 1 0.658951 0.341049 
 ----> low 134 1 0.518409 0.481591 
 ----> low 135 0 0.555166 0.444834 
 ----> low 136 1 0.528749 0.471251 
 ----> low 137 1 0.687082 0.312918 
 ----> low 138 1 0.568292 0.431708 
 ----> low 139 0 0.69371 0.30629 
 ----> low 140 0 0.703924 0.296076 
 ----> low 141 1 0.554121 0.445879 
 ----> low 142 0 0.702063 0.297937 
 ----> low 143 0 0.591237 0.408763 
 ----> low 144 0 0.766403 0.233597 
 ----> low 145 0 0.614251 0.385749 
 ----> low 146 0 0.711647 0.288353 
 ----> low 147 0 0.716711 0.283289 
 ----> low 148 0 0.690225 0.309775 
 ----> low 149 0 0.686711 0.313289 
 ----> low 150 1 0.495767 0.504233 
 ----> low 151 1 0.472019 0.527981 
 ----> low 152 0 0.505757 0.494243 
 ----> low 153 0 0.628511 0.371489 
 ----> low 154 0 0.745995 0.254005 
 ----> low 155 1 0.675752 0.324248 
 ----> low 156 0 0.537098 0.462902 
 ----> low 157 1 0.509067 0.490933 
 ----> low 158 1 0.515056 0.484944 
 ----> low 159 1 0.729448 0.270552 
 ----> low 160 0 0.593783 0.406217 
 ----> low 161 0 0.73229 0.26771 
 ----> low 162 1 0.685711 0.314289 
 ----> low 163 1 0.504564 0.495436 
 ----> low 164 1 0.540711 0.459289 
 ----> low 165 1 0.520128 0.479872 
 ----> low 166 1 0.44254 0.55746 
 ----> low 167 0 0.774012 0.225988 
 ----> low 168 1 0.552787 0.447213 
 ----> low 169 0 0.76056 0.23944 
 ----> low 170 0 0.729529 0.270471 
 ----> low 171 1 0.476982 0.523018 
 ----> low 172 1 0.51552 0.48448 
 ----> low 173 1 0.693845 0.306155 
 ----> low 174 0 0.610381 0.389619 
 ----> low 175 1 0.710517 0.289483 
 ----> low 176 0 0.616473 0.383527 
 ----> low 177 0 0.748411 0.251589 
 ----> low 178 0 0.722448 0.277552 
 ----> low 179 1 0.519617 0.480383 
 ----> low 180 0 0.701209 0.298791 
 ----> low 181 0 0.720288 0.279712 
 ----> low 182 0 0.714475 0.285525 
 ----> low 183 1 0.667719 0.332281 
 ----> low 184 1 0.487326 0.512674 
 ----> low 185 1 0.532036 0.467964 
 ----> low 186 0 0.734251 0.265749 
 ----> low 187 1 0.614657 0.385343 
 ----> low 188 1 0.472634 0.527366 
 ----> low 189 0 0.696127 0.303873 
 ----> low 190 1 0.475867 0.524133 
 ----> low 191 0 0.810837 0.189163 
 ----> low 192 1 0.651144 0.348856 
 ----> low 193 1 0.419128 0.580872 
 ----> low 194 0 0.741375 0.258625 
 ----> low 195 0 0.716733 0.283267 
 ----> low 196 1 0.695983 0.304017 
 ----> low 197 1 0.504925 0.495075 
 ----> low 198 0 0.737491 0.262509 
 ----> low 199 0 0.718476 0.281524 
 ----> low 200 0 0.707458 0.292542 
 ----> low 201 0 0.718002 0.281998 
 ----> low 202 0 0.688816 0.311184 
 ----> low 203 0 0.710545 0.289455 
 ----> low 204 1 0.539729 0.460271 
 ----> low 205 0 0.726462 0.273538 
 ----> low 206 1 0.700805 0.299195 
 ----> low 207 1 0.542628 0.457372 
 ----> low 208 1 0.541963 0.458037 
 ----> low 209 0 0.762195 0.237805 
 ----> low 210 0 0.743308 0.256692 
 ----> low 211 1 0.721771 0.278229 
 ----> low 212 0 0.698767 0.301233 
 ----> low 213 1 0.646525 0.353475 
 ----> low 214 0 0.563134 0.436866 
 ----> low 215 0 0.792005 0.207995 
 ----> low 216 0 0.671705 0.328295 
 ----> low 217 0 0.784406 0.215594 
 ----> low 218 1 0.576129 0.423871 
 ----> low 219 0 0.721901 0.278099 
 ----> low 220 0 0.700566 0.299434 
 ----> low 221 1 0.572665 0.427335 
 ----> low 222 0 0.702576 0.297424 
 ----> low 223 1 0.420423 0.579577 
 ----> low 224 0 0.515963 0.484037 
 ----> low 225 0 0.718645 0.281355 
 ----> low 226 1 0.56829 0.43171 
 ----> low 227 0 0.549762 0.450238 
 ----> low 228 0 0.710577 0.289423 
 ----> low 229 1 0.667476 0.332524 
 ----> low 230 0 0.772594 0.227406 
 ----> low 231 0 0.75472 0.24528 
 ----> low 232 1 0.673121 0.326879 
 ----> low 233 0 0.593782 0.406218 
 ----> low 234 0 0.794512 0.205488 
 ----> low 235 0 0.703625 0.296375 
 ----> low 236 1 0.661356 0.338644 
 ----> low 237 0 0.717876 0.282124 
 ----> low 238 0 0.70356 0.29644 
 ----> low 239 0 0.700791 0.299209 
 ----> low 240 1 0.716724 0.283276 
 ----> low 241 0 0.558013 0.441987 
 ----> low 242 0 0.713706 0.286294 
 ----> low 243 1 0.573748 0.426252 
 ----> low 244 0 0.737143 0.262857 
 ----> low 245 1 0.625 0.375 
 ----> low 246 1 0.494278 0.505722 
 ----> low 247 0 0.734619 0.265381 
 ----> low 248 0 0.741469 0.258531 
 ----> low 249 1 0.491227 0.508773 
 ----> low 250 0 0.545353 0.454647 
 ----> low 251 0 0.693308 0.306692 
 ----> low 252 1 0.731628 0.268372 
 ----> low 253 0 0.692468 0.307532 
 ----> low 254 1 0.505583 0.494417 
 ----> low 255 1 0.720618 0.279382 
 ----> low 256 1 0.557589 0.442411 
 ----> low 257 1 0.711891 0.288109 
 ----> low 258 0 0.714796 0.285204 
 ----> low 259 0 0.738871 0.261129 
 ----> low 260 1 0.66831 0.33169 
 ----> low 261 1 0.495802 0.504198 
 ----> low 262 1 0.54026 0.45974 
 ----> low 263 0 0.701899 0.298101 
 ----> low 264 1 0.509017 0.490983 
 ----> low 265 0 0.674745 0.325255 
 ----> low 266 0 0.631415 0.368585 
 ----> low 267 0 0.721763 0.278237 
 ----> low 268 1 0.652071 0.347929 
 ----> low 269 0 0.795546 0.204454 
 ----> low 270 0 0.797423 0.202577 
 ----> low 271 1 0.658292 0.341708 
 ----> low 272 1 0.603997 0.396003 
 ----> low 273 0 0.71254 0.28746 
 ----> low 274 1 0.639481 0.360519 
 ----> low 275 0 0.775419 0.224581 
 ----> low 276 1 0.471675 0.528325 
 ----> low 277 0 0.777395 0.222605 
 ----> low 278 0 0.734371 0.265629 
 ----> low 279 1 0.604462 0.395538 
 ----> low 280 1 0.448296 0.551704 
 ----> low 281 0 0.750505 0.249495 
 ----> low 282 1 0.668167 0.331833 
 ----> low 283 1 0.434795 0.565205 
 ----> low 284 1 0.533949 0.466051 
 ----> low 285 0 0.535383 0.464617 
 ----> low 286 0 0.725043 0.274957 
 ----> low 287 0 0.762279 0.237721 
 ----> low 288 0 0.732668 0.267332 
 ----> low 289 1 0.636067 0.363933 
 ----> low 290 0 0.672518 0.327482 
 ----> low 291 1 0.676334 0.323666 
 ----> low 292 1 0.493949 0.506051 
 ----> low 293 0 0.760101 0.239899 
 ----> low 294 1 0.551495 0.448505 
 ----> low 295 0 0.499171 0.500829 
 ----> low 296 0 0.719053 0.280947 
 ----> low 297 0 0.71302 0.28698 
 ----> low 298 1 0.668824 0.331176 
 ----> low 299 0 0.53098 0.46902 
 ----> low 300 1 0.692823 0.307177 
 ----> low 301 0 0.714229 0.285771 
 ----> low 302 0 0.686411 0.313589 
 ----> low 303 0 0.724807 0.275193 
 ----> low 304 1 0.614196 0.385804 
 ----> low 305 0 0.738138 0.261862 
 ----> low 306 0 0.644424 0.355576 
 ----> low 307 0 0.728657 0.271343 
 ----> low 308 0 0.777357 0.222643 
 ----> low 309 1 0.711535 0.288465 
 ----> low 310 1 0.43004 0.56996 
 ----> low 311 0 0.718189 0.281811 
 ----> low 312 0 0.741412 0.258588 
 ----> low 313 0 0.720581 0.279419 
 ----> low 314 1 0.484517 0.515483 
 ----> low 315 0 0.725989 0.274011 
 ----> low 316 0 0.740659 0.259341 
 ----> low 317 0 0.728496 0.271504 
 ----> low 318 0 0.68491 0.31509 
 ----> low 319 0 0.661738 0.338262 
 ----> low 320 0 0.725361 0.274639 
 ----> low 321 1 0.595455 0.404545 
 ----> low 322 0 0.578822 0.421178 
 ----> low 323 1 0.582532 0.417468 
 ----> low 324 0 0.729234 0.270766 
 ----> low 325 0 0.729302 0.270698 
 ----> low 326 0 0.731292 0.268708 
 ----> low 327 1 0.5422 0.4578 
 ----> low 328 1 0.489379 0.510621 
 ----> low 329 0 0.709149 0.290851 
 ----> low 330 0 0.742341 0.257659 
 ----> low 331 0 0.689958 0.310042 
 ----> low 332 0 0.716181 0.283819 
 ----> low 333 1 0.694375 0.305625 
 ----> low 334 1 0.569779 0.430221 
 ----> low 335 1 0.392194 0.607806 
 ----> low 336 1 0.649839 0.350161 
 ----> low 337 1 0.482929 0.517071 
 ----> low 338 0 0.714221 0.285779 
 ----> low 339 0 0.600326 0.399674 
 ----> low 340 0 0.728348 0.271652 
 ----> low 341 0 0.737172 0.262828 
 ----> low 342 1 0.507591 0.492409 
 ----> low 343 1 0.537234 0.462766 
 ----> low 344 0 0.737739 0.262261 
 ----> low 345 0 0.740453 0.259547 
 ----> low 346 0 0.705866 0.294134 
 ----> low 347 0 0.744481 0.255519 
 ----> low 348 0 0.516562 0.483438 
 ----> low 349 0 0.768493 0.231507 
 ----> low 350 1 0.647214 0.352786 
 ----> low 351 1 0.439635 0.560365 
 ----> low 352 0 0.75087 0.24913 
 ----> low 353 0 0.69232 0.30768 
 ----> low 354 0 0.717871 0.282129 
 ----> low 355 0 0.717561 0.282439 
 ----> low 356 0 0.638199 0.361801 
 ----> low 357 1 0.693721 0.306279 
 ----> low 358 0 0.53082 0.46918 
 ----> low 359 0 0.762351 0.237649 
 ----> low 360 0 0.74788 0.25212 
 ----> low 361 0 0.681774 0.318226 
 ----> low 362 1 0.509007 0.490993 
 ----> low 363 1 0.67009 0.32991 
 ----> low 364 0 0.686075 0.313925 
 ----> low 365 0 0.752465 0.247535 
 ----> low 366 1 0.600305 0.399695 
 ----> low 367 1 0.602548 0.397452 
 ----> low 368 0 0.769298 0.230702 
 ----> low 369 0 0.743228 0.256772 
 ----> low 370 0 0.722338 0.277662 
 ----> low 371 1 0.536107 0.463893 
 ----> low 372 0 0.712091 0.287909 
 ----> low 373 0 0.72234 0.27766 
 ----> low 374 0 0.738128 0.261872 
 ----> low 375 0 0.727829 0.272171 
 ----> low 376 1 0.474013 0.525987 
 ----> low 377 0 0.777846 0.222154 
 ----> low 378 0 0.701824 0.298176 
 ----> low 379 1 0.452478 0.547522 
 ----> low 380 0 0.739426 0.260574 
 ----> low 381 1 0.703248 0.296752 
 ----> low 382 0 0.722996 0.277004 
 ----> low 383 0 0.705323 0.294677 
 ----> low 384 0 0.677972 0.322028 
 ----> low 385 0 0.690919 0.309081 
 ----> low 386 1 0.514358 0.485642 
 ----> low 387 0 0.796913 0.203087 
 ----> low 388 1 0.578014 0.421986 
 ----> low 389 1 0.511753 0.488247 
 ----> low 390 0 0.733712 0.266288 
 ----> low 391 0 0.719973 0.280027 
 ----> low 392 0 0.712992 0.287008 
 ----> low 393 0 0.525405 0.474595 
 ----> low 394 1 0.551201 0.448799 
 ----> low 395 0 0.753987 0.246013 
 ----> low 396 0 0.739625 0.260375 
 ----> low 397 0 0.720396 0.279604 
 ----> low 398 1 0.690904 0.309096 
 ----> low 399 1 0.480856 0.519144 
 ----> low 400 1 0.49185 0.50815 
 ----> low 401 1 0.545835 0.454165 
 ----> low 402 0 0.582343 0.417657 
 ----> low 403 0 0.673849 0.326151 
 ----> low 404 0 0.761506 0.238494 
 ----> low 405 0 0.756052 0.243948 
 ----> low 406 1 0.684994 0.315006 
 ----> low 407 1 0.505627 0.494373 
 ----> low 408 0 0.53011 0.46989 
 ----> low 409 0 0.724797 0.275203 
 ----> low 410 0 0.490059 0.509941 
 ----> low 411 0 0.721767 0.278233 
 ----> low 412 0 0.705263 0.294737 
 ----> low 413 0 0.551047 0.448953 
 ----> low 414 0 0.510373 0.489627 
 ----> low 415 1 0.655572 0.344428 
 ----> low 416 0 0.553296 0.446704 
 ----> low 417 0 0.735911 0.264089 
 ----> low 418 0 0.767463 0.232537 
 ----> low 419 1 0.485468 0.514532 
 ----> low 420 0 0.77631 0.22369 
 ----> low 421 0 0.734239 0.265761 
 ----> low 422 0 0.732594 0.267406 
 ----> low 423 1 0.709468 0.290532 
 ----> low 424 0 0.667057 0.332943 
 ----> low 425 0 0.698138 0.301862 
 ----> low 426 0 0.63279 0.36721 
 ----> low 427 0 0.554354 0.445646 
 ----> low 428 0 0.773442 0.226558 
 ----> low 429 0 0.730318 0.269682 
 ----> low 430 0 0.747914 0.252086 
 ----> low 431 0 0.725387 0.274613 
 ----> low 432 0 0.7366 0.2634 
 ----> low 433 0 0.692849 0.307151 
 ----> low 434 1 0.662086 0.337914 
 ----> low 435 1 0.633328 0.366672 
 ----> low 436 1 0.554957 0.445043 
 ----> low 437 0 0.768301 0.231699 
 ----> low 438 0 0.737292 0.262708 
 ----> low 439 0 0.756956 0.243044 
 ----> low 440 0 0.730085 0.269915 
 ----> low 441 0 0.660399 0.339601 
 ----> low 442 0 0.659608 0.340392 
 ----> low 443 0 0.714699 0.285301 
 ----> low 444 0 0.652995 0.347005 
 ----> low 445 1 0.722345 0.277655 
 ----> low 446 0 0.815107 0.184893 
 ----> low 447 0 0.754787 0.245213 
 ----> low 448 0 0.679662 0.320338 
 ----> low 449 0 0.63123 0.36877 
 ----> low 450 0 0.702454 0.297546 
 ----> low 451 0 0.741032 0.258968 
 ----> low 452 0 0.711883 0.288117 
 ----> low 453 1 0.680995 0.319005 
 ----> low 454 0 0.736933 0.263067 
 ----> low 455 1 0.498467 0.501533 
 ----> low 456 0 0.744985 0.255015 
 ----> low 457 0 0.767129 0.232871 
 ----> low 458 0 0.633553 0.366447 
 ----> low 459 1 0.477763 0.522237 
 ----> low 460 0 0.711825 0.288175 
 ----> low 461 0 0.724458 0.275542 
 ----> low 462 1 0.513531 0.486469 
 ----> low 463 0 0.712442 0.287558 
 ----> low 464 0 0.728805 0.271195 
 ----> low 465 0 0.737159 0.262841 
 ----> low 466 0 0.691698 0.308302 
 ----> low 467 1 0.69122 0.30878 
 ----> low 468 1 0.585704 0.414296 
 ----> low 469 0 0.800908 0.199092 
 ----> low 470 1 0.68658 0.31342 
 ----> low 471 1 0.693864 0.306136 
 ----> low 472 0 0.751975 0.248025 
 ----> low 473 0 0.745887 0.254113 
 ----> low 474 1 0.489891 0.510109 
 ----> low 475 0 0.737748 0.262252 
 ----> low 476 0 0.711665 0.288335 
 ----> low 477 0 0.723813 0.276187 
 ----> low 478 0 0.543642 0.456358 
 ----> low 479 0 0.771313 0.228687 
 ----> low 480 0 0.602081 0.397919 
 ----> low 481 0 0.719375 0.280625 
 ----> low 482 0 0.706726 0.293274 
 ----> low 483 1 0.710758 0.289242 
 ----> low 484 0 0.549267 0.450733 
 ----> low 485 0 0.709271 0.290729 
 ----> low 486 0 0.73008 0.26992 
 ----> low 487 0 0.717452 0.282548 
 ----> low 488 0 0.698756 0.301244 
 ----> low 489 1 0.506276 0.493724 
 ----> low 490 1 0.484294 0.515706 
 ----> low 491 0 0.731055 0.268945 
 ----> low 492 1 0.488627 0.511373 
 ----> low 493 0 0.74817 0.25183 
 ----> low 494 0 0.738698 0.261302 
 ----> low 495 1 0.719747 0.280253 
 ----> low 496 1 0.552656 0.447344 
 ----> low 497 0 0.749801 0.250199 
 ----> low 498 0 0.744806 0.255194 
 ----> low 499 0 0.694617 0.305383 
 ----> low 500 0 0.530736 0.469264 
 ----> low 501 1 0.503742 0.496258 
 ----> low 502 0 0.749657 0.250343 
 ----> low 503 1 0.683592 0.316408 
 ----> low 504 0 0.720721 0.279279 
 ----> low 505 0 0.683799 0.316201 
 ----> low 506 0 0.674954 0.325046 
 ----> low 507 0 0.738693 0.261307 
 ----> low 508 0 0.622035 0.377965 
 ----> low 509 1 0.564014 0.435986 
 ----> low 510 1 0.556567 0.443433 
 ----> low 511 0 0.728923 0.271077 
 ----> low 512 0 0.740408 0.259592 
 ----> low 513 1 0.683568 0.316432 
 ----> low 514 0 0.524298 0.475702 
 ----> low 515 1 0.513992 0.486008 
 ----> low 516 0 0.756249 0.243751 
 ----> low 517 0 0.739215 0.260785 
 ----> low 518 0 0.564526 0.435474 
 ----> low 519 0 0.738864 0.261136 
 ----> low 520 1 0.725986 0.274014 
 ----> low 521 1 0.517299 0.482701 
 ----> low 522 1 0.531212 0.468788 
 ----> low 523 1 0.713343 0.286657 
 ----> low 524 1 0.559826 0.440174 
 ----> low 525 0 0.755672 0.244328 
 ----> low 526 0 0.737344 0.262656 
 ----> low 527 0 0.698875 0.301125 
 ----> low 528 0 0.681387 0.318613 
 ----> low 529 0 0.682669 0.317331 
 ----> low 530 1 0.591164 0.408836 
 ----> low 531 0 0.771124 0.228876 
 ----> low 532 0 0.616983 0.383017 
 ----> low 533 0 0.816623 0.183377 
 ----> low 534 0 0.707017 0.292983 
 ----> low 535 0 0.684668 0.315332 
 ----> low 536 0 0.585533 0.414467 
 ----> low 537 0 0.793138 0.206862 
 ----> low 538 0 0.702667 0.297333 
 ----> low 539 0 0.66093 0.33907 
 ----> low 540 0 0.717299 0.282701 
 ----> low 541 1 0.734107 0.265893 
 ----> low 542 0 0.594818 0.405182 
 ----> low 543 1 0.739301 0.260699 
 ----> low 544 0 0.601671 0.398329 
 ----> low 545 0 0.753391 0.246609 
 ----> low 546 1 0.580157 0.419843 
 ----> low 547 0 0.785517 0.214483 
 ----> low 548 1 0.712465 0.287535 
 ----> low 549 1 0.540327 0.459673 
 ----> low 550 0 0.716756 0.283244 
 ----> low 551 0 0.772824 0.227176 
 ----> low 552 0 0.719255 0.280745 
 ----> low 553 1 0.494406 0.505594 
 ----> low 554 0 0.533932 0.466068 
 ----> low 555 1 0.504264 0.495736 
 ----> low 556 1 0.499715 0.500285 
 ----> low 557 0 0.75246 0.24754 
 ----> low 558 1 0.720869 0.279131 
 ----> low 559 0 0.703937 0.296063 
 ----> low 560 0 0.691136 0.308864 
 ----> low 561 0 0.691564 0.308436 
 ----> low 562 0 0.597004 0.402996 
 ----> low 563 0 0.795984 0.204016 
 ----> low 564 1 0.670411 0.329589 
 ----> low 565 0 0.655953 0.344047 
 ----> low 566 1 0.695909 0.304091 
 ----> low 567 0 0.693233 0.306767 
 ----> low 568 0 0.689736 0.310264 
 ----> low 569 1 0.661495 0.338505 
 ----> low 570 0 0.736264 0.263736 
 ----> low 571 0 0.709274 0.290726 
 ----> low 572 1 0.519926 0.480074 
 ----> low 573 0 0.777294 0.222706 
 ----> low 574 0 0.751453 0.248547 
 ----> low 575 0 0.727916 0.272084 
 ----> low 576 1 0.524068 0.475932 
 ----> low 577 0 0.745574 0.254426 
 ----> low 578 1 0.597445 0.402555 
 ----> low 579 0 0.740359 0.259641 
 ----> low 580 0 0.735549 0.264451 
 ----> low 581 1 0.539132 0.460868 
 ----> low 582 0 0.743965 0.256035 
 ----> low 583 0 0.693686 0.306314 
 ----> low 584 1 0.504362 0.495638 
 ----> low 585 0 0.730067 0.269933 
 ----> low 586 0 0.686102 0.313898 
 ----> low 587 0 0.705056 0.294944 
 ----> low 588 0 0.725089 0.274911 
 ----> low 589 1 0.641799 0.358201 
 ----> low 590 1 0.557657 0.442343 
 ----> low 591 0 0.842729 0.157271 
 ----> low 592 1 0.614189 0.385811 
 ----> low 593 0 0.643081 0.356919 
 ----> low 594 0 0.74662 0.25338 
 ----> low 595 0 0.651918 0.348082 
 ----> low 596 0 0.612413 0.387587 
 ----> low 597 1 0.695859 0.304141 
 ----> low 598 0 0.756329 0.243671 
 ----> low 599 0 0.682236 0.317764 
 ----> low 600 0 0.690702 0.309298 
 ----> low 601 0 0.719823 0.280177 
 ----> low 602 1 0.638679 0.361321 
 ----> low 603 1 0.570779 0.429221 
 ----> low 604 0 0.791545 0.208455 
 ----> low 605 0 0.773658 0.226342 
 ----> low 606 0 0.734592 0.265408 
 ----> low 607 0 0.707127 0.292873 
 ----> low 608 1 0.501126 0.498874 
 ----> low 609 0 0.731672 0.268328 
 ----> low 610 0 0.745606 0.254394 
 ----> low 611 0 0.710505 0.289495 
 ----> low 612 0 0.709819 0.290181 
 ----> low 613 0 0.686245 0.313755 
 ----> low 614 0 0.719847 0.280153 
 ----> low 615 0 0.63177 0.36823 
 ----> low 616 0 0.715721 0.284279 
 ----> low 617 0 0.688512 0.311488 
 ----> low 618 0 0.705003 0.294997 
 ----> low 619 1 0.676424 0.323576 
 ----> low 620 1 0.424305 0.575695 
 ----> low 621 0 0.741354 0.258646 
 ----> low 622 0 0.733572 0.266428 
 ----> low 623 0 0.66056 0.33944 
 ----> low 624 0 0.496162 0.503838 
 ----> low 625 0 0.74415 0.25585 
 ----> low 626 0 0.728056 0.271944 
 ----> low 627 0 0.708346 0.291654 
 ----> low 628 0 0.702228 0.297772 
 ----> low 629 1 0.522198 0.477802 
 ----> low 630 0 0.821717 0.178283 
 ----> low 631 0 0.674406 0.325594 
 ----> low 632 1 0.462499 0.537501 
 ----> low 633 0 0.75658 0.24342 
 ----> low 634 0 0.736089 0.263911 
 ----> low 635 1 0.553661 0.446339 
 ----> low 636 0 0.743245 0.256755 
 ----> low 637 0 0.623183 0.376817 
 ----> low 638 0 0.740007 0.259993 
 ----> low 639 1 0.71746 0.28254 
 ----> low 640 1 0.528047 0.471953 
 ----> low 641 0 0.704845 0.295155 
 ----> low 642 0 0.719461 0.280539 
 ----> low 643 0 0.73668 0.26332 
 ----> low 644 0 0.7397 0.2603 
 ----> low 645 0 0.669766 0.330234 
 ----> low 646 0 0.707618 0.292382 
 ----> low 647 0 0.51887 0.48113 
 ----> low 648 0 0.795995 0.204005 
 ----> low 649 0 0.736108 0.263892 
 ----> low 650 0 0.633522 0.366478 
 ----> low 651 1 0.499695 0.500305 
 ----> low 652 0 0.690439 0.309561 
 ----> low 653 0 0.676854 0.323146 
 ----> low 654 1 0.582618 0.417382 
 ----> low 655 0 0.79825 0.20175 
 ----> low 656 0 0.723258 0.276742 
 ----> low 657 0 0.724046 0.275954 
 ----> low 658 0 0.698985 0.301015 
 ----> low 659 0 0.680175 0.319825 
 ----> low 660 0 0.667565 0.332435 
 ----> low 661 0 0.679733 0.320267 
 ----> low 662 0 0.686353 0.313647 
 ----> low 663 0 0.688864 0.311136 
 ----> low 664 0 0.722705 0.277295 
 ----> low 665 0 0.751796 0.248204 
 ----> low 666 1 0.687986 0.312014 
 ----> low 667 0 0.70369 0.29631 
 ----> low 668 0 0.695575 0.304425 
 ----> low 669 0 0.499694 0.500306 
 ----> low 670 0 0.792705 0.207295 
 ----> low 671 0 0.659547 0.340453 
 ----> low 672 0 0.691114 0.308886 
 ----> low 673 0 0.704796 0.295204 
 ----> low 674 0 0.726864 0.273136 
 ----> low 675 1 0.482299 0.517701 
 ----> low 676 1 0.453458 0.546542 
 ----> low 677 1 0.66566 0.33434 
 ----> low 678 1 0.51317 0.48683 
 ----> low 679 0 0.70594 0.29406 
 ----> low 680 0 0.764215 0.235785 
 ----> low 681 0 0.658518 0.341482 
 ----> low 682 0 0.700887 0.299113 
 ----> low 683 0 0.682801 0.317199 
 ----> low 684 1 0.58803 0.41197 
 ----> low 685 0 0.712177 0.287823 
 ----> low 686 0 0.7536 0.2464 
 ----> low 687 0 0.712058 0.287942 
 ----> low 688 0 0.695029 0.304971 
 ----> low 689 0 0.720291 0.279709 
 ----> low 690 0 0.654198 0.345802 
 ----> low 691 0 0.574566 0.425434 
 ----> low 692 0 0.769319 0.230681 
 ----> low 693 0 0.742426 0.257574 
 ----> low 694 0 0.625397 0.374603 
 ----> low 695 0 0.690748 0.309252 
 ----> low 696 0 0.75025 0.24975 
 ----> low 697 0 0.737486 0.262514 
 ----> low 698 0 0.682765 0.317235 
 ----> low 699 0 0.504792 0.495208 
 ----> low 700 0 0.820555 0.179445 
 ----> low 701 0 0.746131 0.253869 
 ----> low 702 0 0.755732 0.244268 
 ----> low 703 0 0.685972 0.314028 
 ----> low 704 0 0.670769 0.329231 
 ----> low 705 1 0.613735 0.386265 
 ----> low 706 0 0.750264 0.249736 
 ----> low 707 0 0.722779 0.277221 
 ----> low 708 0 0.705138 0.294862 
 ----> low 709 0 0.688816 0.311184 
 ----> low 710 0 0.627643 0.372357 
 ----> low 711 0 0.761889 0.238111 
 ----> low 712 0 0.707309 0.292691 
 ----> low 713 1 0.687604 0.312396 
 ----> low 714 1 0.598249 0.401751 
 ----> low 715 1 0.447858 0.552142 
 ----> low 716 1 0.575821 0.424179 
 ----> low 717 0 0.50745 0.49255 
 ----> low 718 0 0.744301 0.255699 
