 ----> low 1 0 0.728788 0.271212 
 ----> low 2 1 0.574869 0.425131 
 ----> low 3 1 0.708899 0.291101 
 ----> low 4 1 0.589527 0.410473 
 ----> low 5 1 0.708898 0.291102 
 ----> low 6 1 0.731229 0.268771 
 ----> low 7 1 0.616225 0.383775 
 ----> low 8 0 0.694416 0.305584 
 ----> low 9 0 0.741213 0.258787 
 ----> low 10 0 0.61498 0.38502 
 ----> low 11 1 0.5977 0.4023 
 ----> low 12 1 0.683298 0.316702 
 ----> low 13 0 0.69958 0.30042 
 ----> low 14 1 0.667892 0.332108 
 ----> low 15 1 0.6213 0.3787 
 ----> low 16 1 0.686998 0.313002 
 ----> low 17 1 0.634671 0.365329 
 ----> low 18 0 0.582681 0.417319 
 ----> low 19 0 0.66109 0.33891 
 ----> low 20 0 0.635436 0.364564 
 ----> low 21 1 0.685865 0.314135 
 ----> low 22 0 0.705393 0.294607 
 ----> low 23 0 0.615417 0.384583 
 ----> low 24 0 0.678627 0.321373 
 ----> low 25 0 0.666275 0.333725 
 ----> low 26 1 0.613477 0.386523 
 ----> low 27 1 0.688364 0.311636 
 ----> low 28 1 0.638467 0.361533 
 ----> low 29 1 0.649946 0.350054 
 ----> low 30 1 0.674585 0.325415 
 ----> low 31 0 0.665486 0.334514 
 ----> low 32 0 0.666573 0.333427 
 ----> low 33 0 0.684928 0.315072 
 ----> low 34 1 0.629819 0.370181 
 ----> low 35 1 0.664083 0.335917 
 ----> low 36 0 0.6468 0.3532 
 ----> low 37 0 0.662027 0.337973 
 ----> low 38 0 0.669502 0.330498 
 ----> low 39 0 0.63344 0.36656 
 ----> low 40 1 0.638839 0.361161 
 ----> low 41 1 0.635819 0.364181 
 ----> low 42 1 0.653746 0.346254 
 ----> low 43 0 0.68284 0.31716 
 ----> low 44 0 0.636249 0.363751 
 ----> low 45 1 0.686053 0.313947 
 ----> low 46 1 0.654735 0.345265 
 ----> low 47 0 0.641714 0.358286 
 ----> low 48 0 0.68253 0.31747 
 ----> low 49 1 0.670819 0.329181 
 ----> low 50 1 0.633441 0.366559 
 ----> low 51 0 0.629648 0.370352 
 ----> low 52 1 0.62804 0.37196 
 ----> low 53 0 0.660543 0.339457 
 ----> low 54 0 0.671782 0.328218 
 ----> low 55 0 0.640511 0.359489 
 ----> low 56 0 0.670711 0.329289 
 ----> low 57 1 0.659003 0.340997 
 ----> low 58 1 0.622287 0.377713 
 ----> low 59 0 0.67116 0.32884 
 ----> low 60 1 0.622222 0.377778 
 ----> low 61 0 0.671265 0.328735 
 ----> low 62 0 0.673004 0.326996 
 ----> low 63 1 0.654903 0.345097 
 ----> low 64 1 0.667017 0.332983 
 ----> low 65 0 0.662573 0.337427 
 ----> low 66 0 0.698754 0.301246 
 ----> low 67 0 0.658354 0.341646 
 ----> low 68 1 0.647874 0.352126 
 ----> low 69 0 0.657938 0.342062 
 ----> low 70 0 0.652313 0.347687 
 ----> low 71 1 0.627768 0.372232 
 ----> low 72 0 0.677644 0.322356 
 ----> low 73 0 0.67166 0.32834 
 ----> low 74 1 0.620029 0.379971 
 ----> low 75 0 0.634472 0.365528 
 ----> low 76 0 0.610592 0.389408 
 ----> low 77 1 0.668182 0.331818 
 ----> low 78 1 0.670773 0.329227 
 ----> low 79 0 0.65879 0.34121 
 ----> low 80 1 0.653334 0.346666 
 ----> low 81 1 0.649873 0.350127 
 ----> low 82 1 0.614886 0.385114 
 ----> low 83 1 0.644731 0.355269 
 ----> low 84 1 0.652419 0.347581 
 ----> low 85 0 0.626843 0.373157 
 ----> low 86 1 0.647851 0.352149 
 ----> low 87 0 0.66167 0.33833 
 ----> low 88 1 0.597071 0.402929 
 ----> low 89 1 0.640583 0.359417 
 ----> low 90 1 0.640631 0.359369 
 ----> low 91 1 0.620892 0.379108 
 ----> low 92 0 0.69763 0.30237 
 ----> low 93 0 0.693974 0.306026 
 ----> low 94 1 0.658076 0.341924 
 ----> low 95 1 0.599025 0.400975 
 ----> low 96 0 0.64888 0.35112 
 ----> low 97 0 0.631385 0.368615 
 ----> low 98 1 0.684386 0.315614 
 ----> low 99 1 0.684099 0.315901 
 ----> low 100 0 0.659433 0.340567 
 ----> low 101 0 0.681185 0.318815 
 ----> low 102 1 0.648809 0.351191 
 ----> low 103 0 0.647222 0.352778 
 ----> low 104 0 0.660531 0.339469 
 ----> low 105 1 0.669438 0.330562 
 ----> low 106 0 0.666183 0.333817 
 ----> low 107 0 0.656332 0.343668 
 ----> low 108 0 0.671972 0.328028 
 ----> low 109 0 0.631321 0.368679 
 ----> low 110 1 0.675917 0.324083 
 ----> low 111 0 0.676529 0.323471 
 ----> low 112 0 0.65078 0.34922 
 ----> low 113 0 0.674797 0.325203 
 ----> low 114 1 0.608766 0.391234 
 ----> low 115 0 0.642311 0.357689 
 ----> low 116 0 0.664831 0.335169 
 ----> low 117 0 0.62982 0.37018 
 ----> low 118 1 0.592384 0.407616 
 ----> low 119 1 0.646355 0.353645 
 ----> low 120 0 0.658495 0.341505 
 ----> low 121 0 0.622443 0.377557 
 ----> low 122 1 0.661069 0.338931 
 ----> low 123 1 0.678821 0.321179 
 ----> low 124 1 0.61488 0.38512 
 ----> low 125 1 0.644896 0.355104 
 ----> low 126 0 0.689226 0.310774 
 ----> low 127 0 0.647508 0.352492 
 ----> low 128 0 0.68958 0.31042 
 ----> low 129 0 0.687476 0.312524 
 ----> low 130 1 0.64117 0.35883 
 ----> low 131 0 0.702043 0.297957 
 ----> low 132 0 0.666809 0.333191 
 ----> low 133 1 0.625842 0.374158 
 ----> low 134 1 0.662336 0.337664 
 ----> low 135 0 0.664612 0.335388 
 ----> low 136 1 0.63408 0.36592 
 ----> low 137 1 0.651299 0.348701 
 ----> low 138 1 0.665011 0.334989 
 ----> low 139 0 0.664464 0.335536 
 ----> low 140 0 0.646621 0.353379 
 ----> low 141 1 0.652147 0.347853 
 ----> low 142 0 0.662927 0.337073 
 ----> low 143 0 0.641541 0.358459 
 ----> low 144 0 0.665735 0.334265 
 ----> low 145 0 0.661531 0.338469 
 ----> low 146 0 0.658609 0.341391 
 ----> low 147 0 0.63154 0.36846 
 ----> low 148 0 0.66106 0.33894 
 ----> low 149 0 0.678144 0.321856 
 ----> low 150 1 0.65151 0.34849 
 ----> low 151 1 0.619886 0.380114 
 ----> low 152 0 0.690074 0.309926 
 ----> low 153 0 0.649441 0.350559 
 ----> low 154 0 0.692328 0.307672 
 ----> low 155 1 0.640372 0.359628 
 ----> low 156 0 0.670509 0.329491 
 ----> low 157 1 0.628916 0.371084 
 ----> low 158 1 0.613197 0.386803 
 ----> low 159 1 0.641856 0.358144 
 ----> low 160 0 0.671362 0.328638 
 ----> low 161 0 0.695272 0.304728 
 ----> low 162 1 0.689224 0.310776 
 ----> low 163 1 0.612334 0.387666 
 ----> low 164 1 0.585913 0.414087 
 ----> low 165 1 0.6447 0.3553 
 ----> low 166 1 0.602074 0.397926 
 ----> low 167 0 0.660213 0.339787 
 ----> low 168 1 0.613212 0.386788 
 ----> low 169 0 0.696005 0.303995 
 ----> low 170 0 0.650344 0.349656 
 ----> low 171 1 0.64344 0.35656 
 ----> low 172 1 0.636119 0.363881 
 ----> low 173 1 0.658511 0.341489 
 ----> low 174 0 0.665309 0.334691 
 ----> low 175 1 0.661993 0.338007 
 ----> low 176 0 0.652939 0.347061 
 ----> low 177 0 0.656255 0.343745 
 ----> low 178 0 0.673192 0.326808 
 ----> low 179 1 0.657363 0.342637 
 ----> low 180 0 0.653225 0.346775 
 ----> low 181 0 0.663311 0.336689 
 ----> low 182 0 0.635711 0.364289 
 ----> low 183 1 0.621668 0.378332 
 ----> low 184 1 0.656751 0.343249 
 ----> low 185 1 0.624961 0.375039 
 ----> low 186 0 0.655135 0.344865 
 ----> low 187 1 0.643173 0.356827 
 ----> low 188 1 0.655072 0.344928 
 ----> low 189 0 0.646361 0.353639 
 ----> low 190 1 0.619402 0.380598 
 ----> low 191 0 0.665094 0.334906 
 ----> low 192 1 0.625499 0.374501 
 ----> low 193 1 0.654601 0.345399 
 ----> low 194 0 0.691514 0.308486 
 ----> low 195 0 0.655433 0.344567 
 ----> low 196 1 0.633444 0.366556 
 ----> low 197 1 0.622671 0.377329 
 ----> low 198 0 0.636891 0.363109 
 ----> low 199 0 0.667434 0.332566 
 ----> low 200 0 0.632767 0.367233 
 ----> low 201 0 0.668999 0.331001 
 ----> low 202 0 0.656105 0.343895 
 ----> low 203 0 0.602369 0.397631 
 ----> low 204 1 0.635619 0.364381 
 ----> low 205 0 0.682578 0.317422 
 ----> low 206 1 0.664215 0.335785 
 ----> low 207 1 0.614985 0.385015 
 ----> low 208 1 0.624837 0.375163 
 ----> low 209 0 0.678436 0.321564 
 ----> low 210 0 0.719494 0.280506 
 ----> low 211 1 0.650764 0.349236 
 ----> low 212 0 0.653994 0.346006 
 ----> low 213 1 0.661661 0.338339 
 ----> low 214 0 0.631544 0.368456 
 ----> low 215 0 0.658507 0.341493 
 ----> low 216 0 0.703944 0.296056 
 ----> low 217 0 0.674361 0.325639 
 ----> low 218 1 0.655715 0.344285 
 ----> low 219 0 0.657443 0.342557 
 ----> low 220 0 0.629768 0.370232 
 ----> low 221 1 0.642936 0.357064 
 ----> low 222 0 0.689242 0.310758 
 ----> low 223 1 0.614093 0.385907 
 ----> low 224 0 0.67051 0.32949 
 ----> low 225 0 0.690332 0.309668 
 ----> low 226 1 0.627811 0.372189 
 ----> low 227 0 0.655608 0.344392 
 ----> low 228 0 0.670775 0.329225 
 ----> low 229 1 0.642359 0.357641 
 ----> low 230 0 0.665189 0.334811 
 ----> low 231 0 0.651456 0.348544 
 ----> low 232 1 0.615914 0.384086 
 ----> low 233 0 0.67735 0.32265 
 ----> low 234 0 0.682042 0.317958 
 ----> low 235 0 0.711892 0.288108 
 ----> low 236 1 0.645389 0.354611 
 ----> low 237 0 0.618901 0.381099 
 ----> low 238 0 0.648172 0.351828 
 ----> low 239 0 0.667314 0.332686 
 ----> low 240 1 0.674396 0.325604 
 ----> low 241 0 0.645928 0.354072 
 ----> low 242 0 0.676568 0.323432 
 ----> low 243 1 0.621722 0.378278 
 ----> low 244 0 0.640859 0.359141 
 ----> low 245 1 0.626196 0.373804 
 ----> low 246 1 0.645904 0.354096 
 ----> low 247 0 0.628204 0.371796 
 ----> low 248 0 0.687808 0.312192 
 ----> low 249 1 0.674129 0.325871 
 ----> low 250 0 0.651758 0.348242 
 ----> low 251 0 0.655441 0.344559 
 ----> low 252 1 0.642009 0.357991 
 ----> low 253 0 0.670038 0.329962 
 ----> low 254 1 0.673944 0.326056 
 ----> low 255 1 0.659038 0.340962 
 ----> low 256 1 0.667883 0.332117 
 ----> low 257 1 0.625909 0.374091 
 ----> low 258 0 0.654169 0.345831 
 ----> low 259 0 0.668786 0.331214 
 ----> low 260 1 0.64309 0.35691 
 ----> low 261 1 0.601945 0.398055 
 ----> low 262 1 0.59377 0.40623 
 ----> low 263 0 0.641545 0.358455 
 ----> low 264 1 0.650199 0.349801 
 ----> low 265 0 0.631304 0.368696 
 ----> low 266 0 0.645602 0.354398 
 ----> low 267 0 0.659156 0.340844 
 ----> low 268 1 0.623076 0.376924 
 ----> low 269 0 0.654356 0.345644 
 ----> low 270 0 0.670227 0.329773 
 ----> low 271 1 0.63137 0.36863 
 ----> low 272 1 0.65706 0.34294 
 ----> low 273 0 0.67862 0.32138 
 ----> low 274 1 0.641126 0.358874 
 ----> low 275 0 0.641773 0.358227 
 ----> low 276 1 0.624433 0.375567 
 ----> low 277 0 0.674142 0.325858 
 ----> low 278 0 0.667358 0.332642 
 ----> low 279 1 0.645002 0.354998 
 ----> low 280 1 0.633892 0.366108 
 ----> low 281 0 0.667448 0.332552 
 ----> low 282 1 0.65743 0.34257 
 ----> low 283 1 0.655042 0.344958 
 ----> low 284 1 0.653882 0.346118 
 ----> low 285 0 0.66763 0.33237 
 ----> low 286 0 0.642861 0.357139 
 ----> low 287 0 0.648779 0.351221 
 ----> low 288 0 0.668177 0.331823 
 ----> low 289 1 0.639142 0.360858 
 ----> low 290 0 0.663132 0.336868 
 ----> low 291 1 0.682037 0.317963 
 ----> low 292 1 0.64752 0.35248 
 ----> low 293 0 0.662567 0.337433 
 ----> low 294 1 0.630083 0.369917 
 ----> low 295 0 0.648838 0.351162 
 ----> low 296 0 0.684955 0.315045 
 ----> low 297 0 0.67539 0.32461 
 ----> low 298 1 0.624624 0.375376 
 ----> low 299 0 0.6269 0.3731 
 ----> low 300 1 0.606524 0.393476 
 ----> low 301 0 0.711511 0.288489 
 ----> low 302 0 0.647026 0.352974 
 ----> low 303 0 0.669541 0.330459 
 ----> low 304 1 0.604722 0.395278 
 ----> low 305 0 0.682577 0.317423 
 ----> low 306 0 0.681461 0.318539 
 ----> low 307 0 0.667205 0.332795 
 ----> low 308 0 0.654247 0.345753 
 ----> low 309 1 0.636393 0.363607 
 ----> low 310 1 0.631658 0.368342 
 ----> low 311 0 0.655086 0.344914 
 ----> low 312 0 0.686298 0.313702 
 ----> low 313 0 0.66393 0.33607 
 ----> low 314 1 0.672875 0.327125 
 ----> low 315 0 0.689112 0.310888 
 ----> low 316 0 0.66389 0.33611 
 ----> low 317 0 0.66187 0.33813 
 ----> low 318 0 0.635279 0.364721 
 ----> low 319 0 0.665666 0.334334 
 ----> low 320 0 0.651706 0.348294 
 ----> low 321 1 0.63236 0.36764 
 ----> low 322 0 0.649831 0.350169 
 ----> low 323 1 0.630983 0.369017 
 ----> low 324 0 0.65542 0.34458 
 ----> low 325 0 0.690577 0.309423 
 ----> low 326 0 0.718084 0.281916 
 ----> low 327 1 0.640201 0.359799 
 ----> low 328 1 0.628479 0.371521 
 ----> low 329 0 0.709187 0.290813 
 ----> low 330 0 0.641841 0.358159 
 ----> low 331 0 0.62235 0.37765 
 ----> low 332 0 0.61527 0.38473 
 ----> low 333 1 0.641335 0.358665 
 ----> low 334 1 0.617472 0.382528 
 ----> low 335 1 0.609652 0.390348 
 ----> low 336 1 0.658851 0.341149 
 ----> low 337 1 0.615679 0.384321 
 ----> low 338 0 0.674108 0.325892 
 ----> low 339 0 0.636368 0.363632 
 ----> low 340 0 0.644706 0.355294 
 ----> low 341 0 0.658926 0.341074 
 ----> low 342 1 0.645748 0.354252 
 ----> low 343 1 0.636869 0.363131 
 ----> low 344 0 0.679929 0.320071 
 ----> low 345 0 0.697562 0.302438 
 ----> low 346 0 0.682049 0.317951 
 ----> low 347 0 0.655163 0.344837 
 ----> low 348 0 0.689352 0.310648 
 ----> low 349 0 0.672703 0.327297 
 ----> low 350 1 0.639869 0.360131 
 ----> low 351 1 0.656891 0.343109 
 ----> low 352 0 0.652237 0.347763 
 ----> low 353 0 0.69381 0.30619 
 ----> low 354 0 0.678676 0.321324 
 ----> low 355 0 0.647327 0.352673 
 ----> low 356 0 0.668482 0.331518 
 ----> low 357 1 0.591922 0.408078 
 ----> low 358 0 0.65524 0.34476 
 ----> low 359 0 0.663791 0.336209 
 ----> low 360 0 0.634441 0.365559 
 ----> low 361 0 0.67831 0.32169 
 ----> low 362 1 0.614573 0.385427 
 ----> low 363 1 0.633269 0.366731 
 ----> low 364 0 0.670349 0.329651 
 ----> low 365 0 0.658766 0.341234 
 ----> low 366 1 0.639036 0.360964 
 ----> low 367 1 0.609748 0.390252 
 ----> low 368 0 0.736089 0.263911 
 ----> low 369 0 0.663117 0.336883 
 ----> low 370 0 0.677927 0.322073 
 ----> low 371 1 0.614555 0.385445 
 ----> low 372 0 0.712784 0.287216 
 ----> low 373 0 0.684201 0.315799 
 ----> low 374 0 0.660419 0.339581 
 ----> low 375 0 0.660264 0.339736 
 ----> low 376 1 0.639221 0.360779 
 ----> low 377 0 0.674313 0.325687 
 ----> low 378 0 0.644171 0.355829 
 ----> low 379 1 0.619163 0.380837 
 ----> low 380 0 0.676154 0.323846 
 ----> low 381 1 0.64886 0.35114 
 ----> low 382 0 0.647782 0.352218 
 ----> low 383 0 0.637277 0.362723 
 ----> low 384 0 0.663481 0.336519 
 ----> low 385 0 0.703245 0.296755 
 ----> low 386 1 0.596089 0.403911 
 ----> low 387 0 0.69996 0.30004 
 ----> low 388 1 0.642646 0.357354 
 ----> low 389 1 0.61015 0.38985 
 ----> low 390 0 0.648109 0.351891 
 ----> low 391 0 0.651254 0.348746 
 ----> low 392 0 0.688563 0.311437 
 ----> low 393 0 0.667306 0.332694 
 ----> low 394 1 0.599432 0.400568 
 ----> low 395 0 0.639406 0.360594 
 ----> low 396 0 0.668863 0.331137 
 ----> low 397 0 0.677059 0.322941 
 ----> low 398 1 0.655829 0.344171 
 ----> low 399 1 0.642063 0.357937 
 ----> low 400 1 0.635376 0.364624 
 ----> low 401 1 0.615988 0.384012 
 ----> low 402 0 0.673037 0.326963 
 ----> low 403 0 0.714309 0.285691 
 ----> low 404 0 0.660225 0.339775 
 ----> low 405 0 0.670412 0.329588 
 ----> low 406 1 0.614796 0.385204 
 ----> low 407 1 0.657971 0.342029 
 ----> low 408 0 0.652093 0.347907 
 ----> low 409 0 0.667895 0.332105 
 ----> low 410 0 0.658602 0.341398 
 ----> low 411 0 0.663982 0.336018 
 ----> low 412 0 0.66204 0.33796 
 ----> low 413 0 0.643827 0.356173 
 ----> low 414 0 0.644194 0.355806 
 ----> low 415 1 0.6453 0.3547 
 ----> low 416 0 0.656259 0.343741 
 ----> low 417 0 0.699814 0.300186 
 ----> low 418 0 0.684517 0.315483 
 ----> low 419 1 0.661119 0.338881 
 ----> low 420 0 0.655107 0.344893 
 ----> low 421 0 0.666175 0.333825 
 ----> low 422 0 0.681692 0.318308 
 ----> low 423 1 0.662663 0.337337 
 ----> low 424 0 0.668039 0.331961 
 ----> low 425 0 0.673814 0.326186 
 ----> low 426 0 0.655703 0.344297 
 ----> low 427 0 0.667622 0.332378 
 ----> low 428 0 0.679716 0.320284 
 ----> low 429 0 0.677487 0.322513 
 ----> low 430 0 0.68444 0.31556 
 ----> low 431 0 0.681207 0.318793 
 ----> low 432 0 0.675042 0.324958 
 ----> low 433 0 0.667664 0.332336 
 ----> low 434 1 0.651643 0.348357 
 ----> low 435 1 0.663795 0.336205 
 ----> low 436 1 0.640286 0.359714 
 ----> low 437 0 0.65231 0.34769 
 ----> low 438 0 0.661908 0.338092 
 ----> low 439 0 0.667156 0.332844 
 ----> low 440 0 0.645761 0.354239 
 ----> low 441 0 0.662819 0.337181 
 ----> low 442 0 0.663125 0.336875 
 ----> low 443 0 0.67466 0.32534 
 ----> low 444 0 0.656922 0.343078 
 ----> low 445 1 0.645697 0.354303 
 ----> low 446 0 0.66834 0.33166 
 ----> low 447 0 0.682981 0.317019 
 ----> low 448 0 0.686698 0.313302 
 ----> low 449 0 0.636549 0.363451 
 ----> low 450 0 0.648241 0.351759 
 ----> low 451 0 0.667691 0.332309 
 ----> low 452 0 0.732809 0.267191 
 ----> low 453 1 0.576521 0.423479 
 ----> low 454 0 0.664751 0.335249 
 ----> low 455 1 0.644945 0.355055 
 ----> low 456 0 0.67701 0.32299 
 ----> low 457 0 0.676895 0.323105 
 ----> low 458 0 0.673866 0.326134 
 ----> low 459 1 0.621536 0.378464 
 ----> low 460 0 0.703643 0.296357 
 ----> low 461 0 0.685427 0.314573 
 ----> low 462 1 0.669346 0.330654 
 ----> low 463 0 0.651699 0.348301 
 ----> low 464 0 0.651595 0.348405 
 ----> low 465 0 0.658021 0.341979 
 ----> low 466 0 0.655125 0.344875 
 ----> low 467 1 0.675535 0.324465 
 ----> low 468 1 0.640559 0.359441 
 ----> low 469 0 0.683132 0.316868 
 ----> low 470 1 0.631399 0.368601 
 ----> low 471 1 0.680086 0.319914 
 ----> low 472 0 0.689521 0.310479 
 ----> low 473 0 0.702453 0.297547 
 ----> low 474 1 0.63657 0.36343 
 ----> low 475 0 0.648375 0.351625 
 ----> low 476 0 0.682184 0.317816 
 ----> low 477 0 0.652924 0.347076 
 ----> low 478 0 0.661632 0.338368 
 ----> low 479 0 0.645068 0.354932 
 ----> low 480 0 0.710622 0.289378 
 ----> low 481 0 0.672992 0.327008 
 ----> low 482 0 0.657138 0.342862 
 ----> low 483 1 0.611184 0.388816 
 ----> low 484 0 0.671995 0.328005 
 ----> low 485 0 0.66097 0.33903 
 ----> low 486 0 0.669312 0.330688 
 ----> low 487 0 0.671855 0.328145 
 ----> low 488 0 0.636827 0.363173 
 ----> low 489 1 0.658274 0.341726 
 ----> low 490 1 0.627668 0.372332 
 ----> low 491 0 0.662478 0.337522 
 ----> low 492 1 0.616824 0.383176 
 ----> low 493 0 0.67154 0.32846 
 ----> low 494 0 0.669248 0.330752 
 ----> low 495 1 0.624474 0.375526 
 ----> low 496 1 0.628488 0.371512 
 ----> low 497 0 0.656384 0.343616 
 ----> low 498 0 0.640328 0.359672 
 ----> low 499 0 0.657979 0.342021 
 ----> low 500 0 0.677248 0.322752 
 ----> low 501 1 0.627289 0.372711 
 ----> low 502 0 0.657236 0.342764 
 ----> low 503 1 0.650989 0.349011 
 ----> low 504 0 0.69835 0.30165 
 ----> low 505 0 0.709361 0.290639 
 ----> low 506 0 0.64398 0.35602 
 ----> low 507 0 0.678524 0.321476 
 ----> low 508 0 0.664652 0.335348 
 ----> low 509 1 0.60084 0.39916 
 ----> low 510 1 0.618602 0.381398 
 ----> low 511 0 0.657754 0.342246 
 ----> low 512 0 0.644092 0.355908 
 ----> low 513 1 0.650925 0.349075 
 ----> low 514 0 0.637705 0.362295 
 ----> low 515 1 0.665015 0.334985 
 ----> low 516 0 0.661751 0.338249 
 ----> low 517 0 0.654337 0.345663 
 ----> low 518 0 0.642623 0.357377 
 ----> low 519 0 0.647335 0.352665 
 ----> low 520 1 0.659488 0.340512 
 ----> low 521 1 0.64266 0.35734 
 ----> low 522 1 0.646416 0.353584 
 ----> low 523 1 0.662135 0.337865 
 ----> low 524 1 0.616944 0.383056 
 ----> low 525 0 0.660213 0.339787 
 ----> low 526 0 0.684205 0.315795 
 ----> low 527 0 0.648561 0.351439 
 ----> low 528 0 0.623044 0.376956 
 ----> low 529 0 0.694446 0.305554 
 ----> low 530 1 0.637593 0.362407 
 ----> low 531 0 0.664911 0.335089 
 ----> low 532 0 0.659837 0.340163 
 ----> low 533 0 0.679998 0.320002 
 ----> low 534 0 0.667643 0.332357 
 ----> low 535 0 0.680581 0.319419 
 ----> low 536 0 0.675422 0.324578 
 ----> low 537 0 0.656916 0.343084 
 ----> low 538 0 0.635343 0.364657 
 ----> low 539 0 0.663137 0.336863 
 ----> low 540 0 0.66372 0.33628 
 ----> low 541 1 0.641022 0.358978 
 ----> low 542 0 0.663405 0.336595 
 ----> low 543 1 0.633209 0.366791 
 ----> low 544 0 0.651912 0.348088 
 ----> low 545 0 0.66195 0.33805 
 ----> low 546 1 0.667942 0.332058 
 ----> low 547 0 0.676366 0.323634 
 ----> low 548 1 0.623833 0.376167 
 ----> low 549 1 0.612652 0.387348 
 ----> low 550 0 0.653069 0.346931 
 ----> low 551 0 0.661598 0.338402 
 ----> low 552 0 0.627456 0.372544 
 ----> low 553 1 0.663477 0.336523 
 ----> low 554 0 0.64948 0.35052 
 ----> low 555 1 0.673649 0.326351 
 ----> low 556 1 0.663823 0.336177 
 ----> low 557 0 0.664414 0.335586 
 ----> low 558 1 0.60428 0.39572 
 ----> low 559 0 0.681146 0.318854 
 ----> low 560 0 0.6972 0.3028 
 ----> low 561 0 0.694588 0.305412 
 ----> low 562 0 0.6382 0.3618 
 ----> low 563 0 0.654766 0.345234 
 ----> low 564 1 0.636888 0.363112 
 ----> low 565 0 0.650571 0.349429 
 ----> low 566 1 0.657174 0.342826 
 ----> low 567 0 0.690729 0.309271 
 ----> low 568 0 0.700916 0.299084 
 ----> low 569 1 0.648376 0.351624 
 ----> low 570 0 0.672932 0.327068 
 ----> low 571 0 0.644771 0.355229 
 ----> low 572 1 0.639211 0.360789 
 ----> low 573 0 0.658691 0.341309 
 ----> low 574 0 0.720491 0.279509 
 ----> low 575 0 0.705961 0.294039 
 ----> low 576 1 0.640796 0.359204 
 ----> low 577 0 0.64836 0.35164 
 ----> low 578 1 0.624798 0.375202 
 ----> low 579 0 0.66439 0.33561 
 ----> low 580 0 0.633115 0.366885 
 ----> low 581 1 0.623544 0.376456 
 ----> low 582 0 0.646407 0.353593 
 ----> low 583 0 0.662577 0.337423 
 ----> low 584 1 0.620659 0.379341 
 ----> low 585 0 0.653809 0.346191 
 ----> low 586 0 0.700072 0.299928 
 ----> low 587 0 0.685131 0.314869 
 ----> low 588 0 0.632633 0.367367 
 ----> low 589 1 0.638076 0.361924 
 ----> low 590 1 0.645284 0.354716 
 ----> low 591 0 0.708422 0.291578 
 ----> low 592 1 0.642859 0.357141 
 ----> low 593 0 0.675108 0.324892 
 ----> low 594 0 0.675334 0.324666 
 ----> low 595 0 0.694282 0.305718 
 ----> low 596 0 0.653476 0.346524 
 ----> low 597 1 0.634465 0.365535 
 ----> low 598 0 0.658761 0.341239 
 ----> low 599 0 0.682235 0.317765 
 ----> low 600 0 0.671224 0.328776 
 ----> low 601 0 0.664037 0.335963 
 ----> low 602 1 0.655691 0.344309 
 ----> low 603 1 0.661905 0.338095 
 ----> low 604 0 0.682854 0.317146 
 ----> low 605 0 0.671609 0.328391 
 ----> low 606 0 0.656638 0.343362 
 ----> low 607 0 0.694758 0.305242 
 ----> low 608 1 0.619967 0.380033 
 ----> low 609 0 0.665734 0.334266 
 ----> low 610 0 0.665321 0.334679 
 ----> low 611 0 0.663151 0.336849 
 ----> low 612 0 0.668571 0.331429 
 ----> low 613 0 0.691111 0.308889 
 ----> low 614 0 0.662952 0.337048 
 ----> low 615 0 0.689786 0.310214 
 ----> low 616 0 0.657144 0.342856 
 ----> low 617 0 0.68772 0.31228 
 ----> low 618 0 0.653752 0.346248 
 ----> low 619 1 0.652232 0.347768 
 ----> low 620 1 0.599301 0.400699 
 ----> low 621 0 0.659164 0.340836 
 ----> low 622 0 0.685879 0.314121 
 ----> low 623 0 0.672259 0.327741 
 ----> low 624 0 0.646188 0.353812 
 ----> low 625 0 0.652972 0.347028 
 ----> low 626 0 0.682659 0.317341 
 ----> low 627 0 0.662157 0.337843 
 ----> low 628 0 0.689842 0.310158 
 ----> low 629 1 0.627414 0.372586 
 ----> low 630 0 0.656031 0.343969 
 ----> low 631 0 0.672706 0.327294 
 ----> low 632 1 0.632678 0.367322 
 ----> low 633 0 0.657653 0.342347 
 ----> low 634 0 0.676388 0.323612 
 ----> low 635 1 0.630463 0.369537 
 ----> low 636 0 0.651988 0.348012 
 ----> low 637 0 0.655648 0.344352 
 ----> low 638 0 0.633083 0.366917 
 ----> low 639 1 0.669131 0.330869 
 ----> low 640 1 0.658824 0.341176 
 ----> low 641 0 0.631218 0.368782 
 ----> low 642 0 0.680667 0.319333 
 ----> low 643 0 0.668125 0.331875 
 ----> low 644 0 0.678561 0.321439 
 ----> low 645 0 0.688388 0.311612 
 ----> low 646 0 0.713408 0.286592 
 ----> low 647 0 0.681698 0.318302 
 ----> low 648 0 0.696031 0.303969 
 ----> low 649 0 0.723457 0.276543 
 ----> low 650 0 0.652993 0.347007 
 ----> low 651 1 0.616451 0.383549 
 ----> low 652 0 0.669193 0.330807 
 ----> low 653 0 0.681356 0.318644 
 ----> low 654 1 0.641509 0.358491 
 ----> low 655 0 0.670856 0.329144 
 ----> low 656 0 0.666038 0.333962 
 ----> low 657 0 0.677127 0.322873 
 ----> low 658 0 0.666488 0.333512 
 ----> low 659 0 0.61646 0.38354 
 ----> low 660 0 0.647546 0.352454 
 ----> low 661 0 0.639133 0.360867 
 ----> low 662 0 0.691133 0.308867 
 ----> low 663 0 0.679247 0.320753 
 ----> low 664 0 0.703241 0.296759 
 ----> low 665 0 0.654451 0.345549 
 ----> low 666 1 0.612504 0.387496 
 ----> low 667 0 0.699778 0.300222 
 ----> low 668 0 0.664095 0.335905 
 ----> low 669 0 0.665934 0.334066 
 ----> low 670 0 0.686988 0.313012 
 ----> low 671 0 0.661911 0.338089 
 ----> low 672 0 0.654362 0.345638 
 ----> low 673 0 0.678342 0.321658 
 ----> low 674 0 0.637586 0.362414 
 ----> low 675 1 0.628273 0.371727 
 ----> low 676 1 0.630769 0.369231 
 ----> low 677 1 0.655461 0.344539 
 ----> low 678 1 0.661324 0.338676 
 ----> low 679 0 0.669589 0.330411 
 ----> low 680 0 0.683089 0.316911 
 ----> low 681 0 0.657926 0.342074 
 ----> low 682 0 0.694573 0.305427 
 ----> low 683 0 0.686739 0.313261 
 ----> low 684 1 0.646427 0.353573 
 ----> low 685 0 0.68601 0.31399 
 ----> low 686 0 0.662337 0.337663 
 ----> low 687 0 0.660711 0.339289 
 ----> low 688 0 0.680292 0.319708 
 ----> low 689 0 0.654836 0.345164 
 ----> low 690 0 0.643961 0.356039 
 ----> low 691 0 0.68763 0.31237 
 ----> low 692 0 0.668871 0.331129 
 ----> low 693 0 0.673772 0.326228 
 ----> low 694 0 0.66402 0.33598 
 ----> low 695 0 0.639673 0.360327 
 ----> low 696 0 0.656982 0.343018 
 ----> low 697 0 0.69683 0.30317 
 ----> low 698 0 0.667145 0.332855 
 ----> low 699 0 0.652218 0.347782 
 ----> low 700 0 0.677347 0.322653 
 ----> low 701 0 0.645249 0.354751 
 ----> low 702 0 0.673211 0.326789 
 ----> low 703 0 0.623218 0.376782 
 ----> low 704 0 0.648608 0.351392 
 ----> low 705 1 0.647818 0.352182 
 ----> low 706 0 0.676641 0.323359 
 ----> low 707 0 0.661468 0.338532 
 ----> low 708 0 0.617879 0.382121 
 ----> low 709 0 0.651737 0.348263 
 ----> low 710 0 0.639811 0.360189 
 ----> low 711 0 0.671103 0.328897 
 ----> low 712 0 0.697937 0.302063 
 ----> low 713 1 0.629508 0.370492 
 ----> low 714 1 0.68182 0.31818 
 ----> low 715 1 0.670294 0.329706 
 ----> low 716 1 0.649918 0.350082 
 ----> low 717 0 0.600234 0.399766 
 ----> low 718 0 0.681145 0.318855 
