 ----> low 1 0 0.721881 0.278119 
 ----> low 2 1 0.713578 0.286422 
 ----> low 3 1 0.713643 0.286357 
 ----> low 4 1 0.460706 0.539294 
 ----> low 5 1 0.588485 0.411515 
 ----> low 6 1 0.717893 0.282107 
 ----> low 7 1 0.462827 0.537173 
 ----> low 8 0 0.7188 0.2812 
 ----> low 9 0 0.701978 0.298022 
 ----> low 10 0 0.69581 0.30419 
 ----> low 11 1 0.520906 0.479094 
 ----> low 12 1 0.622951 0.377049 
 ----> low 13 0 0.625605 0.374395 
 ----> low 14 1 0.702894 0.297106 
 ----> low 15 1 0.555385 0.444615 
 ----> low 16 1 0.685379 0.314621 
 ----> low 17 1 0.568865 0.431135 
 ----> low 18 0 0.611963 0.388037 
 ----> low 19 0 0.702267 0.297733 
 ----> low 20 0 0.709788 0.290212 
 ----> low 21 1 0.66062 0.33938 
 ----> low 22 0 0.614564 0.385436 
 ----> low 23 0 0.687341 0.312659 
 ----> low 24 0 0.687114 0.312886 
 ----> low 25 0 0.710219 0.289781 
 ----> low 26 1 0.612655 0.387345 
 ----> low 27 1 0.685454 0.314546 
 ----> low 28 1 0.604061 0.395939 
 ----> low 29 1 0.617701 0.382299 
 ----> low 30 1 0.66288 0.33712 
 ----> low 31 0 0.659891 0.340109 
 ----> low 32 0 0.60007 0.39993 
 ----> low 33 0 0.665459 0.334541 
 ----> low 34 1 0.635709 0.364291 
 ----> low 35 1 0.646435 0.353565 
 ----> low 36 0 0.624413 0.375587 
 ----> low 37 0 0.660373 0.339627 
 ----> low 38 0 0.66259 0.33741 
 ----> low 39 0 0.674213 0.325787 
 ----> low 40 1 0.663195 0.336805 
 ----> low 41 1 0.624438 0.375562 
 ----> low 42 1 0.609037 0.390963 
 ----> low 43 0 0.675269 0.324731 
 ----> low 44 0 0.642295 0.357705 
 ----> low 45 1 0.649181 0.350819 
 ----> low 46 1 0.635701 0.364299 
 ----> low 47 0 0.658659 0.341341 
 ----> low 48 0 0.646445 0.353555 
 ----> low 49 1 0.681857 0.318143 
 ----> low 50 1 0.599171 0.400829 
 ----> low 51 0 0.658227 0.341773 
 ----> low 52 1 0.643053 0.356947 
 ----> low 53 0 0.665014 0.334986 
 ----> low 54 0 0.662798 0.337202 
 ----> low 55 0 0.662075 0.337925 
 ----> low 56 0 0.655314 0.344686 
 ----> low 57 1 0.645635 0.354365 
 ----> low 58 1 0.636782 0.363218 
 ----> low 59 0 0.648747 0.351253 
 ----> low 60 1 0.661674 0.338326 
 ----> low 61 0 0.665482 0.334518 
 ----> low 62 0 0.670476 0.329524 
 ----> low 63 1 0.660505 0.339495 
 ----> low 64 1 0.62841 0.37159 
 ----> low 65 0 0.685204 0.314796 
 ----> low 66 0 0.695033 0.304967 
 ----> low 67 0 0.677419 0.322581 
 ----> low 68 1 0.671848 0.328152 
 ----> low 69 0 0.672789 0.327211 
 ----> low 70 0 0.654969 0.345031 
 ----> low 71 1 0.617664 0.382336 
 ----> low 72 0 0.659656 0.340344 
 ----> low 73 0 0.672274 0.327726 
 ----> low 74 1 0.672593 0.327407 
 ----> low 75 0 0.64451 0.35549 
 ----> low 76 0 0.666231 0.333769 
 ----> low 77 1 0.643543 0.356457 
 ----> low 78 1 0.665226 0.334774 
 ----> low 79 0 0.665611 0.334389 
 ----> low 80 1 0.644219 0.355781 
 ----> low 81 1 0.590315 0.409685 
 ----> low 82 1 0.666213 0.333787 
 ----> low 83 1 0.673387 0.326613 
 ----> low 84 1 0.624381 0.375619 
 ----> low 85 0 0.623465 0.376535 
 ----> low 86 1 0.655637 0.344363 
 ----> low 87 0 0.658533 0.341467 
 ----> low 88 1 0.644829 0.355171 
 ----> low 89 1 0.594557 0.405443 
 ----> low 90 1 0.662124 0.337876 
 ----> low 91 1 0.549367 0.450633 
 ----> low 92 0 0.654551 0.345449 
 ----> low 93 0 0.667032 0.332968 
 ----> low 94 1 0.614 0.386 
 ----> low 95 1 0.592544 0.407456 
 ----> low 96 0 0.678318 0.321682 
 ----> low 97 0 0.674642 0.325358 
 ----> low 98 1 0.680861 0.319139 
 ----> low 99 1 0.607783 0.392217 
 ----> low 100 0 0.661856 0.338144 
 ----> low 101 0 0.658727 0.341273 
 ----> low 102 1 0.642665 0.357335 
 ----> low 103 0 0.690946 0.309054 
 ----> low 104 0 0.639818 0.360182 
 ----> low 105 1 0.599358 0.400642 
 ----> low 106 0 0.634318 0.365682 
 ----> low 107 0 0.70535 0.29465 
 ----> low 108 0 0.667587 0.332413 
 ----> low 109 0 0.664719 0.335281 
 ----> low 110 1 0.630513 0.369487 
 ----> low 111 0 0.618252 0.381748 
 ----> low 112 0 0.652029 0.347971 
 ----> low 113 0 0.697408 0.302592 
 ----> low 114 1 0.602626 0.397374 
 ----> low 115 0 0.664967 0.335033 
 ----> low 116 0 0.673922 0.326078 
 ----> low 117 0 0.664907 0.335093 
 ----> low 118 1 0.684509 0.315491 
 ----> low 119 1 0.652723 0.347277 
 ----> low 120 0 0.611105 0.388895 
 ----> low 121 0 0.661294 0.338706 
 ----> low 122 1 0.635868 0.364132 
 ----> low 123 1 0.572792 0.427208 
 ----> low 124 1 0.584435 0.415565 
 ----> low 125 1 0.703798 0.296202 
 ----> low 126 0 0.689176 0.310824 
 ----> low 127 0 0.622721 0.377279 
 ----> low 128 0 0.669778 0.330222 
 ----> low 129 0 0.684954 0.315046 
 ----> low 130 1 0.630014 0.369986 
 ----> low 131 0 0.630717 0.369283 
 ----> low 132 0 0.669567 0.330433 
 ----> low 133 1 0.624395 0.375605 
 ----> low 134 1 0.595637 0.404363 
 ----> low 135 0 0.675671 0.324329 
 ----> low 136 1 0.656919 0.343081 
 ----> low 137 1 0.652816 0.347184 
 ----> low 138 1 0.57668 0.42332 
 ----> low 139 0 0.717042 0.282958 
 ----> low 140 0 0.690467 0.309533 
 ----> low 141 1 0.550798 0.449202 
 ----> low 142 0 0.627053 0.372947 
 ----> low 143 0 0.653442 0.346558 
 ----> low 144 0 0.673461 0.326539 
 ----> low 145 0 0.678038 0.321962 
 ----> low 146 0 0.670938 0.329062 
 ----> low 147 0 0.690333 0.309667 
 ----> low 148 0 0.667895 0.332105 
 ----> low 149 0 0.661581 0.338419 
 ----> low 150 1 0.643897 0.356103 
 ----> low 151 1 0.619608 0.380392 
 ----> low 152 0 0.634629 0.365371 
 ----> low 153 0 0.725868 0.274132 
 ----> low 154 0 0.657855 0.342145 
 ----> low 155 1 0.619879 0.380121 
 ----> low 156 0 0.709064 0.290936 
 ----> low 157 1 0.610753 0.389247 
 ----> low 158 1 0.636033 0.363967 
 ----> low 159 1 0.653004 0.346996 
 ----> low 160 0 0.606276 0.393724 
 ----> low 161 0 0.678797 0.321203 
 ----> low 162 1 0.600411 0.399589 
 ----> low 163 1 0.591833 0.408167 
 ----> low 164 1 0.627283 0.372717 
 ----> low 165 1 0.627546 0.372454 
 ----> low 166 1 0.534159 0.465841 
 ----> low 167 0 0.664123 0.335877 
 ----> low 168 1 0.656055 0.343945 
 ----> low 169 0 0.621327 0.378673 
 ----> low 170 0 0.672987 0.327013 
 ----> low 171 1 0.640363 0.359637 
 ----> low 172 1 0.640471 0.359529 
 ----> low 173 1 0.645282 0.354718 
 ----> low 174 0 0.664563 0.335437 
 ----> low 175 1 0.675337 0.324663 
 ----> low 176 0 0.652876 0.347124 
 ----> low 177 0 0.668224 0.331776 
 ----> low 178 0 0.635744 0.364256 
 ----> low 179 1 0.634488 0.365512 
 ----> low 180 0 0.656526 0.343474 
 ----> low 181 0 0.6869 0.3131 
 ----> low 182 0 0.664111 0.335889 
 ----> low 183 1 0.615795 0.384205 
 ----> low 184 1 0.679324 0.320676 
 ----> low 185 1 0.591191 0.408809 
 ----> low 186 0 0.650868 0.349132 
 ----> low 187 1 0.667247 0.332753 
 ----> low 188 1 0.634736 0.365264 
 ----> low 189 0 0.658393 0.341607 
 ----> low 190 1 0.597396 0.402604 
 ----> low 191 0 0.686919 0.313081 
 ----> low 192 1 0.647765 0.352235 
 ----> low 193 1 0.604395 0.395605 
 ----> low 194 0 0.688229 0.311771 
 ----> low 195 0 0.623222 0.376778 
 ----> low 196 1 0.694507 0.305493 
 ----> low 197 1 0.627056 0.372944 
 ----> low 198 0 0.679444 0.320556 
 ----> low 199 0 0.669522 0.330478 
 ----> low 200 0 0.702588 0.297412 
 ----> low 201 0 0.640161 0.359839 
 ----> low 202 0 0.630543 0.369457 
 ----> low 203 0 0.68095 0.31905 
 ----> low 204 1 0.627881 0.372119 
 ----> low 205 0 0.715117 0.284883 
 ----> low 206 1 0.632491 0.367509 
 ----> low 207 1 0.654795 0.345205 
 ----> low 208 1 0.64705 0.35295 
 ----> low 209 0 0.664096 0.335904 
 ----> low 210 0 0.691041 0.308959 
 ----> low 211 1 0.649481 0.350519 
 ----> low 212 0 0.653092 0.346908 
 ----> low 213 1 0.642759 0.357241 
 ----> low 214 0 0.675309 0.324691 
 ----> low 215 0 0.711312 0.288688 
 ----> low 216 0 0.695964 0.304036 
 ----> low 217 0 0.70767 0.29233 
 ----> low 218 1 0.605565 0.394435 
 ----> low 219 0 0.684091 0.315909 
 ----> low 220 0 0.68421 0.31579 
 ----> low 221 1 0.657334 0.342666 
 ----> low 222 0 0.6678 0.3322 
 ----> low 223 1 0.633678 0.366322 
 ----> low 224 0 0.652862 0.347138 
 ----> low 225 0 0.674885 0.325115 
 ----> low 226 1 0.586453 0.413547 
 ----> low 227 0 0.663565 0.336435 
 ----> low 228 0 0.659196 0.340804 
 ----> low 229 1 0.665944 0.334056 
 ----> low 230 0 0.697779 0.302221 
 ----> low 231 0 0.669185 0.330815 
 ----> low 232 1 0.59928 0.40072 
 ----> low 233 0 0.657558 0.342442 
 ----> low 234 0 0.672646 0.327354 
 ----> low 235 0 0.691245 0.308755 
 ----> low 236 1 0.606646 0.393354 
 ----> low 237 0 0.556085 0.443915 
 ----> low 238 0 0.702347 0.297653 
 ----> low 239 0 0.66922 0.33078 
 ----> low 240 1 0.663831 0.336169 
 ----> low 241 0 0.670718 0.329282 
 ----> low 242 0 0.663828 0.336172 
 ----> low 243 1 0.634333 0.365667 
 ----> low 244 0 0.664262 0.335738 
 ----> low 245 1 0.647303 0.352697 
 ----> low 246 1 0.671279 0.328721 
 ----> low 247 0 0.689017 0.310983 
 ----> low 248 0 0.709717 0.290283 
 ----> low 249 1 0.657465 0.342535 
 ----> low 250 0 0.696096 0.303904 
 ----> low 251 0 0.678492 0.321508 
 ----> low 252 1 0.661378 0.338622 
 ----> low 253 0 0.65768 0.34232 
 ----> low 254 1 0.616897 0.383103 
 ----> low 255 1 0.684507 0.315493 
 ----> low 256 1 0.62683 0.37317 
 ----> low 257 1 0.56753 0.43247 
 ----> low 258 0 0.681996 0.318004 
 ----> low 259 0 0.69769 0.30231 
 ----> low 260 1 0.668571 0.331429 
 ----> low 261 1 0.656639 0.343361 
 ----> low 262 1 0.674126 0.325874 
 ----> low 263 0 0.667868 0.332132 
 ----> low 264 1 0.638653 0.361347 
 ----> low 265 0 0.676594 0.323406 
 ----> low 266 0 0.642358 0.357642 
 ----> low 267 0 0.708372 0.291628 
 ----> low 268 1 0.656499 0.343501 
 ----> low 269 0 0.680601 0.319399 
 ----> low 270 0 0.700761 0.299239 
 ----> low 271 1 0.673256 0.326744 
 ----> low 272 1 0.59675 0.40325 
 ----> low 273 0 0.642972 0.357028 
 ----> low 274 1 0.67328 0.32672 
 ----> low 275 0 0.667191 0.332809 
 ----> low 276 1 0.653836 0.346164 
 ----> low 277 0 0.689675 0.310325 
 ----> low 278 0 0.618929 0.381071 
 ----> low 279 1 0.635818 0.364182 
 ----> low 280 1 0.583195 0.416805 
 ----> low 281 0 0.653266 0.346734 
 ----> low 282 1 0.666142 0.333858 
 ----> low 283 1 0.648574 0.351426 
 ----> low 284 1 0.612734 0.387266 
 ----> low 285 0 0.676603 0.323397 
 ----> low 286 0 0.677397 0.322603 
 ----> low 287 0 0.711663 0.288337 
 ----> low 288 0 0.685226 0.314774 
 ----> low 289 1 0.640919 0.359081 
 ----> low 290 0 0.663989 0.336011 
 ----> low 291 1 0.668827 0.331173 
 ----> low 292 1 0.607411 0.392589 
 ----> low 293 0 0.692071 0.307929 
 ----> low 294 1 0.593166 0.406834 
 ----> low 295 0 0.632446 0.367554 
 ----> low 296 0 0.684043 0.315957 
 ----> low 297 0 0.619418 0.380582 
 ----> low 298 1 0.665027 0.334973 
 ----> low 299 0 0.626376 0.373624 
 ----> low 300 1 0.680285 0.319715 
 ----> low 301 0 0.641803 0.358197 
 ----> low 302 0 0.666109 0.333891 
 ----> low 303 0 0.687741 0.312259 
 ----> low 304 1 0.663417 0.336583 
 ----> low 305 0 0.662888 0.337112 
 ----> low 306 0 0.636036 0.363964 
 ----> low 307 0 0.674995 0.325005 
 ----> low 308 0 0.649179 0.350821 
 ----> low 309 1 0.635453 0.364547 
 ----> low 310 1 0.634507 0.365493 
 ----> low 311 0 0.658989 0.341011 
 ----> low 312 0 0.64791 0.35209 
 ----> low 313 0 0.66623 0.33377 
 ----> low 314 1 0.620069 0.379931 
 ----> low 315 0 0.65441 0.34559 
 ----> low 316 0 0.684316 0.315684 
 ----> low 317 0 0.651263 0.348737 
 ----> low 318 0 0.672805 0.327195 
 ----> low 319 0 0.652622 0.347378 
 ----> low 320 0 0.690516 0.309484 
 ----> low 321 1 0.645651 0.354349 
 ----> low 322 0 0.64921 0.35079 
 ----> low 323 1 0.616265 0.383735 
 ----> low 324 0 0.692684 0.307316 
 ----> low 325 0 0.669714 0.330286 
 ----> low 326 0 0.697079 0.302921 
 ----> low 327 1 0.663325 0.336675 
 ----> low 328 1 0.631357 0.368643 
 ----> low 329 0 0.695957 0.304043 
 ----> low 330 0 0.638273 0.361727 
 ----> low 331 0 0.667853 0.332147 
 ----> low 332 0 0.645824 0.354176 
 ----> low 333 1 0.654766 0.345234 
 ----> low 334 1 0.60086 0.39914 
 ----> low 335 1 0.644959 0.355041 
 ----> low 336 1 0.635372 0.364628 
 ----> low 337 1 0.669926 0.330074 
 ----> low 338 0 0.655254 0.344746 
 ----> low 339 0 0.715041 0.284959 
 ----> low 340 0 0.660458 0.339542 
 ----> low 341 0 0.636442 0.363558 
 ----> low 342 1 0.667455 0.332545 
 ----> low 343 1 0.619616 0.380384 
 ----> low 344 0 0.627651 0.372349 
 ----> low 345 0 0.677648 0.322352 
 ----> low 346 0 0.667608 0.332392 
 ----> low 347 0 0.658836 0.341164 
 ----> low 348 0 0.630087 0.369913 
 ----> low 349 0 0.632759 0.367241 
 ----> low 350 1 0.682554 0.317446 
 ----> low 351 1 0.634126 0.365874 
 ----> low 352 0 0.693072 0.306928 
 ----> low 353 0 0.614503 0.385497 
 ----> low 354 0 0.697619 0.302381 
 ----> low 355 0 0.693757 0.306243 
 ----> low 356 0 0.63985 0.36015 
 ----> low 357 1 0.663992 0.336008 
 ----> low 358 0 0.641652 0.358348 
 ----> low 359 0 0.724173 0.275827 
 ----> low 360 0 0.705891 0.294109 
 ----> low 361 0 0.718265 0.281735 
 ----> low 362 1 0.624097 0.375903 
 ----> low 363 1 0.683709 0.316291 
 ----> low 364 0 0.712126 0.287874 
 ----> low 365 0 0.651152 0.348848 
 ----> low 366 1 0.634966 0.365034 
 ----> low 367 1 0.627925 0.372075 
 ----> low 368 0 0.656825 0.343175 
 ----> low 369 0 0.654311 0.345689 
 ----> low 370 0 0.688158 0.311842 
 ----> low 371 1 0.635854 0.364146 
 ----> low 372 0 0.693703 0.306297 
 ----> low 373 0 0.727173 0.272827 
 ----> low 374 0 0.696311 0.303689 
 ----> low 375 0 0.71289 0.28711 
 ----> low 376 1 0.661477 0.338523 
 ----> low 377 0 0.676857 0.323143 
 ----> low 378 0 0.6897 0.3103 
 ----> low 379 1 0.680465 0.319535 
 ----> low 380 0 0.670069 0.329931 
 ----> low 381 1 0.625763 0.374237 
 ----> low 382 0 0.636 0.364 
 ----> low 383 0 0.692867 0.307133 
 ----> low 384 0 0.665393 0.334607 
 ----> low 385 0 0.689824 0.310176 
 ----> low 386 1 0.613893 0.386107 
 ----> low 387 0 0.684596 0.315404 
 ----> low 388 1 0.627848 0.372152 
 ----> low 389 1 0.625161 0.374839 
 ----> low 390 0 0.686232 0.313768 
 ----> low 391 0 0.682939 0.317061 
 ----> low 392 0 0.668225 0.331775 
 ----> low 393 0 0.658603 0.341397 
 ----> low 394 1 0.638698 0.361302 
 ----> low 395 0 0.652017 0.347983 
 ----> low 396 0 0.687699 0.312301 
 ----> low 397 0 0.689549 0.310451 
 ----> low 398 1 0.652212 0.347788 
 ----> low 399 1 0.575792 0.424208 
 ----> low 400 1 0.618949 0.381051 
 ----> low 401 1 0.661272 0.338728 
 ----> low 402 0 0.648009 0.351991 
 ----> low 403 0 0.616175 0.383825 
 ----> low 404 0 0.665953 0.334047 
 ----> low 405 0 0.63526 0.36474 
 ----> low 406 1 0.56476 0.43524 
 ----> low 407 1 0.637069 0.362931 
 ----> low 408 0 0.635237 0.364763 
 ----> low 409 0 0.678609 0.321391 
 ----> low 410 0 0.65315 0.34685 
 ----> low 411 0 0.703615 0.296385 
 ----> low 412 0 0.626579 0.373421 
 ----> low 413 0 0.680025 0.319975 
 ----> low 414 0 0.690902 0.309098 
 ----> low 415 1 0.670684 0.329316 
 ----> low 416 0 0.634474 0.365526 
 ----> low 417 0 0.654743 0.345257 
 ----> low 418 0 0.691709 0.308291 
 ----> low 419 1 0.618039 0.381961 
 ----> low 420 0 0.66267 0.33733 
 ----> low 421 0 0.712595 0.287405 
 ----> low 422 0 0.653051 0.346949 
 ----> low 423 1 0.620787 0.379213 
 ----> low 424 0 0.706637 0.293363 
 ----> low 425 0 0.673249 0.326751 
 ----> low 426 0 0.660537 0.339463 
 ----> low 427 0 0.704978 0.295022 
 ----> low 428 0 0.667097 0.332903 
 ----> low 429 0 0.650958 0.349042 
 ----> low 430 0 0.662089 0.337911 
 ----> low 431 0 0.689008 0.310992 
 ----> low 432 0 0.650667 0.349333 
 ----> low 433 0 0.648768 0.351232 
 ----> low 434 1 0.660567 0.339433 
 ----> low 435 1 0.680482 0.319518 
 ----> low 436 1 0.638956 0.361044 
 ----> low 437 0 0.647269 0.352731 
 ----> low 438 0 0.677892 0.322108 
 ----> low 439 0 0.657419 0.342581 
 ----> low 440 0 0.635484 0.364516 
 ----> low 441 0 0.640756 0.359244 
 ----> low 442 0 0.683117 0.316883 
 ----> low 443 0 0.66893 0.33107 
 ----> low 444 0 0.685741 0.314259 
 ----> low 445 1 0.662115 0.337885 
 ----> low 446 0 0.611426 0.388574 
 ----> low 447 0 0.664072 0.335928 
 ----> low 448 0 0.666502 0.333498 
 ----> low 449 0 0.667476 0.332524 
 ----> low 450 0 0.689205 0.310795 
 ----> low 451 0 0.685259 0.314741 
 ----> low 452 0 0.68192 0.31808 
 ----> low 453 1 0.646828 0.353172 
 ----> low 454 0 0.680954 0.319046 
 ----> low 455 1 0.643132 0.356868 
 ----> low 456 0 0.652354 0.347646 
 ----> low 457 0 0.683701 0.316299 
 ----> low 458 0 0.702472 0.297528 
 ----> low 459 1 0.525365 0.474635 
 ----> low 460 0 0.652789 0.347211 
 ----> low 461 0 0.68621 0.31379 
 ----> low 462 1 0.636903 0.363097 
 ----> low 463 0 0.679902 0.320098 
 ----> low 464 0 0.655845 0.344155 
 ----> low 465 0 0.650824 0.349176 
 ----> low 466 0 0.720321 0.279679 
 ----> low 467 1 0.56516 0.43484 
 ----> low 468 1 0.565813 0.434187 
 ----> low 469 0 0.673639 0.326361 
 ----> low 470 1 0.67144 0.32856 
 ----> low 471 1 0.627459 0.372541 
 ----> low 472 0 0.678472 0.321528 
 ----> low 473 0 0.679457 0.320543 
 ----> low 474 1 0.651711 0.348289 
 ----> low 475 0 0.644263 0.355737 
 ----> low 476 0 0.672687 0.327313 
 ----> low 477 0 0.693646 0.306354 
 ----> low 478 0 0.642381 0.357619 
 ----> low 479 0 0.671974 0.328026 
 ----> low 480 0 0.681542 0.318458 
 ----> low 481 0 0.681068 0.318932 
 ----> low 482 0 0.704176 0.295824 
 ----> low 483 1 0.637271 0.362729 
 ----> low 484 0 0.708252 0.291748 
 ----> low 485 0 0.697781 0.302219 
 ----> low 486 0 0.653687 0.346313 
 ----> low 487 0 0.719908 0.280092 
 ----> low 488 0 0.688572 0.311428 
 ----> low 489 1 0.589793 0.410207 
 ----> low 490 1 0.626736 0.373264 
 ----> low 491 0 0.703757 0.296243 
 ----> low 492 1 0.588688 0.411312 
 ----> low 493 0 0.656635 0.343365 
 ----> low 494 0 0.678562 0.321438 
 ----> low 495 1 0.652903 0.347097 
 ----> low 496 1 0.644929 0.355071 
 ----> low 497 0 0.654931 0.345069 
 ----> low 498 0 0.678728 0.321272 
 ----> low 499 0 0.698477 0.301523 
 ----> low 500 0 0.678252 0.321748 
 ----> low 501 1 0.628927 0.371073 
 ----> low 502 0 0.675382 0.324618 
 ----> low 503 1 0.638569 0.361431 
 ----> low 504 0 0.677059 0.322941 
 ----> low 505 0 0.650186 0.349814 
 ----> low 506 0 0.666572 0.333428 
 ----> low 507 0 0.69511 0.30489 
 ----> low 508 0 0.694165 0.305835 
 ----> low 509 1 0.625018 0.374982 
 ----> low 510 1 0.664353 0.335647 
 ----> low 511 0 0.651326 0.348674 
 ----> low 512 0 0.693827 0.306173 
 ----> low 513 1 0.642523 0.357477 
 ----> low 514 0 0.623547 0.376453 
 ----> low 515 1 0.632646 0.367354 
 ----> low 516 0 0.667049 0.332951 
 ----> low 517 0 0.658906 0.341094 
 ----> low 518 0 0.661446 0.338554 
 ----> low 519 0 0.730788 0.269212 
 ----> low 520 1 0.619143 0.380857 
 ----> low 521 1 0.569524 0.430476 
 ----> low 522 1 0.60897 0.39103 
 ----> low 523 1 0.676287 0.323713 
 ----> low 524 1 0.649389 0.350611 
 ----> low 525 0 0.695057 0.304943 
 ----> low 526 0 0.647152 0.352848 
 ----> low 527 0 0.654537 0.345463 
 ----> low 528 0 0.668703 0.331297 
 ----> low 529 0 0.686836 0.313164 
 ----> low 530 1 0.609812 0.390188 
 ----> low 531 0 0.658653 0.341347 
 ----> low 532 0 0.691658 0.308342 
 ----> low 533 0 0.648695 0.351305 
 ----> low 534 0 0.679681 0.320319 
 ----> low 535 0 0.622795 0.377205 
 ----> low 536 0 0.657252 0.342748 
 ----> low 537 0 0.696446 0.303554 
 ----> low 538 0 0.687215 0.312785 
 ----> low 539 0 0.638133 0.361867 
 ----> low 540 0 0.650239 0.349761 
 ----> low 541 1 0.679281 0.320719 
 ----> low 542 0 0.668094 0.331906 
 ----> low 543 1 0.644964 0.355036 
 ----> low 544 0 0.648571 0.351429 
 ----> low 545 0 0.6559 0.3441 
 ----> low 546 1 0.670563 0.329437 
 ----> low 547 0 0.679585 0.320415 
 ----> low 548 1 0.654421 0.345579 
 ----> low 549 1 0.625655 0.374345 
 ----> low 550 0 0.676082 0.323918 
 ----> low 551 0 0.644499 0.355501 
 ----> low 552 0 0.639066 0.360934 
 ----> low 553 1 0.639983 0.360017 
 ----> low 554 0 0.669531 0.330469 
 ----> low 555 1 0.642768 0.357232 
 ----> low 556 1 0.627662 0.372338 
 ----> low 557 0 0.661406 0.338594 
 ----> low 558 1 0.676613 0.323387 
 ----> low 559 0 0.632465 0.367535 
 ----> low 560 0 0.678146 0.321854 
 ----> low 561 0 0.665241 0.334759 
 ----> low 562 0 0.703025 0.296975 
 ----> low 563 0 0.664218 0.335782 
 ----> low 564 1 0.628794 0.371206 
 ----> low 565 0 0.707819 0.292181 
 ----> low 566 1 0.610586 0.389414 
 ----> low 567 0 0.659408 0.340592 
 ----> low 568 0 0.666546 0.333454 
 ----> low 569 1 0.655225 0.344775 
 ----> low 570 0 0.634195 0.365805 
 ----> low 571 0 0.701455 0.298545 
 ----> low 572 1 0.631211 0.368789 
 ----> low 573 0 0.684713 0.315287 
 ----> low 574 0 0.682317 0.317683 
 ----> low 575 0 0.688019 0.311981 
 ----> low 576 1 0.683262 0.316738 
 ----> low 577 0 0.658995 0.341005 
 ----> low 578 1 0.607778 0.392222 
 ----> low 579 0 0.672337 0.327663 
 ----> low 580 0 0.645399 0.354601 
 ----> low 581 1 0.648987 0.351013 
 ----> low 582 0 0.714922 0.285078 
 ----> low 583 0 0.663591 0.336409 
 ----> low 584 1 0.611275 0.388725 
 ----> low 585 0 0.679962 0.320038 
 ----> low 586 0 0.693047 0.306953 
 ----> low 587 0 0.699062 0.300938 
 ----> low 588 0 0.661774 0.338226 
 ----> low 589 1 0.635855 0.364145 
 ----> low 590 1 0.651765 0.348235 
 ----> low 591 0 0.709529 0.290471 
 ----> low 592 1 0.60912 0.39088 
 ----> low 593 0 0.682876 0.317124 
 ----> low 594 0 0.693657 0.306343 
 ----> low 595 0 0.708366 0.291634 
 ----> low 596 0 0.679343 0.320657 
 ----> low 597 1 0.692519 0.307481 
 ----> low 598 0 0.653665 0.346335 
 ----> low 599 0 0.673125 0.326875 
 ----> low 600 0 0.678458 0.321542 
 ----> low 601 0 0.670913 0.329087 
 ----> low 602 1 0.680493 0.319507 
 ----> low 603 1 0.630909 0.369091 
 ----> low 604 0 0.670875 0.329125 
 ----> low 605 0 0.691266 0.308734 
 ----> low 606 0 0.68825 0.31175 
 ----> low 607 0 0.67096 0.32904 
 ----> low 608 1 0.65347 0.34653 
 ----> low 609 0 0.676066 0.323934 
 ----> low 610 0 0.690807 0.309193 
 ----> low 611 0 0.685207 0.314793 
 ----> low 612 0 0.70016 0.29984 
 ----> low 613 0 0.670296 0.329704 
 ----> low 614 0 0.672491 0.327509 
 ----> low 615 0 0.710489 0.289511 
 ----> low 616 0 0.67824 0.32176 
 ----> low 617 0 0.670999 0.329001 
 ----> low 618 0 0.683811 0.316189 
 ----> low 619 1 0.648746 0.351254 
 ----> low 620 1 0.623984 0.376016 
 ----> low 621 0 0.623239 0.376761 
 ----> low 622 0 0.677909 0.322091 
 ----> low 623 0 0.650009 0.349991 
 ----> low 624 0 0.668039 0.331961 
 ----> low 625 0 0.694424 0.305576 
 ----> low 626 0 0.669355 0.330645 
 ----> low 627 0 0.665437 0.334563 
 ----> low 628 0 0.656864 0.343136 
 ----> low 629 1 0.660293 0.339707 
 ----> low 630 0 0.640204 0.359796 
 ----> low 631 0 0.684547 0.315453 
 ----> low 632 1 0.647482 0.352518 
 ----> low 633 0 0.653256 0.346744 
 ----> low 634 0 0.665306 0.334694 
 ----> low 635 1 0.641312 0.358688 
 ----> low 636 0 0.681 0.319 
 ----> low 637 0 0.650603 0.349397 
 ----> low 638 0 0.67649 0.32351 
 ----> low 639 1 0.636662 0.363338 
 ----> low 640 1 0.645218 0.354782 
 ----> low 641 0 0.666156 0.333844 
 ----> low 642 0 0.641847 0.358153 
 ----> low 643 0 0.686368 0.313632 
 ----> low 644 0 0.671054 0.328946 
 ----> low 645 0 0.709368 0.290632 
 ----> low 646 0 0.704035 0.295965 
 ----> low 647 0 0.714132 0.285868 
 ----> low 648 0 0.648353 0.351647 
 ----> low 649 0 0.714096 0.285904 
 ----> low 650 0 0.681988 0.318012 
 ----> low 651 1 0.64815 0.35185 
 ----> low 652 0 0.625953 0.374047 
 ----> low 653 0 0.682392 0.317608 
 ----> low 654 1 0.652482 0.347518 
 ----> low 655 0 0.620615 0.379385 
 ----> low 656 0 0.67045 0.32955 
 ----> low 657 0 0.677331 0.322669 
 ----> low 658 0 0.685982 0.314018 
 ----> low 659 0 0.690536 0.309464 
 ----> low 660 0 0.671852 0.328148 
 ----> low 661 0 0.720699 0.279301 
 ----> low 662 0 0.705492 0.294508 
 ----> low 663 0 0.709761 0.290239 
 ----> low 664 0 0.682773 0.317227 
 ----> low 665 0 0.677006 0.322994 
 ----> low 666 1 0.67545 0.32455 
 ----> low 667 0 0.679904 0.320096 
 ----> low 668 0 0.671356 0.328644 
 ----> low 669 0 0.676381 0.323619 
 ----> low 670 0 0.635808 0.364192 
 ----> low 671 0 0.653976 0.346024 
 ----> low 672 0 0.646854 0.353146 
 ----> low 673 0 0.669533 0.330467 
 ----> low 674 0 0.665638 0.334362 
 ----> low 675 1 0.657942 0.342058 
 ----> low 676 1 0.615125 0.384875 
 ----> low 677 1 0.612252 0.387748 
 ----> low 678 1 0.628155 0.371845 
 ----> low 679 0 0.636757 0.363243 
 ----> low 680 0 0.657758 0.342242 
 ----> low 681 0 0.665408 0.334592 
 ----> low 682 0 0.635376 0.364624 
 ----> low 683 0 0.686261 0.313739 
 ----> low 684 1 0.666206 0.333794 
 ----> low 685 0 0.64554 0.35446 
 ----> low 686 0 0.632671 0.367329 
 ----> low 687 0 0.668133 0.331867 
 ----> low 688 0 0.664512 0.335488 
 ----> low 689 0 0.675713 0.324287 
 ----> low 690 0 0.670151 0.329849 
 ----> low 691 0 0.667107 0.332893 
 ----> low 692 0 0.632792 0.367208 
 ----> low 693 0 0.71669 0.28331 
 ----> low 694 0 0.684593 0.315407 
 ----> low 695 0 0.682213 0.317787 
 ----> low 696 0 0.70759 0.29241 
 ----> low 697 0 0.717169 0.282831 
 ----> low 698 0 0.647349 0.352651 
 ----> low 699 0 0.64216 0.35784 
 ----> low 700 0 0.675887 0.324113 
 ----> low 701 0 0.66526 0.33474 
 ----> low 702 0 0.689176 0.310824 
 ----> low 703 0 0.674727 0.325273 
 ----> low 704 0 0.665526 0.334474 
 ----> low 705 1 0.693512 0.306488 
 ----> low 706 0 0.676098 0.323902 
 ----> low 707 0 0.667658 0.332342 
 ----> low 708 0 0.677128 0.322872 
 ----> low 709 0 0.696793 0.303207 
 ----> low 710 0 0.686014 0.313986 
 ----> low 711 0 0.701514 0.298486 
 ----> low 712 0 0.698366 0.301634 
 ----> low 713 1 0.627422 0.372578 
 ----> low 714 1 0.640977 0.359023 
 ----> low 715 1 0.631457 0.368543 
 ----> low 716 1 0.67408 0.32592 
 ----> low 717 0 0.624865 0.375135 
 ----> low 718 0 0.6934 0.3066 
