 ----> low 1 0 0 0 
 ----> low 2 1 0 0 
 ----> low 3 1 0.651449 0.348551 
 ----> low 4 1 0.653853 0.346147 
 ----> low 5 1 0.653118 0.346882 
 ----> low 6 1 0.642181 0.357819 
 ----> low 7 1 0.659106 0.340894 
 ----> low 8 0 0.63313 0.36687 
 ----> low 9 0 0.653085 0.346915 
 ----> low 10 0 0.675225 0.324775 
 ----> low 11 1 0.672152 0.327848 
 ----> low 12 1 0.649998 0.350002 
 ----> low 13 0 0.650919 0.349081 
 ----> low 14 1 0.61658 0.38342 
 ----> low 15 1 0.714853 0.285147 
 ----> low 16 1 0.624 0.376 
 ----> low 17 1 0.615642 0.384358 
 ----> low 18 0 0.65512 0.34488 
 ----> low 19 0 0.674558 0.325442 
 ----> low 20 0 0.673383 0.326617 
 ----> low 21 1 0.586319 0.413681 
 ----> low 22 0 0.664703 0.335297 
 ----> low 23 0 0.648169 0.351831 
 ----> low 24 0 0.66065 0.33935 
 ----> low 25 0 0.693531 0.306469 
 ----> low 26 1 0.654529 0.345471 
 ----> low 27 1 0.598034 0.401966 
 ----> low 28 1 0.65118 0.34882 
 ----> low 29 1 0.669202 0.330798 
 ----> low 30 1 0.667703 0.332297 
 ----> low 31 0 0.640075 0.359925 
 ----> low 32 0 0.677999 0.322001 
 ----> low 33 0 0.654479 0.345521 
 ----> low 34 1 0.653529 0.346471 
 ----> low 35 1 0.610834 0.389166 
 ----> low 36 0 0.633133 0.366867 
 ----> low 37 0 0.729374 0.270626 
 ----> low 38 0 0.688101 0.311899 
 ----> low 39 0 0.642652 0.357348 
 ----> low 40 1 0.627318 0.372682 
 ----> low 41 1 0.64979 0.35021 
 ----> low 42 1 0.626788 0.373212 
 ----> low 43 0 0.644144 0.355856 
 ----> low 44 0 0.654407 0.345593 
 ----> low 45 1 0.643471 0.356529 
 ----> low 46 1 0.66214 0.33786 
 ----> low 47 0 0.681454 0.318546 
 ----> low 48 0 0.674913 0.325087 
 ----> low 49 1 0.682705 0.317295 
 ----> low 50 1 0.604045 0.395955 
 ----> low 51 0 0.631495 0.368505 
 ----> low 52 1 0.616043 0.383957 
 ----> low 53 0 0.656821 0.343179 
 ----> low 54 0 0.677294 0.322706 
 ----> low 55 0 0.652277 0.347723 
 ----> low 56 0 0.683217 0.316783 
 ----> low 57 1 0.646267 0.353733 
 ----> low 58 1 0.645197 0.354803 
 ----> low 59 0 0.689456 0.310544 
 ----> low 60 1 0.619018 0.380982 
 ----> low 61 0 0.676124 0.323876 
 ----> low 62 0 0.66938 0.33062 
 ----> low 63 1 0.614143 0.385857 
 ----> low 64 1 0.672415 0.327585 
 ----> low 65 0 0.679789 0.320211 
 ----> low 66 0 0.672592 0.327408 
 ----> low 67 0 0.678389 0.321611 
 ----> low 68 1 0.66964 0.33036 
 ----> low 69 0 0.652536 0.347464 
 ----> low 70 0 0.670584 0.329416 
 ----> low 71 1 0.629867 0.370133 
 ----> low 72 0 0.658984 0.341016 
 ----> low 73 0 0.652439 0.347561 
 ----> low 74 1 0.675764 0.324236 
 ----> low 75 0 0.665505 0.334495 
 ----> low 76 0 0.659791 0.340209 
 ----> low 77 1 0.654946 0.345054 
 ----> low 78 1 0.634867 0.365133 
 ----> low 79 0 0.625829 0.374171 
 ----> low 80 1 0.674186 0.325814 
 ----> low 81 1 0.650664 0.349336 
 ----> low 82 1 0.66216 0.33784 
 ----> low 83 1 0.66993 0.33007 
 ----> low 84 1 0.644641 0.355359 
 ----> low 85 0 0.657732 0.342268 
 ----> low 86 1 0.645049 0.354951 
 ----> low 87 0 0.663861 0.336139 
 ----> low 88 1 0.625579 0.374421 
 ----> low 89 1 0.666428 0.333572 
 ----> low 90 1 0.651251 0.348749 
 ----> low 91 1 0.665362 0.334638 
 ----> low 92 0 0.637416 0.362584 
 ----> low 93 0 0.669462 0.330538 
 ----> low 94 1 0.635645 0.364355 
 ----> low 95 1 0.583 0.417 
 ----> low 96 0 0.644026 0.355974 
 ----> low 97 0 0.710139 0.289861 
 ----> low 98 1 0.575925 0.424075 
 ----> low 99 1 0.663691 0.336309 
 ----> low 100 0 0.646655 0.353345 
 ----> low 101 0 0.686249 0.313751 
 ----> low 102 1 0.634711 0.365289 
 ----> low 103 0 0.684966 0.315034 
 ----> low 104 0 0.687248 0.312752 
 ----> low 105 1 0.51574 0.48426 
 ----> low 106 0 0.688594 0.311406 
 ----> low 107 0 0.692895 0.307105 
 ----> low 108 0 0.667623 0.332377 
 ----> low 109 0 0.64048 0.35952 
 ----> low 110 1 0.634899 0.365101 
 ----> low 111 0 0.669211 0.330789 
 ----> low 112 0 0.649459 0.350541 
 ----> low 113 0 0.623734 0.376266 
 ----> low 114 1 0.656014 0.343986 
 ----> low 115 0 0.664831 0.335169 
 ----> low 116 0 0.686542 0.313458 
 ----> low 117 0 0.612346 0.387654 
 ----> low 118 1 0.657523 0.342477 
 ----> low 119 1 0.659701 0.340299 
 ----> low 120 0 0.662079 0.337921 
 ----> low 121 0 0.661614 0.338386 
 ----> low 122 1 0.657734 0.342266 
 ----> low 123 1 0.648107 0.351893 
 ----> low 124 1 0.642184 0.357816 
 ----> low 125 1 0.601633 0.398367 
 ----> low 126 0 0.699606 0.300394 
 ----> low 127 0 0.645326 0.354674 
 ----> low 128 0 0.687676 0.312324 
 ----> low 129 0 0.683304 0.316696 
 ----> low 130 1 0.614963 0.385037 
 ----> low 131 0 0.69212 0.30788 
 ----> low 132 0 0.660396 0.339604 
 ----> low 133 1 0.6371 0.3629 
 ----> low 134 1 0.641525 0.358475 
 ----> low 135 0 0.663907 0.336093 
 ----> low 136 1 0.587576 0.412424 
 ----> low 137 1 0.674188 0.325812 
 ----> low 138 1 0.662933 0.337067 
 ----> low 139 0 0.691453 0.308547 
 ----> low 140 0 0.647189 0.352811 
 ----> low 141 1 0.627918 0.372082 
 ----> low 142 0 0.698075 0.301925 
 ----> low 143 0 0.70897 0.29103 
 ----> low 144 0 0.706056 0.293944 
 ----> low 145 0 0.656011 0.343989 
 ----> low 146 0 0.679162 0.320838 
 ----> low 147 0 0.685794 0.314206 
 ----> low 148 0 0.616159 0.383841 
 ----> low 149 0 0.681222 0.318778 
 ----> low 150 1 0.645429 0.354571 
 ----> low 151 1 0.613164 0.386836 
 ----> low 152 0 0.649761 0.350239 
 ----> low 153 0 0.694573 0.305427 
 ----> low 154 0 0.693287 0.306713 
 ----> low 155 1 0.626456 0.373544 
 ----> low 156 0 0.681309 0.318691 
 ----> low 157 1 0.641993 0.358007 
 ----> low 158 1 0.629449 0.370551 
 ----> low 159 1 0.609061 0.390939 
 ----> low 160 0 0.649211 0.350789 
 ----> low 161 0 0.646336 0.353664 
 ----> low 162 1 0.638786 0.361214 
 ----> low 163 1 0.655352 0.344648 
 ----> low 164 1 0.624123 0.375877 
 ----> low 165 1 0.68359 0.31641 
 ----> low 166 1 0.635042 0.364958 
 ----> low 167 0 0.677517 0.322483 
 ----> low 168 1 0.653415 0.346585 
 ----> low 169 0 0.665558 0.334442 
 ----> low 170 0 0.680741 0.319259 
 ----> low 171 1 0.626071 0.373929 
 ----> low 172 1 0.640458 0.359542 
 ----> low 173 1 0.654466 0.345534 
 ----> low 174 0 0.67864 0.32136 
 ----> low 175 1 0.625346 0.374654 
 ----> low 176 0 0.631315 0.368685 
 ----> low 177 0 0.676625 0.323375 
 ----> low 178 0 0.638204 0.361796 
 ----> low 179 1 0.653255 0.346745 
 ----> low 180 0 0.677795 0.322205 
 ----> low 181 0 0.654758 0.345242 
 ----> low 182 0 0.669898 0.330102 
 ----> low 183 1 0.66094 0.33906 
 ----> low 184 1 0.602713 0.397287 
 ----> low 185 1 0.677974 0.322026 
 ----> low 186 0 0.702961 0.297039 
 ----> low 187 1 0.538206 0.461794 
 ----> low 188 1 0.617405 0.382595 
 ----> low 189 0 0.687433 0.312567 
 ----> low 190 1 0.614184 0.385816 
 ----> low 191 0 0.701519 0.298481 
 ----> low 192 1 0.653389 0.346611 
 ----> low 193 1 0.676487 0.323513 
 ----> low 194 0 0.670019 0.329981 
 ----> low 195 0 0.697109 0.302891 
 ----> low 196 1 0.627941 0.372059 
 ----> low 197 1 0.630139 0.369861 
 ----> low 198 0 0.679596 0.320404 
 ----> low 199 0 0.649683 0.350317 
 ----> low 200 0 0.644799 0.355201 
 ----> low 201 0 0.625368 0.374632 
 ----> low 202 0 0.647883 0.352117 
 ----> low 203 0 0.67162 0.32838 
 ----> low 204 1 0.646558 0.353442 
 ----> low 205 0 0.633124 0.366876 
 ----> low 206 1 0.629206 0.370794 
 ----> low 207 1 0.616332 0.383668 
 ----> low 208 1 0.63825 0.36175 
 ----> low 209 0 0.666794 0.333206 
 ----> low 210 0 0.647874 0.352126 
 ----> low 211 1 0.662258 0.337742 
 ----> low 212 0 0.664632 0.335368 
 ----> low 213 1 0.631408 0.368592 
 ----> low 214 0 0.645858 0.354142 
 ----> low 215 0 0.696267 0.303733 
 ----> low 216 0 0.674271 0.325729 
 ----> low 217 0 0.688174 0.311826 
 ----> low 218 1 0.637672 0.362328 
 ----> low 219 0 0.66929 0.33071 
 ----> low 220 0 0.6269 0.3731 
 ----> low 221 1 0.628587 0.371413 
 ----> low 222 0 0.680332 0.319668 
 ----> low 223 1 0.668217 0.331783 
 ----> low 224 0 0.664986 0.335014 
 ----> low 225 0 0.653294 0.346706 
 ----> low 226 1 0.688329 0.311671 
 ----> low 227 0 0.669969 0.330031 
 ----> low 228 0 0.688067 0.311933 
 ----> low 229 1 0.63055 0.36945 
 ----> low 230 0 0.668936 0.331064 
 ----> low 231 0 0.666964 0.333036 
 ----> low 232 1 0.65533 0.34467 
 ----> low 233 0 0.659036 0.340964 
 ----> low 234 0 0.650643 0.349357 
 ----> low 235 0 0.654479 0.345521 
 ----> low 236 1 0.593124 0.406876 
 ----> low 237 0 0.648421 0.351579 
 ----> low 238 0 0.666285 0.333715 
 ----> low 239 0 0.668946 0.331054 
 ----> low 240 1 0.633401 0.366599 
 ----> low 241 0 0.589369 0.410631 
 ----> low 242 0 0.626701 0.373299 
 ----> low 243 1 0.62474 0.37526 
 ----> low 244 0 0.633838 0.366162 
 ----> low 245 1 0.647035 0.352965 
 ----> low 246 1 0.655539 0.344461 
 ----> low 247 0 0.660254 0.339746 
 ----> low 248 0 0.673587 0.326413 
 ----> low 249 1 0.637611 0.362389 
 ----> low 250 0 0.681802 0.318198 
 ----> low 251 0 0.66481 0.33519 
 ----> low 252 1 0.665003 0.334997 
 ----> low 253 0 0.640591 0.359409 
 ----> low 254 1 0.654545 0.345455 
 ----> low 255 1 0.662953 0.337047 
 ----> low 256 1 0.615102 0.384898 
 ----> low 257 1 0.691219 0.308781 
 ----> low 258 0 0.696554 0.303446 
 ----> low 259 0 0.663419 0.336581 
 ----> low 260 1 0.671423 0.328577 
 ----> low 261 1 0.654454 0.345546 
 ----> low 262 1 0.655506 0.344494 
 ----> low 263 0 0.646273 0.353727 
 ----> low 264 1 0.61487 0.38513 
 ----> low 265 0 0.684853 0.315147 
 ----> low 266 0 0.662863 0.337137 
 ----> low 267 0 0.673485 0.326515 
 ----> low 268 1 0.616185 0.383815 
 ----> low 269 0 0.675033 0.324967 
 ----> low 270 0 0.642933 0.357067 
 ----> low 271 1 0.640402 0.359598 
 ----> low 272 1 0.704153 0.295847 
 ----> low 273 0 0.695451 0.304549 
 ----> low 274 1 0.681422 0.318578 
 ----> low 275 0 0.690674 0.309326 
 ----> low 276 1 0.546903 0.453097 
 ----> low 277 0 0.648013 0.351987 
 ----> low 278 0 0.645789 0.354211 
 ----> low 279 1 0.657845 0.342155 
 ----> low 280 1 0.631673 0.368327 
 ----> low 281 0 0.672535 0.327465 
 ----> low 282 1 0.633537 0.366463 
 ----> low 283 1 0.639885 0.360115 
 ----> low 284 1 0.67651 0.32349 
 ----> low 285 0 0.666161 0.333839 
 ----> low 286 0 0.657439 0.342561 
 ----> low 287 0 0.675391 0.324609 
 ----> low 288 0 0.686428 0.313572 
 ----> low 289 1 0.624058 0.375942 
 ----> low 290 0 0.658802 0.341198 
 ----> low 291 1 0.61531 0.38469 
 ----> low 292 1 0.659418 0.340582 
 ----> low 293 0 0.660548 0.339452 
 ----> low 294 1 0.637577 0.362423 
 ----> low 295 0 0.679381 0.320619 
 ----> low 296 0 0.655349 0.344651 
 ----> low 297 0 0.618791 0.381209 
 ----> low 298 1 0.666991 0.333009 
 ----> low 299 0 0.675726 0.324274 
 ----> low 300 1 0.682196 0.317804 
 ----> low 301 0 0.678335 0.321665 
 ----> low 302 0 0.648537 0.351463 
 ----> low 303 0 0.645985 0.354015 
 ----> low 304 1 0.640971 0.359029 
 ----> low 305 0 0.683845 0.316155 
 ----> low 306 0 0.667725 0.332275 
 ----> low 307 0 0.631455 0.368545 
 ----> low 308 0 0.670343 0.329657 
 ----> low 309 1 0.643404 0.356596 
 ----> low 310 1 0.632839 0.367161 
 ----> low 311 0 0.672873 0.327127 
 ----> low 312 0 0.68021 0.31979 
 ----> low 313 0 0.644288 0.355712 
 ----> low 314 1 0.644531 0.355469 
 ----> low 315 0 0.665402 0.334598 
 ----> low 316 0 0.684658 0.315342 
 ----> low 317 0 0.683026 0.316974 
 ----> low 318 0 0.698225 0.301775 
 ----> low 319 0 0.63951 0.36049 
 ----> low 320 0 0.686505 0.313495 
 ----> low 321 1 0.647099 0.352901 
 ----> low 322 0 0.677725 0.322275 
 ----> low 323 1 0.617272 0.382728 
 ----> low 324 0 0.685485 0.314515 
 ----> low 325 0 0.676989 0.323011 
 ----> low 326 0 0.646658 0.353342 
 ----> low 327 1 0.626435 0.373565 
 ----> low 328 1 0.679345 0.320655 
 ----> low 329 0 0.668819 0.331181 
 ----> low 330 0 0.67391 0.32609 
 ----> low 331 0 0.687958 0.312042 
 ----> low 332 0 0.665504 0.334496 
 ----> low 333 1 0.642753 0.357247 
 ----> low 334 1 0.663756 0.336244 
 ----> low 335 1 0.679239 0.320761 
 ----> low 336 1 0.637738 0.362262 
 ----> low 337 1 0.666952 0.333048 
 ----> low 338 0 0.639789 0.360211 
 ----> low 339 0 0.671023 0.328977 
 ----> low 340 0 0.733149 0.266851 
 ----> low 341 0 0.653922 0.346078 
 ----> low 342 1 0.607853 0.392147 
 ----> low 343 1 0.618228 0.381772 
 ----> low 344 0 0.701929 0.298071 
 ----> low 345 0 0.676708 0.323292 
 ----> low 346 0 0.695543 0.304457 
 ----> low 347 0 0.683222 0.316778 
 ----> low 348 0 0.671458 0.328542 
 ----> low 349 0 0.680687 0.319313 
 ----> low 350 1 0.664299 0.335701 
 ----> low 351 1 0.60701 0.39299 
 ----> low 352 0 0.734049 0.265951 
 ----> low 353 0 0.676129 0.323871 
 ----> low 354 0 0.644003 0.355997 
 ----> low 355 0 0.640826 0.359174 
 ----> low 356 0 0.650871 0.349129 
 ----> low 357 1 0.662984 0.337016 
 ----> low 358 0 0.656498 0.343502 
 ----> low 359 0 0.652839 0.347161 
 ----> low 360 0 0.643361 0.356639 
 ----> low 361 0 0.650593 0.349407 
 ----> low 362 1 0.617869 0.382131 
 ----> low 363 1 0.675361 0.324639 
 ----> low 364 0 0.676098 0.323902 
 ----> low 365 0 0.649927 0.350073 
 ----> low 366 1 0.598002 0.401998 
 ----> low 367 1 0.624585 0.375415 
 ----> low 368 0 0.686439 0.313561 
 ----> low 369 0 0.71447 0.28553 
 ----> low 370 0 0.603311 0.396689 
 ----> low 371 1 0.651912 0.348088 
 ----> low 372 0 0.670835 0.329165 
 ----> low 373 0 0.634988 0.365012 
 ----> low 374 0 0.685471 0.314529 
 ----> low 375 0 0.658417 0.341583 
 ----> low 376 1 0.657603 0.342397 
 ----> low 377 0 0.667222 0.332778 
 ----> low 378 0 0.695152 0.304848 
 ----> low 379 1 0.635809 0.364191 
 ----> low 380 0 0.667796 0.332204 
 ----> low 381 1 0.645313 0.354687 
 ----> low 382 0 0.688118 0.311882 
 ----> low 383 0 0.646738 0.353262 
 ----> low 384 0 0.667096 0.332904 
 ----> low 385 0 0.656793 0.343207 
 ----> low 386 1 0.540887 0.459113 
 ----> low 387 0 0.698453 0.301547 
 ----> low 388 1 0.590139 0.409861 
 ----> low 389 1 0.665269 0.334731 
 ----> low 390 0 0.656032 0.343968 
 ----> low 391 0 0.676623 0.323377 
 ----> low 392 0 0.682988 0.317012 
 ----> low 393 0 0.675738 0.324262 
 ----> low 394 1 0.634161 0.365839 
 ----> low 395 0 0.650022 0.349978 
 ----> low 396 0 0.666811 0.333189 
 ----> low 397 0 0.663637 0.336363 
 ----> low 398 1 0.637801 0.362199 
 ----> low 399 1 0.615705 0.384295 
 ----> low 400 1 0.646653 0.353347 
 ----> low 401 1 0.654967 0.345033 
 ----> low 402 0 0.687891 0.312109 
 ----> low 403 0 0.638124 0.361876 
 ----> low 404 0 0.667764 0.332236 
 ----> low 405 0 0.660067 0.339933 
 ----> low 406 1 0.659706 0.340294 
 ----> low 407 1 0.619346 0.380654 
 ----> low 408 0 0.657843 0.342157 
 ----> low 409 0 0.657319 0.342681 
 ----> low 410 0 0.669435 0.330565 
 ----> low 411 0 0.696002 0.303998 
 ----> low 412 0 0.647443 0.352557 
 ----> low 413 0 0.685822 0.314178 
 ----> low 414 0 0.658586 0.341414 
 ----> low 415 1 0.637041 0.362959 
 ----> low 416 0 0.689337 0.310663 
 ----> low 417 0 0.631633 0.368367 
 ----> low 418 0 0.667016 0.332984 
 ----> low 419 1 0.665817 0.334183 
 ----> low 420 0 0.658863 0.341137 
 ----> low 421 0 0.663766 0.336234 
 ----> low 422 0 0.717356 0.282644 
 ----> low 423 1 0.626522 0.373478 
 ----> low 424 0 0.667402 0.332598 
 ----> low 425 0 0.660564 0.339436 
 ----> low 426 0 0.626097 0.373903 
 ----> low 427 0 0.696607 0.303393 
 ----> low 428 0 0.687169 0.312831 
 ----> low 429 0 0.673676 0.326324 
 ----> low 430 0 0.661948 0.338052 
 ----> low 431 0 0.678019 0.321981 
 ----> low 432 0 0.656729 0.343271 
 ----> low 433 0 0.647036 0.352964 
 ----> low 434 1 0.637826 0.362174 
 ----> low 435 1 0.649704 0.350296 
 ----> low 436 1 0.642498 0.357502 
 ----> low 437 0 0.639108 0.360892 
 ----> low 438 0 0.651784 0.348216 
 ----> low 439 0 0.664888 0.335112 
 ----> low 440 0 0.642755 0.357245 
 ----> low 441 0 0.663467 0.336533 
 ----> low 442 0 0.689088 0.310912 
 ----> low 443 0 0.66477 0.33523 
 ----> low 444 0 0.637998 0.362002 
 ----> low 445 1 0.66957 0.33043 
 ----> low 446 0 0.68041 0.31959 
 ----> low 447 0 0.687928 0.312072 
 ----> low 448 0 0.714607 0.285393 
 ----> low 449 0 0.643245 0.356755 
 ----> low 450 0 0.653393 0.346607 
 ----> low 451 0 0.66914 0.33086 
 ----> low 452 0 0.691919 0.308081 
 ----> low 453 1 0.628709 0.371291 
 ----> low 454 0 0.640929 0.359071 
 ----> low 455 1 0.657875 0.342125 
 ----> low 456 0 0.695441 0.304559 
 ----> low 457 0 0.659325 0.340675 
 ----> low 458 0 0.681263 0.318737 
 ----> low 459 1 0.638265 0.361735 
 ----> low 460 0 0.663369 0.336631 
 ----> low 461 0 0.664912 0.335088 
 ----> low 462 1 0.632802 0.367198 
 ----> low 463 0 0.657602 0.342398 
 ----> low 464 0 0.658603 0.341397 
 ----> low 465 0 0.692494 0.307506 
 ----> low 466 0 0.64919 0.35081 
 ----> low 467 1 0.6867 0.3133 
 ----> low 468 1 0.614406 0.385594 
 ----> low 469 0 0.647754 0.352246 
 ----> low 470 1 0.675202 0.324798 
 ----> low 471 1 0.67579 0.32421 
 ----> low 472 0 0.643874 0.356126 
 ----> low 473 0 0.672924 0.327076 
 ----> low 474 1 0.626312 0.373688 
 ----> low 475 0 0.635411 0.364589 
 ----> low 476 0 0.70013 0.29987 
 ----> low 477 0 0.675736 0.324264 
 ----> low 478 0 0.656947 0.343053 
 ----> low 479 0 0.663074 0.336926 
 ----> low 480 0 0.638398 0.361602 
 ----> low 481 0 0.637199 0.362801 
 ----> low 482 0 0.675909 0.324091 
 ----> low 483 1 0.678852 0.321148 
 ----> low 484 0 0.680083 0.319917 
 ----> low 485 0 0.671055 0.328945 
 ----> low 486 0 0.596166 0.403834 
 ----> low 487 0 0.671693 0.328307 
 ----> low 488 0 0.688342 0.311658 
 ----> low 489 1 0.662446 0.337554 
 ----> low 490 1 0.625066 0.374934 
 ----> low 491 0 0.649811 0.350189 
 ----> low 492 1 0.64262 0.35738 
 ----> low 493 0 0.675426 0.324574 
 ----> low 494 0 0.66446 0.33554 
 ----> low 495 1 0.64731 0.35269 
 ----> low 496 1 0.620432 0.379568 
 ----> low 497 0 0.649957 0.350043 
 ----> low 498 0 0.644585 0.355415 
 ----> low 499 0 0.673354 0.326646 
 ----> low 500 0 0.686268 0.313732 
 ----> low 501 1 0.659086 0.340914 
 ----> low 502 0 0.663753 0.336247 
 ----> low 503 1 0.654465 0.345535 
 ----> low 504 0 0.676007 0.323993 
 ----> low 505 0 0.667309 0.332691 
 ----> low 506 0 0.651029 0.348971 
 ----> low 507 0 0.67271 0.32729 
 ----> low 508 0 0.673815 0.326185 
 ----> low 509 1 0.621035 0.378965 
 ----> low 510 1 0.643532 0.356468 
 ----> low 511 0 0.68087 0.31913 
 ----> low 512 0 0.627818 0.372182 
 ----> low 513 1 0.662609 0.337391 
 ----> low 514 0 0.651463 0.348537 
 ----> low 515 1 0.635055 0.364945 
 ----> low 516 0 0.645759 0.354241 
 ----> low 517 0 0.695323 0.304677 
 ----> low 518 0 0.685201 0.314799 
 ----> low 519 0 0.692801 0.307199 
 ----> low 520 1 0.629859 0.370141 
 ----> low 521 1 0.60812 0.39188 
 ----> low 522 1 0.636921 0.363079 
 ----> low 523 1 0.65634 0.34366 
 ----> low 524 1 0.601462 0.398538 
 ----> low 525 0 0.665468 0.334532 
 ----> low 526 0 0.674198 0.325802 
 ----> low 527 0 0.677476 0.322524 
 ----> low 528 0 0.633001 0.366999 
 ----> low 529 0 0.664308 0.335692 
 ----> low 530 1 0.667027 0.332973 
 ----> low 531 0 0.680714 0.319286 
 ----> low 532 0 0.661927 0.338073 
 ----> low 533 0 0.664243 0.335757 
 ----> low 534 0 0.624294 0.375706 
 ----> low 535 0 0.654831 0.345169 
 ----> low 536 0 0.687936 0.312064 
 ----> low 537 0 0.672292 0.327708 
 ----> low 538 0 0.680625 0.319375 
 ----> low 539 0 0.664228 0.335772 
 ----> low 540 0 0.693211 0.306789 
 ----> low 541 1 0.636388 0.363612 
 ----> low 542 0 0.650787 0.349213 
 ----> low 543 1 0.693265 0.306735 
 ----> low 544 0 0.68689 0.31311 
 ----> low 545 0 0.626544 0.373456 
 ----> low 546 1 0.609796 0.390204 
 ----> low 547 0 0.650751 0.349249 
 ----> low 548 1 0.632038 0.367962 
 ----> low 549 1 0.623677 0.376323 
 ----> low 550 0 0.661543 0.338457 
 ----> low 551 0 0.689296 0.310704 
 ----> low 552 0 0.6663 0.3337 
 ----> low 553 1 0.656575 0.343425 
 ----> low 554 0 0.683853 0.316147 
 ----> low 555 1 0.547921 0.452079 
 ----> low 556 1 0.585182 0.414818 
 ----> low 557 0 0.705047 0.294953 
 ----> low 558 1 0.640705 0.359295 
 ----> low 559 0 0.671901 0.328099 
 ----> low 560 0 0.706641 0.293359 
 ----> low 561 0 0.703866 0.296134 
 ----> low 562 0 0.663317 0.336683 
 ----> low 563 0 0.673435 0.326565 
 ----> low 564 1 0.666403 0.333597 
 ----> low 565 0 0.676461 0.323539 
 ----> low 566 1 0.575543 0.424457 
 ----> low 567 0 0.675842 0.324158 
 ----> low 568 0 0.70543 0.29457 
 ----> low 569 1 0.620526 0.379474 
 ----> low 570 0 0.661062 0.338938 
 ----> low 571 0 0.682493 0.317507 
 ----> low 572 1 0.656724 0.343276 
 ----> low 573 0 0.666249 0.333751 
 ----> low 574 0 0.621032 0.378968 
 ----> low 575 0 0.67131 0.32869 
 ----> low 576 1 0.663369 0.336631 
 ----> low 577 0 0.64532 0.35468 
 ----> low 578 1 0.660441 0.339559 
 ----> low 579 0 0.704956 0.295044 
 ----> low 580 0 0.694215 0.305785 
 ----> low 581 1 0.544071 0.455929 
 ----> low 582 0 0.684305 0.315695 
 ----> low 583 0 0.648003 0.351997 
 ----> low 584 1 0.670805 0.329195 
 ----> low 585 0 0.690483 0.309517 
 ----> low 586 0 0.659549 0.340451 
 ----> low 587 0 0.690859 0.309141 
 ----> low 588 0 0.649856 0.350144 
 ----> low 589 1 0.657184 0.342816 
 ----> low 590 1 0.64204 0.35796 
 ----> low 591 0 0.663527 0.336473 
 ----> low 592 1 0.659321 0.340679 
 ----> low 593 0 0.671268 0.328732 
 ----> low 594 0 0.673401 0.326599 
 ----> low 595 0 0.677637 0.322363 
 ----> low 596 0 0.676962 0.323038 
 ----> low 597 1 0.659564 0.340436 
 ----> low 598 0 0.671738 0.328262 
 ----> low 599 0 0.697687 0.302313 
 ----> low 600 0 0.680564 0.319436 
 ----> low 601 0 0.682877 0.317123 
 ----> low 602 1 0.597689 0.402311 
 ----> low 603 1 0.618717 0.381283 
 ----> low 604 0 0.639159 0.360841 
 ----> low 605 0 0.665581 0.334419 
 ----> low 606 0 0.624909 0.375091 
 ----> low 607 0 0.681763 0.318237 
 ----> low 608 1 0.637366 0.362634 
 ----> low 609 0 0.6551 0.3449 
 ----> low 610 0 0.683531 0.316469 
 ----> low 611 0 0.673571 0.326429 
 ----> low 612 0 0.654879 0.345121 
 ----> low 613 0 0.627263 0.372737 
 ----> low 614 0 0.670886 0.329114 
 ----> low 615 0 0.647085 0.352915 
 ----> low 616 0 0.650448 0.349552 
 ----> low 617 0 0.638361 0.361639 
 ----> low 618 0 0.642834 0.357166 
 ----> low 619 1 0.660661 0.339339 
 ----> low 620 1 0.643514 0.356486 
 ----> low 621 0 0.665129 0.334871 
 ----> low 622 0 0.621895 0.378105 
 ----> low 623 0 0.64528 0.35472 
 ----> low 624 0 0.671909 0.328091 
 ----> low 625 0 0.674111 0.325889 
 ----> low 626 0 0.649198 0.350802 
 ----> low 627 0 0.675752 0.324248 
 ----> low 628 0 0.61932 0.38068 
 ----> low 629 1 0.630965 0.369035 
 ----> low 630 0 0.680398 0.319602 
 ----> low 631 0 0.682857 0.317143 
 ----> low 632 1 0.624373 0.375627 
 ----> low 633 0 0.684575 0.315425 
 ----> low 634 0 0.677714 0.322286 
 ----> low 635 1 0.643779 0.356221 
 ----> low 636 0 0.6695 0.3305 
 ----> low 637 0 0.676006 0.323994 
 ----> low 638 0 0.658167 0.341833 
 ----> low 639 1 0.646555 0.353445 
 ----> low 640 1 0.629662 0.370338 
 ----> low 641 0 0.677895 0.322105 
 ----> low 642 0 0.654288 0.345712 
 ----> low 643 0 0.639115 0.360885 
 ----> low 644 0 0.62091 0.37909 
 ----> low 645 0 0.620261 0.379739 
 ----> low 646 0 0.684228 0.315772 
 ----> low 647 0 0.663981 0.336019 
 ----> low 648 0 0.667462 0.332538 
 ----> low 649 0 0.66972 0.33028 
 ----> low 650 0 0.601652 0.398348 
 ----> low 651 1 0.644739 0.355261 
 ----> low 652 0 0.641772 0.358228 
 ----> low 653 0 0.675884 0.324116 
 ----> low 654 1 0.665119 0.334881 
 ----> low 655 0 0.701057 0.298943 
 ----> low 656 0 0.637865 0.362135 
 ----> low 657 0 0.679524 0.320476 
 ----> low 658 0 0.726761 0.273239 
 ----> low 659 0 0.658236 0.341764 
 ----> low 660 0 0.676016 0.323984 
 ----> low 661 0 0.728436 0.271564 
 ----> low 662 0 0.679838 0.320162 
 ----> low 663 0 0.682475 0.317525 
 ----> low 664 0 0.673272 0.326728 
 ----> low 665 0 0.680736 0.319264 
 ----> low 666 1 0.670807 0.329193 
 ----> low 667 0 0.688688 0.311312 
 ----> low 668 0 0.643814 0.356186 
 ----> low 669 0 0.680279 0.319721 
 ----> low 670 0 0.675534 0.324466 
 ----> low 671 0 0.626121 0.373879 
 ----> low 672 0 0.664806 0.335194 
 ----> low 673 0 0.672657 0.327343 
 ----> low 674 0 0.669987 0.330013 
 ----> low 675 1 0.614934 0.385066 
 ----> low 676 1 0.662222 0.337778 
 ----> low 677 1 0.652461 0.347539 
 ----> low 678 1 0.64882 0.35118 
 ----> low 679 0 0.661604 0.338396 
 ----> low 680 0 0.666168 0.333832 
 ----> low 681 0 0.65093 0.34907 
 ----> low 682 0 0.672538 0.327462 
 ----> low 683 0 0.699356 0.300644 
 ----> low 684 1 0.636474 0.363526 
 ----> low 685 0 0.662496 0.337504 
 ----> low 686 0 0.682578 0.317422 
 ----> low 687 0 0.674057 0.325943 
 ----> low 688 0 0.672174 0.327826 
 ----> low 689 0 0.680102 0.319898 
 ----> low 690 0 0.695962 0.304038 
 ----> low 691 0 0.677076 0.322924 
 ----> low 692 0 0.64547 0.35453 
 ----> low 693 0 0.683313 0.316687 
 ----> low 694 0 0.685656 0.314344 
 ----> low 695 0 0.659753 0.340247 
 ----> low 696 0 0.674935 0.325065 
 ----> low 697 0 0.674372 0.325628 
 ----> low 698 0 0.713084 0.286916 
 ----> low 699 0 0.652935 0.347065 
 ----> low 700 0 0.67729 0.32271 
 ----> low 701 0 0.682581 0.317419 
 ----> low 702 0 0.604277 0.395723 
 ----> low 703 0 0.686387 0.313613 
 ----> low 704 0 0.692256 0.307744 
 ----> low 705 1 0.662994 0.337006 
 ----> low 706 0 0.66625 0.33375 
 ----> low 707 0 0.66034 0.33966 
 ----> low 708 0 0.670364 0.329636 
 ----> low 709 0 0.659165 0.340835 
 ----> low 710 0 0.673419 0.326581 
 ----> low 711 0 0.641966 0.358034 
 ----> low 712 0 0.645918 0.354082 
 ----> low 713 1 0.665276 0.334724 
 ----> low 714 1 0.587276 0.412724 
 ----> low 715 1 0.604744 0.395256 
 ----> low 716 1 0.629545 0.370455 
 ----> low 717 0 0.621553 0.378447 
 ----> low 718 0 0.696724 0.303276 
