 ----> low 1 0 0.646255 0.353745 
 ----> low 2 1 0.645973 0.354027 
 ----> low 3 1 0.638619 0.361381 
 ----> low 4 1 0.65944 0.34056 
 ----> low 5 1 0.611514 0.388486 
 ----> low 6 1 0.56956 0.43044 
 ----> low 7 1 0.52586 0.47414 
 ----> low 8 0 0.665854 0.334146 
 ----> low 9 0 0.63075 0.36925 
 ----> low 10 0 0.645863 0.354137 
 ----> low 11 1 0.640817 0.359183 
 ----> low 12 1 0.655529 0.344471 
 ----> low 13 0 0.674614 0.325386 
 ----> low 14 1 0.632222 0.367778 
 ----> low 15 1 0.629669 0.370331 
 ----> low 16 1 0.622803 0.377197 
 ----> low 17 1 0.612743 0.387257 
 ----> low 18 0 0.606527 0.393473 
 ----> low 19 0 0.621793 0.378207 
 ----> low 20 0 0.608115 0.391885 
 ----> low 21 1 0.622825 0.377175 
 ----> low 22 0 0.713446 0.286554 
 ----> low 23 0 0.621788 0.378212 
 ----> low 24 0 0.656961 0.343039 
 ----> low 25 0 0.649124 0.350876 
 ----> low 26 1 0.639545 0.360455 
 ----> low 27 1 0.613567 0.386433 
 ----> low 28 1 0.624631 0.375369 
 ----> low 29 1 0.550531 0.449469 
 ----> low 30 1 0.631449 0.368551 
 ----> low 31 0 0.621027 0.378973 
 ----> low 32 0 0.651725 0.348275 
 ----> low 33 0 0.711681 0.288319 
 ----> low 34 1 0.582853 0.417147 
 ----> low 35 1 0.650841 0.349159 
 ----> low 36 0 0.651265 0.348735 
 ----> low 37 0 0.678038 0.321962 
 ----> low 38 0 0.666685 0.333315 
 ----> low 39 0 0.617434 0.382566 
 ----> low 40 1 0.605919 0.394081 
 ----> low 41 1 0.627532 0.372468 
 ----> low 42 1 0.641895 0.358105 
 ----> low 43 0 0.650395 0.349605 
 ----> low 44 0 0.659649 0.340351 
 ----> low 45 1 0.646957 0.353043 
 ----> low 46 1 0.639141 0.360859 
 ----> low 47 0 0.677798 0.322202 
 ----> low 48 0 0.678037 0.321963 
 ----> low 49 1 0.663118 0.336882 
 ----> low 50 1 0.661004 0.338996 
 ----> low 51 0 0.599077 0.400923 
 ----> low 52 1 0.662081 0.337919 
 ----> low 53 0 0.610305 0.389695 
 ----> low 54 0 0.658196 0.341804 
 ----> low 55 0 0.645528 0.354472 
 ----> low 56 0 0.634124 0.365876 
 ----> low 57 1 0.63022 0.36978 
 ----> low 58 1 0.638602 0.361398 
 ----> low 59 0 0.695334 0.304666 
 ----> low 60 1 0.635967 0.364033 
 ----> low 61 0 0.662295 0.337705 
 ----> low 62 0 0.663914 0.336086 
 ----> low 63 1 0.613508 0.386492 
 ----> low 64 1 0.65325 0.34675 
 ----> low 65 0 0.659737 0.340263 
 ----> low 66 0 0.689753 0.310247 
 ----> low 67 0 0.684928 0.315072 
 ----> low 68 1 0.657297 0.342703 
 ----> low 69 0 0.650905 0.349095 
 ----> low 70 0 0.6647 0.3353 
 ----> low 71 1 0.610151 0.389849 
 ----> low 72 0 0.64627 0.35373 
 ----> low 73 0 0.66054 0.33946 
 ----> low 74 1 0.614923 0.385077 
 ----> low 75 0 0.706503 0.293497 
 ----> low 76 0 0.704901 0.295099 
 ----> low 77 1 0.614748 0.385252 
 ----> low 78 1 0.566187 0.433813 
 ----> low 79 0 0.620757 0.379243 
 ----> low 80 1 0.587485 0.412515 
 ----> low 81 1 0.648892 0.351108 
 ----> low 82 1 0.636043 0.363957 
 ----> low 83 1 0.63343 0.36657 
 ----> low 84 1 0.604615 0.395385 
 ----> low 85 0 0.61991 0.38009 
 ----> low 86 1 0.635367 0.364633 
 ----> low 87 0 0.60837 0.39163 
 ----> low 88 1 0.657415 0.342585 
 ----> low 89 1 0.615426 0.384574 
 ----> low 90 1 0.595017 0.404983 
 ----> low 91 1 0.618918 0.381082 
 ----> low 92 0 0.663486 0.336514 
 ----> low 93 0 0.644649 0.355351 
 ----> low 94 1 0.64149 0.35851 
 ----> low 95 1 0.601252 0.398748 
 ----> low 96 0 0.657971 0.342029 
 ----> low 97 0 0.638991 0.361009 
 ----> low 98 1 0.653201 0.346799 
 ----> low 99 1 0.637217 0.362783 
 ----> low 100 0 0.652108 0.347892 
 ----> low 101 0 0.69599 0.30401 
 ----> low 102 1 0.621298 0.378702 
 ----> low 103 0 0.64857 0.35143 
 ----> low 104 0 0.647895 0.352105 
 ----> low 105 1 0.643418 0.356582 
 ----> low 106 0 0.641896 0.358104 
 ----> low 107 0 0.661927 0.338073 
 ----> low 108 0 0.667316 0.332684 
 ----> low 109 0 0.659678 0.340322 
 ----> low 110 1 0.636527 0.363473 
 ----> low 111 0 0.686516 0.313484 
 ----> low 112 0 0.643363 0.356637 
 ----> low 113 0 0.665818 0.334182 
 ----> low 114 1 0.609565 0.390435 
 ----> low 115 0 0.682667 0.317333 
 ----> low 116 0 0.666441 0.333559 
 ----> low 117 0 0.655373 0.344627 
 ----> low 118 1 0.634787 0.365213 
 ----> low 119 1 0.645975 0.354025 
 ----> low 120 0 0.604345 0.395655 
 ----> low 121 0 0.67951 0.32049 
 ----> low 122 1 0.636324 0.363676 
 ----> low 123 1 0.659859 0.340141 
 ----> low 124 1 0.660922 0.339078 
 ----> low 125 1 0.668714 0.331286 
 ----> low 126 0 0.681685 0.318315 
 ----> low 127 0 0.698944 0.301056 
 ----> low 128 0 0.673844 0.326156 
 ----> low 129 0 0.659442 0.340558 
 ----> low 130 1 0.629298 0.370702 
 ----> low 131 0 0.65707 0.34293 
 ----> low 132 0 0.669 0.331 
 ----> low 133 1 0.627534 0.372466 
 ----> low 134 1 0.600357 0.399643 
 ----> low 135 0 0.610972 0.389028 
 ----> low 136 1 0.581195 0.418805 
 ----> low 137 1 0.625357 0.374643 
 ----> low 138 1 0.629882 0.370118 
 ----> low 139 0 0.635228 0.364772 
 ----> low 140 0 0.674147 0.325853 
 ----> low 141 1 0.594124 0.405876 
 ----> low 142 0 0.666626 0.333374 
 ----> low 143 0 0.655129 0.344871 
 ----> low 144 0 0.674221 0.325779 
 ----> low 145 0 0.685663 0.314337 
 ----> low 146 0 0.646365 0.353635 
 ----> low 147 0 0.652696 0.347304 
 ----> low 148 0 0.63538 0.36462 
 ----> low 149 0 0.66289 0.33711 
 ----> low 150 1 0.635322 0.364678 
 ----> low 151 1 0.630572 0.369428 
 ----> low 152 0 0.699044 0.300956 
 ----> low 153 0 0.681869 0.318131 
 ----> low 154 0 0.645307 0.354693 
 ----> low 155 1 0.655969 0.344031 
 ----> low 156 0 0.685155 0.314845 
 ----> low 157 1 0.627541 0.372459 
 ----> low 158 1 0.649535 0.350465 
 ----> low 159 1 0.626697 0.373303 
 ----> low 160 0 0.697377 0.302623 
 ----> low 161 0 0.691334 0.308666 
 ----> low 162 1 0.677367 0.322633 
 ----> low 163 1 0.653417 0.346583 
 ----> low 164 1 0.667725 0.332275 
 ----> low 165 1 0.668474 0.331526 
 ----> low 166 1 0.615171 0.384829 
 ----> low 167 0 0.654208 0.345792 
 ----> low 168 1 0.653805 0.346195 
 ----> low 169 0 0.652408 0.347592 
 ----> low 170 0 0.628546 0.371454 
 ----> low 171 1 0.600779 0.399221 
 ----> low 172 1 0.597105 0.402895 
 ----> low 173 1 0.610983 0.389017 
 ----> low 174 0 0.630907 0.369093 
 ----> low 175 1 0.602389 0.397611 
 ----> low 176 0 0.665864 0.334136 
 ----> low 177 0 0.655099 0.344901 
 ----> low 178 0 0.649756 0.350244 
 ----> low 179 1 0.644588 0.355412 
 ----> low 180 0 0.647132 0.352868 
 ----> low 181 0 0.683521 0.316479 
 ----> low 182 0 0.675137 0.324863 
 ----> low 183 1 0.598197 0.401803 
 ----> low 184 1 0.677499 0.322501 
 ----> low 185 1 0.630292 0.369708 
 ----> low 186 0 0.678911 0.321089 
 ----> low 187 1 0.592226 0.407774 
 ----> low 188 1 0.640093 0.359907 
 ----> low 189 0 0.634503 0.365497 
 ----> low 190 1 0.620228 0.379772 
 ----> low 191 0 0.619335 0.380665 
 ----> low 192 1 0.613294 0.386706 
 ----> low 193 1 0.638034 0.361966 
 ----> low 194 0 0.653716 0.346284 
 ----> low 195 0 0.700537 0.299463 
 ----> low 196 1 0.622795 0.377205 
 ----> low 197 1 0.629262 0.370738 
 ----> low 198 0 0.653768 0.346232 
 ----> low 199 0 0.633543 0.366457 
 ----> low 200 0 0.632115 0.367885 
 ----> low 201 0 0.617879 0.382121 
 ----> low 202 0 0.649333 0.350667 
 ----> low 203 0 0.662341 0.337659 
 ----> low 204 1 0.552432 0.447568 
 ----> low 205 0 0.642304 0.357696 
 ----> low 206 1 0.678108 0.321892 
 ----> low 207 1 0.684514 0.315486 
 ----> low 208 1 0.661728 0.338272 
 ----> low 209 0 0.636312 0.363688 
 ----> low 210 0 0.644368 0.355632 
 ----> low 211 1 0.626815 0.373185 
 ----> low 212 0 0.632651 0.367349 
 ----> low 213 1 0.663547 0.336453 
 ----> low 214 0 0.653756 0.346244 
 ----> low 215 0 0.671574 0.328426 
 ----> low 216 0 0.614008 0.385992 
 ----> low 217 0 0.662147 0.337853 
 ----> low 218 1 0.635212 0.364788 
 ----> low 219 0 0.653018 0.346982 
 ----> low 220 0 0.659071 0.340929 
 ----> low 221 1 0.596594 0.403406 
 ----> low 222 0 0.652282 0.347718 
 ----> low 223 1 0.638185 0.361815 
 ----> low 224 0 0.721117 0.278883 
 ----> low 225 0 0.69758 0.30242 
 ----> low 226 1 0.658522 0.341478 
 ----> low 227 0 0.671694 0.328306 
 ----> low 228 0 0.675396 0.324604 
 ----> low 229 1 0.67559 0.32441 
 ----> low 230 0 0.615273 0.384727 
 ----> low 231 0 0.652125 0.347875 
 ----> low 232 1 0.621489 0.378511 
 ----> low 233 0 0.660579 0.339421 
 ----> low 234 0 0.675431 0.324569 
 ----> low 235 0 0.679884 0.320116 
 ----> low 236 1 0.658548 0.341452 
 ----> low 237 0 0.654323 0.345677 
 ----> low 238 0 0.636186 0.363814 
 ----> low 239 0 0.688038 0.311962 
 ----> low 240 1 0.640244 0.359756 
 ----> low 241 0 0.633651 0.366349 
 ----> low 242 0 0.661801 0.338199 
 ----> low 243 1 0.659687 0.340313 
 ----> low 244 0 0.676501 0.323499 
 ----> low 245 1 0.62901 0.37099 
 ----> low 246 1 0.619057 0.380943 
 ----> low 247 0 0.65017 0.34983 
 ----> low 248 0 0.670006 0.329994 
 ----> low 249 1 0.610815 0.389185 
 ----> low 250 0 0.662689 0.337311 
 ----> low 251 0 0.6933 0.3067 
 ----> low 252 1 0.628031 0.371969 
 ----> low 253 0 0.67251 0.32749 
 ----> low 254 1 0.640512 0.359488 
 ----> low 255 1 0.650369 0.349631 
 ----> low 256 1 0.648655 0.351345 
 ----> low 257 1 0.638345 0.361655 
 ----> low 258 0 0.643556 0.356444 
 ----> low 259 0 0.656921 0.343079 
 ----> low 260 1 0.644969 0.355031 
 ----> low 261 1 0.635155 0.364845 
 ----> low 262 1 0.607887 0.392113 
 ----> low 263 0 0.685154 0.314846 
 ----> low 264 1 0.651605 0.348395 
 ----> low 265 0 0.61743 0.38257 
 ----> low 266 0 0.649952 0.350048 
 ----> low 267 0 0.683832 0.316168 
 ----> low 268 1 0.625359 0.374641 
 ----> low 269 0 0.621058 0.378942 
 ----> low 270 0 0.628907 0.371093 
 ----> low 271 1 0.650569 0.349431 
 ----> low 272 1 0.63169 0.36831 
 ----> low 273 0 0.647984 0.352016 
 ----> low 274 1 0.633622 0.366378 
 ----> low 275 0 0.695627 0.304373 
 ----> low 276 1 0.579611 0.420389 
 ----> low 277 0 0.748518 0.251482 
 ----> low 278 0 0.69075 0.30925 
 ----> low 279 1 0.648954 0.351046 
 ----> low 280 1 0.635982 0.364018 
 ----> low 281 0 0.650762 0.349238 
 ----> low 282 1 0.647983 0.352017 
 ----> low 283 1 0.633664 0.366336 
 ----> low 284 1 0.675822 0.324178 
 ----> low 285 0 0.612197 0.387803 
 ----> low 286 0 0.682855 0.317145 
 ----> low 287 0 0.698786 0.301214 
 ----> low 288 0 0.665066 0.334934 
 ----> low 289 1 0.650904 0.349096 
 ----> low 290 0 0.683379 0.316621 
 ----> low 291 1 0.665287 0.334713 
 ----> low 292 1 0.636777 0.363223 
 ----> low 293 0 0.645925 0.354075 
 ----> low 294 1 0.638511 0.361489 
 ----> low 295 0 0.651515 0.348485 
 ----> low 296 0 0.692827 0.307173 
 ----> low 297 0 0.654953 0.345047 
 ----> low 298 1 0.65222 0.34778 
 ----> low 299 0 0.663529 0.336471 
 ----> low 300 1 0.665649 0.334351 
 ----> low 301 0 0.666273 0.333727 
 ----> low 302 0 0.695487 0.304513 
 ----> low 303 0 0.651726 0.348274 
 ----> low 304 1 0.652502 0.347498 
 ----> low 305 0 0.685846 0.314154 
 ----> low 306 0 0.658698 0.341302 
 ----> low 307 0 0.641276 0.358724 
 ----> low 308 0 0.678357 0.321643 
 ----> low 309 1 0.646577 0.353423 
 ----> low 310 1 0.65453 0.34547 
 ----> low 311 0 0.650454 0.349546 
 ----> low 312 0 0.662233 0.337767 
 ----> low 313 0 0.688661 0.311339 
 ----> low 314 1 0.608596 0.391404 
 ----> low 315 0 0.704927 0.295073 
 ----> low 316 0 0.65895 0.34105 
 ----> low 317 0 0.665381 0.334619 
 ----> low 318 0 0.656657 0.343343 
 ----> low 319 0 0.662355 0.337645 
 ----> low 320 0 0.612357 0.387643 
 ----> low 321 1 0.681025 0.318975 
 ----> low 322 0 0.671608 0.328392 
 ----> low 323 1 0.620158 0.379842 
 ----> low 324 0 0.698508 0.301492 
 ----> low 325 0 0.666908 0.333092 
 ----> low 326 0 0.667446 0.332554 
 ----> low 327 1 0.643636 0.356364 
 ----> low 328 1 0.646711 0.353289 
 ----> low 329 0 0.656496 0.343504 
 ----> low 330 0 0.663684 0.336316 
 ----> low 331 0 0.679366 0.320634 
 ----> low 332 0 0.670397 0.329603 
 ----> low 333 1 0.64079 0.35921 
 ----> low 334 1 0.56108 0.43892 
 ----> low 335 1 0.642793 0.357207 
 ----> low 336 1 0.658273 0.341727 
 ----> low 337 1 0.634369 0.365631 
 ----> low 338 0 0.653781 0.346219 
 ----> low 339 0 0.661008 0.338992 
 ----> low 340 0 0.68594 0.31406 
 ----> low 341 0 0.634266 0.365734 
 ----> low 342 1 0.641231 0.358769 
 ----> low 343 1 0.613012 0.386988 
 ----> low 344 0 0.681384 0.318616 
 ----> low 345 0 0.681731 0.318269 
 ----> low 346 0 0.651601 0.348399 
 ----> low 347 0 0.662691 0.337309 
 ----> low 348 0 0.651034 0.348966 
 ----> low 349 0 0.667642 0.332358 
 ----> low 350 1 0.673132 0.326868 
 ----> low 351 1 0.618746 0.381254 
 ----> low 352 0 0.690001 0.309999 
 ----> low 353 0 0.696929 0.303071 
 ----> low 354 0 0.652785 0.347215 
 ----> low 355 0 0.667884 0.332116 
 ----> low 356 0 0.687121 0.312879 
 ----> low 357 1 0.534221 0.465779 
 ----> low 358 0 0.706247 0.293753 
 ----> low 359 0 0.704197 0.295803 
 ----> low 360 0 0.661701 0.338299 
 ----> low 361 0 0.692949 0.307051 
 ----> low 362 1 0.641323 0.358677 
 ----> low 363 1 0.63749 0.36251 
 ----> low 364 0 0.672297 0.327703 
 ----> low 365 0 0.669609 0.330391 
 ----> low 366 1 0.689576 0.310424 
 ----> low 367 1 0.640992 0.359008 
 ----> low 368 0 0.670159 0.329841 
 ----> low 369 0 0.667786 0.332214 
 ----> low 370 0 0.633052 0.366948 
 ----> low 371 1 0.67484 0.32516 
 ----> low 372 0 0.670964 0.329036 
 ----> low 373 0 0.667491 0.332509 
 ----> low 374 0 0.682577 0.317423 
 ----> low 375 0 0.697123 0.302877 
 ----> low 376 1 0.671772 0.328228 
 ----> low 377 0 0.665409 0.334591 
 ----> low 378 0 0.686882 0.313118 
 ----> low 379 1 0.686762 0.313238 
 ----> low 380 0 0.652618 0.347382 
 ----> low 381 1 0.656938 0.343062 
 ----> low 382 0 0.665202 0.334798 
 ----> low 383 0 0.607827 0.392173 
 ----> low 384 0 0.670856 0.329144 
 ----> low 385 0 0.661166 0.338834 
 ----> low 386 1 0.651243 0.348757 
 ----> low 387 0 0.632957 0.367043 
 ----> low 388 1 0.586703 0.413297 
 ----> low 389 1 0.631477 0.368523 
 ----> low 390 0 0.65735 0.34265 
 ----> low 391 0 0.652736 0.347264 
 ----> low 392 0 0.668707 0.331293 
 ----> low 393 0 0.650859 0.349141 
 ----> low 394 1 0.642733 0.357267 
 ----> low 395 0 0.670383 0.329617 
 ----> low 396 0 0.649506 0.350494 
 ----> low 397 0 0.636859 0.363141 
 ----> low 398 1 0.652666 0.347334 
 ----> low 399 1 0.661539 0.338461 
 ----> low 400 1 0.602642 0.397358 
 ----> low 401 1 0.666954 0.333046 
 ----> low 402 0 0.642934 0.357066 
 ----> low 403 0 0.667483 0.332517 
 ----> low 404 0 0.648736 0.351264 
 ----> low 405 0 0.661421 0.338579 
 ----> low 406 1 0.628402 0.371598 
 ----> low 407 1 0.64146 0.35854 
 ----> low 408 0 0.664118 0.335882 
 ----> low 409 0 0.680125 0.319875 
 ----> low 410 0 0.662884 0.337116 
 ----> low 411 0 0.617268 0.382732 
 ----> low 412 0 0.65189 0.34811 
 ----> low 413 0 0.6553 0.3447 
 ----> low 414 0 0.6689 0.3311 
 ----> low 415 1 0.640632 0.359368 
 ----> low 416 0 0.670741 0.329259 
 ----> low 417 0 0.679016 0.320984 
 ----> low 418 0 0.661151 0.338849 
 ----> low 419 1 0.640887 0.359113 
 ----> low 420 0 0.69939 0.30061 
 ----> low 421 0 0.670797 0.329203 
 ----> low 422 0 0.657002 0.342998 
 ----> low 423 1 0.634741 0.365259 
 ----> low 424 0 0.662199 0.337801 
 ----> low 425 0 0.656748 0.343252 
 ----> low 426 0 0.660061 0.339939 
 ----> low 427 0 0.676915 0.323085 
 ----> low 428 0 0.633808 0.366192 
 ----> low 429 0 0.704094 0.295906 
 ----> low 430 0 0.68414 0.31586 
 ----> low 431 0 0.676132 0.323868 
 ----> low 432 0 0.664977 0.335023 
 ----> low 433 0 0.670055 0.329945 
 ----> low 434 1 0.657305 0.342695 
 ----> low 435 1 0.668448 0.331552 
 ----> low 436 1 0.682369 0.317631 
 ----> low 437 0 0.698855 0.301145 
 ----> low 438 0 0.645656 0.354344 
 ----> low 439 0 0.668917 0.331083 
 ----> low 440 0 0.702245 0.297755 
 ----> low 441 0 0.678477 0.321523 
 ----> low 442 0 0.669365 0.330635 
 ----> low 443 0 0.68022 0.31978 
 ----> low 444 0 0.702766 0.297234 
 ----> low 445 1 0.627984 0.372016 
 ----> low 446 0 0.679698 0.320302 
 ----> low 447 0 0.649924 0.350076 
 ----> low 448 0 0.672787 0.327213 
 ----> low 449 0 0.655845 0.344155 
 ----> low 450 0 0.668429 0.331571 
 ----> low 451 0 0.660862 0.339138 
 ----> low 452 0 0.673619 0.326381 
 ----> low 453 1 0.661099 0.338901 
 ----> low 454 0 0.65174 0.34826 
 ----> low 455 1 0.660847 0.339153 
 ----> low 456 0 0.643235 0.356765 
 ----> low 457 0 0.665622 0.334378 
 ----> low 458 0 0.675459 0.324541 
 ----> low 459 1 0.65096 0.34904 
 ----> low 460 0 0.646076 0.353924 
 ----> low 461 0 0.707385 0.292615 
 ----> low 462 1 0.630599 0.369401 
 ----> low 463 0 0.684787 0.315213 
 ----> low 464 0 0.690312 0.309688 
 ----> low 465 0 0.655689 0.344311 
 ----> low 466 0 0.665384 0.334616 
 ----> low 467 1 0.653933 0.346067 
 ----> low 468 1 0.638223 0.361777 
 ----> low 469 0 0.660988 0.339012 
 ----> low 470 1 0.684978 0.315022 
 ----> low 471 1 0.624186 0.375814 
 ----> low 472 0 0.68064 0.31936 
 ----> low 473 0 0.664802 0.335198 
 ----> low 474 1 0.607948 0.392052 
 ----> low 475 0 0.695438 0.304562 
 ----> low 476 0 0.719364 0.280636 
 ----> low 477 0 0.652224 0.347776 
 ----> low 478 0 0.661681 0.338319 
 ----> low 479 0 0.684975 0.315025 
 ----> low 480 0 0.651271 0.348729 
 ----> low 481 0 0.641245 0.358755 
 ----> low 482 0 0.664153 0.335847 
 ----> low 483 1 0.601923 0.398077 
 ----> low 484 0 0.696299 0.303701 
 ----> low 485 0 0.713693 0.286307 
 ----> low 486 0 0.658856 0.341144 
 ----> low 487 0 0.680143 0.319857 
 ----> low 488 0 0.68394 0.31606 
 ----> low 489 1 0.659187 0.340813 
 ----> low 490 1 0.664194 0.335806 
 ----> low 491 0 0.687958 0.312042 
 ----> low 492 1 0.578856 0.421144 
 ----> low 493 0 0.688869 0.311131 
 ----> low 494 0 0.670636 0.329364 
 ----> low 495 1 0.652517 0.347483 
 ----> low 496 1 0.698565 0.301435 
 ----> low 497 0 0.665202 0.334798 
 ----> low 498 0 0.666295 0.333705 
 ----> low 499 0 0.671199 0.328801 
 ----> low 500 0 0.678476 0.321524 
 ----> low 501 1 0.622808 0.377192 
 ----> low 502 0 0.692069 0.307931 
 ----> low 503 1 0.633565 0.366435 
 ----> low 504 0 0.653284 0.346716 
 ----> low 505 0 0.655716 0.344284 
 ----> low 506 0 0.696766 0.303234 
 ----> low 507 0 0.609149 0.390851 
 ----> low 508 0 0.665959 0.334041 
 ----> low 509 1 0.709026 0.290974 
 ----> low 510 1 0.647555 0.352445 
 ----> low 511 0 0.666704 0.333296 
 ----> low 512 0 0.656308 0.343692 
 ----> low 513 1 0.662235 0.337765 
 ----> low 514 0 0.655285 0.344715 
 ----> low 515 1 0.633606 0.366394 
 ----> low 516 0 0.650602 0.349398 
 ----> low 517 0 0.699236 0.300764 
 ----> low 518 0 0.696364 0.303636 
 ----> low 519 0 0.688424 0.311576 
 ----> low 520 1 0.673074 0.326926 
 ----> low 521 1 0.654434 0.345566 
 ----> low 522 1 0.684998 0.315002 
 ----> low 523 1 0.644774 0.355226 
 ----> low 524 1 0.652865 0.347135 
 ----> low 525 0 0.704216 0.295784 
 ----> low 526 0 0.683024 0.316976 
 ----> low 527 0 0.681339 0.318661 
 ----> low 528 0 0.659326 0.340674 
 ----> low 529 0 0.67003 0.32997 
 ----> low 530 1 0.669337 0.330663 
 ----> low 531 0 0.660266 0.339734 
 ----> low 532 0 0.643784 0.356216 
 ----> low 533 0 0.650217 0.349783 
 ----> low 534 0 0.663059 0.336941 
 ----> low 535 0 0.661209 0.338791 
 ----> low 536 0 0.636421 0.363579 
 ----> low 537 0 0.656844 0.343156 
 ----> low 538 0 0.708124 0.291876 
 ----> low 539 0 0.678561 0.321439 
 ----> low 540 0 0.685564 0.314436 
 ----> low 541 1 0.656846 0.343154 
 ----> low 542 0 0.662914 0.337086 
 ----> low 543 1 0.671312 0.328688 
 ----> low 544 0 0.633627 0.366373 
 ----> low 545 0 0.664478 0.335522 
 ----> low 546 1 0.697907 0.302093 
 ----> low 547 0 0.690203 0.309797 
 ----> low 548 1 0.655308 0.344692 
 ----> low 549 1 0.646081 0.353919 
 ----> low 550 0 0.677071 0.322929 
 ----> low 551 0 0.681597 0.318403 
 ----> low 552 0 0.668644 0.331356 
 ----> low 553 1 0.670693 0.329307 
 ----> low 554 0 0.67437 0.32563 
 ----> low 555 1 0.653756 0.346244 
 ----> low 556 1 0.640874 0.359126 
 ----> low 557 0 0.69032 0.30968 
 ----> low 558 1 0.559914 0.440086 
 ----> low 559 0 0.735633 0.264367 
 ----> low 560 0 0.702692 0.297308 
 ----> low 561 0 0.675153 0.324847 
 ----> low 562 0 0.705173 0.294827 
 ----> low 563 0 0.658165 0.341835 
 ----> low 564 1 0.667623 0.332377 
 ----> low 565 0 0.619692 0.380308 
 ----> low 566 1 0.647157 0.352843 
 ----> low 567 0 0.616029 0.383971 
 ----> low 568 0 0.669516 0.330484 
 ----> low 569 1 0.621414 0.378586 
 ----> low 570 0 0.656677 0.343323 
 ----> low 571 0 0.684699 0.315301 
 ----> low 572 1 0.659089 0.340911 
 ----> low 573 0 0.6616 0.3384 
 ----> low 574 0 0.684793 0.315207 
 ----> low 575 0 0.649313 0.350687 
 ----> low 576 1 0.648092 0.351908 
 ----> low 577 0 0.679892 0.320108 
 ----> low 578 1 0.65327 0.34673 
 ----> low 579 0 0.640341 0.359659 
 ----> low 580 0 0.680432 0.319568 
 ----> low 581 1 0.655339 0.344661 
 ----> low 582 0 0.669011 0.330989 
 ----> low 583 0 0.700129 0.299871 
 ----> low 584 1 0.615175 0.384825 
 ----> low 585 0 0.670118 0.329882 
 ----> low 586 0 0.701974 0.298026 
 ----> low 587 0 0.670729 0.329271 
 ----> low 588 0 0.670549 0.329451 
 ----> low 589 1 0.627383 0.372617 
 ----> low 590 1 0.650893 0.349107 
 ----> low 591 0 0.663315 0.336685 
 ----> low 592 1 0.671514 0.328486 
 ----> low 593 0 0.663495 0.336505 
 ----> low 594 0 0.664983 0.335017 
 ----> low 595 0 0.6374 0.3626 
 ----> low 596 0 0.653054 0.346946 
 ----> low 597 1 0.617587 0.382413 
 ----> low 598 0 0.663691 0.336309 
 ----> low 599 0 0.65141 0.34859 
 ----> low 600 0 0.69242 0.30758 
 ----> low 601 0 0.668152 0.331848 
 ----> low 602 1 0.646893 0.353107 
 ----> low 603 1 0.677461 0.322539 
 ----> low 604 0 0.675293 0.324707 
 ----> low 605 0 0.698415 0.301585 
 ----> low 606 0 0.726965 0.273035 
 ----> low 607 0 0.688123 0.311877 
 ----> low 608 1 0.67147 0.32853 
 ----> low 609 0 0.666402 0.333598 
 ----> low 610 0 0.674037 0.325963 
 ----> low 611 0 0.663514 0.336486 
 ----> low 612 0 0.671746 0.328254 
 ----> low 613 0 0.65361 0.34639 
 ----> low 614 0 0.645752 0.354248 
 ----> low 615 0 0.7047 0.2953 
 ----> low 616 0 0.687594 0.312406 
 ----> low 617 0 0.689683 0.310317 
 ----> low 618 0 0.704402 0.295598 
 ----> low 619 1 0.54185 0.45815 
 ----> low 620 1 0.658357 0.341643 
 ----> low 621 0 0.647109 0.352891 
 ----> low 622 0 0.659939 0.340061 
 ----> low 623 0 0.653542 0.346458 
 ----> low 624 0 0.671331 0.328669 
 ----> low 625 0 0.636743 0.363257 
 ----> low 626 0 0.702978 0.297022 
 ----> low 627 0 0.662162 0.337838 
 ----> low 628 0 0.659151 0.340849 
 ----> low 629 1 0.643127 0.356873 
 ----> low 630 0 0.641493 0.358507 
 ----> low 631 0 0.691438 0.308562 
 ----> low 632 1 0.690914 0.309086 
 ----> low 633 0 0.656974 0.343026 
 ----> low 634 0 0.695549 0.304451 
 ----> low 635 1 0.631478 0.368522 
 ----> low 636 0 0.669292 0.330708 
 ----> low 637 0 0.662474 0.337526 
 ----> low 638 0 0.65237 0.34763 
 ----> low 639 1 0.666829 0.333171 
 ----> low 640 1 0.657826 0.342174 
 ----> low 641 0 0.675447 0.324553 
 ----> low 642 0 0.673652 0.326348 
 ----> low 643 0 0.658274 0.341726 
 ----> low 644 0 0.665933 0.334067 
 ----> low 645 0 0.675407 0.324593 
 ----> low 646 0 0.645759 0.354241 
 ----> low 647 0 0.655131 0.344869 
 ----> low 648 0 0.64678 0.35322 
 ----> low 649 0 0.607116 0.392884 
 ----> low 650 0 0.691978 0.308022 
 ----> low 651 1 0.670873 0.329127 
 ----> low 652 0 0.658082 0.341918 
 ----> low 653 0 0.670322 0.329678 
 ----> low 654 1 0.714576 0.285424 
 ----> low 655 0 0.641446 0.358554 
 ----> low 656 0 0.675599 0.324401 
 ----> low 657 0 0.669666 0.330334 
 ----> low 658 0 0.710683 0.289317 
 ----> low 659 0 0.683359 0.316641 
 ----> low 660 0 0.638827 0.361173 
 ----> low 661 0 0.686026 0.313974 
 ----> low 662 0 0.687722 0.312278 
 ----> low 663 0 0.695788 0.304212 
 ----> low 664 0 0.668687 0.331313 
 ----> low 665 0 0.721646 0.278354 
 ----> low 666 1 0.645832 0.354168 
 ----> low 667 0 0.673452 0.326548 
 ----> low 668 0 0.647199 0.352801 
 ----> low 669 0 0.650756 0.349244 
 ----> low 670 0 0.690706 0.309294 
 ----> low 671 0 0.682279 0.317721 
 ----> low 672 0 0.650669 0.349331 
 ----> low 673 0 0.687354 0.312646 
 ----> low 674 0 0.714787 0.285213 
 ----> low 675 1 0.65183 0.34817 
 ----> low 676 1 0.635126 0.364874 
 ----> low 677 1 0.653676 0.346324 
 ----> low 678 1 0.644603 0.355397 
 ----> low 679 0 0.661863 0.338137 
 ----> low 680 0 0.697141 0.302859 
 ----> low 681 0 0.664263 0.335737 
 ----> low 682 0 0.652132 0.347868 
 ----> low 683 0 0.681501 0.318499 
 ----> low 684 1 0.657748 0.342252 
 ----> low 685 0 0.665461 0.334539 
 ----> low 686 0 0.678494 0.321506 
 ----> low 687 0 0.647934 0.352066 
 ----> low 688 0 0.665947 0.334053 
 ----> low 689 0 0.668217 0.331783 
 ----> low 690 0 0.658679 0.341321 
 ----> low 691 0 0.693951 0.306049 
 ----> low 692 0 0.689675 0.310325 
 ----> low 693 0 0.66704 0.33296 
 ----> low 694 0 0.66261 0.33739 
 ----> low 695 0 0.639628 0.360372 
 ----> low 696 0 0.705853 0.294147 
 ----> low 697 0 0.703409 0.296591 
 ----> low 698 0 0.690375 0.309625 
 ----> low 699 0 0.637019 0.362981 
 ----> low 700 0 0.687898 0.312102 
 ----> low 701 0 0.69977 0.30023 
 ----> low 702 0 0.689253 0.310747 
 ----> low 703 0 0.663159 0.336841 
 ----> low 704 0 0.70055 0.29945 
 ----> low 705 1 0.67279 0.32721 
 ----> low 706 0 0.683528 0.316472 
 ----> low 707 0 0.692866 0.307134 
 ----> low 708 0 0.68512 0.31488 
 ----> low 709 0 0.710704 0.289296 
 ----> low 710 0 0.665708 0.334292 
 ----> low 711 0 0.733223 0.266777 
 ----> low 712 0 0.658745 0.341255 
 ----> low 713 1 0.550371 0.449629 
 ----> low 714 1 0.699472 0.300528 
 ----> low 715 1 0.678655 0.321345 
 ----> low 716 1 0.713471 0.286529 
 ----> low 717 0 0.680894 0.319106 
 ----> low 718 0 0.670254 0.329746 
