 ----> low 1 0 0 0 
 ----> low 2 1 0.65893 0.34107 
 ----> low 3 1 0.670977 0.329023 
 ----> low 4 1 0.695363 0.304637 
 ----> low 5 1 0.670612 0.329388 
 ----> low 6 1 0.642448 0.357552 
 ----> low 7 1 0.656564 0.343436 
 ----> low 8 0 0.648756 0.351244 
 ----> low 9 0 0.648386 0.351614 
 ----> low 10 0 0.632441 0.367559 
 ----> low 11 1 0.618443 0.381557 
 ----> low 12 1 0.629691 0.370309 
 ----> low 13 0 0.618199 0.381801 
 ----> low 14 1 0.586519 0.413481 
 ----> low 15 1 0.614509 0.385491 
 ----> low 16 1 0.676688 0.323312 
 ----> low 17 1 0.64071 0.35929 
 ----> low 18 0 0.644359 0.355641 
 ----> low 19 0 0.637357 0.362643 
 ----> low 20 0 0.641732 0.358268 
 ----> low 21 1 0.660504 0.339496 
 ----> low 22 0 0.633352 0.366648 
 ----> low 23 0 0.622012 0.377988 
 ----> low 24 0 0.606418 0.393582 
 ----> low 25 0 0.63677 0.36323 
 ----> low 26 1 0.655383 0.344617 
 ----> low 27 1 0.62157 0.37843 
 ----> low 28 1 0.623813 0.376187 
 ----> low 29 1 0.628976 0.371024 
 ----> low 30 1 0.620953 0.379047 
 ----> low 31 0 0.656168 0.343832 
 ----> low 32 0 0.660742 0.339258 
 ----> low 33 0 0.655911 0.344089 
 ----> low 34 1 0.643108 0.356892 
 ----> low 35 1 0.610196 0.389804 
 ----> low 36 0 0.636499 0.363501 
 ----> low 37 0 0.651862 0.348138 
 ----> low 38 0 0.640522 0.359478 
 ----> low 39 0 0.676634 0.323366 
 ----> low 40 1 0.658836 0.341164 
 ----> low 41 1 0.627556 0.372444 
 ----> low 42 1 0.651851 0.348149 
 ----> low 43 0 0.694281 0.305719 
 ----> low 44 0 0.651392 0.348608 
 ----> low 45 1 0.655142 0.344858 
 ----> low 46 1 0.669554 0.330446 
 ----> low 47 0 0.668778 0.331222 
 ----> low 48 0 0.66262 0.33738 
 ----> low 49 1 0.657297 0.342703 
 ----> low 50 1 0.630596 0.369404 
 ----> low 51 0 0.669699 0.330301 
 ----> low 52 1 0.618787 0.381213 
 ----> low 53 0 0.675936 0.324064 
 ----> low 54 0 0.651768 0.348232 
 ----> low 55 0 0.64915 0.35085 
 ----> low 56 0 0.662714 0.337286 
 ----> low 57 1 0.642288 0.357712 
 ----> low 58 1 0.64364 0.35636 
 ----> low 59 0 0.625199 0.374801 
 ----> low 60 1 0.648557 0.351443 
 ----> low 61 0 0.654277 0.345723 
 ----> low 62 0 0.672215 0.327785 
 ----> low 63 1 0.625202 0.374798 
 ----> low 64 1 0.600852 0.399148 
 ----> low 65 0 0.639486 0.360514 
 ----> low 66 0 0.65734 0.34266 
 ----> low 67 0 0.650727 0.349273 
 ----> low 68 1 0.645604 0.354396 
 ----> low 69 0 0.666619 0.333381 
 ----> low 70 0 0.659215 0.340785 
 ----> low 71 1 0.653798 0.346202 
 ----> low 72 0 0.666549 0.333451 
 ----> low 73 0 0.673229 0.326771 
 ----> low 74 1 0.674125 0.325875 
 ----> low 75 0 0.661847 0.338153 
 ----> low 76 0 0.643127 0.356873 
 ----> low 77 1 0.643688 0.356312 
 ----> low 78 1 0.618176 0.381824 
 ----> low 79 0 0.668265 0.331735 
 ----> low 80 1 0.657627 0.342373 
 ----> low 81 1 0.635344 0.364656 
 ----> low 82 1 0.652506 0.347494 
 ----> low 83 1 0.595016 0.404984 
 ----> low 84 1 0.621307 0.378693 
 ----> low 85 0 0.64357 0.35643 
 ----> low 86 1 0.631433 0.368567 
 ----> low 87 0 0.623768 0.376232 
 ----> low 88 1 0.626537 0.373463 
 ----> low 89 1 0.589082 0.410918 
 ----> low 90 1 0.642067 0.357933 
 ----> low 91 1 0.631647 0.368353 
 ----> low 92 0 0.635993 0.364007 
 ----> low 93 0 0.66383 0.33617 
 ----> low 94 1 0.642361 0.357639 
 ----> low 95 1 0.621542 0.378458 
 ----> low 96 0 0.644757 0.355243 
 ----> low 97 0 0.670151 0.329849 
 ----> low 98 1 0.612848 0.387152 
 ----> low 99 1 0.609515 0.390485 
 ----> low 100 0 0.731356 0.268644 
 ----> low 101 0 0.676278 0.323722 
 ----> low 102 1 0.606425 0.393575 
 ----> low 103 0 0.674021 0.325979 
 ----> low 104 0 0.675062 0.324938 
 ----> low 105 1 0.571464 0.428536 
 ----> low 106 0 0.633462 0.366538 
 ----> low 107 0 0.634181 0.365819 
 ----> low 108 0 0.641747 0.358253 
 ----> low 109 0 0.656788 0.343212 
 ----> low 110 1 0.643165 0.356835 
 ----> low 111 0 0.6674 0.3326 
 ----> low 112 0 0.656758 0.343242 
 ----> low 113 0 0.67858 0.32142 
 ----> low 114 1 0.635682 0.364318 
 ----> low 115 0 0.66829 0.33171 
 ----> low 116 0 0.666677 0.333323 
 ----> low 117 0 0.608581 0.391419 
 ----> low 118 1 0.616233 0.383767 
 ----> low 119 1 0.63753 0.36247 
 ----> low 120 0 0.683464 0.316536 
 ----> low 121 0 0.673107 0.326893 
 ----> low 122 1 0.62246 0.37754 
 ----> low 123 1 0.661989 0.338011 
 ----> low 124 1 0.634056 0.365944 
 ----> low 125 1 0.580901 0.419099 
 ----> low 126 0 0.706347 0.293653 
 ----> low 127 0 0.621253 0.378747 
 ----> low 128 0 0.694119 0.305881 
 ----> low 129 0 0.647754 0.352246 
 ----> low 130 1 0.601944 0.398056 
 ----> low 131 0 0.640102 0.359898 
 ----> low 132 0 0.665524 0.334476 
 ----> low 133 1 0.630595 0.369405 
 ----> low 134 1 0.622041 0.377959 
 ----> low 135 0 0.660029 0.339971 
 ----> low 136 1 0.623564 0.376436 
 ----> low 137 1 0.580395 0.419605 
 ----> low 138 1 0.638434 0.361566 
 ----> low 139 0 0.690529 0.309471 
 ----> low 140 0 0.6347 0.3653 
 ----> low 141 1 0.627194 0.372806 
 ----> low 142 0 0.653957 0.346043 
 ----> low 143 0 0.661478 0.338522 
 ----> low 144 0 0.646556 0.353444 
 ----> low 145 0 0.688235 0.311765 
 ----> low 146 0 0.714554 0.285446 
 ----> low 147 0 0.680967 0.319033 
 ----> low 148 0 0.63397 0.36603 
 ----> low 149 0 0.626194 0.373806 
 ----> low 150 1 0.648825 0.351175 
 ----> low 151 1 0.668893 0.331107 
 ----> low 152 0 0.659592 0.340408 
 ----> low 153 0 0.653972 0.346028 
 ----> low 154 0 0.664028 0.335972 
 ----> low 155 1 0.597507 0.402493 
 ----> low 156 0 0.650727 0.349273 
 ----> low 157 1 0.622647 0.377353 
 ----> low 158 1 0.61578 0.38422 
 ----> low 159 1 0.666715 0.333285 
 ----> low 160 0 0.679788 0.320212 
 ----> low 161 0 0.668603 0.331397 
 ----> low 162 1 0.657118 0.342882 
 ----> low 163 1 0.656345 0.343655 
 ----> low 164 1 0.645406 0.354594 
 ----> low 165 1 0.631799 0.368201 
 ----> low 166 1 0.673718 0.326282 
 ----> low 167 0 0.633275 0.366725 
 ----> low 168 1 0.663819 0.336181 
 ----> low 169 0 0.645887 0.354113 
 ----> low 170 0 0.647358 0.352642 
 ----> low 171 1 0.632659 0.367341 
 ----> low 172 1 0.644545 0.355455 
 ----> low 173 1 0.620945 0.379055 
 ----> low 174 0 0.638442 0.361558 
 ----> low 175 1 0.654507 0.345493 
 ----> low 176 0 0.650112 0.349888 
 ----> low 177 0 0.68803 0.31197 
 ----> low 178 0 0.655316 0.344684 
 ----> low 179 1 0.608497 0.391503 
 ----> low 180 0 0.656449 0.343551 
 ----> low 181 0 0.676141 0.323859 
 ----> low 182 0 0.638003 0.361997 
 ----> low 183 1 0.593287 0.406713 
 ----> low 184 1 0.627559 0.372441 
 ----> low 185 1 0.660531 0.339469 
 ----> low 186 0 0.683183 0.316817 
 ----> low 187 1 0.655521 0.344479 
 ----> low 188 1 0.64344 0.35656 
 ----> low 189 0 0.661878 0.338122 
 ----> low 190 1 0.625187 0.374813 
 ----> low 191 0 0.615206 0.384794 
 ----> low 192 1 0.632118 0.367882 
 ----> low 193 1 0.6506 0.3494 
 ----> low 194 0 0.675361 0.324639 
 ----> low 195 0 0.668109 0.331891 
 ----> low 196 1 0.646031 0.353969 
 ----> low 197 1 0.647767 0.352233 
 ----> low 198 0 0.639203 0.360797 
 ----> low 199 0 0.647219 0.352781 
 ----> low 200 0 0.620738 0.379262 
 ----> low 201 0 0.632353 0.367647 
 ----> low 202 0 0.653128 0.346872 
 ----> low 203 0 0.647517 0.352483 
 ----> low 204 1 0.645679 0.354321 
 ----> low 205 0 0.657949 0.342051 
 ----> low 206 1 0.579891 0.420109 
 ----> low 207 1 0.611674 0.388326 
 ----> low 208 1 0.638671 0.361329 
 ----> low 209 0 0.634389 0.365611 
 ----> low 210 0 0.666813 0.333187 
 ----> low 211 1 0.653937 0.346063 
 ----> low 212 0 0.662762 0.337238 
 ----> low 213 1 0.637538 0.362462 
 ----> low 214 0 0.627228 0.372772 
 ----> low 215 0 0.691632 0.308368 
 ----> low 216 0 0.645881 0.354119 
 ----> low 217 0 0.624769 0.375231 
 ----> low 218 1 0.653652 0.346348 
 ----> low 219 0 0.666712 0.333288 
 ----> low 220 0 0.673341 0.326659 
 ----> low 221 1 0.658971 0.341029 
 ----> low 222 0 0.658802 0.341198 
 ----> low 223 1 0.616846 0.383154 
 ----> low 224 0 0.680663 0.319337 
 ----> low 225 0 0.664702 0.335298 
 ----> low 226 1 0.620357 0.379643 
 ----> low 227 0 0.646508 0.353492 
 ----> low 228 0 0.685519 0.314481 
 ----> low 229 1 0.673118 0.326882 
 ----> low 230 0 0.664456 0.335544 
 ----> low 231 0 0.629576 0.370424 
 ----> low 232 1 0.64878 0.35122 
 ----> low 233 0 0.660653 0.339347 
 ----> low 234 0 0.684079 0.315921 
 ----> low 235 0 0.679816 0.320184 
 ----> low 236 1 0.668364 0.331636 
 ----> low 237 0 0.625025 0.374975 
 ----> low 238 0 0.671815 0.328185 
 ----> low 239 0 0.662311 0.337689 
 ----> low 240 1 0.673777 0.326223 
 ----> low 241 0 0.644247 0.355753 
 ----> low 242 0 0.63046 0.36954 
 ----> low 243 1 0.606436 0.393564 
 ----> low 244 0 0.670926 0.329074 
 ----> low 245 1 0.657387 0.342613 
 ----> low 246 1 0.64608 0.35392 
 ----> low 247 0 0.687958 0.312042 
 ----> low 248 0 0.693235 0.306765 
 ----> low 249 1 0.658834 0.341166 
 ----> low 250 0 0.66072 0.33928 
 ----> low 251 0 0.65723 0.34277 
 ----> low 252 1 0.625313 0.374687 
 ----> low 253 0 0.651087 0.348913 
 ----> low 254 1 0.670501 0.329499 
 ----> low 255 1 0.611465 0.388535 
 ----> low 256 1 0.615216 0.384784 
 ----> low 257 1 0.645191 0.354809 
 ----> low 258 0 0.662336 0.337664 
 ----> low 259 0 0.68102 0.31898 
 ----> low 260 1 0.640136 0.359864 
 ----> low 261 1 0.611458 0.388542 
 ----> low 262 1 0.622511 0.377489 
 ----> low 263 0 0.673564 0.326436 
 ----> low 264 1 0.572987 0.427013 
 ----> low 265 0 0.658305 0.341695 
 ----> low 266 0 0.659558 0.340442 
 ----> low 267 0 0.673278 0.326722 
 ----> low 268 1 0.669646 0.330354 
 ----> low 269 0 0.687787 0.312213 
 ----> low 270 0 0.676279 0.323721 
 ----> low 271 1 0.66281 0.33719 
 ----> low 272 1 0.681465 0.318535 
 ----> low 273 0 0.651881 0.348119 
 ----> low 274 1 0.655058 0.344942 
 ----> low 275 0 0.636871 0.363129 
 ----> low 276 1 0.63979 0.36021 
 ----> low 277 0 0.664912 0.335088 
 ----> low 278 0 0.645835 0.354165 
 ----> low 279 1 0.625603 0.374397 
 ----> low 280 1 0.60828 0.39172 
 ----> low 281 0 0.681015 0.318985 
 ----> low 282 1 0.652048 0.347952 
 ----> low 283 1 0.640642 0.359358 
 ----> low 284 1 0.64721 0.35279 
 ----> low 285 0 0.685596 0.314404 
 ----> low 286 0 0.638144 0.361856 
 ----> low 287 0 0.734795 0.265205 
 ----> low 288 0 0.678567 0.321433 
 ----> low 289 1 0.651978 0.348022 
 ----> low 290 0 0.625494 0.374506 
 ----> low 291 1 0.620407 0.379593 
 ----> low 292 1 0.636892 0.363108 
 ----> low 293 0 0.652009 0.347991 
 ----> low 294 1 0.62994 0.37006 
 ----> low 295 0 0.685551 0.314449 
 ----> low 296 0 0.700437 0.299563 
 ----> low 297 0 0.663809 0.336191 
 ----> low 298 1 0.638319 0.361681 
 ----> low 299 0 0.60854 0.39146 
 ----> low 300 1 0.628563 0.371437 
 ----> low 301 0 0.685978 0.314022 
 ----> low 302 0 0.634157 0.365843 
 ----> low 303 0 0.654158 0.345842 
 ----> low 304 1 0.604811 0.395189 
 ----> low 305 0 0.670361 0.329639 
 ----> low 306 0 0.632087 0.367913 
 ----> low 307 0 0.666669 0.333331 
 ----> low 308 0 0.666943 0.333057 
 ----> low 309 1 0.678538 0.321462 
 ----> low 310 1 0.640378 0.359622 
 ----> low 311 0 0.673108 0.326892 
 ----> low 312 0 0.667709 0.332291 
 ----> low 313 0 0.655724 0.344276 
 ----> low 314 1 0.645187 0.354813 
 ----> low 315 0 0.660887 0.339113 
 ----> low 316 0 0.67021 0.32979 
 ----> low 317 0 0.667721 0.332279 
 ----> low 318 0 0.671403 0.328597 
 ----> low 319 0 0.662713 0.337287 
 ----> low 320 0 0.67094 0.32906 
 ----> low 321 1 0.651235 0.348765 
 ----> low 322 0 0.696019 0.303981 
 ----> low 323 1 0.659291 0.340709 
 ----> low 324 0 0.700714 0.299286 
 ----> low 325 0 0.693274 0.306726 
 ----> low 326 0 0.676111 0.323889 
 ----> low 327 1 0.637168 0.362832 
 ----> low 328 1 0.651239 0.348761 
 ----> low 329 0 0.651603 0.348397 
 ----> low 330 0 0.647014 0.352986 
 ----> low 331 0 0.682878 0.317122 
 ----> low 332 0 0.652052 0.347948 
 ----> low 333 1 0.669391 0.330609 
 ----> low 334 1 0.642269 0.357731 
 ----> low 335 1 0.62588 0.37412 
 ----> low 336 1 0.610726 0.389274 
 ----> low 337 1 0.601797 0.398203 
 ----> low 338 0 0.68893 0.31107 
 ----> low 339 0 0.661988 0.338012 
 ----> low 340 0 0.65483 0.34517 
 ----> low 341 0 0.669247 0.330753 
 ----> low 342 1 0.687669 0.312331 
 ----> low 343 1 0.657649 0.342351 
 ----> low 344 0 0.672403 0.327597 
 ----> low 345 0 0.659729 0.340271 
 ----> low 346 0 0.664958 0.335042 
 ----> low 347 0 0.695449 0.304551 
 ----> low 348 0 0.687211 0.312789 
 ----> low 349 0 0.666791 0.333209 
 ----> low 350 1 0.656807 0.343193 
 ----> low 351 1 0.631604 0.368396 
 ----> low 352 0 0.648156 0.351844 
 ----> low 353 0 0.627207 0.372793 
 ----> low 354 0 0.654956 0.345044 
 ----> low 355 0 0.689499 0.310501 
 ----> low 356 0 0.681236 0.318764 
 ----> low 357 1 0.620201 0.379799 
 ----> low 358 0 0.699848 0.300152 
 ----> low 359 0 0.671239 0.328761 
 ----> low 360 0 0.72278 0.27722 
 ----> low 361 0 0.678293 0.321707 
 ----> low 362 1 0.621278 0.378722 
 ----> low 363 1 0.61042 0.38958 
 ----> low 364 0 0.671183 0.328817 
 ----> low 365 0 0.668904 0.331096 
 ----> low 366 1 0.648816 0.351184 
 ----> low 367 1 0.644033 0.355967 
 ----> low 368 0 0.692123 0.307877 
 ----> low 369 0 0.682191 0.317809 
 ----> low 370 0 0.685427 0.314573 
 ----> low 371 1 0.606542 0.393458 
 ----> low 372 0 0.669026 0.330974 
 ----> low 373 0 0.673487 0.326513 
 ----> low 374 0 0.643929 0.356071 
 ----> low 375 0 0.683008 0.316992 
 ----> low 376 1 0.622463 0.377537 
 ----> low 377 0 0.641556 0.358444 
 ----> low 378 0 0.632472 0.367528 
 ----> low 379 1 0.646479 0.353521 
 ----> low 380 0 0.66274 0.33726 
 ----> low 381 1 0.610605 0.389395 
 ----> low 382 0 0.678554 0.321446 
 ----> low 383 0 0.66758 0.33242 
 ----> low 384 0 0.701239 0.298761 
 ----> low 385 0 0.681963 0.318037 
 ----> low 386 1 0.594618 0.405382 
 ----> low 387 0 0.603531 0.396469 
 ----> low 388 1 0.662886 0.337114 
 ----> low 389 1 0.576205 0.423795 
 ----> low 390 0 0.665403 0.334597 
 ----> low 391 0 0.662069 0.337931 
 ----> low 392 0 0.687438 0.312562 
 ----> low 393 0 0.675196 0.324804 
 ----> low 394 1 0.664047 0.335953 
 ----> low 395 0 0.690573 0.309427 
 ----> low 396 0 0.682638 0.317362 
 ----> low 397 0 0.65828 0.34172 
 ----> low 398 1 0.646451 0.353549 
 ----> low 399 1 0.614397 0.385603 
 ----> low 400 1 0.663804 0.336196 
 ----> low 401 1 0.638833 0.361167 
 ----> low 402 0 0.657949 0.342051 
 ----> low 403 0 0.664555 0.335445 
 ----> low 404 0 0.690775 0.309225 
 ----> low 405 0 0.674458 0.325542 
 ----> low 406 1 0.624498 0.375502 
 ----> low 407 1 0.631006 0.368994 
 ----> low 408 0 0.678128 0.321872 
 ----> low 409 0 0.676433 0.323567 
 ----> low 410 0 0.704477 0.295523 
 ----> low 411 0 0.673802 0.326198 
 ----> low 412 0 0.673011 0.326989 
 ----> low 413 0 0.67033 0.32967 
 ----> low 414 0 0.682642 0.317358 
 ----> low 415 1 0.665156 0.334844 
 ----> low 416 0 0.661724 0.338276 
 ----> low 417 0 0.661828 0.338172 
 ----> low 418 0 0.689148 0.310852 
 ----> low 419 1 0.669436 0.330564 
 ----> low 420 0 0.676745 0.323255 
 ----> low 421 0 0.623001 0.376999 
 ----> low 422 0 0.668231 0.331769 
 ----> low 423 1 0.632909 0.367091 
 ----> low 424 0 0.663167 0.336833 
 ----> low 425 0 0.710531 0.289469 
 ----> low 426 0 0.659882 0.340118 
 ----> low 427 0 0.680494 0.319506 
 ----> low 428 0 0.643704 0.356296 
 ----> low 429 0 0.659107 0.340893 
 ----> low 430 0 0.671331 0.328669 
 ----> low 431 0 0.661813 0.338187 
 ----> low 432 0 0.657738 0.342262 
 ----> low 433 0 0.667406 0.332594 
 ----> low 434 1 0.645249 0.354751 
 ----> low 435 1 0.651544 0.348456 
 ----> low 436 1 0.652735 0.347265 
 ----> low 437 0 0.67522 0.32478 
 ----> low 438 0 0.669023 0.330977 
 ----> low 439 0 0.644197 0.355803 
 ----> low 440 0 0.647136 0.352864 
 ----> low 441 0 0.667308 0.332692 
 ----> low 442 0 0.659391 0.340609 
 ----> low 443 0 0.678689 0.321311 
 ----> low 444 0 0.678211 0.321789 
 ----> low 445 1 0.618174 0.381826 
 ----> low 446 0 0.707074 0.292926 
 ----> low 447 0 0.6469 0.3531 
 ----> low 448 0 0.630297 0.369703 
 ----> low 449 0 0.652941 0.347059 
 ----> low 450 0 0.647432 0.352568 
 ----> low 451 0 0.707727 0.292273 
 ----> low 452 0 0.686675 0.313325 
 ----> low 453 1 0.647431 0.352569 
 ----> low 454 0 0.648124 0.351876 
 ----> low 455 1 0.642266 0.357734 
 ----> low 456 0 0.655322 0.344678 
 ----> low 457 0 0.65353 0.34647 
 ----> low 458 0 0.651278 0.348722 
 ----> low 459 1 0.659846 0.340154 
 ----> low 460 0 0.705498 0.294502 
 ----> low 461 0 0.701212 0.298788 
 ----> low 462 1 0.653486 0.346514 
 ----> low 463 0 0.684192 0.315808 
 ----> low 464 0 0.65295 0.34705 
 ----> low 465 0 0.68484 0.31516 
 ----> low 466 0 0.669211 0.330789 
 ----> low 467 1 0.66868 0.33132 
 ----> low 468 1 0.653169 0.346831 
 ----> low 469 0 0.699461 0.300539 
 ----> low 470 1 0.680903 0.319097 
 ----> low 471 1 0.674611 0.325389 
 ----> low 472 0 0.702575 0.297425 
 ----> low 473 0 0.70368 0.29632 
 ----> low 474 1 0.661256 0.338744 
 ----> low 475 0 0.672365 0.327635 
 ----> low 476 0 0.658509 0.341491 
 ----> low 477 0 0.661474 0.338526 
 ----> low 478 0 0.685764 0.314236 
 ----> low 479 0 0.686684 0.313316 
 ----> low 480 0 0.718732 0.281268 
 ----> low 481 0 0.660542 0.339458 
 ----> low 482 0 0.665573 0.334427 
 ----> low 483 1 0.646156 0.353844 
 ----> low 484 0 0.65396 0.34604 
 ----> low 485 0 0.682556 0.317444 
 ----> low 486 0 0.680457 0.319543 
 ----> low 487 0 0.687595 0.312405 
 ----> low 488 0 0.681708 0.318292 
 ----> low 489 1 0.66329 0.33671 
 ----> low 490 1 0.668065 0.331935 
 ----> low 491 0 0.67499 0.32501 
 ----> low 492 1 0.695106 0.304894 
 ----> low 493 0 0.671805 0.328195 
 ----> low 494 0 0.698547 0.301453 
 ----> low 495 1 0.673181 0.326819 
 ----> low 496 1 0.642153 0.357847 
 ----> low 497 0 0.668407 0.331593 
 ----> low 498 0 0.645584 0.354416 
 ----> low 499 0 0.671543 0.328457 
 ----> low 500 0 0.645021 0.354979 
 ----> low 501 1 0.676227 0.323773 
 ----> low 502 0 0.675988 0.324012 
 ----> low 503 1 0.646151 0.353849 
 ----> low 504 0 0.678468 0.321532 
 ----> low 505 0 0.672229 0.327771 
 ----> low 506 0 0.645504 0.354496 
 ----> low 507 0 0.659803 0.340197 
 ----> low 508 0 0.648438 0.351562 
 ----> low 509 1 0.6392 0.3608 
 ----> low 510 1 0.635323 0.364677 
 ----> low 511 0 0.667779 0.332221 
 ----> low 512 0 0.661831 0.338169 
 ----> low 513 1 0.664736 0.335264 
 ----> low 514 0 0.653548 0.346452 
 ----> low 515 1 0.645968 0.354032 
 ----> low 516 0 0.660111 0.339889 
 ----> low 517 0 0.700776 0.299224 
 ----> low 518 0 0.692738 0.307262 
 ----> low 519 0 0.61415 0.38585 
 ----> low 520 1 0.647972 0.352028 
 ----> low 521 1 0.64021 0.35979 
 ----> low 522 1 0.641657 0.358343 
 ----> low 523 1 0.66229 0.33771 
 ----> low 524 1 0.63513 0.36487 
 ----> low 525 0 0.667316 0.332684 
 ----> low 526 0 0.657723 0.342277 
 ----> low 527 0 0.667073 0.332927 
 ----> low 528 0 0.641954 0.358046 
 ----> low 529 0 0.667561 0.332439 
 ----> low 530 1 0.633074 0.366926 
 ----> low 531 0 0.629304 0.370696 
 ----> low 532 0 0.658694 0.341306 
 ----> low 533 0 0.677484 0.322516 
 ----> low 534 0 0.659916 0.340084 
 ----> low 535 0 0.704449 0.295551 
 ----> low 536 0 0.686068 0.313932 
 ----> low 537 0 0.683455 0.316545 
 ----> low 538 0 0.611049 0.388951 
 ----> low 539 0 0.694234 0.305766 
 ----> low 540 0 0.68438 0.31562 
 ----> low 541 1 0.677256 0.322744 
 ----> low 542 0 0.699607 0.300393 
 ----> low 543 1 0.668723 0.331277 
 ----> low 544 0 0.661638 0.338362 
 ----> low 545 0 0.681271 0.318729 
 ----> low 546 1 0.659839 0.340161 
 ----> low 547 0 0.720424 0.279576 
 ----> low 548 1 0.6556 0.3444 
 ----> low 549 1 0.657717 0.342283 
 ----> low 550 0 0.645269 0.354731 
 ----> low 551 0 0.664099 0.335901 
 ----> low 552 0 0.640033 0.359967 
 ----> low 553 1 0.652939 0.347061 
 ----> low 554 0 0.694505 0.305495 
 ----> low 555 1 0.654082 0.345918 
 ----> low 556 1 0.630595 0.369405 
 ----> low 557 0 0.659046 0.340954 
 ----> low 558 1 0.664316 0.335684 
 ----> low 559 0 0.650159 0.349841 
 ----> low 560 0 0.669805 0.330195 
 ----> low 561 0 0.664663 0.335337 
 ----> low 562 0 0.646012 0.353988 
 ----> low 563 0 0.654743 0.345257 
 ----> low 564 1 0.639006 0.360994 
 ----> low 565 0 0.670421 0.329579 
 ----> low 566 1 0.631161 0.368839 
 ----> low 567 0 0.693445 0.306555 
 ----> low 568 0 0.647746 0.352254 
 ----> low 569 1 0.672557 0.327443 
 ----> low 570 0 0.69346 0.30654 
 ----> low 571 0 0.671073 0.328927 
 ----> low 572 1 0.644563 0.355437 
 ----> low 573 0 0.697078 0.302922 
 ----> low 574 0 0.655938 0.344062 
 ----> low 575 0 0.660008 0.339992 
 ----> low 576 1 0.61345 0.38655 
 ----> low 577 0 0.661615 0.338385 
 ----> low 578 1 0.637352 0.362648 
 ----> low 579 0 0.691165 0.308835 
 ----> low 580 0 0.658397 0.341603 
 ----> low 581 1 0.617274 0.382726 
 ----> low 582 0 0.687322 0.312678 
 ----> low 583 0 0.678256 0.321744 
 ----> low 584 1 0.653951 0.346049 
 ----> low 585 0 0.687782 0.312218 
 ----> low 586 0 0.699798 0.300202 
 ----> low 587 0 0.704926 0.295074 
 ----> low 588 0 0.652972 0.347028 
 ----> low 589 1 0.675978 0.324022 
 ----> low 590 1 0.639131 0.360869 
 ----> low 591 0 0.649639 0.350361 
 ----> low 592 1 0.644994 0.355006 
 ----> low 593 0 0.651714 0.348286 
 ----> low 594 0 0.659289 0.340711 
 ----> low 595 0 0.706422 0.293578 
 ----> low 596 0 0.696651 0.303349 
 ----> low 597 1 0.681374 0.318626 
 ----> low 598 0 0.679482 0.320518 
 ----> low 599 0 0.689721 0.310279 
 ----> low 600 0 0.698154 0.301846 
 ----> low 601 0 0.689287 0.310713 
 ----> low 602 1 0.640052 0.359948 
 ----> low 603 1 0.656034 0.343966 
 ----> low 604 0 0.67591 0.32409 
 ----> low 605 0 0.658923 0.341077 
 ----> low 606 0 0.65746 0.34254 
 ----> low 607 0 0.673689 0.326311 
 ----> low 608 1 0.624251 0.375749 
 ----> low 609 0 0.667864 0.332136 
 ----> low 610 0 0.652925 0.347075 
 ----> low 611 0 0.65103 0.34897 
 ----> low 612 0 0.700214 0.299786 
 ----> low 613 0 0.665692 0.334308 
 ----> low 614 0 0.676887 0.323113 
 ----> low 615 0 0.651334 0.348666 
 ----> low 616 0 0.699748 0.300252 
 ----> low 617 0 0.69474 0.30526 
 ----> low 618 0 0.649214 0.350786 
 ----> low 619 1 0.613777 0.386223 
 ----> low 620 1 0.646043 0.353957 
 ----> low 621 0 0.670186 0.329814 
 ----> low 622 0 0.666603 0.333397 
 ----> low 623 0 0.668385 0.331615 
 ----> low 624 0 0.685882 0.314118 
 ----> low 625 0 0.671061 0.328939 
 ----> low 626 0 0.668372 0.331628 
 ----> low 627 0 0.63037 0.36963 
 ----> low 628 0 0.696851 0.303149 
 ----> low 629 1 0.679691 0.320309 
 ----> low 630 0 0.6739 0.3261 
 ----> low 631 0 0.689609 0.310391 
 ----> low 632 1 0.612528 0.387472 
 ----> low 633 0 0.726794 0.273206 
 ----> low 634 0 0.710863 0.289137 
 ----> low 635 1 0.672762 0.327238 
 ----> low 636 0 0.668559 0.331441 
 ----> low 637 0 0.64046 0.35954 
 ----> low 638 0 0.689911 0.310089 
 ----> low 639 1 0.683133 0.316867 
 ----> low 640 1 0.628339 0.371661 
 ----> low 641 0 0.680027 0.319973 
 ----> low 642 0 0.668989 0.331011 
 ----> low 643 0 0.689469 0.310531 
 ----> low 644 0 0.675777 0.324223 
 ----> low 645 0 0.665348 0.334652 
 ----> low 646 0 0.655168 0.344832 
 ----> low 647 0 0.646758 0.353242 
 ----> low 648 0 0.647728 0.352272 
 ----> low 649 0 0.644722 0.355278 
 ----> low 650 0 0.688819 0.311181 
 ----> low 651 1 0.581924 0.418076 
 ----> low 652 0 0.680836 0.319164 
 ----> low 653 0 0.696186 0.303814 
 ----> low 654 1 0.648139 0.351861 
 ----> low 655 0 0.673728 0.326272 
 ----> low 656 0 0.687128 0.312872 
 ----> low 657 0 0.693227 0.306773 
 ----> low 658 0 0.694861 0.305139 
 ----> low 659 0 0.65165 0.34835 
 ----> low 660 0 0.647146 0.352854 
 ----> low 661 0 0.637232 0.362768 
 ----> low 662 0 0.649074 0.350926 
 ----> low 663 0 0.686497 0.313503 
 ----> low 664 0 0.667223 0.332777 
 ----> low 665 0 0.703949 0.296051 
 ----> low 666 1 0.6505 0.3495 
 ----> low 667 0 0.632245 0.367755 
 ----> low 668 0 0.659679 0.340321 
 ----> low 669 0 0.678935 0.321065 
 ----> low 670 0 0.665491 0.334509 
 ----> low 671 0 0.666108 0.333892 
 ----> low 672 0 0.675187 0.324813 
 ----> low 673 0 0.68676 0.31324 
 ----> low 674 0 0.678495 0.321505 
 ----> low 675 1 0.653026 0.346974 
 ----> low 676 1 0.649085 0.350915 
 ----> low 677 1 0.666738 0.333262 
 ----> low 678 1 0.598745 0.401255 
 ----> low 679 0 0.68297 0.31703 
 ----> low 680 0 0.682316 0.317684 
 ----> low 681 0 0.644672 0.355328 
 ----> low 682 0 0.674452 0.325548 
 ----> low 683 0 0.671665 0.328335 
 ----> low 684 1 0.64724 0.35276 
 ----> low 685 0 0.694459 0.305541 
 ----> low 686 0 0.66912 0.33088 
 ----> low 687 0 0.656659 0.343341 
 ----> low 688 0 0.659014 0.340986 
 ----> low 689 0 0.687294 0.312706 
 ----> low 690 0 0.708072 0.291928 
 ----> low 691 0 0.655789 0.344211 
 ----> low 692 0 0.642542 0.357458 
 ----> low 693 0 0.656125 0.343875 
 ----> low 694 0 0.66025 0.33975 
 ----> low 695 0 0.682743 0.317257 
 ----> low 696 0 0.668079 0.331921 
 ----> low 697 0 0.693564 0.306436 
 ----> low 698 0 0.699142 0.300858 
 ----> low 699 0 0.670159 0.329841 
 ----> low 700 0 0.687847 0.312153 
 ----> low 701 0 0.687056 0.312944 
 ----> low 702 0 0.689228 0.310772 
 ----> low 703 0 0.686296 0.313704 
 ----> low 704 0 0.672647 0.327353 
 ----> low 705 1 0.698812 0.301188 
 ----> low 706 0 0.671611 0.328389 
 ----> low 707 0 0.681404 0.318596 
 ----> low 708 0 0.688583 0.311417 
 ----> low 709 0 0.695414 0.304586 
 ----> low 710 0 0.68075 0.31925 
 ----> low 711 0 0.67221 0.32779 
 ----> low 712 0 0.696793 0.303207 
 ----> low 713 1 0.652061 0.347939 
 ----> low 714 1 0.667643 0.332357 
 ----> low 715 1 0.657772 0.342228 
 ----> low 716 1 0.687639 0.312361 
 ----> low 717 0 0.6712 0.3288 
 ----> low 718 0 0.655331 0.344669 
