 ----> low 1 0 0.723503 0.276497 
 ----> low 2 1 0.567493 0.432507 
 ----> low 3 1 0.702001 0.297999 
 ----> low 4 1 0.566747 0.433253 
 ----> low 5 1 0.681236 0.318764 
 ----> low 6 1 0.731875 0.268125 
 ----> low 7 1 0.650411 0.349589 
 ----> low 8 0 0.645012 0.354988 
 ----> low 9 0 0.659661 0.340339 
 ----> low 10 0 0.625323 0.374677 
 ----> low 11 1 0.631019 0.368981 
 ----> low 12 1 0.640152 0.359848 
 ----> low 13 0 0.677549 0.322451 
 ----> low 14 1 0.607971 0.392029 
 ----> low 15 1 0.586382 0.413618 
 ----> low 16 1 0.628696 0.371304 
 ----> low 17 1 0.570088 0.429912 
 ----> low 18 0 0.653742 0.346258 
 ----> low 19 0 0.713298 0.286702 
 ----> low 20 0 0.674612 0.325388 
 ----> low 21 1 0.63945 0.36055 
 ----> low 22 0 0.621403 0.378597 
 ----> low 23 0 0.633305 0.366695 
 ----> low 24 0 0.658298 0.341702 
 ----> low 25 0 0.652077 0.347923 
 ----> low 26 1 0.606227 0.393773 
 ----> low 27 1 0.576483 0.423517 
 ----> low 28 1 0.566942 0.433058 
 ----> low 29 1 0.61814 0.38186 
 ----> low 30 1 0.659492 0.340508 
 ----> low 31 0 0.639035 0.360965 
 ----> low 32 0 0.66873 0.33127 
 ----> low 33 0 0.679754 0.320246 
 ----> low 34 1 0.656619 0.343381 
 ----> low 35 1 0.68194 0.31806 
 ----> low 36 0 0.626048 0.373952 
 ----> low 37 0 0.687155 0.312845 
 ----> low 38 0 0.664798 0.335202 
 ----> low 39 0 0.650469 0.349531 
 ----> low 40 1 0.64508 0.35492 
 ----> low 41 1 0.617003 0.382997 
 ----> low 42 1 0.653353 0.346647 
 ----> low 43 0 0.675997 0.324003 
 ----> low 44 0 0.675793 0.324207 
 ----> low 45 1 0.646382 0.353618 
 ----> low 46 1 0.658569 0.341431 
 ----> low 47 0 0.618332 0.381668 
 ----> low 48 0 0.652164 0.347836 
 ----> low 49 1 0.646338 0.353662 
 ----> low 50 1 0.61081 0.38919 
 ----> low 51 0 0.632828 0.367172 
 ----> low 52 1 0.606051 0.393949 
 ----> low 53 0 0.678398 0.321602 
 ----> low 54 0 0.679874 0.320126 
 ----> low 55 0 0.642837 0.357163 
 ----> low 56 0 0.703489 0.296511 
 ----> low 57 1 0.620554 0.379446 
 ----> low 58 1 0.661195 0.338805 
 ----> low 59 0 0.673727 0.326273 
 ----> low 60 1 0.626338 0.373662 
 ----> low 61 0 0.681783 0.318217 
 ----> low 62 0 0.677053 0.322947 
 ----> low 63 1 0.644892 0.355108 
 ----> low 64 1 0.661434 0.338566 
 ----> low 65 0 0.641085 0.358915 
 ----> low 66 0 0.646005 0.353995 
 ----> low 67 0 0.6555 0.3445 
 ----> low 68 1 0.623279 0.376721 
 ----> low 69 0 0.653957 0.346043 
 ----> low 70 0 0.690878 0.309122 
 ----> low 71 1 0.633512 0.366488 
 ----> low 72 0 0.656878 0.343122 
 ----> low 73 0 0.657134 0.342866 
 ----> low 74 1 0.641329 0.358671 
 ----> low 75 0 0.636057 0.363943 
 ----> low 76 0 0.645534 0.354466 
 ----> low 77 1 0.673886 0.326114 
 ----> low 78 1 0.610595 0.389405 
 ----> low 79 0 0.646184 0.353816 
 ----> low 80 1 0.660186 0.339814 
 ----> low 81 1 0.634727 0.365273 
 ----> low 82 1 0.635851 0.364149 
 ----> low 83 1 0.628113 0.371887 
 ----> low 84 1 0.647769 0.352231 
 ----> low 85 0 0.655029 0.344971 
 ----> low 86 1 0.622297 0.377703 
 ----> low 87 0 0.666974 0.333026 
 ----> low 88 1 0.641719 0.358281 
 ----> low 89 1 0.664671 0.335329 
 ----> low 90 1 0.635407 0.364593 
 ----> low 91 1 0.597061 0.402939 
 ----> low 92 0 0.667591 0.332409 
 ----> low 93 0 0.670924 0.329076 
 ----> low 94 1 0.627109 0.372891 
 ----> low 95 1 0.632357 0.367643 
 ----> low 96 0 0.700894 0.299106 
 ----> low 97 0 0.670098 0.329902 
 ----> low 98 1 0.621389 0.378611 
 ----> low 99 1 0.665533 0.334467 
 ----> low 100 0 0.668956 0.331044 
 ----> low 101 0 0.671276 0.328724 
 ----> low 102 1 0.644847 0.355153 
 ----> low 103 0 0.650491 0.349509 
 ----> low 104 0 0.657582 0.342418 
 ----> low 105 1 0.669995 0.330005 
 ----> low 106 0 0.683723 0.316277 
 ----> low 107 0 0.633115 0.366885 
 ----> low 108 0 0.649056 0.350944 
 ----> low 109 0 0.694953 0.305047 
 ----> low 110 1 0.603491 0.396509 
 ----> low 111 0 0.65903 0.34097 
 ----> low 112 0 0.64002 0.35998 
 ----> low 113 0 0.670865 0.329135 
 ----> low 114 1 0.631678 0.368322 
 ----> low 115 0 0.697847 0.302153 
 ----> low 116 0 0.641565 0.358435 
 ----> low 117 0 0.671406 0.328594 
 ----> low 118 1 0.64102 0.35898 
 ----> low 119 1 0.63659 0.36341 
 ----> low 120 0 0.676459 0.323541 
 ----> low 121 0 0.642061 0.357939 
 ----> low 122 1 0.665026 0.334974 
 ----> low 123 1 0.656843 0.343157 
 ----> low 124 1 0.664086 0.335914 
 ----> low 125 1 0.637201 0.362799 
 ----> low 126 0 0.666618 0.333382 
 ----> low 127 0 0.630119 0.369881 
 ----> low 128 0 0.657694 0.342306 
 ----> low 129 0 0.660239 0.339761 
 ----> low 130 1 0.640776 0.359224 
 ----> low 131 0 0.701491 0.298509 
 ----> low 132 0 0.684664 0.315336 
 ----> low 133 1 0.588992 0.411008 
 ----> low 134 1 0.663347 0.336653 
 ----> low 135 0 0.687101 0.312899 
 ----> low 136 1 0.673602 0.326398 
 ----> low 137 1 0.655202 0.344798 
 ----> low 138 1 0.604009 0.395991 
 ----> low 139 0 0.646854 0.353146 
 ----> low 140 0 0.648841 0.351159 
 ----> low 141 1 0.641158 0.358842 
 ----> low 142 0 0.664831 0.335169 
 ----> low 143 0 0.66904 0.33096 
 ----> low 144 0 0.662807 0.337193 
 ----> low 145 0 0.62032 0.37968 
 ----> low 146 0 0.670532 0.329468 
 ----> low 147 0 0.680948 0.319052 
 ----> low 148 0 0.639146 0.360854 
 ----> low 149 0 0.646771 0.353229 
 ----> low 150 1 0.644395 0.355605 
 ----> low 151 1 0.613878 0.386122 
 ----> low 152 0 0.639166 0.360834 
 ----> low 153 0 0.647659 0.352341 
 ----> low 154 0 0.697619 0.302381 
 ----> low 155 1 0.622233 0.377767 
 ----> low 156 0 0.66377 0.33623 
 ----> low 157 1 0.613907 0.386093 
 ----> low 158 1 0.616335 0.383665 
 ----> low 159 1 0.660505 0.339495 
 ----> low 160 0 0.652043 0.347957 
 ----> low 161 0 0.704928 0.295072 
 ----> low 162 1 0.669116 0.330884 
 ----> low 163 1 0.644288 0.355712 
 ----> low 164 1 0.64521 0.35479 
 ----> low 165 1 0.607743 0.392257 
 ----> low 166 1 0.631896 0.368104 
 ----> low 167 0 0.682535 0.317465 
 ----> low 168 1 0.630047 0.369953 
 ----> low 169 0 0.683365 0.316635 
 ----> low 170 0 0.667368 0.332632 
 ----> low 171 1 0.58352 0.41648 
 ----> low 172 1 0.636118 0.363882 
 ----> low 173 1 0.665972 0.334028 
 ----> low 174 0 0.67798 0.32202 
 ----> low 175 1 0.650924 0.349076 
 ----> low 176 0 0.618485 0.381515 
 ----> low 177 0 0.666604 0.333396 
 ----> low 178 0 0.665669 0.334331 
 ----> low 179 1 0.619079 0.380921 
 ----> low 180 0 0.639452 0.360548 
 ----> low 181 0 0.673334 0.326666 
 ----> low 182 0 0.644073 0.355927 
 ----> low 183 1 0.615878 0.384122 
 ----> low 184 1 0.650047 0.349953 
 ----> low 185 1 0.623471 0.376529 
 ----> low 186 0 0.671285 0.328715 
 ----> low 187 1 0.552469 0.447531 
 ----> low 188 1 0.648538 0.351462 
 ----> low 189 0 0.643736 0.356264 
 ----> low 190 1 0.61868 0.38132 
 ----> low 191 0 0.680659 0.319341 
 ----> low 192 1 0.643061 0.356939 
 ----> low 193 1 0.65908 0.34092 
 ----> low 194 0 0.634162 0.365838 
 ----> low 195 0 0.667753 0.332247 
 ----> low 196 1 0.64238 0.35762 
 ----> low 197 1 0.638318 0.361682 
 ----> low 198 0 0.68074 0.31926 
 ----> low 199 0 0.65021 0.34979 
 ----> low 200 0 0.643127 0.356873 
 ----> low 201 0 0.631178 0.368822 
 ----> low 202 0 0.62425 0.37575 
 ----> low 203 0 0.626913 0.373087 
 ----> low 204 1 0.677658 0.322342 
 ----> low 205 0 0.621625 0.378375 
 ----> low 206 1 0.632096 0.367904 
 ----> low 207 1 0.632546 0.367454 
 ----> low 208 1 0.647186 0.352814 
 ----> low 209 0 0.72475 0.27525 
 ----> low 210 0 0.655964 0.344036 
 ----> low 211 1 0.607685 0.392315 
 ----> low 212 0 0.675962 0.324038 
 ----> low 213 1 0.578558 0.421442 
 ----> low 214 0 0.601665 0.398335 
 ----> low 215 0 0.693165 0.306835 
 ----> low 216 0 0.690418 0.309582 
 ----> low 217 0 0.647532 0.352468 
 ----> low 218 1 0.575257 0.424743 
 ----> low 219 0 0.63801 0.36199 
 ----> low 220 0 0.701394 0.298606 
 ----> low 221 1 0.575786 0.424214 
 ----> low 222 0 0.706708 0.293292 
 ----> low 223 1 0.654031 0.345969 
 ----> low 224 0 0.650238 0.349762 
 ----> low 225 0 0.689029 0.310971 
 ----> low 226 1 0.646145 0.353855 
 ----> low 227 0 0.618572 0.381428 
 ----> low 228 0 0.690392 0.309608 
 ----> low 229 1 0.701069 0.298931 
 ----> low 230 0 0.715721 0.284279 
 ----> low 231 0 0.658449 0.341551 
 ----> low 232 1 0.620387 0.379613 
 ----> low 233 0 0.648589 0.351411 
 ----> low 234 0 0.648156 0.351844 
 ----> low 235 0 0.67184 0.32816 
 ----> low 236 1 0.679998 0.320002 
 ----> low 237 0 0.66877 0.33123 
 ----> low 238 0 0.653923 0.346077 
 ----> low 239 0 0.664281 0.335719 
 ----> low 240 1 0.64189 0.35811 
 ----> low 241 0 0.692931 0.307069 
 ----> low 242 0 0.656804 0.343196 
 ----> low 243 1 0.670756 0.329244 
 ----> low 244 0 0.657304 0.342696 
 ----> low 245 1 0.608083 0.391917 
 ----> low 246 1 0.624159 0.375841 
 ----> low 247 0 0.669878 0.330122 
 ----> low 248 0 0.661094 0.338906 
 ----> low 249 1 0.679504 0.320496 
 ----> low 250 0 0.660537 0.339463 
 ----> low 251 0 0.631957 0.368043 
 ----> low 252 1 0.633584 0.366416 
 ----> low 253 0 0.639833 0.360167 
 ----> low 254 1 0.617698 0.382302 
 ----> low 255 1 0.649131 0.350869 
 ----> low 256 1 0.638983 0.361017 
 ----> low 257 1 0.661395 0.338605 
 ----> low 258 0 0.64745 0.35255 
 ----> low 259 0 0.727088 0.272912 
 ----> low 260 1 0.609574 0.390426 
 ----> low 261 1 0.655687 0.344313 
 ----> low 262 1 0.647025 0.352975 
 ----> low 263 0 0.669928 0.330072 
 ----> low 264 1 0.669904 0.330096 
 ----> low 265 0 0.676508 0.323492 
 ----> low 266 0 0.608887 0.391113 
 ----> low 267 0 0.684166 0.315834 
 ----> low 268 1 0.645594 0.354406 
 ----> low 269 0 0.645188 0.354812 
 ----> low 270 0 0.698171 0.301829 
 ----> low 271 1 0.632732 0.367268 
 ----> low 272 1 0.66423 0.33577 
 ----> low 273 0 0.721238 0.278762 
 ----> low 274 1 0.635904 0.364096 
 ----> low 275 0 0.714433 0.285567 
 ----> low 276 1 0.670794 0.329206 
 ----> low 277 0 0.703069 0.296931 
 ----> low 278 0 0.725994 0.274006 
 ----> low 279 1 0.655657 0.344343 
 ----> low 280 1 0.608268 0.391732 
 ----> low 281 0 0.686503 0.313497 
 ----> low 282 1 0.674576 0.325424 
 ----> low 283 1 0.599824 0.400176 
 ----> low 284 1 0.676991 0.323009 
 ----> low 285 0 0.643097 0.356903 
 ----> low 286 0 0.723995 0.276005 
 ----> low 287 0 0.625074 0.374926 
 ----> low 288 0 0.624622 0.375378 
 ----> low 289 1 0.631651 0.368349 
 ----> low 290 0 0.63969 0.36031 
 ----> low 291 1 0.613479 0.386521 
 ----> low 292 1 0.634114 0.365886 
 ----> low 293 0 0.653078 0.346922 
 ----> low 294 1 0.605215 0.394785 
 ----> low 295 0 0.650177 0.349823 
 ----> low 296 0 0.730767 0.269233 
 ----> low 297 0 0.674459 0.325541 
 ----> low 298 1 0.649359 0.350641 
 ----> low 299 0 0.639569 0.360431 
 ----> low 300 1 0.59864 0.40136 
 ----> low 301 0 0.690541 0.309459 
 ----> low 302 0 0.662638 0.337362 
 ----> low 303 0 0.661629 0.338371 
 ----> low 304 1 0.632144 0.367856 
 ----> low 305 0 0.655729 0.344271 
 ----> low 306 0 0.680875 0.319125 
 ----> low 307 0 0.673902 0.326098 
 ----> low 308 0 0.672485 0.327515 
 ----> low 309 1 0.643127 0.356873 
 ----> low 310 1 0.662363 0.337637 
 ----> low 311 0 0.681181 0.318819 
 ----> low 312 0 0.678282 0.321718 
 ----> low 313 0 0.670157 0.329843 
 ----> low 314 1 0.604089 0.395911 
 ----> low 315 0 0.685075 0.314925 
 ----> low 316 0 0.664875 0.335125 
 ----> low 317 0 0.686984 0.313016 
 ----> low 318 0 0.637097 0.362903 
 ----> low 319 0 0.663059 0.336941 
 ----> low 320 0 0.648717 0.351283 
 ----> low 321 1 0.617188 0.382812 
 ----> low 322 0 0.626983 0.373017 
 ----> low 323 1 0.630865 0.369135 
 ----> low 324 0 0.677619 0.322381 
 ----> low 325 0 0.618135 0.381865 
 ----> low 326 0 0.630768 0.369232 
 ----> low 327 1 0.636948 0.363052 
 ----> low 328 1 0.61176 0.38824 
 ----> low 329 0 0.650656 0.349344 
 ----> low 330 0 0.707321 0.292679 
 ----> low 331 0 0.622062 0.377938 
 ----> low 332 0 0.664146 0.335854 
 ----> low 333 1 0.626581 0.373419 
 ----> low 334 1 0.68917 0.31083 
 ----> low 335 1 0.609002 0.390998 
 ----> low 336 1 0.664881 0.335119 
 ----> low 337 1 0.618119 0.381881 
 ----> low 338 0 0.681472 0.318528 
 ----> low 339 0 0.672822 0.327178 
 ----> low 340 0 0.646244 0.353756 
 ----> low 341 0 0.626016 0.373984 
 ----> low 342 1 0.62681 0.37319 
 ----> low 343 1 0.666176 0.333824 
 ----> low 344 0 0.621881 0.378119 
 ----> low 345 0 0.648935 0.351065 
 ----> low 346 0 0.666477 0.333523 
 ----> low 347 0 0.631085 0.368915 
 ----> low 348 0 0.688295 0.311705 
 ----> low 349 0 0.719881 0.280119 
 ----> low 350 1 0.639045 0.360955 
 ----> low 351 1 0.637804 0.362196 
 ----> low 352 0 0.61683 0.38317 
 ----> low 353 0 0.68675 0.31325 
 ----> low 354 0 0.658438 0.341562 
 ----> low 355 0 0.646849 0.353151 
 ----> low 356 0 0.705509 0.294491 
 ----> low 357 1 0.617197 0.382803 
 ----> low 358 0 0.647508 0.352492 
 ----> low 359 0 0.655765 0.344235 
 ----> low 360 0 0.661224 0.338776 
 ----> low 361 0 0.676304 0.323696 
 ----> low 362 1 0.653861 0.346139 
 ----> low 363 1 0.620542 0.379458 
 ----> low 364 0 0.651543 0.348457 
 ----> low 365 0 0.689145 0.310855 
 ----> low 366 1 0.602442 0.397558 
 ----> low 367 1 0.663872 0.336128 
 ----> low 368 0 0.687653 0.312347 
 ----> low 369 0 0.671348 0.328652 
 ----> low 370 0 0.606694 0.393306 
 ----> low 371 1 0.63603 0.36397 
 ----> low 372 0 0.682541 0.317459 
 ----> low 373 0 0.649017 0.350983 
 ----> low 374 0 0.725409 0.274591 
 ----> low 375 0 0.723587 0.276413 
 ----> low 376 1 0.647911 0.352089 
 ----> low 377 0 0.697305 0.302695 
 ----> low 378 0 0.626273 0.373727 
 ----> low 379 1 0.623138 0.376862 
 ----> low 380 0 0.70738 0.29262 
 ----> low 381 1 0.611221 0.388779 
 ----> low 382 0 0.64137 0.35863 
 ----> low 383 0 0.660883 0.339117 
 ----> low 384 0 0.647221 0.352779 
 ----> low 385 0 0.67853 0.32147 
 ----> low 386 1 0.656363 0.343637 
 ----> low 387 0 0.633258 0.366742 
 ----> low 388 1 0.615629 0.384371 
 ----> low 389 1 0.60759 0.39241 
 ----> low 390 0 0.681669 0.318331 
 ----> low 391 0 0.627311 0.372689 
 ----> low 392 0 0.683551 0.316449 
 ----> low 393 0 0.657389 0.342611 
 ----> low 394 1 0.652916 0.347084 
 ----> low 395 0 0.647032 0.352968 
 ----> low 396 0 0.685346 0.314654 
 ----> low 397 0 0.706836 0.293164 
 ----> low 398 1 0.637784 0.362216 
 ----> low 399 1 0.620255 0.379745 
 ----> low 400 1 0.622988 0.377012 
 ----> low 401 1 0.679825 0.320175 
 ----> low 402 0 0.666795 0.333205 
 ----> low 403 0 0.676783 0.323217 
 ----> low 404 0 0.659736 0.340264 
 ----> low 405 0 0.671881 0.328119 
 ----> low 406 1 0.590008 0.409992 
 ----> low 407 1 0.627574 0.372426 
 ----> low 408 0 0.661834 0.338166 
 ----> low 409 0 0.676392 0.323608 
 ----> low 410 0 0.719194 0.280806 
 ----> low 411 0 0.687148 0.312852 
 ----> low 412 0 0.630785 0.369215 
 ----> low 413 0 0.635552 0.364448 
 ----> low 414 0 0.644566 0.355434 
 ----> low 415 1 0.630888 0.369112 
 ----> low 416 0 0.680959 0.319041 
 ----> low 417 0 0.668907 0.331093 
 ----> low 418 0 0.691093 0.308907 
 ----> low 419 1 0.619966 0.380034 
 ----> low 420 0 0.668081 0.331919 
 ----> low 421 0 0.651054 0.348946 
 ----> low 422 0 0.707426 0.292574 
 ----> low 423 1 0.667259 0.332741 
 ----> low 424 0 0.662391 0.337609 
 ----> low 425 0 0.677971 0.322029 
 ----> low 426 0 0.65242 0.34758 
 ----> low 427 0 0.632477 0.367523 
 ----> low 428 0 0.689135 0.310865 
 ----> low 429 0 0.671195 0.328805 
 ----> low 430 0 0.70208 0.29792 
 ----> low 431 0 0.698997 0.301003 
 ----> low 432 0 0.648604 0.351396 
 ----> low 433 0 0.659217 0.340783 
 ----> low 434 1 0.617313 0.382687 
 ----> low 435 1 0.626462 0.373538 
 ----> low 436 1 0.621366 0.378634 
 ----> low 437 0 0.671173 0.328827 
 ----> low 438 0 0.678652 0.321348 
 ----> low 439 0 0.70264 0.29736 
 ----> low 440 0 0.669405 0.330595 
 ----> low 441 0 0.663925 0.336075 
 ----> low 442 0 0.623187 0.376813 
 ----> low 443 0 0.622881 0.377119 
 ----> low 444 0 0.685055 0.314945 
 ----> low 445 1 0.658195 0.341805 
 ----> low 446 0 0.655786 0.344214 
 ----> low 447 0 0.690028 0.309972 
 ----> low 448 0 0.66464 0.33536 
 ----> low 449 0 0.654161 0.345839 
 ----> low 450 0 0.69059 0.30941 
 ----> low 451 0 0.689283 0.310717 
 ----> low 452 0 0.687905 0.312095 
 ----> low 453 1 0.67434 0.32566 
 ----> low 454 0 0.682536 0.317464 
 ----> low 455 1 0.669642 0.330358 
 ----> low 456 0 0.69413 0.30587 
 ----> low 457 0 0.653584 0.346416 
 ----> low 458 0 0.660894 0.339106 
 ----> low 459 1 0.653953 0.346047 
 ----> low 460 0 0.745546 0.254454 
 ----> low 461 0 0.637143 0.362857 
 ----> low 462 1 0.635748 0.364252 
 ----> low 463 0 0.692062 0.307938 
 ----> low 464 0 0.695963 0.304037 
 ----> low 465 0 0.631709 0.368291 
 ----> low 466 0 0.688802 0.311198 
 ----> low 467 1 0.676487 0.323513 
 ----> low 468 1 0.641618 0.358382 
 ----> low 469 0 0.626282 0.373718 
 ----> low 470 1 0.611224 0.388776 
 ----> low 471 1 0.664808 0.335192 
 ----> low 472 0 0.62889 0.37111 
 ----> low 473 0 0.71109 0.28891 
 ----> low 474 1 0.633506 0.366494 
 ----> low 475 0 0.664875 0.335125 
 ----> low 476 0 0.682986 0.317014 
 ----> low 477 0 0.67626 0.32374 
 ----> low 478 0 0.624231 0.375769 
 ----> low 479 0 0.698838 0.301162 
 ----> low 480 0 0.629381 0.370619 
 ----> low 481 0 0.708933 0.291067 
 ----> low 482 0 0.655826 0.344174 
 ----> low 483 1 0.625695 0.374305 
 ----> low 484 0 0.667296 0.332704 
 ----> low 485 0 0.672852 0.327148 
 ----> low 486 0 0.673302 0.326698 
 ----> low 487 0 0.70769 0.29231 
 ----> low 488 0 0.643731 0.356269 
 ----> low 489 1 0.647928 0.352072 
 ----> low 490 1 0.607562 0.392438 
 ----> low 491 0 0.683411 0.316589 
 ----> low 492 1 0.614397 0.385603 
 ----> low 493 0 0.669385 0.330615 
 ----> low 494 0 0.657491 0.342509 
 ----> low 495 1 0.66038 0.33962 
 ----> low 496 1 0.660828 0.339172 
 ----> low 497 0 0.656124 0.343876 
 ----> low 498 0 0.645727 0.354273 
 ----> low 499 0 0.620458 0.379542 
 ----> low 500 0 0.653204 0.346796 
 ----> low 501 1 0.637187 0.362813 
 ----> low 502 0 0.663735 0.336265 
 ----> low 503 1 0.613811 0.386189 
 ----> low 504 0 0.655611 0.344389 
 ----> low 505 0 0.649432 0.350568 
 ----> low 506 0 0.669647 0.330353 
 ----> low 507 0 0.644863 0.355137 
 ----> low 508 0 0.664777 0.335223 
 ----> low 509 1 0.637 0.363 
 ----> low 510 1 0.640278 0.359722 
 ----> low 511 0 0.634736 0.365264 
 ----> low 512 0 0.657531 0.342469 
 ----> low 513 1 0.676029 0.323971 
 ----> low 514 0 0.636674 0.363326 
 ----> low 515 1 0.639356 0.360644 
 ----> low 516 0 0.665219 0.334781 
 ----> low 517 0 0.678928 0.321072 
 ----> low 518 0 0.667816 0.332184 
 ----> low 519 0 0.619986 0.380014 
 ----> low 520 1 0.621401 0.378599 
 ----> low 521 1 0.642969 0.357031 
 ----> low 522 1 0.584688 0.415312 
 ----> low 523 1 0.633998 0.366002 
 ----> low 524 1 0.555379 0.444621 
 ----> low 525 0 0.614363 0.385637 
 ----> low 526 0 0.718433 0.281567 
 ----> low 527 0 0.566536 0.433464 
 ----> low 528 0 0.68187 0.31813 
 ----> low 529 0 0.707913 0.292087 
 ----> low 530 1 0.569785 0.430215 
 ----> low 531 0 0.683754 0.316246 
 ----> low 532 0 0.691243 0.308757 
 ----> low 533 0 0.719837 0.280163 
 ----> low 534 0 0.68816 0.31184 
 ----> low 535 0 0.669492 0.330508 
 ----> low 536 0 0.625347 0.374653 
 ----> low 537 0 0.690856 0.309144 
 ----> low 538 0 0.655519 0.344481 
 ----> low 539 0 0.655586 0.344414 
 ----> low 540 0 0.618967 0.381033 
 ----> low 541 1 0.65868 0.34132 
 ----> low 542 0 0.693764 0.306236 
 ----> low 543 1 0.628694 0.371306 
 ----> low 544 0 0.676036 0.323964 
 ----> low 545 0 0.655168 0.344832 
 ----> low 546 1 0.622571 0.377429 
 ----> low 547 0 0.628922 0.371078 
 ----> low 548 1 0.608833 0.391167 
 ----> low 549 1 0.616419 0.383581 
 ----> low 550 0 0.667087 0.332913 
 ----> low 551 0 0.639488 0.360512 
 ----> low 552 0 0.644245 0.355755 
 ----> low 553 1 0.639205 0.360795 
 ----> low 554 0 0.68508 0.31492 
 ----> low 555 1 0.676388 0.323612 
 ----> low 556 1 0.666915 0.333085 
 ----> low 557 0 0.658036 0.341964 
 ----> low 558 1 0.609666 0.390334 
 ----> low 559 0 0.683623 0.316377 
 ----> low 560 0 0.664063 0.335937 
 ----> low 561 0 0.673489 0.326511 
 ----> low 562 0 0.665339 0.334661 
 ----> low 563 0 0.658089 0.341911 
 ----> low 564 1 0.657815 0.342185 
 ----> low 565 0 0.666094 0.333906 
 ----> low 566 1 0.698862 0.301138 
 ----> low 567 0 0.691506 0.308494 
 ----> low 568 0 0.673411 0.326589 
 ----> low 569 1 0.682092 0.317908 
 ----> low 570 0 0.603894 0.396106 
 ----> low 571 0 0.654907 0.345093 
 ----> low 572 1 0.606809 0.393191 
 ----> low 573 0 0.686583 0.313417 
 ----> low 574 0 0.686628 0.313372 
 ----> low 575 0 0.647802 0.352198 
 ----> low 576 1 0.622118 0.377882 
 ----> low 577 0 0.670334 0.329666 
 ----> low 578 1 0.658138 0.341862 
 ----> low 579 0 0.691183 0.308817 
 ----> low 580 0 0.620489 0.379511 
 ----> low 581 1 0.604573 0.395427 
 ----> low 582 0 0.65948 0.34052 
 ----> low 583 0 0.688235 0.311765 
 ----> low 584 1 0.618962 0.381038 
 ----> low 585 0 0.664283 0.335717 
 ----> low 586 0 0.668926 0.331074 
 ----> low 587 0 0.6307 0.3693 
 ----> low 588 0 0.568044 0.431956 
 ----> low 589 1 0.6001 0.3999 
 ----> low 590 1 0.618645 0.381355 
 ----> low 591 0 0.655179 0.344821 
 ----> low 592 1 0.64249 0.35751 
 ----> low 593 0 0.674729 0.325271 
 ----> low 594 0 0.646587 0.353413 
 ----> low 595 0 0.67975 0.32025 
 ----> low 596 0 0.68415 0.31585 
 ----> low 597 1 0.640139 0.359861 
 ----> low 598 0 0.687692 0.312308 
 ----> low 599 0 0.713171 0.286829 
 ----> low 600 0 0.62582 0.37418 
 ----> low 601 0 0.642393 0.357607 
 ----> low 602 1 0.621175 0.378825 
 ----> low 603 1 0.680074 0.319926 
 ----> low 604 0 0.636755 0.363245 
 ----> low 605 0 0.670462 0.329538 
 ----> low 606 0 0.750512 0.249488 
 ----> low 607 0 0.682007 0.317993 
 ----> low 608 1 0.605516 0.394484 
 ----> low 609 0 0.683903 0.316097 
 ----> low 610 0 0.720628 0.279372 
 ----> low 611 0 0.699378 0.300622 
 ----> low 612 0 0.672884 0.327116 
 ----> low 613 0 0.698082 0.301918 
 ----> low 614 0 0.623738 0.376262 
 ----> low 615 0 0.690487 0.309513 
 ----> low 616 0 0.677224 0.322776 
 ----> low 617 0 0.702572 0.297428 
 ----> low 618 0 0.681329 0.318671 
 ----> low 619 1 0.593082 0.406918 
 ----> low 620 1 0.614629 0.385371 
 ----> low 621 0 0.674909 0.325091 
 ----> low 622 0 0.649514 0.350486 
 ----> low 623 0 0.677253 0.322747 
 ----> low 624 0 0.660247 0.339753 
 ----> low 625 0 0.644202 0.355798 
 ----> low 626 0 0.665341 0.334659 
 ----> low 627 0 0.622968 0.377032 
 ----> low 628 0 0.743598 0.256402 
 ----> low 629 1 0.680206 0.319794 
 ----> low 630 0 0.719331 0.280669 
 ----> low 631 0 0.666451 0.333549 
 ----> low 632 1 0.609974 0.390026 
 ----> low 633 0 0.655224 0.344776 
 ----> low 634 0 0.709129 0.290871 
 ----> low 635 1 0.64051 0.35949 
 ----> low 636 0 0.646096 0.353904 
 ----> low 637 0 0.652054 0.347946 
 ----> low 638 0 0.642667 0.357333 
 ----> low 639 1 0.695952 0.304048 
 ----> low 640 1 0.637514 0.362486 
 ----> low 641 0 0.639529 0.360471 
 ----> low 642 0 0.660288 0.339712 
 ----> low 643 0 0.649271 0.350729 
 ----> low 644 0 0.706548 0.293452 
 ----> low 645 0 0.67728 0.32272 
 ----> low 646 0 0.685432 0.314568 
 ----> low 647 0 0.64243 0.35757 
 ----> low 648 0 0.636121 0.363879 
 ----> low 649 0 0.694145 0.305855 
 ----> low 650 0 0.643243 0.356757 
 ----> low 651 1 0.665227 0.334773 
 ----> low 652 0 0.685798 0.314202 
 ----> low 653 0 0.690573 0.309427 
 ----> low 654 1 0.608307 0.391693 
 ----> low 655 0 0.65034 0.34966 
 ----> low 656 0 0.670156 0.329844 
 ----> low 657 0 0.687848 0.312152 
 ----> low 658 0 0.661261 0.338739 
 ----> low 659 0 0.633796 0.366204 
 ----> low 660 0 0.669131 0.330869 
 ----> low 661 0 0.64769 0.35231 
 ----> low 662 0 0.696677 0.303323 
 ----> low 663 0 0.691436 0.308564 
 ----> low 664 0 0.681442 0.318558 
 ----> low 665 0 0.652509 0.347491 
 ----> low 666 1 0.654777 0.345223 
 ----> low 667 0 0.674187 0.325813 
 ----> low 668 0 0.621033 0.378967 
 ----> low 669 0 0.629467 0.370533 
 ----> low 670 0 0.671202 0.328798 
 ----> low 671 0 0.698648 0.301352 
 ----> low 672 0 0.654061 0.345939 
 ----> low 673 0 0.711066 0.288934 
 ----> low 674 0 0.668626 0.331374 
 ----> low 675 1 0.641019 0.358981 
 ----> low 676 1 0.662494 0.337506 
 ----> low 677 1 0.638999 0.361001 
 ----> low 678 1 0.656844 0.343156 
 ----> low 679 0 0.657263 0.342737 
 ----> low 680 0 0.675432 0.324568 
 ----> low 681 0 0.653428 0.346572 
 ----> low 682 0 0.678164 0.321836 
 ----> low 683 0 0.683614 0.316386 
 ----> low 684 1 0.660504 0.339496 
 ----> low 685 0 0.64564 0.35436 
 ----> low 686 0 0.690833 0.309167 
 ----> low 687 0 0.677889 0.322111 
 ----> low 688 0 0.687512 0.312488 
 ----> low 689 0 0.679143 0.320857 
 ----> low 690 0 0.660322 0.339678 
 ----> low 691 0 0.689852 0.310148 
 ----> low 692 0 0.637859 0.362141 
 ----> low 693 0 0.696814 0.303186 
 ----> low 694 0 0.630861 0.369139 
 ----> low 695 0 0.64269 0.35731 
 ----> low 696 0 0.676789 0.323211 
 ----> low 697 0 0.630567 0.369433 
 ----> low 698 0 0.684705 0.315295 
 ----> low 699 0 0.643438 0.356562 
 ----> low 700 0 0.635559 0.364441 
 ----> low 701 0 0.66561 0.33439 
 ----> low 702 0 0.665423 0.334577 
 ----> low 703 0 0.662555 0.337445 
 ----> low 704 0 0.669906 0.330094 
 ----> low 705 1 0.620328 0.379672 
 ----> low 706 0 0.65875 0.34125 
 ----> low 707 0 0.658989 0.341011 
 ----> low 708 0 0.636296 0.363704 
 ----> low 709 0 0.659842 0.340158 
 ----> low 710 0 0.62253 0.37747 
 ----> low 711 0 0.638748 0.361252 
 ----> low 712 0 0.680587 0.319413 
 ----> low 713 1 0.614319 0.385681 
 ----> low 714 1 0.690875 0.309125 
 ----> low 715 1 0.647997 0.352003 
 ----> low 716 1 0.651125 0.348875 
 ----> low 717 0 0.629449 0.370551 
 ----> low 718 0 0.691273 0.308727 
