 ----> low 1 0 0.80326 0.19674 
 ----> low 2 1 0.484004 0.515996 
 ----> low 3 1 0.816792 0.183208 
 ----> low 4 1 0.417714 0.582286 
 ----> low 5 1 0.503726 0.496274 
 ----> low 6 1 0.44603 0.55397 
 ----> low 7 1 0.432913 0.567087 
 ----> low 8 0 0.776851 0.223149 
 ----> low 9 0 0.745024 0.254976 
 ----> low 10 0 0.715795 0.284205 
 ----> low 11 1 0.445728 0.554272 
 ----> low 12 1 0.450208 0.549792 
 ----> low 13 0 0.75033 0.24967 
 ----> low 14 1 0.708792 0.291208 
 ----> low 15 1 0.440935 0.559065 
 ----> low 16 1 0.452074 0.547926 
 ----> low 17 1 0.47659 0.52341 
 ----> low 18 0 0.463064 0.536936 
 ----> low 19 0 0.736991 0.263009 
 ----> low 20 0 0.710506 0.289494 
 ----> low 21 1 0.730435 0.269565 
 ----> low 22 0 0.468054 0.531946 
 ----> low 23 0 0.730358 0.269642 
 ----> low 24 0 0.704793 0.295207 
 ----> low 25 0 0.72111 0.27889 
 ----> low 26 1 0.691186 0.308814 
 ----> low 27 1 0.439956 0.560044 
 ----> low 28 1 0.491273 0.508727 
 ----> low 29 1 0.485091 0.514909 
 ----> low 30 1 0.710066 0.289934 
 ----> low 31 0 0.69819 0.30181 
 ----> low 32 0 0.725504 0.274496 
 ----> low 33 0 0.720596 0.279404 
 ----> low 34 1 0.70611 0.29389 
 ----> low 35 1 0.696716 0.303284 
 ----> low 36 0 0.521539 0.478461 
 ----> low 37 0 0.723644 0.276356 
 ----> low 38 0 0.709226 0.290774 
 ----> low 39 0 0.673828 0.326172 
 ----> low 40 1 0.651195 0.348805 
 ----> low 41 1 0.510585 0.489415 
 ----> low 42 1 0.520397 0.479603 
 ----> low 43 0 0.548023 0.451977 
 ----> low 44 0 0.683226 0.316774 
 ----> low 45 1 0.476761 0.523239 
 ----> low 46 1 0.559626 0.440374 
 ----> low 47 0 0.701699 0.298301 
 ----> low 48 0 0.710543 0.289457 
 ----> low 49 1 0.678003 0.321997 
 ----> low 50 1 0.693105 0.306895 
 ----> low 51 0 0.691042 0.308958 
 ----> low 52 1 0.696172 0.303828 
 ----> low 53 0 0.514398 0.485602 
 ----> low 54 0 0.74357 0.25643 
 ----> low 55 0 0.749114 0.250886 
 ----> low 56 0 0.76361 0.23639 
 ----> low 57 1 0.497617 0.502383 
 ----> low 58 1 0.541267 0.458733 
 ----> low 59 0 0.701751 0.298249 
 ----> low 60 1 0.683258 0.316742 
 ----> low 61 0 0.717798 0.282202 
 ----> low 62 0 0.68892 0.31108 
 ----> low 63 1 0.689135 0.310865 
 ----> low 64 1 0.531143 0.468857 
 ----> low 65 0 0.551834 0.448166 
 ----> low 66 0 0.728528 0.271472 
 ----> low 67 0 0.693022 0.306978 
 ----> low 68 1 0.547681 0.452319 
 ----> low 69 0 0.573585 0.426415 
 ----> low 70 0 0.691189 0.308811 
 ----> low 71 1 0.632871 0.367129 
 ----> low 72 0 0.561897 0.438103 
 ----> low 73 0 0.567326 0.432674 
 ----> low 74 1 0.718053 0.281947 
 ----> low 75 0 0.709312 0.290688 
 ----> low 76 0 0.693756 0.306244 
 ----> low 77 1 0.596413 0.403587 
 ----> low 78 1 0.686401 0.313599 
 ----> low 79 0 0.527438 0.472562 
 ----> low 80 1 0.685041 0.314959 
 ----> low 81 1 0.551223 0.448777 
 ----> low 82 1 0.571368 0.428632 
 ----> low 83 1 0.518356 0.481644 
 ----> low 84 1 0.505247 0.494753 
 ----> low 85 0 0.495765 0.504235 
 ----> low 86 1 0.681981 0.318019 
 ----> low 87 0 0.713112 0.286888 
 ----> low 88 1 0.511021 0.488979 
 ----> low 89 1 0.555026 0.444974 
 ----> low 90 1 0.514836 0.485164 
 ----> low 91 1 0.503113 0.496887 
 ----> low 92 0 0.545479 0.454521 
 ----> low 93 0 0.693811 0.306189 
 ----> low 94 1 0.711107 0.288893 
 ----> low 95 1 0.545471 0.454529 
 ----> low 96 0 0.712031 0.287969 
 ----> low 97 0 0.718005 0.281995 
 ----> low 98 1 0.535992 0.464008 
 ----> low 99 1 0.503594 0.496406 
 ----> low 100 0 0.554049 0.445951 
 ----> low 101 0 0.703933 0.296067 
 ----> low 102 1 0.701438 0.298562 
 ----> low 103 0 0.702288 0.297712 
 ----> low 104 0 0.695695 0.304305 
 ----> low 105 1 0.668494 0.331506 
 ----> low 106 0 0.582581 0.417419 
 ----> low 107 0 0.670255 0.329745 
 ----> low 108 0 0.69795 0.30205 
 ----> low 109 0 0.680644 0.319356 
 ----> low 110 1 0.687253 0.312747 
 ----> low 111 0 0.589966 0.410034 
 ----> low 112 0 0.737524 0.262476 
 ----> low 113 0 0.674277 0.325723 
 ----> low 114 1 0.526796 0.473204 
 ----> low 115 0 0.571033 0.428967 
 ----> low 116 0 0.719967 0.280033 
 ----> low 117 0 0.674829 0.325171 
 ----> low 118 1 0.56227 0.43773 
 ----> low 119 1 0.567626 0.432374 
 ----> low 120 0 0.564336 0.435664 
 ----> low 121 0 0.674418 0.325582 
 ----> low 122 1 0.680211 0.319789 
 ----> low 123 1 0.48255 0.51745 
 ----> low 124 1 0.508482 0.491518 
 ----> low 125 1 0.681882 0.318118 
 ----> low 126 0 0.532106 0.467894 
 ----> low 127 0 0.731364 0.268636 
 ----> low 128 0 0.73853 0.26147 
 ----> low 129 0 0.731357 0.268643 
 ----> low 130 1 0.54484 0.45516 
 ----> low 131 0 0.696824 0.303176 
 ----> low 132 0 0.70453 0.29547 
 ----> low 133 1 0.635804 0.364196 
 ----> low 134 1 0.540259 0.459741 
 ----> low 135 0 0.57077 0.42923 
 ----> low 136 1 0.56892 0.43108 
 ----> low 137 1 0.701166 0.298834 
 ----> low 138 1 0.553739 0.446261 
 ----> low 139 0 0.740676 0.259324 
 ----> low 140 0 0.722824 0.277176 
 ----> low 141 1 0.550016 0.449984 
 ----> low 142 0 0.704194 0.295806 
 ----> low 143 0 0.691656 0.308344 
 ----> low 144 0 0.705659 0.294341 
 ----> low 145 0 0.553431 0.446569 
 ----> low 146 0 0.758949 0.241051 
 ----> low 147 0 0.736388 0.263612 
 ----> low 148 0 0.724538 0.275462 
 ----> low 149 0 0.749039 0.250961 
 ----> low 150 1 0.570899 0.429101 
 ----> low 151 1 0.536343 0.463657 
 ----> low 152 0 0.570479 0.429521 
 ----> low 153 0 0.668826 0.331174 
 ----> low 154 0 0.702975 0.297025 
 ----> low 155 1 0.691243 0.308757 
 ----> low 156 0 0.573785 0.426215 
 ----> low 157 1 0.542413 0.457587 
 ----> low 158 1 0.546657 0.453343 
 ----> low 159 1 0.703084 0.296916 
 ----> low 160 0 0.534148 0.465852 
 ----> low 161 0 0.715799 0.284201 
 ----> low 162 1 0.700742 0.299258 
 ----> low 163 1 0.540473 0.459527 
 ----> low 164 1 0.532309 0.467691 
 ----> low 165 1 0.527427 0.472573 
 ----> low 166 1 0.55749 0.44251 
 ----> low 167 0 0.71943 0.28057 
 ----> low 168 1 0.704886 0.295114 
 ----> low 169 0 0.705632 0.294368 
 ----> low 170 0 0.68976 0.31024 
 ----> low 171 1 0.513242 0.486758 
 ----> low 172 1 0.531583 0.468417 
 ----> low 173 1 0.693139 0.306861 
 ----> low 174 0 0.535657 0.464343 
 ----> low 175 1 0.718536 0.281464 
 ----> low 176 0 0.55652 0.44348 
 ----> low 177 0 0.708104 0.291896 
 ----> low 178 0 0.695113 0.304887 
 ----> low 179 1 0.503633 0.496367 
 ----> low 180 0 0.736629 0.263371 
 ----> low 181 0 0.710926 0.289074 
 ----> low 182 0 0.721875 0.278125 
 ----> low 183 1 0.723153 0.276847 
 ----> low 184 1 0.56709 0.43291 
 ----> low 185 1 0.558647 0.441353 
 ----> low 186 0 0.713622 0.286378 
 ----> low 187 1 0.652459 0.347541 
 ----> low 188 1 0.682946 0.317054 
 ----> low 189 0 0.566748 0.433252 
 ----> low 190 1 0.552228 0.447772 
 ----> low 191 0 0.697246 0.302754 
 ----> low 192 1 0.683411 0.316589 
 ----> low 193 1 0.538763 0.461237 
 ----> low 194 0 0.707011 0.292989 
 ----> low 195 0 0.672036 0.327964 
 ----> low 196 1 0.672344 0.327656 
 ----> low 197 1 0.54787 0.45213 
 ----> low 198 0 0.689778 0.310222 
 ----> low 199 0 0.691064 0.308936 
 ----> low 200 0 0.660137 0.339863 
 ----> low 201 0 0.701895 0.298105 
 ----> low 202 0 0.691755 0.308245 
 ----> low 203 0 0.69071 0.30929 
 ----> low 204 1 0.559673 0.440327 
 ----> low 205 0 0.569186 0.430814 
 ----> low 206 1 0.70727 0.29273 
 ----> low 207 1 0.545885 0.454115 
 ----> low 208 1 0.54675 0.45325 
 ----> low 209 0 0.706947 0.293053 
 ----> low 210 0 0.718958 0.281042 
 ----> low 211 1 0.683308 0.316692 
 ----> low 212 0 0.697371 0.302629 
 ----> low 213 1 0.667926 0.332074 
 ----> low 214 0 0.549424 0.450576 
 ----> low 215 0 0.703264 0.296736 
 ----> low 216 0 0.530996 0.469004 
 ----> low 217 0 0.705694 0.294306 
 ----> low 218 1 0.545221 0.454779 
 ----> low 219 0 0.715388 0.284612 
 ----> low 220 0 0.747921 0.252079 
 ----> low 221 1 0.676325 0.323675 
 ----> low 222 0 0.6771 0.3229 
 ----> low 223 1 0.54654 0.45346 
 ----> low 224 0 0.581947 0.418053 
 ----> low 225 0 0.712403 0.287597 
 ----> low 226 1 0.529562 0.470438 
 ----> low 227 0 0.604959 0.395041 
 ----> low 228 0 0.687333 0.312667 
 ----> low 229 1 0.707922 0.292078 
 ----> low 230 0 0.672748 0.327252 
 ----> low 231 0 0.682982 0.317018 
 ----> low 232 1 0.683885 0.316115 
 ----> low 233 0 0.595769 0.404231 
 ----> low 234 0 0.752282 0.247718 
 ----> low 235 0 0.687752 0.312248 
 ----> low 236 1 0.683912 0.316088 
 ----> low 237 0 0.56737 0.43263 
 ----> low 238 0 0.694231 0.305769 
 ----> low 239 0 0.692805 0.307195 
 ----> low 240 1 0.694579 0.305421 
 ----> low 241 0 0.568851 0.431149 
 ----> low 242 0 0.696033 0.303967 
 ----> low 243 1 0.549142 0.450858 
 ----> low 244 0 0.762752 0.237248 
 ----> low 245 1 0.545394 0.454606 
 ----> low 246 1 0.530739 0.469261 
 ----> low 247 0 0.701192 0.298808 
 ----> low 248 0 0.7082 0.2918 
 ----> low 249 1 0.536696 0.463304 
 ----> low 250 0 0.611605 0.388395 
 ----> low 251 0 0.693694 0.306306 
 ----> low 252 1 0.692655 0.307345 
 ----> low 253 0 0.671245 0.328755 
 ----> low 254 1 0.544811 0.455189 
 ----> low 255 1 0.692449 0.307551 
 ----> low 256 1 0.544465 0.455535 
 ----> low 257 1 0.720879 0.279121 
 ----> low 258 0 0.734142 0.265858 
 ----> low 259 0 0.734277 0.265723 
 ----> low 260 1 0.714742 0.285258 
 ----> low 261 1 0.538467 0.461533 
 ----> low 262 1 0.518613 0.481387 
 ----> low 263 0 0.687706 0.312294 
 ----> low 264 1 0.688873 0.311127 
 ----> low 265 0 0.691965 0.308035 
 ----> low 266 0 0.709242 0.290758 
 ----> low 267 0 0.699188 0.300812 
 ----> low 268 1 0.695453 0.304547 
 ----> low 269 0 0.705013 0.294987 
 ----> low 270 0 0.700269 0.299731 
 ----> low 271 1 0.571825 0.428175 
 ----> low 272 1 0.569508 0.430492 
 ----> low 273 0 0.705769 0.294231 
 ----> low 274 1 0.717179 0.282821 
 ----> low 275 0 0.569322 0.430678 
 ----> low 276 1 0.508335 0.491665 
 ----> low 277 0 0.698496 0.301504 
 ----> low 278 0 0.705421 0.294579 
 ----> low 279 1 0.640032 0.359968 
 ----> low 280 1 0.564719 0.435281 
 ----> low 281 0 0.567807 0.432193 
 ----> low 282 1 0.708864 0.291136 
 ----> low 283 1 0.552573 0.447427 
 ----> low 284 1 0.584632 0.415368 
 ----> low 285 0 0.544101 0.455899 
 ----> low 286 0 0.677666 0.322334 
 ----> low 287 0 0.676807 0.323193 
 ----> low 288 0 0.676799 0.323201 
 ----> low 289 1 0.55997 0.44003 
 ----> low 290 0 0.708666 0.291334 
 ----> low 291 1 0.671089 0.328911 
 ----> low 292 1 0.56463 0.43537 
 ----> low 293 0 0.72449 0.27551 
 ----> low 294 1 0.519129 0.480871 
 ----> low 295 0 0.591195 0.408805 
 ----> low 296 0 0.665151 0.334849 
 ----> low 297 0 0.724768 0.275232 
 ----> low 298 1 0.684349 0.315651 
 ----> low 299 0 0.553013 0.446987 
 ----> low 300 1 0.675167 0.324833 
 ----> low 301 0 0.703496 0.296504 
 ----> low 302 0 0.677319 0.322681 
 ----> low 303 0 0.697091 0.302909 
 ----> low 304 1 0.670434 0.329566 
 ----> low 305 0 0.701734 0.298266 
 ----> low 306 0 0.696109 0.303891 
 ----> low 307 0 0.686911 0.313089 
 ----> low 308 0 0.569246 0.430754 
 ----> low 309 1 0.722469 0.277531 
 ----> low 310 1 0.537717 0.462283 
 ----> low 311 0 0.713873 0.286127 
 ----> low 312 0 0.721773 0.278227 
 ----> low 313 0 0.724556 0.275444 
 ----> low 314 1 0.556688 0.443312 
 ----> low 315 0 0.676785 0.323215 
 ----> low 316 0 0.710451 0.289549 
 ----> low 317 0 0.696665 0.303335 
 ----> low 318 0 0.686071 0.313929 
 ----> low 319 0 0.70027 0.29973 
 ----> low 320 0 0.693154 0.306846 
 ----> low 321 1 0.668071 0.331929 
 ----> low 322 0 0.547911 0.452089 
 ----> low 323 1 0.550186 0.449814 
 ----> low 324 0 0.727035 0.272965 
 ----> low 325 0 0.695858 0.304142 
 ----> low 326 0 0.705211 0.294789 
 ----> low 327 1 0.522888 0.477112 
 ----> low 328 1 0.551304 0.448696 
 ----> low 329 0 0.713721 0.286279 
 ----> low 330 0 0.685827 0.314173 
 ----> low 331 0 0.665557 0.334443 
 ----> low 332 0 0.705454 0.294546 
 ----> low 333 1 0.678859 0.321141 
 ----> low 334 1 0.553934 0.446066 
 ----> low 335 1 0.5658 0.4342 
 ----> low 336 1 0.717071 0.282929 
 ----> low 337 1 0.537166 0.462834 
 ----> low 338 0 0.59742 0.40258 
 ----> low 339 0 0.588007 0.411993 
 ----> low 340 0 0.705795 0.294205 
 ----> low 341 0 0.701345 0.298655 
 ----> low 342 1 0.519525 0.480475 
 ----> low 343 1 0.591381 0.408619 
 ----> low 344 0 0.709473 0.290527 
 ----> low 345 0 0.711753 0.288247 
 ----> low 346 0 0.721124 0.278876 
 ----> low 347 0 0.667987 0.332013 
 ----> low 348 0 0.578569 0.421431 
 ----> low 349 0 0.725276 0.274724 
 ----> low 350 1 0.687192 0.312808 
 ----> low 351 1 0.573987 0.426013 
 ----> low 352 0 0.716458 0.283542 
 ----> low 353 0 0.704659 0.295341 
 ----> low 354 0 0.714066 0.285934 
 ----> low 355 0 0.671602 0.328398 
 ----> low 356 0 0.682912 0.317088 
 ----> low 357 1 0.687529 0.312471 
 ----> low 358 0 0.564781 0.435219 
 ----> low 359 0 0.716345 0.283655 
 ----> low 360 0 0.700325 0.299675 
 ----> low 361 0 0.684554 0.315446 
 ----> low 362 1 0.67043 0.32957 
 ----> low 363 1 0.554965 0.445035 
 ----> low 364 0 0.706319 0.293681 
 ----> low 365 0 0.6956 0.3044 
 ----> low 366 1 0.660219 0.339781 
 ----> low 367 1 0.546611 0.453389 
 ----> low 368 0 0.712773 0.287227 
 ----> low 369 0 0.702015 0.297985 
 ----> low 370 0 0.688663 0.311337 
 ----> low 371 1 0.546159 0.453841 
 ----> low 372 0 0.745755 0.254245 
 ----> low 373 0 0.672022 0.327978 
 ----> low 374 0 0.680609 0.319391 
 ----> low 375 0 0.683196 0.316804 
 ----> low 376 1 0.544555 0.455445 
 ----> low 377 0 0.693939 0.306061 
 ----> low 378 0 0.703823 0.296177 
 ----> low 379 1 0.543034 0.456966 
 ----> low 380 0 0.698586 0.301414 
 ----> low 381 1 0.652766 0.347234 
 ----> low 382 0 0.70448 0.29552 
 ----> low 383 0 0.698606 0.301394 
 ----> low 384 0 0.690793 0.309207 
 ----> low 385 0 0.69163 0.30837 
 ----> low 386 1 0.531951 0.468049 
 ----> low 387 0 0.704207 0.295793 
 ----> low 388 1 0.551673 0.448327 
 ----> low 389 1 0.601609 0.398391 
 ----> low 390 0 0.716275 0.283725 
 ----> low 391 0 0.708739 0.291261 
 ----> low 392 0 0.690006 0.309994 
 ----> low 393 0 0.568537 0.431463 
 ----> low 394 1 0.531443 0.468557 
 ----> low 395 0 0.697279 0.302721 
 ----> low 396 0 0.710636 0.289364 
 ----> low 397 0 0.695175 0.304825 
 ----> low 398 1 0.715581 0.284419 
 ----> low 399 1 0.547581 0.452419 
 ----> low 400 1 0.562141 0.437859 
 ----> low 401 1 0.553078 0.446922 
 ----> low 402 0 0.703935 0.296065 
 ----> low 403 0 0.692056 0.307944 
 ----> low 404 0 0.706652 0.293348 
 ----> low 405 0 0.688961 0.311039 
 ----> low 406 1 0.663466 0.336534 
 ----> low 407 1 0.562313 0.437687 
 ----> low 408 0 0.59918 0.40082 
 ----> low 409 0 0.697931 0.302069 
 ----> low 410 0 0.563786 0.436214 
 ----> low 411 0 0.733683 0.266317 
 ----> low 412 0 0.742235 0.257765 
 ----> low 413 0 0.582037 0.417963 
 ----> low 414 0 0.549127 0.450873 
 ----> low 415 1 0.676536 0.323464 
 ----> low 416 0 0.72056 0.27944 
 ----> low 417 0 0.730036 0.269964 
 ----> low 418 0 0.731377 0.268623 
 ----> low 419 1 0.561893 0.438107 
 ----> low 420 0 0.712318 0.287682 
 ----> low 421 0 0.706394 0.293606 
 ----> low 422 0 0.689331 0.310669 
 ----> low 423 1 0.654179 0.345821 
 ----> low 424 0 0.674376 0.325624 
 ----> low 425 0 0.694443 0.305557 
 ----> low 426 0 0.707485 0.292515 
 ----> low 427 0 0.571027 0.428973 
 ----> low 428 0 0.739155 0.260845 
 ----> low 429 0 0.695046 0.304954 
 ----> low 430 0 0.710643 0.289357 
 ----> low 431 0 0.71252 0.28748 
 ----> low 432 0 0.68538 0.31462 
 ----> low 433 0 0.706212 0.293788 
 ----> low 434 1 0.686243 0.313757 
 ----> low 435 1 0.668487 0.331513 
 ----> low 436 1 0.564428 0.435572 
 ----> low 437 0 0.72384 0.27616 
 ----> low 438 0 0.69615 0.30385 
 ----> low 439 0 0.698175 0.301825 
 ----> low 440 0 0.697178 0.302822 
 ----> low 441 0 0.716167 0.283833 
 ----> low 442 0 0.689446 0.310554 
 ----> low 443 0 0.698422 0.301578 
 ----> low 444 0 0.673963 0.326037 
 ----> low 445 1 0.665892 0.334108 
 ----> low 446 0 0.570849 0.429151 
 ----> low 447 0 0.714283 0.285717 
 ----> low 448 0 0.700129 0.299871 
 ----> low 449 0 0.697506 0.302494 
 ----> low 450 0 0.694138 0.305862 
 ----> low 451 0 0.694218 0.305782 
 ----> low 452 0 0.660854 0.339146 
 ----> low 453 1 0.685677 0.314323 
 ----> low 454 0 0.670366 0.329634 
 ----> low 455 1 0.550695 0.449305 
 ----> low 456 0 0.715525 0.284475 
 ----> low 457 0 0.696508 0.303492 
 ----> low 458 0 0.708425 0.291575 
 ----> low 459 1 0.564486 0.435514 
 ----> low 460 0 0.722986 0.277014 
 ----> low 461 0 0.711811 0.288189 
 ----> low 462 1 0.536702 0.463298 
 ----> low 463 0 0.708075 0.291925 
 ----> low 464 0 0.706639 0.293361 
 ----> low 465 0 0.695673 0.304327 
 ----> low 466 0 0.704566 0.295434 
 ----> low 467 1 0.692639 0.307361 
 ----> low 468 1 0.576349 0.423651 
 ----> low 469 0 0.715707 0.284293 
 ----> low 470 1 0.688507 0.311493 
 ----> low 471 1 0.602336 0.397664 
 ----> low 472 0 0.596177 0.403823 
 ----> low 473 0 0.731556 0.268444 
 ----> low 474 1 0.551778 0.448222 
 ----> low 475 0 0.760655 0.239345 
 ----> low 476 0 0.722094 0.277906 
 ----> low 477 0 0.720055 0.279945 
 ----> low 478 0 0.584152 0.415848 
 ----> low 479 0 0.740156 0.259844 
 ----> low 480 0 0.718004 0.281996 
 ----> low 481 0 0.704322 0.295678 
 ----> low 482 0 0.701588 0.298412 
 ----> low 483 1 0.693959 0.306041 
 ----> low 484 0 0.589196 0.410804 
 ----> low 485 0 0.733374 0.266626 
 ----> low 486 0 0.691994 0.308006 
 ----> low 487 0 0.698398 0.301602 
 ----> low 488 0 0.710543 0.289457 
 ----> low 489 1 0.578986 0.421014 
 ----> low 490 1 0.567929 0.432071 
 ----> low 491 0 0.727741 0.272259 
 ----> low 492 1 0.535158 0.464842 
 ----> low 493 0 0.714268 0.285732 
 ----> low 494 0 0.740708 0.259292 
 ----> low 495 1 0.746678 0.253322 
 ----> low 496 1 0.562067 0.437933 
 ----> low 497 0 0.695115 0.304885 
 ----> low 498 0 0.721679 0.278321 
 ----> low 499 0 0.696414 0.303586 
 ----> low 500 0 0.593628 0.406372 
 ----> low 501 1 0.57206 0.42794 
 ----> low 502 0 0.724288 0.275712 
 ----> low 503 1 0.67824 0.32176 
 ----> low 504 0 0.708608 0.291392 
 ----> low 505 0 0.702499 0.297501 
 ----> low 506 0 0.672064 0.327936 
 ----> low 507 0 0.700071 0.299929 
 ----> low 508 0 0.687871 0.312129 
 ----> low 509 1 0.558822 0.441178 
 ----> low 510 1 0.555136 0.444864 
 ----> low 511 0 0.716158 0.283842 
 ----> low 512 0 0.706402 0.293598 
 ----> low 513 1 0.683217 0.316783 
 ----> low 514 0 0.679411 0.320589 
 ----> low 515 1 0.55929 0.44071 
 ----> low 516 0 0.708893 0.291107 
 ----> low 517 0 0.675567 0.324433 
 ----> low 518 0 0.589196 0.410804 
 ----> low 519 0 0.700937 0.299063 
 ----> low 520 1 0.682509 0.317491 
 ----> low 521 1 0.581293 0.418707 
 ----> low 522 1 0.575322 0.424678 
 ----> low 523 1 0.703496 0.296504 
 ----> low 524 1 0.53155 0.46845 
 ----> low 525 0 0.743458 0.256542 
 ----> low 526 0 0.723065 0.276935 
 ----> low 527 0 0.714896 0.285104 
 ----> low 528 0 0.72534 0.27466 
 ----> low 529 0 0.732126 0.267874 
 ----> low 530 1 0.551317 0.448683 
 ----> low 531 0 0.688794 0.311206 
 ----> low 532 0 0.725328 0.274672 
 ----> low 533 0 0.709334 0.290666 
 ----> low 534 0 0.69474 0.30526 
 ----> low 535 0 0.712684 0.287316 
 ----> low 536 0 0.582912 0.417088 
 ----> low 537 0 0.705865 0.294135 
 ----> low 538 0 0.69216 0.30784 
 ----> low 539 0 0.686451 0.313549 
 ----> low 540 0 0.583743 0.416257 
 ----> low 541 1 0.676396 0.323604 
 ----> low 542 0 0.548302 0.451698 
 ----> low 543 1 0.715893 0.284107 
 ----> low 544 0 0.579989 0.420011 
 ----> low 545 0 0.731513 0.268487 
 ----> low 546 1 0.706417 0.293583 
 ----> low 547 0 0.734165 0.265835 
 ----> low 548 1 0.660783 0.339217 
 ----> low 549 1 0.554404 0.445596 
 ----> low 550 0 0.72488 0.27512 
 ----> low 551 0 0.695141 0.304859 
 ----> low 552 0 0.690468 0.309532 
 ----> low 553 1 0.560856 0.439144 
 ----> low 554 0 0.583481 0.416519 
 ----> low 555 1 0.579976 0.420024 
 ----> low 556 1 0.561739 0.438261 
 ----> low 557 0 0.75026 0.24974 
 ----> low 558 1 0.681089 0.318911 
 ----> low 559 0 0.673294 0.326706 
 ----> low 560 0 0.681774 0.318226 
 ----> low 561 0 0.706229 0.293771 
 ----> low 562 0 0.547902 0.452098 
 ----> low 563 0 0.714338 0.285662 
 ----> low 564 1 0.689694 0.310306 
 ----> low 565 0 0.694024 0.305976 
 ----> low 566 1 0.679625 0.320375 
 ----> low 567 0 0.678681 0.321319 
 ----> low 568 0 0.664142 0.335858 
 ----> low 569 1 0.699909 0.300091 
 ----> low 570 0 0.577107 0.422893 
 ----> low 571 0 0.730575 0.269425 
 ----> low 572 1 0.534455 0.465545 
 ----> low 573 0 0.753286 0.246714 
 ----> low 574 0 0.731323 0.268677 
 ----> low 575 0 0.74031 0.25969 
 ----> low 576 1 0.580943 0.419057 
 ----> low 577 0 0.706815 0.293185 
 ----> low 578 1 0.669277 0.330723 
 ----> low 579 0 0.709517 0.290483 
 ----> low 580 0 0.689924 0.310076 
 ----> low 581 1 0.572132 0.427868 
 ----> low 582 0 0.699945 0.300055 
 ----> low 583 0 0.677321 0.322679 
 ----> low 584 1 0.557474 0.442526 
 ----> low 585 0 0.710592 0.289408 
 ----> low 586 0 0.695995 0.304005 
 ----> low 587 0 0.701279 0.298721 
 ----> low 588 0 0.69509 0.30491 
 ----> low 589 1 0.691573 0.308427 
 ----> low 590 1 0.548752 0.451248 
 ----> low 591 0 0.693793 0.306207 
 ----> low 592 1 0.52505 0.47495 
 ----> low 593 0 0.610857 0.389143 
 ----> low 594 0 0.677144 0.322856 
 ----> low 595 0 0.693964 0.306036 
 ----> low 596 0 0.685278 0.314722 
 ----> low 597 1 0.692828 0.307172 
 ----> low 598 0 0.705582 0.294418 
 ----> low 599 0 0.669098 0.330902 
 ----> low 600 0 0.684666 0.315334 
 ----> low 601 0 0.719652 0.280348 
 ----> low 602 1 0.706898 0.293102 
 ----> low 603 1 0.542116 0.457884 
 ----> low 604 0 0.733958 0.266042 
 ----> low 605 0 0.701554 0.298446 
 ----> low 606 0 0.701895 0.298105 
 ----> low 607 0 0.68889 0.31111 
 ----> low 608 1 0.566187 0.433813 
 ----> low 609 0 0.703125 0.296875 
 ----> low 610 0 0.730825 0.269175 
 ----> low 611 0 0.700486 0.299514 
 ----> low 612 0 0.667406 0.332594 
 ----> low 613 0 0.681553 0.318447 
 ----> low 614 0 0.675896 0.324104 
 ----> low 615 0 0.690989 0.309011 
 ----> low 616 0 0.657416 0.342584 
 ----> low 617 0 0.666272 0.333728 
 ----> low 618 0 0.687204 0.312796 
 ----> low 619 1 0.696494 0.303506 
 ----> low 620 1 0.569211 0.430789 
 ----> low 621 0 0.710487 0.289513 
 ----> low 622 0 0.695648 0.304352 
 ----> low 623 0 0.735269 0.264731 
 ----> low 624 0 0.551815 0.448185 
 ----> low 625 0 0.687553 0.312447 
 ----> low 626 0 0.718508 0.281492 
 ----> low 627 0 0.700171 0.299829 
 ----> low 628 0 0.683112 0.316888 
 ----> low 629 1 0.567664 0.432336 
 ----> low 630 0 0.7067 0.2933 
 ----> low 631 0 0.683138 0.316862 
 ----> low 632 1 0.575835 0.424165 
 ----> low 633 0 0.553033 0.446967 
 ----> low 634 0 0.719748 0.280252 
 ----> low 635 1 0.555189 0.444811 
 ----> low 636 0 0.725677 0.274323 
 ----> low 637 0 0.576168 0.423832 
 ----> low 638 0 0.710768 0.289232 
 ----> low 639 1 0.714656 0.285344 
 ----> low 640 1 0.523132 0.476868 
 ----> low 641 0 0.740579 0.259421 
 ----> low 642 0 0.742659 0.257341 
 ----> low 643 0 0.724579 0.275421 
 ----> low 644 0 0.737574 0.262426 
 ----> low 645 0 0.739917 0.260083 
 ----> low 646 0 0.727247 0.272753 
 ----> low 647 0 0.567607 0.432393 
 ----> low 648 0 0.704074 0.295926 
 ----> low 649 0 0.7497 0.2503 
 ----> low 650 0 0.682053 0.317947 
 ----> low 651 1 0.672266 0.327734 
 ----> low 652 0 0.565324 0.434676 
 ----> low 653 0 0.73328 0.26672 
 ----> low 654 1 0.550809 0.449191 
 ----> low 655 0 0.725363 0.274637 
 ----> low 656 0 0.750609 0.249391 
 ----> low 657 0 0.747817 0.252183 
 ----> low 658 0 0.736521 0.263479 
 ----> low 659 0 0.731728 0.268272 
 ----> low 660 0 0.730446 0.269554 
 ----> low 661 0 0.729972 0.270028 
 ----> low 662 0 0.735135 0.264865 
 ----> low 663 0 0.733696 0.266304 
 ----> low 664 0 0.57267 0.42733 
 ----> low 665 0 0.548386 0.451614 
 ----> low 666 1 0.710315 0.289685 
 ----> low 667 0 0.687929 0.312071 
 ----> low 668 0 0.693079 0.306921 
 ----> low 669 0 0.704484 0.295516 
 ----> low 670 0 0.701071 0.298929 
 ----> low 671 0 0.69382 0.30618 
 ----> low 672 0 0.648953 0.351047 
 ----> low 673 0 0.688635 0.311365 
 ----> low 674 0 0.696124 0.303876 
 ----> low 675 1 0.53599 0.46401 
 ----> low 676 1 0.543689 0.456311 
 ----> low 677 1 0.688372 0.311628 
 ----> low 678 1 0.535525 0.464475 
 ----> low 679 0 0.596155 0.403845 
 ----> low 680 0 0.722937 0.277063 
 ----> low 681 0 0.712185 0.287815 
 ----> low 682 0 0.720222 0.279778 
 ----> low 683 0 0.688608 0.311392 
 ----> low 684 1 0.691838 0.308162 
 ----> low 685 0 0.685179 0.314821 
 ----> low 686 0 0.692003 0.307997 
 ----> low 687 0 0.699473 0.300527 
 ----> low 688 0 0.682116 0.317884 
 ----> low 689 0 0.675201 0.324799 
 ----> low 690 0 0.684642 0.315358 
 ----> low 691 0 0.567681 0.432319 
 ----> low 692 0 0.720719 0.279281 
 ----> low 693 0 0.691124 0.308876 
 ----> low 694 0 0.578012 0.421988 
 ----> low 695 0 0.715759 0.284241 
 ----> low 696 0 0.7041 0.2959 
 ----> low 697 0 0.703247 0.296753 
 ----> low 698 0 0.699434 0.300566 
 ----> low 699 0 0.548335 0.451665 
 ----> low 700 0 0.710242 0.289758 
 ----> low 701 0 0.555505 0.444495 
 ----> low 702 0 0.740398 0.259602 
 ----> low 703 0 0.723072 0.276928 
 ----> low 704 0 0.724941 0.275059 
 ----> low 705 1 0.703713 0.296287 
 ----> low 706 0 0.714358 0.285642 
 ----> low 707 0 0.757559 0.242441 
 ----> low 708 0 0.781596 0.218404 
 ----> low 709 0 0.790373 0.209627 
 ----> low 710 0 0.718348 0.281652 
 ----> low 711 0 0.721207 0.278793 
 ----> low 712 0 0.746551 0.253449 
 ----> low 713 1 0.718796 0.281204 
 ----> low 714 1 0.583755 0.416245 
 ----> low 715 1 0.546874 0.453126 
 ----> low 716 1 0.532344 0.467656 
 ----> low 717 0 0.556019 0.443981 
 ----> low 718 0 0.67739 0.32261 
