 ----> low 1 0 0.779542 0.220458 
 ----> low 2 1 0.36958 0.63042 
 ----> low 3 1 0.77967 0.22033 
 ----> low 4 1 0.404764 0.595236 
 ----> low 5 1 0.406137 0.593863 
 ----> low 6 1 0.432452 0.567548 
 ----> low 7 1 0.428021 0.571979 
 ----> low 8 0 0.789101 0.210899 
 ----> low 9 0 0.748455 0.251545 
 ----> low 10 0 0.787689 0.212311 
 ----> low 11 1 0.463517 0.536483 
 ----> low 12 1 0.443431 0.556569 
 ----> low 13 0 0.748177 0.251823 
 ----> low 14 1 0.697619 0.302381 
 ----> low 15 1 0.516827 0.483173 
 ----> low 16 1 0.487264 0.512736 
 ----> low 17 1 0.445311 0.554689 
 ----> low 18 0 0.687108 0.312892 
 ----> low 19 0 0.67223 0.32777 
 ----> low 20 0 0.690414 0.309586 
 ----> low 21 1 0.684195 0.315805 
 ----> low 22 0 0.586446 0.413554 
 ----> low 23 0 0.708853 0.291147 
 ----> low 24 0 0.694718 0.305282 
 ----> low 25 0 0.722604 0.277396 
 ----> low 26 1 0.68433 0.31567 
 ----> low 27 1 0.524807 0.475193 
 ----> low 28 1 0.558926 0.441074 
 ----> low 29 1 0.551326 0.448674 
 ----> low 30 1 0.693394 0.306606 
 ----> low 31 0 0.690806 0.309194 
 ----> low 32 0 0.721702 0.278298 
 ----> low 33 0 0.703255 0.296745 
 ----> low 34 1 0.683843 0.316157 
 ----> low 35 1 0.676428 0.323572 
 ----> low 36 0 0.587612 0.412388 
 ----> low 37 0 0.714426 0.285574 
 ----> low 38 0 0.702364 0.297636 
 ----> low 39 0 0.714021 0.285979 
 ----> low 40 1 0.657147 0.342853 
 ----> low 41 1 0.567426 0.432574 
 ----> low 42 1 0.586557 0.413443 
 ----> low 43 0 0.56167 0.43833 
 ----> low 44 0 0.684291 0.315709 
 ----> low 45 1 0.533443 0.466557 
 ----> low 46 1 0.556829 0.443171 
 ----> low 47 0 0.672816 0.327184 
 ----> low 48 0 0.578411 0.421589 
 ----> low 49 1 0.582576 0.417424 
 ----> low 50 1 0.586173 0.413827 
 ----> low 51 0 0.624718 0.375282 
 ----> low 52 1 0.678595 0.321405 
 ----> low 53 0 0.591821 0.408179 
 ----> low 54 0 0.677868 0.322132 
 ----> low 55 0 0.683879 0.316121 
 ----> low 56 0 0.683862 0.316138 
 ----> low 57 1 0.586726 0.413274 
 ----> low 58 1 0.596675 0.403325 
 ----> low 59 0 0.684345 0.315655 
 ----> low 60 1 0.580533 0.419467 
 ----> low 61 0 0.697429 0.302571 
 ----> low 62 0 0.68176 0.31824 
 ----> low 63 1 0.687575 0.312425 
 ----> low 64 1 0.570178 0.429822 
 ----> low 65 0 0.592787 0.407213 
 ----> low 66 0 0.695541 0.304459 
 ----> low 67 0 0.706857 0.293143 
 ----> low 68 1 0.613538 0.386462 
 ----> low 69 0 0.590387 0.409613 
 ----> low 70 0 0.668308 0.331692 
 ----> low 71 1 0.589879 0.410121 
 ----> low 72 0 0.620587 0.379413 
 ----> low 73 0 0.633843 0.366157 
 ----> low 74 1 0.689773 0.310227 
 ----> low 75 0 0.721339 0.278661 
 ----> low 76 0 0.695489 0.304511 
 ----> low 77 1 0.60135 0.39865 
 ----> low 78 1 0.635992 0.364008 
 ----> low 79 0 0.636558 0.363442 
 ----> low 80 1 0.6824 0.3176 
 ----> low 81 1 0.528477 0.471523 
 ----> low 82 1 0.579463 0.420537 
 ----> low 83 1 0.579403 0.420597 
 ----> low 84 1 0.581721 0.418279 
 ----> low 85 0 0.594934 0.405066 
 ----> low 86 1 0.672078 0.327922 
 ----> low 87 0 0.661469 0.338531 
 ----> low 88 1 0.598464 0.401536 
 ----> low 89 1 0.571829 0.428171 
 ----> low 90 1 0.562182 0.437818 
 ----> low 91 1 0.654377 0.345623 
 ----> low 92 0 0.590049 0.409951 
 ----> low 93 0 0.700826 0.299174 
 ----> low 94 1 0.677276 0.322724 
 ----> low 95 1 0.578917 0.421083 
 ----> low 96 0 0.677708 0.322292 
 ----> low 97 0 0.675918 0.324082 
 ----> low 98 1 0.542139 0.457861 
 ----> low 99 1 0.601561 0.398439 
 ----> low 100 0 0.584663 0.415337 
 ----> low 101 0 0.681633 0.318367 
 ----> low 102 1 0.557692 0.442308 
 ----> low 103 0 0.66044 0.33956 
 ----> low 104 0 0.682792 0.317208 
 ----> low 105 1 0.627314 0.372686 
 ----> low 106 0 0.614502 0.385498 
 ----> low 107 0 0.679499 0.320501 
 ----> low 108 0 0.692282 0.307718 
 ----> low 109 0 0.702855 0.297145 
 ----> low 110 1 0.617847 0.382153 
 ----> low 111 0 0.604972 0.395028 
 ----> low 112 0 0.679736 0.320264 
 ----> low 113 0 0.656208 0.343792 
 ----> low 114 1 0.583294 0.416706 
 ----> low 115 0 0.646077 0.353923 
 ----> low 116 0 0.701548 0.298452 
 ----> low 117 0 0.702063 0.297937 
 ----> low 118 1 0.574451 0.425549 
 ----> low 119 1 0.504418 0.495582 
 ----> low 120 0 0.606707 0.393293 
 ----> low 121 0 0.687232 0.312768 
 ----> low 122 1 0.669667 0.330333 
 ----> low 123 1 0.542797 0.457203 
 ----> low 124 1 0.552592 0.447408 
 ----> low 125 1 0.630337 0.369663 
 ----> low 126 0 0.587318 0.412682 
 ----> low 127 0 0.687461 0.312539 
 ----> low 128 0 0.64356 0.35644 
 ----> low 129 0 0.671218 0.328782 
 ----> low 130 1 0.55535 0.44465 
 ----> low 131 0 0.679439 0.320561 
 ----> low 132 0 0.676115 0.323885 
 ----> low 133 1 0.668454 0.331546 
 ----> low 134 1 0.568131 0.431869 
 ----> low 135 0 0.568494 0.431506 
 ----> low 136 1 0.563749 0.436251 
 ----> low 137 1 0.675112 0.324888 
 ----> low 138 1 0.579341 0.420659 
 ----> low 139 0 0.683471 0.316529 
 ----> low 140 0 0.655011 0.344989 
 ----> low 141 1 0.575382 0.424618 
 ----> low 142 0 0.659815 0.340185 
 ----> low 143 0 0.555671 0.444329 
 ----> low 144 0 0.700837 0.299163 
 ----> low 145 0 0.637891 0.362109 
 ----> low 146 0 0.701285 0.298715 
 ----> low 147 0 0.695551 0.304449 
 ----> low 148 0 0.698458 0.301542 
 ----> low 149 0 0.664448 0.335552 
 ----> low 150 1 0.558613 0.441387 
 ----> low 151 1 0.585021 0.414979 
 ----> low 152 0 0.591124 0.408876 
 ----> low 153 0 0.698526 0.301474 
 ----> low 154 0 0.687477 0.312523 
 ----> low 155 1 0.670154 0.329846 
 ----> low 156 0 0.612916 0.387084 
 ----> low 157 1 0.602625 0.397375 
 ----> low 158 1 0.599541 0.400459 
 ----> low 159 1 0.682588 0.317412 
 ----> low 160 0 0.600453 0.399547 
 ----> low 161 0 0.663205 0.336795 
 ----> low 162 1 0.702601 0.297399 
 ----> low 163 1 0.572512 0.427488 
 ----> low 164 1 0.561741 0.438259 
 ----> low 165 1 0.578407 0.421593 
 ----> low 166 1 0.593036 0.406964 
 ----> low 167 0 0.665177 0.334823 
 ----> low 168 1 0.578795 0.421205 
 ----> low 169 0 0.693705 0.306295 
 ----> low 170 0 0.679315 0.320685 
 ----> low 171 1 0.554861 0.445139 
 ----> low 172 1 0.55221 0.44779 
 ----> low 173 1 0.665866 0.334134 
 ----> low 174 0 0.609736 0.390264 
 ----> low 175 1 0.686212 0.313788 
 ----> low 176 0 0.569242 0.430758 
 ----> low 177 0 0.667093 0.332907 
 ----> low 178 0 0.68703 0.31297 
 ----> low 179 1 0.564107 0.435893 
 ----> low 180 0 0.680505 0.319495 
 ----> low 181 0 0.671313 0.328687 
 ----> low 182 0 0.684325 0.315675 
 ----> low 183 1 0.670116 0.329884 
 ----> low 184 1 0.602765 0.397235 
 ----> low 185 1 0.588652 0.411348 
 ----> low 186 0 0.69606 0.30394 
 ----> low 187 1 0.667385 0.332615 
 ----> low 188 1 0.675096 0.324904 
 ----> low 189 0 0.628828 0.371172 
 ----> low 190 1 0.601087 0.398913 
 ----> low 191 0 0.673609 0.326391 
 ----> low 192 1 0.671219 0.328781 
 ----> low 193 1 0.590491 0.409509 
 ----> low 194 0 0.584433 0.415567 
 ----> low 195 0 0.694613 0.305387 
 ----> low 196 1 0.568453 0.431547 
 ----> low 197 1 0.523575 0.476425 
 ----> low 198 0 0.658207 0.341793 
 ----> low 199 0 0.682595 0.317405 
 ----> low 200 0 0.660639 0.339361 
 ----> low 201 0 0.670878 0.329122 
 ----> low 202 0 0.672102 0.327898 
 ----> low 203 0 0.670563 0.329437 
 ----> low 204 1 0.584134 0.415866 
 ----> low 205 0 0.616437 0.383563 
 ----> low 206 1 0.659792 0.340208 
 ----> low 207 1 0.583951 0.416049 
 ----> low 208 1 0.587823 0.412177 
 ----> low 209 0 0.664967 0.335033 
 ----> low 210 0 0.699175 0.300825 
 ----> low 211 1 0.689543 0.310457 
 ----> low 212 0 0.695258 0.304742 
 ----> low 213 1 0.680836 0.319164 
 ----> low 214 0 0.622267 0.377733 
 ----> low 215 0 0.703887 0.296113 
 ----> low 216 0 0.601292 0.398708 
 ----> low 217 0 0.691154 0.308846 
 ----> low 218 1 0.548663 0.451337 
 ----> low 219 0 0.668249 0.331751 
 ----> low 220 0 0.692836 0.307164 
 ----> low 221 1 0.667606 0.332394 
 ----> low 222 0 0.658833 0.341167 
 ----> low 223 1 0.610933 0.389067 
 ----> low 224 0 0.629641 0.370359 
 ----> low 225 0 0.692739 0.307261 
 ----> low 226 1 0.620063 0.379937 
 ----> low 227 0 0.610774 0.389226 
 ----> low 228 0 0.667023 0.332977 
 ----> low 229 1 0.701306 0.298694 
 ----> low 230 0 0.690533 0.309467 
 ----> low 231 0 0.682869 0.317131 
 ----> low 232 1 0.653174 0.346826 
 ----> low 233 0 0.627658 0.372342 
 ----> low 234 0 0.704905 0.295095 
 ----> low 235 0 0.670189 0.329811 
 ----> low 236 1 0.665026 0.334974 
 ----> low 237 0 0.609014 0.390986 
 ----> low 238 0 0.682089 0.317911 
 ----> low 239 0 0.695387 0.304613 
 ----> low 240 1 0.70252 0.29748 
 ----> low 241 0 0.622569 0.377431 
 ----> low 242 0 0.619438 0.380562 
 ----> low 243 1 0.583037 0.416963 
 ----> low 244 0 0.711295 0.288705 
 ----> low 245 1 0.584631 0.415369 
 ----> low 246 1 0.534599 0.465401 
 ----> low 247 0 0.72029 0.27971 
 ----> low 248 0 0.695037 0.304963 
 ----> low 249 1 0.609371 0.390629 
 ----> low 250 0 0.610746 0.389254 
 ----> low 251 0 0.696794 0.303206 
 ----> low 252 1 0.70317 0.29683 
 ----> low 253 0 0.711178 0.288822 
 ----> low 254 1 0.618451 0.381549 
 ----> low 255 1 0.658674 0.341326 
 ----> low 256 1 0.558267 0.441733 
 ----> low 257 1 0.61255 0.38745 
 ----> low 258 0 0.690569 0.309431 
 ----> low 259 0 0.738215 0.261785 
 ----> low 260 1 0.653964 0.346036 
 ----> low 261 1 0.599515 0.400485 
 ----> low 262 1 0.600396 0.399604 
 ----> low 263 0 0.721819 0.278181 
 ----> low 264 1 0.582898 0.417102 
 ----> low 265 0 0.62689 0.37311 
 ----> low 266 0 0.638909 0.361091 
 ----> low 267 0 0.673652 0.326348 
 ----> low 268 1 0.682236 0.317764 
 ----> low 269 0 0.728918 0.271082 
 ----> low 270 0 0.709391 0.290609 
 ----> low 271 1 0.593355 0.406645 
 ----> low 272 1 0.583841 0.416159 
 ----> low 273 0 0.726033 0.273967 
 ----> low 274 1 0.663522 0.336478 
 ----> low 275 0 0.618212 0.381788 
 ----> low 276 1 0.585383 0.414617 
 ----> low 277 0 0.695091 0.304909 
 ----> low 278 0 0.704137 0.295863 
 ----> low 279 1 0.672006 0.327994 
 ----> low 280 1 0.603222 0.396778 
 ----> low 281 0 0.619181 0.380819 
 ----> low 282 1 0.701059 0.298941 
 ----> low 283 1 0.571975 0.428025 
 ----> low 284 1 0.553949 0.446051 
 ----> low 285 0 0.622252 0.377748 
 ----> low 286 0 0.670479 0.329521 
 ----> low 287 0 0.718514 0.281486 
 ----> low 288 0 0.703721 0.296279 
 ----> low 289 1 0.587586 0.412414 
 ----> low 290 0 0.686623 0.313377 
 ----> low 291 1 0.690131 0.309869 
 ----> low 292 1 0.562205 0.437795 
 ----> low 293 0 0.683761 0.316239 
 ----> low 294 1 0.54711 0.45289 
 ----> low 295 0 0.614231 0.385769 
 ----> low 296 0 0.692404 0.307596 
 ----> low 297 0 0.700448 0.299552 
 ----> low 298 1 0.667497 0.332503 
 ----> low 299 0 0.602731 0.397269 
 ----> low 300 1 0.582966 0.417034 
 ----> low 301 0 0.717899 0.282101 
 ----> low 302 0 0.674557 0.325443 
 ----> low 303 0 0.670066 0.329934 
 ----> low 304 1 0.668589 0.331411 
 ----> low 305 0 0.699582 0.300418 
 ----> low 306 0 0.677308 0.322692 
 ----> low 307 0 0.718451 0.281549 
 ----> low 308 0 0.595419 0.404581 
 ----> low 309 1 0.668511 0.331489 
 ----> low 310 1 0.592843 0.407157 
 ----> low 311 0 0.690154 0.309846 
 ----> low 312 0 0.677602 0.322398 
 ----> low 313 0 0.724038 0.275962 
 ----> low 314 1 0.594178 0.405822 
 ----> low 315 0 0.690393 0.309607 
 ----> low 316 0 0.712563 0.287437 
 ----> low 317 0 0.700964 0.299036 
 ----> low 318 0 0.721785 0.278215 
 ----> low 319 0 0.66534 0.33466 
 ----> low 320 0 0.690346 0.309654 
 ----> low 321 1 0.621008 0.378992 
 ----> low 322 0 0.559586 0.440414 
 ----> low 323 1 0.610625 0.389375 
 ----> low 324 0 0.690158 0.309842 
 ----> low 325 0 0.704195 0.295805 
 ----> low 326 0 0.723642 0.276358 
 ----> low 327 1 0.603825 0.396175 
 ----> low 328 1 0.585465 0.414535 
 ----> low 329 0 0.717898 0.282102 
 ----> low 330 0 0.70751 0.29249 
 ----> low 331 0 0.712814 0.287186 
 ----> low 332 0 0.689014 0.310986 
 ----> low 333 1 0.63289 0.36711 
 ----> low 334 1 0.581986 0.418014 
 ----> low 335 1 0.524716 0.475284 
 ----> low 336 1 0.646549 0.353451 
 ----> low 337 1 0.592486 0.407514 
 ----> low 338 0 0.631247 0.368753 
 ----> low 339 0 0.595144 0.404856 
 ----> low 340 0 0.679778 0.320222 
 ----> low 341 0 0.711091 0.288909 
 ----> low 342 1 0.587436 0.412564 
 ----> low 343 1 0.611068 0.388932 
 ----> low 344 0 0.692077 0.307923 
 ----> low 345 0 0.690562 0.309438 
 ----> low 346 0 0.686639 0.313361 
 ----> low 347 0 0.673283 0.326717 
 ----> low 348 0 0.619247 0.380753 
 ----> low 349 0 0.668068 0.331932 
 ----> low 350 1 0.639782 0.360218 
 ----> low 351 1 0.567023 0.432977 
 ----> low 352 0 0.672054 0.327946 
 ----> low 353 0 0.708871 0.291129 
 ----> low 354 0 0.707907 0.292093 
 ----> low 355 0 0.709117 0.290883 
 ----> low 356 0 0.672222 0.327778 
 ----> low 357 1 0.677018 0.322982 
 ----> low 358 0 0.636413 0.363587 
 ----> low 359 0 0.735495 0.264505 
 ----> low 360 0 0.696283 0.303717 
 ----> low 361 0 0.723839 0.276161 
 ----> low 362 1 0.665389 0.334611 
 ----> low 363 1 0.577541 0.422459 
 ----> low 364 0 0.71956 0.28044 
 ----> low 365 0 0.717655 0.282345 
 ----> low 366 1 0.690871 0.309129 
 ----> low 367 1 0.629454 0.370546 
 ----> low 368 0 0.743107 0.256893 
 ----> low 369 0 0.724146 0.275854 
 ----> low 370 0 0.706054 0.293946 
 ----> low 371 1 0.575876 0.424124 
 ----> low 372 0 0.68795 0.31205 
 ----> low 373 0 0.721464 0.278536 
 ----> low 374 0 0.674741 0.325259 
 ----> low 375 0 0.653308 0.346692 
 ----> low 376 1 0.588011 0.411989 
 ----> low 377 0 0.713642 0.286358 
 ----> low 378 0 0.725577 0.274423 
 ----> low 379 1 0.5516 0.4484 
 ----> low 380 0 0.675149 0.324851 
 ----> low 381 1 0.699139 0.300861 
 ----> low 382 0 0.678074 0.321926 
 ----> low 383 0 0.687158 0.312842 
 ----> low 384 0 0.703586 0.296414 
 ----> low 385 0 0.691322 0.308678 
 ----> low 386 1 0.609244 0.390756 
 ----> low 387 0 0.677517 0.322483 
 ----> low 388 1 0.588404 0.411596 
 ----> low 389 1 0.566972 0.433028 
 ----> low 390 0 0.675821 0.324179 
 ----> low 391 0 0.697498 0.302502 
 ----> low 392 0 0.692308 0.307692 
 ----> low 393 0 0.658845 0.341155 
 ----> low 394 1 0.585618 0.414382 
 ----> low 395 0 0.705448 0.294552 
 ----> low 396 0 0.7222 0.2778 
 ----> low 397 0 0.714343 0.285657 
 ----> low 398 1 0.711736 0.288264 
 ----> low 399 1 0.576644 0.423356 
 ----> low 400 1 0.603829 0.396171 
 ----> low 401 1 0.59073 0.40927 
 ----> low 402 0 0.678885 0.321115 
 ----> low 403 0 0.728508 0.271492 
 ----> low 404 0 0.706287 0.293713 
 ----> low 405 0 0.670812 0.329188 
 ----> low 406 1 0.695106 0.304894 
 ----> low 407 1 0.627185 0.372815 
 ----> low 408 0 0.652729 0.347271 
 ----> low 409 0 0.722377 0.277623 
 ----> low 410 0 0.619988 0.380012 
 ----> low 411 0 0.717329 0.282671 
 ----> low 412 0 0.688984 0.311016 
 ----> low 413 0 0.642111 0.357889 
 ----> low 414 0 0.619466 0.380534 
 ----> low 415 1 0.635513 0.364487 
 ----> low 416 0 0.644046 0.355954 
 ----> low 417 0 0.737456 0.262544 
 ----> low 418 0 0.718368 0.281632 
 ----> low 419 1 0.580876 0.419124 
 ----> low 420 0 0.697935 0.302065 
 ----> low 421 0 0.691639 0.308361 
 ----> low 422 0 0.661651 0.338349 
 ----> low 423 1 0.667727 0.332273 
 ----> low 424 0 0.685917 0.314083 
 ----> low 425 0 0.706373 0.293627 
 ----> low 426 0 0.692501 0.307499 
 ----> low 427 0 0.614694 0.385306 
 ----> low 428 0 0.708863 0.291137 
 ----> low 429 0 0.671413 0.328587 
 ----> low 430 0 0.707512 0.292488 
 ----> low 431 0 0.691458 0.308542 
 ----> low 432 0 0.706007 0.293993 
 ----> low 433 0 0.734127 0.265873 
 ----> low 434 1 0.673036 0.326964 
 ----> low 435 1 0.662415 0.337585 
 ----> low 436 1 0.592261 0.407739 
 ----> low 437 0 0.673206 0.326794 
 ----> low 438 0 0.692483 0.307517 
 ----> low 439 0 0.646751 0.353249 
 ----> low 440 0 0.662657 0.337343 
 ----> low 441 0 0.661158 0.338842 
 ----> low 442 0 0.695626 0.304374 
 ----> low 443 0 0.681165 0.318835 
 ----> low 444 0 0.676819 0.323181 
 ----> low 445 1 0.669181 0.330819 
 ----> low 446 0 0.641045 0.358955 
 ----> low 447 0 0.697196 0.302804 
 ----> low 448 0 0.625803 0.374197 
 ----> low 449 0 0.66481 0.33519 
 ----> low 450 0 0.68571 0.31429 
 ----> low 451 0 0.688428 0.311572 
 ----> low 452 0 0.683632 0.316368 
 ----> low 453 1 0.70622 0.29378 
 ----> low 454 0 0.678567 0.321433 
 ----> low 455 1 0.556485 0.443515 
 ----> low 456 0 0.702423 0.297577 
 ----> low 457 0 0.699887 0.300113 
 ----> low 458 0 0.724477 0.275523 
 ----> low 459 1 0.573136 0.426864 
 ----> low 460 0 0.694067 0.305933 
 ----> low 461 0 0.727215 0.272785 
 ----> low 462 1 0.5746 0.4254 
 ----> low 463 0 0.710097 0.289903 
 ----> low 464 0 0.683417 0.316583 
 ----> low 465 0 0.707462 0.292538 
 ----> low 466 0 0.728659 0.271341 
 ----> low 467 1 0.666282 0.333718 
 ----> low 468 1 0.611139 0.388861 
 ----> low 469 0 0.714474 0.285526 
 ----> low 470 1 0.696516 0.303484 
 ----> low 471 1 0.580551 0.419449 
 ----> low 472 0 0.564727 0.435273 
 ----> low 473 0 0.695817 0.304183 
 ----> low 474 1 0.594277 0.405723 
 ----> low 475 0 0.704917 0.295083 
 ----> low 476 0 0.719974 0.280026 
 ----> low 477 0 0.737382 0.262618 
 ----> low 478 0 0.638797 0.361203 
 ----> low 479 0 0.7309 0.2691 
 ----> low 480 0 0.648868 0.351132 
 ----> low 481 0 0.719914 0.280086 
 ----> low 482 0 0.671602 0.328398 
 ----> low 483 1 0.69322 0.30678 
 ----> low 484 0 0.616804 0.383196 
 ----> low 485 0 0.703098 0.296902 
 ----> low 486 0 0.72986 0.27014 
 ----> low 487 0 0.690941 0.309059 
 ----> low 488 0 0.720675 0.279325 
 ----> low 489 1 0.616493 0.383507 
 ----> low 490 1 0.625566 0.374434 
 ----> low 491 0 0.695773 0.304227 
 ----> low 492 1 0.579589 0.420411 
 ----> low 493 0 0.674737 0.325263 
 ----> low 494 0 0.676586 0.323414 
 ----> low 495 1 0.69233 0.30767 
 ----> low 496 1 0.587744 0.412256 
 ----> low 497 0 0.668383 0.331617 
 ----> low 498 0 0.655367 0.344633 
 ----> low 499 0 0.712354 0.287646 
 ----> low 500 0 0.663788 0.336212 
 ----> low 501 1 0.621312 0.378688 
 ----> low 502 0 0.672263 0.327737 
 ----> low 503 1 0.662515 0.337485 
 ----> low 504 0 0.698673 0.301327 
 ----> low 505 0 0.694126 0.305874 
 ----> low 506 0 0.68727 0.31273 
 ----> low 507 0 0.701679 0.298321 
 ----> low 508 0 0.69523 0.30477 
 ----> low 509 1 0.610101 0.389899 
 ----> low 510 1 0.625877 0.374123 
 ----> low 511 0 0.72234 0.27766 
 ----> low 512 0 0.66289 0.33711 
 ----> low 513 1 0.683887 0.316113 
 ----> low 514 0 0.664748 0.335252 
 ----> low 515 1 0.545094 0.454906 
 ----> low 516 0 0.674402 0.325598 
 ----> low 517 0 0.719775 0.280225 
 ----> low 518 0 0.637977 0.362023 
 ----> low 519 0 0.73137 0.26863 
 ----> low 520 1 0.667507 0.332493 
 ----> low 521 1 0.55371 0.44629 
 ----> low 522 1 0.535045 0.464955 
 ----> low 523 1 0.667296 0.332704 
 ----> low 524 1 0.577873 0.422127 
 ----> low 525 0 0.695846 0.304154 
 ----> low 526 0 0.68016 0.31984 
 ----> low 527 0 0.697951 0.302049 
 ----> low 528 0 0.674802 0.325198 
 ----> low 529 0 0.680783 0.319217 
 ----> low 530 1 0.58735 0.41265 
 ----> low 531 0 0.699189 0.300811 
 ----> low 532 0 0.622646 0.377354 
 ----> low 533 0 0.702516 0.297484 
 ----> low 534 0 0.678015 0.321985 
 ----> low 535 0 0.71689 0.28311 
 ----> low 536 0 0.622959 0.377041 
 ----> low 537 0 0.692059 0.307941 
 ----> low 538 0 0.663294 0.336706 
 ----> low 539 0 0.694303 0.305697 
 ----> low 540 0 0.613179 0.386821 
 ----> low 541 1 0.598498 0.401502 
 ----> low 542 0 0.619106 0.380894 
 ----> low 543 1 0.669342 0.330658 
 ----> low 544 0 0.559405 0.440595 
 ----> low 545 0 0.686087 0.313913 
 ----> low 546 1 0.611951 0.388049 
 ----> low 547 0 0.733044 0.266956 
 ----> low 548 1 0.669407 0.330593 
 ----> low 549 1 0.559769 0.440231 
 ----> low 550 0 0.690447 0.309553 
 ----> low 551 0 0.719014 0.280986 
 ----> low 552 0 0.690413 0.309587 
 ----> low 553 1 0.618874 0.381126 
 ----> low 554 0 0.623676 0.376324 
 ----> low 555 1 0.583608 0.416392 
 ----> low 556 1 0.593689 0.406311 
 ----> low 557 0 0.689463 0.310537 
 ----> low 558 1 0.66531 0.33469 
 ----> low 559 0 0.697724 0.302276 
 ----> low 560 0 0.694416 0.305584 
 ----> low 561 0 0.689204 0.310796 
 ----> low 562 0 0.55879 0.44121 
 ----> low 563 0 0.676712 0.323288 
 ----> low 564 1 0.720469 0.279531 
 ----> low 565 0 0.734475 0.265525 
 ----> low 566 1 0.64826 0.35174 
 ----> low 567 0 0.695714 0.304286 
 ----> low 568 0 0.679391 0.320609 
 ----> low 569 1 0.669702 0.330298 
 ----> low 570 0 0.60456 0.39544 
 ----> low 571 0 0.680404 0.319596 
 ----> low 572 1 0.594134 0.405866 
 ----> low 573 0 0.698012 0.301988 
 ----> low 574 0 0.689974 0.310026 
 ----> low 575 0 0.718742 0.281258 
 ----> low 576 1 0.619788 0.380212 
 ----> low 577 0 0.680852 0.319148 
 ----> low 578 1 0.58455 0.41545 
 ----> low 579 0 0.673621 0.326379 
 ----> low 580 0 0.687039 0.312961 
 ----> low 581 1 0.593261 0.406739 
 ----> low 582 0 0.681106 0.318894 
 ----> low 583 0 0.639664 0.360336 
 ----> low 584 1 0.572727 0.427273 
 ----> low 585 0 0.693416 0.306584 
 ----> low 586 0 0.654867 0.345133 
 ----> low 587 0 0.696124 0.303876 
 ----> low 588 0 0.689464 0.310536 
 ----> low 589 1 0.636134 0.363866 
 ----> low 590 1 0.540323 0.459677 
 ----> low 591 0 0.66338 0.33662 
 ----> low 592 1 0.577969 0.422031 
 ----> low 593 0 0.620413 0.379587 
 ----> low 594 0 0.723454 0.276546 
 ----> low 595 0 0.700507 0.299493 
 ----> low 596 0 0.7083 0.2917 
 ----> low 597 1 0.683713 0.316287 
 ----> low 598 0 0.691459 0.308541 
 ----> low 599 0 0.67819 0.32181 
 ----> low 600 0 0.67718 0.32282 
 ----> low 601 0 0.672581 0.327419 
 ----> low 602 1 0.639036 0.360964 
 ----> low 603 1 0.598698 0.401302 
 ----> low 604 0 0.675796 0.324204 
 ----> low 605 0 0.678317 0.321683 
 ----> low 606 0 0.71566 0.28434 
 ----> low 607 0 0.711447 0.288553 
 ----> low 608 1 0.607673 0.392327 
 ----> low 609 0 0.696431 0.303569 
 ----> low 610 0 0.737881 0.262119 
 ----> low 611 0 0.67476 0.32524 
 ----> low 612 0 0.709683 0.290317 
 ----> low 613 0 0.725257 0.274743 
 ----> low 614 0 0.696129 0.303871 
 ----> low 615 0 0.697051 0.302949 
 ----> low 616 0 0.67059 0.32941 
 ----> low 617 0 0.703667 0.296333 
 ----> low 618 0 0.697692 0.302308 
 ----> low 619 1 0.6801 0.3199 
 ----> low 620 1 0.638433 0.361567 
 ----> low 621 0 0.687829 0.312171 
 ----> low 622 0 0.688526 0.311474 
 ----> low 623 0 0.678299 0.321701 
 ----> low 624 0 0.617269 0.382731 
 ----> low 625 0 0.692986 0.307014 
 ----> low 626 0 0.717831 0.282169 
 ----> low 627 0 0.695698 0.304302 
 ----> low 628 0 0.715405 0.284595 
 ----> low 629 1 0.626482 0.373518 
 ----> low 630 0 0.729365 0.270635 
 ----> low 631 0 0.689676 0.310324 
 ----> low 632 1 0.613895 0.386105 
 ----> low 633 0 0.581437 0.418563 
 ----> low 634 0 0.700515 0.299485 
 ----> low 635 1 0.588353 0.411647 
 ----> low 636 0 0.690139 0.309861 
 ----> low 637 0 0.599002 0.400998 
 ----> low 638 0 0.734943 0.265057 
 ----> low 639 1 0.68346 0.31654 
 ----> low 640 1 0.554719 0.445281 
 ----> low 641 0 0.735233 0.264767 
 ----> low 642 0 0.711324 0.288676 
 ----> low 643 0 0.699401 0.300599 
 ----> low 644 0 0.679264 0.320736 
 ----> low 645 0 0.702895 0.297105 
 ----> low 646 0 0.697352 0.302648 
 ----> low 647 0 0.598356 0.401644 
 ----> low 648 0 0.719413 0.280587 
 ----> low 649 0 0.689294 0.310706 
 ----> low 650 0 0.743352 0.256648 
 ----> low 651 1 0.653566 0.346434 
 ----> low 652 0 0.627857 0.372143 
 ----> low 653 0 0.700841 0.299159 
 ----> low 654 1 0.603306 0.396694 
 ----> low 655 0 0.718335 0.281665 
 ----> low 656 0 0.735008 0.264992 
 ----> low 657 0 0.703316 0.296684 
 ----> low 658 0 0.712666 0.287334 
 ----> low 659 0 0.721313 0.278687 
 ----> low 660 0 0.682205 0.317795 
 ----> low 661 0 0.713149 0.286851 
 ----> low 662 0 0.710858 0.289142 
 ----> low 663 0 0.70128 0.29872 
 ----> low 664 0 0.656068 0.343932 
 ----> low 665 0 0.649509 0.350491 
 ----> low 666 1 0.684818 0.315182 
 ----> low 667 0 0.707316 0.292684 
 ----> low 668 0 0.722733 0.277267 
 ----> low 669 0 0.717867 0.282133 
 ----> low 670 0 0.697305 0.302695 
 ----> low 671 0 0.685141 0.314859 
 ----> low 672 0 0.70612 0.29388 
 ----> low 673 0 0.704241 0.295759 
 ----> low 674 0 0.725979 0.274021 
 ----> low 675 1 0.57661 0.42339 
 ----> low 676 1 0.629133 0.370867 
 ----> low 677 1 0.703528 0.296472 
 ----> low 678 1 0.613114 0.386886 
 ----> low 679 0 0.628153 0.371847 
 ----> low 680 0 0.691171 0.308829 
 ----> low 681 0 0.598698 0.401302 
 ----> low 682 0 0.691964 0.308036 
 ----> low 683 0 0.701018 0.298982 
 ----> low 684 1 0.691766 0.308234 
 ----> low 685 0 0.703403 0.296597 
 ----> low 686 0 0.715576 0.284424 
 ----> low 687 0 0.723045 0.276955 
 ----> low 688 0 0.671687 0.328313 
 ----> low 689 0 0.70104 0.29896 
 ----> low 690 0 0.70381 0.29619 
 ----> low 691 0 0.642566 0.357434 
 ----> low 692 0 0.649224 0.350776 
 ----> low 693 0 0.679085 0.320915 
 ----> low 694 0 0.627035 0.372965 
 ----> low 695 0 0.718242 0.281758 
 ----> low 696 0 0.680786 0.319214 
 ----> low 697 0 0.700912 0.299088 
 ----> low 698 0 0.699601 0.300399 
 ----> low 699 0 0.661951 0.338049 
 ----> low 700 0 0.712999 0.287001 
 ----> low 701 0 0.596956 0.403044 
 ----> low 702 0 0.688218 0.311782 
 ----> low 703 0 0.700269 0.299731 
 ----> low 704 0 0.687692 0.312308 
 ----> low 705 1 0.680484 0.319516 
 ----> low 706 0 0.69231 0.30769 
 ----> low 707 0 0.715125 0.284875 
 ----> low 708 0 0.684243 0.315757 
 ----> low 709 0 0.686704 0.313296 
 ----> low 710 0 0.70167 0.29833 
 ----> low 711 0 0.69128 0.30872 
 ----> low 712 0 0.724208 0.275792 
 ----> low 713 1 0.696536 0.303464 
 ----> low 714 1 0.638792 0.361208 
 ----> low 715 1 0.609137 0.390863 
 ----> low 716 1 0.617279 0.382721 
 ----> low 717 0 0.616254 0.383746 
 ----> low 718 0 0.703519 0.296481 
