 ----> low 1 0 0.658511 0.341489 
 ----> low 2 1 0.663523 0.336477 
 ----> low 3 1 0.610046 0.389954 
 ----> low 4 1 0.607689 0.392311 
 ----> low 5 1 0.633024 0.366976 
 ----> low 6 1 0.622458 0.377542 
 ----> low 7 1 0.596845 0.403155 
 ----> low 8 0 0.686049 0.313951 
 ----> low 9 0 0.674584 0.325416 
 ----> low 10 0 0.65268 0.34732 
 ----> low 11 1 0.650167 0.349833 
 ----> low 12 1 0.547961 0.452039 
 ----> low 13 0 0.605061 0.394939 
 ----> low 14 1 0.651312 0.348688 
 ----> low 15 1 0.631805 0.368195 
 ----> low 16 1 0.610772 0.389228 
 ----> low 17 1 0.606701 0.393299 
 ----> low 18 0 0.622918 0.377082 
 ----> low 19 0 0.597309 0.402691 
 ----> low 20 0 0.606279 0.393721 
 ----> low 21 1 0.660964 0.339036 
 ----> low 22 0 0.56844 0.43156 
 ----> low 23 0 0.617711 0.382289 
 ----> low 24 0 0.614385 0.385615 
 ----> low 25 0 0.617121 0.382879 
 ----> low 26 1 0.617559 0.382441 
 ----> low 27 1 0.598825 0.401175 
 ----> low 28 1 0.646511 0.353489 
 ----> low 29 1 0.652746 0.347254 
 ----> low 30 1 0.622161 0.377839 
 ----> low 31 0 0.651645 0.348355 
 ----> low 32 0 0.640202 0.359798 
 ----> low 33 0 0.685358 0.314642 
 ----> low 34 1 0.640579 0.359421 
 ----> low 35 1 0.611712 0.388288 
 ----> low 36 0 0.592349 0.407651 
 ----> low 37 0 0.662524 0.337476 
 ----> low 38 0 0.667314 0.332686 
 ----> low 39 0 0.632804 0.367196 
 ----> low 40 1 0.52178 0.47822 
 ----> low 41 1 0.626699 0.373301 
 ----> low 42 1 0.562859 0.437141 
 ----> low 43 0 0.599755 0.400245 
 ----> low 44 0 0.63195 0.36805 
 ----> low 45 1 0.661344 0.338656 
 ----> low 46 1 0.666557 0.333443 
 ----> low 47 0 0.670594 0.329406 
 ----> low 48 0 0.708212 0.291788 
 ----> low 49 1 0.551859 0.448141 
 ----> low 50 1 0.630651 0.369349 
 ----> low 51 0 0.67924 0.32076 
 ----> low 52 1 0.641438 0.358562 
 ----> low 53 0 0.645682 0.354318 
 ----> low 54 0 0.66746 0.33254 
 ----> low 55 0 0.673818 0.326182 
 ----> low 56 0 0.649528 0.350472 
 ----> low 57 1 0.615677 0.384323 
 ----> low 58 1 0.592834 0.407166 
 ----> low 59 0 0.650426 0.349574 
 ----> low 60 1 0.608398 0.391602 
 ----> low 61 0 0.696968 0.303032 
 ----> low 62 0 0.692382 0.307618 
 ----> low 63 1 0.604368 0.395632 
 ----> low 64 1 0.617782 0.382218 
 ----> low 65 0 0.692044 0.307956 
 ----> low 66 0 0.647217 0.352783 
 ----> low 67 0 0.639199 0.360801 
 ----> low 68 1 0.609478 0.390522 
 ----> low 69 0 0.628103 0.371897 
 ----> low 70 0 0.632101 0.367899 
 ----> low 71 1 0.612995 0.387005 
 ----> low 72 0 0.684586 0.315414 
 ----> low 73 0 0.686699 0.313301 
 ----> low 74 1 0.647966 0.352034 
 ----> low 75 0 0.718652 0.281348 
 ----> low 76 0 0.642135 0.357865 
 ----> low 77 1 0.630371 0.369629 
 ----> low 78 1 0.603382 0.396618 
 ----> low 79 0 0.643419 0.356581 
 ----> low 80 1 0.622054 0.377946 
 ----> low 81 1 0.63399 0.36601 
 ----> low 82 1 0.591615 0.408385 
 ----> low 83 1 0.622159 0.377841 
 ----> low 84 1 0.619187 0.380813 
 ----> low 85 0 0.670528 0.329472 
 ----> low 86 1 0.64108 0.35892 
 ----> low 87 0 0.658821 0.341179 
 ----> low 88 1 0.612153 0.387847 
 ----> low 89 1 0.624021 0.375979 
 ----> low 90 1 0.692268 0.307732 
 ----> low 91 1 0.559885 0.440115 
 ----> low 92 0 0.687007 0.312993 
 ----> low 93 0 0.68545 0.31455 
 ----> low 94 1 0.651146 0.348854 
 ----> low 95 1 0.675373 0.324627 
 ----> low 96 0 0.671748 0.328252 
 ----> low 97 0 0.668036 0.331964 
 ----> low 98 1 0.606252 0.393748 
 ----> low 99 1 0.622597 0.377403 
 ----> low 100 0 0.683151 0.316849 
 ----> low 101 0 0.666336 0.333664 
 ----> low 102 1 0.574355 0.425645 
 ----> low 103 0 0.67662 0.32338 
 ----> low 104 0 0.677662 0.322338 
 ----> low 105 1 0.65823 0.34177 
 ----> low 106 0 0.610604 0.389396 
 ----> low 107 0 0.654183 0.345817 
 ----> low 108 0 0.695268 0.304732 
 ----> low 109 0 0.646258 0.353742 
 ----> low 110 1 0.632442 0.367558 
 ----> low 111 0 0.660421 0.339579 
 ----> low 112 0 0.64681 0.35319 
 ----> low 113 0 0.675844 0.324156 
 ----> low 114 1 0.626582 0.373418 
 ----> low 115 0 0.711312 0.288688 
 ----> low 116 0 0.658995 0.341005 
 ----> low 117 0 0.641106 0.358894 
 ----> low 118 1 0.658298 0.341702 
 ----> low 119 1 0.673094 0.326906 
 ----> low 120 0 0.618087 0.381913 
 ----> low 121 0 0.67316 0.32684 
 ----> low 122 1 0.683345 0.316655 
 ----> low 123 1 0.670721 0.329279 
 ----> low 124 1 0.6449 0.3551 
 ----> low 125 1 0.644638 0.355362 
 ----> low 126 0 0.669219 0.330781 
 ----> low 127 0 0.629108 0.370892 
 ----> low 128 0 0.680586 0.319414 
 ----> low 129 0 0.693659 0.306341 
 ----> low 130 1 0.584278 0.415722 
 ----> low 131 0 0.6037 0.3963 
 ----> low 132 0 0.645725 0.354275 
 ----> low 133 1 0.586784 0.413216 
 ----> low 134 1 0.618146 0.381854 
 ----> low 135 0 0.667674 0.332326 
 ----> low 136 1 0.641304 0.358696 
 ----> low 137 1 0.639636 0.360364 
 ----> low 138 1 0.623435 0.376565 
 ----> low 139 0 0.697857 0.302143 
 ----> low 140 0 0.654119 0.345881 
 ----> low 141 1 0.636969 0.363031 
 ----> low 142 0 0.641433 0.358567 
 ----> low 143 0 0.637628 0.362372 
 ----> low 144 0 0.664771 0.335229 
 ----> low 145 0 0.668511 0.331489 
 ----> low 146 0 0.715131 0.284869 
 ----> low 147 0 0.696013 0.303987 
 ----> low 148 0 0.68276 0.31724 
 ----> low 149 0 0.683499 0.316501 
 ----> low 150 1 0.653607 0.346393 
 ----> low 151 1 0.643555 0.356445 
 ----> low 152 0 0.676578 0.323422 
 ----> low 153 0 0.721622 0.278378 
 ----> low 154 0 0.630722 0.369278 
 ----> low 155 1 0.597552 0.402448 
 ----> low 156 0 0.685812 0.314188 
 ----> low 157 1 0.675004 0.324996 
 ----> low 158 1 0.609389 0.390611 
 ----> low 159 1 0.666603 0.333397 
 ----> low 160 0 0.650811 0.349189 
 ----> low 161 0 0.661177 0.338823 
 ----> low 162 1 0.645173 0.354827 
 ----> low 163 1 0.643581 0.356419 
 ----> low 164 1 0.652964 0.347036 
 ----> low 165 1 0.674738 0.325262 
 ----> low 166 1 0.626715 0.373285 
 ----> low 167 0 0.64759 0.35241 
 ----> low 168 1 0.644612 0.355388 
 ----> low 169 0 0.649832 0.350168 
 ----> low 170 0 0.697386 0.302614 
 ----> low 171 1 0.638339 0.361661 
 ----> low 172 1 0.61856 0.38144 
 ----> low 173 1 0.617946 0.382054 
 ----> low 174 0 0.669127 0.330873 
 ----> low 175 1 0.582696 0.417304 
 ----> low 176 0 0.663913 0.336087 
 ----> low 177 0 0.648561 0.351439 
 ----> low 178 0 0.649085 0.350915 
 ----> low 179 1 0.593986 0.406014 
 ----> low 180 0 0.660452 0.339548 
 ----> low 181 0 0.695092 0.304908 
 ----> low 182 0 0.727876 0.272124 
 ----> low 183 1 0.598598 0.401402 
 ----> low 184 1 0.637032 0.362968 
 ----> low 185 1 0.608923 0.391077 
 ----> low 186 0 0.673244 0.326756 
 ----> low 187 1 0.633399 0.366601 
 ----> low 188 1 0.647391 0.352609 
 ----> low 189 0 0.640364 0.359636 
 ----> low 190 1 0.596952 0.403048 
 ----> low 191 0 0.646524 0.353476 
 ----> low 192 1 0.579094 0.420906 
 ----> low 193 1 0.654506 0.345494 
 ----> low 194 0 0.635424 0.364576 
 ----> low 195 0 0.651554 0.348446 
 ----> low 196 1 0.662773 0.337227 
 ----> low 197 1 0.644933 0.355067 
 ----> low 198 0 0.673608 0.326392 
 ----> low 199 0 0.647797 0.352203 
 ----> low 200 0 0.700278 0.299722 
 ----> low 201 0 0.65993 0.34007 
 ----> low 202 0 0.674064 0.325936 
 ----> low 203 0 0.676572 0.323428 
 ----> low 204 1 0.637384 0.362616 
 ----> low 205 0 0.632716 0.367284 
 ----> low 206 1 0.671186 0.328814 
 ----> low 207 1 0.630702 0.369298 
 ----> low 208 1 0.623018 0.376982 
 ----> low 209 0 0.689299 0.310701 
 ----> low 210 0 0.674274 0.325726 
 ----> low 211 1 0.613835 0.386165 
 ----> low 212 0 0.661765 0.338235 
 ----> low 213 1 0.626788 0.373212 
 ----> low 214 0 0.694472 0.305528 
 ----> low 215 0 0.653726 0.346274 
 ----> low 216 0 0.674952 0.325048 
 ----> low 217 0 0.669319 0.330681 
 ----> low 218 1 0.628642 0.371358 
 ----> low 219 0 0.650994 0.349006 
 ----> low 220 0 0.660344 0.339656 
 ----> low 221 1 0.628898 0.371102 
 ----> low 222 0 0.702554 0.297446 
 ----> low 223 1 0.647847 0.352153 
 ----> low 224 0 0.659672 0.340328 
 ----> low 225 0 0.640021 0.359979 
 ----> low 226 1 0.573991 0.426009 
 ----> low 227 0 0.610355 0.389645 
 ----> low 228 0 0.693861 0.306139 
 ----> low 229 1 0.646563 0.353437 
 ----> low 230 0 0.684285 0.315715 
 ----> low 231 0 0.669838 0.330162 
 ----> low 232 1 0.588025 0.411975 
 ----> low 233 0 0.681973 0.318027 
 ----> low 234 0 0.666339 0.333661 
 ----> low 235 0 0.69149 0.30851 
 ----> low 236 1 0.647183 0.352817 
 ----> low 237 0 0.644593 0.355407 
 ----> low 238 0 0.645019 0.354981 
 ----> low 239 0 0.652304 0.347696 
 ----> low 240 1 0.638817 0.361183 
 ----> low 241 0 0.64714 0.35286 
 ----> low 242 0 0.719071 0.280929 
 ----> low 243 1 0.617582 0.382418 
 ----> low 244 0 0.700183 0.299817 
 ----> low 245 1 0.649172 0.350828 
 ----> low 246 1 0.660414 0.339586 
 ----> low 247 0 0.654936 0.345064 
 ----> low 248 0 0.66673 0.33327 
 ----> low 249 1 0.600268 0.399732 
 ----> low 250 0 0.672756 0.327244 
 ----> low 251 0 0.636303 0.363697 
 ----> low 252 1 0.654598 0.345402 
 ----> low 253 0 0.653405 0.346595 
 ----> low 254 1 0.663634 0.336366 
 ----> low 255 1 0.669519 0.330481 
 ----> low 256 1 0.650583 0.349417 
 ----> low 257 1 0.636186 0.363814 
 ----> low 258 0 0.672179 0.327821 
 ----> low 259 0 0.70884 0.29116 
 ----> low 260 1 0.588396 0.411604 
 ----> low 261 1 0.586579 0.413421 
 ----> low 262 1 0.531186 0.468814 
 ----> low 263 0 0.674849 0.325151 
 ----> low 264 1 0.606091 0.393909 
 ----> low 265 0 0.664097 0.335903 
 ----> low 266 0 0.669674 0.330326 
 ----> low 267 0 0.68427 0.31573 
 ----> low 268 1 0.614818 0.385182 
 ----> low 269 0 0.686738 0.313262 
 ----> low 270 0 0.663199 0.336801 
 ----> low 271 1 0.656372 0.343628 
 ----> low 272 1 0.669113 0.330887 
 ----> low 273 0 0.651415 0.348585 
 ----> low 274 1 0.649611 0.350389 
 ----> low 275 0 0.672167 0.327833 
 ----> low 276 1 0.629229 0.370771 
 ----> low 277 0 0.735732 0.264268 
 ----> low 278 0 0.622671 0.377329 
 ----> low 279 1 0.644741 0.355259 
 ----> low 280 1 0.597477 0.402523 
 ----> low 281 0 0.670688 0.329312 
 ----> low 282 1 0.635135 0.364865 
 ----> low 283 1 0.641864 0.358136 
 ----> low 284 1 0.652221 0.347779 
 ----> low 285 0 0.650475 0.349525 
 ----> low 286 0 0.647758 0.352242 
 ----> low 287 0 0.666003 0.333997 
 ----> low 288 0 0.633031 0.366969 
 ----> low 289 1 0.638718 0.361282 
 ----> low 290 0 0.639507 0.360493 
 ----> low 291 1 0.645036 0.354964 
 ----> low 292 1 0.665469 0.334531 
 ----> low 293 0 0.626971 0.373029 
 ----> low 294 1 0.620363 0.379637 
 ----> low 295 0 0.676401 0.323599 
 ----> low 296 0 0.671112 0.328888 
 ----> low 297 0 0.663021 0.336979 
 ----> low 298 1 0.634984 0.365016 
 ----> low 299 0 0.649202 0.350798 
 ----> low 300 1 0.605362 0.394638 
 ----> low 301 0 0.675824 0.324176 
 ----> low 302 0 0.621741 0.378259 
 ----> low 303 0 0.694711 0.305289 
 ----> low 304 1 0.659741 0.340259 
 ----> low 305 0 0.673345 0.326655 
 ----> low 306 0 0.648559 0.351441 
 ----> low 307 0 0.697224 0.302776 
 ----> low 308 0 0.640901 0.359099 
 ----> low 309 1 0.641737 0.358263 
 ----> low 310 1 0.599614 0.400386 
 ----> low 311 0 0.655984 0.344016 
 ----> low 312 0 0.69438 0.30562 
 ----> low 313 0 0.67591 0.32409 
 ----> low 314 1 0.635989 0.364011 
 ----> low 315 0 0.66229 0.33771 
 ----> low 316 0 0.653287 0.346713 
 ----> low 317 0 0.683813 0.316187 
 ----> low 318 0 0.633583 0.366417 
 ----> low 319 0 0.64682 0.35318 
 ----> low 320 0 0.68012 0.31988 
 ----> low 321 1 0.681062 0.318938 
 ----> low 322 0 0.657192 0.342808 
 ----> low 323 1 0.633769 0.366231 
 ----> low 324 0 0.685736 0.314264 
 ----> low 325 0 0.665356 0.334644 
 ----> low 326 0 0.664943 0.335057 
 ----> low 327 1 0.662819 0.337181 
 ----> low 328 1 0.613214 0.386786 
 ----> low 329 0 0.697423 0.302577 
 ----> low 330 0 0.657776 0.342224 
 ----> low 331 0 0.689824 0.310176 
 ----> low 332 0 0.679602 0.320398 
 ----> low 333 1 0.637294 0.362706 
 ----> low 334 1 0.648734 0.351266 
 ----> low 335 1 0.667816 0.332184 
 ----> low 336 1 0.580626 0.419374 
 ----> low 337 1 0.655185 0.344815 
 ----> low 338 0 0.6592 0.3408 
 ----> low 339 0 0.691002 0.308998 
 ----> low 340 0 0.654854 0.345146 
 ----> low 341 0 0.684706 0.315294 
 ----> low 342 1 0.565284 0.434716 
 ----> low 343 1 0.639933 0.360067 
 ----> low 344 0 0.669307 0.330693 
 ----> low 345 0 0.719039 0.280961 
 ----> low 346 0 0.651512 0.348488 
 ----> low 347 0 0.68237 0.31763 
 ----> low 348 0 0.582319 0.417681 
 ----> low 349 0 0.642084 0.357916 
 ----> low 350 1 0.656887 0.343113 
 ----> low 351 1 0.606952 0.393048 
 ----> low 352 0 0.641321 0.358679 
 ----> low 353 0 0.663584 0.336416 
 ----> low 354 0 0.696418 0.303582 
 ----> low 355 0 0.70119 0.29881 
 ----> low 356 0 0.660276 0.339724 
 ----> low 357 1 0.611106 0.388894 
 ----> low 358 0 0.664354 0.335646 
 ----> low 359 0 0.657923 0.342077 
 ----> low 360 0 0.684089 0.315911 
 ----> low 361 0 0.667535 0.332465 
 ----> low 362 1 0.638402 0.361598 
 ----> low 363 1 0.62139 0.37861 
 ----> low 364 0 0.686434 0.313566 
 ----> low 365 0 0.664263 0.335737 
 ----> low 366 1 0.577119 0.422881 
 ----> low 367 1 0.61386 0.38614 
 ----> low 368 0 0.660584 0.339416 
 ----> low 369 0 0.674061 0.325939 
 ----> low 370 0 0.620416 0.379584 
 ----> low 371 1 0.655624 0.344376 
 ----> low 372 0 0.669903 0.330097 
 ----> low 373 0 0.69021 0.30979 
 ----> low 374 0 0.684669 0.315331 
 ----> low 375 0 0.6865 0.3135 
 ----> low 376 1 0.6648 0.3352 
 ----> low 377 0 0.647619 0.352381 
 ----> low 378 0 0.718924 0.281076 
 ----> low 379 1 0.646558 0.353442 
 ----> low 380 0 0.669048 0.330952 
 ----> low 381 1 0.673053 0.326947 
 ----> low 382 0 0.678376 0.321624 
 ----> low 383 0 0.690373 0.309627 
 ----> low 384 0 0.646559 0.353441 
 ----> low 385 0 0.714402 0.285598 
 ----> low 386 1 0.611511 0.388489 
 ----> low 387 0 0.640266 0.359734 
 ----> low 388 1 0.662007 0.337993 
 ----> low 389 1 0.659956 0.340044 
 ----> low 390 0 0.640748 0.359252 
 ----> low 391 0 0.647852 0.352148 
 ----> low 392 0 0.665735 0.334265 
 ----> low 393 0 0.663182 0.336818 
 ----> low 394 1 0.629586 0.370414 
 ----> low 395 0 0.621837 0.378163 
 ----> low 396 0 0.681564 0.318436 
 ----> low 397 0 0.665435 0.334565 
 ----> low 398 1 0.702444 0.297556 
 ----> low 399 1 0.566467 0.433533 
 ----> low 400 1 0.622326 0.377674 
 ----> low 401 1 0.635702 0.364298 
 ----> low 402 0 0.674078 0.325922 
 ----> low 403 0 0.631456 0.368544 
 ----> low 404 0 0.676095 0.323905 
 ----> low 405 0 0.704091 0.295909 
 ----> low 406 1 0.642531 0.357469 
 ----> low 407 1 0.573536 0.426464 
 ----> low 408 0 0.661461 0.338539 
 ----> low 409 0 0.676075 0.323925 
 ----> low 410 0 0.65651 0.34349 
 ----> low 411 0 0.667634 0.332366 
 ----> low 412 0 0.722028 0.277972 
 ----> low 413 0 0.688007 0.311993 
 ----> low 414 0 0.653358 0.346642 
 ----> low 415 1 0.648063 0.351937 
 ----> low 416 0 0.639782 0.360218 
 ----> low 417 0 0.667331 0.332669 
 ----> low 418 0 0.705355 0.294645 
 ----> low 419 1 0.659755 0.340245 
 ----> low 420 0 0.676386 0.323614 
 ----> low 421 0 0.688543 0.311457 
 ----> low 422 0 0.689885 0.310115 
 ----> low 423 1 0.60553 0.39447 
 ----> low 424 0 0.686741 0.313259 
 ----> low 425 0 0.660828 0.339172 
 ----> low 426 0 0.697171 0.302829 
 ----> low 427 0 0.680768 0.319232 
 ----> low 428 0 0.655406 0.344594 
 ----> low 429 0 0.659974 0.340026 
 ----> low 430 0 0.711901 0.288099 
 ----> low 431 0 0.675118 0.324882 
 ----> low 432 0 0.676261 0.323739 
 ----> low 433 0 0.650066 0.349934 
 ----> low 434 1 0.650079 0.349921 
 ----> low 435 1 0.639252 0.360748 
 ----> low 436 1 0.650814 0.349186 
 ----> low 437 0 0.702498 0.297502 
 ----> low 438 0 0.695616 0.304384 
 ----> low 439 0 0.664168 0.335832 
 ----> low 440 0 0.6685 0.3315 
 ----> low 441 0 0.712322 0.287678 
 ----> low 442 0 0.685419 0.314581 
 ----> low 443 0 0.66184 0.33816 
 ----> low 444 0 0.653526 0.346474 
 ----> low 445 1 0.593637 0.406363 
 ----> low 446 0 0.669818 0.330182 
 ----> low 447 0 0.679702 0.320298 
 ----> low 448 0 0.687179 0.312821 
 ----> low 449 0 0.684579 0.315421 
 ----> low 450 0 0.676605 0.323395 
 ----> low 451 0 0.692398 0.307602 
 ----> low 452 0 0.652555 0.347445 
 ----> low 453 1 0.608183 0.391817 
 ----> low 454 0 0.652936 0.347064 
 ----> low 455 1 0.644035 0.355965 
 ----> low 456 0 0.696989 0.303011 
 ----> low 457 0 0.697935 0.302065 
 ----> low 458 0 0.639055 0.360945 
 ----> low 459 1 0.617117 0.382883 
 ----> low 460 0 0.682792 0.317208 
 ----> low 461 0 0.691843 0.308157 
 ----> low 462 1 0.679704 0.320296 
 ----> low 463 0 0.66309 0.33691 
 ----> low 464 0 0.667761 0.332239 
 ----> low 465 0 0.667711 0.332289 
 ----> low 466 0 0.697688 0.302312 
 ----> low 467 1 0.673899 0.326101 
 ----> low 468 1 0.67244 0.32756 
 ----> low 469 0 0.701414 0.298586 
 ----> low 470 1 0.683844 0.316156 
 ----> low 471 1 0.671185 0.328815 
 ----> low 472 0 0.688414 0.311586 
 ----> low 473 0 0.661516 0.338484 
 ----> low 474 1 0.680367 0.319633 
 ----> low 475 0 0.669253 0.330747 
 ----> low 476 0 0.677022 0.322978 
 ----> low 477 0 0.684849 0.315151 
 ----> low 478 0 0.695848 0.304152 
 ----> low 479 0 0.672914 0.327086 
 ----> low 480 0 0.68294 0.31706 
 ----> low 481 0 0.661754 0.338246 
 ----> low 482 0 0.695391 0.304609 
 ----> low 483 1 0.692676 0.307324 
 ----> low 484 0 0.657326 0.342674 
 ----> low 485 0 0.720636 0.279364 
 ----> low 486 0 0.691149 0.308851 
 ----> low 487 0 0.686676 0.313324 
 ----> low 488 0 0.65865 0.34135 
 ----> low 489 1 0.637313 0.362687 
 ----> low 490 1 0.597217 0.402783 
 ----> low 491 0 0.661971 0.338029 
 ----> low 492 1 0.6565 0.3435 
 ----> low 493 0 0.67417 0.32583 
 ----> low 494 0 0.667905 0.332095 
 ----> low 495 1 0.635142 0.364858 
 ----> low 496 1 0.625181 0.374819 
 ----> low 497 0 0.649744 0.350256 
 ----> low 498 0 0.721758 0.278242 
 ----> low 499 0 0.694565 0.305435 
 ----> low 500 0 0.659065 0.340935 
 ----> low 501 1 0.657743 0.342257 
 ----> low 502 0 0.661507 0.338493 
 ----> low 503 1 0.681472 0.318528 
 ----> low 504 0 0.681904 0.318096 
 ----> low 505 0 0.71188 0.28812 
 ----> low 506 0 0.674956 0.325044 
 ----> low 507 0 0.698358 0.301642 
 ----> low 508 0 0.670335 0.329665 
 ----> low 509 1 0.644056 0.355944 
 ----> low 510 1 0.635309 0.364691 
 ----> low 511 0 0.668787 0.331213 
 ----> low 512 0 0.638776 0.361224 
 ----> low 513 1 0.661015 0.338985 
 ----> low 514 0 0.678618 0.321382 
 ----> low 515 1 0.669201 0.330799 
 ----> low 516 0 0.667233 0.332767 
 ----> low 517 0 0.663383 0.336617 
 ----> low 518 0 0.651038 0.348962 
 ----> low 519 0 0.683456 0.316544 
 ----> low 520 1 0.655953 0.344047 
 ----> low 521 1 0.64657 0.35343 
 ----> low 522 1 0.652714 0.347286 
 ----> low 523 1 0.657592 0.342408 
 ----> low 524 1 0.571541 0.428459 
 ----> low 525 0 0.658303 0.341697 
 ----> low 526 0 0.720476 0.279524 
 ----> low 527 0 0.672922 0.327078 
 ----> low 528 0 0.673306 0.326694 
 ----> low 529 0 0.647307 0.352693 
 ----> low 530 1 0.65423 0.34577 
 ----> low 531 0 0.660962 0.339038 
 ----> low 532 0 0.713259 0.286741 
 ----> low 533 0 0.677777 0.322223 
 ----> low 534 0 0.665794 0.334206 
 ----> low 535 0 0.695764 0.304236 
 ----> low 536 0 0.647519 0.352481 
 ----> low 537 0 0.684026 0.315974 
 ----> low 538 0 0.642173 0.357827 
 ----> low 539 0 0.642303 0.357697 
 ----> low 540 0 0.674893 0.325107 
 ----> low 541 1 0.671297 0.328703 
 ----> low 542 0 0.669788 0.330212 
 ----> low 543 1 0.641569 0.358431 
 ----> low 544 0 0.653082 0.346918 
 ----> low 545 0 0.648439 0.351561 
 ----> low 546 1 0.613106 0.386894 
 ----> low 547 0 0.685215 0.314785 
 ----> low 548 1 0.678775 0.321225 
 ----> low 549 1 0.625947 0.374053 
 ----> low 550 0 0.693597 0.306403 
 ----> low 551 0 0.672501 0.327499 
 ----> low 552 0 0.669873 0.330127 
 ----> low 553 1 0.648163 0.351837 
 ----> low 554 0 0.659784 0.340216 
 ----> low 555 1 0.686566 0.313434 
 ----> low 556 1 0.627685 0.372315 
 ----> low 557 0 0.67777 0.32223 
 ----> low 558 1 0.619344 0.380656 
 ----> low 559 0 0.669398 0.330602 
 ----> low 560 0 0.691522 0.308478 
 ----> low 561 0 0.684178 0.315822 
 ----> low 562 0 0.67674 0.32326 
 ----> low 563 0 0.699762 0.300238 
 ----> low 564 1 0.678402 0.321598 
 ----> low 565 0 0.705594 0.294406 
 ----> low 566 1 0.621984 0.378016 
 ----> low 567 0 0.689903 0.310097 
 ----> low 568 0 0.6466 0.3534 
 ----> low 569 1 0.637248 0.362752 
 ----> low 570 0 0.676614 0.323386 
 ----> low 571 0 0.699812 0.300188 
 ----> low 572 1 0.583531 0.416469 
 ----> low 573 0 0.661962 0.338038 
 ----> low 574 0 0.659762 0.340238 
 ----> low 575 0 0.655762 0.344238 
 ----> low 576 1 0.632598 0.367402 
 ----> low 577 0 0.629775 0.370225 
 ----> low 578 1 0.616891 0.383109 
 ----> low 579 0 0.682549 0.317451 
 ----> low 580 0 0.72031 0.27969 
 ----> low 581 1 0.620482 0.379518 
 ----> low 582 0 0.666937 0.333063 
 ----> low 583 0 0.649205 0.350795 
 ----> low 584 1 0.644883 0.355117 
 ----> low 585 0 0.692037 0.307963 
 ----> low 586 0 0.654506 0.345494 
 ----> low 587 0 0.660568 0.339432 
 ----> low 588 0 0.660117 0.339883 
 ----> low 589 1 0.673205 0.326795 
 ----> low 590 1 0.689697 0.310303 
 ----> low 591 0 0.668191 0.331809 
 ----> low 592 1 0.661338 0.338662 
 ----> low 593 0 0.665997 0.334003 
 ----> low 594 0 0.645539 0.354461 
 ----> low 595 0 0.682897 0.317103 
 ----> low 596 0 0.681447 0.318553 
 ----> low 597 1 0.617688 0.382312 
 ----> low 598 0 0.663366 0.336634 
 ----> low 599 0 0.673044 0.326956 
 ----> low 600 0 0.630555 0.369445 
 ----> low 601 0 0.654922 0.345078 
 ----> low 602 1 0.629524 0.370476 
 ----> low 603 1 0.62385 0.37615 
 ----> low 604 0 0.689269 0.310731 
 ----> low 605 0 0.629467 0.370533 
 ----> low 606 0 0.648689 0.351311 
 ----> low 607 0 0.69242 0.30758 
 ----> low 608 1 0.616663 0.383337 
 ----> low 609 0 0.641913 0.358087 
 ----> low 610 0 0.669775 0.330225 
 ----> low 611 0 0.66954 0.33046 
 ----> low 612 0 0.618035 0.381965 
 ----> low 613 0 0.665025 0.334975 
 ----> low 614 0 0.603252 0.396748 
 ----> low 615 0 0.662368 0.337632 
 ----> low 616 0 0.628847 0.371153 
 ----> low 617 0 0.659417 0.340583 
 ----> low 618 0 0.681289 0.318711 
 ----> low 619 1 0.687391 0.312609 
 ----> low 620 1 0.637634 0.362366 
 ----> low 621 0 0.679212 0.320788 
 ----> low 622 0 0.701144 0.298856 
 ----> low 623 0 0.65476 0.34524 
 ----> low 624 0 0.671467 0.328533 
 ----> low 625 0 0.642896 0.357104 
 ----> low 626 0 0.685821 0.314179 
 ----> low 627 0 0.686041 0.313959 
 ----> low 628 0 0.635371 0.364629 
 ----> low 629 1 0.643731 0.356269 
 ----> low 630 0 0.691538 0.308462 
 ----> low 631 0 0.66231 0.33769 
 ----> low 632 1 0.680864 0.319136 
 ----> low 633 0 0.673886 0.326114 
 ----> low 634 0 0.671596 0.328404 
 ----> low 635 1 0.634889 0.365111 
 ----> low 636 0 0.663571 0.336429 
 ----> low 637 0 0.670924 0.329076 
 ----> low 638 0 0.703866 0.296134 
 ----> low 639 1 0.608431 0.391569 
 ----> low 640 1 0.630277 0.369723 
 ----> low 641 0 0.655603 0.344397 
 ----> low 642 0 0.663278 0.336722 
 ----> low 643 0 0.67413 0.32587 
 ----> low 644 0 0.666421 0.333579 
 ----> low 645 0 0.66313 0.33687 
 ----> low 646 0 0.620344 0.379656 
 ----> low 647 0 0.6747 0.3253 
 ----> low 648 0 0.677723 0.322277 
 ----> low 649 0 0.677363 0.322637 
 ----> low 650 0 0.688042 0.311958 
 ----> low 651 1 0.703216 0.296784 
 ----> low 652 0 0.72068 0.27932 
 ----> low 653 0 0.693758 0.306242 
 ----> low 654 1 0.670153 0.329847 
 ----> low 655 0 0.599465 0.400535 
 ----> low 656 0 0.647399 0.352601 
 ----> low 657 0 0.694777 0.305223 
 ----> low 658 0 0.664686 0.335314 
 ----> low 659 0 0.630114 0.369886 
 ----> low 660 0 0.654446 0.345554 
 ----> low 661 0 0.639542 0.360458 
 ----> low 662 0 0.696844 0.303156 
 ----> low 663 0 0.67359 0.32641 
 ----> low 664 0 0.637517 0.362483 
 ----> low 665 0 0.68894 0.31106 
 ----> low 666 1 0.676176 0.323824 
 ----> low 667 0 0.717058 0.282942 
 ----> low 668 0 0.690303 0.309697 
 ----> low 669 0 0.690139 0.309861 
 ----> low 670 0 0.703192 0.296808 
 ----> low 671 0 0.703792 0.296208 
 ----> low 672 0 0.710707 0.289293 
 ----> low 673 0 0.714744 0.285256 
 ----> low 674 0 0.671801 0.328199 
 ----> low 675 1 0.648777 0.351223 
 ----> low 676 1 0.636673 0.363327 
 ----> low 677 1 0.681589 0.318411 
 ----> low 678 1 0.659308 0.340692 
 ----> low 679 0 0.656948 0.343052 
 ----> low 680 0 0.670782 0.329218 
 ----> low 681 0 0.660974 0.339026 
 ----> low 682 0 0.676287 0.323713 
 ----> low 683 0 0.712358 0.287642 
 ----> low 684 1 0.633115 0.366885 
 ----> low 685 0 0.627154 0.372846 
 ----> low 686 0 0.698432 0.301568 
 ----> low 687 0 0.694629 0.305371 
 ----> low 688 0 0.68372 0.31628 
 ----> low 689 0 0.695094 0.304906 
 ----> low 690 0 0.658507 0.341493 
 ----> low 691 0 0.659668 0.340332 
 ----> low 692 0 0.665083 0.334917 
 ----> low 693 0 0.639539 0.360461 
 ----> low 694 0 0.654699 0.345301 
 ----> low 695 0 0.647009 0.352991 
 ----> low 696 0 0.642554 0.357446 
 ----> low 697 0 0.65547 0.34453 
 ----> low 698 0 0.708107 0.291893 
 ----> low 699 0 0.680615 0.319385 
 ----> low 700 0 0.701886 0.298114 
 ----> low 701 0 0.680109 0.319891 
 ----> low 702 0 0.716557 0.283443 
 ----> low 703 0 0.672882 0.327118 
 ----> low 704 0 0.674999 0.325001 
 ----> low 705 1 0.681619 0.318381 
 ----> low 706 0 0.700788 0.299212 
 ----> low 707 0 0.687707 0.312293 
 ----> low 708 0 0.689976 0.310024 
 ----> low 709 0 0.704564 0.295436 
 ----> low 710 0 0.65912 0.34088 
 ----> low 711 0 0.67231 0.32769 
 ----> low 712 0 0.67392 0.32608 
 ----> low 713 1 0.685326 0.314674 
 ----> low 714 1 0.674565 0.325435 
 ----> low 715 1 0.711545 0.288455 
 ----> low 716 1 0.719536 0.280464 
 ----> low 717 0 0.69699 0.30301 
 ----> low 718 0 0.681228 0.318772 
