 ----> low 1 0 0.69639 0.30361 
 ----> low 2 1 0.557852 0.442148 
 ----> low 3 1 0.69639 0.30361 
 ----> low 4 1 0.557852 0.442148 
 ----> low 5 1 0.69639 0.30361 
 ----> low 6 1 0.70629 0.29371 
 ----> low 7 1 0.589413 0.410587 
 ----> low 8 0 0.693489 0.306511 
 ----> low 9 0 0.647806 0.352194 
 ----> low 10 0 0.661444 0.338556 
 ----> low 11 1 0.683743 0.316257 
 ----> low 12 1 0.661638 0.338362 
 ----> low 13 0 0.694128 0.305872 
 ----> low 14 1 0.684772 0.315228 
 ----> low 15 1 0.624511 0.375489 
 ----> low 16 1 0.650449 0.349551 
 ----> low 17 1 0.609584 0.390416 
 ----> low 18 0 0.659503 0.340497 
 ----> low 19 0 0.70407 0.29593 
 ----> low 20 0 0.634385 0.365615 
 ----> low 21 1 0.664276 0.335724 
 ----> low 22 0 0.659729 0.340271 
 ----> low 23 0 0.616469 0.383531 
 ----> low 24 0 0.662368 0.337632 
 ----> low 25 0 0.659971 0.340029 
 ----> low 26 1 0.61074 0.38926 
 ----> low 27 1 0.659289 0.340711 
 ----> low 28 1 0.611043 0.388957 
 ----> low 29 1 0.662409 0.337591 
 ----> low 30 1 0.67654 0.32346 
 ----> low 31 0 0.65744 0.34256 
 ----> low 32 0 0.665014 0.334986 
 ----> low 33 0 0.663283 0.336717 
 ----> low 34 1 0.650327 0.349673 
 ----> low 35 1 0.642265 0.357735 
 ----> low 36 0 0.649795 0.350205 
 ----> low 37 0 0.685902 0.314098 
 ----> low 38 0 0.656817 0.343183 
 ----> low 39 0 0.620902 0.379098 
 ----> low 40 1 0.679445 0.320555 
 ----> low 41 1 0.605162 0.394838 
 ----> low 42 1 0.655031 0.344969 
 ----> low 43 0 0.682591 0.317409 
 ----> low 44 0 0.63172 0.36828 
 ----> low 45 1 0.65999 0.34001 
 ----> low 46 1 0.64164 0.35836 
 ----> low 47 0 0.666072 0.333928 
 ----> low 48 0 0.669434 0.330566 
 ----> low 49 1 0.668506 0.331494 
 ----> low 50 1 0.644211 0.355789 
 ----> low 51 0 0.662358 0.337642 
 ----> low 52 1 0.610884 0.389116 
 ----> low 53 0 0.678744 0.321256 
 ----> low 54 0 0.639062 0.360938 
 ----> low 55 0 0.659138 0.340862 
 ----> low 56 0 0.692384 0.307616 
 ----> low 57 1 0.661711 0.338289 
 ----> low 58 1 0.612054 0.387946 
 ----> low 59 0 0.66012 0.33988 
 ----> low 60 1 0.606676 0.393324 
 ----> low 61 0 0.676619 0.323381 
 ----> low 62 0 0.658903 0.341097 
 ----> low 63 1 0.649649 0.350351 
 ----> low 64 1 0.647986 0.352014 
 ----> low 65 0 0.64515 0.35485 
 ----> low 66 0 0.695285 0.304715 
 ----> low 67 0 0.687983 0.312017 
 ----> low 68 1 0.673767 0.326233 
 ----> low 69 0 0.681253 0.318747 
 ----> low 70 0 0.684473 0.315527 
 ----> low 71 1 0.660363 0.339637 
 ----> low 72 0 0.677251 0.322749 
 ----> low 73 0 0.664043 0.335957 
 ----> low 74 1 0.632991 0.367009 
 ----> low 75 0 0.676458 0.323542 
 ----> low 76 0 0.633852 0.366148 
 ----> low 77 1 0.677629 0.322371 
 ----> low 78 1 0.649992 0.350008 
 ----> low 79 0 0.646712 0.353288 
 ----> low 80 1 0.665838 0.334162 
 ----> low 81 1 0.634637 0.365363 
 ----> low 82 1 0.644636 0.355364 
 ----> low 83 1 0.654269 0.345731 
 ----> low 84 1 0.660766 0.339234 
 ----> low 85 0 0.673878 0.326122 
 ----> low 86 1 0.657716 0.342284 
 ----> low 87 0 0.674484 0.325516 
 ----> low 88 1 0.665583 0.334417 
 ----> low 89 1 0.623173 0.376827 
 ----> low 90 1 0.628406 0.371594 
 ----> low 91 1 0.636909 0.363091 
 ----> low 92 0 0.668346 0.331654 
 ----> low 93 0 0.678689 0.321311 
 ----> low 94 1 0.633285 0.366715 
 ----> low 95 1 0.648099 0.351901 
 ----> low 96 0 0.659595 0.340405 
 ----> low 97 0 0.673941 0.326059 
 ----> low 98 1 0.647772 0.352228 
 ----> low 99 1 0.593197 0.406803 
 ----> low 100 0 0.641838 0.358162 
 ----> low 101 0 0.661967 0.338033 
 ----> low 102 1 0.625807 0.374193 
 ----> low 103 0 0.651088 0.348912 
 ----> low 104 0 0.650557 0.349443 
 ----> low 105 1 0.563295 0.436705 
 ----> low 106 0 0.671427 0.328573 
 ----> low 107 0 0.679609 0.320391 
 ----> low 108 0 0.662026 0.337974 
 ----> low 109 0 0.641201 0.358799 
 ----> low 110 1 0.677968 0.322032 
 ----> low 111 0 0.670111 0.329889 
 ----> low 112 0 0.625568 0.374432 
 ----> low 113 0 0.701831 0.298169 
 ----> low 114 1 0.634417 0.365583 
 ----> low 115 0 0.642017 0.357983 
 ----> low 116 0 0.696215 0.303785 
 ----> low 117 0 0.708112 0.291888 
 ----> low 118 1 0.646124 0.353876 
 ----> low 119 1 0.598812 0.401188 
 ----> low 120 0 0.651947 0.348053 
 ----> low 121 0 0.633288 0.366712 
 ----> low 122 1 0.656183 0.343817 
 ----> low 123 1 0.667286 0.332714 
 ----> low 124 1 0.630022 0.369978 
 ----> low 125 1 0.63911 0.36089 
 ----> low 126 0 0.691035 0.308965 
 ----> low 127 0 0.681862 0.318138 
 ----> low 128 0 0.669032 0.330968 
 ----> low 129 0 0.664745 0.335255 
 ----> low 130 1 0.64397 0.35603 
 ----> low 131 0 0.649266 0.350734 
 ----> low 132 0 0.674037 0.325963 
 ----> low 133 1 0.656734 0.343266 
 ----> low 134 1 0.638883 0.361117 
 ----> low 135 0 0.64461 0.35539 
 ----> low 136 1 0.595672 0.404328 
 ----> low 137 1 0.617757 0.382243 
 ----> low 138 1 0.59987 0.40013 
 ----> low 139 0 0.68046 0.31954 
 ----> low 140 0 0.700804 0.299196 
 ----> low 141 1 0.636787 0.363213 
 ----> low 142 0 0.649653 0.350347 
 ----> low 143 0 0.666532 0.333468 
 ----> low 144 0 0.685022 0.314978 
 ----> low 145 0 0.655588 0.344412 
 ----> low 146 0 0.675042 0.324958 
 ----> low 147 0 0.668951 0.331049 
 ----> low 148 0 0.705471 0.294529 
 ----> low 149 0 0.660549 0.339451 
 ----> low 150 1 0.676749 0.323251 
 ----> low 151 1 0.653556 0.346444 
 ----> low 152 0 0.672159 0.327841 
 ----> low 153 0 0.622934 0.377066 
 ----> low 154 0 0.688057 0.311943 
 ----> low 155 1 0.658021 0.341979 
 ----> low 156 0 0.586819 0.413181 
 ----> low 157 1 0.628383 0.371617 
 ----> low 158 1 0.660858 0.339142 
 ----> low 159 1 0.607467 0.392533 
 ----> low 160 0 0.665535 0.334465 
 ----> low 161 0 0.699492 0.300508 
 ----> low 162 1 0.664926 0.335074 
 ----> low 163 1 0.665195 0.334805 
 ----> low 164 1 0.616253 0.383747 
 ----> low 165 1 0.66308 0.33692 
 ----> low 166 1 0.657525 0.342475 
 ----> low 167 0 0.604462 0.395538 
 ----> low 168 1 0.648305 0.351695 
 ----> low 169 0 0.674431 0.325569 
 ----> low 170 0 0.69879 0.30121 
 ----> low 171 1 0.657422 0.342578 
 ----> low 172 1 0.655953 0.344047 
 ----> low 173 1 0.622315 0.377685 
 ----> low 174 0 0.670523 0.329477 
 ----> low 175 1 0.682355 0.317645 
 ----> low 176 0 0.634849 0.365151 
 ----> low 177 0 0.643608 0.356392 
 ----> low 178 0 0.665854 0.334146 
 ----> low 179 1 0.619943 0.380057 
 ----> low 180 0 0.663316 0.336684 
 ----> low 181 0 0.6207 0.3793 
 ----> low 182 0 0.679456 0.320544 
 ----> low 183 1 0.602189 0.397811 
 ----> low 184 1 0.583226 0.416774 
 ----> low 185 1 0.609328 0.390672 
 ----> low 186 0 0.673271 0.326729 
 ----> low 187 1 0.580808 0.419192 
 ----> low 188 1 0.619346 0.380654 
 ----> low 189 0 0.692628 0.307372 
 ----> low 190 1 0.643121 0.356879 
 ----> low 191 0 0.703013 0.296987 
 ----> low 192 1 0.656906 0.343094 
 ----> low 193 1 0.621413 0.378587 
 ----> low 194 0 0.694667 0.305333 
 ----> low 195 0 0.682993 0.317007 
 ----> low 196 1 0.645035 0.354965 
 ----> low 197 1 0.662081 0.337919 
 ----> low 198 0 0.666756 0.333244 
 ----> low 199 0 0.658602 0.341398 
 ----> low 200 0 0.685883 0.314117 
 ----> low 201 0 0.661546 0.338454 
 ----> low 202 0 0.683156 0.316844 
 ----> low 203 0 0.69753 0.30247 
 ----> low 204 1 0.598792 0.401208 
 ----> low 205 0 0.60719 0.39281 
 ----> low 206 1 0.625024 0.374976 
 ----> low 207 1 0.638034 0.361966 
 ----> low 208 1 0.669365 0.330635 
 ----> low 209 0 0.662064 0.337936 
 ----> low 210 0 0.647921 0.352079 
 ----> low 211 1 0.634979 0.365021 
 ----> low 212 0 0.678137 0.321863 
 ----> low 213 1 0.641496 0.358504 
 ----> low 214 0 0.664225 0.335775 
 ----> low 215 0 0.671933 0.328067 
 ----> low 216 0 0.674614 0.325386 
 ----> low 217 0 0.691227 0.308773 
 ----> low 218 1 0.613701 0.386299 
 ----> low 219 0 0.71024 0.28976 
 ----> low 220 0 0.657749 0.342251 
 ----> low 221 1 0.592511 0.407489 
 ----> low 222 0 0.662101 0.337899 
 ----> low 223 1 0.569427 0.430573 
 ----> low 224 0 0.66857 0.33143 
 ----> low 225 0 0.671633 0.328367 
 ----> low 226 1 0.63037 0.36963 
 ----> low 227 0 0.700512 0.299488 
 ----> low 228 0 0.663363 0.336637 
 ----> low 229 1 0.622491 0.377509 
 ----> low 230 0 0.685241 0.314759 
 ----> low 231 0 0.719296 0.280704 
 ----> low 232 1 0.67059 0.32941 
 ----> low 233 0 0.674768 0.325232 
 ----> low 234 0 0.636567 0.363433 
 ----> low 235 0 0.697928 0.302072 
 ----> low 236 1 0.625206 0.374794 
 ----> low 237 0 0.67574 0.32426 
 ----> low 238 0 0.684247 0.315753 
 ----> low 239 0 0.681011 0.318989 
 ----> low 240 1 0.65745 0.34255 
 ----> low 241 0 0.64588 0.35412 
 ----> low 242 0 0.61478 0.38522 
 ----> low 243 1 0.642488 0.357512 
 ----> low 244 0 0.677837 0.322163 
 ----> low 245 1 0.620806 0.379194 
 ----> low 246 1 0.687199 0.312801 
 ----> low 247 0 0.746294 0.253706 
 ----> low 248 0 0.71831 0.28169 
 ----> low 249 1 0.641136 0.358864 
 ----> low 250 0 0.657316 0.342684 
 ----> low 251 0 0.737984 0.262016 
 ----> low 252 1 0.68274 0.31726 
 ----> low 253 0 0.690288 0.309712 
 ----> low 254 1 0.631407 0.368593 
 ----> low 255 1 0.687687 0.312313 
 ----> low 256 1 0.650958 0.349042 
 ----> low 257 1 0.551516 0.448484 
 ----> low 258 0 0.670185 0.329815 
 ----> low 259 0 0.650311 0.349689 
 ----> low 260 1 0.656771 0.343229 
 ----> low 261 1 0.651372 0.348628 
 ----> low 262 1 0.661327 0.338673 
 ----> low 263 0 0.656235 0.343765 
 ----> low 264 1 0.654978 0.345022 
 ----> low 265 0 0.671942 0.328058 
 ----> low 266 0 0.643719 0.356281 
 ----> low 267 0 0.669607 0.330393 
 ----> low 268 1 0.635789 0.364211 
 ----> low 269 0 0.672671 0.327329 
 ----> low 270 0 0.671351 0.328649 
 ----> low 271 1 0.625045 0.374955 
 ----> low 272 1 0.667669 0.332331 
 ----> low 273 0 0.674768 0.325232 
 ----> low 274 1 0.622525 0.377475 
 ----> low 275 0 0.66711 0.33289 
 ----> low 276 1 0.655881 0.344119 
 ----> low 277 0 0.677946 0.322054 
 ----> low 278 0 0.652591 0.347409 
 ----> low 279 1 0.650866 0.349134 
 ----> low 280 1 0.664078 0.335922 
 ----> low 281 0 0.661642 0.338358 
 ----> low 282 1 0.688266 0.311734 
 ----> low 283 1 0.676564 0.323436 
 ----> low 284 1 0.623006 0.376994 
 ----> low 285 0 0.653565 0.346435 
 ----> low 286 0 0.725265 0.274735 
 ----> low 287 0 0.692713 0.307287 
 ----> low 288 0 0.680859 0.319141 
 ----> low 289 1 0.607432 0.392568 
 ----> low 290 0 0.666458 0.333542 
 ----> low 291 1 0.652766 0.347234 
 ----> low 292 1 0.584834 0.415166 
 ----> low 293 0 0.676704 0.323296 
 ----> low 294 1 0.596158 0.403842 
 ----> low 295 0 0.679567 0.320433 
 ----> low 296 0 0.681727 0.318273 
 ----> low 297 0 0.664069 0.335931 
 ----> low 298 1 0.655897 0.344103 
 ----> low 299 0 0.635813 0.364187 
 ----> low 300 1 0.641272 0.358728 
 ----> low 301 0 0.656131 0.343869 
 ----> low 302 0 0.676089 0.323911 
 ----> low 303 0 0.726021 0.273979 
 ----> low 304 1 0.670246 0.329754 
 ----> low 305 0 0.675991 0.324009 
 ----> low 306 0 0.650158 0.349842 
 ----> low 307 0 0.676896 0.323104 
 ----> low 308 0 0.682048 0.317952 
 ----> low 309 1 0.666016 0.333984 
 ----> low 310 1 0.657281 0.342719 
 ----> low 311 0 0.639238 0.360762 
 ----> low 312 0 0.67145 0.32855 
 ----> low 313 0 0.664277 0.335723 
 ----> low 314 1 0.634213 0.365787 
 ----> low 315 0 0.685945 0.314055 
 ----> low 316 0 0.664968 0.335032 
 ----> low 317 0 0.640724 0.359276 
 ----> low 318 0 0.702788 0.297212 
 ----> low 319 0 0.683144 0.316856 
 ----> low 320 0 0.672609 0.327391 
 ----> low 321 1 0.65186 0.34814 
 ----> low 322 0 0.682463 0.317537 
 ----> low 323 1 0.640857 0.359143 
 ----> low 324 0 0.687225 0.312775 
 ----> low 325 0 0.654331 0.345669 
 ----> low 326 0 0.691606 0.308394 
 ----> low 327 1 0.608722 0.391278 
 ----> low 328 1 0.648358 0.351642 
 ----> low 329 0 0.704682 0.295318 
 ----> low 330 0 0.668709 0.331291 
 ----> low 331 0 0.642004 0.357996 
 ----> low 332 0 0.641636 0.358364 
 ----> low 333 1 0.662888 0.337112 
 ----> low 334 1 0.639357 0.360643 
 ----> low 335 1 0.652535 0.347465 
 ----> low 336 1 0.63052 0.36948 
 ----> low 337 1 0.640717 0.359283 
 ----> low 338 0 0.668393 0.331607 
 ----> low 339 0 0.662186 0.337814 
 ----> low 340 0 0.633348 0.366652 
 ----> low 341 0 0.652982 0.347018 
 ----> low 342 1 0.668807 0.331193 
 ----> low 343 1 0.606283 0.393717 
 ----> low 344 0 0.661849 0.338151 
 ----> low 345 0 0.598336 0.401664 
 ----> low 346 0 0.665189 0.334811 
 ----> low 347 0 0.657962 0.342038 
 ----> low 348 0 0.655775 0.344225 
 ----> low 349 0 0.679288 0.320712 
 ----> low 350 1 0.658653 0.341347 
 ----> low 351 1 0.680337 0.319663 
 ----> low 352 0 0.661375 0.338625 
 ----> low 353 0 0.666823 0.333177 
 ----> low 354 0 0.668464 0.331536 
 ----> low 355 0 0.710672 0.289328 
 ----> low 356 0 0.636991 0.363009 
 ----> low 357 1 0.624358 0.375642 
 ----> low 358 0 0.644088 0.355912 
 ----> low 359 0 0.6598 0.3402 
 ----> low 360 0 0.670656 0.329344 
 ----> low 361 0 0.692349 0.307651 
 ----> low 362 1 0.626913 0.373087 
 ----> low 363 1 0.610632 0.389368 
 ----> low 364 0 0.652876 0.347124 
 ----> low 365 0 0.673643 0.326357 
 ----> low 366 1 0.670395 0.329605 
 ----> low 367 1 0.643927 0.356073 
 ----> low 368 0 0.672111 0.327889 
 ----> low 369 0 0.657564 0.342436 
 ----> low 370 0 0.658007 0.341993 
 ----> low 371 1 0.640402 0.359598 
 ----> low 372 0 0.647666 0.352334 
 ----> low 373 0 0.667049 0.332951 
 ----> low 374 0 0.680297 0.319703 
 ----> low 375 0 0.67853 0.32147 
 ----> low 376 1 0.609365 0.390635 
 ----> low 377 0 0.70355 0.29645 
 ----> low 378 0 0.654369 0.345631 
 ----> low 379 1 0.629322 0.370678 
 ----> low 380 0 0.686142 0.313858 
 ----> low 381 1 0.668516 0.331484 
 ----> low 382 0 0.685622 0.314378 
 ----> low 383 0 0.675272 0.324728 
 ----> low 384 0 0.695346 0.304654 
 ----> low 385 0 0.613766 0.386234 
 ----> low 386 1 0.648091 0.351909 
 ----> low 387 0 0.662895 0.337105 
 ----> low 388 1 0.620343 0.379657 
 ----> low 389 1 0.668365 0.331635 
 ----> low 390 0 0.695661 0.304339 
 ----> low 391 0 0.706594 0.293406 
 ----> low 392 0 0.676577 0.323423 
 ----> low 393 0 0.651372 0.348628 
 ----> low 394 1 0.632448 0.367552 
 ----> low 395 0 0.677984 0.322016 
 ----> low 396 0 0.672982 0.327018 
 ----> low 397 0 0.664984 0.335016 
 ----> low 398 1 0.60784 0.39216 
 ----> low 399 1 0.632712 0.367288 
 ----> low 400 1 0.649075 0.350925 
 ----> low 401 1 0.629878 0.370122 
 ----> low 402 0 0.664922 0.335078 
 ----> low 403 0 0.670788 0.329212 
 ----> low 404 0 0.643637 0.356363 
 ----> low 405 0 0.620078 0.379922 
 ----> low 406 1 0.626082 0.373918 
 ----> low 407 1 0.655737 0.344263 
 ----> low 408 0 0.676797 0.323203 
 ----> low 409 0 0.664999 0.335001 
 ----> low 410 0 0.687345 0.312655 
 ----> low 411 0 0.665341 0.334659 
 ----> low 412 0 0.65131 0.34869 
 ----> low 413 0 0.69211 0.30789 
 ----> low 414 0 0.706169 0.293831 
 ----> low 415 1 0.654751 0.345249 
 ----> low 416 0 0.656973 0.343027 
 ----> low 417 0 0.690586 0.309414 
 ----> low 418 0 0.667111 0.332889 
 ----> low 419 1 0.629141 0.370859 
 ----> low 420 0 0.674575 0.325425 
 ----> low 421 0 0.68354 0.31646 
 ----> low 422 0 0.644538 0.355462 
 ----> low 423 1 0.640968 0.359032 
 ----> low 424 0 0.679733 0.320267 
 ----> low 425 0 0.698506 0.301494 
 ----> low 426 0 0.664274 0.335726 
 ----> low 427 0 0.667173 0.332827 
 ----> low 428 0 0.656201 0.343799 
 ----> low 429 0 0.682624 0.317376 
 ----> low 430 0 0.678055 0.321945 
 ----> low 431 0 0.655123 0.344877 
 ----> low 432 0 0.674066 0.325934 
 ----> low 433 0 0.690299 0.309701 
 ----> low 434 1 0.610538 0.389462 
 ----> low 435 1 0.687599 0.312401 
 ----> low 436 1 0.666173 0.333827 
 ----> low 437 0 0.664695 0.335305 
 ----> low 438 0 0.632285 0.367715 
 ----> low 439 0 0.685264 0.314736 
 ----> low 440 0 0.694131 0.305869 
 ----> low 441 0 0.700193 0.299807 
 ----> low 442 0 0.621019 0.378981 
 ----> low 443 0 0.690428 0.309572 
 ----> low 444 0 0.657926 0.342074 
 ----> low 445 1 0.685306 0.314694 
 ----> low 446 0 0.693408 0.306592 
 ----> low 447 0 0.703631 0.296369 
 ----> low 448 0 0.647349 0.352651 
 ----> low 449 0 0.651312 0.348688 
 ----> low 450 0 0.646991 0.353009 
 ----> low 451 0 0.724389 0.275611 
 ----> low 452 0 0.672738 0.327262 
 ----> low 453 1 0.668755 0.331245 
 ----> low 454 0 0.698382 0.301618 
 ----> low 455 1 0.653308 0.346692 
 ----> low 456 0 0.697258 0.302742 
 ----> low 457 0 0.646927 0.353073 
 ----> low 458 0 0.659877 0.340123 
 ----> low 459 1 0.530788 0.469212 
 ----> low 460 0 0.665561 0.334439 
 ----> low 461 0 0.66106 0.33894 
 ----> low 462 1 0.666028 0.333972 
 ----> low 463 0 0.74009 0.25991 
 ----> low 464 0 0.667323 0.332677 
 ----> low 465 0 0.685579 0.314421 
 ----> low 466 0 0.658538 0.341462 
 ----> low 467 1 0.63636 0.36364 
 ----> low 468 1 0.576007 0.423993 
 ----> low 469 0 0.658865 0.341135 
 ----> low 470 1 0.650109 0.349891 
 ----> low 471 1 0.650444 0.349556 
 ----> low 472 0 0.657789 0.342211 
 ----> low 473 0 0.683901 0.316099 
 ----> low 474 1 0.643504 0.356496 
 ----> low 475 0 0.686814 0.313186 
 ----> low 476 0 0.681687 0.318313 
 ----> low 477 0 0.659769 0.340231 
 ----> low 478 0 0.677529 0.322471 
 ----> low 479 0 0.657394 0.342606 
 ----> low 480 0 0.684757 0.315243 
 ----> low 481 0 0.644704 0.355296 
 ----> low 482 0 0.659346 0.340654 
 ----> low 483 1 0.635256 0.364744 
 ----> low 484 0 0.658276 0.341724 
 ----> low 485 0 0.646057 0.353943 
 ----> low 486 0 0.672298 0.327702 
 ----> low 487 0 0.671589 0.328411 
 ----> low 488 0 0.637231 0.362769 
 ----> low 489 1 0.660123 0.339877 
 ----> low 490 1 0.62116 0.37884 
 ----> low 491 0 0.678026 0.321974 
 ----> low 492 1 0.645419 0.354581 
 ----> low 493 0 0.67185 0.32815 
 ----> low 494 0 0.663439 0.336561 
 ----> low 495 1 0.663693 0.336307 
 ----> low 496 1 0.639304 0.360696 
 ----> low 497 0 0.659714 0.340286 
 ----> low 498 0 0.640403 0.359597 
 ----> low 499 0 0.659136 0.340864 
 ----> low 500 0 0.660254 0.339746 
 ----> low 501 1 0.665312 0.334688 
 ----> low 502 0 0.690607 0.309393 
 ----> low 503 1 0.656915 0.343085 
 ----> low 504 0 0.644126 0.355874 
 ----> low 505 0 0.673837 0.326163 
 ----> low 506 0 0.664236 0.335764 
 ----> low 507 0 0.699894 0.300106 
 ----> low 508 0 0.656121 0.343879 
 ----> low 509 1 0.652925 0.347075 
 ----> low 510 1 0.632674 0.367326 
 ----> low 511 0 0.708016 0.291984 
 ----> low 512 0 0.641879 0.358121 
 ----> low 513 1 0.658906 0.341094 
 ----> low 514 0 0.645314 0.354686 
 ----> low 515 1 0.615635 0.384365 
 ----> low 516 0 0.677023 0.322977 
 ----> low 517 0 0.689704 0.310296 
 ----> low 518 0 0.715938 0.284062 
 ----> low 519 0 0.657104 0.342896 
 ----> low 520 1 0.659153 0.340847 
 ----> low 521 1 0.637381 0.362619 
 ----> low 522 1 0.649896 0.350104 
 ----> low 523 1 0.661383 0.338617 
 ----> low 524 1 0.575902 0.424098 
 ----> low 525 0 0.67346 0.32654 
 ----> low 526 0 0.618446 0.381554 
 ----> low 527 0 0.643906 0.356094 
 ----> low 528 0 0.695885 0.304115 
 ----> low 529 0 0.710722 0.289278 
 ----> low 530 1 0.651436 0.348564 
 ----> low 531 0 0.675008 0.324992 
 ----> low 532 0 0.679025 0.320975 
 ----> low 533 0 0.633896 0.366104 
 ----> low 534 0 0.668967 0.331033 
 ----> low 535 0 0.672561 0.327439 
 ----> low 536 0 0.658529 0.341471 
 ----> low 537 0 0.687132 0.312868 
 ----> low 538 0 0.65937 0.34063 
 ----> low 539 0 0.692647 0.307353 
 ----> low 540 0 0.684044 0.315956 
 ----> low 541 1 0.649171 0.350829 
 ----> low 542 0 0.66806 0.33194 
 ----> low 543 1 0.672197 0.327803 
 ----> low 544 0 0.654006 0.345994 
 ----> low 545 0 0.672984 0.327016 
 ----> low 546 1 0.630185 0.369815 
 ----> low 547 0 0.673217 0.326783 
 ----> low 548 1 0.649572 0.350428 
 ----> low 549 1 0.647062 0.352938 
 ----> low 550 0 0.670031 0.329969 
 ----> low 551 0 0.675575 0.324425 
 ----> low 552 0 0.667827 0.332173 
 ----> low 553 1 0.606776 0.393224 
 ----> low 554 0 0.650003 0.349997 
 ----> low 555 1 0.697718 0.302282 
 ----> low 556 1 0.662084 0.337916 
 ----> low 557 0 0.650155 0.349845 
 ----> low 558 1 0.66954 0.33046 
 ----> low 559 0 0.696317 0.303683 
 ----> low 560 0 0.713752 0.286248 
 ----> low 561 0 0.65957 0.34043 
 ----> low 562 0 0.663594 0.336406 
 ----> low 563 0 0.654615 0.345385 
 ----> low 564 1 0.644113 0.355887 
 ----> low 565 0 0.630589 0.369411 
 ----> low 566 1 0.576073 0.423927 
 ----> low 567 0 0.698271 0.301729 
 ----> low 568 0 0.644054 0.355946 
 ----> low 569 1 0.625201 0.374799 
 ----> low 570 0 0.652387 0.347613 
 ----> low 571 0 0.659263 0.340737 
 ----> low 572 1 0.650544 0.349456 
 ----> low 573 0 0.68095 0.31905 
 ----> low 574 0 0.651126 0.348874 
 ----> low 575 0 0.611588 0.388412 
 ----> low 576 1 0.667245 0.332755 
 ----> low 577 0 0.651494 0.348506 
 ----> low 578 1 0.636684 0.363316 
 ----> low 579 0 0.695525 0.304475 
 ----> low 580 0 0.65643 0.34357 
 ----> low 581 1 0.644077 0.355923 
 ----> low 582 0 0.672392 0.327608 
 ----> low 583 0 0.662845 0.337155 
 ----> low 584 1 0.61578 0.38422 
 ----> low 585 0 0.679147 0.320853 
 ----> low 586 0 0.672466 0.327534 
 ----> low 587 0 0.657646 0.342354 
 ----> low 588 0 0.628894 0.371106 
 ----> low 589 1 0.656323 0.343677 
 ----> low 590 1 0.645299 0.354701 
 ----> low 591 0 0.678824 0.321176 
 ----> low 592 1 0.689025 0.310975 
 ----> low 593 0 0.687087 0.312913 
 ----> low 594 0 0.675667 0.324333 
 ----> low 595 0 0.640248 0.359752 
 ----> low 596 0 0.656205 0.343795 
 ----> low 597 1 0.64779 0.35221 
 ----> low 598 0 0.650569 0.349431 
 ----> low 599 0 0.679019 0.320981 
 ----> low 600 0 0.645308 0.354692 
 ----> low 601 0 0.680669 0.319331 
 ----> low 602 1 0.634417 0.365583 
 ----> low 603 1 0.660284 0.339716 
 ----> low 604 0 0.670646 0.329354 
 ----> low 605 0 0.609962 0.390038 
 ----> low 606 0 0.695108 0.304892 
 ----> low 607 0 0.643446 0.356554 
 ----> low 608 1 0.57318 0.42682 
 ----> low 609 0 0.643305 0.356695 
 ----> low 610 0 0.672198 0.327802 
 ----> low 611 0 0.68021 0.31979 
 ----> low 612 0 0.672973 0.327027 
 ----> low 613 0 0.677956 0.322044 
 ----> low 614 0 0.636104 0.363896 
 ----> low 615 0 0.695073 0.304927 
 ----> low 616 0 0.655741 0.344259 
 ----> low 617 0 0.680696 0.319304 
 ----> low 618 0 0.683793 0.316207 
 ----> low 619 1 0.640626 0.359374 
 ----> low 620 1 0.683717 0.316283 
 ----> low 621 0 0.692612 0.307388 
 ----> low 622 0 0.715666 0.284334 
 ----> low 623 0 0.714339 0.285661 
 ----> low 624 0 0.613298 0.386702 
 ----> low 625 0 0.654676 0.345324 
 ----> low 626 0 0.65526 0.34474 
 ----> low 627 0 0.684108 0.315892 
 ----> low 628 0 0.68073 0.31927 
 ----> low 629 1 0.67015 0.32985 
 ----> low 630 0 0.689292 0.310708 
 ----> low 631 0 0.642034 0.357966 
 ----> low 632 1 0.653848 0.346152 
 ----> low 633 0 0.699825 0.300175 
 ----> low 634 0 0.705168 0.294832 
 ----> low 635 1 0.682257 0.317743 
 ----> low 636 0 0.610843 0.389157 
 ----> low 637 0 0.714832 0.285168 
 ----> low 638 0 0.644581 0.355419 
 ----> low 639 1 0.58697 0.41303 
 ----> low 640 1 0.652199 0.347801 
 ----> low 641 0 0.686774 0.313226 
 ----> low 642 0 0.669169 0.330831 
 ----> low 643 0 0.675343 0.324657 
 ----> low 644 0 0.641336 0.358664 
 ----> low 645 0 0.690033 0.309967 
 ----> low 646 0 0.645557 0.354443 
 ----> low 647 0 0.696451 0.303549 
 ----> low 648 0 0.691306 0.308694 
 ----> low 649 0 0.73355 0.26645 
 ----> low 650 0 0.664922 0.335078 
 ----> low 651 1 0.672919 0.327081 
 ----> low 652 0 0.67166 0.32834 
 ----> low 653 0 0.673443 0.326557 
 ----> low 654 1 0.616177 0.383823 
 ----> low 655 0 0.649955 0.350045 
 ----> low 656 0 0.64301 0.35699 
 ----> low 657 0 0.659247 0.340753 
 ----> low 658 0 0.636101 0.363899 
 ----> low 659 0 0.668483 0.331517 
 ----> low 660 0 0.659698 0.340302 
 ----> low 661 0 0.663303 0.336697 
 ----> low 662 0 0.665631 0.334369 
 ----> low 663 0 0.68091 0.31909 
 ----> low 664 0 0.675149 0.324851 
 ----> low 665 0 0.640476 0.359524 
 ----> low 666 1 0.686818 0.313182 
 ----> low 667 0 0.682329 0.317671 
 ----> low 668 0 0.656599 0.343401 
 ----> low 669 0 0.652291 0.347709 
 ----> low 670 0 0.695551 0.304449 
 ----> low 671 0 0.704401 0.295599 
 ----> low 672 0 0.661381 0.338619 
 ----> low 673 0 0.663279 0.336721 
 ----> low 674 0 0.628377 0.371623 
 ----> low 675 1 0.668817 0.331183 
 ----> low 676 1 0.58756 0.41244 
 ----> low 677 1 0.649387 0.350613 
 ----> low 678 1 0.680385 0.319615 
 ----> low 679 0 0.651444 0.348556 
 ----> low 680 0 0.638873 0.361127 
 ----> low 681 0 0.68155 0.31845 
 ----> low 682 0 0.670953 0.329047 
 ----> low 683 0 0.67695 0.32305 
 ----> low 684 1 0.618031 0.381969 
 ----> low 685 0 0.71599 0.28401 
 ----> low 686 0 0.667608 0.332392 
 ----> low 687 0 0.640904 0.359096 
 ----> low 688 0 0.670072 0.329928 
 ----> low 689 0 0.66972 0.33028 
 ----> low 690 0 0.682714 0.317286 
 ----> low 691 0 0.623278 0.376722 
 ----> low 692 0 0.645672 0.354328 
 ----> low 693 0 0.66067 0.33933 
 ----> low 694 0 0.650513 0.349487 
 ----> low 695 0 0.66908 0.33092 
 ----> low 696 0 0.651485 0.348515 
 ----> low 697 0 0.684469 0.315531 
 ----> low 698 0 0.661001 0.338999 
 ----> low 699 0 0.668633 0.331367 
 ----> low 700 0 0.653877 0.346123 
 ----> low 701 0 0.660311 0.339689 
 ----> low 702 0 0.712961 0.287039 
 ----> low 703 0 0.672013 0.327987 
 ----> low 704 0 0.653867 0.346133 
 ----> low 705 1 0.667087 0.332913 
 ----> low 706 0 0.649234 0.350766 
 ----> low 707 0 0.661353 0.338647 
 ----> low 708 0 0.658065 0.341935 
 ----> low 709 0 0.697609 0.302391 
 ----> low 710 0 0.637925 0.362075 
 ----> low 711 0 0.65613 0.34387 
 ----> low 712 0 0.692547 0.307453 
 ----> low 713 1 0.646423 0.353577 
 ----> low 714 1 0.667409 0.332591 
 ----> low 715 1 0.637055 0.362945 
 ----> low 716 1 0.704787 0.295213 
 ----> low 717 0 0.66256 0.33744 
 ----> low 718 0 0.687733 0.312267 
