 ----> close 1 1 0.663793 0.336207 
 ----> close 2 0 0.643591 0.356409 
 ----> close 3 1 0.620842 0.379158 
 ----> close 4 1 0.69556 0.30444 
 ----> close 5 1 0.584062 0.415938 
 ----> close 6 1 0.679051 0.320949 
 ----> close 7 0 0.592664 0.407336 
 ----> close 8 0 0.647229 0.352771 
 ----> close 9 0 0.622241 0.377759 
 ----> close 10 1 0.60468 0.39532 
 ----> close 11 1 0.659773 0.340227 
 ----> close 12 0 0.644447 0.355553 
 ----> close 13 0 0.659212 0.340788 
 ----> close 14 1 0.606628 0.393372 
 ----> close 15 1 0.599683 0.400317 
 ----> close 16 1 0.667105 0.332895 
 ----> close 17 1 0.603162 0.396838 
 ----> close 18 0 0.631984 0.368016 
 ----> close 19 0 0.62194 0.37806 
 ----> close 20 0 0.655254 0.344746 
 ----> close 21 1 0.619417 0.380583 
 ----> close 22 0 0.646044 0.353956 
 ----> close 23 0 0.656235 0.343765 
 ----> close 24 0 0.617466 0.382534 
 ----> close 25 0 0.639544 0.360456 
 ----> close 26 1 0.646966 0.353034 
 ----> close 27 1 0.636108 0.363892 
 ----> close 28 1 0.647778 0.352222 
 ----> close 29 0 0.65838 0.34162 
 ----> close 30 0 0.672972 0.327028 
 ----> close 31 0 0.651231 0.348769 
 ----> close 32 0 0.643106 0.356894 
 ----> close 33 0 0.662936 0.337064 
 ----> close 34 1 0.604033 0.395967 
 ----> close 35 1 0.662834 0.337166 
 ----> close 36 0 0.666877 0.333123 
 ----> close 37 0 0.678667 0.321333 
 ----> close 38 0 0.636282 0.363718 
 ----> close 39 0 0.633437 0.366563 
 ----> close 40 1 0.654535 0.345465 
 ----> close 41 1 0.621379 0.378621 
 ----> close 42 1 0.641961 0.358039 
 ----> close 43 0 0.665164 0.334836 
 ----> close 44 1 0.650071 0.349929 
 ----> close 45 1 0.632709 0.367291 
 ----> close 46 0 0.649452 0.350548 
 ----> close 47 1 0.659103 0.340897 
 ----> close 48 1 0.623099 0.376901 
 ----> close 49 1 0.636051 0.363949 
 ----> close 50 1 0.648029 0.351971 
 ----> close 51 0 0.670084 0.329916 
 ----> close 52 1 0.625336 0.374664 
 ----> close 53 0 0.64851 0.35149 
 ----> close 54 0 0.652688 0.347312 
 ----> close 55 0 0.646864 0.353136 
 ----> close 56 1 0.605983 0.394017 
 ----> close 57 1 0.642503 0.357497 
 ----> close 58 0 0.640712 0.359288 
 ----> close 59 1 0.632601 0.367399 
 ----> close 60 0 0.65193 0.34807 
 ----> close 61 0 0.654855 0.345145 
 ----> close 62 0 0.675967 0.324033 
 ----> close 63 1 0.618095 0.381905 
 ----> close 64 1 0.613872 0.386128 
 ----> close 65 0 0.668376 0.331624 
 ----> close 66 0 0.681101 0.318899 
 ----> close 67 1 0.629883 0.370117 
 ----> close 68 1 0.625481 0.374519 
 ----> close 69 0 0.67113 0.32887 
 ----> close 70 1 0.630205 0.369795 
 ----> close 71 1 0.647201 0.352799 
 ----> close 72 1 0.635589 0.364411 
 ----> close 73 0 0.675888 0.324112 
 ----> close 74 0 0.64757 0.35243 
 ----> close 75 0 0.66451 0.33549 
 ----> close 76 1 0.633486 0.366514 
 ----> close 77 0 0.663918 0.336082 
 ----> close 78 1 0.619416 0.380584 
 ----> close 79 0 0.663522 0.336478 
 ----> close 80 1 0.630691 0.369309 
 ----> close 81 1 0.623504 0.376496 
 ----> close 82 1 0.6242 0.3758 
 ----> close 83 1 0.607109 0.392891 
 ----> close 84 1 0.616692 0.383308 
 ----> close 85 0 0.660429 0.339571 
 ----> close 86 0 0.663419 0.336581 
 ----> close 87 1 0.627772 0.372228 
 ----> close 88 1 0.619811 0.380189 
 ----> close 89 1 0.632006 0.367994 
 ----> close 90 1 0.63664 0.36336 
 ----> close 91 1 0.631179 0.368821 
 ----> close 92 0 0.677295 0.322705 
 ----> close 93 0 0.695285 0.304715 
 ----> close 94 1 0.611096 0.388904 
 ----> close 95 0 0.66613 0.33387 
 ----> close 96 0 0.675794 0.324206 
 ----> close 97 1 0.64125 0.35875 
 ----> close 98 1 0.628353 0.371647 
 ----> close 99 1 0.635015 0.364985 
 ----> close 100 0 0.657625 0.342375 
 ----> close 101 1 0.615077 0.384923 
 ----> close 102 0 0.671895 0.328105 
 ----> close 103 0 0.673327 0.326673 
 ----> close 104 0 0.685967 0.314033 
 ----> close 105 1 0.619291 0.380709 
 ----> close 106 0 0.678833 0.321167 
 ----> close 107 0 0.67193 0.32807 
 ----> close 108 0 0.653805 0.346195 
 ----> close 109 0 0.660092 0.339908 
 ----> close 110 1 0.639657 0.360343 
 ----> close 111 0 0.647321 0.352679 
 ----> close 112 0 0.662461 0.337539 
 ----> close 113 1 0.604573 0.395427 
 ----> close 114 1 0.635673 0.364327 
 ----> close 115 0 0.650554 0.349446 
 ----> close 116 0 0.663168 0.336832 
 ----> close 117 1 0.628978 0.371022 
 ----> close 118 1 0.620069 0.379931 
 ----> close 119 1 0.625073 0.374927 
 ----> close 120 0 0.66328 0.33672 
 ----> close 121 0 0.657249 0.342751 
 ----> close 122 1 0.617937 0.382063 
 ----> close 123 1 0.635458 0.364542 
 ----> close 124 0 0.662755 0.337245 
 ----> close 125 1 0.628889 0.371111 
 ----> close 126 0 0.661974 0.338026 
 ----> close 127 0 0.672325 0.327675 
 ----> close 128 0 0.671834 0.328166 
 ----> close 129 1 0.605431 0.394569 
 ----> close 130 0 0.666864 0.333136 
 ----> close 131 0 0.682691 0.317309 
 ----> close 132 0 0.667234 0.332766 
 ----> close 133 1 0.618189 0.381811 
 ----> close 134 1 0.638895 0.361105 
 ----> close 135 1 0.607225 0.392775 
 ----> close 136 0 0.667079 0.332921 
 ----> close 137 1 0.618429 0.381571 
 ----> close 138 0 0.675865 0.324135 
 ----> close 139 0 0.627305 0.372695 
 ----> close 140 1 0.640059 0.359941 
 ----> close 141 1 0.599818 0.400182 
 ----> close 142 1 0.635571 0.364429 
 ----> close 143 0 0.693088 0.306912 
 ----> close 144 1 0.60819 0.39181 
 ----> close 145 0 0.677816 0.322184 
 ----> close 146 0 0.658181 0.341819 
 ----> close 147 0 0.673478 0.326522 
 ----> close 148 0 0.645787 0.354213 
 ----> close 149 1 0.636799 0.363201 
 ----> close 150 1 0.642412 0.357588 
 ----> close 151 1 0.63854 0.36146 
 ----> close 152 0 0.66992 0.33008 
 ----> close 153 0 0.658449 0.341551 
 ----> close 154 0 0.649168 0.350832 
 ----> close 155 1 0.624819 0.375181 
 ----> close 156 1 0.639011 0.360989 
 ----> close 157 1 0.620266 0.379734 
 ----> close 158 0 0.670613 0.329387 
 ----> close 159 1 0.616621 0.383379 
 ----> close 160 0 0.665834 0.334166 
 ----> close 161 0 0.666258 0.333742 
 ----> close 162 1 0.646857 0.353143 
 ----> close 163 1 0.604925 0.395075 
 ----> close 164 1 0.641029 0.358971 
 ----> close 165 1 0.645647 0.354353 
 ----> close 166 0 0.649335 0.350665 
 ----> close 167 1 0.621919 0.378081 
 ----> close 168 0 0.670779 0.329221 
 ----> close 169 0 0.664353 0.335647 
 ----> close 170 1 0.637665 0.362335 
 ----> close 171 1 0.618933 0.381067 
 ----> close 172 0 0.667219 0.332781 
 ----> close 173 1 0.638855 0.361145 
 ----> close 174 0 0.663445 0.336555 
 ----> close 175 1 0.605889 0.394111 
 ----> close 176 0 0.677912 0.322088 
 ----> close 177 0 0.61322 0.38678 
 ----> close 178 1 0.645143 0.354857 
 ----> close 179 0 0.655665 0.344335 
 ----> close 180 0 0.651576 0.348424 
 ----> close 181 0 0.671083 0.328917 
 ----> close 182 0 0.653266 0.346734 
 ----> close 183 1 0.636611 0.363389 
 ----> close 184 1 0.648936 0.351064 
 ----> close 185 1 0.639444 0.360556 
 ----> close 186 0 0.663808 0.336192 
 ----> close 187 0 0.664705 0.335295 
 ----> close 188 1 0.628662 0.371338 
 ----> close 189 1 0.633624 0.366376 
 ----> close 190 0 0.6602 0.3398 
 ----> close 191 0 0.675721 0.324279 
 ----> close 192 1 0.623579 0.376421 
 ----> close 193 0 0.664244 0.335756 
 ----> close 194 0 0.676382 0.323618 
 ----> close 195 0 0.665527 0.334473 
 ----> close 196 1 0.627308 0.372692 
 ----> close 197 0 0.674045 0.325955 
 ----> close 198 0 0.67091 0.32909 
 ----> close 199 0 0.676205 0.323795 
 ----> close 200 0 0.643707 0.356293 
 ----> close 201 0 0.681269 0.318731 
 ----> close 202 0 0.68083 0.31917 
 ----> close 203 1 0.62285 0.37715 
 ----> close 204 1 0.637467 0.362533 
 ----> close 205 0 0.669219 0.330781 
 ----> close 206 1 0.616671 0.383329 
 ----> close 207 1 0.62671 0.37329 
 ----> close 208 0 0.666849 0.333151 
 ----> close 209 0 0.67649 0.32351 
 ----> close 210 0 0.657318 0.342682 
 ----> close 211 0 0.659853 0.340147 
 ----> close 212 0 0.66017 0.33983 
 ----> close 213 1 0.6157 0.3843 
 ----> close 214 0 0.670018 0.329982 
 ----> close 215 1 0.631409 0.368591 
 ----> close 216 0 0.674784 0.325216 
 ----> close 217 1 0.592464 0.407536 
 ----> close 218 0 0.652759 0.347241 
 ----> close 219 0 0.668979 0.331021 
 ----> close 220 0 0.660299 0.339701 
 ----> close 221 0 0.669438 0.330562 
 ----> close 222 1 0.639611 0.360389 
 ----> close 223 1 0.634454 0.365546 
 ----> close 224 0 0.674109 0.325891 
 ----> close 225 1 0.616714 0.383286 
 ----> close 226 1 0.608705 0.391295 
 ----> close 227 0 0.663291 0.336709 
 ----> close 228 0 0.67467 0.32533 
 ----> close 229 0 0.680638 0.319362 
 ----> close 230 0 0.652886 0.347114 
 ----> close 231 0 0.680538 0.319462 
 ----> close 232 1 0.627004 0.372996 
 ----> close 233 0 0.670962 0.329038 
 ----> close 234 0 0.680088 0.319912 
 ----> close 235 0 0.676404 0.323596 
 ----> close 236 1 0.620493 0.379507 
 ----> close 237 0 0.667447 0.332553 
 ----> close 238 0 0.666437 0.333563 
 ----> close 239 0 0.687069 0.312931 
 ----> close 240 1 0.584237 0.415763 
 ----> close 241 0 0.679369 0.320631 
 ----> close 242 1 0.650744 0.349256 
 ----> close 243 0 0.67133 0.32867 
 ----> close 244 1 0.637829 0.362171 
 ----> close 245 1 0.626843 0.373157 
 ----> close 246 0 0.650536 0.349464 
 ----> close 247 0 0.685966 0.314034 
 ----> close 248 1 0.616835 0.383165 
 ----> close 249 1 0.628419 0.371581 
 ----> close 250 0 0.677848 0.322152 
 ----> close 251 0 0.680431 0.319569 
 ----> close 252 0 0.675876 0.324124 
 ----> close 253 1 0.616378 0.383622 
 ----> close 254 0 0.672638 0.327362 
 ----> close 255 1 0.63214 0.36786 
 ----> close 256 0 0.665202 0.334798 
 ----> close 257 0 0.657143 0.342857 
 ----> close 258 0 0.677006 0.322994 
 ----> close 259 0 0.640029 0.359971 
 ----> close 260 1 0.648454 0.351546 
 ----> close 261 1 0.642945 0.357055 
 ----> close 262 0 0.680762 0.319238 
 ----> close 263 1 0.623192 0.376808 
 ----> close 264 1 0.630474 0.369526 
 ----> close 265 1 0.632197 0.367803 
 ----> close 266 0 0.675221 0.324779 
 ----> close 267 0 0.649548 0.350452 
 ----> close 268 1 0.642167 0.357833 
 ----> close 269 0 0.664617 0.335383 
 ----> close 270 1 0.623511 0.376489 
 ----> close 271 1 0.642157 0.357843 
 ----> close 272 0 0.669674 0.330326 
 ----> close 273 0 0.695543 0.304457 
 ----> close 274 1 0.62879 0.37121 
 ----> close 275 1 0.610578 0.389422 
 ----> close 276 0 0.666151 0.333849 
 ----> close 277 0 0.662255 0.337745 
 ----> close 278 0 0.653242 0.346758 
 ----> close 279 1 0.604821 0.395179 
 ----> close 280 1 0.638074 0.361926 
 ----> close 281 0 0.668131 0.331869 
 ----> close 282 1 0.607799 0.392201 
 ----> close 283 1 0.633239 0.366761 
 ----> close 284 1 0.626696 0.373304 
 ----> close 285 0 0.676037 0.323963 
 ----> close 286 0 0.66871 0.33129 
 ----> close 287 0 0.65939 0.34061 
 ----> close 288 1 0.63674 0.36326 
 ----> close 289 0 0.669766 0.330234 
 ----> close 290 0 0.66269 0.33731 
 ----> close 291 1 0.6467 0.3533 
 ----> close 292 0 0.664176 0.335824 
 ----> close 293 1 0.604214 0.395786 
 ----> close 294 1 0.607833 0.392167 
 ----> close 295 0 0.665764 0.334236 
 ----> close 296 0 0.670967 0.329033 
 ----> close 297 0 0.658124 0.341876 
 ----> close 298 1 0.608805 0.391195 
 ----> close 299 0 0.682901 0.317099 
 ----> close 300 0 0.663587 0.336413 
 ----> close 301 0 0.67623 0.32377 
 ----> close 302 0 0.648486 0.351514 
 ----> close 303 0 0.679129 0.320871 
 ----> close 304 0 0.677571 0.322429 
 ----> close 305 0 0.676601 0.323399 
 ----> close 306 0 0.675285 0.324715 
 ----> close 307 1 0.64411 0.35589 
 ----> close 308 0 0.68351 0.31649 
 ----> close 309 1 0.645768 0.354232 
 ----> close 310 0 0.671562 0.328438 
 ----> close 311 0 0.659576 0.340424 
 ----> close 312 0 0.686769 0.313231 
 ----> close 313 1 0.623368 0.376632 
 ----> close 314 0 0.683797 0.316203 
 ----> close 315 0 0.695307 0.304693 
 ----> close 316 0 0.68164 0.31836 
 ----> close 317 0 0.661417 0.338583 
 ----> close 318 0 0.677273 0.322727 
 ----> close 319 0 0.655277 0.344723 
 ----> close 320 0 0.675807 0.324193 
 ----> close 321 1 0.628745 0.371255 
 ----> close 322 1 0.620796 0.379204 
 ----> close 323 0 0.66375 0.33625 
 ----> close 324 0 0.682862 0.317138 
 ----> close 325 0 0.671747 0.328253 
 ----> close 326 1 0.621043 0.378957 
 ----> close 327 1 0.634805 0.365195 
 ----> close 328 0 0.668636 0.331364 
 ----> close 329 0 0.677435 0.322565 
 ----> close 330 0 0.667953 0.332047 
 ----> close 331 0 0.669516 0.330484 
 ----> close 332 0 0.683247 0.316753 
 ----> close 333 1 0.633714 0.366286 
 ----> close 334 1 0.618598 0.381402 
 ----> close 335 0 0.666075 0.333925 
 ----> close 336 1 0.639154 0.360846 
 ----> close 337 1 0.629931 0.370069 
 ----> close 338 1 0.614637 0.385363 
 ----> close 339 0 0.679839 0.320161 
 ----> close 340 0 0.662111 0.337889 
 ----> close 341 1 0.630322 0.369678 
 ----> close 342 1 0.604078 0.395922 
 ----> close 343 0 0.703308 0.296692 
 ----> close 344 0 0.677324 0.322676 
 ----> close 345 0 0.675601 0.324399 
 ----> close 346 0 0.674518 0.325482 
 ----> close 347 1 0.632173 0.367827 
 ----> close 348 0 0.65522 0.34478 
 ----> close 349 0 0.694516 0.305484 
 ----> close 350 1 0.645709 0.354291 
 ----> close 351 0 0.656708 0.343292 
 ----> close 352 0 0.676416 0.323584 
 ----> close 353 0 0.69405 0.30595 
 ----> close 354 0 0.661966 0.338034 
 ----> close 355 0 0.677466 0.322534 
 ----> close 356 0 0.664744 0.335256 
 ----> close 357 1 0.657605 0.342395 
 ----> close 358 0 0.698392 0.301608 
 ----> close 359 0 0.680256 0.319744 
 ----> close 360 0 0.684154 0.315846 
 ----> close 361 0 0.655788 0.344212 
 ----> close 362 1 0.657718 0.342282 
 ----> close 363 0 0.652753 0.347247 
 ----> close 364 0 0.679495 0.320505 
 ----> close 365 0 0.689871 0.310129 
 ----> close 366 1 0.641447 0.358553 
 ----> close 367 0 0.688564 0.311436 
 ----> close 368 0 0.670927 0.329073 
 ----> close 369 0 0.692358 0.307642 
 ----> close 370 1 0.615099 0.384901 
 ----> close 371 0 0.687892 0.312108 
 ----> close 372 0 0.688125 0.311875 
 ----> close 373 0 0.697671 0.302329 
 ----> close 374 0 0.672738 0.327262 
 ----> close 375 1 0.622463 0.377537 
 ----> close 376 0 0.689968 0.310032 
 ----> close 377 0 0.690453 0.309547 
 ----> close 378 1 0.641273 0.358727 
 ----> close 379 0 0.663307 0.336693 
 ----> close 380 0 0.679433 0.320567 
 ----> close 381 0 0.674568 0.325432 
 ----> close 382 0 0.673897 0.326103 
 ----> close 383 0 0.676178 0.323822 
 ----> close 384 0 0.667627 0.332373 
 ----> close 385 1 0.634074 0.365926 
 ----> close 386 0 0.677361 0.322639 
 ----> close 387 1 0.652998 0.347002 
 ----> close 388 1 0.621778 0.378222 
 ----> close 389 0 0.676482 0.323518 
 ----> close 390 0 0.685737 0.314263 
 ----> close 391 0 0.660121 0.339879 
 ----> close 392 1 0.646226 0.353774 
 ----> close 393 1 0.650639 0.349361 
 ----> close 394 0 0.67812 0.32188 
 ----> close 395 0 0.689787 0.310213 
 ----> close 396 0 0.661534 0.338466 
 ----> close 397 0 0.660942 0.339058 
 ----> close 398 1 0.65269 0.34731 
 ----> close 399 1 0.633196 0.366804 
 ----> close 400 1 0.651809 0.348191 
 ----> close 401 0 0.677929 0.322071 
 ----> close 402 0 0.685544 0.314456 
 ----> close 403 0 0.678389 0.321611 
 ----> close 404 0 0.682861 0.317139 
 ----> close 405 0 0.664718 0.335282 
 ----> close 406 1 0.621277 0.378723 
 ----> close 407 1 0.644692 0.355308 
 ----> close 408 0 0.674925 0.325075 
 ----> close 409 1 0.648114 0.351886 
 ----> close 410 0 0.662284 0.337716 
 ----> close 411 0 0.669739 0.330261 
 ----> close 412 0 0.694254 0.305746 
 ----> close 413 1 0.63584 0.36416 
 ----> close 414 0 0.677107 0.322893 
 ----> close 415 1 0.645193 0.354807 
 ----> close 416 0 0.646939 0.353061 
 ----> close 417 0 0.672025 0.327975 
 ----> close 418 1 0.640587 0.359413 
 ----> close 419 0 0.649433 0.350567 
 ----> close 420 0 0.662207 0.337793 
 ----> close 421 0 0.661273 0.338727 
 ----> close 422 0 0.653985 0.346015 
 ----> close 423 0 0.685406 0.314594 
 ----> close 424 0 0.684182 0.315818 
 ----> close 425 0 0.68518 0.31482 
 ----> close 426 1 0.616051 0.383949 
 ----> close 427 0 0.685908 0.314092 
 ----> close 428 0 0.67853 0.32147 
 ----> close 429 0 0.686525 0.313475 
 ----> close 430 0 0.672334 0.327666 
 ----> close 431 0 0.661243 0.338757 
 ----> close 432 0 0.669531 0.330469 
 ----> close 433 0 0.68229 0.31771 
 ----> close 434 0 0.679032 0.320968 
 ----> close 435 1 0.65198 0.34802 
 ----> close 436 0 0.671056 0.328944 
 ----> close 437 0 0.675679 0.324321 
 ----> close 438 0 0.669863 0.330137 
 ----> close 439 0 0.669083 0.330917 
 ----> close 440 0 0.680273 0.319727 
 ----> close 441 0 0.677565 0.322435 
 ----> close 442 0 0.697851 0.302149 
 ----> close 443 0 0.689306 0.310694 
 ----> close 444 0 0.687499 0.312501 
 ----> close 445 1 0.646984 0.353016 
 ----> close 446 0 0.692631 0.307369 
 ----> close 447 0 0.672433 0.327567 
 ----> close 448 0 0.680523 0.319477 
 ----> close 449 0 0.648421 0.351579 
 ----> close 450 0 0.701989 0.298011 
 ----> close 451 0 0.699713 0.300287 
 ----> close 452 0 0.694496 0.305504 
 ----> close 453 0 0.649174 0.350826 
 ----> close 454 1 0.642328 0.357672 
 ----> close 455 0 0.702577 0.297423 
 ----> close 456 0 0.680232 0.319768 
 ----> close 457 0 0.677284 0.322716 
 ----> close 458 1 0.641284 0.358716 
 ----> close 459 0 0.684255 0.315745 
 ----> close 460 0 0.663873 0.336127 
 ----> close 461 1 0.645344 0.354656 
 ----> close 462 0 0.649354 0.350646 
 ----> close 463 0 0.706691 0.293309 
 ----> close 464 0 0.685469 0.314531 
 ----> close 465 0 0.681726 0.318274 
 ----> close 466 0 0.662604 0.337396 
 ----> close 467 1 0.634123 0.365877 
 ----> close 468 0 0.709003 0.290997 
 ----> close 469 0 0.683757 0.316243 
 ----> close 470 1 0.638211 0.361789 
 ----> close 471 1 0.628553 0.371447 
 ----> close 472 0 0.697146 0.302854 
 ----> close 473 1 0.661757 0.338243 
 ----> close 474 0 0.667407 0.332593 
 ----> close 475 0 0.686956 0.313044 
 ----> close 476 0 0.694726 0.305274 
 ----> close 477 1 0.626813 0.373187 
 ----> close 478 0 0.685808 0.314192 
 ----> close 479 1 0.652873 0.347127 
 ----> close 480 0 0.691002 0.308998 
 ----> close 481 0 0.674396 0.325604 
 ----> close 482 0 0.684015 0.315985 
 ----> close 483 1 0.629682 0.370318 
 ----> close 484 0 0.689092 0.310908 
 ----> close 485 0 0.67638 0.32362 
 ----> close 486 0 0.668013 0.331987 
 ----> close 487 0 0.683599 0.316401 
 ----> close 488 1 0.652189 0.347811 
 ----> close 489 1 0.628591 0.371409 
 ----> close 490 0 0.680693 0.319307 
 ----> close 491 1 0.650345 0.349655 
 ----> close 492 0 0.662862 0.337138 
 ----> close 493 0 0.657738 0.342262 
 ----> close 494 0 0.687784 0.312216 
 ----> close 495 1 0.621451 0.378549 
 ----> close 496 0 0.667577 0.332423 
 ----> close 497 0 0.670037 0.329963 
 ----> close 498 0 0.680099 0.319901 
 ----> close 499 1 0.629983 0.370017 
 ----> close 500 1 0.656241 0.343759 
 ----> close 501 0 0.676397 0.323603 
 ----> close 502 0 0.655179 0.344821 
 ----> close 503 0 0.654727 0.345273 
 ----> close 504 0 0.675636 0.324364 
 ----> close 505 0 0.659123 0.340877 
 ----> close 506 0 0.663861 0.336139 
 ----> close 507 0 0.684105 0.315895 
 ----> close 508 1 0.614473 0.385527 
 ----> close 509 1 0.635246 0.364754 
 ----> close 510 0 0.663767 0.336233 
 ----> close 511 0 0.668088 0.331912 
 ----> close 512 0 0.645671 0.354329 
 ----> close 513 0 0.64335 0.35665 
 ----> close 514 1 0.653547 0.346453 
 ----> close 515 0 0.677957 0.322043 
 ----> close 516 0 0.698992 0.301008 
 ----> close 517 1 0.649629 0.350371 
 ----> close 518 0 0.677001 0.322999 
 ----> close 519 0 0.676645 0.323355 
 ----> close 520 1 0.667327 0.332673 
 ----> close 521 1 0.628822 0.371178 
 ----> close 522 0 0.66939 0.33061 
 ----> close 523 1 0.621861 0.378139 
 ----> close 524 0 0.677004 0.322996 
 ----> close 525 0 0.658817 0.341183 
 ----> close 526 0 0.681073 0.318927 
 ----> close 527 0 0.630242 0.369758 
 ----> close 528 0 0.70336 0.29664 
 ----> close 529 1 0.649926 0.350074 
 ----> close 530 0 0.684713 0.315287 
 ----> close 531 1 0.6419 0.3581 
 ----> close 532 0 0.689268 0.310732 
 ----> close 533 0 0.688065 0.311935 
 ----> close 534 0 0.670915 0.329085 
 ----> close 535 1 0.596715 0.403285 
 ----> close 536 0 0.676677 0.323323 
 ----> close 537 0 0.682255 0.317745 
 ----> close 538 0 0.676601 0.323399 
 ----> close 539 1 0.647475 0.352525 
 ----> close 540 0 0.69448 0.30552 
 ----> close 541 1 0.625308 0.374692 
 ----> close 542 0 0.670392 0.329608 
 ----> close 543 1 0.626163 0.373837 
 ----> close 544 0 0.684442 0.315558 
 ----> close 545 1 0.616776 0.383224 
 ----> close 546 0 0.686157 0.313843 
 ----> close 547 0 0.665576 0.334424 
 ----> close 548 1 0.62847 0.37153 
 ----> close 549 0 0.674617 0.325383 
 ----> close 550 0 0.683097 0.316903 
 ----> close 551 0 0.666119 0.333881 
 ----> close 552 1 0.623249 0.376751 
 ----> close 553 1 0.639272 0.360728 
 ----> close 554 1 0.617795 0.382205 
 ----> close 555 1 0.665135 0.334865 
 ----> close 556 0 0.6644 0.3356 
 ----> close 557 0 0.670254 0.329746 
 ----> close 558 0 0.655772 0.344228 
 ----> close 559 0 0.679775 0.320225 
 ----> close 560 0 0.673957 0.326043 
 ----> close 561 1 0.602687 0.397313 
 ----> close 562 0 0.675841 0.324159 
 ----> close 563 0 0.67563 0.32437 
 ----> close 564 0 0.674002 0.325998 
 ----> close 565 0 0.656353 0.343647 
 ----> close 566 0 0.690461 0.309539 
 ----> close 567 0 0.68932 0.31068 
 ----> close 568 0 0.680177 0.319823 
 ----> close 569 1 0.642664 0.357336 
 ----> close 570 0 0.683036 0.316964 
 ----> close 571 1 0.656749 0.343251 
 ----> close 572 0 0.691664 0.308336 
 ----> close 573 0 0.65007 0.34993 
 ----> close 574 0 0.686747 0.313253 
 ----> close 575 1 0.625382 0.374618 
 ----> close 576 0 0.696885 0.303115 
 ----> close 577 1 0.650888 0.349112 
 ----> close 578 0 0.677001 0.322999 
 ----> close 579 0 0.679034 0.320966 
 ----> close 580 1 0.660578 0.339422 
 ----> close 581 0 0.628479 0.371521 
 ----> close 582 0 0.673233 0.326767 
 ----> close 583 1 0.624873 0.375127 
 ----> close 584 0 0.65058 0.34942 
 ----> close 585 0 0.666406 0.333594 
 ----> close 586 0 0.676954 0.323046 
 ----> close 587 0 0.649256 0.350744 
 ----> close 588 0 0.665553 0.334447 
 ----> close 589 1 0.613554 0.386446 
 ----> close 590 0 0.698655 0.301345 
 ----> close 591 1 0.637813 0.362187 
 ----> close 592 1 0.633975 0.366025 
 ----> close 593 0 0.640551 0.359449 
 ----> close 594 0 0.687432 0.312568 
 ----> close 595 0 0.66458 0.33542 
 ----> close 596 0 0.658383 0.341617 
 ----> close 597 0 0.65919 0.34081 
 ----> close 598 0 0.684497 0.315503 
 ----> close 599 0 0.682986 0.317014 
 ----> close 600 0 0.689302 0.310698 
 ----> close 601 0 0.6591 0.3409 
 ----> close 602 1 0.619704 0.380296 
 ----> close 603 0 0.670156 0.329844 
 ----> close 604 0 0.678749 0.321251 
 ----> close 605 0 0.669198 0.330802 
 ----> close 606 0 0.673862 0.326138 
 ----> close 607 1 0.63513 0.36487 
 ----> close 608 0 0.678114 0.321886 
 ----> close 609 0 0.67738 0.32262 
 ----> close 610 0 0.691353 0.308647 
 ----> close 611 0 0.681279 0.318721 
 ----> close 612 0 0.674183 0.325817 
 ----> close 613 0 0.662605 0.337395 
 ----> close 614 0 0.673352 0.326648 
 ----> close 615 0 0.651706 0.348294 
 ----> close 616 0 0.688405 0.311595 
 ----> close 617 0 0.676356 0.323644 
 ----> close 618 0 0.690606 0.309394 
 ----> close 619 1 0.624161 0.375839 
 ----> close 620 1 0.622474 0.377526 
 ----> close 621 0 0.676454 0.323546 
 ----> close 622 0 0.706827 0.293173 
 ----> close 623 1 0.612388 0.387612 
 ----> close 624 0 0.705367 0.294633 
 ----> close 625 0 0.687148 0.312852 
 ----> close 626 0 0.698965 0.301035 
 ----> close 627 0 0.681853 0.318147 
 ----> close 628 1 0.649603 0.350397 
 ----> close 629 0 0.669866 0.330134 
 ----> close 630 0 0.687679 0.312321 
 ----> close 631 1 0.631165 0.368835 
 ----> close 632 1 0.635813 0.364187 
 ----> close 633 0 0.666049 0.333951 
 ----> close 634 1 0.651791 0.348209 
 ----> close 635 0 0.680513 0.319487 
 ----> close 636 1 0.640406 0.359594 
 ----> close 637 0 0.676436 0.323564 
 ----> close 638 0 0.655887 0.344113 
 ----> close 639 1 0.665003 0.334997 
 ----> close 640 0 0.661889 0.338111 
 ----> close 641 0 0.669104 0.330896 
 ----> close 642 0 0.690963 0.309037 
 ----> close 643 0 0.663024 0.336976 
 ----> close 644 0 0.692756 0.307244 
 ----> close 645 0 0.672987 0.327013 
 ----> close 646 1 0.642291 0.357709 
 ----> close 647 0 0.6967 0.3033 
 ----> close 648 0 0.690358 0.309642 
 ----> close 649 0 0.710584 0.289416 
 ----> close 650 0 0.688292 0.311708 
 ----> close 651 1 0.637289 0.362711 
 ----> close 652 0 0.682061 0.317939 
 ----> close 653 1 0.648477 0.351523 
 ----> close 654 0 0.694591 0.305409 
 ----> close 655 0 0.681276 0.318724 
 ----> close 656 0 0.679273 0.320727 
 ----> close 657 0 0.663151 0.336849 
 ----> close 658 0 0.690755 0.309245 
 ----> close 659 0 0.690543 0.309457 
 ----> close 660 0 0.691617 0.308383 
 ----> close 661 0 0.688122 0.311878 
 ----> close 662 0 0.713529 0.286471 
 ----> close 663 1 0.65236 0.34764 
 ----> close 664 1 0.656284 0.343716 
 ----> close 665 0 0.695124 0.304876 
 ----> close 666 0 0.684579 0.315421 
 ----> close 667 0 0.686983 0.313017 
 ----> close 668 0 0.672385 0.327615 
 ----> close 669 0 0.683508 0.316492 
 ----> close 670 0 0.68096 0.31904 
 ----> close 671 0 0.678029 0.321971 
 ----> close 672 0 0.677966 0.322034 
 ----> close 673 0 0.685416 0.314584 
 ----> close 674 1 0.628766 0.371234 
 ----> close 675 1 0.643012 0.356988 
 ----> close 676 0 0.674089 0.325911 
 ----> close 677 1 0.618718 0.381282 
 ----> close 678 1 0.617621 0.382379 
 ----> close 679 0 0.66704 0.33296 
 ----> close 680 1 0.634909 0.365091 
 ----> close 681 0 0.679472 0.320528 
 ----> close 682 0 0.679854 0.320146 
 ----> close 683 0 0.682291 0.317709 
 ----> close 684 0 0.670964 0.329036 
 ----> close 685 0 0.692819 0.307181 
 ----> close 686 0 0.662286 0.337714 
 ----> close 687 0 0.684444 0.315556 
 ----> close 688 0 0.658928 0.341072 
 ----> close 689 0 0.677591 0.322409 
 ----> close 690 1 0.650774 0.349226 
 ----> close 691 0 0.676428 0.323572 
 ----> close 692 0 0.649402 0.350598 
 ----> close 693 1 0.648064 0.351936 
 ----> close 694 0 0.653347 0.346653 
 ----> close 695 0 0.688685 0.311315 
 ----> close 696 0 0.691996 0.308004 
 ----> close 697 0 0.680211 0.319789 
 ----> close 698 1 0.633144 0.366856 
 ----> close 699 0 0.678082 0.321918 
 ----> close 700 1 0.658904 0.341096 
 ----> close 701 0 0.676965 0.323035 
 ----> close 702 0 0.681657 0.318343 
 ----> close 703 0 0.678526 0.321474 
 ----> close 704 0 0.670242 0.329758 
 ----> close 705 0 0.685034 0.314966 
 ----> close 706 0 0.686692 0.313308 
 ----> close 707 0 0.676553 0.323447 
 ----> close 708 0 0.70023 0.29977 
 ----> close 709 0 0.694239 0.305761 
 ----> close 710 0 0.702136 0.297864 
 ----> close 711 0 0.67934 0.32066 
 ----> close 712 0 0.697251 0.302749 
 ----> close 713 1 0.664816 0.335184 
 ----> close 714 1 0.690375 0.309625 
 ----> close 715 1 0.676619 0.323381 
 ----> close 716 1 0.666565 0.333435 
 ----> close 717 0 0.6784 0.3216 
 ----> close 718 0 0.672881 0.327119 
