 ----> close 1 1 0.669003 0.330997 
 ----> close 2 0 0.641154 0.358846 
 ----> close 3 1 0.599764 0.400236 
 ----> close 4 1 0.731842 0.268158 
 ----> close 5 1 0.450067 0.549933 
 ----> close 6 1 0.731175 0.268825 
 ----> close 7 0 0.534763 0.465237 
 ----> close 8 0 0.658124 0.341876 
 ----> close 9 0 0.569068 0.430932 
 ----> close 10 1 0.572915 0.427085 
 ----> close 11 1 0.677775 0.322225 
 ----> close 12 0 0.577361 0.422639 
 ----> close 13 0 0.688048 0.311952 
 ----> close 14 1 0.547171 0.452829 
 ----> close 15 1 0.512441 0.487559 
 ----> close 16 1 0.69374 0.30626 
 ----> close 17 1 0.549887 0.450113 
 ----> close 18 0 0.620236 0.379764 
 ----> close 19 0 0.54555 0.45445 
 ----> close 20 0 0.636071 0.363929 
 ----> close 21 1 0.625644 0.374356 
 ----> close 22 0 0.61572 0.38428 
 ----> close 23 0 0.628083 0.371917 
 ----> close 24 0 0.568289 0.431711 
 ----> close 25 0 0.583989 0.416011 
 ----> close 26 1 0.694493 0.305507 
 ----> close 27 1 0.579917 0.420083 
 ----> close 28 1 0.704864 0.295136 
 ----> close 29 0 0.687724 0.312276 
 ----> close 30 0 0.704081 0.295919 
 ----> close 31 0 0.70541 0.29459 
 ----> close 32 0 0.598829 0.401171 
 ----> close 33 0 0.695002 0.304998 
 ----> close 34 1 0.606372 0.393628 
 ----> close 35 1 0.700345 0.299655 
 ----> close 36 0 0.599459 0.400541 
 ----> close 37 0 0.740487 0.259513 
 ----> close 38 0 0.564427 0.435573 
 ----> close 39 0 0.544315 0.455685 
 ----> close 40 1 0.685364 0.314636 
 ----> close 41 1 0.596891 0.403109 
 ----> close 42 1 0.694628 0.305372 
 ----> close 43 0 0.68715 0.31285 
 ----> close 44 1 0.681289 0.318711 
 ----> close 45 1 0.692144 0.307856 
 ----> close 46 0 0.605347 0.394653 
 ----> close 47 1 0.693454 0.306546 
 ----> close 48 1 0.551425 0.448575 
 ----> close 49 1 0.548671 0.451329 
 ----> close 50 1 0.69853 0.30147 
 ----> close 51 0 0.638843 0.361157 
 ----> close 52 1 0.599033 0.400967 
 ----> close 53 0 0.637443 0.362557 
 ----> close 54 0 0.643423 0.356577 
 ----> close 55 0 0.605074 0.394926 
 ----> close 56 1 0.610156 0.389844 
 ----> close 57 1 0.643385 0.356615 
 ----> close 58 0 0.581217 0.418783 
 ----> close 59 1 0.671251 0.328749 
 ----> close 60 0 0.588307 0.411693 
 ----> close 61 0 0.599927 0.400073 
 ----> close 62 0 0.669562 0.330438 
 ----> close 63 1 0.598428 0.401572 
 ----> close 64 1 0.60953 0.39047 
 ----> close 65 0 0.674967 0.325033 
 ----> close 66 0 0.677048 0.322952 
 ----> close 67 1 0.659015 0.340985 
 ----> close 68 1 0.603875 0.396125 
 ----> close 69 0 0.64837 0.35163 
 ----> close 70 1 0.615445 0.384555 
 ----> close 71 1 0.647075 0.352925 
 ----> close 72 1 0.611408 0.388592 
 ----> close 73 0 0.699461 0.300539 
 ----> close 74 0 0.589802 0.410198 
 ----> close 75 0 0.676465 0.323535 
 ----> close 76 1 0.586314 0.413686 
 ----> close 77 0 0.621821 0.378179 
 ----> close 78 1 0.586527 0.413473 
 ----> close 79 0 0.670711 0.329289 
 ----> close 80 1 0.59589 0.40411 
 ----> close 81 1 0.620243 0.379757 
 ----> close 82 1 0.640775 0.359225 
 ----> close 83 1 0.594035 0.405965 
 ----> close 84 1 0.63117 0.36883 
 ----> close 85 0 0.622384 0.377616 
 ----> close 86 0 0.657296 0.342704 
 ----> close 87 1 0.568756 0.431244 
 ----> close 88 1 0.593232 0.406768 
 ----> close 89 1 0.624362 0.375638 
 ----> close 90 1 0.673662 0.326338 
 ----> close 91 1 0.602008 0.397992 
 ----> close 92 0 0.733854 0.266146 
 ----> close 93 0 0.715845 0.284155 
 ----> close 94 1 0.680641 0.319359 
 ----> close 95 0 0.64612 0.35388 
 ----> close 96 0 0.709461 0.290539 
 ----> close 97 1 0.683088 0.316912 
 ----> close 98 1 0.603831 0.396169 
 ----> close 99 1 0.634875 0.365125 
 ----> close 100 0 0.666807 0.333193 
 ----> close 101 1 0.648984 0.351016 
 ----> close 102 0 0.661312 0.338688 
 ----> close 103 0 0.640678 0.359322 
 ----> close 104 0 0.713638 0.286362 
 ----> close 105 1 0.526231 0.473769 
 ----> close 106 0 0.748714 0.251286 
 ----> close 107 0 0.720158 0.279842 
 ----> close 108 0 0.684285 0.315715 
 ----> close 109 0 0.639023 0.360977 
 ----> close 110 1 0.643007 0.356993 
 ----> close 111 0 0.614089 0.385911 
 ----> close 112 0 0.674561 0.325439 
 ----> close 113 1 0.678881 0.321119 
 ----> close 114 1 0.623396 0.376604 
 ----> close 115 0 0.667787 0.332213 
 ----> close 116 0 0.670364 0.329636 
 ----> close 117 1 0.624974 0.375026 
 ----> close 118 1 0.573319 0.426681 
 ----> close 119 1 0.670646 0.329354 
 ----> close 120 0 0.662143 0.337857 
 ----> close 121 0 0.682902 0.317098 
 ----> close 122 1 0.647717 0.352283 
 ----> close 123 1 0.606217 0.393783 
 ----> close 124 0 0.643296 0.356704 
 ----> close 125 1 0.635623 0.364377 
 ----> close 126 0 0.692832 0.307168 
 ----> close 127 0 0.683784 0.316216 
 ----> close 128 0 0.716755 0.283245 
 ----> close 129 1 0.504131 0.495869 
 ----> close 130 0 0.726538 0.273462 
 ----> close 131 0 0.717184 0.282816 
 ----> close 132 0 0.693185 0.306815 
 ----> close 133 1 0.595163 0.404837 
 ----> close 134 1 0.676013 0.323987 
 ----> close 135 1 0.559257 0.440743 
 ----> close 136 0 0.730629 0.269371 
 ----> close 137 1 0.59582 0.40418 
 ----> close 138 0 0.697541 0.302459 
 ----> close 139 0 0.590663 0.409337 
 ----> close 140 1 0.651886 0.348114 
 ----> close 141 1 0.536177 0.463823 
 ----> close 142 1 0.668401 0.331599 
 ----> close 143 0 0.701549 0.298451 
 ----> close 144 1 0.570546 0.429454 
 ----> close 145 0 0.70067 0.29933 
 ----> close 146 0 0.5704 0.4296 
 ----> close 147 0 0.667273 0.332727 
 ----> close 148 0 0.600445 0.399555 
 ----> close 149 1 0.633869 0.366131 
 ----> close 150 1 0.669726 0.330274 
 ----> close 151 1 0.607095 0.392905 
 ----> close 152 0 0.691358 0.308642 
 ----> close 153 0 0.630506 0.369494 
 ----> close 154 0 0.667442 0.332558 
 ----> close 155 1 0.57632 0.42368 
 ----> close 156 1 0.637903 0.362097 
 ----> close 157 1 0.59304 0.40696 
 ----> close 158 0 0.666902 0.333098 
 ----> close 159 1 0.555155 0.444845 
 ----> close 160 0 0.636154 0.363846 
 ----> close 161 0 0.618633 0.381367 
 ----> close 162 1 0.731109 0.268891 
 ----> close 163 1 0.535825 0.464175 
 ----> close 164 1 0.689708 0.310292 
 ----> close 165 1 0.681049 0.318951 
 ----> close 166 0 0.608648 0.391352 
 ----> close 167 1 0.625316 0.374684 
 ----> close 168 0 0.650487 0.349513 
 ----> close 169 0 0.638759 0.361241 
 ----> close 170 1 0.698693 0.301307 
 ----> close 171 1 0.535536 0.464464 
 ----> close 172 0 0.715997 0.284003 
 ----> close 173 1 0.679866 0.320134 
 ----> close 174 0 0.634046 0.365954 
 ----> close 175 1 0.620086 0.379914 
 ----> close 176 0 0.712917 0.287083 
 ----> close 177 0 0.518923 0.481077 
 ----> close 178 1 0.655474 0.344526 
 ----> close 179 0 0.630118 0.369882 
 ----> close 180 0 0.595072 0.404928 
 ----> close 181 0 0.678418 0.321582 
 ----> close 182 0 0.56617 0.43383 
 ----> close 183 1 0.701969 0.298031 
 ----> close 184 1 0.717166 0.282834 
 ----> close 185 1 0.713412 0.286588 
 ----> close 186 0 0.667221 0.332779 
 ----> close 187 0 0.694876 0.305124 
 ----> close 188 1 0.608926 0.391074 
 ----> close 189 1 0.676058 0.323942 
 ----> close 190 0 0.625713 0.374287 
 ----> close 191 0 0.714659 0.285341 
 ----> close 192 1 0.57647 0.42353 
 ----> close 193 0 0.61092 0.38908 
 ----> close 194 0 0.67485 0.32515 
 ----> close 195 0 0.624834 0.375166 
 ----> close 196 1 0.604898 0.395102 
 ----> close 197 0 0.700323 0.299677 
 ----> close 198 0 0.660381 0.339619 
 ----> close 199 0 0.703281 0.296719 
 ----> close 200 0 0.56969 0.43031 
 ----> close 201 0 0.705906 0.294094 
 ----> close 202 0 0.714449 0.285551 
 ----> close 203 1 0.708031 0.291969 
 ----> close 204 1 0.665171 0.334829 
 ----> close 205 0 0.734631 0.265369 
 ----> close 206 1 0.615186 0.384814 
 ----> close 207 1 0.640904 0.359096 
 ----> close 208 0 0.628811 0.371189 
 ----> close 209 0 0.689643 0.310357 
 ----> close 210 0 0.587649 0.412351 
 ----> close 211 0 0.623769 0.376231 
 ----> close 212 0 0.675181 0.324819 
 ----> close 213 1 0.614908 0.385092 
 ----> close 214 0 0.675891 0.324109 
 ----> close 215 1 0.60986 0.39014 
 ----> close 216 0 0.690564 0.309436 
 ----> close 217 1 0.50083 0.49917 
 ----> close 218 0 0.66877 0.33123 
 ----> close 219 0 0.661582 0.338418 
 ----> close 220 0 0.66002 0.33998 
 ----> close 221 0 0.691648 0.308352 
 ----> close 222 1 0.626402 0.373598 
 ----> close 223 1 0.607925 0.392075 
 ----> close 224 0 0.665629 0.334371 
 ----> close 225 1 0.595111 0.404889 
 ----> close 226 1 0.588687 0.411313 
 ----> close 227 0 0.652343 0.347657 
 ----> close 228 0 0.638963 0.361037 
 ----> close 229 0 0.698447 0.301553 
 ----> close 230 0 0.628099 0.371901 
 ----> close 231 0 0.629735 0.370265 
 ----> close 232 1 0.5857 0.4143 
 ----> close 233 0 0.648473 0.351527 
 ----> close 234 0 0.675492 0.324508 
 ----> close 235 0 0.64293 0.35707 
 ----> close 236 1 0.603859 0.396141 
 ----> close 237 0 0.700546 0.299454 
 ----> close 238 0 0.64412 0.35588 
 ----> close 239 0 0.726587 0.273413 
 ----> close 240 1 0.528758 0.471242 
 ----> close 241 0 0.699281 0.300719 
 ----> close 242 1 0.679749 0.320251 
 ----> close 243 0 0.697757 0.302243 
 ----> close 244 1 0.634788 0.365212 
 ----> close 245 1 0.671474 0.328526 
 ----> close 246 0 0.556345 0.443655 
 ----> close 247 0 0.699659 0.300341 
 ----> close 248 1 0.616226 0.383774 
 ----> close 249 1 0.636247 0.363753 
 ----> close 250 0 0.673908 0.326092 
 ----> close 251 0 0.634102 0.365898 
 ----> close 252 0 0.68717 0.31283 
 ----> close 253 1 0.605285 0.394715 
 ----> close 254 0 0.661281 0.338719 
 ----> close 255 1 0.579823 0.420177 
 ----> close 256 0 0.681588 0.318412 
 ----> close 257 0 0.644979 0.355021 
 ----> close 258 0 0.739526 0.260474 
 ----> close 259 0 0.573605 0.426395 
 ----> close 260 1 0.719817 0.280183 
 ----> close 261 1 0.701737 0.298263 
 ----> close 262 0 0.720903 0.279097 
 ----> close 263 1 0.671766 0.328234 
 ----> close 264 1 0.652128 0.347872 
 ----> close 265 1 0.615537 0.384463 
 ----> close 266 0 0.717143 0.282857 
 ----> close 267 0 0.619585 0.380415 
 ----> close 268 1 0.676228 0.323772 
 ----> close 269 0 0.60177 0.39823 
 ----> close 270 1 0.614142 0.385858 
 ----> close 271 1 0.676039 0.323961 
 ----> close 272 0 0.633111 0.366889 
 ----> close 273 0 0.766284 0.233716 
 ----> close 274 1 0.62207 0.37793 
 ----> close 275 1 0.570205 0.429795 
 ----> close 276 0 0.666985 0.333015 
 ----> close 277 0 0.656061 0.343939 
 ----> close 278 0 0.676475 0.323525 
 ----> close 279 1 0.559145 0.440855 
 ----> close 280 1 0.634946 0.365054 
 ----> close 281 0 0.689382 0.310618 
 ----> close 282 1 0.602822 0.397178 
 ----> close 283 1 0.622791 0.377209 
 ----> close 284 1 0.599134 0.400866 
 ----> close 285 0 0.640432 0.359568 
 ----> close 286 0 0.674616 0.325384 
 ----> close 287 0 0.625371 0.374629 
 ----> close 288 1 0.600438 0.399562 
 ----> close 289 0 0.690233 0.309767 
 ----> close 290 0 0.62385 0.37615 
 ----> close 291 1 0.577363 0.422637 
 ----> close 292 0 0.664237 0.335763 
 ----> close 293 1 0.618394 0.381606 
 ----> close 294 1 0.649165 0.350835 
 ----> close 295 0 0.658103 0.341897 
 ----> close 296 0 0.718891 0.281109 
 ----> close 297 0 0.617499 0.382501 
 ----> close 298 1 0.583486 0.416514 
 ----> close 299 0 0.690309 0.309691 
 ----> close 300 0 0.661484 0.338516 
 ----> close 301 0 0.699895 0.300105 
 ----> close 302 0 0.53123 0.46877 
 ----> close 303 0 0.744269 0.255731 
 ----> close 304 0 0.739374 0.260626 
 ----> close 305 0 0.737301 0.262699 
 ----> close 306 0 0.735319 0.264681 
 ----> close 307 1 0.70081 0.29919 
 ----> close 308 0 0.735058 0.264942 
 ----> close 309 1 0.708115 0.291885 
 ----> close 310 0 0.709507 0.290493 
 ----> close 311 0 0.612229 0.387771 
 ----> close 312 0 0.704247 0.295753 
 ----> close 313 1 0.562559 0.437441 
 ----> close 314 0 0.753448 0.246552 
 ----> close 315 0 0.735665 0.264335 
 ----> close 316 0 0.706793 0.293207 
 ----> close 317 0 0.598163 0.401837 
 ----> close 318 0 0.678629 0.321371 
 ----> close 319 0 0.624528 0.375472 
 ----> close 320 0 0.691977 0.308023 
 ----> close 321 1 0.615438 0.384562 
 ----> close 322 1 0.685287 0.314713 
 ----> close 323 0 0.589847 0.410153 
 ----> close 324 0 0.715128 0.284872 
 ----> close 325 0 0.627429 0.372571 
 ----> close 326 1 0.606722 0.393278 
 ----> close 327 1 0.636286 0.363714 
 ----> close 328 0 0.639652 0.360348 
 ----> close 329 0 0.707199 0.292801 
 ----> close 330 0 0.669151 0.330849 
 ----> close 331 0 0.596737 0.403263 
 ----> close 332 0 0.739662 0.260338 
 ----> close 333 1 0.611306 0.388694 
 ----> close 334 1 0.669149 0.330851 
 ----> close 335 0 0.627398 0.372602 
 ----> close 336 1 0.667291 0.332709 
 ----> close 337 1 0.569652 0.430348 
 ----> close 338 1 0.533362 0.466638 
 ----> close 339 0 0.703047 0.296953 
 ----> close 340 0 0.647614 0.352386 
 ----> close 341 1 0.610838 0.389162 
 ----> close 342 1 0.58629 0.41371 
 ----> close 343 0 0.705476 0.294524 
 ----> close 344 0 0.715459 0.284541 
 ----> close 345 0 0.67244 0.32756 
 ----> close 346 0 0.623205 0.376795 
 ----> close 347 1 0.643942 0.356058 
 ----> close 348 0 0.616226 0.383774 
 ----> close 349 0 0.730622 0.269378 
 ----> close 350 1 0.66698 0.33302 
 ----> close 351 0 0.645861 0.354139 
 ----> close 352 0 0.679391 0.320609 
 ----> close 353 0 0.709284 0.290716 
 ----> close 354 0 0.654254 0.345746 
 ----> close 355 0 0.693248 0.306752 
 ----> close 356 0 0.65422 0.34578 
 ----> close 357 1 0.687321 0.312679 
 ----> close 358 0 0.685743 0.314257 
 ----> close 359 0 0.67743 0.32257 
 ----> close 360 0 0.713578 0.286422 
 ----> close 361 0 0.637587 0.362413 
 ----> close 362 1 0.65987 0.34013 
 ----> close 363 0 0.615992 0.384008 
 ----> close 364 0 0.724733 0.275267 
 ----> close 365 0 0.705418 0.294582 
 ----> close 366 1 0.624787 0.375213 
 ----> close 367 0 0.677443 0.322557 
 ----> close 368 0 0.648806 0.351194 
 ----> close 369 0 0.718003 0.281997 
 ----> close 370 1 0.534627 0.465373 
 ----> close 371 0 0.72334 0.27666 
 ----> close 372 0 0.687308 0.312692 
 ----> close 373 0 0.730714 0.269286 
 ----> close 374 0 0.659997 0.340003 
 ----> close 375 1 0.621641 0.378359 
 ----> close 376 0 0.65882 0.34118 
 ----> close 377 0 0.70408 0.29592 
 ----> close 378 1 0.63089 0.36911 
 ----> close 379 0 0.622276 0.377724 
 ----> close 380 0 0.686541 0.313459 
 ----> close 381 0 0.698545 0.301455 
 ----> close 382 0 0.643906 0.356094 
 ----> close 383 0 0.66542 0.33458 
 ----> close 384 0 0.631718 0.368282 
 ----> close 385 1 0.678852 0.321148 
 ----> close 386 0 0.647448 0.352552 
 ----> close 387 1 0.637975 0.362025 
 ----> close 388 1 0.562017 0.437983 
 ----> close 389 0 0.68449 0.31551 
 ----> close 390 0 0.731937 0.268063 
 ----> close 391 0 0.577553 0.422447 
 ----> close 392 1 0.620569 0.379431 
 ----> close 393 1 0.721685 0.278315 
 ----> close 394 0 0.651572 0.348428 
 ----> close 395 0 0.739489 0.260511 
 ----> close 396 0 0.625955 0.374045 
 ----> close 397 0 0.620546 0.379454 
 ----> close 398 1 0.674629 0.325371 
 ----> close 399 1 0.633352 0.366648 
 ----> close 400 1 0.696337 0.303663 
 ----> close 401 0 0.678335 0.321665 
 ----> close 402 0 0.713024 0.286976 
 ----> close 403 0 0.726368 0.273632 
 ----> close 404 0 0.636928 0.363072 
 ----> close 405 0 0.688493 0.311507 
 ----> close 406 1 0.62313 0.37687 
 ----> close 407 1 0.671765 0.328235 
 ----> close 408 0 0.643934 0.356066 
 ----> close 409 1 0.707916 0.292084 
 ----> close 410 0 0.628269 0.371731 
 ----> close 411 0 0.609336 0.390664 
 ----> close 412 0 0.689618 0.310382 
 ----> close 413 1 0.601585 0.398415 
 ----> close 414 0 0.68179 0.31821 
 ----> close 415 1 0.700207 0.299793 
 ----> close 416 0 0.58832 0.41168 
 ----> close 417 0 0.635409 0.364591 
 ----> close 418 1 0.659648 0.340352 
 ----> close 419 0 0.634609 0.365391 
 ----> close 420 0 0.633295 0.366705 
 ----> close 421 0 0.693785 0.306215 
 ----> close 422 0 0.552875 0.447125 
 ----> close 423 0 0.734417 0.265583 
 ----> close 424 0 0.721378 0.278622 
 ----> close 425 0 0.742221 0.257779 
 ----> close 426 1 0.693479 0.306521 
 ----> close 427 0 0.725225 0.274775 
 ----> close 428 0 0.733063 0.266937 
 ----> close 429 0 0.688107 0.311893 
 ----> close 430 0 0.666464 0.333536 
 ----> close 431 0 0.686067 0.313933 
 ----> close 432 0 0.664324 0.335676 
 ----> close 433 0 0.730271 0.269729 
 ----> close 434 0 0.640488 0.359512 
 ----> close 435 1 0.66013 0.33987 
 ----> close 436 0 0.641497 0.358503 
 ----> close 437 0 0.692081 0.307919 
 ----> close 438 0 0.700493 0.299507 
 ----> close 439 0 0.659841 0.340159 
 ----> close 440 0 0.702717 0.297283 
 ----> close 441 0 0.653311 0.346689 
 ----> close 442 0 0.697944 0.302056 
 ----> close 443 0 0.680844 0.319156 
 ----> close 444 0 0.718271 0.281729 
 ----> close 445 1 0.633953 0.366047 
 ----> close 446 0 0.715058 0.284942 
 ----> close 447 0 0.655155 0.344845 
 ----> close 448 0 0.732513 0.267487 
 ----> close 449 0 0.559864 0.440136 
 ----> close 450 0 0.740393 0.259607 
 ----> close 451 0 0.71216 0.28784 
 ----> close 452 0 0.737461 0.262539 
 ----> close 453 0 0.699155 0.300845 
 ----> close 454 1 0.690553 0.309447 
 ----> close 455 0 0.751976 0.248024 
 ----> close 456 0 0.735633 0.264367 
 ----> close 457 0 0.700939 0.299061 
 ----> close 458 1 0.623055 0.376945 
 ----> close 459 0 0.711865 0.288135 
 ----> close 460 0 0.618492 0.381508 
 ----> close 461 1 0.637877 0.362123 
 ----> close 462 0 0.586762 0.413238 
 ----> close 463 0 0.796478 0.203522 
 ----> close 464 0 0.72245 0.27755 
 ----> close 465 0 0.617497 0.382503 
 ----> close 466 0 0.609452 0.390548 
 ----> close 467 1 0.583704 0.416296 
 ----> close 468 0 0.712133 0.287867 
 ----> close 469 0 0.65714 0.34286 
 ----> close 470 1 0.667775 0.332225 
 ----> close 471 1 0.581747 0.418253 
 ----> close 472 0 0.750232 0.249768 
 ----> close 473 1 0.724697 0.275303 
 ----> close 474 0 0.646252 0.353748 
 ----> close 475 0 0.643533 0.356467 
 ----> close 476 0 0.712389 0.287611 
 ----> close 477 1 0.541855 0.458145 
 ----> close 478 0 0.774432 0.225568 
 ----> close 479 1 0.714613 0.285387 
 ----> close 480 0 0.671271 0.328729 
 ----> close 481 0 0.648372 0.351628 
 ----> close 482 0 0.691546 0.308454 
 ----> close 483 1 0.548313 0.451687 
 ----> close 484 0 0.742801 0.257199 
 ----> close 485 0 0.740282 0.259718 
 ----> close 486 0 0.695959 0.304041 
 ----> close 487 0 0.65626 0.34374 
 ----> close 488 1 0.683809 0.316191 
 ----> close 489 1 0.588762 0.411238 
 ----> close 490 0 0.68451 0.31549 
 ----> close 491 1 0.653071 0.346929 
 ----> close 492 0 0.689718 0.310282 
 ----> close 493 0 0.635976 0.364024 
 ----> close 494 0 0.734809 0.265191 
 ----> close 495 1 0.5341 0.4659 
 ----> close 496 0 0.761791 0.238209 
 ----> close 497 0 0.716141 0.283859 
 ----> close 498 0 0.707697 0.292303 
 ----> close 499 1 0.609885 0.390115 
 ----> close 500 1 0.64482 0.35518 
 ----> close 501 0 0.663586 0.336414 
 ----> close 502 0 0.673116 0.326884 
 ----> close 503 0 0.607507 0.392493 
 ----> close 504 0 0.662821 0.337179 
 ----> close 505 0 0.686499 0.313501 
 ----> close 506 0 0.666898 0.333102 
 ----> close 507 0 0.660461 0.339539 
 ----> close 508 1 0.58575 0.41425 
 ----> close 509 1 0.67978 0.32022 
 ----> close 510 0 0.620592 0.379408 
 ----> close 511 0 0.717627 0.282373 
 ----> close 512 0 0.59617 0.40383 
 ----> close 513 0 0.608258 0.391742 
 ----> close 514 1 0.67778 0.32222 
 ----> close 515 0 0.632663 0.367337 
 ----> close 516 0 0.714739 0.285261 
 ----> close 517 1 0.643744 0.356256 
 ----> close 518 0 0.63005 0.36995 
 ----> close 519 0 0.685511 0.314489 
 ----> close 520 1 0.688811 0.311189 
 ----> close 521 1 0.631713 0.368287 
 ----> close 522 0 0.697755 0.302245 
 ----> close 523 1 0.668871 0.331129 
 ----> close 524 0 0.667867 0.332133 
 ----> close 525 0 0.644316 0.355684 
 ----> close 526 0 0.720058 0.279942 
 ----> close 527 0 0.55337 0.44663 
 ----> close 528 0 0.768108 0.231892 
 ----> close 529 1 0.718996 0.281004 
 ----> close 530 0 0.727165 0.272835 
 ----> close 531 1 0.699464 0.300536 
 ----> close 532 0 0.703147 0.296853 
 ----> close 533 0 0.614774 0.385226 
 ----> close 534 0 0.715685 0.284315 
 ----> close 535 1 0.508617 0.491383 
 ----> close 536 0 0.739891 0.260109 
 ----> close 537 0 0.725489 0.274511 
 ----> close 538 0 0.68823 0.31177 
 ----> close 539 1 0.652964 0.347036 
 ----> close 540 0 0.725926 0.274074 
 ----> close 541 1 0.594775 0.405225 
 ----> close 542 0 0.692358 0.307642 
 ----> close 543 1 0.514995 0.485005 
 ----> close 544 0 0.699507 0.300493 
 ----> close 545 1 0.577178 0.422822 
 ----> close 546 0 0.674811 0.325189 
 ----> close 547 0 0.656273 0.343727 
 ----> close 548 1 0.612691 0.387309 
 ----> close 549 0 0.623994 0.376006 
 ----> close 550 0 0.713059 0.286941 
 ----> close 551 0 0.677269 0.322731 
 ----> close 552 1 0.612412 0.387588 
 ----> close 553 1 0.67955 0.32045 
 ----> close 554 1 0.599067 0.400933 
 ----> close 555 1 0.735758 0.264242 
 ----> close 556 0 0.595649 0.404351 
 ----> close 557 0 0.696974 0.303026 
 ----> close 558 0 0.63028 0.36972 
 ----> close 559 0 0.647112 0.352888 
 ----> close 560 0 0.654741 0.345259 
 ----> close 561 1 0.604467 0.395533 
 ----> close 562 0 0.694585 0.305415 
 ----> close 563 0 0.625756 0.374244 
 ----> close 564 0 0.728235 0.271765 
 ----> close 565 0 0.568131 0.431869 
 ----> close 566 0 0.732527 0.267473 
 ----> close 567 0 0.710403 0.289597 
 ----> close 568 0 0.745912 0.254088 
 ----> close 569 1 0.707962 0.292038 
 ----> close 570 0 0.708748 0.291252 
 ----> close 571 1 0.716757 0.283243 
 ----> close 572 0 0.743573 0.256427 
 ----> close 573 0 0.60202 0.39798 
 ----> close 574 0 0.681569 0.318431 
 ----> close 575 1 0.536802 0.463198 
 ----> close 576 0 0.743538 0.256462 
 ----> close 577 1 0.724622 0.275378 
 ----> close 578 0 0.732153 0.267847 
 ----> close 579 0 0.658199 0.341801 
 ----> close 580 1 0.703921 0.296079 
 ----> close 581 0 0.523771 0.476229 
 ----> close 582 0 0.711082 0.288918 
 ----> close 583 1 0.661472 0.338528 
 ----> close 584 0 0.625967 0.374033 
 ----> close 585 0 0.62936 0.37064 
 ----> close 586 0 0.689893 0.310107 
 ----> close 587 0 0.569937 0.430063 
 ----> close 588 0 0.654599 0.345401 
 ----> close 589 1 0.58206 0.41794 
 ----> close 590 0 0.745613 0.254387 
 ----> close 591 1 0.599356 0.400644 
 ----> close 592 1 0.675973 0.324027 
 ----> close 593 0 0.576042 0.423958 
 ----> close 594 0 0.708188 0.291812 
 ----> close 595 0 0.638463 0.361537 
 ----> close 596 0 0.651341 0.348659 
 ----> close 597 0 0.635024 0.364976 
 ----> close 598 0 0.697942 0.302058 
 ----> close 599 0 0.677197 0.322803 
 ----> close 600 0 0.675277 0.324723 
 ----> close 601 0 0.64729 0.35271 
 ----> close 602 1 0.63853 0.36147 
 ----> close 603 0 0.681515 0.318485 
 ----> close 604 0 0.686348 0.313652 
 ----> close 605 0 0.650016 0.349984 
 ----> close 606 0 0.640155 0.359845 
 ----> close 607 1 0.675344 0.324656 
 ----> close 608 0 0.679721 0.320279 
 ----> close 609 0 0.706976 0.293024 
 ----> close 610 0 0.728947 0.271053 
 ----> close 611 0 0.632893 0.367107 
 ----> close 612 0 0.710113 0.289887 
 ----> close 613 0 0.65308 0.34692 
 ----> close 614 0 0.693179 0.306821 
 ----> close 615 0 0.592043 0.407957 
 ----> close 616 0 0.707038 0.292962 
 ----> close 617 0 0.620396 0.379604 
 ----> close 618 0 0.67916 0.32084 
 ----> close 619 1 0.589914 0.410086 
 ----> close 620 1 0.606864 0.393136 
 ----> close 621 0 0.666288 0.333712 
 ----> close 622 0 0.766405 0.233595 
 ----> close 623 1 0.554187 0.445813 
 ----> close 624 0 0.733078 0.266922 
 ----> close 625 0 0.710683 0.289317 
 ----> close 626 0 0.720573 0.279427 
 ----> close 627 0 0.658392 0.341608 
 ----> close 628 1 0.680408 0.319592 
 ----> close 629 0 0.628704 0.371296 
 ----> close 630 0 0.717178 0.282822 
 ----> close 631 1 0.640762 0.359238 
 ----> close 632 1 0.627251 0.372749 
 ----> close 633 0 0.670136 0.329864 
 ----> close 634 1 0.648333 0.351667 
 ----> close 635 0 0.677448 0.322552 
 ----> close 636 1 0.625924 0.374076 
 ----> close 637 0 0.715555 0.284445 
 ----> close 638 0 0.551039 0.448961 
 ----> close 639 1 0.676745 0.323255 
 ----> close 640 0 0.606416 0.393584 
 ----> close 641 0 0.628872 0.371128 
 ----> close 642 0 0.735168 0.264832 
 ----> close 643 0 0.585855 0.414145 
 ----> close 644 0 0.731399 0.268601 
 ----> close 645 0 0.75753 0.24247 
 ----> close 646 1 0.70925 0.29075 
 ----> close 647 0 0.779892 0.220108 
 ----> close 648 0 0.749039 0.250961 
 ----> close 649 0 0.687826 0.312174 
 ----> close 650 0 0.703519 0.296481 
 ----> close 651 1 0.674012 0.325988 
 ----> close 652 0 0.667246 0.332754 
 ----> close 653 1 0.680205 0.319795 
 ----> close 654 0 0.68715 0.31285 
 ----> close 655 0 0.654839 0.345161 
 ----> close 656 0 0.69562 0.30438 
 ----> close 657 0 0.555875 0.444125 
 ----> close 658 0 0.725934 0.274066 
 ----> close 659 0 0.715243 0.284757 
 ----> close 660 0 0.727668 0.272332 
 ----> close 661 0 0.679267 0.320733 
 ----> close 662 0 0.752481 0.247519 
 ----> close 663 1 0.71028 0.28972 
 ----> close 664 1 0.718887 0.281113 
 ----> close 665 0 0.743824 0.256176 
 ----> close 666 0 0.661638 0.338362 
 ----> close 667 0 0.700703 0.299297 
 ----> close 668 0 0.646145 0.353855 
 ----> close 669 0 0.695122 0.304878 
 ----> close 670 0 0.681587 0.318413 
 ----> close 671 0 0.633001 0.366999 
 ----> close 672 0 0.647986 0.352014 
 ----> close 673 0 0.695578 0.304422 
 ----> close 674 1 0.627397 0.372603 
 ----> close 675 1 0.654283 0.345717 
 ----> close 676 0 0.646245 0.353755 
 ----> close 677 1 0.672299 0.327701 
 ----> close 678 1 0.618781 0.381219 
 ----> close 679 0 0.628766 0.371234 
 ----> close 680 1 0.643492 0.356508 
 ----> close 681 0 0.690888 0.309112 
 ----> close 682 0 0.643214 0.356786 
 ----> close 683 0 0.64004 0.35996 
 ----> close 684 0 0.623183 0.376817 
 ----> close 685 0 0.718196 0.281804 
 ----> close 686 0 0.635341 0.364659 
 ----> close 687 0 0.69005 0.30995 
 ----> close 688 0 0.622437 0.377563 
 ----> close 689 0 0.692466 0.307534 
 ----> close 690 1 0.636838 0.363162 
 ----> close 691 0 0.678688 0.321312 
 ----> close 692 0 0.65215 0.34785 
 ----> close 693 1 0.675835 0.324165 
 ----> close 694 0 0.567249 0.432751 
 ----> close 695 0 0.729165 0.270835 
 ----> close 696 0 0.728606 0.271394 
 ----> close 697 0 0.650936 0.349064 
 ----> close 698 1 0.537779 0.462221 
 ----> close 699 0 0.649579 0.350421 
 ----> close 700 1 0.681794 0.318206 
 ----> close 701 0 0.653728 0.346272 
 ----> close 702 0 0.649845 0.350155 
 ----> close 703 0 0.731707 0.268293 
 ----> close 704 0 0.571563 0.428437 
 ----> close 705 0 0.714102 0.285898 
 ----> close 706 0 0.735734 0.264266 
 ----> close 707 0 0.679041 0.320959 
 ----> close 708 0 0.762193 0.237807 
 ----> close 709 0 0.734653 0.265347 
 ----> close 710 0 0.748606 0.251394 
 ----> close 711 0 0.740493 0.259507 
 ----> close 712 0 0.756397 0.243603 
 ----> close 713 1 0.715091 0.284909 
 ----> close 714 1 0.729575 0.270425 
 ----> close 715 1 0.700668 0.299332 
 ----> close 716 1 0.679063 0.320937 
 ----> close 717 0 0.672376 0.327624 
 ----> close 718 0 0.646546 0.353454 
