 ----> close 1 1 0.607638 0.392362 
 ----> close 2 0 0.615317 0.384683 
 ----> close 3 1 0.655984 0.344016 
 ----> close 4 1 0.658731 0.341269 
 ----> close 5 1 0.678852 0.321148 
 ----> close 6 1 0.621823 0.378177 
 ----> close 7 0 0.606001 0.393999 
 ----> close 8 0 0.632975 0.367025 
 ----> close 9 0 0.630766 0.369234 
 ----> close 10 1 0.604788 0.395212 
 ----> close 11 1 0.626601 0.373399 
 ----> close 12 0 0.683698 0.316302 
 ----> close 13 0 0.651838 0.348162 
 ----> close 14 1 0.651662 0.348338 
 ----> close 15 1 0.64543 0.35457 
 ----> close 16 1 0.597012 0.402988 
 ----> close 17 1 0.618141 0.381859 
 ----> close 18 0 0.601722 0.398278 
 ----> close 19 0 0.613268 0.386732 
 ----> close 20 0 0.632362 0.367638 
 ----> close 21 1 0.633887 0.366113 
 ----> close 22 0 0.670196 0.329804 
 ----> close 23 0 0.662969 0.337031 
 ----> close 24 0 0.680075 0.319925 
 ----> close 25 0 0.644027 0.355973 
 ----> close 26 1 0.653534 0.346466 
 ----> close 27 1 0.658772 0.341228 
 ----> close 28 1 0.660586 0.339414 
 ----> close 29 0 0.645811 0.354189 
 ----> close 30 0 0.698515 0.301485 
 ----> close 31 0 0.686585 0.313415 
 ----> close 32 0 0.608137 0.391863 
 ----> close 33 0 0.670718 0.329282 
 ----> close 34 1 0.609954 0.390046 
 ----> close 35 1 0.656568 0.343432 
 ----> close 36 0 0.698757 0.301243 
 ----> close 37 0 0.668129 0.331871 
 ----> close 38 0 0.683747 0.316253 
 ----> close 39 0 0.611111 0.388889 
 ----> close 40 1 0.624983 0.375017 
 ----> close 41 1 0.598796 0.401204 
 ----> close 42 1 0.663377 0.336623 
 ----> close 43 0 0.641615 0.358385 
 ----> close 44 1 0.67049 0.32951 
 ----> close 45 1 0.60736 0.39264 
 ----> close 46 0 0.666478 0.333522 
 ----> close 47 1 0.667546 0.332454 
 ----> close 48 1 0.62832 0.37168 
 ----> close 49 1 0.642407 0.357593 
 ----> close 50 1 0.645958 0.354042 
 ----> close 51 0 0.627802 0.372198 
 ----> close 52 1 0.608125 0.391875 
 ----> close 53 0 0.653072 0.346928 
 ----> close 54 0 0.639508 0.360492 
 ----> close 55 0 0.668337 0.331663 
 ----> close 56 1 0.600299 0.399701 
 ----> close 57 1 0.651518 0.348482 
 ----> close 58 0 0.657149 0.342851 
 ----> close 59 1 0.658872 0.341128 
 ----> close 60 0 0.649044 0.350956 
 ----> close 61 0 0.683373 0.316627 
 ----> close 62 0 0.685328 0.314672 
 ----> close 63 1 0.611846 0.388154 
 ----> close 64 1 0.581091 0.418909 
 ----> close 65 0 0.683679 0.316321 
 ----> close 66 0 0.685975 0.314025 
 ----> close 67 1 0.610554 0.389446 
 ----> close 68 1 0.601396 0.398604 
 ----> close 69 0 0.680333 0.319667 
 ----> close 70 1 0.613051 0.386949 
 ----> close 71 1 0.633615 0.366385 
 ----> close 72 1 0.600952 0.399048 
 ----> close 73 0 0.66296 0.33704 
 ----> close 74 0 0.648034 0.351966 
 ----> close 75 0 0.645392 0.354608 
 ----> close 76 1 0.631251 0.368749 
 ----> close 77 0 0.689255 0.310745 
 ----> close 78 1 0.628294 0.371706 
 ----> close 79 0 0.653128 0.346872 
 ----> close 80 1 0.658607 0.341393 
 ----> close 81 1 0.66235 0.33765 
 ----> close 82 1 0.586358 0.413642 
 ----> close 83 1 0.625234 0.374766 
 ----> close 84 1 0.609193 0.390807 
 ----> close 85 0 0.689315 0.310685 
 ----> close 86 0 0.687125 0.312875 
 ----> close 87 1 0.682875 0.317125 
 ----> close 88 1 0.608912 0.391088 
 ----> close 89 1 0.663438 0.336562 
 ----> close 90 1 0.607483 0.392517 
 ----> close 91 1 0.649895 0.350105 
 ----> close 92 0 0.713335 0.286665 
 ----> close 93 0 0.754798 0.245202 
 ----> close 94 1 0.575994 0.424006 
 ----> close 95 0 0.649462 0.350538 
 ----> close 96 0 0.660949 0.339051 
 ----> close 97 1 0.652459 0.347541 
 ----> close 98 1 0.643507 0.356493 
 ----> close 99 1 0.6014 0.3986 
 ----> close 100 0 0.649566 0.350434 
 ----> close 101 1 0.614118 0.385882 
 ----> close 102 0 0.61307 0.38693 
 ----> close 103 0 0.670232 0.329768 
 ----> close 104 0 0.697621 0.302379 
 ----> close 105 1 0.663951 0.336049 
 ----> close 106 0 0.650938 0.349062 
 ----> close 107 0 0.639029 0.360971 
 ----> close 108 0 0.680369 0.319631 
 ----> close 109 0 0.666919 0.333081 
 ----> close 110 1 0.651456 0.348544 
 ----> close 111 0 0.692537 0.307463 
 ----> close 112 0 0.681437 0.318563 
 ----> close 113 1 0.627 0.373 
 ----> close 114 1 0.650004 0.349996 
 ----> close 115 0 0.630543 0.369457 
 ----> close 116 0 0.629889 0.370111 
 ----> close 117 1 0.660782 0.339218 
 ----> close 118 1 0.687221 0.312779 
 ----> close 119 1 0.5987 0.4013 
 ----> close 120 0 0.653411 0.346589 
 ----> close 121 0 0.689203 0.310797 
 ----> close 122 1 0.605813 0.394187 
 ----> close 123 1 0.653824 0.346176 
 ----> close 124 0 0.657943 0.342057 
 ----> close 125 1 0.624787 0.375213 
 ----> close 126 0 0.704432 0.295568 
 ----> close 127 0 0.678723 0.321277 
 ----> close 128 0 0.65322 0.34678 
 ----> close 129 1 0.602516 0.397484 
 ----> close 130 0 0.666128 0.333872 
 ----> close 131 0 0.666276 0.333724 
 ----> close 132 0 0.648876 0.351124 
 ----> close 133 1 0.615322 0.384678 
 ----> close 134 1 0.644542 0.355458 
 ----> close 135 1 0.545411 0.454589 
 ----> close 136 0 0.62739 0.37261 
 ----> close 137 1 0.645379 0.354621 
 ----> close 138 0 0.658891 0.341109 
 ----> close 139 0 0.593762 0.406238 
 ----> close 140 1 0.597356 0.402644 
 ----> close 141 1 0.609195 0.390805 
 ----> close 142 1 0.632229 0.367771 
 ----> close 143 0 0.650818 0.349182 
 ----> close 144 1 0.602876 0.397124 
 ----> close 145 0 0.694839 0.305161 
 ----> close 146 0 0.70922 0.29078 
 ----> close 147 0 0.563329 0.436671 
 ----> close 148 0 0.669444 0.330556 
 ----> close 149 1 0.656199 0.343801 
 ----> close 150 1 0.628288 0.371712 
 ----> close 151 1 0.684054 0.315946 
 ----> close 152 0 0.658806 0.341194 
 ----> close 153 0 0.70922 0.29078 
 ----> close 154 0 0.654288 0.345712 
 ----> close 155 1 0.676948 0.323052 
 ----> close 156 1 0.616189 0.383811 
 ----> close 157 1 0.640822 0.359178 
 ----> close 158 0 0.706913 0.293087 
 ----> close 159 1 0.666375 0.333625 
 ----> close 160 0 0.67641 0.32359 
 ----> close 161 0 0.67178 0.32822 
 ----> close 162 1 0.652864 0.347136 
 ----> close 163 1 0.621138 0.378862 
 ----> close 164 1 0.589617 0.410383 
 ----> close 165 1 0.648316 0.351684 
 ----> close 166 0 0.654587 0.345413 
 ----> close 167 1 0.614646 0.385354 
 ----> close 168 0 0.683894 0.316106 
 ----> close 169 0 0.662454 0.337546 
 ----> close 170 1 0.632577 0.367423 
 ----> close 171 1 0.636743 0.363257 
 ----> close 172 0 0.637773 0.362227 
 ----> close 173 1 0.646115 0.353885 
 ----> close 174 0 0.672698 0.327302 
 ----> close 175 1 0.591943 0.408057 
 ----> close 176 0 0.662879 0.337121 
 ----> close 177 0 0.652585 0.347415 
 ----> close 178 1 0.63019 0.36981 
 ----> close 179 0 0.634034 0.365966 
 ----> close 180 0 0.649674 0.350326 
 ----> close 181 0 0.699603 0.300397 
 ----> close 182 0 0.683048 0.316952 
 ----> close 183 1 0.634841 0.365159 
 ----> close 184 1 0.650039 0.349961 
 ----> close 185 1 0.661335 0.338665 
 ----> close 186 0 0.696495 0.303505 
 ----> close 187 0 0.685961 0.314039 
 ----> close 188 1 0.625387 0.374613 
 ----> close 189 1 0.656572 0.343428 
 ----> close 190 0 0.644797 0.355203 
 ----> close 191 0 0.681114 0.318886 
 ----> close 192 1 0.634913 0.365087 
 ----> close 193 0 0.691504 0.308496 
 ----> close 194 0 0.665551 0.334449 
 ----> close 195 0 0.667832 0.332168 
 ----> close 196 1 0.608862 0.391138 
 ----> close 197 0 0.662418 0.337582 
 ----> close 198 0 0.639342 0.360658 
 ----> close 199 0 0.667149 0.332851 
 ----> close 200 0 0.650956 0.349044 
 ----> close 201 0 0.67668 0.32332 
 ----> close 202 0 0.65502 0.34498 
 ----> close 203 1 0.639666 0.360334 
 ----> close 204 1 0.620296 0.379704 
 ----> close 205 0 0.679395 0.320605 
 ----> close 206 1 0.621849 0.378151 
 ----> close 207 1 0.628467 0.371533 
 ----> close 208 0 0.672113 0.327887 
 ----> close 209 0 0.673799 0.326201 
 ----> close 210 0 0.676667 0.323333 
 ----> close 211 0 0.650014 0.349986 
 ----> close 212 0 0.58976 0.41024 
 ----> close 213 1 0.599174 0.400826 
 ----> close 214 0 0.639316 0.360684 
 ----> close 215 1 0.623865 0.376135 
 ----> close 216 0 0.680691 0.319309 
 ----> close 217 1 0.575391 0.424609 
 ----> close 218 0 0.635988 0.364012 
 ----> close 219 0 0.715712 0.284288 
 ----> close 220 0 0.681285 0.318715 
 ----> close 221 0 0.648901 0.351099 
 ----> close 222 1 0.647206 0.352794 
 ----> close 223 1 0.624749 0.375251 
 ----> close 224 0 0.615391 0.384609 
 ----> close 225 1 0.520572 0.479428 
 ----> close 226 1 0.546879 0.453121 
 ----> close 227 0 0.698778 0.301222 
 ----> close 228 0 0.699309 0.300691 
 ----> close 229 0 0.695087 0.304913 
 ----> close 230 0 0.587654 0.412346 
 ----> close 231 0 0.676567 0.323433 
 ----> close 232 1 0.624819 0.375181 
 ----> close 233 0 0.700501 0.299499 
 ----> close 234 0 0.638718 0.361282 
 ----> close 235 0 0.669567 0.330433 
 ----> close 236 1 0.643239 0.356761 
 ----> close 237 0 0.689938 0.310062 
 ----> close 238 0 0.633615 0.366385 
 ----> close 239 0 0.66835 0.33165 
 ----> close 240 1 0.576323 0.423677 
 ----> close 241 0 0.688378 0.311622 
 ----> close 242 1 0.633586 0.366414 
 ----> close 243 0 0.686349 0.313651 
 ----> close 244 1 0.598612 0.401388 
 ----> close 245 1 0.655136 0.344864 
 ----> close 246 0 0.668139 0.331861 
 ----> close 247 0 0.663509 0.336491 
 ----> close 248 1 0.630963 0.369037 
 ----> close 249 1 0.652445 0.347555 
 ----> close 250 0 0.641051 0.358949 
 ----> close 251 0 0.693329 0.306671 
 ----> close 252 0 0.640803 0.359197 
 ----> close 253 1 0.663549 0.336451 
 ----> close 254 0 0.685111 0.314889 
 ----> close 255 1 0.672229 0.327771 
 ----> close 256 0 0.646616 0.353384 
 ----> close 257 0 0.684187 0.315813 
 ----> close 258 0 0.605308 0.394692 
 ----> close 259 0 0.66016 0.33984 
 ----> close 260 1 0.662451 0.337549 
 ----> close 261 1 0.68309 0.31691 
 ----> close 262 0 0.6464 0.3536 
 ----> close 263 1 0.539032 0.460968 
 ----> close 264 1 0.564558 0.435442 
 ----> close 265 1 0.620886 0.379114 
 ----> close 266 0 0.66904 0.33096 
 ----> close 267 0 0.626412 0.373588 
 ----> close 268 1 0.632138 0.367862 
 ----> close 269 0 0.663612 0.336388 
 ----> close 270 1 0.652973 0.347027 
 ----> close 271 1 0.626265 0.373735 
 ----> close 272 0 0.684322 0.315678 
 ----> close 273 0 0.668901 0.331099 
 ----> close 274 1 0.619381 0.380619 
 ----> close 275 1 0.616713 0.383287 
 ----> close 276 0 0.620679 0.379321 
 ----> close 277 0 0.689188 0.310812 
 ----> close 278 0 0.625465 0.374535 
 ----> close 279 1 0.64731 0.35269 
 ----> close 280 1 0.636283 0.363717 
 ----> close 281 0 0.703658 0.296342 
 ----> close 282 1 0.595969 0.404031 
 ----> close 283 1 0.674027 0.325973 
 ----> close 284 1 0.662384 0.337616 
 ----> close 285 0 0.670078 0.329922 
 ----> close 286 0 0.692354 0.307646 
 ----> close 287 0 0.623762 0.376238 
 ----> close 288 1 0.640138 0.359862 
 ----> close 289 0 0.673117 0.326883 
 ----> close 290 0 0.667539 0.332461 
 ----> close 291 1 0.65484 0.34516 
 ----> close 292 0 0.633551 0.366449 
 ----> close 293 1 0.610038 0.389962 
 ----> close 294 1 0.564853 0.435147 
 ----> close 295 0 0.673784 0.326216 
 ----> close 296 0 0.634785 0.365215 
 ----> close 297 0 0.669299 0.330701 
 ----> close 298 1 0.614675 0.385325 
 ----> close 299 0 0.67707 0.32293 
 ----> close 300 0 0.681985 0.318015 
 ----> close 301 0 0.660303 0.339697 
 ----> close 302 0 0.622006 0.377994 
 ----> close 303 0 0.656429 0.343571 
 ----> close 304 0 0.648201 0.351799 
 ----> close 305 0 0.649367 0.350633 
 ----> close 306 0 0.647079 0.352921 
 ----> close 307 1 0.644971 0.355029 
 ----> close 308 0 0.71975 0.28025 
 ----> close 309 1 0.626878 0.373122 
 ----> close 310 0 0.626551 0.373449 
 ----> close 311 0 0.680254 0.319746 
 ----> close 312 0 0.673621 0.326379 
 ----> close 313 1 0.627818 0.372182 
 ----> close 314 0 0.695351 0.304649 
 ----> close 315 0 0.679399 0.320601 
 ----> close 316 0 0.629949 0.370051 
 ----> close 317 0 0.656926 0.343074 
 ----> close 318 0 0.635604 0.364396 
 ----> close 319 0 0.687286 0.312714 
 ----> close 320 0 0.649579 0.350421 
 ----> close 321 1 0.638538 0.361462 
 ----> close 322 1 0.637725 0.362275 
 ----> close 323 0 0.631381 0.368619 
 ----> close 324 0 0.704571 0.295429 
 ----> close 325 0 0.704406 0.295594 
 ----> close 326 1 0.581681 0.418319 
 ----> close 327 1 0.647579 0.352421 
 ----> close 328 0 0.673549 0.326451 
 ----> close 329 0 0.68601 0.31399 
 ----> close 330 0 0.702967 0.297033 
 ----> close 331 0 0.67833 0.32167 
 ----> close 332 0 0.622796 0.377204 
 ----> close 333 1 0.58969 0.41031 
 ----> close 334 1 0.616063 0.383937 
 ----> close 335 0 0.682605 0.317395 
 ----> close 336 1 0.643199 0.356801 
 ----> close 337 1 0.682386 0.317614 
 ----> close 338 1 0.61158 0.38842 
 ----> close 339 0 0.647391 0.352609 
 ----> close 340 0 0.655795 0.344205 
 ----> close 341 1 0.629976 0.370024 
 ----> close 342 1 0.647078 0.352922 
 ----> close 343 0 0.708183 0.291817 
 ----> close 344 0 0.660582 0.339418 
 ----> close 345 0 0.70941 0.29059 
 ----> close 346 0 0.693803 0.306197 
 ----> close 347 1 0.621852 0.378148 
 ----> close 348 0 0.658415 0.341585 
 ----> close 349 0 0.676334 0.323666 
 ----> close 350 1 0.604613 0.395387 
 ----> close 351 0 0.662486 0.337514 
 ----> close 352 0 0.690292 0.309708 
 ----> close 353 0 0.711743 0.288257 
 ----> close 354 0 0.694433 0.305567 
 ----> close 355 0 0.69936 0.30064 
 ----> close 356 0 0.666827 0.333173 
 ----> close 357 1 0.656586 0.343414 
 ----> close 358 0 0.726928 0.273072 
 ----> close 359 0 0.664164 0.335836 
 ----> close 360 0 0.681003 0.318997 
 ----> close 361 0 0.639755 0.360245 
 ----> close 362 1 0.665876 0.334124 
 ----> close 363 0 0.645472 0.354528 
 ----> close 364 0 0.675122 0.324878 
 ----> close 365 0 0.658804 0.341196 
 ----> close 366 1 0.665289 0.334711 
 ----> close 367 0 0.695591 0.304409 
 ----> close 368 0 0.687518 0.312482 
 ----> close 369 0 0.696876 0.303124 
 ----> close 370 1 0.627162 0.372838 
 ----> close 371 0 0.659154 0.340846 
 ----> close 372 0 0.709876 0.290124 
 ----> close 373 0 0.652679 0.347321 
 ----> close 374 0 0.706271 0.293729 
 ----> close 375 1 0.649312 0.350688 
 ----> close 376 0 0.647347 0.352653 
 ----> close 377 0 0.666774 0.333226 
 ----> close 378 1 0.664402 0.335598 
 ----> close 379 0 0.670706 0.329294 
 ----> close 380 0 0.659591 0.340409 
 ----> close 381 0 0.677268 0.322732 
 ----> close 382 0 0.674268 0.325732 
 ----> close 383 0 0.639003 0.360997 
 ----> close 384 0 0.602058 0.397942 
 ----> close 385 1 0.668926 0.331074 
 ----> close 386 0 0.69883 0.30117 
 ----> close 387 1 0.646482 0.353518 
 ----> close 388 1 0.646106 0.353894 
 ----> close 389 0 0.653603 0.346397 
 ----> close 390 0 0.727626 0.272374 
 ----> close 391 0 0.668059 0.331941 
 ----> close 392 1 0.624564 0.375436 
 ----> close 393 1 0.639739 0.360261 
 ----> close 394 0 0.708362 0.291638 
 ----> close 395 0 0.69468 0.30532 
 ----> close 396 0 0.712865 0.287135 
 ----> close 397 0 0.659752 0.340248 
 ----> close 398 1 0.629112 0.370888 
 ----> close 399 1 0.555451 0.444549 
 ----> close 400 1 0.606773 0.393227 
 ----> close 401 0 0.682692 0.317308 
 ----> close 402 0 0.683406 0.316594 
 ----> close 403 0 0.720984 0.279016 
 ----> close 404 0 0.740864 0.259136 
 ----> close 405 0 0.695086 0.304914 
 ----> close 406 1 0.655112 0.344888 
 ----> close 407 1 0.610683 0.389317 
 ----> close 408 0 0.710355 0.289645 
 ----> close 409 1 0.60742 0.39258 
 ----> close 410 0 0.697275 0.302725 
 ----> close 411 0 0.631309 0.368691 
 ----> close 412 0 0.692067 0.307933 
 ----> close 413 1 0.624462 0.375538 
 ----> close 414 0 0.714555 0.285445 
 ----> close 415 1 0.621574 0.378426 
 ----> close 416 0 0.668701 0.331299 
 ----> close 417 0 0.679889 0.320111 
 ----> close 418 1 0.617404 0.382596 
 ----> close 419 0 0.631923 0.368077 
 ----> close 420 0 0.599803 0.400197 
 ----> close 421 0 0.648525 0.351475 
 ----> close 422 0 0.705684 0.294316 
 ----> close 423 0 0.653143 0.346857 
 ----> close 424 0 0.656707 0.343293 
 ----> close 425 0 0.701975 0.298025 
 ----> close 426 1 0.646105 0.353895 
 ----> close 427 0 0.690802 0.309198 
 ----> close 428 0 0.632377 0.367623 
 ----> close 429 0 0.696116 0.303884 
 ----> close 430 0 0.682093 0.317907 
 ----> close 431 0 0.667882 0.332118 
 ----> close 432 0 0.636179 0.363821 
 ----> close 433 0 0.627931 0.372069 
 ----> close 434 0 0.680569 0.319431 
 ----> close 435 1 0.656191 0.343809 
 ----> close 436 0 0.657914 0.342086 
 ----> close 437 0 0.666043 0.333957 
 ----> close 438 0 0.648271 0.351729 
 ----> close 439 0 0.680288 0.319712 
 ----> close 440 0 0.67414 0.32586 
 ----> close 441 0 0.715717 0.284283 
 ----> close 442 0 0.710939 0.289061 
 ----> close 443 0 0.666531 0.333469 
 ----> close 444 0 0.655048 0.344952 
 ----> close 445 1 0.64117 0.35883 
 ----> close 446 0 0.68937 0.31063 
 ----> close 447 0 0.712901 0.287099 
 ----> close 448 0 0.672387 0.327613 
 ----> close 449 0 0.643326 0.356674 
 ----> close 450 0 0.692451 0.307549 
 ----> close 451 0 0.655411 0.344589 
 ----> close 452 0 0.699671 0.300329 
 ----> close 453 0 0.657821 0.342179 
 ----> close 454 1 0.63656 0.36344 
 ----> close 455 0 0.686283 0.313717 
 ----> close 456 0 0.662653 0.337347 
 ----> close 457 0 0.682677 0.317323 
 ----> close 458 1 0.639274 0.360726 
 ----> close 459 0 0.64954 0.35046 
 ----> close 460 0 0.692912 0.307088 
 ----> close 461 1 0.661289 0.338711 
 ----> close 462 0 0.6514 0.3486 
 ----> close 463 0 0.681217 0.318783 
 ----> close 464 0 0.687126 0.312874 
 ----> close 465 0 0.66606 0.33394 
 ----> close 466 0 0.656803 0.343197 
 ----> close 467 1 0.694583 0.305417 
 ----> close 468 0 0.714536 0.285464 
 ----> close 469 0 0.728209 0.271791 
 ----> close 470 1 0.656227 0.343773 
 ----> close 471 1 0.645565 0.354435 
 ----> close 472 0 0.680166 0.319834 
 ----> close 473 1 0.676812 0.323188 
 ----> close 474 0 0.668161 0.331839 
 ----> close 475 0 0.715962 0.284038 
 ----> close 476 0 0.677489 0.322511 
 ----> close 477 1 0.632979 0.367021 
 ----> close 478 0 0.631002 0.368998 
 ----> close 479 1 0.643642 0.356358 
 ----> close 480 0 0.692559 0.307441 
 ----> close 481 0 0.688847 0.311153 
 ----> close 482 0 0.678497 0.321503 
 ----> close 483 1 0.649636 0.350364 
 ----> close 484 0 0.671548 0.328452 
 ----> close 485 0 0.694252 0.305748 
 ----> close 486 0 0.65965 0.34035 
 ----> close 487 0 0.670965 0.329035 
 ----> close 488 1 0.656387 0.343613 
 ----> close 489 1 0.673043 0.326957 
 ----> close 490 0 0.663087 0.336913 
 ----> close 491 1 0.628597 0.371403 
 ----> close 492 0 0.644544 0.355456 
 ----> close 493 0 0.670123 0.329877 
 ----> close 494 0 0.650489 0.349511 
 ----> close 495 1 0.634785 0.365215 
 ----> close 496 0 0.681311 0.318689 
 ----> close 497 0 0.670161 0.329839 
 ----> close 498 0 0.641732 0.358268 
 ----> close 499 1 0.668007 0.331993 
 ----> close 500 1 0.621631 0.378369 
 ----> close 501 0 0.679816 0.320184 
 ----> close 502 0 0.620436 0.379564 
 ----> close 503 0 0.656526 0.343474 
 ----> close 504 0 0.644465 0.355535 
 ----> close 505 0 0.607362 0.392638 
 ----> close 506 0 0.637711 0.362289 
 ----> close 507 0 0.68202 0.31798 
 ----> close 508 1 0.595393 0.404607 
 ----> close 509 1 0.594482 0.405518 
 ----> close 510 0 0.658537 0.341463 
 ----> close 511 0 0.676663 0.323337 
 ----> close 512 0 0.654031 0.345969 
 ----> close 513 0 0.660341 0.339659 
 ----> close 514 1 0.718832 0.281168 
 ----> close 515 0 0.705547 0.294453 
 ----> close 516 0 0.674152 0.325848 
 ----> close 517 1 0.594791 0.405209 
 ----> close 518 0 0.704265 0.295735 
 ----> close 519 0 0.738378 0.261622 
 ----> close 520 1 0.646568 0.353432 
 ----> close 521 1 0.675872 0.324128 
 ----> close 522 0 0.670763 0.329237 
 ----> close 523 1 0.645893 0.354107 
 ----> close 524 0 0.644768 0.355232 
 ----> close 525 0 0.6908 0.3092 
 ----> close 526 0 0.669441 0.330559 
 ----> close 527 0 0.62482 0.37518 
 ----> close 528 0 0.655653 0.344347 
 ----> close 529 1 0.66832 0.33168 
 ----> close 530 0 0.649808 0.350192 
 ----> close 531 1 0.630232 0.369768 
 ----> close 532 0 0.662357 0.337643 
 ----> close 533 0 0.675612 0.324388 
 ----> close 534 0 0.64505 0.35495 
 ----> close 535 1 0.618572 0.381428 
 ----> close 536 0 0.632446 0.367554 
 ----> close 537 0 0.667536 0.332464 
 ----> close 538 0 0.687322 0.312678 
 ----> close 539 1 0.599544 0.400456 
 ----> close 540 0 0.742624 0.257376 
 ----> close 541 1 0.610119 0.389881 
 ----> close 542 0 0.709188 0.290812 
 ----> close 543 1 0.671086 0.328914 
 ----> close 544 0 0.63942 0.36058 
 ----> close 545 1 0.573436 0.426564 
 ----> close 546 0 0.697598 0.302402 
 ----> close 547 0 0.655308 0.344692 
 ----> close 548 1 0.669939 0.330061 
 ----> close 549 0 0.704704 0.295296 
 ----> close 550 0 0.628992 0.371008 
 ----> close 551 0 0.647921 0.352079 
 ----> close 552 1 0.619039 0.380961 
 ----> close 553 1 0.577468 0.422532 
 ----> close 554 1 0.581096 0.418904 
 ----> close 555 1 0.627876 0.372124 
 ----> close 556 0 0.723653 0.276347 
 ----> close 557 0 0.628757 0.371243 
 ----> close 558 0 0.634994 0.365006 
 ----> close 559 0 0.677862 0.322138 
 ----> close 560 0 0.650275 0.349725 
 ----> close 561 1 0.566743 0.433257 
 ----> close 562 0 0.643223 0.356777 
 ----> close 563 0 0.692054 0.307946 
 ----> close 564 0 0.628183 0.371817 
 ----> close 565 0 0.679821 0.320179 
 ----> close 566 0 0.655799 0.344201 
 ----> close 567 0 0.682562 0.317438 
 ----> close 568 0 0.663011 0.336989 
 ----> close 569 1 0.661154 0.338846 
 ----> close 570 0 0.688935 0.311065 
 ----> close 571 1 0.671952 0.328048 
 ----> close 572 0 0.634324 0.365676 
 ----> close 573 0 0.641836 0.358164 
 ----> close 574 0 0.737842 0.262158 
 ----> close 575 1 0.670286 0.329714 
 ----> close 576 0 0.679171 0.320829 
 ----> close 577 1 0.619941 0.380059 
 ----> close 578 0 0.651801 0.348199 
 ----> close 579 0 0.637163 0.362837 
 ----> close 580 1 0.591692 0.408308 
 ----> close 581 0 0.588536 0.411464 
 ----> close 582 0 0.687706 0.312294 
 ----> close 583 1 0.626243 0.373757 
 ----> close 584 0 0.638625 0.361375 
 ----> close 585 0 0.641016 0.358984 
 ----> close 586 0 0.679154 0.320846 
 ----> close 587 0 0.679062 0.320938 
 ----> close 588 0 0.647498 0.352502 
 ----> close 589 1 0.666442 0.333558 
 ----> close 590 0 0.676711 0.323289 
 ----> close 591 1 0.683487 0.316513 
 ----> close 592 1 0.663694 0.336306 
 ----> close 593 0 0.655092 0.344908 
 ----> close 594 0 0.715859 0.284141 
 ----> close 595 0 0.644019 0.355981 
 ----> close 596 0 0.636283 0.363717 
 ----> close 597 0 0.711498 0.288502 
 ----> close 598 0 0.717725 0.282275 
 ----> close 599 0 0.761347 0.238653 
 ----> close 600 0 0.688795 0.311205 
 ----> close 601 0 0.638791 0.361209 
 ----> close 602 1 0.640187 0.359813 
 ----> close 603 0 0.615082 0.384918 
 ----> close 604 0 0.701671 0.298329 
 ----> close 605 0 0.640233 0.359767 
 ----> close 606 0 0.749106 0.250894 
 ----> close 607 1 0.535349 0.464651 
 ----> close 608 0 0.686042 0.313958 
 ----> close 609 0 0.633106 0.366894 
 ----> close 610 0 0.655518 0.344482 
 ----> close 611 0 0.646111 0.353889 
 ----> close 612 0 0.647882 0.352118 
 ----> close 613 0 0.681311 0.318689 
 ----> close 614 0 0.678011 0.321989 
 ----> close 615 0 0.702404 0.297596 
 ----> close 616 0 0.686437 0.313563 
 ----> close 617 0 0.718843 0.281157 
 ----> close 618 0 0.68011 0.31989 
 ----> close 619 1 0.654487 0.345513 
 ----> close 620 1 0.637495 0.362505 
 ----> close 621 0 0.722953 0.277047 
 ----> close 622 0 0.687431 0.312569 
 ----> close 623 1 0.638475 0.361525 
 ----> close 624 0 0.698582 0.301418 
 ----> close 625 0 0.676583 0.323417 
 ----> close 626 0 0.698294 0.301706 
 ----> close 627 0 0.702973 0.297027 
 ----> close 628 1 0.625416 0.374584 
 ----> close 629 0 0.749022 0.250978 
 ----> close 630 0 0.664484 0.335516 
 ----> close 631 1 0.565295 0.434705 
 ----> close 632 1 0.665001 0.334999 
 ----> close 633 0 0.666762 0.333238 
 ----> close 634 1 0.645169 0.354831 
 ----> close 635 0 0.705306 0.294694 
 ----> close 636 1 0.643274 0.356726 
 ----> close 637 0 0.665351 0.334649 
 ----> close 638 0 0.69697 0.30303 
 ----> close 639 1 0.59041 0.40959 
 ----> close 640 0 0.643811 0.356189 
 ----> close 641 0 0.72491 0.27509 
 ----> close 642 0 0.659309 0.340691 
 ----> close 643 0 0.707592 0.292408 
 ----> close 644 0 0.62785 0.37215 
 ----> close 645 0 0.643236 0.356764 
 ----> close 646 1 0.542161 0.457839 
 ----> close 647 0 0.719597 0.280403 
 ----> close 648 0 0.647353 0.352647 
 ----> close 649 0 0.761113 0.238887 
 ----> close 650 0 0.665725 0.334275 
 ----> close 651 1 0.61009 0.38991 
 ----> close 652 0 0.689259 0.310741 
 ----> close 653 1 0.646055 0.353945 
 ----> close 654 0 0.701027 0.298973 
 ----> close 655 0 0.703123 0.296877 
 ----> close 656 0 0.702992 0.297008 
 ----> close 657 0 0.667682 0.332318 
 ----> close 658 0 0.702245 0.297755 
 ----> close 659 0 0.722894 0.277106 
 ----> close 660 0 0.69442 0.30558 
 ----> close 661 0 0.67803 0.32197 
 ----> close 662 0 0.65563 0.34437 
 ----> close 663 1 0.660633 0.339367 
 ----> close 664 1 0.702731 0.297269 
 ----> close 665 0 0.70142 0.29858 
 ----> close 666 0 0.702975 0.297025 
 ----> close 667 0 0.711775 0.288225 
 ----> close 668 0 0.670412 0.329588 
 ----> close 669 0 0.692694 0.307306 
 ----> close 670 0 0.682204 0.317796 
 ----> close 671 0 0.676711 0.323289 
 ----> close 672 0 0.703421 0.296579 
 ----> close 673 0 0.70041 0.29959 
 ----> close 674 1 0.642253 0.357747 
 ----> close 675 1 0.628987 0.371013 
 ----> close 676 0 0.683417 0.316583 
 ----> close 677 1 0.608553 0.391447 
 ----> close 678 1 0.667817 0.332183 
 ----> close 679 0 0.666983 0.333017 
 ----> close 680 1 0.64447 0.35553 
 ----> close 681 0 0.681486 0.318514 
 ----> close 682 0 0.694785 0.305215 
 ----> close 683 0 0.706393 0.293607 
 ----> close 684 0 0.658353 0.341647 
 ----> close 685 0 0.709522 0.290478 
 ----> close 686 0 0.684513 0.315487 
 ----> close 687 0 0.685035 0.314965 
 ----> close 688 0 0.635943 0.364057 
 ----> close 689 0 0.676225 0.323775 
 ----> close 690 1 0.665401 0.334599 
 ----> close 691 0 0.675111 0.324889 
 ----> close 692 0 0.686411 0.313589 
 ----> close 693 1 0.657913 0.342087 
 ----> close 694 0 0.714731 0.285269 
 ----> close 695 0 0.669611 0.330389 
 ----> close 696 0 0.667827 0.332173 
 ----> close 697 0 0.693771 0.306229 
 ----> close 698 1 0.714509 0.285491 
 ----> close 699 0 0.719654 0.280346 
 ----> close 700 1 0.668523 0.331477 
 ----> close 701 0 0.710239 0.289761 
 ----> close 702 0 0.740337 0.259663 
 ----> close 703 0 0.674639 0.325361 
 ----> close 704 0 0.671115 0.328885 
 ----> close 705 0 0.684409 0.315591 
 ----> close 706 0 0.695398 0.304602 
 ----> close 707 0 0.723672 0.276328 
 ----> close 708 0 0.725045 0.274955 
 ----> close 709 0 0.654656 0.345344 
 ----> close 710 0 0.693981 0.306019 
 ----> close 711 0 0.675425 0.324575 
 ----> close 712 0 0.696854 0.303146 
 ----> close 713 1 0.661415 0.338585 
 ----> close 714 1 0.662788 0.337212 
 ----> close 715 1 0.673056 0.326944 
 ----> close 716 1 0.639825 0.360175 
 ----> close 717 0 0.699675 0.300325 
 ----> close 718 0 0.713745 0.286255 
