 ----> close 1 1 0.697293 0.302707 
 ----> close 2 0 0.640642 0.359358 
 ----> close 3 1 0.659281 0.340719 
 ----> close 4 1 0.620096 0.379904 
 ----> close 5 1 0.664436 0.335564 
 ----> close 6 1 0.703119 0.296881 
 ----> close 7 0 0.684991 0.315009 
 ----> close 8 0 0.634287 0.365713 
 ----> close 9 0 0.66498 0.33502 
 ----> close 10 1 0.640141 0.359859 
 ----> close 11 1 0.629096 0.370904 
 ----> close 12 0 0.631094 0.368906 
 ----> close 13 0 0.642633 0.357367 
 ----> close 14 1 0.610666 0.389334 
 ----> close 15 1 0.624863 0.375137 
 ----> close 16 1 0.664253 0.335747 
 ----> close 17 1 0.637256 0.362744 
 ----> close 18 0 0.664799 0.335201 
 ----> close 19 0 0.612087 0.387913 
 ----> close 20 0 0.623089 0.376911 
 ----> close 21 1 0.656055 0.343945 
 ----> close 22 0 0.627699 0.372301 
 ----> close 23 0 0.653629 0.346371 
 ----> close 24 0 0.61399 0.38601 
 ----> close 25 0 0.626675 0.373325 
 ----> close 26 1 0.631187 0.368813 
 ----> close 27 1 0.626363 0.373637 
 ----> close 28 1 0.621106 0.378894 
 ----> close 29 0 0.659714 0.340286 
 ----> close 30 0 0.63546 0.36454 
 ----> close 31 0 0.618758 0.381242 
 ----> close 32 0 0.672209 0.327791 
 ----> close 33 0 0.664825 0.335175 
 ----> close 34 1 0.607502 0.392498 
 ----> close 35 1 0.667696 0.332304 
 ----> close 36 0 0.688794 0.311206 
 ----> close 37 0 0.694263 0.305737 
 ----> close 38 0 0.601705 0.398295 
 ----> close 39 0 0.663046 0.336954 
 ----> close 40 1 0.667252 0.332748 
 ----> close 41 1 0.635959 0.364041 
 ----> close 42 1 0.6464 0.3536 
 ----> close 43 0 0.675079 0.324921 
 ----> close 44 1 0.622476 0.377524 
 ----> close 45 1 0.637549 0.362451 
 ----> close 46 0 0.671825 0.328175 
 ----> close 47 1 0.644098 0.355902 
 ----> close 48 1 0.658733 0.341267 
 ----> close 49 1 0.660432 0.339568 
 ----> close 50 1 0.650814 0.349186 
 ----> close 51 0 0.668238 0.331762 
 ----> close 52 1 0.655331 0.344669 
 ----> close 53 0 0.660918 0.339082 
 ----> close 54 0 0.661548 0.338452 
 ----> close 55 0 0.659619 0.340381 
 ----> close 56 1 0.58414 0.41586 
 ----> close 57 1 0.640106 0.359894 
 ----> close 58 0 0.663877 0.336123 
 ----> close 59 1 0.633544 0.366456 
 ----> close 60 0 0.663882 0.336118 
 ----> close 61 0 0.660614 0.339386 
 ----> close 62 0 0.701228 0.298772 
 ----> close 63 1 0.626831 0.373169 
 ----> close 64 1 0.602855 0.397145 
 ----> close 65 0 0.635946 0.364054 
 ----> close 66 0 0.644868 0.355132 
 ----> close 67 1 0.655307 0.344693 
 ----> close 68 1 0.682221 0.317779 
 ----> close 69 0 0.635801 0.364199 
 ----> close 70 1 0.644786 0.355214 
 ----> close 71 1 0.657273 0.342727 
 ----> close 72 1 0.656843 0.343157 
 ----> close 73 0 0.666578 0.333422 
 ----> close 74 0 0.663197 0.336803 
 ----> close 75 0 0.658984 0.341016 
 ----> close 76 1 0.641183 0.358817 
 ----> close 77 0 0.66435 0.33565 
 ----> close 78 1 0.646971 0.353029 
 ----> close 79 0 0.655278 0.344722 
 ----> close 80 1 0.650385 0.349615 
 ----> close 81 1 0.611516 0.388484 
 ----> close 82 1 0.65656 0.34344 
 ----> close 83 1 0.602876 0.397124 
 ----> close 84 1 0.61749 0.38251 
 ----> close 85 0 0.715268 0.284732 
 ----> close 86 0 0.685099 0.314901 
 ----> close 87 1 0.618199 0.381801 
 ----> close 88 1 0.60761 0.39239 
 ----> close 89 1 0.66251 0.33749 
 ----> close 90 1 0.651659 0.348341 
 ----> close 91 1 0.63511 0.36489 
 ----> close 92 0 0.662123 0.337877 
 ----> close 93 0 0.643494 0.356506 
 ----> close 94 1 0.6042 0.3958 
 ----> close 95 0 0.703728 0.296272 
 ----> close 96 0 0.63472 0.36528 
 ----> close 97 1 0.650878 0.349122 
 ----> close 98 1 0.617844 0.382156 
 ----> close 99 1 0.637333 0.362667 
 ----> close 100 0 0.651891 0.348109 
 ----> close 101 1 0.61293 0.38707 
 ----> close 102 0 0.720469 0.279531 
 ----> close 103 0 0.651502 0.348498 
 ----> close 104 0 0.652354 0.347646 
 ----> close 105 1 0.600061 0.399939 
 ----> close 106 0 0.657949 0.342051 
 ----> close 107 0 0.630705 0.369295 
 ----> close 108 0 0.645603 0.354397 
 ----> close 109 0 0.659903 0.340097 
 ----> close 110 1 0.628502 0.371498 
 ----> close 111 0 0.629478 0.370522 
 ----> close 112 0 0.684699 0.315301 
 ----> close 113 1 0.493563 0.506437 
 ----> close 114 1 0.615173 0.384827 
 ----> close 115 0 0.623873 0.376127 
 ----> close 116 0 0.656905 0.343095 
 ----> close 117 1 0.663078 0.336922 
 ----> close 118 1 0.643939 0.356061 
 ----> close 119 1 0.663063 0.336937 
 ----> close 120 0 0.665112 0.334888 
 ----> close 121 0 0.645228 0.354772 
 ----> close 122 1 0.638014 0.361986 
 ----> close 123 1 0.659409 0.340591 
 ----> close 124 0 0.661026 0.338974 
 ----> close 125 1 0.656397 0.343603 
 ----> close 126 0 0.665811 0.334189 
 ----> close 127 0 0.66762 0.33238 
 ----> close 128 0 0.660907 0.339093 
 ----> close 129 1 0.64456 0.35544 
 ----> close 130 0 0.652133 0.347867 
 ----> close 131 0 0.650314 0.349686 
 ----> close 132 0 0.673215 0.326785 
 ----> close 133 1 0.645596 0.354404 
 ----> close 134 1 0.6042 0.3958 
 ----> close 135 1 0.641647 0.358353 
 ----> close 136 0 0.648572 0.351428 
 ----> close 137 1 0.652659 0.347341 
 ----> close 138 0 0.664396 0.335604 
 ----> close 139 0 0.661532 0.338468 
 ----> close 140 1 0.645082 0.354918 
 ----> close 141 1 0.637438 0.362562 
 ----> close 142 1 0.641927 0.358073 
 ----> close 143 0 0.686456 0.313544 
 ----> close 144 1 0.613929 0.386071 
 ----> close 145 0 0.659832 0.340168 
 ----> close 146 0 0.674144 0.325856 
 ----> close 147 0 0.671379 0.328621 
 ----> close 148 0 0.631608 0.368392 
 ----> close 149 1 0.615177 0.384823 
 ----> close 150 1 0.649332 0.350668 
 ----> close 151 1 0.659798 0.340202 
 ----> close 152 0 0.658976 0.341024 
 ----> close 153 0 0.623176 0.376824 
 ----> close 154 0 0.643255 0.356745 
 ----> close 155 1 0.673558 0.326442 
 ----> close 156 1 0.608626 0.391374 
 ----> close 157 1 0.635944 0.364056 
 ----> close 158 0 0.6404 0.3596 
 ----> close 159 1 0.639202 0.360798 
 ----> close 160 0 0.682347 0.317653 
 ----> close 161 0 0.650541 0.349459 
 ----> close 162 1 0.651966 0.348034 
 ----> close 163 1 0.650635 0.349365 
 ----> close 164 1 0.663847 0.336153 
 ----> close 165 1 0.634569 0.365431 
 ----> close 166 0 0.698766 0.301234 
 ----> close 167 1 0.634774 0.365226 
 ----> close 168 0 0.677928 0.322072 
 ----> close 169 0 0.663168 0.336832 
 ----> close 170 1 0.636565 0.363435 
 ----> close 171 1 0.620142 0.379858 
 ----> close 172 0 0.607887 0.392113 
 ----> close 173 1 0.636888 0.363112 
 ----> close 174 0 0.665199 0.334801 
 ----> close 175 1 0.643404 0.356596 
 ----> close 176 0 0.672547 0.327453 
 ----> close 177 0 0.634486 0.365514 
 ----> close 178 1 0.610657 0.389343 
 ----> close 179 0 0.655446 0.344554 
 ----> close 180 0 0.653545 0.346455 
 ----> close 181 0 0.640614 0.359386 
 ----> close 182 0 0.678861 0.321139 
 ----> close 183 1 0.635787 0.364213 
 ----> close 184 1 0.645078 0.354922 
 ----> close 185 1 0.608342 0.391658 
 ----> close 186 0 0.636221 0.363779 
 ----> close 187 0 0.677439 0.322561 
 ----> close 188 1 0.623562 0.376438 
 ----> close 189 1 0.635641 0.364359 
 ----> close 190 0 0.627889 0.372111 
 ----> close 191 0 0.658026 0.341974 
 ----> close 192 1 0.608564 0.391436 
 ----> close 193 0 0.678051 0.321949 
 ----> close 194 0 0.694022 0.305978 
 ----> close 195 0 0.682591 0.317409 
 ----> close 196 1 0.647498 0.352502 
 ----> close 197 0 0.680244 0.319756 
 ----> close 198 0 0.663763 0.336237 
 ----> close 199 0 0.645062 0.354938 
 ----> close 200 0 0.627339 0.372661 
 ----> close 201 0 0.647976 0.352024 
 ----> close 202 0 0.705121 0.294879 
 ----> close 203 1 0.604151 0.395849 
 ----> close 204 1 0.646436 0.353564 
 ----> close 205 0 0.638119 0.361881 
 ----> close 206 1 0.600065 0.399935 
 ----> close 207 1 0.661394 0.338606 
 ----> close 208 0 0.678402 0.321598 
 ----> close 209 0 0.691377 0.308623 
 ----> close 210 0 0.701598 0.298402 
 ----> close 211 0 0.653662 0.346338 
 ----> close 212 0 0.690794 0.309206 
 ----> close 213 1 0.657837 0.342163 
 ----> close 214 0 0.684034 0.315966 
 ----> close 215 1 0.6481 0.3519 
 ----> close 216 0 0.707954 0.292046 
 ----> close 217 1 0.639005 0.360995 
 ----> close 218 0 0.654286 0.345714 
 ----> close 219 0 0.682993 0.317007 
 ----> close 220 0 0.680953 0.319047 
 ----> close 221 0 0.627798 0.372202 
 ----> close 222 1 0.660494 0.339506 
 ----> close 223 1 0.648996 0.351004 
 ----> close 224 0 0.664458 0.335542 
 ----> close 225 1 0.646394 0.353606 
 ----> close 226 1 0.576904 0.423096 
 ----> close 227 0 0.652489 0.347511 
 ----> close 228 0 0.72165 0.27835 
 ----> close 229 0 0.659675 0.340325 
 ----> close 230 0 0.660952 0.339048 
 ----> close 231 0 0.690231 0.309769 
 ----> close 232 1 0.641659 0.358341 
 ----> close 233 0 0.684956 0.315044 
 ----> close 234 0 0.672893 0.327107 
 ----> close 235 0 0.684897 0.315103 
 ----> close 236 1 0.650319 0.349681 
 ----> close 237 0 0.639693 0.360307 
 ----> close 238 0 0.669313 0.330687 
 ----> close 239 0 0.70326 0.29674 
 ----> close 240 1 0.619481 0.380519 
 ----> close 241 0 0.659831 0.340169 
 ----> close 242 1 0.59437 0.40563 
 ----> close 243 0 0.684322 0.315678 
 ----> close 244 1 0.634394 0.365606 
 ----> close 245 1 0.612428 0.387572 
 ----> close 246 0 0.675317 0.324683 
 ----> close 247 0 0.664616 0.335384 
 ----> close 248 1 0.640334 0.359666 
 ----> close 249 1 0.637962 0.362038 
 ----> close 250 0 0.680788 0.319212 
 ----> close 251 0 0.740712 0.259288 
 ----> close 252 0 0.685356 0.314644 
 ----> close 253 1 0.613394 0.386606 
 ----> close 254 0 0.681004 0.318996 
 ----> close 255 1 0.658395 0.341605 
 ----> close 256 0 0.660799 0.339201 
 ----> close 257 0 0.677391 0.322609 
 ----> close 258 0 0.698639 0.301361 
 ----> close 259 0 0.650835 0.349165 
 ----> close 260 1 0.627166 0.372834 
 ----> close 261 1 0.620112 0.379888 
 ----> close 262 0 0.674121 0.325879 
 ----> close 263 1 0.607952 0.392048 
 ----> close 264 1 0.636146 0.363854 
 ----> close 265 1 0.609432 0.390568 
 ----> close 266 0 0.674216 0.325784 
 ----> close 267 0 0.670475 0.329525 
 ----> close 268 1 0.649575 0.350425 
 ----> close 269 0 0.66557 0.33443 
 ----> close 270 1 0.651854 0.348146 
 ----> close 271 1 0.633165 0.366835 
 ----> close 272 0 0.647462 0.352538 
 ----> close 273 0 0.681178 0.318822 
 ----> close 274 1 0.615416 0.384584 
 ----> close 275 1 0.606221 0.393779 
 ----> close 276 0 0.665147 0.334853 
 ----> close 277 0 0.643423 0.356577 
 ----> close 278 0 0.629948 0.370052 
 ----> close 279 1 0.635373 0.364627 
 ----> close 280 1 0.629544 0.370456 
 ----> close 281 0 0.675101 0.324899 
 ----> close 282 1 0.578647 0.421353 
 ----> close 283 1 0.658109 0.341891 
 ----> close 284 1 0.620793 0.379207 
 ----> close 285 0 0.675517 0.324483 
 ----> close 286 0 0.624277 0.375723 
 ----> close 287 0 0.708892 0.291108 
 ----> close 288 1 0.604058 0.395942 
 ----> close 289 0 0.652438 0.347562 
 ----> close 290 0 0.670905 0.329095 
 ----> close 291 1 0.649904 0.350096 
 ----> close 292 0 0.688007 0.311993 
 ----> close 293 1 0.583225 0.416775 
 ----> close 294 1 0.601319 0.398681 
 ----> close 295 0 0.66159 0.33841 
 ----> close 296 0 0.65896 0.34104 
 ----> close 297 0 0.623529 0.376471 
 ----> close 298 1 0.638795 0.361205 
 ----> close 299 0 0.700853 0.299147 
 ----> close 300 0 0.682701 0.317299 
 ----> close 301 0 0.654889 0.345111 
 ----> close 302 0 0.690543 0.309457 
 ----> close 303 0 0.663872 0.336128 
 ----> close 304 0 0.670748 0.329252 
 ----> close 305 0 0.639325 0.360675 
 ----> close 306 0 0.655164 0.344836 
 ----> close 307 1 0.636363 0.363637 
 ----> close 308 0 0.661236 0.338764 
 ----> close 309 1 0.662357 0.337643 
 ----> close 310 0 0.646985 0.353015 
 ----> close 311 0 0.659574 0.340426 
 ----> close 312 0 0.664133 0.335867 
 ----> close 313 1 0.654311 0.345689 
 ----> close 314 0 0.677416 0.322584 
 ----> close 315 0 0.733295 0.266705 
 ----> close 316 0 0.686061 0.313939 
 ----> close 317 0 0.670074 0.329926 
 ----> close 318 0 0.698092 0.301908 
 ----> close 319 0 0.657073 0.342927 
 ----> close 320 0 0.678737 0.321263 
 ----> close 321 1 0.640474 0.359526 
 ----> close 322 1 0.612238 0.387762 
 ----> close 323 0 0.65795 0.34205 
 ----> close 324 0 0.678552 0.321448 
 ----> close 325 0 0.685876 0.314124 
 ----> close 326 1 0.607965 0.392035 
 ----> close 327 1 0.662881 0.337119 
 ----> close 328 0 0.68269 0.31731 
 ----> close 329 0 0.68633 0.31367 
 ----> close 330 0 0.694513 0.305487 
 ----> close 331 0 0.732027 0.267973 
 ----> close 332 0 0.687182 0.312818 
 ----> close 333 1 0.658072 0.341928 
 ----> close 334 1 0.589974 0.410026 
 ----> close 335 0 0.714118 0.285882 
 ----> close 336 1 0.634151 0.365849 
 ----> close 337 1 0.656933 0.343067 
 ----> close 338 1 0.608803 0.391197 
 ----> close 339 0 0.682011 0.317989 
 ----> close 340 0 0.698765 0.301235 
 ----> close 341 1 0.641691 0.358309 
 ----> close 342 1 0.616503 0.383497 
 ----> close 343 0 0.674382 0.325618 
 ----> close 344 0 0.657315 0.342685 
 ----> close 345 0 0.68108 0.31892 
 ----> close 346 0 0.670772 0.329228 
 ----> close 347 1 0.629836 0.370164 
 ----> close 348 0 0.678934 0.321066 
 ----> close 349 0 0.666468 0.333532 
 ----> close 350 1 0.6431 0.3569 
 ----> close 351 0 0.639706 0.360294 
 ----> close 352 0 0.673161 0.326839 
 ----> close 353 0 0.67909 0.32091 
 ----> close 354 0 0.678988 0.321012 
 ----> close 355 0 0.627819 0.372181 
 ----> close 356 0 0.614597 0.385403 
 ----> close 357 1 0.622268 0.377732 
 ----> close 358 0 0.675674 0.324326 
 ----> close 359 0 0.637689 0.362311 
 ----> close 360 0 0.672184 0.327816 
 ----> close 361 0 0.591884 0.408116 
 ----> close 362 1 0.62177 0.37823 
 ----> close 363 0 0.627003 0.372997 
 ----> close 364 0 0.644898 0.355102 
 ----> close 365 0 0.665359 0.334641 
 ----> close 366 1 0.680975 0.319025 
 ----> close 367 0 0.692646 0.307354 
 ----> close 368 0 0.692596 0.307404 
 ----> close 369 0 0.662435 0.337565 
 ----> close 370 1 0.635311 0.364689 
 ----> close 371 0 0.682535 0.317465 
 ----> close 372 0 0.712947 0.287053 
 ----> close 373 0 0.668684 0.331316 
 ----> close 374 0 0.670431 0.329569 
 ----> close 375 1 0.628089 0.371911 
 ----> close 376 0 0.664851 0.335149 
 ----> close 377 0 0.684331 0.315669 
 ----> close 378 1 0.648112 0.351888 
 ----> close 379 0 0.657758 0.342242 
 ----> close 380 0 0.657057 0.342943 
 ----> close 381 0 0.681774 0.318226 
 ----> close 382 0 0.659514 0.340486 
 ----> close 383 0 0.64414 0.35586 
 ----> close 384 0 0.720248 0.279752 
 ----> close 385 1 0.619246 0.380754 
 ----> close 386 0 0.66959 0.33041 
 ----> close 387 1 0.672174 0.327826 
 ----> close 388 1 0.631851 0.368149 
 ----> close 389 0 0.683272 0.316728 
 ----> close 390 0 0.670894 0.329106 
 ----> close 391 0 0.664768 0.335232 
 ----> close 392 1 0.667997 0.332003 
 ----> close 393 1 0.666898 0.333102 
 ----> close 394 0 0.698173 0.301827 
 ----> close 395 0 0.685921 0.314079 
 ----> close 396 0 0.662867 0.337133 
 ----> close 397 0 0.696179 0.303821 
 ----> close 398 1 0.620454 0.379546 
 ----> close 399 1 0.637646 0.362354 
 ----> close 400 1 0.647278 0.352722 
 ----> close 401 0 0.666293 0.333707 
 ----> close 402 0 0.688341 0.311659 
 ----> close 403 0 0.679551 0.320449 
 ----> close 404 0 0.67434 0.32566 
 ----> close 405 0 0.648745 0.351255 
 ----> close 406 1 0.626539 0.373461 
 ----> close 407 1 0.661754 0.338246 
 ----> close 408 0 0.654053 0.345947 
 ----> close 409 1 0.661889 0.338111 
 ----> close 410 0 0.637704 0.362296 
 ----> close 411 0 0.684236 0.315764 
 ----> close 412 0 0.652542 0.347458 
 ----> close 413 1 0.65095 0.34905 
 ----> close 414 0 0.637206 0.362794 
 ----> close 415 1 0.630432 0.369568 
 ----> close 416 0 0.612801 0.387199 
 ----> close 417 0 0.660778 0.339222 
 ----> close 418 1 0.65329 0.34671 
 ----> close 419 0 0.638773 0.361227 
 ----> close 420 0 0.683098 0.316902 
 ----> close 421 0 0.605374 0.394626 
 ----> close 422 0 0.682211 0.317789 
 ----> close 423 0 0.646823 0.353177 
 ----> close 424 0 0.684444 0.315556 
 ----> close 425 0 0.684609 0.315391 
 ----> close 426 1 0.64332 0.35668 
 ----> close 427 0 0.612201 0.387799 
 ----> close 428 0 0.663812 0.336188 
 ----> close 429 0 0.651553 0.348447 
 ----> close 430 0 0.66549 0.33451 
 ----> close 431 0 0.642378 0.357622 
 ----> close 432 0 0.656197 0.343803 
 ----> close 433 0 0.645878 0.354122 
 ----> close 434 0 0.652932 0.347068 
 ----> close 435 1 0.641767 0.358233 
 ----> close 436 0 0.654381 0.345619 
 ----> close 437 0 0.697007 0.302993 
 ----> close 438 0 0.666056 0.333944 
 ----> close 439 0 0.649493 0.350507 
 ----> close 440 0 0.684172 0.315828 
 ----> close 441 0 0.667618 0.332382 
 ----> close 442 0 0.661911 0.338089 
 ----> close 443 0 0.69314 0.30686 
 ----> close 444 0 0.68792 0.31208 
 ----> close 445 1 0.680013 0.319987 
 ----> close 446 0 0.65082 0.34918 
 ----> close 447 0 0.665972 0.334028 
 ----> close 448 0 0.668403 0.331597 
 ----> close 449 0 0.671435 0.328565 
 ----> close 450 0 0.672958 0.327042 
 ----> close 451 0 0.723964 0.276036 
 ----> close 452 0 0.698978 0.301022 
 ----> close 453 0 0.679333 0.320667 
 ----> close 454 1 0.682874 0.317126 
 ----> close 455 0 0.680218 0.319782 
 ----> close 456 0 0.679141 0.320859 
 ----> close 457 0 0.672595 0.327405 
 ----> close 458 1 0.639026 0.360974 
 ----> close 459 0 0.704392 0.295608 
 ----> close 460 0 0.685593 0.314407 
 ----> close 461 1 0.656052 0.343948 
 ----> close 462 0 0.698561 0.301439 
 ----> close 463 0 0.680167 0.319833 
 ----> close 464 0 0.68797 0.31203 
 ----> close 465 0 0.687873 0.312127 
 ----> close 466 0 0.672225 0.327775 
 ----> close 467 1 0.638254 0.361746 
 ----> close 468 0 0.707645 0.292355 
 ----> close 469 0 0.691212 0.308788 
 ----> close 470 1 0.676481 0.323519 
 ----> close 471 1 0.614429 0.385571 
 ----> close 472 0 0.672887 0.327113 
 ----> close 473 1 0.667642 0.332358 
 ----> close 474 0 0.666055 0.333945 
 ----> close 475 0 0.667423 0.332577 
 ----> close 476 0 0.702947 0.297053 
 ----> close 477 1 0.662282 0.337718 
 ----> close 478 0 0.695532 0.304468 
 ----> close 479 1 0.675501 0.324499 
 ----> close 480 0 0.673644 0.326356 
 ----> close 481 0 0.676513 0.323487 
 ----> close 482 0 0.670492 0.329508 
 ----> close 483 1 0.631278 0.368722 
 ----> close 484 0 0.659665 0.340335 
 ----> close 485 0 0.691898 0.308102 
 ----> close 486 0 0.677313 0.322687 
 ----> close 487 0 0.709394 0.290606 
 ----> close 488 1 0.629518 0.370482 
 ----> close 489 1 0.673384 0.326616 
 ----> close 490 0 0.673836 0.326164 
 ----> close 491 1 0.631987 0.368013 
 ----> close 492 0 0.645634 0.354366 
 ----> close 493 0 0.639748 0.360252 
 ----> close 494 0 0.687868 0.312132 
 ----> close 495 1 0.647645 0.352355 
 ----> close 496 0 0.638999 0.361001 
 ----> close 497 0 0.635481 0.364519 
 ----> close 498 0 0.68264 0.31736 
 ----> close 499 1 0.672176 0.327824 
 ----> close 500 1 0.660085 0.339915 
 ----> close 501 0 0.65608 0.34392 
 ----> close 502 0 0.664379 0.335621 
 ----> close 503 0 0.650111 0.349889 
 ----> close 504 0 0.670744 0.329256 
 ----> close 505 0 0.678971 0.321029 
 ----> close 506 0 0.667951 0.332049 
 ----> close 507 0 0.649625 0.350375 
 ----> close 508 1 0.637179 0.362821 
 ----> close 509 1 0.64563 0.35437 
 ----> close 510 0 0.690619 0.309381 
 ----> close 511 0 0.644534 0.355466 
 ----> close 512 0 0.641103 0.358897 
 ----> close 513 0 0.63181 0.36819 
 ----> close 514 1 0.630968 0.369032 
 ----> close 515 0 0.69588 0.30412 
 ----> close 516 0 0.710594 0.289406 
 ----> close 517 1 0.664336 0.335664 
 ----> close 518 0 0.693764 0.306236 
 ----> close 519 0 0.645918 0.354082 
 ----> close 520 1 0.669701 0.330299 
 ----> close 521 1 0.645044 0.354956 
 ----> close 522 0 0.670433 0.329567 
 ----> close 523 1 0.626651 0.373349 
 ----> close 524 0 0.691132 0.308868 
 ----> close 525 0 0.646888 0.353112 
 ----> close 526 0 0.661966 0.338034 
 ----> close 527 0 0.644556 0.355444 
 ----> close 528 0 0.683573 0.316427 
 ----> close 529 1 0.620073 0.379927 
 ----> close 530 0 0.66706 0.33294 
 ----> close 531 1 0.608312 0.391688 
 ----> close 532 0 0.691946 0.308054 
 ----> close 533 0 0.678926 0.321074 
 ----> close 534 0 0.627537 0.372463 
 ----> close 535 1 0.60754 0.39246 
 ----> close 536 0 0.696314 0.303686 
 ----> close 537 0 0.626733 0.373267 
 ----> close 538 0 0.647964 0.352036 
 ----> close 539 1 0.662021 0.337979 
 ----> close 540 0 0.704126 0.295874 
 ----> close 541 1 0.649859 0.350141 
 ----> close 542 0 0.64552 0.35448 
 ----> close 543 1 0.622194 0.377806 
 ----> close 544 0 0.68031 0.31969 
 ----> close 545 1 0.652631 0.347369 
 ----> close 546 0 0.663559 0.336441 
 ----> close 547 0 0.674441 0.325559 
 ----> close 548 1 0.649438 0.350562 
 ----> close 549 0 0.6898 0.3102 
 ----> close 550 0 0.70393 0.29607 
 ----> close 551 0 0.634979 0.365021 
 ----> close 552 1 0.636862 0.363138 
 ----> close 553 1 0.650803 0.349197 
 ----> close 554 1 0.638703 0.361297 
 ----> close 555 1 0.637135 0.362865 
 ----> close 556 0 0.670259 0.329741 
 ----> close 557 0 0.67614 0.32386 
 ----> close 558 0 0.619235 0.380765 
 ----> close 559 0 0.682416 0.317584 
 ----> close 560 0 0.629933 0.370067 
 ----> close 561 1 0.659817 0.340183 
 ----> close 562 0 0.6659 0.3341 
 ----> close 563 0 0.682274 0.317726 
 ----> close 564 0 0.623981 0.376019 
 ----> close 565 0 0.701792 0.298208 
 ----> close 566 0 0.675921 0.324079 
 ----> close 567 0 0.688445 0.311555 
 ----> close 568 0 0.634977 0.365023 
 ----> close 569 1 0.612683 0.387317 
 ----> close 570 0 0.663506 0.336494 
 ----> close 571 1 0.627933 0.372067 
 ----> close 572 0 0.690979 0.309021 
 ----> close 573 0 0.635502 0.364498 
 ----> close 574 0 0.665501 0.334499 
 ----> close 575 1 0.603248 0.396752 
 ----> close 576 0 0.705843 0.294157 
 ----> close 577 1 0.638528 0.361472 
 ----> close 578 0 0.686355 0.313645 
 ----> close 579 0 0.674041 0.325959 
 ----> close 580 1 0.670824 0.329176 
 ----> close 581 0 0.658931 0.341069 
 ----> close 582 0 0.652318 0.347682 
 ----> close 583 1 0.623516 0.376484 
 ----> close 584 0 0.670379 0.329621 
 ----> close 585 0 0.622263 0.377737 
 ----> close 586 0 0.701619 0.298381 
 ----> close 587 0 0.701665 0.298335 
 ----> close 588 0 0.711814 0.288186 
 ----> close 589 1 0.618971 0.381029 
 ----> close 590 0 0.675481 0.324519 
 ----> close 591 1 0.617497 0.382503 
 ----> close 592 1 0.63961 0.36039 
 ----> close 593 0 0.668514 0.331486 
 ----> close 594 0 0.654661 0.345339 
 ----> close 595 0 0.669743 0.330257 
 ----> close 596 0 0.648271 0.351729 
 ----> close 597 0 0.621057 0.378943 
 ----> close 598 0 0.653249 0.346751 
 ----> close 599 0 0.6835 0.3165 
 ----> close 600 0 0.668081 0.331919 
 ----> close 601 0 0.653802 0.346198 
 ----> close 602 1 0.624162 0.375838 
 ----> close 603 0 0.65675 0.34325 
 ----> close 604 0 0.654065 0.345935 
 ----> close 605 0 0.659891 0.340109 
 ----> close 606 0 0.662986 0.337014 
 ----> close 607 1 0.671048 0.328952 
 ----> close 608 0 0.637468 0.362532 
 ----> close 609 0 0.689236 0.310764 
 ----> close 610 0 0.683491 0.316509 
 ----> close 611 0 0.699208 0.300792 
 ----> close 612 0 0.664545 0.335455 
 ----> close 613 0 0.687679 0.312321 
 ----> close 614 0 0.664277 0.335723 
 ----> close 615 0 0.659266 0.340734 
 ----> close 616 0 0.711003 0.288997 
 ----> close 617 0 0.68155 0.31845 
 ----> close 618 0 0.691184 0.308816 
 ----> close 619 1 0.652079 0.347921 
 ----> close 620 1 0.611725 0.388275 
 ----> close 621 0 0.687963 0.312037 
 ----> close 622 0 0.697677 0.302323 
 ----> close 623 1 0.667557 0.332443 
 ----> close 624 0 0.699639 0.300361 
 ----> close 625 0 0.696495 0.303505 
 ----> close 626 0 0.72656 0.27344 
 ----> close 627 0 0.677613 0.322387 
 ----> close 628 1 0.683106 0.316894 
 ----> close 629 0 0.679007 0.320993 
 ----> close 630 0 0.693118 0.306882 
 ----> close 631 1 0.66076 0.33924 
 ----> close 632 1 0.658702 0.341298 
 ----> close 633 0 0.685363 0.314637 
 ----> close 634 1 0.680529 0.319471 
 ----> close 635 0 0.668019 0.331981 
 ----> close 636 1 0.641089 0.358911 
 ----> close 637 0 0.690879 0.309121 
 ----> close 638 0 0.682712 0.317288 
 ----> close 639 1 0.706916 0.293084 
 ----> close 640 0 0.69421 0.30579 
 ----> close 641 0 0.701361 0.298639 
 ----> close 642 0 0.695878 0.304122 
 ----> close 643 0 0.675437 0.324563 
 ----> close 644 0 0.687598 0.312402 
 ----> close 645 0 0.656889 0.343111 
 ----> close 646 1 0.646994 0.353006 
 ----> close 647 0 0.647428 0.352572 
 ----> close 648 0 0.637903 0.362097 
 ----> close 649 0 0.666429 0.333571 
 ----> close 650 0 0.665271 0.334729 
 ----> close 651 1 0.624913 0.375087 
 ----> close 652 0 0.672029 0.327971 
 ----> close 653 1 0.651133 0.348867 
 ----> close 654 0 0.686695 0.313305 
 ----> close 655 0 0.672222 0.327778 
 ----> close 656 0 0.687986 0.312014 
 ----> close 657 0 0.717325 0.282675 
 ----> close 658 0 0.664254 0.335746 
 ----> close 659 0 0.656954 0.343046 
 ----> close 660 0 0.649212 0.350788 
 ----> close 661 0 0.694481 0.305519 
 ----> close 662 0 0.683175 0.316825 
 ----> close 663 1 0.670388 0.329612 
 ----> close 664 1 0.643114 0.356886 
 ----> close 665 0 0.648328 0.351672 
 ----> close 666 0 0.673068 0.326932 
 ----> close 667 0 0.670173 0.329827 
 ----> close 668 0 0.664271 0.335729 
 ----> close 669 0 0.658843 0.341157 
 ----> close 670 0 0.690626 0.309374 
 ----> close 671 0 0.669697 0.330303 
 ----> close 672 0 0.685988 0.314012 
 ----> close 673 0 0.748802 0.251198 
 ----> close 674 1 0.636689 0.363311 
 ----> close 675 1 0.679381 0.320619 
 ----> close 676 0 0.65001 0.34999 
 ----> close 677 1 0.601832 0.398168 
 ----> close 678 1 0.652187 0.347813 
 ----> close 679 0 0.674241 0.325759 
 ----> close 680 1 0.647158 0.352842 
 ----> close 681 0 0.692863 0.307137 
 ----> close 682 0 0.642842 0.357158 
 ----> close 683 0 0.684762 0.315238 
 ----> close 684 0 0.693762 0.306238 
 ----> close 685 0 0.692106 0.307894 
 ----> close 686 0 0.653658 0.346342 
 ----> close 687 0 0.668145 0.331855 
 ----> close 688 0 0.651308 0.348692 
 ----> close 689 0 0.677642 0.322358 
 ----> close 690 1 0.670078 0.329922 
 ----> close 691 0 0.662093 0.337907 
 ----> close 692 0 0.644269 0.355731 
 ----> close 693 1 0.645052 0.354948 
 ----> close 694 0 0.650016 0.349984 
 ----> close 695 0 0.689249 0.310751 
 ----> close 696 0 0.727762 0.272238 
 ----> close 697 0 0.693551 0.306449 
 ----> close 698 1 0.664821 0.335179 
 ----> close 699 0 0.686033 0.313967 
 ----> close 700 1 0.691767 0.308233 
 ----> close 701 0 0.694309 0.305691 
 ----> close 702 0 0.688265 0.311735 
 ----> close 703 0 0.678197 0.321803 
 ----> close 704 0 0.670113 0.329887 
 ----> close 705 0 0.673081 0.326919 
 ----> close 706 0 0.643361 0.356639 
 ----> close 707 0 0.67064 0.32936 
 ----> close 708 0 0.657405 0.342595 
 ----> close 709 0 0.69149 0.30851 
 ----> close 710 0 0.667151 0.332849 
 ----> close 711 0 0.683813 0.316187 
 ----> close 712 0 0.687463 0.312537 
 ----> close 713 1 0.670188 0.329812 
 ----> close 714 1 0.674449 0.325551 
 ----> close 715 1 0.677551 0.322449 
 ----> close 716 1 0.651145 0.348855 
 ----> close 717 0 0.659269 0.340731 
 ----> close 718 0 0.691255 0.308745 
