 ----> close 1 1 0 0 
 ----> close 2 0 0.641744 0.358256 
 ----> close 3 1 0.6494 0.3506 
 ----> close 4 1 0.653566 0.346434 
 ----> close 5 1 0.666437 0.333563 
 ----> close 6 1 0.612721 0.387279 
 ----> close 7 0 0.657836 0.342164 
 ----> close 8 0 0.608235 0.391765 
 ----> close 9 0 0.66384 0.33616 
 ----> close 10 1 0.595611 0.404389 
 ----> close 11 1 0.649567 0.350433 
 ----> close 12 0 0.654172 0.345828 
 ----> close 13 0 0.620245 0.379755 
 ----> close 14 1 0.648035 0.351965 
 ----> close 15 1 0.644448 0.355552 
 ----> close 16 1 0.656321 0.343679 
 ----> close 17 1 0.608244 0.391756 
 ----> close 18 0 0.646254 0.353746 
 ----> close 19 0 0.639925 0.360075 
 ----> close 20 0 0.621323 0.378677 
 ----> close 21 1 0.600372 0.399628 
 ----> close 22 0 0.645953 0.354047 
 ----> close 23 0 0.639027 0.360973 
 ----> close 24 0 0.66464 0.33536 
 ----> close 25 0 0.58514 0.41486 
 ----> close 26 1 0.594864 0.405136 
 ----> close 27 1 0.662847 0.337153 
 ----> close 28 1 0.614938 0.385062 
 ----> close 29 0 0.600993 0.399007 
 ----> close 30 0 0.644844 0.355156 
 ----> close 31 0 0.601854 0.398146 
 ----> close 32 0 0.633112 0.366888 
 ----> close 33 0 0.636453 0.363547 
 ----> close 34 1 0.612638 0.387362 
 ----> close 35 1 0.659274 0.340726 
 ----> close 36 0 0.679117 0.320883 
 ----> close 37 0 0.684868 0.315132 
 ----> close 38 0 0.675012 0.324988 
 ----> close 39 0 0.646822 0.353178 
 ----> close 40 1 0.655398 0.344602 
 ----> close 41 1 0.641775 0.358225 
 ----> close 42 1 0.620795 0.379205 
 ----> close 43 0 0.611587 0.388413 
 ----> close 44 1 0.622515 0.377485 
 ----> close 45 1 0.616981 0.383019 
 ----> close 46 0 0.655625 0.344375 
 ----> close 47 1 0.655589 0.344411 
 ----> close 48 1 0.623719 0.376281 
 ----> close 49 1 0.651264 0.348736 
 ----> close 50 1 0.653536 0.346464 
 ----> close 51 0 0.672646 0.327354 
 ----> close 52 1 0.633814 0.366186 
 ----> close 53 0 0.647897 0.352103 
 ----> close 54 0 0.649722 0.350278 
 ----> close 55 0 0.678857 0.321143 
 ----> close 56 1 0.562075 0.437925 
 ----> close 57 1 0.620645 0.379355 
 ----> close 58 0 0.65466 0.34534 
 ----> close 59 1 0.621329 0.378671 
 ----> close 60 0 0.6933 0.3067 
 ----> close 61 0 0.665209 0.334791 
 ----> close 62 0 0.648164 0.351836 
 ----> close 63 1 0.6613 0.3387 
 ----> close 64 1 0.624954 0.375046 
 ----> close 65 0 0.66894 0.33106 
 ----> close 66 0 0.693705 0.306295 
 ----> close 67 1 0.62779 0.37221 
 ----> close 68 1 0.649384 0.350616 
 ----> close 69 0 0.663857 0.336143 
 ----> close 70 1 0.648321 0.351679 
 ----> close 71 1 0.649424 0.350576 
 ----> close 72 1 0.658569 0.341431 
 ----> close 73 0 0.670163 0.329837 
 ----> close 74 0 0.69854 0.30146 
 ----> close 75 0 0.66237 0.33763 
 ----> close 76 1 0.649089 0.350911 
 ----> close 77 0 0.6598 0.3402 
 ----> close 78 1 0.656792 0.343208 
 ----> close 79 0 0.641447 0.358553 
 ----> close 80 1 0.63344 0.36656 
 ----> close 81 1 0.630735 0.369265 
 ----> close 82 1 0.631538 0.368462 
 ----> close 83 1 0.581276 0.418724 
 ----> close 84 1 0.616822 0.383178 
 ----> close 85 0 0.642048 0.357952 
 ----> close 86 0 0.638668 0.361332 
 ----> close 87 1 0.598222 0.401778 
 ----> close 88 1 0.595744 0.404256 
 ----> close 89 1 0.612144 0.387856 
 ----> close 90 1 0.634248 0.365752 
 ----> close 91 1 0.635382 0.364618 
 ----> close 92 0 0.637843 0.362157 
 ----> close 93 0 0.673271 0.326729 
 ----> close 94 1 0.628304 0.371696 
 ----> close 95 0 0.651105 0.348895 
 ----> close 96 0 0.653752 0.346248 
 ----> close 97 1 0.623959 0.376041 
 ----> close 98 1 0.630386 0.369614 
 ----> close 99 1 0.642529 0.357471 
 ----> close 100 0 0.663504 0.336496 
 ----> close 101 1 0.59903 0.40097 
 ----> close 102 0 0.674635 0.325365 
 ----> close 103 0 0.641021 0.358979 
 ----> close 104 0 0.642398 0.357602 
 ----> close 105 1 0.633612 0.366388 
 ----> close 106 0 0.615909 0.384091 
 ----> close 107 0 0.679637 0.320363 
 ----> close 108 0 0.647882 0.352118 
 ----> close 109 0 0.642553 0.357447 
 ----> close 110 1 0.603535 0.396465 
 ----> close 111 0 0.65146 0.34854 
 ----> close 112 0 0.671836 0.328164 
 ----> close 113 1 0.532776 0.467224 
 ----> close 114 1 0.64475 0.35525 
 ----> close 115 0 0.651337 0.348663 
 ----> close 116 0 0.658131 0.341869 
 ----> close 117 1 0.633354 0.366646 
 ----> close 118 1 0.618863 0.381137 
 ----> close 119 1 0.636005 0.363995 
 ----> close 120 0 0.631983 0.368017 
 ----> close 121 0 0.641937 0.358063 
 ----> close 122 1 0.596096 0.403904 
 ----> close 123 1 0.630296 0.369704 
 ----> close 124 0 0.681017 0.318983 
 ----> close 125 1 0.606586 0.393414 
 ----> close 126 0 0.645513 0.354487 
 ----> close 127 0 0.622468 0.377532 
 ----> close 128 0 0.684995 0.315005 
 ----> close 129 1 0.615667 0.384333 
 ----> close 130 0 0.632557 0.367443 
 ----> close 131 0 0.63394 0.36606 
 ----> close 132 0 0.67338 0.32662 
 ----> close 133 1 0.549396 0.450604 
 ----> close 134 1 0.638095 0.361905 
 ----> close 135 1 0.612253 0.387747 
 ----> close 136 0 0.656675 0.343325 
 ----> close 137 1 0.626294 0.373706 
 ----> close 138 0 0.711162 0.288838 
 ----> close 139 0 0.636819 0.363181 
 ----> close 140 1 0.642842 0.357158 
 ----> close 141 1 0.615097 0.384903 
 ----> close 142 1 0.660379 0.339621 
 ----> close 143 0 0.66609 0.33391 
 ----> close 144 1 0.635956 0.364044 
 ----> close 145 0 0.641021 0.358979 
 ----> close 146 0 0.661967 0.338033 
 ----> close 147 0 0.654612 0.345388 
 ----> close 148 0 0.651075 0.348925 
 ----> close 149 1 0.656049 0.343951 
 ----> close 150 1 0.616299 0.383701 
 ----> close 151 1 0.630963 0.369037 
 ----> close 152 0 0.693269 0.306731 
 ----> close 153 0 0.631593 0.368407 
 ----> close 154 0 0.638251 0.361749 
 ----> close 155 1 0.651876 0.348124 
 ----> close 156 1 0.643214 0.356786 
 ----> close 157 1 0.6393 0.3607 
 ----> close 158 0 0.681299 0.318701 
 ----> close 159 1 0.65246 0.34754 
 ----> close 160 0 0.707339 0.292661 
 ----> close 161 0 0.658345 0.341655 
 ----> close 162 1 0.65366 0.34634 
 ----> close 163 1 0.597728 0.402272 
 ----> close 164 1 0.634679 0.365321 
 ----> close 165 1 0.619148 0.380852 
 ----> close 166 0 0.681634 0.318366 
 ----> close 167 1 0.657896 0.342104 
 ----> close 168 0 0.663864 0.336136 
 ----> close 169 0 0.648537 0.351463 
 ----> close 170 1 0.6212 0.3788 
 ----> close 171 1 0.625863 0.374137 
 ----> close 172 0 0.658652 0.341348 
 ----> close 173 1 0.595384 0.404616 
 ----> close 174 0 0.668843 0.331157 
 ----> close 175 1 0.614869 0.385131 
 ----> close 176 0 0.640987 0.359013 
 ----> close 177 0 0.669387 0.330613 
 ----> close 178 1 0.672048 0.327952 
 ----> close 179 0 0.655042 0.344958 
 ----> close 180 0 0.672732 0.327268 
 ----> close 181 0 0.667689 0.332311 
 ----> close 182 0 0.663721 0.336279 
 ----> close 183 1 0.628747 0.371253 
 ----> close 184 1 0.631948 0.368052 
 ----> close 185 1 0.614799 0.385201 
 ----> close 186 0 0.674216 0.325784 
 ----> close 187 0 0.657053 0.342947 
 ----> close 188 1 0.621067 0.378933 
 ----> close 189 1 0.600776 0.399224 
 ----> close 190 0 0.668479 0.331521 
 ----> close 191 0 0.666607 0.333393 
 ----> close 192 1 0.612328 0.387672 
 ----> close 193 0 0.686586 0.313414 
 ----> close 194 0 0.697127 0.302873 
 ----> close 195 0 0.667786 0.332214 
 ----> close 196 1 0.610715 0.389285 
 ----> close 197 0 0.617605 0.382395 
 ----> close 198 0 0.666183 0.333817 
 ----> close 199 0 0.657228 0.342772 
 ----> close 200 0 0.680342 0.319658 
 ----> close 201 0 0.673059 0.326941 
 ----> close 202 0 0.648317 0.351683 
 ----> close 203 1 0.589376 0.410624 
 ----> close 204 1 0.592855 0.407145 
 ----> close 205 0 0.643833 0.356167 
 ----> close 206 1 0.663708 0.336292 
 ----> close 207 1 0.629273 0.370727 
 ----> close 208 0 0.662153 0.337847 
 ----> close 209 0 0.647725 0.352275 
 ----> close 210 0 0.695789 0.304211 
 ----> close 211 0 0.620901 0.379099 
 ----> close 212 0 0.683102 0.316898 
 ----> close 213 1 0.608301 0.391699 
 ----> close 214 0 0.66824 0.33176 
 ----> close 215 1 0.680621 0.319379 
 ----> close 216 0 0.676547 0.323453 
 ----> close 217 1 0.647541 0.352459 
 ----> close 218 0 0.62979 0.37021 
 ----> close 219 0 0.696099 0.303901 
 ----> close 220 0 0.657044 0.342956 
 ----> close 221 0 0.659437 0.340563 
 ----> close 222 1 0.645781 0.354219 
 ----> close 223 1 0.658761 0.341239 
 ----> close 224 0 0.668558 0.331442 
 ----> close 225 1 0.656812 0.343188 
 ----> close 226 1 0.624768 0.375232 
 ----> close 227 0 0.671423 0.328577 
 ----> close 228 0 0.683142 0.316858 
 ----> close 229 0 0.705296 0.294704 
 ----> close 230 0 0.663317 0.336683 
 ----> close 231 0 0.713644 0.286356 
 ----> close 232 1 0.644502 0.355498 
 ----> close 233 0 0.656488 0.343512 
 ----> close 234 0 0.69972 0.30028 
 ----> close 235 0 0.714795 0.285205 
 ----> close 236 1 0.634482 0.365518 
 ----> close 237 0 0.658622 0.341378 
 ----> close 238 0 0.696475 0.303525 
 ----> close 239 0 0.657323 0.342677 
 ----> close 240 1 0.604964 0.395036 
 ----> close 241 0 0.679242 0.320758 
 ----> close 242 1 0.650004 0.349996 
 ----> close 243 0 0.68899 0.31101 
 ----> close 244 1 0.621062 0.378938 
 ----> close 245 1 0.628602 0.371398 
 ----> close 246 0 0.643088 0.356912 
 ----> close 247 0 0.654456 0.345544 
 ----> close 248 1 0.571125 0.428875 
 ----> close 249 1 0.615826 0.384174 
 ----> close 250 0 0.679895 0.320105 
 ----> close 251 0 0.687363 0.312637 
 ----> close 252 0 0.676312 0.323688 
 ----> close 253 1 0.620572 0.379428 
 ----> close 254 0 0.651147 0.348853 
 ----> close 255 1 0.642974 0.357026 
 ----> close 256 0 0.666212 0.333788 
 ----> close 257 0 0.635389 0.364611 
 ----> close 258 0 0.656626 0.343374 
 ----> close 259 0 0.661551 0.338449 
 ----> close 260 1 0.645369 0.354631 
 ----> close 261 1 0.634874 0.365126 
 ----> close 262 0 0.682473 0.317527 
 ----> close 263 1 0.589854 0.410146 
 ----> close 264 1 0.617428 0.382572 
 ----> close 265 1 0.644665 0.355335 
 ----> close 266 0 0.648102 0.351898 
 ----> close 267 0 0.649605 0.350395 
 ----> close 268 1 0.682142 0.317858 
 ----> close 269 0 0.681381 0.318619 
 ----> close 270 1 0.64908 0.35092 
 ----> close 271 1 0.64198 0.35802 
 ----> close 272 0 0.676528 0.323472 
 ----> close 273 0 0.712557 0.287443 
 ----> close 274 1 0.653673 0.346327 
 ----> close 275 1 0.651481 0.348519 
 ----> close 276 0 0.668876 0.331124 
 ----> close 277 0 0.658862 0.341138 
 ----> close 278 0 0.669643 0.330357 
 ----> close 279 1 0.635766 0.364234 
 ----> close 280 1 0.65651 0.34349 
 ----> close 281 0 0.64994 0.35006 
 ----> close 282 1 0.630318 0.369682 
 ----> close 283 1 0.617323 0.382677 
 ----> close 284 1 0.607278 0.392722 
 ----> close 285 0 0.655954 0.344046 
 ----> close 286 0 0.644841 0.355159 
 ----> close 287 0 0.635029 0.364971 
 ----> close 288 1 0.654471 0.345529 
 ----> close 289 0 0.669235 0.330765 
 ----> close 290 0 0.607926 0.392074 
 ----> close 291 1 0.644568 0.355432 
 ----> close 292 0 0.655491 0.344509 
 ----> close 293 1 0.634915 0.365085 
 ----> close 294 1 0.626567 0.373433 
 ----> close 295 0 0.691543 0.308457 
 ----> close 296 0 0.666599 0.333401 
 ----> close 297 0 0.635172 0.364828 
 ----> close 298 1 0.603367 0.396633 
 ----> close 299 0 0.65239 0.34761 
 ----> close 300 0 0.6513 0.3487 
 ----> close 301 0 0.660599 0.339401 
 ----> close 302 0 0.665566 0.334434 
 ----> close 303 0 0.659478 0.340522 
 ----> close 304 0 0.644367 0.355633 
 ----> close 305 0 0.635707 0.364293 
 ----> close 306 0 0.669112 0.330888 
 ----> close 307 1 0.620212 0.379788 
 ----> close 308 0 0.683259 0.316741 
 ----> close 309 1 0.631216 0.368784 
 ----> close 310 0 0.674576 0.325424 
 ----> close 311 0 0.671525 0.328475 
 ----> close 312 0 0.685482 0.314518 
 ----> close 313 1 0.598256 0.401744 
 ----> close 314 0 0.672927 0.327073 
 ----> close 315 0 0.67744 0.32256 
 ----> close 316 0 0.671019 0.328981 
 ----> close 317 0 0.663294 0.336706 
 ----> close 318 0 0.689009 0.310991 
 ----> close 319 0 0.662316 0.337684 
 ----> close 320 0 0.678317 0.321683 
 ----> close 321 1 0.664271 0.335729 
 ----> close 322 1 0.643234 0.356766 
 ----> close 323 0 0.64966 0.35034 
 ----> close 324 0 0.647655 0.352345 
 ----> close 325 0 0.695133 0.304867 
 ----> close 326 1 0.657696 0.342304 
 ----> close 327 1 0.618176 0.381824 
 ----> close 328 0 0.65114 0.34886 
 ----> close 329 0 0.690587 0.309413 
 ----> close 330 0 0.672032 0.327968 
 ----> close 331 0 0.683212 0.316788 
 ----> close 332 0 0.669317 0.330683 
 ----> close 333 1 0.672425 0.327575 
 ----> close 334 1 0.62129 0.37871 
 ----> close 335 0 0.651091 0.348909 
 ----> close 336 1 0.629781 0.370219 
 ----> close 337 1 0.672376 0.327624 
 ----> close 338 1 0.636221 0.363779 
 ----> close 339 0 0.677018 0.322982 
 ----> close 340 0 0.660032 0.339968 
 ----> close 341 1 0.639414 0.360586 
 ----> close 342 1 0.609911 0.390089 
 ----> close 343 0 0.684375 0.315625 
 ----> close 344 0 0.660247 0.339753 
 ----> close 345 0 0.630683 0.369317 
 ----> close 346 0 0.69224 0.30776 
 ----> close 347 1 0.621423 0.378577 
 ----> close 348 0 0.651671 0.348329 
 ----> close 349 0 0.722378 0.277622 
 ----> close 350 1 0.642609 0.357391 
 ----> close 351 0 0.673898 0.326102 
 ----> close 352 0 0.697242 0.302758 
 ----> close 353 0 0.661956 0.338044 
 ----> close 354 0 0.668641 0.331359 
 ----> close 355 0 0.660109 0.339891 
 ----> close 356 0 0.680547 0.319453 
 ----> close 357 1 0.665515 0.334485 
 ----> close 358 0 0.687323 0.312677 
 ----> close 359 0 0.686273 0.313727 
 ----> close 360 0 0.672689 0.327311 
 ----> close 361 0 0.696256 0.303744 
 ----> close 362 1 0.675719 0.324281 
 ----> close 363 0 0.667523 0.332477 
 ----> close 364 0 0.670384 0.329616 
 ----> close 365 0 0.719485 0.280515 
 ----> close 366 1 0.645192 0.354808 
 ----> close 367 0 0.69654 0.30346 
 ----> close 368 0 0.692902 0.307098 
 ----> close 369 0 0.683645 0.316355 
 ----> close 370 1 0.649698 0.350302 
 ----> close 371 0 0.680658 0.319342 
 ----> close 372 0 0.66063 0.33937 
 ----> close 373 0 0.692567 0.307433 
 ----> close 374 0 0.690993 0.309007 
 ----> close 375 1 0.632663 0.367337 
 ----> close 376 0 0.68735 0.31265 
 ----> close 377 0 0.68704 0.31296 
 ----> close 378 1 0.664843 0.335157 
 ----> close 379 0 0.626489 0.373511 
 ----> close 380 0 0.686278 0.313722 
 ----> close 381 0 0.691318 0.308682 
 ----> close 382 0 0.689264 0.310736 
 ----> close 383 0 0.666754 0.333246 
 ----> close 384 0 0.714754 0.285246 
 ----> close 385 1 0.591743 0.408257 
 ----> close 386 0 0.717139 0.282861 
 ----> close 387 1 0.599218 0.400782 
 ----> close 388 1 0.618597 0.381403 
 ----> close 389 0 0.662987 0.337013 
 ----> close 390 0 0.635328 0.364672 
 ----> close 391 0 0.677956 0.322044 
 ----> close 392 1 0.708105 0.291895 
 ----> close 393 1 0.678959 0.321041 
 ----> close 394 0 0.70845 0.29155 
 ----> close 395 0 0.711395 0.288605 
 ----> close 396 0 0.680286 0.319714 
 ----> close 397 0 0.66719 0.33281 
 ----> close 398 1 0.663935 0.336065 
 ----> close 399 1 0.673136 0.326864 
 ----> close 400 1 0.647689 0.352311 
 ----> close 401 0 0.656455 0.343545 
 ----> close 402 0 0.722832 0.277168 
 ----> close 403 0 0.646542 0.353458 
 ----> close 404 0 0.678178 0.321822 
 ----> close 405 0 0.66579 0.33421 
 ----> close 406 1 0.64662 0.35338 
 ----> close 407 1 0.647462 0.352538 
 ----> close 408 0 0.699927 0.300073 
 ----> close 409 1 0.649413 0.350587 
 ----> close 410 0 0.66562 0.33438 
 ----> close 411 0 0.688266 0.311734 
 ----> close 412 0 0.659472 0.340528 
 ----> close 413 1 0.621666 0.378334 
 ----> close 414 0 0.666683 0.333317 
 ----> close 415 1 0.636284 0.363716 
 ----> close 416 0 0.678345 0.321655 
 ----> close 417 0 0.663017 0.336983 
 ----> close 418 1 0.622388 0.377612 
 ----> close 419 0 0.683885 0.316115 
 ----> close 420 0 0.689387 0.310613 
 ----> close 421 0 0.651839 0.348161 
 ----> close 422 0 0.667228 0.332772 
 ----> close 423 0 0.676001 0.323999 
 ----> close 424 0 0.667017 0.332983 
 ----> close 425 0 0.661535 0.338465 
 ----> close 426 1 0.585187 0.414813 
 ----> close 427 0 0.643777 0.356223 
 ----> close 428 0 0.642229 0.357771 
 ----> close 429 0 0.684039 0.315961 
 ----> close 430 0 0.649143 0.350857 
 ----> close 431 0 0.669006 0.330994 
 ----> close 432 0 0.667617 0.332383 
 ----> close 433 0 0.693635 0.306365 
 ----> close 434 0 0.671155 0.328845 
 ----> close 435 1 0.629746 0.370254 
 ----> close 436 0 0.663237 0.336763 
 ----> close 437 0 0.713852 0.286148 
 ----> close 438 0 0.641669 0.358331 
 ----> close 439 0 0.640254 0.359746 
 ----> close 440 0 0.658624 0.341376 
 ----> close 441 0 0.6478 0.3522 
 ----> close 442 0 0.696099 0.303901 
 ----> close 443 0 0.680528 0.319472 
 ----> close 444 0 0.700358 0.299642 
 ----> close 445 1 0.68051 0.31949 
 ----> close 446 0 0.669609 0.330391 
 ----> close 447 0 0.665748 0.334252 
 ----> close 448 0 0.659365 0.340635 
 ----> close 449 0 0.655976 0.344024 
 ----> close 450 0 0.743245 0.256755 
 ----> close 451 0 0.714206 0.285794 
 ----> close 452 0 0.703519 0.296481 
 ----> close 453 0 0.624057 0.375943 
 ----> close 454 1 0.637627 0.362373 
 ----> close 455 0 0.689897 0.310103 
 ----> close 456 0 0.696827 0.303173 
 ----> close 457 0 0.696016 0.303984 
 ----> close 458 1 0.636645 0.363355 
 ----> close 459 0 0.681801 0.318199 
 ----> close 460 0 0.669783 0.330217 
 ----> close 461 1 0.646926 0.353074 
 ----> close 462 0 0.646659 0.353341 
 ----> close 463 0 0.704466 0.295534 
 ----> close 464 0 0.647011 0.352989 
 ----> close 465 0 0.671024 0.328976 
 ----> close 466 0 0.681975 0.318025 
 ----> close 467 1 0.665807 0.334193 
 ----> close 468 0 0.721697 0.278303 
 ----> close 469 0 0.666137 0.333863 
 ----> close 470 1 0.63693 0.36307 
 ----> close 471 1 0.650465 0.349535 
 ----> close 472 0 0.670778 0.329222 
 ----> close 473 1 0.636488 0.363512 
 ----> close 474 0 0.693037 0.306963 
 ----> close 475 0 0.689186 0.310814 
 ----> close 476 0 0.698136 0.301864 
 ----> close 477 1 0.668983 0.331017 
 ----> close 478 0 0.658932 0.341068 
 ----> close 479 1 0.634843 0.365157 
 ----> close 480 0 0.678385 0.321615 
 ----> close 481 0 0.6841 0.3159 
 ----> close 482 0 0.691102 0.308898 
 ----> close 483 1 0.644674 0.355326 
 ----> close 484 0 0.663745 0.336255 
 ----> close 485 0 0.640902 0.359098 
 ----> close 486 0 0.667771 0.332229 
 ----> close 487 0 0.683747 0.316253 
 ----> close 488 1 0.66706 0.33294 
 ----> close 489 1 0.617433 0.382567 
 ----> close 490 0 0.686762 0.313238 
 ----> close 491 1 0.652475 0.347525 
 ----> close 492 0 0.636528 0.363472 
 ----> close 493 0 0.710381 0.289619 
 ----> close 494 0 0.677826 0.322174 
 ----> close 495 1 0.645389 0.354611 
 ----> close 496 0 0.654645 0.345355 
 ----> close 497 0 0.627666 0.372334 
 ----> close 498 0 0.638397 0.361603 
 ----> close 499 1 0.646156 0.353844 
 ----> close 500 1 0.638778 0.361222 
 ----> close 501 0 0.683673 0.316327 
 ----> close 502 0 0.65122 0.34878 
 ----> close 503 0 0.660169 0.339831 
 ----> close 504 0 0.631137 0.368863 
 ----> close 505 0 0.630988 0.369012 
 ----> close 506 0 0.724189 0.275811 
 ----> close 507 0 0.654564 0.345436 
 ----> close 508 1 0.600725 0.399275 
 ----> close 509 1 0.630009 0.369991 
 ----> close 510 0 0.66038 0.33962 
 ----> close 511 0 0.644522 0.355478 
 ----> close 512 0 0.648693 0.351307 
 ----> close 513 0 0.675136 0.324864 
 ----> close 514 1 0.665009 0.334991 
 ----> close 515 0 0.726261 0.273739 
 ----> close 516 0 0.709962 0.290038 
 ----> close 517 1 0.682737 0.317263 
 ----> close 518 0 0.652328 0.347672 
 ----> close 519 0 0.665864 0.334136 
 ----> close 520 1 0.629167 0.370833 
 ----> close 521 1 0.60294 0.39706 
 ----> close 522 0 0.668266 0.331734 
 ----> close 523 1 0.585327 0.414673 
 ----> close 524 0 0.719297 0.280703 
 ----> close 525 0 0.675079 0.324921 
 ----> close 526 0 0.666372 0.333628 
 ----> close 527 0 0.634307 0.365693 
 ----> close 528 0 0.664973 0.335027 
 ----> close 529 1 0.59873 0.40127 
 ----> close 530 0 0.682056 0.317944 
 ----> close 531 1 0.636298 0.363702 
 ----> close 532 0 0.722532 0.277468 
 ----> close 533 0 0.657659 0.342341 
 ----> close 534 0 0.65405 0.34595 
 ----> close 535 1 0.64729 0.35271 
 ----> close 536 0 0.675669 0.324331 
 ----> close 537 0 0.684508 0.315492 
 ----> close 538 0 0.72083 0.27917 
 ----> close 539 1 0.657403 0.342597 
 ----> close 540 0 0.664919 0.335081 
 ----> close 541 1 0.657887 0.342113 
 ----> close 542 0 0.669309 0.330691 
 ----> close 543 1 0.672725 0.327275 
 ----> close 544 0 0.689049 0.310951 
 ----> close 545 1 0.656494 0.343506 
 ----> close 546 0 0.705672 0.294328 
 ----> close 547 0 0.64936 0.35064 
 ----> close 548 1 0.626567 0.373433 
 ----> close 549 0 0.643471 0.356529 
 ----> close 550 0 0.651577 0.348423 
 ----> close 551 0 0.622061 0.377939 
 ----> close 552 1 0.646243 0.353757 
 ----> close 553 1 0.656202 0.343798 
 ----> close 554 1 0.639695 0.360305 
 ----> close 555 1 0.633724 0.366276 
 ----> close 556 0 0.693682 0.306318 
 ----> close 557 0 0.635658 0.364342 
 ----> close 558 0 0.699174 0.300826 
 ----> close 559 0 0.691412 0.308588 
 ----> close 560 0 0.672842 0.327158 
 ----> close 561 1 0.598762 0.401238 
 ----> close 562 0 0.662592 0.337408 
 ----> close 563 0 0.708335 0.291665 
 ----> close 564 0 0.699791 0.300209 
 ----> close 565 0 0.656929 0.343071 
 ----> close 566 0 0.648765 0.351235 
 ----> close 567 0 0.663571 0.336429 
 ----> close 568 0 0.661543 0.338457 
 ----> close 569 1 0.610618 0.389382 
 ----> close 570 0 0.639866 0.360134 
 ----> close 571 1 0.6607 0.3393 
 ----> close 572 0 0.660167 0.339833 
 ----> close 573 0 0.628591 0.371409 
 ----> close 574 0 0.678949 0.321051 
 ----> close 575 1 0.642466 0.357534 
 ----> close 576 0 0.724838 0.275162 
 ----> close 577 1 0.671779 0.328221 
 ----> close 578 0 0.683984 0.316016 
 ----> close 579 0 0.684674 0.315326 
 ----> close 580 1 0.678173 0.321827 
 ----> close 581 0 0.678188 0.321812 
 ----> close 582 0 0.619229 0.380771 
 ----> close 583 1 0.634728 0.365272 
 ----> close 584 0 0.682394 0.317606 
 ----> close 585 0 0.677733 0.322267 
 ----> close 586 0 0.650037 0.349963 
 ----> close 587 0 0.691172 0.308828 
 ----> close 588 0 0.664377 0.335623 
 ----> close 589 1 0.596722 0.403278 
 ----> close 590 0 0.674892 0.325108 
 ----> close 591 1 0.634967 0.365033 
 ----> close 592 1 0.657472 0.342528 
 ----> close 593 0 0.627836 0.372164 
 ----> close 594 0 0.68121 0.31879 
 ----> close 595 0 0.660403 0.339597 
 ----> close 596 0 0.640508 0.359492 
 ----> close 597 0 0.642263 0.357737 
 ----> close 598 0 0.705127 0.294873 
 ----> close 599 0 0.667893 0.332107 
 ----> close 600 0 0.682102 0.317898 
 ----> close 601 0 0.672545 0.327455 
 ----> close 602 1 0.607202 0.392798 
 ----> close 603 0 0.668562 0.331438 
 ----> close 604 0 0.661506 0.338494 
 ----> close 605 0 0.665096 0.334904 
 ----> close 606 0 0.660501 0.339499 
 ----> close 607 1 0.601694 0.398306 
 ----> close 608 0 0.691447 0.308553 
 ----> close 609 0 0.64482 0.35518 
 ----> close 610 0 0.69554 0.30446 
 ----> close 611 0 0.674386 0.325614 
 ----> close 612 0 0.703317 0.296683 
 ----> close 613 0 0.687633 0.312367 
 ----> close 614 0 0.649861 0.350139 
 ----> close 615 0 0.678964 0.321036 
 ----> close 616 0 0.708231 0.291769 
 ----> close 617 0 0.703058 0.296942 
 ----> close 618 0 0.676025 0.323975 
 ----> close 619 1 0.625809 0.374191 
 ----> close 620 1 0.654811 0.345189 
 ----> close 621 0 0.672103 0.327897 
 ----> close 622 0 0.701902 0.298098 
 ----> close 623 1 0.604639 0.395361 
 ----> close 624 0 0.686543 0.313457 
 ----> close 625 0 0.673924 0.326076 
 ----> close 626 0 0.723396 0.276604 
 ----> close 627 0 0.688851 0.311149 
 ----> close 628 1 0.645753 0.354247 
 ----> close 629 0 0.66343 0.33657 
 ----> close 630 0 0.702972 0.297028 
 ----> close 631 1 0.673622 0.326378 
 ----> close 632 1 0.617518 0.382482 
 ----> close 633 0 0.693891 0.306109 
 ----> close 634 1 0.635545 0.364455 
 ----> close 635 0 0.713803 0.286197 
 ----> close 636 1 0.660482 0.339518 
 ----> close 637 0 0.681346 0.318654 
 ----> close 638 0 0.692916 0.307084 
 ----> close 639 1 0.677042 0.322958 
 ----> close 640 0 0.677153 0.322847 
 ----> close 641 0 0.660658 0.339342 
 ----> close 642 0 0.698461 0.301539 
 ----> close 643 0 0.67309 0.32691 
 ----> close 644 0 0.683854 0.316146 
 ----> close 645 0 0.635019 0.364981 
 ----> close 646 1 0.640341 0.359659 
 ----> close 647 0 0.68107 0.31893 
 ----> close 648 0 0.682787 0.317213 
 ----> close 649 0 0.719312 0.280688 
 ----> close 650 0 0.680208 0.319792 
 ----> close 651 1 0.666869 0.333131 
 ----> close 652 0 0.691394 0.308606 
 ----> close 653 1 0.645084 0.354916 
 ----> close 654 0 0.705573 0.294427 
 ----> close 655 0 0.748005 0.251995 
 ----> close 656 0 0.686082 0.313918 
 ----> close 657 0 0.696065 0.303935 
 ----> close 658 0 0.653836 0.346164 
 ----> close 659 0 0.658515 0.341485 
 ----> close 660 0 0.666181 0.333819 
 ----> close 661 0 0.672094 0.327906 
 ----> close 662 0 0.707247 0.292753 
 ----> close 663 1 0.607764 0.392236 
 ----> close 664 1 0.628599 0.371401 
 ----> close 665 0 0.693011 0.306989 
 ----> close 666 0 0.678614 0.321386 
 ----> close 667 0 0.706383 0.293617 
 ----> close 668 0 0.716567 0.283433 
 ----> close 669 0 0.662184 0.337816 
 ----> close 670 0 0.705489 0.294511 
 ----> close 671 0 0.697971 0.302029 
 ----> close 672 0 0.719415 0.280585 
 ----> close 673 0 0.628411 0.371589 
 ----> close 674 1 0.619049 0.380951 
 ----> close 675 1 0.63706 0.36294 
 ----> close 676 0 0.685274 0.314726 
 ----> close 677 1 0.639516 0.360484 
 ----> close 678 1 0.665879 0.334121 
 ----> close 679 0 0.679039 0.320961 
 ----> close 680 1 0.650138 0.349862 
 ----> close 681 0 0.651669 0.348331 
 ----> close 682 0 0.67702 0.32298 
 ----> close 683 0 0.676446 0.323554 
 ----> close 684 0 0.659519 0.340481 
 ----> close 685 0 0.728018 0.271982 
 ----> close 686 0 0.696593 0.303407 
 ----> close 687 0 0.662691 0.337309 
 ----> close 688 0 0.678347 0.321653 
 ----> close 689 0 0.664306 0.335694 
 ----> close 690 1 0.667723 0.332277 
 ----> close 691 0 0.643821 0.356179 
 ----> close 692 0 0.669114 0.330886 
 ----> close 693 1 0.65478 0.34522 
 ----> close 694 0 0.647721 0.352279 
 ----> close 695 0 0.676285 0.323715 
 ----> close 696 0 0.706896 0.293104 
 ----> close 697 0 0.664021 0.335979 
 ----> close 698 1 0.677393 0.322607 
 ----> close 699 0 0.68349 0.31651 
 ----> close 700 1 0.65024 0.34976 
 ----> close 701 0 0.680823 0.319177 
 ----> close 702 0 0.696972 0.303028 
 ----> close 703 0 0.665699 0.334301 
 ----> close 704 0 0.667906 0.332094 
 ----> close 705 0 0.652728 0.347272 
 ----> close 706 0 0.685441 0.314559 
 ----> close 707 0 0.670096 0.329904 
 ----> close 708 0 0.692463 0.307537 
 ----> close 709 0 0.659927 0.340073 
 ----> close 710 0 0.700193 0.299807 
 ----> close 711 0 0.665695 0.334305 
 ----> close 712 0 0.680819 0.319181 
 ----> close 713 1 0.667714 0.332286 
 ----> close 714 1 0.691573 0.308427 
 ----> close 715 1 0.721216 0.278784 
 ----> close 716 1 0.627927 0.372073 
 ----> close 717 0 0.671889 0.328111 
 ----> close 718 0 0.677184 0.322816 
