 ----> close 1 1 0.661211 0.338789 
 ----> close 2 0 0.642454 0.357546 
 ----> close 3 1 0.640343 0.359657 
 ----> close 4 1 0.653474 0.346526 
 ----> close 5 1 0.59763 0.40237 
 ----> close 6 1 0.717542 0.282458 
 ----> close 7 0 0.634452 0.365548 
 ----> close 8 0 0.646475 0.353525 
 ----> close 9 0 0.701632 0.298368 
 ----> close 10 1 0.64136 0.35864 
 ----> close 11 1 0.67646 0.32354 
 ----> close 12 0 0.672681 0.327319 
 ----> close 13 0 0.686244 0.313756 
 ----> close 14 1 0.62465 0.37535 
 ----> close 15 1 0.58536 0.41464 
 ----> close 16 1 0.657811 0.342189 
 ----> close 17 1 0.598977 0.401023 
 ----> close 18 0 0.627379 0.372621 
 ----> close 19 0 0.666906 0.333094 
 ----> close 20 0 0.660432 0.339568 
 ----> close 21 1 0.666856 0.333144 
 ----> close 22 0 0.703649 0.296351 
 ----> close 23 0 0.657401 0.342599 
 ----> close 24 0 0.658566 0.341434 
 ----> close 25 0 0.721018 0.278982 
 ----> close 26 1 0.613151 0.386849 
 ----> close 27 1 0.646683 0.353317 
 ----> close 28 1 0.617574 0.382426 
 ----> close 29 0 0.67048 0.32952 
 ----> close 30 0 0.644331 0.355669 
 ----> close 31 0 0.665839 0.334161 
 ----> close 32 0 0.688125 0.311875 
 ----> close 33 0 0.618912 0.381088 
 ----> close 34 1 0.602249 0.397751 
 ----> close 35 1 0.679837 0.320163 
 ----> close 36 0 0.650009 0.349991 
 ----> close 37 0 0.635541 0.364459 
 ----> close 38 0 0.703312 0.296688 
 ----> close 39 0 0.687032 0.312968 
 ----> close 40 1 0.690922 0.309078 
 ----> close 41 1 0.645263 0.354737 
 ----> close 42 1 0.621454 0.378546 
 ----> close 43 0 0.686698 0.313302 
 ----> close 44 1 0.655568 0.344432 
 ----> close 45 1 0.621353 0.378647 
 ----> close 46 0 0.670871 0.329129 
 ----> close 47 1 0.602483 0.397517 
 ----> close 48 1 0.648547 0.351453 
 ----> close 49 1 0.665717 0.334283 
 ----> close 50 1 0.658717 0.341283 
 ----> close 51 0 0.689601 0.310399 
 ----> close 52 1 0.636259 0.363741 
 ----> close 53 0 0.667516 0.332484 
 ----> close 54 0 0.657581 0.342419 
 ----> close 55 0 0.660848 0.339152 
 ----> close 56 1 0.646001 0.353999 
 ----> close 57 1 0.621011 0.378989 
 ----> close 58 0 0.670118 0.329882 
 ----> close 59 1 0.658185 0.341815 
 ----> close 60 0 0.64174 0.35826 
 ----> close 61 0 0.661272 0.338728 
 ----> close 62 0 0.638009 0.361991 
 ----> close 63 1 0.661122 0.338878 
 ----> close 64 1 0.647896 0.352104 
 ----> close 65 0 0.692434 0.307566 
 ----> close 66 0 0.660151 0.339849 
 ----> close 67 1 0.655958 0.344042 
 ----> close 68 1 0.619774 0.380226 
 ----> close 69 0 0.658983 0.341017 
 ----> close 70 1 0.624953 0.375047 
 ----> close 71 1 0.638237 0.361763 
 ----> close 72 1 0.66278 0.33722 
 ----> close 73 0 0.655834 0.344166 
 ----> close 74 0 0.688892 0.311108 
 ----> close 75 0 0.678882 0.321118 
 ----> close 76 1 0.637489 0.362511 
 ----> close 77 0 0.686868 0.313132 
 ----> close 78 1 0.669203 0.330797 
 ----> close 79 0 0.667282 0.332718 
 ----> close 80 1 0.623693 0.376307 
 ----> close 81 1 0.614678 0.385322 
 ----> close 82 1 0.617235 0.382765 
 ----> close 83 1 0.634791 0.365209 
 ----> close 84 1 0.654928 0.345072 
 ----> close 85 0 0.660184 0.339816 
 ----> close 86 0 0.655259 0.344741 
 ----> close 87 1 0.68162 0.31838 
 ----> close 88 1 0.658536 0.341464 
 ----> close 89 1 0.686601 0.313399 
 ----> close 90 1 0.658585 0.341415 
 ----> close 91 1 0.652097 0.347903 
 ----> close 92 0 0.673778 0.326222 
 ----> close 93 0 0.651159 0.348841 
 ----> close 94 1 0.647955 0.352045 
 ----> close 95 0 0.654027 0.345973 
 ----> close 96 0 0.679265 0.320735 
 ----> close 97 1 0.656164 0.343836 
 ----> close 98 1 0.637163 0.362837 
 ----> close 99 1 0.652375 0.347625 
 ----> close 100 0 0.612193 0.387807 
 ----> close 101 1 0.652493 0.347507 
 ----> close 102 0 0.672297 0.327703 
 ----> close 103 0 0.678152 0.321848 
 ----> close 104 0 0.674528 0.325472 
 ----> close 105 1 0.654161 0.345839 
 ----> close 106 0 0.698263 0.301737 
 ----> close 107 0 0.674183 0.325817 
 ----> close 108 0 0.61395 0.38605 
 ----> close 109 0 0.708902 0.291098 
 ----> close 110 1 0.641851 0.358149 
 ----> close 111 0 0.672957 0.327043 
 ----> close 112 0 0.6491 0.3509 
 ----> close 113 1 0.634227 0.365773 
 ----> close 114 1 0.625446 0.374554 
 ----> close 115 0 0.665668 0.334332 
 ----> close 116 0 0.641914 0.358086 
 ----> close 117 1 0.661078 0.338922 
 ----> close 118 1 0.6352 0.3648 
 ----> close 119 1 0.621195 0.378805 
 ----> close 120 0 0.643289 0.356711 
 ----> close 121 0 0.662209 0.337791 
 ----> close 122 1 0.625831 0.374169 
 ----> close 123 1 0.619905 0.380095 
 ----> close 124 0 0.664723 0.335277 
 ----> close 125 1 0.639634 0.360366 
 ----> close 126 0 0.673138 0.326862 
 ----> close 127 0 0.686367 0.313633 
 ----> close 128 0 0.60688 0.39312 
 ----> close 129 1 0.652683 0.347317 
 ----> close 130 0 0.65022 0.34978 
 ----> close 131 0 0.662082 0.337918 
 ----> close 132 0 0.657669 0.342331 
 ----> close 133 1 0.674729 0.325271 
 ----> close 134 1 0.614537 0.385463 
 ----> close 135 1 0.648714 0.351286 
 ----> close 136 0 0.676199 0.323801 
 ----> close 137 1 0.625306 0.374694 
 ----> close 138 0 0.687367 0.312633 
 ----> close 139 0 0.687868 0.312132 
 ----> close 140 1 0.621051 0.378949 
 ----> close 141 1 0.639266 0.360734 
 ----> close 142 1 0.675068 0.324932 
 ----> close 143 0 0.670822 0.329178 
 ----> close 144 1 0.643285 0.356715 
 ----> close 145 0 0.640871 0.359129 
 ----> close 146 0 0.656453 0.343547 
 ----> close 147 0 0.648837 0.351163 
 ----> close 148 0 0.676543 0.323457 
 ----> close 149 1 0.659147 0.340853 
 ----> close 150 1 0.631166 0.368834 
 ----> close 151 1 0.627783 0.372217 
 ----> close 152 0 0.661188 0.338812 
 ----> close 153 0 0.651866 0.348134 
 ----> close 154 0 0.671109 0.328891 
 ----> close 155 1 0.621089 0.378911 
 ----> close 156 1 0.641327 0.358673 
 ----> close 157 1 0.63223 0.36777 
 ----> close 158 0 0.658084 0.341916 
 ----> close 159 1 0.610357 0.389643 
 ----> close 160 0 0.63433 0.36567 
 ----> close 161 0 0.653192 0.346808 
 ----> close 162 1 0.637253 0.362747 
 ----> close 163 1 0.613039 0.386961 
 ----> close 164 1 0.606456 0.393544 
 ----> close 165 1 0.665335 0.334665 
 ----> close 166 0 0.642568 0.357432 
 ----> close 167 1 0.626344 0.373656 
 ----> close 168 0 0.654942 0.345058 
 ----> close 169 0 0.66313 0.33687 
 ----> close 170 1 0.640951 0.359049 
 ----> close 171 1 0.64118 0.35882 
 ----> close 172 0 0.688668 0.311332 
 ----> close 173 1 0.655041 0.344959 
 ----> close 174 0 0.67173 0.32827 
 ----> close 175 1 0.612435 0.387565 
 ----> close 176 0 0.665462 0.334538 
 ----> close 177 0 0.640599 0.359401 
 ----> close 178 1 0.645715 0.354285 
 ----> close 179 0 0.685469 0.314531 
 ----> close 180 0 0.651345 0.348655 
 ----> close 181 0 0.69524 0.30476 
 ----> close 182 0 0.670511 0.329489 
 ----> close 183 1 0.661395 0.338605 
 ----> close 184 1 0.626803 0.373197 
 ----> close 185 1 0.65748 0.34252 
 ----> close 186 0 0.685521 0.314479 
 ----> close 187 0 0.641095 0.358905 
 ----> close 188 1 0.614779 0.385221 
 ----> close 189 1 0.645935 0.354065 
 ----> close 190 0 0.681646 0.318354 
 ----> close 191 0 0.678416 0.321584 
 ----> close 192 1 0.626337 0.373663 
 ----> close 193 0 0.640824 0.359176 
 ----> close 194 0 0.66999 0.33001 
 ----> close 195 0 0.660158 0.339842 
 ----> close 196 1 0.656814 0.343186 
 ----> close 197 0 0.678477 0.321523 
 ----> close 198 0 0.692805 0.307195 
 ----> close 199 0 0.640162 0.359838 
 ----> close 200 0 0.648563 0.351437 
 ----> close 201 0 0.673771 0.326229 
 ----> close 202 0 0.642277 0.357723 
 ----> close 203 1 0.671695 0.328305 
 ----> close 204 1 0.667176 0.332824 
 ----> close 205 0 0.672249 0.327751 
 ----> close 206 1 0.631239 0.368761 
 ----> close 207 1 0.655275 0.344725 
 ----> close 208 0 0.672612 0.327388 
 ----> close 209 0 0.682606 0.317394 
 ----> close 210 0 0.703399 0.296601 
 ----> close 211 0 0.681845 0.318155 
 ----> close 212 0 0.652925 0.347075 
 ----> close 213 1 0.607079 0.392921 
 ----> close 214 0 0.641217 0.358783 
 ----> close 215 1 0.623043 0.376957 
 ----> close 216 0 0.658607 0.341393 
 ----> close 217 1 0.636836 0.363164 
 ----> close 218 0 0.654153 0.345847 
 ----> close 219 0 0.635548 0.364452 
 ----> close 220 0 0.656001 0.343999 
 ----> close 221 0 0.661205 0.338795 
 ----> close 222 1 0.680664 0.319336 
 ----> close 223 1 0.605173 0.394827 
 ----> close 224 0 0.656675 0.343325 
 ----> close 225 1 0.633018 0.366982 
 ----> close 226 1 0.628161 0.371839 
 ----> close 227 0 0.655622 0.344378 
 ----> close 228 0 0.64407 0.35593 
 ----> close 229 0 0.628312 0.371688 
 ----> close 230 0 0.630445 0.369555 
 ----> close 231 0 0.654098 0.345902 
 ----> close 232 1 0.666727 0.333273 
 ----> close 233 0 0.666827 0.333173 
 ----> close 234 0 0.688895 0.311105 
 ----> close 235 0 0.674191 0.325809 
 ----> close 236 1 0.652596 0.347404 
 ----> close 237 0 0.6585 0.3415 
 ----> close 238 0 0.656319 0.343681 
 ----> close 239 0 0.678287 0.321713 
 ----> close 240 1 0.645612 0.354388 
 ----> close 241 0 0.66703 0.33297 
 ----> close 242 1 0.652006 0.347994 
 ----> close 243 0 0.667396 0.332604 
 ----> close 244 1 0.633521 0.366479 
 ----> close 245 1 0.650649 0.349351 
 ----> close 246 0 0.664414 0.335586 
 ----> close 247 0 0.662022 0.337978 
 ----> close 248 1 0.624607 0.375393 
 ----> close 249 1 0.634171 0.365829 
 ----> close 250 0 0.608084 0.391916 
 ----> close 251 0 0.654185 0.345815 
 ----> close 252 0 0.649278 0.350722 
 ----> close 253 1 0.622943 0.377057 
 ----> close 254 0 0.664314 0.335686 
 ----> close 255 1 0.651966 0.348034 
 ----> close 256 0 0.645754 0.354246 
 ----> close 257 0 0.653136 0.346864 
 ----> close 258 0 0.642366 0.357634 
 ----> close 259 0 0.678376 0.321624 
 ----> close 260 1 0.657683 0.342317 
 ----> close 261 1 0.657708 0.342292 
 ----> close 262 0 0.675536 0.324464 
 ----> close 263 1 0.654379 0.345621 
 ----> close 264 1 0.632939 0.367061 
 ----> close 265 1 0.619197 0.380803 
 ----> close 266 0 0.6628 0.3372 
 ----> close 267 0 0.65091 0.34909 
 ----> close 268 1 0.633348 0.366652 
 ----> close 269 0 0.650231 0.349769 
 ----> close 270 1 0.650975 0.349025 
 ----> close 271 1 0.655165 0.344835 
 ----> close 272 0 0.650313 0.349687 
 ----> close 273 0 0.687881 0.312119 
 ----> close 274 1 0.622401 0.377599 
 ----> close 275 1 0.626957 0.373043 
 ----> close 276 0 0.72411 0.27589 
 ----> close 277 0 0.643156 0.356844 
 ----> close 278 0 0.669179 0.330821 
 ----> close 279 1 0.602874 0.397126 
 ----> close 280 1 0.650842 0.349158 
 ----> close 281 0 0.639942 0.360058 
 ----> close 282 1 0.643838 0.356162 
 ----> close 283 1 0.637827 0.362173 
 ----> close 284 1 0.659168 0.340832 
 ----> close 285 0 0.676831 0.323169 
 ----> close 286 0 0.655013 0.344987 
 ----> close 287 0 0.636995 0.363005 
 ----> close 288 1 0.661147 0.338853 
 ----> close 289 0 0.688146 0.311854 
 ----> close 290 0 0.673414 0.326586 
 ----> close 291 1 0.650083 0.349917 
 ----> close 292 0 0.638285 0.361715 
 ----> close 293 1 0.62739 0.37261 
 ----> close 294 1 0.602841 0.397159 
 ----> close 295 0 0.64073 0.35927 
 ----> close 296 0 0.631241 0.368759 
 ----> close 297 0 0.723732 0.276268 
 ----> close 298 1 0.648002 0.351998 
 ----> close 299 0 0.705121 0.294879 
 ----> close 300 0 0.64759 0.35241 
 ----> close 301 0 0.64452 0.35548 
 ----> close 302 0 0.669912 0.330088 
 ----> close 303 0 0.650321 0.349679 
 ----> close 304 0 0.691358 0.308642 
 ----> close 305 0 0.652487 0.347513 
 ----> close 306 0 0.638036 0.361964 
 ----> close 307 1 0.642755 0.357245 
 ----> close 308 0 0.651364 0.348636 
 ----> close 309 1 0.618899 0.381101 
 ----> close 310 0 0.659955 0.340045 
 ----> close 311 0 0.671761 0.328239 
 ----> close 312 0 0.669491 0.330509 
 ----> close 313 1 0.647411 0.352589 
 ----> close 314 0 0.64532 0.35468 
 ----> close 315 0 0.707215 0.292785 
 ----> close 316 0 0.686352 0.313648 
 ----> close 317 0 0.687675 0.312325 
 ----> close 318 0 0.682637 0.317363 
 ----> close 319 0 0.609261 0.390739 
 ----> close 320 0 0.689824 0.310176 
 ----> close 321 1 0.656145 0.343855 
 ----> close 322 1 0.636031 0.363969 
 ----> close 323 0 0.680442 0.319558 
 ----> close 324 0 0.6653 0.3347 
 ----> close 325 0 0.657581 0.342419 
 ----> close 326 1 0.645219 0.354781 
 ----> close 327 1 0.658193 0.341807 
 ----> close 328 0 0.687816 0.312184 
 ----> close 329 0 0.685541 0.314459 
 ----> close 330 0 0.694454 0.305546 
 ----> close 331 0 0.670565 0.329435 
 ----> close 332 0 0.674063 0.325937 
 ----> close 333 1 0.642535 0.357465 
 ----> close 334 1 0.646926 0.353074 
 ----> close 335 0 0.663035 0.336965 
 ----> close 336 1 0.616009 0.383991 
 ----> close 337 1 0.670967 0.329033 
 ----> close 338 1 0.604652 0.395348 
 ----> close 339 0 0.670436 0.329564 
 ----> close 340 0 0.672413 0.327587 
 ----> close 341 1 0.633645 0.366355 
 ----> close 342 1 0.632264 0.367736 
 ----> close 343 0 0.702378 0.297622 
 ----> close 344 0 0.682859 0.317141 
 ----> close 345 0 0.653715 0.346285 
 ----> close 346 0 0.674629 0.325371 
 ----> close 347 1 0.639711 0.360289 
 ----> close 348 0 0.659428 0.340572 
 ----> close 349 0 0.654237 0.345763 
 ----> close 350 1 0.654134 0.345866 
 ----> close 351 0 0.665027 0.334973 
 ----> close 352 0 0.643664 0.356336 
 ----> close 353 0 0.637172 0.362828 
 ----> close 354 0 0.628376 0.371624 
 ----> close 355 0 0.654056 0.345944 
 ----> close 356 0 0.65259 0.34741 
 ----> close 357 1 0.646257 0.353743 
 ----> close 358 0 0.680122 0.319878 
 ----> close 359 0 0.646889 0.353111 
 ----> close 360 0 0.671212 0.328788 
 ----> close 361 0 0.697891 0.302109 
 ----> close 362 1 0.644053 0.355947 
 ----> close 363 0 0.655737 0.344263 
 ----> close 364 0 0.714749 0.285251 
 ----> close 365 0 0.665212 0.334788 
 ----> close 366 1 0.627318 0.372682 
 ----> close 367 0 0.646508 0.353492 
 ----> close 368 0 0.681179 0.318821 
 ----> close 369 0 0.69503 0.30497 
 ----> close 370 1 0.660044 0.339956 
 ----> close 371 0 0.669969 0.330031 
 ----> close 372 0 0.685076 0.314924 
 ----> close 373 0 0.67524 0.32476 
 ----> close 374 0 0.653805 0.346195 
 ----> close 375 1 0.675107 0.324893 
 ----> close 376 0 0.697836 0.302164 
 ----> close 377 0 0.66509 0.33491 
 ----> close 378 1 0.612123 0.387877 
 ----> close 379 0 0.688238 0.311762 
 ----> close 380 0 0.664664 0.335336 
 ----> close 381 0 0.650705 0.349295 
 ----> close 382 0 0.684028 0.315972 
 ----> close 383 0 0.667959 0.332041 
 ----> close 384 0 0.66162 0.33838 
 ----> close 385 1 0.63931 0.36069 
 ----> close 386 0 0.674105 0.325895 
 ----> close 387 1 0.659523 0.340477 
 ----> close 388 1 0.639486 0.360514 
 ----> close 389 0 0.674099 0.325901 
 ----> close 390 0 0.685827 0.314173 
 ----> close 391 0 0.703486 0.296514 
 ----> close 392 1 0.65257 0.34743 
 ----> close 393 1 0.618042 0.381958 
 ----> close 394 0 0.704491 0.295509 
 ----> close 395 0 0.667617 0.332383 
 ----> close 396 0 0.660401 0.339599 
 ----> close 397 0 0.672944 0.327056 
 ----> close 398 1 0.662318 0.337682 
 ----> close 399 1 0.633103 0.366897 
 ----> close 400 1 0.631712 0.368288 
 ----> close 401 0 0.689066 0.310934 
 ----> close 402 0 0.686183 0.313817 
 ----> close 403 0 0.68666 0.31334 
 ----> close 404 0 0.678932 0.321068 
 ----> close 405 0 0.656548 0.343452 
 ----> close 406 1 0.662755 0.337245 
 ----> close 407 1 0.656912 0.343088 
 ----> close 408 0 0.648534 0.351466 
 ----> close 409 1 0.644014 0.355986 
 ----> close 410 0 0.697558 0.302442 
 ----> close 411 0 0.698236 0.301764 
 ----> close 412 0 0.692761 0.307239 
 ----> close 413 1 0.659949 0.340051 
 ----> close 414 0 0.660687 0.339313 
 ----> close 415 1 0.634386 0.365614 
 ----> close 416 0 0.620536 0.379464 
 ----> close 417 0 0.680906 0.319094 
 ----> close 418 1 0.655228 0.344772 
 ----> close 419 0 0.67169 0.32831 
 ----> close 420 0 0.698426 0.301574 
 ----> close 421 0 0.676735 0.323265 
 ----> close 422 0 0.677693 0.322307 
 ----> close 423 0 0.700225 0.299775 
 ----> close 424 0 0.636718 0.363282 
 ----> close 425 0 0.69813 0.30187 
 ----> close 426 1 0.651444 0.348556 
 ----> close 427 0 0.669247 0.330753 
 ----> close 428 0 0.704623 0.295377 
 ----> close 429 0 0.692261 0.307739 
 ----> close 430 0 0.678802 0.321198 
 ----> close 431 0 0.685678 0.314322 
 ----> close 432 0 0.648975 0.351025 
 ----> close 433 0 0.677685 0.322315 
 ----> close 434 0 0.677051 0.322949 
 ----> close 435 1 0.646511 0.353489 
 ----> close 436 0 0.662212 0.337788 
 ----> close 437 0 0.653281 0.346719 
 ----> close 438 0 0.680964 0.319036 
 ----> close 439 0 0.660268 0.339732 
 ----> close 440 0 0.646891 0.353109 
 ----> close 441 0 0.708161 0.291839 
 ----> close 442 0 0.682255 0.317745 
 ----> close 443 0 0.714287 0.285713 
 ----> close 444 0 0.63931 0.36069 
 ----> close 445 1 0.623608 0.376392 
 ----> close 446 0 0.693529 0.306471 
 ----> close 447 0 0.695621 0.304379 
 ----> close 448 0 0.636925 0.363075 
 ----> close 449 0 0.681924 0.318076 
 ----> close 450 0 0.659339 0.340661 
 ----> close 451 0 0.670057 0.329943 
 ----> close 452 0 0.671824 0.328176 
 ----> close 453 0 0.64349 0.35651 
 ----> close 454 1 0.645771 0.354229 
 ----> close 455 0 0.690979 0.309021 
 ----> close 456 0 0.670467 0.329533 
 ----> close 457 0 0.659554 0.340446 
 ----> close 458 1 0.641663 0.358337 
 ----> close 459 0 0.638772 0.361228 
 ----> close 460 0 0.64089 0.35911 
 ----> close 461 1 0.634525 0.365475 
 ----> close 462 0 0.658641 0.341359 
 ----> close 463 0 0.647928 0.352072 
 ----> close 464 0 0.700673 0.299327 
 ----> close 465 0 0.699879 0.300121 
 ----> close 466 0 0.652558 0.347442 
 ----> close 467 1 0.62222 0.37778 
 ----> close 468 0 0.726418 0.273582 
 ----> close 469 0 0.639771 0.360229 
 ----> close 470 1 0.633936 0.366064 
 ----> close 471 1 0.664653 0.335347 
 ----> close 472 0 0.687905 0.312095 
 ----> close 473 1 0.636125 0.363875 
 ----> close 474 0 0.668289 0.331711 
 ----> close 475 0 0.695024 0.304976 
 ----> close 476 0 0.703656 0.296344 
 ----> close 477 1 0.637881 0.362119 
 ----> close 478 0 0.656737 0.343263 
 ----> close 479 1 0.663001 0.336999 
 ----> close 480 0 0.667364 0.332636 
 ----> close 481 0 0.660874 0.339126 
 ----> close 482 0 0.687324 0.312676 
 ----> close 483 1 0.668781 0.331219 
 ----> close 484 0 0.683762 0.316238 
 ----> close 485 0 0.641205 0.358795 
 ----> close 486 0 0.682753 0.317247 
 ----> close 487 0 0.663776 0.336224 
 ----> close 488 1 0.636471 0.363529 
 ----> close 489 1 0.651331 0.348669 
 ----> close 490 0 0.668971 0.331029 
 ----> close 491 1 0.63987 0.36013 
 ----> close 492 0 0.643998 0.356002 
 ----> close 493 0 0.644145 0.355855 
 ----> close 494 0 0.710033 0.289967 
 ----> close 495 1 0.643788 0.356212 
 ----> close 496 0 0.620492 0.379508 
 ----> close 497 0 0.648772 0.351228 
 ----> close 498 0 0.677775 0.322225 
 ----> close 499 1 0.630505 0.369495 
 ----> close 500 1 0.684215 0.315785 
 ----> close 501 0 0.659501 0.340499 
 ----> close 502 0 0.663448 0.336552 
 ----> close 503 0 0.647282 0.352718 
 ----> close 504 0 0.678149 0.321851 
 ----> close 505 0 0.680852 0.319148 
 ----> close 506 0 0.646167 0.353833 
 ----> close 507 0 0.673971 0.326029 
 ----> close 508 1 0.626689 0.373311 
 ----> close 509 1 0.654452 0.345548 
 ----> close 510 0 0.640612 0.359388 
 ----> close 511 0 0.645193 0.354807 
 ----> close 512 0 0.697195 0.302805 
 ----> close 513 0 0.669156 0.330844 
 ----> close 514 1 0.643707 0.356293 
 ----> close 515 0 0.639957 0.360043 
 ----> close 516 0 0.674411 0.325589 
 ----> close 517 1 0.654028 0.345972 
 ----> close 518 0 0.673494 0.326506 
 ----> close 519 0 0.644778 0.355222 
 ----> close 520 1 0.640566 0.359434 
 ----> close 521 1 0.649854 0.350146 
 ----> close 522 0 0.666056 0.333944 
 ----> close 523 1 0.607942 0.392058 
 ----> close 524 0 0.654847 0.345153 
 ----> close 525 0 0.640579 0.359421 
 ----> close 526 0 0.643621 0.356379 
 ----> close 527 0 0.656668 0.343332 
 ----> close 528 0 0.662177 0.337823 
 ----> close 529 1 0.641097 0.358903 
 ----> close 530 0 0.657393 0.342607 
 ----> close 531 1 0.650149 0.349851 
 ----> close 532 0 0.690153 0.309847 
 ----> close 533 0 0.696514 0.303486 
 ----> close 534 0 0.690483 0.309517 
 ----> close 535 1 0.615135 0.384865 
 ----> close 536 0 0.656399 0.343601 
 ----> close 537 0 0.665228 0.334772 
 ----> close 538 0 0.625713 0.374287 
 ----> close 539 1 0.633035 0.366965 
 ----> close 540 0 0.662413 0.337587 
 ----> close 541 1 0.657218 0.342782 
 ----> close 542 0 0.616965 0.383035 
 ----> close 543 1 0.641064 0.358936 
 ----> close 544 0 0.671324 0.328676 
 ----> close 545 1 0.646642 0.353358 
 ----> close 546 0 0.658038 0.341962 
 ----> close 547 0 0.673583 0.326417 
 ----> close 548 1 0.631765 0.368235 
 ----> close 549 0 0.696862 0.303138 
 ----> close 550 0 0.696391 0.303609 
 ----> close 551 0 0.643399 0.356601 
 ----> close 552 1 0.665814 0.334186 
 ----> close 553 1 0.663105 0.336895 
 ----> close 554 1 0.646512 0.353488 
 ----> close 555 1 0.653512 0.346488 
 ----> close 556 0 0.651873 0.348127 
 ----> close 557 0 0.624588 0.375412 
 ----> close 558 0 0.642929 0.357071 
 ----> close 559 0 0.717801 0.282199 
 ----> close 560 0 0.718623 0.281377 
 ----> close 561 1 0.638964 0.361036 
 ----> close 562 0 0.664819 0.335181 
 ----> close 563 0 0.632899 0.367101 
 ----> close 564 0 0.678971 0.321029 
 ----> close 565 0 0.666388 0.333612 
 ----> close 566 0 0.636767 0.363233 
 ----> close 567 0 0.664331 0.335669 
 ----> close 568 0 0.688118 0.311882 
 ----> close 569 1 0.664641 0.335359 
 ----> close 570 0 0.689954 0.310046 
 ----> close 571 1 0.625741 0.374259 
 ----> close 572 0 0.688476 0.311524 
 ----> close 573 0 0.681891 0.318109 
 ----> close 574 0 0.667162 0.332838 
 ----> close 575 1 0.634836 0.365164 
 ----> close 576 0 0.648465 0.351535 
 ----> close 577 1 0.686565 0.313435 
 ----> close 578 0 0.678719 0.321281 
 ----> close 579 0 0.681033 0.318967 
 ----> close 580 1 0.659092 0.340908 
 ----> close 581 0 0.695014 0.304986 
 ----> close 582 0 0.677547 0.322453 
 ----> close 583 1 0.633137 0.366863 
 ----> close 584 0 0.647159 0.352841 
 ----> close 585 0 0.703745 0.296255 
 ----> close 586 0 0.662756 0.337244 
 ----> close 587 0 0.620276 0.379724 
 ----> close 588 0 0.660305 0.339695 
 ----> close 589 1 0.66106 0.33894 
 ----> close 590 0 0.737868 0.262132 
 ----> close 591 1 0.676503 0.323497 
 ----> close 592 1 0.636108 0.363892 
 ----> close 593 0 0.672233 0.327767 
 ----> close 594 0 0.683018 0.316982 
 ----> close 595 0 0.676827 0.323173 
 ----> close 596 0 0.685083 0.314917 
 ----> close 597 0 0.696655 0.303345 
 ----> close 598 0 0.654158 0.345842 
 ----> close 599 0 0.689674 0.310326 
 ----> close 600 0 0.699928 0.300072 
 ----> close 601 0 0.664569 0.335431 
 ----> close 602 1 0.641242 0.358758 
 ----> close 603 0 0.687844 0.312156 
 ----> close 604 0 0.693367 0.306633 
 ----> close 605 0 0.680823 0.319177 
 ----> close 606 0 0.658554 0.341446 
 ----> close 607 1 0.650972 0.349028 
 ----> close 608 0 0.690409 0.309591 
 ----> close 609 0 0.675588 0.324412 
 ----> close 610 0 0.679063 0.320937 
 ----> close 611 0 0.659258 0.340742 
 ----> close 612 0 0.672501 0.327499 
 ----> close 613 0 0.637358 0.362642 
 ----> close 614 0 0.67654 0.32346 
 ----> close 615 0 0.672146 0.327854 
 ----> close 616 0 0.665973 0.334027 
 ----> close 617 0 0.668374 0.331626 
 ----> close 618 0 0.670647 0.329353 
 ----> close 619 1 0.640538 0.359462 
 ----> close 620 1 0.656755 0.343245 
 ----> close 621 0 0.685046 0.314954 
 ----> close 622 0 0.683958 0.316042 
 ----> close 623 1 0.643568 0.356432 
 ----> close 624 0 0.653121 0.346879 
 ----> close 625 0 0.689593 0.310407 
 ----> close 626 0 0.67008 0.32992 
 ----> close 627 0 0.681562 0.318438 
 ----> close 628 1 0.648472 0.351528 
 ----> close 629 0 0.688681 0.311319 
 ----> close 630 0 0.672117 0.327883 
 ----> close 631 1 0.663439 0.336561 
 ----> close 632 1 0.670104 0.329896 
 ----> close 633 0 0.675453 0.324547 
 ----> close 634 1 0.670466 0.329534 
 ----> close 635 0 0.659126 0.340874 
 ----> close 636 1 0.630695 0.369305 
 ----> close 637 0 0.690967 0.309033 
 ----> close 638 0 0.677048 0.322952 
 ----> close 639 1 0.626097 0.373903 
 ----> close 640 0 0.66227 0.33773 
 ----> close 641 0 0.652037 0.347963 
 ----> close 642 0 0.676766 0.323234 
 ----> close 643 0 0.658448 0.341552 
 ----> close 644 0 0.659489 0.340511 
 ----> close 645 0 0.707074 0.292926 
 ----> close 646 1 0.651268 0.348732 
 ----> close 647 0 0.647952 0.352048 
 ----> close 648 0 0.680574 0.319426 
 ----> close 649 0 0.671177 0.328823 
 ----> close 650 0 0.680477 0.319523 
 ----> close 651 1 0.650373 0.349627 
 ----> close 652 0 0.652952 0.347048 
 ----> close 653 1 0.626669 0.373331 
 ----> close 654 0 0.669746 0.330254 
 ----> close 655 0 0.673062 0.326938 
 ----> close 656 0 0.685042 0.314958 
 ----> close 657 0 0.688415 0.311585 
 ----> close 658 0 0.693912 0.306088 
 ----> close 659 0 0.68195 0.31805 
 ----> close 660 0 0.689732 0.310268 
 ----> close 661 0 0.617951 0.382049 
 ----> close 662 0 0.659885 0.340115 
 ----> close 663 1 0.666076 0.333924 
 ----> close 664 1 0.668311 0.331689 
 ----> close 665 0 0.685867 0.314133 
 ----> close 666 0 0.687186 0.312814 
 ----> close 667 0 0.642891 0.357109 
 ----> close 668 0 0.639158 0.360842 
 ----> close 669 0 0.688182 0.311818 
 ----> close 670 0 0.671061 0.328939 
 ----> close 671 0 0.67369 0.32631 
 ----> close 672 0 0.656485 0.343515 
 ----> close 673 0 0.655568 0.344432 
 ----> close 674 1 0.654741 0.345259 
 ----> close 675 1 0.686759 0.313241 
 ----> close 676 0 0.710576 0.289424 
 ----> close 677 1 0.644195 0.355805 
 ----> close 678 1 0.646066 0.353934 
 ----> close 679 0 0.682983 0.317017 
 ----> close 680 1 0.643627 0.356373 
 ----> close 681 0 0.712814 0.287186 
 ----> close 682 0 0.694556 0.305444 
 ----> close 683 0 0.684412 0.315588 
 ----> close 684 0 0.684599 0.315401 
 ----> close 685 0 0.65324 0.34676 
 ----> close 686 0 0.622862 0.377138 
 ----> close 687 0 0.661497 0.338503 
 ----> close 688 0 0.659511 0.340489 
 ----> close 689 0 0.680594 0.319406 
 ----> close 690 1 0.628744 0.371256 
 ----> close 691 0 0.700634 0.299366 
 ----> close 692 0 0.643253 0.356747 
 ----> close 693 1 0.603237 0.396763 
 ----> close 694 0 0.615191 0.384809 
 ----> close 695 0 0.678877 0.321123 
 ----> close 696 0 0.685227 0.314773 
 ----> close 697 0 0.679903 0.320097 
 ----> close 698 1 0.653776 0.346224 
 ----> close 699 0 0.678629 0.321371 
 ----> close 700 1 0.648988 0.351012 
 ----> close 701 0 0.632234 0.367766 
 ----> close 702 0 0.639931 0.360069 
 ----> close 703 0 0.676585 0.323415 
 ----> close 704 0 0.683997 0.316003 
 ----> close 705 0 0.676575 0.323425 
 ----> close 706 0 0.647449 0.352551 
 ----> close 707 0 0.631793 0.368207 
 ----> close 708 0 0.68003 0.31997 
 ----> close 709 0 0.674869 0.325131 
 ----> close 710 0 0.649958 0.350042 
 ----> close 711 0 0.629896 0.370104 
 ----> close 712 0 0.671679 0.328321 
 ----> close 713 1 0.643204 0.356796 
 ----> close 714 1 0.63972 0.36028 
 ----> close 715 1 0.660516 0.339484 
 ----> close 716 1 0.644099 0.355901 
 ----> close 717 0 0.682772 0.317228 
 ----> close 718 0 0.667019 0.332981 
