 ----> close 1 1 0 0 
 ----> close 2 0 0.639987 0.360013 
 ----> close 3 1 0.637397 0.362603 
 ----> close 4 1 0.678268 0.321732 
 ----> close 5 1 0.651059 0.348941 
 ----> close 6 1 0.678175 0.321825 
 ----> close 7 0 0.65715 0.34285 
 ----> close 8 0 0.646889 0.353111 
 ----> close 9 0 0.64918 0.35082 
 ----> close 10 1 0.619667 0.380333 
 ----> close 11 1 0.623702 0.376298 
 ----> close 12 0 0.652622 0.347378 
 ----> close 13 0 0.650944 0.349056 
 ----> close 14 1 0.615818 0.384182 
 ----> close 15 1 0.659079 0.340921 
 ----> close 16 1 0.66135 0.33865 
 ----> close 17 1 0.577305 0.422695 
 ----> close 18 0 0.598546 0.401454 
 ----> close 19 0 0.61158 0.38842 
 ----> close 20 0 0.674093 0.325907 
 ----> close 21 1 0.573099 0.426901 
 ----> close 22 0 0.621448 0.378552 
 ----> close 23 0 0.65739 0.34261 
 ----> close 24 0 0.628309 0.371691 
 ----> close 25 0 0.658007 0.341993 
 ----> close 26 1 0.644767 0.355233 
 ----> close 27 1 0.643648 0.356352 
 ----> close 28 1 0.597104 0.402896 
 ----> close 29 0 0.612366 0.387634 
 ----> close 30 0 0.68929 0.31071 
 ----> close 31 0 0.625944 0.374056 
 ----> close 32 0 0.667142 0.332858 
 ----> close 33 0 0.617139 0.382861 
 ----> close 34 1 0.557923 0.442077 
 ----> close 35 1 0.592387 0.407613 
 ----> close 36 0 0.665881 0.334119 
 ----> close 37 0 0.653492 0.346508 
 ----> close 38 0 0.661235 0.338765 
 ----> close 39 0 0.652398 0.347602 
 ----> close 40 1 0.649025 0.350975 
 ----> close 41 1 0.613991 0.386009 
 ----> close 42 1 0.617962 0.382038 
 ----> close 43 0 0.64058 0.35942 
 ----> close 44 1 0.677359 0.322641 
 ----> close 45 1 0.620971 0.379029 
 ----> close 46 0 0.654229 0.345771 
 ----> close 47 1 0.626439 0.373561 
 ----> close 48 1 0.598046 0.401954 
 ----> close 49 1 0.5936 0.4064 
 ----> close 50 1 0.652955 0.347045 
 ----> close 51 0 0.661923 0.338077 
 ----> close 52 1 0.663075 0.336925 
 ----> close 53 0 0.626153 0.373847 
 ----> close 54 0 0.643314 0.356686 
 ----> close 55 0 0.631012 0.368988 
 ----> close 56 1 0.613142 0.386858 
 ----> close 57 1 0.625747 0.374253 
 ----> close 58 0 0.651084 0.348916 
 ----> close 59 1 0.624592 0.375408 
 ----> close 60 0 0.659456 0.340544 
 ----> close 61 0 0.669582 0.330418 
 ----> close 62 0 0.647682 0.352318 
 ----> close 63 1 0.63201 0.36799 
 ----> close 64 1 0.618201 0.381799 
 ----> close 65 0 0.660648 0.339352 
 ----> close 66 0 0.657479 0.342521 
 ----> close 67 1 0.642023 0.357977 
 ----> close 68 1 0.628144 0.371856 
 ----> close 69 0 0.64992 0.35008 
 ----> close 70 1 0.65186 0.34814 
 ----> close 71 1 0.644282 0.355718 
 ----> close 72 1 0.627686 0.372314 
 ----> close 73 0 0.62908 0.37092 
 ----> close 74 0 0.652397 0.347603 
 ----> close 75 0 0.662582 0.337418 
 ----> close 76 1 0.646412 0.353588 
 ----> close 77 0 0.669233 0.330767 
 ----> close 78 1 0.608161 0.391839 
 ----> close 79 0 0.669235 0.330765 
 ----> close 80 1 0.636201 0.363799 
 ----> close 81 1 0.640046 0.359954 
 ----> close 82 1 0.6229 0.3771 
 ----> close 83 1 0.637976 0.362024 
 ----> close 84 1 0.639963 0.360037 
 ----> close 85 0 0.651433 0.348567 
 ----> close 86 0 0.654104 0.345896 
 ----> close 87 1 0.654814 0.345186 
 ----> close 88 1 0.627403 0.372597 
 ----> close 89 1 0.597228 0.402772 
 ----> close 90 1 0.616419 0.383581 
 ----> close 91 1 0.683938 0.316062 
 ----> close 92 0 0.617967 0.382033 
 ----> close 93 0 0.673984 0.326016 
 ----> close 94 1 0.624227 0.375773 
 ----> close 95 0 0.678092 0.321908 
 ----> close 96 0 0.659242 0.340758 
 ----> close 97 1 0.617032 0.382968 
 ----> close 98 1 0.606492 0.393508 
 ----> close 99 1 0.644866 0.355134 
 ----> close 100 0 0.681219 0.318781 
 ----> close 101 1 0.597383 0.402617 
 ----> close 102 0 0.679108 0.320892 
 ----> close 103 0 0.700594 0.299406 
 ----> close 104 0 0.710544 0.289456 
 ----> close 105 1 0.616282 0.383718 
 ----> close 106 0 0.684801 0.315199 
 ----> close 107 0 0.664617 0.335383 
 ----> close 108 0 0.661069 0.338931 
 ----> close 109 0 0.636435 0.363565 
 ----> close 110 1 0.627115 0.372885 
 ----> close 111 0 0.649628 0.350372 
 ----> close 112 0 0.641479 0.358521 
 ----> close 113 1 0.60824 0.39176 
 ----> close 114 1 0.612157 0.387843 
 ----> close 115 0 0.641223 0.358777 
 ----> close 116 0 0.685391 0.314609 
 ----> close 117 1 0.629747 0.370253 
 ----> close 118 1 0.63229 0.36771 
 ----> close 119 1 0.617897 0.382103 
 ----> close 120 0 0.686807 0.313193 
 ----> close 121 0 0.618832 0.381168 
 ----> close 122 1 0.614057 0.385943 
 ----> close 123 1 0.65982 0.34018 
 ----> close 124 0 0.677299 0.322701 
 ----> close 125 1 0.569476 0.430524 
 ----> close 126 0 0.590641 0.409359 
 ----> close 127 0 0.676811 0.323189 
 ----> close 128 0 0.67909 0.32091 
 ----> close 129 1 0.632555 0.367445 
 ----> close 130 0 0.663255 0.336745 
 ----> close 131 0 0.687724 0.312276 
 ----> close 132 0 0.701818 0.298182 
 ----> close 133 1 0.643823 0.356177 
 ----> close 134 1 0.628576 0.371424 
 ----> close 135 1 0.646643 0.353357 
 ----> close 136 0 0.652516 0.347484 
 ----> close 137 1 0.598018 0.401982 
 ----> close 138 0 0.631711 0.368289 
 ----> close 139 0 0.648038 0.351962 
 ----> close 140 1 0.640716 0.359284 
 ----> close 141 1 0.560094 0.439906 
 ----> close 142 1 0.576263 0.423737 
 ----> close 143 0 0.716419 0.283581 
 ----> close 144 1 0.675642 0.324358 
 ----> close 145 0 0.654603 0.345397 
 ----> close 146 0 0.688999 0.311001 
 ----> close 147 0 0.699565 0.300435 
 ----> close 148 0 0.680537 0.319463 
 ----> close 149 1 0.631603 0.368397 
 ----> close 150 1 0.637376 0.362624 
 ----> close 151 1 0.63336 0.36664 
 ----> close 152 0 0.682742 0.317258 
 ----> close 153 0 0.626521 0.373479 
 ----> close 154 0 0.652868 0.347132 
 ----> close 155 1 0.616645 0.383355 
 ----> close 156 1 0.66298 0.33702 
 ----> close 157 1 0.649003 0.350997 
 ----> close 158 0 0.656083 0.343917 
 ----> close 159 1 0.6277 0.3723 
 ----> close 160 0 0.669075 0.330925 
 ----> close 161 0 0.667451 0.332549 
 ----> close 162 1 0.625764 0.374236 
 ----> close 163 1 0.599718 0.400282 
 ----> close 164 1 0.631301 0.368699 
 ----> close 165 1 0.633286 0.366714 
 ----> close 166 0 0.617824 0.382176 
 ----> close 167 1 0.616908 0.383092 
 ----> close 168 0 0.662039 0.337961 
 ----> close 169 0 0.682156 0.317844 
 ----> close 170 1 0.627601 0.372399 
 ----> close 171 1 0.604845 0.395155 
 ----> close 172 0 0.669133 0.330867 
 ----> close 173 1 0.650067 0.349933 
 ----> close 174 0 0.66077 0.33923 
 ----> close 175 1 0.63601 0.36399 
 ----> close 176 0 0.687857 0.312143 
 ----> close 177 0 0.648466 0.351534 
 ----> close 178 1 0.613068 0.386932 
 ----> close 179 0 0.653033 0.346967 
 ----> close 180 0 0.657894 0.342106 
 ----> close 181 0 0.672384 0.327616 
 ----> close 182 0 0.659951 0.340049 
 ----> close 183 1 0.644829 0.355171 
 ----> close 184 1 0.63674 0.36326 
 ----> close 185 1 0.620957 0.379043 
 ----> close 186 0 0.660653 0.339347 
 ----> close 187 0 0.645212 0.354788 
 ----> close 188 1 0.643882 0.356118 
 ----> close 189 1 0.644623 0.355377 
 ----> close 190 0 0.67789 0.32211 
 ----> close 191 0 0.656309 0.343691 
 ----> close 192 1 0.649331 0.350669 
 ----> close 193 0 0.645087 0.354913 
 ----> close 194 0 0.657951 0.342049 
 ----> close 195 0 0.660967 0.339033 
 ----> close 196 1 0.62708 0.37292 
 ----> close 197 0 0.702487 0.297513 
 ----> close 198 0 0.655851 0.344149 
 ----> close 199 0 0.697199 0.302801 
 ----> close 200 0 0.670422 0.329578 
 ----> close 201 0 0.628121 0.371879 
 ----> close 202 0 0.666391 0.333609 
 ----> close 203 1 0.652016 0.347984 
 ----> close 204 1 0.622068 0.377932 
 ----> close 205 0 0.670115 0.329885 
 ----> close 206 1 0.638264 0.361736 
 ----> close 207 1 0.640394 0.359606 
 ----> close 208 0 0.640878 0.359122 
 ----> close 209 0 0.655167 0.344833 
 ----> close 210 0 0.646475 0.353525 
 ----> close 211 0 0.715601 0.284399 
 ----> close 212 0 0.62884 0.37116 
 ----> close 213 1 0.663538 0.336462 
 ----> close 214 0 0.676294 0.323706 
 ----> close 215 1 0.600804 0.399196 
 ----> close 216 0 0.689434 0.310566 
 ----> close 217 1 0.592392 0.407608 
 ----> close 218 0 0.626512 0.373488 
 ----> close 219 0 0.656218 0.343782 
 ----> close 220 0 0.665318 0.334682 
 ----> close 221 0 0.679876 0.320124 
 ----> close 222 1 0.595117 0.404883 
 ----> close 223 1 0.645672 0.354328 
 ----> close 224 0 0.722059 0.277941 
 ----> close 225 1 0.63866 0.36134 
 ----> close 226 1 0.619795 0.380205 
 ----> close 227 0 0.666632 0.333368 
 ----> close 228 0 0.635339 0.364661 
 ----> close 229 0 0.641657 0.358343 
 ----> close 230 0 0.677231 0.322769 
 ----> close 231 0 0.682542 0.317458 
 ----> close 232 1 0.604746 0.395254 
 ----> close 233 0 0.656585 0.343415 
 ----> close 234 0 0.666206 0.333794 
 ----> close 235 0 0.680326 0.319674 
 ----> close 236 1 0.576866 0.423134 
 ----> close 237 0 0.637979 0.362021 
 ----> close 238 0 0.666989 0.333011 
 ----> close 239 0 0.68553 0.31447 
 ----> close 240 1 0.61555 0.38445 
 ----> close 241 0 0.656043 0.343957 
 ----> close 242 1 0.672259 0.327741 
 ----> close 243 0 0.631843 0.368157 
 ----> close 244 1 0.652007 0.347993 
 ----> close 245 1 0.656554 0.343446 
 ----> close 246 0 0.657324 0.342676 
 ----> close 247 0 0.669044 0.330956 
 ----> close 248 1 0.66117 0.33883 
 ----> close 249 1 0.650001 0.349999 
 ----> close 250 0 0.676516 0.323484 
 ----> close 251 0 0.695216 0.304784 
 ----> close 252 0 0.692372 0.307628 
 ----> close 253 1 0.640473 0.359527 
 ----> close 254 0 0.668637 0.331363 
 ----> close 255 1 0.614582 0.385418 
 ----> close 256 0 0.631585 0.368415 
 ----> close 257 0 0.630731 0.369269 
 ----> close 258 0 0.694249 0.305751 
 ----> close 259 0 0.641092 0.358908 
 ----> close 260 1 0.592233 0.407767 
 ----> close 261 1 0.643175 0.356825 
 ----> close 262 0 0.646262 0.353738 
 ----> close 263 1 0.623689 0.376311 
 ----> close 264 1 0.640397 0.359603 
 ----> close 265 1 0.658944 0.341056 
 ----> close 266 0 0.657064 0.342936 
 ----> close 267 0 0.646688 0.353312 
 ----> close 268 1 0.629743 0.370257 
 ----> close 269 0 0.701756 0.298244 
 ----> close 270 1 0.582761 0.417239 
 ----> close 271 1 0.643982 0.356018 
 ----> close 272 0 0.708349 0.291651 
 ----> close 273 0 0.64327 0.35673 
 ----> close 274 1 0.637687 0.362313 
 ----> close 275 1 0.583275 0.416725 
 ----> close 276 0 0.659293 0.340707 
 ----> close 277 0 0.625701 0.374299 
 ----> close 278 0 0.587925 0.412075 
 ----> close 279 1 0.625175 0.374825 
 ----> close 280 1 0.631101 0.368899 
 ----> close 281 0 0.666137 0.333863 
 ----> close 282 1 0.637804 0.362196 
 ----> close 283 1 0.582136 0.417864 
 ----> close 284 1 0.621746 0.378254 
 ----> close 285 0 0.705164 0.294836 
 ----> close 286 0 0.612132 0.387868 
 ----> close 287 0 0.686801 0.313199 
 ----> close 288 1 0.665741 0.334259 
 ----> close 289 0 0.669732 0.330268 
 ----> close 290 0 0.717386 0.282614 
 ----> close 291 1 0.659225 0.340775 
 ----> close 292 0 0.677789 0.322211 
 ----> close 293 1 0.646498 0.353502 
 ----> close 294 1 0.635257 0.364743 
 ----> close 295 0 0.637904 0.362096 
 ----> close 296 0 0.653207 0.346793 
 ----> close 297 0 0.698589 0.301411 
 ----> close 298 1 0.644507 0.355493 
 ----> close 299 0 0.662493 0.337507 
 ----> close 300 0 0.670148 0.329852 
 ----> close 301 0 0.612696 0.387304 
 ----> close 302 0 0.691017 0.308983 
 ----> close 303 0 0.681265 0.318735 
 ----> close 304 0 0.70955 0.29045 
 ----> close 305 0 0.680713 0.319287 
 ----> close 306 0 0.644173 0.355827 
 ----> close 307 1 0.632458 0.367542 
 ----> close 308 0 0.652255 0.347745 
 ----> close 309 1 0.604808 0.395192 
 ----> close 310 0 0.655942 0.344058 
 ----> close 311 0 0.654662 0.345338 
 ----> close 312 0 0.667168 0.332832 
 ----> close 313 1 0.61998 0.38002 
 ----> close 314 0 0.667277 0.332723 
 ----> close 315 0 0.662841 0.337159 
 ----> close 316 0 0.665953 0.334047 
 ----> close 317 0 0.687456 0.312544 
 ----> close 318 0 0.64721 0.35279 
 ----> close 319 0 0.633923 0.366077 
 ----> close 320 0 0.66381 0.33619 
 ----> close 321 1 0.610518 0.389482 
 ----> close 322 1 0.610104 0.389896 
 ----> close 323 0 0.710612 0.289388 
 ----> close 324 0 0.646864 0.353136 
 ----> close 325 0 0.65884 0.34116 
 ----> close 326 1 0.598333 0.401667 
 ----> close 327 1 0.641702 0.358298 
 ----> close 328 0 0.681562 0.318438 
 ----> close 329 0 0.65012 0.34988 
 ----> close 330 0 0.672915 0.327085 
 ----> close 331 0 0.673621 0.326379 
 ----> close 332 0 0.704796 0.295204 
 ----> close 333 1 0.681923 0.318077 
 ----> close 334 1 0.579817 0.420183 
 ----> close 335 0 0.665387 0.334613 
 ----> close 336 1 0.642537 0.357463 
 ----> close 337 1 0.633452 0.366548 
 ----> close 338 1 0.671511 0.328489 
 ----> close 339 0 0.622212 0.377788 
 ----> close 340 0 0.646305 0.353695 
 ----> close 341 1 0.642994 0.357006 
 ----> close 342 1 0.597384 0.402616 
 ----> close 343 0 0.70852 0.29148 
 ----> close 344 0 0.644266 0.355734 
 ----> close 345 0 0.667339 0.332661 
 ----> close 346 0 0.658946 0.341054 
 ----> close 347 1 0.63631 0.36369 
 ----> close 348 0 0.676101 0.323899 
 ----> close 349 0 0.66996 0.33004 
 ----> close 350 1 0.634558 0.365442 
 ----> close 351 0 0.686718 0.313282 
 ----> close 352 0 0.640057 0.359943 
 ----> close 353 0 0.686252 0.313748 
 ----> close 354 0 0.728578 0.271422 
 ----> close 355 0 0.73513 0.26487 
 ----> close 356 0 0.694014 0.305986 
 ----> close 357 1 0.62058 0.37942 
 ----> close 358 0 0.705966 0.294034 
 ----> close 359 0 0.720677 0.279323 
 ----> close 360 0 0.70138 0.29862 
 ----> close 361 0 0.663048 0.336952 
 ----> close 362 1 0.638307 0.361693 
 ----> close 363 0 0.668393 0.331607 
 ----> close 364 0 0.676595 0.323405 
 ----> close 365 0 0.664864 0.335136 
 ----> close 366 1 0.646647 0.353353 
 ----> close 367 0 0.671076 0.328924 
 ----> close 368 0 0.681817 0.318183 
 ----> close 369 0 0.713133 0.286867 
 ----> close 370 1 0.626726 0.373274 
 ----> close 371 0 0.637573 0.362427 
 ----> close 372 0 0.675661 0.324339 
 ----> close 373 0 0.717332 0.282668 
 ----> close 374 0 0.685322 0.314678 
 ----> close 375 1 0.582719 0.417281 
 ----> close 376 0 0.704995 0.295005 
 ----> close 377 0 0.692341 0.307659 
 ----> close 378 1 0.657245 0.342755 
 ----> close 379 0 0.67343 0.32657 
 ----> close 380 0 0.656874 0.343126 
 ----> close 381 0 0.666416 0.333584 
 ----> close 382 0 0.684598 0.315402 
 ----> close 383 0 0.674411 0.325589 
 ----> close 384 0 0.683953 0.316047 
 ----> close 385 1 0.61482 0.38518 
 ----> close 386 0 0.73812 0.26188 
 ----> close 387 1 0.651019 0.348981 
 ----> close 388 1 0.652442 0.347558 
 ----> close 389 0 0.665191 0.334809 
 ----> close 390 0 0.658349 0.341651 
 ----> close 391 0 0.665956 0.334044 
 ----> close 392 1 0.655539 0.344461 
 ----> close 393 1 0.624924 0.375076 
 ----> close 394 0 0.675579 0.324421 
 ----> close 395 0 0.663 0.337 
 ----> close 396 0 0.674438 0.325562 
 ----> close 397 0 0.656892 0.343108 
 ----> close 398 1 0.646522 0.353478 
 ----> close 399 1 0.647985 0.352015 
 ----> close 400 1 0.666123 0.333877 
 ----> close 401 0 0.691932 0.308068 
 ----> close 402 0 0.662546 0.337454 
 ----> close 403 0 0.650517 0.349483 
 ----> close 404 0 0.676401 0.323599 
 ----> close 405 0 0.623329 0.376671 
 ----> close 406 1 0.592243 0.407757 
 ----> close 407 1 0.685409 0.314591 
 ----> close 408 0 0.672069 0.327931 
 ----> close 409 1 0.671666 0.328334 
 ----> close 410 0 0.658579 0.341421 
 ----> close 411 0 0.715954 0.284046 
 ----> close 412 0 0.732346 0.267654 
 ----> close 413 1 0.660476 0.339524 
 ----> close 414 0 0.671095 0.328905 
 ----> close 415 1 0.652133 0.347867 
 ----> close 416 0 0.675609 0.324391 
 ----> close 417 0 0.685543 0.314457 
 ----> close 418 1 0.632531 0.367469 
 ----> close 419 0 0.67797 0.32203 
 ----> close 420 0 0.691418 0.308582 
 ----> close 421 0 0.704938 0.295062 
 ----> close 422 0 0.685575 0.314425 
 ----> close 423 0 0.687429 0.312571 
 ----> close 424 0 0.686137 0.313863 
 ----> close 425 0 0.632815 0.367185 
 ----> close 426 1 0.617886 0.382114 
 ----> close 427 0 0.659296 0.340704 
 ----> close 428 0 0.70994 0.29006 
 ----> close 429 0 0.658659 0.341341 
 ----> close 430 0 0.695261 0.304739 
 ----> close 431 0 0.632537 0.367463 
 ----> close 432 0 0.681357 0.318643 
 ----> close 433 0 0.677461 0.322539 
 ----> close 434 0 0.715327 0.284673 
 ----> close 435 1 0.691977 0.308023 
 ----> close 436 0 0.702514 0.297486 
 ----> close 437 0 0.668899 0.331101 
 ----> close 438 0 0.680024 0.319976 
 ----> close 439 0 0.699875 0.300125 
 ----> close 440 0 0.678335 0.321665 
 ----> close 441 0 0.679916 0.320084 
 ----> close 442 0 0.694594 0.305406 
 ----> close 443 0 0.709591 0.290409 
 ----> close 444 0 0.707924 0.292076 
 ----> close 445 1 0.650608 0.349392 
 ----> close 446 0 0.687548 0.312452 
 ----> close 447 0 0.673996 0.326004 
 ----> close 448 0 0.66785 0.33215 
 ----> close 449 0 0.683044 0.316956 
 ----> close 450 0 0.707716 0.292284 
 ----> close 451 0 0.683793 0.316207 
 ----> close 452 0 0.648449 0.351551 
 ----> close 453 0 0.632763 0.367237 
 ----> close 454 1 0.604039 0.395961 
 ----> close 455 0 0.651744 0.348256 
 ----> close 456 0 0.636737 0.363263 
 ----> close 457 0 0.680401 0.319599 
 ----> close 458 1 0.673815 0.326185 
 ----> close 459 0 0.692448 0.307552 
 ----> close 460 0 0.67874 0.32126 
 ----> close 461 1 0.655237 0.344763 
 ----> close 462 0 0.634161 0.365839 
 ----> close 463 0 0.648941 0.351059 
 ----> close 464 0 0.674777 0.325223 
 ----> close 465 0 0.690294 0.309706 
 ----> close 466 0 0.675991 0.324009 
 ----> close 467 1 0.662513 0.337487 
 ----> close 468 0 0.718354 0.281646 
 ----> close 469 0 0.708469 0.291531 
 ----> close 470 1 0.598586 0.401414 
 ----> close 471 1 0.66066 0.33934 
 ----> close 472 0 0.665037 0.334963 
 ----> close 473 1 0.647368 0.352632 
 ----> close 474 0 0.642519 0.357481 
 ----> close 475 0 0.660738 0.339262 
 ----> close 476 0 0.65494 0.34506 
 ----> close 477 1 0.6324 0.3676 
 ----> close 478 0 0.662183 0.337817 
 ----> close 479 1 0.642535 0.357465 
 ----> close 480 0 0.738927 0.261073 
 ----> close 481 0 0.681727 0.318273 
 ----> close 482 0 0.692296 0.307704 
 ----> close 483 1 0.667069 0.332931 
 ----> close 484 0 0.685091 0.314909 
 ----> close 485 0 0.724174 0.275826 
 ----> close 486 0 0.652306 0.347694 
 ----> close 487 0 0.732533 0.267467 
 ----> close 488 1 0.575537 0.424463 
 ----> close 489 1 0.654164 0.345836 
 ----> close 490 0 0.661468 0.338532 
 ----> close 491 1 0.662867 0.337133 
 ----> close 492 0 0.674175 0.325825 
 ----> close 493 0 0.667631 0.332369 
 ----> close 494 0 0.648718 0.351282 
 ----> close 495 1 0.653616 0.346384 
 ----> close 496 0 0.672742 0.327258 
 ----> close 497 0 0.686746 0.313254 
 ----> close 498 0 0.699059 0.300941 
 ----> close 499 1 0.624578 0.375422 
 ----> close 500 1 0.673718 0.326282 
 ----> close 501 0 0.708485 0.291515 
 ----> close 502 0 0.652335 0.347665 
 ----> close 503 0 0.676431 0.323569 
 ----> close 504 0 0.689245 0.310755 
 ----> close 505 0 0.672278 0.327722 
 ----> close 506 0 0.675359 0.324641 
 ----> close 507 0 0.737686 0.262314 
 ----> close 508 1 0.65372 0.34628 
 ----> close 509 1 0.668287 0.331713 
 ----> close 510 0 0.637328 0.362672 
 ----> close 511 0 0.654524 0.345476 
 ----> close 512 0 0.630597 0.369403 
 ----> close 513 0 0.632689 0.367311 
 ----> close 514 1 0.616316 0.383684 
 ----> close 515 0 0.668906 0.331094 
 ----> close 516 0 0.682695 0.317305 
 ----> close 517 1 0.650843 0.349157 
 ----> close 518 0 0.677926 0.322074 
 ----> close 519 0 0.657821 0.342179 
 ----> close 520 1 0.687088 0.312912 
 ----> close 521 1 0.668128 0.331872 
 ----> close 522 0 0.655314 0.344686 
 ----> close 523 1 0.581941 0.418059 
 ----> close 524 0 0.626385 0.373615 
 ----> close 525 0 0.663205 0.336795 
 ----> close 526 0 0.68323 0.31677 
 ----> close 527 0 0.652625 0.347375 
 ----> close 528 0 0.664004 0.335996 
 ----> close 529 1 0.63116 0.36884 
 ----> close 530 0 0.678367 0.321633 
 ----> close 531 1 0.61128 0.38872 
 ----> close 532 0 0.669692 0.330308 
 ----> close 533 0 0.705062 0.294938 
 ----> close 534 0 0.68248 0.31752 
 ----> close 535 1 0.611296 0.388704 
 ----> close 536 0 0.665738 0.334262 
 ----> close 537 0 0.684372 0.315628 
 ----> close 538 0 0.67435 0.32565 
 ----> close 539 1 0.672184 0.327816 
 ----> close 540 0 0.679441 0.320559 
 ----> close 541 1 0.651631 0.348369 
 ----> close 542 0 0.663521 0.336479 
 ----> close 543 1 0.666462 0.333538 
 ----> close 544 0 0.661955 0.338045 
 ----> close 545 1 0.681555 0.318445 
 ----> close 546 0 0.671498 0.328502 
 ----> close 547 0 0.666984 0.333016 
 ----> close 548 1 0.642743 0.357257 
 ----> close 549 0 0.684759 0.315241 
 ----> close 550 0 0.666891 0.333109 
 ----> close 551 0 0.692599 0.307401 
 ----> close 552 1 0.655877 0.344123 
 ----> close 553 1 0.653509 0.346491 
 ----> close 554 1 0.668616 0.331384 
 ----> close 555 1 0.656628 0.343372 
 ----> close 556 0 0.691676 0.308324 
 ----> close 557 0 0.710543 0.289457 
 ----> close 558 0 0.687541 0.312459 
 ----> close 559 0 0.663655 0.336345 
 ----> close 560 0 0.639135 0.360865 
 ----> close 561 1 0.628306 0.371694 
 ----> close 562 0 0.672544 0.327456 
 ----> close 563 0 0.64208 0.35792 
 ----> close 564 0 0.664416 0.335584 
 ----> close 565 0 0.682584 0.317416 
 ----> close 566 0 0.731857 0.268143 
 ----> close 567 0 0.696407 0.303593 
 ----> close 568 0 0.678099 0.321901 
 ----> close 569 1 0.636889 0.363111 
 ----> close 570 0 0.701975 0.298025 
 ----> close 571 1 0.659654 0.340346 
 ----> close 572 0 0.730658 0.269342 
 ----> close 573 0 0.667859 0.332141 
 ----> close 574 0 0.715417 0.284583 
 ----> close 575 1 0.641855 0.358145 
 ----> close 576 0 0.652223 0.347777 
 ----> close 577 1 0.653328 0.346672 
 ----> close 578 0 0.651119 0.348881 
 ----> close 579 0 0.659403 0.340597 
 ----> close 580 1 0.627352 0.372648 
 ----> close 581 0 0.640507 0.359493 
 ----> close 582 0 0.643543 0.356457 
 ----> close 583 1 0.594337 0.405663 
 ----> close 584 0 0.643089 0.356911 
 ----> close 585 0 0.712999 0.287001 
 ----> close 586 0 0.655744 0.344256 
 ----> close 587 0 0.682331 0.317669 
 ----> close 588 0 0.648344 0.351656 
 ----> close 589 1 0.606941 0.393059 
 ----> close 590 0 0.711198 0.288802 
 ----> close 591 1 0.614414 0.385586 
 ----> close 592 1 0.553979 0.446021 
 ----> close 593 0 0.662092 0.337908 
 ----> close 594 0 0.661589 0.338411 
 ----> close 595 0 0.645545 0.354455 
 ----> close 596 0 0.656473 0.343527 
 ----> close 597 0 0.640424 0.359576 
 ----> close 598 0 0.643783 0.356217 
 ----> close 599 0 0.665265 0.334735 
 ----> close 600 0 0.709842 0.290158 
 ----> close 601 0 0.702205 0.297795 
 ----> close 602 1 0.671973 0.328027 
 ----> close 603 0 0.682431 0.317569 
 ----> close 604 0 0.680976 0.319024 
 ----> close 605 0 0.692536 0.307464 
 ----> close 606 0 0.661088 0.338912 
 ----> close 607 1 0.661656 0.338344 
 ----> close 608 0 0.694169 0.305831 
 ----> close 609 0 0.711363 0.288637 
 ----> close 610 0 0.708413 0.291587 
 ----> close 611 0 0.690973 0.309027 
 ----> close 612 0 0.637614 0.362386 
 ----> close 613 0 0.636842 0.363158 
 ----> close 614 0 0.657599 0.342401 
 ----> close 615 0 0.663449 0.336551 
 ----> close 616 0 0.647276 0.352724 
 ----> close 617 0 0.735761 0.264239 
 ----> close 618 0 0.735317 0.264683 
 ----> close 619 1 0.613714 0.386286 
 ----> close 620 1 0.627401 0.372599 
 ----> close 621 0 0.658852 0.341148 
 ----> close 622 0 0.692711 0.307289 
 ----> close 623 1 0.585853 0.414147 
 ----> close 624 0 0.675565 0.324435 
 ----> close 625 0 0.64957 0.35043 
 ----> close 626 0 0.645558 0.354442 
 ----> close 627 0 0.680147 0.319853 
 ----> close 628 1 0.671853 0.328147 
 ----> close 629 0 0.637338 0.362662 
 ----> close 630 0 0.647114 0.352886 
 ----> close 631 1 0.608758 0.391242 
 ----> close 632 1 0.610132 0.389868 
 ----> close 633 0 0.667954 0.332046 
 ----> close 634 1 0.650259 0.349741 
 ----> close 635 0 0.659335 0.340665 
 ----> close 636 1 0.640805 0.359195 
 ----> close 637 0 0.664966 0.335034 
 ----> close 638 0 0.627994 0.372006 
 ----> close 639 1 0.671109 0.328891 
 ----> close 640 0 0.688042 0.311958 
 ----> close 641 0 0.720992 0.279008 
 ----> close 642 0 0.685033 0.314967 
 ----> close 643 0 0.692821 0.307179 
 ----> close 644 0 0.708658 0.291342 
 ----> close 645 0 0.688777 0.311223 
 ----> close 646 1 0.702717 0.297283 
 ----> close 647 0 0.671517 0.328483 
 ----> close 648 0 0.70671 0.29329 
 ----> close 649 0 0.731874 0.268126 
 ----> close 650 0 0.712359 0.287641 
 ----> close 651 1 0.604436 0.395564 
 ----> close 652 0 0.691172 0.308828 
 ----> close 653 1 0.652929 0.347071 
 ----> close 654 0 0.670953 0.329047 
 ----> close 655 0 0.668837 0.331163 
 ----> close 656 0 0.674264 0.325736 
 ----> close 657 0 0.666454 0.333546 
 ----> close 658 0 0.708215 0.291785 
 ----> close 659 0 0.681887 0.318113 
 ----> close 660 0 0.649329 0.350671 
 ----> close 661 0 0.710935 0.289065 
 ----> close 662 0 0.711984 0.288016 
 ----> close 663 1 0.577673 0.422327 
 ----> close 664 1 0.677776 0.322224 
 ----> close 665 0 0.705289 0.294711 
 ----> close 666 0 0.703687 0.296313 
 ----> close 667 0 0.657455 0.342545 
 ----> close 668 0 0.669862 0.330138 
 ----> close 669 0 0.705859 0.294141 
 ----> close 670 0 0.648651 0.351349 
 ----> close 671 0 0.693248 0.306752 
 ----> close 672 0 0.682695 0.317305 
 ----> close 673 0 0.680312 0.319688 
 ----> close 674 1 0.63206 0.36794 
 ----> close 675 1 0.645288 0.354712 
 ----> close 676 0 0.675549 0.324451 
 ----> close 677 1 0.623411 0.376589 
 ----> close 678 1 0.591897 0.408103 
 ----> close 679 0 0.629603 0.370397 
 ----> close 680 1 0.593352 0.406648 
 ----> close 681 0 0.667242 0.332758 
 ----> close 682 0 0.656254 0.343746 
 ----> close 683 0 0.66019 0.33981 
 ----> close 684 0 0.64457 0.35543 
 ----> close 685 0 0.672921 0.327079 
 ----> close 686 0 0.641525 0.358475 
 ----> close 687 0 0.685791 0.314209 
 ----> close 688 0 0.663398 0.336602 
 ----> close 689 0 0.654914 0.345086 
 ----> close 690 1 0.654217 0.345783 
 ----> close 691 0 0.680843 0.319157 
 ----> close 692 0 0.638752 0.361248 
 ----> close 693 1 0.63705 0.36295 
 ----> close 694 0 0.699135 0.300865 
 ----> close 695 0 0.681505 0.318495 
 ----> close 696 0 0.689378 0.310622 
 ----> close 697 0 0.684456 0.315544 
 ----> close 698 1 0.65166 0.34834 
 ----> close 699 0 0.683078 0.316922 
 ----> close 700 1 0.67445 0.32555 
 ----> close 701 0 0.667035 0.332965 
 ----> close 702 0 0.716117 0.283883 
 ----> close 703 0 0.663443 0.336557 
 ----> close 704 0 0.698188 0.301812 
 ----> close 705 0 0.651587 0.348413 
 ----> close 706 0 0.685977 0.314023 
 ----> close 707 0 0.657645 0.342355 
 ----> close 708 0 0.701646 0.298354 
 ----> close 709 0 0.708111 0.291889 
 ----> close 710 0 0.740859 0.259141 
 ----> close 711 0 0.683345 0.316655 
 ----> close 712 0 0.681968 0.318032 
 ----> close 713 1 0.663787 0.336213 
 ----> close 714 1 0.664772 0.335228 
 ----> close 715 1 0.628932 0.371068 
 ----> close 716 1 0.677297 0.322703 
 ----> close 717 0 0.62564 0.37436 
 ----> close 718 0 0.67352 0.32648 
