 ----> close 1 1 0 0 
 ----> close 2 0 0.663296 0.336704 
 ----> close 3 1 0.694276 0.305724 
 ----> close 4 1 0.672205 0.327795 
 ----> close 5 1 0.685806 0.314194 
 ----> close 6 1 0.65342 0.34658 
 ----> close 7 0 0.672868 0.327132 
 ----> close 8 0 0.661488 0.338512 
 ----> close 9 0 0.652003 0.347997 
 ----> close 10 1 0.640636 0.359364 
 ----> close 11 1 0.600091 0.399909 
 ----> close 12 0 0.650938 0.349062 
 ----> close 13 0 0.621413 0.378587 
 ----> close 14 1 0.656868 0.343132 
 ----> close 15 1 0.612815 0.387185 
 ----> close 16 1 0.668604 0.331396 
 ----> close 17 1 0.652679 0.347321 
 ----> close 18 0 0.645686 0.354314 
 ----> close 19 0 0.649385 0.350615 
 ----> close 20 0 0.643151 0.356849 
 ----> close 21 1 0.609091 0.390909 
 ----> close 22 0 0.635691 0.364309 
 ----> close 23 0 0.635581 0.364419 
 ----> close 24 0 0.618327 0.381673 
 ----> close 25 0 0.65347 0.34653 
 ----> close 26 1 0.647333 0.352667 
 ----> close 27 1 0.621249 0.378751 
 ----> close 28 1 0.666834 0.333166 
 ----> close 29 0 0.667463 0.332537 
 ----> close 30 0 0.695779 0.304221 
 ----> close 31 0 0.693255 0.306745 
 ----> close 32 0 0.658713 0.341287 
 ----> close 33 0 0.640944 0.359056 
 ----> close 34 1 0.598415 0.401585 
 ----> close 35 1 0.613884 0.386116 
 ----> close 36 0 0.653349 0.346651 
 ----> close 37 0 0.658922 0.341078 
 ----> close 38 0 0.656724 0.343276 
 ----> close 39 0 0.645229 0.354771 
 ----> close 40 1 0.64364 0.35636 
 ----> close 41 1 0.637605 0.362395 
 ----> close 42 1 0.637915 0.362085 
 ----> close 43 0 0.645864 0.354136 
 ----> close 44 1 0.637292 0.362708 
 ----> close 45 1 0.638583 0.361417 
 ----> close 46 0 0.672877 0.327123 
 ----> close 47 1 0.62608 0.37392 
 ----> close 48 1 0.634732 0.365268 
 ----> close 49 1 0.685183 0.314817 
 ----> close 50 1 0.611782 0.388218 
 ----> close 51 0 0.698477 0.301523 
 ----> close 52 1 0.601083 0.398917 
 ----> close 53 0 0.64074 0.35926 
 ----> close 54 0 0.648524 0.351476 
 ----> close 55 0 0.627605 0.372395 
 ----> close 56 1 0.610089 0.389911 
 ----> close 57 1 0.639653 0.360347 
 ----> close 58 0 0.636856 0.363144 
 ----> close 59 1 0.59584 0.40416 
 ----> close 60 0 0.688599 0.311401 
 ----> close 61 0 0.679893 0.320107 
 ----> close 62 0 0.680812 0.319188 
 ----> close 63 1 0.623336 0.376664 
 ----> close 64 1 0.649848 0.350152 
 ----> close 65 0 0.665278 0.334722 
 ----> close 66 0 0.660663 0.339337 
 ----> close 67 1 0.670437 0.329563 
 ----> close 68 1 0.646675 0.353325 
 ----> close 69 0 0.660914 0.339086 
 ----> close 70 1 0.647872 0.352128 
 ----> close 71 1 0.66892 0.33108 
 ----> close 72 1 0.656673 0.343327 
 ----> close 73 0 0.637635 0.362365 
 ----> close 74 0 0.681395 0.318605 
 ----> close 75 0 0.653916 0.346084 
 ----> close 76 1 0.680536 0.319464 
 ----> close 77 0 0.623944 0.376056 
 ----> close 78 1 0.585711 0.414289 
 ----> close 79 0 0.640692 0.359308 
 ----> close 80 1 0.623496 0.376504 
 ----> close 81 1 0.630995 0.369005 
 ----> close 82 1 0.634328 0.365672 
 ----> close 83 1 0.64694 0.35306 
 ----> close 84 1 0.614829 0.385171 
 ----> close 85 0 0.638227 0.361773 
 ----> close 86 0 0.673124 0.326876 
 ----> close 87 1 0.615801 0.384199 
 ----> close 88 1 0.649986 0.350014 
 ----> close 89 1 0.621404 0.378596 
 ----> close 90 1 0.600244 0.399756 
 ----> close 91 1 0.6093 0.3907 
 ----> close 92 0 0.662056 0.337944 
 ----> close 93 0 0.669925 0.330075 
 ----> close 94 1 0.602213 0.397787 
 ----> close 95 0 0.651443 0.348557 
 ----> close 96 0 0.703685 0.296315 
 ----> close 97 1 0.640655 0.359345 
 ----> close 98 1 0.631977 0.368023 
 ----> close 99 1 0.642173 0.357827 
 ----> close 100 0 0.645517 0.354483 
 ----> close 101 1 0.670166 0.329834 
 ----> close 102 0 0.656472 0.343528 
 ----> close 103 0 0.696186 0.303814 
 ----> close 104 0 0.677278 0.322722 
 ----> close 105 1 0.636096 0.363904 
 ----> close 106 0 0.629806 0.370194 
 ----> close 107 0 0.640198 0.359802 
 ----> close 108 0 0.662803 0.337197 
 ----> close 109 0 0.644312 0.355688 
 ----> close 110 1 0.646808 0.353192 
 ----> close 111 0 0.660919 0.339081 
 ----> close 112 0 0.648908 0.351092 
 ----> close 113 1 0.659509 0.340491 
 ----> close 114 1 0.652379 0.347621 
 ----> close 115 0 0.645785 0.354215 
 ----> close 116 0 0.678647 0.321353 
 ----> close 117 1 0.598838 0.401162 
 ----> close 118 1 0.598206 0.401794 
 ----> close 119 1 0.601235 0.398765 
 ----> close 120 0 0.625561 0.374439 
 ----> close 121 0 0.619624 0.380376 
 ----> close 122 1 0.629477 0.370523 
 ----> close 123 1 0.631553 0.368447 
 ----> close 124 0 0.666172 0.333828 
 ----> close 125 1 0.631828 0.368172 
 ----> close 126 0 0.674048 0.325952 
 ----> close 127 0 0.641789 0.358211 
 ----> close 128 0 0.619557 0.380443 
 ----> close 129 1 0.636606 0.363394 
 ----> close 130 0 0.617678 0.382322 
 ----> close 131 0 0.680473 0.319527 
 ----> close 132 0 0.633054 0.366946 
 ----> close 133 1 0.635141 0.364859 
 ----> close 134 1 0.670291 0.329709 
 ----> close 135 1 0.648249 0.351751 
 ----> close 136 0 0.649188 0.350812 
 ----> close 137 1 0.630999 0.369001 
 ----> close 138 0 0.690435 0.309565 
 ----> close 139 0 0.601323 0.398677 
 ----> close 140 1 0.660662 0.339338 
 ----> close 141 1 0.610491 0.389509 
 ----> close 142 1 0.68055 0.31945 
 ----> close 143 0 0.68158 0.31842 
 ----> close 144 1 0.650785 0.349215 
 ----> close 145 0 0.68513 0.31487 
 ----> close 146 0 0.634795 0.365205 
 ----> close 147 0 0.656601 0.343399 
 ----> close 148 0 0.658954 0.341046 
 ----> close 149 1 0.64832 0.35168 
 ----> close 150 1 0.605406 0.394594 
 ----> close 151 1 0.672898 0.327102 
 ----> close 152 0 0.611184 0.388816 
 ----> close 153 0 0.663752 0.336248 
 ----> close 154 0 0.696934 0.303066 
 ----> close 155 1 0.594887 0.405113 
 ----> close 156 1 0.632238 0.367762 
 ----> close 157 1 0.648948 0.351052 
 ----> close 158 0 0.663932 0.336068 
 ----> close 159 1 0.673888 0.326112 
 ----> close 160 0 0.664244 0.335756 
 ----> close 161 0 0.666158 0.333842 
 ----> close 162 1 0.655099 0.344901 
 ----> close 163 1 0.625798 0.374202 
 ----> close 164 1 0.67427 0.32573 
 ----> close 165 1 0.653561 0.346439 
 ----> close 166 0 0.66063 0.33937 
 ----> close 167 1 0.663195 0.336805 
 ----> close 168 0 0.636195 0.363805 
 ----> close 169 0 0.637185 0.362815 
 ----> close 170 1 0.637991 0.362009 
 ----> close 171 1 0.594791 0.405209 
 ----> close 172 0 0.637455 0.362545 
 ----> close 173 1 0.66267 0.33733 
 ----> close 174 0 0.639867 0.360133 
 ----> close 175 1 0.625407 0.374593 
 ----> close 176 0 0.640326 0.359674 
 ----> close 177 0 0.640062 0.359938 
 ----> close 178 1 0.646861 0.353139 
 ----> close 179 0 0.633149 0.366851 
 ----> close 180 0 0.638875 0.361125 
 ----> close 181 0 0.683539 0.316461 
 ----> close 182 0 0.637905 0.362095 
 ----> close 183 1 0.649453 0.350547 
 ----> close 184 1 0.633404 0.366596 
 ----> close 185 1 0.621618 0.378382 
 ----> close 186 0 0.65789 0.34211 
 ----> close 187 0 0.597483 0.402517 
 ----> close 188 1 0.657466 0.342534 
 ----> close 189 1 0.643374 0.356626 
 ----> close 190 0 0.677968 0.322032 
 ----> close 191 0 0.614743 0.385257 
 ----> close 192 1 0.653917 0.346083 
 ----> close 193 0 0.631253 0.368747 
 ----> close 194 0 0.650993 0.349007 
 ----> close 195 0 0.647453 0.352547 
 ----> close 196 1 0.643895 0.356105 
 ----> close 197 0 0.653202 0.346798 
 ----> close 198 0 0.664722 0.335278 
 ----> close 199 0 0.662909 0.337091 
 ----> close 200 0 0.642343 0.357657 
 ----> close 201 0 0.677883 0.322117 
 ----> close 202 0 0.664401 0.335599 
 ----> close 203 1 0.614377 0.385623 
 ----> close 204 1 0.692437 0.307563 
 ----> close 205 0 0.694733 0.305267 
 ----> close 206 1 0.667074 0.332926 
 ----> close 207 1 0.654981 0.345019 
 ----> close 208 0 0.677174 0.322826 
 ----> close 209 0 0.657817 0.342183 
 ----> close 210 0 0.661673 0.338327 
 ----> close 211 0 0.672545 0.327455 
 ----> close 212 0 0.686118 0.313882 
 ----> close 213 1 0.597989 0.402011 
 ----> close 214 0 0.64674 0.35326 
 ----> close 215 1 0.629819 0.370181 
 ----> close 216 0 0.668556 0.331444 
 ----> close 217 1 0.635809 0.364191 
 ----> close 218 0 0.680457 0.319543 
 ----> close 219 0 0.649474 0.350526 
 ----> close 220 0 0.666541 0.333459 
 ----> close 221 0 0.625109 0.374891 
 ----> close 222 1 0.65091 0.34909 
 ----> close 223 1 0.648555 0.351445 
 ----> close 224 0 0.706787 0.293213 
 ----> close 225 1 0.649837 0.350163 
 ----> close 226 1 0.697009 0.302991 
 ----> close 227 0 0.664275 0.335725 
 ----> close 228 0 0.652636 0.347364 
 ----> close 229 0 0.650281 0.349719 
 ----> close 230 0 0.637069 0.362931 
 ----> close 231 0 0.699305 0.300695 
 ----> close 232 1 0.652428 0.347572 
 ----> close 233 0 0.646506 0.353494 
 ----> close 234 0 0.665017 0.334983 
 ----> close 235 0 0.674873 0.325127 
 ----> close 236 1 0.648018 0.351982 
 ----> close 237 0 0.665784 0.334216 
 ----> close 238 0 0.665927 0.334073 
 ----> close 239 0 0.672399 0.327601 
 ----> close 240 1 0.629497 0.370503 
 ----> close 241 0 0.663479 0.336521 
 ----> close 242 1 0.660962 0.339038 
 ----> close 243 0 0.657883 0.342117 
 ----> close 244 1 0.626525 0.373475 
 ----> close 245 1 0.640812 0.359188 
 ----> close 246 0 0.659334 0.340666 
 ----> close 247 0 0.714427 0.285573 
 ----> close 248 1 0.625889 0.374111 
 ----> close 249 1 0.635028 0.364972 
 ----> close 250 0 0.67164 0.32836 
 ----> close 251 0 0.657898 0.342102 
 ----> close 252 0 0.674217 0.325783 
 ----> close 253 1 0.61396 0.38604 
 ----> close 254 0 0.67265 0.32735 
 ----> close 255 1 0.648936 0.351064 
 ----> close 256 0 0.67456 0.32544 
 ----> close 257 0 0.669215 0.330785 
 ----> close 258 0 0.678768 0.321232 
 ----> close 259 0 0.629357 0.370643 
 ----> close 260 1 0.68327 0.31673 
 ----> close 261 1 0.66181 0.33819 
 ----> close 262 0 0.693436 0.306564 
 ----> close 263 1 0.64902 0.35098 
 ----> close 264 1 0.656866 0.343134 
 ----> close 265 1 0.63171 0.36829 
 ----> close 266 0 0.679281 0.320719 
 ----> close 267 0 0.644692 0.355308 
 ----> close 268 1 0.634819 0.365181 
 ----> close 269 0 0.66805 0.33195 
 ----> close 270 1 0.684476 0.315524 
 ----> close 271 1 0.62005 0.37995 
 ----> close 272 0 0.663849 0.336151 
 ----> close 273 0 0.662146 0.337854 
 ----> close 274 1 0.667574 0.332426 
 ----> close 275 1 0.652921 0.347079 
 ----> close 276 0 0.647771 0.352229 
 ----> close 277 0 0.655576 0.344424 
 ----> close 278 0 0.640344 0.359656 
 ----> close 279 1 0.623449 0.376551 
 ----> close 280 1 0.596396 0.403604 
 ----> close 281 0 0.627394 0.372606 
 ----> close 282 1 0.596064 0.403936 
 ----> close 283 1 0.621022 0.378978 
 ----> close 284 1 0.65614 0.34386 
 ----> close 285 0 0.721135 0.278865 
 ----> close 286 0 0.678205 0.321795 
 ----> close 287 0 0.662509 0.337491 
 ----> close 288 1 0.659846 0.340154 
 ----> close 289 0 0.666936 0.333064 
 ----> close 290 0 0.677007 0.322993 
 ----> close 291 1 0.658517 0.341483 
 ----> close 292 0 0.668455 0.331545 
 ----> close 293 1 0.635974 0.364026 
 ----> close 294 1 0.655359 0.344641 
 ----> close 295 0 0.653743 0.346257 
 ----> close 296 0 0.647749 0.352251 
 ----> close 297 0 0.639105 0.360895 
 ----> close 298 1 0.629091 0.370909 
 ----> close 299 0 0.656293 0.343707 
 ----> close 300 0 0.630096 0.369904 
 ----> close 301 0 0.650654 0.349346 
 ----> close 302 0 0.670939 0.329061 
 ----> close 303 0 0.636844 0.363156 
 ----> close 304 0 0.656857 0.343143 
 ----> close 305 0 0.6594 0.3406 
 ----> close 306 0 0.652569 0.347431 
 ----> close 307 1 0.67126 0.32874 
 ----> close 308 0 0.650839 0.349161 
 ----> close 309 1 0.680821 0.319179 
 ----> close 310 0 0.681349 0.318651 
 ----> close 311 0 0.721381 0.278619 
 ----> close 312 0 0.660512 0.339488 
 ----> close 313 1 0.711549 0.288451 
 ----> close 314 0 0.675021 0.324979 
 ----> close 315 0 0.658803 0.341197 
 ----> close 316 0 0.67562 0.32438 
 ----> close 317 0 0.634863 0.365137 
 ----> close 318 0 0.655954 0.344046 
 ----> close 319 0 0.65449 0.34551 
 ----> close 320 0 0.645237 0.354763 
 ----> close 321 1 0.620327 0.379673 
 ----> close 322 1 0.646623 0.353377 
 ----> close 323 0 0.659627 0.340373 
 ----> close 324 0 0.700422 0.299578 
 ----> close 325 0 0.628906 0.371094 
 ----> close 326 1 0.657345 0.342655 
 ----> close 327 1 0.649194 0.350806 
 ----> close 328 0 0.672816 0.327184 
 ----> close 329 0 0.661151 0.338849 
 ----> close 330 0 0.661006 0.338994 
 ----> close 331 0 0.639899 0.360101 
 ----> close 332 0 0.668899 0.331101 
 ----> close 333 1 0.640412 0.359588 
 ----> close 334 1 0.686252 0.313748 
 ----> close 335 0 0.704696 0.295304 
 ----> close 336 1 0.624083 0.375917 
 ----> close 337 1 0.718228 0.281772 
 ----> close 338 1 0.7075 0.2925 
 ----> close 339 0 0.647875 0.352125 
 ----> close 340 0 0.671124 0.328876 
 ----> close 341 1 0.663519 0.336481 
 ----> close 342 1 0.659473 0.340527 
 ----> close 343 0 0.677315 0.322685 
 ----> close 344 0 0.687888 0.312112 
 ----> close 345 0 0.637763 0.362237 
 ----> close 346 0 0.682819 0.317181 
 ----> close 347 1 0.604104 0.395896 
 ----> close 348 0 0.63061 0.36939 
 ----> close 349 0 0.637309 0.362691 
 ----> close 350 1 0.649824 0.350176 
 ----> close 351 0 0.663161 0.336839 
 ----> close 352 0 0.689584 0.310416 
 ----> close 353 0 0.664242 0.335758 
 ----> close 354 0 0.593086 0.406914 
 ----> close 355 0 0.674644 0.325356 
 ----> close 356 0 0.668513 0.331487 
 ----> close 357 1 0.67091 0.32909 
 ----> close 358 0 0.640996 0.359004 
 ----> close 359 0 0.663321 0.336679 
 ----> close 360 0 0.642544 0.357456 
 ----> close 361 0 0.668295 0.331705 
 ----> close 362 1 0.67694 0.32306 
 ----> close 363 0 0.634396 0.365604 
 ----> close 364 0 0.656633 0.343367 
 ----> close 365 0 0.649146 0.350854 
 ----> close 366 1 0.701557 0.298443 
 ----> close 367 0 0.710896 0.289104 
 ----> close 368 0 0.656793 0.343207 
 ----> close 369 0 0.707855 0.292145 
 ----> close 370 1 0.653671 0.346329 
 ----> close 371 0 0.642469 0.357531 
 ----> close 372 0 0.649779 0.350221 
 ----> close 373 0 0.690988 0.309012 
 ----> close 374 0 0.689671 0.310329 
 ----> close 375 1 0.62099 0.37901 
 ----> close 376 0 0.700684 0.299316 
 ----> close 377 0 0.669397 0.330603 
 ----> close 378 1 0.660468 0.339532 
 ----> close 379 0 0.64479 0.35521 
 ----> close 380 0 0.62919 0.37081 
 ----> close 381 0 0.677079 0.322921 
 ----> close 382 0 0.686534 0.313466 
 ----> close 383 0 0.683211 0.316789 
 ----> close 384 0 0.648481 0.351519 
 ----> close 385 1 0.585116 0.414884 
 ----> close 386 0 0.673291 0.326709 
 ----> close 387 1 0.689927 0.310073 
 ----> close 388 1 0.671697 0.328303 
 ----> close 389 0 0.680059 0.319941 
 ----> close 390 0 0.668538 0.331462 
 ----> close 391 0 0.727026 0.272974 
 ----> close 392 1 0.675359 0.324641 
 ----> close 393 1 0.644659 0.355341 
 ----> close 394 0 0.667068 0.332932 
 ----> close 395 0 0.665655 0.334345 
 ----> close 396 0 0.659348 0.340652 
 ----> close 397 0 0.675025 0.324975 
 ----> close 398 1 0.66002 0.33998 
 ----> close 399 1 0.669878 0.330122 
 ----> close 400 1 0.645693 0.354307 
 ----> close 401 0 0.661585 0.338415 
 ----> close 402 0 0.695129 0.304871 
 ----> close 403 0 0.621226 0.378774 
 ----> close 404 0 0.696117 0.303883 
 ----> close 405 0 0.637046 0.362954 
 ----> close 406 1 0.655647 0.344353 
 ----> close 407 1 0.652476 0.347524 
 ----> close 408 0 0.629556 0.370444 
 ----> close 409 1 0.631547 0.368453 
 ----> close 410 0 0.661121 0.338879 
 ----> close 411 0 0.676684 0.323316 
 ----> close 412 0 0.686292 0.313708 
 ----> close 413 1 0.628434 0.371566 
 ----> close 414 0 0.668481 0.331519 
 ----> close 415 1 0.654537 0.345463 
 ----> close 416 0 0.644833 0.355167 
 ----> close 417 0 0.683354 0.316646 
 ----> close 418 1 0.651364 0.348636 
 ----> close 419 0 0.649419 0.350581 
 ----> close 420 0 0.644578 0.355422 
 ----> close 421 0 0.654761 0.345239 
 ----> close 422 0 0.670372 0.329628 
 ----> close 423 0 0.673844 0.326156 
 ----> close 424 0 0.663755 0.336245 
 ----> close 425 0 0.642204 0.357796 
 ----> close 426 1 0.629325 0.370675 
 ----> close 427 0 0.641146 0.358854 
 ----> close 428 0 0.673082 0.326918 
 ----> close 429 0 0.612094 0.387906 
 ----> close 430 0 0.657182 0.342818 
 ----> close 431 0 0.680494 0.319506 
 ----> close 432 0 0.693965 0.306035 
 ----> close 433 0 0.685165 0.314835 
 ----> close 434 0 0.711094 0.288906 
 ----> close 435 1 0.67297 0.32703 
 ----> close 436 0 0.641465 0.358535 
 ----> close 437 0 0.679417 0.320583 
 ----> close 438 0 0.647513 0.352487 
 ----> close 439 0 0.652603 0.347397 
 ----> close 440 0 0.695685 0.304315 
 ----> close 441 0 0.665987 0.334013 
 ----> close 442 0 0.660816 0.339184 
 ----> close 443 0 0.622837 0.377163 
 ----> close 444 0 0.651908 0.348092 
 ----> close 445 1 0.663978 0.336022 
 ----> close 446 0 0.672416 0.327584 
 ----> close 447 0 0.686358 0.313642 
 ----> close 448 0 0.685775 0.314225 
 ----> close 449 0 0.665442 0.334558 
 ----> close 450 0 0.680126 0.319874 
 ----> close 451 0 0.717108 0.282892 
 ----> close 452 0 0.699982 0.300018 
 ----> close 453 0 0.62714 0.37286 
 ----> close 454 1 0.666698 0.333302 
 ----> close 455 0 0.664901 0.335099 
 ----> close 456 0 0.666355 0.333645 
 ----> close 457 0 0.65806 0.34194 
 ----> close 458 1 0.662084 0.337916 
 ----> close 459 0 0.677377 0.322623 
 ----> close 460 0 0.670836 0.329164 
 ----> close 461 1 0.659835 0.340165 
 ----> close 462 0 0.72458 0.27542 
 ----> close 463 0 0.738374 0.261626 
 ----> close 464 0 0.665084 0.334916 
 ----> close 465 0 0.683325 0.316675 
 ----> close 466 0 0.679342 0.320658 
 ----> close 467 1 0.684913 0.315087 
 ----> close 468 0 0.673628 0.326372 
 ----> close 469 0 0.687795 0.312205 
 ----> close 470 1 0.695461 0.304539 
 ----> close 471 1 0.682146 0.317854 
 ----> close 472 0 0.658887 0.341113 
 ----> close 473 1 0.65473 0.34527 
 ----> close 474 0 0.680376 0.319624 
 ----> close 475 0 0.711427 0.288573 
 ----> close 476 0 0.686596 0.313404 
 ----> close 477 1 0.700694 0.299306 
 ----> close 478 0 0.698616 0.301384 
 ----> close 479 1 0.655265 0.344735 
 ----> close 480 0 0.686071 0.313929 
 ----> close 481 0 0.679348 0.320652 
 ----> close 482 0 0.669238 0.330762 
 ----> close 483 1 0.645577 0.354423 
 ----> close 484 0 0.646882 0.353118 
 ----> close 485 0 0.664991 0.335009 
 ----> close 486 0 0.676064 0.323936 
 ----> close 487 0 0.615522 0.384478 
 ----> close 488 1 0.678167 0.321833 
 ----> close 489 1 0.66471 0.33529 
 ----> close 490 0 0.706752 0.293248 
 ----> close 491 1 0.67212 0.32788 
 ----> close 492 0 0.661837 0.338163 
 ----> close 493 0 0.728044 0.271956 
 ----> close 494 0 0.665428 0.334572 
 ----> close 495 1 0.661705 0.338295 
 ----> close 496 0 0.642965 0.357035 
 ----> close 497 0 0.663649 0.336351 
 ----> close 498 0 0.673535 0.326465 
 ----> close 499 1 0.655919 0.344081 
 ----> close 500 1 0.664522 0.335478 
 ----> close 501 0 0.667835 0.332165 
 ----> close 502 0 0.665796 0.334204 
 ----> close 503 0 0.669763 0.330237 
 ----> close 504 0 0.677736 0.322264 
 ----> close 505 0 0.659356 0.340644 
 ----> close 506 0 0.639593 0.360407 
 ----> close 507 0 0.684234 0.315766 
 ----> close 508 1 0.661361 0.338639 
 ----> close 509 1 0.667985 0.332015 
 ----> close 510 0 0.698564 0.301436 
 ----> close 511 0 0.644277 0.355723 
 ----> close 512 0 0.667614 0.332386 
 ----> close 513 0 0.630524 0.369476 
 ----> close 514 1 0.67764 0.32236 
 ----> close 515 0 0.657921 0.342079 
 ----> close 516 0 0.681671 0.318329 
 ----> close 517 1 0.659792 0.340208 
 ----> close 518 0 0.677348 0.322652 
 ----> close 519 0 0.677422 0.322578 
 ----> close 520 1 0.655919 0.344081 
 ----> close 521 1 0.574371 0.425629 
 ----> close 522 0 0.658253 0.341747 
 ----> close 523 1 0.668519 0.331481 
 ----> close 524 0 0.664374 0.335626 
 ----> close 525 0 0.644719 0.355281 
 ----> close 526 0 0.656471 0.343529 
 ----> close 527 0 0.642743 0.357257 
 ----> close 528 0 0.69347 0.30653 
 ----> close 529 1 0.627898 0.372102 
 ----> close 530 0 0.659979 0.340021 
 ----> close 531 1 0.661262 0.338738 
 ----> close 532 0 0.676071 0.323929 
 ----> close 533 0 0.725504 0.274496 
 ----> close 534 0 0.691987 0.308013 
 ----> close 535 1 0.618102 0.381898 
 ----> close 536 0 0.654635 0.345365 
 ----> close 537 0 0.631163 0.368837 
 ----> close 538 0 0.683912 0.316088 
 ----> close 539 1 0.594773 0.405227 
 ----> close 540 0 0.648235 0.351765 
 ----> close 541 1 0.657608 0.342392 
 ----> close 542 0 0.623339 0.376661 
 ----> close 543 1 0.643478 0.356522 
 ----> close 544 0 0.693729 0.306271 
 ----> close 545 1 0.638821 0.361179 
 ----> close 546 0 0.651653 0.348347 
 ----> close 547 0 0.672078 0.327922 
 ----> close 548 1 0.660365 0.339635 
 ----> close 549 0 0.673116 0.326884 
 ----> close 550 0 0.708163 0.291837 
 ----> close 551 0 0.670032 0.329968 
 ----> close 552 1 0.663856 0.336144 
 ----> close 553 1 0.643826 0.356174 
 ----> close 554 1 0.671384 0.328616 
 ----> close 555 1 0.666965 0.333035 
 ----> close 556 0 0.668046 0.331954 
 ----> close 557 0 0.648692 0.351308 
 ----> close 558 0 0.681763 0.318237 
 ----> close 559 0 0.67693 0.32307 
 ----> close 560 0 0.685968 0.314032 
 ----> close 561 1 0.581556 0.418444 
 ----> close 562 0 0.651855 0.348145 
 ----> close 563 0 0.662495 0.337505 
 ----> close 564 0 0.660721 0.339279 
 ----> close 565 0 0.638288 0.361712 
 ----> close 566 0 0.664927 0.335073 
 ----> close 567 0 0.66608 0.33392 
 ----> close 568 0 0.667408 0.332592 
 ----> close 569 1 0.622117 0.377883 
 ----> close 570 0 0.647767 0.352233 
 ----> close 571 1 0.648073 0.351927 
 ----> close 572 0 0.665151 0.334849 
 ----> close 573 0 0.659205 0.340795 
 ----> close 574 0 0.674206 0.325794 
 ----> close 575 1 0.651634 0.348366 
 ----> close 576 0 0.686119 0.313881 
 ----> close 577 1 0.600416 0.399584 
 ----> close 578 0 0.638951 0.361049 
 ----> close 579 0 0.636763 0.363237 
 ----> close 580 1 0.636747 0.363253 
 ----> close 581 0 0.629997 0.370003 
 ----> close 582 0 0.688707 0.311293 
 ----> close 583 1 0.638924 0.361076 
 ----> close 584 0 0.682874 0.317126 
 ----> close 585 0 0.662024 0.337976 
 ----> close 586 0 0.691685 0.308315 
 ----> close 587 0 0.58795 0.41205 
 ----> close 588 0 0.674849 0.325151 
 ----> close 589 1 0.641445 0.358555 
 ----> close 590 0 0.64396 0.35604 
 ----> close 591 1 0.671656 0.328344 
 ----> close 592 1 0.630329 0.369671 
 ----> close 593 0 0.69167 0.30833 
 ----> close 594 0 0.668164 0.331836 
 ----> close 595 0 0.688377 0.311623 
 ----> close 596 0 0.630418 0.369582 
 ----> close 597 0 0.64936 0.35064 
 ----> close 598 0 0.701715 0.298285 
 ----> close 599 0 0.642876 0.357124 
 ----> close 600 0 0.680218 0.319782 
 ----> close 601 0 0.658028 0.341972 
 ----> close 602 1 0.67707 0.32293 
 ----> close 603 0 0.659438 0.340562 
 ----> close 604 0 0.67864 0.32136 
 ----> close 605 0 0.678623 0.321377 
 ----> close 606 0 0.661982 0.338018 
 ----> close 607 1 0.670998 0.329002 
 ----> close 608 0 0.687233 0.312767 
 ----> close 609 0 0.683653 0.316347 
 ----> close 610 0 0.693235 0.306765 
 ----> close 611 0 0.717216 0.282784 
 ----> close 612 0 0.698751 0.301249 
 ----> close 613 0 0.651129 0.348871 
 ----> close 614 0 0.691208 0.308792 
 ----> close 615 0 0.628267 0.371733 
 ----> close 616 0 0.688399 0.311601 
 ----> close 617 0 0.656469 0.343531 
 ----> close 618 0 0.670302 0.329698 
 ----> close 619 1 0.683456 0.316544 
 ----> close 620 1 0.680129 0.319871 
 ----> close 621 0 0.655366 0.344634 
 ----> close 622 0 0.695608 0.304392 
 ----> close 623 1 0.724103 0.275897 
 ----> close 624 0 0.702429 0.297571 
 ----> close 625 0 0.66363 0.33637 
 ----> close 626 0 0.680689 0.319311 
 ----> close 627 0 0.649118 0.350882 
 ----> close 628 1 0.684786 0.315214 
 ----> close 629 0 0.663077 0.336923 
 ----> close 630 0 0.687445 0.312555 
 ----> close 631 1 0.63818 0.36182 
 ----> close 632 1 0.669679 0.330321 
 ----> close 633 0 0.692244 0.307756 
 ----> close 634 1 0.62646 0.37354 
 ----> close 635 0 0.671625 0.328375 
 ----> close 636 1 0.628072 0.371928 
 ----> close 637 0 0.663898 0.336102 
 ----> close 638 0 0.687138 0.312862 
 ----> close 639 1 0.669836 0.330164 
 ----> close 640 0 0.645852 0.354148 
 ----> close 641 0 0.676259 0.323741 
 ----> close 642 0 0.686524 0.313476 
 ----> close 643 0 0.678814 0.321186 
 ----> close 644 0 0.679955 0.320045 
 ----> close 645 0 0.630186 0.369814 
 ----> close 646 1 0.644259 0.355741 
 ----> close 647 0 0.684094 0.315906 
 ----> close 648 0 0.619556 0.380444 
 ----> close 649 0 0.679453 0.320547 
 ----> close 650 0 0.680679 0.319321 
 ----> close 651 1 0.68483 0.31517 
 ----> close 652 0 0.625909 0.374091 
 ----> close 653 1 0.666262 0.333738 
 ----> close 654 0 0.675286 0.324714 
 ----> close 655 0 0.681406 0.318594 
 ----> close 656 0 0.679393 0.320607 
 ----> close 657 0 0.655834 0.344166 
 ----> close 658 0 0.689093 0.310907 
 ----> close 659 0 0.661834 0.338166 
 ----> close 660 0 0.729839 0.270161 
 ----> close 661 0 0.686972 0.313028 
 ----> close 662 0 0.729736 0.270264 
 ----> close 663 1 0.672989 0.327011 
 ----> close 664 1 0.636465 0.363535 
 ----> close 665 0 0.681925 0.318075 
 ----> close 666 0 0.676255 0.323745 
 ----> close 667 0 0.659534 0.340466 
 ----> close 668 0 0.671066 0.328934 
 ----> close 669 0 0.67245 0.32755 
 ----> close 670 0 0.676816 0.323184 
 ----> close 671 0 0.680273 0.319727 
 ----> close 672 0 0.700071 0.299929 
 ----> close 673 0 0.70153 0.29847 
 ----> close 674 1 0.664834 0.335166 
 ----> close 675 1 0.663896 0.336104 
 ----> close 676 0 0.631726 0.368274 
 ----> close 677 1 0.661999 0.338001 
 ----> close 678 1 0.659449 0.340551 
 ----> close 679 0 0.669646 0.330354 
 ----> close 680 1 0.653049 0.346951 
 ----> close 681 0 0.634276 0.365724 
 ----> close 682 0 0.655297 0.344703 
 ----> close 683 0 0.723269 0.276731 
 ----> close 684 0 0.643508 0.356492 
 ----> close 685 0 0.649 0.351 
 ----> close 686 0 0.650652 0.349348 
 ----> close 687 0 0.658905 0.341095 
 ----> close 688 0 0.660706 0.339294 
 ----> close 689 0 0.65577 0.34423 
 ----> close 690 1 0.670289 0.329711 
 ----> close 691 0 0.652526 0.347474 
 ----> close 692 0 0.652879 0.347121 
 ----> close 693 1 0.696962 0.303038 
 ----> close 694 0 0.653264 0.346736 
 ----> close 695 0 0.704008 0.295992 
 ----> close 696 0 0.677521 0.322479 
 ----> close 697 0 0.696023 0.303977 
 ----> close 698 1 0.652022 0.347978 
 ----> close 699 0 0.668058 0.331942 
 ----> close 700 1 0.660128 0.339872 
 ----> close 701 0 0.657253 0.342747 
 ----> close 702 0 0.669489 0.330511 
 ----> close 703 0 0.662859 0.337141 
 ----> close 704 0 0.678353 0.321647 
 ----> close 705 0 0.686845 0.313155 
 ----> close 706 0 0.671167 0.328833 
 ----> close 707 0 0.711369 0.288631 
 ----> close 708 0 0.689793 0.310207 
 ----> close 709 0 0.720557 0.279443 
 ----> close 710 0 0.683776 0.316224 
 ----> close 711 0 0.656973 0.343027 
 ----> close 712 0 0.68229 0.31771 
 ----> close 713 1 0.655919 0.344081 
 ----> close 714 1 0.674603 0.325397 
 ----> close 715 1 0.631008 0.368992 
 ----> close 716 1 0.676788 0.323212 
 ----> close 717 0 0.668161 0.331839 
 ----> close 718 0 0.658536 0.341464 
