 ----> close 1 1 0.650209 0.349791 
 ----> close 2 0 0.661293 0.338707 
 ----> close 3 1 0.622174 0.377826 
 ----> close 4 1 0.639474 0.360526 
 ----> close 5 1 0.6629 0.3371 
 ----> close 6 1 0.668052 0.331948 
 ----> close 7 0 0.639846 0.360154 
 ----> close 8 0 0.677295 0.322705 
 ----> close 9 0 0.680921 0.319079 
 ----> close 10 1 0.688561 0.311439 
 ----> close 11 1 0.615834 0.384166 
 ----> close 12 0 0.645622 0.354378 
 ----> close 13 0 0.638489 0.361511 
 ----> close 14 1 0.654146 0.345854 
 ----> close 15 1 0.653758 0.346242 
 ----> close 16 1 0.680668 0.319332 
 ----> close 17 1 0.658953 0.341047 
 ----> close 18 0 0.649354 0.350646 
 ----> close 19 0 0.647451 0.352549 
 ----> close 20 0 0.644173 0.355827 
 ----> close 21 1 0.650229 0.349771 
 ----> close 22 0 0.711096 0.288904 
 ----> close 23 0 0.67051 0.32949 
 ----> close 24 0 0.609283 0.390717 
 ----> close 25 0 0.629467 0.370533 
 ----> close 26 1 0.624288 0.375712 
 ----> close 27 1 0.679407 0.320593 
 ----> close 28 1 0.693695 0.306305 
 ----> close 29 0 0.63392 0.36608 
 ----> close 30 0 0.664573 0.335427 
 ----> close 31 0 0.665705 0.334295 
 ----> close 32 0 0.705006 0.294994 
 ----> close 33 0 0.649972 0.350028 
 ----> close 34 1 0.577055 0.422945 
 ----> close 35 1 0.664317 0.335683 
 ----> close 36 0 0.680256 0.319744 
 ----> close 37 0 0.664619 0.335381 
 ----> close 38 0 0.675599 0.324401 
 ----> close 39 0 0.670593 0.329407 
 ----> close 40 1 0.626138 0.373862 
 ----> close 41 1 0.645208 0.354792 
 ----> close 42 1 0.663233 0.336767 
 ----> close 43 0 0.653676 0.346324 
 ----> close 44 1 0.612735 0.387265 
 ----> close 45 1 0.652007 0.347993 
 ----> close 46 0 0.670632 0.329368 
 ----> close 47 1 0.650223 0.349777 
 ----> close 48 1 0.623533 0.376467 
 ----> close 49 1 0.631548 0.368452 
 ----> close 50 1 0.625377 0.374623 
 ----> close 51 0 0.638475 0.361525 
 ----> close 52 1 0.647732 0.352268 
 ----> close 53 0 0.703522 0.296478 
 ----> close 54 0 0.669379 0.330621 
 ----> close 55 0 0.653308 0.346692 
 ----> close 56 1 0.651941 0.348059 
 ----> close 57 1 0.622048 0.377952 
 ----> close 58 0 0.698627 0.301373 
 ----> close 59 1 0.655822 0.344178 
 ----> close 60 0 0.671867 0.328133 
 ----> close 61 0 0.648169 0.351831 
 ----> close 62 0 0.637664 0.362336 
 ----> close 63 1 0.613168 0.386832 
 ----> close 64 1 0.6197 0.3803 
 ----> close 65 0 0.657148 0.342852 
 ----> close 66 0 0.685344 0.314656 
 ----> close 67 1 0.61856 0.38144 
 ----> close 68 1 0.690943 0.309057 
 ----> close 69 0 0.701359 0.298641 
 ----> close 70 1 0.618848 0.381152 
 ----> close 71 1 0.639801 0.360199 
 ----> close 72 1 0.671733 0.328267 
 ----> close 73 0 0.673262 0.326738 
 ----> close 74 0 0.643743 0.356257 
 ----> close 75 0 0.651664 0.348336 
 ----> close 76 1 0.667961 0.332039 
 ----> close 77 0 0.636016 0.363984 
 ----> close 78 1 0.590379 0.409621 
 ----> close 79 0 0.690423 0.309577 
 ----> close 80 1 0.687282 0.312718 
 ----> close 81 1 0.654176 0.345824 
 ----> close 82 1 0.660105 0.339895 
 ----> close 83 1 0.639231 0.360769 
 ----> close 84 1 0.621305 0.378695 
 ----> close 85 0 0.633905 0.366095 
 ----> close 86 0 0.696541 0.303459 
 ----> close 87 1 0.671925 0.328075 
 ----> close 88 1 0.65888 0.34112 
 ----> close 89 1 0.596041 0.403959 
 ----> close 90 1 0.635508 0.364492 
 ----> close 91 1 0.670714 0.329286 
 ----> close 92 0 0.66467 0.33533 
 ----> close 93 0 0.686841 0.313159 
 ----> close 94 1 0.620427 0.379573 
 ----> close 95 0 0.666973 0.333027 
 ----> close 96 0 0.68163 0.31837 
 ----> close 97 1 0.681702 0.318298 
 ----> close 98 1 0.672828 0.327172 
 ----> close 99 1 0.619577 0.380423 
 ----> close 100 0 0.627871 0.372129 
 ----> close 101 1 0.659091 0.340909 
 ----> close 102 0 0.639305 0.360695 
 ----> close 103 0 0.65824 0.34176 
 ----> close 104 0 0.669673 0.330327 
 ----> close 105 1 0.70782 0.29218 
 ----> close 106 0 0.671177 0.328823 
 ----> close 107 0 0.683816 0.316184 
 ----> close 108 0 0.664076 0.335924 
 ----> close 109 0 0.701675 0.298325 
 ----> close 110 1 0.651225 0.348775 
 ----> close 111 0 0.616761 0.383239 
 ----> close 112 0 0.694171 0.305829 
 ----> close 113 1 0.665443 0.334557 
 ----> close 114 1 0.677198 0.322802 
 ----> close 115 0 0.643271 0.356729 
 ----> close 116 0 0.648811 0.351189 
 ----> close 117 1 0.576737 0.423263 
 ----> close 118 1 0.616749 0.383251 
 ----> close 119 1 0.682249 0.317751 
 ----> close 120 0 0.694685 0.305315 
 ----> close 121 0 0.653287 0.346713 
 ----> close 122 1 0.690552 0.309448 
 ----> close 123 1 0.665601 0.334399 
 ----> close 124 0 0.657262 0.342738 
 ----> close 125 1 0.65213 0.34787 
 ----> close 126 0 0.647551 0.352449 
 ----> close 127 0 0.668831 0.331169 
 ----> close 128 0 0.676145 0.323855 
 ----> close 129 1 0.594355 0.405645 
 ----> close 130 0 0.68883 0.31117 
 ----> close 131 0 0.624884 0.375116 
 ----> close 132 0 0.659074 0.340926 
 ----> close 133 1 0.672318 0.327682 
 ----> close 134 1 0.663848 0.336152 
 ----> close 135 1 0.619329 0.380671 
 ----> close 136 0 0.675124 0.324876 
 ----> close 137 1 0.686467 0.313533 
 ----> close 138 0 0.628097 0.371903 
 ----> close 139 0 0.641887 0.358113 
 ----> close 140 1 0.652335 0.347665 
 ----> close 141 1 0.681561 0.318439 
 ----> close 142 1 0.667674 0.332326 
 ----> close 143 0 0.668141 0.331859 
 ----> close 144 1 0.6324 0.3676 
 ----> close 145 0 0.668442 0.331558 
 ----> close 146 0 0.701526 0.298474 
 ----> close 147 0 0.671284 0.328716 
 ----> close 148 0 0.692732 0.307268 
 ----> close 149 1 0.645326 0.354674 
 ----> close 150 1 0.661162 0.338838 
 ----> close 151 1 0.667341 0.332659 
 ----> close 152 0 0.627319 0.372681 
 ----> close 153 0 0.730153 0.269847 
 ----> close 154 0 0.659254 0.340746 
 ----> close 155 1 0.650738 0.349262 
 ----> close 156 1 0.616782 0.383218 
 ----> close 157 1 0.612162 0.387838 
 ----> close 158 0 0.692385 0.307615 
 ----> close 159 1 0.668389 0.331611 
 ----> close 160 0 0.660257 0.339743 
 ----> close 161 0 0.673532 0.326468 
 ----> close 162 1 0.663502 0.336498 
 ----> close 163 1 0.642106 0.357894 
 ----> close 164 1 0.623633 0.376367 
 ----> close 165 1 0.640806 0.359194 
 ----> close 166 0 0.683978 0.316022 
 ----> close 167 1 0.673874 0.326126 
 ----> close 168 0 0.680127 0.319873 
 ----> close 169 0 0.678174 0.321826 
 ----> close 170 1 0.643062 0.356938 
 ----> close 171 1 0.646262 0.353738 
 ----> close 172 0 0.672738 0.327262 
 ----> close 173 1 0.645461 0.354539 
 ----> close 174 0 0.672874 0.327126 
 ----> close 175 1 0.583385 0.416615 
 ----> close 176 0 0.735482 0.264518 
 ----> close 177 0 0.640153 0.359847 
 ----> close 178 1 0.659288 0.340712 
 ----> close 179 0 0.678009 0.321991 
 ----> close 180 0 0.697121 0.302879 
 ----> close 181 0 0.661216 0.338784 
 ----> close 182 0 0.664753 0.335247 
 ----> close 183 1 0.615332 0.384668 
 ----> close 184 1 0.646377 0.353623 
 ----> close 185 1 0.608432 0.391568 
 ----> close 186 0 0.649731 0.350269 
 ----> close 187 0 0.635484 0.364516 
 ----> close 188 1 0.695784 0.304216 
 ----> close 189 1 0.652589 0.347411 
 ----> close 190 0 0.642122 0.357878 
 ----> close 191 0 0.626405 0.373595 
 ----> close 192 1 0.642271 0.357729 
 ----> close 193 0 0.664944 0.335056 
 ----> close 194 0 0.698657 0.301343 
 ----> close 195 0 0.715379 0.284621 
 ----> close 196 1 0.606372 0.393628 
 ----> close 197 0 0.640852 0.359148 
 ----> close 198 0 0.645959 0.354041 
 ----> close 199 0 0.682773 0.317227 
 ----> close 200 0 0.656747 0.343253 
 ----> close 201 0 0.676338 0.323662 
 ----> close 202 0 0.660789 0.339211 
 ----> close 203 1 0.640847 0.359153 
 ----> close 204 1 0.664178 0.335822 
 ----> close 205 0 0.660238 0.339762 
 ----> close 206 1 0.619899 0.380101 
 ----> close 207 1 0.639946 0.360054 
 ----> close 208 0 0.696226 0.303774 
 ----> close 209 0 0.687905 0.312095 
 ----> close 210 0 0.662918 0.337082 
 ----> close 211 0 0.678321 0.321679 
 ----> close 212 0 0.676404 0.323596 
 ----> close 213 1 0.630936 0.369064 
 ----> close 214 0 0.68857 0.31143 
 ----> close 215 1 0.660367 0.339633 
 ----> close 216 0 0.691517 0.308483 
 ----> close 217 1 0.5842 0.4158 
 ----> close 218 0 0.646665 0.353335 
 ----> close 219 0 0.655132 0.344868 
 ----> close 220 0 0.675514 0.324486 
 ----> close 221 0 0.650021 0.349979 
 ----> close 222 1 0.633879 0.366121 
 ----> close 223 1 0.663928 0.336072 
 ----> close 224 0 0.688058 0.311942 
 ----> close 225 1 0.652811 0.347189 
 ----> close 226 1 0.651169 0.348831 
 ----> close 227 0 0.628431 0.371569 
 ----> close 228 0 0.630061 0.369939 
 ----> close 229 0 0.625312 0.374688 
 ----> close 230 0 0.687623 0.312377 
 ----> close 231 0 0.699712 0.300288 
 ----> close 232 1 0.657778 0.342222 
 ----> close 233 0 0.663073 0.336927 
 ----> close 234 0 0.669234 0.330766 
 ----> close 235 0 0.667836 0.332164 
 ----> close 236 1 0.601587 0.398413 
 ----> close 237 0 0.679063 0.320937 
 ----> close 238 0 0.655535 0.344465 
 ----> close 239 0 0.66729 0.33271 
 ----> close 240 1 0.614102 0.385898 
 ----> close 241 0 0.720975 0.279025 
 ----> close 242 1 0.620366 0.379634 
 ----> close 243 0 0.682599 0.317401 
 ----> close 244 1 0.648344 0.351656 
 ----> close 245 1 0.67299 0.32701 
 ----> close 246 0 0.642958 0.357042 
 ----> close 247 0 0.656637 0.343363 
 ----> close 248 1 0.625993 0.374007 
 ----> close 249 1 0.628948 0.371052 
 ----> close 250 0 0.715384 0.284616 
 ----> close 251 0 0.677134 0.322866 
 ----> close 252 0 0.641382 0.358618 
 ----> close 253 1 0.624903 0.375097 
 ----> close 254 0 0.630829 0.369171 
 ----> close 255 1 0.667636 0.332364 
 ----> close 256 0 0.69507 0.30493 
 ----> close 257 0 0.652738 0.347262 
 ----> close 258 0 0.671104 0.328896 
 ----> close 259 0 0.683072 0.316928 
 ----> close 260 1 0.619085 0.380915 
 ----> close 261 1 0.631274 0.368726 
 ----> close 262 0 0.689071 0.310929 
 ----> close 263 1 0.674626 0.325374 
 ----> close 264 1 0.684113 0.315887 
 ----> close 265 1 0.616558 0.383442 
 ----> close 266 0 0.634204 0.365796 
 ----> close 267 0 0.671716 0.328284 
 ----> close 268 1 0.648037 0.351963 
 ----> close 269 0 0.64395 0.35605 
 ----> close 270 1 0.609626 0.390374 
 ----> close 271 1 0.686211 0.313789 
 ----> close 272 0 0.673775 0.326225 
 ----> close 273 0 0.669786 0.330214 
 ----> close 274 1 0.657495 0.342505 
 ----> close 275 1 0.629309 0.370691 
 ----> close 276 0 0.680198 0.319802 
 ----> close 277 0 0.666776 0.333224 
 ----> close 278 0 0.655646 0.344354 
 ----> close 279 1 0.637607 0.362393 
 ----> close 280 1 0.649642 0.350358 
 ----> close 281 0 0.676087 0.323913 
 ----> close 282 1 0.623203 0.376797 
 ----> close 283 1 0.625768 0.374232 
 ----> close 284 1 0.663306 0.336694 
 ----> close 285 0 0.736045 0.263955 
 ----> close 286 0 0.68661 0.31339 
 ----> close 287 0 0.66035 0.33965 
 ----> close 288 1 0.633875 0.366125 
 ----> close 289 0 0.648876 0.351124 
 ----> close 290 0 0.677256 0.322744 
 ----> close 291 1 0.638349 0.361651 
 ----> close 292 0 0.690722 0.309278 
 ----> close 293 1 0.614471 0.385529 
 ----> close 294 1 0.682108 0.317892 
 ----> close 295 0 0.661089 0.338911 
 ----> close 296 0 0.65768 0.34232 
 ----> close 297 0 0.663383 0.336617 
 ----> close 298 1 0.630258 0.369742 
 ----> close 299 0 0.666026 0.333974 
 ----> close 300 0 0.695413 0.304587 
 ----> close 301 0 0.680286 0.319714 
 ----> close 302 0 0.655373 0.344627 
 ----> close 303 0 0.654646 0.345354 
 ----> close 304 0 0.620235 0.379765 
 ----> close 305 0 0.663855 0.336145 
 ----> close 306 0 0.693419 0.306581 
 ----> close 307 1 0.682027 0.317973 
 ----> close 308 0 0.68698 0.31302 
 ----> close 309 1 0.632781 0.367219 
 ----> close 310 0 0.642909 0.357091 
 ----> close 311 0 0.617122 0.382878 
 ----> close 312 0 0.649485 0.350515 
 ----> close 313 1 0.651506 0.348494 
 ----> close 314 0 0.650472 0.349528 
 ----> close 315 0 0.635648 0.364352 
 ----> close 316 0 0.704688 0.295312 
 ----> close 317 0 0.679342 0.320658 
 ----> close 318 0 0.671394 0.328606 
 ----> close 319 0 0.654674 0.345326 
 ----> close 320 0 0.671587 0.328413 
 ----> close 321 1 0.602247 0.397753 
 ----> close 322 1 0.655106 0.344894 
 ----> close 323 0 0.694751 0.305249 
 ----> close 324 0 0.659004 0.340996 
 ----> close 325 0 0.676086 0.323914 
 ----> close 326 1 0.651431 0.348569 
 ----> close 327 1 0.662508 0.337492 
 ----> close 328 0 0.657314 0.342686 
 ----> close 329 0 0.632508 0.367492 
 ----> close 330 0 0.600656 0.399344 
 ----> close 331 0 0.649371 0.350629 
 ----> close 332 0 0.669188 0.330812 
 ----> close 333 1 0.703766 0.296234 
 ----> close 334 1 0.654588 0.345412 
 ----> close 335 0 0.661227 0.338773 
 ----> close 336 1 0.641576 0.358424 
 ----> close 337 1 0.661387 0.338613 
 ----> close 338 1 0.585087 0.414913 
 ----> close 339 0 0.68527 0.31473 
 ----> close 340 0 0.627795 0.372205 
 ----> close 341 1 0.636713 0.363287 
 ----> close 342 1 0.608096 0.391904 
 ----> close 343 0 0.688683 0.311317 
 ----> close 344 0 0.699679 0.300321 
 ----> close 345 0 0.653428 0.346572 
 ----> close 346 0 0.654326 0.345674 
 ----> close 347 1 0.669507 0.330493 
 ----> close 348 0 0.610765 0.389235 
 ----> close 349 0 0.720902 0.279098 
 ----> close 350 1 0.654024 0.345976 
 ----> close 351 0 0.665744 0.334256 
 ----> close 352 0 0.664707 0.335293 
 ----> close 353 0 0.685083 0.314917 
 ----> close 354 0 0.635245 0.364755 
 ----> close 355 0 0.629242 0.370758 
 ----> close 356 0 0.680148 0.319852 
 ----> close 357 1 0.674628 0.325372 
 ----> close 358 0 0.650417 0.349583 
 ----> close 359 0 0.678344 0.321656 
 ----> close 360 0 0.639887 0.360113 
 ----> close 361 0 0.715136 0.284864 
 ----> close 362 1 0.633199 0.366801 
 ----> close 363 0 0.679737 0.320263 
 ----> close 364 0 0.657369 0.342631 
 ----> close 365 0 0.669979 0.330021 
 ----> close 366 1 0.633931 0.366069 
 ----> close 367 0 0.688684 0.311316 
 ----> close 368 0 0.66271 0.33729 
 ----> close 369 0 0.678544 0.321456 
 ----> close 370 1 0.639306 0.360694 
 ----> close 371 0 0.754615 0.245385 
 ----> close 372 0 0.656816 0.343184 
 ----> close 373 0 0.696661 0.303339 
 ----> close 374 0 0.645331 0.354669 
 ----> close 375 1 0.685313 0.314687 
 ----> close 376 0 0.659324 0.340676 
 ----> close 377 0 0.67063 0.32937 
 ----> close 378 1 0.643339 0.356661 
 ----> close 379 0 0.637183 0.362817 
 ----> close 380 0 0.660621 0.339379 
 ----> close 381 0 0.677938 0.322062 
 ----> close 382 0 0.641252 0.358748 
 ----> close 383 0 0.714302 0.285698 
 ----> close 384 0 0.670782 0.329218 
 ----> close 385 1 0.677419 0.322581 
 ----> close 386 0 0.605369 0.394631 
 ----> close 387 1 0.649811 0.350189 
 ----> close 388 1 0.62254 0.37746 
 ----> close 389 0 0.696158 0.303842 
 ----> close 390 0 0.664753 0.335247 
 ----> close 391 0 0.705815 0.294185 
 ----> close 392 1 0.610822 0.389178 
 ----> close 393 1 0.644503 0.355497 
 ----> close 394 0 0.666058 0.333942 
 ----> close 395 0 0.665843 0.334157 
 ----> close 396 0 0.686684 0.313316 
 ----> close 397 0 0.669815 0.330185 
 ----> close 398 1 0.608166 0.391834 
 ----> close 399 1 0.685795 0.314205 
 ----> close 400 1 0.658058 0.341942 
 ----> close 401 0 0.646203 0.353797 
 ----> close 402 0 0.658849 0.341151 
 ----> close 403 0 0.695521 0.304479 
 ----> close 404 0 0.697382 0.302618 
 ----> close 405 0 0.67222 0.32778 
 ----> close 406 1 0.610172 0.389828 
 ----> close 407 1 0.639022 0.360978 
 ----> close 408 0 0.639502 0.360498 
 ----> close 409 1 0.628875 0.371125 
 ----> close 410 0 0.630152 0.369848 
 ----> close 411 0 0.645189 0.354811 
 ----> close 412 0 0.688392 0.311608 
 ----> close 413 1 0.678897 0.321103 
 ----> close 414 0 0.646504 0.353496 
 ----> close 415 1 0.661145 0.338855 
 ----> close 416 0 0.680445 0.319555 
 ----> close 417 0 0.711601 0.288399 
 ----> close 418 1 0.657718 0.342282 
 ----> close 419 0 0.679927 0.320073 
 ----> close 420 0 0.631503 0.368497 
 ----> close 421 0 0.637088 0.362912 
 ----> close 422 0 0.659925 0.340075 
 ----> close 423 0 0.673945 0.326055 
 ----> close 424 0 0.671012 0.328988 
 ----> close 425 0 0.673467 0.326533 
 ----> close 426 1 0.617575 0.382425 
 ----> close 427 0 0.651135 0.348865 
 ----> close 428 0 0.648337 0.351663 
 ----> close 429 0 0.703858 0.296142 
 ----> close 430 0 0.597557 0.402443 
 ----> close 431 0 0.650521 0.349479 
 ----> close 432 0 0.698794 0.301206 
 ----> close 433 0 0.688908 0.311092 
 ----> close 434 0 0.655322 0.344678 
 ----> close 435 1 0.65589 0.34411 
 ----> close 436 0 0.681486 0.318514 
 ----> close 437 0 0.641207 0.358793 
 ----> close 438 0 0.677234 0.322766 
 ----> close 439 0 0.637534 0.362466 
 ----> close 440 0 0.67806 0.32194 
 ----> close 441 0 0.64452 0.35548 
 ----> close 442 0 0.703798 0.296202 
 ----> close 443 0 0.684886 0.315114 
 ----> close 444 0 0.68026 0.31974 
 ----> close 445 1 0.632426 0.367574 
 ----> close 446 0 0.62268 0.37732 
 ----> close 447 0 0.667169 0.332831 
 ----> close 448 0 0.667248 0.332752 
 ----> close 449 0 0.672342 0.327658 
 ----> close 450 0 0.687757 0.312243 
 ----> close 451 0 0.621899 0.378101 
 ----> close 452 0 0.670016 0.329984 
 ----> close 453 0 0.647463 0.352537 
 ----> close 454 1 0.642775 0.357225 
 ----> close 455 0 0.650661 0.349339 
 ----> close 456 0 0.679376 0.320624 
 ----> close 457 0 0.699413 0.300587 
 ----> close 458 1 0.665704 0.334296 
 ----> close 459 0 0.686408 0.313592 
 ----> close 460 0 0.639194 0.360806 
 ----> close 461 1 0.664822 0.335178 
 ----> close 462 0 0.66781 0.33219 
 ----> close 463 0 0.682977 0.317023 
 ----> close 464 0 0.686054 0.313946 
 ----> close 465 0 0.683102 0.316898 
 ----> close 466 0 0.619174 0.380826 
 ----> close 467 1 0.635687 0.364313 
 ----> close 468 0 0.688338 0.311662 
 ----> close 469 0 0.668097 0.331903 
 ----> close 470 1 0.658162 0.341838 
 ----> close 471 1 0.652684 0.347316 
 ----> close 472 0 0.683491 0.316509 
 ----> close 473 1 0.602656 0.397344 
 ----> close 474 0 0.692456 0.307544 
 ----> close 475 0 0.648522 0.351478 
 ----> close 476 0 0.667711 0.332289 
 ----> close 477 1 0.616504 0.383496 
 ----> close 478 0 0.639931 0.360069 
 ----> close 479 1 0.608486 0.391514 
 ----> close 480 0 0.724423 0.275577 
 ----> close 481 0 0.674806 0.325194 
 ----> close 482 0 0.70415 0.29585 
 ----> close 483 1 0.632606 0.367394 
 ----> close 484 0 0.669393 0.330607 
 ----> close 485 0 0.661502 0.338498 
 ----> close 486 0 0.682206 0.317794 
 ----> close 487 0 0.655142 0.344858 
 ----> close 488 1 0.666038 0.333962 
 ----> close 489 1 0.664059 0.335941 
 ----> close 490 0 0.684939 0.315061 
 ----> close 491 1 0.673626 0.326374 
 ----> close 492 0 0.687944 0.312056 
 ----> close 493 0 0.644251 0.355749 
 ----> close 494 0 0.682008 0.317992 
 ----> close 495 1 0.600833 0.399167 
 ----> close 496 0 0.658555 0.341445 
 ----> close 497 0 0.696172 0.303828 
 ----> close 498 0 0.606006 0.393994 
 ----> close 499 1 0.616659 0.383341 
 ----> close 500 1 0.654661 0.345339 
 ----> close 501 0 0.654801 0.345199 
 ----> close 502 0 0.668179 0.331821 
 ----> close 503 0 0.643227 0.356773 
 ----> close 504 0 0.6964 0.3036 
 ----> close 505 0 0.680945 0.319055 
 ----> close 506 0 0.652408 0.347592 
 ----> close 507 0 0.669446 0.330554 
 ----> close 508 1 0.644479 0.355521 
 ----> close 509 1 0.610916 0.389084 
 ----> close 510 0 0.65998 0.34002 
 ----> close 511 0 0.683726 0.316274 
 ----> close 512 0 0.673256 0.326744 
 ----> close 513 0 0.641436 0.358564 
 ----> close 514 1 0.620316 0.379684 
 ----> close 515 0 0.679815 0.320185 
 ----> close 516 0 0.695588 0.304412 
 ----> close 517 1 0.668949 0.331051 
 ----> close 518 0 0.715045 0.284955 
 ----> close 519 0 0.649753 0.350247 
 ----> close 520 1 0.682577 0.317423 
 ----> close 521 1 0.633456 0.366544 
 ----> close 522 0 0.667193 0.332807 
 ----> close 523 1 0.542716 0.457284 
 ----> close 524 0 0.679125 0.320875 
 ----> close 525 0 0.636903 0.363097 
 ----> close 526 0 0.673694 0.326306 
 ----> close 527 0 0.650277 0.349723 
 ----> close 528 0 0.671198 0.328802 
 ----> close 529 1 0.621057 0.378943 
 ----> close 530 0 0.703703 0.296297 
 ----> close 531 1 0.604656 0.395344 
 ----> close 532 0 0.698135 0.301865 
 ----> close 533 0 0.657641 0.342359 
 ----> close 534 0 0.651148 0.348852 
 ----> close 535 1 0.636984 0.363016 
 ----> close 536 0 0.677396 0.322604 
 ----> close 537 0 0.637472 0.362528 
 ----> close 538 0 0.693463 0.306537 
 ----> close 539 1 0.642333 0.357667 
 ----> close 540 0 0.667951 0.332049 
 ----> close 541 1 0.651163 0.348837 
 ----> close 542 0 0.684334 0.315666 
 ----> close 543 1 0.645613 0.354387 
 ----> close 544 0 0.710117 0.289883 
 ----> close 545 1 0.647687 0.352313 
 ----> close 546 0 0.670303 0.329697 
 ----> close 547 0 0.658524 0.341476 
 ----> close 548 1 0.613675 0.386325 
 ----> close 549 0 0.66148 0.33852 
 ----> close 550 0 0.659327 0.340673 
 ----> close 551 0 0.656881 0.343119 
 ----> close 552 1 0.619739 0.380261 
 ----> close 553 1 0.625787 0.374213 
 ----> close 554 1 0.612197 0.387803 
 ----> close 555 1 0.697347 0.302653 
 ----> close 556 0 0.656187 0.343813 
 ----> close 557 0 0.669023 0.330977 
 ----> close 558 0 0.64788 0.35212 
 ----> close 559 0 0.664522 0.335478 
 ----> close 560 0 0.650062 0.349938 
 ----> close 561 1 0.637032 0.362968 
 ----> close 562 0 0.666509 0.333491 
 ----> close 563 0 0.674809 0.325191 
 ----> close 564 0 0.673577 0.326423 
 ----> close 565 0 0.645329 0.354671 
 ----> close 566 0 0.710002 0.289998 
 ----> close 567 0 0.66941 0.33059 
 ----> close 568 0 0.668671 0.331329 
 ----> close 569 1 0.655026 0.344974 
 ----> close 570 0 0.675383 0.324617 
 ----> close 571 1 0.607019 0.392981 
 ----> close 572 0 0.663553 0.336447 
 ----> close 573 0 0.697218 0.302782 
 ----> close 574 0 0.683567 0.316433 
 ----> close 575 1 0.66254 0.33746 
 ----> close 576 0 0.673047 0.326953 
 ----> close 577 1 0.641488 0.358512 
 ----> close 578 0 0.643535 0.356465 
 ----> close 579 0 0.654833 0.345167 
 ----> close 580 1 0.688641 0.311359 
 ----> close 581 0 0.661733 0.338267 
 ----> close 582 0 0.732572 0.267428 
 ----> close 583 1 0.598506 0.401494 
 ----> close 584 0 0.663464 0.336536 
 ----> close 585 0 0.690966 0.309034 
 ----> close 586 0 0.686735 0.313265 
 ----> close 587 0 0.652408 0.347592 
 ----> close 588 0 0.690497 0.309503 
 ----> close 589 1 0.654425 0.345575 
 ----> close 590 0 0.672345 0.327655 
 ----> close 591 1 0.619984 0.380016 
 ----> close 592 1 0.64828 0.35172 
 ----> close 593 0 0.685243 0.314757 
 ----> close 594 0 0.639041 0.360959 
 ----> close 595 0 0.664903 0.335097 
 ----> close 596 0 0.667433 0.332567 
 ----> close 597 0 0.663547 0.336453 
 ----> close 598 0 0.685753 0.314247 
 ----> close 599 0 0.664441 0.335559 
 ----> close 600 0 0.679604 0.320396 
 ----> close 601 0 0.62397 0.37603 
 ----> close 602 1 0.646571 0.353429 
 ----> close 603 0 0.677458 0.322542 
 ----> close 604 0 0.674574 0.325426 
 ----> close 605 0 0.675665 0.324335 
 ----> close 606 0 0.650173 0.349827 
 ----> close 607 1 0.675668 0.324332 
 ----> close 608 0 0.649628 0.350372 
 ----> close 609 0 0.61577 0.38423 
 ----> close 610 0 0.736416 0.263584 
 ----> close 611 0 0.66006 0.33994 
 ----> close 612 0 0.656868 0.343132 
 ----> close 613 0 0.619656 0.380344 
 ----> close 614 0 0.648895 0.351105 
 ----> close 615 0 0.681253 0.318747 
 ----> close 616 0 0.684738 0.315262 
 ----> close 617 0 0.658763 0.341237 
 ----> close 618 0 0.663314 0.336686 
 ----> close 619 1 0.635396 0.364604 
 ----> close 620 1 0.643428 0.356572 
 ----> close 621 0 0.681187 0.318813 
 ----> close 622 0 0.704657 0.295343 
 ----> close 623 1 0.624044 0.375956 
 ----> close 624 0 0.653804 0.346196 
 ----> close 625 0 0.623151 0.376849 
 ----> close 626 0 0.707571 0.292429 
 ----> close 627 0 0.651565 0.348435 
 ----> close 628 1 0.6499 0.3501 
 ----> close 629 0 0.650627 0.349373 
 ----> close 630 0 0.677379 0.322621 
 ----> close 631 1 0.650209 0.349791 
 ----> close 632 1 0.628797 0.371203 
 ----> close 633 0 0.644352 0.355648 
 ----> close 634 1 0.668707 0.331293 
 ----> close 635 0 0.647807 0.352193 
 ----> close 636 1 0.671524 0.328476 
 ----> close 637 0 0.627169 0.372831 
 ----> close 638 0 0.672515 0.327485 
 ----> close 639 1 0.669986 0.330014 
 ----> close 640 0 0.666538 0.333462 
 ----> close 641 0 0.614659 0.385341 
 ----> close 642 0 0.649002 0.350998 
 ----> close 643 0 0.647112 0.352888 
 ----> close 644 0 0.697033 0.302967 
 ----> close 645 0 0.656475 0.343525 
 ----> close 646 1 0.667365 0.332635 
 ----> close 647 0 0.665397 0.334603 
 ----> close 648 0 0.656573 0.343427 
 ----> close 649 0 0.671465 0.328535 
 ----> close 650 0 0.650045 0.349955 
 ----> close 651 1 0.614004 0.385996 
 ----> close 652 0 0.70661 0.29339 
 ----> close 653 1 0.671847 0.328153 
 ----> close 654 0 0.69605 0.30395 
 ----> close 655 0 0.654038 0.345962 
 ----> close 656 0 0.654913 0.345087 
 ----> close 657 0 0.605533 0.394467 
 ----> close 658 0 0.641516 0.358484 
 ----> close 659 0 0.655757 0.344243 
 ----> close 660 0 0.707038 0.292962 
 ----> close 661 0 0.673865 0.326135 
 ----> close 662 0 0.683698 0.316302 
 ----> close 663 1 0.620894 0.379106 
 ----> close 664 1 0.650559 0.349441 
 ----> close 665 0 0.659315 0.340685 
 ----> close 666 0 0.727013 0.272987 
 ----> close 667 0 0.664722 0.335278 
 ----> close 668 0 0.67425 0.32575 
 ----> close 669 0 0.644291 0.355709 
 ----> close 670 0 0.643053 0.356947 
 ----> close 671 0 0.656877 0.343123 
 ----> close 672 0 0.697192 0.302808 
 ----> close 673 0 0.678764 0.321236 
 ----> close 674 1 0.672884 0.327116 
 ----> close 675 1 0.673898 0.326102 
 ----> close 676 0 0.648082 0.351918 
 ----> close 677 1 0.668768 0.331232 
 ----> close 678 1 0.610013 0.389987 
 ----> close 679 0 0.711755 0.288245 
 ----> close 680 1 0.635803 0.364197 
 ----> close 681 0 0.643784 0.356216 
 ----> close 682 0 0.706152 0.293848 
 ----> close 683 0 0.65711 0.34289 
 ----> close 684 0 0.696918 0.303082 
 ----> close 685 0 0.663364 0.336636 
 ----> close 686 0 0.659861 0.340139 
 ----> close 687 0 0.664789 0.335211 
 ----> close 688 0 0.640081 0.359919 
 ----> close 689 0 0.658225 0.341775 
 ----> close 690 1 0.681526 0.318474 
 ----> close 691 0 0.671815 0.328185 
 ----> close 692 0 0.67888 0.32112 
 ----> close 693 1 0.65867 0.34133 
 ----> close 694 0 0.683438 0.316562 
 ----> close 695 0 0.621105 0.378895 
 ----> close 696 0 0.653189 0.346811 
 ----> close 697 0 0.731194 0.268806 
 ----> close 698 1 0.643825 0.356175 
 ----> close 699 0 0.680851 0.319149 
 ----> close 700 1 0.671374 0.328626 
 ----> close 701 0 0.693742 0.306258 
 ----> close 702 0 0.638825 0.361175 
 ----> close 703 0 0.643283 0.356717 
 ----> close 704 0 0.751096 0.248904 
 ----> close 705 0 0.679824 0.320176 
 ----> close 706 0 0.65901 0.34099 
 ----> close 707 0 0.663093 0.336907 
 ----> close 708 0 0.660168 0.339832 
 ----> close 709 0 0.683248 0.316752 
 ----> close 710 0 0.646406 0.353594 
 ----> close 711 0 0.652743 0.347257 
 ----> close 712 0 0.634426 0.365574 
 ----> close 713 1 0.651289 0.348711 
 ----> close 714 1 0.662436 0.337564 
 ----> close 715 1 0.712977 0.287023 
 ----> close 716 1 0.654289 0.345711 
 ----> close 717 0 0.707572 0.292428 
 ----> close 718 0 0.65092 0.34908 
