 ----> volume 1 1 0.498264 0.501736 
 ----> volume 2 0 0.520972 0.479028 
 ----> volume 3 1 0.568392 0.431608 
 ----> volume 4 0 0.537171 0.462829 
 ----> volume 5 0 0.583734 0.416266 
 ----> volume 6 1 0.558144 0.441856 
 ----> volume 7 0 0.532585 0.467415 
 ----> volume 8 0 0.538068 0.461932 
 ----> volume 9 1 0.525221 0.474779 
 ----> volume 10 1 0.529495 0.470505 
 ----> volume 11 0 0.550925 0.449075 
 ----> volume 12 0 0.568161 0.431839 
 ----> volume 13 0 0.656423 0.343577 
 ----> volume 14 1 0.569929 0.430071 
 ----> volume 15 0 0.559558 0.440442 
 ----> volume 16 1 0.564577 0.435423 
 ----> volume 17 1 0.553851 0.446149 
 ----> volume 18 0 0.55619 0.44381 
 ----> volume 19 1 0.47311 0.52689 
 ----> volume 20 0 0.541251 0.458749 
 ----> volume 21 0 0.529064 0.470936 
 ----> volume 22 1 0.541538 0.458462 
 ----> volume 23 0 0.616958 0.383042 
 ----> volume 24 0 0.586005 0.413995 
 ----> volume 25 1 0.551797 0.448203 
 ----> volume 26 0 0.541762 0.458238 
 ----> volume 27 1 0.586834 0.413166 
 ----> volume 28 1 0.585619 0.414381 
 ----> volume 29 0 0.479378 0.520622 
 ----> volume 30 0 0.601022 0.398978 
 ----> volume 31 0 0.566939 0.433061 
 ----> volume 32 0 0.572203 0.427797 
 ----> volume 33 1 0.551087 0.448913 
 ----> volume 34 0 0.493924 0.506076 
 ----> volume 35 1 0.542439 0.457561 
 ----> volume 36 0 0.545921 0.454079 
 ----> volume 37 0 0.576429 0.423571 
 ----> volume 38 1 0.526492 0.473508 
 ----> volume 39 1 0.523459 0.476541 
 ----> volume 40 1 0.527448 0.472552 
 ----> volume 41 0 0.527388 0.472612 
 ----> volume 42 0 0.558417 0.441583 
 ----> volume 43 0 0.554524 0.445476 
 ----> volume 44 0 0.558545 0.441455 
 ----> volume 45 1 0.510311 0.489689 
 ----> volume 46 1 0.550905 0.449095 
 ----> volume 47 0 0.55925 0.44075 
 ----> volume 48 0 0.532914 0.467086 
 ----> volume 49 1 0.504498 0.495502 
 ----> volume 50 1 0.529661 0.470339 
 ----> volume 51 1 0.509917 0.490083 
 ----> volume 52 0 0.451415 0.548585 
 ----> volume 53 1 0.48295 0.51705 
 ----> volume 54 1 0.555916 0.444084 
 ----> volume 55 0 0.550747 0.449253 
 ----> volume 56 0 0.543801 0.456199 
 ----> volume 57 1 0.472392 0.527608 
 ----> volume 58 0 0.513991 0.486009 
 ----> volume 59 1 0.587377 0.412623 
 ----> volume 60 1 0.53446 0.46554 
 ----> volume 61 0 0.605354 0.394646 
 ----> volume 62 1 0.586625 0.413375 
 ----> volume 63 0 0.512337 0.487663 
 ----> volume 64 1 0.39229 0.60771 
 ----> volume 65 0 0.56992 0.43008 
 ----> volume 66 1 0.501537 0.498463 
 ----> volume 67 0 0.527859 0.472141 
 ----> volume 68 0 0.553268 0.446732 
 ----> volume 69 1 0.570799 0.429201 
 ----> volume 70 1 0.520095 0.479905 
 ----> volume 71 0 0.551188 0.448812 
 ----> volume 72 0 0.54243 0.45757 
 ----> volume 73 1 0.552669 0.447331 
 ----> volume 74 1 0.513279 0.486721 
 ----> volume 75 1 0.565195 0.434805 
 ----> volume 76 0 0.59834 0.40166 
 ----> volume 77 0 0.503632 0.496368 
 ----> volume 78 1 0.44762 0.55238 
 ----> volume 79 0 0.507881 0.492119 
 ----> volume 80 1 0.550264 0.449736 
 ----> volume 81 1 0.546041 0.453959 
 ----> volume 82 1 0.51297 0.48703 
 ----> volume 83 0 0.571303 0.428697 
 ----> volume 84 1 0.538862 0.461138 
 ----> volume 85 0 0.614726 0.385274 
 ----> volume 86 0 0.535013 0.464987 
 ----> volume 87 0 0.531955 0.468045 
 ----> volume 88 0 0.53508 0.46492 
 ----> volume 89 0 0.560199 0.439801 
 ----> volume 90 1 0.52105 0.47895 
 ----> volume 91 0 0.555197 0.444803 
 ----> volume 92 1 0.548524 0.451476 
 ----> volume 93 0 0.553613 0.446387 
 ----> volume 94 1 0.503758 0.496242 
 ----> volume 95 0 0.56857 0.43143 
 ----> volume 96 1 0.530287 0.469713 
 ----> volume 97 0 0.573196 0.426804 
 ----> volume 98 0 0.541846 0.458154 
 ----> volume 99 1 0.511918 0.488082 
 ----> volume 100 0 0.548354 0.451646 
 ----> volume 101 1 0.534434 0.465566 
 ----> volume 102 1 0.559228 0.440772 
 ----> volume 103 0 0.530683 0.469317 
 ----> volume 104 0 0.512269 0.487731 
 ----> volume 105 0 0.533822 0.466178 
 ----> volume 106 0 0.510811 0.489189 
 ----> volume 107 0 0.553838 0.446162 
 ----> volume 108 1 0.543625 0.456375 
 ----> volume 109 0 0.565091 0.434909 
 ----> volume 110 0 0.562185 0.437815 
 ----> volume 111 1 0.532296 0.467704 
 ----> volume 112 0 0.561512 0.438488 
 ----> volume 113 1 0.47579 0.52421 
 ----> volume 114 0 0.48768 0.51232 
 ----> volume 115 0 0.553599 0.446401 
 ----> volume 116 1 0.540617 0.459383 
 ----> volume 117 1 0.540146 0.459854 
 ----> volume 118 1 0.529961 0.470039 
 ----> volume 119 0 0.5888 0.4112 
 ----> volume 120 0 0.557129 0.442871 
 ----> volume 121 0 0.56833 0.43167 
 ----> volume 122 0 0.556329 0.443671 
 ----> volume 123 1 0.531787 0.468213 
 ----> volume 124 1 0.506293 0.493707 
 ----> volume 125 0 0.549072 0.450928 
 ----> volume 126 1 0.524125 0.475875 
 ----> volume 127 0 0.517771 0.482229 
 ----> volume 128 1 0.581097 0.418903 
 ----> volume 129 0 0.448277 0.551723 
 ----> volume 130 0 0.527251 0.472749 
 ----> volume 131 0 0.612744 0.387256 
 ----> volume 132 1 0.489611 0.510389 
 ----> volume 133 0 0.551575 0.448425 
 ----> volume 134 1 0.514146 0.485854 
 ----> volume 135 1 0.538292 0.461708 
 ----> volume 136 0 0.551432 0.448568 
 ----> volume 137 0 0.569258 0.430742 
 ----> volume 138 0 0.607228 0.392772 
 ----> volume 139 0 0.521434 0.478566 
 ----> volume 140 0 0.568853 0.431147 
 ----> volume 141 1 0.496074 0.503926 
 ----> volume 142 0 0.582381 0.417619 
 ----> volume 143 1 0.532311 0.467689 
 ----> volume 144 0 0.570255 0.429745 
 ----> volume 145 0 0.530456 0.469544 
 ----> volume 146 1 0.556467 0.443533 
 ----> volume 147 0 0.535173 0.464827 
 ----> volume 148 1 0.528601 0.471399 
 ----> volume 149 1 0.527018 0.472982 
 ----> volume 150 0 0.561471 0.438529 
 ----> volume 151 0 0.510119 0.489881 
 ----> volume 152 0 0.604339 0.395661 
 ----> volume 153 0 0.556872 0.443128 
 ----> volume 154 1 0.507976 0.492024 
 ----> volume 155 0 0.561303 0.438697 
 ----> volume 156 1 0.52406 0.47594 
 ----> volume 157 1 0.543325 0.456675 
 ----> volume 158 0 0.563691 0.436309 
 ----> volume 159 0 0.606802 0.393198 
 ----> volume 160 0 0.548503 0.451497 
 ----> volume 161 0 0.547052 0.452948 
 ----> volume 162 0 0.57125 0.42875 
 ----> volume 163 1 0.515224 0.484776 
 ----> volume 164 0 0.556969 0.443031 
 ----> volume 165 1 0.554216 0.445784 
 ----> volume 166 0 0.520037 0.479963 
 ----> volume 167 1 0.506504 0.493496 
 ----> volume 168 0 0.527496 0.472504 
 ----> volume 169 1 0.550356 0.449644 
 ----> volume 170 1 0.570293 0.429707 
 ----> volume 171 1 0.495478 0.504522 
 ----> volume 172 0 0.524653 0.475347 
 ----> volume 173 1 0.590014 0.409986 
 ----> volume 174 0 0.544219 0.455781 
 ----> volume 175 1 0.558611 0.441389 
 ----> volume 176 0 0.554965 0.445035 
 ----> volume 177 0 0.515291 0.484709 
 ----> volume 178 0 0.519008 0.480992 
 ----> volume 179 1 0.470456 0.529544 
 ----> volume 180 1 0.50484 0.49516 
 ----> volume 181 1 0.559876 0.440124 
 ----> volume 182 1 0.546999 0.453001 
 ----> volume 183 0 0.557034 0.442966 
 ----> volume 184 1 0.57216 0.42784 
 ----> volume 185 0 0.546067 0.453933 
 ----> volume 186 0 0.586645 0.413355 
 ----> volume 187 0 0.544336 0.455664 
 ----> volume 188 0 0.544069 0.455931 
 ----> volume 189 1 0.540872 0.459128 
 ----> volume 190 0 0.571997 0.428003 
 ----> volume 191 0 0.520205 0.479795 
 ----> volume 192 1 0.497878 0.502122 
 ----> volume 193 0 0.540157 0.459843 
 ----> volume 194 0 0.566624 0.433376 
 ----> volume 195 1 0.547403 0.452597 
 ----> volume 196 1 0.529021 0.470979 
 ----> volume 197 0 0.535427 0.464573 
 ----> volume 198 1 0.538989 0.461011 
 ----> volume 199 0 0.529635 0.470365 
 ----> volume 200 0 0.544131 0.455869 
 ----> volume 201 1 0.515309 0.484691 
 ----> volume 202 1 0.535015 0.464985 
 ----> volume 203 0 0.573543 0.426457 
 ----> volume 204 1 0.522196 0.477804 
 ----> volume 205 0 0.567976 0.432024 
 ----> volume 206 1 0.482513 0.517487 
 ----> volume 207 1 0.465478 0.534522 
 ----> volume 208 0 0.533488 0.466512 
 ----> volume 209 0 0.528034 0.471966 
 ----> volume 210 1 0.52126 0.47874 
 ----> volume 211 0 0.563699 0.436301 
 ----> volume 212 1 0.494816 0.505184 
 ----> volume 213 0 0.544394 0.455606 
 ----> volume 214 0 0.540334 0.459666 
 ----> volume 215 1 0.531336 0.468664 
 ----> volume 216 0 0.550074 0.449926 
 ----> volume 217 1 0.551958 0.448042 
 ----> volume 218 1 0.493109 0.506891 
 ----> volume 219 0 0.596207 0.403793 
 ----> volume 220 1 0.483826 0.516174 
 ----> volume 221 1 0.516015 0.483985 
 ----> volume 222 1 0.550163 0.449837 
 ----> volume 223 0 0.514597 0.485403 
 ----> volume 224 0 0.496475 0.503525 
 ----> volume 225 1 0.542028 0.457972 
 ----> volume 226 0 0.519883 0.480117 
 ----> volume 227 0 0.549638 0.450362 
 ----> volume 228 0 0.523942 0.476058 
 ----> volume 229 0 0.526666 0.473334 
 ----> volume 230 1 0.551083 0.448917 
 ----> volume 231 1 0.542571 0.457429 
 ----> volume 232 0 0.563406 0.436594 
 ----> volume 233 0 0.571812 0.428188 
 ----> volume 234 1 0.507773 0.492227 
 ----> volume 235 1 0.561233 0.438767 
 ----> volume 236 1 0.540694 0.459306 
 ----> volume 237 0 0.550398 0.449602 
 ----> volume 238 1 0.524796 0.475204 
 ----> volume 239 0 0.574143 0.425857 
 ----> volume 240 1 0.470652 0.529348 
 ----> volume 241 0 0.561195 0.438805 
 ----> volume 242 1 0.540571 0.459429 
 ----> volume 243 0 0.585152 0.414848 
 ----> volume 244 1 0.542418 0.457582 
 ----> volume 245 0 0.553025 0.446975 
 ----> volume 246 1 0.508022 0.491978 
 ----> volume 247 0 0.588454 0.411546 
 ----> volume 248 0 0.537943 0.462057 
 ----> volume 249 1 0.511838 0.488162 
 ----> volume 250 1 0.546149 0.453851 
 ----> volume 251 1 0.520837 0.479163 
 ----> volume 252 0 0.558086 0.441914 
 ----> volume 253 1 0.51841 0.48159 
 ----> volume 254 0 0.527674 0.472326 
 ----> volume 255 0 0.555562 0.444438 
 ----> volume 256 0 0.551985 0.448015 
 ----> volume 257 1 0.540618 0.459382 
 ----> volume 258 0 0.543785 0.456215 
 ----> volume 259 0 0.538633 0.461367 
 ----> volume 260 1 0.501267 0.498733 
 ----> volume 261 1 0.535106 0.464894 
 ----> volume 262 1 0.520585 0.479415 
 ----> volume 263 0 0.551265 0.448735 
 ----> volume 264 1 0.557852 0.442148 
 ----> volume 265 1 0.453779 0.546221 
 ----> volume 266 0 0.578091 0.421909 
 ----> volume 267 1 0.509737 0.490263 
 ----> volume 268 0 0.517444 0.482556 
 ----> volume 269 0 0.560609 0.439391 
 ----> volume 270 0 0.522634 0.477366 
 ----> volume 271 1 0.530779 0.469221 
 ----> volume 272 0 0.594653 0.405347 
 ----> volume 273 1 0.556716 0.443284 
 ----> volume 274 0 0.558284 0.441716 
 ----> volume 275 1 0.53011 0.46989 
 ----> volume 276 0 0.542102 0.457898 
 ----> volume 277 0 0.544248 0.455752 
 ----> volume 278 0 0.532548 0.467452 
 ----> volume 279 1 0.534502 0.465498 
 ----> volume 280 0 0.541761 0.458239 
 ----> volume 281 0 0.56311 0.43689 
 ----> volume 282 1 0.51876 0.48124 
 ----> volume 283 0 0.548333 0.451667 
 ----> volume 284 0 0.538373 0.461627 
 ----> volume 285 0 0.537511 0.462489 
 ----> volume 286 1 0.576153 0.423847 
 ----> volume 287 1 0.518369 0.481631 
 ----> volume 288 1 0.48579 0.51421 
 ----> volume 289 0 0.600665 0.399335 
 ----> volume 290 0 0.557587 0.442413 
 ----> volume 291 1 0.508661 0.491339 
 ----> volume 292 0 0.511537 0.488463 
 ----> volume 293 1 0.530719 0.469281 
 ----> volume 294 1 0.569741 0.430259 
 ----> volume 295 0 0.508478 0.491522 
 ----> volume 296 1 0.517492 0.482508 
 ----> volume 297 0 0.544696 0.455304 
 ----> volume 298 1 0.502937 0.497063 
 ----> volume 299 0 0.581893 0.418107 
 ----> volume 300 0 0.553315 0.446685 
 ----> volume 301 0 0.60631 0.39369 
 ----> volume 302 1 0.546814 0.453186 
 ----> volume 303 1 0.566301 0.433699 
 ----> volume 304 0 0.557884 0.442116 
 ----> volume 305 1 0.52933 0.47067 
 ----> volume 306 0 0.541301 0.458699 
 ----> volume 307 0 0.5328 0.4672 
 ----> volume 308 1 0.528769 0.471231 
 ----> volume 309 0 0.600526 0.399474 
 ----> volume 310 1 0.515315 0.484685 
 ----> volume 311 0 0.562206 0.437794 
 ----> volume 312 1 0.558588 0.441412 
 ----> volume 313 0 0.51755 0.48245 
 ----> volume 314 0 0.523583 0.476417 
 ----> volume 315 0 0.594837 0.405163 
 ----> volume 316 1 0.490562 0.509438 
 ----> volume 317 1 0.471688 0.528312 
 ----> volume 318 0 0.606422 0.393578 
 ----> volume 319 1 0.495177 0.504823 
 ----> volume 320 1 0.54792 0.45208 
 ----> volume 321 1 0.460372 0.539628 
 ----> volume 322 0 0.508861 0.491139 
 ----> volume 323 0 0.573468 0.426532 
 ----> volume 324 1 0.539358 0.460642 
 ----> volume 325 0 0.556774 0.443226 
 ----> volume 326 0 0.559913 0.440087 
 ----> volume 327 1 0.522977 0.477023 
 ----> volume 328 0 0.555776 0.444224 
 ----> volume 329 0 0.537991 0.462009 
 ----> volume 330 1 0.537055 0.462945 
 ----> volume 331 0 0.522029 0.477971 
 ----> volume 332 0 0.568827 0.431173 
 ----> volume 333 1 0.537961 0.462039 
 ----> volume 334 1 0.539791 0.460209 
 ----> volume 335 0 0.559945 0.440055 
 ----> volume 336 1 0.547161 0.452839 
 ----> volume 337 0 0.557057 0.442943 
 ----> volume 338 1 0.554986 0.445014 
 ----> volume 339 0 0.564248 0.435752 
 ----> volume 340 1 0.53433 0.46567 
 ----> volume 341 0 0.543591 0.456409 
 ----> volume 342 1 0.542998 0.457002 
 ----> volume 343 0 0.577966 0.422034 
 ----> volume 344 0 0.564126 0.435874 
 ----> volume 345 0 0.524778 0.475222 
 ----> volume 346 1 0.52991 0.47009 
 ----> volume 347 0 0.554344 0.445656 
 ----> volume 348 0 0.525955 0.474045 
 ----> volume 349 1 0.496939 0.503061 
 ----> volume 350 1 0.549046 0.450954 
 ----> volume 351 0 0.502629 0.497371 
 ----> volume 352 0 0.510936 0.489064 
 ----> volume 353 1 0.546887 0.453113 
 ----> volume 354 0 0.560955 0.439045 
 ----> volume 355 1 0.543545 0.456455 
 ----> volume 356 1 0.534485 0.465515 
 ----> volume 357 1 0.556277 0.443723 
 ----> volume 358 0 0.567251 0.432749 
 ----> volume 359 0 0.5677 0.4323 
 ----> volume 360 1 0.524704 0.475296 
 ----> volume 361 1 0.530512 0.469488 
 ----> volume 362 0 0.584817 0.415183 
 ----> volume 363 0 0.542415 0.457585 
 ----> volume 364 0 0.584069 0.415931 
 ----> volume 365 0 0.576869 0.423131 
 ----> volume 366 1 0.503634 0.496366 
 ----> volume 367 0 0.557773 0.442227 
 ----> volume 368 0 0.562161 0.437839 
 ----> volume 369 0 0.589467 0.410533 
 ----> volume 370 1 0.470899 0.529101 
 ----> volume 371 0 0.49681 0.50319 
 ----> volume 372 1 0.45552 0.54448 
 ----> volume 373 0 0.509923 0.490077 
 ----> volume 374 0 0.551944 0.448056 
 ----> volume 375 1 0.54317 0.45683 
 ----> volume 376 0 0.546581 0.453419 
 ----> volume 377 1 0.530621 0.469379 
 ----> volume 378 1 0.538746 0.461254 
 ----> volume 379 0 0.542059 0.457941 
 ----> volume 380 0 0.561487 0.438513 
 ----> volume 381 1 0.525434 0.474566 
 ----> volume 382 1 0.574972 0.425028 
 ----> volume 383 1 0.547103 0.452897 
 ----> volume 384 0 0.552837 0.447163 
 ----> volume 385 1 0.407173 0.592827 
 ----> volume 386 0 0.485912 0.514088 
 ----> volume 387 1 0.475903 0.524097 
 ----> volume 388 1 0.55801 0.44199 
 ----> volume 389 0 0.539555 0.460445 
 ----> volume 390 0 0.552835 0.447165 
 ----> volume 391 0 0.578427 0.421573 
 ----> volume 392 1 0.521402 0.478598 
 ----> volume 393 1 0.529271 0.470729 
 ----> volume 394 1 0.544252 0.455748 
 ----> volume 395 0 0.553527 0.446473 
 ----> volume 396 0 0.541179 0.458821 
 ----> volume 397 0 0.574225 0.425775 
 ----> volume 398 1 0.563002 0.436998 
 ----> volume 399 1 0.564982 0.435018 
 ----> volume 400 1 0.530786 0.469214 
 ----> volume 401 0 0.569528 0.430472 
 ----> volume 402 0 0.565122 0.434878 
 ----> volume 403 0 0.531889 0.468111 
 ----> volume 404 1 0.532886 0.467114 
 ----> volume 405 1 0.534159 0.465841 
 ----> volume 406 1 0.531927 0.468073 
 ----> volume 407 1 0.579799 0.420201 
 ----> volume 408 0 0.54616 0.45384 
 ----> volume 409 0 0.574948 0.425052 
 ----> volume 410 0 0.554375 0.445625 
 ----> volume 411 0 0.558846 0.441154 
 ----> volume 412 1 0.505464 0.494536 
 ----> volume 413 1 0.435858 0.564142 
 ----> volume 414 0 0.438087 0.561913 
 ----> volume 415 1 0.444589 0.555411 
 ----> volume 416 0 0.550872 0.449128 
 ----> volume 417 0 0.550957 0.449043 
 ----> volume 418 1 0.555053 0.444947 
 ----> volume 419 1 0.535519 0.464481 
 ----> volume 420 1 0.547154 0.452846 
 ----> volume 421 0 0.557828 0.442172 
 ----> volume 422 0 0.537323 0.462677 
 ----> volume 423 1 0.526045 0.473955 
 ----> volume 424 0 0.535973 0.464027 
 ----> volume 425 0 0.53118 0.46882 
 ----> volume 426 1 0.549924 0.450076 
 ----> volume 427 0 0.593124 0.406876 
 ----> volume 428 0 0.559144 0.440856 
 ----> volume 429 0 0.534194 0.465806 
 ----> volume 430 0 0.571049 0.428951 
 ----> volume 431 1 0.486517 0.513483 
 ----> volume 432 1 0.499646 0.500354 
 ----> volume 433 1 0.553217 0.446783 
 ----> volume 434 0 0.533371 0.466629 
 ----> volume 435 1 0.567043 0.432957 
 ----> volume 436 0 0.563567 0.436433 
 ----> volume 437 0 0.575458 0.424542 
 ----> volume 438 0 0.467047 0.532953 
 ----> volume 439 0 0.544413 0.455587 
 ----> volume 440 1 0.531806 0.468194 
 ----> volume 441 0 0.568703 0.431297 
 ----> volume 442 1 0.542355 0.457645 
 ----> volume 443 1 0.456716 0.543284 
 ----> volume 444 0 0.616459 0.383541 
 ----> volume 445 1 0.509746 0.490254 
 ----> volume 446 0 0.539863 0.460137 
 ----> volume 447 0 0.567119 0.432881 
 ----> volume 448 1 0.52121 0.47879 
 ----> volume 449 1 0.544795 0.455205 
 ----> volume 450 0 0.529368 0.470632 
 ----> volume 451 0 0.547176 0.452824 
 ----> volume 452 1 0.508327 0.491673 
 ----> volume 453 0 0.580461 0.419539 
 ----> volume 454 1 0.572012 0.427988 
 ----> volume 455 0 0.500425 0.499575 
 ----> volume 456 0 0.585743 0.414257 
 ----> volume 457 0 0.569885 0.430115 
 ----> volume 458 1 0.558743 0.441257 
 ----> volume 459 0 0.526698 0.473302 
 ----> volume 460 1 0.55435 0.44565 
 ----> volume 461 1 0.528773 0.471227 
 ----> volume 462 0 0.571622 0.428378 
 ----> volume 463 1 0.497565 0.502435 
 ----> volume 464 0 0.545902 0.454098 
 ----> volume 465 1 0.541396 0.458604 
 ----> volume 466 0 0.539105 0.460895 
 ----> volume 467 1 0.460514 0.539486 
 ----> volume 468 0 0.56021 0.43979 
 ----> volume 469 1 0.469104 0.530896 
 ----> volume 470 0 0.531889 0.468111 
 ----> volume 471 1 0.473662 0.526338 
 ----> volume 472 0 0.510182 0.489818 
 ----> volume 473 1 0.474937 0.525063 
 ----> volume 474 0 0.547789 0.452211 
 ----> volume 475 0 0.528185 0.471815 
 ----> volume 476 1 0.561733 0.438267 
 ----> volume 477 1 0.545127 0.454873 
 ----> volume 478 1 0.512731 0.487269 
 ----> volume 479 0 0.530636 0.469364 
 ----> volume 480 0 0.637467 0.362533 
 ----> volume 481 1 0.487197 0.512803 
 ----> volume 482 0 0.560548 0.439452 
 ----> volume 483 0 0.587043 0.412957 
 ----> volume 484 1 0.474628 0.525372 
 ----> volume 485 0 0.479312 0.520688 
 ----> volume 486 0 0.539672 0.460328 
 ----> volume 487 1 0.551613 0.448387 
 ----> volume 488 0 0.561113 0.438887 
 ----> volume 489 1 0.529622 0.470378 
 ----> volume 490 0 0.551403 0.448597 
 ----> volume 491 1 0.556762 0.443238 
 ----> volume 492 0 0.582368 0.417632 
 ----> volume 493 0 0.539351 0.460649 
 ----> volume 494 1 0.559959 0.440041 
 ----> volume 495 0 0.554512 0.445488 
 ----> volume 496 1 0.501707 0.498293 
 ----> volume 497 0 0.53418 0.46582 
 ----> volume 498 1 0.576277 0.423723 
 ----> volume 499 0 0.566222 0.433778 
 ----> volume 500 1 0.494075 0.505925 
 ----> volume 501 0 0.531142 0.468858 
 ----> volume 502 1 0.532977 0.467023 
 ----> volume 503 1 0.481181 0.518819 
 ----> volume 504 1 0.517884 0.482116 
 ----> volume 505 0 0.571654 0.428346 
 ----> volume 506 0 0.539537 0.460463 
 ----> volume 507 1 0.505895 0.494105 
 ----> volume 508 1 0.521503 0.478497 
 ----> volume 509 1 0.543325 0.456675 
 ----> volume 510 0 0.540421 0.459579 
 ----> volume 511 0 0.55459 0.44541 
 ----> volume 512 0 0.568635 0.431365 
 ----> volume 513 1 0.55617 0.44383 
 ----> volume 514 1 0.546754 0.453246 
 ----> volume 515 0 0.57688 0.42312 
 ----> volume 516 0 0.569453 0.430547 
 ----> volume 517 1 0.524828 0.475172 
 ----> volume 518 1 0.57636 0.42364 
 ----> volume 519 0 0.490803 0.509197 
 ----> volume 520 1 0.565877 0.434123 
 ----> volume 521 1 0.57221 0.42779 
 ----> volume 522 0 0.482324 0.517676 
 ----> volume 523 1 0.527386 0.472614 
 ----> volume 524 0 0.556876 0.443124 
 ----> volume 525 0 0.522736 0.477264 
 ----> volume 526 0 0.5519 0.4481 
 ----> volume 527 1 0.558613 0.441387 
 ----> volume 528 0 0.591672 0.408328 
 ----> volume 529 1 0.465261 0.534739 
 ----> volume 530 0 0.561256 0.438744 
 ----> volume 531 1 0.55048 0.44952 
 ----> volume 532 0 0.516401 0.483599 
 ----> volume 533 1 0.537738 0.462262 
 ----> volume 534 0 0.558326 0.441674 
 ----> volume 535 0 0.528876 0.471124 
 ----> volume 536 1 0.566549 0.433451 
 ----> volume 537 1 0.542074 0.457926 
 ----> volume 538 0 0.561646 0.438354 
 ----> volume 539 1 0.526339 0.473661 
 ----> volume 540 1 0.55855 0.44145 
 ----> volume 541 0 0.538252 0.461748 
 ----> volume 542 0 0.578499 0.421501 
 ----> volume 543 1 0.563144 0.436856 
 ----> volume 544 1 0.584979 0.415021 
 ----> volume 545 0 0.481994 0.518006 
 ----> volume 546 0 0.438947 0.561053 
 ----> volume 547 1 0.587172 0.412828 
 ----> volume 548 1 0.50176 0.49824 
 ----> volume 549 0 0.51143 0.48857 
 ----> volume 550 0 0.54049 0.45951 
 ----> volume 551 1 0.510839 0.489161 
 ----> volume 552 0 0.554299 0.445701 
 ----> volume 553 1 0.5221 0.4779 
 ----> volume 554 0 0.525635 0.474365 
 ----> volume 555 0 0.567121 0.432879 
 ----> volume 556 0 0.560044 0.439956 
 ----> volume 557 1 0.505888 0.494112 
 ----> volume 558 1 0.542224 0.457776 
 ----> volume 559 1 0.495533 0.504467 
 ----> volume 560 0 0.552001 0.447999 
 ----> volume 561 0 0.526877 0.473123 
 ----> volume 562 1 0.451469 0.548531 
 ----> volume 563 0 0.53972 0.46028 
 ----> volume 564 0 0.553265 0.446735 
 ----> volume 565 1 0.514901 0.485099 
 ----> volume 566 0 0.53504 0.46496 
 ----> volume 567 0 0.584197 0.415803 
 ----> volume 568 0 0.507528 0.492472 
 ----> volume 569 0 0.538541 0.461459 
 ----> volume 570 1 0.51055 0.48945 
 ----> volume 571 1 0.548976 0.451024 
 ----> volume 572 0 0.60937 0.39063 
 ----> volume 573 0 0.5193 0.4807 
 ----> volume 574 0 0.556472 0.443528 
 ----> volume 575 1 0.553847 0.446153 
 ----> volume 576 1 0.557504 0.442496 
 ----> volume 577 0 0.536178 0.463822 
 ----> volume 578 0 0.569031 0.430969 
 ----> volume 579 0 0.580456 0.419544 
 ----> volume 580 1 0.467188 0.532812 
 ----> volume 581 0 0.511019 0.488981 
 ----> volume 582 0 0.566259 0.433741 
 ----> volume 583 1 0.515863 0.484137 
 ----> volume 584 1 0.532414 0.467586 
 ----> volume 585 0 0.552426 0.447574 
 ----> volume 586 0 0.540967 0.459033 
 ----> volume 587 1 0.525233 0.474767 
 ----> volume 588 1 0.574468 0.425532 
 ----> volume 589 1 0.542367 0.457633 
 ----> volume 590 0 0.544961 0.455039 
 ----> volume 591 1 0.555337 0.444663 
 ----> volume 592 1 0.488836 0.511164 
 ----> volume 593 0 0.56613 0.43387 
 ----> volume 594 0 0.561246 0.438754 
 ----> volume 595 1 0.535213 0.464787 
 ----> volume 596 1 0.587105 0.412895 
 ----> volume 597 0 0.465106 0.534894 
 ----> volume 598 1 0.610014 0.389986 
 ----> volume 599 1 0.545705 0.454295 
 ----> volume 600 0 0.501697 0.498303 
 ----> volume 601 1 0.553975 0.446025 
 ----> volume 602 1 0.514307 0.485693 
 ----> volume 603 0 0.553906 0.446094 
 ----> volume 604 0 0.564381 0.435619 
 ----> volume 605 0 0.559166 0.440834 
 ----> volume 606 1 0.532116 0.467884 
 ----> volume 607 1 0.546526 0.453474 
 ----> volume 608 0 0.567958 0.432042 
 ----> volume 609 0 0.567843 0.432157 
 ----> volume 610 0 0.549916 0.450084 
 ----> volume 611 1 0.577117 0.422883 
 ----> volume 612 0 0.504085 0.495915 
 ----> volume 613 1 0.493674 0.506326 
 ----> volume 614 0 0.540929 0.459071 
 ----> volume 615 1 0.531686 0.468314 
 ----> volume 616 0 0.550066 0.449934 
 ----> volume 617 1 0.532414 0.467586 
 ----> volume 618 1 0.526783 0.473217 
 ----> volume 619 1 0.561351 0.438649 
 ----> volume 620 1 0.498762 0.501238 
 ----> volume 621 0 0.549653 0.450347 
 ----> volume 622 0 0.54241 0.45759 
 ----> volume 623 0 0.551083 0.448917 
 ----> volume 624 0 0.536443 0.463557 
 ----> volume 625 0 0.549773 0.450227 
 ----> volume 626 0 0.555156 0.444844 
 ----> volume 627 0 0.50324 0.49676 
 ----> volume 628 1 0.545688 0.454312 
 ----> volume 629 1 0.509256 0.490744 
 ----> volume 630 0 0.550263 0.449737 
 ----> volume 631 1 0.487636 0.512364 
 ----> volume 632 1 0.50807 0.49193 
 ----> volume 633 0 0.551131 0.448869 
 ----> volume 634 1 0.544222 0.455778 
 ----> volume 635 0 0.53122 0.46878 
 ----> volume 636 1 0.520041 0.479959 
 ----> volume 637 0 0.491878 0.508122 
 ----> volume 638 0 0.53054 0.46946 
 ----> volume 639 1 0.521919 0.478081 
 ----> volume 640 1 0.530341 0.469659 
 ----> volume 641 0 0.565845 0.434155 
 ----> volume 642 0 0.565126 0.434874 
 ----> volume 643 0 0.557117 0.442883 
 ----> volume 644 0 0.541459 0.458541 
 ----> volume 645 0 0.508293 0.491707 
 ----> volume 646 0 0.513161 0.486839 
 ----> volume 647 1 0.501698 0.498302 
 ----> volume 648 0 0.592389 0.407611 
 ----> volume 649 1 0.484236 0.515764 
 ----> volume 650 1 0.530986 0.469014 
 ----> volume 651 1 0.538384 0.461616 
 ----> volume 652 0 0.516071 0.483929 
 ----> volume 653 1 0.545655 0.454345 
 ----> volume 654 1 0.527754 0.472246 
 ----> volume 655 0 0.569037 0.430963 
 ----> volume 656 0 0.530276 0.469724 
 ----> volume 657 0 0.578477 0.421523 
 ----> volume 658 1 0.543952 0.456048 
 ----> volume 659 1 0.565089 0.434911 
 ----> volume 660 0 0.563823 0.436177 
 ----> volume 661 0 0.523767 0.476233 
 ----> volume 662 1 0.509856 0.490144 
 ----> volume 663 0 0.555109 0.444891 
 ----> volume 664 1 0.54976 0.45024 
 ----> volume 665 1 0.535698 0.464302 
 ----> volume 666 0 0.487635 0.512365 
 ----> volume 667 0 0.600511 0.399489 
 ----> volume 668 1 0.525597 0.474403 
 ----> volume 669 0 0.553971 0.446029 
 ----> volume 670 0 0.497849 0.502151 
 ----> volume 671 1 0.553094 0.446906 
 ----> volume 672 0 0.53022 0.46978 
 ----> volume 673 1 0.449331 0.550669 
 ----> volume 674 1 0.466611 0.533389 
 ----> volume 675 1 0.496648 0.503352 
 ----> volume 676 0 0.54894 0.45106 
 ----> volume 677 0 0.547797 0.452203 
 ----> volume 678 1 0.506011 0.493989 
 ----> volume 679 0 0.532847 0.467153 
 ----> volume 680 1 0.54806 0.45194 
 ----> volume 681 0 0.545463 0.454537 
 ----> volume 682 0 0.538465 0.461535 
 ----> volume 683 1 0.521221 0.478779 
 ----> volume 684 0 0.50541 0.49459 
 ----> volume 685 1 0.511 0.489 
 ----> volume 686 0 0.592841 0.407159 
 ----> volume 687 0 0.555352 0.444648 
 ----> volume 688 1 0.510409 0.489591 
 ----> volume 689 0 0.47714 0.52286 
 ----> volume 690 0 0.53782 0.46218 
 ----> volume 691 1 0.532575 0.467425 
 ----> volume 692 0 0.539165 0.460835 
 ----> volume 693 1 0.56809 0.43191 
 ----> volume 694 1 0.523251 0.476749 
 ----> volume 695 1 0.534169 0.465831 
 ----> volume 696 0 0.546486 0.453514 
 ----> volume 697 0 0.565515 0.434485 
 ----> volume 698 0 0.545581 0.454419 
 ----> volume 699 1 0.460311 0.539689 
 ----> volume 700 1 0.54041 0.45959 
 ----> volume 701 0 0.507364 0.492636 
 ----> volume 702 0 0.524236 0.475764 
 ----> volume 703 1 0.532714 0.467286 
 ----> volume 704 1 0.539079 0.460921 
 ----> volume 705 0 0.546721 0.453279 
 ----> volume 706 1 0.534479 0.465521 
 ----> volume 707 1 0.536939 0.463061 
 ----> volume 708 1 0.503192 0.496808 
 ----> volume 709 1 0.545381 0.454619 
 ----> volume 710 0 0.53498 0.46502 
 ----> volume 711 0 0.554164 0.445836 
 ----> volume 712 1 0.528775 0.471225 
 ----> volume 713 0 0.564578 0.435422 
 ----> volume 714 1 0.516406 0.483594 
 ----> volume 715 0 0.537827 0.462173 
 ----> volume 716 1 0.546729 0.453271 
 ----> volume 717 0 0.528961 0.471039 
 ----> volume 718 1 0.541649 0.458351 
