 ----> volume 1 1 0 0 
 ----> volume 2 0 0.504691 0.495309 
 ----> volume 3 1 0.588365 0.411635 
 ----> volume 4 0 0.523154 0.476846 
 ----> volume 5 0 0.588365 0.411635 
 ----> volume 6 1 0.530692 0.469308 
 ----> volume 7 0 0.591306 0.408694 
 ----> volume 8 0 0.548201 0.451799 
 ----> volume 9 1 0.515892 0.484108 
 ----> volume 10 1 0.532645 0.467355 
 ----> volume 11 0 0.522661 0.477339 
 ----> volume 12 0 0.563055 0.436945 
 ----> volume 13 0 0.518365 0.481635 
 ----> volume 14 1 0.564609 0.435391 
 ----> volume 15 0 0.534579 0.465421 
 ----> volume 16 1 0.561285 0.438715 
 ----> volume 17 1 0.56015 0.43985 
 ----> volume 18 0 0.580479 0.419521 
 ----> volume 19 1 0.529392 0.470608 
 ----> volume 20 0 0.565482 0.434518 
 ----> volume 21 0 0.546464 0.453536 
 ----> volume 22 1 0.546904 0.453096 
 ----> volume 23 0 0.527444 0.472556 
 ----> volume 24 0 0.522354 0.477646 
 ----> volume 25 1 0.573131 0.426869 
 ----> volume 26 0 0.567148 0.432852 
 ----> volume 27 1 0.548035 0.451965 
 ----> volume 28 1 0.538443 0.461557 
 ----> volume 29 0 0.543539 0.456461 
 ----> volume 30 0 0.555298 0.444702 
 ----> volume 31 0 0.563423 0.436577 
 ----> volume 32 0 0.565907 0.434093 
 ----> volume 33 1 0.512252 0.487748 
 ----> volume 34 0 0.521383 0.478617 
 ----> volume 35 1 0.505762 0.494238 
 ----> volume 36 0 0.584027 0.415973 
 ----> volume 37 0 0.525908 0.474092 
 ----> volume 38 1 0.525458 0.474542 
 ----> volume 39 1 0.550218 0.449782 
 ----> volume 40 1 0.515314 0.484686 
 ----> volume 41 0 0.54524 0.45476 
 ----> volume 42 0 0.565242 0.434758 
 ----> volume 43 0 0.542803 0.457197 
 ----> volume 44 0 0.582033 0.417967 
 ----> volume 45 1 0.502505 0.497495 
 ----> volume 46 1 0.513767 0.486233 
 ----> volume 47 0 0.569784 0.430216 
 ----> volume 48 0 0.531572 0.468428 
 ----> volume 49 1 0.525628 0.474372 
 ----> volume 50 1 0.51504 0.48496 
 ----> volume 51 1 0.520279 0.479721 
 ----> volume 52 0 0.556861 0.443139 
 ----> volume 53 1 0.51225 0.48775 
 ----> volume 54 1 0.53933 0.46067 
 ----> volume 55 0 0.53453 0.46547 
 ----> volume 56 0 0.520413 0.479587 
 ----> volume 57 1 0.530118 0.469882 
 ----> volume 58 0 0.500722 0.499278 
 ----> volume 59 1 0.562343 0.437657 
 ----> volume 60 1 0.558782 0.441218 
 ----> volume 61 0 0.537254 0.462746 
 ----> volume 62 1 0.551132 0.448868 
 ----> volume 63 0 0.570476 0.429524 
 ----> volume 64 1 0.540509 0.459491 
 ----> volume 65 0 0.565617 0.434383 
 ----> volume 66 1 0.526856 0.473144 
 ----> volume 67 0 0.55267 0.44733 
 ----> volume 68 0 0.519172 0.480828 
 ----> volume 69 1 0.53248 0.46752 
 ----> volume 70 1 0.520602 0.479398 
 ----> volume 71 0 0.570674 0.429326 
 ----> volume 72 0 0.549078 0.450922 
 ----> volume 73 1 0.548029 0.451971 
 ----> volume 74 1 0.521759 0.478241 
 ----> volume 75 1 0.537375 0.462625 
 ----> volume 76 0 0.557143 0.442857 
 ----> volume 77 0 0.523782 0.476218 
 ----> volume 78 1 0.549962 0.450038 
 ----> volume 79 0 0.557019 0.442981 
 ----> volume 80 1 0.57148 0.42852 
 ----> volume 81 1 0.506278 0.493722 
 ----> volume 82 1 0.543789 0.456211 
 ----> volume 83 0 0.542937 0.457063 
 ----> volume 84 1 0.540443 0.459557 
 ----> volume 85 0 0.570474 0.429526 
 ----> volume 86 0 0.520916 0.479084 
 ----> volume 87 0 0.565871 0.434129 
 ----> volume 88 0 0.594646 0.405354 
 ----> volume 89 0 0.506478 0.493522 
 ----> volume 90 1 0.518703 0.481297 
 ----> volume 91 0 0.593707 0.406293 
 ----> volume 92 1 0.495972 0.504028 
 ----> volume 93 0 0.570428 0.429572 
 ----> volume 94 1 0.518372 0.481628 
 ----> volume 95 0 0.537129 0.462871 
 ----> volume 96 1 0.547116 0.452884 
 ----> volume 97 0 0.573217 0.426783 
 ----> volume 98 0 0.527973 0.472027 
 ----> volume 99 1 0.493638 0.506362 
 ----> volume 100 0 0.580575 0.419425 
 ----> volume 101 1 0.546025 0.453975 
 ----> volume 102 1 0.565705 0.434295 
 ----> volume 103 0 0.543222 0.456778 
 ----> volume 104 0 0.548449 0.451551 
 ----> volume 105 0 0.569011 0.430989 
 ----> volume 106 0 0.534256 0.465744 
 ----> volume 107 0 0.572192 0.427808 
 ----> volume 108 1 0.532421 0.467579 
 ----> volume 109 0 0.553271 0.446729 
 ----> volume 110 0 0.549069 0.450931 
 ----> volume 111 1 0.505867 0.494133 
 ----> volume 112 0 0.559027 0.440973 
 ----> volume 113 1 0.507386 0.492614 
 ----> volume 114 0 0.534524 0.465476 
 ----> volume 115 0 0.550914 0.449086 
 ----> volume 116 1 0.554385 0.445615 
 ----> volume 117 1 0.506192 0.493808 
 ----> volume 118 1 0.543166 0.456834 
 ----> volume 119 0 0.556021 0.443979 
 ----> volume 120 0 0.541778 0.458222 
 ----> volume 121 0 0.526759 0.473241 
 ----> volume 122 0 0.606534 0.393466 
 ----> volume 123 1 0.489927 0.510073 
 ----> volume 124 1 0.521642 0.478358 
 ----> volume 125 0 0.602533 0.397467 
 ----> volume 126 1 0.544862 0.455138 
 ----> volume 127 0 0.548663 0.451337 
 ----> volume 128 1 0.583984 0.416016 
 ----> volume 129 0 0.550668 0.449332 
 ----> volume 130 0 0.523372 0.476628 
 ----> volume 131 0 0.532952 0.467048 
 ----> volume 132 1 0.516643 0.483357 
 ----> volume 133 0 0.538145 0.461855 
 ----> volume 134 1 0.528314 0.471686 
 ----> volume 135 1 0.546812 0.453188 
 ----> volume 136 0 0.518445 0.481555 
 ----> volume 137 0 0.566631 0.433369 
 ----> volume 138 0 0.576956 0.423044 
 ----> volume 139 0 0.578736 0.421264 
 ----> volume 140 0 0.541765 0.458235 
 ----> volume 141 1 0.4613 0.5387 
 ----> volume 142 0 0.605922 0.394078 
 ----> volume 143 1 0.47373 0.52627 
 ----> volume 144 0 0.570026 0.429974 
 ----> volume 145 0 0.577596 0.422404 
 ----> volume 146 1 0.517908 0.482092 
 ----> volume 147 0 0.584461 0.415539 
 ----> volume 148 1 0.501795 0.498205 
 ----> volume 149 1 0.546362 0.453638 
 ----> volume 150 0 0.555431 0.444569 
 ----> volume 151 0 0.547139 0.452861 
 ----> volume 152 0 0.531147 0.468853 
 ----> volume 153 0 0.571798 0.428202 
 ----> volume 154 1 0.504529 0.495471 
 ----> volume 155 0 0.578019 0.421981 
 ----> volume 156 1 0.540645 0.459355 
 ----> volume 157 1 0.573984 0.426016 
 ----> volume 158 0 0.551814 0.448186 
 ----> volume 159 0 0.519985 0.480015 
 ----> volume 160 0 0.547071 0.452929 
 ----> volume 161 0 0.523877 0.476123 
 ----> volume 162 0 0.55298 0.44702 
 ----> volume 163 1 0.505396 0.494604 
 ----> volume 164 0 0.544254 0.455746 
 ----> volume 165 1 0.505354 0.494646 
 ----> volume 166 0 0.551974 0.448026 
 ----> volume 167 1 0.494146 0.505854 
 ----> volume 168 0 0.547534 0.452466 
 ----> volume 169 1 0.525499 0.474501 
 ----> volume 170 1 0.548041 0.451959 
 ----> volume 171 1 0.531312 0.468688 
 ----> volume 172 0 0.563698 0.436302 
 ----> volume 173 1 0.592962 0.407038 
 ----> volume 174 0 0.544223 0.455777 
 ----> volume 175 1 0.536294 0.463706 
 ----> volume 176 0 0.572238 0.427762 
 ----> volume 177 0 0.524597 0.475403 
 ----> volume 178 0 0.57822 0.42178 
 ----> volume 179 1 0.512636 0.487364 
 ----> volume 180 1 0.556184 0.443816 
 ----> volume 181 1 0.515886 0.484114 
 ----> volume 182 1 0.558174 0.441826 
 ----> volume 183 0 0.540105 0.459895 
 ----> volume 184 1 0.446967 0.553033 
 ----> volume 185 0 0.570234 0.429766 
 ----> volume 186 0 0.526792 0.473208 
 ----> volume 187 0 0.524152 0.475848 
 ----> volume 188 0 0.570906 0.429094 
 ----> volume 189 1 0.555289 0.444711 
 ----> volume 190 0 0.543155 0.456845 
 ----> volume 191 0 0.451493 0.548507 
 ----> volume 192 1 0.573945 0.426055 
 ----> volume 193 0 0.560807 0.439193 
 ----> volume 194 0 0.541758 0.458242 
 ----> volume 195 1 0.540189 0.459811 
 ----> volume 196 1 0.536632 0.463368 
 ----> volume 197 0 0.552181 0.447819 
 ----> volume 198 1 0.498039 0.501961 
 ----> volume 199 0 0.550229 0.449771 
 ----> volume 200 0 0.572245 0.427755 
 ----> volume 201 1 0.509375 0.490625 
 ----> volume 202 1 0.541939 0.458061 
 ----> volume 203 0 0.591084 0.408916 
 ----> volume 204 1 0.526618 0.473382 
 ----> volume 205 0 0.576623 0.423377 
 ----> volume 206 1 0.541312 0.458688 
 ----> volume 207 1 0.485887 0.514113 
 ----> volume 208 0 0.548 0.452 
 ----> volume 209 0 0.57924 0.42076 
 ----> volume 210 1 0.50812 0.49188 
 ----> volume 211 0 0.563384 0.436616 
 ----> volume 212 1 0.516266 0.483734 
 ----> volume 213 0 0.513082 0.486918 
 ----> volume 214 0 0.553592 0.446408 
 ----> volume 215 1 0.497702 0.502298 
 ----> volume 216 0 0.55782 0.44218 
 ----> volume 217 1 0.550908 0.449092 
 ----> volume 218 1 0.527442 0.472558 
 ----> volume 219 0 0.58171 0.41829 
 ----> volume 220 1 0.545854 0.454146 
 ----> volume 221 1 0.548444 0.451556 
 ----> volume 222 1 0.532734 0.467266 
 ----> volume 223 0 0.530643 0.469357 
 ----> volume 224 0 0.558201 0.441799 
 ----> volume 225 1 0.521231 0.478769 
 ----> volume 226 0 0.52036 0.47964 
 ----> volume 227 0 0.556079 0.443921 
 ----> volume 228 0 0.519064 0.480936 
 ----> volume 229 0 0.543611 0.456389 
 ----> volume 230 1 0.515106 0.484894 
 ----> volume 231 1 0.525092 0.474908 
 ----> volume 232 0 0.548633 0.451367 
 ----> volume 233 0 0.519775 0.480225 
 ----> volume 234 1 0.518296 0.481704 
 ----> volume 235 1 0.558509 0.441491 
 ----> volume 236 1 0.517963 0.482037 
 ----> volume 237 0 0.530519 0.469481 
 ----> volume 238 1 0.543087 0.456913 
 ----> volume 239 0 0.571153 0.428847 
 ----> volume 240 1 0.506856 0.493144 
 ----> volume 241 0 0.553631 0.446369 
 ----> volume 242 1 0.547102 0.452898 
 ----> volume 243 0 0.53201 0.46799 
 ----> volume 244 1 0.523653 0.476347 
 ----> volume 245 0 0.544946 0.455054 
 ----> volume 246 1 0.5338 0.4662 
 ----> volume 247 0 0.580045 0.419955 
 ----> volume 248 0 0.540872 0.459128 
 ----> volume 249 1 0.548815 0.451185 
 ----> volume 250 1 0.497579 0.502421 
 ----> volume 251 1 0.512809 0.487191 
 ----> volume 252 0 0.561256 0.438744 
 ----> volume 253 1 0.530691 0.469309 
 ----> volume 254 0 0.575004 0.424996 
 ----> volume 255 0 0.527668 0.472332 
 ----> volume 256 0 0.565538 0.434462 
 ----> volume 257 1 0.533672 0.466328 
 ----> volume 258 0 0.539389 0.460611 
 ----> volume 259 0 0.541398 0.458602 
 ----> volume 260 1 0.552692 0.447308 
 ----> volume 261 1 0.53332 0.46668 
 ----> volume 262 1 0.533304 0.466696 
 ----> volume 263 0 0.597516 0.402484 
 ----> volume 264 1 0.551835 0.448165 
 ----> volume 265 1 0.549281 0.450719 
 ----> volume 266 0 0.568393 0.431607 
 ----> volume 267 1 0.5242 0.4758 
 ----> volume 268 0 0.572216 0.427784 
 ----> volume 269 0 0.53272 0.46728 
 ----> volume 270 0 0.553988 0.446012 
 ----> volume 271 1 0.53745 0.46255 
 ----> volume 272 0 0.497386 0.502614 
 ----> volume 273 1 0.551345 0.448655 
 ----> volume 274 0 0.51156 0.48844 
 ----> volume 275 1 0.537487 0.462513 
 ----> volume 276 0 0.554603 0.445397 
 ----> volume 277 0 0.542354 0.457646 
 ----> volume 278 0 0.537033 0.462967 
 ----> volume 279 1 0.539381 0.460619 
 ----> volume 280 0 0.574669 0.425331 
 ----> volume 281 0 0.524976 0.475024 
 ----> volume 282 1 0.514047 0.485953 
 ----> volume 283 0 0.559985 0.440015 
 ----> volume 284 0 0.54013 0.45987 
 ----> volume 285 0 0.557078 0.442922 
 ----> volume 286 1 0.567369 0.432631 
 ----> volume 287 1 0.518839 0.481161 
 ----> volume 288 1 0.519624 0.480376 
 ----> volume 289 0 0.561511 0.438489 
 ----> volume 290 0 0.536008 0.463992 
 ----> volume 291 1 0.509794 0.490206 
 ----> volume 292 0 0.609189 0.390811 
 ----> volume 293 1 0.446594 0.553406 
 ----> volume 294 1 0.522814 0.477186 
 ----> volume 295 0 0.557196 0.442804 
 ----> volume 296 1 0.524597 0.475403 
 ----> volume 297 0 0.539638 0.460362 
 ----> volume 298 1 0.543166 0.456834 
 ----> volume 299 0 0.572314 0.427686 
 ----> volume 300 0 0.560162 0.439838 
 ----> volume 301 0 0.578705 0.421295 
 ----> volume 302 1 0.496248 0.503752 
 ----> volume 303 1 0.511471 0.488529 
 ----> volume 304 0 0.543124 0.456876 
 ----> volume 305 1 0.497296 0.502704 
 ----> volume 306 0 0.52845 0.47155 
 ----> volume 307 0 0.562836 0.437164 
 ----> volume 308 1 0.524769 0.475231 
 ----> volume 309 0 0.520579 0.479421 
 ----> volume 310 1 0.519723 0.480277 
 ----> volume 311 0 0.569613 0.430387 
 ----> volume 312 1 0.528617 0.471383 
 ----> volume 313 0 0.576538 0.423462 
 ----> volume 314 0 0.536613 0.463387 
 ----> volume 315 0 0.540382 0.459618 
 ----> volume 316 1 0.531131 0.468869 
 ----> volume 317 1 0.498629 0.501371 
 ----> volume 318 0 0.512247 0.487753 
 ----> volume 319 1 0.537368 0.462632 
 ----> volume 320 1 0.522564 0.477436 
 ----> volume 321 1 0.53322 0.46678 
 ----> volume 322 0 0.577215 0.422785 
 ----> volume 323 0 0.525501 0.474499 
 ----> volume 324 1 0.507331 0.492669 
 ----> volume 325 0 0.547848 0.452152 
 ----> volume 326 0 0.505587 0.494413 
 ----> volume 327 1 0.488351 0.511649 
 ----> volume 328 0 0.561586 0.438414 
 ----> volume 329 0 0.566843 0.433157 
 ----> volume 330 1 0.525404 0.474596 
 ----> volume 331 0 0.563543 0.436457 
 ----> volume 332 0 0.575474 0.424526 
 ----> volume 333 1 0.503899 0.496101 
 ----> volume 334 1 0.495596 0.504404 
 ----> volume 335 0 0.558483 0.441517 
 ----> volume 336 1 0.49876 0.50124 
 ----> volume 337 0 0.54886 0.45114 
 ----> volume 338 1 0.560794 0.439206 
 ----> volume 339 0 0.535941 0.464059 
 ----> volume 340 1 0.510503 0.489497 
 ----> volume 341 0 0.544322 0.455678 
 ----> volume 342 1 0.493293 0.506707 
 ----> volume 343 0 0.586559 0.413441 
 ----> volume 344 0 0.530731 0.469269 
 ----> volume 345 0 0.556935 0.443065 
 ----> volume 346 1 0.501334 0.498666 
 ----> volume 347 0 0.558399 0.441601 
 ----> volume 348 0 0.531799 0.468201 
 ----> volume 349 1 0.522027 0.477973 
 ----> volume 350 1 0.519889 0.480111 
 ----> volume 351 0 0.526103 0.473897 
 ----> volume 352 0 0.581332 0.418668 
 ----> volume 353 1 0.570939 0.429061 
 ----> volume 354 0 0.547729 0.452271 
 ----> volume 355 1 0.53096 0.46904 
 ----> volume 356 1 0.534315 0.465685 
 ----> volume 357 1 0.557998 0.442002 
 ----> volume 358 0 0.510764 0.489236 
 ----> volume 359 0 0.567744 0.432256 
 ----> volume 360 1 0.516084 0.483916 
 ----> volume 361 1 0.523849 0.476151 
 ----> volume 362 0 0.542109 0.457891 
 ----> volume 363 0 0.558501 0.441499 
 ----> volume 364 0 0.544819 0.455181 
 ----> volume 365 0 0.570342 0.429658 
 ----> volume 366 1 0.512636 0.487364 
 ----> volume 367 0 0.542965 0.457035 
 ----> volume 368 0 0.565459 0.434541 
 ----> volume 369 0 0.519336 0.480664 
 ----> volume 370 1 0.499622 0.500378 
 ----> volume 371 0 0.546759 0.453241 
 ----> volume 372 1 0.531453 0.468547 
 ----> volume 373 0 0.585766 0.414234 
 ----> volume 374 0 0.599917 0.400083 
 ----> volume 375 1 0.515323 0.484677 
 ----> volume 376 0 0.525117 0.474883 
 ----> volume 377 1 0.527766 0.472234 
 ----> volume 378 1 0.55831 0.44169 
 ----> volume 379 0 0.535496 0.464504 
 ----> volume 380 0 0.570014 0.429986 
 ----> volume 381 1 0.558761 0.441239 
 ----> volume 382 1 0.497409 0.502591 
 ----> volume 383 1 0.514606 0.485394 
 ----> volume 384 0 0.502394 0.497606 
 ----> volume 385 1 0.55234 0.44766 
 ----> volume 386 0 0.529731 0.470269 
 ----> volume 387 1 0.546235 0.453765 
 ----> volume 388 1 0.517677 0.482323 
 ----> volume 389 0 0.570478 0.429522 
 ----> volume 390 0 0.551451 0.448549 
 ----> volume 391 0 0.499552 0.500448 
 ----> volume 392 1 0.530149 0.469851 
 ----> volume 393 1 0.538245 0.461755 
 ----> volume 394 1 0.566135 0.433865 
 ----> volume 395 0 0.519525 0.480475 
 ----> volume 396 0 0.586755 0.413245 
 ----> volume 397 0 0.553983 0.446017 
 ----> volume 398 1 0.505636 0.494364 
 ----> volume 399 1 0.529758 0.470242 
 ----> volume 400 1 0.517578 0.482422 
 ----> volume 401 0 0.565362 0.434638 
 ----> volume 402 0 0.563287 0.436713 
 ----> volume 403 0 0.535888 0.464112 
 ----> volume 404 1 0.504805 0.495195 
 ----> volume 405 1 0.538938 0.461062 
 ----> volume 406 1 0.531952 0.468048 
 ----> volume 407 1 0.540638 0.459362 
 ----> volume 408 0 0.540942 0.459058 
 ----> volume 409 0 0.605338 0.394662 
 ----> volume 410 0 0.522677 0.477323 
 ----> volume 411 0 0.542607 0.457393 
 ----> volume 412 1 0.505458 0.494542 
 ----> volume 413 1 0.541465 0.458535 
 ----> volume 414 0 0.547482 0.452518 
 ----> volume 415 1 0.514436 0.485564 
 ----> volume 416 0 0.520928 0.479072 
 ----> volume 417 0 0.563742 0.436258 
 ----> volume 418 1 0.519964 0.480036 
 ----> volume 419 1 0.529114 0.470886 
 ----> volume 420 1 0.542192 0.457808 
 ----> volume 421 0 0.535417 0.464583 
 ----> volume 422 0 0.520314 0.479686 
 ----> volume 423 1 0.503408 0.496592 
 ----> volume 424 0 0.623565 0.376435 
 ----> volume 425 0 0.538051 0.461949 
 ----> volume 426 1 0.500147 0.499853 
 ----> volume 427 0 0.589051 0.410949 
 ----> volume 428 0 0.570086 0.429914 
 ----> volume 429 0 0.572494 0.427506 
 ----> volume 430 0 0.537248 0.462752 
 ----> volume 431 1 0.539146 0.460854 
 ----> volume 432 1 0.521729 0.478271 
 ----> volume 433 1 0.559728 0.440272 
 ----> volume 434 0 0.549833 0.450167 
 ----> volume 435 1 0.506309 0.493691 
 ----> volume 436 0 0.575335 0.424665 
 ----> volume 437 0 0.536847 0.463153 
 ----> volume 438 0 0.558713 0.441287 
 ----> volume 439 0 0.546863 0.453137 
 ----> volume 440 1 0.436082 0.563918 
 ----> volume 441 0 0.564736 0.435264 
 ----> volume 442 1 0.51599 0.48401 
 ----> volume 443 1 0.533774 0.466226 
 ----> volume 444 0 0.527285 0.472715 
 ----> volume 445 1 0.534471 0.465529 
 ----> volume 446 0 0.525474 0.474526 
 ----> volume 447 0 0.578158 0.421842 
 ----> volume 448 1 0.477381 0.522619 
 ----> volume 449 1 0.527317 0.472683 
 ----> volume 450 0 0.626265 0.373735 
 ----> volume 451 0 0.559757 0.440243 
 ----> volume 452 1 0.52771 0.47229 
 ----> volume 453 0 0.495768 0.504232 
 ----> volume 454 1 0.557073 0.442927 
 ----> volume 455 0 0.519025 0.480975 
 ----> volume 456 0 0.540679 0.459321 
 ----> volume 457 0 0.543588 0.456412 
 ----> volume 458 1 0.496862 0.503138 
 ----> volume 459 0 0.547069 0.452931 
 ----> volume 460 1 0.53705 0.46295 
 ----> volume 461 1 0.52301 0.47699 
 ----> volume 462 0 0.518477 0.481523 
 ----> volume 463 1 0.557626 0.442374 
 ----> volume 464 0 0.556388 0.443612 
 ----> volume 465 1 0.495639 0.504361 
 ----> volume 466 0 0.539657 0.460343 
 ----> volume 467 1 0.530377 0.469623 
 ----> volume 468 0 0.519345 0.480655 
 ----> volume 469 1 0.57949 0.42051 
 ----> volume 470 0 0.564752 0.435248 
 ----> volume 471 1 0.519157 0.480843 
 ----> volume 472 0 0.51304 0.48696 
 ----> volume 473 1 0.518804 0.481196 
 ----> volume 474 0 0.582538 0.417462 
 ----> volume 475 0 0.544379 0.455621 
 ----> volume 476 1 0.552894 0.447106 
 ----> volume 477 1 0.521062 0.478938 
 ----> volume 478 1 0.523451 0.476549 
 ----> volume 479 0 0.537253 0.462747 
 ----> volume 480 0 0.503818 0.496182 
 ----> volume 481 1 0.497587 0.502413 
 ----> volume 482 0 0.559161 0.440839 
 ----> volume 483 0 0.553888 0.446112 
 ----> volume 484 1 0.525831 0.474169 
 ----> volume 485 0 0.577201 0.422799 
 ----> volume 486 0 0.548231 0.451769 
 ----> volume 487 1 0.508423 0.491577 
 ----> volume 488 0 0.539948 0.460052 
 ----> volume 489 1 0.510885 0.489115 
 ----> volume 490 0 0.559374 0.440626 
 ----> volume 491 1 0.545609 0.454391 
 ----> volume 492 0 0.555488 0.444512 
 ----> volume 493 0 0.53597 0.46403 
 ----> volume 494 1 0.515251 0.484749 
 ----> volume 495 0 0.525945 0.474055 
 ----> volume 496 1 0.485558 0.514442 
 ----> volume 497 0 0.565107 0.434893 
 ----> volume 498 1 0.564691 0.435309 
 ----> volume 499 0 0.630955 0.369045 
 ----> volume 500 1 0.524727 0.475273 
 ----> volume 501 0 0.573238 0.426762 
 ----> volume 502 1 0.529431 0.470569 
 ----> volume 503 1 0.535796 0.464204 
 ----> volume 504 1 0.529456 0.470544 
 ----> volume 505 0 0.585779 0.414221 
 ----> volume 506 0 0.553615 0.446385 
 ----> volume 507 1 0.443832 0.556168 
 ----> volume 508 1 0.57221 0.42779 
 ----> volume 509 1 0.498954 0.501046 
 ----> volume 510 0 0.592049 0.407951 
 ----> volume 511 0 0.536886 0.463114 
 ----> volume 512 0 0.571395 0.428605 
 ----> volume 513 1 0.521505 0.478495 
 ----> volume 514 1 0.530481 0.469519 
 ----> volume 515 0 0.572902 0.427098 
 ----> volume 516 0 0.628951 0.371049 
 ----> volume 517 1 0.450482 0.549518 
 ----> volume 518 1 0.501055 0.498945 
 ----> volume 519 0 0.532867 0.467133 
 ----> volume 520 1 0.541598 0.458402 
 ----> volume 521 1 0.484415 0.515585 
 ----> volume 522 0 0.54471 0.45529 
 ----> volume 523 1 0.519323 0.480677 
 ----> volume 524 0 0.57868 0.42132 
 ----> volume 525 0 0.515068 0.484932 
 ----> volume 526 0 0.537234 0.462766 
 ----> volume 527 1 0.497029 0.502971 
 ----> volume 528 0 0.5418 0.4582 
 ----> volume 529 1 0.511897 0.488103 
 ----> volume 530 0 0.532283 0.467717 
 ----> volume 531 1 0.526761 0.473239 
 ----> volume 532 0 0.563434 0.436566 
 ----> volume 533 1 0.503157 0.496843 
 ----> volume 534 0 0.564344 0.435656 
 ----> volume 535 0 0.545741 0.454259 
 ----> volume 536 1 0.530794 0.469206 
 ----> volume 537 1 0.54272 0.45728 
 ----> volume 538 0 0.565405 0.434595 
 ----> volume 539 1 0.506611 0.493389 
 ----> volume 540 1 0.561546 0.438454 
 ----> volume 541 0 0.543676 0.456324 
 ----> volume 542 0 0.556061 0.443939 
 ----> volume 543 1 0.534612 0.465388 
 ----> volume 544 1 0.534144 0.465856 
 ----> volume 545 0 0.597704 0.402296 
 ----> volume 546 0 0.52402 0.47598 
 ----> volume 547 1 0.475907 0.524093 
 ----> volume 548 1 0.520305 0.479695 
 ----> volume 549 0 0.545828 0.454172 
 ----> volume 550 0 0.535859 0.464141 
 ----> volume 551 1 0.543298 0.456702 
 ----> volume 552 0 0.569017 0.430983 
 ----> volume 553 1 0.501899 0.498101 
 ----> volume 554 0 0.549731 0.450269 
 ----> volume 555 0 0.526849 0.473151 
 ----> volume 556 0 0.570868 0.429132 
 ----> volume 557 1 0.515025 0.484975 
 ----> volume 558 1 0.550557 0.449443 
 ----> volume 559 1 0.495195 0.504805 
 ----> volume 560 0 0.559846 0.440154 
 ----> volume 561 0 0.525452 0.474548 
 ----> volume 562 1 0.514253 0.485747 
 ----> volume 563 0 0.552782 0.447218 
 ----> volume 564 0 0.574855 0.425145 
 ----> volume 565 1 0.501578 0.498422 
 ----> volume 566 0 0.579779 0.420221 
 ----> volume 567 0 0.575206 0.424794 
 ----> volume 568 0 0.543103 0.456897 
 ----> volume 569 0 0.556831 0.443169 
 ----> volume 570 1 0.507861 0.492139 
 ----> volume 571 1 0.543466 0.456534 
 ----> volume 572 0 0.542107 0.457893 
 ----> volume 573 0 0.521983 0.478017 
 ----> volume 574 0 0.573309 0.426691 
 ----> volume 575 1 0.516525 0.483475 
 ----> volume 576 1 0.551951 0.448049 
 ----> volume 577 0 0.576789 0.423211 
 ----> volume 578 0 0.566035 0.433965 
 ----> volume 579 0 0.517234 0.482766 
 ----> volume 580 1 0.527414 0.472586 
 ----> volume 581 0 0.521429 0.478571 
 ----> volume 582 0 0.572044 0.427956 
 ----> volume 583 1 0.494662 0.505338 
 ----> volume 584 1 0.584307 0.415693 
 ----> volume 585 0 0.53854 0.46146 
 ----> volume 586 0 0.585441 0.414559 
 ----> volume 587 1 0.548406 0.451594 
 ----> volume 588 1 0.48412 0.51588 
 ----> volume 589 1 0.516153 0.483847 
 ----> volume 590 0 0.548151 0.451849 
 ----> volume 591 1 0.522643 0.477357 
 ----> volume 592 1 0.558816 0.441184 
 ----> volume 593 0 0.584529 0.415471 
 ----> volume 594 0 0.509669 0.490331 
 ----> volume 595 1 0.498461 0.501539 
 ----> volume 596 1 0.528839 0.471161 
 ----> volume 597 0 0.551982 0.448018 
 ----> volume 598 1 0.555524 0.444476 
 ----> volume 599 1 0.506779 0.493221 
 ----> volume 600 0 0.541973 0.458027 
 ----> volume 601 1 0.545129 0.454871 
 ----> volume 602 1 0.51061 0.48939 
 ----> volume 603 0 0.511199 0.488801 
 ----> volume 604 0 0.550528 0.449472 
 ----> volume 605 0 0.554888 0.445112 
 ----> volume 606 1 0.497985 0.502015 
 ----> volume 607 1 0.5609 0.4391 
 ----> volume 608 0 0.571457 0.428543 
 ----> volume 609 0 0.571131 0.428869 
 ----> volume 610 0 0.499214 0.500786 
 ----> volume 611 1 0.565065 0.434935 
 ----> volume 612 0 0.583725 0.416275 
 ----> volume 613 1 0.571141 0.428859 
 ----> volume 614 0 0.516988 0.483012 
 ----> volume 615 1 0.51953 0.48047 
 ----> volume 616 0 0.514485 0.485515 
 ----> volume 617 1 0.562166 0.437834 
 ----> volume 618 1 0.512956 0.487044 
 ----> volume 619 1 0.503236 0.496764 
 ----> volume 620 1 0.522164 0.477836 
 ----> volume 621 0 0.547291 0.452709 
 ----> volume 622 0 0.559214 0.440786 
 ----> volume 623 0 0.528247 0.471753 
 ----> volume 624 0 0.512211 0.487789 
 ----> volume 625 0 0.540056 0.459944 
 ----> volume 626 0 0.535208 0.464792 
 ----> volume 627 0 0.559906 0.440094 
 ----> volume 628 1 0.540555 0.459445 
 ----> volume 629 1 0.523466 0.476534 
 ----> volume 630 0 0.576406 0.423594 
 ----> volume 631 1 0.440554 0.559446 
 ----> volume 632 1 0.500367 0.499633 
 ----> volume 633 0 0.548221 0.451779 
 ----> volume 634 1 0.531437 0.468563 
 ----> volume 635 0 0.527881 0.472119 
 ----> volume 636 1 0.535544 0.464456 
 ----> volume 637 0 0.522681 0.477319 
 ----> volume 638 0 0.543433 0.456567 
 ----> volume 639 1 0.532873 0.467127 
 ----> volume 640 1 0.528341 0.471659 
 ----> volume 641 0 0.521814 0.478186 
 ----> volume 642 0 0.550509 0.449491 
 ----> volume 643 0 0.545665 0.454335 
 ----> volume 644 0 0.575147 0.424853 
 ----> volume 645 0 0.546477 0.453523 
 ----> volume 646 0 0.578792 0.421208 
 ----> volume 647 1 0.503292 0.496708 
 ----> volume 648 0 0.567631 0.432369 
 ----> volume 649 1 0.551287 0.448713 
 ----> volume 650 1 0.515695 0.484305 
 ----> volume 651 1 0.53424 0.46576 
 ----> volume 652 0 0.572244 0.427756 
 ----> volume 653 1 0.539825 0.460175 
 ----> volume 654 1 0.502633 0.497367 
 ----> volume 655 0 0.530977 0.469023 
 ----> volume 656 0 0.540593 0.459407 
 ----> volume 657 0 0.579922 0.420078 
 ----> volume 658 1 0.511162 0.488838 
 ----> volume 659 1 0.502691 0.497309 
 ----> volume 660 0 0.598914 0.401086 
 ----> volume 661 0 0.556182 0.443818 
 ----> volume 662 1 0.51417 0.48583 
 ----> volume 663 0 0.53665 0.46335 
 ----> volume 664 1 0.560569 0.439431 
 ----> volume 665 1 0.528433 0.471567 
 ----> volume 666 0 0.505779 0.494221 
 ----> volume 667 0 0.581427 0.418573 
 ----> volume 668 1 0.516272 0.483728 
 ----> volume 669 0 0.498338 0.501662 
 ----> volume 670 0 0.546289 0.453711 
 ----> volume 671 1 0.536208 0.463792 
 ----> volume 672 0 0.515149 0.484851 
 ----> volume 673 1 0.516704 0.483296 
 ----> volume 674 1 0.556465 0.443535 
 ----> volume 675 1 0.490118 0.509882 
 ----> volume 676 0 0.535058 0.464942 
 ----> volume 677 0 0.579536 0.420464 
 ----> volume 678 1 0.511801 0.488199 
 ----> volume 679 0 0.480481 0.519519 
 ----> volume 680 1 0.525473 0.474527 
 ----> volume 681 0 0.526596 0.473404 
 ----> volume 682 0 0.54105 0.45895 
 ----> volume 683 1 0.527447 0.472553 
 ----> volume 684 0 0.559191 0.440809 
 ----> volume 685 1 0.534864 0.465136 
 ----> volume 686 0 0.538003 0.461997 
 ----> volume 687 0 0.548894 0.451106 
 ----> volume 688 1 0.532629 0.467371 
 ----> volume 689 0 0.627716 0.372284 
 ----> volume 690 0 0.53631 0.46369 
 ----> volume 691 1 0.524436 0.475564 
 ----> volume 692 0 0.552162 0.447838 
 ----> volume 693 1 0.537583 0.462417 
 ----> volume 694 1 0.525491 0.474509 
 ----> volume 695 1 0.555708 0.444292 
 ----> volume 696 0 0.53617 0.46383 
 ----> volume 697 0 0.521457 0.478543 
 ----> volume 698 0 0.528058 0.471942 
 ----> volume 699 1 0.504495 0.495505 
 ----> volume 700 1 0.529537 0.470463 
 ----> volume 701 0 0.559119 0.440881 
 ----> volume 702 0 0.572386 0.427614 
 ----> volume 703 1 0.482551 0.517449 
 ----> volume 704 1 0.44988 0.55012 
 ----> volume 705 0 0.601046 0.398954 
 ----> volume 706 1 0.505781 0.494219 
 ----> volume 707 1 0.535773 0.464227 
 ----> volume 708 1 0.559054 0.440946 
 ----> volume 709 1 0.476149 0.523851 
 ----> volume 710 0 0.532774 0.467226 
 ----> volume 711 0 0.553485 0.446515 
 ----> volume 712 1 0.551457 0.448543 
 ----> volume 713 0 0.526376 0.473624 
 ----> volume 714 1 0.547422 0.452578 
 ----> volume 715 0 0.539953 0.460047 
 ----> volume 716 1 0.531006 0.468994 
 ----> volume 717 0 0.540654 0.459346 
 ----> volume 718 1 0.542145 0.457855 
