 ----> volume 1 1 0.537977 0.462023 
 ----> volume 2 0 0.531169 0.468831 
 ----> volume 3 1 0.613101 0.386899 
 ----> volume 4 0 0.568454 0.431546 
 ----> volume 5 0 0.598179 0.401821 
 ----> volume 6 1 0.64722 0.35278 
 ----> volume 7 0 0.654788 0.345212 
 ----> volume 8 0 0.638141 0.361859 
 ----> volume 9 1 0.552347 0.447653 
 ----> volume 10 1 0.479527 0.520473 
 ----> volume 11 0 0.489707 0.510293 
 ----> volume 12 0 0.597654 0.402346 
 ----> volume 13 0 0.554054 0.445946 
 ----> volume 14 1 0.586933 0.413067 
 ----> volume 15 0 0.499664 0.500336 
 ----> volume 16 1 0.539836 0.460164 
 ----> volume 17 1 0.523708 0.476292 
 ----> volume 18 0 0.578685 0.421315 
 ----> volume 19 1 0.591546 0.408454 
 ----> volume 20 0 0.550376 0.449624 
 ----> volume 21 0 0.548803 0.451197 
 ----> volume 22 1 0.49261 0.50739 
 ----> volume 23 0 0.539572 0.460428 
 ----> volume 24 0 0.520244 0.479756 
 ----> volume 25 1 0.531965 0.468035 
 ----> volume 26 0 0.558979 0.441021 
 ----> volume 27 1 0.527346 0.472654 
 ----> volume 28 1 0.536123 0.463877 
 ----> volume 29 0 0.478907 0.521093 
 ----> volume 30 0 0.58231 0.41769 
 ----> volume 31 0 0.541425 0.458575 
 ----> volume 32 0 0.554542 0.445458 
 ----> volume 33 1 0.48902 0.51098 
 ----> volume 34 0 0.533576 0.466424 
 ----> volume 35 1 0.518299 0.481701 
 ----> volume 36 0 0.543713 0.456287 
 ----> volume 37 0 0.580933 0.419067 
 ----> volume 38 1 0.470801 0.529199 
 ----> volume 39 1 0.535011 0.464989 
 ----> volume 40 1 0.489077 0.510923 
 ----> volume 41 0 0.534285 0.465715 
 ----> volume 42 0 0.595992 0.404008 
 ----> volume 43 0 0.514234 0.485766 
 ----> volume 44 0 0.59075 0.40925 
 ----> volume 45 1 0.526008 0.473992 
 ----> volume 46 1 0.506008 0.493992 
 ----> volume 47 0 0.516593 0.483407 
 ----> volume 48 0 0.515011 0.484989 
 ----> volume 49 1 0.53193 0.46807 
 ----> volume 50 1 0.572804 0.427196 
 ----> volume 51 1 0.586565 0.413435 
 ----> volume 52 0 0.549648 0.450352 
 ----> volume 53 1 0.514747 0.485253 
 ----> volume 54 1 0.527136 0.472864 
 ----> volume 55 0 0.571972 0.428028 
 ----> volume 56 0 0.541806 0.458194 
 ----> volume 57 1 0.520919 0.479081 
 ----> volume 58 0 0.568566 0.431434 
 ----> volume 59 1 0.516468 0.483532 
 ----> volume 60 1 0.516408 0.483592 
 ----> volume 61 0 0.525583 0.474417 
 ----> volume 62 1 0.558181 0.441819 
 ----> volume 63 0 0.550932 0.449068 
 ----> volume 64 1 0.523749 0.476251 
 ----> volume 65 0 0.576632 0.423368 
 ----> volume 66 1 0.519572 0.480428 
 ----> volume 67 0 0.553296 0.446704 
 ----> volume 68 0 0.52966 0.47034 
 ----> volume 69 1 0.48177 0.51823 
 ----> volume 70 1 0.560977 0.439023 
 ----> volume 71 0 0.510161 0.489839 
 ----> volume 72 0 0.570391 0.429609 
 ----> volume 73 1 0.548106 0.451894 
 ----> volume 74 1 0.542267 0.457733 
 ----> volume 75 1 0.556717 0.443283 
 ----> volume 76 0 0.514941 0.485059 
 ----> volume 77 0 0.54923 0.45077 
 ----> volume 78 1 0.529116 0.470884 
 ----> volume 79 0 0.567871 0.432129 
 ----> volume 80 1 0.534318 0.465682 
 ----> volume 81 1 0.550455 0.449545 
 ----> volume 82 1 0.464139 0.535861 
 ----> volume 83 0 0.506627 0.493373 
 ----> volume 84 1 0.524046 0.475954 
 ----> volume 85 0 0.540524 0.459476 
 ----> volume 86 0 0.560627 0.439373 
 ----> volume 87 0 0.56566 0.43434 
 ----> volume 88 0 0.589204 0.410796 
 ----> volume 89 0 0.553264 0.446736 
 ----> volume 90 1 0.52383 0.47617 
 ----> volume 91 0 0.531909 0.468091 
 ----> volume 92 1 0.498677 0.501323 
 ----> volume 93 0 0.589903 0.410097 
 ----> volume 94 1 0.537055 0.462945 
 ----> volume 95 0 0.539099 0.460901 
 ----> volume 96 1 0.537567 0.462433 
 ----> volume 97 0 0.536683 0.463317 
 ----> volume 98 0 0.562259 0.437741 
 ----> volume 99 1 0.486914 0.513086 
 ----> volume 100 0 0.582728 0.417272 
 ----> volume 101 1 0.480014 0.519986 
 ----> volume 102 1 0.558972 0.441028 
 ----> volume 103 0 0.585262 0.414738 
 ----> volume 104 0 0.550195 0.449805 
 ----> volume 105 0 0.568901 0.431099 
 ----> volume 106 0 0.513813 0.486187 
 ----> volume 107 0 0.573657 0.426343 
 ----> volume 108 1 0.558037 0.441963 
 ----> volume 109 0 0.546646 0.453354 
 ----> volume 110 0 0.522565 0.477435 
 ----> volume 111 1 0.510261 0.489739 
 ----> volume 112 0 0.573435 0.426565 
 ----> volume 113 1 0.488783 0.511217 
 ----> volume 114 0 0.57792 0.42208 
 ----> volume 115 0 0.584823 0.415177 
 ----> volume 116 1 0.521941 0.478059 
 ----> volume 117 1 0.572233 0.427767 
 ----> volume 118 1 0.540045 0.459955 
 ----> volume 119 0 0.578966 0.421034 
 ----> volume 120 0 0.534833 0.465167 
 ----> volume 121 0 0.559301 0.440699 
 ----> volume 122 0 0.573284 0.426716 
 ----> volume 123 1 0.525676 0.474324 
 ----> volume 124 1 0.514126 0.485874 
 ----> volume 125 0 0.568451 0.431549 
 ----> volume 126 1 0.511715 0.488285 
 ----> volume 127 0 0.574982 0.425018 
 ----> volume 128 1 0.55127 0.44873 
 ----> volume 129 0 0.552472 0.447528 
 ----> volume 130 0 0.581934 0.418066 
 ----> volume 131 0 0.555064 0.444936 
 ----> volume 132 1 0.493727 0.506273 
 ----> volume 133 0 0.521493 0.478507 
 ----> volume 134 1 0.516474 0.483526 
 ----> volume 135 1 0.568339 0.431661 
 ----> volume 136 0 0.554713 0.445287 
 ----> volume 137 0 0.560785 0.439215 
 ----> volume 138 0 0.591039 0.408961 
 ----> volume 139 0 0.499442 0.500558 
 ----> volume 140 0 0.5634 0.4366 
 ----> volume 141 1 0.493048 0.506952 
 ----> volume 142 0 0.584103 0.415897 
 ----> volume 143 1 0.511957 0.488043 
 ----> volume 144 0 0.572383 0.427617 
 ----> volume 145 0 0.571107 0.428893 
 ----> volume 146 1 0.539212 0.460788 
 ----> volume 147 0 0.531692 0.468308 
 ----> volume 148 1 0.511842 0.488158 
 ----> volume 149 1 0.539125 0.460875 
 ----> volume 150 0 0.540981 0.459019 
 ----> volume 151 0 0.570912 0.429088 
 ----> volume 152 0 0.482442 0.517558 
 ----> volume 153 0 0.598313 0.401687 
 ----> volume 154 1 0.523337 0.476663 
 ----> volume 155 0 0.52962 0.47038 
 ----> volume 156 1 0.531733 0.468267 
 ----> volume 157 1 0.524062 0.475938 
 ----> volume 158 0 0.549888 0.450112 
 ----> volume 159 0 0.558346 0.441654 
 ----> volume 160 0 0.627386 0.372614 
 ----> volume 161 0 0.599283 0.400717 
 ----> volume 162 0 0.594204 0.405796 
 ----> volume 163 1 0.51077 0.48923 
 ----> volume 164 0 0.551771 0.448229 
 ----> volume 165 1 0.525405 0.474595 
 ----> volume 166 0 0.607814 0.392186 
 ----> volume 167 1 0.522124 0.477876 
 ----> volume 168 0 0.561002 0.438998 
 ----> volume 169 1 0.489 0.511 
 ----> volume 170 1 0.519018 0.480982 
 ----> volume 171 1 0.501431 0.498569 
 ----> volume 172 0 0.552107 0.447893 
 ----> volume 173 1 0.497394 0.502606 
 ----> volume 174 0 0.563131 0.436869 
 ----> volume 175 1 0.521077 0.478923 
 ----> volume 176 0 0.540496 0.459504 
 ----> volume 177 0 0.590521 0.409479 
 ----> volume 178 0 0.582147 0.417853 
 ----> volume 179 1 0.517837 0.482163 
 ----> volume 180 1 0.572808 0.427192 
 ----> volume 181 1 0.51818 0.48182 
 ----> volume 182 1 0.531136 0.468864 
 ----> volume 183 0 0.544781 0.455219 
 ----> volume 184 1 0.542195 0.457805 
 ----> volume 185 0 0.567112 0.432888 
 ----> volume 186 0 0.540439 0.459561 
 ----> volume 187 0 0.56529 0.43471 
 ----> volume 188 0 0.543979 0.456021 
 ----> volume 189 1 0.496118 0.503882 
 ----> volume 190 0 0.550417 0.449583 
 ----> volume 191 0 0.540415 0.459585 
 ----> volume 192 1 0.511288 0.488712 
 ----> volume 193 0 0.553492 0.446508 
 ----> volume 194 0 0.568335 0.431665 
 ----> volume 195 1 0.546927 0.453073 
 ----> volume 196 1 0.552239 0.447761 
 ----> volume 197 0 0.530496 0.469504 
 ----> volume 198 1 0.549603 0.450397 
 ----> volume 199 0 0.560861 0.439139 
 ----> volume 200 0 0.556805 0.443195 
 ----> volume 201 1 0.525797 0.474203 
 ----> volume 202 1 0.495329 0.504671 
 ----> volume 203 0 0.533631 0.466369 
 ----> volume 204 1 0.538967 0.461033 
 ----> volume 205 0 0.553696 0.446304 
 ----> volume 206 1 0.503245 0.496755 
 ----> volume 207 1 0.524011 0.475989 
 ----> volume 208 0 0.577549 0.422451 
 ----> volume 209 0 0.575477 0.424523 
 ----> volume 210 1 0.535661 0.464339 
 ----> volume 211 0 0.583453 0.416547 
 ----> volume 212 1 0.517775 0.482225 
 ----> volume 213 0 0.552021 0.447979 
 ----> volume 214 0 0.519161 0.480839 
 ----> volume 215 1 0.531619 0.468381 
 ----> volume 216 0 0.600906 0.399094 
 ----> volume 217 1 0.477809 0.522191 
 ----> volume 218 1 0.548524 0.451476 
 ----> volume 219 0 0.579079 0.420921 
 ----> volume 220 1 0.511647 0.488353 
 ----> volume 221 1 0.527563 0.472437 
 ----> volume 222 1 0.504839 0.495161 
 ----> volume 223 0 0.555973 0.444027 
 ----> volume 224 0 0.582592 0.417408 
 ----> volume 225 1 0.500134 0.499866 
 ----> volume 226 0 0.539229 0.460771 
 ----> volume 227 0 0.560949 0.439051 
 ----> volume 228 0 0.56141 0.43859 
 ----> volume 229 0 0.561999 0.438001 
 ----> volume 230 1 0.50043 0.49957 
 ----> volume 231 1 0.530602 0.469398 
 ----> volume 232 0 0.501672 0.498328 
 ----> volume 233 0 0.58235 0.41765 
 ----> volume 234 1 0.535229 0.464771 
 ----> volume 235 1 0.504827 0.495173 
 ----> volume 236 1 0.544054 0.455946 
 ----> volume 237 0 0.530571 0.469429 
 ----> volume 238 1 0.54009 0.45991 
 ----> volume 239 0 0.559291 0.440709 
 ----> volume 240 1 0.5285 0.4715 
 ----> volume 241 0 0.50365 0.49635 
 ----> volume 242 1 0.507538 0.492462 
 ----> volume 243 0 0.585323 0.414677 
 ----> volume 244 1 0.537177 0.462823 
 ----> volume 245 0 0.535307 0.464693 
 ----> volume 246 1 0.522008 0.477992 
 ----> volume 247 0 0.589498 0.410502 
 ----> volume 248 0 0.567125 0.432875 
 ----> volume 249 1 0.486563 0.513437 
 ----> volume 250 1 0.571945 0.428055 
 ----> volume 251 1 0.493007 0.506993 
 ----> volume 252 0 0.567023 0.432977 
 ----> volume 253 1 0.523424 0.476576 
 ----> volume 254 0 0.53486 0.46514 
 ----> volume 255 0 0.529683 0.470317 
 ----> volume 256 0 0.570945 0.429055 
 ----> volume 257 1 0.508657 0.491343 
 ----> volume 258 0 0.554255 0.445745 
 ----> volume 259 0 0.567762 0.432238 
 ----> volume 260 1 0.478523 0.521477 
 ----> volume 261 1 0.524654 0.475346 
 ----> volume 262 1 0.507301 0.492699 
 ----> volume 263 0 0.536035 0.463965 
 ----> volume 264 1 0.510472 0.489528 
 ----> volume 265 1 0.510221 0.489779 
 ----> volume 266 0 0.547631 0.452369 
 ----> volume 267 1 0.56037 0.43963 
 ----> volume 268 0 0.542709 0.457291 
 ----> volume 269 0 0.569378 0.430622 
 ----> volume 270 0 0.504503 0.495497 
 ----> volume 271 1 0.535768 0.464232 
 ----> volume 272 0 0.535881 0.464119 
 ----> volume 273 1 0.499465 0.500535 
 ----> volume 274 0 0.526178 0.473822 
 ----> volume 275 1 0.552496 0.447504 
 ----> volume 276 0 0.550882 0.449118 
 ----> volume 277 0 0.542519 0.457481 
 ----> volume 278 0 0.541356 0.458644 
 ----> volume 279 1 0.494728 0.505272 
 ----> volume 280 0 0.50235 0.49765 
 ----> volume 281 0 0.580851 0.419149 
 ----> volume 282 1 0.513249 0.486751 
 ----> volume 283 0 0.52585 0.47415 
 ----> volume 284 0 0.528994 0.471006 
 ----> volume 285 0 0.59349 0.40651 
 ----> volume 286 1 0.540087 0.459913 
 ----> volume 287 1 0.531284 0.468716 
 ----> volume 288 1 0.520056 0.479944 
 ----> volume 289 0 0.557607 0.442393 
 ----> volume 290 0 0.538348 0.461652 
 ----> volume 291 1 0.53087 0.46913 
 ----> volume 292 0 0.553174 0.446826 
 ----> volume 293 1 0.508211 0.491789 
 ----> volume 294 1 0.49829 0.50171 
 ----> volume 295 0 0.538125 0.461875 
 ----> volume 296 1 0.492733 0.507267 
 ----> volume 297 0 0.569963 0.430037 
 ----> volume 298 1 0.534509 0.465491 
 ----> volume 299 0 0.536723 0.463277 
 ----> volume 300 0 0.533158 0.466842 
 ----> volume 301 0 0.524158 0.475842 
 ----> volume 302 1 0.542339 0.457661 
 ----> volume 303 1 0.501176 0.498824 
 ----> volume 304 0 0.534246 0.465754 
 ----> volume 305 1 0.532967 0.467033 
 ----> volume 306 0 0.579537 0.420463 
 ----> volume 307 0 0.518956 0.481044 
 ----> volume 308 1 0.535928 0.464072 
 ----> volume 309 0 0.541254 0.458746 
 ----> volume 310 1 0.520105 0.479895 
 ----> volume 311 0 0.544947 0.455053 
 ----> volume 312 1 0.532102 0.467898 
 ----> volume 313 0 0.578581 0.421419 
 ----> volume 314 0 0.551142 0.448858 
 ----> volume 315 0 0.558894 0.441106 
 ----> volume 316 1 0.517865 0.482135 
 ----> volume 317 1 0.476323 0.523677 
 ----> volume 318 0 0.561913 0.438087 
 ----> volume 319 1 0.509283 0.490717 
 ----> volume 320 1 0.516607 0.483393 
 ----> volume 321 1 0.523952 0.476048 
 ----> volume 322 0 0.511889 0.488111 
 ----> volume 323 0 0.586655 0.413345 
 ----> volume 324 1 0.5155 0.4845 
 ----> volume 325 0 0.58143 0.41857 
 ----> volume 326 0 0.53544 0.46456 
 ----> volume 327 1 0.543068 0.456932 
 ----> volume 328 0 0.554815 0.445185 
 ----> volume 329 0 0.53963 0.46037 
 ----> volume 330 1 0.529296 0.470704 
 ----> volume 331 0 0.534269 0.465731 
 ----> volume 332 0 0.569789 0.430211 
 ----> volume 333 1 0.52511 0.47489 
 ----> volume 334 1 0.509167 0.490833 
 ----> volume 335 0 0.602742 0.397258 
 ----> volume 336 1 0.542139 0.457861 
 ----> volume 337 0 0.527152 0.472848 
 ----> volume 338 1 0.527258 0.472742 
 ----> volume 339 0 0.545338 0.454662 
 ----> volume 340 1 0.534719 0.465281 
 ----> volume 341 0 0.537713 0.462287 
 ----> volume 342 1 0.535707 0.464293 
 ----> volume 343 0 0.537098 0.462902 
 ----> volume 344 0 0.554399 0.445601 
 ----> volume 345 0 0.562373 0.437627 
 ----> volume 346 1 0.526106 0.473894 
 ----> volume 347 0 0.536566 0.463434 
 ----> volume 348 0 0.557748 0.442252 
 ----> volume 349 1 0.522909 0.477091 
 ----> volume 350 1 0.49975 0.50025 
 ----> volume 351 0 0.533077 0.466923 
 ----> volume 352 0 0.598749 0.401251 
 ----> volume 353 1 0.51826 0.48174 
 ----> volume 354 0 0.5379 0.4621 
 ----> volume 355 1 0.513554 0.486446 
 ----> volume 356 1 0.504297 0.495703 
 ----> volume 357 1 0.540885 0.459115 
 ----> volume 358 0 0.54818 0.45182 
 ----> volume 359 0 0.554129 0.445871 
 ----> volume 360 1 0.566187 0.433813 
 ----> volume 361 1 0.502837 0.497163 
 ----> volume 362 0 0.554479 0.445521 
 ----> volume 363 0 0.550138 0.449862 
 ----> volume 364 0 0.5532 0.4468 
 ----> volume 365 0 0.536092 0.463908 
 ----> volume 366 1 0.558786 0.441214 
 ----> volume 367 0 0.574482 0.425518 
 ----> volume 368 0 0.554054 0.445946 
 ----> volume 369 0 0.523299 0.476701 
 ----> volume 370 1 0.536018 0.463982 
 ----> volume 371 0 0.52848 0.47152 
 ----> volume 372 1 0.562672 0.437328 
 ----> volume 373 0 0.533745 0.466255 
 ----> volume 374 0 0.551541 0.448459 
 ----> volume 375 1 0.495121 0.504879 
 ----> volume 376 0 0.521741 0.478259 
 ----> volume 377 1 0.59857 0.40143 
 ----> volume 378 1 0.548184 0.451816 
 ----> volume 379 0 0.551855 0.448145 
 ----> volume 380 0 0.562218 0.437782 
 ----> volume 381 1 0.504398 0.495602 
 ----> volume 382 1 0.573853 0.426147 
 ----> volume 383 1 0.531059 0.468941 
 ----> volume 384 0 0.531879 0.468121 
 ----> volume 385 1 0.518829 0.481171 
 ----> volume 386 0 0.5446 0.4554 
 ----> volume 387 1 0.537905 0.462095 
 ----> volume 388 1 0.557092 0.442908 
 ----> volume 389 0 0.551283 0.448717 
 ----> volume 390 0 0.523556 0.476444 
 ----> volume 391 0 0.579605 0.420395 
 ----> volume 392 1 0.528307 0.471693 
 ----> volume 393 1 0.520222 0.479778 
 ----> volume 394 1 0.532082 0.467918 
 ----> volume 395 0 0.559149 0.440851 
 ----> volume 396 0 0.562698 0.437302 
 ----> volume 397 0 0.540017 0.459983 
 ----> volume 398 1 0.535527 0.464473 
 ----> volume 399 1 0.504197 0.495803 
 ----> volume 400 1 0.57139 0.42861 
 ----> volume 401 0 0.582343 0.417657 
 ----> volume 402 0 0.539564 0.460436 
 ----> volume 403 0 0.554966 0.445034 
 ----> volume 404 1 0.507765 0.492235 
 ----> volume 405 1 0.535167 0.464833 
 ----> volume 406 1 0.47583 0.52417 
 ----> volume 407 1 0.502456 0.497544 
 ----> volume 408 0 0.533832 0.466168 
 ----> volume 409 0 0.55894 0.44106 
 ----> volume 410 0 0.548582 0.451418 
 ----> volume 411 0 0.535227 0.464773 
 ----> volume 412 1 0.495819 0.504181 
 ----> volume 413 1 0.533952 0.466048 
 ----> volume 414 0 0.571341 0.428659 
 ----> volume 415 1 0.506816 0.493184 
 ----> volume 416 0 0.581818 0.418182 
 ----> volume 417 0 0.548682 0.451318 
 ----> volume 418 1 0.494797 0.505203 
 ----> volume 419 1 0.549736 0.450264 
 ----> volume 420 1 0.527308 0.472692 
 ----> volume 421 0 0.529191 0.470809 
 ----> volume 422 0 0.554191 0.445809 
 ----> volume 423 1 0.547548 0.452452 
 ----> volume 424 0 0.51993 0.48007 
 ----> volume 425 0 0.551822 0.448178 
 ----> volume 426 1 0.530918 0.469082 
 ----> volume 427 0 0.558528 0.441472 
 ----> volume 428 0 0.541281 0.458719 
 ----> volume 429 0 0.563019 0.436981 
 ----> volume 430 0 0.541907 0.458093 
 ----> volume 431 1 0.496196 0.503804 
 ----> volume 432 1 0.502781 0.497219 
 ----> volume 433 1 0.56686 0.43314 
 ----> volume 434 0 0.535396 0.464604 
 ----> volume 435 1 0.494295 0.505705 
 ----> volume 436 0 0.544239 0.455761 
 ----> volume 437 0 0.518312 0.481688 
 ----> volume 438 0 0.556575 0.443425 
 ----> volume 439 0 0.557432 0.442568 
 ----> volume 440 1 0.513514 0.486486 
 ----> volume 441 0 0.541745 0.458255 
 ----> volume 442 1 0.526983 0.473017 
 ----> volume 443 1 0.559747 0.440253 
 ----> volume 444 0 0.514079 0.485921 
 ----> volume 445 1 0.557927 0.442073 
 ----> volume 446 0 0.538271 0.461729 
 ----> volume 447 0 0.557188 0.442812 
 ----> volume 448 1 0.516947 0.483053 
 ----> volume 449 1 0.522635 0.477365 
 ----> volume 450 0 0.558472 0.441528 
 ----> volume 451 0 0.563925 0.436075 
 ----> volume 452 1 0.500013 0.499987 
 ----> volume 453 0 0.585402 0.414598 
 ----> volume 454 1 0.491614 0.508386 
 ----> volume 455 0 0.547078 0.452922 
 ----> volume 456 0 0.563513 0.436487 
 ----> volume 457 0 0.538778 0.461222 
 ----> volume 458 1 0.537906 0.462094 
 ----> volume 459 0 0.57674 0.42326 
 ----> volume 460 1 0.545246 0.454754 
 ----> volume 461 1 0.539191 0.460809 
 ----> volume 462 0 0.543383 0.456617 
 ----> volume 463 1 0.520999 0.479001 
 ----> volume 464 0 0.520731 0.479269 
 ----> volume 465 1 0.548805 0.451195 
 ----> volume 466 0 0.530833 0.469167 
 ----> volume 467 1 0.52904 0.47096 
 ----> volume 468 0 0.530474 0.469526 
 ----> volume 469 1 0.541117 0.458883 
 ----> volume 470 0 0.569819 0.430181 
 ----> volume 471 1 0.505649 0.494351 
 ----> volume 472 0 0.562655 0.437345 
 ----> volume 473 1 0.4892 0.5108 
 ----> volume 474 0 0.580093 0.419907 
 ----> volume 475 0 0.552998 0.447002 
 ----> volume 476 1 0.552389 0.447611 
 ----> volume 477 1 0.532098 0.467902 
 ----> volume 478 1 0.512806 0.487194 
 ----> volume 479 0 0.551798 0.448202 
 ----> volume 480 0 0.56353 0.43647 
 ----> volume 481 1 0.517491 0.482509 
 ----> volume 482 0 0.528137 0.471863 
 ----> volume 483 0 0.544741 0.455259 
 ----> volume 484 1 0.528262 0.471738 
 ----> volume 485 0 0.550429 0.449571 
 ----> volume 486 0 0.539556 0.460444 
 ----> volume 487 1 0.498971 0.501029 
 ----> volume 488 0 0.540552 0.459448 
 ----> volume 489 1 0.48193 0.51807 
 ----> volume 490 0 0.549299 0.450701 
 ----> volume 491 1 0.512815 0.487185 
 ----> volume 492 0 0.5531 0.4469 
 ----> volume 493 0 0.577188 0.422812 
 ----> volume 494 1 0.535112 0.464888 
 ----> volume 495 0 0.55966 0.44034 
 ----> volume 496 1 0.49711 0.50289 
 ----> volume 497 0 0.579304 0.420696 
 ----> volume 498 1 0.558611 0.441389 
 ----> volume 499 0 0.531013 0.468987 
 ----> volume 500 1 0.543643 0.456357 
 ----> volume 501 0 0.525687 0.474313 
 ----> volume 502 1 0.564179 0.435821 
 ----> volume 503 1 0.559976 0.440024 
 ----> volume 504 1 0.534093 0.465907 
 ----> volume 505 0 0.564262 0.435738 
 ----> volume 506 0 0.528801 0.471199 
 ----> volume 507 1 0.55139 0.44861 
 ----> volume 508 1 0.525133 0.474867 
 ----> volume 509 1 0.53743 0.46257 
 ----> volume 510 0 0.54234 0.45766 
 ----> volume 511 0 0.543619 0.456381 
 ----> volume 512 0 0.542413 0.457587 
 ----> volume 513 1 0.507115 0.492885 
 ----> volume 514 1 0.517989 0.482011 
 ----> volume 515 0 0.547364 0.452636 
 ----> volume 516 0 0.568153 0.431847 
 ----> volume 517 1 0.520309 0.479691 
 ----> volume 518 1 0.499919 0.500081 
 ----> volume 519 0 0.549989 0.450011 
 ----> volume 520 1 0.537774 0.462226 
 ----> volume 521 1 0.525928 0.474072 
 ----> volume 522 0 0.550187 0.449813 
 ----> volume 523 1 0.535247 0.464753 
 ----> volume 524 0 0.580128 0.419872 
 ----> volume 525 0 0.503326 0.496674 
 ----> volume 526 0 0.551797 0.448203 
 ----> volume 527 1 0.526918 0.473082 
 ----> volume 528 0 0.544054 0.455946 
 ----> volume 529 1 0.522932 0.477068 
 ----> volume 530 0 0.560251 0.439749 
 ----> volume 531 1 0.500177 0.499823 
 ----> volume 532 0 0.589755 0.410245 
 ----> volume 533 1 0.502923 0.497077 
 ----> volume 534 0 0.565612 0.434388 
 ----> volume 535 0 0.539695 0.460305 
 ----> volume 536 1 0.535664 0.464336 
 ----> volume 537 1 0.506069 0.493931 
 ----> volume 538 0 0.559475 0.440525 
 ----> volume 539 1 0.51646 0.48354 
 ----> volume 540 1 0.496419 0.503581 
 ----> volume 541 0 0.574987 0.425013 
 ----> volume 542 0 0.516902 0.483098 
 ----> volume 543 1 0.546124 0.453876 
 ----> volume 544 1 0.552109 0.447891 
 ----> volume 545 0 0.552756 0.447244 
 ----> volume 546 0 0.516511 0.483489 
 ----> volume 547 1 0.543419 0.456581 
 ----> volume 548 1 0.486169 0.513831 
 ----> volume 549 0 0.589812 0.410188 
 ----> volume 550 0 0.552944 0.447056 
 ----> volume 551 1 0.513205 0.486795 
 ----> volume 552 0 0.569889 0.430111 
 ----> volume 553 1 0.530218 0.469782 
 ----> volume 554 0 0.557672 0.442328 
 ----> volume 555 0 0.535267 0.464733 
 ----> volume 556 0 0.535447 0.464553 
 ----> volume 557 1 0.542077 0.457923 
 ----> volume 558 1 0.527775 0.472225 
 ----> volume 559 1 0.530847 0.469153 
 ----> volume 560 0 0.53032 0.46968 
 ----> volume 561 0 0.552194 0.447806 
 ----> volume 562 1 0.526748 0.473252 
 ----> volume 563 0 0.574865 0.425135 
 ----> volume 564 0 0.574067 0.425933 
 ----> volume 565 1 0.538908 0.461092 
 ----> volume 566 0 0.531993 0.468007 
 ----> volume 567 0 0.553419 0.446581 
 ----> volume 568 0 0.535713 0.464287 
 ----> volume 569 0 0.582872 0.417128 
 ----> volume 570 1 0.525183 0.474817 
 ----> volume 571 1 0.472074 0.527926 
 ----> volume 572 0 0.590619 0.409381 
 ----> volume 573 0 0.545726 0.454274 
 ----> volume 574 0 0.526873 0.473127 
 ----> volume 575 1 0.543638 0.456362 
 ----> volume 576 1 0.532282 0.467718 
 ----> volume 577 0 0.52863 0.47137 
 ----> volume 578 0 0.535675 0.464325 
 ----> volume 579 0 0.543886 0.456114 
 ----> volume 580 1 0.552583 0.447417 
 ----> volume 581 0 0.547288 0.452712 
 ----> volume 582 0 0.57179 0.42821 
 ----> volume 583 1 0.508153 0.491847 
 ----> volume 584 1 0.52968 0.47032 
 ----> volume 585 0 0.545416 0.454584 
 ----> volume 586 0 0.554715 0.445285 
 ----> volume 587 1 0.486482 0.513518 
 ----> volume 588 1 0.550254 0.449746 
 ----> volume 589 1 0.541909 0.458091 
 ----> volume 590 0 0.55384 0.44616 
 ----> volume 591 1 0.549735 0.450265 
 ----> volume 592 1 0.543006 0.456994 
 ----> volume 593 0 0.545307 0.454693 
 ----> volume 594 0 0.548526 0.451474 
 ----> volume 595 1 0.54762 0.45238 
 ----> volume 596 1 0.509961 0.490039 
 ----> volume 597 0 0.539255 0.460745 
 ----> volume 598 1 0.536106 0.463894 
 ----> volume 599 1 0.553159 0.446841 
 ----> volume 600 0 0.526529 0.473471 
 ----> volume 601 1 0.553149 0.446851 
 ----> volume 602 1 0.51026 0.48974 
 ----> volume 603 0 0.555496 0.444504 
 ----> volume 604 0 0.530151 0.469849 
 ----> volume 605 0 0.591104 0.408896 
 ----> volume 606 1 0.540468 0.459532 
 ----> volume 607 1 0.542026 0.457974 
 ----> volume 608 0 0.522948 0.477052 
 ----> volume 609 0 0.567026 0.432974 
 ----> volume 610 0 0.514501 0.485499 
 ----> volume 611 1 0.464642 0.535358 
 ----> volume 612 0 0.500663 0.499337 
 ----> volume 613 1 0.534467 0.465533 
 ----> volume 614 0 0.597 0.403 
 ----> volume 615 1 0.516715 0.483285 
 ----> volume 616 0 0.566032 0.433968 
 ----> volume 617 1 0.494275 0.505725 
 ----> volume 618 1 0.524795 0.475205 
 ----> volume 619 1 0.515335 0.484665 
 ----> volume 620 1 0.542355 0.457645 
 ----> volume 621 0 0.551959 0.448041 
 ----> volume 622 0 0.57485 0.42515 
 ----> volume 623 0 0.537615 0.462385 
 ----> volume 624 0 0.524674 0.475326 
 ----> volume 625 0 0.521883 0.478117 
 ----> volume 626 0 0.499316 0.500684 
 ----> volume 627 0 0.563921 0.436079 
 ----> volume 628 1 0.533993 0.466007 
 ----> volume 629 1 0.526668 0.473332 
 ----> volume 630 0 0.552273 0.447727 
 ----> volume 631 1 0.513488 0.486512 
 ----> volume 632 1 0.522931 0.477069 
 ----> volume 633 0 0.55434 0.44566 
 ----> volume 634 1 0.52045 0.47955 
 ----> volume 635 0 0.559764 0.440236 
 ----> volume 636 1 0.504789 0.495211 
 ----> volume 637 0 0.551116 0.448884 
 ----> volume 638 0 0.56102 0.43898 
 ----> volume 639 1 0.490169 0.509831 
 ----> volume 640 1 0.552159 0.447841 
 ----> volume 641 0 0.513249 0.486751 
 ----> volume 642 0 0.561092 0.438908 
 ----> volume 643 0 0.550515 0.449485 
 ----> volume 644 0 0.533456 0.466544 
 ----> volume 645 0 0.569847 0.430153 
 ----> volume 646 0 0.547837 0.452163 
 ----> volume 647 1 0.502107 0.497893 
 ----> volume 648 0 0.574246 0.425754 
 ----> volume 649 1 0.546326 0.453674 
 ----> volume 650 1 0.466741 0.533259 
 ----> volume 651 1 0.51272 0.48728 
 ----> volume 652 0 0.559767 0.440233 
 ----> volume 653 1 0.530218 0.469782 
 ----> volume 654 1 0.547394 0.452606 
 ----> volume 655 0 0.546708 0.453292 
 ----> volume 656 0 0.547206 0.452794 
 ----> volume 657 0 0.549022 0.450978 
 ----> volume 658 1 0.522582 0.477418 
 ----> volume 659 1 0.514427 0.485573 
 ----> volume 660 0 0.574448 0.425552 
 ----> volume 661 0 0.520735 0.479265 
 ----> volume 662 1 0.493629 0.506371 
 ----> volume 663 0 0.532449 0.467551 
 ----> volume 664 1 0.550121 0.449879 
 ----> volume 665 1 0.522474 0.477526 
 ----> volume 666 0 0.575671 0.424329 
 ----> volume 667 0 0.56661 0.43339 
 ----> volume 668 1 0.519216 0.480784 
 ----> volume 669 0 0.565884 0.434116 
 ----> volume 670 0 0.506455 0.493545 
 ----> volume 671 1 0.526801 0.473199 
 ----> volume 672 0 0.558373 0.441627 
 ----> volume 673 1 0.509723 0.490277 
 ----> volume 674 1 0.519539 0.480461 
 ----> volume 675 1 0.533539 0.466461 
 ----> volume 676 0 0.537283 0.462717 
 ----> volume 677 0 0.566004 0.433996 
 ----> volume 678 1 0.520064 0.479936 
 ----> volume 679 0 0.550443 0.449557 
 ----> volume 680 1 0.565639 0.434361 
 ----> volume 681 0 0.521527 0.478473 
 ----> volume 682 0 0.57338 0.42662 
 ----> volume 683 1 0.522387 0.477613 
 ----> volume 684 0 0.545462 0.454538 
 ----> volume 685 1 0.519507 0.480493 
 ----> volume 686 0 0.536367 0.463633 
 ----> volume 687 0 0.520137 0.479863 
 ----> volume 688 1 0.507932 0.492068 
 ----> volume 689 0 0.525992 0.474008 
 ----> volume 690 0 0.564782 0.435218 
 ----> volume 691 1 0.512846 0.487154 
 ----> volume 692 0 0.56892 0.43108 
 ----> volume 693 1 0.548977 0.451023 
 ----> volume 694 1 0.528357 0.471643 
 ----> volume 695 1 0.529981 0.470019 
 ----> volume 696 0 0.506865 0.493135 
 ----> volume 697 0 0.548574 0.451426 
 ----> volume 698 0 0.557994 0.442006 
 ----> volume 699 1 0.519398 0.480602 
 ----> volume 700 1 0.558717 0.441283 
 ----> volume 701 0 0.564803 0.435197 
 ----> volume 702 0 0.574836 0.425164 
 ----> volume 703 1 0.539566 0.460434 
 ----> volume 704 1 0.531164 0.468836 
 ----> volume 705 0 0.536389 0.463611 
 ----> volume 706 1 0.539731 0.460269 
 ----> volume 707 1 0.516528 0.483472 
 ----> volume 708 1 0.514996 0.485004 
 ----> volume 709 1 0.505828 0.494172 
 ----> volume 710 0 0.554017 0.445983 
 ----> volume 711 0 0.541983 0.458017 
 ----> volume 712 1 0.54391 0.45609 
 ----> volume 713 0 0.542319 0.457681 
 ----> volume 714 1 0.503325 0.496675 
 ----> volume 715 0 0.54843 0.45157 
 ----> volume 716 1 0.55938 0.44062 
 ----> volume 717 0 0.51742 0.48258 
 ----> volume 718 1 0.550874 0.449126 
