 ----> volume 1 1 0.52658 0.47342 
 ----> volume 2 0 0.574348 0.425652 
 ----> volume 3 1 0.491477 0.508523 
 ----> volume 4 0 0.577866 0.422134 
 ----> volume 5 0 0.491477 0.508523 
 ----> volume 6 1 0.57333 0.42667 
 ----> volume 7 0 0.531419 0.468581 
 ----> volume 8 0 0.520492 0.479508 
 ----> volume 9 1 0.526307 0.473693 
 ----> volume 10 1 0.539098 0.460902 
 ----> volume 11 0 0.559064 0.440936 
 ----> volume 12 0 0.552919 0.447081 
 ----> volume 13 0 0.570968 0.429032 
 ----> volume 14 1 0.501226 0.498774 
 ----> volume 15 0 0.562175 0.437825 
 ----> volume 16 1 0.566803 0.433197 
 ----> volume 17 1 0.516784 0.483216 
 ----> volume 18 0 0.530545 0.469455 
 ----> volume 19 1 0.584004 0.415996 
 ----> volume 20 0 0.51492 0.48508 
 ----> volume 21 0 0.524348 0.475652 
 ----> volume 22 1 0.510581 0.489419 
 ----> volume 23 0 0.518158 0.481842 
 ----> volume 24 0 0.55896 0.44104 
 ----> volume 25 1 0.531043 0.468957 
 ----> volume 26 0 0.558104 0.441896 
 ----> volume 27 1 0.468579 0.531421 
 ----> volume 28 1 0.587733 0.412267 
 ----> volume 29 0 0.561327 0.438673 
 ----> volume 30 0 0.560225 0.439775 
 ----> volume 31 0 0.517179 0.482821 
 ----> volume 32 0 0.578557 0.421443 
 ----> volume 33 1 0.486296 0.513704 
 ----> volume 34 0 0.543948 0.456052 
 ----> volume 35 1 0.561907 0.438093 
 ----> volume 36 0 0.559284 0.440716 
 ----> volume 37 0 0.537298 0.462702 
 ----> volume 38 1 0.517157 0.482843 
 ----> volume 39 1 0.539737 0.460263 
 ----> volume 40 1 0.547714 0.452286 
 ----> volume 41 0 0.539673 0.460327 
 ----> volume 42 0 0.525394 0.474606 
 ----> volume 43 0 0.531375 0.468625 
 ----> volume 44 0 0.572167 0.427833 
 ----> volume 45 1 0.529455 0.470545 
 ----> volume 46 1 0.5198 0.4802 
 ----> volume 47 0 0.572361 0.427639 
 ----> volume 48 0 0.562482 0.437518 
 ----> volume 49 1 0.501683 0.498317 
 ----> volume 50 1 0.569895 0.430105 
 ----> volume 51 1 0.48052 0.51948 
 ----> volume 52 0 0.537209 0.462791 
 ----> volume 53 1 0.539323 0.460677 
 ----> volume 54 1 0.522889 0.477111 
 ----> volume 55 0 0.564631 0.435369 
 ----> volume 56 0 0.545286 0.454714 
 ----> volume 57 1 0.514932 0.485068 
 ----> volume 58 0 0.567245 0.432755 
 ----> volume 59 1 0.525335 0.474665 
 ----> volume 60 1 0.508215 0.491785 
 ----> volume 61 0 0.535547 0.464453 
 ----> volume 62 1 0.542196 0.457804 
 ----> volume 63 0 0.559463 0.440537 
 ----> volume 64 1 0.508536 0.491464 
 ----> volume 65 0 0.573862 0.426138 
 ----> volume 66 1 0.529635 0.470365 
 ----> volume 67 0 0.528884 0.471116 
 ----> volume 68 0 0.532941 0.467059 
 ----> volume 69 1 0.554424 0.445576 
 ----> volume 70 1 0.528239 0.471761 
 ----> volume 71 0 0.556414 0.443586 
 ----> volume 72 0 0.561368 0.438632 
 ----> volume 73 1 0.564263 0.435737 
 ----> volume 74 1 0.494929 0.505071 
 ----> volume 75 1 0.544651 0.455349 
 ----> volume 76 0 0.564529 0.435471 
 ----> volume 77 0 0.539833 0.460167 
 ----> volume 78 1 0.513446 0.486554 
 ----> volume 79 0 0.570458 0.429542 
 ----> volume 80 1 0.511459 0.488541 
 ----> volume 81 1 0.530526 0.469474 
 ----> volume 82 1 0.53607 0.46393 
 ----> volume 83 0 0.541356 0.458644 
 ----> volume 84 1 0.51174 0.48826 
 ----> volume 85 0 0.548379 0.451621 
 ----> volume 86 0 0.528716 0.471284 
 ----> volume 87 0 0.562449 0.437551 
 ----> volume 88 0 0.569173 0.430827 
 ----> volume 89 0 0.574239 0.425761 
 ----> volume 90 1 0.498325 0.501675 
 ----> volume 91 0 0.563981 0.436019 
 ----> volume 92 1 0.527088 0.472912 
 ----> volume 93 0 0.559031 0.440969 
 ----> volume 94 1 0.573553 0.426447 
 ----> volume 95 0 0.528142 0.471858 
 ----> volume 96 1 0.510853 0.489147 
 ----> volume 97 0 0.557738 0.442262 
 ----> volume 98 0 0.534994 0.465006 
 ----> volume 99 1 0.534179 0.465821 
 ----> volume 100 0 0.552632 0.447368 
 ----> volume 101 1 0.537123 0.462877 
 ----> volume 102 1 0.486511 0.513489 
 ----> volume 103 0 0.535967 0.464033 
 ----> volume 104 0 0.596446 0.403554 
 ----> volume 105 0 0.518935 0.481065 
 ----> volume 106 0 0.503948 0.496052 
 ----> volume 107 0 0.552146 0.447854 
 ----> volume 108 1 0.54344 0.45656 
 ----> volume 109 0 0.530964 0.469036 
 ----> volume 110 0 0.589359 0.410641 
 ----> volume 111 1 0.523988 0.476012 
 ----> volume 112 0 0.563196 0.436804 
 ----> volume 113 1 0.488891 0.511109 
 ----> volume 114 0 0.530769 0.469231 
 ----> volume 115 0 0.517434 0.482566 
 ----> volume 116 1 0.49357 0.50643 
 ----> volume 117 1 0.498319 0.501681 
 ----> volume 118 1 0.512797 0.487203 
 ----> volume 119 0 0.537479 0.462521 
 ----> volume 120 0 0.584533 0.415467 
 ----> volume 121 0 0.584079 0.415921 
 ----> volume 122 0 0.538437 0.461563 
 ----> volume 123 1 0.520437 0.479563 
 ----> volume 124 1 0.526508 0.473492 
 ----> volume 125 0 0.551882 0.448118 
 ----> volume 126 1 0.550076 0.449924 
 ----> volume 127 0 0.566571 0.433429 
 ----> volume 128 1 0.538957 0.461043 
 ----> volume 129 0 0.548388 0.451612 
 ----> volume 130 0 0.566625 0.433375 
 ----> volume 131 0 0.559796 0.440204 
 ----> volume 132 1 0.52658 0.47342 
 ----> volume 133 0 0.546169 0.453831 
 ----> volume 134 1 0.507507 0.492493 
 ----> volume 135 1 0.530934 0.469066 
 ----> volume 136 0 0.547285 0.452715 
 ----> volume 137 0 0.530895 0.469105 
 ----> volume 138 0 0.544999 0.455001 
 ----> volume 139 0 0.589554 0.410446 
 ----> volume 140 0 0.50972 0.49028 
 ----> volume 141 1 0.570129 0.429871 
 ----> volume 142 0 0.537569 0.462431 
 ----> volume 143 1 0.546511 0.453489 
 ----> volume 144 0 0.568839 0.431161 
 ----> volume 145 0 0.532604 0.467396 
 ----> volume 146 1 0.548195 0.451805 
 ----> volume 147 0 0.54539 0.45461 
 ----> volume 148 1 0.519874 0.480126 
 ----> volume 149 1 0.529417 0.470583 
 ----> volume 150 0 0.582974 0.417026 
 ----> volume 151 0 0.520721 0.479279 
 ----> volume 152 0 0.556719 0.443281 
 ----> volume 153 0 0.55159 0.44841 
 ----> volume 154 1 0.538033 0.461967 
 ----> volume 155 0 0.572311 0.427689 
 ----> volume 156 1 0.523427 0.476573 
 ----> volume 157 1 0.517566 0.482434 
 ----> volume 158 0 0.551595 0.448405 
 ----> volume 159 0 0.532357 0.467643 
 ----> volume 160 0 0.594185 0.405815 
 ----> volume 161 0 0.52695 0.47305 
 ----> volume 162 0 0.562073 0.437927 
 ----> volume 163 1 0.510725 0.489275 
 ----> volume 164 0 0.591718 0.408282 
 ----> volume 165 1 0.470083 0.529917 
 ----> volume 166 0 0.55547 0.44453 
 ----> volume 167 1 0.481538 0.518462 
 ----> volume 168 0 0.567002 0.432998 
 ----> volume 169 1 0.55459 0.44541 
 ----> volume 170 1 0.541679 0.458321 
 ----> volume 171 1 0.522704 0.477296 
 ----> volume 172 0 0.569557 0.430443 
 ----> volume 173 1 0.475744 0.524256 
 ----> volume 174 0 0.567217 0.432783 
 ----> volume 175 1 0.473796 0.526204 
 ----> volume 176 0 0.540234 0.459766 
 ----> volume 177 0 0.529742 0.470258 
 ----> volume 178 0 0.59849 0.40151 
 ----> volume 179 1 0.542225 0.457775 
 ----> volume 180 1 0.54064 0.45936 
 ----> volume 181 1 0.549025 0.450975 
 ----> volume 182 1 0.522229 0.477771 
 ----> volume 183 0 0.610265 0.389735 
 ----> volume 184 1 0.457344 0.542656 
 ----> volume 185 0 0.581756 0.418244 
 ----> volume 186 0 0.509432 0.490568 
 ----> volume 187 0 0.556772 0.443228 
 ----> volume 188 0 0.563369 0.436631 
 ----> volume 189 1 0.538619 0.461381 
 ----> volume 190 0 0.545138 0.454862 
 ----> volume 191 0 0.544019 0.455981 
 ----> volume 192 1 0.50348 0.49652 
 ----> volume 193 0 0.554661 0.445339 
 ----> volume 194 0 0.606927 0.393073 
 ----> volume 195 1 0.501976 0.498024 
 ----> volume 196 1 0.527372 0.472628 
 ----> volume 197 0 0.560838 0.439162 
 ----> volume 198 1 0.506706 0.493294 
 ----> volume 199 0 0.544998 0.455002 
 ----> volume 200 0 0.537083 0.462917 
 ----> volume 201 1 0.524649 0.475351 
 ----> volume 202 1 0.544524 0.455476 
 ----> volume 203 0 0.531142 0.468858 
 ----> volume 204 1 0.515492 0.484508 
 ----> volume 205 0 0.577152 0.422848 
 ----> volume 206 1 0.500514 0.499486 
 ----> volume 207 1 0.556394 0.443606 
 ----> volume 208 0 0.535936 0.464064 
 ----> volume 209 0 0.550625 0.449375 
 ----> volume 210 1 0.474804 0.525196 
 ----> volume 211 0 0.564574 0.435426 
 ----> volume 212 1 0.511588 0.488412 
 ----> volume 213 0 0.549095 0.450905 
 ----> volume 214 0 0.534697 0.465303 
 ----> volume 215 1 0.540035 0.459965 
 ----> volume 216 0 0.510883 0.489117 
 ----> volume 217 1 0.520676 0.479324 
 ----> volume 218 1 0.52044 0.47956 
 ----> volume 219 0 0.539984 0.460016 
 ----> volume 220 1 0.54553 0.45447 
 ----> volume 221 1 0.452638 0.547362 
 ----> volume 222 1 0.56674 0.43326 
 ----> volume 223 0 0.528923 0.471077 
 ----> volume 224 0 0.591334 0.408666 
 ----> volume 225 1 0.508296 0.491704 
 ----> volume 226 0 0.580209 0.419791 
 ----> volume 227 0 0.538875 0.461125 
 ----> volume 228 0 0.568358 0.431642 
 ----> volume 229 0 0.57486 0.42514 
 ----> volume 230 1 0.555214 0.444786 
 ----> volume 231 1 0.538709 0.461291 
 ----> volume 232 0 0.558832 0.441168 
 ----> volume 233 0 0.513026 0.486974 
 ----> volume 234 1 0.544666 0.455334 
 ----> volume 235 1 0.53248 0.46752 
 ----> volume 236 1 0.566544 0.433456 
 ----> volume 237 0 0.53704 0.46296 
 ----> volume 238 1 0.520532 0.479468 
 ----> volume 239 0 0.575564 0.424436 
 ----> volume 240 1 0.515212 0.484788 
 ----> volume 241 0 0.566056 0.433944 
 ----> volume 242 1 0.512479 0.487521 
 ----> volume 243 0 0.559228 0.440772 
 ----> volume 244 1 0.520155 0.479845 
 ----> volume 245 0 0.5811 0.4189 
 ----> volume 246 1 0.520839 0.479161 
 ----> volume 247 0 0.521912 0.478088 
 ----> volume 248 0 0.540281 0.459719 
 ----> volume 249 1 0.506356 0.493644 
 ----> volume 250 1 0.557093 0.442907 
 ----> volume 251 1 0.508394 0.491606 
 ----> volume 252 0 0.611586 0.388414 
 ----> volume 253 1 0.523988 0.476012 
 ----> volume 254 0 0.51783 0.48217 
 ----> volume 255 0 0.543522 0.456478 
 ----> volume 256 0 0.534744 0.465256 
 ----> volume 257 1 0.516906 0.483094 
 ----> volume 258 0 0.570388 0.429612 
 ----> volume 259 0 0.542257 0.457743 
 ----> volume 260 1 0.535748 0.464252 
 ----> volume 261 1 0.482116 0.517884 
 ----> volume 262 1 0.53528 0.46472 
 ----> volume 263 0 0.532383 0.467617 
 ----> volume 264 1 0.51296 0.48704 
 ----> volume 265 1 0.528241 0.471759 
 ----> volume 266 0 0.553686 0.446314 
 ----> volume 267 1 0.518027 0.481973 
 ----> volume 268 0 0.564326 0.435674 
 ----> volume 269 0 0.580347 0.419653 
 ----> volume 270 0 0.565886 0.434114 
 ----> volume 271 1 0.468076 0.531924 
 ----> volume 272 0 0.52613 0.47387 
 ----> volume 273 1 0.503024 0.496976 
 ----> volume 274 0 0.532561 0.467439 
 ----> volume 275 1 0.520414 0.479586 
 ----> volume 276 0 0.570684 0.429316 
 ----> volume 277 0 0.572695 0.427305 
 ----> volume 278 0 0.519004 0.480996 
 ----> volume 279 1 0.509454 0.490546 
 ----> volume 280 0 0.548449 0.451551 
 ----> volume 281 0 0.556767 0.443233 
 ----> volume 282 1 0.564082 0.435918 
 ----> volume 283 0 0.560596 0.439404 
 ----> volume 284 0 0.532367 0.467633 
 ----> volume 285 0 0.565673 0.434327 
 ----> volume 286 1 0.525991 0.474009 
 ----> volume 287 1 0.539538 0.460462 
 ----> volume 288 1 0.536314 0.463686 
 ----> volume 289 0 0.563072 0.436928 
 ----> volume 290 0 0.571113 0.428887 
 ----> volume 291 1 0.519749 0.480251 
 ----> volume 292 0 0.57997 0.42003 
 ----> volume 293 1 0.526556 0.473444 
 ----> volume 294 1 0.512991 0.487009 
 ----> volume 295 0 0.596887 0.403113 
 ----> volume 296 1 0.538786 0.461214 
 ----> volume 297 0 0.561445 0.438555 
 ----> volume 298 1 0.507929 0.492071 
 ----> volume 299 0 0.575946 0.424054 
 ----> volume 300 0 0.500205 0.499795 
 ----> volume 301 0 0.562711 0.437289 
 ----> volume 302 1 0.531217 0.468783 
 ----> volume 303 1 0.56105 0.43895 
 ----> volume 304 0 0.515428 0.484572 
 ----> volume 305 1 0.52673 0.47327 
 ----> volume 306 0 0.562652 0.437348 
 ----> volume 307 0 0.548321 0.451679 
 ----> volume 308 1 0.534754 0.465246 
 ----> volume 309 0 0.562527 0.437473 
 ----> volume 310 1 0.499018 0.500982 
 ----> volume 311 0 0.567243 0.432757 
 ----> volume 312 1 0.545423 0.454577 
 ----> volume 313 0 0.542228 0.457772 
 ----> volume 314 0 0.555644 0.444356 
 ----> volume 315 0 0.534424 0.465576 
 ----> volume 316 1 0.54938 0.45062 
 ----> volume 317 1 0.54156 0.45844 
 ----> volume 318 0 0.54798 0.45202 
 ----> volume 319 1 0.529706 0.470294 
 ----> volume 320 1 0.554113 0.445887 
 ----> volume 321 1 0.525941 0.474059 
 ----> volume 322 0 0.541885 0.458115 
 ----> volume 323 0 0.535947 0.464053 
 ----> volume 324 1 0.551883 0.448117 
 ----> volume 325 0 0.532622 0.467378 
 ----> volume 326 0 0.57289 0.42711 
 ----> volume 327 1 0.475628 0.524372 
 ----> volume 328 0 0.590838 0.409162 
 ----> volume 329 0 0.590527 0.409473 
 ----> volume 330 1 0.485649 0.514351 
 ----> volume 331 0 0.560473 0.439527 
 ----> volume 332 0 0.579963 0.420037 
 ----> volume 333 1 0.499628 0.500372 
 ----> volume 334 1 0.536773 0.463227 
 ----> volume 335 0 0.547209 0.452791 
 ----> volume 336 1 0.545956 0.454044 
 ----> volume 337 0 0.526012 0.473988 
 ----> volume 338 1 0.505255 0.494745 
 ----> volume 339 0 0.543719 0.456281 
 ----> volume 340 1 0.526457 0.473543 
 ----> volume 341 0 0.554901 0.445099 
 ----> volume 342 1 0.5193 0.4807 
 ----> volume 343 0 0.553336 0.446664 
 ----> volume 344 0 0.505372 0.494628 
 ----> volume 345 0 0.516231 0.483769 
 ----> volume 346 1 0.534166 0.465834 
 ----> volume 347 0 0.533015 0.466985 
 ----> volume 348 0 0.571857 0.428143 
 ----> volume 349 1 0.524814 0.475186 
 ----> volume 350 1 0.545246 0.454754 
 ----> volume 351 0 0.520404 0.479596 
 ----> volume 352 0 0.514933 0.485067 
 ----> volume 353 1 0.477957 0.522043 
 ----> volume 354 0 0.544123 0.455877 
 ----> volume 355 1 0.5691 0.4309 
 ----> volume 356 1 0.505135 0.494865 
 ----> volume 357 1 0.534154 0.465846 
 ----> volume 358 0 0.559474 0.440526 
 ----> volume 359 0 0.558578 0.441422 
 ----> volume 360 1 0.543676 0.456324 
 ----> volume 361 1 0.51481 0.48519 
 ----> volume 362 0 0.574277 0.425723 
 ----> volume 363 0 0.526632 0.473368 
 ----> volume 364 0 0.515791 0.484209 
 ----> volume 365 0 0.580363 0.419637 
 ----> volume 366 1 0.536319 0.463681 
 ----> volume 367 0 0.554977 0.445023 
 ----> volume 368 0 0.554407 0.445593 
 ----> volume 369 0 0.521873 0.478127 
 ----> volume 370 1 0.527728 0.472272 
 ----> volume 371 0 0.510747 0.489253 
 ----> volume 372 1 0.560693 0.439307 
 ----> volume 373 0 0.545815 0.454185 
 ----> volume 374 0 0.531363 0.468637 
 ----> volume 375 1 0.494959 0.505041 
 ----> volume 376 0 0.559287 0.440713 
 ----> volume 377 1 0.533175 0.466825 
 ----> volume 378 1 0.539781 0.460219 
 ----> volume 379 0 0.54712 0.45288 
 ----> volume 380 0 0.604871 0.395129 
 ----> volume 381 1 0.530145 0.469855 
 ----> volume 382 1 0.509114 0.490886 
 ----> volume 383 1 0.535959 0.464041 
 ----> volume 384 0 0.608364 0.391636 
 ----> volume 385 1 0.476291 0.523709 
 ----> volume 386 0 0.582327 0.417673 
 ----> volume 387 1 0.571301 0.428699 
 ----> volume 388 1 0.500193 0.499807 
 ----> volume 389 0 0.526588 0.473412 
 ----> volume 390 0 0.553186 0.446814 
 ----> volume 391 0 0.583751 0.416249 
 ----> volume 392 1 0.454603 0.545397 
 ----> volume 393 1 0.514898 0.485102 
 ----> volume 394 1 0.483373 0.516627 
 ----> volume 395 0 0.583577 0.416423 
 ----> volume 396 0 0.503631 0.496369 
 ----> volume 397 0 0.549293 0.450707 
 ----> volume 398 1 0.522512 0.477488 
 ----> volume 399 1 0.55448 0.44552 
 ----> volume 400 1 0.510912 0.489088 
 ----> volume 401 0 0.5304 0.4696 
 ----> volume 402 0 0.528323 0.471677 
 ----> volume 403 0 0.548092 0.451908 
 ----> volume 404 1 0.509751 0.490249 
 ----> volume 405 1 0.487367 0.512633 
 ----> volume 406 1 0.525898 0.474102 
 ----> volume 407 1 0.523254 0.476746 
 ----> volume 408 0 0.547962 0.452038 
 ----> volume 409 0 0.531668 0.468332 
 ----> volume 410 0 0.562994 0.437006 
 ----> volume 411 0 0.516861 0.483139 
 ----> volume 412 1 0.530282 0.469718 
 ----> volume 413 1 0.50067 0.49933 
 ----> volume 414 0 0.575659 0.424341 
 ----> volume 415 1 0.477739 0.522261 
 ----> volume 416 0 0.598805 0.401195 
 ----> volume 417 0 0.505473 0.494527 
 ----> volume 418 1 0.52919 0.47081 
 ----> volume 419 1 0.528406 0.471594 
 ----> volume 420 1 0.523834 0.476166 
 ----> volume 421 0 0.51683 0.48317 
 ----> volume 422 0 0.562159 0.437841 
 ----> volume 423 1 0.562824 0.437176 
 ----> volume 424 0 0.555121 0.444879 
 ----> volume 425 0 0.583161 0.416839 
 ----> volume 426 1 0.498273 0.501727 
 ----> volume 427 0 0.588606 0.411394 
 ----> volume 428 0 0.517029 0.482971 
 ----> volume 429 0 0.566257 0.433743 
 ----> volume 430 0 0.577349 0.422651 
 ----> volume 431 1 0.553553 0.446447 
 ----> volume 432 1 0.543604 0.456396 
 ----> volume 433 1 0.418901 0.581099 
 ----> volume 434 0 0.604254 0.395746 
 ----> volume 435 1 0.515343 0.484657 
 ----> volume 436 0 0.541532 0.458468 
 ----> volume 437 0 0.553385 0.446615 
 ----> volume 438 0 0.555236 0.444764 
 ----> volume 439 0 0.538748 0.461252 
 ----> volume 440 1 0.548943 0.451057 
 ----> volume 441 0 0.543848 0.456152 
 ----> volume 442 1 0.517633 0.482367 
 ----> volume 443 1 0.56264 0.43736 
 ----> volume 444 0 0.538217 0.461783 
 ----> volume 445 1 0.557741 0.442259 
 ----> volume 446 0 0.490004 0.509996 
 ----> volume 447 0 0.521694 0.478306 
 ----> volume 448 1 0.508207 0.491793 
 ----> volume 449 1 0.568922 0.431078 
 ----> volume 450 0 0.500921 0.499079 
 ----> volume 451 0 0.60133 0.39867 
 ----> volume 452 1 0.463648 0.536352 
 ----> volume 453 0 0.631193 0.368807 
 ----> volume 454 1 0.506531 0.493469 
 ----> volume 455 0 0.573461 0.426539 
 ----> volume 456 0 0.592445 0.407555 
 ----> volume 457 0 0.529251 0.470749 
 ----> volume 458 1 0.545138 0.454862 
 ----> volume 459 0 0.527163 0.472837 
 ----> volume 460 1 0.540344 0.459656 
 ----> volume 461 1 0.568801 0.431199 
 ----> volume 462 0 0.588118 0.411882 
 ----> volume 463 1 0.530624 0.469376 
 ----> volume 464 0 0.549759 0.450241 
 ----> volume 465 1 0.502421 0.497579 
 ----> volume 466 0 0.553199 0.446801 
 ----> volume 467 1 0.51498 0.48502 
 ----> volume 468 0 0.556668 0.443332 
 ----> volume 469 1 0.518576 0.481424 
 ----> volume 470 0 0.531423 0.468577 
 ----> volume 471 1 0.501029 0.498971 
 ----> volume 472 0 0.526575 0.473425 
 ----> volume 473 1 0.507912 0.492088 
 ----> volume 474 0 0.550731 0.449269 
 ----> volume 475 0 0.538191 0.461809 
 ----> volume 476 1 0.524526 0.475474 
 ----> volume 477 1 0.533773 0.466227 
 ----> volume 478 1 0.526453 0.473547 
 ----> volume 479 0 0.514264 0.485736 
 ----> volume 480 0 0.591339 0.408661 
 ----> volume 481 1 0.536904 0.463096 
 ----> volume 482 0 0.537711 0.462289 
 ----> volume 483 0 0.551574 0.448426 
 ----> volume 484 1 0.539237 0.460763 
 ----> volume 485 0 0.554384 0.445616 
 ----> volume 486 0 0.590223 0.409777 
 ----> volume 487 1 0.481562 0.518438 
 ----> volume 488 0 0.577751 0.422249 
 ----> volume 489 1 0.459686 0.540314 
 ----> volume 490 0 0.569044 0.430956 
 ----> volume 491 1 0.441887 0.558113 
 ----> volume 492 0 0.599834 0.400166 
 ----> volume 493 0 0.53191 0.46809 
 ----> volume 494 1 0.563214 0.436786 
 ----> volume 495 0 0.543591 0.456409 
 ----> volume 496 1 0.526596 0.473404 
 ----> volume 497 0 0.595206 0.404794 
 ----> volume 498 1 0.522279 0.477721 
 ----> volume 499 0 0.543638 0.456362 
 ----> volume 500 1 0.487888 0.512112 
 ----> volume 501 0 0.608038 0.391962 
 ----> volume 502 1 0.540671 0.459329 
 ----> volume 503 1 0.526319 0.473681 
 ----> volume 504 1 0.525803 0.474197 
 ----> volume 505 0 0.551254 0.448746 
 ----> volume 506 0 0.548512 0.451488 
 ----> volume 507 1 0.52058 0.47942 
 ----> volume 508 1 0.509091 0.490909 
 ----> volume 509 1 0.527431 0.472569 
 ----> volume 510 0 0.538377 0.461623 
 ----> volume 511 0 0.534057 0.465943 
 ----> volume 512 0 0.564807 0.435193 
 ----> volume 513 1 0.549696 0.450304 
 ----> volume 514 1 0.512432 0.487568 
 ----> volume 515 0 0.558218 0.441782 
 ----> volume 516 0 0.577619 0.422381 
 ----> volume 517 1 0.428532 0.571468 
 ----> volume 518 1 0.466661 0.533339 
 ----> volume 519 0 0.579477 0.420523 
 ----> volume 520 1 0.504345 0.495655 
 ----> volume 521 1 0.524831 0.475169 
 ----> volume 522 0 0.587313 0.412687 
 ----> volume 523 1 0.490149 0.509851 
 ----> volume 524 0 0.583246 0.416754 
 ----> volume 525 0 0.534671 0.465329 
 ----> volume 526 0 0.519547 0.480453 
 ----> volume 527 1 0.504979 0.495021 
 ----> volume 528 0 0.568228 0.431772 
 ----> volume 529 1 0.534738 0.465262 
 ----> volume 530 0 0.565088 0.434912 
 ----> volume 531 1 0.509354 0.490646 
 ----> volume 532 0 0.565963 0.434037 
 ----> volume 533 1 0.52162 0.47838 
 ----> volume 534 0 0.563219 0.436781 
 ----> volume 535 0 0.545645 0.454355 
 ----> volume 536 1 0.508369 0.491631 
 ----> volume 537 1 0.472349 0.527651 
 ----> volume 538 0 0.563624 0.436376 
 ----> volume 539 1 0.521388 0.478612 
 ----> volume 540 1 0.529853 0.470147 
 ----> volume 541 0 0.572518 0.427482 
 ----> volume 542 0 0.542662 0.457338 
 ----> volume 543 1 0.510092 0.489908 
 ----> volume 544 1 0.540748 0.459252 
 ----> volume 545 0 0.549512 0.450488 
 ----> volume 546 0 0.550529 0.449471 
 ----> volume 547 1 0.49567 0.50433 
 ----> volume 548 1 0.539772 0.460228 
 ----> volume 549 0 0.527142 0.472858 
 ----> volume 550 0 0.536614 0.463386 
 ----> volume 551 1 0.528137 0.471863 
 ----> volume 552 0 0.567914 0.432086 
 ----> volume 553 1 0.467347 0.532653 
 ----> volume 554 0 0.53296 0.46704 
 ----> volume 555 0 0.562404 0.437596 
 ----> volume 556 0 0.501272 0.498728 
 ----> volume 557 1 0.539333 0.460667 
 ----> volume 558 1 0.519282 0.480718 
 ----> volume 559 1 0.53385 0.46615 
 ----> volume 560 0 0.525519 0.474481 
 ----> volume 561 0 0.595039 0.404961 
 ----> volume 562 1 0.511212 0.488788 
 ----> volume 563 0 0.549262 0.450738 
 ----> volume 564 0 0.522618 0.477382 
 ----> volume 565 1 0.551432 0.448568 
 ----> volume 566 0 0.551217 0.448783 
 ----> volume 567 0 0.552718 0.447282 
 ----> volume 568 0 0.55713 0.44287 
 ----> volume 569 0 0.54004 0.45996 
 ----> volume 570 1 0.573835 0.426165 
 ----> volume 571 1 0.528241 0.471759 
 ----> volume 572 0 0.552117 0.447883 
 ----> volume 573 0 0.552306 0.447694 
 ----> volume 574 0 0.5606 0.4394 
 ----> volume 575 1 0.525844 0.474156 
 ----> volume 576 1 0.527061 0.472939 
 ----> volume 577 0 0.531234 0.468766 
 ----> volume 578 0 0.533025 0.466975 
 ----> volume 579 0 0.523169 0.476831 
 ----> volume 580 1 0.539957 0.460043 
 ----> volume 581 0 0.532369 0.467631 
 ----> volume 582 0 0.568803 0.431197 
 ----> volume 583 1 0.55067 0.44933 
 ----> volume 584 1 0.519333 0.480667 
 ----> volume 585 0 0.5006 0.4994 
 ----> volume 586 0 0.535897 0.464103 
 ----> volume 587 1 0.555745 0.444255 
 ----> volume 588 1 0.544065 0.455935 
 ----> volume 589 1 0.564419 0.435581 
 ----> volume 590 0 0.537338 0.462662 
 ----> volume 591 1 0.532142 0.467858 
 ----> volume 592 1 0.551522 0.448478 
 ----> volume 593 0 0.60593 0.39407 
 ----> volume 594 0 0.580189 0.419811 
 ----> volume 595 1 0.489831 0.510169 
 ----> volume 596 1 0.541557 0.458443 
 ----> volume 597 0 0.567321 0.432679 
 ----> volume 598 1 0.532722 0.467278 
 ----> volume 599 1 0.541234 0.458766 
 ----> volume 600 0 0.538106 0.461894 
 ----> volume 601 1 0.548875 0.451125 
 ----> volume 602 1 0.50484 0.49516 
 ----> volume 603 0 0.538286 0.461714 
 ----> volume 604 0 0.542991 0.457009 
 ----> volume 605 0 0.547847 0.452153 
 ----> volume 606 1 0.487517 0.512483 
 ----> volume 607 1 0.558212 0.441788 
 ----> volume 608 0 0.527399 0.472601 
 ----> volume 609 0 0.524284 0.475716 
 ----> volume 610 0 0.557487 0.442513 
 ----> volume 611 1 0.522405 0.477595 
 ----> volume 612 0 0.53759 0.46241 
 ----> volume 613 1 0.513119 0.486881 
 ----> volume 614 0 0.530875 0.469125 
 ----> volume 615 1 0.506289 0.493711 
 ----> volume 616 0 0.557228 0.442772 
 ----> volume 617 1 0.492762 0.507238 
 ----> volume 618 1 0.548867 0.451133 
 ----> volume 619 1 0.514744 0.485256 
 ----> volume 620 1 0.49684 0.50316 
 ----> volume 621 0 0.568197 0.431803 
 ----> volume 622 0 0.550687 0.449313 
 ----> volume 623 0 0.543593 0.456407 
 ----> volume 624 0 0.542968 0.457032 
 ----> volume 625 0 0.550202 0.449798 
 ----> volume 626 0 0.565796 0.434204 
 ----> volume 627 0 0.535195 0.464805 
 ----> volume 628 1 0.517112 0.482888 
 ----> volume 629 1 0.529662 0.470338 
 ----> volume 630 0 0.572915 0.427085 
 ----> volume 631 1 0.509268 0.490732 
 ----> volume 632 1 0.528372 0.471628 
 ----> volume 633 0 0.555281 0.444719 
 ----> volume 634 1 0.500091 0.499909 
 ----> volume 635 0 0.534578 0.465422 
 ----> volume 636 1 0.514646 0.485354 
 ----> volume 637 0 0.568898 0.431102 
 ----> volume 638 0 0.534418 0.465582 
 ----> volume 639 1 0.534235 0.465765 
 ----> volume 640 1 0.524287 0.475713 
 ----> volume 641 0 0.531426 0.468574 
 ----> volume 642 0 0.533406 0.466594 
 ----> volume 643 0 0.556078 0.443922 
 ----> volume 644 0 0.574222 0.425778 
 ----> volume 645 0 0.54756 0.45244 
 ----> volume 646 0 0.538844 0.461156 
 ----> volume 647 1 0.48636 0.51364 
 ----> volume 648 0 0.533129 0.466871 
 ----> volume 649 1 0.551562 0.448438 
 ----> volume 650 1 0.529586 0.470414 
 ----> volume 651 1 0.527183 0.472817 
 ----> volume 652 0 0.524957 0.475043 
 ----> volume 653 1 0.533693 0.466307 
 ----> volume 654 1 0.54381 0.45619 
 ----> volume 655 0 0.5465 0.4535 
 ----> volume 656 0 0.577048 0.422952 
 ----> volume 657 0 0.571539 0.428461 
 ----> volume 658 1 0.548434 0.451566 
 ----> volume 659 1 0.458453 0.541547 
 ----> volume 660 0 0.568044 0.431956 
 ----> volume 661 0 0.540647 0.459353 
 ----> volume 662 1 0.520763 0.479237 
 ----> volume 663 0 0.572965 0.427035 
 ----> volume 664 1 0.496406 0.503594 
 ----> volume 665 1 0.530953 0.469047 
 ----> volume 666 0 0.549129 0.450871 
 ----> volume 667 0 0.559979 0.440021 
 ----> volume 668 1 0.518826 0.481174 
 ----> volume 669 0 0.562908 0.437092 
 ----> volume 670 0 0.555808 0.444192 
 ----> volume 671 1 0.495577 0.504423 
 ----> volume 672 0 0.583973 0.416027 
 ----> volume 673 1 0.483726 0.516274 
 ----> volume 674 1 0.563906 0.436094 
 ----> volume 675 1 0.497128 0.502872 
 ----> volume 676 0 0.574086 0.425914 
 ----> volume 677 0 0.556474 0.443526 
 ----> volume 678 1 0.506087 0.493913 
 ----> volume 679 0 0.559381 0.440619 
 ----> volume 680 1 0.527577 0.472423 
 ----> volume 681 0 0.550294 0.449706 
 ----> volume 682 0 0.595819 0.404181 
 ----> volume 683 1 0.488649 0.511351 
 ----> volume 684 0 0.605153 0.394847 
 ----> volume 685 1 0.540848 0.459152 
 ----> volume 686 0 0.564038 0.435962 
 ----> volume 687 0 0.520484 0.479516 
 ----> volume 688 1 0.562453 0.437547 
 ----> volume 689 0 0.521093 0.478907 
 ----> volume 690 0 0.540514 0.459486 
 ----> volume 691 1 0.478182 0.521818 
 ----> volume 692 0 0.522733 0.477267 
 ----> volume 693 1 0.572648 0.427352 
 ----> volume 694 1 0.499374 0.500626 
 ----> volume 695 1 0.537135 0.462865 
 ----> volume 696 0 0.535563 0.464437 
 ----> volume 697 0 0.525198 0.474802 
 ----> volume 698 0 0.553325 0.446675 
 ----> volume 699 1 0.527776 0.472224 
 ----> volume 700 1 0.525856 0.474144 
 ----> volume 701 0 0.555754 0.444246 
 ----> volume 702 0 0.583686 0.416314 
 ----> volume 703 1 0.518797 0.481203 
 ----> volume 704 1 0.585339 0.414661 
 ----> volume 705 0 0.540159 0.459841 
 ----> volume 706 1 0.515161 0.484839 
 ----> volume 707 1 0.525289 0.474711 
 ----> volume 708 1 0.54345 0.45655 
 ----> volume 709 1 0.533609 0.466391 
 ----> volume 710 0 0.542263 0.457737 
 ----> volume 711 0 0.523484 0.476516 
 ----> volume 712 1 0.528992 0.471008 
 ----> volume 713 0 0.575649 0.424351 
 ----> volume 714 1 0.535932 0.464068 
 ----> volume 715 0 0.553564 0.446436 
 ----> volume 716 1 0.553146 0.446854 
 ----> volume 717 0 0.524255 0.475745 
 ----> volume 718 1 0.514066 0.485934 
