 ----> volume 1 1 0.543682 0.456318 
 ----> volume 2 0 0.518792 0.481208 
 ----> volume 3 1 0.532756 0.467244 
 ----> volume 4 0 0.54675 0.45325 
 ----> volume 5 0 0.536983 0.463017 
 ----> volume 6 1 0.540479 0.459521 
 ----> volume 7 0 0.52685 0.47315 
 ----> volume 8 0 0.572861 0.427139 
 ----> volume 9 1 0.544518 0.455482 
 ----> volume 10 1 0.542293 0.457707 
 ----> volume 11 0 0.540352 0.459648 
 ----> volume 12 0 0.527894 0.472106 
 ----> volume 13 0 0.540989 0.459011 
 ----> volume 14 1 0.553168 0.446832 
 ----> volume 15 0 0.544132 0.455868 
 ----> volume 16 1 0.48924 0.51076 
 ----> volume 17 1 0.613267 0.386733 
 ----> volume 18 0 0.534456 0.465544 
 ----> volume 19 1 0.54308 0.45692 
 ----> volume 20 0 0.547677 0.452323 
 ----> volume 21 0 0.530126 0.469874 
 ----> volume 22 1 0.550046 0.449954 
 ----> volume 23 0 0.528273 0.471727 
 ----> volume 24 0 0.508881 0.491119 
 ----> volume 25 1 0.537647 0.462353 
 ----> volume 26 0 0.517261 0.482739 
 ----> volume 27 1 0.56161 0.43839 
 ----> volume 28 1 0.54032 0.45968 
 ----> volume 29 0 0.535646 0.464354 
 ----> volume 30 0 0.537108 0.462892 
 ----> volume 31 0 0.500106 0.499894 
 ----> volume 32 0 0.577231 0.422769 
 ----> volume 33 1 0.555811 0.444189 
 ----> volume 34 0 0.526265 0.473735 
 ----> volume 35 1 0.526652 0.473348 
 ----> volume 36 0 0.592754 0.407246 
 ----> volume 37 0 0.517273 0.482727 
 ----> volume 38 1 0.548594 0.451406 
 ----> volume 39 1 0.524502 0.475498 
 ----> volume 40 1 0.521193 0.478807 
 ----> volume 41 0 0.546825 0.453175 
 ----> volume 42 0 0.541746 0.458254 
 ----> volume 43 0 0.549998 0.450002 
 ----> volume 44 0 0.540092 0.459908 
 ----> volume 45 1 0.519987 0.480013 
 ----> volume 46 1 0.55157 0.44843 
 ----> volume 47 0 0.541207 0.458793 
 ----> volume 48 0 0.53545 0.46455 
 ----> volume 49 1 0.560007 0.439993 
 ----> volume 50 1 0.539007 0.460993 
 ----> volume 51 1 0.511329 0.488671 
 ----> volume 52 0 0.589951 0.410049 
 ----> volume 53 1 0.548768 0.451232 
 ----> volume 54 1 0.534555 0.465445 
 ----> volume 55 0 0.551167 0.448833 
 ----> volume 56 0 0.535156 0.464844 
 ----> volume 57 1 0.534169 0.465831 
 ----> volume 58 0 0.58253 0.41747 
 ----> volume 59 1 0.491998 0.508002 
 ----> volume 60 1 0.50428 0.49572 
 ----> volume 61 0 0.559861 0.440139 
 ----> volume 62 1 0.553641 0.446359 
 ----> volume 63 0 0.578079 0.421921 
 ----> volume 64 1 0.533888 0.466112 
 ----> volume 65 0 0.543637 0.456363 
 ----> volume 66 1 0.541071 0.458929 
 ----> volume 67 0 0.531609 0.468391 
 ----> volume 68 0 0.517756 0.482244 
 ----> volume 69 1 0.53983 0.46017 
 ----> volume 70 1 0.534992 0.465008 
 ----> volume 71 0 0.585183 0.414817 
 ----> volume 72 0 0.525112 0.474888 
 ----> volume 73 1 0.512677 0.487323 
 ----> volume 74 1 0.546069 0.453931 
 ----> volume 75 1 0.524414 0.475586 
 ----> volume 76 0 0.558587 0.441413 
 ----> volume 77 0 0.535544 0.464456 
 ----> volume 78 1 0.532585 0.467415 
 ----> volume 79 0 0.570819 0.429181 
 ----> volume 80 1 0.535535 0.464465 
 ----> volume 81 1 0.524569 0.475431 
 ----> volume 82 1 0.549692 0.450308 
 ----> volume 83 0 0.511951 0.488049 
 ----> volume 84 1 0.534472 0.465528 
 ----> volume 85 0 0.522725 0.477275 
 ----> volume 86 0 0.581509 0.418491 
 ----> volume 87 0 0.553878 0.446122 
 ----> volume 88 0 0.524801 0.475199 
 ----> volume 89 0 0.556839 0.443161 
 ----> volume 90 1 0.541106 0.458894 
 ----> volume 91 0 0.532732 0.467268 
 ----> volume 92 1 0.558203 0.441797 
 ----> volume 93 0 0.542619 0.457381 
 ----> volume 94 1 0.518528 0.481472 
 ----> volume 95 0 0.538631 0.461369 
 ----> volume 96 1 0.529169 0.470831 
 ----> volume 97 0 0.538069 0.461931 
 ----> volume 98 0 0.547501 0.452499 
 ----> volume 99 1 0.521544 0.478456 
 ----> volume 100 0 0.521565 0.478435 
 ----> volume 101 1 0.523992 0.476008 
 ----> volume 102 1 0.519197 0.480803 
 ----> volume 103 0 0.574504 0.425496 
 ----> volume 104 0 0.535337 0.464663 
 ----> volume 105 0 0.568759 0.431241 
 ----> volume 106 0 0.521273 0.478727 
 ----> volume 107 0 0.537592 0.462408 
 ----> volume 108 1 0.55578 0.44422 
 ----> volume 109 0 0.523762 0.476238 
 ----> volume 110 0 0.550777 0.449223 
 ----> volume 111 1 0.552781 0.447219 
 ----> volume 112 0 0.542635 0.457365 
 ----> volume 113 1 0.523284 0.476716 
 ----> volume 114 0 0.574529 0.425471 
 ----> volume 115 0 0.544203 0.455797 
 ----> volume 116 1 0.524313 0.475687 
 ----> volume 117 1 0.529653 0.470347 
 ----> volume 118 1 0.544235 0.455765 
 ----> volume 119 0 0.544866 0.455134 
 ----> volume 120 0 0.545934 0.454066 
 ----> volume 121 0 0.565856 0.434144 
 ----> volume 122 0 0.500809 0.499191 
 ----> volume 123 1 0.532607 0.467393 
 ----> volume 124 1 0.566438 0.433562 
 ----> volume 125 0 0.540689 0.459311 
 ----> volume 126 1 0.535616 0.464384 
 ----> volume 127 0 0.535697 0.464303 
 ----> volume 128 1 0.55012 0.44988 
 ----> volume 129 0 0.536361 0.463639 
 ----> volume 130 0 0.5402 0.4598 
 ----> volume 131 0 0.508281 0.491719 
 ----> volume 132 1 0.530448 0.469552 
 ----> volume 133 0 0.546403 0.453597 
 ----> volume 134 1 0.518816 0.481184 
 ----> volume 135 1 0.488593 0.511407 
 ----> volume 136 0 0.531064 0.468936 
 ----> volume 137 0 0.54616 0.45384 
 ----> volume 138 0 0.566226 0.433774 
 ----> volume 139 0 0.523377 0.476623 
 ----> volume 140 0 0.547363 0.452637 
 ----> volume 141 1 0.503121 0.496879 
 ----> volume 142 0 0.524114 0.475886 
 ----> volume 143 1 0.528716 0.471284 
 ----> volume 144 0 0.557991 0.442009 
 ----> volume 145 0 0.550428 0.449572 
 ----> volume 146 1 0.522102 0.477898 
 ----> volume 147 0 0.560995 0.439005 
 ----> volume 148 1 0.526085 0.473915 
 ----> volume 149 1 0.547787 0.452213 
 ----> volume 150 0 0.585113 0.414887 
 ----> volume 151 0 0.514471 0.485529 
 ----> volume 152 0 0.534026 0.465974 
 ----> volume 153 0 0.582938 0.417062 
 ----> volume 154 1 0.496208 0.503792 
 ----> volume 155 0 0.577111 0.422889 
 ----> volume 156 1 0.535563 0.464437 
 ----> volume 157 1 0.514017 0.485983 
 ----> volume 158 0 0.564064 0.435936 
 ----> volume 159 0 0.544025 0.455975 
 ----> volume 160 0 0.531477 0.468523 
 ----> volume 161 0 0.57456 0.42544 
 ----> volume 162 0 0.54575 0.45425 
 ----> volume 163 1 0.515427 0.484573 
 ----> volume 164 0 0.559059 0.440941 
 ----> volume 165 1 0.53077 0.46923 
 ----> volume 166 0 0.525619 0.474381 
 ----> volume 167 1 0.536448 0.463552 
 ----> volume 168 0 0.548098 0.451902 
 ----> volume 169 1 0.531725 0.468275 
 ----> volume 170 1 0.507862 0.492138 
 ----> volume 171 1 0.501751 0.498249 
 ----> volume 172 0 0.542918 0.457082 
 ----> volume 173 1 0.572574 0.427426 
 ----> volume 174 0 0.545099 0.454901 
 ----> volume 175 1 0.51675 0.48325 
 ----> volume 176 0 0.564593 0.435407 
 ----> volume 177 0 0.530061 0.469939 
 ----> volume 178 0 0.585719 0.414281 
 ----> volume 179 1 0.531183 0.468817 
 ----> volume 180 1 0.518889 0.481111 
 ----> volume 181 1 0.517792 0.482208 
 ----> volume 182 1 0.565399 0.434601 
 ----> volume 183 0 0.525061 0.474939 
 ----> volume 184 1 0.541622 0.458378 
 ----> volume 185 0 0.527766 0.472234 
 ----> volume 186 0 0.562521 0.437479 
 ----> volume 187 0 0.550812 0.449188 
 ----> volume 188 0 0.530601 0.469399 
 ----> volume 189 1 0.523769 0.476231 
 ----> volume 190 0 0.56678 0.43322 
 ----> volume 191 0 0.536301 0.463699 
 ----> volume 192 1 0.510385 0.489615 
 ----> volume 193 0 0.526136 0.473864 
 ----> volume 194 0 0.568274 0.431726 
 ----> volume 195 1 0.520372 0.479628 
 ----> volume 196 1 0.524736 0.475264 
 ----> volume 197 0 0.587151 0.412849 
 ----> volume 198 1 0.525907 0.474093 
 ----> volume 199 0 0.519119 0.480881 
 ----> volume 200 0 0.596666 0.403334 
 ----> volume 201 1 0.507867 0.492133 
 ----> volume 202 1 0.508931 0.491069 
 ----> volume 203 0 0.592988 0.407012 
 ----> volume 204 1 0.552379 0.447621 
 ----> volume 205 0 0.535014 0.464986 
 ----> volume 206 1 0.562418 0.437582 
 ----> volume 207 1 0.549192 0.450808 
 ----> volume 208 0 0.513603 0.486397 
 ----> volume 209 0 0.546198 0.453802 
 ----> volume 210 1 0.542883 0.457117 
 ----> volume 211 0 0.538889 0.461111 
 ----> volume 212 1 0.508641 0.491359 
 ----> volume 213 0 0.568942 0.431058 
 ----> volume 214 0 0.539609 0.460391 
 ----> volume 215 1 0.535276 0.464724 
 ----> volume 216 0 0.534769 0.465231 
 ----> volume 217 1 0.510395 0.489605 
 ----> volume 218 1 0.5293 0.4707 
 ----> volume 219 0 0.55702 0.44298 
 ----> volume 220 1 0.503495 0.496505 
 ----> volume 221 1 0.523461 0.476539 
 ----> volume 222 1 0.512071 0.487929 
 ----> volume 223 0 0.569085 0.430915 
 ----> volume 224 0 0.565698 0.434302 
 ----> volume 225 1 0.543789 0.456211 
 ----> volume 226 0 0.562345 0.437655 
 ----> volume 227 0 0.520616 0.479384 
 ----> volume 228 0 0.542582 0.457418 
 ----> volume 229 0 0.566255 0.433745 
 ----> volume 230 1 0.52655 0.47345 
 ----> volume 231 1 0.521324 0.478676 
 ----> volume 232 0 0.566861 0.433139 
 ----> volume 233 0 0.521556 0.478444 
 ----> volume 234 1 0.527753 0.472247 
 ----> volume 235 1 0.545762 0.454238 
 ----> volume 236 1 0.538132 0.461868 
 ----> volume 237 0 0.550075 0.449925 
 ----> volume 238 1 0.52735 0.47265 
 ----> volume 239 0 0.543638 0.456362 
 ----> volume 240 1 0.52446 0.47554 
 ----> volume 241 0 0.55255 0.44745 
 ----> volume 242 1 0.53449 0.46551 
 ----> volume 243 0 0.544157 0.455843 
 ----> volume 244 1 0.510719 0.489281 
 ----> volume 245 0 0.590304 0.409696 
 ----> volume 246 1 0.50751 0.49249 
 ----> volume 247 0 0.555942 0.444058 
 ----> volume 248 0 0.537828 0.462172 
 ----> volume 249 1 0.506932 0.493068 
 ----> volume 250 1 0.529594 0.470406 
 ----> volume 251 1 0.540103 0.459897 
 ----> volume 252 0 0.535136 0.464864 
 ----> volume 253 1 0.512137 0.487863 
 ----> volume 254 0 0.521929 0.478071 
 ----> volume 255 0 0.559257 0.440743 
 ----> volume 256 0 0.538253 0.461747 
 ----> volume 257 1 0.51513 0.48487 
 ----> volume 258 0 0.562999 0.437001 
 ----> volume 259 0 0.525034 0.474966 
 ----> volume 260 1 0.532341 0.467659 
 ----> volume 261 1 0.542369 0.457631 
 ----> volume 262 1 0.539891 0.460109 
 ----> volume 263 0 0.545262 0.454738 
 ----> volume 264 1 0.540902 0.459098 
 ----> volume 265 1 0.505944 0.494056 
 ----> volume 266 0 0.559713 0.440287 
 ----> volume 267 1 0.515093 0.484907 
 ----> volume 268 0 0.533085 0.466915 
 ----> volume 269 0 0.569021 0.430979 
 ----> volume 270 0 0.527662 0.472338 
 ----> volume 271 1 0.517091 0.482909 
 ----> volume 272 0 0.550299 0.449701 
 ----> volume 273 1 0.526153 0.473847 
 ----> volume 274 0 0.541386 0.458614 
 ----> volume 275 1 0.50969 0.49031 
 ----> volume 276 0 0.534308 0.465692 
 ----> volume 277 0 0.543045 0.456955 
 ----> volume 278 0 0.550767 0.449233 
 ----> volume 279 1 0.537353 0.462647 
 ----> volume 280 0 0.574455 0.425545 
 ----> volume 281 0 0.537304 0.462696 
 ----> volume 282 1 0.544893 0.455107 
 ----> volume 283 0 0.560691 0.439309 
 ----> volume 284 0 0.545668 0.454332 
 ----> volume 285 0 0.540369 0.459631 
 ----> volume 286 1 0.534005 0.465995 
 ----> volume 287 1 0.536843 0.463157 
 ----> volume 288 1 0.532119 0.467881 
 ----> volume 289 0 0.572324 0.427676 
 ----> volume 290 0 0.536321 0.463679 
 ----> volume 291 1 0.53697 0.46303 
 ----> volume 292 0 0.554342 0.445658 
 ----> volume 293 1 0.51987 0.48013 
 ----> volume 294 1 0.535297 0.464703 
 ----> volume 295 0 0.557652 0.442348 
 ----> volume 296 1 0.543917 0.456083 
 ----> volume 297 0 0.54112 0.45888 
 ----> volume 298 1 0.53968 0.46032 
 ----> volume 299 0 0.542744 0.457256 
 ----> volume 300 0 0.528232 0.471768 
 ----> volume 301 0 0.533755 0.466245 
 ----> volume 302 1 0.550963 0.449037 
 ----> volume 303 1 0.533528 0.466472 
 ----> volume 304 0 0.551552 0.448448 
 ----> volume 305 1 0.5339 0.4661 
 ----> volume 306 0 0.542178 0.457822 
 ----> volume 307 0 0.53107 0.46893 
 ----> volume 308 1 0.507111 0.492889 
 ----> volume 309 0 0.549925 0.450075 
 ----> volume 310 1 0.541845 0.458155 
 ----> volume 311 0 0.557609 0.442391 
 ----> volume 312 1 0.53018 0.46982 
 ----> volume 313 0 0.586511 0.413489 
 ----> volume 314 0 0.509534 0.490466 
 ----> volume 315 0 0.563047 0.436953 
 ----> volume 316 1 0.53133 0.46867 
 ----> volume 317 1 0.525437 0.474563 
 ----> volume 318 0 0.574827 0.425173 
 ----> volume 319 1 0.505825 0.494175 
 ----> volume 320 1 0.52204 0.47796 
 ----> volume 321 1 0.543347 0.456653 
 ----> volume 322 0 0.526005 0.473995 
 ----> volume 323 0 0.554033 0.445967 
 ----> volume 324 1 0.538646 0.461354 
 ----> volume 325 0 0.53457 0.46543 
 ----> volume 326 0 0.527119 0.472881 
 ----> volume 327 1 0.560637 0.439363 
 ----> volume 328 0 0.540971 0.459029 
 ----> volume 329 0 0.543028 0.456972 
 ----> volume 330 1 0.585389 0.414611 
 ----> volume 331 0 0.508176 0.491824 
 ----> volume 332 0 0.560043 0.439957 
 ----> volume 333 1 0.519185 0.480815 
 ----> volume 334 1 0.518659 0.481341 
 ----> volume 335 0 0.51501 0.48499 
 ----> volume 336 1 0.541862 0.458138 
 ----> volume 337 0 0.530864 0.469136 
 ----> volume 338 1 0.52176 0.47824 
 ----> volume 339 0 0.542502 0.457498 
 ----> volume 340 1 0.524175 0.475825 
 ----> volume 341 0 0.540394 0.459606 
 ----> volume 342 1 0.528258 0.471742 
 ----> volume 343 0 0.580349 0.419651 
 ----> volume 344 0 0.516019 0.483981 
 ----> volume 345 0 0.58893 0.41107 
 ----> volume 346 1 0.504459 0.495541 
 ----> volume 347 0 0.529067 0.470933 
 ----> volume 348 0 0.549981 0.450019 
 ----> volume 349 1 0.518245 0.481755 
 ----> volume 350 1 0.532705 0.467295 
 ----> volume 351 0 0.57514 0.42486 
 ----> volume 352 0 0.51743 0.48257 
 ----> volume 353 1 0.555594 0.444406 
 ----> volume 354 0 0.556244 0.443756 
 ----> volume 355 1 0.541919 0.458081 
 ----> volume 356 1 0.525266 0.474734 
 ----> volume 357 1 0.540887 0.459113 
 ----> volume 358 0 0.546922 0.453078 
 ----> volume 359 0 0.557356 0.442644 
 ----> volume 360 1 0.526591 0.473409 
 ----> volume 361 1 0.568487 0.431513 
 ----> volume 362 0 0.528028 0.471972 
 ----> volume 363 0 0.549433 0.450567 
 ----> volume 364 0 0.557629 0.442371 
 ----> volume 365 0 0.549649 0.450351 
 ----> volume 366 1 0.541821 0.458179 
 ----> volume 367 0 0.514691 0.485309 
 ----> volume 368 0 0.534339 0.465661 
 ----> volume 369 0 0.5307 0.4693 
 ----> volume 370 1 0.505332 0.494668 
 ----> volume 371 0 0.559299 0.440701 
 ----> volume 372 1 0.515847 0.484153 
 ----> volume 373 0 0.593894 0.406106 
 ----> volume 374 0 0.51722 0.48278 
 ----> volume 375 1 0.55942 0.44058 
 ----> volume 376 0 0.530119 0.469881 
 ----> volume 377 1 0.528334 0.471666 
 ----> volume 378 1 0.515155 0.484845 
 ----> volume 379 0 0.564805 0.435195 
 ----> volume 380 0 0.548452 0.451548 
 ----> volume 381 1 0.5481 0.4519 
 ----> volume 382 1 0.50556 0.49444 
 ----> volume 383 1 0.545329 0.454671 
 ----> volume 384 0 0.533098 0.466902 
 ----> volume 385 1 0.521115 0.478885 
 ----> volume 386 0 0.588618 0.411382 
 ----> volume 387 1 0.535701 0.464299 
 ----> volume 388 1 0.535365 0.464635 
 ----> volume 389 0 0.531382 0.468618 
 ----> volume 390 0 0.549338 0.450662 
 ----> volume 391 0 0.539478 0.460522 
 ----> volume 392 1 0.531094 0.468906 
 ----> volume 393 1 0.505146 0.494854 
 ----> volume 394 1 0.540146 0.459854 
 ----> volume 395 0 0.536556 0.463444 
 ----> volume 396 0 0.556646 0.443354 
 ----> volume 397 0 0.553201 0.446799 
 ----> volume 398 1 0.508157 0.491843 
 ----> volume 399 1 0.566144 0.433856 
 ----> volume 400 1 0.531803 0.468197 
 ----> volume 401 0 0.531286 0.468714 
 ----> volume 402 0 0.540719 0.459281 
 ----> volume 403 0 0.605182 0.394818 
 ----> volume 404 1 0.506897 0.493103 
 ----> volume 405 1 0.495589 0.504411 
 ----> volume 406 1 0.540454 0.459546 
 ----> volume 407 1 0.54235 0.45765 
 ----> volume 408 0 0.604232 0.395768 
 ----> volume 409 0 0.551858 0.448142 
 ----> volume 410 0 0.528191 0.471809 
 ----> volume 411 0 0.556847 0.443153 
 ----> volume 412 1 0.520303 0.479697 
 ----> volume 413 1 0.544866 0.455134 
 ----> volume 414 0 0.556061 0.443939 
 ----> volume 415 1 0.551168 0.448832 
 ----> volume 416 0 0.542332 0.457668 
 ----> volume 417 0 0.519844 0.480156 
 ----> volume 418 1 0.517338 0.482662 
 ----> volume 419 1 0.535719 0.464281 
 ----> volume 420 1 0.507419 0.492581 
 ----> volume 421 0 0.594256 0.405744 
 ----> volume 422 0 0.545506 0.454494 
 ----> volume 423 1 0.49218 0.50782 
 ----> volume 424 0 0.583799 0.416201 
 ----> volume 425 0 0.546948 0.453052 
 ----> volume 426 1 0.546204 0.453796 
 ----> volume 427 0 0.544376 0.455624 
 ----> volume 428 0 0.543387 0.456613 
 ----> volume 429 0 0.524203 0.475797 
 ----> volume 430 0 0.539816 0.460184 
 ----> volume 431 1 0.49647 0.50353 
 ----> volume 432 1 0.520561 0.479439 
 ----> volume 433 1 0.514003 0.485997 
 ----> volume 434 0 0.594271 0.405729 
 ----> volume 435 1 0.533608 0.466392 
 ----> volume 436 0 0.550191 0.449809 
 ----> volume 437 0 0.514352 0.485648 
 ----> volume 438 0 0.538185 0.461815 
 ----> volume 439 0 0.551298 0.448702 
 ----> volume 440 1 0.544587 0.455413 
 ----> volume 441 0 0.509456 0.490544 
 ----> volume 442 1 0.558813 0.441187 
 ----> volume 443 1 0.537771 0.462229 
 ----> volume 444 0 0.543634 0.456366 
 ----> volume 445 1 0.516931 0.483069 
 ----> volume 446 0 0.537923 0.462077 
 ----> volume 447 0 0.535073 0.464927 
 ----> volume 448 1 0.535664 0.464336 
 ----> volume 449 1 0.519476 0.480524 
 ----> volume 450 0 0.572743 0.427257 
 ----> volume 451 0 0.542121 0.457879 
 ----> volume 452 1 0.518337 0.481663 
 ----> volume 453 0 0.560471 0.439529 
 ----> volume 454 1 0.534462 0.465538 
 ----> volume 455 0 0.542231 0.457769 
 ----> volume 456 0 0.546232 0.453768 
 ----> volume 457 0 0.543346 0.456654 
 ----> volume 458 1 0.522869 0.477131 
 ----> volume 459 0 0.545898 0.454102 
 ----> volume 460 1 0.538944 0.461056 
 ----> volume 461 1 0.526226 0.473774 
 ----> volume 462 0 0.564085 0.435915 
 ----> volume 463 1 0.540457 0.459543 
 ----> volume 464 0 0.56807 0.43193 
 ----> volume 465 1 0.540277 0.459723 
 ----> volume 466 0 0.532108 0.467892 
 ----> volume 467 1 0.534909 0.465091 
 ----> volume 468 0 0.543388 0.456612 
 ----> volume 469 1 0.520933 0.479067 
 ----> volume 470 0 0.550689 0.449311 
 ----> volume 471 1 0.523358 0.476642 
 ----> volume 472 0 0.564059 0.435941 
 ----> volume 473 1 0.529676 0.470324 
 ----> volume 474 0 0.525395 0.474605 
 ----> volume 475 0 0.548243 0.451757 
 ----> volume 476 1 0.542365 0.457635 
 ----> volume 477 1 0.513381 0.486619 
 ----> volume 478 1 0.536062 0.463938 
 ----> volume 479 0 0.536675 0.463325 
 ----> volume 480 0 0.549187 0.450813 
 ----> volume 481 1 0.512361 0.487639 
 ----> volume 482 0 0.551924 0.448076 
 ----> volume 483 0 0.516261 0.483739 
 ----> volume 484 1 0.53626 0.46374 
 ----> volume 485 0 0.534596 0.465404 
 ----> volume 486 0 0.55915 0.44085 
 ----> volume 487 1 0.526866 0.473134 
 ----> volume 488 0 0.587729 0.412271 
 ----> volume 489 1 0.512938 0.487062 
 ----> volume 490 0 0.557809 0.442191 
 ----> volume 491 1 0.507167 0.492833 
 ----> volume 492 0 0.571398 0.428602 
 ----> volume 493 0 0.550299 0.449701 
 ----> volume 494 1 0.55456 0.44544 
 ----> volume 495 0 0.499502 0.500498 
 ----> volume 496 1 0.521078 0.478922 
 ----> volume 497 0 0.545197 0.454803 
 ----> volume 498 1 0.543205 0.456795 
 ----> volume 499 0 0.573471 0.426529 
 ----> volume 500 1 0.532198 0.467802 
 ----> volume 501 0 0.534335 0.465665 
 ----> volume 502 1 0.519562 0.480438 
 ----> volume 503 1 0.528411 0.471589 
 ----> volume 504 1 0.535219 0.464781 
 ----> volume 505 0 0.543055 0.456945 
 ----> volume 506 0 0.540299 0.459701 
 ----> volume 507 1 0.537513 0.462487 
 ----> volume 508 1 0.516894 0.483106 
 ----> volume 509 1 0.507096 0.492904 
 ----> volume 510 0 0.550928 0.449072 
 ----> volume 511 0 0.532532 0.467468 
 ----> volume 512 0 0.546516 0.453484 
 ----> volume 513 1 0.537464 0.462536 
 ----> volume 514 1 0.552855 0.447145 
 ----> volume 515 0 0.567931 0.432069 
 ----> volume 516 0 0.581674 0.418326 
 ----> volume 517 1 0.498051 0.501949 
 ----> volume 518 1 0.536911 0.463089 
 ----> volume 519 0 0.559716 0.440284 
 ----> volume 520 1 0.532091 0.467909 
 ----> volume 521 1 0.51629 0.48371 
 ----> volume 522 0 0.578387 0.421613 
 ----> volume 523 1 0.522952 0.477048 
 ----> volume 524 0 0.540903 0.459097 
 ----> volume 525 0 0.551229 0.448771 
 ----> volume 526 0 0.55583 0.44417 
 ----> volume 527 1 0.512128 0.487872 
 ----> volume 528 0 0.5496 0.4504 
 ----> volume 529 1 0.547293 0.452707 
 ----> volume 530 0 0.536831 0.463169 
 ----> volume 531 1 0.556574 0.443426 
 ----> volume 532 0 0.530313 0.469687 
 ----> volume 533 1 0.508591 0.491409 
 ----> volume 534 0 0.579129 0.420871 
 ----> volume 535 0 0.529829 0.470171 
 ----> volume 536 1 0.495194 0.504806 
 ----> volume 537 1 0.498024 0.501976 
 ----> volume 538 0 0.524714 0.475286 
 ----> volume 539 1 0.567796 0.432204 
 ----> volume 540 1 0.551607 0.448393 
 ----> volume 541 0 0.563174 0.436826 
 ----> volume 542 0 0.545 0.455 
 ----> volume 543 1 0.524699 0.475301 
 ----> volume 544 1 0.492864 0.507136 
 ----> volume 545 0 0.562694 0.437306 
 ----> volume 546 0 0.583573 0.416427 
 ----> volume 547 1 0.481927 0.518073 
 ----> volume 548 1 0.560266 0.439734 
 ----> volume 549 0 0.539852 0.460148 
 ----> volume 550 0 0.548059 0.451941 
 ----> volume 551 1 0.544648 0.455352 
 ----> volume 552 0 0.491486 0.508514 
 ----> volume 553 1 0.530319 0.469681 
 ----> volume 554 0 0.505675 0.494325 
 ----> volume 555 0 0.564005 0.435995 
 ----> volume 556 0 0.567603 0.432397 
 ----> volume 557 1 0.533147 0.466853 
 ----> volume 558 1 0.519982 0.480018 
 ----> volume 559 1 0.504131 0.495869 
 ----> volume 560 0 0.536227 0.463773 
 ----> volume 561 0 0.542566 0.457434 
 ----> volume 562 1 0.537872 0.462128 
 ----> volume 563 0 0.532159 0.467841 
 ----> volume 564 0 0.556595 0.443405 
 ----> volume 565 1 0.525128 0.474872 
 ----> volume 566 0 0.530479 0.469521 
 ----> volume 567 0 0.521536 0.478464 
 ----> volume 568 0 0.539228 0.460772 
 ----> volume 569 0 0.589249 0.410751 
 ----> volume 570 1 0.53079 0.46921 
 ----> volume 571 1 0.5229 0.4771 
 ----> volume 572 0 0.52473 0.47527 
 ----> volume 573 0 0.534153 0.465847 
 ----> volume 574 0 0.582304 0.417696 
 ----> volume 575 1 0.515715 0.484285 
 ----> volume 576 1 0.53247 0.46753 
 ----> volume 577 0 0.586266 0.413734 
 ----> volume 578 0 0.525392 0.474608 
 ----> volume 579 0 0.517227 0.482773 
 ----> volume 580 1 0.542235 0.457765 
 ----> volume 581 0 0.544092 0.455908 
 ----> volume 582 0 0.565865 0.434135 
 ----> volume 583 1 0.516029 0.483971 
 ----> volume 584 1 0.541292 0.458708 
 ----> volume 585 0 0.545405 0.454595 
 ----> volume 586 0 0.527592 0.472408 
 ----> volume 587 1 0.535664 0.464336 
 ----> volume 588 1 0.516533 0.483467 
 ----> volume 589 1 0.52997 0.47003 
 ----> volume 590 0 0.553364 0.446636 
 ----> volume 591 1 0.519175 0.480825 
 ----> volume 592 1 0.522 0.478 
 ----> volume 593 0 0.545217 0.454783 
 ----> volume 594 0 0.520693 0.479307 
 ----> volume 595 1 0.527731 0.472269 
 ----> volume 596 1 0.550854 0.449146 
 ----> volume 597 0 0.527506 0.472494 
 ----> volume 598 1 0.553231 0.446769 
 ----> volume 599 1 0.525017 0.474983 
 ----> volume 600 0 0.544463 0.455537 
 ----> volume 601 1 0.539138 0.460862 
 ----> volume 602 1 0.550424 0.449576 
 ----> volume 603 0 0.535467 0.464533 
 ----> volume 604 0 0.570125 0.429875 
 ----> volume 605 0 0.524889 0.475111 
 ----> volume 606 1 0.552421 0.447579 
 ----> volume 607 1 0.531062 0.468938 
 ----> volume 608 0 0.562322 0.437678 
 ----> volume 609 0 0.553376 0.446624 
 ----> volume 610 0 0.531892 0.468108 
 ----> volume 611 1 0.547661 0.452339 
 ----> volume 612 0 0.520932 0.479068 
 ----> volume 613 1 0.529439 0.470561 
 ----> volume 614 0 0.531627 0.468373 
 ----> volume 615 1 0.532223 0.467777 
 ----> volume 616 0 0.545873 0.454127 
 ----> volume 617 1 0.54205 0.45795 
 ----> volume 618 1 0.536459 0.463541 
 ----> volume 619 1 0.529991 0.470009 
 ----> volume 620 1 0.521404 0.478596 
 ----> volume 621 0 0.549623 0.450377 
 ----> volume 622 0 0.526814 0.473186 
 ----> volume 623 0 0.53986 0.46014 
 ----> volume 624 0 0.565269 0.434731 
 ----> volume 625 0 0.532455 0.467545 
 ----> volume 626 0 0.541179 0.458821 
 ----> volume 627 0 0.53096 0.46904 
 ----> volume 628 1 0.54357 0.45643 
 ----> volume 629 1 0.503987 0.496013 
 ----> volume 630 0 0.580762 0.419238 
 ----> volume 631 1 0.51466 0.48534 
 ----> volume 632 1 0.532075 0.467925 
 ----> volume 633 0 0.535678 0.464322 
 ----> volume 634 1 0.547177 0.452823 
 ----> volume 635 0 0.552325 0.447675 
 ----> volume 636 1 0.555822 0.444178 
 ----> volume 637 0 0.534358 0.465642 
 ----> volume 638 0 0.557236 0.442764 
 ----> volume 639 1 0.514224 0.485776 
 ----> volume 640 1 0.522694 0.477306 
 ----> volume 641 0 0.538469 0.461531 
 ----> volume 642 0 0.535902 0.464098 
 ----> volume 643 0 0.531471 0.468529 
 ----> volume 644 0 0.557736 0.442264 
 ----> volume 645 0 0.537018 0.462982 
 ----> volume 646 0 0.551464 0.448536 
 ----> volume 647 1 0.528243 0.471757 
 ----> volume 648 0 0.53227 0.46773 
 ----> volume 649 1 0.511107 0.488893 
 ----> volume 650 1 0.539067 0.460933 
 ----> volume 651 1 0.534951 0.465049 
 ----> volume 652 0 0.531704 0.468296 
 ----> volume 653 1 0.552359 0.447641 
 ----> volume 654 1 0.539496 0.460504 
 ----> volume 655 0 0.523876 0.476124 
 ----> volume 656 0 0.506649 0.493351 
 ----> volume 657 0 0.52249 0.47751 
 ----> volume 658 1 0.548191 0.451809 
 ----> volume 659 1 0.547064 0.452936 
 ----> volume 660 0 0.519819 0.480181 
 ----> volume 661 0 0.540701 0.459299 
 ----> volume 662 1 0.52197 0.47803 
 ----> volume 663 0 0.540946 0.459054 
 ----> volume 664 1 0.567957 0.432043 
 ----> volume 665 1 0.53112 0.46888 
 ----> volume 666 0 0.568606 0.431394 
 ----> volume 667 0 0.540948 0.459052 
 ----> volume 668 1 0.523185 0.476815 
 ----> volume 669 0 0.531816 0.468184 
 ----> volume 670 0 0.582587 0.417413 
 ----> volume 671 1 0.545875 0.454125 
 ----> volume 672 0 0.527737 0.472263 
 ----> volume 673 1 0.550282 0.449718 
 ----> volume 674 1 0.557602 0.442398 
 ----> volume 675 1 0.526417 0.473583 
 ----> volume 676 0 0.550068 0.449932 
 ----> volume 677 0 0.563058 0.436942 
 ----> volume 678 1 0.519186 0.480814 
 ----> volume 679 0 0.559898 0.440102 
 ----> volume 680 1 0.52263 0.47737 
 ----> volume 681 0 0.538531 0.461469 
 ----> volume 682 0 0.526084 0.473916 
 ----> volume 683 1 0.512945 0.487055 
 ----> volume 684 0 0.536593 0.463407 
 ----> volume 685 1 0.54133 0.45867 
 ----> volume 686 0 0.552522 0.447478 
 ----> volume 687 0 0.562911 0.437089 
 ----> volume 688 1 0.522245 0.477755 
 ----> volume 689 0 0.551873 0.448127 
 ----> volume 690 0 0.559416 0.440584 
 ----> volume 691 1 0.525252 0.474748 
 ----> volume 692 0 0.547659 0.452341 
 ----> volume 693 1 0.518343 0.481657 
 ----> volume 694 1 0.51258 0.48742 
 ----> volume 695 1 0.53427 0.46573 
 ----> volume 696 0 0.525584 0.474416 
 ----> volume 697 0 0.555481 0.444519 
 ----> volume 698 0 0.560762 0.439238 
 ----> volume 699 1 0.517216 0.482784 
 ----> volume 700 1 0.559432 0.440568 
 ----> volume 701 0 0.571002 0.428998 
 ----> volume 702 0 0.551166 0.448834 
 ----> volume 703 1 0.513761 0.486239 
 ----> volume 704 1 0.513228 0.486772 
 ----> volume 705 0 0.547159 0.452841 
 ----> volume 706 1 0.562093 0.437907 
 ----> volume 707 1 0.523122 0.476878 
 ----> volume 708 1 0.532273 0.467727 
 ----> volume 709 1 0.516937 0.483063 
 ----> volume 710 0 0.555783 0.444217 
 ----> volume 711 0 0.566518 0.433482 
 ----> volume 712 1 0.545258 0.454742 
 ----> volume 713 0 0.544443 0.455557 
 ----> volume 714 1 0.538424 0.461576 
 ----> volume 715 0 0.570976 0.429024 
 ----> volume 716 1 0.528179 0.471821 
 ----> volume 717 0 0.549579 0.450421 
 ----> volume 718 1 0.504505 0.495495 
