 ----> volume 1 1 0.547358 0.452642 
 ----> volume 2 0 0.626779 0.373221 
 ----> volume 3 1 0.512966 0.487034 
 ----> volume 4 0 0.655164 0.344836 
 ----> volume 5 0 0.526443 0.473557 
 ----> volume 6 1 0.465296 0.534704 
 ----> volume 7 0 0.530534 0.469466 
 ----> volume 8 0 0.456978 0.543022 
 ----> volume 9 1 0.447838 0.552162 
 ----> volume 10 1 0.526728 0.473272 
 ----> volume 11 0 0.58472 0.41528 
 ----> volume 12 0 0.540728 0.459272 
 ----> volume 13 0 0.476879 0.523121 
 ----> volume 14 1 0.466273 0.533727 
 ----> volume 15 0 0.528558 0.471442 
 ----> volume 16 1 0.474688 0.525312 
 ----> volume 17 1 0.549633 0.450367 
 ----> volume 18 0 0.586489 0.413511 
 ----> volume 19 1 0.563059 0.436941 
 ----> volume 20 0 0.662056 0.337944 
 ----> volume 21 0 0.527995 0.472005 
 ----> volume 22 1 0.471641 0.528359 
 ----> volume 23 0 0.53042 0.46958 
 ----> volume 24 0 0.49101 0.50899 
 ----> volume 25 1 0.475802 0.524198 
 ----> volume 26 0 0.537752 0.462248 
 ----> volume 27 1 0.487283 0.512717 
 ----> volume 28 1 0.547914 0.452086 
 ----> volume 29 0 0.574187 0.425813 
 ----> volume 30 0 0.542571 0.457429 
 ----> volume 31 0 0.508625 0.491375 
 ----> volume 32 0 0.522848 0.477152 
 ----> volume 33 1 0.509263 0.490737 
 ----> volume 34 0 0.536324 0.463676 
 ----> volume 35 1 0.544697 0.455303 
 ----> volume 36 0 0.543655 0.456345 
 ----> volume 37 0 0.534912 0.465088 
 ----> volume 38 1 0.506938 0.493062 
 ----> volume 39 1 0.524226 0.475774 
 ----> volume 40 1 0.570614 0.429386 
 ----> volume 41 0 0.614305 0.385695 
 ----> volume 42 0 0.533805 0.466195 
 ----> volume 43 0 0.528295 0.471705 
 ----> volume 44 0 0.548584 0.451416 
 ----> volume 45 1 0.497584 0.502416 
 ----> volume 46 1 0.514982 0.485018 
 ----> volume 47 0 0.537882 0.462118 
 ----> volume 48 0 0.574324 0.425676 
 ----> volume 49 1 0.50955 0.49045 
 ----> volume 50 1 0.545297 0.454703 
 ----> volume 51 1 0.515676 0.484324 
 ----> volume 52 0 0.572111 0.427889 
 ----> volume 53 1 0.560928 0.439072 
 ----> volume 54 1 0.531621 0.468379 
 ----> volume 55 0 0.585938 0.414062 
 ----> volume 56 0 0.593864 0.406136 
 ----> volume 57 1 0.547733 0.452267 
 ----> volume 58 0 0.530521 0.469479 
 ----> volume 59 1 0.525721 0.474279 
 ----> volume 60 1 0.529952 0.470048 
 ----> volume 61 0 0.520425 0.479575 
 ----> volume 62 1 0.520486 0.479514 
 ----> volume 63 0 0.566467 0.433533 
 ----> volume 64 1 0.522581 0.477419 
 ----> volume 65 0 0.595665 0.404335 
 ----> volume 66 1 0.510747 0.489253 
 ----> volume 67 0 0.583191 0.416809 
 ----> volume 68 0 0.559896 0.440104 
 ----> volume 69 1 0.51735 0.48265 
 ----> volume 70 1 0.511133 0.488867 
 ----> volume 71 0 0.513033 0.486967 
 ----> volume 72 0 0.518127 0.481873 
 ----> volume 73 1 0.519001 0.480999 
 ----> volume 74 1 0.523665 0.476335 
 ----> volume 75 1 0.530179 0.469821 
 ----> volume 76 0 0.543827 0.456173 
 ----> volume 77 0 0.529423 0.470577 
 ----> volume 78 1 0.516104 0.483896 
 ----> volume 79 0 0.551601 0.448399 
 ----> volume 80 1 0.520111 0.479889 
 ----> volume 81 1 0.535705 0.464295 
 ----> volume 82 1 0.548363 0.451637 
 ----> volume 83 0 0.578757 0.421243 
 ----> volume 84 1 0.555848 0.444152 
 ----> volume 85 0 0.567782 0.432218 
 ----> volume 86 0 0.522527 0.477473 
 ----> volume 87 0 0.505459 0.494541 
 ----> volume 88 0 0.580832 0.419168 
 ----> volume 89 0 0.452134 0.547866 
 ----> volume 90 1 0.478328 0.521672 
 ----> volume 91 0 0.61383 0.38617 
 ----> volume 92 1 0.507779 0.492221 
 ----> volume 93 0 0.559269 0.440731 
 ----> volume 94 1 0.537109 0.462891 
 ----> volume 95 0 0.55052 0.44948 
 ----> volume 96 1 0.524351 0.475649 
 ----> volume 97 0 0.583573 0.416427 
 ----> volume 98 0 0.562473 0.437527 
 ----> volume 99 1 0.512329 0.487671 
 ----> volume 100 0 0.540098 0.459902 
 ----> volume 101 1 0.51517 0.48483 
 ----> volume 102 1 0.505068 0.494932 
 ----> volume 103 0 0.635779 0.364221 
 ----> volume 104 0 0.610225 0.389775 
 ----> volume 105 0 0.520884 0.479116 
 ----> volume 106 0 0.495243 0.504757 
 ----> volume 107 0 0.554834 0.445166 
 ----> volume 108 1 0.532313 0.467687 
 ----> volume 109 0 0.540883 0.459117 
 ----> volume 110 0 0.533546 0.466454 
 ----> volume 111 1 0.510172 0.489828 
 ----> volume 112 0 0.567714 0.432286 
 ----> volume 113 1 0.542464 0.457536 
 ----> volume 114 0 0.548725 0.451275 
 ----> volume 115 0 0.568451 0.431549 
 ----> volume 116 1 0.54194 0.45806 
 ----> volume 117 1 0.522026 0.477974 
 ----> volume 118 1 0.518282 0.481718 
 ----> volume 119 0 0.553218 0.446782 
 ----> volume 120 0 0.525726 0.474274 
 ----> volume 121 0 0.542378 0.457622 
 ----> volume 122 0 0.557962 0.442038 
 ----> volume 123 1 0.4717 0.5283 
 ----> volume 124 1 0.527439 0.472561 
 ----> volume 125 0 0.548599 0.451401 
 ----> volume 126 1 0.539818 0.460182 
 ----> volume 127 0 0.581021 0.418979 
 ----> volume 128 1 0.550434 0.449566 
 ----> volume 129 0 0.553579 0.446421 
 ----> volume 130 0 0.547872 0.452128 
 ----> volume 131 0 0.543267 0.456733 
 ----> volume 132 1 0.517459 0.482541 
 ----> volume 133 0 0.535212 0.464788 
 ----> volume 134 1 0.532512 0.467488 
 ----> volume 135 1 0.541051 0.458949 
 ----> volume 136 0 0.57812 0.42188 
 ----> volume 137 0 0.509927 0.490073 
 ----> volume 138 0 0.516533 0.483467 
 ----> volume 139 0 0.537121 0.462879 
 ----> volume 140 0 0.578145 0.421855 
 ----> volume 141 1 0.477122 0.522878 
 ----> volume 142 0 0.58332 0.41668 
 ----> volume 143 1 0.556482 0.443518 
 ----> volume 144 0 0.524453 0.475547 
 ----> volume 145 0 0.53016 0.46984 
 ----> volume 146 1 0.504563 0.495437 
 ----> volume 147 0 0.552238 0.447762 
 ----> volume 148 1 0.514362 0.485638 
 ----> volume 149 1 0.54373 0.45627 
 ----> volume 150 0 0.558557 0.441443 
 ----> volume 151 0 0.575412 0.424588 
 ----> volume 152 0 0.518601 0.481399 
 ----> volume 153 0 0.553777 0.446223 
 ----> volume 154 1 0.515629 0.484371 
 ----> volume 155 0 0.589537 0.410463 
 ----> volume 156 1 0.498601 0.501399 
 ----> volume 157 1 0.498589 0.501411 
 ----> volume 158 0 0.537072 0.462928 
 ----> volume 159 0 0.56699 0.43301 
 ----> volume 160 0 0.533489 0.466511 
 ----> volume 161 0 0.495283 0.504717 
 ----> volume 162 0 0.553553 0.446447 
 ----> volume 163 1 0.494025 0.505975 
 ----> volume 164 0 0.551064 0.448936 
 ----> volume 165 1 0.524218 0.475782 
 ----> volume 166 0 0.557897 0.442103 
 ----> volume 167 1 0.527639 0.472361 
 ----> volume 168 0 0.49541 0.50459 
 ----> volume 169 1 0.495327 0.504673 
 ----> volume 170 1 0.518762 0.481238 
 ----> volume 171 1 0.511308 0.488692 
 ----> volume 172 0 0.635994 0.364006 
 ----> volume 173 1 0.486053 0.513947 
 ----> volume 174 0 0.609913 0.390087 
 ----> volume 175 1 0.554467 0.445533 
 ----> volume 176 0 0.579466 0.420534 
 ----> volume 177 0 0.536722 0.463278 
 ----> volume 178 0 0.523374 0.476626 
 ----> volume 179 1 0.494049 0.505951 
 ----> volume 180 1 0.574464 0.425536 
 ----> volume 181 1 0.522661 0.477339 
 ----> volume 182 1 0.596427 0.403573 
 ----> volume 183 0 0.620786 0.379214 
 ----> volume 184 1 0.496599 0.503401 
 ----> volume 185 0 0.522071 0.477929 
 ----> volume 186 0 0.558769 0.441231 
 ----> volume 187 0 0.536275 0.463725 
 ----> volume 188 0 0.571678 0.428322 
 ----> volume 189 1 0.520336 0.479664 
 ----> volume 190 0 0.549274 0.450726 
 ----> volume 191 0 0.521544 0.478456 
 ----> volume 192 1 0.478547 0.521453 
 ----> volume 193 0 0.499341 0.500659 
 ----> volume 194 0 0.527776 0.472224 
 ----> volume 195 1 0.483922 0.516078 
 ----> volume 196 1 0.462377 0.537623 
 ----> volume 197 0 0.60702 0.39298 
 ----> volume 198 1 0.464378 0.535622 
 ----> volume 199 0 0.580901 0.419099 
 ----> volume 200 0 0.523242 0.476758 
 ----> volume 201 1 0.51773 0.48227 
 ----> volume 202 1 0.528178 0.471822 
 ----> volume 203 0 0.543418 0.456582 
 ----> volume 204 1 0.56268 0.43732 
 ----> volume 205 0 0.580768 0.419232 
 ----> volume 206 1 0.528139 0.471861 
 ----> volume 207 1 0.55898 0.44102 
 ----> volume 208 0 0.569055 0.430945 
 ----> volume 209 0 0.554599 0.445401 
 ----> volume 210 1 0.49211 0.50789 
 ----> volume 211 0 0.539198 0.460802 
 ----> volume 212 1 0.524393 0.475607 
 ----> volume 213 0 0.507023 0.492977 
 ----> volume 214 0 0.537251 0.462749 
 ----> volume 215 1 0.527853 0.472147 
 ----> volume 216 0 0.568444 0.431556 
 ----> volume 217 1 0.491002 0.508998 
 ----> volume 218 1 0.534369 0.465631 
 ----> volume 219 0 0.562001 0.437999 
 ----> volume 220 1 0.542219 0.457781 
 ----> volume 221 1 0.552948 0.447052 
 ----> volume 222 1 0.502812 0.497188 
 ----> volume 223 0 0.619544 0.380456 
 ----> volume 224 0 0.557946 0.442054 
 ----> volume 225 1 0.525086 0.474914 
 ----> volume 226 0 0.571999 0.428001 
 ----> volume 227 0 0.496254 0.503746 
 ----> volume 228 0 0.558559 0.441441 
 ----> volume 229 0 0.523448 0.476552 
 ----> volume 230 1 0.550454 0.449546 
 ----> volume 231 1 0.537608 0.462392 
 ----> volume 232 0 0.549592 0.450408 
 ----> volume 233 0 0.555767 0.444233 
 ----> volume 234 1 0.501829 0.498171 
 ----> volume 235 1 0.529683 0.470317 
 ----> volume 236 1 0.551613 0.448387 
 ----> volume 237 0 0.570372 0.429628 
 ----> volume 238 1 0.548385 0.451615 
 ----> volume 239 0 0.561578 0.438422 
 ----> volume 240 1 0.536849 0.463151 
 ----> volume 241 0 0.603064 0.396936 
 ----> volume 242 1 0.527148 0.472852 
 ----> volume 243 0 0.535518 0.464482 
 ----> volume 244 1 0.557149 0.442851 
 ----> volume 245 0 0.581853 0.418147 
 ----> volume 246 1 0.539572 0.460428 
 ----> volume 247 0 0.584029 0.415971 
 ----> volume 248 0 0.567049 0.432951 
 ----> volume 249 1 0.48745 0.51255 
 ----> volume 250 1 0.488401 0.511599 
 ----> volume 251 1 0.528737 0.471263 
 ----> volume 252 0 0.614513 0.385487 
 ----> volume 253 1 0.530366 0.469634 
 ----> volume 254 0 0.531126 0.468874 
 ----> volume 255 0 0.556333 0.443667 
 ----> volume 256 0 0.580014 0.419986 
 ----> volume 257 1 0.500784 0.499216 
 ----> volume 258 0 0.532491 0.467509 
 ----> volume 259 0 0.537863 0.462137 
 ----> volume 260 1 0.511808 0.488192 
 ----> volume 261 1 0.535931 0.464069 
 ----> volume 262 1 0.483976 0.516024 
 ----> volume 263 0 0.624342 0.375658 
 ----> volume 264 1 0.527758 0.472242 
 ----> volume 265 1 0.555207 0.444793 
 ----> volume 266 0 0.581041 0.418959 
 ----> volume 267 1 0.506099 0.493901 
 ----> volume 268 0 0.60049 0.39951 
 ----> volume 269 0 0.559467 0.440533 
 ----> volume 270 0 0.534955 0.465045 
 ----> volume 271 1 0.509762 0.490238 
 ----> volume 272 0 0.566508 0.433492 
 ----> volume 273 1 0.548669 0.451331 
 ----> volume 274 0 0.570689 0.429311 
 ----> volume 275 1 0.474429 0.525571 
 ----> volume 276 0 0.517528 0.482472 
 ----> volume 277 0 0.581007 0.418993 
 ----> volume 278 0 0.535393 0.464607 
 ----> volume 279 1 0.476574 0.523426 
 ----> volume 280 0 0.549913 0.450087 
 ----> volume 281 0 0.553593 0.446407 
 ----> volume 282 1 0.493609 0.506391 
 ----> volume 283 0 0.505279 0.494721 
 ----> volume 284 0 0.547128 0.452872 
 ----> volume 285 0 0.516673 0.483327 
 ----> volume 286 1 0.502132 0.497868 
 ----> volume 287 1 0.547772 0.452228 
 ----> volume 288 1 0.542788 0.457212 
 ----> volume 289 0 0.642889 0.357111 
 ----> volume 290 0 0.56976 0.43024 
 ----> volume 291 1 0.494232 0.505768 
 ----> volume 292 0 0.553789 0.446211 
 ----> volume 293 1 0.509539 0.490461 
 ----> volume 294 1 0.471083 0.528917 
 ----> volume 295 0 0.570918 0.429082 
 ----> volume 296 1 0.558274 0.441726 
 ----> volume 297 0 0.563171 0.436829 
 ----> volume 298 1 0.552437 0.447563 
 ----> volume 299 0 0.614092 0.385908 
 ----> volume 300 0 0.556577 0.443423 
 ----> volume 301 0 0.537053 0.462947 
 ----> volume 302 1 0.503187 0.496813 
 ----> volume 303 1 0.560141 0.439859 
 ----> volume 304 0 0.559575 0.440425 
 ----> volume 305 1 0.540654 0.459346 
 ----> volume 306 0 0.562333 0.437667 
 ----> volume 307 0 0.549896 0.450104 
 ----> volume 308 1 0.529191 0.470809 
 ----> volume 309 0 0.536833 0.463167 
 ----> volume 310 1 0.484272 0.515728 
 ----> volume 311 0 0.549019 0.450981 
 ----> volume 312 1 0.513852 0.486148 
 ----> volume 313 0 0.566048 0.433952 
 ----> volume 314 0 0.553732 0.446268 
 ----> volume 315 0 0.512173 0.487827 
 ----> volume 316 1 0.542212 0.457788 
 ----> volume 317 1 0.533003 0.466997 
 ----> volume 318 0 0.590153 0.409847 
 ----> volume 319 1 0.507172 0.492828 
 ----> volume 320 1 0.535851 0.464149 
 ----> volume 321 1 0.568764 0.431236 
 ----> volume 322 0 0.571404 0.428596 
 ----> volume 323 0 0.560443 0.439557 
 ----> volume 324 1 0.52501 0.47499 
 ----> volume 325 0 0.567023 0.432977 
 ----> volume 326 0 0.551979 0.448021 
 ----> volume 327 1 0.484713 0.515287 
 ----> volume 328 0 0.54948 0.45052 
 ----> volume 329 0 0.520772 0.479228 
 ----> volume 330 1 0.524366 0.475634 
 ----> volume 331 0 0.535749 0.464251 
 ----> volume 332 0 0.541866 0.458134 
 ----> volume 333 1 0.540275 0.459725 
 ----> volume 334 1 0.527867 0.472133 
 ----> volume 335 0 0.567804 0.432196 
 ----> volume 336 1 0.532802 0.467198 
 ----> volume 337 0 0.632339 0.367661 
 ----> volume 338 1 0.508894 0.491106 
 ----> volume 339 0 0.597481 0.402519 
 ----> volume 340 1 0.542662 0.457338 
 ----> volume 341 0 0.562271 0.437729 
 ----> volume 342 1 0.543525 0.456475 
 ----> volume 343 0 0.582303 0.417697 
 ----> volume 344 0 0.555605 0.444395 
 ----> volume 345 0 0.524397 0.475603 
 ----> volume 346 1 0.529163 0.470837 
 ----> volume 347 0 0.518288 0.481712 
 ----> volume 348 0 0.54286 0.45714 
 ----> volume 349 1 0.517331 0.482669 
 ----> volume 350 1 0.508435 0.491565 
 ----> volume 351 0 0.534684 0.465316 
 ----> volume 352 0 0.560905 0.439095 
 ----> volume 353 1 0.499965 0.500035 
 ----> volume 354 0 0.550471 0.449529 
 ----> volume 355 1 0.507373 0.492627 
 ----> volume 356 1 0.533292 0.466708 
 ----> volume 357 1 0.515395 0.484605 
 ----> volume 358 0 0.638206 0.361794 
 ----> volume 359 0 0.582566 0.417434 
 ----> volume 360 1 0.506317 0.493683 
 ----> volume 361 1 0.513387 0.486613 
 ----> volume 362 0 0.562045 0.437955 
 ----> volume 363 0 0.503718 0.496282 
 ----> volume 364 0 0.58874 0.41126 
 ----> volume 365 0 0.529904 0.470096 
 ----> volume 366 1 0.502866 0.497134 
 ----> volume 367 0 0.593528 0.406472 
 ----> volume 368 0 0.571088 0.428912 
 ----> volume 369 0 0.512515 0.487485 
 ----> volume 370 1 0.526789 0.473211 
 ----> volume 371 0 0.586288 0.413712 
 ----> volume 372 1 0.536812 0.463188 
 ----> volume 373 0 0.539761 0.460239 
 ----> volume 374 0 0.525006 0.474994 
 ----> volume 375 1 0.530733 0.469267 
 ----> volume 376 0 0.57238 0.42762 
 ----> volume 377 1 0.487884 0.512116 
 ----> volume 378 1 0.511281 0.488719 
 ----> volume 379 0 0.546133 0.453867 
 ----> volume 380 0 0.542466 0.457534 
 ----> volume 381 1 0.5372 0.4628 
 ----> volume 382 1 0.512838 0.487162 
 ----> volume 383 1 0.535521 0.464479 
 ----> volume 384 0 0.576685 0.423315 
 ----> volume 385 1 0.506757 0.493243 
 ----> volume 386 0 0.559644 0.440356 
 ----> volume 387 1 0.459854 0.540146 
 ----> volume 388 1 0.57021 0.42979 
 ----> volume 389 0 0.598182 0.401818 
 ----> volume 390 0 0.51797 0.48203 
 ----> volume 391 0 0.510312 0.489688 
 ----> volume 392 1 0.530348 0.469652 
 ----> volume 393 1 0.497888 0.502112 
 ----> volume 394 1 0.526378 0.473622 
 ----> volume 395 0 0.593725 0.406275 
 ----> volume 396 0 0.531461 0.468539 
 ----> volume 397 0 0.542224 0.457776 
 ----> volume 398 1 0.475439 0.524561 
 ----> volume 399 1 0.575768 0.424232 
 ----> volume 400 1 0.524659 0.475341 
 ----> volume 401 0 0.622295 0.377705 
 ----> volume 402 0 0.603903 0.396097 
 ----> volume 403 0 0.485859 0.514141 
 ----> volume 404 1 0.522517 0.477483 
 ----> volume 405 1 0.519619 0.480381 
 ----> volume 406 1 0.522251 0.477749 
 ----> volume 407 1 0.611952 0.388048 
 ----> volume 408 0 0.598599 0.401401 
 ----> volume 409 0 0.602559 0.397441 
 ----> volume 410 0 0.510118 0.489882 
 ----> volume 411 0 0.510857 0.489143 
 ----> volume 412 1 0.555513 0.444487 
 ----> volume 413 1 0.501629 0.498371 
 ----> volume 414 0 0.561816 0.438184 
 ----> volume 415 1 0.537704 0.462296 
 ----> volume 416 0 0.585657 0.414343 
 ----> volume 417 0 0.535581 0.464419 
 ----> volume 418 1 0.492092 0.507908 
 ----> volume 419 1 0.525104 0.474896 
 ----> volume 420 1 0.529003 0.470997 
 ----> volume 421 0 0.578557 0.421443 
 ----> volume 422 0 0.558997 0.441003 
 ----> volume 423 1 0.491704 0.508296 
 ----> volume 424 0 0.557113 0.442887 
 ----> volume 425 0 0.543566 0.456434 
 ----> volume 426 1 0.499715 0.500285 
 ----> volume 427 0 0.524721 0.475279 
 ----> volume 428 0 0.549392 0.450608 
 ----> volume 429 0 0.519008 0.480992 
 ----> volume 430 0 0.533605 0.466395 
 ----> volume 431 1 0.509956 0.490044 
 ----> volume 432 1 0.516775 0.483225 
 ----> volume 433 1 0.564902 0.435098 
 ----> volume 434 0 0.597652 0.402348 
 ----> volume 435 1 0.558794 0.441206 
 ----> volume 436 0 0.529742 0.470258 
 ----> volume 437 0 0.517567 0.482433 
 ----> volume 438 0 0.544474 0.455526 
 ----> volume 439 0 0.541032 0.458968 
 ----> volume 440 1 0.507062 0.492938 
 ----> volume 441 0 0.542593 0.457407 
 ----> volume 442 1 0.481046 0.518954 
 ----> volume 443 1 0.553295 0.446705 
 ----> volume 444 0 0.543624 0.456376 
 ----> volume 445 1 0.500478 0.499522 
 ----> volume 446 0 0.590783 0.409217 
 ----> volume 447 0 0.545681 0.454319 
 ----> volume 448 1 0.552071 0.447929 
 ----> volume 449 1 0.529256 0.470744 
 ----> volume 450 0 0.553665 0.446335 
 ----> volume 451 0 0.549524 0.450476 
 ----> volume 452 1 0.515967 0.484033 
 ----> volume 453 0 0.537173 0.462827 
 ----> volume 454 1 0.532228 0.467772 
 ----> volume 455 0 0.554738 0.445262 
 ----> volume 456 0 0.51094 0.48906 
 ----> volume 457 0 0.61082 0.38918 
 ----> volume 458 1 0.460687 0.539313 
 ----> volume 459 0 0.616705 0.383295 
 ----> volume 460 1 0.485952 0.514048 
 ----> volume 461 1 0.479438 0.520562 
 ----> volume 462 0 0.551403 0.448597 
 ----> volume 463 1 0.508893 0.491107 
 ----> volume 464 0 0.611413 0.388587 
 ----> volume 465 1 0.530457 0.469543 
 ----> volume 466 0 0.578001 0.421999 
 ----> volume 467 1 0.528113 0.471887 
 ----> volume 468 0 0.543987 0.456013 
 ----> volume 469 1 0.53085 0.46915 
 ----> volume 470 0 0.571203 0.428797 
 ----> volume 471 1 0.536308 0.463692 
 ----> volume 472 0 0.570536 0.429464 
 ----> volume 473 1 0.487341 0.512659 
 ----> volume 474 0 0.622532 0.377468 
 ----> volume 475 0 0.539388 0.460612 
 ----> volume 476 1 0.475701 0.524299 
 ----> volume 477 1 0.525615 0.474385 
 ----> volume 478 1 0.561697 0.438303 
 ----> volume 479 0 0.621163 0.378837 
 ----> volume 480 0 0.553666 0.446334 
 ----> volume 481 1 0.529251 0.470749 
 ----> volume 482 0 0.579582 0.420418 
 ----> volume 483 0 0.553927 0.446073 
 ----> volume 484 1 0.512013 0.487987 
 ----> volume 485 0 0.52773 0.47227 
 ----> volume 486 0 0.553335 0.446665 
 ----> volume 487 1 0.49869 0.50131 
 ----> volume 488 0 0.529403 0.470597 
 ----> volume 489 1 0.468811 0.531189 
 ----> volume 490 0 0.559988 0.440012 
 ----> volume 491 1 0.503786 0.496214 
 ----> volume 492 0 0.534691 0.465309 
 ----> volume 493 0 0.499963 0.500037 
 ----> volume 494 1 0.495525 0.504475 
 ----> volume 495 0 0.522492 0.477508 
 ----> volume 496 1 0.510234 0.489766 
 ----> volume 497 0 0.545626 0.454374 
 ----> volume 498 1 0.56948 0.43052 
 ----> volume 499 0 0.576117 0.423883 
 ----> volume 500 1 0.460455 0.539545 
 ----> volume 501 0 0.554021 0.445979 
 ----> volume 502 1 0.513219 0.486781 
 ----> volume 503 1 0.545082 0.454918 
 ----> volume 504 1 0.543432 0.456568 
 ----> volume 505 0 0.571683 0.428317 
 ----> volume 506 0 0.551888 0.448112 
 ----> volume 507 1 0.507459 0.492541 
 ----> volume 508 1 0.54633 0.45367 
 ----> volume 509 1 0.487396 0.512604 
 ----> volume 510 0 0.601272 0.398728 
 ----> volume 511 0 0.536968 0.463032 
 ----> volume 512 0 0.516709 0.483291 
 ----> volume 513 1 0.5223 0.4777 
 ----> volume 514 1 0.512572 0.487428 
 ----> volume 515 0 0.573574 0.426426 
 ----> volume 516 0 0.54267 0.45733 
 ----> volume 517 1 0.507745 0.492255 
 ----> volume 518 1 0.519012 0.480988 
 ----> volume 519 0 0.539476 0.460524 
 ----> volume 520 1 0.548431 0.451569 
 ----> volume 521 1 0.470527 0.529473 
 ----> volume 522 0 0.560129 0.439871 
 ----> volume 523 1 0.53922 0.46078 
 ----> volume 524 0 0.565009 0.434991 
 ----> volume 525 0 0.523701 0.476299 
 ----> volume 526 0 0.510715 0.489285 
 ----> volume 527 1 0.479909 0.520091 
 ----> volume 528 0 0.538055 0.461945 
 ----> volume 529 1 0.543845 0.456155 
 ----> volume 530 0 0.549358 0.450642 
 ----> volume 531 1 0.506312 0.493688 
 ----> volume 532 0 0.535781 0.464219 
 ----> volume 533 1 0.550046 0.449954 
 ----> volume 534 0 0.547488 0.452512 
 ----> volume 535 0 0.50842 0.49158 
 ----> volume 536 1 0.493002 0.506998 
 ----> volume 537 1 0.528855 0.471145 
 ----> volume 538 0 0.546765 0.453235 
 ----> volume 539 1 0.563817 0.436183 
 ----> volume 540 1 0.533534 0.466466 
 ----> volume 541 0 0.542609 0.457391 
 ----> volume 542 0 0.532575 0.467425 
 ----> volume 543 1 0.511054 0.488946 
 ----> volume 544 1 0.497473 0.502527 
 ----> volume 545 0 0.539926 0.460074 
 ----> volume 546 0 0.527574 0.472426 
 ----> volume 547 1 0.484925 0.515075 
 ----> volume 548 1 0.542815 0.457185 
 ----> volume 549 0 0.564213 0.435787 
 ----> volume 550 0 0.53051 0.46949 
 ----> volume 551 1 0.533014 0.466986 
 ----> volume 552 0 0.54523 0.45477 
 ----> volume 553 1 0.539655 0.460345 
 ----> volume 554 0 0.502593 0.497407 
 ----> volume 555 0 0.550203 0.449797 
 ----> volume 556 0 0.558148 0.441852 
 ----> volume 557 1 0.516537 0.483463 
 ----> volume 558 1 0.493629 0.506371 
 ----> volume 559 1 0.525623 0.474377 
 ----> volume 560 0 0.565744 0.434256 
 ----> volume 561 0 0.562828 0.437172 
 ----> volume 562 1 0.497213 0.502787 
 ----> volume 563 0 0.558054 0.441946 
 ----> volume 564 0 0.521506 0.478494 
 ----> volume 565 1 0.515848 0.484152 
 ----> volume 566 0 0.551199 0.448801 
 ----> volume 567 0 0.522646 0.477354 
 ----> volume 568 0 0.457846 0.542154 
 ----> volume 569 0 0.534904 0.465096 
 ----> volume 570 1 0.516349 0.483651 
 ----> volume 571 1 0.528119 0.471881 
 ----> volume 572 0 0.562448 0.437552 
 ----> volume 573 0 0.536687 0.463313 
 ----> volume 574 0 0.533118 0.466882 
 ----> volume 575 1 0.515911 0.484089 
 ----> volume 576 1 0.515199 0.484801 
 ----> volume 577 0 0.592716 0.407284 
 ----> volume 578 0 0.590788 0.409212 
 ----> volume 579 0 0.517921 0.482079 
 ----> volume 580 1 0.51631 0.48369 
 ----> volume 581 0 0.533234 0.466766 
 ----> volume 582 0 0.537168 0.462832 
 ----> volume 583 1 0.486546 0.513454 
 ----> volume 584 1 0.552911 0.447089 
 ----> volume 585 0 0.570311 0.429689 
 ----> volume 586 0 0.563638 0.436362 
 ----> volume 587 1 0.542391 0.457609 
 ----> volume 588 1 0.515947 0.484053 
 ----> volume 589 1 0.55911 0.44089 
 ----> volume 590 0 0.624671 0.375329 
 ----> volume 591 1 0.502478 0.497522 
 ----> volume 592 1 0.538633 0.461367 
 ----> volume 593 0 0.590847 0.409153 
 ----> volume 594 0 0.586201 0.413799 
 ----> volume 595 1 0.470442 0.529558 
 ----> volume 596 1 0.549193 0.450807 
 ----> volume 597 0 0.591774 0.408226 
 ----> volume 598 1 0.508641 0.491359 
 ----> volume 599 1 0.589602 0.410398 
 ----> volume 600 0 0.58119 0.41881 
 ----> volume 601 1 0.52947 0.47053 
 ----> volume 602 1 0.523481 0.476519 
 ----> volume 603 0 0.514237 0.485763 
 ----> volume 604 0 0.523618 0.476382 
 ----> volume 605 0 0.510525 0.489475 
 ----> volume 606 1 0.506893 0.493107 
 ----> volume 607 1 0.521353 0.478647 
 ----> volume 608 0 0.559691 0.440309 
 ----> volume 609 0 0.554156 0.445844 
 ----> volume 610 0 0.55503 0.44497 
 ----> volume 611 1 0.526215 0.473785 
 ----> volume 612 0 0.536184 0.463816 
 ----> volume 613 1 0.515293 0.484707 
 ----> volume 614 0 0.555561 0.444439 
 ----> volume 615 1 0.536296 0.463704 
 ----> volume 616 0 0.548519 0.451481 
 ----> volume 617 1 0.502689 0.497311 
 ----> volume 618 1 0.506795 0.493205 
 ----> volume 619 1 0.524121 0.475879 
 ----> volume 620 1 0.539204 0.460796 
 ----> volume 621 0 0.621388 0.378612 
 ----> volume 622 0 0.571868 0.428132 
 ----> volume 623 0 0.524167 0.475833 
 ----> volume 624 0 0.54289 0.45711 
 ----> volume 625 0 0.529016 0.470984 
 ----> volume 626 0 0.622502 0.377498 
 ----> volume 627 0 0.4978 0.5022 
 ----> volume 628 1 0.468417 0.531583 
 ----> volume 629 1 0.573017 0.426983 
 ----> volume 630 0 0.577288 0.422712 
 ----> volume 631 1 0.557889 0.442111 
 ----> volume 632 1 0.503778 0.496222 
 ----> volume 633 0 0.609634 0.390366 
 ----> volume 634 1 0.529881 0.470119 
 ----> volume 635 0 0.504826 0.495174 
 ----> volume 636 1 0.56493 0.43507 
 ----> volume 637 0 0.600424 0.399576 
 ----> volume 638 0 0.56132 0.43868 
 ----> volume 639 1 0.508993 0.491007 
 ----> volume 640 1 0.499018 0.500982 
 ----> volume 641 0 0.540792 0.459208 
 ----> volume 642 0 0.544045 0.455955 
 ----> volume 643 0 0.514813 0.485187 
 ----> volume 644 0 0.546457 0.453543 
 ----> volume 645 0 0.541097 0.458903 
 ----> volume 646 0 0.526619 0.473381 
 ----> volume 647 1 0.505943 0.494057 
 ----> volume 648 0 0.549543 0.450457 
 ----> volume 649 1 0.514347 0.485653 
 ----> volume 650 1 0.519158 0.480842 
 ----> volume 651 1 0.500369 0.499631 
 ----> volume 652 0 0.601677 0.398323 
 ----> volume 653 1 0.564109 0.435891 
 ----> volume 654 1 0.549396 0.450604 
 ----> volume 655 0 0.573585 0.426415 
 ----> volume 656 0 0.547045 0.452955 
 ----> volume 657 0 0.552885 0.447115 
 ----> volume 658 1 0.476024 0.523976 
 ----> volume 659 1 0.549423 0.450577 
 ----> volume 660 0 0.554797 0.445203 
 ----> volume 661 0 0.505072 0.494928 
 ----> volume 662 1 0.49028 0.50972 
 ----> volume 663 0 0.535786 0.464214 
 ----> volume 664 1 0.539013 0.460987 
 ----> volume 665 1 0.539132 0.460868 
 ----> volume 666 0 0.585573 0.414427 
 ----> volume 667 0 0.532109 0.467891 
 ----> volume 668 1 0.524575 0.475425 
 ----> volume 669 0 0.547371 0.452629 
 ----> volume 670 0 0.561639 0.438361 
 ----> volume 671 1 0.470648 0.529352 
 ----> volume 672 0 0.554177 0.445823 
 ----> volume 673 1 0.520759 0.479241 
 ----> volume 674 1 0.542563 0.457437 
 ----> volume 675 1 0.549743 0.450257 
 ----> volume 676 0 0.591332 0.408668 
 ----> volume 677 0 0.566878 0.433122 
 ----> volume 678 1 0.548576 0.451424 
 ----> volume 679 0 0.560904 0.439096 
 ----> volume 680 1 0.476717 0.523283 
 ----> volume 681 0 0.558214 0.441786 
 ----> volume 682 0 0.552008 0.447992 
 ----> volume 683 1 0.518366 0.481634 
 ----> volume 684 0 0.517365 0.482635 
 ----> volume 685 1 0.539283 0.460717 
 ----> volume 686 0 0.538296 0.461704 
 ----> volume 687 0 0.486742 0.513258 
 ----> volume 688 1 0.522906 0.477094 
 ----> volume 689 0 0.529084 0.470916 
 ----> volume 690 0 0.490595 0.509405 
 ----> volume 691 1 0.457609 0.542391 
 ----> volume 692 0 0.587165 0.412835 
 ----> volume 693 1 0.523796 0.476204 
 ----> volume 694 1 0.536349 0.463651 
 ----> volume 695 1 0.528959 0.471041 
 ----> volume 696 0 0.62004 0.37996 
 ----> volume 697 0 0.569359 0.430641 
 ----> volume 698 0 0.520064 0.479936 
 ----> volume 699 1 0.512048 0.487952 
 ----> volume 700 1 0.537991 0.462009 
 ----> volume 701 0 0.561066 0.438934 
 ----> volume 702 0 0.540526 0.459474 
 ----> volume 703 1 0.502985 0.497015 
 ----> volume 704 1 0.545943 0.454057 
 ----> volume 705 0 0.59332 0.40668 
 ----> volume 706 1 0.517546 0.482454 
 ----> volume 707 1 0.561105 0.438895 
 ----> volume 708 1 0.548354 0.451646 
 ----> volume 709 1 0.564506 0.435494 
 ----> volume 710 0 0.594545 0.405455 
 ----> volume 711 0 0.554667 0.445333 
 ----> volume 712 1 0.617381 0.382619 
 ----> volume 713 0 0.611576 0.388424 
 ----> volume 714 1 0.529483 0.470517 
 ----> volume 715 0 0.533857 0.466143 
 ----> volume 716 1 0.539723 0.460277 
 ----> volume 717 0 0.576127 0.423873 
 ----> volume 718 1 0.523034 0.476966 
