 ----> volume 1 1 0 0 
 ----> volume 2 0 0.536345 0.463655 
 ----> volume 3 1 0.523186 0.476814 
 ----> volume 4 0 0.53403 0.46597 
 ----> volume 5 0 0.545753 0.454247 
 ----> volume 6 1 0.599486 0.400514 
 ----> volume 7 0 0.565346 0.434654 
 ----> volume 8 0 0.542124 0.457876 
 ----> volume 9 1 0.538097 0.461903 
 ----> volume 10 1 0.539275 0.460725 
 ----> volume 11 0 0.579685 0.420315 
 ----> volume 12 0 0.535276 0.464724 
 ----> volume 13 0 0.559546 0.440454 
 ----> volume 14 1 0.50659 0.49341 
 ----> volume 15 0 0.539488 0.460512 
 ----> volume 16 1 0.547453 0.452547 
 ----> volume 17 1 0.484175 0.515825 
 ----> volume 18 0 0.576094 0.423906 
 ----> volume 19 1 0.472789 0.527211 
 ----> volume 20 0 0.563943 0.436057 
 ----> volume 21 0 0.521933 0.478067 
 ----> volume 22 1 0.550418 0.449582 
 ----> volume 23 0 0.492942 0.507058 
 ----> volume 24 0 0.57833 0.42167 
 ----> volume 25 1 0.512672 0.487328 
 ----> volume 26 0 0.610846 0.389154 
 ----> volume 27 1 0.509306 0.490694 
 ----> volume 28 1 0.524004 0.475996 
 ----> volume 29 0 0.582323 0.417677 
 ----> volume 30 0 0.530748 0.469252 
 ----> volume 31 0 0.594007 0.405993 
 ----> volume 32 0 0.510117 0.489883 
 ----> volume 33 1 0.517171 0.482829 
 ----> volume 34 0 0.561103 0.438897 
 ----> volume 35 1 0.526995 0.473005 
 ----> volume 36 0 0.561658 0.438342 
 ----> volume 37 0 0.543694 0.456306 
 ----> volume 38 1 0.530288 0.469712 
 ----> volume 39 1 0.558457 0.441543 
 ----> volume 40 1 0.522663 0.477337 
 ----> volume 41 0 0.581408 0.418592 
 ----> volume 42 0 0.519513 0.480487 
 ----> volume 43 0 0.546471 0.453529 
 ----> volume 44 0 0.535707 0.464293 
 ----> volume 45 1 0.543514 0.456486 
 ----> volume 46 1 0.523837 0.476163 
 ----> volume 47 0 0.587606 0.412394 
 ----> volume 48 0 0.54277 0.45723 
 ----> volume 49 1 0.530492 0.469508 
 ----> volume 50 1 0.548797 0.451203 
 ----> volume 51 1 0.479136 0.520864 
 ----> volume 52 0 0.56736 0.43264 
 ----> volume 53 1 0.462207 0.537793 
 ----> volume 54 1 0.507187 0.492813 
 ----> volume 55 0 0.529136 0.470864 
 ----> volume 56 0 0.528752 0.471248 
 ----> volume 57 1 0.534492 0.465508 
 ----> volume 58 0 0.544995 0.455005 
 ----> volume 59 1 0.560855 0.439145 
 ----> volume 60 1 0.495753 0.504247 
 ----> volume 61 0 0.566341 0.433659 
 ----> volume 62 1 0.52025 0.47975 
 ----> volume 63 0 0.533103 0.466897 
 ----> volume 64 1 0.449794 0.550206 
 ----> volume 65 0 0.570163 0.429837 
 ----> volume 66 1 0.554663 0.445337 
 ----> volume 67 0 0.543482 0.456518 
 ----> volume 68 0 0.540555 0.459445 
 ----> volume 69 1 0.538883 0.461117 
 ----> volume 70 1 0.49396 0.50604 
 ----> volume 71 0 0.542486 0.457514 
 ----> volume 72 0 0.572319 0.427681 
 ----> volume 73 1 0.531218 0.468782 
 ----> volume 74 1 0.477643 0.522357 
 ----> volume 75 1 0.526654 0.473346 
 ----> volume 76 0 0.538913 0.461087 
 ----> volume 77 0 0.537963 0.462037 
 ----> volume 78 1 0.52321 0.47679 
 ----> volume 79 0 0.538521 0.461479 
 ----> volume 80 1 0.551786 0.448214 
 ----> volume 81 1 0.55311 0.44689 
 ----> volume 82 1 0.489492 0.510508 
 ----> volume 83 0 0.566854 0.433146 
 ----> volume 84 1 0.576737 0.423263 
 ----> volume 85 0 0.530863 0.469137 
 ----> volume 86 0 0.599991 0.400009 
 ----> volume 87 0 0.539831 0.460169 
 ----> volume 88 0 0.558277 0.441723 
 ----> volume 89 0 0.527658 0.472342 
 ----> volume 90 1 0.542241 0.457759 
 ----> volume 91 0 0.540773 0.459227 
 ----> volume 92 1 0.513513 0.486487 
 ----> volume 93 0 0.545146 0.454854 
 ----> volume 94 1 0.535456 0.464544 
 ----> volume 95 0 0.555247 0.444753 
 ----> volume 96 1 0.5306 0.4694 
 ----> volume 97 0 0.548713 0.451287 
 ----> volume 98 0 0.550701 0.449299 
 ----> volume 99 1 0.526996 0.473004 
 ----> volume 100 0 0.549274 0.450726 
 ----> volume 101 1 0.503047 0.496953 
 ----> volume 102 1 0.566475 0.433525 
 ----> volume 103 0 0.528266 0.471734 
 ----> volume 104 0 0.556088 0.443912 
 ----> volume 105 0 0.460344 0.539656 
 ----> volume 106 0 0.540014 0.459986 
 ----> volume 107 0 0.530758 0.469242 
 ----> volume 108 1 0.505199 0.494801 
 ----> volume 109 0 0.546473 0.453527 
 ----> volume 110 0 0.561542 0.438458 
 ----> volume 111 1 0.503349 0.496651 
 ----> volume 112 0 0.539484 0.460516 
 ----> volume 113 1 0.54083 0.45917 
 ----> volume 114 0 0.561457 0.438543 
 ----> volume 115 0 0.549117 0.450883 
 ----> volume 116 1 0.498638 0.501362 
 ----> volume 117 1 0.515582 0.484418 
 ----> volume 118 1 0.531086 0.468914 
 ----> volume 119 0 0.584248 0.415752 
 ----> volume 120 0 0.533866 0.466134 
 ----> volume 121 0 0.560412 0.439588 
 ----> volume 122 0 0.582642 0.417358 
 ----> volume 123 1 0.499392 0.500608 
 ----> volume 124 1 0.527114 0.472886 
 ----> volume 125 0 0.541954 0.458046 
 ----> volume 126 1 0.541757 0.458243 
 ----> volume 127 0 0.58152 0.41848 
 ----> volume 128 1 0.509958 0.490042 
 ----> volume 129 0 0.558752 0.441248 
 ----> volume 130 0 0.5591 0.4409 
 ----> volume 131 0 0.502229 0.497771 
 ----> volume 132 1 0.488093 0.511907 
 ----> volume 133 0 0.600978 0.399022 
 ----> volume 134 1 0.515756 0.484244 
 ----> volume 135 1 0.509795 0.490205 
 ----> volume 136 0 0.602406 0.397594 
 ----> volume 137 0 0.629566 0.370434 
 ----> volume 138 0 0.539675 0.460325 
 ----> volume 139 0 0.583937 0.416063 
 ----> volume 140 0 0.544883 0.455117 
 ----> volume 141 1 0.476002 0.523998 
 ----> volume 142 0 0.596157 0.403843 
 ----> volume 143 1 0.510113 0.489887 
 ----> volume 144 0 0.553058 0.446942 
 ----> volume 145 0 0.545222 0.454778 
 ----> volume 146 1 0.532768 0.467232 
 ----> volume 147 0 0.591531 0.408469 
 ----> volume 148 1 0.48857 0.51143 
 ----> volume 149 1 0.503166 0.496834 
 ----> volume 150 0 0.555501 0.444499 
 ----> volume 151 0 0.535097 0.464903 
 ----> volume 152 0 0.517334 0.482666 
 ----> volume 153 0 0.514271 0.485729 
 ----> volume 154 1 0.545599 0.454401 
 ----> volume 155 0 0.518804 0.481196 
 ----> volume 156 1 0.539476 0.460524 
 ----> volume 157 1 0.559678 0.440322 
 ----> volume 158 0 0.547515 0.452485 
 ----> volume 159 0 0.559752 0.440248 
 ----> volume 160 0 0.517088 0.482912 
 ----> volume 161 0 0.553773 0.446227 
 ----> volume 162 0 0.530982 0.469018 
 ----> volume 163 1 0.547169 0.452831 
 ----> volume 164 0 0.5461 0.4539 
 ----> volume 165 1 0.532159 0.467841 
 ----> volume 166 0 0.553876 0.446124 
 ----> volume 167 1 0.48985 0.51015 
 ----> volume 168 0 0.570682 0.429318 
 ----> volume 169 1 0.496823 0.503177 
 ----> volume 170 1 0.538934 0.461066 
 ----> volume 171 1 0.547676 0.452324 
 ----> volume 172 0 0.600898 0.399102 
 ----> volume 173 1 0.549719 0.450281 
 ----> volume 174 0 0.535265 0.464735 
 ----> volume 175 1 0.516835 0.483165 
 ----> volume 176 0 0.516032 0.483968 
 ----> volume 177 0 0.558586 0.441414 
 ----> volume 178 0 0.525788 0.474212 
 ----> volume 179 1 0.510135 0.489865 
 ----> volume 180 1 0.538554 0.461446 
 ----> volume 181 1 0.509065 0.490935 
 ----> volume 182 1 0.537586 0.462414 
 ----> volume 183 0 0.570586 0.429414 
 ----> volume 184 1 0.534838 0.465162 
 ----> volume 185 0 0.564808 0.435192 
 ----> volume 186 0 0.519341 0.480659 
 ----> volume 187 0 0.612182 0.387818 
 ----> volume 188 0 0.585353 0.414647 
 ----> volume 189 1 0.551344 0.448656 
 ----> volume 190 0 0.544177 0.455823 
 ----> volume 191 0 0.547038 0.452962 
 ----> volume 192 1 0.545542 0.454458 
 ----> volume 193 0 0.514474 0.485526 
 ----> volume 194 0 0.611685 0.388315 
 ----> volume 195 1 0.538456 0.461544 
 ----> volume 196 1 0.486471 0.513529 
 ----> volume 197 0 0.655771 0.344229 
 ----> volume 198 1 0.50548 0.49452 
 ----> volume 199 0 0.533588 0.466412 
 ----> volume 200 0 0.596851 0.403149 
 ----> volume 201 1 0.572932 0.427068 
 ----> volume 202 1 0.487524 0.512476 
 ----> volume 203 0 0.556685 0.443315 
 ----> volume 204 1 0.537414 0.462586 
 ----> volume 205 0 0.567753 0.432247 
 ----> volume 206 1 0.54296 0.45704 
 ----> volume 207 1 0.519108 0.480892 
 ----> volume 208 0 0.562187 0.437813 
 ----> volume 209 0 0.558038 0.441962 
 ----> volume 210 1 0.527956 0.472044 
 ----> volume 211 0 0.560475 0.439525 
 ----> volume 212 1 0.539408 0.460592 
 ----> volume 213 0 0.567407 0.432593 
 ----> volume 214 0 0.546157 0.453843 
 ----> volume 215 1 0.527752 0.472248 
 ----> volume 216 0 0.563955 0.436045 
 ----> volume 217 1 0.560497 0.439503 
 ----> volume 218 1 0.486344 0.513656 
 ----> volume 219 0 0.625306 0.374694 
 ----> volume 220 1 0.515939 0.484061 
 ----> volume 221 1 0.568984 0.431016 
 ----> volume 222 1 0.499595 0.500405 
 ----> volume 223 0 0.55898 0.44102 
 ----> volume 224 0 0.569838 0.430162 
 ----> volume 225 1 0.512003 0.487997 
 ----> volume 226 0 0.575499 0.424501 
 ----> volume 227 0 0.545629 0.454371 
 ----> volume 228 0 0.536156 0.463844 
 ----> volume 229 0 0.535539 0.464461 
 ----> volume 230 1 0.508402 0.491598 
 ----> volume 231 1 0.536731 0.463269 
 ----> volume 232 0 0.514504 0.485496 
 ----> volume 233 0 0.541766 0.458234 
 ----> volume 234 1 0.541907 0.458093 
 ----> volume 235 1 0.53414 0.46586 
 ----> volume 236 1 0.491276 0.508724 
 ----> volume 237 0 0.542937 0.457063 
 ----> volume 238 1 0.493527 0.506473 
 ----> volume 239 0 0.547263 0.452737 
 ----> volume 240 1 0.543354 0.456646 
 ----> volume 241 0 0.560098 0.439902 
 ----> volume 242 1 0.544521 0.455479 
 ----> volume 243 0 0.549529 0.450471 
 ----> volume 244 1 0.562041 0.437959 
 ----> volume 245 0 0.56195 0.43805 
 ----> volume 246 1 0.483214 0.516786 
 ----> volume 247 0 0.544159 0.455841 
 ----> volume 248 0 0.537372 0.462628 
 ----> volume 249 1 0.51128 0.48872 
 ----> volume 250 1 0.505916 0.494084 
 ----> volume 251 1 0.523803 0.476197 
 ----> volume 252 0 0.545587 0.454413 
 ----> volume 253 1 0.506129 0.493871 
 ----> volume 254 0 0.583733 0.416267 
 ----> volume 255 0 0.524451 0.475549 
 ----> volume 256 0 0.547583 0.452417 
 ----> volume 257 1 0.527026 0.472974 
 ----> volume 258 0 0.583276 0.416724 
 ----> volume 259 0 0.569941 0.430059 
 ----> volume 260 1 0.561829 0.438171 
 ----> volume 261 1 0.548374 0.451626 
 ----> volume 262 1 0.549673 0.450327 
 ----> volume 263 0 0.546589 0.453411 
 ----> volume 264 1 0.497226 0.502774 
 ----> volume 265 1 0.601303 0.398697 
 ----> volume 266 0 0.568906 0.431094 
 ----> volume 267 1 0.552371 0.447629 
 ----> volume 268 0 0.531034 0.468966 
 ----> volume 269 0 0.562623 0.437377 
 ----> volume 270 0 0.578109 0.421891 
 ----> volume 271 1 0.468224 0.531776 
 ----> volume 272 0 0.558954 0.441046 
 ----> volume 273 1 0.467136 0.532864 
 ----> volume 274 0 0.587199 0.412801 
 ----> volume 275 1 0.494885 0.505115 
 ----> volume 276 0 0.48604 0.51396 
 ----> volume 277 0 0.651266 0.348734 
 ----> volume 278 0 0.648455 0.351545 
 ----> volume 279 1 0.523466 0.476534 
 ----> volume 280 0 0.587232 0.412768 
 ----> volume 281 0 0.543169 0.456831 
 ----> volume 282 1 0.522137 0.477863 
 ----> volume 283 0 0.613736 0.386264 
 ----> volume 284 0 0.615161 0.384839 
 ----> volume 285 0 0.49886 0.50114 
 ----> volume 286 1 0.523486 0.476514 
 ----> volume 287 1 0.521936 0.478064 
 ----> volume 288 1 0.512754 0.487246 
 ----> volume 289 0 0.557118 0.442882 
 ----> volume 290 0 0.524066 0.475934 
 ----> volume 291 1 0.561231 0.438769 
 ----> volume 292 0 0.611317 0.388683 
 ----> volume 293 1 0.494503 0.505497 
 ----> volume 294 1 0.509087 0.490913 
 ----> volume 295 0 0.583219 0.416781 
 ----> volume 296 1 0.520393 0.479607 
 ----> volume 297 0 0.542456 0.457544 
 ----> volume 298 1 0.516675 0.483325 
 ----> volume 299 0 0.616047 0.383953 
 ----> volume 300 0 0.555913 0.444087 
 ----> volume 301 0 0.553753 0.446247 
 ----> volume 302 1 0.536641 0.463359 
 ----> volume 303 1 0.457813 0.542187 
 ----> volume 304 0 0.553518 0.446482 
 ----> volume 305 1 0.526559 0.473441 
 ----> volume 306 0 0.538769 0.461231 
 ----> volume 307 0 0.532555 0.467445 
 ----> volume 308 1 0.555165 0.444835 
 ----> volume 309 0 0.515786 0.484214 
 ----> volume 310 1 0.523629 0.476371 
 ----> volume 311 0 0.552496 0.447504 
 ----> volume 312 1 0.557003 0.442997 
 ----> volume 313 0 0.550112 0.449888 
 ----> volume 314 0 0.557044 0.442956 
 ----> volume 315 0 0.543086 0.456914 
 ----> volume 316 1 0.534602 0.465398 
 ----> volume 317 1 0.538333 0.461667 
 ----> volume 318 0 0.555696 0.444304 
 ----> volume 319 1 0.521482 0.478518 
 ----> volume 320 1 0.499845 0.500155 
 ----> volume 321 1 0.536856 0.463144 
 ----> volume 322 0 0.517556 0.482444 
 ----> volume 323 0 0.556634 0.443366 
 ----> volume 324 1 0.528831 0.471169 
 ----> volume 325 0 0.532898 0.467102 
 ----> volume 326 0 0.55796 0.44204 
 ----> volume 327 1 0.514826 0.485174 
 ----> volume 328 0 0.532486 0.467514 
 ----> volume 329 0 0.541408 0.458592 
 ----> volume 330 1 0.523945 0.476055 
 ----> volume 331 0 0.589779 0.410221 
 ----> volume 332 0 0.577889 0.422111 
 ----> volume 333 1 0.546452 0.453548 
 ----> volume 334 1 0.531648 0.468352 
 ----> volume 335 0 0.492745 0.507255 
 ----> volume 336 1 0.502823 0.497177 
 ----> volume 337 0 0.533872 0.466128 
 ----> volume 338 1 0.502696 0.497304 
 ----> volume 339 0 0.558311 0.441689 
 ----> volume 340 1 0.550412 0.449588 
 ----> volume 341 0 0.507225 0.492775 
 ----> volume 342 1 0.527295 0.472705 
 ----> volume 343 0 0.556051 0.443949 
 ----> volume 344 0 0.586728 0.413272 
 ----> volume 345 0 0.570691 0.429309 
 ----> volume 346 1 0.548512 0.451488 
 ----> volume 347 0 0.514186 0.485814 
 ----> volume 348 0 0.567718 0.432282 
 ----> volume 349 1 0.504056 0.495944 
 ----> volume 350 1 0.522516 0.477484 
 ----> volume 351 0 0.52858 0.47142 
 ----> volume 352 0 0.557332 0.442668 
 ----> volume 353 1 0.542442 0.457558 
 ----> volume 354 0 0.530408 0.469592 
 ----> volume 355 1 0.555682 0.444318 
 ----> volume 356 1 0.478514 0.521486 
 ----> volume 357 1 0.498291 0.501709 
 ----> volume 358 0 0.541825 0.458175 
 ----> volume 359 0 0.535172 0.464828 
 ----> volume 360 1 0.519859 0.480141 
 ----> volume 361 1 0.506869 0.493131 
 ----> volume 362 0 0.625592 0.374408 
 ----> volume 363 0 0.627717 0.372283 
 ----> volume 364 0 0.557448 0.442552 
 ----> volume 365 0 0.547741 0.452259 
 ----> volume 366 1 0.532967 0.467033 
 ----> volume 367 0 0.523664 0.476336 
 ----> volume 368 0 0.52916 0.47084 
 ----> volume 369 0 0.587176 0.412824 
 ----> volume 370 1 0.56866 0.43134 
 ----> volume 371 0 0.553722 0.446278 
 ----> volume 372 1 0.528324 0.471676 
 ----> volume 373 0 0.51805 0.48195 
 ----> volume 374 0 0.524098 0.475902 
 ----> volume 375 1 0.508756 0.491244 
 ----> volume 376 0 0.550393 0.449607 
 ----> volume 377 1 0.524558 0.475442 
 ----> volume 378 1 0.55845 0.44155 
 ----> volume 379 0 0.523426 0.476574 
 ----> volume 380 0 0.56321 0.43679 
 ----> volume 381 1 0.522168 0.477832 
 ----> volume 382 1 0.534279 0.465721 
 ----> volume 383 1 0.529805 0.470195 
 ----> volume 384 0 0.518188 0.481812 
 ----> volume 385 1 0.52114 0.47886 
 ----> volume 386 0 0.557546 0.442454 
 ----> volume 387 1 0.519844 0.480156 
 ----> volume 388 1 0.539605 0.460395 
 ----> volume 389 0 0.532139 0.467861 
 ----> volume 390 0 0.528057 0.471943 
 ----> volume 391 0 0.556635 0.443365 
 ----> volume 392 1 0.514756 0.485244 
 ----> volume 393 1 0.567042 0.432958 
 ----> volume 394 1 0.539536 0.460464 
 ----> volume 395 0 0.521109 0.478891 
 ----> volume 396 0 0.527947 0.472053 
 ----> volume 397 0 0.558707 0.441293 
 ----> volume 398 1 0.521208 0.478792 
 ----> volume 399 1 0.559142 0.440858 
 ----> volume 400 1 0.547218 0.452782 
 ----> volume 401 0 0.500555 0.499445 
 ----> volume 402 0 0.5133 0.4867 
 ----> volume 403 0 0.555967 0.444033 
 ----> volume 404 1 0.474003 0.525997 
 ----> volume 405 1 0.521478 0.478522 
 ----> volume 406 1 0.554562 0.445438 
 ----> volume 407 1 0.522121 0.477879 
 ----> volume 408 0 0.562379 0.437621 
 ----> volume 409 0 0.536961 0.463039 
 ----> volume 410 0 0.560692 0.439308 
 ----> volume 411 0 0.47945 0.52055 
 ----> volume 412 1 0.535311 0.464689 
 ----> volume 413 1 0.543834 0.456166 
 ----> volume 414 0 0.549229 0.450771 
 ----> volume 415 1 0.53753 0.46247 
 ----> volume 416 0 0.545979 0.454021 
 ----> volume 417 0 0.579053 0.420947 
 ----> volume 418 1 0.495745 0.504255 
 ----> volume 419 1 0.552479 0.447521 
 ----> volume 420 1 0.533218 0.466782 
 ----> volume 421 0 0.533374 0.466626 
 ----> volume 422 0 0.507081 0.492919 
 ----> volume 423 1 0.562045 0.437955 
 ----> volume 424 0 0.544545 0.455455 
 ----> volume 425 0 0.526534 0.473466 
 ----> volume 426 1 0.526726 0.473274 
 ----> volume 427 0 0.50014 0.49986 
 ----> volume 428 0 0.571098 0.428902 
 ----> volume 429 0 0.518101 0.481899 
 ----> volume 430 0 0.545949 0.454051 
 ----> volume 431 1 0.551306 0.448694 
 ----> volume 432 1 0.535187 0.464813 
 ----> volume 433 1 0.535401 0.464599 
 ----> volume 434 0 0.539353 0.460647 
 ----> volume 435 1 0.560988 0.439012 
 ----> volume 436 0 0.528283 0.471717 
 ----> volume 437 0 0.541445 0.458555 
 ----> volume 438 0 0.556791 0.443209 
 ----> volume 439 0 0.607105 0.392895 
 ----> volume 440 1 0.545704 0.454296 
 ----> volume 441 0 0.561337 0.438663 
 ----> volume 442 1 0.5456 0.4544 
 ----> volume 443 1 0.511068 0.488932 
 ----> volume 444 0 0.534633 0.465367 
 ----> volume 445 1 0.514534 0.485466 
 ----> volume 446 0 0.558549 0.441451 
 ----> volume 447 0 0.622962 0.377038 
 ----> volume 448 1 0.543421 0.456579 
 ----> volume 449 1 0.49762 0.50238 
 ----> volume 450 0 0.616511 0.383489 
 ----> volume 451 0 0.569806 0.430194 
 ----> volume 452 1 0.527231 0.472769 
 ----> volume 453 0 0.543647 0.456353 
 ----> volume 454 1 0.518353 0.481647 
 ----> volume 455 0 0.554278 0.445722 
 ----> volume 456 0 0.544556 0.455444 
 ----> volume 457 0 0.553383 0.446617 
 ----> volume 458 1 0.550758 0.449242 
 ----> volume 459 0 0.514961 0.485039 
 ----> volume 460 1 0.517892 0.482108 
 ----> volume 461 1 0.557563 0.442437 
 ----> volume 462 0 0.528348 0.471652 
 ----> volume 463 1 0.532474 0.467526 
 ----> volume 464 0 0.554565 0.445435 
 ----> volume 465 1 0.523169 0.476831 
 ----> volume 466 0 0.520395 0.479605 
 ----> volume 467 1 0.544576 0.455424 
 ----> volume 468 0 0.544572 0.455428 
 ----> volume 469 1 0.513158 0.486842 
 ----> volume 470 0 0.579965 0.420035 
 ----> volume 471 1 0.555484 0.444516 
 ----> volume 472 0 0.523261 0.476739 
 ----> volume 473 1 0.549884 0.450116 
 ----> volume 474 0 0.541835 0.458165 
 ----> volume 475 0 0.543032 0.456968 
 ----> volume 476 1 0.529152 0.470848 
 ----> volume 477 1 0.528829 0.471171 
 ----> volume 478 1 0.500147 0.499853 
 ----> volume 479 0 0.566357 0.433643 
 ----> volume 480 0 0.550971 0.449029 
 ----> volume 481 1 0.515512 0.484488 
 ----> volume 482 0 0.599163 0.400837 
 ----> volume 483 0 0.571556 0.428444 
 ----> volume 484 1 0.509859 0.490141 
 ----> volume 485 0 0.518313 0.481687 
 ----> volume 486 0 0.549054 0.450946 
 ----> volume 487 1 0.560975 0.439025 
 ----> volume 488 0 0.543269 0.456731 
 ----> volume 489 1 0.558009 0.441991 
 ----> volume 490 0 0.538872 0.461128 
 ----> volume 491 1 0.524009 0.475991 
 ----> volume 492 0 0.536613 0.463387 
 ----> volume 493 0 0.547185 0.452815 
 ----> volume 494 1 0.537569 0.462431 
 ----> volume 495 0 0.544457 0.455543 
 ----> volume 496 1 0.535949 0.464051 
 ----> volume 497 0 0.545733 0.454267 
 ----> volume 498 1 0.558452 0.441548 
 ----> volume 499 0 0.521776 0.478224 
 ----> volume 500 1 0.508215 0.491785 
 ----> volume 501 0 0.520196 0.479804 
 ----> volume 502 1 0.493169 0.506831 
 ----> volume 503 1 0.564225 0.435775 
 ----> volume 504 1 0.487274 0.512726 
 ----> volume 505 0 0.563951 0.436049 
 ----> volume 506 0 0.526941 0.473059 
 ----> volume 507 1 0.486549 0.513451 
 ----> volume 508 1 0.550255 0.449745 
 ----> volume 509 1 0.491045 0.508955 
 ----> volume 510 0 0.571031 0.428969 
 ----> volume 511 0 0.519837 0.480163 
 ----> volume 512 0 0.567532 0.432468 
 ----> volume 513 1 0.540743 0.459257 
 ----> volume 514 1 0.51874 0.48126 
 ----> volume 515 0 0.598177 0.401823 
 ----> volume 516 0 0.581708 0.418292 
 ----> volume 517 1 0.51922 0.48078 
 ----> volume 518 1 0.455798 0.544202 
 ----> volume 519 0 0.525999 0.474001 
 ----> volume 520 1 0.515672 0.484328 
 ----> volume 521 1 0.537956 0.462044 
 ----> volume 522 0 0.53406 0.46594 
 ----> volume 523 1 0.534195 0.465805 
 ----> volume 524 0 0.523672 0.476328 
 ----> volume 525 0 0.561834 0.438166 
 ----> volume 526 0 0.580877 0.419123 
 ----> volume 527 1 0.503229 0.496771 
 ----> volume 528 0 0.527604 0.472396 
 ----> volume 529 1 0.491642 0.508358 
 ----> volume 530 0 0.582881 0.417119 
 ----> volume 531 1 0.493714 0.506286 
 ----> volume 532 0 0.535394 0.464606 
 ----> volume 533 1 0.53721 0.46279 
 ----> volume 534 0 0.528067 0.471933 
 ----> volume 535 0 0.560471 0.439529 
 ----> volume 536 1 0.518977 0.481023 
 ----> volume 537 1 0.480902 0.519098 
 ----> volume 538 0 0.522199 0.477801 
 ----> volume 539 1 0.529912 0.470088 
 ----> volume 540 1 0.521478 0.478522 
 ----> volume 541 0 0.5478 0.4522 
 ----> volume 542 0 0.549346 0.450654 
 ----> volume 543 1 0.560047 0.439953 
 ----> volume 544 1 0.566865 0.433135 
 ----> volume 545 0 0.576063 0.423937 
 ----> volume 546 0 0.516115 0.483885 
 ----> volume 547 1 0.555871 0.444129 
 ----> volume 548 1 0.521897 0.478103 
 ----> volume 549 0 0.550648 0.449352 
 ----> volume 550 0 0.541959 0.458041 
 ----> volume 551 1 0.543838 0.456162 
 ----> volume 552 0 0.553505 0.446495 
 ----> volume 553 1 0.518425 0.481575 
 ----> volume 554 0 0.564301 0.435699 
 ----> volume 555 0 0.552034 0.447966 
 ----> volume 556 0 0.524437 0.475563 
 ----> volume 557 1 0.535126 0.464874 
 ----> volume 558 1 0.551188 0.448812 
 ----> volume 559 1 0.51306 0.48694 
 ----> volume 560 0 0.55734 0.44266 
 ----> volume 561 0 0.547846 0.452154 
 ----> volume 562 1 0.52013 0.47987 
 ----> volume 563 0 0.601384 0.398616 
 ----> volume 564 0 0.547596 0.452404 
 ----> volume 565 1 0.563228 0.436772 
 ----> volume 566 0 0.570137 0.429863 
 ----> volume 567 0 0.641495 0.358505 
 ----> volume 568 0 0.505364 0.494636 
 ----> volume 569 0 0.568233 0.431767 
 ----> volume 570 1 0.531878 0.468122 
 ----> volume 571 1 0.543172 0.456828 
 ----> volume 572 0 0.541386 0.458614 
 ----> volume 573 0 0.551415 0.448585 
 ----> volume 574 0 0.558616 0.441384 
 ----> volume 575 1 0.541437 0.458563 
 ----> volume 576 1 0.523694 0.476306 
 ----> volume 577 0 0.533371 0.466629 
 ----> volume 578 0 0.558531 0.441469 
 ----> volume 579 0 0.52983 0.47017 
 ----> volume 580 1 0.508936 0.491064 
 ----> volume 581 0 0.573171 0.426829 
 ----> volume 582 0 0.540858 0.459142 
 ----> volume 583 1 0.51135 0.48865 
 ----> volume 584 1 0.574357 0.425643 
 ----> volume 585 0 0.593675 0.406325 
 ----> volume 586 0 0.551326 0.448674 
 ----> volume 587 1 0.53596 0.46404 
 ----> volume 588 1 0.496853 0.503147 
 ----> volume 589 1 0.54708 0.45292 
 ----> volume 590 0 0.492872 0.507128 
 ----> volume 591 1 0.513488 0.486512 
 ----> volume 592 1 0.554585 0.445415 
 ----> volume 593 0 0.565947 0.434053 
 ----> volume 594 0 0.510187 0.489813 
 ----> volume 595 1 0.524701 0.475299 
 ----> volume 596 1 0.529509 0.470491 
 ----> volume 597 0 0.532369 0.467631 
 ----> volume 598 1 0.510007 0.489993 
 ----> volume 599 1 0.537315 0.462685 
 ----> volume 600 0 0.497696 0.502304 
 ----> volume 601 1 0.570097 0.429903 
 ----> volume 602 1 0.520893 0.479107 
 ----> volume 603 0 0.524422 0.475578 
 ----> volume 604 0 0.574187 0.425813 
 ----> volume 605 0 0.580202 0.419798 
 ----> volume 606 1 0.560338 0.439662 
 ----> volume 607 1 0.511849 0.488151 
 ----> volume 608 0 0.551075 0.448925 
 ----> volume 609 0 0.538192 0.461808 
 ----> volume 610 0 0.527813 0.472187 
 ----> volume 611 1 0.541127 0.458873 
 ----> volume 612 0 0.54294 0.45706 
 ----> volume 613 1 0.503854 0.496146 
 ----> volume 614 0 0.548837 0.451163 
 ----> volume 615 1 0.497621 0.502379 
 ----> volume 616 0 0.547002 0.452998 
 ----> volume 617 1 0.507882 0.492118 
 ----> volume 618 1 0.518556 0.481444 
 ----> volume 619 1 0.516028 0.483972 
 ----> volume 620 1 0.449412 0.550588 
 ----> volume 621 0 0.528145 0.471855 
 ----> volume 622 0 0.521741 0.478259 
 ----> volume 623 0 0.535252 0.464748 
 ----> volume 624 0 0.557352 0.442648 
 ----> volume 625 0 0.529308 0.470692 
 ----> volume 626 0 0.576937 0.423063 
 ----> volume 627 0 0.564523 0.435477 
 ----> volume 628 1 0.523373 0.476627 
 ----> volume 629 1 0.535397 0.464603 
 ----> volume 630 0 0.493304 0.506696 
 ----> volume 631 1 0.550368 0.449632 
 ----> volume 632 1 0.525347 0.474653 
 ----> volume 633 0 0.515164 0.484836 
 ----> volume 634 1 0.558238 0.441762 
 ----> volume 635 0 0.52184 0.47816 
 ----> volume 636 1 0.511771 0.488229 
 ----> volume 637 0 0.527732 0.472268 
 ----> volume 638 0 0.550877 0.449123 
 ----> volume 639 1 0.523467 0.476533 
 ----> volume 640 1 0.520478 0.479522 
 ----> volume 641 0 0.568295 0.431705 
 ----> volume 642 0 0.550453 0.449547 
 ----> volume 643 0 0.546952 0.453048 
 ----> volume 644 0 0.569492 0.430508 
 ----> volume 645 0 0.564907 0.435093 
 ----> volume 646 0 0.519742 0.480258 
 ----> volume 647 1 0.493672 0.506328 
 ----> volume 648 0 0.598334 0.401666 
 ----> volume 649 1 0.513049 0.486951 
 ----> volume 650 1 0.537129 0.462871 
 ----> volume 651 1 0.519811 0.480189 
 ----> volume 652 0 0.55474 0.44526 
 ----> volume 653 1 0.521375 0.478625 
 ----> volume 654 1 0.510871 0.489129 
 ----> volume 655 0 0.565173 0.434827 
 ----> volume 656 0 0.540544 0.459456 
 ----> volume 657 0 0.556982 0.443018 
 ----> volume 658 1 0.522525 0.477475 
 ----> volume 659 1 0.549817 0.450183 
 ----> volume 660 0 0.523248 0.476752 
 ----> volume 661 0 0.535625 0.464375 
 ----> volume 662 1 0.528426 0.471574 
 ----> volume 663 0 0.537683 0.462317 
 ----> volume 664 1 0.513989 0.486011 
 ----> volume 665 1 0.505823 0.494177 
 ----> volume 666 0 0.553737 0.446263 
 ----> volume 667 0 0.557054 0.442946 
 ----> volume 668 1 0.541783 0.458217 
 ----> volume 669 0 0.569794 0.430206 
 ----> volume 670 0 0.565437 0.434563 
 ----> volume 671 1 0.528578 0.471422 
 ----> volume 672 0 0.53552 0.46448 
 ----> volume 673 1 0.525503 0.474497 
 ----> volume 674 1 0.548329 0.451671 
 ----> volume 675 1 0.506137 0.493863 
 ----> volume 676 0 0.559111 0.440889 
 ----> volume 677 0 0.563734 0.436266 
 ----> volume 678 1 0.505527 0.494473 
 ----> volume 679 0 0.543159 0.456841 
 ----> volume 680 1 0.545303 0.454697 
 ----> volume 681 0 0.524911 0.475089 
 ----> volume 682 0 0.54573 0.45427 
 ----> volume 683 1 0.523343 0.476657 
 ----> volume 684 0 0.567847 0.432153 
 ----> volume 685 1 0.485783 0.514217 
 ----> volume 686 0 0.601634 0.398366 
 ----> volume 687 0 0.570288 0.429712 
 ----> volume 688 1 0.556211 0.443789 
 ----> volume 689 0 0.516705 0.483295 
 ----> volume 690 0 0.587745 0.412255 
 ----> volume 691 1 0.499858 0.500142 
 ----> volume 692 0 0.555608 0.444392 
 ----> volume 693 1 0.494437 0.505563 
 ----> volume 694 1 0.522129 0.477871 
 ----> volume 695 1 0.520179 0.479821 
 ----> volume 696 0 0.52244 0.47756 
 ----> volume 697 0 0.55739 0.44261 
 ----> volume 698 0 0.542875 0.457125 
 ----> volume 699 1 0.522672 0.477328 
 ----> volume 700 1 0.514036 0.485964 
 ----> volume 701 0 0.529478 0.470522 
 ----> volume 702 0 0.548163 0.451837 
 ----> volume 703 1 0.546023 0.453977 
 ----> volume 704 1 0.494735 0.505265 
 ----> volume 705 0 0.567039 0.432961 
 ----> volume 706 1 0.522774 0.477226 
 ----> volume 707 1 0.543687 0.456313 
 ----> volume 708 1 0.532138 0.467862 
 ----> volume 709 1 0.51982 0.48018 
 ----> volume 710 0 0.551661 0.448339 
 ----> volume 711 0 0.53483 0.46517 
 ----> volume 712 1 0.562978 0.437022 
 ----> volume 713 0 0.546661 0.453339 
 ----> volume 714 1 0.509157 0.490843 
 ----> volume 715 0 0.539109 0.460891 
 ----> volume 716 1 0.542516 0.457484 
 ----> volume 717 0 0.54111 0.45889 
 ----> volume 718 1 0.530473 0.469527 
