 ----> volume 1 1 0.459219 0.540781 
 ----> volume 2 0 0.63079 0.36921 
 ----> volume 3 1 0.496142 0.503858 
 ----> volume 4 0 0.589833 0.410167 
 ----> volume 5 0 0.51618 0.48382 
 ----> volume 6 1 0.514159 0.485841 
 ----> volume 7 0 0.565712 0.434288 
 ----> volume 8 0 0.457315 0.542685 
 ----> volume 9 1 0.418346 0.581654 
 ----> volume 10 1 0.591751 0.408249 
 ----> volume 11 0 0.651661 0.348339 
 ----> volume 12 0 0.528051 0.471949 
 ----> volume 13 0 0.486121 0.513879 
 ----> volume 14 1 0.388615 0.611385 
 ----> volume 15 0 0.548871 0.451129 
 ----> volume 16 1 0.423296 0.576704 
 ----> volume 17 1 0.488699 0.511301 
 ----> volume 18 0 0.575084 0.424916 
 ----> volume 19 1 0.510586 0.489414 
 ----> volume 20 0 0.514053 0.485947 
 ----> volume 21 0 0.444579 0.555421 
 ----> volume 22 1 0.522132 0.477868 
 ----> volume 23 0 0.547915 0.452085 
 ----> volume 24 0 0.464535 0.535465 
 ----> volume 25 1 0.412931 0.587069 
 ----> volume 26 0 0.528739 0.471261 
 ----> volume 27 1 0.512116 0.487884 
 ----> volume 28 1 0.562267 0.437733 
 ----> volume 29 0 0.709833 0.290167 
 ----> volume 30 0 0.514672 0.485328 
 ----> volume 31 0 0.560363 0.439637 
 ----> volume 32 0 0.439925 0.560075 
 ----> volume 33 1 0.48225 0.51775 
 ----> volume 34 0 0.521298 0.478702 
 ----> volume 35 1 0.475413 0.524587 
 ----> volume 36 0 0.525205 0.474795 
 ----> volume 37 0 0.507461 0.492539 
 ----> volume 38 1 0.51753 0.48247 
 ----> volume 39 1 0.503962 0.496038 
 ----> volume 40 1 0.569192 0.430808 
 ----> volume 41 0 0.601995 0.398005 
 ----> volume 42 0 0.652365 0.347635 
 ----> volume 43 0 0.458236 0.541764 
 ----> volume 44 0 0.552083 0.447917 
 ----> volume 45 1 0.455758 0.544242 
 ----> volume 46 1 0.501708 0.498292 
 ----> volume 47 0 0.652916 0.347084 
 ----> volume 48 0 0.625701 0.374299 
 ----> volume 49 1 0.520046 0.479954 
 ----> volume 50 1 0.563483 0.436517 
 ----> volume 51 1 0.523241 0.476759 
 ----> volume 52 0 0.49409 0.50591 
 ----> volume 53 1 0.46818 0.53182 
 ----> volume 54 1 0.453107 0.546893 
 ----> volume 55 0 0.600872 0.399128 
 ----> volume 56 0 0.600464 0.399536 
 ----> volume 57 1 0.541377 0.458623 
 ----> volume 58 0 0.545368 0.454632 
 ----> volume 59 1 0.547989 0.452011 
 ----> volume 60 1 0.506999 0.493001 
 ----> volume 61 0 0.537904 0.462096 
 ----> volume 62 1 0.530872 0.469128 
 ----> volume 63 0 0.585041 0.414959 
 ----> volume 64 1 0.515245 0.484755 
 ----> volume 65 0 0.578506 0.421494 
 ----> volume 66 1 0.550635 0.449365 
 ----> volume 67 0 0.578661 0.421339 
 ----> volume 68 0 0.532673 0.467327 
 ----> volume 69 1 0.525151 0.474849 
 ----> volume 70 1 0.550358 0.449642 
 ----> volume 71 0 0.573757 0.426243 
 ----> volume 72 0 0.542084 0.457916 
 ----> volume 73 1 0.522869 0.477131 
 ----> volume 74 1 0.595171 0.404829 
 ----> volume 75 1 0.473973 0.526027 
 ----> volume 76 0 0.652808 0.347192 
 ----> volume 77 0 0.557714 0.442286 
 ----> volume 78 1 0.46184 0.53816 
 ----> volume 79 0 0.501806 0.498194 
 ----> volume 80 1 0.51308 0.48692 
 ----> volume 81 1 0.560436 0.439564 
 ----> volume 82 1 0.521228 0.478772 
 ----> volume 83 0 0.553323 0.446677 
 ----> volume 84 1 0.523493 0.476507 
 ----> volume 85 0 0.613269 0.386731 
 ----> volume 86 0 0.503407 0.496593 
 ----> volume 87 0 0.592734 0.407266 
 ----> volume 88 0 0.559525 0.440475 
 ----> volume 89 0 0.524615 0.475385 
 ----> volume 90 1 0.496929 0.503071 
 ----> volume 91 0 0.617949 0.382051 
 ----> volume 92 1 0.506872 0.493128 
 ----> volume 93 0 0.60604 0.39396 
 ----> volume 94 1 0.519866 0.480134 
 ----> volume 95 0 0.620427 0.379573 
 ----> volume 96 1 0.582832 0.417168 
 ----> volume 97 0 0.520487 0.479513 
 ----> volume 98 0 0.538152 0.461848 
 ----> volume 99 1 0.556328 0.443672 
 ----> volume 100 0 0.539563 0.460437 
 ----> volume 101 1 0.46757 0.53243 
 ----> volume 102 1 0.513496 0.486504 
 ----> volume 103 0 0.639769 0.360231 
 ----> volume 104 0 0.530977 0.469023 
 ----> volume 105 0 0.54811 0.45189 
 ----> volume 106 0 0.486295 0.513705 
 ----> volume 107 0 0.541479 0.458521 
 ----> volume 108 1 0.497338 0.502662 
 ----> volume 109 0 0.624581 0.375419 
 ----> volume 110 0 0.493121 0.506879 
 ----> volume 111 1 0.500584 0.499416 
 ----> volume 112 0 0.557419 0.442581 
 ----> volume 113 1 0.525926 0.474074 
 ----> volume 114 0 0.559433 0.440567 
 ----> volume 115 0 0.495626 0.504374 
 ----> volume 116 1 0.546658 0.453342 
 ----> volume 117 1 0.553889 0.446111 
 ----> volume 118 1 0.58089 0.41911 
 ----> volume 119 0 0.611193 0.388807 
 ----> volume 120 0 0.510191 0.489809 
 ----> volume 121 0 0.592098 0.407902 
 ----> volume 122 0 0.597362 0.402638 
 ----> volume 123 1 0.529237 0.470763 
 ----> volume 124 1 0.567993 0.432007 
 ----> volume 125 0 0.567847 0.432153 
 ----> volume 126 1 0.50147 0.49853 
 ----> volume 127 0 0.57135 0.42865 
 ----> volume 128 1 0.557442 0.442558 
 ----> volume 129 0 0.577203 0.422797 
 ----> volume 130 0 0.552767 0.447233 
 ----> volume 131 0 0.539979 0.460021 
 ----> volume 132 1 0.525024 0.474976 
 ----> volume 133 0 0.605909 0.394091 
 ----> volume 134 1 0.538089 0.461911 
 ----> volume 135 1 0.492118 0.507882 
 ----> volume 136 0 0.556827 0.443173 
 ----> volume 137 0 0.529132 0.470868 
 ----> volume 138 0 0.529638 0.470362 
 ----> volume 139 0 0.522986 0.477014 
 ----> volume 140 0 0.523666 0.476334 
 ----> volume 141 1 0.495222 0.504778 
 ----> volume 142 0 0.658515 0.341485 
 ----> volume 143 1 0.479942 0.520058 
 ----> volume 144 0 0.596378 0.403622 
 ----> volume 145 0 0.562806 0.437194 
 ----> volume 146 1 0.453887 0.546113 
 ----> volume 147 0 0.512612 0.487388 
 ----> volume 148 1 0.480754 0.519246 
 ----> volume 149 1 0.537859 0.462141 
 ----> volume 150 0 0.588375 0.411625 
 ----> volume 151 0 0.594274 0.405726 
 ----> volume 152 0 0.549448 0.450552 
 ----> volume 153 0 0.503341 0.496659 
 ----> volume 154 1 0.547547 0.452453 
 ----> volume 155 0 0.587476 0.412524 
 ----> volume 156 1 0.501494 0.498506 
 ----> volume 157 1 0.56364 0.43636 
 ----> volume 158 0 0.585216 0.414784 
 ----> volume 159 0 0.555196 0.444804 
 ----> volume 160 0 0.501796 0.498204 
 ----> volume 161 0 0.499227 0.500773 
 ----> volume 162 0 0.525895 0.474105 
 ----> volume 163 1 0.486804 0.513196 
 ----> volume 164 0 0.635309 0.364691 
 ----> volume 165 1 0.529719 0.470281 
 ----> volume 166 0 0.603744 0.396256 
 ----> volume 167 1 0.467953 0.532047 
 ----> volume 168 0 0.610298 0.389702 
 ----> volume 169 1 0.549423 0.450577 
 ----> volume 170 1 0.498992 0.501008 
 ----> volume 171 1 0.522687 0.477313 
 ----> volume 172 0 0.492801 0.507199 
 ----> volume 173 1 0.491051 0.508949 
 ----> volume 174 0 0.514605 0.485395 
 ----> volume 175 1 0.532053 0.467947 
 ----> volume 176 0 0.605943 0.394057 
 ----> volume 177 0 0.566348 0.433652 
 ----> volume 178 0 0.548032 0.451968 
 ----> volume 179 1 0.52188 0.47812 
 ----> volume 180 1 0.512812 0.487188 
 ----> volume 181 1 0.549566 0.450434 
 ----> volume 182 1 0.549843 0.450157 
 ----> volume 183 0 0.616961 0.383039 
 ----> volume 184 1 0.49936 0.50064 
 ----> volume 185 0 0.582992 0.417008 
 ----> volume 186 0 0.546128 0.453872 
 ----> volume 187 0 0.534065 0.465935 
 ----> volume 188 0 0.543009 0.456991 
 ----> volume 189 1 0.526883 0.473117 
 ----> volume 190 0 0.55167 0.44833 
 ----> volume 191 0 0.538664 0.461336 
 ----> volume 192 1 0.464562 0.535438 
 ----> volume 193 0 0.474081 0.525919 
 ----> volume 194 0 0.536151 0.463849 
 ----> volume 195 1 0.457111 0.542889 
 ----> volume 196 1 0.571948 0.428052 
 ----> volume 197 0 0.570657 0.429343 
 ----> volume 198 1 0.544828 0.455172 
 ----> volume 199 0 0.533201 0.466799 
 ----> volume 200 0 0.523897 0.476103 
 ----> volume 201 1 0.570287 0.429713 
 ----> volume 202 1 0.568388 0.431612 
 ----> volume 203 0 0.614285 0.385715 
 ----> volume 204 1 0.492142 0.507858 
 ----> volume 205 0 0.56755 0.43245 
 ----> volume 206 1 0.503069 0.496931 
 ----> volume 207 1 0.469446 0.530554 
 ----> volume 208 0 0.57477 0.42523 
 ----> volume 209 0 0.576919 0.423081 
 ----> volume 210 1 0.549444 0.450556 
 ----> volume 211 0 0.584731 0.415269 
 ----> volume 212 1 0.465479 0.534521 
 ----> volume 213 0 0.557339 0.442661 
 ----> volume 214 0 0.556529 0.443471 
 ----> volume 215 1 0.488131 0.511869 
 ----> volume 216 0 0.569719 0.430281 
 ----> volume 217 1 0.510373 0.489627 
 ----> volume 218 1 0.494689 0.505311 
 ----> volume 219 0 0.553839 0.446161 
 ----> volume 220 1 0.515826 0.484174 
 ----> volume 221 1 0.522243 0.477757 
 ----> volume 222 1 0.56352 0.43648 
 ----> volume 223 0 0.614357 0.385643 
 ----> volume 224 0 0.558512 0.441488 
 ----> volume 225 1 0.502952 0.497048 
 ----> volume 226 0 0.617647 0.382353 
 ----> volume 227 0 0.540342 0.459658 
 ----> volume 228 0 0.529644 0.470356 
 ----> volume 229 0 0.558641 0.441359 
 ----> volume 230 1 0.509451 0.490549 
 ----> volume 231 1 0.538478 0.461522 
 ----> volume 232 0 0.585611 0.414389 
 ----> volume 233 0 0.546479 0.453521 
 ----> volume 234 1 0.435247 0.564753 
 ----> volume 235 1 0.517582 0.482418 
 ----> volume 236 1 0.567473 0.432527 
 ----> volume 237 0 0.535469 0.464531 
 ----> volume 238 1 0.552731 0.447269 
 ----> volume 239 0 0.564847 0.435153 
 ----> volume 240 1 0.515062 0.484938 
 ----> volume 241 0 0.628461 0.371539 
 ----> volume 242 1 0.509765 0.490235 
 ----> volume 243 0 0.615085 0.384915 
 ----> volume 244 1 0.568902 0.431098 
 ----> volume 245 0 0.589501 0.410499 
 ----> volume 246 1 0.539993 0.460007 
 ----> volume 247 0 0.580952 0.419048 
 ----> volume 248 0 0.56169 0.43831 
 ----> volume 249 1 0.528721 0.471279 
 ----> volume 250 1 0.577129 0.422871 
 ----> volume 251 1 0.522225 0.477775 
 ----> volume 252 0 0.621068 0.378932 
 ----> volume 253 1 0.473717 0.526283 
 ----> volume 254 0 0.503676 0.496324 
 ----> volume 255 0 0.49428 0.50572 
 ----> volume 256 0 0.532384 0.467616 
 ----> volume 257 1 0.450476 0.549524 
 ----> volume 258 0 0.531368 0.468632 
 ----> volume 259 0 0.551623 0.448377 
 ----> volume 260 1 0.454008 0.545992 
 ----> volume 261 1 0.560862 0.439138 
 ----> volume 262 1 0.525427 0.474573 
 ----> volume 263 0 0.549165 0.450835 
 ----> volume 264 1 0.542043 0.457957 
 ----> volume 265 1 0.56135 0.43865 
 ----> volume 266 0 0.546667 0.453333 
 ----> volume 267 1 0.51904 0.48096 
 ----> volume 268 0 0.579626 0.420374 
 ----> volume 269 0 0.567993 0.432007 
 ----> volume 270 0 0.552194 0.447806 
 ----> volume 271 1 0.504066 0.495934 
 ----> volume 272 0 0.553743 0.446257 
 ----> volume 273 1 0.498589 0.501411 
 ----> volume 274 0 0.491006 0.508994 
 ----> volume 275 1 0.508944 0.491056 
 ----> volume 276 0 0.546453 0.453547 
 ----> volume 277 0 0.573103 0.426897 
 ----> volume 278 0 0.569014 0.430986 
 ----> volume 279 1 0.49628 0.50372 
 ----> volume 280 0 0.62921 0.37079 
 ----> volume 281 0 0.551848 0.448152 
 ----> volume 282 1 0.495837 0.504163 
 ----> volume 283 0 0.539868 0.460132 
 ----> volume 284 0 0.500827 0.499173 
 ----> volume 285 0 0.508973 0.491027 
 ----> volume 286 1 0.501158 0.498842 
 ----> volume 287 1 0.50028 0.49972 
 ----> volume 288 1 0.58497 0.41503 
 ----> volume 289 0 0.569678 0.430322 
 ----> volume 290 0 0.609809 0.390191 
 ----> volume 291 1 0.528079 0.471921 
 ----> volume 292 0 0.579834 0.420166 
 ----> volume 293 1 0.500018 0.499982 
 ----> volume 294 1 0.564378 0.435622 
 ----> volume 295 0 0.54298 0.45702 
 ----> volume 296 1 0.546018 0.453982 
 ----> volume 297 0 0.543845 0.456155 
 ----> volume 298 1 0.557234 0.442766 
 ----> volume 299 0 0.533344 0.466656 
 ----> volume 300 0 0.59809 0.40191 
 ----> volume 301 0 0.505354 0.494646 
 ----> volume 302 1 0.524849 0.475151 
 ----> volume 303 1 0.636953 0.363047 
 ----> volume 304 0 0.578765 0.421235 
 ----> volume 305 1 0.511612 0.488388 
 ----> volume 306 0 0.535457 0.464543 
 ----> volume 307 0 0.546403 0.453597 
 ----> volume 308 1 0.519958 0.480042 
 ----> volume 309 0 0.58892 0.41108 
 ----> volume 310 1 0.507847 0.492153 
 ----> volume 311 0 0.550721 0.449279 
 ----> volume 312 1 0.494377 0.505623 
 ----> volume 313 0 0.57213 0.42787 
 ----> volume 314 0 0.551658 0.448342 
 ----> volume 315 0 0.480856 0.519144 
 ----> volume 316 1 0.521167 0.478833 
 ----> volume 317 1 0.532199 0.467801 
 ----> volume 318 0 0.563251 0.436749 
 ----> volume 319 1 0.486827 0.513173 
 ----> volume 320 1 0.469576 0.530424 
 ----> volume 321 1 0.561368 0.438632 
 ----> volume 322 0 0.608609 0.391391 
 ----> volume 323 0 0.569378 0.430622 
 ----> volume 324 1 0.531191 0.468809 
 ----> volume 325 0 0.562682 0.437318 
 ----> volume 326 0 0.549688 0.450312 
 ----> volume 327 1 0.503363 0.496637 
 ----> volume 328 0 0.599157 0.400843 
 ----> volume 329 0 0.513043 0.486957 
 ----> volume 330 1 0.474794 0.525206 
 ----> volume 331 0 0.545172 0.454828 
 ----> volume 332 0 0.467164 0.532836 
 ----> volume 333 1 0.483896 0.516104 
 ----> volume 334 1 0.468482 0.531518 
 ----> volume 335 0 0.608939 0.391061 
 ----> volume 336 1 0.516124 0.483876 
 ----> volume 337 0 0.563059 0.436941 
 ----> volume 338 1 0.511172 0.488828 
 ----> volume 339 0 0.542884 0.457116 
 ----> volume 340 1 0.496693 0.503307 
 ----> volume 341 0 0.543625 0.456375 
 ----> volume 342 1 0.539421 0.460579 
 ----> volume 343 0 0.537373 0.462627 
 ----> volume 344 0 0.543442 0.456558 
 ----> volume 345 0 0.58814 0.41186 
 ----> volume 346 1 0.52138 0.47862 
 ----> volume 347 0 0.536629 0.463371 
 ----> volume 348 0 0.567994 0.432006 
 ----> volume 349 1 0.461567 0.538433 
 ----> volume 350 1 0.531333 0.468667 
 ----> volume 351 0 0.627828 0.372172 
 ----> volume 352 0 0.522043 0.477957 
 ----> volume 353 1 0.485116 0.514884 
 ----> volume 354 0 0.567839 0.432161 
 ----> volume 355 1 0.538078 0.461922 
 ----> volume 356 1 0.5035 0.4965 
 ----> volume 357 1 0.456237 0.543763 
 ----> volume 358 0 0.601147 0.398853 
 ----> volume 359 0 0.55009 0.44991 
 ----> volume 360 1 0.537399 0.462601 
 ----> volume 361 1 0.514602 0.485398 
 ----> volume 362 0 0.58041 0.41959 
 ----> volume 363 0 0.550196 0.449804 
 ----> volume 364 0 0.533729 0.466271 
 ----> volume 365 0 0.562191 0.437809 
 ----> volume 366 1 0.555367 0.444633 
 ----> volume 367 0 0.53034 0.46966 
 ----> volume 368 0 0.571651 0.428349 
 ----> volume 369 0 0.525517 0.474483 
 ----> volume 370 1 0.448708 0.551292 
 ----> volume 371 0 0.500814 0.499186 
 ----> volume 372 1 0.478077 0.521923 
 ----> volume 373 0 0.558602 0.441398 
 ----> volume 374 0 0.504938 0.495062 
 ----> volume 375 1 0.508681 0.491319 
 ----> volume 376 0 0.567003 0.432997 
 ----> volume 377 1 0.499243 0.500757 
 ----> volume 378 1 0.470154 0.529846 
 ----> volume 379 0 0.616863 0.383137 
 ----> volume 380 0 0.550065 0.449935 
 ----> volume 381 1 0.505818 0.494182 
 ----> volume 382 1 0.550468 0.449532 
 ----> volume 383 1 0.53709 0.46291 
 ----> volume 384 0 0.617634 0.382366 
 ----> volume 385 1 0.474236 0.525764 
 ----> volume 386 0 0.492209 0.507791 
 ----> volume 387 1 0.531035 0.468965 
 ----> volume 388 1 0.502746 0.497254 
 ----> volume 389 0 0.557892 0.442108 
 ----> volume 390 0 0.592575 0.407425 
 ----> volume 391 0 0.552258 0.447742 
 ----> volume 392 1 0.46282 0.53718 
 ----> volume 393 1 0.542231 0.457769 
 ----> volume 394 1 0.535924 0.464076 
 ----> volume 395 0 0.600746 0.399254 
 ----> volume 396 0 0.546652 0.453348 
 ----> volume 397 0 0.508322 0.491678 
 ----> volume 398 1 0.475361 0.524639 
 ----> volume 399 1 0.486933 0.513067 
 ----> volume 400 1 0.561943 0.438057 
 ----> volume 401 0 0.570431 0.429569 
 ----> volume 402 0 0.573605 0.426395 
 ----> volume 403 0 0.54129 0.45871 
 ----> volume 404 1 0.488879 0.511121 
 ----> volume 405 1 0.52527 0.47473 
 ----> volume 406 1 0.572509 0.427491 
 ----> volume 407 1 0.545066 0.454934 
 ----> volume 408 0 0.591417 0.408583 
 ----> volume 409 0 0.542029 0.457971 
 ----> volume 410 0 0.527742 0.472258 
 ----> volume 411 0 0.498694 0.501306 
 ----> volume 412 1 0.50353 0.49647 
 ----> volume 413 1 0.498351 0.501649 
 ----> volume 414 0 0.579392 0.420608 
 ----> volume 415 1 0.510428 0.489572 
 ----> volume 416 0 0.591471 0.408529 
 ----> volume 417 0 0.586692 0.413308 
 ----> volume 418 1 0.520803 0.479197 
 ----> volume 419 1 0.496909 0.503091 
 ----> volume 420 1 0.580149 0.419851 
 ----> volume 421 0 0.573512 0.426488 
 ----> volume 422 0 0.537174 0.462826 
 ----> volume 423 1 0.481992 0.518008 
 ----> volume 424 0 0.553109 0.446891 
 ----> volume 425 0 0.504692 0.495308 
 ----> volume 426 1 0.505517 0.494483 
 ----> volume 427 0 0.552298 0.447702 
 ----> volume 428 0 0.549739 0.450261 
 ----> volume 429 0 0.53831 0.46169 
 ----> volume 430 0 0.535777 0.464223 
 ----> volume 431 1 0.48066 0.51934 
 ----> volume 432 1 0.541032 0.458968 
 ----> volume 433 1 0.474352 0.525648 
 ----> volume 434 0 0.606406 0.393594 
 ----> volume 435 1 0.464877 0.535123 
 ----> volume 436 0 0.581251 0.418749 
 ----> volume 437 0 0.521871 0.478129 
 ----> volume 438 0 0.591046 0.408954 
 ----> volume 439 0 0.552739 0.447261 
 ----> volume 440 1 0.527107 0.472893 
 ----> volume 441 0 0.614371 0.385629 
 ----> volume 442 1 0.49104 0.50896 
 ----> volume 443 1 0.557192 0.442808 
 ----> volume 444 0 0.579693 0.420307 
 ----> volume 445 1 0.525214 0.474786 
 ----> volume 446 0 0.51959 0.48041 
 ----> volume 447 0 0.605045 0.394955 
 ----> volume 448 1 0.555197 0.444803 
 ----> volume 449 1 0.546653 0.453347 
 ----> volume 450 0 0.608442 0.391558 
 ----> volume 451 0 0.531541 0.468459 
 ----> volume 452 1 0.517681 0.482319 
 ----> volume 453 0 0.558113 0.441887 
 ----> volume 454 1 0.562586 0.437414 
 ----> volume 455 0 0.567671 0.432329 
 ----> volume 456 0 0.553389 0.446611 
 ----> volume 457 0 0.49505 0.50495 
 ----> volume 458 1 0.508028 0.491972 
 ----> volume 459 0 0.585518 0.414482 
 ----> volume 460 1 0.503667 0.496333 
 ----> volume 461 1 0.537235 0.462765 
 ----> volume 462 0 0.576176 0.423824 
 ----> volume 463 1 0.500324 0.499676 
 ----> volume 464 0 0.618525 0.381475 
 ----> volume 465 1 0.505065 0.494935 
 ----> volume 466 0 0.622568 0.377432 
 ----> volume 467 1 0.544003 0.455997 
 ----> volume 468 0 0.578171 0.421829 
 ----> volume 469 1 0.539866 0.460134 
 ----> volume 470 0 0.60459 0.39541 
 ----> volume 471 1 0.476419 0.523581 
 ----> volume 472 0 0.587723 0.412277 
 ----> volume 473 1 0.527729 0.472271 
 ----> volume 474 0 0.576089 0.423911 
 ----> volume 475 0 0.534812 0.465188 
 ----> volume 476 1 0.550854 0.449146 
 ----> volume 477 1 0.532049 0.467951 
 ----> volume 478 1 0.553753 0.446247 
 ----> volume 479 0 0.517612 0.482388 
 ----> volume 480 0 0.598401 0.401599 
 ----> volume 481 1 0.490997 0.509003 
 ----> volume 482 0 0.540636 0.459364 
 ----> volume 483 0 0.561377 0.438623 
 ----> volume 484 1 0.450544 0.549456 
 ----> volume 485 0 0.562591 0.437409 
 ----> volume 486 0 0.560143 0.439857 
 ----> volume 487 1 0.528241 0.471759 
 ----> volume 488 0 0.552861 0.447139 
 ----> volume 489 1 0.528198 0.471802 
 ----> volume 490 0 0.583562 0.416438 
 ----> volume 491 1 0.558844 0.441156 
 ----> volume 492 0 0.549845 0.450155 
 ----> volume 493 0 0.523904 0.476096 
 ----> volume 494 1 0.447363 0.552637 
 ----> volume 495 0 0.576627 0.423373 
 ----> volume 496 1 0.490812 0.509188 
 ----> volume 497 0 0.506812 0.493188 
 ----> volume 498 1 0.465033 0.534967 
 ----> volume 499 0 0.583557 0.416443 
 ----> volume 500 1 0.507001 0.492999 
 ----> volume 501 0 0.60934 0.39066 
 ----> volume 502 1 0.510303 0.489697 
 ----> volume 503 1 0.546742 0.453258 
 ----> volume 504 1 0.505936 0.494064 
 ----> volume 505 0 0.538198 0.461802 
 ----> volume 506 0 0.497695 0.502305 
 ----> volume 507 1 0.501563 0.498437 
 ----> volume 508 1 0.553242 0.446758 
 ----> volume 509 1 0.528242 0.471758 
 ----> volume 510 0 0.575215 0.424785 
 ----> volume 511 0 0.556311 0.443689 
 ----> volume 512 0 0.532238 0.467762 
 ----> volume 513 1 0.494299 0.505701 
 ----> volume 514 1 0.520383 0.479617 
 ----> volume 515 0 0.595302 0.404698 
 ----> volume 516 0 0.530674 0.469326 
 ----> volume 517 1 0.465966 0.534034 
 ----> volume 518 1 0.538539 0.461461 
 ----> volume 519 0 0.507471 0.492529 
 ----> volume 520 1 0.576059 0.423941 
 ----> volume 521 1 0.531043 0.468957 
 ----> volume 522 0 0.573123 0.426877 
 ----> volume 523 1 0.588756 0.411244 
 ----> volume 524 0 0.601052 0.398948 
 ----> volume 525 0 0.542127 0.457873 
 ----> volume 526 0 0.481737 0.518263 
 ----> volume 527 1 0.52599 0.47401 
 ----> volume 528 0 0.50897 0.49103 
 ----> volume 529 1 0.496769 0.503231 
 ----> volume 530 0 0.544957 0.455043 
 ----> volume 531 1 0.493039 0.506961 
 ----> volume 532 0 0.569228 0.430772 
 ----> volume 533 1 0.523658 0.476342 
 ----> volume 534 0 0.570172 0.429828 
 ----> volume 535 0 0.52911 0.47089 
 ----> volume 536 1 0.520363 0.479637 
 ----> volume 537 1 0.493738 0.506262 
 ----> volume 538 0 0.581549 0.418451 
 ----> volume 539 1 0.519511 0.480489 
 ----> volume 540 1 0.560244 0.439756 
 ----> volume 541 0 0.54668 0.45332 
 ----> volume 542 0 0.513362 0.486638 
 ----> volume 543 1 0.503207 0.496793 
 ----> volume 544 1 0.530094 0.469906 
 ----> volume 545 0 0.562574 0.437426 
 ----> volume 546 0 0.557489 0.442511 
 ----> volume 547 1 0.464576 0.535424 
 ----> volume 548 1 0.555656 0.444344 
 ----> volume 549 0 0.565129 0.434871 
 ----> volume 550 0 0.489511 0.510489 
 ----> volume 551 1 0.521636 0.478364 
 ----> volume 552 0 0.550698 0.449302 
 ----> volume 553 1 0.487993 0.512007 
 ----> volume 554 0 0.54917 0.45083 
 ----> volume 555 0 0.497283 0.502717 
 ----> volume 556 0 0.649265 0.350735 
 ----> volume 557 1 0.528502 0.471498 
 ----> volume 558 1 0.458375 0.541625 
 ----> volume 559 1 0.535874 0.464126 
 ----> volume 560 0 0.591742 0.408258 
 ----> volume 561 0 0.57455 0.42545 
 ----> volume 562 1 0.521771 0.478229 
 ----> volume 563 0 0.625312 0.374688 
 ----> volume 564 0 0.544218 0.455782 
 ----> volume 565 1 0.521815 0.478185 
 ----> volume 566 0 0.565824 0.434176 
 ----> volume 567 0 0.553121 0.446879 
 ----> volume 568 0 0.588025 0.411975 
 ----> volume 569 0 0.524166 0.475834 
 ----> volume 570 1 0.515076 0.484924 
 ----> volume 571 1 0.51628 0.48372 
 ----> volume 572 0 0.577039 0.422961 
 ----> volume 573 0 0.542796 0.457204 
 ----> volume 574 0 0.585127 0.414873 
 ----> volume 575 1 0.490334 0.509666 
 ----> volume 576 1 0.486183 0.513817 
 ----> volume 577 0 0.628571 0.371429 
 ----> volume 578 0 0.571689 0.428311 
 ----> volume 579 0 0.580557 0.419443 
 ----> volume 580 1 0.547048 0.452952 
 ----> volume 581 0 0.56647 0.43353 
 ----> volume 582 0 0.546433 0.453567 
 ----> volume 583 1 0.531551 0.468449 
 ----> volume 584 1 0.545203 0.454797 
 ----> volume 585 0 0.569129 0.430871 
 ----> volume 586 0 0.566394 0.433606 
 ----> volume 587 1 0.540504 0.459496 
 ----> volume 588 1 0.488568 0.511432 
 ----> volume 589 1 0.625303 0.374697 
 ----> volume 590 0 0.536073 0.463927 
 ----> volume 591 1 0.531729 0.468271 
 ----> volume 592 1 0.580331 0.419669 
 ----> volume 593 0 0.524941 0.475059 
 ----> volume 594 0 0.482049 0.517951 
 ----> volume 595 1 0.443784 0.556216 
 ----> volume 596 1 0.590236 0.409764 
 ----> volume 597 0 0.620476 0.379524 
 ----> volume 598 1 0.474969 0.525031 
 ----> volume 599 1 0.540121 0.459879 
 ----> volume 600 0 0.531163 0.468837 
 ----> volume 601 1 0.47835 0.52165 
 ----> volume 602 1 0.51231 0.48769 
 ----> volume 603 0 0.565566 0.434434 
 ----> volume 604 0 0.611179 0.388821 
 ----> volume 605 0 0.57032 0.42968 
 ----> volume 606 1 0.504783 0.495217 
 ----> volume 607 1 0.540501 0.459499 
 ----> volume 608 0 0.544494 0.455506 
 ----> volume 609 0 0.591577 0.408423 
 ----> volume 610 0 0.567446 0.432554 
 ----> volume 611 1 0.470867 0.529133 
 ----> volume 612 0 0.478503 0.521497 
 ----> volume 613 1 0.530311 0.469689 
 ----> volume 614 0 0.455714 0.544286 
 ----> volume 615 1 0.460932 0.539068 
 ----> volume 616 0 0.626661 0.373339 
 ----> volume 617 1 0.498479 0.501521 
 ----> volume 618 1 0.57046 0.42954 
 ----> volume 619 1 0.538628 0.461372 
 ----> volume 620 1 0.466498 0.533502 
 ----> volume 621 0 0.591567 0.408433 
 ----> volume 622 0 0.570488 0.429512 
 ----> volume 623 0 0.58689 0.41311 
 ----> volume 624 0 0.524348 0.475652 
 ----> volume 625 0 0.498588 0.501412 
 ----> volume 626 0 0.538261 0.461739 
 ----> volume 627 0 0.476168 0.523832 
 ----> volume 628 1 0.454667 0.545333 
 ----> volume 629 1 0.515636 0.484364 
 ----> volume 630 0 0.646049 0.353951 
 ----> volume 631 1 0.526292 0.473708 
 ----> volume 632 1 0.55797 0.44203 
 ----> volume 633 0 0.506076 0.493924 
 ----> volume 634 1 0.535457 0.464543 
 ----> volume 635 0 0.560811 0.439189 
 ----> volume 636 1 0.556072 0.443928 
 ----> volume 637 0 0.575158 0.424842 
 ----> volume 638 0 0.515372 0.484628 
 ----> volume 639 1 0.473673 0.526327 
 ----> volume 640 1 0.543408 0.456592 
 ----> volume 641 0 0.602709 0.397291 
 ----> volume 642 0 0.536559 0.463441 
 ----> volume 643 0 0.55168 0.44832 
 ----> volume 644 0 0.521334 0.478666 
 ----> volume 645 0 0.539513 0.460487 
 ----> volume 646 0 0.513615 0.486385 
 ----> volume 647 1 0.508359 0.491641 
 ----> volume 648 0 0.529103 0.470897 
 ----> volume 649 1 0.497158 0.502842 
 ----> volume 650 1 0.508019 0.491981 
 ----> volume 651 1 0.575408 0.424592 
 ----> volume 652 0 0.537716 0.462284 
 ----> volume 653 1 0.540638 0.459362 
 ----> volume 654 1 0.535146 0.464854 
 ----> volume 655 0 0.608793 0.391207 
 ----> volume 656 0 0.585141 0.414859 
 ----> volume 657 0 0.543384 0.456616 
 ----> volume 658 1 0.501429 0.498571 
 ----> volume 659 1 0.51599 0.48401 
 ----> volume 660 0 0.58516 0.41484 
 ----> volume 661 0 0.54909 0.45091 
 ----> volume 662 1 0.507911 0.492089 
 ----> volume 663 0 0.554703 0.445297 
 ----> volume 664 1 0.495552 0.504448 
 ----> volume 665 1 0.481213 0.518787 
 ----> volume 666 0 0.630409 0.369591 
 ----> volume 667 0 0.540518 0.459482 
 ----> volume 668 1 0.535157 0.464843 
 ----> volume 669 0 0.577265 0.422735 
 ----> volume 670 0 0.547725 0.452275 
 ----> volume 671 1 0.473225 0.526775 
 ----> volume 672 0 0.534003 0.465997 
 ----> volume 673 1 0.491756 0.508244 
 ----> volume 674 1 0.506531 0.493469 
 ----> volume 675 1 0.524762 0.475238 
 ----> volume 676 0 0.566368 0.433632 
 ----> volume 677 0 0.578711 0.421289 
 ----> volume 678 1 0.512688 0.487312 
 ----> volume 679 0 0.590668 0.409332 
 ----> volume 680 1 0.51063 0.48937 
 ----> volume 681 0 0.524728 0.475272 
 ----> volume 682 0 0.546005 0.453995 
 ----> volume 683 1 0.526274 0.473726 
 ----> volume 684 0 0.579363 0.420637 
 ----> volume 685 1 0.555321 0.444679 
 ----> volume 686 0 0.578914 0.421086 
 ----> volume 687 0 0.543223 0.456777 
 ----> volume 688 1 0.550449 0.449551 
 ----> volume 689 0 0.5543 0.4457 
 ----> volume 690 0 0.556149 0.443851 
 ----> volume 691 1 0.509059 0.490941 
 ----> volume 692 0 0.558701 0.441299 
 ----> volume 693 1 0.528999 0.471001 
 ----> volume 694 1 0.486539 0.513461 
 ----> volume 695 1 0.429761 0.570239 
 ----> volume 696 0 0.627382 0.372618 
 ----> volume 697 0 0.440063 0.559937 
 ----> volume 698 0 0.503486 0.496514 
 ----> volume 699 1 0.563794 0.436206 
 ----> volume 700 1 0.529088 0.470912 
 ----> volume 701 0 0.610246 0.389754 
 ----> volume 702 0 0.531349 0.468651 
 ----> volume 703 1 0.542595 0.457405 
 ----> volume 704 1 0.494209 0.505791 
 ----> volume 705 0 0.596409 0.403591 
 ----> volume 706 1 0.517124 0.482876 
 ----> volume 707 1 0.592021 0.407979 
 ----> volume 708 1 0.534763 0.465237 
 ----> volume 709 1 0.502238 0.497762 
 ----> volume 710 0 0.556717 0.443283 
 ----> volume 711 0 0.588178 0.411822 
 ----> volume 712 1 0.513987 0.486013 
 ----> volume 713 0 0.624159 0.375841 
 ----> volume 714 1 0.5472 0.4528 
 ----> volume 715 0 0.541448 0.458552 
 ----> volume 716 1 0.552461 0.447539 
 ----> volume 717 0 0.534514 0.465486 
 ----> volume 718 1 0.585013 0.414987 
