 ----> volume 1 1 0 0 
 ----> volume 2 0 0.491186 0.508814 
 ----> volume 3 1 0.504759 0.495241 
 ----> volume 4 0 0.548964 0.451036 
 ----> volume 5 0 0.632209 0.367791 
 ----> volume 6 1 0.517771 0.482229 
 ----> volume 7 0 0.556502 0.443498 
 ----> volume 8 0 0.587734 0.412266 
 ----> volume 9 1 0.59138 0.40862 
 ----> volume 10 1 0.462121 0.537879 
 ----> volume 11 0 0.594519 0.405481 
 ----> volume 12 0 0.536874 0.463126 
 ----> volume 13 0 0.576007 0.423993 
 ----> volume 14 1 0.579942 0.420058 
 ----> volume 15 0 0.544461 0.455539 
 ----> volume 16 1 0.531177 0.468823 
 ----> volume 17 1 0.526185 0.473815 
 ----> volume 18 0 0.547975 0.452025 
 ----> volume 19 1 0.535257 0.464743 
 ----> volume 20 0 0.551656 0.448344 
 ----> volume 21 0 0.549292 0.450708 
 ----> volume 22 1 0.531736 0.468264 
 ----> volume 23 0 0.62086 0.37914 
 ----> volume 24 0 0.55068 0.44932 
 ----> volume 25 1 0.523112 0.476888 
 ----> volume 26 0 0.512186 0.487814 
 ----> volume 27 1 0.526609 0.473391 
 ----> volume 28 1 0.56241 0.43759 
 ----> volume 29 0 0.587931 0.412069 
 ----> volume 30 0 0.559298 0.440702 
 ----> volume 31 0 0.578514 0.421486 
 ----> volume 32 0 0.599297 0.400703 
 ----> volume 33 1 0.46154 0.53846 
 ----> volume 34 0 0.574779 0.425221 
 ----> volume 35 1 0.48283 0.51717 
 ----> volume 36 0 0.562564 0.437436 
 ----> volume 37 0 0.554845 0.445155 
 ----> volume 38 1 0.539284 0.460716 
 ----> volume 39 1 0.50758 0.49242 
 ----> volume 40 1 0.517966 0.482034 
 ----> volume 41 0 0.551857 0.448143 
 ----> volume 42 0 0.579811 0.420189 
 ----> volume 43 0 0.591155 0.408845 
 ----> volume 44 0 0.55472 0.44528 
 ----> volume 45 1 0.524622 0.475378 
 ----> volume 46 1 0.508534 0.491466 
 ----> volume 47 0 0.552572 0.447428 
 ----> volume 48 0 0.569059 0.430941 
 ----> volume 49 1 0.548552 0.451448 
 ----> volume 50 1 0.518426 0.481574 
 ----> volume 51 1 0.551454 0.448546 
 ----> volume 52 0 0.55415 0.44585 
 ----> volume 53 1 0.523178 0.476822 
 ----> volume 54 1 0.532529 0.467471 
 ----> volume 55 0 0.574517 0.425483 
 ----> volume 56 0 0.547817 0.452183 
 ----> volume 57 1 0.503262 0.496738 
 ----> volume 58 0 0.529227 0.470773 
 ----> volume 59 1 0.528412 0.471588 
 ----> volume 60 1 0.560508 0.439492 
 ----> volume 61 0 0.5284 0.4716 
 ----> volume 62 1 0.511419 0.488581 
 ----> volume 63 0 0.549225 0.450775 
 ----> volume 64 1 0.498625 0.501375 
 ----> volume 65 0 0.550869 0.449131 
 ----> volume 66 1 0.568203 0.431797 
 ----> volume 67 0 0.562052 0.437948 
 ----> volume 68 0 0.529967 0.470033 
 ----> volume 69 1 0.566155 0.433845 
 ----> volume 70 1 0.548739 0.451261 
 ----> volume 71 0 0.555569 0.444431 
 ----> volume 72 0 0.531606 0.468394 
 ----> volume 73 1 0.509344 0.490656 
 ----> volume 74 1 0.554271 0.445729 
 ----> volume 75 1 0.518544 0.481456 
 ----> volume 76 0 0.52678 0.47322 
 ----> volume 77 0 0.55692 0.44308 
 ----> volume 78 1 0.504682 0.495318 
 ----> volume 79 0 0.537934 0.462066 
 ----> volume 80 1 0.542644 0.457356 
 ----> volume 81 1 0.560801 0.439199 
 ----> volume 82 1 0.499407 0.500593 
 ----> volume 83 0 0.610626 0.389374 
 ----> volume 84 1 0.508144 0.491856 
 ----> volume 85 0 0.530251 0.469749 
 ----> volume 86 0 0.547769 0.452231 
 ----> volume 87 0 0.503097 0.496903 
 ----> volume 88 0 0.543673 0.456327 
 ----> volume 89 0 0.580906 0.419094 
 ----> volume 90 1 0.547651 0.452349 
 ----> volume 91 0 0.582819 0.417181 
 ----> volume 92 1 0.527402 0.472598 
 ----> volume 93 0 0.570245 0.429755 
 ----> volume 94 1 0.535221 0.464779 
 ----> volume 95 0 0.545718 0.454282 
 ----> volume 96 1 0.518525 0.481475 
 ----> volume 97 0 0.619333 0.380667 
 ----> volume 98 0 0.525957 0.474043 
 ----> volume 99 1 0.550248 0.449752 
 ----> volume 100 0 0.560754 0.439246 
 ----> volume 101 1 0.602883 0.397117 
 ----> volume 102 1 0.488966 0.511034 
 ----> volume 103 0 0.557602 0.442398 
 ----> volume 104 0 0.51032 0.48968 
 ----> volume 105 0 0.534191 0.465809 
 ----> volume 106 0 0.543519 0.456481 
 ----> volume 107 0 0.532648 0.467352 
 ----> volume 108 1 0.448984 0.551016 
 ----> volume 109 0 0.595264 0.404736 
 ----> volume 110 0 0.533929 0.466071 
 ----> volume 111 1 0.558052 0.441948 
 ----> volume 112 0 0.577497 0.422503 
 ----> volume 113 1 0.521155 0.478845 
 ----> volume 114 0 0.583087 0.416913 
 ----> volume 115 0 0.570355 0.429645 
 ----> volume 116 1 0.48848 0.51152 
 ----> volume 117 1 0.571291 0.428709 
 ----> volume 118 1 0.539068 0.460932 
 ----> volume 119 0 0.530693 0.469307 
 ----> volume 120 0 0.582559 0.417441 
 ----> volume 121 0 0.584083 0.415917 
 ----> volume 122 0 0.512505 0.487495 
 ----> volume 123 1 0.566704 0.433296 
 ----> volume 124 1 0.542433 0.457567 
 ----> volume 125 0 0.571445 0.428555 
 ----> volume 126 1 0.52599 0.47401 
 ----> volume 127 0 0.554285 0.445715 
 ----> volume 128 1 0.478728 0.521272 
 ----> volume 129 0 0.51688 0.48312 
 ----> volume 130 0 0.542463 0.457537 
 ----> volume 131 0 0.557469 0.442531 
 ----> volume 132 1 0.5535 0.4465 
 ----> volume 133 0 0.543475 0.456525 
 ----> volume 134 1 0.557148 0.442852 
 ----> volume 135 1 0.486122 0.513878 
 ----> volume 136 0 0.533965 0.466035 
 ----> volume 137 0 0.525015 0.474985 
 ----> volume 138 0 0.561042 0.438958 
 ----> volume 139 0 0.593208 0.406792 
 ----> volume 140 0 0.549284 0.450716 
 ----> volume 141 1 0.558881 0.441119 
 ----> volume 142 0 0.567933 0.432067 
 ----> volume 143 1 0.555036 0.444964 
 ----> volume 144 0 0.533455 0.466545 
 ----> volume 145 0 0.592889 0.407111 
 ----> volume 146 1 0.531475 0.468525 
 ----> volume 147 0 0.588919 0.411081 
 ----> volume 148 1 0.508249 0.491751 
 ----> volume 149 1 0.476174 0.523826 
 ----> volume 150 0 0.537571 0.462429 
 ----> volume 151 0 0.540507 0.459493 
 ----> volume 152 0 0.55622 0.44378 
 ----> volume 153 0 0.554989 0.445011 
 ----> volume 154 1 0.540157 0.459843 
 ----> volume 155 0 0.552266 0.447734 
 ----> volume 156 1 0.524089 0.475911 
 ----> volume 157 1 0.51273 0.48727 
 ----> volume 158 0 0.613895 0.386105 
 ----> volume 159 0 0.524819 0.475181 
 ----> volume 160 0 0.551585 0.448415 
 ----> volume 161 0 0.52422 0.47578 
 ----> volume 162 0 0.589949 0.410051 
 ----> volume 163 1 0.498474 0.501526 
 ----> volume 164 0 0.598761 0.401239 
 ----> volume 165 1 0.551858 0.448142 
 ----> volume 166 0 0.568186 0.431814 
 ----> volume 167 1 0.552357 0.447643 
 ----> volume 168 0 0.603899 0.396101 
 ----> volume 169 1 0.454156 0.545844 
 ----> volume 170 1 0.541781 0.458219 
 ----> volume 171 1 0.55604 0.44396 
 ----> volume 172 0 0.521298 0.478702 
 ----> volume 173 1 0.55809 0.44191 
 ----> volume 174 0 0.549091 0.450909 
 ----> volume 175 1 0.556584 0.443416 
 ----> volume 176 0 0.542499 0.457501 
 ----> volume 177 0 0.614761 0.385239 
 ----> volume 178 0 0.540257 0.459743 
 ----> volume 179 1 0.520218 0.479782 
 ----> volume 180 1 0.505096 0.494904 
 ----> volume 181 1 0.547161 0.452839 
 ----> volume 182 1 0.574623 0.425377 
 ----> volume 183 0 0.544321 0.455679 
 ----> volume 184 1 0.508093 0.491907 
 ----> volume 185 0 0.517189 0.482811 
 ----> volume 186 0 0.578337 0.421663 
 ----> volume 187 0 0.52614 0.47386 
 ----> volume 188 0 0.569803 0.430197 
 ----> volume 189 1 0.534041 0.465959 
 ----> volume 190 0 0.540744 0.459256 
 ----> volume 191 0 0.563504 0.436496 
 ----> volume 192 1 0.531301 0.468699 
 ----> volume 193 0 0.587376 0.412624 
 ----> volume 194 0 0.531386 0.468614 
 ----> volume 195 1 0.544724 0.455276 
 ----> volume 196 1 0.51686 0.48314 
 ----> volume 197 0 0.5619 0.4381 
 ----> volume 198 1 0.531259 0.468741 
 ----> volume 199 0 0.595493 0.404507 
 ----> volume 200 0 0.539035 0.460965 
 ----> volume 201 1 0.513106 0.486894 
 ----> volume 202 1 0.566295 0.433705 
 ----> volume 203 0 0.548966 0.451034 
 ----> volume 204 1 0.500389 0.499611 
 ----> volume 205 0 0.568925 0.431075 
 ----> volume 206 1 0.53009 0.46991 
 ----> volume 207 1 0.549352 0.450648 
 ----> volume 208 0 0.524829 0.475171 
 ----> volume 209 0 0.563976 0.436024 
 ----> volume 210 1 0.52773 0.47227 
 ----> volume 211 0 0.563905 0.436095 
 ----> volume 212 1 0.556011 0.443989 
 ----> volume 213 0 0.561336 0.438664 
 ----> volume 214 0 0.560155 0.439845 
 ----> volume 215 1 0.490223 0.509777 
 ----> volume 216 0 0.56837 0.43163 
 ----> volume 217 1 0.508833 0.491167 
 ----> volume 218 1 0.472726 0.527274 
 ----> volume 219 0 0.544106 0.455894 
 ----> volume 220 1 0.523939 0.476061 
 ----> volume 221 1 0.532672 0.467328 
 ----> volume 222 1 0.480536 0.519464 
 ----> volume 223 0 0.575916 0.424084 
 ----> volume 224 0 0.548433 0.451567 
 ----> volume 225 1 0.529528 0.470472 
 ----> volume 226 0 0.553367 0.446633 
 ----> volume 227 0 0.56935 0.43065 
 ----> volume 228 0 0.538081 0.461919 
 ----> volume 229 0 0.520054 0.479946 
 ----> volume 230 1 0.512078 0.487922 
 ----> volume 231 1 0.522184 0.477816 
 ----> volume 232 0 0.550348 0.449652 
 ----> volume 233 0 0.527562 0.472438 
 ----> volume 234 1 0.538051 0.461949 
 ----> volume 235 1 0.54121 0.45879 
 ----> volume 236 1 0.452788 0.547212 
 ----> volume 237 0 0.544881 0.455119 
 ----> volume 238 1 0.557191 0.442809 
 ----> volume 239 0 0.496481 0.503519 
 ----> volume 240 1 0.512473 0.487527 
 ----> volume 241 0 0.545285 0.454715 
 ----> volume 242 1 0.550245 0.449755 
 ----> volume 243 0 0.579695 0.420305 
 ----> volume 244 1 0.539663 0.460337 
 ----> volume 245 0 0.521516 0.478484 
 ----> volume 246 1 0.550626 0.449374 
 ----> volume 247 0 0.53462 0.46538 
 ----> volume 248 0 0.572043 0.427957 
 ----> volume 249 1 0.507981 0.492019 
 ----> volume 250 1 0.473691 0.526309 
 ----> volume 251 1 0.546725 0.453275 
 ----> volume 252 0 0.561484 0.438516 
 ----> volume 253 1 0.532778 0.467222 
 ----> volume 254 0 0.579465 0.420535 
 ----> volume 255 0 0.558039 0.441961 
 ----> volume 256 0 0.534358 0.465642 
 ----> volume 257 1 0.536366 0.463634 
 ----> volume 258 0 0.580988 0.419012 
 ----> volume 259 0 0.614126 0.385874 
 ----> volume 260 1 0.448313 0.551687 
 ----> volume 261 1 0.544476 0.455524 
 ----> volume 262 1 0.525818 0.474182 
 ----> volume 263 0 0.590059 0.409941 
 ----> volume 264 1 0.487213 0.512787 
 ----> volume 265 1 0.515241 0.484759 
 ----> volume 266 0 0.558646 0.441354 
 ----> volume 267 1 0.547472 0.452528 
 ----> volume 268 0 0.506857 0.493143 
 ----> volume 269 0 0.5638 0.4362 
 ----> volume 270 0 0.560118 0.439882 
 ----> volume 271 1 0.543614 0.456386 
 ----> volume 272 0 0.559835 0.440165 
 ----> volume 273 1 0.509525 0.490475 
 ----> volume 274 0 0.527647 0.472353 
 ----> volume 275 1 0.522667 0.477333 
 ----> volume 276 0 0.566296 0.433704 
 ----> volume 277 0 0.559872 0.440128 
 ----> volume 278 0 0.559761 0.440239 
 ----> volume 279 1 0.557602 0.442398 
 ----> volume 280 0 0.586885 0.413115 
 ----> volume 281 0 0.546358 0.453642 
 ----> volume 282 1 0.55567 0.44433 
 ----> volume 283 0 0.539179 0.460821 
 ----> volume 284 0 0.52794 0.47206 
 ----> volume 285 0 0.573431 0.426569 
 ----> volume 286 1 0.518954 0.481046 
 ----> volume 287 1 0.535292 0.464708 
 ----> volume 288 1 0.524326 0.475674 
 ----> volume 289 0 0.524452 0.475548 
 ----> volume 290 0 0.551767 0.448233 
 ----> volume 291 1 0.513915 0.486085 
 ----> volume 292 0 0.562605 0.437395 
 ----> volume 293 1 0.504992 0.495008 
 ----> volume 294 1 0.557725 0.442275 
 ----> volume 295 0 0.542607 0.457393 
 ----> volume 296 1 0.568123 0.431877 
 ----> volume 297 0 0.5683 0.4317 
 ----> volume 298 1 0.515011 0.484989 
 ----> volume 299 0 0.527483 0.472517 
 ----> volume 300 0 0.620366 0.379634 
 ----> volume 301 0 0.578246 0.421754 
 ----> volume 302 1 0.461944 0.538056 
 ----> volume 303 1 0.585039 0.414961 
 ----> volume 304 0 0.542107 0.457893 
 ----> volume 305 1 0.518478 0.481522 
 ----> volume 306 0 0.580889 0.419111 
 ----> volume 307 0 0.552036 0.447964 
 ----> volume 308 1 0.538566 0.461434 
 ----> volume 309 0 0.534707 0.465293 
 ----> volume 310 1 0.476961 0.523039 
 ----> volume 311 0 0.572681 0.427319 
 ----> volume 312 1 0.58445 0.41555 
 ----> volume 313 0 0.508346 0.491654 
 ----> volume 314 0 0.539756 0.460244 
 ----> volume 315 0 0.533845 0.466155 
 ----> volume 316 1 0.523699 0.476301 
 ----> volume 317 1 0.528502 0.471498 
 ----> volume 318 0 0.57386 0.42614 
 ----> volume 319 1 0.513233 0.486767 
 ----> volume 320 1 0.449709 0.550291 
 ----> volume 321 1 0.448375 0.551625 
 ----> volume 322 0 0.58532 0.41468 
 ----> volume 323 0 0.564663 0.435337 
 ----> volume 324 1 0.544907 0.455093 
 ----> volume 325 0 0.555105 0.444895 
 ----> volume 326 0 0.544944 0.455056 
 ----> volume 327 1 0.455457 0.544543 
 ----> volume 328 0 0.542931 0.457069 
 ----> volume 329 0 0.57285 0.42715 
 ----> volume 330 1 0.568115 0.431885 
 ----> volume 331 0 0.533695 0.466305 
 ----> volume 332 0 0.528251 0.471749 
 ----> volume 333 1 0.515176 0.484824 
 ----> volume 334 1 0.494945 0.505055 
 ----> volume 335 0 0.563844 0.436156 
 ----> volume 336 1 0.541358 0.458642 
 ----> volume 337 0 0.541294 0.458706 
 ----> volume 338 1 0.496247 0.503753 
 ----> volume 339 0 0.562667 0.437333 
 ----> volume 340 1 0.576999 0.423001 
 ----> volume 341 0 0.601415 0.398585 
 ----> volume 342 1 0.545255 0.454745 
 ----> volume 343 0 0.55178 0.44822 
 ----> volume 344 0 0.592662 0.407338 
 ----> volume 345 0 0.563188 0.436812 
 ----> volume 346 1 0.483264 0.516736 
 ----> volume 347 0 0.546107 0.453893 
 ----> volume 348 0 0.542461 0.457539 
 ----> volume 349 1 0.482931 0.517069 
 ----> volume 350 1 0.520349 0.479651 
 ----> volume 351 0 0.569732 0.430268 
 ----> volume 352 0 0.511724 0.488276 
 ----> volume 353 1 0.479104 0.520896 
 ----> volume 354 0 0.532096 0.467904 
 ----> volume 355 1 0.548549 0.451451 
 ----> volume 356 1 0.507348 0.492652 
 ----> volume 357 1 0.520004 0.479996 
 ----> volume 358 0 0.548482 0.451518 
 ----> volume 359 0 0.524724 0.475276 
 ----> volume 360 1 0.56002 0.43998 
 ----> volume 361 1 0.504906 0.495094 
 ----> volume 362 0 0.561903 0.438097 
 ----> volume 363 0 0.544331 0.455669 
 ----> volume 364 0 0.570097 0.429903 
 ----> volume 365 0 0.548849 0.451151 
 ----> volume 366 1 0.530823 0.469177 
 ----> volume 367 0 0.55061 0.44939 
 ----> volume 368 0 0.557025 0.442975 
 ----> volume 369 0 0.517236 0.482764 
 ----> volume 370 1 0.526821 0.473179 
 ----> volume 371 0 0.546009 0.453991 
 ----> volume 372 1 0.43451 0.56549 
 ----> volume 373 0 0.52933 0.47067 
 ----> volume 374 0 0.584356 0.415644 
 ----> volume 375 1 0.521781 0.478219 
 ----> volume 376 0 0.552034 0.447966 
 ----> volume 377 1 0.556754 0.443246 
 ----> volume 378 1 0.568888 0.431112 
 ----> volume 379 0 0.57125 0.42875 
 ----> volume 380 0 0.566477 0.433523 
 ----> volume 381 1 0.549504 0.450496 
 ----> volume 382 1 0.60869 0.39131 
 ----> volume 383 1 0.536788 0.463212 
 ----> volume 384 0 0.537064 0.462936 
 ----> volume 385 1 0.541324 0.458676 
 ----> volume 386 0 0.532431 0.467569 
 ----> volume 387 1 0.539272 0.460728 
 ----> volume 388 1 0.558757 0.441243 
 ----> volume 389 0 0.498905 0.501095 
 ----> volume 390 0 0.570612 0.429388 
 ----> volume 391 0 0.559907 0.440093 
 ----> volume 392 1 0.528165 0.471835 
 ----> volume 393 1 0.504072 0.495928 
 ----> volume 394 1 0.541887 0.458113 
 ----> volume 395 0 0.542049 0.457951 
 ----> volume 396 0 0.577758 0.422242 
 ----> volume 397 0 0.582432 0.417568 
 ----> volume 398 1 0.557693 0.442307 
 ----> volume 399 1 0.50501 0.49499 
 ----> volume 400 1 0.441428 0.558572 
 ----> volume 401 0 0.605247 0.394753 
 ----> volume 402 0 0.554219 0.445781 
 ----> volume 403 0 0.562083 0.437917 
 ----> volume 404 1 0.567569 0.432431 
 ----> volume 405 1 0.509796 0.490204 
 ----> volume 406 1 0.532965 0.467035 
 ----> volume 407 1 0.529585 0.470415 
 ----> volume 408 0 0.578964 0.421036 
 ----> volume 409 0 0.576065 0.423935 
 ----> volume 410 0 0.535452 0.464548 
 ----> volume 411 0 0.561563 0.438437 
 ----> volume 412 1 0.459165 0.540835 
 ----> volume 413 1 0.489044 0.510956 
 ----> volume 414 0 0.552311 0.447689 
 ----> volume 415 1 0.502781 0.497219 
 ----> volume 416 0 0.562201 0.437799 
 ----> volume 417 0 0.481108 0.518892 
 ----> volume 418 1 0.552453 0.447547 
 ----> volume 419 1 0.516148 0.483852 
 ----> volume 420 1 0.528236 0.471764 
 ----> volume 421 0 0.575296 0.424704 
 ----> volume 422 0 0.574112 0.425888 
 ----> volume 423 1 0.50988 0.49012 
 ----> volume 424 0 0.537236 0.462764 
 ----> volume 425 0 0.549633 0.450367 
 ----> volume 426 1 0.508254 0.491746 
 ----> volume 427 0 0.55829 0.44171 
 ----> volume 428 0 0.5346 0.4654 
 ----> volume 429 0 0.558823 0.441177 
 ----> volume 430 0 0.501402 0.498598 
 ----> volume 431 1 0.526944 0.473056 
 ----> volume 432 1 0.509088 0.490912 
 ----> volume 433 1 0.508067 0.491933 
 ----> volume 434 0 0.558045 0.441955 
 ----> volume 435 1 0.535638 0.464362 
 ----> volume 436 0 0.529556 0.470444 
 ----> volume 437 0 0.519328 0.480672 
 ----> volume 438 0 0.56986 0.43014 
 ----> volume 439 0 0.544289 0.455711 
 ----> volume 440 1 0.519639 0.480361 
 ----> volume 441 0 0.517962 0.482038 
 ----> volume 442 1 0.535961 0.464039 
 ----> volume 443 1 0.516302 0.483698 
 ----> volume 444 0 0.541727 0.458273 
 ----> volume 445 1 0.556144 0.443856 
 ----> volume 446 0 0.538218 0.461782 
 ----> volume 447 0 0.56016 0.43984 
 ----> volume 448 1 0.539177 0.460823 
 ----> volume 449 1 0.518239 0.481761 
 ----> volume 450 0 0.539213 0.460787 
 ----> volume 451 0 0.53051 0.46949 
 ----> volume 452 1 0.517552 0.482448 
 ----> volume 453 0 0.552635 0.447365 
 ----> volume 454 1 0.523822 0.476178 
 ----> volume 455 0 0.576086 0.423914 
 ----> volume 456 0 0.537303 0.462697 
 ----> volume 457 0 0.50731 0.49269 
 ----> volume 458 1 0.519056 0.480944 
 ----> volume 459 0 0.542833 0.457167 
 ----> volume 460 1 0.504188 0.495812 
 ----> volume 461 1 0.549015 0.450985 
 ----> volume 462 0 0.48955 0.51045 
 ----> volume 463 1 0.554878 0.445122 
 ----> volume 464 0 0.532726 0.467274 
 ----> volume 465 1 0.476702 0.523298 
 ----> volume 466 0 0.565456 0.434544 
 ----> volume 467 1 0.521074 0.478926 
 ----> volume 468 0 0.561212 0.438788 
 ----> volume 469 1 0.448075 0.551925 
 ----> volume 470 0 0.56492 0.43508 
 ----> volume 471 1 0.524817 0.475183 
 ----> volume 472 0 0.523139 0.476861 
 ----> volume 473 1 0.546175 0.453825 
 ----> volume 474 0 0.542901 0.457099 
 ----> volume 475 0 0.503112 0.496888 
 ----> volume 476 1 0.566198 0.433802 
 ----> volume 477 1 0.561047 0.438953 
 ----> volume 478 1 0.510154 0.489846 
 ----> volume 479 0 0.589762 0.410238 
 ----> volume 480 0 0.549782 0.450218 
 ----> volume 481 1 0.466616 0.533384 
 ----> volume 482 0 0.532621 0.467379 
 ----> volume 483 0 0.54585 0.45415 
 ----> volume 484 1 0.508387 0.491613 
 ----> volume 485 0 0.568657 0.431343 
 ----> volume 486 0 0.552213 0.447787 
 ----> volume 487 1 0.48967 0.51033 
 ----> volume 488 0 0.522723 0.477277 
 ----> volume 489 1 0.543558 0.456442 
 ----> volume 490 0 0.536166 0.463834 
 ----> volume 491 1 0.547718 0.452282 
 ----> volume 492 0 0.538207 0.461793 
 ----> volume 493 0 0.545336 0.454664 
 ----> volume 494 1 0.546336 0.453664 
 ----> volume 495 0 0.549362 0.450638 
 ----> volume 496 1 0.502472 0.497528 
 ----> volume 497 0 0.530175 0.469825 
 ----> volume 498 1 0.554451 0.445549 
 ----> volume 499 0 0.574047 0.425953 
 ----> volume 500 1 0.525381 0.474619 
 ----> volume 501 0 0.5781 0.4219 
 ----> volume 502 1 0.49965 0.50035 
 ----> volume 503 1 0.555485 0.444515 
 ----> volume 504 1 0.556563 0.443437 
 ----> volume 505 0 0.535371 0.464629 
 ----> volume 506 0 0.554557 0.445443 
 ----> volume 507 1 0.530225 0.469775 
 ----> volume 508 1 0.511776 0.488224 
 ----> volume 509 1 0.536227 0.463773 
 ----> volume 510 0 0.537429 0.462571 
 ----> volume 511 0 0.580002 0.419998 
 ----> volume 512 0 0.543831 0.456169 
 ----> volume 513 1 0.538927 0.461073 
 ----> volume 514 1 0.523835 0.476165 
 ----> volume 515 0 0.574755 0.425245 
 ----> volume 516 0 0.55867 0.44133 
 ----> volume 517 1 0.508619 0.491381 
 ----> volume 518 1 0.547639 0.452361 
 ----> volume 519 0 0.578245 0.421755 
 ----> volume 520 1 0.506548 0.493452 
 ----> volume 521 1 0.480062 0.519938 
 ----> volume 522 0 0.543089 0.456911 
 ----> volume 523 1 0.551919 0.448081 
 ----> volume 524 0 0.550537 0.449463 
 ----> volume 525 0 0.544564 0.455436 
 ----> volume 526 0 0.578688 0.421312 
 ----> volume 527 1 0.483632 0.516368 
 ----> volume 528 0 0.589195 0.410805 
 ----> volume 529 1 0.503876 0.496124 
 ----> volume 530 0 0.626252 0.373748 
 ----> volume 531 1 0.493211 0.506789 
 ----> volume 532 0 0.551386 0.448614 
 ----> volume 533 1 0.549955 0.450045 
 ----> volume 534 0 0.535798 0.464202 
 ----> volume 535 0 0.490326 0.509674 
 ----> volume 536 1 0.566428 0.433572 
 ----> volume 537 1 0.482441 0.517559 
 ----> volume 538 0 0.551635 0.448365 
 ----> volume 539 1 0.499565 0.500435 
 ----> volume 540 1 0.519953 0.480047 
 ----> volume 541 0 0.548871 0.451129 
 ----> volume 542 0 0.546276 0.453724 
 ----> volume 543 1 0.53325 0.46675 
 ----> volume 544 1 0.534797 0.465203 
 ----> volume 545 0 0.519765 0.480235 
 ----> volume 546 0 0.566808 0.433192 
 ----> volume 547 1 0.524806 0.475194 
 ----> volume 548 1 0.514888 0.485112 
 ----> volume 549 0 0.571655 0.428345 
 ----> volume 550 0 0.608001 0.391999 
 ----> volume 551 1 0.558216 0.441784 
 ----> volume 552 0 0.52937 0.47063 
 ----> volume 553 1 0.448712 0.551288 
 ----> volume 554 0 0.531185 0.468815 
 ----> volume 555 0 0.582542 0.417458 
 ----> volume 556 0 0.554382 0.445618 
 ----> volume 557 1 0.533113 0.466887 
 ----> volume 558 1 0.559878 0.440122 
 ----> volume 559 1 0.433627 0.566373 
 ----> volume 560 0 0.585012 0.414988 
 ----> volume 561 0 0.569929 0.430071 
 ----> volume 562 1 0.502064 0.497936 
 ----> volume 563 0 0.5395 0.4605 
 ----> volume 564 0 0.553943 0.446057 
 ----> volume 565 1 0.520771 0.479229 
 ----> volume 566 0 0.542223 0.457777 
 ----> volume 567 0 0.547695 0.452305 
 ----> volume 568 0 0.493574 0.506426 
 ----> volume 569 0 0.575507 0.424493 
 ----> volume 570 1 0.540352 0.459648 
 ----> volume 571 1 0.53835 0.46165 
 ----> volume 572 0 0.543603 0.456397 
 ----> volume 573 0 0.556462 0.443538 
 ----> volume 574 0 0.567707 0.432293 
 ----> volume 575 1 0.555036 0.444964 
 ----> volume 576 1 0.468495 0.531505 
 ----> volume 577 0 0.524177 0.475823 
 ----> volume 578 0 0.574155 0.425845 
 ----> volume 579 0 0.556558 0.443442 
 ----> volume 580 1 0.503575 0.496425 
 ----> volume 581 0 0.565126 0.434874 
 ----> volume 582 0 0.527297 0.472703 
 ----> volume 583 1 0.55734 0.44266 
 ----> volume 584 1 0.522134 0.477866 
 ----> volume 585 0 0.571984 0.428016 
 ----> volume 586 0 0.541058 0.458942 
 ----> volume 587 1 0.564185 0.435815 
 ----> volume 588 1 0.454761 0.545239 
 ----> volume 589 1 0.536138 0.463862 
 ----> volume 590 0 0.563702 0.436298 
 ----> volume 591 1 0.491044 0.508956 
 ----> volume 592 1 0.551941 0.448059 
 ----> volume 593 0 0.556576 0.443424 
 ----> volume 594 0 0.51735 0.48265 
 ----> volume 595 1 0.555272 0.444728 
 ----> volume 596 1 0.517266 0.482734 
 ----> volume 597 0 0.491678 0.508322 
 ----> volume 598 1 0.499903 0.500097 
 ----> volume 599 1 0.537541 0.462459 
 ----> volume 600 0 0.572348 0.427652 
 ----> volume 601 1 0.510949 0.489051 
 ----> volume 602 1 0.509273 0.490727 
 ----> volume 603 0 0.541066 0.458934 
 ----> volume 604 0 0.592386 0.407614 
 ----> volume 605 0 0.571233 0.428767 
 ----> volume 606 1 0.516074 0.483926 
 ----> volume 607 1 0.535178 0.464822 
 ----> volume 608 0 0.496459 0.503541 
 ----> volume 609 0 0.513719 0.486281 
 ----> volume 610 0 0.572936 0.427064 
 ----> volume 611 1 0.523416 0.476584 
 ----> volume 612 0 0.578241 0.421759 
 ----> volume 613 1 0.471794 0.528206 
 ----> volume 614 0 0.562739 0.437261 
 ----> volume 615 1 0.456039 0.543961 
 ----> volume 616 0 0.580593 0.419407 
 ----> volume 617 1 0.521828 0.478172 
 ----> volume 618 1 0.537658 0.462342 
 ----> volume 619 1 0.520049 0.479951 
 ----> volume 620 1 0.544845 0.455155 
 ----> volume 621 0 0.542623 0.457377 
 ----> volume 622 0 0.530985 0.469015 
 ----> volume 623 0 0.537406 0.462594 
 ----> volume 624 0 0.522983 0.477017 
 ----> volume 625 0 0.533487 0.466513 
 ----> volume 626 0 0.539009 0.460991 
 ----> volume 627 0 0.53814 0.46186 
 ----> volume 628 1 0.535549 0.464451 
 ----> volume 629 1 0.542044 0.457956 
 ----> volume 630 0 0.541755 0.458245 
 ----> volume 631 1 0.531181 0.468819 
 ----> volume 632 1 0.551789 0.448211 
 ----> volume 633 0 0.522267 0.477733 
 ----> volume 634 1 0.530199 0.469801 
 ----> volume 635 0 0.547849 0.452151 
 ----> volume 636 1 0.507795 0.492205 
 ----> volume 637 0 0.556212 0.443788 
 ----> volume 638 0 0.567311 0.432689 
 ----> volume 639 1 0.534291 0.465709 
 ----> volume 640 1 0.512979 0.487021 
 ----> volume 641 0 0.583473 0.416527 
 ----> volume 642 0 0.60278 0.39722 
 ----> volume 643 0 0.486287 0.513713 
 ----> volume 644 0 0.527948 0.472052 
 ----> volume 645 0 0.548721 0.451279 
 ----> volume 646 0 0.503531 0.496469 
 ----> volume 647 1 0.503735 0.496265 
 ----> volume 648 0 0.609587 0.390413 
 ----> volume 649 1 0.502491 0.497509 
 ----> volume 650 1 0.466826 0.533174 
 ----> volume 651 1 0.526877 0.473123 
 ----> volume 652 0 0.541198 0.458802 
 ----> volume 653 1 0.545612 0.454388 
 ----> volume 654 1 0.507278 0.492722 
 ----> volume 655 0 0.531324 0.468676 
 ----> volume 656 0 0.532039 0.467961 
 ----> volume 657 0 0.543914 0.456086 
 ----> volume 658 1 0.52284 0.47716 
 ----> volume 659 1 0.551 0.449 
 ----> volume 660 0 0.558322 0.441678 
 ----> volume 661 0 0.532842 0.467158 
 ----> volume 662 1 0.526745 0.473255 
 ----> volume 663 0 0.553935 0.446065 
 ----> volume 664 1 0.5418 0.4582 
 ----> volume 665 1 0.548137 0.451863 
 ----> volume 666 0 0.555794 0.444206 
 ----> volume 667 0 0.557884 0.442116 
 ----> volume 668 1 0.565856 0.434144 
 ----> volume 669 0 0.577053 0.422947 
 ----> volume 670 0 0.564195 0.435805 
 ----> volume 671 1 0.518783 0.481217 
 ----> volume 672 0 0.548518 0.451482 
 ----> volume 673 1 0.518293 0.481707 
 ----> volume 674 1 0.528209 0.471791 
 ----> volume 675 1 0.528705 0.471295 
 ----> volume 676 0 0.549168 0.450832 
 ----> volume 677 0 0.544168 0.455832 
 ----> volume 678 1 0.53355 0.46645 
 ----> volume 679 0 0.545276 0.454724 
 ----> volume 680 1 0.560348 0.439652 
 ----> volume 681 0 0.496016 0.503984 
 ----> volume 682 0 0.591351 0.408649 
 ----> volume 683 1 0.50026 0.49974 
 ----> volume 684 0 0.664555 0.335445 
 ----> volume 685 1 0.484898 0.515102 
 ----> volume 686 0 0.555219 0.444781 
 ----> volume 687 0 0.544087 0.455913 
 ----> volume 688 1 0.537673 0.462327 
 ----> volume 689 0 0.489077 0.510923 
 ----> volume 690 0 0.552675 0.447325 
 ----> volume 691 1 0.484485 0.515515 
 ----> volume 692 0 0.558142 0.441858 
 ----> volume 693 1 0.500967 0.499033 
 ----> volume 694 1 0.510735 0.489265 
 ----> volume 695 1 0.537048 0.462952 
 ----> volume 696 0 0.536816 0.463184 
 ----> volume 697 0 0.526473 0.473527 
 ----> volume 698 0 0.535673 0.464327 
 ----> volume 699 1 0.520486 0.479514 
 ----> volume 700 1 0.52259 0.47741 
 ----> volume 701 0 0.515589 0.484411 
 ----> volume 702 0 0.548052 0.451948 
 ----> volume 703 1 0.528832 0.471168 
 ----> volume 704 1 0.550012 0.449988 
 ----> volume 705 0 0.521096 0.478904 
 ----> volume 706 1 0.542415 0.457585 
 ----> volume 707 1 0.561124 0.438876 
 ----> volume 708 1 0.525662 0.474338 
 ----> volume 709 1 0.485132 0.514868 
 ----> volume 710 0 0.541534 0.458466 
 ----> volume 711 0 0.535848 0.464152 
 ----> volume 712 1 0.526594 0.473406 
 ----> volume 713 0 0.564696 0.435304 
 ----> volume 714 1 0.521449 0.478551 
 ----> volume 715 0 0.54918 0.45082 
 ----> volume 716 1 0.552683 0.447317 
 ----> volume 717 0 0.538144 0.461856 
 ----> volume 718 1 0.565838 0.434162 
