 ----> volume 1 1 0.506374 0.493626 
 ----> volume 2 0 0.578124 0.421876 
 ----> volume 3 1 0.53704 0.46296 
 ----> volume 4 0 0.589701 0.410299 
 ----> volume 5 0 0.569295 0.430705 
 ----> volume 6 1 0.51966 0.48034 
 ----> volume 7 0 0.540664 0.459336 
 ----> volume 8 0 0.527637 0.472363 
 ----> volume 9 1 0.523043 0.476957 
 ----> volume 10 1 0.52107 0.47893 
 ----> volume 11 0 0.580864 0.419136 
 ----> volume 12 0 0.554354 0.445646 
 ----> volume 13 0 0.548703 0.451297 
 ----> volume 14 1 0.514621 0.485379 
 ----> volume 15 0 0.538606 0.461394 
 ----> volume 16 1 0.536945 0.463055 
 ----> volume 17 1 0.528559 0.471441 
 ----> volume 18 0 0.558445 0.441555 
 ----> volume 19 1 0.531475 0.468525 
 ----> volume 20 0 0.561398 0.438602 
 ----> volume 21 0 0.530743 0.469257 
 ----> volume 22 1 0.517714 0.482286 
 ----> volume 23 0 0.541919 0.458081 
 ----> volume 24 0 0.531675 0.468325 
 ----> volume 25 1 0.511718 0.488282 
 ----> volume 26 0 0.552011 0.447989 
 ----> volume 27 1 0.518345 0.481655 
 ----> volume 28 1 0.555234 0.444766 
 ----> volume 29 0 0.561329 0.438671 
 ----> volume 30 0 0.57112 0.42888 
 ----> volume 31 0 0.562287 0.437713 
 ----> volume 32 0 0.537334 0.462666 
 ----> volume 33 1 0.49843 0.50157 
 ----> volume 34 0 0.532009 0.467991 
 ----> volume 35 1 0.513633 0.486367 
 ----> volume 36 0 0.555636 0.444364 
 ----> volume 37 0 0.546645 0.453355 
 ----> volume 38 1 0.522193 0.477807 
 ----> volume 39 1 0.522761 0.477239 
 ----> volume 40 1 0.5325 0.4675 
 ----> volume 41 0 0.564486 0.435514 
 ----> volume 42 0 0.573675 0.426325 
 ----> volume 43 0 0.533434 0.466566 
 ----> volume 44 0 0.56819 0.43181 
 ----> volume 45 1 0.509207 0.490793 
 ----> volume 46 1 0.518331 0.481669 
 ----> volume 47 0 0.564071 0.435929 
 ----> volume 48 0 0.56169 0.43831 
 ----> volume 49 1 0.530614 0.469386 
 ----> volume 50 1 0.539454 0.460546 
 ----> volume 51 1 0.525641 0.474359 
 ----> volume 52 0 0.542615 0.457385 
 ----> volume 53 1 0.508914 0.491086 
 ----> volume 54 1 0.517264 0.482736 
 ----> volume 55 0 0.575227 0.424773 
 ----> volume 56 0 0.558071 0.441929 
 ----> volume 57 1 0.521833 0.478167 
 ----> volume 58 0 0.549802 0.450198 
 ----> volume 59 1 0.542746 0.457254 
 ----> volume 60 1 0.524416 0.475584 
 ----> volume 61 0 0.538851 0.461149 
 ----> volume 62 1 0.539126 0.460874 
 ----> volume 63 0 0.567584 0.432416 
 ----> volume 64 1 0.500267 0.499733 
 ----> volume 65 0 0.582988 0.417012 
 ----> volume 66 1 0.522162 0.477838 
 ----> volume 67 0 0.563318 0.436682 
 ----> volume 68 0 0.539753 0.460247 
 ----> volume 69 1 0.530897 0.469103 
 ----> volume 70 1 0.531517 0.468483 
 ----> volume 71 0 0.553693 0.446307 
 ----> volume 72 0 0.553628 0.446372 
 ----> volume 73 1 0.52935 0.47065 
 ----> volume 74 1 0.525429 0.474571 
 ----> volume 75 1 0.524042 0.475958 
 ----> volume 76 0 0.565283 0.434717 
 ----> volume 77 0 0.549719 0.450281 
 ----> volume 78 1 0.511732 0.488268 
 ----> volume 79 0 0.547829 0.452171 
 ----> volume 80 1 0.527021 0.472979 
 ----> volume 81 1 0.554131 0.445869 
 ----> volume 82 1 0.513438 0.486562 
 ----> volume 83 0 0.564302 0.435698 
 ----> volume 84 1 0.516163 0.483837 
 ----> volume 85 0 0.584293 0.415707 
 ----> volume 86 0 0.526299 0.473701 
 ----> volume 87 0 0.55459 0.44541 
 ----> volume 88 0 0.576797 0.423203 
 ----> volume 89 0 0.531139 0.468861 
 ----> volume 90 1 0.505773 0.494227 
 ----> volume 91 0 0.571819 0.428181 
 ----> volume 92 1 0.515947 0.484053 
 ----> volume 93 0 0.583637 0.416363 
 ----> volume 94 1 0.509097 0.490903 
 ----> volume 95 0 0.574348 0.425652 
 ----> volume 96 1 0.531294 0.468706 
 ----> volume 97 0 0.56553 0.43447 
 ----> volume 98 0 0.541631 0.458369 
 ----> volume 99 1 0.524262 0.475738 
 ----> volume 100 0 0.568451 0.431549 
 ----> volume 101 1 0.498474 0.501526 
 ----> volume 102 1 0.523854 0.476146 
 ----> volume 103 0 0.579978 0.420022 
 ----> volume 104 0 0.576448 0.423552 
 ----> volume 105 0 0.543387 0.456613 
 ----> volume 106 0 0.51036 0.48964 
 ----> volume 107 0 0.550849 0.449151 
 ----> volume 108 1 0.514837 0.485163 
 ----> volume 109 0 0.570257 0.429743 
 ----> volume 110 0 0.542986 0.457014 
 ----> volume 111 1 0.519165 0.480835 
 ----> volume 112 0 0.558856 0.441144 
 ----> volume 113 1 0.515222 0.484778 
 ----> volume 114 0 0.561653 0.438347 
 ----> volume 115 0 0.546934 0.453066 
 ----> volume 116 1 0.509997 0.490003 
 ----> volume 117 1 0.532461 0.467539 
 ----> volume 118 1 0.535954 0.464046 
 ----> volume 119 0 0.575823 0.424177 
 ----> volume 120 0 0.538201 0.461799 
 ----> volume 121 0 0.571089 0.428911 
 ----> volume 122 0 0.577862 0.422138 
 ----> volume 123 1 0.521973 0.478027 
 ----> volume 124 1 0.518958 0.481042 
 ----> volume 125 0 0.582294 0.417706 
 ----> volume 126 1 0.516294 0.483706 
 ----> volume 127 0 0.565558 0.434442 
 ----> volume 128 1 0.528651 0.471349 
 ----> volume 129 0 0.550186 0.449814 
 ----> volume 130 0 0.556409 0.443591 
 ----> volume 131 0 0.559227 0.440773 
 ----> volume 132 1 0.515277 0.484723 
 ----> volume 133 0 0.560244 0.439756 
 ----> volume 134 1 0.528562 0.471438 
 ----> volume 135 1 0.525173 0.474827 
 ----> volume 136 0 0.549002 0.450998 
 ----> volume 137 0 0.54739 0.45261 
 ----> volume 138 0 0.560673 0.439327 
 ----> volume 139 0 0.557246 0.442754 
 ----> volume 140 0 0.548109 0.451891 
 ----> volume 141 1 0.496305 0.503695 
 ----> volume 142 0 0.604606 0.395394 
 ----> volume 143 1 0.513061 0.486939 
 ----> volume 144 0 0.575661 0.424339 
 ----> volume 145 0 0.545178 0.454822 
 ----> volume 146 1 0.515859 0.484141 
 ----> volume 147 0 0.540654 0.459346 
 ----> volume 148 1 0.501133 0.498867 
 ----> volume 149 1 0.517807 0.482193 
 ----> volume 150 0 0.57265 0.42735 
 ----> volume 151 0 0.545968 0.454032 
 ----> volume 152 0 0.553603 0.446397 
 ----> volume 153 0 0.541045 0.458955 
 ----> volume 154 1 0.517824 0.482176 
 ----> volume 155 0 0.567524 0.432476 
 ----> volume 156 1 0.511996 0.488004 
 ----> volume 157 1 0.536489 0.463511 
 ----> volume 158 0 0.574778 0.425222 
 ----> volume 159 0 0.541162 0.458838 
 ----> volume 160 0 0.563846 0.436154 
 ----> volume 161 0 0.542659 0.457341 
 ----> volume 162 0 0.560133 0.439867 
 ----> volume 163 1 0.51555 0.48445 
 ----> volume 164 0 0.575343 0.424657 
 ----> volume 165 1 0.525375 0.474625 
 ----> volume 166 0 0.577376 0.422624 
 ----> volume 167 1 0.484394 0.515606 
 ----> volume 168 0 0.57518 0.42482 
 ----> volume 169 1 0.498706 0.501294 
 ----> volume 170 1 0.530899 0.469101 
 ----> volume 171 1 0.522885 0.477115 
 ----> volume 172 0 0.555751 0.444249 
 ----> volume 173 1 0.508272 0.491728 
 ----> volume 174 0 0.561057 0.438943 
 ----> volume 175 1 0.527389 0.472611 
 ----> volume 176 0 0.570115 0.429885 
 ----> volume 177 0 0.549379 0.450621 
 ----> volume 178 0 0.56662 0.43338 
 ----> volume 179 1 0.509733 0.490267 
 ----> volume 180 1 0.530736 0.469264 
 ----> volume 181 1 0.527812 0.472188 
 ----> volume 182 1 0.547512 0.452488 
 ----> volume 183 0 0.58784 0.41216 
 ----> volume 184 1 0.492742 0.507258 
 ----> volume 185 0 0.571976 0.428024 
 ----> volume 186 0 0.54721 0.45279 
 ----> volume 187 0 0.536748 0.463252 
 ----> volume 188 0 0.571785 0.428215 
 ----> volume 189 1 0.515138 0.484862 
 ----> volume 190 0 0.578966 0.421034 
 ----> volume 191 0 0.530583 0.469417 
 ----> volume 192 1 0.504828 0.495172 
 ----> volume 193 0 0.527148 0.472852 
 ----> volume 194 0 0.570235 0.429765 
 ----> volume 195 1 0.508499 0.491501 
 ----> volume 196 1 0.523937 0.476063 
 ----> volume 197 0 0.574758 0.425242 
 ----> volume 198 1 0.503914 0.496086 
 ----> volume 199 0 0.560579 0.439421 
 ----> volume 200 0 0.557469 0.442531 
 ----> volume 201 1 0.527545 0.472455 
 ----> volume 202 1 0.519346 0.480654 
 ----> volume 203 0 0.567946 0.432054 
 ----> volume 204 1 0.514641 0.485359 
 ----> volume 205 0 0.563375 0.436625 
 ----> volume 206 1 0.526259 0.473741 
 ----> volume 207 1 0.518937 0.481063 
 ----> volume 208 0 0.565098 0.434902 
 ----> volume 209 0 0.55343 0.44657 
 ----> volume 210 1 0.513661 0.486339 
 ----> volume 211 0 0.558216 0.441784 
 ----> volume 212 1 0.52071 0.47929 
 ----> volume 213 0 0.530818 0.469182 
 ----> volume 214 0 0.572836 0.427164 
 ----> volume 215 1 0.503354 0.496646 
 ----> volume 216 0 0.567582 0.432418 
 ----> volume 217 1 0.517035 0.482965 
 ----> volume 218 1 0.516283 0.483717 
 ----> volume 219 0 0.573935 0.426065 
 ----> volume 220 1 0.522779 0.477221 
 ----> volume 221 1 0.523283 0.476717 
 ----> volume 222 1 0.518671 0.481329 
 ----> volume 223 0 0.567351 0.432649 
 ----> volume 224 0 0.581211 0.418789 
 ----> volume 225 1 0.503876 0.496124 
 ----> volume 226 0 0.561433 0.438567 
 ----> volume 227 0 0.547542 0.452458 
 ----> volume 228 0 0.553092 0.446908 
 ----> volume 229 0 0.562925 0.437075 
 ----> volume 230 1 0.518096 0.481904 
 ----> volume 231 1 0.520129 0.479871 
 ----> volume 232 0 0.554796 0.445204 
 ----> volume 233 0 0.559358 0.440642 
 ----> volume 234 1 0.5093 0.4907 
 ----> volume 235 1 0.546425 0.453575 
 ----> volume 236 1 0.530875 0.469125 
 ----> volume 237 0 0.538727 0.461273 
 ----> volume 238 1 0.527529 0.472471 
 ----> volume 239 0 0.558895 0.441105 
 ----> volume 240 1 0.514794 0.485206 
 ----> volume 241 0 0.58012 0.41988 
 ----> volume 242 1 0.511521 0.488479 
 ----> volume 243 0 0.56321 0.43679 
 ----> volume 244 1 0.530191 0.469809 
 ----> volume 245 0 0.579585 0.420415 
 ----> volume 246 1 0.516294 0.483706 
 ----> volume 247 0 0.585068 0.414932 
 ----> volume 248 0 0.560101 0.439899 
 ----> volume 249 1 0.493187 0.506813 
 ----> volume 250 1 0.541473 0.458527 
 ----> volume 251 1 0.514303 0.485697 
 ----> volume 252 0 0.589689 0.410311 
 ----> volume 253 1 0.497613 0.502387 
 ----> volume 254 0 0.551867 0.448133 
 ----> volume 255 0 0.546948 0.453052 
 ----> volume 256 0 0.579329 0.420671 
 ----> volume 257 1 0.484171 0.515829 
 ----> volume 258 0 0.563992 0.436008 
 ----> volume 259 0 0.560186 0.439814 
 ----> volume 260 1 0.484982 0.515018 
 ----> volume 261 1 0.527436 0.472564 
 ----> volume 262 1 0.524967 0.475033 
 ----> volume 263 0 0.576735 0.423265 
 ----> volume 264 1 0.539356 0.460644 
 ----> volume 265 1 0.527633 0.472367 
 ----> volume 266 0 0.570737 0.429263 
 ----> volume 267 1 0.503842 0.496158 
 ----> volume 268 0 0.559223 0.440777 
 ----> volume 269 0 0.568929 0.431071 
 ----> volume 270 0 0.545834 0.454166 
 ----> volume 271 1 0.505314 0.494686 
 ----> volume 272 0 0.576621 0.423379 
 ----> volume 273 1 0.51741 0.48259 
 ----> volume 274 0 0.533963 0.466037 
 ----> volume 275 1 0.513967 0.486033 
 ----> volume 276 0 0.532345 0.467655 
 ----> volume 277 0 0.574108 0.425892 
 ----> volume 278 0 0.560147 0.439853 
 ----> volume 279 1 0.500094 0.499906 
 ----> volume 280 0 0.55932 0.44068 
 ----> volume 281 0 0.557038 0.442962 
 ----> volume 282 1 0.515346 0.484654 
 ----> volume 283 0 0.559 0.441 
 ----> volume 284 0 0.539211 0.460789 
 ----> volume 285 0 0.549273 0.450727 
 ----> volume 286 1 0.526865 0.473135 
 ----> volume 287 1 0.526877 0.473123 
 ----> volume 288 1 0.527627 0.472373 
 ----> volume 289 0 0.58437 0.41563 
 ----> volume 290 0 0.567618 0.432382 
 ----> volume 291 1 0.516089 0.483911 
 ----> volume 292 0 0.583886 0.416114 
 ----> volume 293 1 0.483804 0.516196 
 ----> volume 294 1 0.520232 0.479768 
 ----> volume 295 0 0.573023 0.426977 
 ----> volume 296 1 0.529141 0.470859 
 ----> volume 297 0 0.571686 0.428314 
 ----> volume 298 1 0.532961 0.467039 
 ----> volume 299 0 0.578169 0.421831 
 ----> volume 300 0 0.560686 0.439314 
 ----> volume 301 0 0.551169 0.448831 
 ----> volume 302 1 0.510061 0.489939 
 ----> volume 303 1 0.541514 0.458486 
 ----> volume 304 0 0.565716 0.434284 
 ----> volume 305 1 0.510052 0.489948 
 ----> volume 306 0 0.562126 0.437874 
 ----> volume 307 0 0.541916 0.458084 
 ----> volume 308 1 0.509616 0.490384 
 ----> volume 309 0 0.56528 0.43472 
 ----> volume 310 1 0.501097 0.498903 
 ----> volume 311 0 0.562399 0.437601 
 ----> volume 312 1 0.518926 0.481074 
 ----> volume 313 0 0.570261 0.429739 
 ----> volume 314 0 0.543118 0.456882 
 ----> volume 315 0 0.537185 0.462815 
 ----> volume 316 1 0.524964 0.475036 
 ----> volume 317 1 0.506176 0.493824 
 ----> volume 318 0 0.579957 0.420043 
 ----> volume 319 1 0.505216 0.494784 
 ----> volume 320 1 0.510626 0.489374 
 ----> volume 321 1 0.526491 0.473509 
 ----> volume 322 0 0.543939 0.456061 
 ----> volume 323 0 0.579017 0.420983 
 ----> volume 324 1 0.522047 0.477953 
 ----> volume 325 0 0.572771 0.427229 
 ----> volume 326 0 0.543031 0.456969 
 ----> volume 327 1 0.484587 0.515413 
 ----> volume 328 0 0.55964 0.44036 
 ----> volume 329 0 0.545478 0.454522 
 ----> volume 330 1 0.523265 0.476735 
 ----> volume 331 0 0.531168 0.468832 
 ----> volume 332 0 0.552392 0.447608 
 ----> volume 333 1 0.504236 0.495764 
 ----> volume 334 1 0.502214 0.497786 
 ----> volume 335 0 0.565972 0.434028 
 ----> volume 336 1 0.528675 0.471325 
 ----> volume 337 0 0.569938 0.430062 
 ----> volume 338 1 0.512717 0.487283 
 ----> volume 339 0 0.571873 0.428127 
 ----> volume 340 1 0.501988 0.498012 
 ----> volume 341 0 0.553059 0.446941 
 ----> volume 342 1 0.52945 0.47055 
 ----> volume 343 0 0.56461 0.43539 
 ----> volume 344 0 0.530816 0.469184 
 ----> volume 345 0 0.570022 0.429978 
 ----> volume 346 1 0.521823 0.478177 
 ----> volume 347 0 0.539912 0.460088 
 ----> volume 348 0 0.573229 0.426771 
 ----> volume 349 1 0.505811 0.494189 
 ----> volume 350 1 0.518364 0.481636 
 ----> volume 351 0 0.564186 0.435814 
 ----> volume 352 0 0.55104 0.44896 
 ----> volume 353 1 0.49664 0.50336 
 ----> volume 354 0 0.560619 0.439381 
 ----> volume 355 1 0.518138 0.481862 
 ----> volume 356 1 0.502708 0.497292 
 ----> volume 357 1 0.510338 0.489662 
 ----> volume 358 0 0.560872 0.439128 
 ----> volume 359 0 0.556292 0.443708 
 ----> volume 360 1 0.529062 0.470938 
 ----> volume 361 1 0.499966 0.500034 
 ----> volume 362 0 0.589717 0.410283 
 ----> volume 363 0 0.546956 0.453044 
 ----> volume 364 0 0.552164 0.447836 
 ----> volume 365 0 0.562995 0.437005 
 ----> volume 366 1 0.511717 0.488283 
 ----> volume 367 0 0.561481 0.438519 
 ----> volume 368 0 0.572803 0.427197 
 ----> volume 369 0 0.538639 0.461361 
 ----> volume 370 1 0.501805 0.498195 
 ----> volume 371 0 0.543749 0.456251 
 ----> volume 372 1 0.507256 0.492744 
 ----> volume 373 0 0.551619 0.448381 
 ----> volume 374 0 0.554679 0.445321 
 ----> volume 375 1 0.500454 0.499546 
 ----> volume 376 0 0.5588 0.4412 
 ----> volume 377 1 0.5416 0.4584 
 ----> volume 378 1 0.523924 0.476076 
 ----> volume 379 0 0.571053 0.428947 
 ----> volume 380 0 0.56866 0.43134 
 ----> volume 381 1 0.520932 0.479068 
 ----> volume 382 1 0.543841 0.456159 
 ----> volume 383 1 0.520576 0.479424 
 ----> volume 384 0 0.565746 0.434254 
 ----> volume 385 1 0.496247 0.503753 
 ----> volume 386 0 0.534559 0.465441 
 ----> volume 387 1 0.516166 0.483834 
 ----> volume 388 1 0.529649 0.470351 
 ----> volume 389 0 0.549505 0.450495 
 ----> volume 390 0 0.559129 0.440871 
 ----> volume 391 0 0.559422 0.440578 
 ----> volume 392 1 0.48851 0.51149 
 ----> volume 393 1 0.508705 0.491295 
 ----> volume 394 1 0.522342 0.477658 
 ----> volume 395 0 0.560179 0.439821 
 ----> volume 396 0 0.551601 0.448399 
 ----> volume 397 0 0.545587 0.454413 
 ----> volume 398 1 0.509131 0.490869 
 ----> volume 399 1 0.533964 0.466036 
 ----> volume 400 1 0.527613 0.472387 
 ----> volume 401 0 0.563768 0.436232 
 ----> volume 402 0 0.554816 0.445184 
 ----> volume 403 0 0.548731 0.451269 
 ----> volume 404 1 0.515475 0.484525 
 ----> volume 405 1 0.518576 0.481424 
 ----> volume 406 1 0.517107 0.482893 
 ----> volume 407 1 0.540572 0.459428 
 ----> volume 408 0 0.569535 0.430465 
 ----> volume 409 0 0.571897 0.428103 
 ----> volume 410 0 0.553065 0.446935 
 ----> volume 411 0 0.535178 0.464822 
 ----> volume 412 1 0.503991 0.496009 
 ----> volume 413 1 0.508171 0.491829 
 ----> volume 414 0 0.560517 0.439483 
 ----> volume 415 1 0.496477 0.503523 
 ----> volume 416 0 0.575049 0.424951 
 ----> volume 417 0 0.56523 0.43477 
 ----> volume 418 1 0.50872 0.49128 
 ----> volume 419 1 0.513342 0.486658 
 ----> volume 420 1 0.539729 0.460271 
 ----> volume 421 0 0.560557 0.439443 
 ----> volume 422 0 0.552098 0.447902 
 ----> volume 423 1 0.523574 0.476426 
 ----> volume 424 0 0.555547 0.444453 
 ----> volume 425 0 0.542827 0.457173 
 ----> volume 426 1 0.501283 0.498717 
 ----> volume 427 0 0.558416 0.441584 
 ----> volume 428 0 0.552309 0.447691 
 ----> volume 429 0 0.554431 0.445569 
 ----> volume 430 0 0.54733 0.45267 
 ----> volume 431 1 0.520343 0.479657 
 ----> volume 432 1 0.505478 0.494522 
 ----> volume 433 1 0.512124 0.487876 
 ----> volume 434 0 0.567118 0.432882 
 ----> volume 435 1 0.51642 0.48358 
 ----> volume 436 0 0.568292 0.431708 
 ----> volume 437 0 0.529207 0.470793 
 ----> volume 438 0 0.557091 0.442909 
 ----> volume 439 0 0.568259 0.431741 
 ----> volume 440 1 0.510348 0.489652 
 ----> volume 441 0 0.56626 0.43374 
 ----> volume 442 1 0.513297 0.486703 
 ----> volume 443 1 0.539246 0.460754 
 ----> volume 444 0 0.543161 0.456839 
 ----> volume 445 1 0.533839 0.466161 
 ----> volume 446 0 0.540527 0.459473 
 ----> volume 447 0 0.574961 0.425039 
 ----> volume 448 1 0.525208 0.474792 
 ----> volume 449 1 0.519452 0.480548 
 ----> volume 450 0 0.579113 0.420887 
 ----> volume 451 0 0.542647 0.457353 
 ----> volume 452 1 0.498422 0.501578 
 ----> volume 453 0 0.552552 0.447448 
 ----> volume 454 1 0.519482 0.480518 
 ----> volume 455 0 0.569005 0.430995 
 ----> volume 456 0 0.5597 0.4403 
 ----> volume 457 0 0.536905 0.463095 
 ----> volume 458 1 0.507653 0.492347 
 ----> volume 459 0 0.57027 0.42973 
 ----> volume 460 1 0.520144 0.479856 
 ----> volume 461 1 0.532683 0.467317 
 ----> volume 462 0 0.553319 0.446681 
 ----> volume 463 1 0.526467 0.473533 
 ----> volume 464 0 0.557873 0.442127 
 ----> volume 465 1 0.517938 0.482062 
 ----> volume 466 0 0.559545 0.440455 
 ----> volume 467 1 0.522535 0.477465 
 ----> volume 468 0 0.546967 0.453033 
 ----> volume 469 1 0.523813 0.476187 
 ----> volume 470 0 0.571759 0.428241 
 ----> volume 471 1 0.504173 0.495827 
 ----> volume 472 0 0.555003 0.444997 
 ----> volume 473 1 0.503359 0.496641 
 ----> volume 474 0 0.576008 0.423992 
 ----> volume 475 0 0.5431 0.4569 
 ----> volume 476 1 0.535185 0.464815 
 ----> volume 477 1 0.533439 0.466561 
 ----> volume 478 1 0.523433 0.476567 
 ----> volume 479 0 0.565222 0.434778 
 ----> volume 480 0 0.569435 0.430565 
 ----> volume 481 1 0.499868 0.500132 
 ----> volume 482 0 0.54902 0.45098 
 ----> volume 483 0 0.577044 0.422956 
 ----> volume 484 1 0.489244 0.510756 
 ----> volume 485 0 0.548313 0.451687 
 ----> volume 486 0 0.56578 0.43422 
 ----> volume 487 1 0.500519 0.499481 
 ----> volume 488 0 0.574016 0.425984 
 ----> volume 489 1 0.496317 0.503683 
 ----> volume 490 0 0.570072 0.429928 
 ----> volume 491 1 0.524668 0.475332 
 ----> volume 492 0 0.562841 0.437159 
 ----> volume 493 0 0.545912 0.454088 
 ----> volume 494 1 0.517272 0.482728 
 ----> volume 495 0 0.550463 0.449537 
 ----> volume 496 1 0.499189 0.500811 
 ----> volume 497 0 0.549867 0.450133 
 ----> volume 498 1 0.525309 0.474691 
 ----> volume 499 0 0.570872 0.429128 
 ----> volume 500 1 0.49582 0.50418 
 ----> volume 501 0 0.561528 0.438472 
 ----> volume 502 1 0.519913 0.480087 
 ----> volume 503 1 0.530025 0.469975 
 ----> volume 504 1 0.529467 0.470533 
 ----> volume 505 0 0.563034 0.436966 
 ----> volume 506 0 0.542701 0.457299 
 ----> volume 507 1 0.490648 0.509352 
 ----> volume 508 1 0.527739 0.472261 
 ----> volume 509 1 0.515552 0.484448 
 ----> volume 510 0 0.567499 0.432501 
 ----> volume 511 0 0.55515 0.44485 
 ----> volume 512 0 0.547374 0.452626 
 ----> volume 513 1 0.527888 0.472112 
 ----> volume 514 1 0.528478 0.471522 
 ----> volume 515 0 0.569297 0.430703 
 ----> volume 516 0 0.568451 0.431549 
 ----> volume 517 1 0.490047 0.509953 
 ----> volume 518 1 0.489847 0.510153 
 ----> volume 519 0 0.544716 0.455284 
 ----> volume 520 1 0.531487 0.468513 
 ----> volume 521 1 0.501134 0.498866 
 ----> volume 522 0 0.57367 0.42633 
 ----> volume 523 1 0.521841 0.478159 
 ----> volume 524 0 0.598132 0.401868 
 ----> volume 525 0 0.536207 0.463793 
 ----> volume 526 0 0.528745 0.471255 
 ----> volume 527 1 0.509588 0.490412 
 ----> volume 528 0 0.551678 0.448322 
 ----> volume 529 1 0.518414 0.481586 
 ----> volume 530 0 0.566389 0.433611 
 ----> volume 531 1 0.504635 0.495365 
 ----> volume 532 0 0.566854 0.433146 
 ----> volume 533 1 0.521885 0.478115 
 ----> volume 534 0 0.560647 0.439353 
 ----> volume 535 0 0.527918 0.472082 
 ----> volume 536 1 0.527139 0.472861 
 ----> volume 537 1 0.490316 0.509684 
 ----> volume 538 0 0.568868 0.431132 
 ----> volume 539 1 0.508688 0.491312 
 ----> volume 540 1 0.534223 0.465777 
 ----> volume 541 0 0.541931 0.458069 
 ----> volume 542 0 0.543586 0.456414 
 ----> volume 543 1 0.527834 0.472166 
 ----> volume 544 1 0.538378 0.461622 
 ----> volume 545 0 0.556277 0.443723 
 ----> volume 546 0 0.521757 0.478243 
 ----> volume 547 1 0.505261 0.494739 
 ----> volume 548 1 0.515262 0.484738 
 ----> volume 549 0 0.563246 0.436754 
 ----> volume 550 0 0.545611 0.454389 
 ----> volume 551 1 0.521121 0.478879 
 ----> volume 552 0 0.568219 0.431781 
 ----> volume 553 1 0.496584 0.503416 
 ----> volume 554 0 0.538607 0.461393 
 ----> volume 555 0 0.556435 0.443565 
 ----> volume 556 0 0.572811 0.427189 
 ----> volume 557 1 0.494961 0.505039 
 ----> volume 558 1 0.512393 0.487607 
 ----> volume 559 1 0.513799 0.486201 
 ----> volume 560 0 0.565421 0.434579 
 ----> volume 561 0 0.569662 0.430338 
 ----> volume 562 1 0.491111 0.508889 
 ----> volume 563 0 0.576583 0.423417 
 ----> volume 564 0 0.553525 0.446475 
 ----> volume 565 1 0.511156 0.488844 
 ----> volume 566 0 0.547497 0.452503 
 ----> volume 567 0 0.566157 0.433843 
 ----> volume 568 0 0.528775 0.471225 
 ----> volume 569 0 0.549301 0.450699 
 ----> volume 570 1 0.521141 0.478859 
 ----> volume 571 1 0.511132 0.488868 
 ----> volume 572 0 0.560199 0.439801 
 ----> volume 573 0 0.552175 0.447825 
 ----> volume 574 0 0.567714 0.432286 
 ----> volume 575 1 0.51743 0.48257 
 ----> volume 576 1 0.522534 0.477466 
 ----> volume 577 0 0.562749 0.437251 
 ----> volume 578 0 0.554912 0.445088 
 ----> volume 579 0 0.543638 0.456362 
 ----> volume 580 1 0.521184 0.478816 
 ----> volume 581 0 0.543908 0.456092 
 ----> volume 582 0 0.576198 0.423802 
 ----> volume 583 1 0.509165 0.490835 
 ----> volume 584 1 0.546667 0.453333 
 ----> volume 585 0 0.553901 0.446099 
 ----> volume 586 0 0.560509 0.439491 
 ----> volume 587 1 0.524645 0.475355 
 ----> volume 588 1 0.516117 0.483883 
 ----> volume 589 1 0.540642 0.459358 
 ----> volume 590 0 0.557391 0.442609 
 ----> volume 591 1 0.520242 0.479758 
 ----> volume 592 1 0.5439 0.4561 
 ----> volume 593 0 0.580751 0.419249 
 ----> volume 594 0 0.52594 0.47406 
 ----> volume 595 1 0.49908 0.50092 
 ----> volume 596 1 0.538481 0.461519 
 ----> volume 597 0 0.554328 0.445672 
 ----> volume 598 1 0.523217 0.476783 
 ----> volume 599 1 0.532999 0.467001 
 ----> volume 600 0 0.528965 0.471035 
 ----> volume 601 1 0.533127 0.466873 
 ----> volume 602 1 0.506317 0.493683 
 ----> volume 603 0 0.545923 0.454077 
 ----> volume 604 0 0.557403 0.442597 
 ----> volume 605 0 0.572814 0.427186 
 ----> volume 606 1 0.511814 0.488186 
 ----> volume 607 1 0.541818 0.458182 
 ----> volume 608 0 0.535265 0.464735 
 ----> volume 609 0 0.560007 0.439993 
 ----> volume 610 0 0.557538 0.442462 
 ----> volume 611 1 0.512809 0.487191 
 ----> volume 612 0 0.535864 0.464136 
 ----> volume 613 1 0.512483 0.487517 
 ----> volume 614 0 0.54704 0.45296 
 ----> volume 615 1 0.49164 0.50836 
 ----> volume 616 0 0.562147 0.437853 
 ----> volume 617 1 0.495474 0.504526 
 ----> volume 618 1 0.531492 0.468508 
 ----> volume 619 1 0.499202 0.500798 
 ----> volume 620 1 0.499605 0.500395 
 ----> volume 621 0 0.565902 0.434098 
 ----> volume 622 0 0.569247 0.430753 
 ----> volume 623 0 0.548373 0.451627 
 ----> volume 624 0 0.551217 0.448783 
 ----> volume 625 0 0.542847 0.457153 
 ----> volume 626 0 0.554507 0.445493 
 ----> volume 627 0 0.527319 0.472681 
 ----> volume 628 1 0.502066 0.497934 
 ----> volume 629 1 0.518859 0.481141 
 ----> volume 630 0 0.590475 0.409525 
 ----> volume 631 1 0.505257 0.494743 
 ----> volume 632 1 0.524851 0.475149 
 ----> volume 633 0 0.552566 0.447434 
 ----> volume 634 1 0.517605 0.482395 
 ----> volume 635 0 0.55747 0.44253 
 ----> volume 636 1 0.521401 0.478599 
 ----> volume 637 0 0.564228 0.435772 
 ----> volume 638 0 0.550488 0.449512 
 ----> volume 639 1 0.515056 0.484944 
 ----> volume 640 1 0.514449 0.485551 
 ----> volume 641 0 0.560149 0.439851 
 ----> volume 642 0 0.551418 0.448582 
 ----> volume 643 0 0.54144 0.45856 
 ----> volume 644 0 0.560413 0.439587 
 ----> volume 645 0 0.541965 0.458035 
 ----> volume 646 0 0.543701 0.456299 
 ----> volume 647 1 0.498594 0.501406 
 ----> volume 648 0 0.561319 0.438681 
 ----> volume 649 1 0.524124 0.475876 
 ----> volume 650 1 0.502047 0.497953 
 ----> volume 651 1 0.52342 0.47658 
 ----> volume 652 0 0.539987 0.460013 
 ----> volume 653 1 0.538999 0.461001 
 ----> volume 654 1 0.509958 0.490042 
 ----> volume 655 0 0.565305 0.434695 
 ----> volume 656 0 0.551124 0.448876 
 ----> volume 657 0 0.56506 0.43494 
 ----> volume 658 1 0.502278 0.497722 
 ----> volume 659 1 0.517758 0.482242 
 ----> volume 660 0 0.564165 0.435835 
 ----> volume 661 0 0.533938 0.466062 
 ----> volume 662 1 0.512581 0.487419 
 ----> volume 663 0 0.549465 0.450535 
 ----> volume 664 1 0.526701 0.473299 
 ----> volume 665 1 0.520025 0.479975 
 ----> volume 666 0 0.563508 0.436492 
 ----> volume 667 0 0.565843 0.434157 
 ----> volume 668 1 0.52051 0.47949 
 ----> volume 669 0 0.558224 0.441776 
 ----> volume 670 0 0.553525 0.446475 
 ----> volume 671 1 0.497125 0.502875 
 ----> volume 672 0 0.55108 0.44892 
 ----> volume 673 1 0.49674 0.50326 
 ----> volume 674 1 0.503155 0.496845 
 ----> volume 675 1 0.527323 0.472677 
 ----> volume 676 0 0.555333 0.444667 
 ----> volume 677 0 0.562884 0.437116 
 ----> volume 678 1 0.517852 0.482148 
 ----> volume 679 0 0.557292 0.442708 
 ----> volume 680 1 0.529742 0.470258 
 ----> volume 681 0 0.553144 0.446856 
 ----> volume 682 0 0.582412 0.417588 
 ----> volume 683 1 0.488302 0.511698 
 ----> volume 684 0 0.574116 0.425884 
 ----> volume 685 1 0.530854 0.469146 
 ----> volume 686 0 0.554178 0.445822 
 ----> volume 687 0 0.538492 0.461508 
 ----> volume 688 1 0.523584 0.476416 
 ----> volume 689 0 0.543301 0.456699 
 ----> volume 690 0 0.536158 0.463842 
 ----> volume 691 1 0.482102 0.517898 
 ----> volume 692 0 0.565174 0.434826 
 ----> volume 693 1 0.529743 0.470257 
 ----> volume 694 1 0.523375 0.476625 
 ----> volume 695 1 0.515923 0.484077 
 ----> volume 696 0 0.577492 0.422508 
 ----> volume 697 0 0.529084 0.470916 
 ----> volume 698 0 0.539389 0.460611 
 ----> volume 699 1 0.529644 0.470356 
 ----> volume 700 1 0.530246 0.469754 
 ----> volume 701 0 0.565467 0.434533 
 ----> volume 702 0 0.55105 0.44895 
 ----> volume 703 1 0.515797 0.484203 
 ----> volume 704 1 0.533044 0.466956 
 ----> volume 705 0 0.571988 0.428012 
 ----> volume 706 1 0.513558 0.486442 
 ----> volume 707 1 0.535996 0.464004 
 ----> volume 708 1 0.52638 0.47362 
 ----> volume 709 1 0.506605 0.493395 
 ----> volume 710 0 0.561961 0.438039 
 ----> volume 711 0 0.5601 0.4399 
 ----> volume 712 1 0.52123 0.47877 
 ----> volume 713 0 0.570597 0.429403 
 ----> volume 714 1 0.535054 0.464946 
 ----> volume 715 0 0.55204 0.44796 
 ----> volume 716 1 0.547541 0.452459 
 ----> volume 717 0 0.523566 0.476434 
 ----> volume 718 1 0.546056 0.453944 
