 ----> volume 1 1 0.52942 0.47058 
 ----> volume 2 0 0.538194 0.461806 
 ----> volume 3 1 0.594687 0.405313 
 ----> volume 4 0 0.57312 0.42688 
 ----> volume 5 0 0.583192 0.416808 
 ----> volume 6 1 0.528667 0.471333 
 ----> volume 7 0 0.511692 0.488308 
 ----> volume 8 0 0.480236 0.519764 
 ----> volume 9 1 0.586094 0.413906 
 ----> volume 10 1 0.453629 0.546371 
 ----> volume 11 0 0.511632 0.488368 
 ----> volume 12 0 0.595209 0.404791 
 ----> volume 13 0 0.539033 0.460967 
 ----> volume 14 1 0.563803 0.436197 
 ----> volume 15 0 0.511896 0.488104 
 ----> volume 16 1 0.576653 0.423347 
 ----> volume 17 1 0.527935 0.472065 
 ----> volume 18 0 0.573092 0.426908 
 ----> volume 19 1 0.513489 0.486511 
 ----> volume 20 0 0.564611 0.435389 
 ----> volume 21 0 0.559419 0.440581 
 ----> volume 22 1 0.520192 0.479808 
 ----> volume 23 0 0.548208 0.451792 
 ----> volume 24 0 0.559751 0.440249 
 ----> volume 25 1 0.519828 0.480172 
 ----> volume 26 0 0.567927 0.432073 
 ----> volume 27 1 0.518834 0.481166 
 ----> volume 28 1 0.570707 0.429293 
 ----> volume 29 0 0.529235 0.470765 
 ----> volume 30 0 0.599459 0.400541 
 ----> volume 31 0 0.534008 0.465992 
 ----> volume 32 0 0.593444 0.406556 
 ----> volume 33 1 0.521937 0.478063 
 ----> volume 34 0 0.540905 0.459095 
 ----> volume 35 1 0.493561 0.506439 
 ----> volume 36 0 0.528965 0.471035 
 ----> volume 37 0 0.580672 0.419328 
 ----> volume 38 1 0.557801 0.442199 
 ----> volume 39 1 0.492071 0.507929 
 ----> volume 40 1 0.548869 0.451131 
 ----> volume 41 0 0.544419 0.455581 
 ----> volume 42 0 0.619105 0.380895 
 ----> volume 43 0 0.533842 0.466158 
 ----> volume 44 0 0.584506 0.415494 
 ----> volume 45 1 0.536184 0.463816 
 ----> volume 46 1 0.554716 0.445284 
 ----> volume 47 0 0.53527 0.46473 
 ----> volume 48 0 0.59279 0.40721 
 ----> volume 49 1 0.548631 0.451369 
 ----> volume 50 1 0.513513 0.486487 
 ----> volume 51 1 0.584726 0.415274 
 ----> volume 52 0 0.508622 0.491378 
 ----> volume 53 1 0.529642 0.470358 
 ----> volume 54 1 0.530173 0.469827 
 ----> volume 55 0 0.575402 0.424598 
 ----> volume 56 0 0.568683 0.431317 
 ----> volume 57 1 0.516228 0.483772 
 ----> volume 58 0 0.572474 0.427526 
 ----> volume 59 1 0.535141 0.464859 
 ----> volume 60 1 0.565408 0.434592 
 ----> volume 61 0 0.532092 0.467908 
 ----> volume 62 1 0.544037 0.455963 
 ----> volume 63 0 0.571969 0.428031 
 ----> volume 64 1 0.510809 0.489191 
 ----> volume 65 0 0.60438 0.39562 
 ----> volume 66 1 0.509648 0.490352 
 ----> volume 67 0 0.558994 0.441006 
 ----> volume 68 0 0.55028 0.44972 
 ----> volume 69 1 0.543936 0.456064 
 ----> volume 70 1 0.508542 0.491458 
 ----> volume 71 0 0.555973 0.444027 
 ----> volume 72 0 0.572409 0.427591 
 ----> volume 73 1 0.522236 0.477764 
 ----> volume 74 1 0.513615 0.486385 
 ----> volume 75 1 0.503929 0.496071 
 ----> volume 76 0 0.546378 0.453622 
 ----> volume 77 0 0.512825 0.487175 
 ----> volume 78 1 0.558313 0.441687 
 ----> volume 79 0 0.579564 0.420436 
 ----> volume 80 1 0.524624 0.475376 
 ----> volume 81 1 0.572897 0.427103 
 ----> volume 82 1 0.499226 0.500774 
 ----> volume 83 0 0.582325 0.417675 
 ----> volume 84 1 0.502138 0.497862 
 ----> volume 85 0 0.530528 0.469472 
 ----> volume 86 0 0.523382 0.476618 
 ----> volume 87 0 0.58213 0.41787 
 ----> volume 88 0 0.565014 0.434986 
 ----> volume 89 0 0.54954 0.45046 
 ----> volume 90 1 0.533982 0.466018 
 ----> volume 91 0 0.538714 0.461286 
 ----> volume 92 1 0.486567 0.513433 
 ----> volume 93 0 0.665983 0.334017 
 ----> volume 94 1 0.458846 0.541154 
 ----> volume 95 0 0.571714 0.428286 
 ----> volume 96 1 0.506262 0.493738 
 ----> volume 97 0 0.557624 0.442376 
 ----> volume 98 0 0.539427 0.460573 
 ----> volume 99 1 0.562947 0.437053 
 ----> volume 100 0 0.579122 0.420878 
 ----> volume 101 1 0.474465 0.525535 
 ----> volume 102 1 0.525952 0.474048 
 ----> volume 103 0 0.572767 0.427233 
 ----> volume 104 0 0.619667 0.380333 
 ----> volume 105 0 0.565726 0.434274 
 ----> volume 106 0 0.541687 0.458313 
 ----> volume 107 0 0.54669 0.45331 
 ----> volume 108 1 0.506666 0.493334 
 ----> volume 109 0 0.576778 0.423222 
 ----> volume 110 0 0.55961 0.44039 
 ----> volume 111 1 0.542827 0.457173 
 ----> volume 112 0 0.547795 0.452205 
 ----> volume 113 1 0.56395 0.43605 
 ----> volume 114 0 0.549247 0.450753 
 ----> volume 115 0 0.585031 0.414969 
 ----> volume 116 1 0.501495 0.498505 
 ----> volume 117 1 0.554625 0.445375 
 ----> volume 118 1 0.507607 0.492393 
 ----> volume 119 0 0.540863 0.459137 
 ----> volume 120 0 0.534994 0.465006 
 ----> volume 121 0 0.545618 0.454382 
 ----> volume 122 0 0.554515 0.445485 
 ----> volume 123 1 0.537964 0.462036 
 ----> volume 124 1 0.505365 0.494635 
 ----> volume 125 0 0.621425 0.378575 
 ----> volume 126 1 0.529687 0.470313 
 ----> volume 127 0 0.493837 0.506163 
 ----> volume 128 1 0.453858 0.546142 
 ----> volume 129 0 0.5502 0.4498 
 ----> volume 130 0 0.529303 0.470697 
 ----> volume 131 0 0.591493 0.408507 
 ----> volume 132 1 0.521729 0.478271 
 ----> volume 133 0 0.5341 0.4659 
 ----> volume 134 1 0.553868 0.446132 
 ----> volume 135 1 0.564257 0.435743 
 ----> volume 136 0 0.536676 0.463324 
 ----> volume 137 0 0.561728 0.438272 
 ----> volume 138 0 0.542285 0.457715 
 ----> volume 139 0 0.612195 0.387805 
 ----> volume 140 0 0.531378 0.468622 
 ----> volume 141 1 0.504714 0.495286 
 ----> volume 142 0 0.57046 0.42954 
 ----> volume 143 1 0.517346 0.482654 
 ----> volume 144 0 0.572276 0.427724 
 ----> volume 145 0 0.542439 0.457561 
 ----> volume 146 1 0.54881 0.45119 
 ----> volume 147 0 0.525627 0.474373 
 ----> volume 148 1 0.52691 0.47309 
 ----> volume 149 1 0.5145 0.4855 
 ----> volume 150 0 0.584497 0.415503 
 ----> volume 151 0 0.558937 0.441063 
 ----> volume 152 0 0.558694 0.441306 
 ----> volume 153 0 0.53522 0.46478 
 ----> volume 154 1 0.510453 0.489547 
 ----> volume 155 0 0.557491 0.442509 
 ----> volume 156 1 0.512107 0.487893 
 ----> volume 157 1 0.491788 0.508212 
 ----> volume 158 0 0.60119 0.39881 
 ----> volume 159 0 0.541494 0.458506 
 ----> volume 160 0 0.539743 0.460257 
 ----> volume 161 0 0.570551 0.429449 
 ----> volume 162 0 0.543174 0.456826 
 ----> volume 163 1 0.545921 0.454079 
 ----> volume 164 0 0.534359 0.465641 
 ----> volume 165 1 0.524872 0.475128 
 ----> volume 166 0 0.567995 0.432005 
 ----> volume 167 1 0.478081 0.521919 
 ----> volume 168 0 0.628572 0.371428 
 ----> volume 169 1 0.480314 0.519686 
 ----> volume 170 1 0.524779 0.475221 
 ----> volume 171 1 0.580176 0.419824 
 ----> volume 172 0 0.5412 0.4588 
 ----> volume 173 1 0.508757 0.491243 
 ----> volume 174 0 0.561157 0.438843 
 ----> volume 175 1 0.575396 0.424604 
 ----> volume 176 0 0.53406 0.46594 
 ----> volume 177 0 0.620667 0.379333 
 ----> volume 178 0 0.547286 0.452714 
 ----> volume 179 1 0.513257 0.486743 
 ----> volume 180 1 0.558311 0.441689 
 ----> volume 181 1 0.543101 0.456899 
 ----> volume 182 1 0.550046 0.449954 
 ----> volume 183 0 0.561692 0.438308 
 ----> volume 184 1 0.493248 0.506752 
 ----> volume 185 0 0.613625 0.386375 
 ----> volume 186 0 0.544269 0.455731 
 ----> volume 187 0 0.559964 0.440036 
 ----> volume 188 0 0.547025 0.452975 
 ----> volume 189 1 0.518006 0.481994 
 ----> volume 190 0 0.616424 0.383576 
 ----> volume 191 0 0.502444 0.497556 
 ----> volume 192 1 0.538743 0.461257 
 ----> volume 193 0 0.520137 0.479863 
 ----> volume 194 0 0.541024 0.458976 
 ----> volume 195 1 0.529843 0.470157 
 ----> volume 196 1 0.511276 0.488724 
 ----> volume 197 0 0.535692 0.464308 
 ----> volume 198 1 0.537005 0.462995 
 ----> volume 199 0 0.6159 0.3841 
 ----> volume 200 0 0.523379 0.476621 
 ----> volume 201 1 0.532981 0.467019 
 ----> volume 202 1 0.472783 0.527217 
 ----> volume 203 0 0.524205 0.475795 
 ----> volume 204 1 0.50583 0.49417 
 ----> volume 205 0 0.54232 0.45768 
 ----> volume 206 1 0.522261 0.477739 
 ----> volume 207 1 0.532283 0.467717 
 ----> volume 208 0 0.611275 0.388725 
 ----> volume 209 0 0.536285 0.463715 
 ----> volume 210 1 0.559203 0.440797 
 ----> volume 211 0 0.478088 0.521912 
 ----> volume 212 1 0.547964 0.452036 
 ----> volume 213 0 0.504429 0.495571 
 ----> volume 214 0 0.622878 0.377122 
 ----> volume 215 1 0.481184 0.518816 
 ----> volume 216 0 0.553268 0.446732 
 ----> volume 217 1 0.502749 0.497251 
 ----> volume 218 1 0.540445 0.459555 
 ----> volume 219 0 0.560885 0.439115 
 ----> volume 220 1 0.582807 0.417193 
 ----> volume 221 1 0.498373 0.501627 
 ----> volume 222 1 0.498282 0.501718 
 ----> volume 223 0 0.518928 0.481072 
 ----> volume 224 0 0.570896 0.429104 
 ----> volume 225 1 0.529275 0.470725 
 ----> volume 226 0 0.538414 0.461586 
 ----> volume 227 0 0.534934 0.465066 
 ----> volume 228 0 0.576838 0.423162 
 ----> volume 229 0 0.605023 0.394977 
 ----> volume 230 1 0.485255 0.514745 
 ----> volume 231 1 0.539592 0.460408 
 ----> volume 232 0 0.521365 0.478635 
 ----> volume 233 0 0.612339 0.387661 
 ----> volume 234 1 0.539541 0.460459 
 ----> volume 235 1 0.526604 0.473396 
 ----> volume 236 1 0.48859 0.51141 
 ----> volume 237 0 0.54749 0.45251 
 ----> volume 238 1 0.527901 0.472099 
 ----> volume 239 0 0.536061 0.463939 
 ----> volume 240 1 0.538632 0.461368 
 ----> volume 241 0 0.575025 0.424975 
 ----> volume 242 1 0.520437 0.479563 
 ----> volume 243 0 0.575279 0.424721 
 ----> volume 244 1 0.506851 0.493149 
 ----> volume 245 0 0.533186 0.466814 
 ----> volume 246 1 0.518704 0.481296 
 ----> volume 247 0 0.545998 0.454002 
 ----> volume 248 0 0.569368 0.430632 
 ----> volume 249 1 0.543318 0.456682 
 ----> volume 250 1 0.566466 0.433534 
 ----> volume 251 1 0.524873 0.475127 
 ----> volume 252 0 0.538426 0.461574 
 ----> volume 253 1 0.509136 0.490864 
 ----> volume 254 0 0.5538 0.4462 
 ----> volume 255 0 0.543468 0.456532 
 ----> volume 256 0 0.6372 0.3628 
 ----> volume 257 1 0.426195 0.573805 
 ----> volume 258 0 0.55398 0.44602 
 ----> volume 259 0 0.592915 0.407085 
 ----> volume 260 1 0.517193 0.482807 
 ----> volume 261 1 0.492887 0.507113 
 ----> volume 262 1 0.534889 0.465111 
 ----> volume 263 0 0.573039 0.426961 
 ----> volume 264 1 0.547372 0.452628 
 ----> volume 265 1 0.504942 0.495058 
 ----> volume 266 0 0.602836 0.397164 
 ----> volume 267 1 0.477978 0.522022 
 ----> volume 268 0 0.528812 0.471188 
 ----> volume 269 0 0.554239 0.445761 
 ----> volume 270 0 0.573012 0.426988 
 ----> volume 271 1 0.494117 0.505883 
 ----> volume 272 0 0.563782 0.436218 
 ----> volume 273 1 0.542771 0.457229 
 ----> volume 274 0 0.541314 0.458686 
 ----> volume 275 1 0.469086 0.530914 
 ----> volume 276 0 0.560368 0.439632 
 ----> volume 277 0 0.533311 0.466689 
 ----> volume 278 0 0.571386 0.428614 
 ----> volume 279 1 0.496029 0.503971 
 ----> volume 280 0 0.553282 0.446718 
 ----> volume 281 0 0.516817 0.483183 
 ----> volume 282 1 0.51795 0.48205 
 ----> volume 283 0 0.582054 0.417946 
 ----> volume 284 0 0.563569 0.436431 
 ----> volume 285 0 0.588592 0.411408 
 ----> volume 286 1 0.535688 0.464312 
 ----> volume 287 1 0.506611 0.493389 
 ----> volume 288 1 0.523846 0.476154 
 ----> volume 289 0 0.587159 0.412841 
 ----> volume 290 0 0.556905 0.443095 
 ----> volume 291 1 0.545997 0.454003 
 ----> volume 292 0 0.557552 0.442448 
 ----> volume 293 1 0.550423 0.449577 
 ----> volume 294 1 0.523228 0.476772 
 ----> volume 295 0 0.605658 0.394342 
 ----> volume 296 1 0.533832 0.466168 
 ----> volume 297 0 0.62445 0.37555 
 ----> volume 298 1 0.556305 0.443695 
 ----> volume 299 0 0.560707 0.439293 
 ----> volume 300 0 0.53134 0.46866 
 ----> volume 301 0 0.56856 0.43144 
 ----> volume 302 1 0.512794 0.487206 
 ----> volume 303 1 0.564463 0.435537 
 ----> volume 304 0 0.553552 0.446448 
 ----> volume 305 1 0.513803 0.486197 
 ----> volume 306 0 0.550208 0.449792 
 ----> volume 307 0 0.513653 0.486347 
 ----> volume 308 1 0.504165 0.495835 
 ----> volume 309 0 0.569567 0.430433 
 ----> volume 310 1 0.542731 0.457269 
 ----> volume 311 0 0.550407 0.449593 
 ----> volume 312 1 0.46564 0.53436 
 ----> volume 313 0 0.580408 0.419592 
 ----> volume 314 0 0.549339 0.450661 
 ----> volume 315 0 0.559644 0.440356 
 ----> volume 316 1 0.50618 0.49382 
 ----> volume 317 1 0.520532 0.479468 
 ----> volume 318 0 0.550434 0.449566 
 ----> volume 319 1 0.514644 0.485356 
 ----> volume 320 1 0.505068 0.494932 
 ----> volume 321 1 0.511644 0.488356 
 ----> volume 322 0 0.525846 0.474154 
 ----> volume 323 0 0.618598 0.381402 
 ----> volume 324 1 0.486767 0.513233 
 ----> volume 325 0 0.580773 0.419227 
 ----> volume 326 0 0.52721 0.47279 
 ----> volume 327 1 0.48487 0.51513 
 ----> volume 328 0 0.555369 0.444631 
 ----> volume 329 0 0.559924 0.440076 
 ----> volume 330 1 0.534251 0.465749 
 ----> volume 331 0 0.494749 0.505251 
 ----> volume 332 0 0.556782 0.443218 
 ----> volume 333 1 0.460026 0.539974 
 ----> volume 334 1 0.525256 0.474744 
 ----> volume 335 0 0.582776 0.417224 
 ----> volume 336 1 0.516499 0.483501 
 ----> volume 337 0 0.572214 0.427786 
 ----> volume 338 1 0.546918 0.453082 
 ----> volume 339 0 0.536264 0.463736 
 ----> volume 340 1 0.486829 0.513171 
 ----> volume 341 0 0.507315 0.492685 
 ----> volume 342 1 0.545719 0.454281 
 ----> volume 343 0 0.552636 0.447364 
 ----> volume 344 0 0.518586 0.481414 
 ----> volume 345 0 0.562671 0.437329 
 ----> volume 346 1 0.48539 0.51461 
 ----> volume 347 0 0.548112 0.451888 
 ----> volume 348 0 0.569084 0.430916 
 ----> volume 349 1 0.548217 0.451783 
 ----> volume 350 1 0.492903 0.507097 
 ----> volume 351 0 0.596571 0.403429 
 ----> volume 352 0 0.549473 0.450527 
 ----> volume 353 1 0.511598 0.488402 
 ----> volume 354 0 0.557121 0.442879 
 ----> volume 355 1 0.494821 0.505179 
 ----> volume 356 1 0.52349 0.47651 
 ----> volume 357 1 0.565033 0.434967 
 ----> volume 358 0 0.518288 0.481712 
 ----> volume 359 0 0.529703 0.470297 
 ----> volume 360 1 0.57667 0.42333 
 ----> volume 361 1 0.492706 0.507294 
 ----> volume 362 0 0.577024 0.422976 
 ----> volume 363 0 0.511387 0.488613 
 ----> volume 364 0 0.567526 0.432474 
 ----> volume 365 0 0.554395 0.445605 
 ----> volume 366 1 0.466469 0.533531 
 ----> volume 367 0 0.56169 0.43831 
 ----> volume 368 0 0.561503 0.438497 
 ----> volume 369 0 0.515379 0.484621 
 ----> volume 370 1 0.476451 0.523549 
 ----> volume 371 0 0.551835 0.448165 
 ----> volume 372 1 0.472363 0.527637 
 ----> volume 373 0 0.574626 0.425374 
 ----> volume 374 0 0.568836 0.431164 
 ----> volume 375 1 0.49542 0.50458 
 ----> volume 376 0 0.522991 0.477009 
 ----> volume 377 1 0.609067 0.390933 
 ----> volume 378 1 0.549382 0.450618 
 ----> volume 379 0 0.523497 0.476503 
 ----> volume 380 0 0.546065 0.453935 
 ----> volume 381 1 0.550144 0.449856 
 ----> volume 382 1 0.558529 0.441471 
 ----> volume 383 1 0.523638 0.476362 
 ----> volume 384 0 0.54729 0.45271 
 ----> volume 385 1 0.516416 0.483584 
 ----> volume 386 0 0.505659 0.494341 
 ----> volume 387 1 0.545596 0.454404 
 ----> volume 388 1 0.531383 0.468617 
 ----> volume 389 0 0.554622 0.445378 
 ----> volume 390 0 0.556751 0.443249 
 ----> volume 391 0 0.615026 0.384974 
 ----> volume 392 1 0.455716 0.544284 
 ----> volume 393 1 0.503506 0.496494 
 ----> volume 394 1 0.536678 0.463322 
 ----> volume 395 0 0.530112 0.469888 
 ----> volume 396 0 0.568383 0.431617 
 ----> volume 397 0 0.51566 0.48434 
 ----> volume 398 1 0.530765 0.469235 
 ----> volume 399 1 0.538141 0.461859 
 ----> volume 400 1 0.543905 0.456095 
 ----> volume 401 0 0.518914 0.481086 
 ----> volume 402 0 0.547341 0.452659 
 ----> volume 403 0 0.566469 0.433531 
 ----> volume 404 1 0.558006 0.441994 
 ----> volume 405 1 0.51838 0.48162 
 ----> volume 406 1 0.506137 0.493863 
 ----> volume 407 1 0.543823 0.456177 
 ----> volume 408 0 0.589883 0.410117 
 ----> volume 409 0 0.53451 0.46549 
 ----> volume 410 0 0.610131 0.389869 
 ----> volume 411 0 0.637956 0.362044 
 ----> volume 412 1 0.414055 0.585945 
 ----> volume 413 1 0.579213 0.420787 
 ----> volume 414 0 0.557443 0.442557 
 ----> volume 415 1 0.517378 0.482622 
 ----> volume 416 0 0.601428 0.398572 
 ----> volume 417 0 0.546113 0.453887 
 ----> volume 418 1 0.493829 0.506171 
 ----> volume 419 1 0.485487 0.514513 
 ----> volume 420 1 0.542763 0.457237 
 ----> volume 421 0 0.563117 0.436883 
 ----> volume 422 0 0.546646 0.453354 
 ----> volume 423 1 0.521695 0.478305 
 ----> volume 424 0 0.530867 0.469133 
 ----> volume 425 0 0.566019 0.433981 
 ----> volume 426 1 0.506179 0.493821 
 ----> volume 427 0 0.533139 0.466861 
 ----> volume 428 0 0.529822 0.470178 
 ----> volume 429 0 0.559808 0.440192 
 ----> volume 430 0 0.560422 0.439578 
 ----> volume 431 1 0.579108 0.420892 
 ----> volume 432 1 0.493946 0.506054 
 ----> volume 433 1 0.530628 0.469372 
 ----> volume 434 0 0.536596 0.463404 
 ----> volume 435 1 0.544343 0.455657 
 ----> volume 436 0 0.52093 0.47907 
 ----> volume 437 0 0.543869 0.456131 
 ----> volume 438 0 0.573507 0.426493 
 ----> volume 439 0 0.52381 0.47619 
 ----> volume 440 1 0.501302 0.498698 
 ----> volume 441 0 0.531386 0.468614 
 ----> volume 442 1 0.521434 0.478566 
 ----> volume 443 1 0.512452 0.487548 
 ----> volume 444 0 0.563257 0.436743 
 ----> volume 445 1 0.558886 0.441114 
 ----> volume 446 0 0.450221 0.549779 
 ----> volume 447 0 0.580187 0.419813 
 ----> volume 448 1 0.54485 0.45515 
 ----> volume 449 1 0.497067 0.502933 
 ----> volume 450 0 0.578386 0.421614 
 ----> volume 451 0 0.552834 0.447166 
 ----> volume 452 1 0.507802 0.492198 
 ----> volume 453 0 0.523052 0.476948 
 ----> volume 454 1 0.49417 0.50583 
 ----> volume 455 0 0.573697 0.426303 
 ----> volume 456 0 0.55803 0.44197 
 ----> volume 457 0 0.523469 0.476531 
 ----> volume 458 1 0.508754 0.491246 
 ----> volume 459 0 0.581752 0.418248 
 ----> volume 460 1 0.537124 0.462876 
 ----> volume 461 1 0.535335 0.464665 
 ----> volume 462 0 0.551093 0.448907 
 ----> volume 463 1 0.563373 0.436627 
 ----> volume 464 0 0.50778 0.49222 
 ----> volume 465 1 0.518968 0.481032 
 ----> volume 466 0 0.524943 0.475057 
 ----> volume 467 1 0.553819 0.446181 
 ----> volume 468 0 0.512971 0.487029 
 ----> volume 469 1 0.521458 0.478542 
 ----> volume 470 0 0.571856 0.428144 
 ----> volume 471 1 0.50855 0.49145 
 ----> volume 472 0 0.571943 0.428057 
 ----> volume 473 1 0.52329 0.47671 
 ----> volume 474 0 0.571939 0.428061 
 ----> volume 475 0 0.543438 0.456562 
 ----> volume 476 1 0.556966 0.443034 
 ----> volume 477 1 0.519611 0.480389 
 ----> volume 478 1 0.488682 0.511318 
 ----> volume 479 0 0.606968 0.393032 
 ----> volume 480 0 0.50809 0.49191 
 ----> volume 481 1 0.508522 0.491478 
 ----> volume 482 0 0.536663 0.463337 
 ----> volume 483 0 0.530102 0.469898 
 ----> volume 484 1 0.514259 0.485741 
 ----> volume 485 0 0.576827 0.423173 
 ----> volume 486 0 0.559755 0.440245 
 ----> volume 487 1 0.475241 0.524759 
 ----> volume 488 0 0.613303 0.386697 
 ----> volume 489 1 0.492269 0.507731 
 ----> volume 490 0 0.55003 0.44997 
 ----> volume 491 1 0.520088 0.479912 
 ----> volume 492 0 0.531533 0.468467 
 ----> volume 493 0 0.56939 0.43061 
 ----> volume 494 1 0.54311 0.45689 
 ----> volume 495 0 0.555823 0.444177 
 ----> volume 496 1 0.505765 0.494235 
 ----> volume 497 0 0.513234 0.486766 
 ----> volume 498 1 0.567557 0.432443 
 ----> volume 499 0 0.534866 0.465134 
 ----> volume 500 1 0.526043 0.473957 
 ----> volume 501 0 0.561104 0.438896 
 ----> volume 502 1 0.546849 0.453151 
 ----> volume 503 1 0.521933 0.478067 
 ----> volume 504 1 0.543631 0.456369 
 ----> volume 505 0 0.543093 0.456907 
 ----> volume 506 0 0.527287 0.472713 
 ----> volume 507 1 0.459731 0.540269 
 ----> volume 508 1 0.528638 0.471362 
 ----> volume 509 1 0.558527 0.441473 
 ----> volume 510 0 0.529741 0.470259 
 ----> volume 511 0 0.542473 0.457527 
 ----> volume 512 0 0.534037 0.465963 
 ----> volume 513 1 0.550041 0.449959 
 ----> volume 514 1 0.511949 0.488051 
 ----> volume 515 0 0.538014 0.461986 
 ----> volume 516 0 0.571189 0.428811 
 ----> volume 517 1 0.552181 0.447819 
 ----> volume 518 1 0.490681 0.509319 
 ----> volume 519 0 0.550621 0.449379 
 ----> volume 520 1 0.544089 0.455911 
 ----> volume 521 1 0.507908 0.492092 
 ----> volume 522 0 0.5872 0.4128 
 ----> volume 523 1 0.517709 0.482291 
 ----> volume 524 0 0.610133 0.389867 
 ----> volume 525 0 0.597087 0.402913 
 ----> volume 526 0 0.542202 0.457798 
 ----> volume 527 1 0.502871 0.497129 
 ----> volume 528 0 0.519685 0.480315 
 ----> volume 529 1 0.54666 0.45334 
 ----> volume 530 0 0.552594 0.447406 
 ----> volume 531 1 0.544309 0.455691 
 ----> volume 532 0 0.540353 0.459647 
 ----> volume 533 1 0.488991 0.511009 
 ----> volume 534 0 0.571908 0.428092 
 ----> volume 535 0 0.540035 0.459965 
 ----> volume 536 1 0.527841 0.472159 
 ----> volume 537 1 0.503827 0.496173 
 ----> volume 538 0 0.607155 0.392845 
 ----> volume 539 1 0.501824 0.498176 
 ----> volume 540 1 0.51935 0.48065 
 ----> volume 541 0 0.531175 0.468825 
 ----> volume 542 0 0.544589 0.455411 
 ----> volume 543 1 0.486976 0.513024 
 ----> volume 544 1 0.597321 0.402679 
 ----> volume 545 0 0.517091 0.482909 
 ----> volume 546 0 0.531676 0.468324 
 ----> volume 547 1 0.463951 0.536049 
 ----> volume 548 1 0.558182 0.441818 
 ----> volume 549 0 0.54538 0.45462 
 ----> volume 550 0 0.566302 0.433698 
 ----> volume 551 1 0.525064 0.474936 
 ----> volume 552 0 0.556468 0.443532 
 ----> volume 553 1 0.52645 0.47355 
 ----> volume 554 0 0.534654 0.465346 
 ----> volume 555 0 0.543638 0.456362 
 ----> volume 556 0 0.567388 0.432612 
 ----> volume 557 1 0.514173 0.485827 
 ----> volume 558 1 0.512372 0.487628 
 ----> volume 559 1 0.52183 0.47817 
 ----> volume 560 0 0.547084 0.452916 
 ----> volume 561 0 0.574251 0.425749 
 ----> volume 562 1 0.434846 0.565154 
 ----> volume 563 0 0.55693 0.44307 
 ----> volume 564 0 0.61389 0.38611 
 ----> volume 565 1 0.479115 0.520885 
 ----> volume 566 0 0.466439 0.533561 
 ----> volume 567 0 0.549598 0.450402 
 ----> volume 568 0 0.526061 0.473939 
 ----> volume 569 0 0.537878 0.462122 
 ----> volume 570 1 0.499905 0.500095 
 ----> volume 571 1 0.525022 0.474978 
 ----> volume 572 0 0.579788 0.420212 
 ----> volume 573 0 0.549072 0.450928 
 ----> volume 574 0 0.514687 0.485313 
 ----> volume 575 1 0.527737 0.472263 
 ----> volume 576 1 0.560366 0.439634 
 ----> volume 577 0 0.532179 0.467821 
 ----> volume 578 0 0.544153 0.455847 
 ----> volume 579 0 0.565586 0.434414 
 ----> volume 580 1 0.538019 0.461981 
 ----> volume 581 0 0.53509 0.46491 
 ----> volume 582 0 0.613215 0.386785 
 ----> volume 583 1 0.508941 0.491059 
 ----> volume 584 1 0.518344 0.481656 
 ----> volume 585 0 0.574571 0.425429 
 ----> volume 586 0 0.556979 0.443021 
 ----> volume 587 1 0.524505 0.475495 
 ----> volume 588 1 0.50817 0.49183 
 ----> volume 589 1 0.479836 0.520164 
 ----> volume 590 0 0.576604 0.423396 
 ----> volume 591 1 0.535345 0.464655 
 ----> volume 592 1 0.540441 0.459559 
 ----> volume 593 0 0.550755 0.449245 
 ----> volume 594 0 0.548221 0.451779 
 ----> volume 595 1 0.524033 0.475967 
 ----> volume 596 1 0.488445 0.511555 
 ----> volume 597 0 0.517289 0.482711 
 ----> volume 598 1 0.527635 0.472365 
 ----> volume 599 1 0.515295 0.484705 
 ----> volume 600 0 0.522516 0.477484 
 ----> volume 601 1 0.555647 0.444353 
 ----> volume 602 1 0.524202 0.475798 
 ----> volume 603 0 0.51036 0.48964 
 ----> volume 604 0 0.57441 0.42559 
 ----> volume 605 0 0.544552 0.455448 
 ----> volume 606 1 0.507548 0.492452 
 ----> volume 607 1 0.573645 0.426355 
 ----> volume 608 0 0.527602 0.472398 
 ----> volume 609 0 0.586058 0.413942 
 ----> volume 610 0 0.550122 0.449878 
 ----> volume 611 1 0.494625 0.505375 
 ----> volume 612 0 0.56626 0.43374 
 ----> volume 613 1 0.525312 0.474688 
 ----> volume 614 0 0.594092 0.405908 
 ----> volume 615 1 0.455494 0.544506 
 ----> volume 616 0 0.515116 0.484884 
 ----> volume 617 1 0.41307 0.58693 
 ----> volume 618 1 0.528132 0.471868 
 ----> volume 619 1 0.477241 0.522759 
 ----> volume 620 1 0.56321 0.43679 
 ----> volume 621 0 0.55574 0.44426 
 ----> volume 622 0 0.560234 0.439766 
 ----> volume 623 0 0.542153 0.457847 
 ----> volume 624 0 0.589895 0.410105 
 ----> volume 625 0 0.525052 0.474948 
 ----> volume 626 0 0.564829 0.435171 
 ----> volume 627 0 0.556766 0.443234 
 ----> volume 628 1 0.544768 0.455232 
 ----> volume 629 1 0.47468 0.52532 
 ----> volume 630 0 0.600657 0.399343 
 ----> volume 631 1 0.528664 0.471336 
 ----> volume 632 1 0.521388 0.478612 
 ----> volume 633 0 0.556007 0.443993 
 ----> volume 634 1 0.496837 0.503163 
 ----> volume 635 0 0.631364 0.368636 
 ----> volume 636 1 0.50427 0.49573 
 ----> volume 637 0 0.537781 0.462219 
 ----> volume 638 0 0.605397 0.394603 
 ----> volume 639 1 0.506278 0.493722 
 ----> volume 640 1 0.501839 0.498161 
 ----> volume 641 0 0.560348 0.439652 
 ----> volume 642 0 0.531302 0.468698 
 ----> volume 643 0 0.520503 0.479497 
 ----> volume 644 0 0.616151 0.383849 
 ----> volume 645 0 0.537325 0.462675 
 ----> volume 646 0 0.528203 0.471797 
 ----> volume 647 1 0.459395 0.540605 
 ----> volume 648 0 0.556505 0.443495 
 ----> volume 649 1 0.587811 0.412189 
 ----> volume 650 1 0.525236 0.474764 
 ----> volume 651 1 0.531128 0.468872 
 ----> volume 652 0 0.497337 0.502663 
 ----> volume 653 1 0.543675 0.456325 
 ----> volume 654 1 0.455345 0.544655 
 ----> volume 655 0 0.51361 0.48639 
 ----> volume 656 0 0.546715 0.453285 
 ----> volume 657 0 0.569535 0.430465 
 ----> volume 658 1 0.512572 0.487428 
 ----> volume 659 1 0.511574 0.488426 
 ----> volume 660 0 0.5616 0.4384 
 ----> volume 661 0 0.501158 0.498842 
 ----> volume 662 1 0.539688 0.460312 
 ----> volume 663 0 0.539405 0.460595 
 ----> volume 664 1 0.517079 0.482921 
 ----> volume 665 1 0.539235 0.460765 
 ----> volume 666 0 0.568786 0.431214 
 ----> volume 667 0 0.564378 0.435622 
 ----> volume 668 1 0.508829 0.491171 
 ----> volume 669 0 0.55805 0.44195 
 ----> volume 670 0 0.530684 0.469316 
 ----> volume 671 1 0.501367 0.498633 
 ----> volume 672 0 0.554716 0.445284 
 ----> volume 673 1 0.511283 0.488717 
 ----> volume 674 1 0.5265 0.4735 
 ----> volume 675 1 0.561713 0.438287 
 ----> volume 676 0 0.539525 0.460475 
 ----> volume 677 0 0.51236 0.48764 
 ----> volume 678 1 0.535649 0.464351 
 ----> volume 679 0 0.575213 0.424787 
 ----> volume 680 1 0.534652 0.465348 
 ----> volume 681 0 0.647879 0.352121 
 ----> volume 682 0 0.641385 0.358615 
 ----> volume 683 1 0.411509 0.588491 
 ----> volume 684 0 0.53682 0.46318 
 ----> volume 685 1 0.545378 0.454622 
 ----> volume 686 0 0.540209 0.459791 
 ----> volume 687 0 0.534717 0.465283 
 ----> volume 688 1 0.483379 0.516621 
 ----> volume 689 0 0.563299 0.436701 
 ----> volume 690 0 0.527808 0.472192 
 ----> volume 691 1 0.496745 0.503255 
 ----> volume 692 0 0.573815 0.426185 
 ----> volume 693 1 0.502496 0.497504 
 ----> volume 694 1 0.586094 0.413906 
 ----> volume 695 1 0.557588 0.442412 
 ----> volume 696 0 0.546759 0.453241 
 ----> volume 697 0 0.546446 0.453554 
 ----> volume 698 0 0.557668 0.442332 
 ----> volume 699 1 0.526926 0.473074 
 ----> volume 700 1 0.551787 0.448213 
 ----> volume 701 0 0.550852 0.449148 
 ----> volume 702 0 0.544322 0.455678 
 ----> volume 703 1 0.511914 0.488086 
 ----> volume 704 1 0.592976 0.407024 
 ----> volume 705 0 0.606788 0.393212 
 ----> volume 706 1 0.508936 0.491064 
 ----> volume 707 1 0.458382 0.541618 
 ----> volume 708 1 0.522666 0.477334 
 ----> volume 709 1 0.416033 0.583967 
 ----> volume 710 0 0.535298 0.464702 
 ----> volume 711 0 0.513295 0.486705 
 ----> volume 712 1 0.514281 0.485719 
 ----> volume 713 0 0.52924 0.47076 
 ----> volume 714 1 0.562813 0.437187 
 ----> volume 715 0 0.549739 0.450261 
 ----> volume 716 1 0.501771 0.498229 
 ----> volume 717 0 0.565412 0.434588 
 ----> volume 718 1 0.496199 0.503801 
