 ----> volume 1 1 0.514957 0.485043 
 ----> volume 2 0 0.525548 0.474452 
 ----> volume 3 1 0.579597 0.420403 
 ----> volume 4 0 0.536903 0.463097 
 ----> volume 5 0 0.568876 0.431124 
 ----> volume 6 1 0.510122 0.489878 
 ----> volume 7 0 0.554033 0.445967 
 ----> volume 8 0 0.551503 0.448497 
 ----> volume 9 1 0.538669 0.461331 
 ----> volume 10 1 0.543361 0.456639 
 ----> volume 11 0 0.599977 0.400023 
 ----> volume 12 0 0.573731 0.426269 
 ----> volume 13 0 0.537579 0.462421 
 ----> volume 14 1 0.538797 0.461203 
 ----> volume 15 0 0.537548 0.462452 
 ----> volume 16 1 0.543879 0.456121 
 ----> volume 17 1 0.547288 0.452712 
 ----> volume 18 0 0.575893 0.424107 
 ----> volume 19 1 0.535494 0.464506 
 ----> volume 20 0 0.522175 0.477825 
 ----> volume 21 0 0.532491 0.467509 
 ----> volume 22 1 0.592861 0.407139 
 ----> volume 23 0 0.545924 0.454076 
 ----> volume 24 0 0.495351 0.504649 
 ----> volume 25 1 0.480033 0.519967 
 ----> volume 26 0 0.536927 0.463073 
 ----> volume 27 1 0.516084 0.483916 
 ----> volume 28 1 0.536666 0.463334 
 ----> volume 29 0 0.548239 0.451761 
 ----> volume 30 0 0.538511 0.461489 
 ----> volume 31 0 0.555712 0.444288 
 ----> volume 32 0 0.540209 0.459791 
 ----> volume 33 1 0.550527 0.449473 
 ----> volume 34 0 0.520212 0.479788 
 ----> volume 35 1 0.552256 0.447744 
 ----> volume 36 0 0.539241 0.460759 
 ----> volume 37 0 0.552894 0.447106 
 ----> volume 38 1 0.540422 0.459578 
 ----> volume 39 1 0.547562 0.452438 
 ----> volume 40 1 0.502642 0.497358 
 ----> volume 41 0 0.555149 0.444851 
 ----> volume 42 0 0.567142 0.432858 
 ----> volume 43 0 0.531432 0.468568 
 ----> volume 44 0 0.586113 0.413887 
 ----> volume 45 1 0.477635 0.522365 
 ----> volume 46 1 0.52644 0.47356 
 ----> volume 47 0 0.548365 0.451635 
 ----> volume 48 0 0.539409 0.460591 
 ----> volume 49 1 0.573239 0.426761 
 ----> volume 50 1 0.530999 0.469001 
 ----> volume 51 1 0.577968 0.422032 
 ----> volume 52 0 0.529333 0.470667 
 ----> volume 53 1 0.526824 0.473176 
 ----> volume 54 1 0.520318 0.479682 
 ----> volume 55 0 0.558007 0.441993 
 ----> volume 56 0 0.548057 0.451943 
 ----> volume 57 1 0.523882 0.476118 
 ----> volume 58 0 0.565299 0.434701 
 ----> volume 59 1 0.507505 0.492495 
 ----> volume 60 1 0.544377 0.455623 
 ----> volume 61 0 0.549576 0.450424 
 ----> volume 62 1 0.505616 0.494384 
 ----> volume 63 0 0.59343 0.40657 
 ----> volume 64 1 0.534279 0.465721 
 ----> volume 65 0 0.57381 0.42619 
 ----> volume 66 1 0.524755 0.475245 
 ----> volume 67 0 0.560024 0.439976 
 ----> volume 68 0 0.535376 0.464624 
 ----> volume 69 1 0.55346 0.44654 
 ----> volume 70 1 0.530612 0.469388 
 ----> volume 71 0 0.549734 0.450266 
 ----> volume 72 0 0.566922 0.433078 
 ----> volume 73 1 0.499842 0.500158 
 ----> volume 74 1 0.544558 0.455442 
 ----> volume 75 1 0.572096 0.427904 
 ----> volume 76 0 0.507512 0.492488 
 ----> volume 77 0 0.582831 0.417169 
 ----> volume 78 1 0.566764 0.433236 
 ----> volume 79 0 0.587088 0.412912 
 ----> volume 80 1 0.489688 0.510312 
 ----> volume 81 1 0.527169 0.472831 
 ----> volume 82 1 0.496816 0.503184 
 ----> volume 83 0 0.60724 0.39276 
 ----> volume 84 1 0.501356 0.498644 
 ----> volume 85 0 0.618496 0.381504 
 ----> volume 86 0 0.541078 0.458922 
 ----> volume 87 0 0.542319 0.457681 
 ----> volume 88 0 0.589719 0.410281 
 ----> volume 89 0 0.546198 0.453802 
 ----> volume 90 1 0.548236 0.451764 
 ----> volume 91 0 0.547547 0.452453 
 ----> volume 92 1 0.539515 0.460485 
 ----> volume 93 0 0.580845 0.419155 
 ----> volume 94 1 0.51708 0.48292 
 ----> volume 95 0 0.575477 0.424523 
 ----> volume 96 1 0.543803 0.456197 
 ----> volume 97 0 0.522661 0.477339 
 ----> volume 98 0 0.546829 0.453171 
 ----> volume 99 1 0.569253 0.430747 
 ----> volume 100 0 0.560316 0.439684 
 ----> volume 101 1 0.561956 0.438044 
 ----> volume 102 1 0.500877 0.499123 
 ----> volume 103 0 0.515956 0.484044 
 ----> volume 104 0 0.551387 0.448613 
 ----> volume 105 0 0.527517 0.472483 
 ----> volume 106 0 0.536346 0.463654 
 ----> volume 107 0 0.546342 0.453658 
 ----> volume 108 1 0.502646 0.497354 
 ----> volume 109 0 0.582152 0.417848 
 ----> volume 110 0 0.531141 0.468859 
 ----> volume 111 1 0.53338 0.46662 
 ----> volume 112 0 0.548108 0.451892 
 ----> volume 113 1 0.525882 0.474118 
 ----> volume 114 0 0.578777 0.421223 
 ----> volume 115 0 0.533367 0.466633 
 ----> volume 116 1 0.547641 0.452359 
 ----> volume 117 1 0.519794 0.480206 
 ----> volume 118 1 0.503336 0.496664 
 ----> volume 119 0 0.5634 0.4366 
 ----> volume 120 0 0.591832 0.408168 
 ----> volume 121 0 0.590365 0.409635 
 ----> volume 122 0 0.515681 0.484319 
 ----> volume 123 1 0.555264 0.444736 
 ----> volume 124 1 0.495548 0.504452 
 ----> volume 125 0 0.5677 0.4323 
 ----> volume 126 1 0.501923 0.498077 
 ----> volume 127 0 0.570631 0.429369 
 ----> volume 128 1 0.492608 0.507392 
 ----> volume 129 0 0.545679 0.454321 
 ----> volume 130 0 0.575977 0.424023 
 ----> volume 131 0 0.520286 0.479714 
 ----> volume 132 1 0.583348 0.416652 
 ----> volume 133 0 0.525757 0.474243 
 ----> volume 134 1 0.537026 0.462974 
 ----> volume 135 1 0.550796 0.449204 
 ----> volume 136 0 0.5443 0.4557 
 ----> volume 137 0 0.554113 0.445887 
 ----> volume 138 0 0.553887 0.446113 
 ----> volume 139 0 0.518419 0.481581 
 ----> volume 140 0 0.559456 0.440544 
 ----> volume 141 1 0.57682 0.42318 
 ----> volume 142 0 0.587331 0.412669 
 ----> volume 143 1 0.479998 0.520002 
 ----> volume 144 0 0.610539 0.389461 
 ----> volume 145 0 0.447589 0.552411 
 ----> volume 146 1 0.515997 0.484003 
 ----> volume 147 0 0.4924 0.5076 
 ----> volume 148 1 0.527765 0.472235 
 ----> volume 149 1 0.556986 0.443014 
 ----> volume 150 0 0.596519 0.403481 
 ----> volume 151 0 0.541812 0.458188 
 ----> volume 152 0 0.607983 0.392017 
 ----> volume 153 0 0.51625 0.48375 
 ----> volume 154 1 0.474971 0.525029 
 ----> volume 155 0 0.522222 0.477778 
 ----> volume 156 1 0.5441 0.4559 
 ----> volume 157 1 0.553773 0.446227 
 ----> volume 158 0 0.547333 0.452667 
 ----> volume 159 0 0.517767 0.482233 
 ----> volume 160 0 0.585681 0.414319 
 ----> volume 161 0 0.526957 0.473043 
 ----> volume 162 0 0.537696 0.462304 
 ----> volume 163 1 0.538725 0.461275 
 ----> volume 164 0 0.547673 0.452327 
 ----> volume 165 1 0.542808 0.457192 
 ----> volume 166 0 0.601619 0.398381 
 ----> volume 167 1 0.511706 0.488294 
 ----> volume 168 0 0.583908 0.416092 
 ----> volume 169 1 0.479192 0.520808 
 ----> volume 170 1 0.505854 0.494146 
 ----> volume 171 1 0.550944 0.449056 
 ----> volume 172 0 0.515137 0.484863 
 ----> volume 173 1 0.517276 0.482724 
 ----> volume 174 0 0.523257 0.476743 
 ----> volume 175 1 0.534 0.466 
 ----> volume 176 0 0.518447 0.481553 
 ----> volume 177 0 0.555187 0.444813 
 ----> volume 178 0 0.544619 0.455381 
 ----> volume 179 1 0.486066 0.513934 
 ----> volume 180 1 0.544625 0.455375 
 ----> volume 181 1 0.469216 0.530784 
 ----> volume 182 1 0.51731 0.48269 
 ----> volume 183 0 0.543434 0.456566 
 ----> volume 184 1 0.524219 0.475781 
 ----> volume 185 0 0.53099 0.46901 
 ----> volume 186 0 0.579825 0.420175 
 ----> volume 187 0 0.546742 0.453258 
 ----> volume 188 0 0.587753 0.412247 
 ----> volume 189 1 0.513565 0.486435 
 ----> volume 190 0 0.57471 0.42529 
 ----> volume 191 0 0.532662 0.467338 
 ----> volume 192 1 0.467601 0.532399 
 ----> volume 193 0 0.575643 0.424357 
 ----> volume 194 0 0.508261 0.491739 
 ----> volume 195 1 0.548057 0.451943 
 ----> volume 196 1 0.571871 0.428129 
 ----> volume 197 0 0.522166 0.477834 
 ----> volume 198 1 0.559748 0.440252 
 ----> volume 199 0 0.577471 0.422529 
 ----> volume 200 0 0.514389 0.485611 
 ----> volume 201 1 0.525513 0.474487 
 ----> volume 202 1 0.509384 0.490616 
 ----> volume 203 0 0.560499 0.439501 
 ----> volume 204 1 0.552836 0.447164 
 ----> volume 205 0 0.527753 0.472247 
 ----> volume 206 1 0.544866 0.455134 
 ----> volume 207 1 0.557614 0.442386 
 ----> volume 208 0 0.571645 0.428355 
 ----> volume 209 0 0.522073 0.477927 
 ----> volume 210 1 0.495408 0.504592 
 ----> volume 211 0 0.547399 0.452601 
 ----> volume 212 1 0.573471 0.426529 
 ----> volume 213 0 0.52067 0.47933 
 ----> volume 214 0 0.581765 0.418235 
 ----> volume 215 1 0.476723 0.523277 
 ----> volume 216 0 0.598059 0.401941 
 ----> volume 217 1 0.519975 0.480025 
 ----> volume 218 1 0.590707 0.409293 
 ----> volume 219 0 0.508118 0.491882 
 ----> volume 220 1 0.585188 0.414812 
 ----> volume 221 1 0.53579 0.46421 
 ----> volume 222 1 0.524471 0.475529 
 ----> volume 223 0 0.601325 0.398675 
 ----> volume 224 0 0.589034 0.410966 
 ----> volume 225 1 0.502545 0.497455 
 ----> volume 226 0 0.548356 0.451644 
 ----> volume 227 0 0.572652 0.427348 
 ----> volume 228 0 0.533269 0.466731 
 ----> volume 229 0 0.542687 0.457313 
 ----> volume 230 1 0.516952 0.483048 
 ----> volume 231 1 0.490627 0.509373 
 ----> volume 232 0 0.541881 0.458119 
 ----> volume 233 0 0.645959 0.354041 
 ----> volume 234 1 0.532376 0.467624 
 ----> volume 235 1 0.573244 0.426756 
 ----> volume 236 1 0.490818 0.509182 
 ----> volume 237 0 0.535265 0.464735 
 ----> volume 238 1 0.501311 0.498689 
 ----> volume 239 0 0.557179 0.442821 
 ----> volume 240 1 0.494246 0.505754 
 ----> volume 241 0 0.578995 0.421005 
 ----> volume 242 1 0.492681 0.507319 
 ----> volume 243 0 0.539177 0.460823 
 ----> volume 244 1 0.514659 0.485341 
 ----> volume 245 0 0.549753 0.450247 
 ----> volume 246 1 0.487903 0.512097 
 ----> volume 247 0 0.615884 0.384116 
 ----> volume 248 0 0.535118 0.464882 
 ----> volume 249 1 0.480909 0.519091 
 ----> volume 250 1 0.566209 0.433791 
 ----> volume 251 1 0.493166 0.506834 
 ----> volume 252 0 0.567697 0.432303 
 ----> volume 253 1 0.499772 0.500228 
 ----> volume 254 0 0.600708 0.399292 
 ----> volume 255 0 0.550514 0.449486 
 ----> volume 256 0 0.54405 0.45595 
 ----> volume 257 1 0.468903 0.531097 
 ----> volume 258 0 0.557714 0.442286 
 ----> volume 259 0 0.57325 0.42675 
 ----> volume 260 1 0.492869 0.507131 
 ----> volume 261 1 0.580648 0.419352 
 ----> volume 262 1 0.546455 0.453545 
 ----> volume 263 0 0.520349 0.479651 
 ----> volume 264 1 0.603218 0.396782 
 ----> volume 265 1 0.442832 0.557168 
 ----> volume 266 0 0.594354 0.405646 
 ----> volume 267 1 0.562122 0.437878 
 ----> volume 268 0 0.526466 0.473534 
 ----> volume 269 0 0.545259 0.454741 
 ----> volume 270 0 0.539957 0.460043 
 ----> volume 271 1 0.505148 0.494852 
 ----> volume 272 0 0.592838 0.407162 
 ----> volume 273 1 0.491855 0.508145 
 ----> volume 274 0 0.583225 0.416775 
 ----> volume 275 1 0.518592 0.481408 
 ----> volume 276 0 0.524132 0.475868 
 ----> volume 277 0 0.531656 0.468344 
 ----> volume 278 0 0.550815 0.449185 
 ----> volume 279 1 0.500685 0.499315 
 ----> volume 280 0 0.567769 0.432231 
 ----> volume 281 0 0.575002 0.424998 
 ----> volume 282 1 0.521122 0.478878 
 ----> volume 283 0 0.556943 0.443057 
 ----> volume 284 0 0.516801 0.483199 
 ----> volume 285 0 0.562414 0.437586 
 ----> volume 286 1 0.557257 0.442743 
 ----> volume 287 1 0.522567 0.477433 
 ----> volume 288 1 0.501615 0.498385 
 ----> volume 289 0 0.585057 0.414943 
 ----> volume 290 0 0.526628 0.473372 
 ----> volume 291 1 0.575648 0.424352 
 ----> volume 292 0 0.58501 0.41499 
 ----> volume 293 1 0.493482 0.506518 
 ----> volume 294 1 0.548738 0.451262 
 ----> volume 295 0 0.558016 0.441984 
 ----> volume 296 1 0.544856 0.455144 
 ----> volume 297 0 0.592293 0.407707 
 ----> volume 298 1 0.472663 0.527337 
 ----> volume 299 0 0.650812 0.349188 
 ----> volume 300 0 0.568096 0.431904 
 ----> volume 301 0 0.571023 0.428977 
 ----> volume 302 1 0.500568 0.499432 
 ----> volume 303 1 0.495334 0.504666 
 ----> volume 304 0 0.60613 0.39387 
 ----> volume 305 1 0.459169 0.540831 
 ----> volume 306 0 0.615823 0.384177 
 ----> volume 307 0 0.538988 0.461012 
 ----> volume 308 1 0.519082 0.480918 
 ----> volume 309 0 0.564219 0.435781 
 ----> volume 310 1 0.497292 0.502708 
 ----> volume 311 0 0.550854 0.449146 
 ----> volume 312 1 0.517877 0.482123 
 ----> volume 313 0 0.559715 0.440285 
 ----> volume 314 0 0.564413 0.435587 
 ----> volume 315 0 0.56864 0.43136 
 ----> volume 316 1 0.522552 0.477448 
 ----> volume 317 1 0.580591 0.419409 
 ----> volume 318 0 0.610672 0.389328 
 ----> volume 319 1 0.501957 0.498043 
 ----> volume 320 1 0.54573 0.45427 
 ----> volume 321 1 0.505888 0.494112 
 ----> volume 322 0 0.56293 0.43707 
 ----> volume 323 0 0.574212 0.425788 
 ----> volume 324 1 0.510737 0.489263 
 ----> volume 325 0 0.589486 0.410514 
 ----> volume 326 0 0.475236 0.524764 
 ----> volume 327 1 0.547217 0.452783 
 ----> volume 328 0 0.540623 0.459377 
 ----> volume 329 0 0.540301 0.459699 
 ----> volume 330 1 0.581337 0.418663 
 ----> volume 331 0 0.46715 0.53285 
 ----> volume 332 0 0.575015 0.424985 
 ----> volume 333 1 0.470692 0.529308 
 ----> volume 334 1 0.529762 0.470238 
 ----> volume 335 0 0.537107 0.462893 
 ----> volume 336 1 0.512037 0.487963 
 ----> volume 337 0 0.593304 0.406696 
 ----> volume 338 1 0.497835 0.502165 
 ----> volume 339 0 0.580398 0.419602 
 ----> volume 340 1 0.478963 0.521037 
 ----> volume 341 0 0.602841 0.397159 
 ----> volume 342 1 0.528319 0.471681 
 ----> volume 343 0 0.54766 0.45234 
 ----> volume 344 0 0.450895 0.549105 
 ----> volume 345 0 0.526107 0.473893 
 ----> volume 346 1 0.575502 0.424498 
 ----> volume 347 0 0.530686 0.469314 
 ----> volume 348 0 0.598827 0.401173 
 ----> volume 349 1 0.574372 0.425628 
 ----> volume 350 1 0.495773 0.504227 
 ----> volume 351 0 0.609264 0.390736 
 ----> volume 352 0 0.522445 0.477555 
 ----> volume 353 1 0.514402 0.485598 
 ----> volume 354 0 0.573737 0.426263 
 ----> volume 355 1 0.445772 0.554228 
 ----> volume 356 1 0.497491 0.502509 
 ----> volume 357 1 0.492601 0.507399 
 ----> volume 358 0 0.530982 0.469018 
 ----> volume 359 0 0.53762 0.46238 
 ----> volume 360 1 0.543573 0.456427 
 ----> volume 361 1 0.522135 0.477865 
 ----> volume 362 0 0.58213 0.41787 
 ----> volume 363 0 0.526867 0.473133 
 ----> volume 364 0 0.49744 0.50256 
 ----> volume 365 0 0.601046 0.398954 
 ----> volume 366 1 0.502724 0.497276 
 ----> volume 367 0 0.59236 0.40764 
 ----> volume 368 0 0.52329 0.47671 
 ----> volume 369 0 0.564124 0.435876 
 ----> volume 370 1 0.439021 0.560979 
 ----> volume 371 0 0.541217 0.458783 
 ----> volume 372 1 0.574291 0.425709 
 ----> volume 373 0 0.543884 0.456116 
 ----> volume 374 0 0.606663 0.393337 
 ----> volume 375 1 0.50142 0.49858 
 ----> volume 376 0 0.576067 0.423933 
 ----> volume 377 1 0.573347 0.426653 
 ----> volume 378 1 0.513184 0.486816 
 ----> volume 379 0 0.577998 0.422002 
 ----> volume 380 0 0.525295 0.474705 
 ----> volume 381 1 0.521804 0.478196 
 ----> volume 382 1 0.553499 0.446501 
 ----> volume 383 1 0.481057 0.518943 
 ----> volume 384 0 0.606694 0.393306 
 ----> volume 385 1 0.54391 0.45609 
 ----> volume 386 0 0.568115 0.431885 
 ----> volume 387 1 0.488057 0.511943 
 ----> volume 388 1 0.54193 0.45807 
 ----> volume 389 0 0.562525 0.437475 
 ----> volume 390 0 0.575783 0.424217 
 ----> volume 391 0 0.54161 0.45839 
 ----> volume 392 1 0.562409 0.437591 
 ----> volume 393 1 0.547026 0.452974 
 ----> volume 394 1 0.548608 0.451392 
 ----> volume 395 0 0.532486 0.467514 
 ----> volume 396 0 0.50633 0.49367 
 ----> volume 397 0 0.513985 0.486015 
 ----> volume 398 1 0.545964 0.454036 
 ----> volume 399 1 0.469418 0.530582 
 ----> volume 400 1 0.537012 0.462988 
 ----> volume 401 0 0.516945 0.483055 
 ----> volume 402 0 0.582057 0.417943 
 ----> volume 403 0 0.551185 0.448815 
 ----> volume 404 1 0.536826 0.463174 
 ----> volume 405 1 0.581644 0.418356 
 ----> volume 406 1 0.515631 0.484369 
 ----> volume 407 1 0.485288 0.514712 
 ----> volume 408 0 0.532933 0.467067 
 ----> volume 409 0 0.522811 0.477189 
 ----> volume 410 0 0.599881 0.400119 
 ----> volume 411 0 0.518231 0.481769 
 ----> volume 412 1 0.58007 0.41993 
 ----> volume 413 1 0.506533 0.493467 
 ----> volume 414 0 0.570248 0.429752 
 ----> volume 415 1 0.460858 0.539142 
 ----> volume 416 0 0.542474 0.457526 
 ----> volume 417 0 0.583986 0.416014 
 ----> volume 418 1 0.529887 0.470113 
 ----> volume 419 1 0.534624 0.465376 
 ----> volume 420 1 0.551526 0.448474 
 ----> volume 421 0 0.56406 0.43594 
 ----> volume 422 0 0.555185 0.444815 
 ----> volume 423 1 0.545632 0.454368 
 ----> volume 424 0 0.532535 0.467465 
 ----> volume 425 0 0.604326 0.395674 
 ----> volume 426 1 0.453866 0.546134 
 ----> volume 427 0 0.522253 0.477747 
 ----> volume 428 0 0.536293 0.463707 
 ----> volume 429 0 0.583498 0.416502 
 ----> volume 430 0 0.484513 0.515487 
 ----> volume 431 1 0.507844 0.492156 
 ----> volume 432 1 0.4544 0.5456 
 ----> volume 433 1 0.53156 0.46844 
 ----> volume 434 0 0.566673 0.433327 
 ----> volume 435 1 0.469757 0.530243 
 ----> volume 436 0 0.6255 0.3745 
 ----> volume 437 0 0.509715 0.490285 
 ----> volume 438 0 0.555097 0.444903 
 ----> volume 439 0 0.565855 0.434145 
 ----> volume 440 1 0.520716 0.479284 
 ----> volume 441 0 0.610452 0.389548 
 ----> volume 442 1 0.508028 0.491972 
 ----> volume 443 1 0.566041 0.433959 
 ----> volume 444 0 0.526368 0.473632 
 ----> volume 445 1 0.526859 0.473141 
 ----> volume 446 0 0.547703 0.452297 
 ----> volume 447 0 0.574244 0.425756 
 ----> volume 448 1 0.530824 0.469176 
 ----> volume 449 1 0.498385 0.501615 
 ----> volume 450 0 0.536061 0.463939 
 ----> volume 451 0 0.519617 0.480383 
 ----> volume 452 1 0.58783 0.41217 
 ----> volume 453 0 0.537324 0.462676 
 ----> volume 454 1 0.524532 0.475468 
 ----> volume 455 0 0.568991 0.431009 
 ----> volume 456 0 0.524168 0.475832 
 ----> volume 457 0 0.573009 0.426991 
 ----> volume 458 1 0.502039 0.497961 
 ----> volume 459 0 0.531987 0.468013 
 ----> volume 460 1 0.488928 0.511072 
 ----> volume 461 1 0.550651 0.449349 
 ----> volume 462 0 0.514239 0.485761 
 ----> volume 463 1 0.531495 0.468505 
 ----> volume 464 0 0.471267 0.528733 
 ----> volume 465 1 0.521658 0.478342 
 ----> volume 466 0 0.596494 0.403506 
 ----> volume 467 1 0.523568 0.476432 
 ----> volume 468 0 0.520935 0.479065 
 ----> volume 469 1 0.540503 0.459497 
 ----> volume 470 0 0.584493 0.415507 
 ----> volume 471 1 0.536368 0.463632 
 ----> volume 472 0 0.565447 0.434553 
 ----> volume 473 1 0.549845 0.450155 
 ----> volume 474 0 0.543941 0.456059 
 ----> volume 475 0 0.55243 0.44757 
 ----> volume 476 1 0.542226 0.457774 
 ----> volume 477 1 0.500252 0.499748 
 ----> volume 478 1 0.546701 0.453299 
 ----> volume 479 0 0.556591 0.443409 
 ----> volume 480 0 0.535971 0.464029 
 ----> volume 481 1 0.497049 0.502951 
 ----> volume 482 0 0.484835 0.515165 
 ----> volume 483 0 0.594911 0.405089 
 ----> volume 484 1 0.540835 0.459165 
 ----> volume 485 0 0.537126 0.462874 
 ----> volume 486 0 0.58566 0.41434 
 ----> volume 487 1 0.495282 0.504718 
 ----> volume 488 0 0.535819 0.464181 
 ----> volume 489 1 0.49713 0.50287 
 ----> volume 490 0 0.55549 0.44451 
 ----> volume 491 1 0.564216 0.435784 
 ----> volume 492 0 0.528531 0.471469 
 ----> volume 493 0 0.61406 0.38594 
 ----> volume 494 1 0.528997 0.471003 
 ----> volume 495 0 0.560138 0.439862 
 ----> volume 496 1 0.518321 0.481679 
 ----> volume 497 0 0.553008 0.446992 
 ----> volume 498 1 0.464561 0.535439 
 ----> volume 499 0 0.501176 0.498824 
 ----> volume 500 1 0.499159 0.500841 
 ----> volume 501 0 0.563187 0.436813 
 ----> volume 502 1 0.483822 0.516178 
 ----> volume 503 1 0.608961 0.391039 
 ----> volume 504 1 0.563267 0.436733 
 ----> volume 505 0 0.538203 0.461797 
 ----> volume 506 0 0.598783 0.401217 
 ----> volume 507 1 0.530098 0.469902 
 ----> volume 508 1 0.540195 0.459805 
 ----> volume 509 1 0.542043 0.457957 
 ----> volume 510 0 0.520172 0.479828 
 ----> volume 511 0 0.621982 0.378018 
 ----> volume 512 0 0.540525 0.459475 
 ----> volume 513 1 0.545644 0.454356 
 ----> volume 514 1 0.515951 0.484049 
 ----> volume 515 0 0.506726 0.493274 
 ----> volume 516 0 0.607278 0.392722 
 ----> volume 517 1 0.495811 0.504189 
 ----> volume 518 1 0.468666 0.531334 
 ----> volume 519 0 0.533923 0.466077 
 ----> volume 520 1 0.543501 0.456499 
 ----> volume 521 1 0.506375 0.493625 
 ----> volume 522 0 0.598232 0.401768 
 ----> volume 523 1 0.542384 0.457616 
 ----> volume 524 0 0.508293 0.491707 
 ----> volume 525 0 0.517653 0.482347 
 ----> volume 526 0 0.543091 0.456909 
 ----> volume 527 1 0.506474 0.493526 
 ----> volume 528 0 0.600591 0.399409 
 ----> volume 529 1 0.483699 0.516301 
 ----> volume 530 0 0.610559 0.389441 
 ----> volume 531 1 0.524432 0.475568 
 ----> volume 532 0 0.578608 0.421392 
 ----> volume 533 1 0.515289 0.484711 
 ----> volume 534 0 0.573731 0.426269 
 ----> volume 535 0 0.419615 0.580385 
 ----> volume 536 1 0.543717 0.456283 
 ----> volume 537 1 0.528799 0.471201 
 ----> volume 538 0 0.550753 0.449247 
 ----> volume 539 1 0.496488 0.503512 
 ----> volume 540 1 0.519216 0.480784 
 ----> volume 541 0 0.532033 0.467967 
 ----> volume 542 0 0.558557 0.441443 
 ----> volume 543 1 0.57749 0.42251 
 ----> volume 544 1 0.483983 0.516017 
 ----> volume 545 0 0.563004 0.436996 
 ----> volume 546 0 0.531149 0.468851 
 ----> volume 547 1 0.554539 0.445461 
 ----> volume 548 1 0.446184 0.553816 
 ----> volume 549 0 0.541985 0.458015 
 ----> volume 550 0 0.552893 0.447107 
 ----> volume 551 1 0.461529 0.538471 
 ----> volume 552 0 0.685177 0.314823 
 ----> volume 553 1 0.517944 0.482056 
 ----> volume 554 0 0.560906 0.439094 
 ----> volume 555 0 0.580379 0.419621 
 ----> volume 556 0 0.502566 0.497434 
 ----> volume 557 1 0.493871 0.506129 
 ----> volume 558 1 0.501038 0.498962 
 ----> volume 559 1 0.586603 0.413397 
 ----> volume 560 0 0.578596 0.421404 
 ----> volume 561 0 0.56144 0.43856 
 ----> volume 562 1 0.500035 0.499965 
 ----> volume 563 0 0.534405 0.465595 
 ----> volume 564 0 0.577885 0.422115 
 ----> volume 565 1 0.501849 0.498151 
 ----> volume 566 0 0.563642 0.436358 
 ----> volume 567 0 0.584408 0.415592 
 ----> volume 568 0 0.566981 0.433019 
 ----> volume 569 0 0.521948 0.478052 
 ----> volume 570 1 0.609274 0.390726 
 ----> volume 571 1 0.52349 0.47651 
 ----> volume 572 0 0.532132 0.467868 
 ----> volume 573 0 0.598474 0.401526 
 ----> volume 574 0 0.615906 0.384094 
 ----> volume 575 1 0.449531 0.550469 
 ----> volume 576 1 0.556069 0.443931 
 ----> volume 577 0 0.530609 0.469391 
 ----> volume 578 0 0.532434 0.467566 
 ----> volume 579 0 0.53577 0.46423 
 ----> volume 580 1 0.499404 0.500596 
 ----> volume 581 0 0.565554 0.434446 
 ----> volume 582 0 0.518133 0.481867 
 ----> volume 583 1 0.537174 0.462826 
 ----> volume 584 1 0.550114 0.449886 
 ----> volume 585 0 0.526691 0.473309 
 ----> volume 586 0 0.591876 0.408124 
 ----> volume 587 1 0.436793 0.563207 
 ----> volume 588 1 0.545763 0.454237 
 ----> volume 589 1 0.519074 0.480926 
 ----> volume 590 0 0.549419 0.450581 
 ----> volume 591 1 0.544235 0.455765 
 ----> volume 592 1 0.431111 0.568889 
 ----> volume 593 0 0.585448 0.414552 
 ----> volume 594 0 0.524482 0.475518 
 ----> volume 595 1 0.535001 0.464999 
 ----> volume 596 1 0.492045 0.507955 
 ----> volume 597 0 0.547966 0.452034 
 ----> volume 598 1 0.523145 0.476855 
 ----> volume 599 1 0.481805 0.518195 
 ----> volume 600 0 0.517588 0.482412 
 ----> volume 601 1 0.584023 0.415977 
 ----> volume 602 1 0.480543 0.519457 
 ----> volume 603 0 0.601969 0.398031 
 ----> volume 604 0 0.477549 0.522451 
 ----> volume 605 0 0.659788 0.340212 
 ----> volume 606 1 0.523735 0.476265 
 ----> volume 607 1 0.566491 0.433509 
 ----> volume 608 0 0.549694 0.450306 
 ----> volume 609 0 0.567826 0.432174 
 ----> volume 610 0 0.534504 0.465496 
 ----> volume 611 1 0.498797 0.501203 
 ----> volume 612 0 0.629853 0.370147 
 ----> volume 613 1 0.481815 0.518185 
 ----> volume 614 0 0.549728 0.450272 
 ----> volume 615 1 0.550995 0.449005 
 ----> volume 616 0 0.52735 0.47265 
 ----> volume 617 1 0.536918 0.463082 
 ----> volume 618 1 0.612657 0.387343 
 ----> volume 619 1 0.413715 0.586285 
 ----> volume 620 1 0.452973 0.547027 
 ----> volume 621 0 0.629897 0.370103 
 ----> volume 622 0 0.555171 0.444829 
 ----> volume 623 0 0.564672 0.435328 
 ----> volume 624 0 0.53762 0.46238 
 ----> volume 625 0 0.564665 0.435335 
 ----> volume 626 0 0.530729 0.469271 
 ----> volume 627 0 0.589366 0.410634 
 ----> volume 628 1 0.51997 0.48003 
 ----> volume 629 1 0.513521 0.486479 
 ----> volume 630 0 0.595187 0.404813 
 ----> volume 631 1 0.522174 0.477826 
 ----> volume 632 1 0.536444 0.463556 
 ----> volume 633 0 0.59179 0.40821 
 ----> volume 634 1 0.480787 0.519213 
 ----> volume 635 0 0.571966 0.428034 
 ----> volume 636 1 0.516092 0.483908 
 ----> volume 637 0 0.507139 0.492861 
 ----> volume 638 0 0.599938 0.400062 
 ----> volume 639 1 0.457659 0.542341 
 ----> volume 640 1 0.426626 0.573374 
 ----> volume 641 0 0.613271 0.386729 
 ----> volume 642 0 0.592291 0.407709 
 ----> volume 643 0 0.522415 0.477585 
 ----> volume 644 0 0.588384 0.411616 
 ----> volume 645 0 0.534596 0.465404 
 ----> volume 646 0 0.591841 0.408159 
 ----> volume 647 1 0.514246 0.485754 
 ----> volume 648 0 0.526132 0.473868 
 ----> volume 649 1 0.526179 0.473821 
 ----> volume 650 1 0.563674 0.436326 
 ----> volume 651 1 0.459173 0.540827 
 ----> volume 652 0 0.489526 0.510474 
 ----> volume 653 1 0.485427 0.514573 
 ----> volume 654 1 0.501399 0.498601 
 ----> volume 655 0 0.532424 0.467576 
 ----> volume 656 0 0.556624 0.443376 
 ----> volume 657 0 0.544196 0.455804 
 ----> volume 658 1 0.417748 0.582252 
 ----> volume 659 1 0.531341 0.468659 
 ----> volume 660 0 0.567668 0.432332 
 ----> volume 661 0 0.539338 0.460662 
 ----> volume 662 1 0.573957 0.426043 
 ----> volume 663 0 0.526067 0.473933 
 ----> volume 664 1 0.523157 0.476843 
 ----> volume 665 1 0.512004 0.487996 
 ----> volume 666 0 0.574996 0.425004 
 ----> volume 667 0 0.463565 0.536435 
 ----> volume 668 1 0.494414 0.505586 
 ----> volume 669 0 0.566659 0.433341 
 ----> volume 670 0 0.547765 0.452235 
 ----> volume 671 1 0.549774 0.450226 
 ----> volume 672 0 0.575509 0.424491 
 ----> volume 673 1 0.492217 0.507783 
 ----> volume 674 1 0.49921 0.50079 
 ----> volume 675 1 0.487535 0.512465 
 ----> volume 676 0 0.576615 0.423385 
 ----> volume 677 0 0.546213 0.453787 
 ----> volume 678 1 0.53546 0.46454 
 ----> volume 679 0 0.544201 0.455799 
 ----> volume 680 1 0.490119 0.509881 
 ----> volume 681 0 0.513087 0.486913 
 ----> volume 682 0 0.519969 0.480031 
 ----> volume 683 1 0.476638 0.523362 
 ----> volume 684 0 0.60027 0.39973 
 ----> volume 685 1 0.554033 0.445967 
 ----> volume 686 0 0.547291 0.452709 
 ----> volume 687 0 0.565235 0.434765 
 ----> volume 688 1 0.546428 0.453572 
 ----> volume 689 0 0.543401 0.456599 
 ----> volume 690 0 0.586635 0.413365 
 ----> volume 691 1 0.455373 0.544627 
 ----> volume 692 0 0.529846 0.470154 
 ----> volume 693 1 0.532136 0.467864 
 ----> volume 694 1 0.639989 0.360011 
 ----> volume 695 1 0.547467 0.452533 
 ----> volume 696 0 0.66678 0.33322 
 ----> volume 697 0 0.567284 0.432716 
 ----> volume 698 0 0.56618 0.43382 
 ----> volume 699 1 0.520339 0.479661 
 ----> volume 700 1 0.594127 0.405873 
 ----> volume 701 0 0.548724 0.451276 
 ----> volume 702 0 0.573141 0.426859 
 ----> volume 703 1 0.503672 0.496328 
 ----> volume 704 1 0.526951 0.473049 
 ----> volume 705 0 0.500963 0.499037 
 ----> volume 706 1 0.532184 0.467816 
 ----> volume 707 1 0.52427 0.47573 
 ----> volume 708 1 0.536261 0.463739 
 ----> volume 709 1 0.507748 0.492252 
 ----> volume 710 0 0.54273 0.45727 
 ----> volume 711 0 0.552158 0.447842 
 ----> volume 712 1 0.395742 0.604258 
 ----> volume 713 0 0.473826 0.526174 
 ----> volume 714 1 0.590938 0.409062 
 ----> volume 715 0 0.519162 0.480838 
 ----> volume 716 1 0.545961 0.454039 
 ----> volume 717 0 0.525196 0.474804 
 ----> volume 718 1 0.525585 0.474415 
