 ----> volume 1 1 0.537811 0.462189 
 ----> volume 2 0 0.576173 0.423827 
 ----> volume 3 1 0.54434 0.45566 
 ----> volume 4 0 0.594575 0.405425 
 ----> volume 5 0 0.619658 0.380342 
 ----> volume 6 1 0.529985 0.470015 
 ----> volume 7 0 0.47124 0.52876 
 ----> volume 8 0 0.608871 0.391129 
 ----> volume 9 1 0.530718 0.469282 
 ----> volume 10 1 0.51581 0.48419 
 ----> volume 11 0 0.567751 0.432249 
 ----> volume 12 0 0.588421 0.411579 
 ----> volume 13 0 0.593813 0.406187 
 ----> volume 14 1 0.519023 0.480977 
 ----> volume 15 0 0.51196 0.48804 
 ----> volume 16 1 0.626891 0.373109 
 ----> volume 17 1 0.536536 0.463464 
 ----> volume 18 0 0.526993 0.473007 
 ----> volume 19 1 0.563103 0.436897 
 ----> volume 20 0 0.575412 0.424588 
 ----> volume 21 0 0.553496 0.446504 
 ----> volume 22 1 0.491332 0.508668 
 ----> volume 23 0 0.508176 0.491824 
 ----> volume 24 0 0.528661 0.471339 
 ----> volume 25 1 0.532265 0.467735 
 ----> volume 26 0 0.558882 0.441118 
 ----> volume 27 1 0.517889 0.482111 
 ----> volume 28 1 0.509391 0.490609 
 ----> volume 29 0 0.547078 0.452922 
 ----> volume 30 0 0.632075 0.367925 
 ----> volume 31 0 0.636491 0.363509 
 ----> volume 32 0 0.506465 0.493535 
 ----> volume 33 1 0.49675 0.50325 
 ----> volume 34 0 0.514714 0.485286 
 ----> volume 35 1 0.505599 0.494401 
 ----> volume 36 0 0.578972 0.421028 
 ----> volume 37 0 0.555562 0.444438 
 ----> volume 38 1 0.558122 0.441878 
 ----> volume 39 1 0.496176 0.503824 
 ----> volume 40 1 0.505909 0.494091 
 ----> volume 41 0 0.533827 0.466173 
 ----> volume 42 0 0.573955 0.426045 
 ----> volume 43 0 0.555677 0.444323 
 ----> volume 44 0 0.5733 0.4267 
 ----> volume 45 1 0.548207 0.451793 
 ----> volume 46 1 0.523608 0.476392 
 ----> volume 47 0 0.542414 0.457586 
 ----> volume 48 0 0.539245 0.460755 
 ----> volume 49 1 0.563587 0.436413 
 ----> volume 50 1 0.50789 0.49211 
 ----> volume 51 1 0.529616 0.470384 
 ----> volume 52 0 0.598566 0.401434 
 ----> volume 53 1 0.504884 0.495116 
 ----> volume 54 1 0.527645 0.472355 
 ----> volume 55 0 0.577687 0.422313 
 ----> volume 56 0 0.536221 0.463779 
 ----> volume 57 1 0.53252 0.46748 
 ----> volume 58 0 0.557042 0.442958 
 ----> volume 59 1 0.560944 0.439056 
 ----> volume 60 1 0.533631 0.466369 
 ----> volume 61 0 0.517928 0.482072 
 ----> volume 62 1 0.545108 0.454892 
 ----> volume 63 0 0.55901 0.44099 
 ----> volume 64 1 0.532214 0.467786 
 ----> volume 65 0 0.574205 0.425795 
 ----> volume 66 1 0.502175 0.497825 
 ----> volume 67 0 0.574605 0.425395 
 ----> volume 68 0 0.548608 0.451392 
 ----> volume 69 1 0.531283 0.468717 
 ----> volume 70 1 0.543511 0.456489 
 ----> volume 71 0 0.571816 0.428184 
 ----> volume 72 0 0.548619 0.451381 
 ----> volume 73 1 0.517819 0.482181 
 ----> volume 74 1 0.51416 0.48584 
 ----> volume 75 1 0.518491 0.481509 
 ----> volume 76 0 0.54778 0.45222 
 ----> volume 77 0 0.592215 0.407785 
 ----> volume 78 1 0.550549 0.449451 
 ----> volume 79 0 0.543382 0.456618 
 ----> volume 80 1 0.532435 0.467565 
 ----> volume 81 1 0.595903 0.404097 
 ----> volume 82 1 0.536494 0.463506 
 ----> volume 83 0 0.563223 0.436777 
 ----> volume 84 1 0.463801 0.536199 
 ----> volume 85 0 0.636508 0.363492 
 ----> volume 86 0 0.487237 0.512763 
 ----> volume 87 0 0.564369 0.435631 
 ----> volume 88 0 0.594434 0.405566 
 ----> volume 89 0 0.530718 0.469282 
 ----> volume 90 1 0.462835 0.537165 
 ----> volume 91 0 0.518346 0.481654 
 ----> volume 92 1 0.544302 0.455698 
 ----> volume 93 0 0.544883 0.455117 
 ----> volume 94 1 0.451457 0.548543 
 ----> volume 95 0 0.595944 0.404056 
 ----> volume 96 1 0.525969 0.474031 
 ----> volume 97 0 0.595935 0.404065 
 ----> volume 98 0 0.518725 0.481275 
 ----> volume 99 1 0.499392 0.500608 
 ----> volume 100 0 0.610445 0.389555 
 ----> volume 101 1 0.454188 0.545812 
 ----> volume 102 1 0.561373 0.438627 
 ----> volume 103 0 0.556864 0.443136 
 ----> volume 104 0 0.628585 0.371415 
 ----> volume 105 0 0.587894 0.412106 
 ----> volume 106 0 0.51694 0.48306 
 ----> volume 107 0 0.543683 0.456317 
 ----> volume 108 1 0.520698 0.479302 
 ----> volume 109 0 0.55079 0.44921 
 ----> volume 110 0 0.54674 0.45326 
 ----> volume 111 1 0.533735 0.466265 
 ----> volume 112 0 0.535891 0.464109 
 ----> volume 113 1 0.524626 0.475374 
 ----> volume 114 0 0.585078 0.414922 
 ----> volume 115 0 0.555267 0.444733 
 ----> volume 116 1 0.442812 0.557188 
 ----> volume 117 1 0.520973 0.479027 
 ----> volume 118 1 0.540036 0.459964 
 ----> volume 119 0 0.592239 0.407761 
 ----> volume 120 0 0.493932 0.506068 
 ----> volume 121 0 0.568252 0.431748 
 ----> volume 122 0 0.643427 0.356573 
 ----> volume 123 1 0.5455 0.4545 
 ----> volume 124 1 0.477312 0.522688 
 ----> volume 125 0 0.627672 0.372328 
 ----> volume 126 1 0.4892 0.5108 
 ----> volume 127 0 0.564765 0.435235 
 ----> volume 128 1 0.501629 0.498371 
 ----> volume 129 0 0.565778 0.434222 
 ----> volume 130 0 0.559243 0.440757 
 ----> volume 131 0 0.594565 0.405435 
 ----> volume 132 1 0.490047 0.509953 
 ----> volume 133 0 0.583296 0.416704 
 ----> volume 134 1 0.537262 0.462738 
 ----> volume 135 1 0.521427 0.478573 
 ----> volume 136 0 0.506514 0.493486 
 ----> volume 137 0 0.544637 0.455363 
 ----> volume 138 0 0.597638 0.402362 
 ----> volume 139 0 0.548971 0.451029 
 ----> volume 140 0 0.570309 0.429691 
 ----> volume 141 1 0.461297 0.538703 
 ----> volume 142 0 0.628848 0.371152 
 ----> volume 143 1 0.51431 0.48569 
 ----> volume 144 0 0.587945 0.412055 
 ----> volume 145 0 0.526764 0.473236 
 ----> volume 146 1 0.529243 0.470757 
 ----> volume 147 0 0.50908 0.49092 
 ----> volume 148 1 0.488419 0.511581 
 ----> volume 149 1 0.471115 0.528885 
 ----> volume 150 0 0.538828 0.461172 
 ----> volume 151 0 0.512012 0.487988 
 ----> volume 152 0 0.593884 0.406116 
 ----> volume 153 0 0.525357 0.474643 
 ----> volume 154 1 0.522995 0.477005 
 ----> volume 155 0 0.547427 0.452573 
 ----> volume 156 1 0.507876 0.492124 
 ----> volume 157 1 0.558856 0.441144 
 ----> volume 158 0 0.582663 0.417337 
 ----> volume 159 0 0.485722 0.514278 
 ----> volume 160 0 0.61407 0.38593 
 ----> volume 161 0 0.5799 0.4201 
 ----> volume 162 0 0.577192 0.422808 
 ----> volume 163 1 0.556051 0.443949 
 ----> volume 164 0 0.563863 0.436137 
 ----> volume 165 1 0.5541 0.4459 
 ----> volume 166 0 0.590949 0.409051 
 ----> volume 167 1 0.451119 0.548881 
 ----> volume 168 0 0.558072 0.441928 
 ----> volume 169 1 0.460165 0.539835 
 ----> volume 170 1 0.56281 0.43719 
 ----> volume 171 1 0.513349 0.486651 
 ----> volume 172 0 0.578117 0.421883 
 ----> volume 173 1 0.475165 0.524835 
 ----> volume 174 0 0.594439 0.405561 
 ----> volume 175 1 0.493006 0.506994 
 ----> volume 176 0 0.615936 0.384064 
 ----> volume 177 0 0.463466 0.536534 
 ----> volume 178 0 0.624656 0.375344 
 ----> volume 179 1 0.527377 0.472623 
 ----> volume 180 1 0.485284 0.514716 
 ----> volume 181 1 0.51296 0.48704 
 ----> volume 182 1 0.50169 0.49831 
 ----> volume 183 0 0.588688 0.411312 
 ----> volume 184 1 0.474076 0.525924 
 ----> volume 185 0 0.595054 0.404946 
 ----> volume 186 0 0.544882 0.455118 
 ----> volume 187 0 0.45769 0.54231 
 ----> volume 188 0 0.610176 0.389824 
 ----> volume 189 1 0.467192 0.532808 
 ----> volume 190 0 0.662848 0.337152 
 ----> volume 191 0 0.572954 0.427046 
 ----> volume 192 1 0.546934 0.453066 
 ----> volume 193 0 0.517702 0.482298 
 ----> volume 194 0 0.63578 0.36422 
 ----> volume 195 1 0.504437 0.495563 
 ----> volume 196 1 0.509861 0.490139 
 ----> volume 197 0 0.570634 0.429366 
 ----> volume 198 1 0.437773 0.562227 
 ----> volume 199 0 0.54682 0.45318 
 ----> volume 200 0 0.633046 0.366954 
 ----> volume 201 1 0.498739 0.501261 
 ----> volume 202 1 0.490845 0.509155 
 ----> volume 203 0 0.577103 0.422897 
 ----> volume 204 1 0.490521 0.509479 
 ----> volume 205 0 0.54884 0.45116 
 ----> volume 206 1 0.575856 0.424144 
 ----> volume 207 1 0.515784 0.484216 
 ----> volume 208 0 0.565442 0.434558 
 ----> volume 209 0 0.521911 0.478089 
 ----> volume 210 1 0.512241 0.487759 
 ----> volume 211 0 0.559041 0.440959 
 ----> volume 212 1 0.543761 0.456239 
 ----> volume 213 0 0.496213 0.503787 
 ----> volume 214 0 0.645502 0.354498 
 ----> volume 215 1 0.496562 0.503438 
 ----> volume 216 0 0.585912 0.414088 
 ----> volume 217 1 0.546124 0.453876 
 ----> volume 218 1 0.507246 0.492754 
 ----> volume 219 0 0.594815 0.405185 
 ----> volume 220 1 0.456746 0.543254 
 ----> volume 221 1 0.542582 0.457418 
 ----> volume 222 1 0.514397 0.485603 
 ----> volume 223 0 0.517769 0.482231 
 ----> volume 224 0 0.642862 0.357138 
 ----> volume 225 1 0.476221 0.523779 
 ----> volume 226 0 0.523233 0.476767 
 ----> volume 227 0 0.571532 0.428468 
 ----> volume 228 0 0.58391 0.41609 
 ----> volume 229 0 0.584779 0.415221 
 ----> volume 230 1 0.528994 0.471006 
 ----> volume 231 1 0.457328 0.542672 
 ----> volume 232 0 0.587928 0.412072 
 ----> volume 233 0 0.55656 0.44344 
 ----> volume 234 1 0.51761 0.48239 
 ----> volume 235 1 0.620086 0.379914 
 ----> volume 236 1 0.529936 0.470064 
 ----> volume 237 0 0.52558 0.47442 
 ----> volume 238 1 0.517373 0.482627 
 ----> volume 239 0 0.546703 0.453297 
 ----> volume 240 1 0.49809 0.50191 
 ----> volume 241 0 0.564193 0.435807 
 ----> volume 242 1 0.479868 0.520132 
 ----> volume 243 0 0.507772 0.492228 
 ----> volume 244 1 0.487372 0.512628 
 ----> volume 245 0 0.633047 0.366953 
 ----> volume 246 1 0.496286 0.503714 
 ----> volume 247 0 0.632622 0.367378 
 ----> volume 248 0 0.571724 0.428276 
 ----> volume 249 1 0.437771 0.562229 
 ----> volume 250 1 0.54893 0.45107 
 ----> volume 251 1 0.520634 0.479366 
 ----> volume 252 0 0.591344 0.408656 
 ----> volume 253 1 0.454885 0.545115 
 ----> volume 254 0 0.581695 0.418305 
 ----> volume 255 0 0.613137 0.386863 
 ----> volume 256 0 0.664003 0.335997 
 ----> volume 257 1 0.484729 0.515271 
 ----> volume 258 0 0.602557 0.397443 
 ----> volume 259 0 0.537032 0.462968 
 ----> volume 260 1 0.440126 0.559874 
 ----> volume 261 1 0.513646 0.486354 
 ----> volume 262 1 0.530198 0.469802 
 ----> volume 263 0 0.625893 0.374107 
 ----> volume 264 1 0.586845 0.413155 
 ----> volume 265 1 0.542275 0.457725 
 ----> volume 266 0 0.545441 0.454559 
 ----> volume 267 1 0.433335 0.566665 
 ----> volume 268 0 0.578156 0.421844 
 ----> volume 269 0 0.567764 0.432236 
 ----> volume 270 0 0.528255 0.471745 
 ----> volume 271 1 0.529236 0.470764 
 ----> volume 272 0 0.671312 0.328688 
 ----> volume 273 1 0.550584 0.449416 
 ----> volume 274 0 0.512056 0.487944 
 ----> volume 275 1 0.559153 0.440847 
 ----> volume 276 0 0.487129 0.512871 
 ----> volume 277 0 0.595017 0.404983 
 ----> volume 278 0 0.563882 0.436118 
 ----> volume 279 1 0.485414 0.514586 
 ----> volume 280 0 0.480352 0.519648 
 ----> volume 281 0 0.592205 0.407795 
 ----> volume 282 1 0.503403 0.496597 
 ----> volume 283 0 0.59305 0.40695 
 ----> volume 284 0 0.538087 0.461913 
 ----> volume 285 0 0.562162 0.437838 
 ----> volume 286 1 0.53395 0.46605 
 ----> volume 287 1 0.556113 0.443887 
 ----> volume 288 1 0.495406 0.504594 
 ----> volume 289 0 0.559545 0.440455 
 ----> volume 290 0 0.584006 0.415994 
 ----> volume 291 1 0.483768 0.516232 
 ----> volume 292 0 0.608532 0.391468 
 ----> volume 293 1 0.404103 0.595897 
 ----> volume 294 1 0.516079 0.483921 
 ----> volume 295 0 0.609217 0.390783 
 ----> volume 296 1 0.509054 0.490946 
 ----> volume 297 0 0.561218 0.438782 
 ----> volume 298 1 0.539127 0.460873 
 ----> volume 299 0 0.555338 0.444662 
 ----> volume 300 0 0.569537 0.430463 
 ----> volume 301 0 0.53442 0.46558 
 ----> volume 302 1 0.484748 0.515252 
 ----> volume 303 1 0.477006 0.522994 
 ----> volume 304 0 0.595349 0.404651 
 ----> volume 305 1 0.495104 0.504896 
 ----> volume 306 0 0.573773 0.426227 
 ----> volume 307 0 0.557035 0.442965 
 ----> volume 308 1 0.443213 0.556787 
 ----> volume 309 0 0.595772 0.404228 
 ----> volume 310 1 0.484979 0.515021 
 ----> volume 311 0 0.57983 0.42017 
 ----> volume 312 1 0.510218 0.489782 
 ----> volume 313 0 0.590621 0.409379 
 ----> volume 314 0 0.52269 0.47731 
 ----> volume 315 0 0.550839 0.449161 
 ----> volume 316 1 0.532771 0.467229 
 ----> volume 317 1 0.440366 0.559634 
 ----> volume 318 0 0.592775 0.407225 
 ----> volume 319 1 0.520441 0.479559 
 ----> volume 320 1 0.532576 0.467424 
 ----> volume 321 1 0.541559 0.458441 
 ----> volume 322 0 0.478859 0.521141 
 ----> volume 323 0 0.609213 0.390787 
 ----> volume 324 1 0.528966 0.471034 
 ----> volume 325 0 0.613032 0.386968 
 ----> volume 326 0 0.546246 0.453754 
 ----> volume 327 1 0.422814 0.577186 
 ----> volume 328 0 0.519795 0.480205 
 ----> volume 329 0 0.542897 0.457103 
 ----> volume 330 1 0.547649 0.452351 
 ----> volume 331 0 0.514553 0.485447 
 ----> volume 332 0 0.551668 0.448332 
 ----> volume 333 1 0.5355 0.4645 
 ----> volume 334 1 0.487034 0.512966 
 ----> volume 335 0 0.518381 0.481619 
 ----> volume 336 1 0.553353 0.446647 
 ----> volume 337 0 0.611699 0.388301 
 ----> volume 338 1 0.475223 0.524777 
 ----> volume 339 0 0.629011 0.370989 
 ----> volume 340 1 0.427913 0.572087 
 ----> volume 341 0 0.567408 0.432592 
 ----> volume 342 1 0.521455 0.478545 
 ----> volume 343 0 0.571278 0.428722 
 ----> volume 344 0 0.496633 0.503367 
 ----> volume 345 0 0.645141 0.354859 
 ----> volume 346 1 0.539879 0.460121 
 ----> volume 347 0 0.549102 0.450898 
 ----> volume 348 0 0.614475 0.385525 
 ----> volume 349 1 0.518116 0.481884 
 ----> volume 350 1 0.523284 0.476716 
 ----> volume 351 0 0.546895 0.453105 
 ----> volume 352 0 0.605553 0.394447 
 ----> volume 353 1 0.465684 0.534316 
 ----> volume 354 0 0.57248 0.42752 
 ----> volume 355 1 0.487297 0.512703 
 ----> volume 356 1 0.481479 0.518521 
 ----> volume 357 1 0.486113 0.513887 
 ----> volume 358 0 0.529712 0.470288 
 ----> volume 359 0 0.570067 0.429933 
 ----> volume 360 1 0.470235 0.529765 
 ----> volume 361 1 0.442458 0.557542 
 ----> volume 362 0 0.638954 0.361046 
 ----> volume 363 0 0.569421 0.430579 
 ----> volume 364 0 0.535612 0.464388 
 ----> volume 365 0 0.555877 0.444123 
 ----> volume 366 1 0.455114 0.544886 
 ----> volume 367 0 0.562303 0.437697 
 ----> volume 368 0 0.634211 0.365789 
 ----> volume 369 0 0.559395 0.440605 
 ----> volume 370 1 0.571411 0.428589 
 ----> volume 371 0 0.578784 0.421216 
 ----> volume 372 1 0.516867 0.483133 
 ----> volume 373 0 0.562982 0.437018 
 ----> volume 374 0 0.574799 0.425201 
 ----> volume 375 1 0.479026 0.520974 
 ----> volume 376 0 0.58281 0.41719 
 ----> volume 377 1 0.562486 0.437514 
 ----> volume 378 1 0.50521 0.49479 
 ----> volume 379 0 0.611396 0.388604 
 ----> volume 380 0 0.588038 0.411962 
 ----> volume 381 1 0.491639 0.508361 
 ----> volume 382 1 0.54069 0.45931 
 ----> volume 383 1 0.474663 0.525337 
 ----> volume 384 0 0.526799 0.473201 
 ----> volume 385 1 0.519144 0.480856 
 ----> volume 386 0 0.536385 0.463615 
 ----> volume 387 1 0.513175 0.486825 
 ----> volume 388 1 0.51027 0.48973 
 ----> volume 389 0 0.520708 0.479292 
 ----> volume 390 0 0.567241 0.432759 
 ----> volume 391 0 0.56745 0.43255 
 ----> volume 392 1 0.438613 0.561387 
 ----> volume 393 1 0.453743 0.546257 
 ----> volume 394 1 0.476086 0.523914 
 ----> volume 395 0 0.545174 0.454826 
 ----> volume 396 0 0.591399 0.408601 
 ----> volume 397 0 0.560979 0.439021 
 ----> volume 398 1 0.499067 0.500933 
 ----> volume 399 1 0.548923 0.451077 
 ----> volume 400 1 0.51343 0.48657 
 ----> volume 401 0 0.559498 0.440502 
 ----> volume 402 0 0.532367 0.467633 
 ----> volume 403 0 0.555959 0.444041 
 ----> volume 404 1 0.529821 0.470179 
 ----> volume 405 1 0.503015 0.496985 
 ----> volume 406 1 0.443355 0.556645 
 ----> volume 407 1 0.536302 0.463698 
 ----> volume 408 0 0.558401 0.441599 
 ----> volume 409 0 0.626876 0.373124 
 ----> volume 410 0 0.544898 0.455102 
 ----> volume 411 0 0.552522 0.447478 
 ----> volume 412 1 0.504026 0.495974 
 ----> volume 413 1 0.513336 0.486664 
 ----> volume 414 0 0.569899 0.430101 
 ----> volume 415 1 0.509659 0.490341 
 ----> volume 416 0 0.552543 0.447457 
 ----> volume 417 0 0.639193 0.360807 
 ----> volume 418 1 0.489706 0.510294 
 ----> volume 419 1 0.482576 0.517424 
 ----> volume 420 1 0.524608 0.475392 
 ----> volume 421 0 0.571266 0.428734 
 ----> volume 422 0 0.560703 0.439297 
 ----> volume 423 1 0.55142 0.44858 
 ----> volume 424 0 0.559383 0.440617 
 ----> volume 425 0 0.508517 0.491483 
 ----> volume 426 1 0.49742 0.50258 
 ----> volume 427 0 0.574779 0.425221 
 ----> volume 428 0 0.610101 0.389899 
 ----> volume 429 0 0.559434 0.440566 
 ----> volume 430 0 0.569185 0.430815 
 ----> volume 431 1 0.557063 0.442937 
 ----> volume 432 1 0.480006 0.519994 
 ----> volume 433 1 0.513127 0.486873 
 ----> volume 434 0 0.506716 0.493284 
 ----> volume 435 1 0.52172 0.47828 
 ----> volume 436 0 0.633207 0.366793 
 ----> volume 437 0 0.517115 0.482885 
 ----> volume 438 0 0.551482 0.448518 
 ----> volume 439 0 0.637784 0.362216 
 ----> volume 440 1 0.499983 0.500017 
 ----> volume 441 0 0.562225 0.437775 
 ----> volume 442 1 0.529156 0.470844 
 ----> volume 443 1 0.543759 0.456241 
 ----> volume 444 0 0.485147 0.514853 
 ----> volume 445 1 0.546062 0.453938 
 ----> volume 446 0 0.615069 0.384931 
 ----> volume 447 0 0.57541 0.42459 
 ----> volume 448 1 0.504762 0.495238 
 ----> volume 449 1 0.457391 0.542609 
 ----> volume 450 0 0.615657 0.384343 
 ----> volume 451 0 0.472058 0.527942 
 ----> volume 452 1 0.458102 0.541898 
 ----> volume 453 0 0.491982 0.508018 
 ----> volume 454 1 0.473296 0.526704 
 ----> volume 455 0 0.610131 0.389869 
 ----> volume 456 0 0.591301 0.408699 
 ----> volume 457 0 0.498474 0.501526 
 ----> volume 458 1 0.493011 0.506989 
 ----> volume 459 0 0.575898 0.424102 
 ----> volume 460 1 0.534088 0.465912 
 ----> volume 461 1 0.537075 0.462925 
 ----> volume 462 0 0.538912 0.461088 
 ----> volume 463 1 0.520138 0.479862 
 ----> volume 464 0 0.549586 0.450414 
 ----> volume 465 1 0.54422 0.45578 
 ----> volume 466 0 0.522752 0.477248 
 ----> volume 467 1 0.505514 0.494486 
 ----> volume 468 0 0.551462 0.448538 
 ----> volume 469 1 0.55234 0.44766 
 ----> volume 470 0 0.551529 0.448471 
 ----> volume 471 1 0.497373 0.502627 
 ----> volume 472 0 0.540016 0.459984 
 ----> volume 473 1 0.491119 0.508881 
 ----> volume 474 0 0.574346 0.425654 
 ----> volume 475 0 0.559822 0.440178 
 ----> volume 476 1 0.529212 0.470788 
 ----> volume 477 1 0.573968 0.426032 
 ----> volume 478 1 0.505523 0.494477 
 ----> volume 479 0 0.588205 0.411795 
 ----> volume 480 0 0.565171 0.434829 
 ----> volume 481 1 0.523113 0.476887 
 ----> volume 482 0 0.550681 0.449319 
 ----> volume 483 0 0.651901 0.348099 
 ----> volume 484 1 0.448066 0.551934 
 ----> volume 485 0 0.536607 0.463393 
 ----> volume 486 0 0.584506 0.415494 
 ----> volume 487 1 0.49028 0.50972 
 ----> volume 488 0 0.652437 0.347563 
 ----> volume 489 1 0.500154 0.499846 
 ----> volume 490 0 0.611354 0.388646 
 ----> volume 491 1 0.542996 0.457004 
 ----> volume 492 0 0.594664 0.405336 
 ----> volume 493 0 0.541739 0.458261 
 ----> volume 494 1 0.529784 0.470216 
 ----> volume 495 0 0.554655 0.445345 
 ----> volume 496 1 0.497936 0.502064 
 ----> volume 497 0 0.560093 0.439907 
 ----> volume 498 1 0.486359 0.513641 
 ----> volume 499 0 0.605864 0.394136 
 ----> volume 500 1 0.495723 0.504277 
 ----> volume 501 0 0.49751 0.50249 
 ----> volume 502 1 0.51922 0.48078 
 ----> volume 503 1 0.460696 0.539304 
 ----> volume 504 1 0.557636 0.442364 
 ----> volume 505 0 0.580294 0.419706 
 ----> volume 506 0 0.582103 0.417897 
 ----> volume 507 1 0.467868 0.532132 
 ----> volume 508 1 0.494509 0.505491 
 ----> volume 509 1 0.500711 0.499289 
 ----> volume 510 0 0.602528 0.397472 
 ----> volume 511 0 0.579443 0.420557 
 ----> volume 512 0 0.555038 0.444962 
 ----> volume 513 1 0.509052 0.490948 
 ----> volume 514 1 0.581685 0.418315 
 ----> volume 515 0 0.549766 0.450234 
 ----> volume 516 0 0.535222 0.464778 
 ----> volume 517 1 0.531702 0.468298 
 ----> volume 518 1 0.440053 0.559947 
 ----> volume 519 0 0.568102 0.431898 
 ----> volume 520 1 0.492722 0.507278 
 ----> volume 521 1 0.459787 0.540213 
 ----> volume 522 0 0.606714 0.393286 
 ----> volume 523 1 0.444464 0.555536 
 ----> volume 524 0 0.6907 0.3093 
 ----> volume 525 0 0.52464 0.47536 
 ----> volume 526 0 0.511412 0.488588 
 ----> volume 527 1 0.54568 0.45432 
 ----> volume 528 0 0.552185 0.447815 
 ----> volume 529 1 0.567886 0.432114 
 ----> volume 530 0 0.549421 0.450579 
 ----> volume 531 1 0.472745 0.527255 
 ----> volume 532 0 0.612781 0.387219 
 ----> volume 533 1 0.538047 0.461953 
 ----> volume 534 0 0.529882 0.470118 
 ----> volume 535 0 0.568391 0.431609 
 ----> volume 536 1 0.554043 0.445957 
 ----> volume 537 1 0.473354 0.526646 
 ----> volume 538 0 0.581632 0.418368 
 ----> volume 539 1 0.449851 0.550149 
 ----> volume 540 1 0.542262 0.457738 
 ----> volume 541 0 0.515772 0.484228 
 ----> volume 542 0 0.570996 0.429004 
 ----> volume 543 1 0.547558 0.452442 
 ----> volume 544 1 0.534192 0.465808 
 ----> volume 545 0 0.574362 0.425638 
 ----> volume 546 0 0.509828 0.490172 
 ----> volume 547 1 0.549688 0.450312 
 ----> volume 548 1 0.459702 0.540298 
 ----> volume 549 0 0.603869 0.396131 
 ----> volume 550 0 0.588972 0.411028 
 ----> volume 551 1 0.521786 0.478214 
 ----> volume 552 0 0.551227 0.448773 
 ----> volume 553 1 0.501582 0.498418 
 ----> volume 554 0 0.55283 0.44717 
 ----> volume 555 0 0.609065 0.390935 
 ----> volume 556 0 0.621789 0.378211 
 ----> volume 557 1 0.365869 0.634131 
 ----> volume 558 1 0.540874 0.459126 
 ----> volume 559 1 0.503954 0.496046 
 ----> volume 560 0 0.573266 0.426734 
 ----> volume 561 0 0.59233 0.40767 
 ----> volume 562 1 0.487885 0.512115 
 ----> volume 563 0 0.605068 0.394932 
 ----> volume 564 0 0.519978 0.480022 
 ----> volume 565 1 0.456749 0.543251 
 ----> volume 566 0 0.547779 0.452221 
 ----> volume 567 0 0.561309 0.438691 
 ----> volume 568 0 0.530385 0.469615 
 ----> volume 569 0 0.551075 0.448925 
 ----> volume 570 1 0.472883 0.527117 
 ----> volume 571 1 0.452171 0.547829 
 ----> volume 572 0 0.530014 0.469986 
 ----> volume 573 0 0.566482 0.433518 
 ----> volume 574 0 0.587059 0.412941 
 ----> volume 575 1 0.534311 0.465689 
 ----> volume 576 1 0.537046 0.462954 
 ----> volume 577 0 0.525087 0.474913 
 ----> volume 578 0 0.538537 0.461463 
 ----> volume 579 0 0.509854 0.490146 
 ----> volume 580 1 0.515823 0.484177 
 ----> volume 581 0 0.517358 0.482642 
 ----> volume 582 0 0.66072 0.33928 
 ----> volume 583 1 0.457293 0.542707 
 ----> volume 584 1 0.571397 0.428603 
 ----> volume 585 0 0.52827 0.47173 
 ----> volume 586 0 0.562747 0.437253 
 ----> volume 587 1 0.504251 0.495749 
 ----> volume 588 1 0.536779 0.463221 
 ----> volume 589 1 0.473795 0.526205 
 ----> volume 590 0 0.557494 0.442506 
 ----> volume 591 1 0.505939 0.494061 
 ----> volume 592 1 0.564772 0.435228 
 ----> volume 593 0 0.614561 0.385439 
 ----> volume 594 0 0.493139 0.506861 
 ----> volume 595 1 0.524483 0.475517 
 ----> volume 596 1 0.557746 0.442254 
 ----> volume 597 0 0.549421 0.450579 
 ----> volume 598 1 0.53935 0.46065 
 ----> volume 599 1 0.501809 0.498191 
 ----> volume 600 0 0.503546 0.496454 
 ----> volume 601 1 0.506497 0.493503 
 ----> volume 602 1 0.493772 0.506228 
 ----> volume 603 0 0.56575 0.43425 
 ----> volume 604 0 0.549494 0.450506 
 ----> volume 605 0 0.583349 0.416651 
 ----> volume 606 1 0.51366 0.48634 
 ----> volume 607 1 0.515839 0.484161 
 ----> volume 608 0 0.496809 0.503191 
 ----> volume 609 0 0.515834 0.484166 
 ----> volume 610 0 0.614892 0.385108 
 ----> volume 611 1 0.517948 0.482052 
 ----> volume 612 0 0.541514 0.458486 
 ----> volume 613 1 0.505213 0.494787 
 ----> volume 614 0 0.581482 0.418518 
 ----> volume 615 1 0.488692 0.511308 
 ----> volume 616 0 0.558746 0.441254 
 ----> volume 617 1 0.496871 0.503129 
 ----> volume 618 1 0.497136 0.502864 
 ----> volume 619 1 0.465091 0.534909 
 ----> volume 620 1 0.508645 0.491355 
 ----> volume 621 0 0.497578 0.502422 
 ----> volume 622 0 0.626827 0.373173 
 ----> volume 623 0 0.542809 0.457191 
 ----> volume 624 0 0.596694 0.403306 
 ----> volume 625 0 0.608786 0.391214 
 ----> volume 626 0 0.526691 0.473309 
 ----> volume 627 0 0.514052 0.485948 
 ----> volume 628 1 0.483329 0.516671 
 ----> volume 629 1 0.508815 0.491185 
 ----> volume 630 0 0.607483 0.392517 
 ----> volume 631 1 0.460527 0.539473 
 ----> volume 632 1 0.532879 0.467121 
 ----> volume 633 0 0.550685 0.449315 
 ----> volume 634 1 0.518878 0.481122 
 ----> volume 635 0 0.595957 0.404043 
 ----> volume 636 1 0.481962 0.518038 
 ----> volume 637 0 0.604842 0.395158 
 ----> volume 638 0 0.515418 0.484582 
 ----> volume 639 1 0.598266 0.401734 
 ----> volume 640 1 0.539574 0.460426 
 ----> volume 641 0 0.541258 0.458742 
 ----> volume 642 0 0.537219 0.462781 
 ----> volume 643 0 0.576641 0.423359 
 ----> volume 644 0 0.551618 0.448382 
 ----> volume 645 0 0.518751 0.481249 
 ----> volume 646 0 0.594379 0.405621 
 ----> volume 647 1 0.550472 0.449528 
 ----> volume 648 0 0.547746 0.452254 
 ----> volume 649 1 0.524467 0.475533 
 ----> volume 650 1 0.460596 0.539404 
 ----> volume 651 1 0.513635 0.486365 
 ----> volume 652 0 0.551734 0.448266 
 ----> volume 653 1 0.540951 0.459049 
 ----> volume 654 1 0.483251 0.516749 
 ----> volume 655 0 0.600482 0.399518 
 ----> volume 656 0 0.542785 0.457215 
 ----> volume 657 0 0.59171 0.40829 
 ----> volume 658 1 0.505646 0.494354 
 ----> volume 659 1 0.515279 0.484721 
 ----> volume 660 0 0.517912 0.482088 
 ----> volume 661 0 0.571445 0.428555 
 ----> volume 662 1 0.525458 0.474542 
 ----> volume 663 0 0.55339 0.44661 
 ----> volume 664 1 0.538011 0.461989 
 ----> volume 665 1 0.519526 0.480474 
 ----> volume 666 0 0.524641 0.475359 
 ----> volume 667 0 0.627845 0.372155 
 ----> volume 668 1 0.519631 0.480369 
 ----> volume 669 0 0.53461 0.46539 
 ----> volume 670 0 0.580354 0.419646 
 ----> volume 671 1 0.481728 0.518272 
 ----> volume 672 0 0.554848 0.445152 
 ----> volume 673 1 0.515708 0.484292 
 ----> volume 674 1 0.388548 0.611452 
 ----> volume 675 1 0.583461 0.416539 
 ----> volume 676 0 0.495146 0.504854 
 ----> volume 677 0 0.569028 0.430972 
 ----> volume 678 1 0.528883 0.471117 
 ----> volume 679 0 0.552024 0.447976 
 ----> volume 680 1 0.576833 0.423167 
 ----> volume 681 0 0.600238 0.399762 
 ----> volume 682 0 0.633456 0.366544 
 ----> volume 683 1 0.46967 0.53033 
 ----> volume 684 0 0.555437 0.444563 
 ----> volume 685 1 0.529167 0.470833 
 ----> volume 686 0 0.490266 0.509734 
 ----> volume 687 0 0.547437 0.452563 
 ----> volume 688 1 0.485663 0.514337 
 ----> volume 689 0 0.580839 0.419161 
 ----> volume 690 0 0.481997 0.518003 
 ----> volume 691 1 0.477595 0.522405 
 ----> volume 692 0 0.598333 0.401667 
 ----> volume 693 1 0.520027 0.479973 
 ----> volume 694 1 0.485584 0.514416 
 ----> volume 695 1 0.521149 0.478851 
 ----> volume 696 0 0.592751 0.407249 
 ----> volume 697 0 0.524188 0.475812 
 ----> volume 698 0 0.54392 0.45608 
 ----> volume 699 1 0.596946 0.403054 
 ----> volume 700 1 0.48787 0.51213 
 ----> volume 701 0 0.575026 0.424974 
 ----> volume 702 0 0.525026 0.474974 
 ----> volume 703 1 0.502852 0.497148 
 ----> volume 704 1 0.54422 0.45578 
 ----> volume 705 0 0.554425 0.445575 
 ----> volume 706 1 0.490858 0.509142 
 ----> volume 707 1 0.514585 0.485415 
 ----> volume 708 1 0.488835 0.511165 
 ----> volume 709 1 0.55676 0.44324 
 ----> volume 710 0 0.600343 0.399657 
 ----> volume 711 0 0.604265 0.395735 
 ----> volume 712 1 0.464612 0.535388 
 ----> volume 713 0 0.578859 0.421141 
 ----> volume 714 1 0.518055 0.481945 
 ----> volume 715 0 0.590056 0.409944 
 ----> volume 716 1 0.585895 0.414105 
 ----> volume 717 0 0.436826 0.563174 
 ----> volume 718 1 0.588038 0.411962 
