 ----> amount 1 1 0.507907 0.492093 
 ----> amount 2 0 0.637427 0.362573 
 ----> amount 3 1 0.535974 0.464026 
 ----> amount 4 0 0.598206 0.401794 
 ----> amount 5 0 0.527747 0.472253 
 ----> amount 6 1 0.432321 0.567679 
 ----> amount 7 0 0.553856 0.446144 
 ----> amount 8 0 0.434372 0.565628 
 ----> amount 9 1 0.414663 0.585337 
 ----> amount 10 1 0.560837 0.439163 
 ----> amount 11 0 0.590703 0.409297 
 ----> amount 12 0 0.553436 0.446564 
 ----> amount 13 0 0.449617 0.550383 
 ----> amount 14 1 0.451991 0.548009 
 ----> amount 15 0 0.546557 0.453443 
 ----> amount 16 1 0.458133 0.541867 
 ----> amount 17 1 0.50168 0.49832 
 ----> amount 18 0 0.559867 0.440133 
 ----> amount 19 1 0.518075 0.481925 
 ----> amount 20 0 0.553502 0.446498 
 ----> amount 21 0 0.496149 0.503851 
 ----> amount 22 1 0.472518 0.527482 
 ----> amount 23 0 0.538626 0.461374 
 ----> amount 24 0 0.502589 0.497411 
 ----> amount 25 1 0.463223 0.536777 
 ----> amount 26 0 0.541286 0.458714 
 ----> amount 27 1 0.505687 0.494313 
 ----> amount 28 1 0.531997 0.468003 
 ----> amount 29 0 0.566354 0.433646 
 ----> amount 30 0 0.543712 0.456288 
 ----> amount 31 0 0.501371 0.498629 
 ----> amount 32 0 0.495105 0.504895 
 ----> amount 33 1 0.495437 0.504563 
 ----> amount 34 0 0.551608 0.448392 
 ----> amount 35 1 0.476142 0.523858 
 ----> amount 36 0 0.514989 0.485011 
 ----> amount 37 0 0.518676 0.481324 
 ----> amount 38 1 0.522159 0.477841 
 ----> amount 39 1 0.513585 0.486415 
 ----> amount 40 1 0.564305 0.435695 
 ----> amount 41 0 0.587106 0.412894 
 ----> amount 42 0 0.551618 0.448382 
 ----> amount 43 0 0.535048 0.464952 
 ----> amount 44 0 0.490082 0.509918 
 ----> amount 45 1 0.493916 0.506084 
 ----> amount 46 1 0.495044 0.504956 
 ----> amount 47 0 0.589462 0.410538 
 ----> amount 48 0 0.532142 0.467858 
 ----> amount 49 1 0.486481 0.513519 
 ----> amount 50 1 0.51487 0.48513 
 ----> amount 51 1 0.536046 0.463954 
 ----> amount 52 0 0.590584 0.409416 
 ----> amount 53 1 0.558641 0.441359 
 ----> amount 54 1 0.561658 0.438342 
 ----> amount 55 0 0.589495 0.410505 
 ----> amount 56 0 0.57264 0.42736 
 ----> amount 57 1 0.506983 0.493017 
 ----> amount 58 0 0.55408 0.44592 
 ----> amount 59 1 0.513304 0.486696 
 ----> amount 60 1 0.534758 0.465242 
 ----> amount 61 0 0.569202 0.430798 
 ----> amount 62 1 0.543583 0.456417 
 ----> amount 63 0 0.582364 0.417636 
 ----> amount 64 1 0.521284 0.478716 
 ----> amount 65 0 0.542786 0.457214 
 ----> amount 66 1 0.537247 0.462753 
 ----> amount 67 0 0.566401 0.433599 
 ----> amount 68 0 0.533511 0.466489 
 ----> amount 69 1 0.505084 0.494916 
 ----> amount 70 1 0.541088 0.458912 
 ----> amount 71 0 0.51369 0.48631 
 ----> amount 72 0 0.551561 0.448439 
 ----> amount 73 1 0.490643 0.509357 
 ----> amount 74 1 0.530208 0.469792 
 ----> amount 75 0 0.526243 0.473757 
 ----> amount 76 1 0.554693 0.445307 
 ----> amount 77 0 0.558768 0.441232 
 ----> amount 78 1 0.516439 0.483561 
 ----> amount 79 0 0.56388 0.43612 
 ----> amount 80 1 0.510044 0.489956 
 ----> amount 81 1 0.517586 0.482414 
 ----> amount 82 1 0.525438 0.474562 
 ----> amount 83 0 0.591133 0.408867 
 ----> amount 84 1 0.549856 0.450144 
 ----> amount 85 0 0.54311 0.45689 
 ----> amount 86 0 0.533449 0.466551 
 ----> amount 87 0 0.521795 0.478205 
 ----> amount 88 0 0.518878 0.481122 
 ----> amount 89 1 0.500971 0.499029 
 ----> amount 90 1 0.502808 0.497192 
 ----> amount 91 0 0.516787 0.483213 
 ----> amount 92 1 0.509297 0.490703 
 ----> amount 93 0 0.54144 0.45856 
 ----> amount 94 1 0.497827 0.502173 
 ----> amount 95 0 0.559022 0.440978 
 ----> amount 96 0 0.489703 0.510297 
 ----> amount 97 0 0.545228 0.454772 
 ----> amount 98 0 0.505733 0.494267 
 ----> amount 99 1 0.495971 0.504029 
 ----> amount 100 0 0.531556 0.468444 
 ----> amount 101 1 0.480918 0.519082 
 ----> amount 102 1 0.477984 0.522016 
 ----> amount 103 0 0.573078 0.426922 
 ----> amount 104 0 0.552327 0.447673 
 ----> amount 105 0 0.5345 0.4655 
 ----> amount 106 0 0.526027 0.473973 
 ----> amount 107 0 0.481387 0.518613 
 ----> amount 108 1 0.529566 0.470434 
 ----> amount 109 0 0.535788 0.464212 
 ----> amount 110 0 0.498801 0.501199 
 ----> amount 111 1 0.494558 0.505442 
 ----> amount 112 0 0.548722 0.451278 
 ----> amount 113 1 0.509813 0.490187 
 ----> amount 114 1 0.545093 0.454907 
 ----> amount 115 0 0.488743 0.511257 
 ----> amount 116 1 0.494013 0.505987 
 ----> amount 117 1 0.560145 0.439855 
 ----> amount 118 1 0.489909 0.510091 
 ----> amount 119 1 0.572535 0.427465 
 ----> amount 120 0 0.574483 0.425517 
 ----> amount 121 0 0.55011 0.44989 
 ----> amount 122 0 0.516716 0.483284 
 ----> amount 123 1 0.472878 0.527122 
 ----> amount 124 1 0.517674 0.482326 
 ----> amount 125 0 0.526721 0.473279 
 ----> amount 126 1 0.539428 0.460572 
 ----> amount 127 0 0.555253 0.444747 
 ----> amount 128 1 0.512828 0.487172 
 ----> amount 129 0 0.607939 0.392061 
 ----> amount 130 0 0.517845 0.482155 
 ----> amount 131 0 0.522177 0.477823 
 ----> amount 132 1 0.489845 0.510155 
 ----> amount 133 0 0.53792 0.46208 
 ----> amount 134 1 0.515663 0.484337 
 ----> amount 135 1 0.496619 0.503381 
 ----> amount 136 0 0.538189 0.461811 
 ----> amount 137 0 0.534932 0.465068 
 ----> amount 138 0 0.515162 0.484838 
 ----> amount 139 0 0.503197 0.496803 
 ----> amount 140 0 0.526036 0.473964 
 ----> amount 141 1 0.489692 0.510308 
 ----> amount 142 0 0.535389 0.464611 
 ----> amount 143 1 0.491135 0.508865 
 ----> amount 144 0 0.503059 0.496941 
 ----> amount 145 0 0.52782 0.47218 
 ----> amount 146 1 0.493587 0.506413 
 ----> amount 147 0 0.540314 0.459686 
 ----> amount 148 1 0.490243 0.509757 
 ----> amount 149 1 0.495261 0.504739 
 ----> amount 150 0 0.567074 0.432926 
 ----> amount 151 1 0.492049 0.507951 
 ----> amount 152 0 0.584746 0.415254 
 ----> amount 153 0 0.517163 0.482837 
 ----> amount 154 1 0.463919 0.536081 
 ----> amount 155 0 0.525493 0.474507 
 ----> amount 156 1 0.512215 0.487785 
 ----> amount 157 1 0.515759 0.484241 
 ----> amount 158 0 0.583602 0.416398 
 ----> amount 159 0 0.526913 0.473087 
 ----> amount 160 0 0.513086 0.486914 
 ----> amount 161 0 0.500169 0.499831 
 ----> amount 162 0 0.518887 0.481113 
 ----> amount 163 1 0.488221 0.511779 
 ----> amount 164 0 0.541346 0.458654 
 ----> amount 165 1 0.483793 0.516207 
 ----> amount 166 1 0.504907 0.495093 
 ----> amount 167 1 0.47459 0.52541 
 ----> amount 168 0 0.584936 0.415064 
 ----> amount 169 1 0.454489 0.545511 
 ----> amount 170 1 0.510521 0.489479 
 ----> amount 171 1 0.549288 0.450712 
 ----> amount 172 0 0.553201 0.446799 
 ----> amount 173 1 0.581196 0.418804 
 ----> amount 174 0 0.546137 0.453863 
 ----> amount 175 1 0.54667 0.45333 
 ----> amount 176 0 0.53121 0.46879 
 ----> amount 177 0 0.526651 0.473349 
 ----> amount 178 1 0.497155 0.502845 
 ----> amount 179 1 0.488511 0.511489 
 ----> amount 180 1 0.469014 0.530986 
 ----> amount 181 1 0.588669 0.411331 
 ----> amount 182 1 0.550885 0.449115 
 ----> amount 183 0 0.584415 0.415585 
 ----> amount 184 1 0.510723 0.489277 
 ----> amount 185 0 0.542857 0.457143 
 ----> amount 186 0 0.543106 0.456894 
 ----> amount 187 0 0.519734 0.480266 
 ----> amount 188 1 0.467378 0.532622 
 ----> amount 189 1 0.501812 0.498188 
 ----> amount 190 0 0.581283 0.418717 
 ----> amount 191 0 0.483556 0.516444 
 ----> amount 192 1 0.504039 0.495961 
 ----> amount 193 0 0.51225 0.48775 
 ----> amount 194 0 0.56726 0.43274 
 ----> amount 195 1 0.501084 0.498916 
 ----> amount 196 1 0.539643 0.460357 
 ----> amount 197 0 0.56025 0.43975 
 ----> amount 198 1 0.515051 0.484949 
 ----> amount 199 0 0.531247 0.468753 
 ----> amount 200 0 0.542217 0.457783 
 ----> amount 201 1 0.493933 0.506067 
 ----> amount 202 1 0.504312 0.495688 
 ----> amount 203 0 0.554549 0.445451 
 ----> amount 204 1 0.508734 0.491266 
 ----> amount 205 0 0.571361 0.428639 
 ----> amount 206 1 0.551047 0.448953 
 ----> amount 207 1 0.521683 0.478317 
 ----> amount 208 0 0.59825 0.40175 
 ----> amount 209 0 0.528852 0.471148 
 ----> amount 210 1 0.486582 0.513418 
 ----> amount 211 0 0.580209 0.419791 
 ----> amount 212 0 0.484528 0.515472 
 ----> amount 213 0 0.53566 0.46434 
 ----> amount 214 0 0.539199 0.460801 
 ----> amount 215 1 0.455395 0.544605 
 ----> amount 216 0 0.563542 0.436458 
 ----> amount 217 1 0.47311 0.52689 
 ----> amount 218 1 0.489197 0.510803 
 ----> amount 219 0 0.56248 0.43752 
 ----> amount 220 1 0.538064 0.461936 
 ----> amount 221 1 0.54082 0.45918 
 ----> amount 222 1 0.533087 0.466913 
 ----> amount 223 0 0.571987 0.428013 
 ----> amount 224 0 0.560613 0.439387 
 ----> amount 225 1 0.496298 0.503702 
 ----> amount 226 1 0.544324 0.455676 
 ----> amount 227 0 0.496873 0.503127 
 ----> amount 228 0 0.539047 0.460953 
 ----> amount 229 0 0.499803 0.500197 
 ----> amount 230 1 0.512634 0.487366 
 ----> amount 231 0 0.526024 0.473976 
 ----> amount 232 0 0.561434 0.438566 
 ----> amount 233 0 0.522796 0.477204 
 ----> amount 234 1 0.500964 0.499036 
 ----> amount 235 1 0.48044 0.51956 
 ----> amount 236 1 0.485812 0.514188 
 ----> amount 237 0 0.632712 0.367288 
 ----> amount 238 1 0.51766 0.48234 
 ----> amount 239 0 0.574422 0.425578 
 ----> amount 240 1 0.501186 0.498814 
 ----> amount 241 0 0.565314 0.434686 
 ----> amount 242 1 0.543254 0.456746 
 ----> amount 243 0 0.543784 0.456216 
 ----> amount 244 1 0.519618 0.480382 
 ----> amount 245 0 0.561742 0.438258 
 ----> amount 246 1 0.543211 0.456789 
 ----> amount 247 0 0.527674 0.472326 
 ----> amount 248 0 0.533917 0.466083 
 ----> amount 249 1 0.506081 0.493919 
 ----> amount 250 1 0.513691 0.486309 
 ----> amount 251 1 0.554505 0.445495 
 ----> amount 252 0 0.571899 0.428101 
 ----> amount 253 1 0.526718 0.473282 
 ----> amount 254 0 0.553096 0.446904 
 ----> amount 255 0 0.526816 0.473184 
 ----> amount 256 0 0.501681 0.498319 
 ----> amount 257 1 0.475703 0.524297 
 ----> amount 258 0 0.546855 0.453145 
 ----> amount 259 0 0.516262 0.483738 
 ----> amount 260 1 0.497692 0.502308 
 ----> amount 261 1 0.513163 0.486837 
 ----> amount 262 1 0.547085 0.452915 
 ----> amount 263 0 0.593194 0.406806 
 ----> amount 264 1 0.513137 0.486863 
 ----> amount 265 1 0.526728 0.473272 
 ----> amount 266 0 0.555558 0.444442 
 ----> amount 267 1 0.554396 0.445604 
 ----> amount 268 0 0.528532 0.471468 
 ----> amount 269 0 0.52934 0.47066 
 ----> amount 270 0 0.518995 0.481005 
 ----> amount 271 1 0.491283 0.508717 
 ----> amount 272 0 0.574578 0.425422 
 ----> amount 273 1 0.49067 0.50933 
 ----> amount 274 0 0.562941 0.437059 
 ----> amount 275 1 0.494073 0.505927 
 ----> amount 276 0 0.542882 0.457118 
 ----> amount 277 0 0.510063 0.489937 
 ----> amount 278 0 0.514346 0.485654 
 ----> amount 279 1 0.51855 0.48145 
 ----> amount 280 1 0.540082 0.459918 
 ----> amount 281 0 0.568128 0.431872 
 ----> amount 282 1 0.533289 0.466711 
 ----> amount 283 1 0.517305 0.482695 
 ----> amount 284 0 0.537305 0.462695 
 ----> amount 285 0 0.510156 0.489844 
 ----> amount 286 1 0.53517 0.46483 
 ----> amount 287 1 0.544108 0.455892 
 ----> amount 288 1 0.570361 0.429639 
 ----> amount 289 0 0.570473 0.429527 
 ----> amount 290 0 0.562569 0.437431 
 ----> amount 291 1 0.497691 0.502309 
 ----> amount 292 0 0.558632 0.441368 
 ----> amount 293 1 0.539163 0.460837 
 ----> amount 294 1 0.533156 0.466844 
 ----> amount 295 0 0.603492 0.396508 
 ----> amount 296 1 0.499711 0.500289 
 ----> amount 297 0 0.560302 0.439698 
 ----> amount 298 1 0.523042 0.476958 
 ----> amount 299 0 0.544599 0.455401 
 ----> amount 300 0 0.615077 0.384923 
 ----> amount 301 0 0.504575 0.495425 
 ----> amount 302 1 0.454832 0.545168 
 ----> amount 303 1 0.535499 0.464501 
 ----> amount 304 0 0.549359 0.450641 
 ----> amount 305 1 0.515321 0.484679 
 ----> amount 306 0 0.57809 0.42191 
 ----> amount 307 0 0.539048 0.460952 
 ----> amount 308 1 0.505452 0.494548 
 ----> amount 309 0 0.505784 0.494216 
 ----> amount 310 1 0.500254 0.499746 
 ----> amount 311 0 0.531575 0.468425 
 ----> amount 312 1 0.480059 0.519941 
 ----> amount 313 0 0.548457 0.451543 
 ----> amount 314 0 0.554889 0.445111 
 ----> amount 315 0 0.499774 0.500226 
 ----> amount 316 1 0.514234 0.485766 
 ----> amount 317 0 0.556769 0.443231 
 ----> amount 318 0 0.576056 0.423944 
 ----> amount 319 1 0.548161 0.451839 
 ----> amount 320 1 0.495577 0.504423 
 ----> amount 321 1 0.539291 0.460709 
 ----> amount 322 0 0.596321 0.403679 
 ----> amount 323 0 0.506373 0.493627 
 ----> amount 324 1 0.483175 0.516825 
 ----> amount 325 0 0.631703 0.368297 
 ----> amount 326 0 0.581878 0.418122 
 ----> amount 327 1 0.510079 0.489921 
 ----> amount 328 0 0.561568 0.438432 
 ----> amount 329 0 0.530338 0.469662 
 ----> amount 330 1 0.510198 0.489802 
 ----> amount 331 0 0.526946 0.473054 
 ----> amount 332 0 0.53966 0.46034 
 ----> amount 333 1 0.501031 0.498969 
 ----> amount 334 1 0.527434 0.472566 
 ----> amount 335 0 0.522129 0.477871 
 ----> amount 336 1 0.532358 0.467642 
 ----> amount 337 0 0.533175 0.466825 
 ----> amount 338 1 0.529732 0.470268 
 ----> amount 339 0 0.556305 0.443695 
 ----> amount 340 1 0.544421 0.455579 
 ----> amount 341 0 0.546125 0.453875 
 ----> amount 342 1 0.51447 0.48553 
 ----> amount 343 0 0.51335 0.48665 
 ----> amount 344 0 0.592174 0.407826 
 ----> amount 345 0 0.499502 0.500498 
 ----> amount 346 1 0.491467 0.508533 
 ----> amount 347 0 0.543883 0.456117 
 ----> amount 348 0 0.52474 0.47526 
 ----> amount 349 1 0.497117 0.502883 
 ----> amount 350 1 0.51926 0.48074 
 ----> amount 351 0 0.591827 0.408173 
 ----> amount 352 0 0.515529 0.484471 
 ----> amount 353 1 0.486258 0.513742 
 ----> amount 354 0 0.579113 0.420887 
 ----> amount 355 1 0.507934 0.492066 
 ----> amount 356 1 0.483127 0.516873 
 ----> amount 357 1 0.54099 0.45901 
 ----> amount 358 0 0.551571 0.448429 
 ----> amount 359 0 0.568852 0.431148 
 ----> amount 360 1 0.492848 0.507152 
 ----> amount 361 1 0.519286 0.480714 
 ----> amount 362 0 0.554425 0.445575 
 ----> amount 363 0 0.539827 0.460173 
 ----> amount 364 0 0.533325 0.466675 
 ----> amount 365 0 0.538667 0.461333 
 ----> amount 366 1 0.505513 0.494487 
 ----> amount 367 0 0.53962 0.46038 
 ----> amount 368 0 0.502498 0.497502 
 ----> amount 369 0 0.489633 0.510367 
 ----> amount 370 1 0.544517 0.455483 
 ----> amount 371 0 0.583525 0.416475 
 ----> amount 372 1 0.50464 0.49536 
 ----> amount 373 0 0.539349 0.460651 
 ----> amount 374 0 0.547 0.453 
 ----> amount 375 1 0.472917 0.527083 
 ----> amount 376 0 0.560087 0.439913 
 ----> amount 377 1 0.489032 0.510968 
 ----> amount 378 1 0.502932 0.497068 
 ----> amount 379 0 0.511195 0.488805 
 ----> amount 380 0 0.578752 0.421248 
 ----> amount 381 1 0.512049 0.487951 
 ----> amount 382 1 0.523021 0.476979 
 ----> amount 383 1 0.536358 0.463642 
 ----> amount 384 0 0.609363 0.390637 
 ----> amount 385 1 0.517899 0.482101 
 ----> amount 386 0 0.534744 0.465256 
 ----> amount 387 1 0.541298 0.458702 
 ----> amount 388 1 0.569751 0.430249 
 ----> amount 389 0 0.635055 0.364945 
 ----> amount 390 0 0.527398 0.472602 
 ----> amount 391 0 0.500533 0.499467 
 ----> amount 392 1 0.496582 0.503418 
 ----> amount 393 1 0.523832 0.476168 
 ----> amount 394 1 0.528256 0.471744 
 ----> amount 395 0 0.552379 0.447621 
 ----> amount 396 0 0.519039 0.480961 
 ----> amount 397 0 0.562733 0.437267 
 ----> amount 398 1 0.481123 0.518877 
 ----> amount 399 1 0.515705 0.484295 
 ----> amount 400 1 0.52338 0.47662 
 ----> amount 401 0 0.60013 0.39987 
 ----> amount 402 0 0.533406 0.466594 
 ----> amount 403 0 0.528529 0.471471 
 ----> amount 404 1 0.495396 0.504604 
 ----> amount 405 1 0.528243 0.471757 
 ----> amount 406 1 0.551091 0.448909 
 ----> amount 407 1 0.563805 0.436195 
 ----> amount 408 0 0.550564 0.449436 
 ----> amount 409 0 0.587865 0.412135 
 ----> amount 410 0 0.498209 0.501791 
 ----> amount 411 0 0.55249 0.44751 
 ----> amount 412 1 0.504322 0.495678 
 ----> amount 413 1 0.511565 0.488435 
 ----> amount 414 0 0.555682 0.444318 
 ----> amount 415 1 0.529319 0.470681 
 ----> amount 416 0 0.554931 0.445069 
 ----> amount 417 0 0.551082 0.448918 
 ----> amount 418 1 0.508081 0.491919 
 ----> amount 419 1 0.52371 0.47629 
 ----> amount 420 1 0.524735 0.475265 
 ----> amount 421 0 0.629127 0.370873 
 ----> amount 422 0 0.567937 0.432063 
 ----> amount 423 1 0.509897 0.490103 
 ----> amount 424 0 0.586021 0.413979 
 ----> amount 425 0 0.516458 0.483542 
 ----> amount 426 1 0.485288 0.514712 
 ----> amount 427 0 0.58158 0.41842 
 ----> amount 428 0 0.490731 0.509269 
 ----> amount 429 0 0.50599 0.49401 
 ----> amount 430 0 0.570842 0.429158 
 ----> amount 431 1 0.489727 0.510273 
 ----> amount 432 1 0.565773 0.434227 
 ----> amount 433 1 0.52688 0.47312 
 ----> amount 434 0 0.562361 0.437639 
 ----> amount 435 1 0.535467 0.464533 
 ----> amount 436 0 0.585274 0.414726 
 ----> amount 437 0 0.564349 0.435651 
 ----> amount 438 0 0.54209 0.45791 
 ----> amount 439 0 0.556177 0.443823 
 ----> amount 440 1 0.531584 0.468416 
 ----> amount 441 0 0.540937 0.459063 
 ----> amount 442 1 0.49612 0.50388 
 ----> amount 443 1 0.509329 0.490671 
 ----> amount 444 0 0.578661 0.421339 
 ----> amount 445 1 0.50211 0.49789 
 ----> amount 446 0 0.50012 0.49988 
 ----> amount 447 0 0.574447 0.425553 
 ----> amount 448 1 0.506302 0.493698 
 ----> amount 449 1 0.518929 0.481071 
 ----> amount 450 0 0.514466 0.485534 
 ----> amount 451 0 0.57017 0.42983 
 ----> amount 452 1 0.485924 0.514076 
 ----> amount 453 0 0.543706 0.456294 
 ----> amount 454 1 0.474473 0.525527 
 ----> amount 455 0 0.537816 0.462184 
 ----> amount 456 0 0.517399 0.482601 
 ----> amount 457 0 0.522112 0.477888 
 ----> amount 458 1 0.481235 0.518765 
 ----> amount 459 0 0.616596 0.383404 
 ----> amount 460 1 0.49141 0.50859 
 ----> amount 461 1 0.497057 0.502943 
 ----> amount 462 0 0.582252 0.417748 
 ----> amount 463 1 0.499207 0.500793 
 ----> amount 464 0 0.544547 0.455453 
 ----> amount 465 1 0.489821 0.510179 
 ----> amount 466 0 0.566412 0.433588 
 ----> amount 467 1 0.502134 0.497866 
 ----> amount 468 0 0.55406 0.44594 
 ----> amount 469 1 0.530946 0.469054 
 ----> amount 470 0 0.537335 0.462665 
 ----> amount 471 1 0.503858 0.496142 
 ----> amount 472 0 0.573474 0.426526 
 ----> amount 473 1 0.496025 0.503975 
 ----> amount 474 0 0.572952 0.427048 
 ----> amount 475 0 0.520324 0.479676 
 ----> amount 476 1 0.502979 0.497021 
 ----> amount 477 1 0.49783 0.50217 
 ----> amount 478 1 0.52922 0.47078 
 ----> amount 479 0 0.595559 0.404441 
 ----> amount 480 0 0.537114 0.462886 
 ----> amount 481 1 0.5582 0.4418 
 ----> amount 482 0 0.523733 0.476267 
 ----> amount 483 0 0.519858 0.480142 
 ----> amount 484 1 0.48867 0.51133 
 ----> amount 485 0 0.576528 0.423472 
 ----> amount 486 0 0.506015 0.493985 
 ----> amount 487 1 0.502167 0.497833 
 ----> amount 488 0 0.563698 0.436302 
 ----> amount 489 1 0.515877 0.484123 
 ----> amount 490 0 0.550271 0.449729 
 ----> amount 491 1 0.4638 0.5362 
 ----> amount 492 0 0.554855 0.445145 
 ----> amount 493 0 0.54428 0.45572 
 ----> amount 494 1 0.4845 0.5155 
 ----> amount 495 0 0.558475 0.441525 
 ----> amount 496 1 0.519103 0.480897 
 ----> amount 497 0 0.55966 0.44034 
 ----> amount 498 1 0.504956 0.495044 
 ----> amount 499 0 0.569901 0.430099 
 ----> amount 500 1 0.480648 0.519352 
 ----> amount 501 0 0.530316 0.469684 
 ----> amount 502 1 0.500318 0.499682 
 ----> amount 503 1 0.495267 0.504733 
 ----> amount 504 1 0.556746 0.443254 
 ----> amount 505 0 0.596889 0.403111 
 ----> amount 506 0 0.520824 0.479176 
 ----> amount 507 1 0.519001 0.480999 
 ----> amount 508 1 0.51454 0.48546 
 ----> amount 509 1 0.535495 0.464505 
 ----> amount 510 0 0.583812 0.416188 
 ----> amount 511 0 0.576697 0.423303 
 ----> amount 512 0 0.516593 0.483407 
 ----> amount 513 1 0.479306 0.520694 
 ----> amount 514 1 0.513241 0.486759 
 ----> amount 515 0 0.546766 0.453234 
 ----> amount 516 0 0.537007 0.462993 
 ----> amount 517 1 0.497553 0.502447 
 ----> amount 518 1 0.533382 0.466618 
 ----> amount 519 0 0.515016 0.484984 
 ----> amount 520 1 0.511483 0.488517 
 ----> amount 521 1 0.542298 0.457702 
 ----> amount 522 0 0.601257 0.398743 
 ----> amount 523 1 0.529076 0.470924 
 ----> amount 524 0 0.55375 0.44625 
 ----> amount 525 0 0.532542 0.467458 
 ----> amount 526 0 0.52967 0.47033 
 ----> amount 527 1 0.496567 0.503433 
 ----> amount 528 0 0.55596 0.44404 
 ----> amount 529 1 0.47743 0.52257 
 ----> amount 530 0 0.521031 0.478969 
 ----> amount 531 1 0.507044 0.492956 
 ----> amount 532 0 0.529752 0.470248 
 ----> amount 533 1 0.539783 0.460217 
 ----> amount 534 0 0.520076 0.479924 
 ----> amount 535 0 0.511556 0.488444 
 ----> amount 536 1 0.448124 0.551876 
 ----> amount 537 1 0.582741 0.417259 
 ----> amount 538 0 0.52878 0.47122 
 ----> amount 539 1 0.537564 0.462436 
 ----> amount 540 1 0.50769 0.49231 
 ----> amount 541 0 0.587681 0.412319 
 ----> amount 542 0 0.524895 0.475105 
 ----> amount 543 1 0.525883 0.474117 
 ----> amount 544 1 0.561532 0.438468 
 ----> amount 545 0 0.545925 0.454075 
 ----> amount 546 0 0.559956 0.440044 
 ----> amount 547 1 0.492364 0.507636 
 ----> amount 548 1 0.53303 0.46697 
 ----> amount 549 0 0.522037 0.477963 
 ----> amount 550 0 0.568243 0.431757 
 ----> amount 551 1 0.499267 0.500733 
 ----> amount 552 0 0.549058 0.450942 
 ----> amount 553 1 0.486414 0.513586 
 ----> amount 554 0 0.528014 0.471986 
 ----> amount 555 1 0.537989 0.462011 
 ----> amount 556 0 0.504231 0.495769 
 ----> amount 557 1 0.49261 0.50739 
 ----> amount 558 1 0.511639 0.488361 
 ----> amount 559 1 0.55569 0.44431 
 ----> amount 560 0 0.583162 0.416838 
 ----> amount 561 0 0.559341 0.440659 
 ----> amount 562 1 0.517019 0.482981 
 ----> amount 563 0 0.555392 0.444608 
 ----> amount 564 0 0.546158 0.453842 
 ----> amount 565 1 0.540296 0.459704 
 ----> amount 566 0 0.568705 0.431295 
 ----> amount 567 0 0.494409 0.505591 
 ----> amount 568 0 0.526721 0.473279 
 ----> amount 569 0 0.544209 0.455791 
 ----> amount 570 1 0.49721 0.50279 
 ----> amount 571 1 0.549878 0.450122 
 ----> amount 572 0 0.494683 0.505317 
 ----> amount 573 0 0.5834 0.4166 
 ----> amount 574 0 0.537404 0.462596 
 ----> amount 575 1 0.549839 0.450161 
 ----> amount 576 1 0.464693 0.535307 
 ----> amount 577 0 0.543977 0.456023 
 ----> amount 578 0 0.54724 0.45276 
 ----> amount 579 0 0.515642 0.484358 
 ----> amount 580 1 0.517836 0.482164 
 ----> amount 581 0 0.522784 0.477216 
 ----> amount 582 0 0.498557 0.501443 
 ----> amount 583 1 0.503315 0.496685 
 ----> amount 584 1 0.504003 0.495997 
 ----> amount 585 0 0.518614 0.481386 
 ----> amount 586 0 0.539478 0.460522 
 ----> amount 587 1 0.470355 0.529645 
 ----> amount 588 0 0.545459 0.454541 
 ----> amount 589 1 0.532881 0.467119 
 ----> amount 590 0 0.57793 0.42207 
 ----> amount 591 1 0.531779 0.468221 
 ----> amount 592 1 0.534992 0.465008 
 ----> amount 593 0 0.571019 0.428981 
 ----> amount 594 0 0.542482 0.457518 
 ----> amount 595 1 0.505835 0.494165 
 ----> amount 596 1 0.509093 0.490907 
 ----> amount 597 0 0.592273 0.407727 
 ----> amount 598 1 0.528564 0.471436 
 ----> amount 599 1 0.554097 0.445903 
 ----> amount 600 0 0.56319 0.43681 
 ----> amount 601 1 0.562633 0.437367 
 ----> amount 602 1 0.486024 0.513976 
 ----> amount 603 0 0.614141 0.385859 
 ----> amount 604 0 0.594501 0.405499 
 ----> amount 605 0 0.550667 0.449333 
 ----> amount 606 1 0.486558 0.513442 
 ----> amount 607 1 0.543697 0.456303 
 ----> amount 608 0 0.570878 0.429122 
 ----> amount 609 0 0.520084 0.479916 
 ----> amount 610 0 0.474488 0.525512 
 ----> amount 611 1 0.51959 0.48041 
 ----> amount 612 0 0.556505 0.443495 
 ----> amount 613 1 0.493363 0.506637 
 ----> amount 614 0 0.526247 0.473753 
 ----> amount 615 1 0.492244 0.507756 
 ----> amount 616 0 0.539604 0.460396 
 ----> amount 617 1 0.495131 0.504869 
 ----> amount 618 1 0.503514 0.496486 
 ----> amount 619 1 0.563188 0.436812 
 ----> amount 620 1 0.52627 0.47373 
 ----> amount 621 0 0.585477 0.414523 
 ----> amount 622 0 0.56011 0.43989 
 ----> amount 623 0 0.540771 0.459229 
 ----> amount 624 0 0.579644 0.420356 
 ----> amount 625 0 0.540546 0.459454 
 ----> amount 626 0 0.523236 0.476764 
 ----> amount 627 0 0.541651 0.458349 
 ----> amount 628 1 0.474771 0.525229 
 ----> amount 629 1 0.542068 0.457932 
 ----> amount 630 0 0.551454 0.448546 
 ----> amount 631 1 0.526395 0.473605 
 ----> amount 632 1 0.530313 0.469687 
 ----> amount 633 0 0.571617 0.428383 
 ----> amount 634 1 0.509191 0.490809 
 ----> amount 635 0 0.612967 0.387033 
 ----> amount 636 1 0.518332 0.481668 
 ----> amount 637 0 0.545275 0.454725 
 ----> amount 638 0 0.572996 0.427004 
 ----> amount 639 1 0.521558 0.478442 
 ----> amount 640 1 0.515965 0.484035 
 ----> amount 641 0 0.561657 0.438343 
 ----> amount 642 0 0.552189 0.447811 
 ----> amount 643 0 0.529988 0.470012 
 ----> amount 644 0 0.533033 0.466967 
 ----> amount 645 0 0.512543 0.487457 
 ----> amount 646 0 0.521161 0.478839 
 ----> amount 647 1 0.448831 0.551169 
 ----> amount 648 0 0.535377 0.464623 
 ----> amount 649 1 0.514052 0.485948 
 ----> amount 650 1 0.503132 0.496868 
 ----> amount 651 1 0.555252 0.444748 
 ----> amount 652 0 0.552874 0.447126 
 ----> amount 653 0 0.540279 0.459721 
 ----> amount 654 1 0.531006 0.468994 
 ----> amount 655 0 0.547139 0.452861 
 ----> amount 656 0 0.553778 0.446222 
 ----> amount 657 0 0.530184 0.469816 
 ----> amount 658 1 0.487202 0.512798 
 ----> amount 659 1 0.551768 0.448232 
 ----> amount 660 0 0.54601 0.45399 
 ----> amount 661 0 0.559348 0.440652 
 ----> amount 662 1 0.504916 0.495084 
 ----> amount 663 0 0.536395 0.463605 
 ----> amount 664 1 0.508198 0.491802 
 ----> amount 665 1 0.514684 0.485316 
 ----> amount 666 0 0.572573 0.427427 
 ----> amount 667 0 0.53756 0.46244 
 ----> amount 668 1 0.476276 0.523724 
 ----> amount 669 0 0.538003 0.461997 
 ----> amount 670 0 0.536216 0.463784 
 ----> amount 671 1 0.487908 0.512092 
 ----> amount 672 0 0.537198 0.462802 
 ----> amount 673 1 0.530656 0.469344 
 ----> amount 674 1 0.50512 0.49488 
 ----> amount 675 1 0.454665 0.545335 
 ----> amount 676 0 0.54914 0.45086 
 ----> amount 677 0 0.616679 0.383321 
 ----> amount 678 1 0.493294 0.506706 
 ----> amount 679 0 0.539643 0.460357 
 ----> amount 680 1 0.494146 0.505854 
 ----> amount 681 0 0.530064 0.469936 
 ----> amount 682 0 0.509625 0.490375 
 ----> amount 683 1 0.479012 0.520988 
 ----> amount 684 0 0.515725 0.484275 
 ----> amount 685 1 0.45662 0.54338 
 ----> amount 686 0 0.566914 0.433086 
 ----> amount 687 0 0.499828 0.500172 
 ----> amount 688 1 0.524745 0.475255 
 ----> amount 689 0 0.550636 0.449364 
 ----> amount 690 1 0.49484 0.50516 
 ----> amount 691 1 0.476532 0.523468 
 ----> amount 692 0 0.521425 0.478575 
 ----> amount 693 1 0.517814 0.482186 
 ----> amount 694 1 0.489867 0.510133 
 ----> amount 695 1 0.54375 0.45625 
 ----> amount 696 0 0.596237 0.403763 
 ----> amount 697 0 0.548967 0.451033 
 ----> amount 698 0 0.536822 0.463178 
 ----> amount 699 1 0.482406 0.517594 
 ----> amount 700 1 0.574991 0.425009 
 ----> amount 701 0 0.538239 0.461761 
 ----> amount 702 0 0.539877 0.460123 
 ----> amount 703 1 0.458487 0.541513 
 ----> amount 704 1 0.519726 0.480274 
 ----> amount 705 0 0.562944 0.437056 
 ----> amount 706 1 0.53125 0.46875 
 ----> amount 707 1 0.514484 0.485516 
 ----> amount 708 1 0.571463 0.428537 
 ----> amount 709 1 0.580542 0.419458 
 ----> amount 710 0 0.579686 0.420314 
 ----> amount 711 0 0.59536 0.40464 
 ----> amount 712 1 0.501614 0.498386 
 ----> amount 713 0 0.566286 0.433714 
 ----> amount 714 1 0.524446 0.475554 
 ----> amount 715 0 0.544515 0.455485 
 ----> amount 716 1 0.539829 0.460171 
 ----> amount 717 0 0.516556 0.483444 
 ----> amount 718 1 0.570204 0.429796 
