 ----> amount 1 1 0 0 
 ----> amount 2 0 0.538592 0.461408 
 ----> amount 3 1 0.537656 0.462344 
 ----> amount 4 0 0.542984 0.457016 
 ----> amount 5 0 0.542393 0.457607 
 ----> amount 6 1 0.51903 0.48097 
 ----> amount 7 0 0.542447 0.457553 
 ----> amount 8 0 0.499831 0.500169 
 ----> amount 9 1 0.498852 0.501148 
 ----> amount 10 1 0.506364 0.493636 
 ----> amount 11 0 0.59245 0.40755 
 ----> amount 12 0 0.509595 0.490405 
 ----> amount 13 0 0.593589 0.406411 
 ----> amount 14 1 0.503392 0.496608 
 ----> amount 15 0 0.588052 0.411948 
 ----> amount 16 1 0.497607 0.502393 
 ----> amount 17 1 0.514452 0.485548 
 ----> amount 18 0 0.502256 0.497744 
 ----> amount 19 1 0.518775 0.481225 
 ----> amount 20 0 0.531693 0.468307 
 ----> amount 21 0 0.51962 0.48038 
 ----> amount 22 1 0.534274 0.465726 
 ----> amount 23 0 0.51863 0.48137 
 ----> amount 24 0 0.52515 0.47485 
 ----> amount 25 1 0.602764 0.397236 
 ----> amount 26 0 0.542464 0.457536 
 ----> amount 27 1 0.51737 0.48263 
 ----> amount 28 1 0.502456 0.497544 
 ----> amount 29 0 0.512697 0.487303 
 ----> amount 30 0 0.541853 0.458147 
 ----> amount 31 0 0.52286 0.47714 
 ----> amount 32 0 0.579862 0.420138 
 ----> amount 33 1 0.522201 0.477799 
 ----> amount 34 0 0.533031 0.466969 
 ----> amount 35 1 0.553563 0.446437 
 ----> amount 36 0 0.577454 0.422546 
 ----> amount 37 0 0.512821 0.487179 
 ----> amount 38 1 0.532311 0.467689 
 ----> amount 39 1 0.526225 0.473775 
 ----> amount 40 1 0.526866 0.473134 
 ----> amount 41 0 0.54456 0.45544 
 ----> amount 42 0 0.557788 0.442212 
 ----> amount 43 0 0.511342 0.488658 
 ----> amount 44 0 0.547305 0.452695 
 ----> amount 45 1 0.519725 0.480275 
 ----> amount 46 1 0.514969 0.485031 
 ----> amount 47 0 0.52997 0.47003 
 ----> amount 48 0 0.552801 0.447199 
 ----> amount 49 1 0.559452 0.440548 
 ----> amount 50 1 0.525956 0.474044 
 ----> amount 51 1 0.563135 0.436865 
 ----> amount 52 0 0.504131 0.495869 
 ----> amount 53 1 0.488574 0.511426 
 ----> amount 54 1 0.536477 0.463523 
 ----> amount 55 0 0.548968 0.451032 
 ----> amount 56 0 0.589278 0.410722 
 ----> amount 57 1 0.514011 0.485989 
 ----> amount 58 0 0.553761 0.446239 
 ----> amount 59 1 0.495272 0.504728 
 ----> amount 60 1 0.517364 0.482636 
 ----> amount 61 0 0.506897 0.493103 
 ----> amount 62 1 0.528904 0.471096 
 ----> amount 63 0 0.51469 0.48531 
 ----> amount 64 1 0.517131 0.482869 
 ----> amount 65 0 0.541499 0.458501 
 ----> amount 66 1 0.557596 0.442404 
 ----> amount 67 0 0.563127 0.436873 
 ----> amount 68 0 0.517173 0.482827 
 ----> amount 69 1 0.553902 0.446098 
 ----> amount 70 1 0.529306 0.470694 
 ----> amount 71 0 0.551567 0.448433 
 ----> amount 72 0 0.503487 0.496513 
 ----> amount 73 1 0.547967 0.452033 
 ----> amount 74 1 0.565308 0.434692 
 ----> amount 75 0 0.542039 0.457961 
 ----> amount 76 1 0.500101 0.499899 
 ----> amount 77 0 0.547918 0.452082 
 ----> amount 78 1 0.558778 0.441222 
 ----> amount 79 0 0.511958 0.488042 
 ----> amount 80 1 0.535619 0.464381 
 ----> amount 81 1 0.511803 0.488197 
 ----> amount 82 1 0.523189 0.476811 
 ----> amount 83 0 0.578282 0.421718 
 ----> amount 84 1 0.546737 0.453263 
 ----> amount 85 0 0.613729 0.386271 
 ----> amount 86 0 0.518048 0.481952 
 ----> amount 87 0 0.550118 0.449882 
 ----> amount 88 0 0.554553 0.445447 
 ----> amount 89 1 0.537306 0.462694 
 ----> amount 90 1 0.509099 0.490901 
 ----> amount 91 0 0.51884 0.48116 
 ----> amount 92 1 0.466137 0.533863 
 ----> amount 93 0 0.526602 0.473398 
 ----> amount 94 1 0.522565 0.477435 
 ----> amount 95 0 0.562063 0.437937 
 ----> amount 96 0 0.531352 0.468648 
 ----> amount 97 0 0.582719 0.417281 
 ----> amount 98 0 0.527035 0.472965 
 ----> amount 99 1 0.555245 0.444755 
 ----> amount 100 0 0.527011 0.472989 
 ----> amount 101 1 0.530911 0.469089 
 ----> amount 102 1 0.454564 0.545436 
 ----> amount 103 0 0.574129 0.425871 
 ----> amount 104 0 0.508024 0.491976 
 ----> amount 105 0 0.532496 0.467504 
 ----> amount 106 0 0.528199 0.471801 
 ----> amount 107 0 0.545475 0.454525 
 ----> amount 108 1 0.498618 0.501382 
 ----> amount 109 0 0.552338 0.447662 
 ----> amount 110 0 0.570587 0.429413 
 ----> amount 111 1 0.518086 0.481914 
 ----> amount 112 0 0.553547 0.446453 
 ----> amount 113 1 0.521374 0.478626 
 ----> amount 114 1 0.543522 0.456478 
 ----> amount 115 0 0.524446 0.475554 
 ----> amount 116 1 0.508716 0.491284 
 ----> amount 117 1 0.542986 0.457014 
 ----> amount 118 1 0.523587 0.476413 
 ----> amount 119 1 0.523778 0.476222 
 ----> amount 120 0 0.598645 0.401355 
 ----> amount 121 0 0.547454 0.452546 
 ----> amount 122 0 0.593153 0.406847 
 ----> amount 123 1 0.506859 0.493141 
 ----> amount 124 1 0.523434 0.476566 
 ----> amount 125 0 0.516769 0.483231 
 ----> amount 126 1 0.536314 0.463686 
 ----> amount 127 0 0.553112 0.446888 
 ----> amount 128 1 0.542513 0.457487 
 ----> amount 129 0 0.539891 0.460109 
 ----> amount 130 0 0.559762 0.440238 
 ----> amount 131 0 0.588214 0.411786 
 ----> amount 132 1 0.52058 0.47942 
 ----> amount 133 0 0.492627 0.507373 
 ----> amount 134 1 0.506814 0.493186 
 ----> amount 135 1 0.539303 0.460697 
 ----> amount 136 0 0.53842 0.46158 
 ----> amount 137 0 0.515814 0.484186 
 ----> amount 138 0 0.592403 0.407597 
 ----> amount 139 0 0.497473 0.502527 
 ----> amount 140 0 0.574441 0.425559 
 ----> amount 141 1 0.521655 0.478345 
 ----> amount 142 0 0.563557 0.436443 
 ----> amount 143 1 0.497143 0.502857 
 ----> amount 144 0 0.51891 0.48109 
 ----> amount 145 0 0.530251 0.469749 
 ----> amount 146 1 0.53241 0.46759 
 ----> amount 147 0 0.595575 0.404425 
 ----> amount 148 1 0.534764 0.465236 
 ----> amount 149 1 0.558965 0.441035 
 ----> amount 150 0 0.572088 0.427912 
 ----> amount 151 1 0.395434 0.604566 
 ----> amount 152 0 0.542591 0.457409 
 ----> amount 153 0 0.54608 0.45392 
 ----> amount 154 1 0.564675 0.435325 
 ----> amount 155 0 0.556518 0.443482 
 ----> amount 156 1 0.559933 0.440067 
 ----> amount 157 1 0.535009 0.464991 
 ----> amount 158 0 0.537748 0.462252 
 ----> amount 159 0 0.539244 0.460756 
 ----> amount 160 0 0.550351 0.449649 
 ----> amount 161 0 0.548086 0.451914 
 ----> amount 162 0 0.582664 0.417336 
 ----> amount 163 1 0.405718 0.594282 
 ----> amount 164 0 0.584151 0.415849 
 ----> amount 165 1 0.474779 0.525221 
 ----> amount 166 1 0.517021 0.482979 
 ----> amount 167 1 0.477484 0.522516 
 ----> amount 168 0 0.540906 0.459094 
 ----> amount 169 1 0.559724 0.440276 
 ----> amount 170 1 0.524556 0.475444 
 ----> amount 171 1 0.522073 0.477927 
 ----> amount 172 0 0.562287 0.437713 
 ----> amount 173 1 0.5255 0.4745 
 ----> amount 174 0 0.517459 0.482541 
 ----> amount 175 1 0.492621 0.507379 
 ----> amount 176 0 0.530457 0.469543 
 ----> amount 177 0 0.514076 0.485924 
 ----> amount 178 1 0.550509 0.449491 
 ----> amount 179 1 0.519135 0.480865 
 ----> amount 180 1 0.509841 0.490159 
 ----> amount 181 1 0.497391 0.502609 
 ----> amount 182 1 0.505147 0.494853 
 ----> amount 183 0 0.572531 0.427469 
 ----> amount 184 1 0.538496 0.461504 
 ----> amount 185 0 0.543854 0.456146 
 ----> amount 186 0 0.505075 0.494925 
 ----> amount 187 0 0.476446 0.523554 
 ----> amount 188 1 0.526885 0.473115 
 ----> amount 189 1 0.526148 0.473852 
 ----> amount 190 0 0.591868 0.408132 
 ----> amount 191 0 0.559934 0.440066 
 ----> amount 192 1 0.52704 0.47296 
 ----> amount 193 0 0.55096 0.44904 
 ----> amount 194 0 0.55848 0.44152 
 ----> amount 195 1 0.518136 0.481864 
 ----> amount 196 1 0.507835 0.492165 
 ----> amount 197 0 0.583663 0.416337 
 ----> amount 198 1 0.476065 0.523935 
 ----> amount 199 0 0.557926 0.442074 
 ----> amount 200 0 0.531971 0.468029 
 ----> amount 201 1 0.518865 0.481135 
 ----> amount 202 1 0.500905 0.499095 
 ----> amount 203 0 0.555841 0.444159 
 ----> amount 204 1 0.588521 0.411479 
 ----> amount 205 0 0.524083 0.475917 
 ----> amount 206 1 0.508448 0.491552 
 ----> amount 207 1 0.487556 0.512444 
 ----> amount 208 0 0.555297 0.444703 
 ----> amount 209 0 0.523683 0.476317 
 ----> amount 210 1 0.49636 0.50364 
 ----> amount 211 0 0.577828 0.422172 
 ----> amount 212 0 0.502607 0.497393 
 ----> amount 213 0 0.529377 0.470623 
 ----> amount 214 0 0.538037 0.461963 
 ----> amount 215 1 0.558539 0.441461 
 ----> amount 216 0 0.512486 0.487514 
 ----> amount 217 1 0.542962 0.457038 
 ----> amount 218 1 0.455517 0.544483 
 ----> amount 219 0 0.494867 0.505133 
 ----> amount 220 1 0.494851 0.505149 
 ----> amount 221 1 0.503582 0.496418 
 ----> amount 222 1 0.508709 0.491291 
 ----> amount 223 0 0.517583 0.482417 
 ----> amount 224 0 0.565205 0.434795 
 ----> amount 225 1 0.559359 0.440641 
 ----> amount 226 1 0.479227 0.520773 
 ----> amount 227 0 0.501073 0.498927 
 ----> amount 228 0 0.515046 0.484954 
 ----> amount 229 0 0.48266 0.51734 
 ----> amount 230 1 0.458996 0.541004 
 ----> amount 231 0 0.556073 0.443927 
 ----> amount 232 0 0.543354 0.456646 
 ----> amount 233 0 0.550725 0.449275 
 ----> amount 234 1 0.515994 0.484006 
 ----> amount 235 1 0.507401 0.492599 
 ----> amount 236 1 0.514142 0.485858 
 ----> amount 237 0 0.524438 0.475562 
 ----> amount 238 1 0.497823 0.502177 
 ----> amount 239 0 0.544799 0.455201 
 ----> amount 240 1 0.520425 0.479575 
 ----> amount 241 0 0.536649 0.463351 
 ----> amount 242 1 0.553474 0.446526 
 ----> amount 243 0 0.546159 0.453841 
 ----> amount 244 1 0.467932 0.532068 
 ----> amount 245 0 0.532735 0.467265 
 ----> amount 246 1 0.511448 0.488552 
 ----> amount 247 0 0.538849 0.461151 
 ----> amount 248 0 0.536908 0.463092 
 ----> amount 249 1 0.532333 0.467667 
 ----> amount 250 1 0.495042 0.504958 
 ----> amount 251 1 0.502986 0.497014 
 ----> amount 252 0 0.625792 0.374208 
 ----> amount 253 1 0.504801 0.495199 
 ----> amount 254 0 0.524744 0.475256 
 ----> amount 255 0 0.523352 0.476648 
 ----> amount 256 0 0.537859 0.462141 
 ----> amount 257 1 0.521292 0.478708 
 ----> amount 258 0 0.529771 0.470229 
 ----> amount 259 0 0.502147 0.497853 
 ----> amount 260 1 0.457746 0.542254 
 ----> amount 261 1 0.544799 0.455201 
 ----> amount 262 1 0.528536 0.471464 
 ----> amount 263 0 0.548835 0.451165 
 ----> amount 264 1 0.512595 0.487405 
 ----> amount 265 1 0.54859 0.45141 
 ----> amount 266 0 0.546944 0.453056 
 ----> amount 267 1 0.506008 0.493992 
 ----> amount 268 0 0.516289 0.483711 
 ----> amount 269 0 0.531016 0.468984 
 ----> amount 270 0 0.533044 0.466956 
 ----> amount 271 1 0.491572 0.508428 
 ----> amount 272 0 0.542614 0.457386 
 ----> amount 273 1 0.496139 0.503861 
 ----> amount 274 0 0.545406 0.454594 
 ----> amount 275 1 0.523497 0.476503 
 ----> amount 276 0 0.570118 0.429882 
 ----> amount 277 0 0.563278 0.436722 
 ----> amount 278 0 0.49748 0.50252 
 ----> amount 279 1 0.528637 0.471363 
 ----> amount 280 1 0.493756 0.506244 
 ----> amount 281 0 0.60984 0.39016 
 ----> amount 282 1 0.530422 0.469578 
 ----> amount 283 1 0.505831 0.494169 
 ----> amount 284 0 0.528153 0.471847 
 ----> amount 285 0 0.567285 0.432715 
 ----> amount 286 1 0.501439 0.498561 
 ----> amount 287 1 0.511955 0.488045 
 ----> amount 288 1 0.481224 0.518776 
 ----> amount 289 0 0.561029 0.438971 
 ----> amount 290 0 0.566964 0.433036 
 ----> amount 291 1 0.545848 0.454152 
 ----> amount 292 0 0.57023 0.42977 
 ----> amount 293 1 0.485067 0.514933 
 ----> amount 294 1 0.534279 0.465721 
 ----> amount 295 0 0.53765 0.46235 
 ----> amount 296 1 0.507089 0.492911 
 ----> amount 297 0 0.537343 0.462657 
 ----> amount 298 1 0.501119 0.498881 
 ----> amount 299 0 0.550955 0.449045 
 ----> amount 300 0 0.512528 0.487472 
 ----> amount 301 0 0.593512 0.406488 
 ----> amount 302 1 0.542484 0.457516 
 ----> amount 303 1 0.563678 0.436322 
 ----> amount 304 0 0.531029 0.468971 
 ----> amount 305 1 0.471717 0.528283 
 ----> amount 306 0 0.546354 0.453646 
 ----> amount 307 0 0.550459 0.449541 
 ----> amount 308 1 0.516022 0.483978 
 ----> amount 309 0 0.54829 0.45171 
 ----> amount 310 1 0.534604 0.465396 
 ----> amount 311 0 0.485061 0.514939 
 ----> amount 312 1 0.501323 0.498677 
 ----> amount 313 0 0.529159 0.470841 
 ----> amount 314 0 0.570809 0.429191 
 ----> amount 315 0 0.547044 0.452956 
 ----> amount 316 1 0.552178 0.447822 
 ----> amount 317 0 0.5365 0.4635 
 ----> amount 318 0 0.574642 0.425358 
 ----> amount 319 1 0.514011 0.485989 
 ----> amount 320 1 0.570484 0.429516 
 ----> amount 321 1 0.527552 0.472448 
 ----> amount 322 0 0.54441 0.45559 
 ----> amount 323 0 0.548143 0.451857 
 ----> amount 324 1 0.513223 0.486777 
 ----> amount 325 0 0.553238 0.446762 
 ----> amount 326 0 0.525839 0.474161 
 ----> amount 327 1 0.569567 0.430433 
 ----> amount 328 0 0.53625 0.46375 
 ----> amount 329 0 0.576626 0.423374 
 ----> amount 330 1 0.53788 0.46212 
 ----> amount 331 0 0.530867 0.469133 
 ----> amount 332 0 0.56393 0.43607 
 ----> amount 333 1 0.536186 0.463814 
 ----> amount 334 1 0.539179 0.460821 
 ----> amount 335 0 0.5375 0.4625 
 ----> amount 336 1 0.541766 0.458234 
 ----> amount 337 0 0.535103 0.464897 
 ----> amount 338 1 0.510631 0.489369 
 ----> amount 339 0 0.475065 0.524935 
 ----> amount 340 1 0.52052 0.47948 
 ----> amount 341 0 0.576696 0.423304 
 ----> amount 342 1 0.440686 0.559314 
 ----> amount 343 0 0.521886 0.478114 
 ----> amount 344 0 0.530683 0.469317 
 ----> amount 345 0 0.525649 0.474351 
 ----> amount 346 1 0.53973 0.46027 
 ----> amount 347 0 0.519689 0.480311 
 ----> amount 348 0 0.569587 0.430413 
 ----> amount 349 1 0.523109 0.476891 
 ----> amount 350 1 0.509727 0.490273 
 ----> amount 351 0 0.524638 0.475362 
 ----> amount 352 0 0.516339 0.483661 
 ----> amount 353 1 0.523686 0.476314 
 ----> amount 354 0 0.548325 0.451675 
 ----> amount 355 1 0.505189 0.494811 
 ----> amount 356 1 0.564471 0.435529 
 ----> amount 357 1 0.532664 0.467336 
 ----> amount 358 0 0.51257 0.48743 
 ----> amount 359 0 0.516729 0.483271 
 ----> amount 360 1 0.483713 0.516287 
 ----> amount 361 1 0.542705 0.457295 
 ----> amount 362 0 0.5826 0.4174 
 ----> amount 363 0 0.520612 0.479388 
 ----> amount 364 0 0.556902 0.443098 
 ----> amount 365 0 0.51635 0.48365 
 ----> amount 366 1 0.491972 0.508028 
 ----> amount 367 0 0.525984 0.474016 
 ----> amount 368 0 0.534121 0.465879 
 ----> amount 369 0 0.535151 0.464849 
 ----> amount 370 1 0.539891 0.460109 
 ----> amount 371 0 0.578705 0.421295 
 ----> amount 372 1 0.508714 0.491286 
 ----> amount 373 0 0.518769 0.481231 
 ----> amount 374 0 0.537518 0.462482 
 ----> amount 375 1 0.548781 0.451219 
 ----> amount 376 0 0.566398 0.433602 
 ----> amount 377 1 0.509555 0.490445 
 ----> amount 378 1 0.527661 0.472339 
 ----> amount 379 0 0.536958 0.463042 
 ----> amount 380 0 0.533197 0.466803 
 ----> amount 381 1 0.529644 0.470356 
 ----> amount 382 1 0.512152 0.487848 
 ----> amount 383 1 0.50726 0.49274 
 ----> amount 384 0 0.503603 0.496397 
 ----> amount 385 1 0.558281 0.441719 
 ----> amount 386 0 0.536988 0.463012 
 ----> amount 387 1 0.527743 0.472257 
 ----> amount 388 1 0.520869 0.479131 
 ----> amount 389 0 0.512384 0.487616 
 ----> amount 390 0 0.560243 0.439757 
 ----> amount 391 0 0.565433 0.434567 
 ----> amount 392 1 0.409793 0.590207 
 ----> amount 393 1 0.468842 0.531158 
 ----> amount 394 1 0.547872 0.452128 
 ----> amount 395 0 0.493176 0.506824 
 ----> amount 396 0 0.564079 0.435921 
 ----> amount 397 0 0.517331 0.482669 
 ----> amount 398 1 0.569513 0.430487 
 ----> amount 399 1 0.477877 0.522123 
 ----> amount 400 1 0.559238 0.440762 
 ----> amount 401 0 0.480991 0.519009 
 ----> amount 402 0 0.532039 0.467961 
 ----> amount 403 0 0.519319 0.480681 
 ----> amount 404 1 0.517906 0.482094 
 ----> amount 405 1 0.539609 0.460391 
 ----> amount 406 1 0.549645 0.450355 
 ----> amount 407 1 0.516467 0.483533 
 ----> amount 408 0 0.54095 0.45905 
 ----> amount 409 0 0.576605 0.423395 
 ----> amount 410 0 0.546693 0.453307 
 ----> amount 411 0 0.527103 0.472897 
 ----> amount 412 1 0.528723 0.471277 
 ----> amount 413 1 0.506043 0.493957 
 ----> amount 414 0 0.635242 0.364758 
 ----> amount 415 1 0.53271 0.46729 
 ----> amount 416 0 0.574102 0.425898 
 ----> amount 417 0 0.519056 0.480944 
 ----> amount 418 1 0.51546 0.48454 
 ----> amount 419 1 0.535604 0.464396 
 ----> amount 420 1 0.566584 0.433416 
 ----> amount 421 0 0.541996 0.458004 
 ----> amount 422 0 0.5242 0.4758 
 ----> amount 423 1 0.553049 0.446951 
 ----> amount 424 0 0.41889 0.58111 
 ----> amount 425 0 0.557799 0.442201 
 ----> amount 426 1 0.477834 0.522166 
 ----> amount 427 0 0.582372 0.417628 
 ----> amount 428 0 0.527123 0.472877 
 ----> amount 429 0 0.573975 0.426025 
 ----> amount 430 0 0.519669 0.480331 
 ----> amount 431 1 0.530608 0.469392 
 ----> amount 432 1 0.540098 0.459902 
 ----> amount 433 1 0.525062 0.474938 
 ----> amount 434 0 0.573825 0.426175 
 ----> amount 435 1 0.517999 0.482001 
 ----> amount 436 0 0.576978 0.423022 
 ----> amount 437 0 0.53511 0.46489 
 ----> amount 438 0 0.554755 0.445245 
 ----> amount 439 0 0.548754 0.451246 
 ----> amount 440 1 0.516422 0.483578 
 ----> amount 441 0 0.515042 0.484958 
 ----> amount 442 1 0.551062 0.448938 
 ----> amount 443 1 0.515854 0.484146 
 ----> amount 444 0 0.482134 0.517866 
 ----> amount 445 1 0.542889 0.457111 
 ----> amount 446 0 0.53078 0.46922 
 ----> amount 447 0 0.541372 0.458628 
 ----> amount 448 1 0.490151 0.509849 
 ----> amount 449 1 0.546489 0.453511 
 ----> amount 450 0 0.551154 0.448846 
 ----> amount 451 0 0.553968 0.446032 
 ----> amount 452 1 0.524913 0.475087 
 ----> amount 453 0 0.537076 0.462924 
 ----> amount 454 1 0.535666 0.464334 
 ----> amount 455 0 0.572739 0.427261 
 ----> amount 456 0 0.555614 0.444386 
 ----> amount 457 0 0.535804 0.464196 
 ----> amount 458 1 0.541177 0.458823 
 ----> amount 459 0 0.545286 0.454714 
 ----> amount 460 1 0.527421 0.472579 
 ----> amount 461 1 0.525383 0.474617 
 ----> amount 462 0 0.534666 0.465334 
 ----> amount 463 1 0.521999 0.478001 
 ----> amount 464 0 0.537493 0.462507 
 ----> amount 465 1 0.521859 0.478141 
 ----> amount 466 0 0.525893 0.474107 
 ----> amount 467 1 0.531358 0.468642 
 ----> amount 468 0 0.520105 0.479895 
 ----> amount 469 1 0.516324 0.483676 
 ----> amount 470 0 0.568995 0.431005 
 ----> amount 471 1 0.523084 0.476916 
 ----> amount 472 0 0.565521 0.434479 
 ----> amount 473 1 0.518339 0.481661 
 ----> amount 474 0 0.525306 0.474694 
 ----> amount 475 0 0.57043 0.42957 
 ----> amount 476 1 0.411405 0.588595 
 ----> amount 477 1 0.544047 0.455953 
 ----> amount 478 1 0.463154 0.536846 
 ----> amount 479 0 0.542304 0.457696 
 ----> amount 480 0 0.571847 0.428153 
 ----> amount 481 1 0.478742 0.521258 
 ----> amount 482 0 0.509592 0.490408 
 ----> amount 483 0 0.531505 0.468495 
 ----> amount 484 1 0.52489 0.47511 
 ----> amount 485 0 0.531261 0.468739 
 ----> amount 486 0 0.532635 0.467365 
 ----> amount 487 1 0.528238 0.471762 
 ----> amount 488 0 0.537763 0.462237 
 ----> amount 489 1 0.526447 0.473553 
 ----> amount 490 0 0.529108 0.470892 
 ----> amount 491 1 0.574104 0.425896 
 ----> amount 492 0 0.515742 0.484258 
 ----> amount 493 0 0.550341 0.449659 
 ----> amount 494 1 0.550857 0.449143 
 ----> amount 495 0 0.527005 0.472995 
 ----> amount 496 1 0.528976 0.471024 
 ----> amount 497 0 0.533909 0.466091 
 ----> amount 498 1 0.540921 0.459079 
 ----> amount 499 0 0.532235 0.467765 
 ----> amount 500 1 0.517429 0.482571 
 ----> amount 501 0 0.528084 0.471916 
 ----> amount 502 1 0.537178 0.462822 
 ----> amount 503 1 0.525498 0.474502 
 ----> amount 504 1 0.548722 0.451278 
 ----> amount 505 0 0.531393 0.468607 
 ----> amount 506 0 0.518739 0.481261 
 ----> amount 507 1 0.549457 0.450543 
 ----> amount 508 1 0.512878 0.487122 
 ----> amount 509 1 0.528721 0.471279 
 ----> amount 510 0 0.544322 0.455678 
 ----> amount 511 0 0.508697 0.491303 
 ----> amount 512 0 0.528794 0.471206 
 ----> amount 513 1 0.506638 0.493362 
 ----> amount 514 1 0.504463 0.495537 
 ----> amount 515 0 0.541474 0.458526 
 ----> amount 516 0 0.556136 0.443864 
 ----> amount 517 1 0.509998 0.490002 
 ----> amount 518 1 0.504071 0.495929 
 ----> amount 519 0 0.534255 0.465745 
 ----> amount 520 1 0.519231 0.480769 
 ----> amount 521 1 0.490174 0.509826 
 ----> amount 522 0 0.550061 0.449939 
 ----> amount 523 1 0.573978 0.426022 
 ----> amount 524 0 0.544238 0.455762 
 ----> amount 525 0 0.543949 0.456051 
 ----> amount 526 0 0.546284 0.453716 
 ----> amount 527 1 0.514626 0.485374 
 ----> amount 528 0 0.5769 0.4231 
 ----> amount 529 1 0.491564 0.508436 
 ----> amount 530 0 0.502173 0.497827 
 ----> amount 531 1 0.51893 0.48107 
 ----> amount 532 0 0.535256 0.464744 
 ----> amount 533 1 0.503789 0.496211 
 ----> amount 534 0 0.545762 0.454238 
 ----> amount 535 0 0.557092 0.442908 
 ----> amount 536 1 0.519741 0.480259 
 ----> amount 537 1 0.527586 0.472414 
 ----> amount 538 0 0.583963 0.416037 
 ----> amount 539 1 0.526016 0.473984 
 ----> amount 540 1 0.532475 0.467525 
 ----> amount 541 0 0.553097 0.446903 
 ----> amount 542 0 0.567771 0.432229 
 ----> amount 543 1 0.512681 0.487319 
 ----> amount 544 1 0.537881 0.462119 
 ----> amount 545 0 0.578604 0.421396 
 ----> amount 546 0 0.556007 0.443993 
 ----> amount 547 1 0.499833 0.500167 
 ----> amount 548 1 0.518893 0.481107 
 ----> amount 549 0 0.573177 0.426823 
 ----> amount 550 0 0.518681 0.481319 
 ----> amount 551 1 0.517776 0.482224 
 ----> amount 552 0 0.569271 0.430729 
 ----> amount 553 1 0.553549 0.446451 
 ----> amount 554 0 0.511533 0.488467 
 ----> amount 555 1 0.513189 0.486811 
 ----> amount 556 0 0.54668 0.45332 
 ----> amount 557 1 0.518122 0.481878 
 ----> amount 558 1 0.487428 0.512572 
 ----> amount 559 1 0.606743 0.393257 
 ----> amount 560 0 0.527856 0.472144 
 ----> amount 561 0 0.501406 0.498594 
 ----> amount 562 1 0.504878 0.495122 
 ----> amount 563 0 0.509896 0.490104 
 ----> amount 564 0 0.509306 0.490694 
 ----> amount 565 1 0.484178 0.515822 
 ----> amount 566 0 0.522715 0.477285 
 ----> amount 567 0 0.518688 0.481312 
 ----> amount 568 0 0.530892 0.469108 
 ----> amount 569 0 0.557336 0.442664 
 ----> amount 570 1 0.5297 0.4703 
 ----> amount 571 1 0.538539 0.461461 
 ----> amount 572 0 0.499684 0.500316 
 ----> amount 573 0 0.526126 0.473874 
 ----> amount 574 0 0.543553 0.456447 
 ----> amount 575 1 0.504175 0.495825 
 ----> amount 576 1 0.517778 0.482222 
 ----> amount 577 0 0.567166 0.432834 
 ----> amount 578 0 0.553948 0.446052 
 ----> amount 579 0 0.544682 0.455318 
 ----> amount 580 1 0.518689 0.481311 
 ----> amount 581 0 0.560544 0.439456 
 ----> amount 582 0 0.538507 0.461493 
 ----> amount 583 1 0.470132 0.529868 
 ----> amount 584 1 0.474964 0.525036 
 ----> amount 585 0 0.563762 0.436238 
 ----> amount 586 0 0.601566 0.398434 
 ----> amount 587 1 0.490277 0.509723 
 ----> amount 588 0 0.554986 0.445014 
 ----> amount 589 1 0.509123 0.490877 
 ----> amount 590 0 0.548029 0.451971 
 ----> amount 591 1 0.506787 0.493213 
 ----> amount 592 1 0.564569 0.435431 
 ----> amount 593 0 0.558252 0.441748 
 ----> amount 594 0 0.548956 0.451044 
 ----> amount 595 1 0.486589 0.513411 
 ----> amount 596 1 0.584445 0.415555 
 ----> amount 597 0 0.490529 0.509471 
 ----> amount 598 1 0.543696 0.456304 
 ----> amount 599 1 0.463703 0.536297 
 ----> amount 600 0 0.57607 0.42393 
 ----> amount 601 1 0.479478 0.520522 
 ----> amount 602 1 0.553038 0.446962 
 ----> amount 603 0 0.570425 0.429575 
 ----> amount 604 0 0.507108 0.492892 
 ----> amount 605 0 0.551356 0.448644 
 ----> amount 606 1 0.497455 0.502545 
 ----> amount 607 1 0.497169 0.502831 
 ----> amount 608 0 0.460223 0.539777 
 ----> amount 609 0 0.523204 0.476796 
 ----> amount 610 0 0.464415 0.535585 
 ----> amount 611 1 0.517856 0.482144 
 ----> amount 612 0 0.546531 0.453469 
 ----> amount 613 1 0.503151 0.496849 
 ----> amount 614 0 0.538308 0.461692 
 ----> amount 615 1 0.502274 0.497726 
 ----> amount 616 0 0.545752 0.454248 
 ----> amount 617 1 0.506285 0.493715 
 ----> amount 618 1 0.536042 0.463958 
 ----> amount 619 1 0.54083 0.45917 
 ----> amount 620 1 0.533068 0.466932 
 ----> amount 621 0 0.52945 0.47055 
 ----> amount 622 0 0.505407 0.494593 
 ----> amount 623 0 0.528415 0.471585 
 ----> amount 624 0 0.531909 0.468091 
 ----> amount 625 0 0.520891 0.479109 
 ----> amount 626 0 0.544612 0.455388 
 ----> amount 627 0 0.497289 0.502711 
 ----> amount 628 1 0.517476 0.482524 
 ----> amount 629 1 0.47819 0.52181 
 ----> amount 630 0 0.560871 0.439129 
 ----> amount 631 1 0.519981 0.480019 
 ----> amount 632 1 0.534184 0.465816 
 ----> amount 633 0 0.496721 0.503279 
 ----> amount 634 1 0.52166 0.47834 
 ----> amount 635 0 0.536941 0.463059 
 ----> amount 636 1 0.521418 0.478582 
 ----> amount 637 0 0.519986 0.480014 
 ----> amount 638 0 0.554822 0.445178 
 ----> amount 639 1 0.521085 0.478915 
 ----> amount 640 1 0.556913 0.443087 
 ----> amount 641 0 0.543641 0.456359 
 ----> amount 642 0 0.570764 0.429236 
 ----> amount 643 0 0.543151 0.456849 
 ----> amount 644 0 0.559779 0.440221 
 ----> amount 645 0 0.52814 0.47186 
 ----> amount 646 0 0.521897 0.478103 
 ----> amount 647 1 0.500987 0.499013 
 ----> amount 648 0 0.510757 0.489243 
 ----> amount 649 1 0.532026 0.467974 
 ----> amount 650 1 0.532437 0.467563 
 ----> amount 651 1 0.50892 0.49108 
 ----> amount 652 0 0.54324 0.45676 
 ----> amount 653 0 0.548968 0.451032 
 ----> amount 654 1 0.545282 0.454718 
 ----> amount 655 0 0.55907 0.44093 
 ----> amount 656 0 0.54089 0.45911 
 ----> amount 657 0 0.54973 0.45027 
 ----> amount 658 1 0.517541 0.482459 
 ----> amount 659 1 0.530009 0.469991 
 ----> amount 660 0 0.538626 0.461374 
 ----> amount 661 0 0.525357 0.474643 
 ----> amount 662 1 0.505923 0.494077 
 ----> amount 663 0 0.519731 0.480269 
 ----> amount 664 1 0.538793 0.461207 
 ----> amount 665 1 0.437749 0.562251 
 ----> amount 666 0 0.573577 0.426423 
 ----> amount 667 0 0.522656 0.477344 
 ----> amount 668 1 0.5402 0.4598 
 ----> amount 669 0 0.538568 0.461432 
 ----> amount 670 0 0.547897 0.452103 
 ----> amount 671 1 0.560417 0.439583 
 ----> amount 672 0 0.544228 0.455772 
 ----> amount 673 1 0.532649 0.467351 
 ----> amount 674 1 0.530585 0.469415 
 ----> amount 675 1 0.571194 0.428806 
 ----> amount 676 0 0.525434 0.474566 
 ----> amount 677 0 0.566861 0.433139 
 ----> amount 678 1 0.527258 0.472742 
 ----> amount 679 0 0.530132 0.469868 
 ----> amount 680 1 0.55407 0.44593 
 ----> amount 681 0 0.502128 0.497872 
 ----> amount 682 0 0.544664 0.455336 
 ----> amount 683 1 0.512452 0.487548 
 ----> amount 684 0 0.533235 0.466765 
 ----> amount 685 1 0.571133 0.428867 
 ----> amount 686 0 0.542345 0.457655 
 ----> amount 687 0 0.528876 0.471124 
 ----> amount 688 1 0.485127 0.514873 
 ----> amount 689 0 0.576034 0.423966 
 ----> amount 690 1 0.434276 0.565724 
 ----> amount 691 1 0.533641 0.466359 
 ----> amount 692 0 0.56918 0.43082 
 ----> amount 693 1 0.4532 0.5468 
 ----> amount 694 1 0.536317 0.463683 
 ----> amount 695 1 0.478079 0.521921 
 ----> amount 696 0 0.538606 0.461394 
 ----> amount 697 0 0.570625 0.429375 
 ----> amount 698 0 0.474968 0.525032 
 ----> amount 699 1 0.528917 0.471083 
 ----> amount 700 1 0.537325 0.462675 
 ----> amount 701 0 0.492155 0.507845 
 ----> amount 702 0 0.497886 0.502114 
 ----> amount 703 1 0.509155 0.490845 
 ----> amount 704 1 0.536537 0.463463 
 ----> amount 705 0 0.531171 0.468829 
 ----> amount 706 1 0.531176 0.468824 
 ----> amount 707 1 0.517175 0.482825 
 ----> amount 708 1 0.528931 0.471069 
 ----> amount 709 1 0.486653 0.513347 
 ----> amount 710 0 0.547947 0.452053 
 ----> amount 711 0 0.508337 0.491663 
 ----> amount 712 1 0.527731 0.472269 
 ----> amount 713 0 0.522951 0.477049 
 ----> amount 714 1 0.543609 0.456391 
 ----> amount 715 0 0.521385 0.478615 
 ----> amount 716 1 0.54905 0.45095 
 ----> amount 717 0 0.544581 0.455419 
 ----> amount 718 1 0.50527 0.49473 
