 ----> amount 1 1 0.494004 0.505996 
 ----> amount 2 0 0.559125 0.440875 
 ----> amount 3 1 0.518508 0.481492 
 ----> amount 4 0 0.587078 0.412922 
 ----> amount 5 0 0.558205 0.441795 
 ----> amount 6 1 0.500686 0.499314 
 ----> amount 7 0 0.555611 0.444389 
 ----> amount 8 0 0.53044 0.46956 
 ----> amount 9 1 0.485237 0.514763 
 ----> amount 10 1 0.525772 0.474228 
 ----> amount 11 0 0.582165 0.417835 
 ----> amount 12 0 0.545668 0.454332 
 ----> amount 13 0 0.50175 0.49825 
 ----> amount 14 1 0.509495 0.490505 
 ----> amount 15 0 0.545313 0.454687 
 ----> amount 16 1 0.503536 0.496464 
 ----> amount 17 1 0.527388 0.472612 
 ----> amount 18 0 0.56954 0.43046 
 ----> amount 19 1 0.554758 0.445242 
 ----> amount 20 0 0.529918 0.470082 
 ----> amount 21 0 0.52338 0.47662 
 ----> amount 22 1 0.501097 0.498903 
 ----> amount 23 0 0.526485 0.473515 
 ----> amount 24 0 0.518922 0.481078 
 ----> amount 25 1 0.490585 0.509415 
 ----> amount 26 0 0.549359 0.450641 
 ----> amount 27 1 0.525472 0.474528 
 ----> amount 28 1 0.539015 0.460985 
 ----> amount 29 0 0.551554 0.448446 
 ----> amount 30 0 0.560655 0.439345 
 ----> amount 31 0 0.526712 0.473288 
 ----> amount 32 0 0.535029 0.464971 
 ----> amount 33 1 0.494626 0.505374 
 ----> amount 34 0 0.535161 0.464839 
 ----> amount 35 1 0.510102 0.489898 
 ----> amount 36 0 0.540926 0.459074 
 ----> amount 37 0 0.545031 0.454969 
 ----> amount 38 1 0.504814 0.495186 
 ----> amount 39 1 0.520052 0.479948 
 ----> amount 40 1 0.517559 0.482441 
 ----> amount 41 0 0.546217 0.453783 
 ----> amount 42 0 0.571455 0.428545 
 ----> amount 43 0 0.531202 0.468798 
 ----> amount 44 0 0.540723 0.459277 
 ----> amount 45 1 0.509161 0.490839 
 ----> amount 46 1 0.515969 0.484031 
 ----> amount 47 0 0.561988 0.438012 
 ----> amount 48 0 0.528733 0.471267 
 ----> amount 49 1 0.518843 0.481157 
 ----> amount 50 1 0.51668 0.48332 
 ----> amount 51 1 0.55957 0.44043 
 ----> amount 52 0 0.565865 0.434135 
 ----> amount 53 1 0.511672 0.488328 
 ----> amount 54 1 0.520561 0.479439 
 ----> amount 55 0 0.562437 0.437563 
 ----> amount 56 0 0.543658 0.456342 
 ----> amount 57 1 0.513769 0.486231 
 ----> amount 58 0 0.548883 0.451117 
 ----> amount 59 1 0.508216 0.491784 
 ----> amount 60 1 0.515594 0.484406 
 ----> amount 61 0 0.558379 0.441621 
 ----> amount 62 1 0.504993 0.495007 
 ----> amount 63 0 0.558511 0.441489 
 ----> amount 64 1 0.498855 0.501145 
 ----> amount 65 0 0.551607 0.448393 
 ----> amount 66 1 0.52506 0.47494 
 ----> amount 67 0 0.547813 0.452187 
 ----> amount 68 0 0.544324 0.455676 
 ----> amount 69 1 0.505314 0.494686 
 ----> amount 70 1 0.515202 0.484798 
 ----> amount 71 0 0.540386 0.459614 
 ----> amount 72 0 0.529746 0.470254 
 ----> amount 73 1 0.490336 0.509664 
 ----> amount 74 1 0.521387 0.478613 
 ----> amount 75 0 0.550806 0.449194 
 ----> amount 76 1 0.528744 0.471256 
 ----> amount 77 0 0.541975 0.458025 
 ----> amount 78 1 0.52388 0.47612 
 ----> amount 79 0 0.546819 0.453181 
 ----> amount 80 1 0.516197 0.483803 
 ----> amount 81 1 0.531242 0.468758 
 ----> amount 82 1 0.531368 0.468632 
 ----> amount 83 0 0.56921 0.43079 
 ----> amount 84 1 0.513305 0.486695 
 ----> amount 85 0 0.575152 0.424848 
 ----> amount 86 0 0.542173 0.457827 
 ----> amount 87 0 0.560123 0.439877 
 ----> amount 88 0 0.531724 0.468276 
 ----> amount 89 1 0.518962 0.481038 
 ----> amount 90 1 0.5067 0.4933 
 ----> amount 91 0 0.559344 0.440656 
 ----> amount 92 1 0.504195 0.495805 
 ----> amount 93 0 0.558459 0.441541 
 ----> amount 94 1 0.501389 0.498611 
 ----> amount 95 0 0.542934 0.457066 
 ----> amount 96 0 0.529135 0.470865 
 ----> amount 97 0 0.549366 0.450634 
 ----> amount 98 0 0.531762 0.468238 
 ----> amount 99 1 0.509338 0.490662 
 ----> amount 100 0 0.550245 0.449755 
 ----> amount 101 1 0.501975 0.498025 
 ----> amount 102 1 0.506702 0.493298 
 ----> amount 103 0 0.563247 0.436753 
 ----> amount 104 0 0.530916 0.469084 
 ----> amount 105 0 0.549171 0.450829 
 ----> amount 106 0 0.531931 0.468069 
 ----> amount 107 0 0.541376 0.458624 
 ----> amount 108 1 0.487224 0.512776 
 ----> amount 109 0 0.552725 0.447275 
 ----> amount 110 0 0.550222 0.449778 
 ----> amount 111 1 0.489849 0.510151 
 ----> amount 112 0 0.558137 0.441863 
 ----> amount 113 1 0.502657 0.497343 
 ----> amount 114 1 0.518223 0.481777 
 ----> amount 115 0 0.543852 0.456148 
 ----> amount 116 1 0.513973 0.486027 
 ----> amount 117 1 0.519344 0.480656 
 ----> amount 118 1 0.524636 0.475364 
 ----> amount 119 1 0.546169 0.453831 
 ----> amount 120 0 0.545326 0.454674 
 ----> amount 121 0 0.563121 0.436879 
 ----> amount 122 0 0.537404 0.462596 
 ----> amount 123 1 0.496976 0.503024 
 ----> amount 124 1 0.525293 0.474707 
 ----> amount 125 0 0.547657 0.452343 
 ----> amount 126 1 0.517336 0.482664 
 ----> amount 127 0 0.561311 0.438689 
 ----> amount 128 1 0.514098 0.485902 
 ----> amount 129 0 0.557296 0.442704 
 ----> amount 130 0 0.549101 0.450899 
 ----> amount 131 0 0.527035 0.472965 
 ----> amount 132 1 0.514741 0.485259 
 ----> amount 133 0 0.538845 0.461155 
 ----> amount 134 1 0.510244 0.489756 
 ----> amount 135 1 0.513764 0.486236 
 ----> amount 136 0 0.541219 0.458781 
 ----> amount 137 0 0.573735 0.426265 
 ----> amount 138 0 0.528334 0.471666 
 ----> amount 139 0 0.553178 0.446822 
 ----> amount 140 0 0.560601 0.439399 
 ----> amount 141 1 0.483232 0.516768 
 ----> amount 142 0 0.551102 0.448898 
 ----> amount 143 1 0.477717 0.522283 
 ----> amount 144 0 0.541535 0.458465 
 ----> amount 145 0 0.541015 0.458985 
 ----> amount 146 1 0.486776 0.513224 
 ----> amount 147 0 0.518919 0.481081 
 ----> amount 148 1 0.486269 0.513731 
 ----> amount 149 1 0.503746 0.496254 
 ----> amount 150 0 0.573952 0.426048 
 ----> amount 151 1 0.504771 0.495229 
 ----> amount 152 0 0.559193 0.440807 
 ----> amount 153 0 0.534639 0.465361 
 ----> amount 154 1 0.495435 0.504565 
 ----> amount 155 0 0.540718 0.459282 
 ----> amount 156 1 0.491312 0.508688 
 ----> amount 157 1 0.525124 0.474876 
 ----> amount 158 0 0.5588 0.4412 
 ----> amount 159 0 0.549673 0.450327 
 ----> amount 160 0 0.553218 0.446782 
 ----> amount 161 0 0.539687 0.460313 
 ----> amount 162 0 0.523484 0.476516 
 ----> amount 163 1 0.504769 0.495231 
 ----> amount 164 0 0.567313 0.432687 
 ----> amount 165 1 0.498903 0.501097 
 ----> amount 166 1 0.519308 0.480692 
 ----> amount 167 1 0.493047 0.506953 
 ----> amount 168 0 0.545546 0.454454 
 ----> amount 169 1 0.512638 0.487362 
 ----> amount 170 1 0.522216 0.477784 
 ----> amount 171 1 0.526311 0.473689 
 ----> amount 172 0 0.561098 0.438902 
 ----> amount 173 1 0.527112 0.472888 
 ----> amount 174 0 0.558383 0.441617 
 ----> amount 175 1 0.506255 0.493745 
 ----> amount 176 0 0.548631 0.451369 
 ----> amount 177 0 0.566114 0.433886 
 ----> amount 178 1 0.509737 0.490263 
 ----> amount 179 1 0.508648 0.491352 
 ----> amount 180 1 0.516416 0.483584 
 ----> amount 181 1 0.511482 0.488518 
 ----> amount 182 1 0.52266 0.47734 
 ----> amount 183 0 0.5634 0.4366 
 ----> amount 184 1 0.505252 0.494748 
 ----> amount 185 0 0.535612 0.464388 
 ----> amount 186 0 0.551071 0.448929 
 ----> amount 187 0 0.52852 0.47148 
 ----> amount 188 1 0.485492 0.514508 
 ----> amount 189 1 0.520143 0.479857 
 ----> amount 190 0 0.552897 0.447103 
 ----> amount 191 0 0.542141 0.457859 
 ----> amount 192 1 0.513488 0.486512 
 ----> amount 193 0 0.527972 0.472028 
 ----> amount 194 0 0.554307 0.445693 
 ----> amount 195 1 0.49973 0.50027 
 ----> amount 196 1 0.513175 0.486825 
 ----> amount 197 0 0.557762 0.442238 
 ----> amount 198 1 0.501873 0.498127 
 ----> amount 199 0 0.550404 0.449596 
 ----> amount 200 0 0.540653 0.459347 
 ----> amount 201 1 0.499372 0.500628 
 ----> amount 202 1 0.501473 0.498527 
 ----> amount 203 0 0.553361 0.446639 
 ----> amount 204 1 0.526869 0.473131 
 ----> amount 205 0 0.562983 0.437017 
 ----> amount 206 1 0.515834 0.484166 
 ----> amount 207 1 0.510348 0.489652 
 ----> amount 208 0 0.564356 0.435644 
 ----> amount 209 0 0.546349 0.453651 
 ----> amount 210 1 0.496876 0.503124 
 ----> amount 211 0 0.560358 0.439642 
 ----> amount 212 0 0.530868 0.469132 
 ----> amount 213 0 0.546194 0.453806 
 ----> amount 214 0 0.529755 0.470245 
 ----> amount 215 1 0.509943 0.490057 
 ----> amount 216 0 0.54745 0.45255 
 ----> amount 217 1 0.495715 0.504285 
 ----> amount 218 1 0.498507 0.501493 
 ----> amount 219 0 0.545782 0.454218 
 ----> amount 220 1 0.524917 0.475083 
 ----> amount 221 1 0.532225 0.467775 
 ----> amount 222 1 0.518451 0.481549 
 ----> amount 223 0 0.54245 0.45755 
 ----> amount 224 0 0.564784 0.435216 
 ----> amount 225 1 0.501703 0.498297 
 ----> amount 226 1 0.522451 0.477549 
 ----> amount 227 0 0.541871 0.458129 
 ----> amount 228 0 0.535901 0.464099 
 ----> amount 229 0 0.539406 0.460594 
 ----> amount 230 1 0.496017 0.503983 
 ----> amount 231 0 0.541686 0.458314 
 ----> amount 232 0 0.527279 0.472721 
 ----> amount 233 0 0.548206 0.451794 
 ----> amount 234 1 0.502516 0.497484 
 ----> amount 235 1 0.499791 0.500209 
 ----> amount 236 1 0.499921 0.500079 
 ----> amount 237 0 0.566992 0.433008 
 ----> amount 238 1 0.520264 0.479736 
 ----> amount 239 0 0.559074 0.440926 
 ----> amount 240 1 0.504881 0.495119 
 ----> amount 241 0 0.547617 0.452383 
 ----> amount 242 1 0.510925 0.489075 
 ----> amount 243 0 0.550348 0.449652 
 ----> amount 244 1 0.50056 0.49944 
 ----> amount 245 0 0.545008 0.454992 
 ----> amount 246 1 0.518764 0.481236 
 ----> amount 247 0 0.555478 0.444522 
 ----> amount 248 0 0.543122 0.456878 
 ----> amount 249 1 0.501175 0.498825 
 ----> amount 250 1 0.522764 0.477236 
 ----> amount 251 1 0.514426 0.485574 
 ----> amount 252 0 0.559812 0.440188 
 ----> amount 253 1 0.507532 0.492468 
 ----> amount 254 0 0.519697 0.480303 
 ----> amount 255 0 0.530069 0.469931 
 ----> amount 256 0 0.575476 0.424524 
 ----> amount 257 1 0.493618 0.506382 
 ----> amount 258 0 0.552033 0.447967 
 ----> amount 259 0 0.536012 0.463988 
 ----> amount 260 1 0.496846 0.503154 
 ----> amount 261 1 0.521882 0.478118 
 ----> amount 262 1 0.5241 0.4759 
 ----> amount 263 0 0.562861 0.437139 
 ----> amount 264 1 0.520589 0.479411 
 ----> amount 265 1 0.522303 0.477697 
 ----> amount 266 0 0.564463 0.435537 
 ----> amount 267 1 0.516456 0.483544 
 ----> amount 268 0 0.548882 0.451118 
 ----> amount 269 0 0.538107 0.461893 
 ----> amount 270 0 0.538795 0.461205 
 ----> amount 271 1 0.511608 0.488392 
 ----> amount 272 0 0.553821 0.446179 
 ----> amount 273 1 0.495261 0.504739 
 ----> amount 274 0 0.54705 0.45295 
 ----> amount 275 1 0.498984 0.501016 
 ----> amount 276 0 0.550108 0.449892 
 ----> amount 277 0 0.538025 0.461975 
 ----> amount 278 0 0.541694 0.458306 
 ----> amount 279 1 0.498719 0.501281 
 ----> amount 280 1 0.531256 0.468744 
 ----> amount 281 0 0.553465 0.446535 
 ----> amount 282 1 0.499456 0.500544 
 ----> amount 283 1 0.505449 0.494551 
 ----> amount 284 0 0.553458 0.446542 
 ----> amount 285 0 0.564599 0.435401 
 ----> amount 286 1 0.523094 0.476906 
 ----> amount 287 1 0.514205 0.485795 
 ----> amount 288 1 0.526347 0.473653 
 ----> amount 289 0 0.54964 0.45036 
 ----> amount 290 0 0.563139 0.436861 
 ----> amount 291 1 0.51595 0.48405 
 ----> amount 292 0 0.574109 0.425891 
 ----> amount 293 1 0.518946 0.481054 
 ----> amount 294 1 0.517344 0.482656 
 ----> amount 295 0 0.573199 0.426801 
 ----> amount 296 1 0.504809 0.495191 
 ----> amount 297 0 0.543449 0.456551 
 ----> amount 298 1 0.501297 0.498703 
 ----> amount 299 0 0.564098 0.435902 
 ----> amount 300 0 0.564929 0.435071 
 ----> amount 301 0 0.539079 0.460921 
 ----> amount 302 1 0.505737 0.494263 
 ----> amount 303 1 0.52137 0.47863 
 ----> amount 304 0 0.546395 0.453605 
 ----> amount 305 1 0.497505 0.502495 
 ----> amount 306 0 0.540481 0.459519 
 ----> amount 307 0 0.536838 0.463162 
 ----> amount 308 1 0.495256 0.504744 
 ----> amount 309 0 0.557577 0.442423 
 ----> amount 310 1 0.500005 0.499995 
 ----> amount 311 0 0.553861 0.446139 
 ----> amount 312 1 0.50745 0.49255 
 ----> amount 313 0 0.54172 0.45828 
 ----> amount 314 0 0.552631 0.447369 
 ----> amount 315 0 0.545607 0.454393 
 ----> amount 316 1 0.514091 0.485909 
 ----> amount 317 0 0.541835 0.458165 
 ----> amount 318 0 0.542353 0.457647 
 ----> amount 319 1 0.524489 0.475511 
 ----> amount 320 1 0.521343 0.478657 
 ----> amount 321 1 0.517242 0.482758 
 ----> amount 322 0 0.577467 0.422533 
 ----> amount 323 0 0.548392 0.451608 
 ----> amount 324 1 0.524571 0.475429 
 ----> amount 325 0 0.554593 0.445407 
 ----> amount 326 0 0.552731 0.447269 
 ----> amount 327 1 0.498533 0.501467 
 ----> amount 328 0 0.562032 0.437968 
 ----> amount 329 0 0.553217 0.446783 
 ----> amount 330 1 0.496218 0.503782 
 ----> amount 331 0 0.556828 0.443172 
 ----> amount 332 0 0.537916 0.462084 
 ----> amount 333 1 0.492786 0.507214 
 ----> amount 334 1 0.520141 0.479859 
 ----> amount 335 0 0.540678 0.459322 
 ----> amount 336 1 0.501531 0.498469 
 ----> amount 337 0 0.568411 0.431589 
 ----> amount 338 1 0.505047 0.494953 
 ----> amount 339 0 0.544728 0.455272 
 ----> amount 340 1 0.490671 0.509329 
 ----> amount 341 0 0.557872 0.442128 
 ----> amount 342 1 0.495146 0.504854 
 ----> amount 343 0 0.542096 0.457904 
 ----> amount 344 0 0.551639 0.448361 
 ----> amount 345 0 0.527604 0.472396 
 ----> amount 346 1 0.488551 0.511449 
 ----> amount 347 0 0.548661 0.451339 
 ----> amount 348 0 0.546384 0.453616 
 ----> amount 349 1 0.516705 0.483295 
 ----> amount 350 1 0.511149 0.488851 
 ----> amount 351 0 0.549979 0.450021 
 ----> amount 352 0 0.528688 0.471312 
 ----> amount 353 1 0.468338 0.531662 
 ----> amount 354 0 0.559911 0.440089 
 ----> amount 355 1 0.511117 0.488883 
 ----> amount 356 1 0.519963 0.480037 
 ----> amount 357 1 0.523383 0.476617 
 ----> amount 358 0 0.553323 0.446677 
 ----> amount 359 0 0.563756 0.436244 
 ----> amount 360 1 0.508733 0.491267 
 ----> amount 361 1 0.499764 0.500236 
 ----> amount 362 0 0.568545 0.431455 
 ----> amount 363 0 0.569985 0.430015 
 ----> amount 364 0 0.540755 0.459245 
 ----> amount 365 0 0.553551 0.446449 
 ----> amount 366 1 0.491466 0.508534 
 ----> amount 367 0 0.548345 0.451655 
 ----> amount 368 0 0.549453 0.450547 
 ----> amount 369 0 0.532093 0.467907 
 ----> amount 370 1 0.494238 0.505762 
 ----> amount 371 0 0.572946 0.427054 
 ----> amount 372 1 0.505357 0.494643 
 ----> amount 373 0 0.537307 0.462693 
 ----> amount 374 0 0.561626 0.438374 
 ----> amount 375 1 0.499704 0.500296 
 ----> amount 376 0 0.551666 0.448334 
 ----> amount 377 1 0.520108 0.479892 
 ----> amount 378 1 0.511701 0.488299 
 ----> amount 379 0 0.531074 0.468926 
 ----> amount 380 0 0.563119 0.436881 
 ----> amount 381 1 0.516097 0.483903 
 ----> amount 382 1 0.517648 0.482352 
 ----> amount 383 1 0.51951 0.48049 
 ----> amount 384 0 0.554047 0.445953 
 ----> amount 385 1 0.521865 0.478135 
 ----> amount 386 0 0.569431 0.430569 
 ----> amount 387 1 0.531726 0.468274 
 ----> amount 388 1 0.500885 0.499115 
 ----> amount 389 0 0.583341 0.416659 
 ----> amount 390 0 0.546886 0.453114 
 ----> amount 391 0 0.554852 0.445148 
 ----> amount 392 1 0.502378 0.497622 
 ----> amount 393 1 0.518695 0.481305 
 ----> amount 394 1 0.523244 0.476756 
 ----> amount 395 0 0.556135 0.443865 
 ----> amount 396 0 0.527623 0.472377 
 ----> amount 397 0 0.541487 0.458513 
 ----> amount 398 1 0.490488 0.509512 
 ----> amount 399 1 0.512529 0.487471 
 ----> amount 400 1 0.529021 0.470979 
 ----> amount 401 0 0.571638 0.428362 
 ----> amount 402 0 0.562049 0.437951 
 ----> amount 403 0 0.564061 0.435939 
 ----> amount 404 1 0.507548 0.492452 
 ----> amount 405 1 0.503412 0.496588 
 ----> amount 406 1 0.538147 0.461853 
 ----> amount 407 1 0.521724 0.478276 
 ----> amount 408 0 0.575546 0.424454 
 ----> amount 409 0 0.564051 0.435949 
 ----> amount 410 0 0.527598 0.472402 
 ----> amount 411 0 0.551756 0.448244 
 ----> amount 412 1 0.498087 0.501913 
 ----> amount 413 1 0.504871 0.495129 
 ----> amount 414 0 0.536718 0.463282 
 ----> amount 415 1 0.506613 0.493387 
 ----> amount 416 0 0.567099 0.432901 
 ----> amount 417 0 0.541177 0.458823 
 ----> amount 418 1 0.491888 0.508112 
 ----> amount 419 1 0.509682 0.490318 
 ----> amount 420 1 0.523772 0.476228 
 ----> amount 421 0 0.554017 0.445983 
 ----> amount 422 0 0.538041 0.461959 
 ----> amount 423 1 0.50654 0.49346 
 ----> amount 424 0 0.540397 0.459603 
 ----> amount 425 0 0.529106 0.470894 
 ----> amount 426 1 0.490977 0.509023 
 ----> amount 427 0 0.555767 0.444233 
 ----> amount 428 0 0.542441 0.457559 
 ----> amount 429 0 0.511097 0.488903 
 ----> amount 430 0 0.545153 0.454847 
 ----> amount 431 1 0.521634 0.478366 
 ----> amount 432 1 0.513536 0.486464 
 ----> amount 433 1 0.515077 0.484923 
 ----> amount 434 0 0.573765 0.426235 
 ----> amount 435 1 0.49732 0.50268 
 ----> amount 436 0 0.564286 0.435714 
 ----> amount 437 0 0.552022 0.447978 
 ----> amount 438 0 0.528517 0.471483 
 ----> amount 439 0 0.531443 0.468557 
 ----> amount 440 1 0.528861 0.471139 
 ----> amount 441 0 0.521408 0.478592 
 ----> amount 442 1 0.507582 0.492418 
 ----> amount 443 1 0.518544 0.481456 
 ----> amount 444 0 0.553803 0.446197 
 ----> amount 445 1 0.491055 0.508945 
 ----> amount 446 0 0.547601 0.452399 
 ----> amount 447 0 0.543537 0.456463 
 ----> amount 448 1 0.52023 0.47977 
 ----> amount 449 1 0.499437 0.500563 
 ----> amount 450 0 0.553659 0.446341 
 ----> amount 451 0 0.554052 0.445948 
 ----> amount 452 1 0.498007 0.501993 
 ----> amount 453 0 0.538635 0.461365 
 ----> amount 454 1 0.519728 0.480272 
 ----> amount 455 0 0.531372 0.468628 
 ----> amount 456 0 0.542353 0.457647 
 ----> amount 457 0 0.535883 0.464117 
 ----> amount 458 1 0.486389 0.513611 
 ----> amount 459 0 0.562384 0.437616 
 ----> amount 460 1 0.513018 0.486982 
 ----> amount 461 1 0.529665 0.470335 
 ----> amount 462 0 0.55021 0.44979 
 ----> amount 463 1 0.513089 0.486911 
 ----> amount 464 0 0.550583 0.449417 
 ----> amount 465 1 0.513767 0.486233 
 ----> amount 466 0 0.557939 0.442061 
 ----> amount 467 1 0.513974 0.486026 
 ----> amount 468 0 0.55842 0.44158 
 ----> amount 469 1 0.515357 0.484643 
 ----> amount 470 0 0.551096 0.448904 
 ----> amount 471 1 0.506066 0.493934 
 ----> amount 472 0 0.557498 0.442502 
 ----> amount 473 1 0.509596 0.490404 
 ----> amount 474 0 0.550243 0.449757 
 ----> amount 475 0 0.540668 0.459332 
 ----> amount 476 1 0.504783 0.495217 
 ----> amount 477 1 0.511987 0.488013 
 ----> amount 478 1 0.527616 0.472384 
 ----> amount 479 0 0.568968 0.431032 
 ----> amount 480 0 0.540273 0.459727 
 ----> amount 481 1 0.517955 0.482045 
 ----> amount 482 0 0.552513 0.447487 
 ----> amount 483 0 0.525595 0.474405 
 ----> amount 484 1 0.499694 0.500306 
 ----> amount 485 0 0.551801 0.448199 
 ----> amount 486 0 0.532834 0.467166 
 ----> amount 487 1 0.506377 0.493623 
 ----> amount 488 0 0.568391 0.431609 
 ----> amount 489 1 0.513688 0.486312 
 ----> amount 490 0 0.545636 0.454364 
 ----> amount 491 1 0.49681 0.50319 
 ----> amount 492 0 0.570687 0.429313 
 ----> amount 493 0 0.536293 0.463707 
 ----> amount 494 1 0.515576 0.484424 
 ----> amount 495 0 0.539518 0.460482 
 ----> amount 496 1 0.504505 0.495495 
 ----> amount 497 0 0.566162 0.433838 
 ----> amount 498 1 0.517074 0.482926 
 ----> amount 499 0 0.545348 0.454652 
 ----> amount 500 1 0.510951 0.489049 
 ----> amount 501 0 0.5395 0.4605 
 ----> amount 502 1 0.507824 0.492176 
 ----> amount 503 1 0.485874 0.514126 
 ----> amount 504 1 0.538428 0.461572 
 ----> amount 505 0 0.560319 0.439681 
 ----> amount 506 0 0.534434 0.465566 
 ----> amount 507 1 0.514444 0.485556 
 ----> amount 508 1 0.519639 0.480361 
 ----> amount 509 1 0.518366 0.481634 
 ----> amount 510 0 0.565207 0.434793 
 ----> amount 511 0 0.558403 0.441597 
 ----> amount 512 0 0.539214 0.460786 
 ----> amount 513 1 0.487322 0.512678 
 ----> amount 514 1 0.515353 0.484647 
 ----> amount 515 0 0.538422 0.461578 
 ----> amount 516 0 0.560851 0.439149 
 ----> amount 517 1 0.516552 0.483448 
 ----> amount 518 1 0.516797 0.483203 
 ----> amount 519 0 0.556193 0.443807 
 ----> amount 520 1 0.507413 0.492587 
 ----> amount 521 1 0.510447 0.489553 
 ----> amount 522 0 0.558924 0.441076 
 ----> amount 523 1 0.527694 0.472306 
 ----> amount 524 0 0.573476 0.426524 
 ----> amount 525 0 0.536911 0.463089 
 ----> amount 526 0 0.531251 0.468749 
 ----> amount 527 1 0.497511 0.502489 
 ----> amount 528 0 0.552913 0.447087 
 ----> amount 529 1 0.502708 0.497292 
 ----> amount 530 0 0.547618 0.452382 
 ----> amount 531 1 0.507838 0.492162 
 ----> amount 532 0 0.550229 0.449771 
 ----> amount 533 1 0.483712 0.516288 
 ----> amount 534 0 0.556454 0.443546 
 ----> amount 535 0 0.535807 0.464193 
 ----> amount 536 1 0.506202 0.493798 
 ----> amount 537 1 0.525883 0.474117 
 ----> amount 538 0 0.55445 0.44555 
 ----> amount 539 1 0.507817 0.492183 
 ----> amount 540 1 0.518584 0.481416 
 ----> amount 541 0 0.563793 0.436207 
 ----> amount 542 0 0.564185 0.435815 
 ----> amount 543 1 0.501581 0.498419 
 ----> amount 544 1 0.516879 0.483121 
 ----> amount 545 0 0.562888 0.437112 
 ----> amount 546 0 0.534723 0.465277 
 ----> amount 547 1 0.496601 0.503399 
 ----> amount 548 1 0.49729 0.50271 
 ----> amount 549 0 0.546241 0.453759 
 ----> amount 550 0 0.566782 0.433218 
 ----> amount 551 1 0.494574 0.505426 
 ----> amount 552 0 0.552959 0.447041 
 ----> amount 553 1 0.498575 0.501425 
 ----> amount 554 0 0.560635 0.439365 
 ----> amount 555 1 0.495644 0.504356 
 ----> amount 556 0 0.545324 0.454676 
 ----> amount 557 1 0.511022 0.488978 
 ----> amount 558 1 0.504964 0.495036 
 ----> amount 559 1 0.523294 0.476706 
 ----> amount 560 0 0.556225 0.443775 
 ----> amount 561 0 0.548329 0.451671 
 ----> amount 562 1 0.5007 0.4993 
 ----> amount 563 0 0.543704 0.456296 
 ----> amount 564 0 0.529069 0.470931 
 ----> amount 565 1 0.473293 0.526707 
 ----> amount 566 0 0.557712 0.442288 
 ----> amount 567 0 0.544429 0.455571 
 ----> amount 568 0 0.545183 0.454817 
 ----> amount 569 0 0.536938 0.463062 
 ----> amount 570 1 0.514143 0.485857 
 ----> amount 571 1 0.510088 0.489912 
 ----> amount 572 0 0.545445 0.454555 
 ----> amount 573 0 0.544599 0.455401 
 ----> amount 574 0 0.544904 0.455096 
 ----> amount 575 1 0.500979 0.499021 
 ----> amount 576 1 0.513996 0.486004 
 ----> amount 577 0 0.571818 0.428182 
 ----> amount 578 0 0.542928 0.457072 
 ----> amount 579 0 0.509967 0.490033 
 ----> amount 580 1 0.493991 0.506009 
 ----> amount 581 0 0.52779 0.47221 
 ----> amount 582 0 0.552901 0.447099 
 ----> amount 583 1 0.47845 0.52155 
 ----> amount 584 1 0.505703 0.494297 
 ----> amount 585 0 0.554753 0.445247 
 ----> amount 586 0 0.559231 0.440769 
 ----> amount 587 1 0.494149 0.505851 
 ----> amount 588 0 0.522176 0.477824 
 ----> amount 589 1 0.500039 0.499961 
 ----> amount 590 0 0.556632 0.443368 
 ----> amount 591 1 0.53387 0.46613 
 ----> amount 592 1 0.518094 0.481906 
 ----> amount 593 0 0.561154 0.438846 
 ----> amount 594 0 0.540976 0.459024 
 ----> amount 595 1 0.508385 0.491615 
 ----> amount 596 1 0.516514 0.483486 
 ----> amount 597 0 0.561115 0.438885 
 ----> amount 598 1 0.515443 0.484557 
 ----> amount 599 1 0.505584 0.494416 
 ----> amount 600 0 0.571869 0.428131 
 ----> amount 601 1 0.514042 0.485958 
 ----> amount 602 1 0.508829 0.491171 
 ----> amount 603 0 0.574191 0.425809 
 ----> amount 604 0 0.583825 0.416175 
 ----> amount 605 0 0.543463 0.456537 
 ----> amount 606 1 0.486383 0.513617 
 ----> amount 607 1 0.536616 0.463384 
 ----> amount 608 0 0.53998 0.46002 
 ----> amount 609 0 0.554624 0.445376 
 ----> amount 610 0 0.531461 0.468539 
 ----> amount 611 1 0.498775 0.501225 
 ----> amount 612 0 0.559573 0.440427 
 ----> amount 613 1 0.491199 0.508801 
 ----> amount 614 0 0.561007 0.438993 
 ----> amount 615 1 0.489916 0.510084 
 ----> amount 616 0 0.554554 0.445446 
 ----> amount 617 1 0.493384 0.506616 
 ----> amount 618 1 0.526905 0.473095 
 ----> amount 619 1 0.499714 0.500286 
 ----> amount 620 1 0.510867 0.489133 
 ----> amount 621 0 0.567259 0.432741 
 ----> amount 622 0 0.553731 0.446269 
 ----> amount 623 0 0.540019 0.459981 
 ----> amount 624 0 0.538625 0.461375 
 ----> amount 625 0 0.519952 0.480048 
 ----> amount 626 0 0.534925 0.465075 
 ----> amount 627 0 0.548782 0.451218 
 ----> amount 628 1 0.492969 0.507031 
 ----> amount 629 1 0.524573 0.475427 
 ----> amount 630 0 0.557964 0.442036 
 ----> amount 631 1 0.527004 0.472996 
 ----> amount 632 1 0.506653 0.493347 
 ----> amount 633 0 0.567354 0.432646 
 ----> amount 634 1 0.522609 0.477391 
 ----> amount 635 0 0.558773 0.441227 
 ----> amount 636 1 0.5069 0.4931 
 ----> amount 637 0 0.549624 0.450376 
 ----> amount 638 0 0.528574 0.471426 
 ----> amount 639 1 0.503285 0.496715 
 ----> amount 640 1 0.51329 0.48671 
 ----> amount 641 0 0.567998 0.432002 
 ----> amount 642 0 0.544223 0.455777 
 ----> amount 643 0 0.555315 0.444685 
 ----> amount 644 0 0.556836 0.443164 
 ----> amount 645 0 0.536955 0.463045 
 ----> amount 646 0 0.521939 0.478061 
 ----> amount 647 1 0.509114 0.490886 
 ----> amount 648 0 0.529862 0.470138 
 ----> amount 649 1 0.519317 0.480683 
 ----> amount 650 1 0.501706 0.498294 
 ----> amount 651 1 0.53523 0.46477 
 ----> amount 652 0 0.560334 0.439666 
 ----> amount 653 0 0.572758 0.427242 
 ----> amount 654 1 0.51019 0.48981 
 ----> amount 655 0 0.564801 0.435199 
 ----> amount 656 0 0.532838 0.467162 
 ----> amount 657 0 0.534054 0.465946 
 ----> amount 658 1 0.507533 0.492467 
 ----> amount 659 1 0.496513 0.503487 
 ----> amount 660 0 0.555189 0.444811 
 ----> amount 661 0 0.541485 0.458515 
 ----> amount 662 1 0.517733 0.482267 
 ----> amount 663 0 0.532093 0.467907 
 ----> amount 664 1 0.495703 0.504297 
 ----> amount 665 1 0.495671 0.504329 
 ----> amount 666 0 0.55159 0.44841 
 ----> amount 667 0 0.542547 0.457453 
 ----> amount 668 1 0.510865 0.489135 
 ----> amount 669 0 0.55293 0.44707 
 ----> amount 670 0 0.526475 0.473525 
 ----> amount 671 1 0.515963 0.484037 
 ----> amount 672 0 0.537584 0.462416 
 ----> amount 673 1 0.511729 0.488271 
 ----> amount 674 1 0.512059 0.487941 
 ----> amount 675 1 0.502137 0.497863 
 ----> amount 676 0 0.538927 0.461073 
 ----> amount 677 0 0.561808 0.438192 
 ----> amount 678 1 0.519247 0.480753 
 ----> amount 679 0 0.574956 0.425044 
 ----> amount 680 1 0.509182 0.490818 
 ----> amount 681 0 0.546676 0.453324 
 ----> amount 682 0 0.543246 0.456754 
 ----> amount 683 1 0.505465 0.494535 
 ----> amount 684 0 0.529784 0.470216 
 ----> amount 685 1 0.52067 0.47933 
 ----> amount 686 0 0.522722 0.477278 
 ----> amount 687 0 0.537701 0.462299 
 ----> amount 688 1 0.510075 0.489925 
 ----> amount 689 0 0.538152 0.461848 
 ----> amount 690 1 0.500181 0.499819 
 ----> amount 691 1 0.502921 0.497079 
 ----> amount 692 0 0.543511 0.456489 
 ----> amount 693 1 0.488556 0.511444 
 ----> amount 694 1 0.509442 0.490558 
 ----> amount 695 1 0.511203 0.488797 
 ----> amount 696 0 0.556955 0.443045 
 ----> amount 697 0 0.553806 0.446194 
 ----> amount 698 0 0.537082 0.462918 
 ----> amount 699 1 0.508435 0.491565 
 ----> amount 700 1 0.541063 0.458937 
 ----> amount 701 0 0.558219 0.441781 
 ----> amount 702 0 0.531303 0.468697 
 ----> amount 703 1 0.471586 0.528414 
 ----> amount 704 1 0.523832 0.476168 
 ----> amount 705 0 0.542313 0.457687 
 ----> amount 706 1 0.50509 0.49491 
 ----> amount 707 1 0.518122 0.481878 
 ----> amount 708 1 0.52501 0.47499 
 ----> amount 709 1 0.529605 0.470395 
 ----> amount 710 0 0.53829 0.46171 
 ----> amount 711 0 0.559507 0.440493 
 ----> amount 712 1 0.482414 0.517586 
 ----> amount 713 0 0.570988 0.429012 
 ----> amount 714 1 0.527068 0.472932 
 ----> amount 715 0 0.547226 0.452774 
 ----> amount 716 1 0.557404 0.442596 
 ----> amount 717 0 0.53405 0.46595 
 ----> amount 718 1 0.532235 0.467765 
