 ----> amount 1 1 0.563462 0.436538 
 ----> amount 2 0 0.503347 0.496653 
 ----> amount 3 1 0.576625 0.423375 
 ----> amount 4 0 0.529332 0.470668 
 ----> amount 5 0 0.562043 0.437957 
 ----> amount 6 1 0.639906 0.360094 
 ----> amount 7 0 0.613734 0.386266 
 ----> amount 8 0 0.568156 0.431844 
 ----> amount 9 1 0.51036 0.48964 
 ----> amount 10 1 0.485153 0.514847 
 ----> amount 11 0 0.554317 0.445683 
 ----> amount 12 0 0.576219 0.423781 
 ----> amount 13 0 0.556421 0.443579 
 ----> amount 14 1 0.50027 0.49973 
 ----> amount 15 0 0.526257 0.473743 
 ----> amount 16 1 0.555319 0.444681 
 ----> amount 17 1 0.547152 0.452848 
 ----> amount 18 0 0.538672 0.461328 
 ----> amount 19 1 0.594318 0.405682 
 ----> amount 20 0 0.47993 0.52007 
 ----> amount 21 0 0.504871 0.495129 
 ----> amount 22 1 0.543561 0.456439 
 ----> amount 23 0 0.538331 0.461669 
 ----> amount 24 0 0.527872 0.472128 
 ----> amount 25 1 0.519986 0.480014 
 ----> amount 26 0 0.545198 0.454802 
 ----> amount 27 1 0.546336 0.453664 
 ----> amount 28 1 0.543445 0.456555 
 ----> amount 29 0 0.483138 0.516862 
 ----> amount 30 0 0.55596 0.44404 
 ----> amount 31 0 0.578957 0.421043 
 ----> amount 32 0 0.549916 0.450084 
 ----> amount 33 1 0.504363 0.495637 
 ----> amount 34 0 0.553917 0.446083 
 ----> amount 35 1 0.55759 0.44241 
 ----> amount 36 0 0.539309 0.460691 
 ----> amount 37 0 0.573411 0.426589 
 ----> amount 38 1 0.473511 0.526489 
 ----> amount 39 1 0.56556 0.43444 
 ----> amount 40 1 0.496015 0.503985 
 ----> amount 41 0 0.481844 0.518156 
 ----> amount 42 0 0.614419 0.385581 
 ----> amount 43 0 0.50773 0.49227 
 ----> amount 44 0 0.575621 0.424379 
 ----> amount 45 1 0.532971 0.467029 
 ----> amount 46 1 0.559501 0.440499 
 ----> amount 47 0 0.55861 0.44139 
 ----> amount 48 0 0.548689 0.451311 
 ----> amount 49 1 0.532328 0.467672 
 ----> amount 50 1 0.523183 0.476817 
 ----> amount 51 1 0.589938 0.410062 
 ----> amount 52 0 0.557879 0.442121 
 ----> amount 53 1 0.48871 0.51129 
 ----> amount 54 1 0.517242 0.482758 
 ----> amount 55 0 0.576987 0.423013 
 ----> amount 56 0 0.539395 0.460605 
 ----> amount 57 1 0.534885 0.465115 
 ----> amount 58 0 0.520993 0.479007 
 ----> amount 59 1 0.508854 0.491146 
 ----> amount 60 1 0.471432 0.528568 
 ----> amount 61 0 0.602877 0.397123 
 ----> amount 62 1 0.461944 0.538056 
 ----> amount 63 0 0.569865 0.430135 
 ----> amount 64 1 0.488898 0.511102 
 ----> amount 65 0 0.517451 0.482549 
 ----> amount 66 1 0.568463 0.431537 
 ----> amount 67 0 0.532746 0.467254 
 ----> amount 68 0 0.557353 0.442647 
 ----> amount 69 1 0.518096 0.481904 
 ----> amount 70 1 0.510625 0.489375 
 ----> amount 71 0 0.521277 0.478723 
 ----> amount 72 0 0.540539 0.459461 
 ----> amount 73 1 0.468055 0.531945 
 ----> amount 74 1 0.498035 0.501965 
 ----> amount 75 0 0.603117 0.396883 
 ----> amount 76 1 0.520652 0.479348 
 ----> amount 77 0 0.545503 0.454497 
 ----> amount 78 1 0.577259 0.422741 
 ----> amount 79 0 0.547021 0.452979 
 ----> amount 80 1 0.522026 0.477974 
 ----> amount 81 1 0.502886 0.497114 
 ----> amount 82 1 0.510028 0.489972 
 ----> amount 83 0 0.567733 0.432267 
 ----> amount 84 1 0.436932 0.563068 
 ----> amount 85 0 0.640618 0.359382 
 ----> amount 86 0 0.58304 0.41696 
 ----> amount 87 0 0.575472 0.424528 
 ----> amount 88 0 0.55439 0.44561 
 ----> amount 89 1 0.548132 0.451868 
 ----> amount 90 1 0.492646 0.507354 
 ----> amount 91 0 0.573043 0.426957 
 ----> amount 92 1 0.503694 0.496306 
 ----> amount 93 0 0.537426 0.462574 
 ----> amount 94 1 0.53446 0.46554 
 ----> amount 95 0 0.527823 0.472177 
 ----> amount 96 0 0.547705 0.452295 
 ----> amount 97 0 0.525939 0.474061 
 ----> amount 98 0 0.545596 0.454404 
 ----> amount 99 1 0.54091 0.45909 
 ----> amount 100 0 0.528948 0.471052 
 ----> amount 101 1 0.496824 0.503176 
 ----> amount 102 1 0.49292 0.50708 
 ----> amount 103 0 0.538288 0.461712 
 ----> amount 104 0 0.544122 0.455878 
 ----> amount 105 0 0.577236 0.422764 
 ----> amount 106 0 0.591624 0.408376 
 ----> amount 107 0 0.56129 0.43871 
 ----> amount 108 1 0.539725 0.460275 
 ----> amount 109 0 0.568641 0.431359 
 ----> amount 110 0 0.566944 0.433056 
 ----> amount 111 1 0.488973 0.511027 
 ----> amount 112 0 0.590851 0.409149 
 ----> amount 113 1 0.460153 0.539847 
 ----> amount 114 1 0.483053 0.516947 
 ----> amount 115 0 0.525551 0.474449 
 ----> amount 116 1 0.531299 0.468701 
 ----> amount 117 1 0.498592 0.501408 
 ----> amount 118 1 0.525245 0.474755 
 ----> amount 119 1 0.545074 0.454926 
 ----> amount 120 0 0.516225 0.483775 
 ----> amount 121 0 0.561867 0.438133 
 ----> amount 122 0 0.511261 0.488739 
 ----> amount 123 1 0.487224 0.512776 
 ----> amount 124 1 0.526624 0.473376 
 ----> amount 125 0 0.500244 0.499756 
 ----> amount 126 1 0.526855 0.473145 
 ----> amount 127 0 0.574371 0.425629 
 ----> amount 128 1 0.496002 0.503998 
 ----> amount 129 0 0.519404 0.480596 
 ----> amount 130 0 0.567457 0.432543 
 ----> amount 131 0 0.488207 0.511793 
 ----> amount 132 1 0.552073 0.447927 
 ----> amount 133 0 0.536007 0.463993 
 ----> amount 134 1 0.515766 0.484234 
 ----> amount 135 1 0.527239 0.472761 
 ----> amount 136 0 0.518049 0.481951 
 ----> amount 137 0 0.570554 0.429446 
 ----> amount 138 0 0.620983 0.379017 
 ----> amount 139 0 0.53589 0.46411 
 ----> amount 140 0 0.563611 0.436389 
 ----> amount 141 1 0.507644 0.492356 
 ----> amount 142 0 0.587239 0.412761 
 ----> amount 143 1 0.484177 0.515823 
 ----> amount 144 0 0.529142 0.470858 
 ----> amount 145 0 0.572801 0.427199 
 ----> amount 146 1 0.526284 0.473716 
 ----> amount 147 0 0.526355 0.473645 
 ----> amount 148 1 0.490831 0.509169 
 ----> amount 149 1 0.486876 0.513124 
 ----> amount 150 0 0.639312 0.360688 
 ----> amount 151 1 0.507268 0.492732 
 ----> amount 152 0 0.579832 0.420168 
 ----> amount 153 0 0.552733 0.447267 
 ----> amount 154 1 0.544864 0.455136 
 ----> amount 155 0 0.557563 0.442437 
 ----> amount 156 1 0.529662 0.470338 
 ----> amount 157 1 0.506529 0.493471 
 ----> amount 158 0 0.577706 0.422294 
 ----> amount 159 0 0.559451 0.440549 
 ----> amount 160 0 0.553595 0.446405 
 ----> amount 161 0 0.639766 0.360234 
 ----> amount 162 0 0.503946 0.496054 
 ----> amount 163 1 0.532995 0.467005 
 ----> amount 164 0 0.591588 0.408412 
 ----> amount 165 1 0.501384 0.498616 
 ----> amount 166 1 0.514846 0.485154 
 ----> amount 167 1 0.504746 0.495254 
 ----> amount 168 0 0.552795 0.447205 
 ----> amount 169 1 0.51841 0.48159 
 ----> amount 170 1 0.488545 0.511455 
 ----> amount 171 1 0.51965 0.48035 
 ----> amount 172 0 0.564128 0.435872 
 ----> amount 173 1 0.520473 0.479527 
 ----> amount 174 0 0.541776 0.458224 
 ----> amount 175 1 0.489136 0.510864 
 ----> amount 176 0 0.51122 0.48878 
 ----> amount 177 0 0.642307 0.357693 
 ----> amount 178 1 0.508323 0.491677 
 ----> amount 179 1 0.468243 0.531757 
 ----> amount 180 1 0.519907 0.480093 
 ----> amount 181 1 0.485919 0.514081 
 ----> amount 182 1 0.50898 0.49102 
 ----> amount 183 0 0.546485 0.453515 
 ----> amount 184 1 0.506856 0.493144 
 ----> amount 185 0 0.545284 0.454716 
 ----> amount 186 0 0.525835 0.474165 
 ----> amount 187 0 0.537755 0.462245 
 ----> amount 188 1 0.48018 0.51982 
 ----> amount 189 1 0.530072 0.469928 
 ----> amount 190 0 0.513684 0.486316 
 ----> amount 191 0 0.537024 0.462976 
 ----> amount 192 1 0.547637 0.452363 
 ----> amount 193 0 0.524386 0.475614 
 ----> amount 194 0 0.569388 0.430612 
 ----> amount 195 1 0.526314 0.473686 
 ----> amount 196 1 0.556303 0.443697 
 ----> amount 197 0 0.560011 0.439989 
 ----> amount 198 1 0.488695 0.511305 
 ----> amount 199 0 0.503137 0.496863 
 ----> amount 200 0 0.562241 0.437759 
 ----> amount 201 1 0.501539 0.498461 
 ----> amount 202 1 0.541344 0.458656 
 ----> amount 203 0 0.564033 0.435967 
 ----> amount 204 1 0.519243 0.480757 
 ----> amount 205 0 0.593083 0.406917 
 ----> amount 206 1 0.56057 0.43943 
 ----> amount 207 1 0.461445 0.538555 
 ----> amount 208 0 0.559289 0.440711 
 ----> amount 209 0 0.541562 0.458438 
 ----> amount 210 1 0.508752 0.491248 
 ----> amount 211 0 0.539649 0.460351 
 ----> amount 212 0 0.520019 0.479981 
 ----> amount 213 0 0.546835 0.453165 
 ----> amount 214 0 0.529011 0.470989 
 ----> amount 215 1 0.52028 0.47972 
 ----> amount 216 0 0.557477 0.442523 
 ----> amount 217 1 0.485261 0.514739 
 ----> amount 218 1 0.490208 0.509792 
 ----> amount 219 0 0.536104 0.463896 
 ----> amount 220 1 0.551469 0.448531 
 ----> amount 221 1 0.506192 0.493808 
 ----> amount 222 1 0.512978 0.487022 
 ----> amount 223 0 0.529841 0.470159 
 ----> amount 224 0 0.588243 0.411757 
 ----> amount 225 1 0.461281 0.538719 
 ----> amount 226 1 0.569076 0.430924 
 ----> amount 227 0 0.559019 0.440981 
 ----> amount 228 0 0.564741 0.435259 
 ----> amount 229 0 0.561442 0.438558 
 ----> amount 230 1 0.467009 0.532991 
 ----> amount 231 0 0.522937 0.477063 
 ----> amount 232 0 0.457809 0.542191 
 ----> amount 233 0 0.547226 0.452774 
 ----> amount 234 1 0.513474 0.486526 
 ----> amount 235 1 0.496435 0.503565 
 ----> amount 236 1 0.485483 0.514517 
 ----> amount 237 0 0.575475 0.424525 
 ----> amount 238 1 0.509753 0.490247 
 ----> amount 239 0 0.550314 0.449686 
 ----> amount 240 1 0.505725 0.494275 
 ----> amount 241 0 0.498989 0.501011 
 ----> amount 242 1 0.471691 0.528309 
 ----> amount 243 0 0.508295 0.491705 
 ----> amount 244 1 0.498707 0.501293 
 ----> amount 245 0 0.5131 0.4869 
 ----> amount 246 1 0.568093 0.431907 
 ----> amount 247 0 0.594962 0.405038 
 ----> amount 248 0 0.54143 0.45857 
 ----> amount 249 1 0.507108 0.492892 
 ----> amount 250 1 0.532715 0.467285 
 ----> amount 251 1 0.492945 0.507055 
 ----> amount 252 0 0.527234 0.472766 
 ----> amount 253 1 0.52806 0.47194 
 ----> amount 254 0 0.52935 0.47065 
 ----> amount 255 0 0.555635 0.444365 
 ----> amount 256 0 0.629945 0.370055 
 ----> amount 257 1 0.483399 0.516601 
 ----> amount 258 0 0.49364 0.50636 
 ----> amount 259 0 0.512665 0.487335 
 ----> amount 260 1 0.512344 0.487656 
 ----> amount 261 1 0.525471 0.474529 
 ----> amount 262 1 0.497288 0.502712 
 ----> amount 263 0 0.549369 0.450631 
 ----> amount 264 1 0.531693 0.468307 
 ----> amount 265 1 0.538976 0.461024 
 ----> amount 266 0 0.548923 0.451077 
 ----> amount 267 1 0.520993 0.479007 
 ----> amount 268 0 0.525849 0.474151 
 ----> amount 269 0 0.501421 0.498579 
 ----> amount 270 0 0.594278 0.405722 
 ----> amount 271 1 0.509859 0.490141 
 ----> amount 272 0 0.535444 0.464556 
 ----> amount 273 1 0.531076 0.468924 
 ----> amount 274 0 0.497334 0.502666 
 ----> amount 275 1 0.506971 0.493029 
 ----> amount 276 0 0.543689 0.456311 
 ----> amount 277 0 0.564565 0.435435 
 ----> amount 278 0 0.513185 0.486815 
 ----> amount 279 1 0.492622 0.507378 
 ----> amount 280 1 0.522992 0.477008 
 ----> amount 281 0 0.502277 0.497723 
 ----> amount 282 1 0.483562 0.516438 
 ----> amount 283 1 0.455311 0.544689 
 ----> amount 284 0 0.59857 0.40143 
 ----> amount 285 0 0.594047 0.405953 
 ----> amount 286 1 0.527651 0.472349 
 ----> amount 287 1 0.497024 0.502976 
 ----> amount 288 1 0.54994 0.45006 
 ----> amount 289 0 0.523934 0.476066 
 ----> amount 290 0 0.551259 0.448741 
 ----> amount 291 1 0.537361 0.462639 
 ----> amount 292 0 0.552506 0.447494 
 ----> amount 293 1 0.549252 0.450748 
 ----> amount 294 1 0.479415 0.520585 
 ----> amount 295 0 0.55476 0.44524 
 ----> amount 296 1 0.500896 0.499104 
 ----> amount 297 0 0.559606 0.440394 
 ----> amount 298 1 0.488863 0.511137 
 ----> amount 299 0 0.50535 0.49465 
 ----> amount 300 0 0.593597 0.406403 
 ----> amount 301 0 0.532053 0.467947 
 ----> amount 302 1 0.521281 0.478719 
 ----> amount 303 1 0.495122 0.504878 
 ----> amount 304 0 0.611725 0.388275 
 ----> amount 305 1 0.456682 0.543318 
 ----> amount 306 0 0.513714 0.486286 
 ----> amount 307 0 0.500524 0.499476 
 ----> amount 308 1 0.504766 0.495234 
 ----> amount 309 0 0.583309 0.416691 
 ----> amount 310 1 0.47697 0.52303 
 ----> amount 311 0 0.570174 0.429826 
 ----> amount 312 1 0.539182 0.460818 
 ----> amount 313 0 0.520667 0.479333 
 ----> amount 314 0 0.571112 0.428888 
 ----> amount 315 0 0.578972 0.421028 
 ----> amount 316 1 0.512689 0.487311 
 ----> amount 317 0 0.549602 0.450398 
 ----> amount 318 0 0.532013 0.467987 
 ----> amount 319 1 0.479236 0.520764 
 ----> amount 320 1 0.496758 0.503242 
 ----> amount 321 1 0.548759 0.451241 
 ----> amount 322 0 0.517133 0.482867 
 ----> amount 323 0 0.558533 0.441467 
 ----> amount 324 1 0.56081 0.43919 
 ----> amount 325 0 0.502559 0.497441 
 ----> amount 326 0 0.55805 0.44195 
 ----> amount 327 1 0.506338 0.493662 
 ----> amount 328 0 0.550859 0.449141 
 ----> amount 329 0 0.555498 0.444502 
 ----> amount 330 1 0.493449 0.506551 
 ----> amount 331 0 0.580257 0.419743 
 ----> amount 332 0 0.522845 0.477155 
 ----> amount 333 1 0.499396 0.500604 
 ----> amount 334 1 0.524956 0.475044 
 ----> amount 335 0 0.51862 0.48138 
 ----> amount 336 1 0.484921 0.515079 
 ----> amount 337 0 0.584019 0.415981 
 ----> amount 338 1 0.50563 0.49437 
 ----> amount 339 0 0.502542 0.497458 
 ----> amount 340 1 0.480288 0.519712 
 ----> amount 341 0 0.557911 0.442089 
 ----> amount 342 1 0.481407 0.518593 
 ----> amount 343 0 0.587037 0.412963 
 ----> amount 344 0 0.563295 0.436705 
 ----> amount 345 0 0.516114 0.483886 
 ----> amount 346 1 0.456212 0.543788 
 ----> amount 347 0 0.580512 0.419488 
 ----> amount 348 0 0.557412 0.442588 
 ----> amount 349 1 0.503822 0.496178 
 ----> amount 350 1 0.529062 0.470938 
 ----> amount 351 0 0.511406 0.488594 
 ----> amount 352 0 0.51083 0.48917 
 ----> amount 353 1 0.44508 0.55492 
 ----> amount 354 0 0.5546 0.4454 
 ----> amount 355 1 0.530013 0.469987 
 ----> amount 356 1 0.527936 0.472064 
 ----> amount 357 1 0.514482 0.485518 
 ----> amount 358 0 0.550005 0.449995 
 ----> amount 359 0 0.543409 0.456591 
 ----> amount 360 1 0.581922 0.418078 
 ----> amount 361 1 0.414069 0.585931 
 ----> amount 362 0 0.637923 0.362077 
 ----> amount 363 0 0.640796 0.359204 
 ----> amount 364 0 0.525505 0.474495 
 ----> amount 365 0 0.605188 0.394812 
 ----> amount 366 1 0.466798 0.533202 
 ----> amount 367 0 0.554798 0.445202 
 ----> amount 368 0 0.512696 0.487304 
 ----> amount 369 0 0.541771 0.458229 
 ----> amount 370 1 0.481965 0.518035 
 ----> amount 371 0 0.570446 0.429554 
 ----> amount 372 1 0.515486 0.484514 
 ----> amount 373 0 0.515735 0.484265 
 ----> amount 374 0 0.599687 0.400313 
 ----> amount 375 1 0.517534 0.482466 
 ----> amount 376 0 0.511925 0.488075 
 ----> amount 377 1 0.577157 0.422843 
 ----> amount 378 1 0.475577 0.524423 
 ----> amount 379 0 0.541831 0.458169 
 ----> amount 380 0 0.570373 0.429627 
 ----> amount 381 1 0.528631 0.471369 
 ----> amount 382 1 0.501484 0.498516 
 ----> amount 383 1 0.522277 0.477723 
 ----> amount 384 0 0.549832 0.450168 
 ----> amount 385 1 0.523795 0.476205 
 ----> amount 386 0 0.582499 0.417501 
 ----> amount 387 1 0.564562 0.435438 
 ----> amount 388 1 0.47675 0.52325 
 ----> amount 389 0 0.561071 0.438929 
 ----> amount 390 0 0.532498 0.467502 
 ----> amount 391 0 0.581586 0.418414 
 ----> amount 392 1 0.555349 0.444651 
 ----> amount 393 1 0.504788 0.495212 
 ----> amount 394 1 0.516116 0.483884 
 ----> amount 395 0 0.537929 0.462071 
 ----> amount 396 0 0.510011 0.489989 
 ----> amount 397 0 0.532696 0.467304 
 ----> amount 398 1 0.514933 0.485067 
 ----> amount 399 1 0.5293 0.4707 
 ----> amount 400 1 0.518436 0.481564 
 ----> amount 401 0 0.526269 0.473731 
 ----> amount 402 0 0.546809 0.453191 
 ----> amount 403 0 0.583227 0.416773 
 ----> amount 404 1 0.530294 0.469706 
 ----> amount 405 1 0.492948 0.507052 
 ----> amount 406 1 0.521494 0.478506 
 ----> amount 407 1 0.477205 0.522795 
 ----> amount 408 0 0.576397 0.423603 
 ----> amount 409 0 0.558492 0.441508 
 ----> amount 410 0 0.509303 0.490697 
 ----> amount 411 0 0.633077 0.366923 
 ----> amount 412 1 0.488354 0.511646 
 ----> amount 413 1 0.486525 0.513475 
 ----> amount 414 0 0.495231 0.504769 
 ----> amount 415 1 0.54014 0.45986 
 ----> amount 416 0 0.608179 0.391821 
 ----> amount 417 0 0.534235 0.465765 
 ----> amount 418 1 0.491591 0.508409 
 ----> amount 419 1 0.507992 0.492008 
 ----> amount 420 1 0.553169 0.446831 
 ----> amount 421 0 0.548437 0.451563 
 ----> amount 422 0 0.524553 0.475447 
 ----> amount 423 1 0.50689 0.49311 
 ----> amount 424 0 0.51966 0.48034 
 ----> amount 425 0 0.516072 0.483928 
 ----> amount 426 1 0.507741 0.492259 
 ----> amount 427 0 0.560041 0.439959 
 ----> amount 428 0 0.574888 0.425112 
 ----> amount 429 0 0.547536 0.452464 
 ----> amount 430 0 0.52074 0.47926 
 ----> amount 431 1 0.537142 0.462858 
 ----> amount 432 1 0.534068 0.465932 
 ----> amount 433 1 0.47695 0.52305 
 ----> amount 434 0 0.583879 0.416121 
 ----> amount 435 1 0.447071 0.552929 
 ----> amount 436 0 0.545489 0.454511 
 ----> amount 437 0 0.537254 0.462746 
 ----> amount 438 0 0.493237 0.506763 
 ----> amount 439 0 0.542801 0.457199 
 ----> amount 440 1 0.519181 0.480819 
 ----> amount 441 0 0.509767 0.490233 
 ----> amount 442 1 0.521884 0.478116 
 ----> amount 443 1 0.51439 0.48561 
 ----> amount 444 0 0.593922 0.406078 
 ----> amount 445 1 0.486356 0.513644 
 ----> amount 446 0 0.60936 0.39064 
 ----> amount 447 0 0.522005 0.477995 
 ----> amount 448 1 0.566194 0.433806 
 ----> amount 449 1 0.489852 0.510148 
 ----> amount 450 0 0.559286 0.440714 
 ----> amount 451 0 0.537465 0.462535 
 ----> amount 452 1 0.498489 0.501511 
 ----> amount 453 0 0.552774 0.447226 
 ----> amount 454 1 0.515347 0.484653 
 ----> amount 455 0 0.537447 0.462553 
 ----> amount 456 0 0.530319 0.469681 
 ----> amount 457 0 0.544685 0.455315 
 ----> amount 458 1 0.471236 0.528764 
 ----> amount 459 0 0.603796 0.396204 
 ----> amount 460 1 0.513737 0.486263 
 ----> amount 461 1 0.521648 0.478352 
 ----> amount 462 0 0.552943 0.447057 
 ----> amount 463 1 0.5285 0.4715 
 ----> amount 464 0 0.578161 0.421839 
 ----> amount 465 1 0.475125 0.524875 
 ----> amount 466 0 0.53705 0.46295 
 ----> amount 467 1 0.519792 0.480208 
 ----> amount 468 0 0.544389 0.455611 
 ----> amount 469 1 0.544885 0.455115 
 ----> amount 470 0 0.544317 0.455683 
 ----> amount 471 1 0.540209 0.459791 
 ----> amount 472 0 0.565009 0.434991 
 ----> amount 473 1 0.482558 0.517442 
 ----> amount 474 0 0.559172 0.440828 
 ----> amount 475 0 0.566738 0.433262 
 ----> amount 476 1 0.529942 0.470058 
 ----> amount 477 1 0.475824 0.524176 
 ----> amount 478 1 0.500996 0.499004 
 ----> amount 479 0 0.589044 0.410956 
 ----> amount 480 0 0.582781 0.417219 
 ----> amount 481 1 0.526474 0.473526 
 ----> amount 482 0 0.507189 0.492811 
 ----> amount 483 0 0.528835 0.471165 
 ----> amount 484 1 0.509549 0.490451 
 ----> amount 485 0 0.568103 0.431897 
 ----> amount 486 0 0.514775 0.485225 
 ----> amount 487 1 0.465405 0.534595 
 ----> amount 488 0 0.567144 0.432856 
 ----> amount 489 1 0.50746 0.49254 
 ----> amount 490 0 0.531673 0.468327 
 ----> amount 491 1 0.520453 0.479547 
 ----> amount 492 0 0.596373 0.403627 
 ----> amount 493 0 0.522871 0.477129 
 ----> amount 494 1 0.538657 0.461343 
 ----> amount 495 0 0.509623 0.490377 
 ----> amount 496 1 0.50283 0.49717 
 ----> amount 497 0 0.575211 0.424789 
 ----> amount 498 1 0.457129 0.542871 
 ----> amount 499 0 0.606726 0.393274 
 ----> amount 500 1 0.524498 0.475502 
 ----> amount 501 0 0.533818 0.466182 
 ----> amount 502 1 0.557092 0.442908 
 ----> amount 503 1 0.470585 0.529415 
 ----> amount 504 1 0.55177 0.44823 
 ----> amount 505 0 0.575019 0.424981 
 ----> amount 506 0 0.510865 0.489135 
 ----> amount 507 1 0.522002 0.477998 
 ----> amount 508 1 0.528017 0.471983 
 ----> amount 509 1 0.516701 0.483299 
 ----> amount 510 0 0.555906 0.444094 
 ----> amount 511 0 0.542121 0.457879 
 ----> amount 512 0 0.547563 0.452437 
 ----> amount 513 1 0.502608 0.497392 
 ----> amount 514 1 0.485299 0.514701 
 ----> amount 515 0 0.530093 0.469907 
 ----> amount 516 0 0.546951 0.453049 
 ----> amount 517 1 0.572742 0.427258 
 ----> amount 518 1 0.534893 0.465107 
 ----> amount 519 0 0.56988 0.43012 
 ----> amount 520 1 0.53975 0.46025 
 ----> amount 521 1 0.479962 0.520038 
 ----> amount 522 0 0.535032 0.464968 
 ----> amount 523 1 0.505184 0.494816 
 ----> amount 524 0 0.580986 0.419014 
 ----> amount 525 0 0.559888 0.440112 
 ----> amount 526 0 0.519681 0.480319 
 ----> amount 527 1 0.490019 0.509981 
 ----> amount 528 0 0.53246 0.46754 
 ----> amount 529 1 0.538127 0.461873 
 ----> amount 530 0 0.534454 0.465546 
 ----> amount 531 1 0.554309 0.445691 
 ----> amount 532 0 0.536974 0.463026 
 ----> amount 533 1 0.455868 0.544132 
 ----> amount 534 0 0.535604 0.464396 
 ----> amount 535 0 0.520671 0.479329 
 ----> amount 536 1 0.50575 0.49425 
 ----> amount 537 1 0.554855 0.445145 
 ----> amount 538 0 0.537599 0.462401 
 ----> amount 539 1 0.49538 0.50462 
 ----> amount 540 1 0.515841 0.484159 
 ----> amount 541 0 0.633126 0.366874 
 ----> amount 542 0 0.582039 0.417961 
 ----> amount 543 1 0.471472 0.528528 
 ----> amount 544 1 0.523962 0.476038 
 ----> amount 545 0 0.512013 0.487987 
 ----> amount 546 0 0.458916 0.541084 
 ----> amount 547 1 0.520083 0.479917 
 ----> amount 548 1 0.482672 0.517328 
 ----> amount 549 0 0.542633 0.457367 
 ----> amount 550 0 0.609707 0.390293 
 ----> amount 551 1 0.503622 0.496378 
 ----> amount 552 0 0.541662 0.458338 
 ----> amount 553 1 0.523526 0.476474 
 ----> amount 554 0 0.570933 0.429067 
 ----> amount 555 1 0.410801 0.589199 
 ----> amount 556 0 0.573878 0.426122 
 ----> amount 557 1 0.466644 0.533356 
 ----> amount 558 1 0.485898 0.514102 
 ----> amount 559 1 0.499488 0.500512 
 ----> amount 560 0 0.572184 0.427816 
 ----> amount 561 0 0.578746 0.421254 
 ----> amount 562 1 0.499951 0.500049 
 ----> amount 563 0 0.541455 0.458545 
 ----> amount 564 0 0.541248 0.458752 
 ----> amount 565 1 0.391249 0.608751 
 ----> amount 566 0 0.606194 0.393806 
 ----> amount 567 0 0.618624 0.381376 
 ----> amount 568 0 0.560167 0.439833 
 ----> amount 569 0 0.571505 0.428495 
 ----> amount 570 1 0.52965 0.47035 
 ----> amount 571 1 0.456306 0.543694 
 ----> amount 572 0 0.550508 0.449492 
 ----> amount 573 0 0.512945 0.487055 
 ----> amount 574 0 0.604605 0.395395 
 ----> amount 575 1 0.522412 0.477588 
 ----> amount 576 1 0.535557 0.464443 
 ----> amount 577 0 0.551642 0.448358 
 ----> amount 578 0 0.50188 0.49812 
 ----> amount 579 0 0.527814 0.472186 
 ----> amount 580 1 0.48605 0.51395 
 ----> amount 581 0 0.522553 0.477447 
 ----> amount 582 0 0.564006 0.435994 
 ----> amount 583 1 0.499587 0.500413 
 ----> amount 584 1 0.507749 0.492251 
 ----> amount 585 0 0.54646 0.45354 
 ----> amount 586 0 0.535197 0.464803 
 ----> amount 587 1 0.489947 0.510053 
 ----> amount 588 0 0.511439 0.488561 
 ----> amount 589 1 0.491185 0.508815 
 ----> amount 590 0 0.520069 0.479931 
 ----> amount 591 1 0.554432 0.445568 
 ----> amount 592 1 0.530855 0.469145 
 ----> amount 593 0 0.539886 0.460114 
 ----> amount 594 0 0.54082 0.45918 
 ----> amount 595 1 0.515548 0.484452 
 ----> amount 596 1 0.54584 0.45416 
 ----> amount 597 0 0.486853 0.513147 
 ----> amount 598 1 0.483164 0.516836 
 ----> amount 599 1 0.517917 0.482083 
 ----> amount 600 0 0.523941 0.476059 
 ----> amount 601 1 0.531603 0.468397 
 ----> amount 602 1 0.493891 0.506109 
 ----> amount 603 0 0.565104 0.434896 
 ----> amount 604 0 0.612931 0.387069 
 ----> amount 605 0 0.547637 0.452363 
 ----> amount 606 1 0.464291 0.535709 
 ----> amount 607 1 0.550126 0.449874 
 ----> amount 608 0 0.499463 0.500537 
 ----> amount 609 0 0.616573 0.383427 
 ----> amount 610 0 0.5682 0.4318 
 ----> amount 611 1 0.453188 0.546812 
 ----> amount 612 0 0.531606 0.468394 
 ----> amount 613 1 0.502377 0.497623 
 ----> amount 614 0 0.533338 0.466662 
 ----> amount 615 1 0.459358 0.540642 
 ----> amount 616 0 0.539884 0.460116 
 ----> amount 617 1 0.521463 0.478537 
 ----> amount 618 1 0.520913 0.479087 
 ----> amount 619 1 0.392326 0.607674 
 ----> amount 620 1 0.492475 0.507525 
 ----> amount 621 0 0.585807 0.414193 
 ----> amount 622 0 0.54213 0.45787 
 ----> amount 623 0 0.570057 0.429943 
 ----> amount 624 0 0.56186 0.43814 
 ----> amount 625 0 0.520479 0.479521 
 ----> amount 626 0 0.54865 0.45135 
 ----> amount 627 0 0.573274 0.426726 
 ----> amount 628 1 0.523857 0.476143 
 ----> amount 629 1 0.500639 0.499361 
 ----> amount 630 0 0.51297 0.48703 
 ----> amount 631 1 0.548701 0.451299 
 ----> amount 632 1 0.490111 0.509889 
 ----> amount 633 0 0.575243 0.424757 
 ----> amount 634 1 0.510657 0.489343 
 ----> amount 635 0 0.517344 0.482656 
 ----> amount 636 1 0.538773 0.461227 
 ----> amount 637 0 0.551769 0.448231 
 ----> amount 638 0 0.47795 0.52205 
 ----> amount 639 1 0.499562 0.500438 
 ----> amount 640 1 0.499227 0.500773 
 ----> amount 641 0 0.58608 0.41392 
 ----> amount 642 0 0.534578 0.465422 
 ----> amount 643 0 0.581765 0.418235 
 ----> amount 644 0 0.520775 0.479225 
 ----> amount 645 0 0.524141 0.475859 
 ----> amount 646 0 0.539937 0.460063 
 ----> amount 647 1 0.523606 0.476394 
 ----> amount 648 0 0.55038 0.44962 
 ----> amount 649 1 0.489406 0.510594 
 ----> amount 650 1 0.520641 0.479359 
 ----> amount 651 1 0.540495 0.459505 
 ----> amount 652 0 0.544896 0.455104 
 ----> amount 653 0 0.603119 0.396881 
 ----> amount 654 1 0.499628 0.500372 
 ----> amount 655 0 0.630632 0.369368 
 ----> amount 656 0 0.54112 0.45888 
 ----> amount 657 0 0.529697 0.470303 
 ----> amount 658 1 0.513699 0.486301 
 ----> amount 659 1 0.466678 0.533322 
 ----> amount 660 0 0.526774 0.473226 
 ----> amount 661 0 0.520015 0.479985 
 ----> amount 662 1 0.50691 0.49309 
 ----> amount 663 0 0.57198 0.42802 
 ----> amount 664 1 0.488321 0.511679 
 ----> amount 665 1 0.487676 0.512324 
 ----> amount 666 0 0.482775 0.517225 
 ----> amount 667 0 0.561092 0.438908 
 ----> amount 668 1 0.521089 0.478911 
 ----> amount 669 0 0.553957 0.446043 
 ----> amount 670 0 0.480469 0.519531 
 ----> amount 671 1 0.53604 0.46396 
 ----> amount 672 0 0.565541 0.434459 
 ----> amount 673 1 0.48717 0.51283 
 ----> amount 674 1 0.513443 0.486557 
 ----> amount 675 1 0.47356 0.52644 
 ----> amount 676 0 0.50453 0.49547 
 ----> amount 677 0 0.520891 0.479109 
 ----> amount 678 1 0.560375 0.439625 
 ----> amount 679 0 0.62104 0.37896 
 ----> amount 680 1 0.507135 0.492865 
 ----> amount 681 0 0.61837 0.38163 
 ----> amount 682 0 0.544767 0.455233 
 ----> amount 683 1 0.530062 0.469938 
 ----> amount 684 0 0.49675 0.50325 
 ----> amount 685 1 0.571076 0.428924 
 ----> amount 686 0 0.47365 0.52635 
 ----> amount 687 0 0.596214 0.403786 
 ----> amount 688 1 0.499441 0.500559 
 ----> amount 689 0 0.511717 0.488283 
 ----> amount 690 1 0.506257 0.493743 
 ----> amount 691 1 0.534625 0.465375 
 ----> amount 692 0 0.525133 0.474867 
 ----> amount 693 1 0.491376 0.508624 
 ----> amount 694 1 0.510193 0.489807 
 ----> amount 695 1 0.50971 0.49029 
 ----> amount 696 0 0.505122 0.494878 
 ----> amount 697 0 0.522199 0.477801 
 ----> amount 698 0 0.530089 0.469911 
 ----> amount 699 1 0.56362 0.43638 
 ----> amount 700 1 0.600843 0.399157 
 ----> amount 701 0 0.565528 0.434472 
 ----> amount 702 0 0.469463 0.530537 
 ----> amount 703 1 0.448818 0.551182 
 ----> amount 704 1 0.538937 0.461063 
 ----> amount 705 0 0.549811 0.450189 
 ----> amount 706 1 0.478255 0.521745 
 ----> amount 707 1 0.529486 0.470514 
 ----> amount 708 1 0.482604 0.517396 
 ----> amount 709 1 0.532141 0.467859 
 ----> amount 710 0 0.479776 0.520224 
 ----> amount 711 0 0.523287 0.476713 
 ----> amount 712 1 0.51137 0.48863 
 ----> amount 713 0 0.58708 0.41292 
 ----> amount 714 1 0.54551 0.45449 
 ----> amount 715 0 0.530987 0.469013 
 ----> amount 716 1 0.646044 0.353956 
 ----> amount 717 0 0.502637 0.497363 
 ----> amount 718 1 0.488567 0.511433 
