 ----> amount 1 1 0.532946 0.467054 
 ----> amount 2 0 0.533456 0.466544 
 ----> amount 3 1 0.622091 0.377909 
 ----> amount 4 0 0.622253 0.377747 
 ----> amount 5 0 0.559845 0.440155 
 ----> amount 6 1 0.585972 0.414028 
 ----> amount 7 0 0.56559 0.43441 
 ----> amount 8 0 0.545672 0.454328 
 ----> amount 9 1 0.526084 0.473916 
 ----> amount 10 1 0.5225 0.4775 
 ----> amount 11 0 0.53997 0.46003 
 ----> amount 12 0 0.523954 0.476046 
 ----> amount 13 0 0.543434 0.456566 
 ----> amount 14 1 0.478131 0.521869 
 ----> amount 15 0 0.578043 0.421957 
 ----> amount 16 1 0.452606 0.547394 
 ----> amount 17 1 0.538192 0.461808 
 ----> amount 18 0 0.497412 0.502588 
 ----> amount 19 1 0.563835 0.436165 
 ----> amount 20 0 0.530445 0.469555 
 ----> amount 21 0 0.557503 0.442497 
 ----> amount 22 1 0.507045 0.492955 
 ----> amount 23 0 0.539909 0.460091 
 ----> amount 24 0 0.526252 0.473748 
 ----> amount 25 1 0.48421 0.51579 
 ----> amount 26 0 0.608992 0.391008 
 ----> amount 27 1 0.505957 0.494043 
 ----> amount 28 1 0.489788 0.510212 
 ----> amount 29 0 0.570852 0.429148 
 ----> amount 30 0 0.564804 0.435196 
 ----> amount 31 0 0.507753 0.492247 
 ----> amount 32 0 0.554809 0.445191 
 ----> amount 33 1 0.552403 0.447597 
 ----> amount 34 0 0.494184 0.505816 
 ----> amount 35 1 0.503508 0.496492 
 ----> amount 36 0 0.55395 0.44605 
 ----> amount 37 0 0.551272 0.448728 
 ----> amount 38 1 0.528984 0.471016 
 ----> amount 39 1 0.468156 0.531844 
 ----> amount 40 1 0.53461 0.46539 
 ----> amount 41 0 0.519178 0.480822 
 ----> amount 42 0 0.573722 0.426278 
 ----> amount 43 0 0.543172 0.456828 
 ----> amount 44 0 0.522779 0.477221 
 ----> amount 45 1 0.537022 0.462978 
 ----> amount 46 1 0.500978 0.499022 
 ----> amount 47 0 0.526721 0.473279 
 ----> amount 48 0 0.50128 0.49872 
 ----> amount 49 1 0.513305 0.486695 
 ----> amount 50 1 0.541996 0.458004 
 ----> amount 51 1 0.558828 0.441172 
 ----> amount 52 0 0.549307 0.450693 
 ----> amount 53 1 0.507292 0.492708 
 ----> amount 54 1 0.533003 0.466997 
 ----> amount 55 0 0.559328 0.440672 
 ----> amount 56 0 0.541174 0.458826 
 ----> amount 57 1 0.527585 0.472415 
 ----> amount 58 0 0.508275 0.491725 
 ----> amount 59 1 0.524718 0.475282 
 ----> amount 60 1 0.530527 0.469473 
 ----> amount 61 0 0.545767 0.454233 
 ----> amount 62 1 0.480113 0.519887 
 ----> amount 63 0 0.538668 0.461332 
 ----> amount 64 1 0.523585 0.476415 
 ----> amount 65 0 0.560207 0.439793 
 ----> amount 66 1 0.488455 0.511545 
 ----> amount 67 0 0.526899 0.473101 
 ----> amount 68 0 0.55391 0.44609 
 ----> amount 69 1 0.542692 0.457308 
 ----> amount 70 1 0.532271 0.467729 
 ----> amount 71 0 0.516094 0.483906 
 ----> amount 72 0 0.545841 0.454159 
 ----> amount 73 1 0.479375 0.520625 
 ----> amount 74 1 0.530001 0.469999 
 ----> amount 75 0 0.53282 0.46718 
 ----> amount 76 1 0.503855 0.496145 
 ----> amount 77 0 0.526881 0.473119 
 ----> amount 78 1 0.52259 0.47741 
 ----> amount 79 0 0.564431 0.435569 
 ----> amount 80 1 0.526975 0.473025 
 ----> amount 81 1 0.54736 0.45264 
 ----> amount 82 1 0.508831 0.491169 
 ----> amount 83 0 0.547161 0.452839 
 ----> amount 84 1 0.483233 0.516767 
 ----> amount 85 0 0.527474 0.472526 
 ----> amount 86 0 0.482966 0.517034 
 ----> amount 87 0 0.560866 0.439134 
 ----> amount 88 0 0.533299 0.466701 
 ----> amount 89 1 0.534968 0.465032 
 ----> amount 90 1 0.517532 0.482468 
 ----> amount 91 0 0.547793 0.452207 
 ----> amount 92 1 0.56354 0.43646 
 ----> amount 93 0 0.568962 0.431038 
 ----> amount 94 1 0.532487 0.467513 
 ----> amount 95 0 0.527501 0.472499 
 ----> amount 96 0 0.575495 0.424505 
 ----> amount 97 0 0.512947 0.487053 
 ----> amount 98 0 0.547638 0.452362 
 ----> amount 99 1 0.523769 0.476231 
 ----> amount 100 0 0.551302 0.448698 
 ----> amount 101 1 0.528289 0.471711 
 ----> amount 102 1 0.520066 0.479934 
 ----> amount 103 0 0.570892 0.429108 
 ----> amount 104 0 0.542215 0.457785 
 ----> amount 105 0 0.535968 0.464032 
 ----> amount 106 0 0.5547 0.4453 
 ----> amount 107 0 0.550486 0.449514 
 ----> amount 108 1 0.517452 0.482548 
 ----> amount 109 0 0.550352 0.449648 
 ----> amount 110 0 0.537918 0.462082 
 ----> amount 111 1 0.479377 0.520623 
 ----> amount 112 0 0.56743 0.43257 
 ----> amount 113 1 0.498788 0.501212 
 ----> amount 114 1 0.520541 0.479459 
 ----> amount 115 0 0.597133 0.402867 
 ----> amount 116 1 0.510157 0.489843 
 ----> amount 117 1 0.536963 0.463037 
 ----> amount 118 1 0.516262 0.483738 
 ----> amount 119 1 0.508963 0.491037 
 ----> amount 120 0 0.544241 0.455759 
 ----> amount 121 0 0.518675 0.481325 
 ----> amount 122 0 0.507504 0.492496 
 ----> amount 123 1 0.526392 0.473608 
 ----> amount 124 1 0.520777 0.479223 
 ----> amount 125 0 0.547673 0.452327 
 ----> amount 126 1 0.558677 0.441323 
 ----> amount 127 0 0.572413 0.427587 
 ----> amount 128 1 0.50751 0.49249 
 ----> amount 129 0 0.54633 0.45367 
 ----> amount 130 0 0.618179 0.381821 
 ----> amount 131 0 0.569019 0.430981 
 ----> amount 132 1 0.533403 0.466597 
 ----> amount 133 0 0.568064 0.431936 
 ----> amount 134 1 0.53369 0.46631 
 ----> amount 135 1 0.495334 0.504666 
 ----> amount 136 0 0.542158 0.457842 
 ----> amount 137 0 0.518949 0.481051 
 ----> amount 138 0 0.543701 0.456299 
 ----> amount 139 0 0.582725 0.417275 
 ----> amount 140 0 0.547915 0.452085 
 ----> amount 141 1 0.488009 0.511991 
 ----> amount 142 0 0.561207 0.438793 
 ----> amount 143 1 0.473214 0.526786 
 ----> amount 144 0 0.58383 0.41617 
 ----> amount 145 0 0.531789 0.468211 
 ----> amount 146 1 0.435271 0.564729 
 ----> amount 147 0 0.53071 0.46929 
 ----> amount 148 1 0.441459 0.558541 
 ----> amount 149 1 0.487325 0.512675 
 ----> amount 150 0 0.554474 0.445526 
 ----> amount 151 1 0.529655 0.470345 
 ----> amount 152 0 0.564027 0.435973 
 ----> amount 153 0 0.570881 0.429119 
 ----> amount 154 1 0.49389 0.50611 
 ----> amount 155 0 0.520933 0.479067 
 ----> amount 156 1 0.502354 0.497646 
 ----> amount 157 1 0.540487 0.459513 
 ----> amount 158 0 0.549095 0.450905 
 ----> amount 159 0 0.534532 0.465468 
 ----> amount 160 0 0.593127 0.406873 
 ----> amount 161 0 0.572402 0.427598 
 ----> amount 162 0 0.514372 0.485628 
 ----> amount 163 1 0.522491 0.477509 
 ----> amount 164 0 0.540586 0.459414 
 ----> amount 165 1 0.537862 0.462138 
 ----> amount 166 1 0.500192 0.499808 
 ----> amount 167 1 0.503203 0.496797 
 ----> amount 168 0 0.533077 0.466923 
 ----> amount 169 1 0.522505 0.477495 
 ----> amount 170 1 0.547165 0.452835 
 ----> amount 171 1 0.495596 0.504404 
 ----> amount 172 0 0.545852 0.454148 
 ----> amount 173 1 0.498582 0.501418 
 ----> amount 174 0 0.531492 0.468508 
 ----> amount 175 1 0.525682 0.474318 
 ----> amount 176 0 0.579393 0.420607 
 ----> amount 177 0 0.571677 0.428323 
 ----> amount 178 1 0.538662 0.461338 
 ----> amount 179 1 0.537587 0.462413 
 ----> amount 180 1 0.55956 0.44044 
 ----> amount 181 1 0.471269 0.528731 
 ----> amount 182 1 0.529523 0.470477 
 ----> amount 183 0 0.552695 0.447305 
 ----> amount 184 1 0.530489 0.469511 
 ----> amount 185 0 0.508868 0.491132 
 ----> amount 186 0 0.531717 0.468283 
 ----> amount 187 0 0.523645 0.476355 
 ----> amount 188 1 0.486358 0.513642 
 ----> amount 189 1 0.549189 0.450811 
 ----> amount 190 0 0.545767 0.454233 
 ----> amount 191 0 0.528581 0.471419 
 ----> amount 192 1 0.526449 0.473551 
 ----> amount 193 0 0.551314 0.448686 
 ----> amount 194 0 0.527232 0.472768 
 ----> amount 195 1 0.509577 0.490423 
 ----> amount 196 1 0.511329 0.488671 
 ----> amount 197 0 0.528796 0.471204 
 ----> amount 198 1 0.512054 0.487946 
 ----> amount 199 0 0.552937 0.447063 
 ----> amount 200 0 0.511147 0.488853 
 ----> amount 201 1 0.531194 0.468806 
 ----> amount 202 1 0.477943 0.522057 
 ----> amount 203 0 0.511729 0.488271 
 ----> amount 204 1 0.525817 0.474183 
 ----> amount 205 0 0.622794 0.377206 
 ----> amount 206 1 0.44554 0.55446 
 ----> amount 207 1 0.51134 0.48866 
 ----> amount 208 0 0.613358 0.386642 
 ----> amount 209 0 0.555585 0.444415 
 ----> amount 210 1 0.470778 0.529222 
 ----> amount 211 0 0.526995 0.473005 
 ----> amount 212 0 0.562221 0.437779 
 ----> amount 213 0 0.523859 0.476141 
 ----> amount 214 0 0.520156 0.479844 
 ----> amount 215 1 0.554341 0.445659 
 ----> amount 216 0 0.522887 0.477113 
 ----> amount 217 1 0.520504 0.479496 
 ----> amount 218 1 0.566156 0.433844 
 ----> amount 219 0 0.556441 0.443559 
 ----> amount 220 1 0.518811 0.481189 
 ----> amount 221 1 0.524941 0.475059 
 ----> amount 222 1 0.506809 0.493191 
 ----> amount 223 0 0.524308 0.475692 
 ----> amount 224 0 0.551301 0.448699 
 ----> amount 225 1 0.480557 0.519443 
 ----> amount 226 1 0.517254 0.482746 
 ----> amount 227 0 0.542352 0.457648 
 ----> amount 228 0 0.520497 0.479503 
 ----> amount 229 0 0.570298 0.429702 
 ----> amount 230 1 0.499047 0.500953 
 ----> amount 231 0 0.553804 0.446196 
 ----> amount 232 0 0.577467 0.422533 
 ----> amount 233 0 0.561423 0.438577 
 ----> amount 234 1 0.506868 0.493132 
 ----> amount 235 1 0.502967 0.497033 
 ----> amount 236 1 0.515371 0.484629 
 ----> amount 237 0 0.547646 0.452354 
 ----> amount 238 1 0.521188 0.478812 
 ----> amount 239 0 0.535798 0.464202 
 ----> amount 240 1 0.537956 0.462044 
 ----> amount 241 0 0.517543 0.482457 
 ----> amount 242 1 0.553422 0.446578 
 ----> amount 243 0 0.530593 0.469407 
 ----> amount 244 1 0.530937 0.469063 
 ----> amount 245 0 0.532364 0.467636 
 ----> amount 246 1 0.512712 0.487288 
 ----> amount 247 0 0.546347 0.453653 
 ----> amount 248 0 0.552113 0.447887 
 ----> amount 249 1 0.481748 0.518252 
 ----> amount 250 1 0.543116 0.456884 
 ----> amount 251 1 0.494089 0.505911 
 ----> amount 252 0 0.567831 0.432169 
 ----> amount 253 1 0.500584 0.499416 
 ----> amount 254 0 0.517584 0.482416 
 ----> amount 255 0 0.546003 0.453997 
 ----> amount 256 0 0.563127 0.436873 
 ----> amount 257 1 0.502908 0.497092 
 ----> amount 258 0 0.529786 0.470214 
 ----> amount 259 0 0.539804 0.460196 
 ----> amount 260 1 0.555534 0.444466 
 ----> amount 261 1 0.464926 0.535074 
 ----> amount 262 1 0.555341 0.444659 
 ----> amount 263 0 0.527122 0.472878 
 ----> amount 264 1 0.564346 0.435654 
 ----> amount 265 1 0.483606 0.516394 
 ----> amount 266 0 0.563015 0.436985 
 ----> amount 267 1 0.510144 0.489856 
 ----> amount 268 0 0.543386 0.456614 
 ----> amount 269 0 0.533329 0.466671 
 ----> amount 270 0 0.536638 0.463362 
 ----> amount 271 1 0.540016 0.459984 
 ----> amount 272 0 0.576393 0.423607 
 ----> amount 273 1 0.491085 0.508915 
 ----> amount 274 0 0.56012 0.43988 
 ----> amount 275 1 0.554308 0.445692 
 ----> amount 276 0 0.539817 0.460183 
 ----> amount 277 0 0.520119 0.479881 
 ----> amount 278 0 0.541475 0.458525 
 ----> amount 279 1 0.499054 0.500946 
 ----> amount 280 1 0.5545 0.4455 
 ----> amount 281 0 0.570089 0.429911 
 ----> amount 282 1 0.518437 0.481563 
 ----> amount 283 1 0.517325 0.482675 
 ----> amount 284 0 0.508603 0.491397 
 ----> amount 285 0 0.550883 0.449117 
 ----> amount 286 1 0.53846 0.46154 
 ----> amount 287 1 0.506141 0.493859 
 ----> amount 288 1 0.532721 0.467279 
 ----> amount 289 0 0.545908 0.454092 
 ----> amount 290 0 0.554961 0.445039 
 ----> amount 291 1 0.518879 0.481121 
 ----> amount 292 0 0.527186 0.472814 
 ----> amount 293 1 0.512841 0.487159 
 ----> amount 294 1 0.492611 0.507389 
 ----> amount 295 0 0.576452 0.423548 
 ----> amount 296 1 0.505222 0.494778 
 ----> amount 297 0 0.479392 0.520608 
 ----> amount 298 1 0.511185 0.488815 
 ----> amount 299 0 0.593847 0.406153 
 ----> amount 300 0 0.603908 0.396092 
 ----> amount 301 0 0.536792 0.463208 
 ----> amount 302 1 0.531676 0.468324 
 ----> amount 303 1 0.58018 0.41982 
 ----> amount 304 0 0.515922 0.484078 
 ----> amount 305 1 0.511059 0.488941 
 ----> amount 306 0 0.569158 0.430842 
 ----> amount 307 0 0.52213 0.47787 
 ----> amount 308 1 0.558276 0.441724 
 ----> amount 309 0 0.546066 0.453934 
 ----> amount 310 1 0.503432 0.496568 
 ----> amount 311 0 0.54908 0.45092 
 ----> amount 312 1 0.502139 0.497861 
 ----> amount 313 0 0.54871 0.45129 
 ----> amount 314 0 0.535765 0.464235 
 ----> amount 315 0 0.593487 0.406513 
 ----> amount 316 1 0.520131 0.479869 
 ----> amount 317 0 0.537181 0.462819 
 ----> amount 318 0 0.524997 0.475003 
 ----> amount 319 1 0.547469 0.452531 
 ----> amount 320 1 0.517741 0.482259 
 ----> amount 321 1 0.497607 0.502393 
 ----> amount 322 0 0.558957 0.441043 
 ----> amount 323 0 0.577407 0.422593 
 ----> amount 324 1 0.542934 0.457066 
 ----> amount 325 0 0.551916 0.448084 
 ----> amount 326 0 0.633655 0.366345 
 ----> amount 327 1 0.498201 0.501799 
 ----> amount 328 0 0.54142 0.45858 
 ----> amount 329 0 0.559359 0.440641 
 ----> amount 330 1 0.546394 0.453606 
 ----> amount 331 0 0.536162 0.463838 
 ----> amount 332 0 0.542984 0.457016 
 ----> amount 333 1 0.504656 0.495344 
 ----> amount 334 1 0.530251 0.469749 
 ----> amount 335 0 0.526613 0.473387 
 ----> amount 336 1 0.501634 0.498366 
 ----> amount 337 0 0.592459 0.407541 
 ----> amount 338 1 0.533023 0.466977 
 ----> amount 339 0 0.576196 0.423804 
 ----> amount 340 1 0.467182 0.532818 
 ----> amount 341 0 0.549986 0.450014 
 ----> amount 342 1 0.570632 0.429368 
 ----> amount 343 0 0.531375 0.468625 
 ----> amount 344 0 0.514764 0.485236 
 ----> amount 345 0 0.546394 0.453606 
 ----> amount 346 1 0.496478 0.503522 
 ----> amount 347 0 0.525603 0.474397 
 ----> amount 348 0 0.555531 0.444469 
 ----> amount 349 1 0.543131 0.456869 
 ----> amount 350 1 0.519059 0.480941 
 ----> amount 351 0 0.541959 0.458041 
 ----> amount 352 0 0.543094 0.456906 
 ----> amount 353 1 0.501244 0.498756 
 ----> amount 354 0 0.508124 0.491876 
 ----> amount 355 1 0.503953 0.496047 
 ----> amount 356 1 0.488065 0.511935 
 ----> amount 357 1 0.559528 0.440472 
 ----> amount 358 0 0.536267 0.463733 
 ----> amount 359 0 0.563042 0.436958 
 ----> amount 360 1 0.465432 0.534568 
 ----> amount 361 1 0.51645 0.48355 
 ----> amount 362 0 0.576195 0.423805 
 ----> amount 363 0 0.544591 0.455409 
 ----> amount 364 0 0.533423 0.466577 
 ----> amount 365 0 0.548889 0.451111 
 ----> amount 366 1 0.540392 0.459608 
 ----> amount 367 0 0.529434 0.470566 
 ----> amount 368 0 0.590405 0.409595 
 ----> amount 369 0 0.544203 0.455797 
 ----> amount 370 1 0.485504 0.514496 
 ----> amount 371 0 0.540292 0.459708 
 ----> amount 372 1 0.48563 0.51437 
 ----> amount 373 0 0.577002 0.422998 
 ----> amount 374 0 0.530074 0.469926 
 ----> amount 375 1 0.497304 0.502696 
 ----> amount 376 0 0.537304 0.462696 
 ----> amount 377 1 0.561502 0.438498 
 ----> amount 378 1 0.464801 0.535199 
 ----> amount 379 0 0.495179 0.504821 
 ----> amount 380 0 0.570922 0.429078 
 ----> amount 381 1 0.485367 0.514633 
 ----> amount 382 1 0.522262 0.477738 
 ----> amount 383 1 0.494912 0.505088 
 ----> amount 384 0 0.538488 0.461512 
 ----> amount 385 1 0.527036 0.472964 
 ----> amount 386 0 0.592455 0.407545 
 ----> amount 387 1 0.495913 0.504087 
 ----> amount 388 1 0.489446 0.510554 
 ----> amount 389 0 0.567387 0.432613 
 ----> amount 390 0 0.557155 0.442845 
 ----> amount 391 0 0.599732 0.400268 
 ----> amount 392 1 0.470651 0.529349 
 ----> amount 393 1 0.545354 0.454646 
 ----> amount 394 1 0.53704 0.46296 
 ----> amount 395 0 0.541411 0.458589 
 ----> amount 396 0 0.554324 0.445676 
 ----> amount 397 0 0.558776 0.441224 
 ----> amount 398 1 0.458882 0.541118 
 ----> amount 399 1 0.53056 0.46944 
 ----> amount 400 1 0.527275 0.472725 
 ----> amount 401 0 0.574056 0.425944 
 ----> amount 402 0 0.508363 0.491637 
 ----> amount 403 0 0.56912 0.43088 
 ----> amount 404 1 0.505492 0.494508 
 ----> amount 405 1 0.530267 0.469733 
 ----> amount 406 1 0.528168 0.471832 
 ----> amount 407 1 0.504069 0.495931 
 ----> amount 408 0 0.583833 0.416167 
 ----> amount 409 0 0.558766 0.441234 
 ----> amount 410 0 0.54587 0.45413 
 ----> amount 411 0 0.543386 0.456614 
 ----> amount 412 1 0.53746 0.46254 
 ----> amount 413 1 0.530299 0.469701 
 ----> amount 414 0 0.537027 0.462973 
 ----> amount 415 1 0.535527 0.464473 
 ----> amount 416 0 0.509156 0.490844 
 ----> amount 417 0 0.590341 0.409659 
 ----> amount 418 1 0.456682 0.543318 
 ----> amount 419 1 0.515885 0.484115 
 ----> amount 420 1 0.538873 0.461127 
 ----> amount 421 0 0.536133 0.463867 
 ----> amount 422 0 0.555128 0.444872 
 ----> amount 423 1 0.530723 0.469277 
 ----> amount 424 0 0.53478 0.46522 
 ----> amount 425 0 0.532989 0.467011 
 ----> amount 426 1 0.526069 0.473931 
 ----> amount 427 0 0.514711 0.485289 
 ----> amount 428 0 0.483427 0.516573 
 ----> amount 429 0 0.550941 0.449059 
 ----> amount 430 0 0.584806 0.415194 
 ----> amount 431 1 0.520141 0.479859 
 ----> amount 432 1 0.53647 0.46353 
 ----> amount 433 1 0.516219 0.483781 
 ----> amount 434 0 0.565816 0.434184 
 ----> amount 435 1 0.481202 0.518798 
 ----> amount 436 0 0.513723 0.486277 
 ----> amount 437 0 0.554539 0.445461 
 ----> amount 438 0 0.527433 0.472567 
 ----> amount 439 0 0.52947 0.47053 
 ----> amount 440 1 0.526507 0.473493 
 ----> amount 441 0 0.52223 0.47777 
 ----> amount 442 1 0.530852 0.469148 
 ----> amount 443 1 0.504087 0.495913 
 ----> amount 444 0 0.510991 0.489009 
 ----> amount 445 1 0.439372 0.560628 
 ----> amount 446 0 0.531316 0.468684 
 ----> amount 447 0 0.577349 0.422651 
 ----> amount 448 1 0.520035 0.479965 
 ----> amount 449 1 0.499867 0.500133 
 ----> amount 450 0 0.577721 0.422279 
 ----> amount 451 0 0.566164 0.433836 
 ----> amount 452 1 0.526512 0.473488 
 ----> amount 453 0 0.53342 0.46658 
 ----> amount 454 1 0.499333 0.500667 
 ----> amount 455 0 0.549579 0.450421 
 ----> amount 456 0 0.54471 0.45529 
 ----> amount 457 0 0.556156 0.443844 
 ----> amount 458 1 0.542568 0.457432 
 ----> amount 459 0 0.518328 0.481672 
 ----> amount 460 1 0.527293 0.472707 
 ----> amount 461 1 0.529918 0.470082 
 ----> amount 462 0 0.525261 0.474739 
 ----> amount 463 1 0.53 0.47 
 ----> amount 464 0 0.525188 0.474812 
 ----> amount 465 1 0.505357 0.494643 
 ----> amount 466 0 0.551288 0.448712 
 ----> amount 467 1 0.53254 0.46746 
 ----> amount 468 0 0.557651 0.442349 
 ----> amount 469 1 0.532044 0.467956 
 ----> amount 470 0 0.53519 0.46481 
 ----> amount 471 1 0.544804 0.455196 
 ----> amount 472 0 0.524714 0.475286 
 ----> amount 473 1 0.535327 0.464673 
 ----> amount 474 0 0.542805 0.457195 
 ----> amount 475 0 0.530021 0.469979 
 ----> amount 476 1 0.480744 0.519256 
 ----> amount 477 1 0.541701 0.458299 
 ----> amount 478 1 0.526361 0.473639 
 ----> amount 479 0 0.541654 0.458346 
 ----> amount 480 0 0.514577 0.485423 
 ----> amount 481 1 0.516532 0.483468 
 ----> amount 482 0 0.552054 0.447946 
 ----> amount 483 0 0.504927 0.495073 
 ----> amount 484 1 0.501044 0.498956 
 ----> amount 485 0 0.506946 0.493054 
 ----> amount 486 0 0.513988 0.486012 
 ----> amount 487 1 0.504388 0.495612 
 ----> amount 488 0 0.548147 0.451853 
 ----> amount 489 1 0.502541 0.497459 
 ----> amount 490 0 0.540196 0.459804 
 ----> amount 491 1 0.536278 0.463722 
 ----> amount 492 0 0.521955 0.478045 
 ----> amount 493 0 0.535679 0.464321 
 ----> amount 494 1 0.52245 0.47755 
 ----> amount 495 0 0.537244 0.462756 
 ----> amount 496 1 0.48797 0.51203 
 ----> amount 497 0 0.539014 0.460986 
 ----> amount 498 1 0.52242 0.47758 
 ----> amount 499 0 0.510293 0.489707 
 ----> amount 500 1 0.55059 0.44941 
 ----> amount 501 0 0.497305 0.502695 
 ----> amount 502 1 0.461335 0.538665 
 ----> amount 503 1 0.459627 0.540373 
 ----> amount 504 1 0.520861 0.479139 
 ----> amount 505 0 0.56824 0.43176 
 ----> amount 506 0 0.521482 0.478518 
 ----> amount 507 1 0.50794 0.49206 
 ----> amount 508 1 0.482794 0.517206 
 ----> amount 509 1 0.520049 0.479951 
 ----> amount 510 0 0.561943 0.438057 
 ----> amount 511 0 0.543151 0.456849 
 ----> amount 512 0 0.494368 0.505632 
 ----> amount 513 1 0.532775 0.467225 
 ----> amount 514 1 0.494952 0.505048 
 ----> amount 515 0 0.550783 0.449217 
 ----> amount 516 0 0.558632 0.441368 
 ----> amount 517 1 0.514859 0.485141 
 ----> amount 518 1 0.524384 0.475616 
 ----> amount 519 0 0.498076 0.501924 
 ----> amount 520 1 0.509351 0.490649 
 ----> amount 521 1 0.51256 0.48744 
 ----> amount 522 0 0.566235 0.433765 
 ----> amount 523 1 0.509675 0.490325 
 ----> amount 524 0 0.575748 0.424252 
 ----> amount 525 0 0.548511 0.451489 
 ----> amount 526 0 0.526454 0.473546 
 ----> amount 527 1 0.498558 0.501442 
 ----> amount 528 0 0.554865 0.445135 
 ----> amount 529 1 0.533122 0.466878 
 ----> amount 530 0 0.569234 0.430766 
 ----> amount 531 1 0.48001 0.51999 
 ----> amount 532 0 0.549622 0.450378 
 ----> amount 533 1 0.486198 0.513802 
 ----> amount 534 0 0.563982 0.436018 
 ----> amount 535 0 0.509334 0.490666 
 ----> amount 536 1 0.54253 0.45747 
 ----> amount 537 1 0.50471 0.49529 
 ----> amount 538 0 0.561889 0.438111 
 ----> amount 539 1 0.533409 0.466591 
 ----> amount 540 1 0.522413 0.477587 
 ----> amount 541 0 0.519044 0.480956 
 ----> amount 542 0 0.577153 0.422847 
 ----> amount 543 1 0.512673 0.487327 
 ----> amount 544 1 0.519975 0.480025 
 ----> amount 545 0 0.542256 0.457744 
 ----> amount 546 0 0.551571 0.448429 
 ----> amount 547 1 0.506328 0.493672 
 ----> amount 548 1 0.479773 0.520227 
 ----> amount 549 0 0.516077 0.483923 
 ----> amount 550 0 0.590014 0.409986 
 ----> amount 551 1 0.4596 0.5404 
 ----> amount 552 0 0.529755 0.470245 
 ----> amount 553 1 0.511537 0.488463 
 ----> amount 554 0 0.543833 0.456167 
 ----> amount 555 1 0.514176 0.485824 
 ----> amount 556 0 0.512522 0.487478 
 ----> amount 557 1 0.556197 0.443803 
 ----> amount 558 1 0.443912 0.556088 
 ----> amount 559 1 0.519927 0.480073 
 ----> amount 560 0 0.512712 0.487288 
 ----> amount 561 0 0.522361 0.477639 
 ----> amount 562 1 0.500804 0.499196 
 ----> amount 563 0 0.532261 0.467739 
 ----> amount 564 0 0.518968 0.481032 
 ----> amount 565 1 0.503239 0.496761 
 ----> amount 566 0 0.543384 0.456616 
 ----> amount 567 0 0.514816 0.485184 
 ----> amount 568 0 0.578671 0.421329 
 ----> amount 569 0 0.545503 0.454497 
 ----> amount 570 1 0.465281 0.534719 
 ----> amount 571 1 0.491687 0.508313 
 ----> amount 572 0 0.588029 0.411971 
 ----> amount 573 0 0.566251 0.433749 
 ----> amount 574 0 0.523036 0.476964 
 ----> amount 575 1 0.502178 0.497822 
 ----> amount 576 1 0.547914 0.452086 
 ----> amount 577 0 0.577799 0.422201 
 ----> amount 578 0 0.542571 0.457429 
 ----> amount 579 0 0.508607 0.491393 
 ----> amount 580 1 0.511973 0.488027 
 ----> amount 581 0 0.520924 0.479076 
 ----> amount 582 0 0.579596 0.420404 
 ----> amount 583 1 0.469918 0.530082 
 ----> amount 584 1 0.446315 0.553685 
 ----> amount 585 0 0.570869 0.429131 
 ----> amount 586 0 0.539701 0.460299 
 ----> amount 587 1 0.506287 0.493713 
 ----> amount 588 0 0.498921 0.501079 
 ----> amount 589 1 0.5103 0.4897 
 ----> amount 590 0 0.562736 0.437264 
 ----> amount 591 1 0.541408 0.458592 
 ----> amount 592 1 0.528153 0.471847 
 ----> amount 593 0 0.561037 0.438963 
 ----> amount 594 0 0.567509 0.432491 
 ----> amount 595 1 0.501698 0.498302 
 ----> amount 596 1 0.529914 0.470086 
 ----> amount 597 0 0.55337 0.44663 
 ----> amount 598 1 0.539559 0.460441 
 ----> amount 599 1 0.485433 0.514567 
 ----> amount 600 0 0.608709 0.391291 
 ----> amount 601 1 0.519818 0.480182 
 ----> amount 602 1 0.474768 0.525232 
 ----> amount 603 0 0.572599 0.427401 
 ----> amount 604 0 0.562632 0.437368 
 ----> amount 605 0 0.540508 0.459492 
 ----> amount 606 1 0.49472 0.50528 
 ----> amount 607 1 0.554391 0.445609 
 ----> amount 608 0 0.536594 0.463406 
 ----> amount 609 0 0.542875 0.457125 
 ----> amount 610 0 0.557213 0.442787 
 ----> amount 611 1 0.46972 0.53028 
 ----> amount 612 0 0.598586 0.401414 
 ----> amount 613 1 0.546303 0.453697 
 ----> amount 614 0 0.577466 0.422534 
 ----> amount 615 1 0.475179 0.524821 
 ----> amount 616 0 0.59067 0.40933 
 ----> amount 617 1 0.498202 0.501798 
 ----> amount 618 1 0.523157 0.476843 
 ----> amount 619 1 0.521354 0.478646 
 ----> amount 620 1 0.451585 0.548415 
 ----> amount 621 0 0.512937 0.487063 
 ----> amount 622 0 0.554954 0.445046 
 ----> amount 623 0 0.53522 0.46478 
 ----> amount 624 0 0.517508 0.482492 
 ----> amount 625 0 0.538261 0.461739 
 ----> amount 626 0 0.565978 0.434022 
 ----> amount 627 0 0.498708 0.501292 
 ----> amount 628 1 0.563648 0.436352 
 ----> amount 629 1 0.531833 0.468167 
 ----> amount 630 0 0.569675 0.430325 
 ----> amount 631 1 0.535453 0.464547 
 ----> amount 632 1 0.49249 0.50751 
 ----> amount 633 0 0.532383 0.467617 
 ----> amount 634 1 0.51939 0.48061 
 ----> amount 635 0 0.556968 0.443032 
 ----> amount 636 1 0.490834 0.509166 
 ----> amount 637 0 0.508828 0.491172 
 ----> amount 638 0 0.530404 0.469596 
 ----> amount 639 1 0.505152 0.494848 
 ----> amount 640 1 0.514181 0.485819 
 ----> amount 641 0 0.52155 0.47845 
 ----> amount 642 0 0.529467 0.470533 
 ----> amount 643 0 0.51268 0.48732 
 ----> amount 644 0 0.565179 0.434821 
 ----> amount 645 0 0.52923 0.47077 
 ----> amount 646 0 0.512012 0.487988 
 ----> amount 647 1 0.520919 0.479081 
 ----> amount 648 0 0.543556 0.456444 
 ----> amount 649 1 0.516802 0.483198 
 ----> amount 650 1 0.488704 0.511296 
 ----> amount 651 1 0.536358 0.463642 
 ----> amount 652 0 0.521974 0.478026 
 ----> amount 653 0 0.529383 0.470617 
 ----> amount 654 1 0.504754 0.495246 
 ----> amount 655 0 0.522745 0.477255 
 ----> amount 656 0 0.524072 0.475928 
 ----> amount 657 0 0.533666 0.466334 
 ----> amount 658 1 0.534724 0.465276 
 ----> amount 659 1 0.509538 0.490462 
 ----> amount 660 0 0.543054 0.456946 
 ----> amount 661 0 0.546849 0.453151 
 ----> amount 662 1 0.529367 0.470633 
 ----> amount 663 0 0.519901 0.480099 
 ----> amount 664 1 0.491754 0.508246 
 ----> amount 665 1 0.507704 0.492296 
 ----> amount 666 0 0.571455 0.428545 
 ----> amount 667 0 0.568326 0.431674 
 ----> amount 668 1 0.52265 0.47735 
 ----> amount 669 0 0.545651 0.454349 
 ----> amount 670 0 0.534627 0.465373 
 ----> amount 671 1 0.514223 0.485777 
 ----> amount 672 0 0.580134 0.419866 
 ----> amount 673 1 0.520371 0.479629 
 ----> amount 674 1 0.512326 0.487674 
 ----> amount 675 1 0.518642 0.481358 
 ----> amount 676 0 0.503093 0.496907 
 ----> amount 677 0 0.525809 0.474191 
 ----> amount 678 1 0.558968 0.441032 
 ----> amount 679 0 0.544263 0.455737 
 ----> amount 680 1 0.522509 0.477491 
 ----> amount 681 0 0.531759 0.468241 
 ----> amount 682 0 0.539482 0.460518 
 ----> amount 683 1 0.500822 0.499178 
 ----> amount 684 0 0.55157 0.44843 
 ----> amount 685 1 0.56933 0.43067 
 ----> amount 686 0 0.499027 0.500973 
 ----> amount 687 0 0.50549 0.49451 
 ----> amount 688 1 0.52424 0.47576 
 ----> amount 689 0 0.522471 0.477529 
 ----> amount 690 1 0.544441 0.455559 
 ----> amount 691 1 0.503222 0.496778 
 ----> amount 692 0 0.534385 0.465615 
 ----> amount 693 1 0.51738 0.48262 
 ----> amount 694 1 0.522523 0.477477 
 ----> amount 695 1 0.55431 0.44569 
 ----> amount 696 0 0.557653 0.442347 
 ----> amount 697 0 0.551042 0.448958 
 ----> amount 698 0 0.545398 0.454602 
 ----> amount 699 1 0.454198 0.545802 
 ----> amount 700 1 0.553856 0.446144 
 ----> amount 701 0 0.619383 0.380617 
 ----> amount 702 0 0.529267 0.470733 
 ----> amount 703 1 0.488604 0.511396 
 ----> amount 704 1 0.535171 0.464829 
 ----> amount 705 0 0.53053 0.46947 
 ----> amount 706 1 0.528413 0.471587 
 ----> amount 707 1 0.512496 0.487504 
 ----> amount 708 1 0.528959 0.471041 
 ----> amount 709 1 0.51237 0.48763 
 ----> amount 710 0 0.568881 0.431119 
 ----> amount 711 0 0.523167 0.476833 
 ----> amount 712 1 0.490076 0.509924 
 ----> amount 713 0 0.565569 0.434431 
 ----> amount 714 1 0.553853 0.446147 
 ----> amount 715 0 0.550882 0.449118 
 ----> amount 716 1 0.523811 0.476189 
 ----> amount 717 0 0.522357 0.477643 
 ----> amount 718 1 0.52608 0.47392 
