 ----> amount 1 1 0.408508 0.591492 
 ----> amount 2 0 0.566945 0.433055 
 ----> amount 3 1 0.49135 0.50865 
 ----> amount 4 0 0.580013 0.419987 
 ----> amount 5 0 0.519686 0.480314 
 ----> amount 6 1 0.475377 0.524623 
 ----> amount 7 0 0.504522 0.495478 
 ----> amount 8 0 0.51083 0.48917 
 ----> amount 9 1 0.465402 0.534598 
 ----> amount 10 1 0.589811 0.410189 
 ----> amount 11 0 0.568438 0.431562 
 ----> amount 12 0 0.539131 0.460869 
 ----> amount 13 0 0.489173 0.510827 
 ----> amount 14 1 0.479929 0.520071 
 ----> amount 15 0 0.536391 0.463609 
 ----> amount 16 1 0.47959 0.52041 
 ----> amount 17 1 0.552488 0.447512 
 ----> amount 18 0 0.623162 0.376838 
 ----> amount 19 1 0.545436 0.454564 
 ----> amount 20 0 0.58223 0.41777 
 ----> amount 21 0 0.508408 0.491592 
 ----> amount 22 1 0.477052 0.522948 
 ----> amount 23 0 0.499328 0.500672 
 ----> amount 24 0 0.53323 0.46677 
 ----> amount 25 1 0.461939 0.538061 
 ----> amount 26 0 0.585448 0.414552 
 ----> amount 27 1 0.561618 0.438382 
 ----> amount 28 1 0.602145 0.397855 
 ----> amount 29 0 0.570349 0.429651 
 ----> amount 30 0 0.590878 0.409122 
 ----> amount 31 0 0.492998 0.507002 
 ----> amount 32 0 0.494283 0.505717 
 ----> amount 33 1 0.483772 0.516228 
 ----> amount 34 0 0.551021 0.448979 
 ----> amount 35 1 0.481076 0.518924 
 ----> amount 36 0 0.559267 0.440733 
 ----> amount 37 0 0.496116 0.503884 
 ----> amount 38 1 0.471317 0.528683 
 ----> amount 39 1 0.5543 0.4457 
 ----> amount 40 1 0.518266 0.481734 
 ----> amount 41 0 0.585376 0.414624 
 ----> amount 42 0 0.52886 0.47114 
 ----> amount 43 0 0.505556 0.494444 
 ----> amount 44 0 0.527339 0.472661 
 ----> amount 45 1 0.493178 0.506822 
 ----> amount 46 1 0.495943 0.504057 
 ----> amount 47 0 0.574172 0.425828 
 ----> amount 48 0 0.537393 0.462607 
 ----> amount 49 1 0.506855 0.493145 
 ----> amount 50 1 0.4861 0.5139 
 ----> amount 51 1 0.54574 0.45426 
 ----> amount 52 0 0.582819 0.417181 
 ----> amount 53 1 0.511368 0.488632 
 ----> amount 54 1 0.520912 0.479088 
 ----> amount 55 0 0.560488 0.439512 
 ----> amount 56 0 0.528109 0.471891 
 ----> amount 57 1 0.514859 0.485141 
 ----> amount 58 0 0.540247 0.459753 
 ----> amount 59 1 0.472394 0.527606 
 ----> amount 60 1 0.551813 0.448187 
 ----> amount 61 0 0.557549 0.442451 
 ----> amount 62 1 0.525299 0.474701 
 ----> amount 63 0 0.557658 0.442342 
 ----> amount 64 1 0.5157 0.4843 
 ----> amount 65 0 0.574891 0.425109 
 ----> amount 66 1 0.51894 0.48106 
 ----> amount 67 0 0.55524 0.44476 
 ----> amount 68 0 0.526013 0.473987 
 ----> amount 69 1 0.503111 0.496889 
 ----> amount 70 1 0.510338 0.489662 
 ----> amount 71 0 0.532279 0.467721 
 ----> amount 72 0 0.485346 0.514654 
 ----> amount 73 1 0.495484 0.504516 
 ----> amount 74 1 0.532688 0.467312 
 ----> amount 75 0 0.560548 0.439452 
 ----> amount 76 1 0.537438 0.462562 
 ----> amount 77 0 0.540125 0.459875 
 ----> amount 78 1 0.494605 0.505395 
 ----> amount 79 0 0.491207 0.508793 
 ----> amount 80 1 0.52072 0.47928 
 ----> amount 81 1 0.551956 0.448044 
 ----> amount 82 1 0.538012 0.461988 
 ----> amount 83 0 0.560575 0.439425 
 ----> amount 84 1 0.554526 0.445474 
 ----> amount 85 0 0.549365 0.450635 
 ----> amount 86 0 0.579334 0.420666 
 ----> amount 87 0 0.595326 0.404674 
 ----> amount 88 0 0.485093 0.514907 
 ----> amount 89 1 0.498894 0.501106 
 ----> amount 90 1 0.508522 0.491478 
 ----> amount 91 0 0.55349 0.44651 
 ----> amount 92 1 0.491748 0.508252 
 ----> amount 93 0 0.546475 0.453525 
 ----> amount 94 1 0.51372 0.48628 
 ----> amount 95 0 0.550106 0.449894 
 ----> amount 96 0 0.500867 0.499133 
 ----> amount 97 0 0.595919 0.404081 
 ----> amount 98 0 0.511573 0.488427 
 ----> amount 99 1 0.465957 0.534043 
 ----> amount 100 0 0.576192 0.423808 
 ----> amount 101 1 0.488069 0.511931 
 ----> amount 102 1 0.527548 0.472452 
 ----> amount 103 0 0.588071 0.411929 
 ----> amount 104 0 0.517171 0.482829 
 ----> amount 105 0 0.536836 0.463164 
 ----> amount 106 0 0.48693 0.51307 
 ----> amount 107 0 0.518481 0.481519 
 ----> amount 108 1 0.491789 0.508211 
 ----> amount 109 0 0.547032 0.452968 
 ----> amount 110 0 0.539426 0.460574 
 ----> amount 111 1 0.455616 0.544384 
 ----> amount 112 0 0.514575 0.485425 
 ----> amount 113 1 0.522156 0.477844 
 ----> amount 114 1 0.520152 0.479848 
 ----> amount 115 0 0.567949 0.432051 
 ----> amount 116 1 0.486301 0.513699 
 ----> amount 117 1 0.5114 0.4886 
 ----> amount 118 1 0.543201 0.456799 
 ----> amount 119 1 0.527568 0.472432 
 ----> amount 120 0 0.5055 0.4945 
 ----> amount 121 0 0.535722 0.464278 
 ----> amount 122 0 0.535557 0.464443 
 ----> amount 123 1 0.463341 0.536659 
 ----> amount 124 1 0.523846 0.476154 
 ----> amount 125 0 0.538169 0.461831 
 ----> amount 126 1 0.471359 0.528641 
 ----> amount 127 0 0.571549 0.428451 
 ----> amount 128 1 0.528796 0.471204 
 ----> amount 129 0 0.562372 0.437628 
 ----> amount 130 0 0.535737 0.464263 
 ----> amount 131 0 0.496018 0.503982 
 ----> amount 132 1 0.471382 0.528618 
 ----> amount 133 0 0.575568 0.424432 
 ----> amount 134 1 0.510122 0.489878 
 ----> amount 135 1 0.491004 0.508996 
 ----> amount 136 0 0.636484 0.363516 
 ----> amount 137 0 0.650866 0.349134 
 ----> amount 138 0 0.490512 0.509488 
 ----> amount 139 0 0.484562 0.515438 
 ----> amount 140 0 0.541358 0.458642 
 ----> amount 141 1 0.466 0.534 
 ----> amount 142 0 0.538577 0.461423 
 ----> amount 143 1 0.482745 0.517255 
 ----> amount 144 0 0.525418 0.474582 
 ----> amount 145 0 0.557992 0.442008 
 ----> amount 146 1 0.459609 0.540391 
 ----> amount 147 0 0.536922 0.463078 
 ----> amount 148 1 0.521825 0.478175 
 ----> amount 149 1 0.540478 0.459522 
 ----> amount 150 0 0.574713 0.425287 
 ----> amount 151 1 0.537211 0.462789 
 ----> amount 152 0 0.502845 0.497155 
 ----> amount 153 0 0.52015 0.47985 
 ----> amount 154 1 0.464919 0.535081 
 ----> amount 155 0 0.549225 0.450775 
 ----> amount 156 1 0.471637 0.528363 
 ----> amount 157 1 0.51255 0.48745 
 ----> amount 158 0 0.550454 0.449546 
 ----> amount 159 0 0.539655 0.460345 
 ----> amount 160 0 0.496981 0.503019 
 ----> amount 161 0 0.464299 0.535701 
 ----> amount 162 0 0.534833 0.465167 
 ----> amount 163 1 0.511094 0.488906 
 ----> amount 164 0 0.561014 0.438986 
 ----> amount 165 1 0.514633 0.485367 
 ----> amount 166 1 0.535407 0.464593 
 ----> amount 167 1 0.493637 0.506363 
 ----> amount 168 0 0.541712 0.458288 
 ----> amount 169 1 0.547574 0.452426 
 ----> amount 170 1 0.546677 0.453323 
 ----> amount 171 1 0.498413 0.501587 
 ----> amount 172 0 0.609965 0.390035 
 ----> amount 173 1 0.575815 0.424185 
 ----> amount 174 0 0.573568 0.426432 
 ----> amount 175 1 0.525793 0.474207 
 ----> amount 176 0 0.587958 0.412042 
 ----> amount 177 0 0.577645 0.422355 
 ----> amount 178 1 0.48931 0.51069 
 ----> amount 179 1 0.464717 0.535283 
 ----> amount 180 1 0.492786 0.507214 
 ----> amount 181 1 0.522764 0.477236 
 ----> amount 182 1 0.577585 0.422415 
 ----> amount 183 0 0.565367 0.434633 
 ----> amount 184 1 0.458168 0.541832 
 ----> amount 185 0 0.489774 0.510226 
 ----> amount 186 0 0.549614 0.450386 
 ----> amount 187 0 0.510202 0.489798 
 ----> amount 188 1 0.458221 0.541779 
 ----> amount 189 1 0.526545 0.473455 
 ----> amount 190 0 0.542813 0.457187 
 ----> amount 191 0 0.583246 0.416754 
 ----> amount 192 1 0.489568 0.510432 
 ----> amount 193 0 0.529931 0.470069 
 ----> amount 194 0 0.535214 0.464786 
 ----> amount 195 1 0.495743 0.504257 
 ----> amount 196 1 0.550427 0.449573 
 ----> amount 197 0 0.559636 0.440364 
 ----> amount 198 1 0.536521 0.463479 
 ----> amount 199 0 0.554659 0.445341 
 ----> amount 200 0 0.538461 0.461539 
 ----> amount 201 1 0.486031 0.513969 
 ----> amount 202 1 0.527055 0.472945 
 ----> amount 203 0 0.530406 0.469594 
 ----> amount 204 1 0.521055 0.478945 
 ----> amount 205 0 0.559061 0.440939 
 ----> amount 206 1 0.529193 0.470807 
 ----> amount 207 1 0.510662 0.489338 
 ----> amount 208 0 0.55176 0.44824 
 ----> amount 209 0 0.528799 0.471201 
 ----> amount 210 1 0.495211 0.504789 
 ----> amount 211 0 0.583218 0.416782 
 ----> amount 212 0 0.529095 0.470905 
 ----> amount 213 0 0.534263 0.465737 
 ----> amount 214 0 0.530702 0.469298 
 ----> amount 215 1 0.493072 0.506928 
 ----> amount 216 0 0.482514 0.517486 
 ----> amount 217 1 0.460569 0.539431 
 ----> amount 218 1 0.501693 0.498307 
 ----> amount 219 0 0.561713 0.438287 
 ----> amount 220 1 0.509401 0.490599 
 ----> amount 221 1 0.586132 0.413868 
 ----> amount 222 1 0.491697 0.508303 
 ----> amount 223 0 0.562482 0.437518 
 ----> amount 224 0 0.581323 0.418677 
 ----> amount 225 1 0.5231 0.4769 
 ----> amount 226 1 0.52797 0.47203 
 ----> amount 227 0 0.496694 0.503306 
 ----> amount 228 0 0.552093 0.447907 
 ----> amount 229 0 0.519206 0.480794 
 ----> amount 230 1 0.535342 0.464658 
 ----> amount 231 0 0.495655 0.504345 
 ----> amount 232 0 0.567938 0.432062 
 ----> amount 233 0 0.515341 0.484659 
 ----> amount 234 1 0.508426 0.491574 
 ----> amount 235 1 0.534267 0.465733 
 ----> amount 236 1 0.493893 0.506107 
 ----> amount 237 0 0.582336 0.417664 
 ----> amount 238 1 0.513937 0.486063 
 ----> amount 239 0 0.569233 0.430767 
 ----> amount 240 1 0.510719 0.489281 
 ----> amount 241 0 0.541199 0.458801 
 ----> amount 242 1 0.54185 0.45815 
 ----> amount 243 0 0.587623 0.412377 
 ----> amount 244 1 0.503051 0.496949 
 ----> amount 245 0 0.60046 0.39954 
 ----> amount 246 1 0.491366 0.508634 
 ----> amount 247 0 0.540597 0.459403 
 ----> amount 248 0 0.529938 0.470062 
 ----> amount 249 1 0.472414 0.527586 
 ----> amount 250 1 0.490938 0.509062 
 ----> amount 251 1 0.533075 0.466925 
 ----> amount 252 0 0.563533 0.436467 
 ----> amount 253 1 0.515161 0.484839 
 ----> amount 254 0 0.580629 0.419371 
 ----> amount 255 0 0.548868 0.451132 
 ----> amount 256 0 0.516272 0.483728 
 ----> amount 257 1 0.448017 0.551983 
 ----> amount 258 0 0.540508 0.459492 
 ----> amount 259 0 0.518743 0.481257 
 ----> amount 260 1 0.474113 0.525887 
 ----> amount 261 1 0.519518 0.480482 
 ----> amount 262 1 0.553471 0.446529 
 ----> amount 263 0 0.608909 0.391091 
 ----> amount 264 1 0.477244 0.522756 
 ----> amount 265 1 0.500416 0.499584 
 ----> amount 266 0 0.580719 0.419281 
 ----> amount 267 1 0.524716 0.475284 
 ----> amount 268 0 0.547204 0.452796 
 ----> amount 269 0 0.578774 0.421226 
 ----> amount 270 0 0.495511 0.504489 
 ----> amount 271 1 0.501688 0.498312 
 ----> amount 272 0 0.572245 0.427755 
 ----> amount 273 1 0.478426 0.521574 
 ----> amount 274 0 0.651117 0.348883 
 ----> amount 275 1 0.463226 0.536774 
 ----> amount 276 0 0.550785 0.449215 
 ----> amount 277 0 0.572281 0.427719 
 ----> amount 278 0 0.559774 0.440226 
 ----> amount 279 1 0.48639 0.51361 
 ----> amount 280 1 0.544877 0.455123 
 ----> amount 281 0 0.515969 0.484031 
 ----> amount 282 1 0.455226 0.544774 
 ----> amount 283 1 0.500301 0.499699 
 ----> amount 284 0 0.524643 0.475357 
 ----> amount 285 0 0.512285 0.487715 
 ----> amount 286 1 0.496228 0.503772 
 ----> amount 287 1 0.507953 0.492047 
 ----> amount 288 1 0.544423 0.455577 
 ----> amount 289 0 0.580163 0.419837 
 ----> amount 290 0 0.569533 0.430467 
 ----> amount 291 1 0.498233 0.501767 
 ----> amount 292 0 0.614784 0.385216 
 ----> amount 293 1 0.489631 0.510369 
 ----> amount 294 1 0.501564 0.498436 
 ----> amount 295 0 0.572722 0.427278 
 ----> amount 296 1 0.531514 0.468486 
 ----> amount 297 0 0.556528 0.443472 
 ----> amount 298 1 0.490955 0.509045 
 ----> amount 299 0 0.580606 0.419394 
 ----> amount 300 0 0.53733 0.46267 
 ----> amount 301 0 0.520332 0.479668 
 ----> amount 302 1 0.498207 0.501793 
 ----> amount 303 1 0.537684 0.462316 
 ----> amount 304 0 0.494011 0.505989 
 ----> amount 305 1 0.509704 0.490296 
 ----> amount 306 0 0.563182 0.436818 
 ----> amount 307 0 0.55432 0.44568 
 ----> amount 308 1 0.441556 0.558444 
 ----> amount 309 0 0.553956 0.446044 
 ----> amount 310 1 0.520442 0.479558 
 ----> amount 311 0 0.501938 0.498062 
 ----> amount 312 1 0.580197 0.419803 
 ----> amount 313 0 0.558614 0.441386 
 ----> amount 314 0 0.504339 0.495661 
 ----> amount 315 0 0.53763 0.46237 
 ----> amount 316 1 0.48636 0.51364 
 ----> amount 317 0 0.547536 0.452464 
 ----> amount 318 0 0.553159 0.446841 
 ----> amount 319 1 0.543004 0.456996 
 ----> amount 320 1 0.584205 0.415795 
 ----> amount 321 1 0.538982 0.461018 
 ----> amount 322 0 0.648508 0.351492 
 ----> amount 323 0 0.552291 0.447709 
 ----> amount 324 1 0.513159 0.486841 
 ----> amount 325 0 0.617903 0.382097 
 ----> amount 326 0 0.544329 0.455671 
 ----> amount 327 1 0.447135 0.552865 
 ----> amount 328 0 0.562491 0.437509 
 ----> amount 329 0 0.557076 0.442924 
 ----> amount 330 1 0.475328 0.524672 
 ----> amount 331 0 0.574489 0.425511 
 ----> amount 332 0 0.531139 0.468861 
 ----> amount 333 1 0.461305 0.538695 
 ----> amount 334 1 0.50335 0.49665 
 ----> amount 335 0 0.532108 0.467892 
 ----> amount 336 1 0.495086 0.504914 
 ----> amount 337 0 0.584935 0.415065 
 ----> amount 338 1 0.490269 0.509731 
 ----> amount 339 0 0.548463 0.451537 
 ----> amount 340 1 0.499575 0.500425 
 ----> amount 341 0 0.527972 0.472028 
 ----> amount 342 1 0.478647 0.521353 
 ----> amount 343 0 0.542071 0.457929 
 ----> amount 344 0 0.521196 0.478804 
 ----> amount 345 0 0.544413 0.455587 
 ----> amount 346 1 0.4927 0.5073 
 ----> amount 347 0 0.546258 0.453742 
 ----> amount 348 0 0.521454 0.478546 
 ----> amount 349 1 0.469095 0.530905 
 ----> amount 350 1 0.525016 0.474984 
 ----> amount 351 0 0.55537 0.44463 
 ----> amount 352 0 0.497175 0.502825 
 ----> amount 353 1 0.459997 0.540003 
 ----> amount 354 0 0.560853 0.439147 
 ----> amount 355 1 0.545615 0.454385 
 ----> amount 356 1 0.540523 0.459477 
 ----> amount 357 1 0.508915 0.491085 
 ----> amount 358 0 0.579053 0.420947 
 ----> amount 359 0 0.586513 0.413487 
 ----> amount 360 1 0.496127 0.503873 
 ----> amount 361 1 0.547584 0.452416 
 ----> amount 362 0 0.544016 0.455984 
 ----> amount 363 0 0.558946 0.441054 
 ----> amount 364 0 0.536337 0.463663 
 ----> amount 365 0 0.504208 0.495792 
 ----> amount 366 1 0.487533 0.512467 
 ----> amount 367 0 0.559454 0.440546 
 ----> amount 368 0 0.519269 0.480731 
 ----> amount 369 0 0.480186 0.519814 
 ----> amount 370 1 0.509218 0.490782 
 ----> amount 371 0 0.539545 0.460455 
 ----> amount 372 1 0.496688 0.503312 
 ----> amount 373 0 0.555785 0.444215 
 ----> amount 374 0 0.571589 0.428411 
 ----> amount 375 1 0.506528 0.493472 
 ----> amount 376 0 0.537272 0.462728 
 ----> amount 377 1 0.48926 0.51074 
 ----> amount 378 1 0.521049 0.478951 
 ----> amount 379 0 0.580564 0.419436 
 ----> amount 380 0 0.584079 0.415921 
 ----> amount 381 1 0.531933 0.468067 
 ----> amount 382 1 0.5144 0.4856 
 ----> amount 383 1 0.561948 0.438052 
 ----> amount 384 0 0.556041 0.443959 
 ----> amount 385 1 0.515583 0.484417 
 ----> amount 386 0 0.561812 0.438188 
 ----> amount 387 1 0.498653 0.501347 
 ----> amount 388 1 0.528336 0.471664 
 ----> amount 389 0 0.577529 0.422471 
 ----> amount 390 0 0.511556 0.488444 
 ----> amount 391 0 0.518142 0.481858 
 ----> amount 392 1 0.529006 0.470994 
 ----> amount 393 1 0.508792 0.491208 
 ----> amount 394 1 0.508491 0.491509 
 ----> amount 395 0 0.598687 0.401313 
 ----> amount 396 0 0.532308 0.467692 
 ----> amount 397 0 0.49307 0.50693 
 ----> amount 398 1 0.536459 0.463541 
 ----> amount 399 1 0.505808 0.494192 
 ----> amount 400 1 0.520436 0.479564 
 ----> amount 401 0 0.602722 0.397278 
 ----> amount 402 0 0.557979 0.442021 
 ----> amount 403 0 0.528191 0.471809 
 ----> amount 404 1 0.515787 0.484213 
 ----> amount 405 1 0.525828 0.474172 
 ----> amount 406 1 0.533616 0.466384 
 ----> amount 407 1 0.548867 0.451133 
 ----> amount 408 0 0.586534 0.413466 
 ----> amount 409 0 0.566999 0.433001 
 ----> amount 410 0 0.539236 0.460764 
 ----> amount 411 0 0.531332 0.468668 
 ----> amount 412 1 0.489207 0.510793 
 ----> amount 413 1 0.508514 0.491486 
 ----> amount 414 0 0.512919 0.487081 
 ----> amount 415 1 0.510652 0.489348 
 ----> amount 416 0 0.575946 0.424054 
 ----> amount 417 0 0.528688 0.471312 
 ----> amount 418 1 0.494919 0.505081 
 ----> amount 419 1 0.513959 0.486041 
 ----> amount 420 1 0.542128 0.457872 
 ----> amount 421 0 0.561421 0.438579 
 ----> amount 422 0 0.512675 0.487325 
 ----> amount 423 1 0.500273 0.499727 
 ----> amount 424 0 0.549519 0.450481 
 ----> amount 425 0 0.531447 0.468553 
 ----> amount 426 1 0.453419 0.546581 
 ----> amount 427 0 0.59452 0.40548 
 ----> amount 428 0 0.542563 0.457437 
 ----> amount 429 0 0.469675 0.530325 
 ----> amount 430 0 0.548809 0.451191 
 ----> amount 431 1 0.509224 0.490776 
 ----> amount 432 1 0.454091 0.545909 
 ----> amount 433 1 0.572785 0.427215 
 ----> amount 434 0 0.618242 0.381758 
 ----> amount 435 1 0.562668 0.437332 
 ----> amount 436 0 0.562339 0.437661 
 ----> amount 437 0 0.557203 0.442797 
 ----> amount 438 0 0.517146 0.482854 
 ----> amount 439 0 0.540075 0.459925 
 ----> amount 440 1 0.523963 0.476037 
 ----> amount 441 0 0.529815 0.470185 
 ----> amount 442 1 0.467333 0.532667 
 ----> amount 443 1 0.497357 0.502643 
 ----> amount 444 0 0.577977 0.422023 
 ----> amount 445 1 0.491724 0.508276 
 ----> amount 446 0 0.59898 0.40102 
 ----> amount 447 0 0.521454 0.478546 
 ----> amount 448 1 0.489855 0.510145 
 ----> amount 449 1 0.502872 0.497128 
 ----> amount 450 0 0.551913 0.448087 
 ----> amount 451 0 0.565848 0.434152 
 ----> amount 452 1 0.489231 0.510769 
 ----> amount 453 0 0.591446 0.408554 
 ----> amount 454 1 0.487969 0.512031 
 ----> amount 455 0 0.527111 0.472889 
 ----> amount 456 0 0.543927 0.456073 
 ----> amount 457 0 0.519711 0.480289 
 ----> amount 458 1 0.461413 0.538587 
 ----> amount 459 0 0.517037 0.482963 
 ----> amount 460 1 0.536111 0.463889 
 ----> amount 461 1 0.536916 0.463084 
 ----> amount 462 0 0.600542 0.399458 
 ----> amount 463 1 0.507158 0.492842 
 ----> amount 464 0 0.562036 0.437964 
 ----> amount 465 1 0.522271 0.477729 
 ----> amount 466 0 0.568097 0.431903 
 ----> amount 467 1 0.509442 0.490558 
 ----> amount 468 0 0.579381 0.420619 
 ----> amount 469 1 0.530473 0.469527 
 ----> amount 470 0 0.580875 0.419125 
 ----> amount 471 1 0.489028 0.510972 
 ----> amount 472 0 0.581208 0.418792 
 ----> amount 473 1 0.50081 0.49919 
 ----> amount 474 0 0.516252 0.483748 
 ----> amount 475 0 0.4782 0.5218 
 ----> amount 476 1 0.432154 0.567846 
 ----> amount 477 1 0.536599 0.463401 
 ----> amount 478 1 0.485935 0.514065 
 ----> amount 479 0 0.595162 0.404838 
 ----> amount 480 0 0.510693 0.489307 
 ----> amount 481 1 0.496386 0.503614 
 ----> amount 482 0 0.57646 0.42354 
 ----> amount 483 0 0.544965 0.455035 
 ----> amount 484 1 0.430176 0.569824 
 ----> amount 485 0 0.610504 0.389496 
 ----> amount 486 0 0.523754 0.476246 
 ----> amount 487 1 0.491825 0.508175 
 ----> amount 488 0 0.576708 0.423292 
 ----> amount 489 1 0.525026 0.474974 
 ----> amount 490 0 0.583198 0.416802 
 ----> amount 491 1 0.520066 0.479934 
 ----> amount 492 0 0.581663 0.418337 
 ----> amount 493 0 0.509857 0.490143 
 ----> amount 494 1 0.491978 0.508022 
 ----> amount 495 0 0.552837 0.447163 
 ----> amount 496 1 0.499487 0.500513 
 ----> amount 497 0 0.535632 0.464368 
 ----> amount 498 1 0.556748 0.443252 
 ----> amount 499 0 0.552027 0.447973 
 ----> amount 500 1 0.524148 0.475852 
 ----> amount 501 0 0.577249 0.422751 
 ----> amount 502 1 0.519975 0.480025 
 ----> amount 503 1 0.52849 0.47151 
 ----> amount 504 1 0.518034 0.481966 
 ----> amount 505 0 0.553551 0.446449 
 ----> amount 506 0 0.538712 0.461288 
 ----> amount 507 1 0.571508 0.428492 
 ----> amount 508 1 0.560305 0.439695 
 ----> amount 509 1 0.543476 0.456524 
 ----> amount 510 0 0.559716 0.440284 
 ----> amount 511 0 0.601488 0.398512 
 ----> amount 512 0 0.521655 0.478345 
 ----> amount 513 1 0.473513 0.526487 
 ----> amount 514 1 0.556863 0.443137 
 ----> amount 515 0 0.525664 0.474336 
 ----> amount 516 0 0.537788 0.462212 
 ----> amount 517 1 0.459593 0.540407 
 ----> amount 518 1 0.534515 0.465485 
 ----> amount 519 0 0.550998 0.449002 
 ----> amount 520 1 0.511 0.489 
 ----> amount 521 1 0.505698 0.494302 
 ----> amount 522 0 0.569467 0.430533 
 ----> amount 523 1 0.549809 0.450191 
 ----> amount 524 0 0.585027 0.414973 
 ----> amount 525 0 0.5074 0.4926 
 ----> amount 526 0 0.51964 0.48036 
 ----> amount 527 1 0.509203 0.490797 
 ----> amount 528 0 0.562686 0.437314 
 ----> amount 529 1 0.511807 0.488193 
 ----> amount 530 0 0.597561 0.402439 
 ----> amount 531 1 0.515606 0.484394 
 ----> amount 532 0 0.563849 0.436151 
 ----> amount 533 1 0.493453 0.506547 
 ----> amount 534 0 0.529955 0.470045 
 ----> amount 535 0 0.566139 0.433861 
 ----> amount 536 1 0.51811 0.48189 
 ----> amount 537 1 0.534398 0.465602 
 ----> amount 538 0 0.534784 0.465216 
 ----> amount 539 1 0.512115 0.487885 
 ----> amount 540 1 0.5486 0.4514 
 ----> amount 541 0 0.576542 0.423458 
 ----> amount 542 0 0.536061 0.463939 
 ----> amount 543 1 0.490494 0.509506 
 ----> amount 544 1 0.496897 0.503103 
 ----> amount 545 0 0.55367 0.44633 
 ----> amount 546 0 0.530659 0.469341 
 ----> amount 547 1 0.48132 0.51868 
 ----> amount 548 1 0.523718 0.476282 
 ----> amount 549 0 0.530202 0.469798 
 ----> amount 550 0 0.529438 0.470562 
 ----> amount 551 1 0.500986 0.499014 
 ----> amount 552 0 0.55378 0.44622 
 ----> amount 553 1 0.488192 0.511808 
 ----> amount 554 0 0.523354 0.476646 
 ----> amount 555 1 0.537203 0.462797 
 ----> amount 556 0 0.542035 0.457965 
 ----> amount 557 1 0.500809 0.499191 
 ----> amount 558 1 0.521066 0.478934 
 ----> amount 559 1 0.586529 0.413471 
 ----> amount 560 0 0.542027 0.457973 
 ----> amount 561 0 0.542255 0.457745 
 ----> amount 562 1 0.502289 0.497711 
 ----> amount 563 0 0.567768 0.432232 
 ----> amount 564 0 0.504867 0.495133 
 ----> amount 565 1 0.475766 0.524234 
 ----> amount 566 0 0.57697 0.42303 
 ----> amount 567 0 0.521854 0.478146 
 ----> amount 568 0 0.498479 0.501521 
 ----> amount 569 0 0.540995 0.459005 
 ----> amount 570 1 0.498124 0.501876 
 ----> amount 571 1 0.508085 0.491915 
 ----> amount 572 0 0.535519 0.464481 
 ----> amount 573 0 0.576111 0.423889 
 ----> amount 574 0 0.509958 0.490042 
 ----> amount 575 1 0.417567 0.582433 
 ----> amount 576 1 0.557073 0.442927 
 ----> amount 577 0 0.552864 0.447136 
 ----> amount 578 0 0.541101 0.458899 
 ----> amount 579 0 0.498228 0.501772 
 ----> amount 580 1 0.502819 0.497181 
 ----> amount 581 0 0.491009 0.508991 
 ----> amount 582 0 0.551518 0.448482 
 ----> amount 583 1 0.433231 0.566769 
 ----> amount 584 1 0.550377 0.449623 
 ----> amount 585 0 0.579002 0.420998 
 ----> amount 586 0 0.591456 0.408544 
 ----> amount 587 1 0.524848 0.475152 
 ----> amount 588 0 0.509251 0.490749 
 ----> amount 589 1 0.531363 0.468637 
 ----> amount 590 0 0.635737 0.364263 
 ----> amount 591 1 0.514671 0.485329 
 ----> amount 592 1 0.542834 0.457166 
 ----> amount 593 0 0.629112 0.370888 
 ----> amount 594 0 0.567033 0.432967 
 ----> amount 595 1 0.530027 0.469973 
 ----> amount 596 1 0.533208 0.466792 
 ----> amount 597 0 0.60103 0.39897 
 ----> amount 598 1 0.470889 0.529111 
 ----> amount 599 1 0.521536 0.478464 
 ----> amount 600 0 0.611139 0.388861 
 ----> amount 601 1 0.529932 0.470068 
 ----> amount 602 1 0.521361 0.478639 
 ----> amount 603 0 0.590641 0.409359 
 ----> amount 604 0 0.555483 0.444517 
 ----> amount 605 0 0.559642 0.440358 
 ----> amount 606 1 0.462637 0.537363 
 ----> amount 607 1 0.536655 0.463345 
 ----> amount 608 0 0.575099 0.424901 
 ----> amount 609 0 0.558937 0.441063 
 ----> amount 610 0 0.531364 0.468636 
 ----> amount 611 1 0.504316 0.495684 
 ----> amount 612 0 0.533246 0.466754 
 ----> amount 613 1 0.503791 0.496209 
 ----> amount 614 0 0.597994 0.402006 
 ----> amount 615 1 0.496127 0.503873 
 ----> amount 616 0 0.592874 0.407126 
 ----> amount 617 1 0.457989 0.542011 
 ----> amount 618 1 0.559753 0.440247 
 ----> amount 619 1 0.544864 0.455136 
 ----> amount 620 1 0.536873 0.463127 
 ----> amount 621 0 0.61965 0.38035 
 ----> amount 622 0 0.552161 0.447839 
 ----> amount 623 0 0.551778 0.448222 
 ----> amount 624 0 0.489672 0.510328 
 ----> amount 625 0 0.485663 0.514337 
 ----> amount 626 0 0.497609 0.502391 
 ----> amount 627 0 0.532748 0.467252 
 ----> amount 628 1 0.398381 0.601619 
 ----> amount 629 1 0.51017 0.48983 
 ----> amount 630 0 0.639706 0.360294 
 ----> amount 631 1 0.513286 0.486714 
 ----> amount 632 1 0.529921 0.470079 
 ----> amount 633 0 0.584408 0.415592 
 ----> amount 634 1 0.54821 0.45179 
 ----> amount 635 0 0.58568 0.41432 
 ----> amount 636 1 0.503286 0.496714 
 ----> amount 637 0 0.561464 0.438536 
 ----> amount 638 0 0.517327 0.482673 
 ----> amount 639 1 0.529807 0.470193 
 ----> amount 640 1 0.493049 0.506951 
 ----> amount 641 0 0.577372 0.422628 
 ----> amount 642 0 0.525272 0.474728 
 ----> amount 643 0 0.539092 0.460908 
 ----> amount 644 0 0.540786 0.459214 
 ----> amount 645 0 0.481174 0.518826 
 ----> amount 646 0 0.509565 0.490435 
 ----> amount 647 1 0.49064 0.50936 
 ----> amount 648 0 0.536937 0.463063 
 ----> amount 649 1 0.507199 0.492801 
 ----> amount 650 1 0.526039 0.473961 
 ----> amount 651 1 0.537087 0.462913 
 ----> amount 652 0 0.55623 0.44377 
 ----> amount 653 0 0.596888 0.403112 
 ----> amount 654 1 0.520325 0.479675 
 ----> amount 655 0 0.546775 0.453225 
 ----> amount 656 0 0.520785 0.479215 
 ----> amount 657 0 0.562672 0.437328 
 ----> amount 658 1 0.525148 0.474852 
 ----> amount 659 1 0.461367 0.538633 
 ----> amount 660 0 0.588289 0.411711 
 ----> amount 661 0 0.600966 0.399034 
 ----> amount 662 1 0.492184 0.507816 
 ----> amount 663 0 0.530024 0.469976 
 ----> amount 664 1 0.503377 0.496623 
 ----> amount 665 1 0.521144 0.478856 
 ----> amount 666 0 0.587456 0.412544 
 ----> amount 667 0 0.543433 0.456567 
 ----> amount 668 1 0.500234 0.499766 
 ----> amount 669 0 0.549115 0.450885 
 ----> amount 670 0 0.509666 0.490334 
 ----> amount 671 1 0.487829 0.512171 
 ----> amount 672 0 0.512288 0.487712 
 ----> amount 673 1 0.536666 0.463334 
 ----> amount 674 1 0.52905 0.47095 
 ----> amount 675 1 0.480223 0.519777 
 ----> amount 676 0 0.595487 0.404513 
 ----> amount 677 0 0.545904 0.454096 
 ----> amount 678 1 0.506128 0.493872 
 ----> amount 679 0 0.552659 0.447341 
 ----> amount 680 1 0.495909 0.504091 
 ----> amount 681 0 0.49743 0.50257 
 ----> amount 682 0 0.576634 0.423366 
 ----> amount 683 1 0.504028 0.495972 
 ----> amount 684 0 0.525932 0.474068 
 ----> amount 685 1 0.513215 0.486785 
 ----> amount 686 0 0.533129 0.466871 
 ----> amount 687 0 0.556388 0.443612 
 ----> amount 688 1 0.492029 0.507971 
 ----> amount 689 0 0.520764 0.479236 
 ----> amount 690 1 0.458687 0.541313 
 ----> amount 691 1 0.490336 0.509664 
 ----> amount 692 0 0.558951 0.441049 
 ----> amount 693 1 0.504722 0.495278 
 ----> amount 694 1 0.477075 0.522925 
 ----> amount 695 1 0.47708 0.52292 
 ----> amount 696 0 0.61969 0.38031 
 ----> amount 697 0 0.552436 0.447564 
 ----> amount 698 0 0.502008 0.497992 
 ----> amount 699 1 0.523208 0.476792 
 ----> amount 700 1 0.516109 0.483891 
 ----> amount 701 0 0.562116 0.437884 
 ----> amount 702 0 0.55391 0.44609 
 ----> amount 703 1 0.484489 0.515511 
 ----> amount 704 1 0.502075 0.497925 
 ----> amount 705 0 0.564955 0.435045 
 ----> amount 706 1 0.476736 0.523264 
 ----> amount 707 1 0.528489 0.471511 
 ----> amount 708 1 0.549252 0.450748 
 ----> amount 709 1 0.519668 0.480332 
 ----> amount 710 0 0.595633 0.404367 
 ----> amount 711 0 0.563977 0.436023 
 ----> amount 712 1 0.498384 0.501616 
 ----> amount 713 0 0.566882 0.433118 
 ----> amount 714 1 0.552842 0.447158 
 ----> amount 715 0 0.527272 0.472728 
 ----> amount 716 1 0.533274 0.466726 
 ----> amount 717 0 0.54569 0.45431 
 ----> amount 718 1 0.50749 0.49251 
