 ----> amount 1 1 0.543222 0.456778 
 ----> amount 2 0 0.519177 0.480823 
 ----> amount 3 1 0.528416 0.471584 
 ----> amount 4 0 0.609589 0.390411 
 ----> amount 5 0 0.649577 0.350423 
 ----> amount 6 1 0.542876 0.457124 
 ----> amount 7 0 0.635654 0.364346 
 ----> amount 8 0 0.657344 0.342656 
 ----> amount 9 1 0.611002 0.388998 
 ----> amount 10 1 0.469656 0.530344 
 ----> amount 11 0 0.559621 0.440379 
 ----> amount 12 0 0.516922 0.483078 
 ----> amount 13 0 0.55135 0.44865 
 ----> amount 14 1 0.561091 0.438909 
 ----> amount 15 0 0.541931 0.458069 
 ----> amount 16 1 0.609599 0.390401 
 ----> amount 17 1 0.629613 0.370387 
 ----> amount 18 0 0.673003 0.326997 
 ----> amount 19 1 0.608166 0.391834 
 ----> amount 20 0 0.469827 0.530173 
 ----> amount 21 0 0.550686 0.449314 
 ----> amount 22 1 0.529908 0.470092 
 ----> amount 23 0 0.575102 0.424898 
 ----> amount 24 0 0.528085 0.471915 
 ----> amount 25 1 0.489383 0.510617 
 ----> amount 26 0 0.499067 0.500933 
 ----> amount 27 1 0.544994 0.455006 
 ----> amount 28 1 0.599763 0.400237 
 ----> amount 29 0 0.609232 0.390768 
 ----> amount 30 0 0.602724 0.397276 
 ----> amount 31 0 0.58 0.42 
 ----> amount 32 0 0.578939 0.421061 
 ----> amount 33 1 0.481763 0.518237 
 ----> amount 34 0 0.578238 0.421762 
 ----> amount 35 1 0.532711 0.467289 
 ----> amount 36 0 0.520532 0.479468 
 ----> amount 37 0 0.519953 0.480047 
 ----> amount 38 1 0.556765 0.443235 
 ----> amount 39 1 0.503427 0.496573 
 ----> amount 40 1 0.469451 0.530549 
 ----> amount 41 0 0.483927 0.516073 
 ----> amount 42 0 0.659716 0.340284 
 ----> amount 43 0 0.613911 0.386089 
 ----> amount 44 0 0.569436 0.430564 
 ----> amount 45 1 0.461565 0.538435 
 ----> amount 46 1 0.556309 0.443691 
 ----> amount 47 0 0.576275 0.423725 
 ----> amount 48 0 0.520989 0.479011 
 ----> amount 49 1 0.565037 0.434963 
 ----> amount 50 1 0.449045 0.550955 
 ----> amount 51 1 0.561199 0.438801 
 ----> amount 52 0 0.55231 0.44769 
 ----> amount 53 1 0.513096 0.486904 
 ----> amount 54 1 0.494774 0.505226 
 ----> amount 55 0 0.57938 0.42062 
 ----> amount 56 0 0.509265 0.490735 
 ----> amount 57 1 0.497144 0.502856 
 ----> amount 58 0 0.53344 0.46656 
 ----> amount 59 1 0.55379 0.44621 
 ----> amount 60 1 0.542326 0.457674 
 ----> amount 61 0 0.560863 0.439137 
 ----> amount 62 1 0.554002 0.445998 
 ----> amount 63 0 0.584054 0.415946 
 ----> amount 64 1 0.514955 0.485045 
 ----> amount 65 0 0.530481 0.469519 
 ----> amount 66 1 0.471028 0.528972 
 ----> amount 67 0 0.550843 0.449157 
 ----> amount 68 0 0.534012 0.465988 
 ----> amount 69 1 0.504154 0.495846 
 ----> amount 70 1 0.485001 0.514999 
 ----> amount 71 0 0.545294 0.454706 
 ----> amount 72 0 0.521791 0.478209 
 ----> amount 73 1 0.548783 0.451217 
 ----> amount 74 1 0.527578 0.472422 
 ----> amount 75 0 0.520751 0.479249 
 ----> amount 76 1 0.541728 0.458272 
 ----> amount 77 0 0.545942 0.454058 
 ----> amount 78 1 0.511358 0.488642 
 ----> amount 79 0 0.552898 0.447102 
 ----> amount 80 1 0.512829 0.487171 
 ----> amount 81 1 0.512946 0.487054 
 ----> amount 82 1 0.587474 0.412526 
 ----> amount 83 0 0.619975 0.380025 
 ----> amount 84 1 0.584463 0.415537 
 ----> amount 85 0 0.574416 0.425584 
 ----> amount 86 0 0.555047 0.444953 
 ----> amount 87 0 0.537194 0.462806 
 ----> amount 88 0 0.558529 0.441471 
 ----> amount 89 1 0.51582 0.48418 
 ----> amount 90 1 0.494511 0.505489 
 ----> amount 91 0 0.609599 0.390401 
 ----> amount 92 1 0.414831 0.585169 
 ----> amount 93 0 0.652523 0.347477 
 ----> amount 94 1 0.527152 0.472848 
 ----> amount 95 0 0.496555 0.503445 
 ----> amount 96 0 0.581226 0.418774 
 ----> amount 97 0 0.547167 0.452833 
 ----> amount 98 0 0.534355 0.465645 
 ----> amount 99 1 0.526677 0.473323 
 ----> amount 100 0 0.507645 0.492355 
 ----> amount 101 1 0.477058 0.522942 
 ----> amount 102 1 0.56141 0.43859 
 ----> amount 103 0 0.538165 0.461835 
 ----> amount 104 0 0.55449 0.44551 
 ----> amount 105 0 0.571036 0.428964 
 ----> amount 106 0 0.510815 0.489185 
 ----> amount 107 0 0.561736 0.438264 
 ----> amount 108 1 0.492421 0.507579 
 ----> amount 109 0 0.56138 0.43862 
 ----> amount 110 0 0.586914 0.413086 
 ----> amount 111 1 0.546822 0.453178 
 ----> amount 112 0 0.570384 0.429616 
 ----> amount 113 1 0.567231 0.432769 
 ----> amount 114 1 0.497441 0.502559 
 ----> amount 115 0 0.580029 0.419971 
 ----> amount 116 1 0.546725 0.453275 
 ----> amount 117 1 0.548028 0.451972 
 ----> amount 118 1 0.53798 0.46202 
 ----> amount 119 1 0.505556 0.494444 
 ----> amount 120 0 0.545299 0.454701 
 ----> amount 121 0 0.530013 0.469987 
 ----> amount 122 0 0.546695 0.453305 
 ----> amount 123 1 0.506341 0.493659 
 ----> amount 124 1 0.511435 0.488565 
 ----> amount 125 0 0.616607 0.383393 
 ----> amount 126 1 0.424472 0.575528 
 ----> amount 127 0 0.634387 0.365613 
 ----> amount 128 1 0.53231 0.46769 
 ----> amount 129 0 0.514452 0.485548 
 ----> amount 130 0 0.559173 0.440827 
 ----> amount 131 0 0.546101 0.453899 
 ----> amount 132 1 0.561652 0.438348 
 ----> amount 133 0 0.546565 0.453435 
 ----> amount 134 1 0.49796 0.50204 
 ----> amount 135 1 0.552246 0.447754 
 ----> amount 136 0 0.50244 0.49756 
 ----> amount 137 0 0.554839 0.445161 
 ----> amount 138 0 0.553399 0.446601 
 ----> amount 139 0 0.613913 0.386087 
 ----> amount 140 0 0.542923 0.457077 
 ----> amount 141 1 0.502582 0.497418 
 ----> amount 142 0 0.554607 0.445393 
 ----> amount 143 1 0.501874 0.498126 
 ----> amount 144 0 0.588474 0.411526 
 ----> amount 145 0 0.520259 0.479741 
 ----> amount 146 1 0.49228 0.50772 
 ----> amount 147 0 0.507952 0.492048 
 ----> amount 148 1 0.495273 0.504727 
 ----> amount 149 1 0.489813 0.510187 
 ----> amount 150 0 0.554643 0.445357 
 ----> amount 151 1 0.530858 0.469142 
 ----> amount 152 0 0.568084 0.431916 
 ----> amount 153 0 0.595621 0.404379 
 ----> amount 154 1 0.5005 0.4995 
 ----> amount 155 0 0.577419 0.422581 
 ----> amount 156 1 0.490944 0.509056 
 ----> amount 157 1 0.530917 0.469083 
 ----> amount 158 0 0.548865 0.451135 
 ----> amount 159 0 0.575178 0.424822 
 ----> amount 160 0 0.607565 0.392435 
 ----> amount 161 0 0.564309 0.435691 
 ----> amount 162 0 0.521797 0.478203 
 ----> amount 163 1 0.529255 0.470745 
 ----> amount 164 0 0.560819 0.439181 
 ----> amount 165 1 0.517347 0.482653 
 ----> amount 166 1 0.514704 0.485296 
 ----> amount 167 1 0.473405 0.526595 
 ----> amount 168 0 0.512539 0.487461 
 ----> amount 169 1 0.500102 0.499898 
 ----> amount 170 1 0.527687 0.472313 
 ----> amount 171 1 0.609386 0.390614 
 ----> amount 172 0 0.513287 0.486713 
 ----> amount 173 1 0.560216 0.439784 
 ----> amount 174 0 0.644312 0.355688 
 ----> amount 175 1 0.523146 0.476854 
 ----> amount 176 0 0.513326 0.486674 
 ----> amount 177 0 0.551075 0.448925 
 ----> amount 178 1 0.574161 0.425839 
 ----> amount 179 1 0.481476 0.518524 
 ----> amount 180 1 0.589546 0.410454 
 ----> amount 181 1 0.562049 0.437951 
 ----> amount 182 1 0.517283 0.482717 
 ----> amount 183 0 0.543367 0.456633 
 ----> amount 184 1 0.483514 0.516486 
 ----> amount 185 0 0.565423 0.434577 
 ----> amount 186 0 0.547328 0.452672 
 ----> amount 187 0 0.55239 0.44761 
 ----> amount 188 1 0.52063 0.47937 
 ----> amount 189 1 0.555644 0.444356 
 ----> amount 190 0 0.489946 0.510054 
 ----> amount 191 0 0.527564 0.472436 
 ----> amount 192 1 0.473464 0.526536 
 ----> amount 193 0 0.553501 0.446499 
 ----> amount 194 0 0.515714 0.484286 
 ----> amount 195 1 0.501164 0.498836 
 ----> amount 196 1 0.500029 0.499971 
 ----> amount 197 0 0.545473 0.454527 
 ----> amount 198 1 0.539264 0.460736 
 ----> amount 199 0 0.534609 0.465391 
 ----> amount 200 0 0.591288 0.408712 
 ----> amount 201 1 0.48949 0.51051 
 ----> amount 202 1 0.492173 0.507827 
 ----> amount 203 0 0.575758 0.424242 
 ----> amount 204 1 0.492932 0.507068 
 ----> amount 205 0 0.547903 0.452097 
 ----> amount 206 1 0.54137 0.45863 
 ----> amount 207 1 0.551555 0.448445 
 ----> amount 208 0 0.564444 0.435556 
 ----> amount 209 0 0.592609 0.407391 
 ----> amount 210 1 0.55178 0.44822 
 ----> amount 211 0 0.517043 0.482957 
 ----> amount 212 0 0.538924 0.461076 
 ----> amount 213 0 0.559486 0.440514 
 ----> amount 214 0 0.547799 0.452201 
 ----> amount 215 1 0.532917 0.467083 
 ----> amount 216 0 0.547759 0.452241 
 ----> amount 217 1 0.49115 0.50885 
 ----> amount 218 1 0.478377 0.521623 
 ----> amount 219 0 0.608332 0.391668 
 ----> amount 220 1 0.534849 0.465151 
 ----> amount 221 1 0.513531 0.486469 
 ----> amount 222 1 0.496145 0.503855 
 ----> amount 223 0 0.540116 0.459884 
 ----> amount 224 0 0.505302 0.494698 
 ----> amount 225 1 0.477202 0.522798 
 ----> amount 226 1 0.539441 0.460559 
 ----> amount 227 0 0.525366 0.474634 
 ----> amount 228 0 0.546387 0.453613 
 ----> amount 229 0 0.515305 0.484695 
 ----> amount 230 1 0.492069 0.507931 
 ----> amount 231 0 0.537331 0.462669 
 ----> amount 232 0 0.515214 0.484786 
 ----> amount 233 0 0.554652 0.445348 
 ----> amount 234 1 0.521928 0.478072 
 ----> amount 235 1 0.468018 0.531982 
 ----> amount 236 1 0.496583 0.503417 
 ----> amount 237 0 0.504106 0.495894 
 ----> amount 238 1 0.512369 0.487631 
 ----> amount 239 0 0.56235 0.43765 
 ----> amount 240 1 0.484988 0.515012 
 ----> amount 241 0 0.564814 0.435186 
 ----> amount 242 1 0.495259 0.504741 
 ----> amount 243 0 0.534181 0.465819 
 ----> amount 244 1 0.505657 0.494343 
 ----> amount 245 0 0.499731 0.500269 
 ----> amount 246 1 0.510747 0.489253 
 ----> amount 247 0 0.545462 0.454538 
 ----> amount 248 0 0.537029 0.462971 
 ----> amount 249 1 0.525867 0.474133 
 ----> amount 250 1 0.49087 0.50913 
 ----> amount 251 1 0.459769 0.540231 
 ----> amount 252 0 0.521298 0.478702 
 ----> amount 253 1 0.504548 0.495452 
 ----> amount 254 0 0.49939 0.50061 
 ----> amount 255 0 0.528471 0.471529 
 ----> amount 256 0 0.564689 0.435311 
 ----> amount 257 1 0.580499 0.419501 
 ----> amount 258 0 0.574048 0.425952 
 ----> amount 259 0 0.566958 0.433042 
 ----> amount 260 1 0.477243 0.522757 
 ----> amount 261 1 0.5667 0.4333 
 ----> amount 262 1 0.546134 0.453866 
 ----> amount 263 0 0.545863 0.454137 
 ----> amount 264 1 0.574258 0.425742 
 ----> amount 265 1 0.517696 0.482304 
 ----> amount 266 0 0.531584 0.468416 
 ----> amount 267 1 0.542272 0.457728 
 ----> amount 268 0 0.54868 0.45132 
 ----> amount 269 0 0.575072 0.424928 
 ----> amount 270 0 0.536739 0.463261 
 ----> amount 271 1 0.537537 0.462463 
 ----> amount 272 0 0.533122 0.466878 
 ----> amount 273 1 0.504033 0.495967 
 ----> amount 274 0 0.508177 0.491823 
 ----> amount 275 1 0.484071 0.515929 
 ----> amount 276 0 0.499436 0.500564 
 ----> amount 277 0 0.521123 0.478877 
 ----> amount 278 0 0.565482 0.434518 
 ----> amount 279 1 0.530956 0.469044 
 ----> amount 280 1 0.517671 0.482329 
 ----> amount 281 0 0.544707 0.455293 
 ----> amount 282 1 0.553007 0.446993 
 ----> amount 283 1 0.537486 0.462514 
 ----> amount 284 0 0.566215 0.433785 
 ----> amount 285 0 0.574411 0.425589 
 ----> amount 286 1 0.535612 0.464388 
 ----> amount 287 1 0.523515 0.476485 
 ----> amount 288 1 0.525289 0.474711 
 ----> amount 289 0 0.521612 0.478388 
 ----> amount 290 0 0.504929 0.495071 
 ----> amount 291 1 0.506303 0.493697 
 ----> amount 292 0 0.557788 0.442212 
 ----> amount 293 1 0.559613 0.440387 
 ----> amount 294 1 0.55706 0.44294 
 ----> amount 295 0 0.554479 0.445521 
 ----> amount 296 1 0.503206 0.496794 
 ----> amount 297 0 0.573242 0.426758 
 ----> amount 298 1 0.444894 0.555106 
 ----> amount 299 0 0.563994 0.436006 
 ----> amount 300 0 0.5384 0.4616 
 ----> amount 301 0 0.539099 0.460901 
 ----> amount 302 1 0.544433 0.455567 
 ----> amount 303 1 0.535733 0.464267 
 ----> amount 304 0 0.508398 0.491602 
 ----> amount 305 1 0.551438 0.448562 
 ----> amount 306 0 0.515796 0.484204 
 ----> amount 307 0 0.55736 0.44264 
 ----> amount 308 1 0.469546 0.530454 
 ----> amount 309 0 0.497442 0.502558 
 ----> amount 310 1 0.508252 0.491748 
 ----> amount 311 0 0.591419 0.408581 
 ----> amount 312 1 0.544615 0.455385 
 ----> amount 313 0 0.515977 0.484023 
 ----> amount 314 0 0.566517 0.433483 
 ----> amount 315 0 0.510461 0.489539 
 ----> amount 316 1 0.46589 0.53411 
 ----> amount 317 0 0.560981 0.439019 
 ----> amount 318 0 0.490676 0.509324 
 ----> amount 319 1 0.5353 0.4647 
 ----> amount 320 1 0.497878 0.502122 
 ----> amount 321 1 0.509542 0.490458 
 ----> amount 322 0 0.529251 0.470749 
 ----> amount 323 0 0.519884 0.480116 
 ----> amount 324 1 0.529991 0.470009 
 ----> amount 325 0 0.529752 0.470248 
 ----> amount 326 0 0.531133 0.468867 
 ----> amount 327 1 0.52708 0.47292 
 ----> amount 328 0 0.529709 0.470291 
 ----> amount 329 0 0.559515 0.440485 
 ----> amount 330 1 0.497737 0.502263 
 ----> amount 331 0 0.580278 0.419722 
 ----> amount 332 0 0.556282 0.443718 
 ----> amount 333 1 0.493779 0.506221 
 ----> amount 334 1 0.549381 0.450619 
 ----> amount 335 0 0.560266 0.439734 
 ----> amount 336 1 0.526743 0.473257 
 ----> amount 337 0 0.55383 0.44617 
 ----> amount 338 1 0.428979 0.571021 
 ----> amount 339 0 0.59349 0.40651 
 ----> amount 340 1 0.499327 0.500673 
 ----> amount 341 0 0.524127 0.475873 
 ----> amount 342 1 0.446537 0.553463 
 ----> amount 343 0 0.545582 0.454418 
 ----> amount 344 0 0.604649 0.395351 
 ----> amount 345 0 0.554915 0.445085 
 ----> amount 346 1 0.491639 0.508361 
 ----> amount 347 0 0.545922 0.454078 
 ----> amount 348 0 0.576374 0.423626 
 ----> amount 349 1 0.529479 0.470521 
 ----> amount 350 1 0.558811 0.441189 
 ----> amount 351 0 0.525504 0.474496 
 ----> amount 352 0 0.53233 0.46767 
 ----> amount 353 1 0.510713 0.489287 
 ----> amount 354 0 0.58035 0.41965 
 ----> amount 355 1 0.5035 0.4965 
 ----> amount 356 1 0.505702 0.494298 
 ----> amount 357 1 0.500025 0.499975 
 ----> amount 358 0 0.530176 0.469824 
 ----> amount 359 0 0.545166 0.454834 
 ----> amount 360 1 0.538349 0.461651 
 ----> amount 361 1 0.47269 0.52731 
 ----> amount 362 0 0.511992 0.488008 
 ----> amount 363 0 0.532958 0.467042 
 ----> amount 364 0 0.570894 0.429106 
 ----> amount 365 0 0.58459 0.41541 
 ----> amount 366 1 0.524502 0.475498 
 ----> amount 367 0 0.523063 0.476937 
 ----> amount 368 0 0.632993 0.367007 
 ----> amount 369 0 0.523008 0.476992 
 ----> amount 370 1 0.509899 0.490101 
 ----> amount 371 0 0.579555 0.420445 
 ----> amount 372 1 0.511891 0.488109 
 ----> amount 373 0 0.505051 0.494949 
 ----> amount 374 0 0.566236 0.433764 
 ----> amount 375 1 0.481875 0.518125 
 ----> amount 376 0 0.551715 0.448285 
 ----> amount 377 1 0.535149 0.464851 
 ----> amount 378 1 0.542729 0.457271 
 ----> amount 379 0 0.548109 0.451891 
 ----> amount 380 0 0.606497 0.393503 
 ----> amount 381 1 0.513535 0.486465 
 ----> amount 382 1 0.48806 0.51194 
 ----> amount 383 1 0.525154 0.474846 
 ----> amount 384 0 0.532554 0.467446 
 ----> amount 385 1 0.520815 0.479185 
 ----> amount 386 0 0.545456 0.454544 
 ----> amount 387 1 0.513347 0.486653 
 ----> amount 388 1 0.505042 0.494958 
 ----> amount 389 0 0.519883 0.480117 
 ----> amount 390 0 0.598338 0.401662 
 ----> amount 391 0 0.511064 0.488936 
 ----> amount 392 1 0.49426 0.50574 
 ----> amount 393 1 0.542962 0.457038 
 ----> amount 394 1 0.531563 0.468437 
 ----> amount 395 0 0.565962 0.434038 
 ----> amount 396 0 0.51299 0.48701 
 ----> amount 397 0 0.564653 0.435347 
 ----> amount 398 1 0.519181 0.480819 
 ----> amount 399 1 0.516244 0.483756 
 ----> amount 400 1 0.499835 0.500165 
 ----> amount 401 0 0.521373 0.478627 
 ----> amount 402 0 0.568952 0.431048 
 ----> amount 403 0 0.550408 0.449592 
 ----> amount 404 1 0.550332 0.449668 
 ----> amount 405 1 0.50446 0.49554 
 ----> amount 406 1 0.524732 0.475268 
 ----> amount 407 1 0.531477 0.468523 
 ----> amount 408 0 0.598183 0.401817 
 ----> amount 409 0 0.522273 0.477727 
 ----> amount 410 0 0.510153 0.489847 
 ----> amount 411 0 0.576339 0.423661 
 ----> amount 412 1 0.496327 0.503673 
 ----> amount 413 1 0.466291 0.533709 
 ----> amount 414 0 0.525562 0.474438 
 ----> amount 415 1 0.522528 0.477472 
 ----> amount 416 0 0.529976 0.470024 
 ----> amount 417 0 0.534723 0.465277 
 ----> amount 418 1 0.544749 0.455251 
 ----> amount 419 1 0.502958 0.497042 
 ----> amount 420 1 0.531455 0.468545 
 ----> amount 421 0 0.532163 0.467837 
 ----> amount 422 0 0.526474 0.473526 
 ----> amount 423 1 0.532457 0.467543 
 ----> amount 424 0 0.539572 0.460428 
 ----> amount 425 0 0.550529 0.449471 
 ----> amount 426 1 0.482603 0.517397 
 ----> amount 427 0 0.514846 0.485154 
 ----> amount 428 0 0.536313 0.463687 
 ----> amount 429 0 0.509687 0.490313 
 ----> amount 430 0 0.531021 0.468979 
 ----> amount 431 1 0.50828 0.49172 
 ----> amount 432 1 0.473528 0.526472 
 ----> amount 433 1 0.538768 0.461232 
 ----> amount 434 0 0.494034 0.505966 
 ----> amount 435 1 0.513542 0.486458 
 ----> amount 436 0 0.601678 0.398322 
 ----> amount 437 0 0.602586 0.397414 
 ----> amount 438 0 0.567599 0.432401 
 ----> amount 439 0 0.500745 0.499255 
 ----> amount 440 1 0.540961 0.459039 
 ----> amount 441 0 0.527027 0.472973 
 ----> amount 442 1 0.574605 0.425395 
 ----> amount 443 1 0.476175 0.523825 
 ----> amount 444 0 0.556823 0.443177 
 ----> amount 445 1 0.462973 0.537027 
 ----> amount 446 0 0.516903 0.483097 
 ----> amount 447 0 0.527723 0.472277 
 ----> amount 448 1 0.566908 0.433092 
 ----> amount 449 1 0.480113 0.519887 
 ----> amount 450 0 0.528059 0.471941 
 ----> amount 451 0 0.527144 0.472856 
 ----> amount 452 1 0.48086 0.51914 
 ----> amount 453 0 0.545438 0.454562 
 ----> amount 454 1 0.536862 0.463138 
 ----> amount 455 0 0.513876 0.486124 
 ----> amount 456 0 0.533178 0.466822 
 ----> amount 457 0 0.520179 0.479821 
 ----> amount 458 1 0.536287 0.463713 
 ----> amount 459 0 0.536444 0.463556 
 ----> amount 460 1 0.512021 0.487979 
 ----> amount 461 1 0.551491 0.448509 
 ----> amount 462 0 0.543964 0.456036 
 ----> amount 463 1 0.527318 0.472682 
 ----> amount 464 0 0.55921 0.44079 
 ----> amount 465 1 0.495506 0.504494 
 ----> amount 466 0 0.516301 0.483699 
 ----> amount 467 1 0.545526 0.454474 
 ----> amount 468 0 0.518425 0.481575 
 ----> amount 469 1 0.520222 0.479778 
 ----> amount 470 0 0.539179 0.460821 
 ----> amount 471 1 0.50042 0.49958 
 ----> amount 472 0 0.574507 0.425493 
 ----> amount 473 1 0.539799 0.460201 
 ----> amount 474 0 0.518363 0.481637 
 ----> amount 475 0 0.550469 0.449531 
 ----> amount 476 1 0.475902 0.524098 
 ----> amount 477 1 0.553045 0.446955 
 ----> amount 478 1 0.482052 0.517948 
 ----> amount 479 0 0.554795 0.445205 
 ----> amount 480 0 0.524173 0.475827 
 ----> amount 481 1 0.505127 0.494873 
 ----> amount 482 0 0.541386 0.458614 
 ----> amount 483 0 0.547458 0.452542 
 ----> amount 484 1 0.510878 0.489122 
 ----> amount 485 0 0.536989 0.463011 
 ----> amount 486 0 0.519416 0.480584 
 ----> amount 487 1 0.485671 0.514329 
 ----> amount 488 0 0.506023 0.493977 
 ----> amount 489 1 0.490343 0.509657 
 ----> amount 490 0 0.558996 0.441004 
 ----> amount 491 1 0.573957 0.426043 
 ----> amount 492 0 0.57017 0.42983 
 ----> amount 493 0 0.526678 0.473322 
 ----> amount 494 1 0.508473 0.491527 
 ----> amount 495 0 0.544294 0.455706 
 ----> amount 496 1 0.509904 0.490096 
 ----> amount 497 0 0.535792 0.464208 
 ----> amount 498 1 0.463014 0.536986 
 ----> amount 499 0 0.537829 0.462171 
 ----> amount 500 1 0.486047 0.513953 
 ----> amount 501 0 0.560307 0.439693 
 ----> amount 502 1 0.505824 0.494176 
 ----> amount 503 1 0.48472 0.51528 
 ----> amount 504 1 0.567542 0.432458 
 ----> amount 505 0 0.521086 0.478914 
 ----> amount 506 0 0.530495 0.469505 
 ----> amount 507 1 0.505662 0.494338 
 ----> amount 508 1 0.471673 0.528327 
 ----> amount 509 1 0.480808 0.519192 
 ----> amount 510 0 0.529495 0.470505 
 ----> amount 511 0 0.550947 0.449053 
 ----> amount 512 0 0.554854 0.445146 
 ----> amount 513 1 0.515832 0.484168 
 ----> amount 514 1 0.505139 0.494861 
 ----> amount 515 0 0.453794 0.546206 
 ----> amount 516 0 0.560272 0.439728 
 ----> amount 517 1 0.545328 0.454672 
 ----> amount 518 1 0.446423 0.553577 
 ----> amount 519 0 0.556922 0.443078 
 ----> amount 520 1 0.511117 0.488883 
 ----> amount 521 1 0.522519 0.477481 
 ----> amount 522 0 0.612098 0.387902 
 ----> amount 523 1 0.595319 0.404681 
 ----> amount 524 0 0.594264 0.405736 
 ----> amount 525 0 0.594503 0.405497 
 ----> amount 526 0 0.586547 0.413453 
 ----> amount 527 1 0.520881 0.479119 
 ----> amount 528 0 0.52936 0.47064 
 ----> amount 529 1 0.515807 0.484193 
 ----> amount 530 0 0.595093 0.404907 
 ----> amount 531 1 0.51333 0.48667 
 ----> amount 532 0 0.582968 0.417032 
 ----> amount 533 1 0.507816 0.492184 
 ----> amount 534 0 0.528558 0.471442 
 ----> amount 535 0 0.495609 0.504391 
 ----> amount 536 1 0.509602 0.490398 
 ----> amount 537 1 0.465076 0.534924 
 ----> amount 538 0 0.500786 0.499214 
 ----> amount 539 1 0.485947 0.514053 
 ----> amount 540 1 0.48506 0.51494 
 ----> amount 541 0 0.52709 0.47291 
 ----> amount 542 0 0.552933 0.447067 
 ----> amount 543 1 0.534062 0.465938 
 ----> amount 544 1 0.490746 0.509254 
 ----> amount 545 0 0.534247 0.465753 
 ----> amount 546 0 0.524977 0.475023 
 ----> amount 547 1 0.485529 0.514471 
 ----> amount 548 1 0.525616 0.474384 
 ----> amount 549 0 0.520371 0.479629 
 ----> amount 550 0 0.526045 0.473955 
 ----> amount 551 1 0.52427 0.47573 
 ----> amount 552 0 0.602845 0.397155 
 ----> amount 553 1 0.5059 0.4941 
 ----> amount 554 0 0.536994 0.463006 
 ----> amount 555 1 0.433684 0.566316 
 ----> amount 556 0 0.511894 0.488106 
 ----> amount 557 1 0.549358 0.450642 
 ----> amount 558 1 0.516392 0.483608 
 ----> amount 559 1 0.514355 0.485645 
 ----> amount 560 0 0.56105 0.43895 
 ----> amount 561 0 0.542984 0.457016 
 ----> amount 562 1 0.522912 0.477088 
 ----> amount 563 0 0.529533 0.470467 
 ----> amount 564 0 0.525009 0.474991 
 ----> amount 565 1 0.479534 0.520466 
 ----> amount 566 0 0.592923 0.407077 
 ----> amount 567 0 0.52855 0.47145 
 ----> amount 568 0 0.550523 0.449477 
 ----> amount 569 0 0.562268 0.437732 
 ----> amount 570 1 0.50338 0.49662 
 ----> amount 571 1 0.554243 0.445757 
 ----> amount 572 0 0.548501 0.451499 
 ----> amount 573 0 0.539985 0.460015 
 ----> amount 574 0 0.518905 0.481095 
 ----> amount 575 1 0.540375 0.459625 
 ----> amount 576 1 0.494005 0.505995 
 ----> amount 577 0 0.59012 0.40988 
 ----> amount 578 0 0.518641 0.481359 
 ----> amount 579 0 0.530001 0.469999 
 ----> amount 580 1 0.464865 0.535135 
 ----> amount 581 0 0.523671 0.476329 
 ----> amount 582 0 0.54414 0.45586 
 ----> amount 583 1 0.507502 0.492498 
 ----> amount 584 1 0.525239 0.474761 
 ----> amount 585 0 0.535841 0.464159 
 ----> amount 586 0 0.579315 0.420685 
 ----> amount 587 1 0.514198 0.485802 
 ----> amount 588 0 0.507666 0.492334 
 ----> amount 589 1 0.507738 0.492262 
 ----> amount 590 0 0.521765 0.478235 
 ----> amount 591 1 0.538517 0.461483 
 ----> amount 592 1 0.528279 0.471721 
 ----> amount 593 0 0.535379 0.464621 
 ----> amount 594 0 0.543403 0.456597 
 ----> amount 595 1 0.541908 0.458092 
 ----> amount 596 1 0.461757 0.538243 
 ----> amount 597 0 0.538468 0.461532 
 ----> amount 598 1 0.534792 0.465208 
 ----> amount 599 1 0.540237 0.459763 
 ----> amount 600 0 0.535403 0.464597 
 ----> amount 601 1 0.474159 0.525841 
 ----> amount 602 1 0.499421 0.500579 
 ----> amount 603 0 0.548154 0.451846 
 ----> amount 604 0 0.567019 0.432981 
 ----> amount 605 0 0.529969 0.470031 
 ----> amount 606 1 0.517386 0.482614 
 ----> amount 607 1 0.537764 0.462236 
 ----> amount 608 0 0.500468 0.499532 
 ----> amount 609 0 0.568375 0.431625 
 ----> amount 610 0 0.510682 0.489318 
 ----> amount 611 1 0.577831 0.422169 
 ----> amount 612 0 0.539929 0.460071 
 ----> amount 613 1 0.465796 0.534204 
 ----> amount 614 0 0.581878 0.418122 
 ----> amount 615 1 0.538121 0.461879 
 ----> amount 616 0 0.53755 0.46245 
 ----> amount 617 1 0.513779 0.486221 
 ----> amount 618 1 0.482227 0.517773 
 ----> amount 619 1 0.511693 0.488307 
 ----> amount 620 1 0.555212 0.444788 
 ----> amount 621 0 0.56264 0.43736 
 ----> amount 622 0 0.565618 0.434382 
 ----> amount 623 0 0.51354 0.48646 
 ----> amount 624 0 0.555003 0.444997 
 ----> amount 625 0 0.523499 0.476501 
 ----> amount 626 0 0.539062 0.460938 
 ----> amount 627 0 0.52585 0.47415 
 ----> amount 628 1 0.439117 0.560883 
 ----> amount 629 1 0.59538 0.40462 
 ----> amount 630 0 0.533756 0.466244 
 ----> amount 631 1 0.537815 0.462185 
 ----> amount 632 1 0.492385 0.507615 
 ----> amount 633 0 0.530888 0.469112 
 ----> amount 634 1 0.509492 0.490508 
 ----> amount 635 0 0.570192 0.429808 
 ----> amount 636 1 0.483784 0.516216 
 ----> amount 637 0 0.474107 0.525893 
 ----> amount 638 0 0.490793 0.509207 
 ----> amount 639 1 0.46933 0.53067 
 ----> amount 640 1 0.542246 0.457754 
 ----> amount 641 0 0.622065 0.377935 
 ----> amount 642 0 0.566922 0.433078 
 ----> amount 643 0 0.495769 0.504231 
 ----> amount 644 0 0.610696 0.389304 
 ----> amount 645 0 0.514495 0.485505 
 ----> amount 646 0 0.518168 0.481832 
 ----> amount 647 1 0.551827 0.448173 
 ----> amount 648 0 0.557139 0.442861 
 ----> amount 649 1 0.570776 0.429224 
 ----> amount 650 1 0.496019 0.503981 
 ----> amount 651 1 0.504647 0.495353 
 ----> amount 652 0 0.533442 0.466558 
 ----> amount 653 0 0.572931 0.427069 
 ----> amount 654 1 0.506531 0.493469 
 ----> amount 655 0 0.526587 0.473413 
 ----> amount 656 0 0.559694 0.440306 
 ----> amount 657 0 0.522121 0.477879 
 ----> amount 658 1 0.489002 0.510998 
 ----> amount 659 1 0.553015 0.446985 
 ----> amount 660 0 0.54523 0.45477 
 ----> amount 661 0 0.566561 0.433439 
 ----> amount 662 1 0.454661 0.545339 
 ----> amount 663 0 0.490944 0.509056 
 ----> amount 664 1 0.46644 0.53356 
 ----> amount 665 1 0.470818 0.529182 
 ----> amount 666 0 0.511897 0.488103 
 ----> amount 667 0 0.534441 0.465559 
 ----> amount 668 1 0.537439 0.462561 
 ----> amount 669 0 0.538915 0.461085 
 ----> amount 670 0 0.505747 0.494253 
 ----> amount 671 1 0.502293 0.497707 
 ----> amount 672 0 0.508835 0.491165 
 ----> amount 673 1 0.517266 0.482734 
 ----> amount 674 1 0.510978 0.489022 
 ----> amount 675 1 0.472925 0.527075 
 ----> amount 676 0 0.571975 0.428025 
 ----> amount 677 0 0.570849 0.429151 
 ----> amount 678 1 0.583135 0.416865 
 ----> amount 679 0 0.522757 0.477243 
 ----> amount 680 1 0.5683 0.4317 
 ----> amount 681 0 0.542442 0.457558 
 ----> amount 682 0 0.556245 0.443755 
 ----> amount 683 1 0.526448 0.473552 
 ----> amount 684 0 0.566977 0.433023 
 ----> amount 685 1 0.515116 0.484884 
 ----> amount 686 0 0.576958 0.423042 
 ----> amount 687 0 0.519632 0.480368 
 ----> amount 688 1 0.503582 0.496418 
 ----> amount 689 0 0.539473 0.460527 
 ----> amount 690 1 0.493259 0.506741 
 ----> amount 691 1 0.456479 0.543521 
 ----> amount 692 0 0.55094 0.44906 
 ----> amount 693 1 0.515082 0.484918 
 ----> amount 694 1 0.475216 0.524784 
 ----> amount 695 1 0.474714 0.525286 
 ----> amount 696 0 0.439162 0.560838 
 ----> amount 697 0 0.545531 0.454469 
 ----> amount 698 0 0.544245 0.455755 
 ----> amount 699 1 0.493099 0.506901 
 ----> amount 700 1 0.530139 0.469861 
 ----> amount 701 0 0.510688 0.489312 
 ----> amount 702 0 0.527953 0.472047 
 ----> amount 703 1 0.497399 0.502601 
 ----> amount 704 1 0.487526 0.512474 
 ----> amount 705 0 0.532662 0.467338 
 ----> amount 706 1 0.537139 0.462861 
 ----> amount 707 1 0.507674 0.492326 
 ----> amount 708 1 0.523865 0.476135 
 ----> amount 709 1 0.471722 0.528278 
 ----> amount 710 0 0.494482 0.505518 
 ----> amount 711 0 0.539028 0.460972 
 ----> amount 712 1 0.491239 0.508761 
 ----> amount 713 0 0.525423 0.474577 
 ----> amount 714 1 0.54161 0.45839 
 ----> amount 715 0 0.532165 0.467835 
 ----> amount 716 1 0.605205 0.394795 
 ----> amount 717 0 0.553322 0.446678 
 ----> amount 718 1 0.563113 0.436887 
