 ----> amount 1 1 0.481981 0.518019 
 ----> amount 2 0 0.592499 0.407501 
 ----> amount 3 1 0.479451 0.520549 
 ----> amount 4 0 0.595279 0.404721 
 ----> amount 5 0 0.475239 0.524761 
 ----> amount 6 1 0.385904 0.614096 
 ----> amount 7 0 0.510026 0.489974 
 ----> amount 8 0 0.456509 0.543491 
 ----> amount 9 1 0.389158 0.610842 
 ----> amount 10 1 0.523785 0.476215 
 ----> amount 11 0 0.621573 0.378427 
 ----> amount 12 0 0.512967 0.487033 
 ----> amount 13 0 0.422798 0.577202 
 ----> amount 14 1 0.407575 0.592425 
 ----> amount 15 0 0.530334 0.469666 
 ----> amount 16 1 0.494356 0.505644 
 ----> amount 17 1 0.532816 0.467184 
 ----> amount 18 0 0.57042 0.42958 
 ----> amount 19 1 0.52423 0.47577 
 ----> amount 20 0 0.612074 0.387926 
 ----> amount 21 0 0.49494 0.50506 
 ----> amount 22 1 0.450254 0.549746 
 ----> amount 23 0 0.524056 0.475944 
 ----> amount 24 0 0.510799 0.489201 
 ----> amount 25 1 0.444202 0.555798 
 ----> amount 26 0 0.541735 0.458265 
 ----> amount 27 1 0.51194 0.48806 
 ----> amount 28 1 0.525818 0.474182 
 ----> amount 29 0 0.572177 0.427823 
 ----> amount 30 0 0.526731 0.473269 
 ----> amount 31 0 0.502943 0.497057 
 ----> amount 32 0 0.465945 0.534055 
 ----> amount 33 1 0.479921 0.520079 
 ----> amount 34 0 0.531943 0.468057 
 ----> amount 35 1 0.500569 0.499431 
 ----> amount 36 0 0.543935 0.456065 
 ----> amount 37 0 0.504458 0.495542 
 ----> amount 38 1 0.469945 0.530055 
 ----> amount 39 1 0.529693 0.470307 
 ----> amount 40 1 0.56558 0.43442 
 ----> amount 41 0 0.581777 0.418223 
 ----> amount 42 0 0.536306 0.463694 
 ----> amount 43 0 0.522633 0.477367 
 ----> amount 44 0 0.494771 0.505229 
 ----> amount 45 1 0.486625 0.513375 
 ----> amount 46 1 0.499038 0.500962 
 ----> amount 47 0 0.608442 0.391558 
 ----> amount 48 0 0.530532 0.469468 
 ----> amount 49 1 0.490724 0.509276 
 ----> amount 50 1 0.526564 0.473436 
 ----> amount 51 1 0.567453 0.432547 
 ----> amount 52 0 0.570815 0.429185 
 ----> amount 53 1 0.515365 0.484635 
 ----> amount 54 1 0.530643 0.469357 
 ----> amount 55 0 0.568889 0.431111 
 ----> amount 56 0 0.608869 0.391131 
 ----> amount 57 1 0.525126 0.474874 
 ----> amount 58 0 0.567082 0.432918 
 ----> amount 59 1 0.516876 0.483124 
 ----> amount 60 1 0.535416 0.464584 
 ----> amount 61 0 0.560981 0.439019 
 ----> amount 62 1 0.502967 0.497033 
 ----> amount 63 0 0.558629 0.441371 
 ----> amount 64 1 0.504685 0.495315 
 ----> amount 65 0 0.567556 0.432444 
 ----> amount 66 1 0.516074 0.483926 
 ----> amount 67 0 0.562428 0.437572 
 ----> amount 68 0 0.520158 0.479842 
 ----> amount 69 1 0.497203 0.502797 
 ----> amount 70 1 0.502378 0.497622 
 ----> amount 71 0 0.556839 0.443161 
 ----> amount 72 0 0.533146 0.466854 
 ----> amount 73 1 0.490167 0.509833 
 ----> amount 74 1 0.523173 0.476827 
 ----> amount 75 0 0.544898 0.455102 
 ----> amount 76 1 0.549037 0.450963 
 ----> amount 77 0 0.536945 0.463055 
 ----> amount 78 1 0.476316 0.523684 
 ----> amount 79 0 0.548974 0.451026 
 ----> amount 80 1 0.565083 0.434917 
 ----> amount 81 1 0.517144 0.482856 
 ----> amount 82 1 0.57061 0.42939 
 ----> amount 83 0 0.556938 0.443062 
 ----> amount 84 1 0.52561 0.47439 
 ----> amount 85 0 0.564004 0.435996 
 ----> amount 86 0 0.509799 0.490201 
 ----> amount 87 0 0.543164 0.456836 
 ----> amount 88 0 0.487982 0.512018 
 ----> amount 89 1 0.490191 0.509809 
 ----> amount 90 1 0.504389 0.495611 
 ----> amount 91 0 0.542278 0.457722 
 ----> amount 92 1 0.511739 0.488261 
 ----> amount 93 0 0.572405 0.427595 
 ----> amount 94 1 0.507437 0.492563 
 ----> amount 95 0 0.548984 0.451016 
 ----> amount 96 0 0.548516 0.451484 
 ----> amount 97 0 0.525619 0.474381 
 ----> amount 98 0 0.489459 0.510541 
 ----> amount 99 1 0.487782 0.512218 
 ----> amount 100 0 0.561468 0.438532 
 ----> amount 101 1 0.515336 0.484664 
 ----> amount 102 1 0.496524 0.503476 
 ----> amount 103 0 0.549595 0.450405 
 ----> amount 104 0 0.519342 0.480658 
 ----> amount 105 0 0.554011 0.445989 
 ----> amount 106 0 0.532652 0.467348 
 ----> amount 107 0 0.498625 0.501375 
 ----> amount 108 1 0.48273 0.51727 
 ----> amount 109 0 0.538064 0.461936 
 ----> amount 110 0 0.557876 0.442124 
 ----> amount 111 1 0.513381 0.486619 
 ----> amount 112 0 0.499983 0.500017 
 ----> amount 113 1 0.526031 0.473969 
 ----> amount 114 1 0.508785 0.491215 
 ----> amount 115 0 0.556376 0.443624 
 ----> amount 116 1 0.517549 0.482451 
 ----> amount 117 1 0.536457 0.463543 
 ----> amount 118 1 0.536231 0.463769 
 ----> amount 119 1 0.551243 0.448757 
 ----> amount 120 0 0.575167 0.424833 
 ----> amount 121 0 0.558743 0.441257 
 ----> amount 122 0 0.567114 0.432886 
 ----> amount 123 1 0.503039 0.496961 
 ----> amount 124 1 0.529373 0.470627 
 ----> amount 125 0 0.545941 0.454059 
 ----> amount 126 1 0.493839 0.506161 
 ----> amount 127 0 0.57298 0.42702 
 ----> amount 128 1 0.519896 0.480104 
 ----> amount 129 0 0.613032 0.386968 
 ----> amount 130 0 0.511876 0.488124 
 ----> amount 131 0 0.515805 0.484195 
 ----> amount 132 1 0.50311 0.49689 
 ----> amount 133 0 0.501097 0.498903 
 ----> amount 134 1 0.496828 0.503172 
 ----> amount 135 1 0.518993 0.481007 
 ----> amount 136 0 0.553239 0.446761 
 ----> amount 137 0 0.563839 0.436161 
 ----> amount 138 0 0.497158 0.502842 
 ----> amount 139 0 0.504114 0.495886 
 ----> amount 140 0 0.539413 0.460587 
 ----> amount 141 1 0.474265 0.525735 
 ----> amount 142 0 0.530184 0.469816 
 ----> amount 143 1 0.469144 0.530856 
 ----> amount 144 0 0.5291 0.4709 
 ----> amount 145 0 0.535636 0.464364 
 ----> amount 146 1 0.513178 0.486822 
 ----> amount 147 0 0.521174 0.478826 
 ----> amount 148 1 0.495494 0.504506 
 ----> amount 149 1 0.522084 0.477916 
 ----> amount 150 0 0.533051 0.466949 
 ----> amount 151 1 0.555786 0.444214 
 ----> amount 152 0 0.572968 0.427032 
 ----> amount 153 0 0.535149 0.464851 
 ----> amount 154 1 0.471472 0.528528 
 ----> amount 155 0 0.52515 0.47485 
 ----> amount 156 1 0.483679 0.516321 
 ----> amount 157 1 0.512753 0.487247 
 ----> amount 158 0 0.540803 0.459197 
 ----> amount 159 0 0.529745 0.470255 
 ----> amount 160 0 0.533834 0.466166 
 ----> amount 161 0 0.491816 0.508184 
 ----> amount 162 0 0.544482 0.455518 
 ----> amount 163 1 0.516577 0.483423 
 ----> amount 164 0 0.520804 0.479196 
 ----> amount 165 1 0.491594 0.508406 
 ----> amount 166 1 0.565404 0.434596 
 ----> amount 167 1 0.452546 0.547454 
 ----> amount 168 0 0.585852 0.414148 
 ----> amount 169 1 0.566192 0.433808 
 ----> amount 170 1 0.540533 0.459467 
 ----> amount 171 1 0.536902 0.463098 
 ----> amount 172 0 0.556922 0.443078 
 ----> amount 173 1 0.512352 0.487648 
 ----> amount 174 0 0.637903 0.362097 
 ----> amount 175 1 0.519756 0.480244 
 ----> amount 176 0 0.55076 0.44924 
 ----> amount 177 0 0.536482 0.463518 
 ----> amount 178 1 0.5023 0.4977 
 ----> amount 179 1 0.54482 0.45518 
 ----> amount 180 1 0.498952 0.501048 
 ----> amount 181 1 0.563388 0.436612 
 ----> amount 182 1 0.564934 0.435066 
 ----> amount 183 0 0.608732 0.391268 
 ----> amount 184 1 0.518385 0.481615 
 ----> amount 185 0 0.55888 0.44112 
 ----> amount 186 0 0.563721 0.436279 
 ----> amount 187 0 0.543469 0.456531 
 ----> amount 188 1 0.481929 0.518071 
 ----> amount 189 1 0.503999 0.496001 
 ----> amount 190 0 0.56066 0.43934 
 ----> amount 191 0 0.533513 0.466487 
 ----> amount 192 1 0.499739 0.500261 
 ----> amount 193 0 0.519529 0.480471 
 ----> amount 194 0 0.519041 0.480959 
 ----> amount 195 1 0.493607 0.506393 
 ----> amount 196 1 0.529221 0.470779 
 ----> amount 197 0 0.555653 0.444347 
 ----> amount 198 1 0.493953 0.506047 
 ----> amount 199 0 0.545964 0.454036 
 ----> amount 200 0 0.556585 0.443415 
 ----> amount 201 1 0.511379 0.488621 
 ----> amount 202 1 0.526375 0.473625 
 ----> amount 203 0 0.536091 0.463909 
 ----> amount 204 1 0.521943 0.478057 
 ----> amount 205 0 0.557657 0.442343 
 ----> amount 206 1 0.504295 0.495705 
 ----> amount 207 1 0.54624 0.45376 
 ----> amount 208 0 0.543369 0.456631 
 ----> amount 209 0 0.561876 0.438124 
 ----> amount 210 1 0.493118 0.506882 
 ----> amount 211 0 0.535145 0.464855 
 ----> amount 212 0 0.505273 0.494727 
 ----> amount 213 0 0.512389 0.487611 
 ----> amount 214 0 0.503474 0.496526 
 ----> amount 215 1 0.492212 0.507788 
 ----> amount 216 0 0.553221 0.446779 
 ----> amount 217 1 0.518696 0.481304 
 ----> amount 218 1 0.519581 0.480419 
 ----> amount 219 0 0.516824 0.483176 
 ----> amount 220 1 0.522923 0.477077 
 ----> amount 221 1 0.546516 0.453484 
 ----> amount 222 1 0.594473 0.405527 
 ----> amount 223 0 0.566429 0.433571 
 ----> amount 224 0 0.571242 0.428758 
 ----> amount 225 1 0.523763 0.476237 
 ----> amount 226 1 0.538133 0.461867 
 ----> amount 227 0 0.587481 0.412519 
 ----> amount 228 0 0.510032 0.489968 
 ----> amount 229 0 0.564931 0.435069 
 ----> amount 230 1 0.497731 0.502269 
 ----> amount 231 0 0.513085 0.486915 
 ----> amount 232 0 0.4813 0.5187 
 ----> amount 233 0 0.534539 0.465461 
 ----> amount 234 1 0.496789 0.503211 
 ----> amount 235 1 0.50889 0.49111 
 ----> amount 236 1 0.553174 0.446826 
 ----> amount 237 0 0.577851 0.422149 
 ----> amount 238 1 0.552196 0.447804 
 ----> amount 239 0 0.553242 0.446758 
 ----> amount 240 1 0.526945 0.473055 
 ----> amount 241 0 0.582292 0.417708 
 ----> amount 242 1 0.475225 0.524775 
 ----> amount 243 0 0.576376 0.423624 
 ----> amount 244 1 0.488794 0.511206 
 ----> amount 245 0 0.580911 0.419089 
 ----> amount 246 1 0.47669 0.52331 
 ----> amount 247 0 0.57659 0.42341 
 ----> amount 248 0 0.540117 0.459883 
 ----> amount 249 1 0.496652 0.503348 
 ----> amount 250 1 0.499734 0.500266 
 ----> amount 251 1 0.569881 0.430119 
 ----> amount 252 0 0.554288 0.445712 
 ----> amount 253 1 0.50176 0.49824 
 ----> amount 254 0 0.538275 0.461725 
 ----> amount 255 0 0.52634 0.47366 
 ----> amount 256 0 0.522325 0.477675 
 ----> amount 257 1 0.501933 0.498067 
 ----> amount 258 0 0.530564 0.469436 
 ----> amount 259 0 0.526042 0.473958 
 ----> amount 260 1 0.513932 0.486068 
 ----> amount 261 1 0.507523 0.492477 
 ----> amount 262 1 0.543503 0.456497 
 ----> amount 263 0 0.585907 0.414093 
 ----> amount 264 1 0.512089 0.487911 
 ----> amount 265 1 0.56129 0.43871 
 ----> amount 266 0 0.602661 0.397339 
 ----> amount 267 1 0.562003 0.437997 
 ----> amount 268 0 0.563206 0.436794 
 ----> amount 269 0 0.533772 0.466228 
 ----> amount 270 0 0.50448 0.49552 
 ----> amount 271 1 0.520311 0.479689 
 ----> amount 272 0 0.547722 0.452278 
 ----> amount 273 1 0.480016 0.519984 
 ----> amount 274 0 0.553828 0.446172 
 ----> amount 275 1 0.498388 0.501612 
 ----> amount 276 0 0.533818 0.466182 
 ----> amount 277 0 0.514289 0.485711 
 ----> amount 278 0 0.52342 0.47658 
 ----> amount 279 1 0.477207 0.522793 
 ----> amount 280 1 0.517455 0.482545 
 ----> amount 281 0 0.555612 0.444388 
 ----> amount 282 1 0.536396 0.463604 
 ----> amount 283 1 0.564262 0.435738 
 ----> amount 284 0 0.596903 0.403097 
 ----> amount 285 0 0.546539 0.453461 
 ----> amount 286 1 0.514936 0.485064 
 ----> amount 287 1 0.532433 0.467567 
 ----> amount 288 1 0.501425 0.498575 
 ----> amount 289 0 0.563053 0.436947 
 ----> amount 290 0 0.583396 0.416604 
 ----> amount 291 1 0.528516 0.471484 
 ----> amount 292 0 0.589658 0.410342 
 ----> amount 293 1 0.519854 0.480146 
 ----> amount 294 1 0.52891 0.47109 
 ----> amount 295 0 0.586123 0.413877 
 ----> amount 296 1 0.54293 0.45707 
 ----> amount 297 0 0.544508 0.455492 
 ----> amount 298 1 0.507364 0.492636 
 ----> amount 299 0 0.584807 0.415193 
 ----> amount 300 0 0.50526 0.49474 
 ----> amount 301 0 0.555757 0.444243 
 ----> amount 302 1 0.483786 0.516214 
 ----> amount 303 1 0.500672 0.499328 
 ----> amount 304 0 0.568563 0.431437 
 ----> amount 305 1 0.493468 0.506532 
 ----> amount 306 0 0.542128 0.457872 
 ----> amount 307 0 0.555263 0.444737 
 ----> amount 308 1 0.476372 0.523628 
 ----> amount 309 0 0.552274 0.447726 
 ----> amount 310 1 0.50213 0.49787 
 ----> amount 311 0 0.560689 0.439311 
 ----> amount 312 1 0.50662 0.49338 
 ----> amount 313 0 0.533799 0.466201 
 ----> amount 314 0 0.554836 0.445164 
 ----> amount 315 0 0.491364 0.508636 
 ----> amount 316 1 0.457284 0.542716 
 ----> amount 317 0 0.559563 0.440437 
 ----> amount 318 0 0.518523 0.481477 
 ----> amount 319 1 0.523825 0.476175 
 ----> amount 320 1 0.483493 0.516507 
 ----> amount 321 1 0.559337 0.440663 
 ----> amount 322 0 0.573258 0.426742 
 ----> amount 323 0 0.53819 0.46181 
 ----> amount 324 1 0.528159 0.471841 
 ----> amount 325 0 0.529802 0.470198 
 ----> amount 326 0 0.523208 0.476792 
 ----> amount 327 1 0.496605 0.503395 
 ----> amount 328 0 0.555342 0.444658 
 ----> amount 329 0 0.526024 0.473976 
 ----> amount 330 1 0.458799 0.541201 
 ----> amount 331 0 0.560496 0.439504 
 ----> amount 332 0 0.576297 0.423703 
 ----> amount 333 1 0.453918 0.546082 
 ----> amount 334 1 0.518593 0.481407 
 ----> amount 335 0 0.544622 0.455378 
 ----> amount 336 1 0.479001 0.520999 
 ----> amount 337 0 0.574596 0.425404 
 ----> amount 338 1 0.507674 0.492326 
 ----> amount 339 0 0.568063 0.431937 
 ----> amount 340 1 0.513273 0.486727 
 ----> amount 341 0 0.568354 0.431646 
 ----> amount 342 1 0.49888 0.50112 
 ----> amount 343 0 0.551613 0.448387 
 ----> amount 344 0 0.529723 0.470277 
 ----> amount 345 0 0.529417 0.470583 
 ----> amount 346 1 0.478701 0.521299 
 ----> amount 347 0 0.52228 0.47772 
 ----> amount 348 0 0.550963 0.449037 
 ----> amount 349 1 0.525714 0.474286 
 ----> amount 350 1 0.501383 0.498617 
 ----> amount 351 0 0.584294 0.415706 
 ----> amount 352 0 0.501035 0.498965 
 ----> amount 353 1 0.473416 0.526584 
 ----> amount 354 0 0.564197 0.435803 
 ----> amount 355 1 0.515913 0.484087 
 ----> amount 356 1 0.472074 0.527926 
 ----> amount 357 1 0.584503 0.415497 
 ----> amount 358 0 0.594267 0.405733 
 ----> amount 359 0 0.542545 0.457455 
 ----> amount 360 1 0.474461 0.525539 
 ----> amount 361 1 0.525073 0.474927 
 ----> amount 362 0 0.569822 0.430178 
 ----> amount 363 0 0.554831 0.445169 
 ----> amount 364 0 0.499044 0.500956 
 ----> amount 365 0 0.525564 0.474436 
 ----> amount 366 1 0.480562 0.519438 
 ----> amount 367 0 0.538076 0.461924 
 ----> amount 368 0 0.543395 0.456605 
 ----> amount 369 0 0.550284 0.449716 
 ----> amount 370 1 0.477761 0.522239 
 ----> amount 371 0 0.515915 0.484085 
 ----> amount 372 1 0.491139 0.508861 
 ----> amount 373 0 0.531307 0.468693 
 ----> amount 374 0 0.521992 0.478008 
 ----> amount 375 1 0.496483 0.503517 
 ----> amount 376 0 0.57953 0.42047 
 ----> amount 377 1 0.504037 0.495963 
 ----> amount 378 1 0.534645 0.465355 
 ----> amount 379 0 0.529486 0.470514 
 ----> amount 380 0 0.547963 0.452037 
 ----> amount 381 1 0.556286 0.443714 
 ----> amount 382 1 0.541599 0.458401 
 ----> amount 383 1 0.490691 0.509309 
 ----> amount 384 0 0.5983 0.4017 
 ----> amount 385 1 0.540428 0.459572 
 ----> amount 386 0 0.555797 0.444203 
 ----> amount 387 1 0.518183 0.481817 
 ----> amount 388 1 0.537339 0.462661 
 ----> amount 389 0 0.590033 0.409967 
 ----> amount 390 0 0.580544 0.419456 
 ----> amount 391 0 0.541429 0.458571 
 ----> amount 392 1 0.503963 0.496037 
 ----> amount 393 1 0.493588 0.506412 
 ----> amount 394 1 0.529896 0.470104 
 ----> amount 395 0 0.570881 0.429119 
 ----> amount 396 0 0.53411 0.46589 
 ----> amount 397 0 0.507945 0.492055 
 ----> amount 398 1 0.493889 0.506111 
 ----> amount 399 1 0.500784 0.499216 
 ----> amount 400 1 0.554568 0.445432 
 ----> amount 401 0 0.593192 0.406808 
 ----> amount 402 0 0.550436 0.449564 
 ----> amount 403 0 0.518698 0.481302 
 ----> amount 404 1 0.509106 0.490894 
 ----> amount 405 1 0.474707 0.525293 
 ----> amount 406 1 0.567451 0.432549 
 ----> amount 407 1 0.540255 0.459745 
 ----> amount 408 0 0.565888 0.434112 
 ----> amount 409 0 0.55027 0.44973 
 ----> amount 410 0 0.530506 0.469494 
 ----> amount 411 0 0.48662 0.51338 
 ----> amount 412 1 0.521768 0.478232 
 ----> amount 413 1 0.498052 0.501948 
 ----> amount 414 0 0.573233 0.426767 
 ----> amount 415 1 0.506095 0.493905 
 ----> amount 416 0 0.564006 0.435994 
 ----> amount 417 0 0.535025 0.464975 
 ----> amount 418 1 0.509465 0.490535 
 ----> amount 419 1 0.513552 0.486448 
 ----> amount 420 1 0.550875 0.449125 
 ----> amount 421 0 0.586515 0.413485 
 ----> amount 422 0 0.543541 0.456459 
 ----> amount 423 1 0.507847 0.492153 
 ----> amount 424 0 0.568676 0.431324 
 ----> amount 425 0 0.536379 0.463621 
 ----> amount 426 1 0.474894 0.525106 
 ----> amount 427 0 0.524344 0.475656 
 ----> amount 428 0 0.529915 0.470085 
 ----> amount 429 0 0.44364 0.55636 
 ----> amount 430 0 0.509987 0.490013 
 ----> amount 431 1 0.502722 0.497278 
 ----> amount 432 1 0.536587 0.463413 
 ----> amount 433 1 0.514731 0.485269 
 ----> amount 434 0 0.558235 0.441765 
 ----> amount 435 1 0.480576 0.519424 
 ----> amount 436 0 0.545352 0.454648 
 ----> amount 437 0 0.537671 0.462329 
 ----> amount 438 0 0.54696 0.45304 
 ----> amount 439 0 0.491021 0.508979 
 ----> amount 440 1 0.50599 0.49401 
 ----> amount 441 0 0.500313 0.499687 
 ----> amount 442 1 0.495603 0.504397 
 ----> amount 443 1 0.544473 0.455527 
 ----> amount 444 0 0.564316 0.435684 
 ----> amount 445 1 0.528124 0.471876 
 ----> amount 446 0 0.567205 0.432795 
 ----> amount 447 0 0.507856 0.492144 
 ----> amount 448 1 0.492077 0.507923 
 ----> amount 449 1 0.508297 0.491703 
 ----> amount 450 0 0.570742 0.429258 
 ----> amount 451 0 0.557109 0.442891 
 ----> amount 452 1 0.500374 0.499626 
 ----> amount 453 0 0.542869 0.457131 
 ----> amount 454 1 0.521356 0.478644 
 ----> amount 455 0 0.513922 0.486078 
 ----> amount 456 0 0.535728 0.464272 
 ----> amount 457 0 0.480535 0.519465 
 ----> amount 458 1 0.487787 0.512213 
 ----> amount 459 0 0.510784 0.489216 
 ----> amount 460 1 0.517526 0.482474 
 ----> amount 461 1 0.528281 0.471719 
 ----> amount 462 0 0.534431 0.465569 
 ----> amount 463 1 0.491202 0.508798 
 ----> amount 464 0 0.59672 0.40328 
 ----> amount 465 1 0.523362 0.476638 
 ----> amount 466 0 0.570833 0.429167 
 ----> amount 467 1 0.519951 0.480049 
 ----> amount 468 0 0.598857 0.401143 
 ----> amount 469 1 0.511458 0.488542 
 ----> amount 470 0 0.541589 0.458411 
 ----> amount 471 1 0.484025 0.515975 
 ----> amount 472 0 0.547562 0.452438 
 ----> amount 473 1 0.504137 0.495863 
 ----> amount 474 0 0.550067 0.449933 
 ----> amount 475 0 0.547241 0.452759 
 ----> amount 476 1 0.466028 0.533972 
 ----> amount 477 1 0.52954 0.47046 
 ----> amount 478 1 0.552781 0.447219 
 ----> amount 479 0 0.555906 0.444094 
 ----> amount 480 0 0.579432 0.420568 
 ----> amount 481 1 0.495696 0.504304 
 ----> amount 482 0 0.529517 0.470483 
 ----> amount 483 0 0.522349 0.477651 
 ----> amount 484 1 0.484278 0.515722 
 ----> amount 485 0 0.550818 0.449182 
 ----> amount 486 0 0.522779 0.477221 
 ----> amount 487 1 0.490059 0.509941 
 ----> amount 488 0 0.53958 0.46042 
 ----> amount 489 1 0.497691 0.502309 
 ----> amount 490 0 0.531105 0.468895 
 ----> amount 491 1 0.487317 0.512683 
 ----> amount 492 0 0.558709 0.441291 
 ----> amount 493 0 0.55344 0.44656 
 ----> amount 494 1 0.502777 0.497223 
 ----> amount 495 0 0.556016 0.443984 
 ----> amount 496 1 0.499954 0.500046 
 ----> amount 497 0 0.536101 0.463899 
 ----> amount 498 1 0.519026 0.480974 
 ----> amount 499 0 0.51701 0.48299 
 ----> amount 500 1 0.498902 0.501098 
 ----> amount 501 0 0.546947 0.453053 
 ----> amount 502 1 0.47981 0.52019 
 ----> amount 503 1 0.513424 0.486576 
 ----> amount 504 1 0.532169 0.467831 
 ----> amount 505 0 0.580841 0.419159 
 ----> amount 506 0 0.587298 0.412702 
 ----> amount 507 1 0.517876 0.482124 
 ----> amount 508 1 0.523357 0.476643 
 ----> amount 509 1 0.575468 0.424532 
 ----> amount 510 0 0.574239 0.425761 
 ----> amount 511 0 0.556123 0.443877 
 ----> amount 512 0 0.519206 0.480794 
 ----> amount 513 1 0.470058 0.529942 
 ----> amount 514 1 0.510199 0.489801 
 ----> amount 515 0 0.559123 0.440877 
 ----> amount 516 0 0.559328 0.440672 
 ----> amount 517 1 0.504998 0.495002 
 ----> amount 518 1 0.513362 0.486638 
 ----> amount 519 0 0.60828 0.39172 
 ----> amount 520 1 0.494845 0.505155 
 ----> amount 521 1 0.542405 0.457595 
 ----> amount 522 0 0.556834 0.443166 
 ----> amount 523 1 0.528128 0.471872 
 ----> amount 524 0 0.585341 0.414659 
 ----> amount 525 0 0.544542 0.455458 
 ----> amount 526 0 0.522417 0.477583 
 ----> amount 527 1 0.484991 0.515009 
 ----> amount 528 0 0.546782 0.453218 
 ----> amount 529 1 0.505628 0.494372 
 ----> amount 530 0 0.541449 0.458551 
 ----> amount 531 1 0.494935 0.505065 
 ----> amount 532 0 0.545079 0.454921 
 ----> amount 533 1 0.511326 0.488674 
 ----> amount 534 0 0.555042 0.444958 
 ----> amount 535 0 0.524483 0.475517 
 ----> amount 536 1 0.477668 0.522332 
 ----> amount 537 1 0.530585 0.469415 
 ----> amount 538 0 0.60586 0.39414 
 ----> amount 539 1 0.498429 0.501571 
 ----> amount 540 1 0.53447 0.46553 
 ----> amount 541 0 0.592445 0.407555 
 ----> amount 542 0 0.575442 0.424558 
 ----> amount 543 1 0.515739 0.484261 
 ----> amount 544 1 0.521259 0.478741 
 ----> amount 545 0 0.575126 0.424874 
 ----> amount 546 0 0.544769 0.455231 
 ----> amount 547 1 0.510783 0.489217 
 ----> amount 548 1 0.538149 0.461851 
 ----> amount 549 0 0.521735 0.478265 
 ----> amount 550 0 0.558863 0.441137 
 ----> amount 551 1 0.493258 0.506742 
 ----> amount 552 0 0.562023 0.437977 
 ----> amount 553 1 0.523036 0.476964 
 ----> amount 554 0 0.529144 0.470856 
 ----> amount 555 1 0.51112 0.48888 
 ----> amount 556 0 0.528359 0.471641 
 ----> amount 557 1 0.523298 0.476702 
 ----> amount 558 1 0.495227 0.504773 
 ----> amount 559 1 0.545216 0.454784 
 ----> amount 560 0 0.602902 0.397098 
 ----> amount 561 0 0.559046 0.440954 
 ----> amount 562 1 0.494529 0.505471 
 ----> amount 563 0 0.593781 0.406219 
 ----> amount 564 0 0.53133 0.46867 
 ----> amount 565 1 0.507578 0.492422 
 ----> amount 566 0 0.544737 0.455263 
 ----> amount 567 0 0.528332 0.471668 
 ----> amount 568 0 0.497237 0.502763 
 ----> amount 569 0 0.486997 0.513003 
 ----> amount 570 1 0.484804 0.515196 
 ----> amount 571 1 0.546423 0.453577 
 ----> amount 572 0 0.527192 0.472808 
 ----> amount 573 0 0.526182 0.473818 
 ----> amount 574 0 0.510439 0.489561 
 ----> amount 575 1 0.49186 0.50814 
 ----> amount 576 1 0.507159 0.492841 
 ----> amount 577 0 0.574338 0.425662 
 ----> amount 578 0 0.522544 0.477456 
 ----> amount 579 0 0.524977 0.475023 
 ----> amount 580 1 0.48865 0.51135 
 ----> amount 581 0 0.536385 0.463615 
 ----> amount 582 0 0.589825 0.410175 
 ----> amount 583 1 0.5105 0.4895 
 ----> amount 584 1 0.503242 0.496758 
 ----> amount 585 0 0.532023 0.467977 
 ----> amount 586 0 0.523172 0.476828 
 ----> amount 587 1 0.503634 0.496366 
 ----> amount 588 0 0.514751 0.485249 
 ----> amount 589 1 0.510866 0.489134 
 ----> amount 590 0 0.556819 0.443181 
 ----> amount 591 1 0.521416 0.478584 
 ----> amount 592 1 0.500978 0.499022 
 ----> amount 593 0 0.545983 0.454017 
 ----> amount 594 0 0.535558 0.464442 
 ----> amount 595 1 0.478549 0.521451 
 ----> amount 596 1 0.511282 0.488718 
 ----> amount 597 0 0.597789 0.402211 
 ----> amount 598 1 0.502849 0.497151 
 ----> amount 599 1 0.535608 0.464392 
 ----> amount 600 0 0.574767 0.425233 
 ----> amount 601 1 0.516621 0.483379 
 ----> amount 602 1 0.541191 0.458809 
 ----> amount 603 0 0.587706 0.412294 
 ----> amount 604 0 0.574004 0.425996 
 ----> amount 605 0 0.539878 0.460122 
 ----> amount 606 1 0.473499 0.526501 
 ----> amount 607 1 0.553561 0.446439 
 ----> amount 608 0 0.555095 0.444905 
 ----> amount 609 0 0.533514 0.466486 
 ----> amount 610 0 0.536187 0.463813 
 ----> amount 611 1 0.488778 0.511222 
 ----> amount 612 0 0.53799 0.46201 
 ----> amount 613 1 0.483136 0.516864 
 ----> amount 614 0 0.540999 0.459001 
 ----> amount 615 1 0.541635 0.458365 
 ----> amount 616 0 0.530631 0.469369 
 ----> amount 617 1 0.483963 0.516037 
 ----> amount 618 1 0.53795 0.46205 
 ----> amount 619 1 0.525266 0.474734 
 ----> amount 620 1 0.542716 0.457284 
 ----> amount 621 0 0.574667 0.425333 
 ----> amount 622 0 0.592376 0.407624 
 ----> amount 623 0 0.513135 0.486865 
 ----> amount 624 0 0.496424 0.503576 
 ----> amount 625 0 0.532566 0.467434 
 ----> amount 626 0 0.506409 0.493591 
 ----> amount 627 0 0.506838 0.493162 
 ----> amount 628 1 0.493429 0.506571 
 ----> amount 629 1 0.515876 0.484124 
 ----> amount 630 0 0.603656 0.396344 
 ----> amount 631 1 0.466264 0.533736 
 ----> amount 632 1 0.544694 0.455306 
 ----> amount 633 0 0.589625 0.410375 
 ----> amount 634 1 0.51916 0.48084 
 ----> amount 635 0 0.528267 0.471733 
 ----> amount 636 1 0.525551 0.474449 
 ----> amount 637 0 0.569776 0.430224 
 ----> amount 638 0 0.51936 0.48064 
 ----> amount 639 1 0.494762 0.505238 
 ----> amount 640 1 0.467705 0.532295 
 ----> amount 641 0 0.577451 0.422549 
 ----> amount 642 0 0.521614 0.478386 
 ----> amount 643 0 0.494483 0.505517 
 ----> amount 644 0 0.535271 0.464729 
 ----> amount 645 0 0.513961 0.486039 
 ----> amount 646 0 0.508339 0.491661 
 ----> amount 647 1 0.517648 0.482352 
 ----> amount 648 0 0.549247 0.450753 
 ----> amount 649 1 0.481805 0.518195 
 ----> amount 650 1 0.508859 0.491141 
 ----> amount 651 1 0.51766 0.48234 
 ----> amount 652 0 0.619207 0.380793 
 ----> amount 653 0 0.589317 0.410683 
 ----> amount 654 1 0.515391 0.484609 
 ----> amount 655 0 0.564132 0.435868 
 ----> amount 656 0 0.509642 0.490358 
 ----> amount 657 0 0.534774 0.465226 
 ----> amount 658 1 0.478736 0.521264 
 ----> amount 659 1 0.530982 0.469018 
 ----> amount 660 0 0.570433 0.429567 
 ----> amount 661 0 0.520148 0.479852 
 ----> amount 662 1 0.505171 0.494829 
 ----> amount 663 0 0.50901 0.49099 
 ----> amount 664 1 0.513587 0.486413 
 ----> amount 665 1 0.514449 0.485551 
 ----> amount 666 0 0.567733 0.432267 
 ----> amount 667 0 0.526283 0.473717 
 ----> amount 668 1 0.496335 0.503665 
 ----> amount 669 0 0.528418 0.471582 
 ----> amount 670 0 0.516665 0.483335 
 ----> amount 671 1 0.504852 0.495148 
 ----> amount 672 0 0.514434 0.485566 
 ----> amount 673 1 0.483188 0.516812 
 ----> amount 674 1 0.545312 0.454688 
 ----> amount 675 1 0.534581 0.465419 
 ----> amount 676 0 0.584505 0.415495 
 ----> amount 677 0 0.58122 0.41878 
 ----> amount 678 1 0.503135 0.496865 
 ----> amount 679 0 0.575804 0.424196 
 ----> amount 680 1 0.524175 0.475825 
 ----> amount 681 0 0.57511 0.42489 
 ----> amount 682 0 0.542001 0.457999 
 ----> amount 683 1 0.481629 0.518371 
 ----> amount 684 0 0.525356 0.474644 
 ----> amount 685 1 0.47328 0.52672 
 ----> amount 686 0 0.504995 0.495005 
 ----> amount 687 0 0.52334 0.47666 
 ----> amount 688 1 0.495191 0.504809 
 ----> amount 689 0 0.55321 0.44679 
 ----> amount 690 1 0.509329 0.490671 
 ----> amount 691 1 0.505985 0.494015 
 ----> amount 692 0 0.537999 0.462001 
 ----> amount 693 1 0.510222 0.489778 
 ----> amount 694 1 0.536577 0.463423 
 ----> amount 695 1 0.570146 0.429854 
 ----> amount 696 0 0.593221 0.406779 
 ----> amount 697 0 0.568061 0.431939 
 ----> amount 698 0 0.497411 0.502589 
 ----> amount 699 1 0.494059 0.505941 
 ----> amount 700 1 0.491754 0.508246 
 ----> amount 701 0 0.57635 0.42365 
 ----> amount 702 0 0.541796 0.458204 
 ----> amount 703 1 0.509203 0.490797 
 ----> amount 704 1 0.517346 0.482654 
 ----> amount 705 0 0.552894 0.447106 
 ----> amount 706 1 0.505756 0.494244 
 ----> amount 707 1 0.537944 0.462056 
 ----> amount 708 1 0.573484 0.426516 
 ----> amount 709 1 0.552864 0.447136 
 ----> amount 710 0 0.584614 0.415386 
 ----> amount 711 0 0.624407 0.375593 
 ----> amount 712 1 0.463747 0.536253 
 ----> amount 713 0 0.574882 0.425118 
 ----> amount 714 1 0.521615 0.478385 
 ----> amount 715 0 0.582227 0.417773 
 ----> amount 716 1 0.532114 0.467886 
 ----> amount 717 0 0.549423 0.450577 
 ----> amount 718 1 0.545304 0.454696 
