 ----> amount 1 1 0.560734 0.439266 
 ----> amount 2 0 0.516378 0.483622 
 ----> amount 3 1 0.558101 0.441899 
 ----> amount 4 0 0.516652 0.483348 
 ----> amount 5 0 0.508765 0.491235 
 ----> amount 6 1 0.523624 0.476376 
 ----> amount 7 0 0.533253 0.466747 
 ----> amount 8 0 0.549533 0.450467 
 ----> amount 9 1 0.513356 0.486644 
 ----> amount 10 1 0.5255 0.4745 
 ----> amount 11 0 0.533622 0.466378 
 ----> amount 12 0 0.539557 0.460443 
 ----> amount 13 0 0.501716 0.498284 
 ----> amount 14 1 0.556868 0.443132 
 ----> amount 15 0 0.493448 0.506552 
 ----> amount 16 1 0.536636 0.463364 
 ----> amount 17 1 0.503682 0.496318 
 ----> amount 18 0 0.538354 0.461646 
 ----> amount 19 1 0.537331 0.462669 
 ----> amount 20 0 0.518731 0.481269 
 ----> amount 21 0 0.53303 0.46697 
 ----> amount 22 1 0.570558 0.429442 
 ----> amount 23 0 0.502623 0.497377 
 ----> amount 24 0 0.509462 0.490538 
 ----> amount 25 1 0.514937 0.485063 
 ----> amount 26 0 0.538786 0.461214 
 ----> amount 27 1 0.54048 0.45952 
 ----> amount 28 1 0.479563 0.520437 
 ----> amount 29 0 0.509081 0.490919 
 ----> amount 30 0 0.559597 0.440403 
 ----> amount 31 0 0.515774 0.484226 
 ----> amount 32 0 0.560254 0.439746 
 ----> amount 33 1 0.531738 0.468262 
 ----> amount 34 0 0.48939 0.51061 
 ----> amount 35 1 0.538958 0.461042 
 ----> amount 36 0 0.537693 0.462307 
 ----> amount 37 0 0.577586 0.422414 
 ----> amount 38 1 0.541217 0.458783 
 ----> amount 39 1 0.517612 0.482388 
 ----> amount 40 1 0.500122 0.499878 
 ----> amount 41 0 0.541419 0.458581 
 ----> amount 42 0 0.553118 0.446882 
 ----> amount 43 0 0.493898 0.506102 
 ----> amount 44 0 0.563891 0.436109 
 ----> amount 45 1 0.508877 0.491123 
 ----> amount 46 1 0.543203 0.456797 
 ----> amount 47 0 0.538218 0.461782 
 ----> amount 48 0 0.514169 0.485831 
 ----> amount 49 1 0.521778 0.478222 
 ----> amount 50 1 0.517682 0.482318 
 ----> amount 51 1 0.554412 0.445588 
 ----> amount 52 0 0.537262 0.462738 
 ----> amount 53 1 0.528007 0.471993 
 ----> amount 54 1 0.506733 0.493267 
 ----> amount 55 0 0.521639 0.478361 
 ----> amount 56 0 0.53441 0.46559 
 ----> amount 57 1 0.492789 0.507211 
 ----> amount 58 0 0.541518 0.458482 
 ----> amount 59 1 0.501267 0.498733 
 ----> amount 60 1 0.541917 0.458083 
 ----> amount 61 0 0.497105 0.502895 
 ----> amount 62 1 0.547002 0.452998 
 ----> amount 63 0 0.527418 0.472582 
 ----> amount 64 1 0.5163 0.4837 
 ----> amount 65 0 0.556286 0.443714 
 ----> amount 66 1 0.535453 0.464547 
 ----> amount 67 0 0.554684 0.445316 
 ----> amount 68 0 0.528992 0.471008 
 ----> amount 69 1 0.52613 0.47387 
 ----> amount 70 1 0.525001 0.474999 
 ----> amount 71 0 0.548423 0.451577 
 ----> amount 72 0 0.537556 0.462444 
 ----> amount 73 1 0.501643 0.498357 
 ----> amount 74 1 0.538901 0.461099 
 ----> amount 75 0 0.54166 0.45834 
 ----> amount 76 1 0.518249 0.481751 
 ----> amount 77 0 0.49703 0.50297 
 ----> amount 78 1 0.514773 0.485227 
 ----> amount 79 0 0.550411 0.449589 
 ----> amount 80 1 0.534506 0.465494 
 ----> amount 81 1 0.524633 0.475367 
 ----> amount 82 1 0.514203 0.485797 
 ----> amount 83 0 0.562405 0.437595 
 ----> amount 84 1 0.511525 0.488475 
 ----> amount 85 0 0.518038 0.481962 
 ----> amount 86 0 0.543914 0.456086 
 ----> amount 87 0 0.547807 0.452193 
 ----> amount 88 0 0.537381 0.462619 
 ----> amount 89 1 0.529699 0.470301 
 ----> amount 90 1 0.5051 0.4949 
 ----> amount 91 0 0.538724 0.461276 
 ----> amount 92 1 0.531887 0.468113 
 ----> amount 93 0 0.553924 0.446076 
 ----> amount 94 1 0.489187 0.510813 
 ----> amount 95 0 0.526227 0.473773 
 ----> amount 96 0 0.543762 0.456238 
 ----> amount 97 0 0.545067 0.454933 
 ----> amount 98 0 0.568502 0.431498 
 ----> amount 99 1 0.532214 0.467786 
 ----> amount 100 0 0.5504 0.4496 
 ----> amount 101 1 0.481046 0.518954 
 ----> amount 102 1 0.516374 0.483626 
 ----> amount 103 0 0.559227 0.440773 
 ----> amount 104 0 0.514679 0.485321 
 ----> amount 105 0 0.528955 0.471045 
 ----> amount 106 0 0.53142 0.46858 
 ----> amount 107 0 0.582993 0.417007 
 ----> amount 108 1 0.503372 0.496628 
 ----> amount 109 0 0.540556 0.459444 
 ----> amount 110 0 0.552928 0.447072 
 ----> amount 111 1 0.471168 0.528832 
 ----> amount 112 0 0.602343 0.397657 
 ----> amount 113 1 0.515341 0.484659 
 ----> amount 114 1 0.527356 0.472644 
 ----> amount 115 0 0.541037 0.458963 
 ----> amount 116 1 0.502065 0.497935 
 ----> amount 117 1 0.499534 0.500466 
 ----> amount 118 1 0.516391 0.483609 
 ----> amount 119 1 0.536922 0.463078 
 ----> amount 120 0 0.521378 0.478622 
 ----> amount 121 0 0.612378 0.387622 
 ----> amount 122 0 0.525245 0.474755 
 ----> amount 123 1 0.546952 0.453048 
 ----> amount 124 1 0.492588 0.507412 
 ----> amount 125 0 0.520354 0.479646 
 ----> amount 126 1 0.536216 0.463784 
 ----> amount 127 0 0.519981 0.480019 
 ----> amount 128 1 0.519366 0.480634 
 ----> amount 129 0 0.550828 0.449172 
 ----> amount 130 0 0.548783 0.451217 
 ----> amount 131 0 0.531349 0.468651 
 ----> amount 132 1 0.488385 0.511615 
 ----> amount 133 0 0.548289 0.451711 
 ----> amount 134 1 0.515056 0.484944 
 ----> amount 135 1 0.526607 0.473393 
 ----> amount 136 0 0.484253 0.515747 
 ----> amount 137 0 0.540613 0.459387 
 ----> amount 138 0 0.53375 0.46625 
 ----> amount 139 0 0.557895 0.442105 
 ----> amount 140 0 0.561129 0.438871 
 ----> amount 141 1 0.529349 0.470651 
 ----> amount 142 0 0.522906 0.477094 
 ----> amount 143 1 0.527977 0.472023 
 ----> amount 144 0 0.510446 0.489554 
 ----> amount 145 0 0.546273 0.453727 
 ----> amount 146 1 0.535113 0.464887 
 ----> amount 147 0 0.463991 0.536009 
 ----> amount 148 1 0.501779 0.498221 
 ----> amount 149 1 0.498863 0.501137 
 ----> amount 150 0 0.515704 0.484296 
 ----> amount 151 1 0.516389 0.483611 
 ----> amount 152 0 0.546303 0.453697 
 ----> amount 153 0 0.563282 0.436718 
 ----> amount 154 1 0.489312 0.510688 
 ----> amount 155 0 0.523703 0.476297 
 ----> amount 156 1 0.530028 0.469972 
 ----> amount 157 1 0.518677 0.481323 
 ----> amount 158 0 0.566595 0.433405 
 ----> amount 159 0 0.588043 0.411957 
 ----> amount 160 0 0.553105 0.446895 
 ----> amount 161 0 0.530958 0.469042 
 ----> amount 162 0 0.528035 0.471965 
 ----> amount 163 1 0.507916 0.492084 
 ----> amount 164 0 0.569676 0.430324 
 ----> amount 165 1 0.519731 0.480269 
 ----> amount 166 1 0.527389 0.472611 
 ----> amount 167 1 0.513121 0.486879 
 ----> amount 168 0 0.535167 0.464833 
 ----> amount 169 1 0.507156 0.492844 
 ----> amount 170 1 0.544676 0.455324 
 ----> amount 171 1 0.487046 0.512954 
 ----> amount 172 0 0.557146 0.442854 
 ----> amount 173 1 0.524712 0.475288 
 ----> amount 174 0 0.519993 0.480007 
 ----> amount 175 1 0.516419 0.483581 
 ----> amount 176 0 0.536854 0.463146 
 ----> amount 177 0 0.55043 0.44957 
 ----> amount 178 1 0.525435 0.474565 
 ----> amount 179 1 0.476695 0.523305 
 ----> amount 180 1 0.486281 0.513719 
 ----> amount 181 1 0.536547 0.463453 
 ----> amount 182 1 0.49768 0.50232 
 ----> amount 183 0 0.587758 0.412242 
 ----> amount 184 1 0.511993 0.488007 
 ----> amount 185 0 0.514214 0.485786 
 ----> amount 186 0 0.5578 0.4422 
 ----> amount 187 0 0.541787 0.458213 
 ----> amount 188 1 0.532033 0.467967 
 ----> amount 189 1 0.523535 0.476465 
 ----> amount 190 0 0.526922 0.473078 
 ----> amount 191 0 0.5285 0.4715 
 ----> amount 192 1 0.521436 0.478564 
 ----> amount 193 0 0.531794 0.468206 
 ----> amount 194 0 0.555077 0.444923 
 ----> amount 195 1 0.54681 0.45319 
 ----> amount 196 1 0.530449 0.469551 
 ----> amount 197 0 0.52778 0.47222 
 ----> amount 198 1 0.502011 0.497989 
 ----> amount 199 0 0.57111 0.42889 
 ----> amount 200 0 0.533611 0.466389 
 ----> amount 201 1 0.485059 0.514941 
 ----> amount 202 1 0.474665 0.525335 
 ----> amount 203 0 0.546081 0.453919 
 ----> amount 204 1 0.54549 0.45451 
 ----> amount 205 0 0.527527 0.472473 
 ----> amount 206 1 0.496826 0.503174 
 ----> amount 207 1 0.537285 0.462715 
 ----> amount 208 0 0.551446 0.448554 
 ----> amount 209 0 0.532536 0.467464 
 ----> amount 210 1 0.511873 0.488127 
 ----> amount 211 0 0.531151 0.468849 
 ----> amount 212 0 0.561597 0.438403 
 ----> amount 213 0 0.530701 0.469299 
 ----> amount 214 0 0.55309 0.44691 
 ----> amount 215 1 0.516846 0.483154 
 ----> amount 216 0 0.549555 0.450445 
 ----> amount 217 1 0.460229 0.539771 
 ----> amount 218 1 0.501974 0.498026 
 ----> amount 219 0 0.534881 0.465119 
 ----> amount 220 1 0.50864 0.49136 
 ----> amount 221 1 0.516168 0.483832 
 ----> amount 222 1 0.498935 0.501065 
 ----> amount 223 0 0.540629 0.459371 
 ----> amount 224 0 0.558788 0.441212 
 ----> amount 225 1 0.529613 0.470387 
 ----> amount 226 1 0.543969 0.456031 
 ----> amount 227 0 0.492363 0.507637 
 ----> amount 228 0 0.547009 0.452991 
 ----> amount 229 0 0.543397 0.456603 
 ----> amount 230 1 0.50714 0.49286 
 ----> amount 231 0 0.502745 0.497255 
 ----> amount 232 0 0.559207 0.440793 
 ----> amount 233 0 0.589702 0.410298 
 ----> amount 234 1 0.517448 0.482552 
 ----> amount 235 1 0.513469 0.486531 
 ----> amount 236 1 0.493309 0.506691 
 ----> amount 237 0 0.556519 0.443481 
 ----> amount 238 1 0.546121 0.453879 
 ----> amount 239 0 0.550727 0.449273 
 ----> amount 240 1 0.492708 0.507292 
 ----> amount 241 0 0.531473 0.468527 
 ----> amount 242 1 0.51534 0.48466 
 ----> amount 243 0 0.536557 0.463443 
 ----> amount 244 1 0.528079 0.471921 
 ----> amount 245 0 0.545861 0.454139 
 ----> amount 246 1 0.482742 0.517258 
 ----> amount 247 0 0.55353 0.44647 
 ----> amount 248 0 0.545235 0.454765 
 ----> amount 249 1 0.513344 0.486656 
 ----> amount 250 1 0.545685 0.454315 
 ----> amount 251 1 0.526342 0.473658 
 ----> amount 252 0 0.530088 0.469912 
 ----> amount 253 1 0.503189 0.496811 
 ----> amount 254 0 0.539568 0.460432 
 ----> amount 255 0 0.501108 0.498892 
 ----> amount 256 0 0.542675 0.457325 
 ----> amount 257 1 0.497005 0.502995 
 ----> amount 258 0 0.56505 0.43495 
 ----> amount 259 0 0.575321 0.424679 
 ----> amount 260 1 0.559666 0.440334 
 ----> amount 261 1 0.473015 0.526985 
 ----> amount 262 1 0.496756 0.503244 
 ----> amount 263 0 0.541944 0.458056 
 ----> amount 264 1 0.54271 0.45729 
 ----> amount 265 1 0.488918 0.511082 
 ----> amount 266 0 0.56239 0.43761 
 ----> amount 267 1 0.478602 0.521398 
 ----> amount 268 0 0.598112 0.401888 
 ----> amount 269 0 0.585758 0.414242 
 ----> amount 270 0 0.527285 0.472715 
 ----> amount 271 1 0.524654 0.475346 
 ----> amount 272 0 0.517583 0.482417 
 ----> amount 273 1 0.5338 0.4662 
 ----> amount 274 0 0.501926 0.498074 
 ----> amount 275 1 0.537669 0.462331 
 ----> amount 276 0 0.525306 0.474694 
 ----> amount 277 0 0.508662 0.491338 
 ----> amount 278 0 0.552028 0.447972 
 ----> amount 279 1 0.507038 0.492962 
 ----> amount 280 1 0.531415 0.468585 
 ----> amount 281 0 0.563768 0.436232 
 ----> amount 282 1 0.471587 0.528413 
 ----> amount 283 1 0.556905 0.443095 
 ----> amount 284 0 0.51607 0.48393 
 ----> amount 285 0 0.592939 0.407061 
 ----> amount 286 1 0.539403 0.460597 
 ----> amount 287 1 0.520522 0.479478 
 ----> amount 288 1 0.499155 0.500845 
 ----> amount 289 0 0.525019 0.474981 
 ----> amount 290 0 0.587675 0.412325 
 ----> amount 291 1 0.535516 0.464484 
 ----> amount 292 0 0.523566 0.476434 
 ----> amount 293 1 0.500688 0.499312 
 ----> amount 294 1 0.545239 0.454761 
 ----> amount 295 0 0.514309 0.485691 
 ----> amount 296 1 0.521844 0.478156 
 ----> amount 297 0 0.502586 0.497414 
 ----> amount 298 1 0.511157 0.488843 
 ----> amount 299 0 0.509771 0.490229 
 ----> amount 300 0 0.571987 0.428013 
 ----> amount 301 0 0.500677 0.499323 
 ----> amount 302 1 0.489025 0.510975 
 ----> amount 303 1 0.505183 0.494817 
 ----> amount 304 0 0.567613 0.432387 
 ----> amount 305 1 0.499221 0.500779 
 ----> amount 306 0 0.581669 0.418331 
 ----> amount 307 0 0.525736 0.474264 
 ----> amount 308 1 0.541165 0.458835 
 ----> amount 309 0 0.569997 0.430003 
 ----> amount 310 1 0.509618 0.490382 
 ----> amount 311 0 0.546176 0.453824 
 ----> amount 312 1 0.501335 0.498665 
 ----> amount 313 0 0.543161 0.456839 
 ----> amount 314 0 0.537172 0.462828 
 ----> amount 315 0 0.530919 0.469081 
 ----> amount 316 1 0.556321 0.443679 
 ----> amount 317 0 0.526193 0.473807 
 ----> amount 318 0 0.558079 0.441921 
 ----> amount 319 1 0.525709 0.474291 
 ----> amount 320 1 0.536854 0.463146 
 ----> amount 321 1 0.463101 0.536899 
 ----> amount 322 0 0.522628 0.477372 
 ----> amount 323 0 0.558192 0.441808 
 ----> amount 324 1 0.529176 0.470824 
 ----> amount 325 0 0.567464 0.432536 
 ----> amount 326 0 0.540678 0.459322 
 ----> amount 327 1 0.495049 0.504951 
 ----> amount 328 0 0.589669 0.410331 
 ----> amount 329 0 0.617186 0.382814 
 ----> amount 330 1 0.461314 0.538686 
 ----> amount 331 0 0.538779 0.461221 
 ----> amount 332 0 0.536952 0.463048 
 ----> amount 333 1 0.527936 0.472064 
 ----> amount 334 1 0.524312 0.475688 
 ----> amount 335 0 0.535132 0.464868 
 ----> amount 336 1 0.547253 0.452747 
 ----> amount 337 0 0.538023 0.461977 
 ----> amount 338 1 0.511226 0.488774 
 ----> amount 339 0 0.511053 0.488947 
 ----> amount 340 1 0.489441 0.510559 
 ----> amount 341 0 0.544465 0.455535 
 ----> amount 342 1 0.550813 0.449187 
 ----> amount 343 0 0.512049 0.487951 
 ----> amount 344 0 0.518849 0.481151 
 ----> amount 345 0 0.540209 0.459791 
 ----> amount 346 1 0.510574 0.489426 
 ----> amount 347 0 0.523813 0.476187 
 ----> amount 348 0 0.501944 0.498056 
 ----> amount 349 1 0.509573 0.490427 
 ----> amount 350 1 0.53307 0.46693 
 ----> amount 351 0 0.500515 0.499485 
 ----> amount 352 0 0.568729 0.431271 
 ----> amount 353 1 0.525504 0.474496 
 ----> amount 354 0 0.546248 0.453752 
 ----> amount 355 1 0.454839 0.545161 
 ----> amount 356 1 0.518624 0.481376 
 ----> amount 357 1 0.50625 0.49375 
 ----> amount 358 0 0.524467 0.475533 
 ----> amount 359 0 0.539789 0.460211 
 ----> amount 360 1 0.537456 0.462544 
 ----> amount 361 1 0.508961 0.491039 
 ----> amount 362 0 0.544598 0.455402 
 ----> amount 363 0 0.567399 0.432601 
 ----> amount 364 0 0.532842 0.467158 
 ----> amount 365 0 0.548505 0.451495 
 ----> amount 366 1 0.545183 0.454817 
 ----> amount 367 0 0.557213 0.442787 
 ----> amount 368 0 0.558832 0.441168 
 ----> amount 369 0 0.520637 0.479363 
 ----> amount 370 1 0.507344 0.492656 
 ----> amount 371 0 0.534144 0.465856 
 ----> amount 372 1 0.540524 0.459476 
 ----> amount 373 0 0.527152 0.472848 
 ----> amount 374 0 0.571665 0.428335 
 ----> amount 375 1 0.532503 0.467497 
 ----> amount 376 0 0.537933 0.462067 
 ----> amount 377 1 0.537245 0.462755 
 ----> amount 378 1 0.488373 0.511627 
 ----> amount 379 0 0.52832 0.47168 
 ----> amount 380 0 0.546748 0.453252 
 ----> amount 381 1 0.502331 0.497669 
 ----> amount 382 1 0.510517 0.489483 
 ----> amount 383 1 0.506314 0.493686 
 ----> amount 384 0 0.548345 0.451655 
 ----> amount 385 1 0.482238 0.517762 
 ----> amount 386 0 0.562506 0.437494 
 ----> amount 387 1 0.529034 0.470966 
 ----> amount 388 1 0.532659 0.467341 
 ----> amount 389 0 0.499809 0.500191 
 ----> amount 390 0 0.53694 0.46306 
 ----> amount 391 0 0.582511 0.417489 
 ----> amount 392 1 0.506879 0.493121 
 ----> amount 393 1 0.518782 0.481218 
 ----> amount 394 1 0.547069 0.452931 
 ----> amount 395 0 0.538907 0.461093 
 ----> amount 396 0 0.562882 0.437118 
 ----> amount 397 0 0.531947 0.468053 
 ----> amount 398 1 0.512565 0.487435 
 ----> amount 399 1 0.520594 0.479406 
 ----> amount 400 1 0.530604 0.469396 
 ----> amount 401 0 0.55337 0.44663 
 ----> amount 402 0 0.621299 0.378701 
 ----> amount 403 0 0.568651 0.431349 
 ----> amount 404 1 0.472166 0.527834 
 ----> amount 405 1 0.534955 0.465045 
 ----> amount 406 1 0.517427 0.482573 
 ----> amount 407 1 0.510188 0.489812 
 ----> amount 408 0 0.565693 0.434307 
 ----> amount 409 0 0.538223 0.461777 
 ----> amount 410 0 0.54646 0.45354 
 ----> amount 411 0 0.509247 0.490753 
 ----> amount 412 1 0.502922 0.497078 
 ----> amount 413 1 0.496876 0.503124 
 ----> amount 414 0 0.561705 0.438295 
 ----> amount 415 1 0.487149 0.512851 
 ----> amount 416 0 0.561248 0.438752 
 ----> amount 417 0 0.534654 0.465346 
 ----> amount 418 1 0.556332 0.443668 
 ----> amount 419 1 0.537189 0.462811 
 ----> amount 420 1 0.452371 0.547629 
 ----> amount 421 0 0.506396 0.493604 
 ----> amount 422 0 0.538449 0.461551 
 ----> amount 423 1 0.512659 0.487341 
 ----> amount 424 0 0.544021 0.455979 
 ----> amount 425 0 0.549151 0.450849 
 ----> amount 426 1 0.52041 0.47959 
 ----> amount 427 0 0.571735 0.428265 
 ----> amount 428 0 0.570809 0.429191 
 ----> amount 429 0 0.532288 0.467712 
 ----> amount 430 0 0.555374 0.444626 
 ----> amount 431 1 0.523526 0.476474 
 ----> amount 432 1 0.485719 0.514281 
 ----> amount 433 1 0.53927 0.46073 
 ----> amount 434 0 0.542415 0.457585 
 ----> amount 435 1 0.524066 0.475934 
 ----> amount 436 0 0.566616 0.433384 
 ----> amount 437 0 0.54397 0.45603 
 ----> amount 438 0 0.53704 0.46296 
 ----> amount 439 0 0.538451 0.461549 
 ----> amount 440 1 0.543209 0.456791 
 ----> amount 441 0 0.534273 0.465727 
 ----> amount 442 1 0.554518 0.445482 
 ----> amount 443 1 0.515107 0.484893 
 ----> amount 444 0 0.536984 0.463016 
 ----> amount 445 1 0.506505 0.493495 
 ----> amount 446 0 0.541277 0.458723 
 ----> amount 447 0 0.543766 0.456234 
 ----> amount 448 1 0.516092 0.483908 
 ----> amount 449 1 0.520768 0.479232 
 ----> amount 450 0 0.530813 0.469187 
 ----> amount 451 0 0.530238 0.469762 
 ----> amount 452 1 0.495744 0.504256 
 ----> amount 453 0 0.52907 0.47093 
 ----> amount 454 1 0.527535 0.472465 
 ----> amount 455 0 0.538109 0.461891 
 ----> amount 456 0 0.530873 0.469127 
 ----> amount 457 0 0.542287 0.457713 
 ----> amount 458 1 0.524647 0.475353 
 ----> amount 459 0 0.544173 0.455827 
 ----> amount 460 1 0.519734 0.480266 
 ----> amount 461 1 0.553967 0.446033 
 ----> amount 462 0 0.530608 0.469392 
 ----> amount 463 1 0.552194 0.447806 
 ----> amount 464 0 0.527864 0.472136 
 ----> amount 465 1 0.557274 0.442726 
 ----> amount 466 0 0.502937 0.497063 
 ----> amount 467 1 0.519563 0.480437 
 ----> amount 468 0 0.507826 0.492174 
 ----> amount 469 1 0.516728 0.483272 
 ----> amount 470 0 0.555079 0.444921 
 ----> amount 471 1 0.51902 0.48098 
 ----> amount 472 0 0.507187 0.492813 
 ----> amount 473 1 0.553034 0.446966 
 ----> amount 474 0 0.535496 0.464504 
 ----> amount 475 0 0.511835 0.488165 
 ----> amount 476 1 0.534988 0.465012 
 ----> amount 477 1 0.519373 0.480627 
 ----> amount 478 1 0.564472 0.435528 
 ----> amount 479 0 0.55311 0.44689 
 ----> amount 480 0 0.525226 0.474774 
 ----> amount 481 1 0.513271 0.486729 
 ----> amount 482 0 0.5317 0.4683 
 ----> amount 483 0 0.541743 0.458257 
 ----> amount 484 1 0.510879 0.489121 
 ----> amount 485 0 0.515087 0.484913 
 ----> amount 486 0 0.566044 0.433956 
 ----> amount 487 1 0.539592 0.460408 
 ----> amount 488 0 0.565512 0.434488 
 ----> amount 489 1 0.520828 0.479172 
 ----> amount 490 0 0.536255 0.463745 
 ----> amount 491 1 0.433272 0.566728 
 ----> amount 492 0 0.610128 0.389872 
 ----> amount 493 0 0.537876 0.462124 
 ----> amount 494 1 0.546996 0.453004 
 ----> amount 495 0 0.513867 0.486133 
 ----> amount 496 1 0.548721 0.451279 
 ----> amount 497 0 0.561732 0.438268 
 ----> amount 498 1 0.522626 0.477374 
 ----> amount 499 0 0.50989 0.49011 
 ----> amount 500 1 0.509378 0.490622 
 ----> amount 501 0 0.542253 0.457747 
 ----> amount 502 1 0.484167 0.515833 
 ----> amount 503 1 0.504308 0.495692 
 ----> amount 504 1 0.535913 0.464087 
 ----> amount 505 0 0.525864 0.474136 
 ----> amount 506 0 0.53248 0.46752 
 ----> amount 507 1 0.516117 0.483883 
 ----> amount 508 1 0.532446 0.467554 
 ----> amount 509 1 0.504342 0.495658 
 ----> amount 510 0 0.531543 0.468457 
 ----> amount 511 0 0.574625 0.425375 
 ----> amount 512 0 0.567507 0.432493 
 ----> amount 513 1 0.502798 0.497202 
 ----> amount 514 1 0.579881 0.420119 
 ----> amount 515 0 0.514294 0.485706 
 ----> amount 516 0 0.570127 0.429873 
 ----> amount 517 1 0.52925 0.47075 
 ----> amount 518 1 0.526805 0.473195 
 ----> amount 519 0 0.519523 0.480477 
 ----> amount 520 1 0.524315 0.475685 
 ----> amount 521 1 0.510192 0.489808 
 ----> amount 522 0 0.517157 0.482843 
 ----> amount 523 1 0.500871 0.499129 
 ----> amount 524 0 0.548117 0.451883 
 ----> amount 525 0 0.517531 0.482469 
 ----> amount 526 0 0.55123 0.44877 
 ----> amount 527 1 0.509273 0.490727 
 ----> amount 528 0 0.51664 0.48336 
 ----> amount 529 1 0.52387 0.47613 
 ----> amount 530 0 0.571841 0.428159 
 ----> amount 531 1 0.485254 0.514746 
 ----> amount 532 0 0.566332 0.433668 
 ----> amount 533 1 0.467309 0.532691 
 ----> amount 534 0 0.576531 0.423469 
 ----> amount 535 0 0.556869 0.443131 
 ----> amount 536 1 0.511589 0.488411 
 ----> amount 537 1 0.514987 0.485013 
 ----> amount 538 0 0.548613 0.451387 
 ----> amount 539 1 0.519627 0.480373 
 ----> amount 540 1 0.513732 0.486268 
 ----> amount 541 0 0.562575 0.437425 
 ----> amount 542 0 0.546359 0.453641 
 ----> amount 543 1 0.52209 0.47791 
 ----> amount 544 1 0.50986 0.49014 
 ----> amount 545 0 0.568946 0.431054 
 ----> amount 546 0 0.554271 0.445729 
 ----> amount 547 1 0.537517 0.462483 
 ----> amount 548 1 0.491544 0.508456 
 ----> amount 549 0 0.556619 0.443381 
 ----> amount 550 0 0.546491 0.453509 
 ----> amount 551 1 0.536359 0.463641 
 ----> amount 552 0 0.542497 0.457503 
 ----> amount 553 1 0.488329 0.511671 
 ----> amount 554 0 0.596056 0.403944 
 ----> amount 555 1 0.518678 0.481322 
 ----> amount 556 0 0.531663 0.468337 
 ----> amount 557 1 0.48591 0.51409 
 ----> amount 558 1 0.556079 0.443921 
 ----> amount 559 1 0.512336 0.487664 
 ----> amount 560 0 0.567001 0.432999 
 ----> amount 561 0 0.544214 0.455786 
 ----> amount 562 1 0.497219 0.502781 
 ----> amount 563 0 0.53503 0.46497 
 ----> amount 564 0 0.592948 0.407052 
 ----> amount 565 1 0.4963 0.5037 
 ----> amount 566 0 0.518133 0.481867 
 ----> amount 567 0 0.544391 0.455609 
 ----> amount 568 0 0.559767 0.440233 
 ----> amount 569 0 0.529556 0.470444 
 ----> amount 570 1 0.569327 0.430673 
 ----> amount 571 1 0.514863 0.485137 
 ----> amount 572 0 0.550238 0.449762 
 ----> amount 573 0 0.520114 0.479886 
 ----> amount 574 0 0.541279 0.458721 
 ----> amount 575 1 0.499053 0.500947 
 ----> amount 576 1 0.548444 0.451556 
 ----> amount 577 0 0.554309 0.445691 
 ----> amount 578 0 0.536121 0.463879 
 ----> amount 579 0 0.500716 0.499284 
 ----> amount 580 1 0.514992 0.485008 
 ----> amount 581 0 0.523207 0.476793 
 ----> amount 582 0 0.558578 0.441422 
 ----> amount 583 1 0.464714 0.535286 
 ----> amount 584 1 0.541047 0.458953 
 ----> amount 585 0 0.541116 0.458884 
 ----> amount 586 0 0.546165 0.453835 
 ----> amount 587 1 0.488348 0.511652 
 ----> amount 588 0 0.532451 0.467549 
 ----> amount 589 1 0.536434 0.463566 
 ----> amount 590 0 0.518108 0.481892 
 ----> amount 591 1 0.474084 0.525916 
 ----> amount 592 1 0.445689 0.554311 
 ----> amount 593 0 0.561556 0.438444 
 ----> amount 594 0 0.536007 0.463993 
 ----> amount 595 1 0.564822 0.435178 
 ----> amount 596 1 0.508687 0.491313 
 ----> amount 597 0 0.524143 0.475857 
 ----> amount 598 1 0.527468 0.472532 
 ----> amount 599 1 0.573624 0.426376 
 ----> amount 600 0 0.55282 0.44718 
 ----> amount 601 1 0.52767 0.47233 
 ----> amount 602 1 0.541195 0.458805 
 ----> amount 603 0 0.512478 0.487522 
 ----> amount 604 0 0.559085 0.440915 
 ----> amount 605 0 0.557555 0.442445 
 ----> amount 606 1 0.531692 0.468308 
 ----> amount 607 1 0.53767 0.46233 
 ----> amount 608 0 0.544008 0.455992 
 ----> amount 609 0 0.502581 0.497419 
 ----> amount 610 0 0.549315 0.450685 
 ----> amount 611 1 0.500775 0.499225 
 ----> amount 612 0 0.553905 0.446095 
 ----> amount 613 1 0.520426 0.479574 
 ----> amount 614 0 0.551209 0.448791 
 ----> amount 615 1 0.495218 0.504782 
 ----> amount 616 0 0.532518 0.467482 
 ----> amount 617 1 0.498371 0.501629 
 ----> amount 618 1 0.582114 0.417886 
 ----> amount 619 1 0.505739 0.494261 
 ----> amount 620 1 0.534681 0.465319 
 ----> amount 621 0 0.519824 0.480176 
 ----> amount 622 0 0.534654 0.465346 
 ----> amount 623 0 0.518778 0.481222 
 ----> amount 624 0 0.535826 0.464174 
 ----> amount 625 0 0.525815 0.474185 
 ----> amount 626 0 0.527886 0.472114 
 ----> amount 627 0 0.551561 0.448439 
 ----> amount 628 1 0.520955 0.479045 
 ----> amount 629 1 0.531943 0.468057 
 ----> amount 630 0 0.551361 0.448639 
 ----> amount 631 1 0.50863 0.49137 
 ----> amount 632 1 0.527441 0.472559 
 ----> amount 633 0 0.521132 0.478868 
 ----> amount 634 1 0.517766 0.482234 
 ----> amount 635 0 0.568326 0.431674 
 ----> amount 636 1 0.516588 0.483412 
 ----> amount 637 0 0.508041 0.491959 
 ----> amount 638 0 0.531321 0.468679 
 ----> amount 639 1 0.517378 0.482622 
 ----> amount 640 1 0.509659 0.490341 
 ----> amount 641 0 0.552598 0.447402 
 ----> amount 642 0 0.491241 0.508759 
 ----> amount 643 0 0.555977 0.444023 
 ----> amount 644 0 0.521721 0.478279 
 ----> amount 645 0 0.514435 0.485565 
 ----> amount 646 0 0.512151 0.487849 
 ----> amount 647 1 0.56974 0.43026 
 ----> amount 648 0 0.535239 0.464761 
 ----> amount 649 1 0.525047 0.474953 
 ----> amount 650 1 0.494173 0.505827 
 ----> amount 651 1 0.546252 0.453748 
 ----> amount 652 0 0.548763 0.451237 
 ----> amount 653 0 0.55826 0.44174 
 ----> amount 654 1 0.524069 0.475931 
 ----> amount 655 0 0.565642 0.434358 
 ----> amount 656 0 0.521612 0.478388 
 ----> amount 657 0 0.561303 0.438697 
 ----> amount 658 1 0.528741 0.471259 
 ----> amount 659 1 0.485551 0.514449 
 ----> amount 660 0 0.535704 0.464296 
 ----> amount 661 0 0.563597 0.436403 
 ----> amount 662 1 0.540903 0.459097 
 ----> amount 663 0 0.549883 0.450117 
 ----> amount 664 1 0.514061 0.485939 
 ----> amount 665 1 0.502443 0.497557 
 ----> amount 666 0 0.528519 0.471481 
 ----> amount 667 0 0.525622 0.474378 
 ----> amount 668 1 0.507615 0.492385 
 ----> amount 669 0 0.551527 0.448473 
 ----> amount 670 0 0.545819 0.454181 
 ----> amount 671 1 0.539493 0.460507 
 ----> amount 672 0 0.563583 0.436417 
 ----> amount 673 1 0.523315 0.476685 
 ----> amount 674 1 0.517775 0.482225 
 ----> amount 675 1 0.53066 0.46934 
 ----> amount 676 0 0.502324 0.497676 
 ----> amount 677 0 0.532734 0.467266 
 ----> amount 678 1 0.536787 0.463213 
 ----> amount 679 0 0.548121 0.451879 
 ----> amount 680 1 0.523612 0.476388 
 ----> amount 681 0 0.523206 0.476794 
 ----> amount 682 0 0.519946 0.480054 
 ----> amount 683 1 0.535311 0.464689 
 ----> amount 684 0 0.529265 0.470735 
 ----> amount 685 1 0.525901 0.474099 
 ----> amount 686 0 0.537619 0.462381 
 ----> amount 687 0 0.525297 0.474703 
 ----> amount 688 1 0.511659 0.488341 
 ----> amount 689 0 0.558328 0.441672 
 ----> amount 690 1 0.554752 0.445248 
 ----> amount 691 1 0.483492 0.516508 
 ----> amount 692 0 0.556072 0.443928 
 ----> amount 693 1 0.473745 0.526255 
 ----> amount 694 1 0.517028 0.482972 
 ----> amount 695 1 0.516247 0.483753 
 ----> amount 696 0 0.561426 0.438574 
 ----> amount 697 0 0.541466 0.458534 
 ----> amount 698 0 0.537164 0.462836 
 ----> amount 699 1 0.553418 0.446582 
 ----> amount 700 1 0.537646 0.462354 
 ----> amount 701 0 0.531682 0.468318 
 ----> amount 702 0 0.552594 0.447406 
 ----> amount 703 1 0.500008 0.499992 
 ----> amount 704 1 0.559695 0.440305 
 ----> amount 705 0 0.5188 0.4812 
 ----> amount 706 1 0.528912 0.471088 
 ----> amount 707 1 0.490493 0.509507 
 ----> amount 708 1 0.545639 0.454361 
 ----> amount 709 1 0.549987 0.450013 
 ----> amount 710 0 0.534573 0.465427 
 ----> amount 711 0 0.532136 0.467864 
 ----> amount 712 1 0.491542 0.508458 
 ----> amount 713 0 0.540861 0.459139 
 ----> amount 714 1 0.522478 0.477522 
 ----> amount 715 0 0.51719 0.48281 
 ----> amount 716 1 0.536273 0.463727 
 ----> amount 717 0 0.569965 0.430035 
 ----> amount 718 1 0.532495 0.467505 
