 ----> amount 1 1 0.530468 0.469532 
 ----> amount 2 0 0.519037 0.480963 
 ----> amount 3 1 0.60603 0.39397 
 ----> amount 4 0 0.56123 0.43877 
 ----> amount 5 0 0.604539 0.395461 
 ----> amount 6 1 0.565967 0.434033 
 ----> amount 7 0 0.570991 0.429009 
 ----> amount 8 0 0.529141 0.470859 
 ----> amount 9 1 0.496609 0.503391 
 ----> amount 10 1 0.515008 0.484992 
 ----> amount 11 0 0.535163 0.464837 
 ----> amount 12 0 0.591298 0.408702 
 ----> amount 13 0 0.4839 0.5161 
 ----> amount 14 1 0.549034 0.450966 
 ----> amount 15 0 0.499474 0.500526 
 ----> amount 16 1 0.504567 0.495433 
 ----> amount 17 1 0.459567 0.540433 
 ----> amount 18 0 0.600259 0.399741 
 ----> amount 19 1 0.545967 0.454033 
 ----> amount 20 0 0.541069 0.458931 
 ----> amount 21 0 0.553307 0.446693 
 ----> amount 22 1 0.511589 0.488411 
 ----> amount 23 0 0.525324 0.474676 
 ----> amount 24 0 0.528416 0.471584 
 ----> amount 25 1 0.50228 0.49772 
 ----> amount 26 0 0.552868 0.447132 
 ----> amount 27 1 0.479594 0.520406 
 ----> amount 28 1 0.556767 0.443233 
 ----> amount 29 0 0.551865 0.448135 
 ----> amount 30 0 0.554476 0.445524 
 ----> amount 31 0 0.533323 0.466677 
 ----> amount 32 0 0.513 0.487 
 ----> amount 33 1 0.524322 0.475678 
 ----> amount 34 0 0.530532 0.469468 
 ----> amount 35 1 0.521796 0.478204 
 ----> amount 36 0 0.477696 0.522304 
 ----> amount 37 0 0.541995 0.458005 
 ----> amount 38 1 0.53034 0.46966 
 ----> amount 39 1 0.537152 0.462848 
 ----> amount 40 1 0.480816 0.519184 
 ----> amount 41 0 0.57749 0.42251 
 ----> amount 42 0 0.54426 0.45574 
 ----> amount 43 0 0.5628 0.4372 
 ----> amount 44 0 0.558867 0.441133 
 ----> amount 45 1 0.509157 0.490843 
 ----> amount 46 1 0.455481 0.544519 
 ----> amount 47 0 0.522235 0.477765 
 ----> amount 48 0 0.541998 0.458002 
 ----> amount 49 1 0.527258 0.472742 
 ----> amount 50 1 0.542722 0.457278 
 ----> amount 51 1 0.548983 0.451017 
 ----> amount 52 0 0.541597 0.458403 
 ----> amount 53 1 0.50036 0.49964 
 ----> amount 54 1 0.50347 0.49653 
 ----> amount 55 0 0.53192 0.46808 
 ----> amount 56 0 0.473393 0.526607 
 ----> amount 57 1 0.508993 0.491007 
 ----> amount 58 0 0.559273 0.440727 
 ----> amount 59 1 0.519756 0.480244 
 ----> amount 60 1 0.497617 0.502383 
 ----> amount 61 0 0.488772 0.511228 
 ----> amount 62 1 0.544313 0.455687 
 ----> amount 63 0 0.574876 0.425124 
 ----> amount 64 1 0.478758 0.521242 
 ----> amount 65 0 0.554777 0.445223 
 ----> amount 66 1 0.540544 0.459456 
 ----> amount 67 0 0.531537 0.468463 
 ----> amount 68 0 0.530395 0.469605 
 ----> amount 69 1 0.519588 0.480412 
 ----> amount 70 1 0.528243 0.471757 
 ----> amount 71 0 0.54629 0.45371 
 ----> amount 72 0 0.552045 0.447955 
 ----> amount 73 1 0.534193 0.465807 
 ----> amount 74 1 0.545105 0.454895 
 ----> amount 75 0 0.524239 0.475761 
 ----> amount 76 1 0.519996 0.480004 
 ----> amount 77 0 0.534308 0.465692 
 ----> amount 78 1 0.559593 0.440407 
 ----> amount 79 0 0.54942 0.45058 
 ----> amount 80 1 0.493332 0.506668 
 ----> amount 81 1 0.553323 0.446677 
 ----> amount 82 1 0.504592 0.495408 
 ----> amount 83 0 0.523301 0.476699 
 ----> amount 84 1 0.554433 0.445567 
 ----> amount 85 0 0.549297 0.450703 
 ----> amount 86 0 0.528597 0.471403 
 ----> amount 87 0 0.559906 0.440094 
 ----> amount 88 0 0.542295 0.457705 
 ----> amount 89 1 0.523971 0.476029 
 ----> amount 90 1 0.509259 0.490741 
 ----> amount 91 0 0.571636 0.428364 
 ----> amount 92 1 0.530156 0.469844 
 ----> amount 93 0 0.510426 0.489574 
 ----> amount 94 1 0.470469 0.529531 
 ----> amount 95 0 0.54207 0.45793 
 ----> amount 96 0 0.531794 0.468206 
 ----> amount 97 0 0.533326 0.466674 
 ----> amount 98 0 0.556732 0.443268 
 ----> amount 99 1 0.505569 0.494431 
 ----> amount 100 0 0.521158 0.478842 
 ----> amount 101 1 0.494848 0.505152 
 ----> amount 102 1 0.505409 0.494591 
 ----> amount 103 0 0.499835 0.500165 
 ----> amount 104 0 0.528968 0.471032 
 ----> amount 105 0 0.569352 0.430648 
 ----> amount 106 0 0.522383 0.477617 
 ----> amount 107 0 0.571401 0.428599 
 ----> amount 108 1 0.485798 0.514202 
 ----> amount 109 0 0.508494 0.491506 
 ----> amount 110 0 0.535912 0.464088 
 ----> amount 111 1 0.481004 0.518996 
 ----> amount 112 0 0.579221 0.420779 
 ----> amount 113 1 0.481848 0.518152 
 ----> amount 114 1 0.544352 0.455648 
 ----> amount 115 0 0.534756 0.465244 
 ----> amount 116 1 0.51954 0.48046 
 ----> amount 117 1 0.513187 0.486813 
 ----> amount 118 1 0.505527 0.494473 
 ----> amount 119 1 0.5539 0.4461 
 ----> amount 120 0 0.523646 0.476354 
 ----> amount 121 0 0.595876 0.404124 
 ----> amount 122 0 0.532798 0.467202 
 ----> amount 123 1 0.517103 0.482897 
 ----> amount 124 1 0.53433 0.46567 
 ----> amount 125 0 0.550866 0.449134 
 ----> amount 126 1 0.518126 0.481874 
 ----> amount 127 0 0.558067 0.441933 
 ----> amount 128 1 0.542622 0.457378 
 ----> amount 129 0 0.523323 0.476677 
 ----> amount 130 0 0.508499 0.491501 
 ----> amount 131 0 0.564227 0.435773 
 ----> amount 132 1 0.555638 0.444362 
 ----> amount 133 0 0.540507 0.459493 
 ----> amount 134 1 0.513689 0.486311 
 ----> amount 135 1 0.483425 0.516575 
 ----> amount 136 0 0.553323 0.446677 
 ----> amount 137 0 0.551215 0.448785 
 ----> amount 138 0 0.510529 0.489471 
 ----> amount 139 0 0.585615 0.414385 
 ----> amount 140 0 0.550651 0.449349 
 ----> amount 141 1 0.53271 0.46729 
 ----> amount 142 0 0.544285 0.455715 
 ----> amount 143 1 0.520762 0.479238 
 ----> amount 144 0 0.536821 0.463179 
 ----> amount 145 0 0.532006 0.467994 
 ----> amount 146 1 0.554722 0.445278 
 ----> amount 147 0 0.49542 0.50458 
 ----> amount 148 1 0.551979 0.448021 
 ----> amount 149 1 0.519463 0.480537 
 ----> amount 150 0 0.541209 0.458791 
 ----> amount 151 1 0.541097 0.458903 
 ----> amount 152 0 0.507291 0.492709 
 ----> amount 153 0 0.506136 0.493864 
 ----> amount 154 1 0.488881 0.511119 
 ----> amount 155 0 0.561564 0.438436 
 ----> amount 156 1 0.508944 0.491056 
 ----> amount 157 1 0.541684 0.458316 
 ----> amount 158 0 0.540164 0.459836 
 ----> amount 159 0 0.537999 0.462001 
 ----> amount 160 0 0.544534 0.455466 
 ----> amount 161 0 0.551988 0.448012 
 ----> amount 162 0 0.532845 0.467155 
 ----> amount 163 1 0.498958 0.501042 
 ----> amount 164 0 0.563829 0.436171 
 ----> amount 165 1 0.538021 0.461979 
 ----> amount 166 1 0.535582 0.464418 
 ----> amount 167 1 0.475067 0.524933 
 ----> amount 168 0 0.537453 0.462547 
 ----> amount 169 1 0.512175 0.487825 
 ----> amount 170 1 0.558469 0.441531 
 ----> amount 171 1 0.534854 0.465146 
 ----> amount 172 0 0.511786 0.488214 
 ----> amount 173 1 0.54178 0.45822 
 ----> amount 174 0 0.524552 0.475448 
 ----> amount 175 1 0.511335 0.488665 
 ----> amount 176 0 0.528973 0.471027 
 ----> amount 177 0 0.531799 0.468201 
 ----> amount 178 1 0.544622 0.455378 
 ----> amount 179 1 0.511755 0.488245 
 ----> amount 180 1 0.545718 0.454282 
 ----> amount 181 1 0.497545 0.502455 
 ----> amount 182 1 0.524411 0.475589 
 ----> amount 183 0 0.527222 0.472778 
 ----> amount 184 1 0.494269 0.505731 
 ----> amount 185 0 0.562387 0.437613 
 ----> amount 186 0 0.558792 0.441208 
 ----> amount 187 0 0.532391 0.467609 
 ----> amount 188 1 0.504981 0.495019 
 ----> amount 189 1 0.510887 0.489113 
 ----> amount 190 0 0.541119 0.458881 
 ----> amount 191 0 0.568111 0.431889 
 ----> amount 192 1 0.502281 0.497719 
 ----> amount 193 0 0.513599 0.486401 
 ----> amount 194 0 0.558639 0.441361 
 ----> amount 195 1 0.510138 0.489862 
 ----> amount 196 1 0.498657 0.501343 
 ----> amount 197 0 0.524235 0.475765 
 ----> amount 198 1 0.561088 0.438912 
 ----> amount 199 0 0.546498 0.453502 
 ----> amount 200 0 0.515395 0.484605 
 ----> amount 201 1 0.519511 0.480489 
 ----> amount 202 1 0.514326 0.485674 
 ----> amount 203 0 0.541214 0.458786 
 ----> amount 204 1 0.511836 0.488164 
 ----> amount 205 0 0.518983 0.481017 
 ----> amount 206 1 0.503639 0.496361 
 ----> amount 207 1 0.525644 0.474356 
 ----> amount 208 0 0.554781 0.445219 
 ----> amount 209 0 0.558069 0.441931 
 ----> amount 210 1 0.539614 0.460386 
 ----> amount 211 0 0.531311 0.468689 
 ----> amount 212 0 0.532579 0.467421 
 ----> amount 213 0 0.534555 0.465445 
 ----> amount 214 0 0.553357 0.446643 
 ----> amount 215 1 0.525405 0.474595 
 ----> amount 216 0 0.534816 0.465184 
 ----> amount 217 1 0.537872 0.462128 
 ----> amount 218 1 0.539201 0.460799 
 ----> amount 219 0 0.541378 0.458622 
 ----> amount 220 1 0.567516 0.432484 
 ----> amount 221 1 0.53523 0.46477 
 ----> amount 222 1 0.532935 0.467065 
 ----> amount 223 0 0.526318 0.473682 
 ----> amount 224 0 0.543692 0.456308 
 ----> amount 225 1 0.53313 0.46687 
 ----> amount 226 1 0.489881 0.510119 
 ----> amount 227 0 0.528536 0.471464 
 ----> amount 228 0 0.573131 0.426869 
 ----> amount 229 0 0.53728 0.46272 
 ----> amount 230 1 0.535674 0.464326 
 ----> amount 231 0 0.546003 0.453997 
 ----> amount 232 0 0.569159 0.430841 
 ----> amount 233 0 0.558009 0.441991 
 ----> amount 234 1 0.524553 0.475447 
 ----> amount 235 1 0.500453 0.499547 
 ----> amount 236 1 0.526802 0.473198 
 ----> amount 237 0 0.527375 0.472625 
 ----> amount 238 1 0.539226 0.460774 
 ----> amount 239 0 0.550072 0.449928 
 ----> amount 240 1 0.536799 0.463201 
 ----> amount 241 0 0.540106 0.459894 
 ----> amount 242 1 0.526171 0.473829 
 ----> amount 243 0 0.529679 0.470321 
 ----> amount 244 1 0.52982 0.47018 
 ----> amount 245 0 0.514571 0.485429 
 ----> amount 246 1 0.537669 0.462331 
 ----> amount 247 0 0.531981 0.468019 
 ----> amount 248 0 0.52703 0.47297 
 ----> amount 249 1 0.53243 0.46757 
 ----> amount 250 1 0.535351 0.464649 
 ----> amount 251 1 0.500948 0.499052 
 ----> amount 252 0 0.555426 0.444574 
 ----> amount 253 1 0.506298 0.493702 
 ----> amount 254 0 0.524146 0.475854 
 ----> amount 255 0 0.557354 0.442646 
 ----> amount 256 0 0.5628 0.4372 
 ----> amount 257 1 0.496782 0.503218 
 ----> amount 258 0 0.549234 0.450766 
 ----> amount 259 0 0.543286 0.456714 
 ----> amount 260 1 0.519285 0.480715 
 ----> amount 261 1 0.52397 0.47603 
 ----> amount 262 1 0.530514 0.469486 
 ----> amount 263 0 0.520692 0.479308 
 ----> amount 264 1 0.522946 0.477054 
 ----> amount 265 1 0.552909 0.447091 
 ----> amount 266 0 0.533063 0.466937 
 ----> amount 267 1 0.509418 0.490582 
 ----> amount 268 0 0.572697 0.427303 
 ----> amount 269 0 0.535283 0.464717 
 ----> amount 270 0 0.562489 0.437511 
 ----> amount 271 1 0.539029 0.460971 
 ----> amount 272 0 0.528434 0.471566 
 ----> amount 273 1 0.479418 0.520582 
 ----> amount 274 0 0.525447 0.474553 
 ----> amount 275 1 0.514661 0.485339 
 ----> amount 276 0 0.549583 0.450417 
 ----> amount 277 0 0.538289 0.461711 
 ----> amount 278 0 0.545295 0.454705 
 ----> amount 279 1 0.49571 0.50429 
 ----> amount 280 1 0.503566 0.496434 
 ----> amount 281 0 0.567393 0.432607 
 ----> amount 282 1 0.519258 0.480742 
 ----> amount 283 1 0.483714 0.516286 
 ----> amount 284 0 0.503152 0.496848 
 ----> amount 285 0 0.576145 0.423855 
 ----> amount 286 1 0.520938 0.479062 
 ----> amount 287 1 0.4898 0.5102 
 ----> amount 288 1 0.557289 0.442711 
 ----> amount 289 0 0.538854 0.461146 
 ----> amount 290 0 0.532778 0.467222 
 ----> amount 291 1 0.517441 0.482559 
 ----> amount 292 0 0.549651 0.450349 
 ----> amount 293 1 0.55299 0.44701 
 ----> amount 294 1 0.514964 0.485036 
 ----> amount 295 0 0.530004 0.469996 
 ----> amount 296 1 0.48509 0.51491 
 ----> amount 297 0 0.562565 0.437435 
 ----> amount 298 1 0.49061 0.50939 
 ----> amount 299 0 0.580141 0.419859 
 ----> amount 300 0 0.523173 0.476827 
 ----> amount 301 0 0.555816 0.444184 
 ----> amount 302 1 0.506419 0.493581 
 ----> amount 303 1 0.470474 0.529526 
 ----> amount 304 0 0.541477 0.458523 
 ----> amount 305 1 0.501083 0.498917 
 ----> amount 306 0 0.542624 0.457376 
 ----> amount 307 0 0.520614 0.479386 
 ----> amount 308 1 0.531026 0.468974 
 ----> amount 309 0 0.558293 0.441707 
 ----> amount 310 1 0.503204 0.496796 
 ----> amount 311 0 0.555246 0.444754 
 ----> amount 312 1 0.49635 0.50365 
 ----> amount 313 0 0.532796 0.467204 
 ----> amount 314 0 0.53712 0.46288 
 ----> amount 315 0 0.532299 0.467701 
 ----> amount 316 1 0.535283 0.464717 
 ----> amount 317 0 0.519552 0.480448 
 ----> amount 318 0 0.538475 0.461525 
 ----> amount 319 1 0.526855 0.473145 
 ----> amount 320 1 0.540234 0.459766 
 ----> amount 321 1 0.521373 0.478627 
 ----> amount 322 0 0.557224 0.442776 
 ----> amount 323 0 0.536819 0.463181 
 ----> amount 324 1 0.529798 0.470202 
 ----> amount 325 0 0.537002 0.462998 
 ----> amount 326 0 0.524254 0.475746 
 ----> amount 327 1 0.540294 0.459706 
 ----> amount 328 0 0.53656 0.46344 
 ----> amount 329 0 0.542683 0.457317 
 ----> amount 330 1 0.500662 0.499338 
 ----> amount 331 0 0.52988 0.47012 
 ----> amount 332 0 0.526786 0.473214 
 ----> amount 333 1 0.521526 0.478474 
 ----> amount 334 1 0.525886 0.474114 
 ----> amount 335 0 0.536497 0.463503 
 ----> amount 336 1 0.533065 0.466935 
 ----> amount 337 0 0.539646 0.460354 
 ----> amount 338 1 0.526872 0.473128 
 ----> amount 339 0 0.516254 0.483746 
 ----> amount 340 1 0.521456 0.478544 
 ----> amount 341 0 0.529485 0.470515 
 ----> amount 342 1 0.508167 0.491833 
 ----> amount 343 0 0.48343 0.51657 
 ----> amount 344 0 0.518385 0.481615 
 ----> amount 345 0 0.551204 0.448796 
 ----> amount 346 1 0.479892 0.520108 
 ----> amount 347 0 0.550242 0.449758 
 ----> amount 348 0 0.555944 0.444056 
 ----> amount 349 1 0.528517 0.471483 
 ----> amount 350 1 0.477975 0.522025 
 ----> amount 351 0 0.579464 0.420536 
 ----> amount 352 0 0.560658 0.439342 
 ----> amount 353 1 0.455584 0.544416 
 ----> amount 354 0 0.528456 0.471544 
 ----> amount 355 1 0.52577 0.47423 
 ----> amount 356 1 0.520716 0.479284 
 ----> amount 357 1 0.524174 0.475826 
 ----> amount 358 0 0.539631 0.460369 
 ----> amount 359 0 0.547943 0.452057 
 ----> amount 360 1 0.510443 0.489557 
 ----> amount 361 1 0.506889 0.493111 
 ----> amount 362 0 0.54192 0.45808 
 ----> amount 363 0 0.537326 0.462674 
 ----> amount 364 0 0.550175 0.449825 
 ----> amount 365 0 0.515711 0.484289 
 ----> amount 366 1 0.510861 0.489139 
 ----> amount 367 0 0.536841 0.463159 
 ----> amount 368 0 0.544616 0.455384 
 ----> amount 369 0 0.500686 0.499314 
 ----> amount 370 1 0.517885 0.482115 
 ----> amount 371 0 0.547529 0.452471 
 ----> amount 372 1 0.544245 0.455755 
 ----> amount 373 0 0.53185 0.46815 
 ----> amount 374 0 0.547288 0.452712 
 ----> amount 375 1 0.527224 0.472776 
 ----> amount 376 0 0.508047 0.491953 
 ----> amount 377 1 0.533981 0.466019 
 ----> amount 378 1 0.52467 0.47533 
 ----> amount 379 0 0.550001 0.449999 
 ----> amount 380 0 0.550593 0.449407 
 ----> amount 381 1 0.513697 0.486303 
 ----> amount 382 1 0.539472 0.460528 
 ----> amount 383 1 0.520618 0.479382 
 ----> amount 384 0 0.524732 0.475268 
 ----> amount 385 1 0.523829 0.476171 
 ----> amount 386 0 0.538505 0.461495 
 ----> amount 387 1 0.568839 0.431161 
 ----> amount 388 1 0.535866 0.464134 
 ----> amount 389 0 0.534535 0.465465 
 ----> amount 390 0 0.539961 0.460039 
 ----> amount 391 0 0.547868 0.452132 
 ----> amount 392 1 0.531228 0.468772 
 ----> amount 393 1 0.517614 0.482386 
 ----> amount 394 1 0.534912 0.465088 
 ----> amount 395 0 0.55748 0.44252 
 ----> amount 396 0 0.529214 0.470786 
 ----> amount 397 0 0.516022 0.483978 
 ----> amount 398 1 0.525047 0.474953 
 ----> amount 399 1 0.495138 0.504862 
 ----> amount 400 1 0.53261 0.46739 
 ----> amount 401 0 0.532653 0.467347 
 ----> amount 402 0 0.541113 0.458887 
 ----> amount 403 0 0.547428 0.452572 
 ----> amount 404 1 0.499554 0.500446 
 ----> amount 405 1 0.511268 0.488732 
 ----> amount 406 1 0.488462 0.511538 
 ----> amount 407 1 0.541806 0.458194 
 ----> amount 408 0 0.554137 0.445863 
 ----> amount 409 0 0.51822 0.48178 
 ----> amount 410 0 0.541334 0.458666 
 ----> amount 411 0 0.532278 0.467722 
 ----> amount 412 1 0.457711 0.542289 
 ----> amount 413 1 0.526019 0.473981 
 ----> amount 414 0 0.492142 0.507858 
 ----> amount 415 1 0.555797 0.444203 
 ----> amount 416 0 0.573972 0.426028 
 ----> amount 417 0 0.530693 0.469307 
 ----> amount 418 1 0.408523 0.591477 
 ----> amount 419 1 0.503818 0.496182 
 ----> amount 420 1 0.538413 0.461587 
 ----> amount 421 0 0.507164 0.492836 
 ----> amount 422 0 0.552653 0.447347 
 ----> amount 423 1 0.526213 0.473787 
 ----> amount 424 0 0.532124 0.467876 
 ----> amount 425 0 0.534484 0.465516 
 ----> amount 426 1 0.523082 0.476918 
 ----> amount 427 0 0.478604 0.521396 
 ----> amount 428 0 0.557867 0.442133 
 ----> amount 429 0 0.535891 0.464109 
 ----> amount 430 0 0.527653 0.472347 
 ----> amount 431 1 0.559901 0.440099 
 ----> amount 432 1 0.517196 0.482804 
 ----> amount 433 1 0.515928 0.484072 
 ----> amount 434 0 0.50646 0.49354 
 ----> amount 435 1 0.531182 0.468818 
 ----> amount 436 0 0.539113 0.460887 
 ----> amount 437 0 0.541983 0.458017 
 ----> amount 438 0 0.523127 0.476873 
 ----> amount 439 0 0.529949 0.470051 
 ----> amount 440 1 0.526148 0.473852 
 ----> amount 441 0 0.534954 0.465046 
 ----> amount 442 1 0.528656 0.471344 
 ----> amount 443 1 0.532556 0.467444 
 ----> amount 444 0 0.531318 0.468682 
 ----> amount 445 1 0.525373 0.474627 
 ----> amount 446 0 0.533817 0.466183 
 ----> amount 447 0 0.5459 0.4541 
 ----> amount 448 1 0.520551 0.479449 
 ----> amount 449 1 0.530106 0.469894 
 ----> amount 450 0 0.54101 0.45899 
 ----> amount 451 0 0.547383 0.452617 
 ----> amount 452 1 0.544164 0.455836 
 ----> amount 453 0 0.532249 0.467751 
 ----> amount 454 1 0.529315 0.470685 
 ----> amount 455 0 0.514776 0.485224 
 ----> amount 456 0 0.541059 0.458941 
 ----> amount 457 0 0.536381 0.463619 
 ----> amount 458 1 0.548748 0.451252 
 ----> amount 459 0 0.544111 0.455889 
 ----> amount 460 1 0.539406 0.460594 
 ----> amount 461 1 0.528989 0.471011 
 ----> amount 462 0 0.530427 0.469573 
 ----> amount 463 1 0.534677 0.465323 
 ----> amount 464 0 0.520384 0.479616 
 ----> amount 465 1 0.521988 0.478012 
 ----> amount 466 0 0.533659 0.466341 
 ----> amount 467 1 0.538966 0.461034 
 ----> amount 468 0 0.532879 0.467121 
 ----> amount 469 1 0.518109 0.481891 
 ----> amount 470 0 0.54516 0.45484 
 ----> amount 471 1 0.527887 0.472113 
 ----> amount 472 0 0.536918 0.463082 
 ----> amount 473 1 0.524822 0.475178 
 ----> amount 474 0 0.530676 0.469324 
 ----> amount 475 0 0.545137 0.454863 
 ----> amount 476 1 0.543921 0.456079 
 ----> amount 477 1 0.504274 0.495726 
 ----> amount 478 1 0.529074 0.470926 
 ----> amount 479 0 0.562145 0.437855 
 ----> amount 480 0 0.527886 0.472114 
 ----> amount 481 1 0.540492 0.459508 
 ----> amount 482 0 0.539622 0.460378 
 ----> amount 483 0 0.528934 0.471066 
 ----> amount 484 1 0.529351 0.470649 
 ----> amount 485 0 0.547951 0.452049 
 ----> amount 486 0 0.525163 0.474837 
 ----> amount 487 1 0.520418 0.479582 
 ----> amount 488 0 0.530361 0.469639 
 ----> amount 489 1 0.517234 0.482766 
 ----> amount 490 0 0.53162 0.46838 
 ----> amount 491 1 0.487707 0.512293 
 ----> amount 492 0 0.56514 0.43486 
 ----> amount 493 0 0.550842 0.449158 
 ----> amount 494 1 0.528972 0.471028 
 ----> amount 495 0 0.543398 0.456602 
 ----> amount 496 1 0.525587 0.474413 
 ----> amount 497 0 0.555922 0.444078 
 ----> amount 498 1 0.522999 0.477001 
 ----> amount 499 0 0.532404 0.467596 
 ----> amount 500 1 0.535284 0.464716 
 ----> amount 501 0 0.517032 0.482968 
 ----> amount 502 1 0.540199 0.459801 
 ----> amount 503 1 0.514645 0.485355 
 ----> amount 504 1 0.535294 0.464706 
 ----> amount 505 0 0.531918 0.468082 
 ----> amount 506 0 0.535549 0.464451 
 ----> amount 507 1 0.530042 0.469958 
 ----> amount 508 1 0.530271 0.469729 
 ----> amount 509 1 0.516018 0.483982 
 ----> amount 510 0 0.538991 0.461009 
 ----> amount 511 0 0.53556 0.46444 
 ----> amount 512 0 0.521234 0.478766 
 ----> amount 513 1 0.52601 0.47399 
 ----> amount 514 1 0.546063 0.453937 
 ----> amount 515 0 0.540082 0.459918 
 ----> amount 516 0 0.542152 0.457848 
 ----> amount 517 1 0.519858 0.480142 
 ----> amount 518 1 0.521796 0.478204 
 ----> amount 519 0 0.524516 0.475484 
 ----> amount 520 1 0.518408 0.481592 
 ----> amount 521 1 0.480877 0.519123 
 ----> amount 522 0 0.547961 0.452039 
 ----> amount 523 1 0.533931 0.466069 
 ----> amount 524 0 0.532497 0.467503 
 ----> amount 525 0 0.534838 0.465162 
 ----> amount 526 0 0.535308 0.464692 
 ----> amount 527 1 0.526261 0.473739 
 ----> amount 528 0 0.527996 0.472004 
 ----> amount 529 1 0.496169 0.503831 
 ----> amount 530 0 0.495549 0.504451 
 ----> amount 531 1 0.529993 0.470007 
 ----> amount 532 0 0.567426 0.432574 
 ----> amount 533 1 0.523125 0.476875 
 ----> amount 534 0 0.544235 0.455765 
 ----> amount 535 0 0.531288 0.468712 
 ----> amount 536 1 0.534688 0.465312 
 ----> amount 537 1 0.548002 0.451998 
 ----> amount 538 0 0.540041 0.459959 
 ----> amount 539 1 0.510667 0.489333 
 ----> amount 540 1 0.517421 0.482579 
 ----> amount 541 0 0.543693 0.456307 
 ----> amount 542 0 0.523295 0.476705 
 ----> amount 543 1 0.510306 0.489694 
 ----> amount 544 1 0.526904 0.473096 
 ----> amount 545 0 0.539258 0.460742 
 ----> amount 546 0 0.54724 0.45276 
 ----> amount 547 1 0.529277 0.470723 
 ----> amount 548 1 0.530544 0.469456 
 ----> amount 549 0 0.534141 0.465859 
 ----> amount 550 0 0.542927 0.457073 
 ----> amount 551 1 0.518807 0.481193 
 ----> amount 552 0 0.55181 0.44819 
 ----> amount 553 1 0.50309 0.49691 
 ----> amount 554 0 0.56883 0.43117 
 ----> amount 555 1 0.529628 0.470372 
 ----> amount 556 0 0.53854 0.46146 
 ----> amount 557 1 0.530164 0.469836 
 ----> amount 558 1 0.529095 0.470905 
 ----> amount 559 1 0.518281 0.481719 
 ----> amount 560 0 0.515843 0.484157 
 ----> amount 561 0 0.565531 0.434469 
 ----> amount 562 1 0.521461 0.478539 
 ----> amount 563 0 0.5411 0.4589 
 ----> amount 564 0 0.539136 0.460864 
 ----> amount 565 1 0.483465 0.516535 
 ----> amount 566 0 0.484301 0.515699 
 ----> amount 567 0 0.543282 0.456718 
 ----> amount 568 0 0.557644 0.442356 
 ----> amount 569 0 0.523271 0.476729 
 ----> amount 570 1 0.520695 0.479305 
 ----> amount 571 1 0.52543 0.47457 
 ----> amount 572 0 0.527485 0.472515 
 ----> amount 573 0 0.535888 0.464112 
 ----> amount 574 0 0.536445 0.463555 
 ----> amount 575 1 0.497785 0.502215 
 ----> amount 576 1 0.536178 0.463822 
 ----> amount 577 0 0.564047 0.435953 
 ----> amount 578 0 0.56449 0.43551 
 ----> amount 579 0 0.507091 0.492909 
 ----> amount 580 1 0.516513 0.483487 
 ----> amount 581 0 0.529963 0.470037 
 ----> amount 582 0 0.532943 0.467057 
 ----> amount 583 1 0.514892 0.485108 
 ----> amount 584 1 0.556578 0.443422 
 ----> amount 585 0 0.525116 0.474884 
 ----> amount 586 0 0.55984 0.44016 
 ----> amount 587 1 0.507259 0.492741 
 ----> amount 588 0 0.562054 0.437946 
 ----> amount 589 1 0.488693 0.511307 
 ----> amount 590 0 0.554946 0.445054 
 ----> amount 591 1 0.545622 0.454378 
 ----> amount 592 1 0.545669 0.454331 
 ----> amount 593 0 0.581914 0.418086 
 ----> amount 594 0 0.532013 0.467987 
 ----> amount 595 1 0.504933 0.495067 
 ----> amount 596 1 0.523472 0.476528 
 ----> amount 597 0 0.557353 0.442647 
 ----> amount 598 1 0.540785 0.459215 
 ----> amount 599 1 0.52399 0.47601 
 ----> amount 600 0 0.536391 0.463609 
 ----> amount 601 1 0.540183 0.459817 
 ----> amount 602 1 0.528179 0.471821 
 ----> amount 603 0 0.513304 0.486696 
 ----> amount 604 0 0.524054 0.475946 
 ----> amount 605 0 0.537745 0.462255 
 ----> amount 606 1 0.529372 0.470628 
 ----> amount 607 1 0.547547 0.452453 
 ----> amount 608 0 0.514049 0.485951 
 ----> amount 609 0 0.542737 0.457263 
 ----> amount 610 0 0.516511 0.483489 
 ----> amount 611 1 0.51493 0.48507 
 ----> amount 612 0 0.547955 0.452045 
 ----> amount 613 1 0.51999 0.48001 
 ----> amount 614 0 0.565158 0.434842 
 ----> amount 615 1 0.509775 0.490225 
 ----> amount 616 0 0.538952 0.461048 
 ----> amount 617 1 0.514012 0.485988 
 ----> amount 618 1 0.532898 0.467102 
 ----> amount 619 1 0.523716 0.476284 
 ----> amount 620 1 0.532443 0.467557 
 ----> amount 621 0 0.539539 0.460461 
 ----> amount 622 0 0.531619 0.468381 
 ----> amount 623 0 0.549721 0.450279 
 ----> amount 624 0 0.535065 0.464935 
 ----> amount 625 0 0.541624 0.458376 
 ----> amount 626 0 0.51178 0.48822 
 ----> amount 627 0 0.54072 0.45928 
 ----> amount 628 1 0.514882 0.485118 
 ----> amount 629 1 0.51017 0.48983 
 ----> amount 630 0 0.543723 0.456277 
 ----> amount 631 1 0.525988 0.474012 
 ----> amount 632 1 0.529374 0.470626 
 ----> amount 633 0 0.553528 0.446472 
 ----> amount 634 1 0.51461 0.48539 
 ----> amount 635 0 0.5329 0.4671 
 ----> amount 636 1 0.535661 0.464339 
 ----> amount 637 0 0.536195 0.463805 
 ----> amount 638 0 0.531189 0.468811 
 ----> amount 639 1 0.494748 0.505252 
 ----> amount 640 1 0.52542 0.47458 
 ----> amount 641 0 0.478836 0.521164 
 ----> amount 642 0 0.549598 0.450402 
 ----> amount 643 0 0.533593 0.466407 
 ----> amount 644 0 0.536918 0.463082 
 ----> amount 645 0 0.534333 0.465667 
 ----> amount 646 0 0.530698 0.469302 
 ----> amount 647 1 0.514439 0.485561 
 ----> amount 648 0 0.525642 0.474358 
 ----> amount 649 1 0.533861 0.466139 
 ----> amount 650 1 0.512085 0.487915 
 ----> amount 651 1 0.508825 0.491175 
 ----> amount 652 0 0.5701 0.4299 
 ----> amount 653 0 0.555513 0.444487 
 ----> amount 654 1 0.520358 0.479642 
 ----> amount 655 0 0.542528 0.457472 
 ----> amount 656 0 0.547061 0.452939 
 ----> amount 657 0 0.531336 0.468664 
 ----> amount 658 1 0.515574 0.484426 
 ----> amount 659 1 0.532172 0.467828 
 ----> amount 660 0 0.549949 0.450051 
 ----> amount 661 0 0.537415 0.462585 
 ----> amount 662 1 0.527488 0.472512 
 ----> amount 663 0 0.545217 0.454783 
 ----> amount 664 1 0.521541 0.478459 
 ----> amount 665 1 0.502732 0.497268 
 ----> amount 666 0 0.546862 0.453138 
 ----> amount 667 0 0.526592 0.473408 
 ----> amount 668 1 0.540388 0.459612 
 ----> amount 669 0 0.548247 0.451753 
 ----> amount 670 0 0.54029 0.45971 
 ----> amount 671 1 0.519515 0.480485 
 ----> amount 672 0 0.524297 0.475703 
 ----> amount 673 1 0.528571 0.471429 
 ----> amount 674 1 0.510451 0.489549 
 ----> amount 675 1 0.533386 0.466614 
 ----> amount 676 0 0.51425 0.48575 
 ----> amount 677 0 0.551546 0.448454 
 ----> amount 678 1 0.530761 0.469239 
 ----> amount 679 0 0.544746 0.455254 
 ----> amount 680 1 0.535184 0.464816 
 ----> amount 681 0 0.529371 0.470629 
 ----> amount 682 0 0.548311 0.451689 
 ----> amount 683 1 0.513111 0.486889 
 ----> amount 684 0 0.537272 0.462728 
 ----> amount 685 1 0.468567 0.531433 
 ----> amount 686 0 0.524347 0.475653 
 ----> amount 687 0 0.540905 0.459095 
 ----> amount 688 1 0.529641 0.470359 
 ----> amount 689 0 0.532648 0.467352 
 ----> amount 690 1 0.521671 0.478329 
 ----> amount 691 1 0.528685 0.471315 
 ----> amount 692 0 0.549501 0.450499 
 ----> amount 693 1 0.506061 0.493939 
 ----> amount 694 1 0.508766 0.491234 
 ----> amount 695 1 0.505725 0.494275 
 ----> amount 696 0 0.51929 0.48071 
 ----> amount 697 0 0.529527 0.470473 
 ----> amount 698 0 0.524423 0.475577 
 ----> amount 699 1 0.530145 0.469855 
 ----> amount 700 1 0.527868 0.472132 
 ----> amount 701 0 0.524661 0.475339 
 ----> amount 702 0 0.519809 0.480191 
 ----> amount 703 1 0.536287 0.463713 
 ----> amount 704 1 0.55225 0.44775 
 ----> amount 705 0 0.52455 0.47545 
 ----> amount 706 1 0.516537 0.483463 
 ----> amount 707 1 0.533771 0.466229 
 ----> amount 708 1 0.532373 0.467627 
 ----> amount 709 1 0.506919 0.493081 
 ----> amount 710 0 0.53507 0.46493 
 ----> amount 711 0 0.531717 0.468283 
 ----> amount 712 1 0.501853 0.498147 
 ----> amount 713 0 0.557558 0.442442 
 ----> amount 714 1 0.525069 0.474931 
 ----> amount 715 0 0.551951 0.448049 
 ----> amount 716 1 0.547954 0.452046 
 ----> amount 717 0 0.549524 0.450476 
 ----> amount 718 1 0.530687 0.469313 
