 ----> amount 1 1 0.497328 0.502672 
 ----> amount 2 0 0.456939 0.543061 
 ----> amount 3 1 0.454314 0.545686 
 ----> amount 4 0 0.58727 0.41273 
 ----> amount 5 0 0.646828 0.353172 
 ----> amount 6 1 0.476439 0.523561 
 ----> amount 7 0 0.544281 0.455719 
 ----> amount 8 0 0.593832 0.406168 
 ----> amount 9 1 0.521367 0.478633 
 ----> amount 10 1 0.486363 0.513637 
 ----> amount 11 0 0.672124 0.327876 
 ----> amount 12 0 0.580666 0.419334 
 ----> amount 13 0 0.534327 0.465673 
 ----> amount 14 1 0.635494 0.364506 
 ----> amount 15 0 0.643006 0.356994 
 ----> amount 16 1 0.493666 0.506334 
 ----> amount 17 1 0.559457 0.440543 
 ----> amount 18 0 0.606762 0.393238 
 ----> amount 19 1 0.568082 0.431918 
 ----> amount 20 0 0.501605 0.498395 
 ----> amount 21 0 0.512214 0.487786 
 ----> amount 22 1 0.550756 0.449244 
 ----> amount 23 0 0.516782 0.483218 
 ----> amount 24 0 0.487712 0.512288 
 ----> amount 25 1 0.491516 0.508484 
 ----> amount 26 0 0.537759 0.462241 
 ----> amount 27 1 0.501096 0.498904 
 ----> amount 28 1 0.539265 0.460735 
 ----> amount 29 0 0.59353 0.40647 
 ----> amount 30 0 0.516412 0.483588 
 ----> amount 31 0 0.525388 0.474612 
 ----> amount 32 0 0.576551 0.423449 
 ----> amount 33 1 0.498374 0.501626 
 ----> amount 34 0 0.504261 0.495739 
 ----> amount 35 1 0.485463 0.514537 
 ----> amount 36 0 0.583702 0.416298 
 ----> amount 37 0 0.593792 0.406208 
 ----> amount 38 1 0.520585 0.479415 
 ----> amount 39 1 0.509117 0.490883 
 ----> amount 40 1 0.553241 0.446759 
 ----> amount 41 0 0.535204 0.464796 
 ----> amount 42 0 0.554765 0.445235 
 ----> amount 43 0 0.537764 0.462236 
 ----> amount 44 0 0.522136 0.477864 
 ----> amount 45 1 0.534321 0.465679 
 ----> amount 46 1 0.554514 0.445486 
 ----> amount 47 0 0.586455 0.413545 
 ----> amount 48 0 0.524571 0.475429 
 ----> amount 49 1 0.514384 0.485616 
 ----> amount 50 1 0.565433 0.434567 
 ----> amount 51 1 0.554337 0.445663 
 ----> amount 52 0 0.593558 0.406442 
 ----> amount 53 1 0.442178 0.557822 
 ----> amount 54 1 0.569637 0.430363 
 ----> amount 55 0 0.531637 0.468363 
 ----> amount 56 0 0.528432 0.471568 
 ----> amount 57 1 0.517881 0.482119 
 ----> amount 58 0 0.579516 0.420484 
 ----> amount 59 1 0.541388 0.458612 
 ----> amount 60 1 0.49381 0.50619 
 ----> amount 61 0 0.635048 0.364952 
 ----> amount 62 1 0.522092 0.477908 
 ----> amount 63 0 0.52881 0.47119 
 ----> amount 64 1 0.522893 0.477107 
 ----> amount 65 0 0.563454 0.436546 
 ----> amount 66 1 0.519579 0.480421 
 ----> amount 67 0 0.498358 0.501642 
 ----> amount 68 0 0.539726 0.460274 
 ----> amount 69 1 0.446576 0.553424 
 ----> amount 70 1 0.504727 0.495273 
 ----> amount 71 0 0.520018 0.479982 
 ----> amount 72 0 0.56492 0.43508 
 ----> amount 73 1 0.534484 0.465516 
 ----> amount 74 1 0.523495 0.476505 
 ----> amount 75 0 0.528842 0.471158 
 ----> amount 76 1 0.534817 0.465183 
 ----> amount 77 0 0.534371 0.465629 
 ----> amount 78 1 0.555181 0.444819 
 ----> amount 79 0 0.558821 0.441179 
 ----> amount 80 1 0.541149 0.458851 
 ----> amount 81 1 0.545524 0.454476 
 ----> amount 82 1 0.500211 0.499789 
 ----> amount 83 0 0.607973 0.392027 
 ----> amount 84 1 0.562751 0.437249 
 ----> amount 85 0 0.595942 0.404058 
 ----> amount 86 0 0.545892 0.454108 
 ----> amount 87 0 0.638252 0.361748 
 ----> amount 88 0 0.583249 0.416751 
 ----> amount 89 1 0.533366 0.466634 
 ----> amount 90 1 0.581256 0.418744 
 ----> amount 91 0 0.562247 0.437753 
 ----> amount 92 1 0.498383 0.501617 
 ----> amount 93 0 0.542122 0.457878 
 ----> amount 94 1 0.530917 0.469083 
 ----> amount 95 0 0.549478 0.450522 
 ----> amount 96 0 0.529174 0.470826 
 ----> amount 97 0 0.526914 0.473086 
 ----> amount 98 0 0.537987 0.462013 
 ----> amount 99 1 0.530229 0.469771 
 ----> amount 100 0 0.55137 0.44863 
 ----> amount 101 1 0.55557 0.44443 
 ----> amount 102 1 0.539407 0.460593 
 ----> amount 103 0 0.574426 0.425574 
 ----> amount 104 0 0.518038 0.481962 
 ----> amount 105 0 0.533446 0.466554 
 ----> amount 106 0 0.508184 0.491816 
 ----> amount 107 0 0.570952 0.429048 
 ----> amount 108 1 0.500522 0.499478 
 ----> amount 109 0 0.53447 0.46553 
 ----> amount 110 0 0.59178 0.40822 
 ----> amount 111 1 0.501043 0.498957 
 ----> amount 112 0 0.533181 0.466819 
 ----> amount 113 1 0.470685 0.529315 
 ----> amount 114 1 0.500517 0.499483 
 ----> amount 115 0 0.592596 0.407404 
 ----> amount 116 1 0.545642 0.454358 
 ----> amount 117 1 0.511141 0.488859 
 ----> amount 118 1 0.533486 0.466514 
 ----> amount 119 1 0.593682 0.406318 
 ----> amount 120 0 0.579594 0.420406 
 ----> amount 121 0 0.544402 0.455598 
 ----> amount 122 0 0.531649 0.468351 
 ----> amount 123 1 0.53242 0.46758 
 ----> amount 124 1 0.568853 0.431147 
 ----> amount 125 0 0.59694 0.40306 
 ----> amount 126 1 0.587766 0.412234 
 ----> amount 127 0 0.498925 0.501075 
 ----> amount 128 1 0.439952 0.560048 
 ----> amount 129 0 0.534188 0.465812 
 ----> amount 130 0 0.497447 0.502553 
 ----> amount 131 0 0.54996 0.45004 
 ----> amount 132 1 0.514516 0.485484 
 ----> amount 133 0 0.511597 0.488403 
 ----> amount 134 1 0.529307 0.470693 
 ----> amount 135 1 0.570376 0.429624 
 ----> amount 136 0 0.541402 0.458598 
 ----> amount 137 0 0.533761 0.466239 
 ----> amount 138 0 0.592617 0.407383 
 ----> amount 139 0 0.630632 0.369368 
 ----> amount 140 0 0.53379 0.46621 
 ----> amount 141 1 0.509093 0.490907 
 ----> amount 142 0 0.557884 0.442116 
 ----> amount 143 1 0.508258 0.491742 
 ----> amount 144 0 0.515146 0.484854 
 ----> amount 145 0 0.508616 0.491384 
 ----> amount 146 1 0.55703 0.44297 
 ----> amount 147 0 0.503882 0.496118 
 ----> amount 148 1 0.4852 0.5148 
 ----> amount 149 1 0.516265 0.483735 
 ----> amount 150 0 0.534922 0.465078 
 ----> amount 151 1 0.550296 0.449704 
 ----> amount 152 0 0.558775 0.441225 
 ----> amount 153 0 0.514663 0.485337 
 ----> amount 154 1 0.492661 0.507339 
 ----> amount 155 0 0.522873 0.477127 
 ----> amount 156 1 0.496866 0.503134 
 ----> amount 157 1 0.480072 0.519928 
 ----> amount 158 0 0.600122 0.399878 
 ----> amount 159 0 0.519848 0.480152 
 ----> amount 160 0 0.491394 0.508606 
 ----> amount 161 0 0.554524 0.445476 
 ----> amount 162 0 0.518606 0.481394 
 ----> amount 163 1 0.5291 0.4709 
 ----> amount 164 0 0.58159 0.41841 
 ----> amount 165 1 0.477774 0.522226 
 ----> amount 166 1 0.481371 0.518629 
 ----> amount 167 1 0.578082 0.421918 
 ----> amount 168 0 0.514356 0.485644 
 ----> amount 169 1 0.546337 0.453663 
 ----> amount 170 1 0.503612 0.496388 
 ----> amount 171 1 0.522547 0.477453 
 ----> amount 172 0 0.559628 0.440372 
 ----> amount 173 1 0.57908 0.42092 
 ----> amount 174 0 0.545954 0.454046 
 ----> amount 175 1 0.485584 0.514416 
 ----> amount 176 0 0.552554 0.447446 
 ----> amount 177 0 0.556186 0.443814 
 ----> amount 178 1 0.510701 0.489299 
 ----> amount 179 1 0.530735 0.469265 
 ----> amount 180 1 0.548116 0.451884 
 ----> amount 181 1 0.51047 0.48953 
 ----> amount 182 1 0.502055 0.497945 
 ----> amount 183 0 0.519264 0.480736 
 ----> amount 184 1 0.501317 0.498683 
 ----> amount 185 0 0.506062 0.493938 
 ----> amount 186 0 0.58169 0.41831 
 ----> amount 187 0 0.566321 0.433679 
 ----> amount 188 1 0.529491 0.470509 
 ----> amount 189 1 0.520184 0.479816 
 ----> amount 190 0 0.549966 0.450034 
 ----> amount 191 0 0.510274 0.489726 
 ----> amount 192 1 0.505527 0.494473 
 ----> amount 193 0 0.577984 0.422016 
 ----> amount 194 0 0.58843 0.41157 
 ----> amount 195 1 0.432843 0.567157 
 ----> amount 196 1 0.443239 0.556761 
 ----> amount 197 0 0.55277 0.44723 
 ----> amount 198 1 0.535721 0.464279 
 ----> amount 199 0 0.493959 0.506041 
 ----> amount 200 0 0.577823 0.422177 
 ----> amount 201 1 0.525736 0.474264 
 ----> amount 202 1 0.468422 0.531578 
 ----> amount 203 0 0.55264 0.44736 
 ----> amount 204 1 0.477567 0.522433 
 ----> amount 205 0 0.549008 0.450992 
 ----> amount 206 1 0.520391 0.479609 
 ----> amount 207 1 0.513405 0.486595 
 ----> amount 208 0 0.542397 0.457603 
 ----> amount 209 0 0.519847 0.480153 
 ----> amount 210 1 0.49124 0.50876 
 ----> amount 211 0 0.559842 0.440158 
 ----> amount 212 0 0.576408 0.423592 
 ----> amount 213 0 0.541131 0.458869 
 ----> amount 214 0 0.517709 0.482291 
 ----> amount 215 1 0.515903 0.484097 
 ----> amount 216 0 0.540731 0.459269 
 ----> amount 217 1 0.527081 0.472919 
 ----> amount 218 1 0.495515 0.504485 
 ----> amount 219 0 0.508586 0.491414 
 ----> amount 220 1 0.532607 0.467393 
 ----> amount 221 1 0.494963 0.505037 
 ----> amount 222 1 0.515777 0.484223 
 ----> amount 223 0 0.543378 0.456622 
 ----> amount 224 0 0.552255 0.447745 
 ----> amount 225 1 0.485992 0.514008 
 ----> amount 226 1 0.534925 0.465075 
 ----> amount 227 0 0.601522 0.398478 
 ----> amount 228 0 0.519692 0.480308 
 ----> amount 229 0 0.518451 0.481549 
 ----> amount 230 1 0.541274 0.458726 
 ----> amount 231 0 0.496007 0.503993 
 ----> amount 232 0 0.54363 0.45637 
 ----> amount 233 0 0.536828 0.463172 
 ----> amount 234 1 0.492814 0.507186 
 ----> amount 235 1 0.508551 0.491449 
 ----> amount 236 1 0.478679 0.521321 
 ----> amount 237 0 0.574442 0.425558 
 ----> amount 238 1 0.511863 0.488137 
 ----> amount 239 0 0.5093 0.4907 
 ----> amount 240 1 0.515036 0.484964 
 ----> amount 241 0 0.548444 0.451556 
 ----> amount 242 1 0.509661 0.490339 
 ----> amount 243 0 0.545404 0.454596 
 ----> amount 244 1 0.448789 0.551211 
 ----> amount 245 0 0.566466 0.433534 
 ----> amount 246 1 0.516378 0.483622 
 ----> amount 247 0 0.555803 0.444197 
 ----> amount 248 0 0.520365 0.479635 
 ----> amount 249 1 0.495891 0.504109 
 ----> amount 250 1 0.535827 0.464173 
 ----> amount 251 1 0.583888 0.416112 
 ----> amount 252 0 0.490995 0.509005 
 ----> amount 253 1 0.469731 0.530269 
 ----> amount 254 0 0.487755 0.512245 
 ----> amount 255 0 0.48003 0.51997 
 ----> amount 256 0 0.56634 0.43366 
 ----> amount 257 1 0.527325 0.472675 
 ----> amount 258 0 0.635221 0.364779 
 ----> amount 259 0 0.53638 0.46362 
 ----> amount 260 1 0.539808 0.460192 
 ----> amount 261 1 0.505096 0.494904 
 ----> amount 262 1 0.555645 0.444355 
 ----> amount 263 0 0.595621 0.404379 
 ----> amount 264 1 0.493232 0.506768 
 ----> amount 265 1 0.534598 0.465402 
 ----> amount 266 0 0.55876 0.44124 
 ----> amount 267 1 0.555951 0.444049 
 ----> amount 268 0 0.505089 0.494911 
 ----> amount 269 0 0.50949 0.49051 
 ----> amount 270 0 0.535934 0.464066 
 ----> amount 271 1 0.485663 0.514337 
 ----> amount 272 0 0.536263 0.463737 
 ----> amount 273 1 0.50365 0.49635 
 ----> amount 274 0 0.541751 0.458249 
 ----> amount 275 1 0.503376 0.496624 
 ----> amount 276 0 0.545449 0.454551 
 ----> amount 277 0 0.540017 0.459983 
 ----> amount 278 0 0.506739 0.493261 
 ----> amount 279 1 0.495452 0.504548 
 ----> amount 280 1 0.524874 0.475126 
 ----> amount 281 0 0.57844 0.42156 
 ----> amount 282 1 0.494624 0.505376 
 ----> amount 283 1 0.512912 0.487088 
 ----> amount 284 0 0.596265 0.403735 
 ----> amount 285 0 0.608852 0.391148 
 ----> amount 286 1 0.473039 0.526961 
 ----> amount 287 1 0.546984 0.453016 
 ----> amount 288 1 0.513202 0.486798 
 ----> amount 289 0 0.54527 0.45473 
 ----> amount 290 0 0.56262 0.43738 
 ----> amount 291 1 0.507638 0.492362 
 ----> amount 292 0 0.560603 0.439397 
 ----> amount 293 1 0.55083 0.44917 
 ----> amount 294 1 0.598005 0.401995 
 ----> amount 295 0 0.524999 0.475001 
 ----> amount 296 1 0.532105 0.467895 
 ----> amount 297 0 0.528541 0.471459 
 ----> amount 298 1 0.515562 0.484438 
 ----> amount 299 0 0.573467 0.426533 
 ----> amount 300 0 0.577891 0.422109 
 ----> amount 301 0 0.522359 0.477641 
 ----> amount 302 1 0.453496 0.546504 
 ----> amount 303 1 0.500932 0.499068 
 ----> amount 304 0 0.535492 0.464508 
 ----> amount 305 1 0.488472 0.511528 
 ----> amount 306 0 0.525488 0.474512 
 ----> amount 307 0 0.512464 0.487536 
 ----> amount 308 1 0.523779 0.476221 
 ----> amount 309 0 0.504846 0.495154 
 ----> amount 310 1 0.527025 0.472975 
 ----> amount 311 0 0.564866 0.435134 
 ----> amount 312 1 0.486841 0.513159 
 ----> amount 313 0 0.489562 0.510438 
 ----> amount 314 0 0.5345 0.4655 
 ----> amount 315 0 0.518177 0.481823 
 ----> amount 316 1 0.550335 0.449665 
 ----> amount 317 0 0.543821 0.456179 
 ----> amount 318 0 0.527175 0.472825 
 ----> amount 319 1 0.512314 0.487686 
 ----> amount 320 1 0.49585 0.50415 
 ----> amount 321 1 0.542732 0.457268 
 ----> amount 322 0 0.517219 0.482781 
 ----> amount 323 0 0.518264 0.481736 
 ----> amount 324 1 0.497809 0.502191 
 ----> amount 325 0 0.528553 0.471447 
 ----> amount 326 0 0.53827 0.46173 
 ----> amount 327 1 0.461735 0.538265 
 ----> amount 328 0 0.540343 0.459657 
 ----> amount 329 0 0.521882 0.478118 
 ----> amount 330 1 0.51127 0.48873 
 ----> amount 331 0 0.540335 0.459665 
 ----> amount 332 0 0.5158 0.4842 
 ----> amount 333 1 0.484136 0.515864 
 ----> amount 334 1 0.539605 0.460395 
 ----> amount 335 0 0.556754 0.443246 
 ----> amount 336 1 0.539917 0.460083 
 ----> amount 337 0 0.528972 0.471028 
 ----> amount 338 1 0.561722 0.438278 
 ----> amount 339 0 0.537831 0.462169 
 ----> amount 340 1 0.500682 0.499318 
 ----> amount 341 0 0.526148 0.473852 
 ----> amount 342 1 0.514028 0.485972 
 ----> amount 343 0 0.582896 0.417104 
 ----> amount 344 0 0.553756 0.446244 
 ----> amount 345 0 0.538775 0.461225 
 ----> amount 346 1 0.51946 0.48054 
 ----> amount 347 0 0.576431 0.423569 
 ----> amount 348 0 0.558567 0.441433 
 ----> amount 349 1 0.593012 0.406988 
 ----> amount 350 1 0.432254 0.567746 
 ----> amount 351 0 0.567685 0.432315 
 ----> amount 352 0 0.506848 0.493152 
 ----> amount 353 1 0.516741 0.483259 
 ----> amount 354 0 0.518975 0.481025 
 ----> amount 355 1 0.530494 0.469506 
 ----> amount 356 1 0.546696 0.453304 
 ----> amount 357 1 0.493899 0.506101 
 ----> amount 358 0 0.545921 0.454079 
 ----> amount 359 0 0.560298 0.439702 
 ----> amount 360 1 0.511157 0.488843 
 ----> amount 361 1 0.519596 0.480404 
 ----> amount 362 0 0.531754 0.468246 
 ----> amount 363 0 0.535709 0.464291 
 ----> amount 364 0 0.532722 0.467278 
 ----> amount 365 0 0.526317 0.473683 
 ----> amount 366 1 0.533904 0.466096 
 ----> amount 367 0 0.56792 0.43208 
 ----> amount 368 0 0.540076 0.459924 
 ----> amount 369 0 0.538889 0.461111 
 ----> amount 370 1 0.499358 0.500642 
 ----> amount 371 0 0.618534 0.381466 
 ----> amount 372 1 0.48855 0.51145 
 ----> amount 373 0 0.51465 0.48535 
 ----> amount 374 0 0.550601 0.449399 
 ----> amount 375 1 0.485391 0.514609 
 ----> amount 376 0 0.529183 0.470817 
 ----> amount 377 1 0.496052 0.503948 
 ----> amount 378 1 0.525268 0.474732 
 ----> amount 379 0 0.493263 0.506737 
 ----> amount 380 0 0.522145 0.477855 
 ----> amount 381 1 0.506738 0.493262 
 ----> amount 382 1 0.548986 0.451014 
 ----> amount 383 1 0.506022 0.493978 
 ----> amount 384 0 0.54129 0.45871 
 ----> amount 385 1 0.52326 0.47674 
 ----> amount 386 0 0.541396 0.458604 
 ----> amount 387 1 0.551457 0.448543 
 ----> amount 388 1 0.547908 0.452092 
 ----> amount 389 0 0.561177 0.438823 
 ----> amount 390 0 0.563133 0.436867 
 ----> amount 391 0 0.530856 0.469144 
 ----> amount 392 1 0.488405 0.511595 
 ----> amount 393 1 0.542678 0.457322 
 ----> amount 394 1 0.538661 0.461339 
 ----> amount 395 0 0.51665 0.48335 
 ----> amount 396 0 0.520183 0.479817 
 ----> amount 397 0 0.543077 0.456923 
 ----> amount 398 1 0.498119 0.501881 
 ----> amount 399 1 0.507488 0.492512 
 ----> amount 400 1 0.539144 0.460856 
 ----> amount 401 0 0.561834 0.438166 
 ----> amount 402 0 0.53471 0.46529 
 ----> amount 403 0 0.57702 0.42298 
 ----> amount 404 1 0.501455 0.498545 
 ----> amount 405 1 0.535576 0.464424 
 ----> amount 406 1 0.514673 0.485327 
 ----> amount 407 1 0.552511 0.447489 
 ----> amount 408 0 0.594968 0.405032 
 ----> amount 409 0 0.522721 0.477279 
 ----> amount 410 0 0.563353 0.436647 
 ----> amount 411 0 0.516148 0.483852 
 ----> amount 412 1 0.528689 0.471311 
 ----> amount 413 1 0.47372 0.52628 
 ----> amount 414 0 0.513552 0.486448 
 ----> amount 415 1 0.469034 0.530966 
 ----> amount 416 0 0.58286 0.41714 
 ----> amount 417 0 0.527593 0.472407 
 ----> amount 418 1 0.491665 0.508335 
 ----> amount 419 1 0.512217 0.487783 
 ----> amount 420 1 0.546209 0.453791 
 ----> amount 421 0 0.491834 0.508166 
 ----> amount 422 0 0.545795 0.454205 
 ----> amount 423 1 0.572057 0.427943 
 ----> amount 424 0 0.540765 0.459235 
 ----> amount 425 0 0.528707 0.471293 
 ----> amount 426 1 0.494521 0.505479 
 ----> amount 427 0 0.522636 0.477364 
 ----> amount 428 0 0.546893 0.453107 
 ----> amount 429 0 0.5267 0.4733 
 ----> amount 430 0 0.545325 0.454675 
 ----> amount 431 1 0.53086 0.46914 
 ----> amount 432 1 0.498049 0.501951 
 ----> amount 433 1 0.512492 0.487508 
 ----> amount 434 0 0.490995 0.509005 
 ----> amount 435 1 0.531424 0.468576 
 ----> amount 436 0 0.575694 0.424306 
 ----> amount 437 0 0.515659 0.484341 
 ----> amount 438 0 0.520333 0.479667 
 ----> amount 439 0 0.535646 0.464354 
 ----> amount 440 1 0.50839 0.49161 
 ----> amount 441 0 0.53557 0.46443 
 ----> amount 442 1 0.460171 0.539829 
 ----> amount 443 1 0.553284 0.446716 
 ----> amount 444 0 0.501308 0.498692 
 ----> amount 445 1 0.599314 0.400686 
 ----> amount 446 0 0.498236 0.501764 
 ----> amount 447 0 0.503393 0.496607 
 ----> amount 448 1 0.586493 0.413507 
 ----> amount 449 1 0.493416 0.506584 
 ----> amount 450 0 0.531358 0.468642 
 ----> amount 451 0 0.520532 0.479468 
 ----> amount 452 1 0.509935 0.490065 
 ----> amount 453 0 0.492155 0.507845 
 ----> amount 454 1 0.527833 0.472167 
 ----> amount 455 0 0.474691 0.525309 
 ----> amount 456 0 0.548382 0.451618 
 ----> amount 457 0 0.577875 0.422125 
 ----> amount 458 1 0.497557 0.502443 
 ----> amount 459 0 0.514296 0.485704 
 ----> amount 460 1 0.548073 0.451927 
 ----> amount 461 1 0.521264 0.478736 
 ----> amount 462 0 0.571953 0.428047 
 ----> amount 463 1 0.478486 0.521514 
 ----> amount 464 0 0.499584 0.500416 
 ----> amount 465 1 0.514992 0.485008 
 ----> amount 466 0 0.603907 0.396093 
 ----> amount 467 1 0.541392 0.458608 
 ----> amount 468 0 0.539177 0.460823 
 ----> amount 469 1 0.488399 0.511601 
 ----> amount 470 0 0.540872 0.459128 
 ----> amount 471 1 0.523015 0.476985 
 ----> amount 472 0 0.572456 0.427544 
 ----> amount 473 1 0.514375 0.485625 
 ----> amount 474 0 0.512523 0.487477 
 ----> amount 475 0 0.569766 0.430234 
 ----> amount 476 1 0.613496 0.386504 
 ----> amount 477 1 0.489091 0.510909 
 ----> amount 478 1 0.564188 0.435812 
 ----> amount 479 0 0.527879 0.472121 
 ----> amount 480 0 0.546972 0.453028 
 ----> amount 481 1 0.522751 0.477249 
 ----> amount 482 0 0.557804 0.442196 
 ----> amount 483 0 0.527802 0.472198 
 ----> amount 484 1 0.494381 0.505619 
 ----> amount 485 0 0.559671 0.440329 
 ----> amount 486 0 0.558259 0.441741 
 ----> amount 487 1 0.48922 0.51078 
 ----> amount 488 0 0.517311 0.482689 
 ----> amount 489 1 0.541089 0.458911 
 ----> amount 490 0 0.55991 0.44009 
 ----> amount 491 1 0.508159 0.491841 
 ----> amount 492 0 0.561184 0.438816 
 ----> amount 493 0 0.555613 0.444387 
 ----> amount 494 1 0.519604 0.480396 
 ----> amount 495 0 0.51282 0.48718 
 ----> amount 496 1 0.537875 0.462125 
 ----> amount 497 0 0.569623 0.430377 
 ----> amount 498 1 0.545729 0.454271 
 ----> amount 499 0 0.524496 0.475504 
 ----> amount 500 1 0.54752 0.45248 
 ----> amount 501 0 0.544346 0.455654 
 ----> amount 502 1 0.511502 0.488498 
 ----> amount 503 1 0.500822 0.499178 
 ----> amount 504 1 0.530225 0.469775 
 ----> amount 505 0 0.579807 0.420193 
 ----> amount 506 0 0.478481 0.521519 
 ----> amount 507 1 0.52478 0.47522 
 ----> amount 508 1 0.529093 0.470907 
 ----> amount 509 1 0.516573 0.483427 
 ----> amount 510 0 0.564095 0.435905 
 ----> amount 511 0 0.522636 0.477364 
 ----> amount 512 0 0.57771 0.42229 
 ----> amount 513 1 0.501443 0.498557 
 ----> amount 514 1 0.526081 0.473919 
 ----> amount 515 0 0.596662 0.403338 
 ----> amount 516 0 0.526378 0.473622 
 ----> amount 517 1 0.52028 0.47972 
 ----> amount 518 1 0.509781 0.490219 
 ----> amount 519 0 0.587208 0.412792 
 ----> amount 520 1 0.476949 0.523051 
 ----> amount 521 1 0.549409 0.450591 
 ----> amount 522 0 0.560384 0.439616 
 ----> amount 523 1 0.554038 0.445962 
 ----> amount 524 0 0.549367 0.450633 
 ----> amount 525 0 0.538182 0.461818 
 ----> amount 526 0 0.519777 0.480223 
 ----> amount 527 1 0.490689 0.509311 
 ----> amount 528 0 0.566019 0.433981 
 ----> amount 529 1 0.476722 0.523278 
 ----> amount 530 0 0.621987 0.378013 
 ----> amount 531 1 0.502946 0.497054 
 ----> amount 532 0 0.589884 0.410116 
 ----> amount 533 1 0.523534 0.476466 
 ----> amount 534 0 0.565833 0.434167 
 ----> amount 535 0 0.537281 0.462719 
 ----> amount 536 1 0.587167 0.412833 
 ----> amount 537 1 0.471289 0.528711 
 ----> amount 538 0 0.509152 0.490848 
 ----> amount 539 1 0.583145 0.416855 
 ----> amount 540 1 0.525355 0.474645 
 ----> amount 541 0 0.51688 0.48312 
 ----> amount 542 0 0.555515 0.444485 
 ----> amount 543 1 0.48557 0.51443 
 ----> amount 544 1 0.521044 0.478956 
 ----> amount 545 0 0.529368 0.470632 
 ----> amount 546 0 0.539272 0.460728 
 ----> amount 547 1 0.490913 0.509087 
 ----> amount 548 1 0.503395 0.496605 
 ----> amount 549 0 0.507743 0.492257 
 ----> amount 550 0 0.523732 0.476268 
 ----> amount 551 1 0.522759 0.477241 
 ----> amount 552 0 0.53418 0.46582 
 ----> amount 553 1 0.536351 0.463649 
 ----> amount 554 0 0.594782 0.405218 
 ----> amount 555 1 0.51055 0.48945 
 ----> amount 556 0 0.54256 0.45744 
 ----> amount 557 1 0.563892 0.436108 
 ----> amount 558 1 0.576452 0.423548 
 ----> amount 559 1 0.467236 0.532764 
 ----> amount 560 0 0.576985 0.423015 
 ----> amount 561 0 0.474086 0.525914 
 ----> amount 562 1 0.503638 0.496362 
 ----> amount 563 0 0.524401 0.475599 
 ----> amount 564 0 0.521336 0.478664 
 ----> amount 565 1 0.483624 0.516376 
 ----> amount 566 0 0.51781 0.48219 
 ----> amount 567 0 0.558688 0.441312 
 ----> amount 568 0 0.510198 0.489802 
 ----> amount 569 0 0.50997 0.49003 
 ----> amount 570 1 0.549823 0.450177 
 ----> amount 571 1 0.516653 0.483347 
 ----> amount 572 0 0.544945 0.455055 
 ----> amount 573 0 0.509822 0.490178 
 ----> amount 574 0 0.535093 0.464907 
 ----> amount 575 1 0.516473 0.483527 
 ----> amount 576 1 0.50936 0.49064 
 ----> amount 577 0 0.508227 0.491773 
 ----> amount 578 0 0.533068 0.466932 
 ----> amount 579 0 0.493746 0.506254 
 ----> amount 580 1 0.56583 0.43417 
 ----> amount 581 0 0.535174 0.464826 
 ----> amount 582 0 0.531031 0.468969 
 ----> amount 583 1 0.508407 0.491593 
 ----> amount 584 1 0.497529 0.502471 
 ----> amount 585 0 0.591487 0.408513 
 ----> amount 586 0 0.537667 0.462333 
 ----> amount 587 1 0.505148 0.494852 
 ----> amount 588 0 0.492714 0.507286 
 ----> amount 589 1 0.533211 0.466789 
 ----> amount 590 0 0.53319 0.46681 
 ----> amount 591 1 0.521176 0.478824 
 ----> amount 592 1 0.563425 0.436575 
 ----> amount 593 0 0.534064 0.465936 
 ----> amount 594 0 0.552361 0.447639 
 ----> amount 595 1 0.487998 0.512002 
 ----> amount 596 1 0.526524 0.473476 
 ----> amount 597 0 0.55746 0.44254 
 ----> amount 598 1 0.577836 0.422164 
 ----> amount 599 1 0.480985 0.519015 
 ----> amount 600 0 0.519475 0.480525 
 ----> amount 601 1 0.484176 0.515824 
 ----> amount 602 1 0.509599 0.490401 
 ----> amount 603 0 0.504792 0.495208 
 ----> amount 604 0 0.566471 0.433529 
 ----> amount 605 0 0.504445 0.495555 
 ----> amount 606 1 0.485315 0.514685 
 ----> amount 607 1 0.520295 0.479705 
 ----> amount 608 0 0.598331 0.401669 
 ----> amount 609 0 0.60279 0.39721 
 ----> amount 610 0 0.562574 0.437426 
 ----> amount 611 1 0.501887 0.498113 
 ----> amount 612 0 0.5335 0.4665 
 ----> amount 613 1 0.50122 0.49878 
 ----> amount 614 0 0.532071 0.467929 
 ----> amount 615 1 0.496578 0.503422 
 ----> amount 616 0 0.507477 0.492523 
 ----> amount 617 1 0.522927 0.477073 
 ----> amount 618 1 0.538646 0.461354 
 ----> amount 619 1 0.487188 0.512812 
 ----> amount 620 1 0.500567 0.499433 
 ----> amount 621 0 0.555964 0.444036 
 ----> amount 622 0 0.52669 0.47331 
 ----> amount 623 0 0.537055 0.462945 
 ----> amount 624 0 0.5714 0.4286 
 ----> amount 625 0 0.498718 0.501282 
 ----> amount 626 0 0.518266 0.481734 
 ----> amount 627 0 0.61565 0.38435 
 ----> amount 628 1 0.471246 0.528754 
 ----> amount 629 1 0.502891 0.497109 
 ----> amount 630 0 0.551644 0.448356 
 ----> amount 631 1 0.522941 0.477059 
 ----> amount 632 1 0.508582 0.491418 
 ----> amount 633 0 0.525799 0.474201 
 ----> amount 634 1 0.562192 0.437808 
 ----> amount 635 0 0.57248 0.42752 
 ----> amount 636 1 0.470117 0.529883 
 ----> amount 637 0 0.536295 0.463705 
 ----> amount 638 0 0.54701 0.45299 
 ----> amount 639 1 0.528781 0.471219 
 ----> amount 640 1 0.545649 0.454351 
 ----> amount 641 0 0.548218 0.451782 
 ----> amount 642 0 0.505638 0.494362 
 ----> amount 643 0 0.572963 0.427037 
 ----> amount 644 0 0.558904 0.441096 
 ----> amount 645 0 0.544839 0.455161 
 ----> amount 646 0 0.533533 0.466467 
 ----> amount 647 1 0.481938 0.518062 
 ----> amount 648 0 0.52566 0.47434 
 ----> amount 649 1 0.51301 0.48699 
 ----> amount 650 1 0.497235 0.502765 
 ----> amount 651 1 0.51846 0.48154 
 ----> amount 652 0 0.580897 0.419103 
 ----> amount 653 0 0.540122 0.459878 
 ----> amount 654 1 0.532908 0.467092 
 ----> amount 655 0 0.520337 0.479663 
 ----> amount 656 0 0.549618 0.450382 
 ----> amount 657 0 0.536275 0.463725 
 ----> amount 658 1 0.500305 0.499695 
 ----> amount 659 1 0.507863 0.492137 
 ----> amount 660 0 0.515582 0.484418 
 ----> amount 661 0 0.536643 0.463357 
 ----> amount 662 1 0.509697 0.490303 
 ----> amount 663 0 0.514652 0.485348 
 ----> amount 664 1 0.508965 0.491035 
 ----> amount 665 1 0.514285 0.485715 
 ----> amount 666 0 0.528789 0.471211 
 ----> amount 667 0 0.529353 0.470647 
 ----> amount 668 1 0.485543 0.514457 
 ----> amount 669 0 0.541792 0.458208 
 ----> amount 670 0 0.509699 0.490301 
 ----> amount 671 1 0.515289 0.484711 
 ----> amount 672 0 0.50649 0.49351 
 ----> amount 673 1 0.495398 0.504602 
 ----> amount 674 1 0.522076 0.477924 
 ----> amount 675 1 0.533762 0.466238 
 ----> amount 676 0 0.569098 0.430902 
 ----> amount 677 0 0.514623 0.485377 
 ----> amount 678 1 0.533399 0.466601 
 ----> amount 679 0 0.591713 0.408287 
 ----> amount 680 1 0.507637 0.492363 
 ----> amount 681 0 0.551905 0.448095 
 ----> amount 682 0 0.52379 0.47621 
 ----> amount 683 1 0.536197 0.463803 
 ----> amount 684 0 0.522249 0.477751 
 ----> amount 685 1 0.570001 0.429999 
 ----> amount 686 0 0.486622 0.513378 
 ----> amount 687 0 0.498081 0.501919 
 ----> amount 688 1 0.587869 0.412131 
 ----> amount 689 0 0.478767 0.521233 
 ----> amount 690 1 0.520525 0.479475 
 ----> amount 691 1 0.525376 0.474624 
 ----> amount 692 0 0.524179 0.475821 
 ----> amount 693 1 0.496231 0.503769 
 ----> amount 694 1 0.519049 0.480951 
 ----> amount 695 1 0.528523 0.471477 
 ----> amount 696 0 0.510342 0.489658 
 ----> amount 697 0 0.502457 0.497543 
 ----> amount 698 0 0.524715 0.475285 
 ----> amount 699 1 0.505254 0.494746 
 ----> amount 700 1 0.504363 0.495637 
 ----> amount 701 0 0.539205 0.460795 
 ----> amount 702 0 0.523305 0.476695 
 ----> amount 703 1 0.522586 0.477414 
 ----> amount 704 1 0.504995 0.495005 
 ----> amount 705 0 0.523572 0.476428 
 ----> amount 706 1 0.524285 0.475715 
 ----> amount 707 1 0.502851 0.497149 
 ----> amount 708 1 0.514435 0.485565 
 ----> amount 709 1 0.50512 0.49488 
 ----> amount 710 0 0.544034 0.455966 
 ----> amount 711 0 0.51829 0.48171 
 ----> amount 712 1 0.517205 0.482795 
 ----> amount 713 0 0.527581 0.472419 
 ----> amount 714 1 0.508876 0.491124 
 ----> amount 715 0 0.537706 0.462294 
 ----> amount 716 1 0.51913 0.48087 
 ----> amount 717 0 0.567091 0.432909 
 ----> amount 718 1 0.503674 0.496326 
