 ----> amount 1 1 0.469766 0.530234 
 ----> amount 2 0 0.505491 0.494509 
 ----> amount 3 1 0.528742 0.471258 
 ----> amount 4 0 0.553029 0.446971 
 ----> amount 5 0 0.533346 0.466654 
 ----> amount 6 1 0.550709 0.449291 
 ----> amount 7 0 0.537706 0.462294 
 ----> amount 8 0 0.554654 0.445346 
 ----> amount 9 1 0.529609 0.470391 
 ----> amount 10 1 0.496632 0.503368 
 ----> amount 11 0 0.560216 0.439784 
 ----> amount 12 0 0.474709 0.525291 
 ----> amount 13 0 0.534221 0.465779 
 ----> amount 14 1 0.551633 0.448367 
 ----> amount 15 0 0.548197 0.451803 
 ----> amount 16 1 0.596573 0.403427 
 ----> amount 17 1 0.46703 0.53297 
 ----> amount 18 0 0.548694 0.451306 
 ----> amount 19 1 0.519189 0.480811 
 ----> amount 20 0 0.530072 0.469928 
 ----> amount 21 0 0.46389 0.53611 
 ----> amount 22 1 0.526911 0.473089 
 ----> amount 23 0 0.535411 0.464589 
 ----> amount 24 0 0.503172 0.496828 
 ----> amount 25 1 0.523244 0.476756 
 ----> amount 26 0 0.503276 0.496724 
 ----> amount 27 1 0.524314 0.475686 
 ----> amount 28 1 0.552638 0.447362 
 ----> amount 29 0 0.508207 0.491793 
 ----> amount 30 0 0.554436 0.445564 
 ----> amount 31 0 0.536579 0.463421 
 ----> amount 32 0 0.546763 0.453237 
 ----> amount 33 1 0.480052 0.519948 
 ----> amount 34 0 0.558515 0.441485 
 ----> amount 35 1 0.506254 0.493746 
 ----> amount 36 0 0.546536 0.453464 
 ----> amount 37 0 0.520653 0.479347 
 ----> amount 38 1 0.544992 0.455008 
 ----> amount 39 1 0.527581 0.472419 
 ----> amount 40 1 0.560054 0.439946 
 ----> amount 41 0 0.513198 0.486802 
 ----> amount 42 0 0.538284 0.461716 
 ----> amount 43 0 0.535967 0.464033 
 ----> amount 44 0 0.590264 0.409736 
 ----> amount 45 1 0.483916 0.516084 
 ----> amount 46 1 0.513133 0.486867 
 ----> amount 47 0 0.539297 0.460703 
 ----> amount 48 0 0.534199 0.465801 
 ----> amount 49 1 0.538267 0.461733 
 ----> amount 50 1 0.502242 0.497758 
 ----> amount 51 1 0.50226 0.49774 
 ----> amount 52 0 0.580404 0.419596 
 ----> amount 53 1 0.566945 0.433055 
 ----> amount 54 1 0.512863 0.487137 
 ----> amount 55 0 0.550732 0.449268 
 ----> amount 56 0 0.530494 0.469506 
 ----> amount 57 1 0.506193 0.493807 
 ----> amount 58 0 0.584348 0.415652 
 ----> amount 59 1 0.493723 0.506277 
 ----> amount 60 1 0.511538 0.488462 
 ----> amount 61 0 0.562957 0.437043 
 ----> amount 62 1 0.494968 0.505032 
 ----> amount 63 0 0.541002 0.458998 
 ----> amount 64 1 0.438547 0.561453 
 ----> amount 65 0 0.575778 0.424222 
 ----> amount 66 1 0.498996 0.501004 
 ----> amount 67 0 0.55195 0.44805 
 ----> amount 68 0 0.585337 0.414663 
 ----> amount 69 1 0.495028 0.504972 
 ----> amount 70 1 0.510469 0.489531 
 ----> amount 71 0 0.564959 0.435041 
 ----> amount 72 0 0.50806 0.49194 
 ----> amount 73 1 0.471925 0.528075 
 ----> amount 74 1 0.503232 0.496768 
 ----> amount 75 0 0.561159 0.438841 
 ----> amount 76 1 0.54308 0.45692 
 ----> amount 77 0 0.568857 0.431143 
 ----> amount 78 1 0.480192 0.519808 
 ----> amount 79 0 0.57978 0.42022 
 ----> amount 80 1 0.475058 0.524942 
 ----> amount 81 1 0.572534 0.427466 
 ----> amount 82 1 0.559369 0.440631 
 ----> amount 83 0 0.52224 0.47776 
 ----> amount 84 1 0.509677 0.490323 
 ----> amount 85 0 0.557409 0.442591 
 ----> amount 86 0 0.566 0.434 
 ----> amount 87 0 0.506811 0.493189 
 ----> amount 88 0 0.497655 0.502345 
 ----> amount 89 1 0.510568 0.489432 
 ----> amount 90 1 0.56358 0.43642 
 ----> amount 91 0 0.549797 0.450203 
 ----> amount 92 1 0.517178 0.482822 
 ----> amount 93 0 0.598679 0.401321 
 ----> amount 94 1 0.468618 0.531382 
 ----> amount 95 0 0.53553 0.46447 
 ----> amount 96 0 0.515715 0.484285 
 ----> amount 97 0 0.593732 0.406268 
 ----> amount 98 0 0.5387 0.4613 
 ----> amount 99 1 0.521173 0.478827 
 ----> amount 100 0 0.585531 0.414469 
 ----> amount 101 1 0.572971 0.427029 
 ----> amount 102 1 0.521951 0.478049 
 ----> amount 103 0 0.549121 0.450879 
 ----> amount 104 0 0.514308 0.485692 
 ----> amount 105 0 0.526254 0.473746 
 ----> amount 106 0 0.51209 0.48791 
 ----> amount 107 0 0.5721 0.4279 
 ----> amount 108 1 0.391732 0.608268 
 ----> amount 109 0 0.549003 0.450997 
 ----> amount 110 0 0.507572 0.492428 
 ----> amount 111 1 0.563864 0.436136 
 ----> amount 112 0 0.564916 0.435084 
 ----> amount 113 1 0.550218 0.449782 
 ----> amount 114 1 0.513441 0.486559 
 ----> amount 115 0 0.489306 0.510694 
 ----> amount 116 1 0.548588 0.451412 
 ----> amount 117 1 0.505595 0.494405 
 ----> amount 118 1 0.4866 0.5134 
 ----> amount 119 1 0.572495 0.427505 
 ----> amount 120 0 0.505335 0.494665 
 ----> amount 121 0 0.563029 0.436971 
 ----> amount 122 0 0.586862 0.413138 
 ----> amount 123 1 0.485464 0.514536 
 ----> amount 124 1 0.559823 0.440177 
 ----> amount 125 0 0.567847 0.432153 
 ----> amount 126 1 0.536243 0.463757 
 ----> amount 127 0 0.498133 0.501867 
 ----> amount 128 1 0.540856 0.459144 
 ----> amount 129 0 0.556026 0.443974 
 ----> amount 130 0 0.535011 0.464989 
 ----> amount 131 0 0.492648 0.507352 
 ----> amount 132 1 0.504437 0.495563 
 ----> amount 133 0 0.573796 0.426204 
 ----> amount 134 1 0.496104 0.503896 
 ----> amount 135 1 0.560864 0.439136 
 ----> amount 136 0 0.514179 0.485821 
 ----> amount 137 0 0.664119 0.335881 
 ----> amount 138 0 0.406769 0.593231 
 ----> amount 139 0 0.55192 0.44808 
 ----> amount 140 0 0.618618 0.381382 
 ----> amount 141 1 0.42872 0.57128 
 ----> amount 142 0 0.553448 0.446552 
 ----> amount 143 1 0.454981 0.545019 
 ----> amount 144 0 0.593926 0.406074 
 ----> amount 145 0 0.538439 0.461561 
 ----> amount 146 1 0.337321 0.662679 
 ----> amount 147 0 0.57297 0.42703 
 ----> amount 148 1 0.484001 0.515999 
 ----> amount 149 1 0.53685 0.46315 
 ----> amount 150 0 0.58525 0.41475 
 ----> amount 151 1 0.460831 0.539169 
 ----> amount 152 0 0.543948 0.456052 
 ----> amount 153 0 0.475198 0.524802 
 ----> amount 154 1 0.543873 0.456127 
 ----> amount 155 0 0.516261 0.483739 
 ----> amount 156 1 0.423138 0.576862 
 ----> amount 157 1 0.588645 0.411355 
 ----> amount 158 0 0.521627 0.478373 
 ----> amount 159 0 0.575875 0.424125 
 ----> amount 160 0 0.608807 0.391193 
 ----> amount 161 0 0.508979 0.491021 
 ----> amount 162 0 0.529755 0.470245 
 ----> amount 163 1 0.507812 0.492188 
 ----> amount 164 0 0.532137 0.467863 
 ----> amount 165 1 0.509279 0.490721 
 ----> amount 166 1 0.528725 0.471275 
 ----> amount 167 1 0.52967 0.47033 
 ----> amount 168 0 0.527309 0.472691 
 ----> amount 169 1 0.485924 0.514076 
 ----> amount 170 1 0.519585 0.480415 
 ----> amount 171 1 0.518356 0.481644 
 ----> amount 172 0 0.588195 0.411805 
 ----> amount 173 1 0.447832 0.552168 
 ----> amount 174 0 0.549558 0.450442 
 ----> amount 175 1 0.479911 0.520089 
 ----> amount 176 0 0.64327 0.35673 
 ----> amount 177 0 0.535949 0.464051 
 ----> amount 178 1 0.468055 0.531945 
 ----> amount 179 1 0.615411 0.384589 
 ----> amount 180 1 0.517348 0.482652 
 ----> amount 181 1 0.478371 0.521629 
 ----> amount 182 1 0.49194 0.50806 
 ----> amount 183 0 0.555512 0.444488 
 ----> amount 184 1 0.551861 0.448139 
 ----> amount 185 0 0.542587 0.457413 
 ----> amount 186 0 0.58319 0.41681 
 ----> amount 187 0 0.540607 0.459393 
 ----> amount 188 1 0.481713 0.518287 
 ----> amount 189 1 0.495097 0.504903 
 ----> amount 190 0 0.587267 0.412733 
 ----> amount 191 0 0.583396 0.416604 
 ----> amount 192 1 0.527112 0.472888 
 ----> amount 193 0 0.481464 0.518536 
 ----> amount 194 0 0.580132 0.419868 
 ----> amount 195 1 0.463704 0.536296 
 ----> amount 196 1 0.494371 0.505629 
 ----> amount 197 0 0.591622 0.408378 
 ----> amount 198 1 0.451406 0.548594 
 ----> amount 199 0 0.580432 0.419568 
 ----> amount 200 0 0.461344 0.538656 
 ----> amount 201 1 0.541661 0.458339 
 ----> amount 202 1 0.517249 0.482751 
 ----> amount 203 0 0.593236 0.406764 
 ----> amount 204 1 0.587828 0.412172 
 ----> amount 205 0 0.480885 0.519115 
 ----> amount 206 1 0.500468 0.499532 
 ----> amount 207 1 0.510564 0.489436 
 ----> amount 208 0 0.510847 0.489153 
 ----> amount 209 0 0.571252 0.428748 
 ----> amount 210 1 0.496853 0.503147 
 ----> amount 211 0 0.620288 0.379712 
 ----> amount 212 0 0.535212 0.464788 
 ----> amount 213 0 0.606415 0.393585 
 ----> amount 214 0 0.526747 0.473253 
 ----> amount 215 1 0.486718 0.513282 
 ----> amount 216 0 0.577799 0.422201 
 ----> amount 217 1 0.505104 0.494896 
 ----> amount 218 1 0.516249 0.483751 
 ----> amount 219 0 0.51857 0.48143 
 ----> amount 220 1 0.492781 0.507219 
 ----> amount 221 1 0.54191 0.45809 
 ----> amount 222 1 0.543513 0.456487 
 ----> amount 223 0 0.487954 0.512046 
 ----> amount 224 0 0.554942 0.445058 
 ----> amount 225 1 0.482106 0.517894 
 ----> amount 226 1 0.482175 0.517825 
 ----> amount 227 0 0.554503 0.445497 
 ----> amount 228 0 0.490317 0.509683 
 ----> amount 229 0 0.551159 0.448841 
 ----> amount 230 1 0.481505 0.518495 
 ----> amount 231 0 0.674212 0.325788 
 ----> amount 232 0 0.483024 0.516976 
 ----> amount 233 0 0.538282 0.461718 
 ----> amount 234 1 0.484711 0.515289 
 ----> amount 235 1 0.53525 0.46475 
 ----> amount 236 1 0.505228 0.494772 
 ----> amount 237 0 0.513457 0.486543 
 ----> amount 238 1 0.508108 0.491892 
 ----> amount 239 0 0.582554 0.417446 
 ----> amount 240 1 0.500868 0.499132 
 ----> amount 241 0 0.601901 0.398099 
 ----> amount 242 1 0.470228 0.529772 
 ----> amount 243 0 0.575795 0.424205 
 ----> amount 244 1 0.469183 0.530817 
 ----> amount 245 0 0.527163 0.472837 
 ----> amount 246 1 0.526218 0.473782 
 ----> amount 247 0 0.504904 0.495096 
 ----> amount 248 0 0.572452 0.427548 
 ----> amount 249 1 0.51145 0.48855 
 ----> amount 250 1 0.529378 0.470622 
 ----> amount 251 1 0.494528 0.505472 
 ----> amount 252 0 0.592974 0.407026 
 ----> amount 253 1 0.498726 0.501274 
 ----> amount 254 0 0.480776 0.519224 
 ----> amount 255 0 0.491212 0.508788 
 ----> amount 256 0 0.674898 0.325102 
 ----> amount 257 1 0.546505 0.453495 
 ----> amount 258 0 0.615664 0.384336 
 ----> amount 259 0 0.562639 0.437361 
 ----> amount 260 1 0.420657 0.579343 
 ----> amount 261 1 0.564336 0.435664 
 ----> amount 262 1 0.454653 0.545347 
 ----> amount 263 0 0.566558 0.433442 
 ----> amount 264 1 0.507564 0.492436 
 ----> amount 265 1 0.546117 0.453883 
 ----> amount 266 0 0.552215 0.447785 
 ----> amount 267 1 0.459128 0.540872 
 ----> amount 268 0 0.548483 0.451517 
 ----> amount 269 0 0.518695 0.481305 
 ----> amount 270 0 0.566324 0.433676 
 ----> amount 271 1 0.500147 0.499853 
 ----> amount 272 0 0.56597 0.43403 
 ----> amount 273 1 0.537041 0.462959 
 ----> amount 274 0 0.535498 0.464502 
 ----> amount 275 1 0.46557 0.53443 
 ----> amount 276 0 0.609684 0.390316 
 ----> amount 277 0 0.57598 0.42402 
 ----> amount 278 0 0.583993 0.416007 
 ----> amount 279 1 0.5241 0.4759 
 ----> amount 280 1 0.562471 0.437529 
 ----> amount 281 0 0.525642 0.474358 
 ----> amount 282 1 0.528036 0.471964 
 ----> amount 283 1 0.472143 0.527857 
 ----> amount 284 0 0.553699 0.446301 
 ----> amount 285 0 0.543863 0.456137 
 ----> amount 286 1 0.526198 0.473802 
 ----> amount 287 1 0.516243 0.483757 
 ----> amount 288 1 0.506368 0.493632 
 ----> amount 289 0 0.548336 0.451664 
 ----> amount 290 0 0.589108 0.410892 
 ----> amount 291 1 0.513138 0.486862 
 ----> amount 292 0 0.560589 0.439411 
 ----> amount 293 1 0.497332 0.502668 
 ----> amount 294 1 0.470321 0.529679 
 ----> amount 295 0 0.636025 0.363975 
 ----> amount 296 1 0.502004 0.497996 
 ----> amount 297 0 0.557212 0.442788 
 ----> amount 298 1 0.541959 0.458041 
 ----> amount 299 0 0.574781 0.425219 
 ----> amount 300 0 0.522671 0.477329 
 ----> amount 301 0 0.569976 0.430024 
 ----> amount 302 1 0.576074 0.423926 
 ----> amount 303 1 0.542913 0.457087 
 ----> amount 304 0 0.515599 0.484401 
 ----> amount 305 1 0.546161 0.453839 
 ----> amount 306 0 0.444931 0.555069 
 ----> amount 307 0 0.570543 0.429457 
 ----> amount 308 1 0.489225 0.510775 
 ----> amount 309 0 0.619158 0.380842 
 ----> amount 310 1 0.493324 0.506676 
 ----> amount 311 0 0.575903 0.424097 
 ----> amount 312 1 0.447688 0.552312 
 ----> amount 313 0 0.635016 0.364984 
 ----> amount 314 0 0.591508 0.408492 
 ----> amount 315 0 0.58647 0.41353 
 ----> amount 316 1 0.545259 0.454741 
 ----> amount 317 0 0.491994 0.508006 
 ----> amount 318 0 0.521413 0.478587 
 ----> amount 319 1 0.516913 0.483087 
 ----> amount 320 1 0.54928 0.45072 
 ----> amount 321 1 0.47472 0.52528 
 ----> amount 322 0 0.627505 0.372495 
 ----> amount 323 0 0.513061 0.486939 
 ----> amount 324 1 0.59994 0.40006 
 ----> amount 325 0 0.520382 0.479618 
 ----> amount 326 0 0.50312 0.49688 
 ----> amount 327 1 0.516546 0.483454 
 ----> amount 328 0 0.598864 0.401136 
 ----> amount 329 0 0.48036 0.51964 
 ----> amount 330 1 0.546703 0.453297 
 ----> amount 331 0 0.525962 0.474038 
 ----> amount 332 0 0.539048 0.460952 
 ----> amount 333 1 0.516355 0.483645 
 ----> amount 334 1 0.485636 0.514364 
 ----> amount 335 0 0.548261 0.451739 
 ----> amount 336 1 0.425086 0.574914 
 ----> amount 337 0 0.564634 0.435366 
 ----> amount 338 1 0.481345 0.518655 
 ----> amount 339 0 0.598638 0.401362 
 ----> amount 340 1 0.445371 0.554629 
 ----> amount 341 0 0.593981 0.406019 
 ----> amount 342 1 0.456167 0.543833 
 ----> amount 343 0 0.541216 0.458784 
 ----> amount 344 0 0.591964 0.408036 
 ----> amount 345 0 0.497237 0.502763 
 ----> amount 346 1 0.534595 0.465405 
 ----> amount 347 0 0.55806 0.44194 
 ----> amount 348 0 0.495635 0.504365 
 ----> amount 349 1 0.545093 0.454907 
 ----> amount 350 1 0.492042 0.507958 
 ----> amount 351 0 0.52758 0.47242 
 ----> amount 352 0 0.568616 0.431384 
 ----> amount 353 1 0.431298 0.568702 
 ----> amount 354 0 0.646412 0.353588 
 ----> amount 355 1 0.475396 0.524604 
 ----> amount 356 1 0.618081 0.381919 
 ----> amount 357 1 0.477955 0.522045 
 ----> amount 358 0 0.516822 0.483178 
 ----> amount 359 0 0.620691 0.379309 
 ----> amount 360 1 0.483053 0.516947 
 ----> amount 361 1 0.548835 0.451165 
 ----> amount 362 0 0.53172 0.46828 
 ----> amount 363 0 0.583867 0.416133 
 ----> amount 364 0 0.529754 0.470246 
 ----> amount 365 0 0.591604 0.408396 
 ----> amount 366 1 0.456896 0.543104 
 ----> amount 367 0 0.525012 0.474988 
 ----> amount 368 0 0.530811 0.469189 
 ----> amount 369 0 0.58807 0.41193 
 ----> amount 370 1 0.497171 0.502829 
 ----> amount 371 0 0.642732 0.357268 
 ----> amount 372 1 0.523849 0.476151 
 ----> amount 373 0 0.542131 0.457869 
 ----> amount 374 0 0.523286 0.476714 
 ----> amount 375 1 0.492709 0.507291 
 ----> amount 376 0 0.62438 0.37562 
 ----> amount 377 1 0.460237 0.539763 
 ----> amount 378 1 0.572156 0.427844 
 ----> amount 379 0 0.548042 0.451958 
 ----> amount 380 0 0.507517 0.492483 
 ----> amount 381 1 0.498102 0.501898 
 ----> amount 382 1 0.521596 0.478404 
 ----> amount 383 1 0.546509 0.453491 
 ----> amount 384 0 0.547913 0.452087 
 ----> amount 385 1 0.563394 0.436606 
 ----> amount 386 0 0.561553 0.438447 
 ----> amount 387 1 0.547117 0.452883 
 ----> amount 388 1 0.400001 0.599999 
 ----> amount 389 0 0.664981 0.335019 
 ----> amount 390 0 0.493416 0.506584 
 ----> amount 391 0 0.535112 0.464888 
 ----> amount 392 1 0.483094 0.516906 
 ----> amount 393 1 0.535917 0.464083 
 ----> amount 394 1 0.442451 0.557549 
 ----> amount 395 0 0.563233 0.436767 
 ----> amount 396 0 0.499287 0.500713 
 ----> amount 397 0 0.587226 0.412774 
 ----> amount 398 1 0.462475 0.537525 
 ----> amount 399 1 0.51094 0.48906 
 ----> amount 400 1 0.567358 0.432642 
 ----> amount 401 0 0.614796 0.385204 
 ----> amount 402 0 0.621459 0.378541 
 ----> amount 403 0 0.613028 0.386972 
 ----> amount 404 1 0.526714 0.473286 
 ----> amount 405 1 0.459341 0.540659 
 ----> amount 406 1 0.577993 0.422007 
 ----> amount 407 1 0.495128 0.504872 
 ----> amount 408 0 0.531281 0.468719 
 ----> amount 409 0 0.566025 0.433975 
 ----> amount 410 0 0.521108 0.478892 
 ----> amount 411 0 0.580173 0.419827 
 ----> amount 412 1 0.473243 0.526757 
 ----> amount 413 1 0.547227 0.452773 
 ----> amount 414 0 0.53237 0.46763 
 ----> amount 415 1 0.406767 0.593233 
 ----> amount 416 0 0.518959 0.481041 
 ----> amount 417 0 0.52121 0.47879 
 ----> amount 418 1 0.50917 0.49083 
 ----> amount 419 1 0.511371 0.488629 
 ----> amount 420 1 0.464821 0.535179 
 ----> amount 421 0 0.561585 0.438415 
 ----> amount 422 0 0.528038 0.471962 
 ----> amount 423 1 0.413634 0.586366 
 ----> amount 424 0 0.598007 0.401993 
 ----> amount 425 0 0.445405 0.554595 
 ----> amount 426 1 0.55609 0.44391 
 ----> amount 427 0 0.556627 0.443373 
 ----> amount 428 0 0.584047 0.415953 
 ----> amount 429 0 0.456228 0.543772 
 ----> amount 430 0 0.549232 0.450768 
 ----> amount 431 1 0.527255 0.472745 
 ----> amount 432 1 0.532518 0.467482 
 ----> amount 433 1 0.442635 0.557365 
 ----> amount 434 0 0.682749 0.317251 
 ----> amount 435 1 0.409226 0.590774 
 ----> amount 436 0 0.543742 0.456258 
 ----> amount 437 0 0.524479 0.475521 
 ----> amount 438 0 0.500974 0.499026 
 ----> amount 439 0 0.514863 0.485137 
 ----> amount 440 1 0.575147 0.424853 
 ----> amount 441 0 0.506378 0.493622 
 ----> amount 442 1 0.465335 0.534665 
 ----> amount 443 1 0.509927 0.490073 
 ----> amount 444 0 0.554861 0.445139 
 ----> amount 445 1 0.449068 0.550932 
 ----> amount 446 0 0.543038 0.456962 
 ----> amount 447 0 0.570833 0.429167 
 ----> amount 448 1 0.478624 0.521376 
 ----> amount 449 1 0.47411 0.52589 
 ----> amount 450 0 0.603111 0.396889 
 ----> amount 451 0 0.558113 0.441887 
 ----> amount 452 1 0.50601 0.49399 
 ----> amount 453 0 0.489487 0.510513 
 ----> amount 454 1 0.568077 0.431923 
 ----> amount 455 0 0.517764 0.482236 
 ----> amount 456 0 0.584061 0.415939 
 ----> amount 457 0 0.514657 0.485343 
 ----> amount 458 1 0.378961 0.621039 
 ----> amount 459 0 0.615665 0.384335 
 ----> amount 460 1 0.470692 0.529308 
 ----> amount 461 1 0.559691 0.440309 
 ----> amount 462 0 0.469528 0.530472 
 ----> amount 463 1 0.509085 0.490915 
 ----> amount 464 0 0.557063 0.442937 
 ----> amount 465 1 0.524759 0.475241 
 ----> amount 466 0 0.533281 0.466719 
 ----> amount 467 1 0.508794 0.491206 
 ----> amount 468 0 0.534369 0.465631 
 ----> amount 469 1 0.448977 0.551023 
 ----> amount 470 0 0.54726 0.45274 
 ----> amount 471 1 0.47857 0.52143 
 ----> amount 472 0 0.558423 0.441577 
 ----> amount 473 1 0.484074 0.515926 
 ----> amount 474 0 0.578458 0.421542 
 ----> amount 475 0 0.542356 0.457644 
 ----> amount 476 1 0.585799 0.414201 
 ----> amount 477 1 0.500788 0.499212 
 ----> amount 478 1 0.574544 0.425456 
 ----> amount 479 0 0.530757 0.469243 
 ----> amount 480 0 0.529501 0.470499 
 ----> amount 481 1 0.536868 0.463132 
 ----> amount 482 0 0.615876 0.384124 
 ----> amount 483 0 0.491537 0.508463 
 ----> amount 484 1 0.554418 0.445582 
 ----> amount 485 0 0.526569 0.473431 
 ----> amount 486 0 0.614168 0.385832 
 ----> amount 487 1 0.561355 0.438645 
 ----> amount 488 0 0.639677 0.360323 
 ----> amount 489 1 0.546055 0.453945 
 ----> amount 490 0 0.563593 0.436407 
 ----> amount 491 1 0.485168 0.514832 
 ----> amount 492 0 0.530855 0.469145 
 ----> amount 493 0 0.515423 0.484577 
 ----> amount 494 1 0.516522 0.483478 
 ----> amount 495 0 0.581589 0.418411 
 ----> amount 496 1 0.465663 0.534337 
 ----> amount 497 0 0.62656 0.37344 
 ----> amount 498 1 0.610347 0.389653 
 ----> amount 499 0 0.522465 0.477535 
 ----> amount 500 1 0.476515 0.523485 
 ----> amount 501 0 0.563425 0.436575 
 ----> amount 502 1 0.530859 0.469141 
 ----> amount 503 1 0.496301 0.503699 
 ----> amount 504 1 0.500454 0.499546 
 ----> amount 505 0 0.538605 0.461395 
 ----> amount 506 0 0.550473 0.449527 
 ----> amount 507 1 0.453211 0.546789 
 ----> amount 508 1 0.515564 0.484436 
 ----> amount 509 1 0.456774 0.543226 
 ----> amount 510 0 0.567311 0.432689 
 ----> amount 511 0 0.563022 0.436978 
 ----> amount 512 0 0.593927 0.406073 
 ----> amount 513 1 0.456787 0.543213 
 ----> amount 514 1 0.518278 0.481722 
 ----> amount 515 0 0.555005 0.444995 
 ----> amount 516 0 0.591025 0.408975 
 ----> amount 517 1 0.476662 0.523338 
 ----> amount 518 1 0.492415 0.507585 
 ----> amount 519 0 0.58179 0.41821 
 ----> amount 520 1 0.507237 0.492763 
 ----> amount 521 1 0.537255 0.462745 
 ----> amount 522 0 0.496538 0.503462 
 ----> amount 523 1 0.479906 0.520094 
 ----> amount 524 0 0.551087 0.448913 
 ----> amount 525 0 0.465451 0.534549 
 ----> amount 526 0 0.567293 0.432707 
 ----> amount 527 1 0.491193 0.508807 
 ----> amount 528 0 0.600175 0.399825 
 ----> amount 529 1 0.448963 0.551037 
 ----> amount 530 0 0.458264 0.541736 
 ----> amount 531 1 0.555658 0.444342 
 ----> amount 532 0 0.523084 0.476916 
 ----> amount 533 1 0.44827 0.55173 
 ----> amount 534 0 0.598055 0.401945 
 ----> amount 535 0 0.576141 0.423859 
 ----> amount 536 1 0.536858 0.463142 
 ----> amount 537 1 0.488485 0.511515 
 ----> amount 538 0 0.561245 0.438755 
 ----> amount 539 1 0.442061 0.557939 
 ----> amount 540 1 0.542351 0.457649 
 ----> amount 541 0 0.493179 0.506821 
 ----> amount 542 0 0.556704 0.443296 
 ----> amount 543 1 0.516765 0.483235 
 ----> amount 544 1 0.49925 0.50075 
 ----> amount 545 0 0.661218 0.338782 
 ----> amount 546 0 0.509973 0.490027 
 ----> amount 547 1 0.475637 0.524363 
 ----> amount 548 1 0.433378 0.566622 
 ----> amount 549 0 0.595618 0.404382 
 ----> amount 550 0 0.541451 0.458549 
 ----> amount 551 1 0.485676 0.514324 
 ----> amount 552 0 0.508534 0.491466 
 ----> amount 553 1 0.46614 0.53386 
 ----> amount 554 0 0.575268 0.424732 
 ----> amount 555 1 0.568031 0.431969 
 ----> amount 556 0 0.612791 0.387209 
 ----> amount 557 1 0.500178 0.499822 
 ----> amount 558 1 0.510106 0.489894 
 ----> amount 559 1 0.472751 0.527249 
 ----> amount 560 0 0.516121 0.483879 
 ----> amount 561 0 0.58511 0.41489 
 ----> amount 562 1 0.501999 0.498001 
 ----> amount 563 0 0.509065 0.490935 
 ----> amount 564 0 0.522771 0.477229 
 ----> amount 565 1 0.521798 0.478202 
 ----> amount 566 0 0.544568 0.455432 
 ----> amount 567 0 0.566064 0.433936 
 ----> amount 568 0 0.540621 0.459379 
 ----> amount 569 0 0.502884 0.497116 
 ----> amount 570 1 0.53457 0.46543 
 ----> amount 571 1 0.503096 0.496904 
 ----> amount 572 0 0.571136 0.428864 
 ----> amount 573 0 0.571596 0.428404 
 ----> amount 574 0 0.57245 0.42755 
 ----> amount 575 1 0.470867 0.529133 
 ----> amount 576 1 0.47406 0.52594 
 ----> amount 577 0 0.601888 0.398112 
 ----> amount 578 0 0.621743 0.378257 
 ----> amount 579 0 0.476424 0.523576 
 ----> amount 580 1 0.422337 0.577663 
 ----> amount 581 0 0.557586 0.442414 
 ----> amount 582 0 0.539358 0.460642 
 ----> amount 583 1 0.473341 0.526659 
 ----> amount 584 1 0.494258 0.505742 
 ----> amount 585 0 0.526823 0.473177 
 ----> amount 586 0 0.56254 0.43746 
 ----> amount 587 1 0.504018 0.495982 
 ----> amount 588 0 0.538893 0.461107 
 ----> amount 589 1 0.442563 0.557437 
 ----> amount 590 0 0.568426 0.431574 
 ----> amount 591 1 0.559079 0.440921 
 ----> amount 592 1 0.488482 0.511518 
 ----> amount 593 0 0.528428 0.471572 
 ----> amount 594 0 0.51369 0.48631 
 ----> amount 595 1 0.521586 0.478414 
 ----> amount 596 1 0.458398 0.541602 
 ----> amount 597 0 0.586705 0.413295 
 ----> amount 598 1 0.512649 0.487351 
 ----> amount 599 1 0.414109 0.585891 
 ----> amount 600 0 0.57606 0.42394 
 ----> amount 601 1 0.471193 0.528807 
 ----> amount 602 1 0.527219 0.472781 
 ----> amount 603 0 0.582148 0.417852 
 ----> amount 604 0 0.634788 0.365212 
 ----> amount 605 0 0.5106 0.4894 
 ----> amount 606 1 0.527572 0.472428 
 ----> amount 607 1 0.492752 0.507248 
 ----> amount 608 0 0.518704 0.481296 
 ----> amount 609 0 0.516017 0.483983 
 ----> amount 610 0 0.539649 0.460351 
 ----> amount 611 1 0.532137 0.467863 
 ----> amount 612 0 0.567876 0.432124 
 ----> amount 613 1 0.440783 0.559217 
 ----> amount 614 0 0.576177 0.423823 
 ----> amount 615 1 0.476751 0.523249 
 ----> amount 616 0 0.559204 0.440796 
 ----> amount 617 1 0.514227 0.485773 
 ----> amount 618 1 0.496371 0.503629 
 ----> amount 619 1 0.522228 0.477772 
 ----> amount 620 1 0.537462 0.462538 
 ----> amount 621 0 0.545704 0.454296 
 ----> amount 622 0 0.555074 0.444926 
 ----> amount 623 0 0.500588 0.499412 
 ----> amount 624 0 0.553559 0.446441 
 ----> amount 625 0 0.478015 0.521985 
 ----> amount 626 0 0.552203 0.447797 
 ----> amount 627 0 0.560908 0.439092 
 ----> amount 628 1 0.537334 0.462666 
 ----> amount 629 1 0.531602 0.468398 
 ----> amount 630 0 0.503264 0.496736 
 ----> amount 631 1 0.534258 0.465742 
 ----> amount 632 1 0.46787 0.53213 
 ----> amount 633 0 0.603056 0.396944 
 ----> amount 634 1 0.538245 0.461755 
 ----> amount 635 0 0.546806 0.453194 
 ----> amount 636 1 0.492016 0.507984 
 ----> amount 637 0 0.660009 0.339991 
 ----> amount 638 0 0.590193 0.409807 
 ----> amount 639 1 0.494351 0.505649 
 ----> amount 640 1 0.549087 0.450913 
 ----> amount 641 0 0.615775 0.384225 
 ----> amount 642 0 0.623387 0.376613 
 ----> amount 643 0 0.675532 0.324468 
 ----> amount 644 0 0.618868 0.381132 
 ----> amount 645 0 0.666599 0.333401 
 ----> amount 646 0 0.563215 0.436785 
 ----> amount 647 1 0.519512 0.480488 
 ----> amount 648 0 0.478668 0.521332 
 ----> amount 649 1 0.546517 0.453483 
 ----> amount 650 1 0.464913 0.535087 
 ----> amount 651 1 0.609699 0.390301 
 ----> amount 652 0 0.508597 0.491403 
 ----> amount 653 0 0.562267 0.437733 
 ----> amount 654 1 0.480109 0.519891 
 ----> amount 655 0 0.533254 0.466746 
 ----> amount 656 0 0.520059 0.479941 
 ----> amount 657 0 0.481793 0.518207 
 ----> amount 658 1 0.513742 0.486258 
 ----> amount 659 1 0.468264 0.531736 
 ----> amount 660 0 0.558475 0.441525 
 ----> amount 661 0 0.491382 0.508618 
 ----> amount 662 1 0.546768 0.453232 
 ----> amount 663 0 0.56111 0.43889 
 ----> amount 664 1 0.476299 0.523701 
 ----> amount 665 1 0.520897 0.479103 
 ----> amount 666 0 0.533366 0.466634 
 ----> amount 667 0 0.555455 0.444545 
 ----> amount 668 1 0.517674 0.482326 
 ----> amount 669 0 0.58606 0.41394 
 ----> amount 670 0 0.590121 0.409879 
 ----> amount 671 1 0.525784 0.474216 
 ----> amount 672 0 0.485191 0.514809 
 ----> amount 673 1 0.511714 0.488286 
 ----> amount 674 1 0.514653 0.485347 
 ----> amount 675 1 0.527996 0.472004 
 ----> amount 676 0 0.541274 0.458726 
 ----> amount 677 0 0.543779 0.456221 
 ----> amount 678 1 0.384653 0.615347 
 ----> amount 679 0 0.602598 0.397402 
 ----> amount 680 1 0.485649 0.514351 
 ----> amount 681 0 0.517644 0.482356 
 ----> amount 682 0 0.541011 0.458989 
 ----> amount 683 1 0.497792 0.502208 
 ----> amount 684 0 0.53486 0.46514 
 ----> amount 685 1 0.507252 0.492748 
 ----> amount 686 0 0.536102 0.463898 
 ----> amount 687 0 0.585018 0.414982 
 ----> amount 688 1 0.492886 0.507114 
 ----> amount 689 0 0.543012 0.456988 
 ----> amount 690 1 0.482068 0.517932 
 ----> amount 691 1 0.513461 0.486539 
 ----> amount 692 0 0.576253 0.423747 
 ----> amount 693 1 0.452074 0.547926 
 ----> amount 694 1 0.555119 0.444881 
 ----> amount 695 1 0.47569 0.52431 
 ----> amount 696 0 0.556137 0.443863 
 ----> amount 697 0 0.574847 0.425153 
 ----> amount 698 0 0.608213 0.391787 
 ----> amount 699 1 0.492241 0.507759 
 ----> amount 700 1 0.505283 0.494717 
 ----> amount 701 0 0.545985 0.454015 
 ----> amount 702 0 0.584309 0.415691 
 ----> amount 703 1 0.397653 0.602347 
 ----> amount 704 1 0.562388 0.437612 
 ----> amount 705 0 0.524343 0.475657 
 ----> amount 706 1 0.500915 0.499085 
 ----> amount 707 1 0.490568 0.509432 
 ----> amount 708 1 0.461946 0.538054 
 ----> amount 709 1 0.54086 0.45914 
 ----> amount 710 0 0.454489 0.545511 
 ----> amount 711 0 0.579319 0.420681 
 ----> amount 712 1 0.474043 0.525957 
 ----> amount 713 0 0.591815 0.408185 
 ----> amount 714 1 0.44315 0.55685 
 ----> amount 715 0 0.571369 0.428631 
 ----> amount 716 1 0.485475 0.514525 
 ----> amount 717 0 0.503098 0.496902 
 ----> amount 718 1 0.571536 0.428464 
