 ----> amount 1 1 0.51354 0.48646 
 ----> amount 2 0 0.540043 0.459957 
 ----> amount 3 1 0.518675 0.481325 
 ----> amount 4 0 0.533427 0.466573 
 ----> amount 5 0 0.545994 0.454006 
 ----> amount 6 1 0.553956 0.446044 
 ----> amount 7 0 0.551875 0.448125 
 ----> amount 8 0 0.558447 0.441553 
 ----> amount 9 1 0.498452 0.501548 
 ----> amount 10 1 0.472265 0.527735 
 ----> amount 11 0 0.515949 0.484051 
 ----> amount 12 0 0.549018 0.450982 
 ----> amount 13 0 0.518177 0.481823 
 ----> amount 14 1 0.536052 0.463948 
 ----> amount 15 0 0.522289 0.477711 
 ----> amount 16 1 0.501874 0.498126 
 ----> amount 17 1 0.493095 0.506905 
 ----> amount 18 0 0.50714 0.49286 
 ----> amount 19 1 0.534218 0.465782 
 ----> amount 20 0 0.51355 0.48645 
 ----> amount 21 0 0.573358 0.426642 
 ----> amount 22 1 0.461014 0.538986 
 ----> amount 23 0 0.533264 0.466736 
 ----> amount 24 0 0.54433 0.45567 
 ----> amount 25 1 0.561308 0.438692 
 ----> amount 26 0 0.533509 0.466491 
 ----> amount 27 1 0.531104 0.468896 
 ----> amount 28 1 0.527669 0.472331 
 ----> amount 29 0 0.490914 0.509086 
 ----> amount 30 0 0.584896 0.415104 
 ----> amount 31 0 0.539077 0.460923 
 ----> amount 32 0 0.546467 0.453533 
 ----> amount 33 1 0.460305 0.539695 
 ----> amount 34 0 0.524099 0.475901 
 ----> amount 35 1 0.55043 0.44957 
 ----> amount 36 0 0.525716 0.474284 
 ----> amount 37 0 0.576673 0.423327 
 ----> amount 38 1 0.513115 0.486885 
 ----> amount 39 1 0.512306 0.487694 
 ----> amount 40 1 0.470302 0.529698 
 ----> amount 41 0 0.563507 0.436493 
 ----> amount 42 0 0.548487 0.451513 
 ----> amount 43 0 0.526175 0.473825 
 ----> amount 44 0 0.557558 0.442442 
 ----> amount 45 1 0.539723 0.460277 
 ----> amount 46 1 0.517772 0.482228 
 ----> amount 47 0 0.510159 0.489841 
 ----> amount 48 0 0.519221 0.480779 
 ----> amount 49 1 0.52971 0.47029 
 ----> amount 50 1 0.531595 0.468405 
 ----> amount 51 1 0.548434 0.451566 
 ----> amount 52 0 0.53306 0.46694 
 ----> amount 53 1 0.519824 0.480176 
 ----> amount 54 1 0.496866 0.503134 
 ----> amount 55 0 0.533192 0.466808 
 ----> amount 56 0 0.552962 0.447038 
 ----> amount 57 1 0.520398 0.479602 
 ----> amount 58 0 0.548054 0.451946 
 ----> amount 59 1 0.488481 0.511519 
 ----> amount 60 1 0.526305 0.473695 
 ----> amount 61 0 0.504647 0.495353 
 ----> amount 62 1 0.502794 0.497206 
 ----> amount 63 0 0.536488 0.463512 
 ----> amount 64 1 0.534011 0.465989 
 ----> amount 65 0 0.509347 0.490653 
 ----> amount 66 1 0.528534 0.471466 
 ----> amount 67 0 0.556409 0.443591 
 ----> amount 68 0 0.534739 0.465261 
 ----> amount 69 1 0.54103 0.45897 
 ----> amount 70 1 0.516786 0.483214 
 ----> amount 71 0 0.571548 0.428452 
 ----> amount 72 0 0.504582 0.495418 
 ----> amount 73 1 0.490826 0.509174 
 ----> amount 74 1 0.515881 0.484119 
 ----> amount 75 0 0.535616 0.464384 
 ----> amount 76 1 0.534514 0.465486 
 ----> amount 77 0 0.532594 0.467406 
 ----> amount 78 1 0.521182 0.478818 
 ----> amount 79 0 0.519504 0.480496 
 ----> amount 80 1 0.484939 0.515061 
 ----> amount 81 1 0.527085 0.472915 
 ----> amount 82 1 0.530667 0.469333 
 ----> amount 83 0 0.518552 0.481448 
 ----> amount 84 1 0.498274 0.501726 
 ----> amount 85 0 0.54573 0.45427 
 ----> amount 86 0 0.517574 0.482426 
 ----> amount 87 0 0.518801 0.481199 
 ----> amount 88 0 0.570371 0.429629 
 ----> amount 89 1 0.527232 0.472768 
 ----> amount 90 1 0.47341 0.52659 
 ----> amount 91 0 0.569887 0.430113 
 ----> amount 92 1 0.509864 0.490136 
 ----> amount 93 0 0.519819 0.480181 
 ----> amount 94 1 0.480957 0.519043 
 ----> amount 95 0 0.557891 0.442109 
 ----> amount 96 0 0.483216 0.516784 
 ----> amount 97 0 0.562795 0.437205 
 ----> amount 98 0 0.53466 0.46534 
 ----> amount 99 1 0.475003 0.524997 
 ----> amount 100 0 0.566377 0.433623 
 ----> amount 101 1 0.508344 0.491656 
 ----> amount 102 1 0.524836 0.475164 
 ----> amount 103 0 0.536829 0.463171 
 ----> amount 104 0 0.575328 0.424672 
 ----> amount 105 0 0.575929 0.424071 
 ----> amount 106 0 0.531978 0.468022 
 ----> amount 107 0 0.48681 0.51319 
 ----> amount 108 1 0.511867 0.488133 
 ----> amount 109 0 0.556181 0.443819 
 ----> amount 110 0 0.519381 0.480619 
 ----> amount 111 1 0.519995 0.480005 
 ----> amount 112 0 0.510875 0.489125 
 ----> amount 113 1 0.515238 0.484762 
 ----> amount 114 1 0.531553 0.468447 
 ----> amount 115 0 0.521779 0.478221 
 ----> amount 116 1 0.497364 0.502636 
 ----> amount 117 1 0.526677 0.473323 
 ----> amount 118 1 0.573266 0.426734 
 ----> amount 119 1 0.536667 0.463333 
 ----> amount 120 0 0.544541 0.455459 
 ----> amount 121 0 0.590183 0.409817 
 ----> amount 122 0 0.533688 0.466312 
 ----> amount 123 1 0.518615 0.481385 
 ----> amount 124 1 0.501901 0.498099 
 ----> amount 125 0 0.566381 0.433619 
 ----> amount 126 1 0.511464 0.488536 
 ----> amount 127 0 0.526879 0.473121 
 ----> amount 128 1 0.542632 0.457368 
 ----> amount 129 0 0.553895 0.446105 
 ----> amount 130 0 0.552573 0.447427 
 ----> amount 131 0 0.539291 0.460709 
 ----> amount 132 1 0.497098 0.502902 
 ----> amount 133 0 0.526779 0.473221 
 ----> amount 134 1 0.533062 0.466938 
 ----> amount 135 1 0.497842 0.502158 
 ----> amount 136 0 0.504335 0.495665 
 ----> amount 137 0 0.55253 0.44747 
 ----> amount 138 0 0.51587 0.48413 
 ----> amount 139 0 0.554849 0.445151 
 ----> amount 140 0 0.558387 0.441613 
 ----> amount 141 1 0.485351 0.514649 
 ----> amount 142 0 0.548637 0.451363 
 ----> amount 143 1 0.468429 0.531571 
 ----> amount 144 0 0.552719 0.447281 
 ----> amount 145 0 0.535555 0.464445 
 ----> amount 146 1 0.562675 0.437325 
 ----> amount 147 0 0.496854 0.503146 
 ----> amount 148 1 0.504146 0.495854 
 ----> amount 149 1 0.481386 0.518614 
 ----> amount 150 0 0.544509 0.455491 
 ----> amount 151 1 0.506782 0.493218 
 ----> amount 152 0 0.508528 0.491472 
 ----> amount 153 0 0.521473 0.478527 
 ----> amount 154 1 0.513351 0.486649 
 ----> amount 155 0 0.540096 0.459904 
 ----> amount 156 1 0.497003 0.502997 
 ----> amount 157 1 0.537985 0.462015 
 ----> amount 158 0 0.543864 0.456136 
 ----> amount 159 0 0.520003 0.479997 
 ----> amount 160 0 0.540264 0.459736 
 ----> amount 161 0 0.50951 0.49049 
 ----> amount 162 0 0.499273 0.500727 
 ----> amount 163 1 0.543146 0.456854 
 ----> amount 164 0 0.564775 0.435225 
 ----> amount 165 1 0.504496 0.495504 
 ----> amount 166 1 0.555197 0.444803 
 ----> amount 167 1 0.522278 0.477722 
 ----> amount 168 0 0.531226 0.468774 
 ----> amount 169 1 0.472335 0.527665 
 ----> amount 170 1 0.506173 0.493827 
 ----> amount 171 1 0.529173 0.470827 
 ----> amount 172 0 0.521987 0.478013 
 ----> amount 173 1 0.485927 0.514073 
 ----> amount 174 0 0.53929 0.46071 
 ----> amount 175 1 0.514708 0.485292 
 ----> amount 176 0 0.468053 0.531947 
 ----> amount 177 0 0.523376 0.476624 
 ----> amount 178 1 0.534884 0.465116 
 ----> amount 179 1 0.50721 0.49279 
 ----> amount 180 1 0.539176 0.460824 
 ----> amount 181 1 0.490058 0.509942 
 ----> amount 182 1 0.487946 0.512054 
 ----> amount 183 0 0.517341 0.482659 
 ----> amount 184 1 0.520708 0.479292 
 ----> amount 185 0 0.572595 0.427405 
 ----> amount 186 0 0.510692 0.489308 
 ----> amount 187 0 0.508747 0.491253 
 ----> amount 188 1 0.544077 0.455923 
 ----> amount 189 1 0.509329 0.490671 
 ----> amount 190 0 0.577656 0.422344 
 ----> amount 191 0 0.568695 0.431305 
 ----> amount 192 1 0.528027 0.471973 
 ----> amount 193 0 0.536151 0.463849 
 ----> amount 194 0 0.513331 0.486669 
 ----> amount 195 1 0.548771 0.451229 
 ----> amount 196 1 0.459212 0.540788 
 ----> amount 197 0 0.546117 0.453883 
 ----> amount 198 1 0.49036 0.50964 
 ----> amount 199 0 0.594239 0.405761 
 ----> amount 200 0 0.541746 0.458254 
 ----> amount 201 1 0.447232 0.552768 
 ----> amount 202 1 0.530618 0.469382 
 ----> amount 203 0 0.531434 0.468566 
 ----> amount 204 1 0.545241 0.454759 
 ----> amount 205 0 0.542525 0.457475 
 ----> amount 206 1 0.544111 0.455889 
 ----> amount 207 1 0.516964 0.483036 
 ----> amount 208 0 0.545298 0.454702 
 ----> amount 209 0 0.485324 0.514676 
 ----> amount 210 1 0.551403 0.448597 
 ----> amount 211 0 0.54338 0.45662 
 ----> amount 212 0 0.533363 0.466637 
 ----> amount 213 0 0.56784 0.43216 
 ----> amount 214 0 0.550727 0.449273 
 ----> amount 215 1 0.523271 0.476729 
 ----> amount 216 0 0.577235 0.422765 
 ----> amount 217 1 0.536419 0.463581 
 ----> amount 218 1 0.486589 0.513411 
 ----> amount 219 0 0.565871 0.434129 
 ----> amount 220 1 0.514853 0.485147 
 ----> amount 221 1 0.519693 0.480307 
 ----> amount 222 1 0.525676 0.474324 
 ----> amount 223 0 0.527327 0.472673 
 ----> amount 224 0 0.544121 0.455879 
 ----> amount 225 1 0.562631 0.437369 
 ----> amount 226 1 0.504593 0.495407 
 ----> amount 227 0 0.549462 0.450538 
 ----> amount 228 0 0.55817 0.44183 
 ----> amount 229 0 0.524131 0.475869 
 ----> amount 230 1 0.523925 0.476075 
 ----> amount 231 0 0.584868 0.415132 
 ----> amount 232 0 0.541155 0.458845 
 ----> amount 233 0 0.548407 0.451593 
 ----> amount 234 1 0.508633 0.491367 
 ----> amount 235 1 0.490546 0.509454 
 ----> amount 236 1 0.518361 0.481639 
 ----> amount 237 0 0.549231 0.450769 
 ----> amount 238 1 0.521488 0.478512 
 ----> amount 239 0 0.566054 0.433946 
 ----> amount 240 1 0.47082 0.52918 
 ----> amount 241 0 0.549607 0.450393 
 ----> amount 242 1 0.533425 0.466575 
 ----> amount 243 0 0.555258 0.444742 
 ----> amount 244 1 0.537777 0.462223 
 ----> amount 245 0 0.554668 0.445332 
 ----> amount 246 1 0.529508 0.470492 
 ----> amount 247 0 0.556728 0.443272 
 ----> amount 248 0 0.529621 0.470379 
 ----> amount 249 1 0.539495 0.460505 
 ----> amount 250 1 0.54629 0.45371 
 ----> amount 251 1 0.49662 0.50338 
 ----> amount 252 0 0.562801 0.437199 
 ----> amount 253 1 0.548163 0.451837 
 ----> amount 254 0 0.476696 0.523304 
 ----> amount 255 0 0.528305 0.471695 
 ----> amount 256 0 0.605763 0.394237 
 ----> amount 257 1 0.461876 0.538124 
 ----> amount 258 0 0.549696 0.450304 
 ----> amount 259 0 0.55393 0.44607 
 ----> amount 260 1 0.510462 0.489538 
 ----> amount 261 1 0.570709 0.429291 
 ----> amount 262 1 0.503848 0.496152 
 ----> amount 263 0 0.494222 0.505778 
 ----> amount 264 1 0.530446 0.469554 
 ----> amount 265 1 0.475305 0.524695 
 ----> amount 266 0 0.54679 0.45321 
 ----> amount 267 1 0.511565 0.488435 
 ----> amount 268 0 0.546917 0.453083 
 ----> amount 269 0 0.554283 0.445717 
 ----> amount 270 0 0.536881 0.463119 
 ----> amount 271 1 0.529392 0.470608 
 ----> amount 272 0 0.537695 0.462305 
 ----> amount 273 1 0.490924 0.509076 
 ----> amount 274 0 0.548564 0.451436 
 ----> amount 275 1 0.521214 0.478786 
 ----> amount 276 0 0.533911 0.466089 
 ----> amount 277 0 0.534351 0.465649 
 ----> amount 278 0 0.570963 0.429037 
 ----> amount 279 1 0.526754 0.473246 
 ----> amount 280 1 0.52915 0.47085 
 ----> amount 281 0 0.53412 0.46588 
 ----> amount 282 1 0.44403 0.55597 
 ----> amount 283 1 0.5411 0.4589 
 ----> amount 284 0 0.53229 0.46771 
 ----> amount 285 0 0.538126 0.461874 
 ----> amount 286 1 0.560132 0.439868 
 ----> amount 287 1 0.521717 0.478283 
 ----> amount 288 1 0.507611 0.492389 
 ----> amount 289 0 0.531525 0.468475 
 ----> amount 290 0 0.525574 0.474426 
 ----> amount 291 1 0.492875 0.507125 
 ----> amount 292 0 0.616266 0.383734 
 ----> amount 293 1 0.495851 0.504149 
 ----> amount 294 1 0.534298 0.465702 
 ----> amount 295 0 0.539319 0.460681 
 ----> amount 296 1 0.512366 0.487634 
 ----> amount 297 0 0.563067 0.436933 
 ----> amount 298 1 0.538217 0.461783 
 ----> amount 299 0 0.535114 0.464886 
 ----> amount 300 0 0.53659 0.46341 
 ----> amount 301 0 0.560626 0.439374 
 ----> amount 302 1 0.510635 0.489365 
 ----> amount 303 1 0.513023 0.486977 
 ----> amount 304 0 0.529006 0.470994 
 ----> amount 305 1 0.525046 0.474954 
 ----> amount 306 0 0.561799 0.438201 
 ----> amount 307 0 0.564331 0.435669 
 ----> amount 308 1 0.488107 0.511893 
 ----> amount 309 0 0.546646 0.453354 
 ----> amount 310 1 0.503516 0.496484 
 ----> amount 311 0 0.54288 0.45712 
 ----> amount 312 1 0.531352 0.468648 
 ----> amount 313 0 0.527195 0.472805 
 ----> amount 314 0 0.537486 0.462514 
 ----> amount 315 0 0.55869 0.44131 
 ----> amount 316 1 0.528806 0.471194 
 ----> amount 317 0 0.534478 0.465522 
 ----> amount 318 0 0.583268 0.416732 
 ----> amount 319 1 0.54178 0.45822 
 ----> amount 320 1 0.521494 0.478506 
 ----> amount 321 1 0.501892 0.498108 
 ----> amount 322 0 0.60305 0.39695 
 ----> amount 323 0 0.614152 0.385848 
 ----> amount 324 1 0.443448 0.556552 
 ----> amount 325 0 0.524551 0.475449 
 ----> amount 326 0 0.503855 0.496145 
 ----> amount 327 1 0.519709 0.480291 
 ----> amount 328 0 0.535681 0.464319 
 ----> amount 329 0 0.559001 0.440999 
 ----> amount 330 1 0.50905 0.49095 
 ----> amount 331 0 0.559979 0.440021 
 ----> amount 332 0 0.510944 0.489056 
 ----> amount 333 1 0.518377 0.481623 
 ----> amount 334 1 0.514554 0.485446 
 ----> amount 335 0 0.570302 0.429698 
 ----> amount 336 1 0.506365 0.493635 
 ----> amount 337 0 0.577419 0.422581 
 ----> amount 338 1 0.491068 0.508932 
 ----> amount 339 0 0.528648 0.471352 
 ----> amount 340 1 0.527225 0.472775 
 ----> amount 341 0 0.561874 0.438126 
 ----> amount 342 1 0.547258 0.452742 
 ----> amount 343 0 0.563479 0.436521 
 ----> amount 344 0 0.5147 0.4853 
 ----> amount 345 0 0.532478 0.467522 
 ----> amount 346 1 0.521144 0.478856 
 ----> amount 347 0 0.500654 0.499346 
 ----> amount 348 0 0.579953 0.420047 
 ----> amount 349 1 0.496778 0.503222 
 ----> amount 350 1 0.527051 0.472949 
 ----> amount 351 0 0.563301 0.436699 
 ----> amount 352 0 0.555635 0.444365 
 ----> amount 353 1 0.49588 0.50412 
 ----> amount 354 0 0.511502 0.488498 
 ----> amount 355 1 0.562899 0.437101 
 ----> amount 356 1 0.499422 0.500578 
 ----> amount 357 1 0.517278 0.482722 
 ----> amount 358 0 0.577061 0.422939 
 ----> amount 359 0 0.537278 0.462722 
 ----> amount 360 1 0.54694 0.45306 
 ----> amount 361 1 0.48369 0.51631 
 ----> amount 362 0 0.547335 0.452665 
 ----> amount 363 0 0.561323 0.438677 
 ----> amount 364 0 0.572322 0.427678 
 ----> amount 365 0 0.537309 0.462691 
 ----> amount 366 1 0.494047 0.505953 
 ----> amount 367 0 0.586097 0.413903 
 ----> amount 368 0 0.578416 0.421584 
 ----> amount 369 0 0.53077 0.46923 
 ----> amount 370 1 0.472787 0.527213 
 ----> amount 371 0 0.537064 0.462936 
 ----> amount 372 1 0.505204 0.494796 
 ----> amount 373 0 0.553125 0.446875 
 ----> amount 374 0 0.564449 0.435551 
 ----> amount 375 1 0.514023 0.485977 
 ----> amount 376 0 0.519856 0.480144 
 ----> amount 377 1 0.544425 0.455575 
 ----> amount 378 1 0.538985 0.461015 
 ----> amount 379 0 0.541682 0.458318 
 ----> amount 380 0 0.554093 0.445907 
 ----> amount 381 1 0.545233 0.454767 
 ----> amount 382 1 0.538652 0.461348 
 ----> amount 383 1 0.510256 0.489744 
 ----> amount 384 0 0.512654 0.487346 
 ----> amount 385 1 0.483916 0.516084 
 ----> amount 386 0 0.602518 0.397482 
 ----> amount 387 1 0.537417 0.462583 
 ----> amount 388 1 0.46742 0.53258 
 ----> amount 389 0 0.580144 0.419856 
 ----> amount 390 0 0.542347 0.457653 
 ----> amount 391 0 0.585076 0.414924 
 ----> amount 392 1 0.552649 0.447351 
 ----> amount 393 1 0.543309 0.456691 
 ----> amount 394 1 0.54543 0.45457 
 ----> amount 395 0 0.587625 0.412375 
 ----> amount 396 0 0.509323 0.490677 
 ----> amount 397 0 0.543829 0.456171 
 ----> amount 398 1 0.444866 0.555134 
 ----> amount 399 1 0.533899 0.466101 
 ----> amount 400 1 0.478791 0.521209 
 ----> amount 401 0 0.560198 0.439802 
 ----> amount 402 0 0.563216 0.436784 
 ----> amount 403 0 0.570389 0.429611 
 ----> amount 404 1 0.515537 0.484463 
 ----> amount 405 1 0.488361 0.511639 
 ----> amount 406 1 0.511742 0.488258 
 ----> amount 407 1 0.535908 0.464092 
 ----> amount 408 0 0.534859 0.465141 
 ----> amount 409 0 0.588727 0.411273 
 ----> amount 410 0 0.506933 0.493067 
 ----> amount 411 0 0.522117 0.477883 
 ----> amount 412 1 0.51311 0.48689 
 ----> amount 413 1 0.545223 0.454777 
 ----> amount 414 0 0.52593 0.47407 
 ----> amount 415 1 0.532286 0.467714 
 ----> amount 416 0 0.563599 0.436401 
 ----> amount 417 0 0.530779 0.469221 
 ----> amount 418 1 0.523216 0.476784 
 ----> amount 419 1 0.498122 0.501878 
 ----> amount 420 1 0.467584 0.532416 
 ----> amount 421 0 0.550093 0.449907 
 ----> amount 422 0 0.517527 0.482473 
 ----> amount 423 1 0.5058 0.4942 
 ----> amount 424 0 0.484657 0.515343 
 ----> amount 425 0 0.591685 0.408315 
 ----> amount 426 1 0.470528 0.529472 
 ----> amount 427 0 0.557708 0.442292 
 ----> amount 428 0 0.569649 0.430351 
 ----> amount 429 0 0.516338 0.483662 
 ----> amount 430 0 0.546808 0.453192 
 ----> amount 431 1 0.505423 0.494577 
 ----> amount 432 1 0.487795 0.512205 
 ----> amount 433 1 0.588318 0.411682 
 ----> amount 434 0 0.545095 0.454905 
 ----> amount 435 1 0.556762 0.443238 
 ----> amount 436 0 0.555428 0.444572 
 ----> amount 437 0 0.546457 0.453543 
 ----> amount 438 0 0.568506 0.431494 
 ----> amount 439 0 0.546379 0.453621 
 ----> amount 440 1 0.511556 0.488444 
 ----> amount 441 0 0.528392 0.471608 
 ----> amount 442 1 0.521363 0.478637 
 ----> amount 443 1 0.555606 0.444394 
 ----> amount 444 0 0.530193 0.469807 
 ----> amount 445 1 0.512231 0.487769 
 ----> amount 446 0 0.517128 0.482872 
 ----> amount 447 0 0.551281 0.448719 
 ----> amount 448 1 0.52415 0.47585 
 ----> amount 449 1 0.517378 0.482622 
 ----> amount 450 0 0.514254 0.485746 
 ----> amount 451 0 0.559001 0.440999 
 ----> amount 452 1 0.505991 0.494009 
 ----> amount 453 0 0.552373 0.447627 
 ----> amount 454 1 0.564355 0.435645 
 ----> amount 455 0 0.545251 0.454749 
 ----> amount 456 0 0.563111 0.436889 
 ----> amount 457 0 0.545085 0.454915 
 ----> amount 458 1 0.534456 0.465544 
 ----> amount 459 0 0.54568 0.45432 
 ----> amount 460 1 0.514134 0.485866 
 ----> amount 461 1 0.509703 0.490297 
 ----> amount 462 0 0.566431 0.433569 
 ----> amount 463 1 0.515808 0.484192 
 ----> amount 464 0 0.526864 0.473136 
 ----> amount 465 1 0.558219 0.441781 
 ----> amount 466 0 0.593568 0.406432 
 ----> amount 467 1 0.444516 0.555484 
 ----> amount 468 0 0.60286 0.39714 
 ----> amount 469 1 0.518618 0.481382 
 ----> amount 470 0 0.530289 0.469711 
 ----> amount 471 1 0.483774 0.516226 
 ----> amount 472 0 0.516507 0.483493 
 ----> amount 473 1 0.532631 0.467369 
 ----> amount 474 0 0.564064 0.435936 
 ----> amount 475 0 0.516501 0.483499 
 ----> amount 476 1 0.540549 0.459451 
 ----> amount 477 1 0.529936 0.470064 
 ----> amount 478 1 0.545342 0.454658 
 ----> amount 479 0 0.568669 0.431331 
 ----> amount 480 0 0.471053 0.528947 
 ----> amount 481 1 0.515954 0.484046 
 ----> amount 482 0 0.582452 0.417548 
 ----> amount 483 0 0.536559 0.463441 
 ----> amount 484 1 0.539279 0.460721 
 ----> amount 485 0 0.519261 0.480739 
 ----> amount 486 0 0.533595 0.466405 
 ----> amount 487 1 0.538096 0.461904 
 ----> amount 488 0 0.593748 0.406252 
 ----> amount 489 1 0.496622 0.503378 
 ----> amount 490 0 0.495771 0.504229 
 ----> amount 491 1 0.480529 0.519471 
 ----> amount 492 0 0.573002 0.426998 
 ----> amount 493 0 0.53342 0.46658 
 ----> amount 494 1 0.526859 0.473141 
 ----> amount 495 0 0.521193 0.478807 
 ----> amount 496 1 0.498561 0.501439 
 ----> amount 497 0 0.543712 0.456288 
 ----> amount 498 1 0.51817 0.48183 
 ----> amount 499 0 0.566609 0.433391 
 ----> amount 500 1 0.500375 0.499625 
 ----> amount 501 0 0.539265 0.460735 
 ----> amount 502 1 0.517632 0.482368 
 ----> amount 503 1 0.47477 0.52523 
 ----> amount 504 1 0.534952 0.465048 
 ----> amount 505 0 0.497041 0.502959 
 ----> amount 506 0 0.562608 0.437392 
 ----> amount 507 1 0.529459 0.470541 
 ----> amount 508 1 0.53556 0.46444 
 ----> amount 509 1 0.510153 0.489847 
 ----> amount 510 0 0.565136 0.434864 
 ----> amount 511 0 0.53413 0.46587 
 ----> amount 512 0 0.533918 0.466082 
 ----> amount 513 1 0.488756 0.511244 
 ----> amount 514 1 0.525677 0.474323 
 ----> amount 515 0 0.516792 0.483208 
 ----> amount 516 0 0.575786 0.424214 
 ----> amount 517 1 0.526582 0.473418 
 ----> amount 518 1 0.527518 0.472482 
 ----> amount 519 0 0.56478 0.43522 
 ----> amount 520 1 0.518525 0.481475 
 ----> amount 521 1 0.4967 0.5033 
 ----> amount 522 0 0.555723 0.444277 
 ----> amount 523 1 0.514537 0.485463 
 ----> amount 524 0 0.584568 0.415432 
 ----> amount 525 0 0.533079 0.466921 
 ----> amount 526 0 0.503993 0.496007 
 ----> amount 527 1 0.530214 0.469786 
 ----> amount 528 0 0.528065 0.471935 
 ----> amount 529 1 0.523801 0.476199 
 ----> amount 530 0 0.578776 0.421224 
 ----> amount 531 1 0.456474 0.543526 
 ----> amount 532 0 0.510104 0.489896 
 ----> amount 533 1 0.470672 0.529328 
 ----> amount 534 0 0.556942 0.443058 
 ----> amount 535 0 0.548694 0.451306 
 ----> amount 536 1 0.490648 0.509352 
 ----> amount 537 1 0.526285 0.473715 
 ----> amount 538 0 0.598934 0.401066 
 ----> amount 539 1 0.511944 0.488056 
 ----> amount 540 1 0.499092 0.500908 
 ----> amount 541 0 0.522398 0.477602 
 ----> amount 542 0 0.568638 0.431362 
 ----> amount 543 1 0.499573 0.500427 
 ----> amount 544 1 0.503018 0.496982 
 ----> amount 545 0 0.534537 0.465463 
 ----> amount 546 0 0.584187 0.415813 
 ----> amount 547 1 0.491791 0.508209 
 ----> amount 548 1 0.515618 0.484382 
 ----> amount 549 0 0.602093 0.397907 
 ----> amount 550 0 0.588995 0.411005 
 ----> amount 551 1 0.472678 0.527322 
 ----> amount 552 0 0.551113 0.448887 
 ----> amount 553 1 0.495591 0.504409 
 ----> amount 554 0 0.55611 0.44389 
 ----> amount 555 1 0.502927 0.497073 
 ----> amount 556 0 0.547604 0.452396 
 ----> amount 557 1 0.538826 0.461174 
 ----> amount 558 1 0.543816 0.456184 
 ----> amount 559 1 0.503643 0.496357 
 ----> amount 560 0 0.518952 0.481048 
 ----> amount 561 0 0.544809 0.455191 
 ----> amount 562 1 0.500058 0.499942 
 ----> amount 563 0 0.520612 0.479388 
 ----> amount 564 0 0.537106 0.462894 
 ----> amount 565 1 0.491746 0.508254 
 ----> amount 566 0 0.531064 0.468936 
 ----> amount 567 0 0.53654 0.46346 
 ----> amount 568 0 0.572546 0.427454 
 ----> amount 569 0 0.538944 0.461056 
 ----> amount 570 1 0.546615 0.453385 
 ----> amount 571 1 0.512093 0.487907 
 ----> amount 572 0 0.549799 0.450201 
 ----> amount 573 0 0.518154 0.481846 
 ----> amount 574 0 0.528812 0.471188 
 ----> amount 575 1 0.530416 0.469584 
 ----> amount 576 1 0.528586 0.471414 
 ----> amount 577 0 0.54284 0.45716 
 ----> amount 578 0 0.552409 0.447591 
 ----> amount 579 0 0.525843 0.474157 
 ----> amount 580 1 0.542882 0.457118 
 ----> amount 581 0 0.51361 0.48639 
 ----> amount 582 0 0.562402 0.437598 
 ----> amount 583 1 0.497092 0.502908 
 ----> amount 584 1 0.543058 0.456942 
 ----> amount 585 0 0.563322 0.436678 
 ----> amount 586 0 0.562358 0.437642 
 ----> amount 587 1 0.519463 0.480537 
 ----> amount 588 0 0.543809 0.456191 
 ----> amount 589 1 0.473994 0.526006 
 ----> amount 590 0 0.533703 0.466297 
 ----> amount 591 1 0.540665 0.459335 
 ----> amount 592 1 0.507598 0.492402 
 ----> amount 593 0 0.556064 0.443936 
 ----> amount 594 0 0.489185 0.510815 
 ----> amount 595 1 0.509235 0.490765 
 ----> amount 596 1 0.549533 0.450467 
 ----> amount 597 0 0.554497 0.445503 
 ----> amount 598 1 0.492165 0.507835 
 ----> amount 599 1 0.521151 0.478849 
 ----> amount 600 0 0.539068 0.460932 
 ----> amount 601 1 0.545264 0.454736 
 ----> amount 602 1 0.499682 0.500318 
 ----> amount 603 0 0.557968 0.442032 
 ----> amount 604 0 0.551944 0.448056 
 ----> amount 605 0 0.540553 0.459447 
 ----> amount 606 1 0.490918 0.509082 
 ----> amount 607 1 0.511062 0.488938 
 ----> amount 608 0 0.555887 0.444113 
 ----> amount 609 0 0.537017 0.462983 
 ----> amount 610 0 0.512544 0.487456 
 ----> amount 611 1 0.53133 0.46867 
 ----> amount 612 0 0.576804 0.423196 
 ----> amount 613 1 0.485012 0.514988 
 ----> amount 614 0 0.554985 0.445015 
 ----> amount 615 1 0.521152 0.478848 
 ----> amount 616 0 0.560582 0.439418 
 ----> amount 617 1 0.489904 0.510096 
 ----> amount 618 1 0.516025 0.483975 
 ----> amount 619 1 0.49097 0.50903 
 ----> amount 620 1 0.50026 0.49974 
 ----> amount 621 0 0.54722 0.45278 
 ----> amount 622 0 0.532968 0.467032 
 ----> amount 623 0 0.58351 0.41649 
 ----> amount 624 0 0.524636 0.475364 
 ----> amount 625 0 0.544517 0.455483 
 ----> amount 626 0 0.573208 0.426792 
 ----> amount 627 0 0.569399 0.430601 
 ----> amount 628 1 0.538555 0.461445 
 ----> amount 629 1 0.536687 0.463313 
 ----> amount 630 0 0.547243 0.452757 
 ----> amount 631 1 0.545398 0.454602 
 ----> amount 632 1 0.515196 0.484804 
 ----> amount 633 0 0.567142 0.432858 
 ----> amount 634 1 0.5288 0.4712 
 ----> amount 635 0 0.529501 0.470499 
 ----> amount 636 1 0.500605 0.499395 
 ----> amount 637 0 0.526574 0.473426 
 ----> amount 638 0 0.519351 0.480649 
 ----> amount 639 1 0.518903 0.481097 
 ----> amount 640 1 0.528453 0.471547 
 ----> amount 641 0 0.52874 0.47126 
 ----> amount 642 0 0.552105 0.447895 
 ----> amount 643 0 0.550932 0.449068 
 ----> amount 644 0 0.534429 0.465571 
 ----> amount 645 0 0.572245 0.427755 
 ----> amount 646 0 0.52006 0.47994 
 ----> amount 647 1 0.522929 0.477071 
 ----> amount 648 0 0.533971 0.466029 
 ----> amount 649 1 0.542246 0.457754 
 ----> amount 650 1 0.526226 0.473774 
 ----> amount 651 1 0.475229 0.524771 
 ----> amount 652 0 0.583556 0.416444 
 ----> amount 653 0 0.562877 0.437123 
 ----> amount 654 1 0.500575 0.499425 
 ----> amount 655 0 0.566503 0.433497 
 ----> amount 656 0 0.532139 0.467861 
 ----> amount 657 0 0.552979 0.447021 
 ----> amount 658 1 0.50965 0.49035 
 ----> amount 659 1 0.464744 0.535256 
 ----> amount 660 0 0.599272 0.400728 
 ----> amount 661 0 0.505493 0.494507 
 ----> amount 662 1 0.607369 0.392631 
 ----> amount 663 0 0.504045 0.495955 
 ----> amount 664 1 0.52152 0.47848 
 ----> amount 665 1 0.484846 0.515154 
 ----> amount 666 0 0.565348 0.434652 
 ----> amount 667 0 0.505734 0.494266 
 ----> amount 668 1 0.560974 0.439026 
 ----> amount 669 0 0.540896 0.459104 
 ----> amount 670 0 0.545731 0.454269 
 ----> amount 671 1 0.522223 0.477777 
 ----> amount 672 0 0.569996 0.430004 
 ----> amount 673 1 0.529159 0.470841 
 ----> amount 674 1 0.489481 0.510519 
 ----> amount 675 1 0.517567 0.482433 
 ----> amount 676 0 0.485217 0.514783 
 ----> amount 677 0 0.633198 0.366802 
 ----> amount 678 1 0.539054 0.460946 
 ----> amount 679 0 0.56317 0.43683 
 ----> amount 680 1 0.47982 0.52018 
 ----> amount 681 0 0.541999 0.458001 
 ----> amount 682 0 0.535704 0.464296 
 ----> amount 683 1 0.51108 0.48892 
 ----> amount 684 0 0.563112 0.436888 
 ----> amount 685 1 0.519629 0.480371 
 ----> amount 686 0 0.548014 0.451986 
 ----> amount 687 0 0.511092 0.488908 
 ----> amount 688 1 0.523384 0.476616 
 ----> amount 689 0 0.579185 0.420815 
 ----> amount 690 1 0.51959 0.48041 
 ----> amount 691 1 0.510356 0.489644 
 ----> amount 692 0 0.532427 0.467573 
 ----> amount 693 1 0.496661 0.503339 
 ----> amount 694 1 0.504714 0.495286 
 ----> amount 695 1 0.505446 0.494554 
 ----> amount 696 0 0.564319 0.435681 
 ----> amount 697 0 0.56317 0.43683 
 ----> amount 698 0 0.583524 0.416476 
 ----> amount 699 1 0.550196 0.449804 
 ----> amount 700 1 0.518542 0.481458 
 ----> amount 701 0 0.537631 0.462369 
 ----> amount 702 0 0.562029 0.437971 
 ----> amount 703 1 0.492021 0.507979 
 ----> amount 704 1 0.476462 0.523538 
 ----> amount 705 0 0.545198 0.454802 
 ----> amount 706 1 0.49983 0.50017 
 ----> amount 707 1 0.542337 0.457663 
 ----> amount 708 1 0.499635 0.500365 
 ----> amount 709 1 0.535404 0.464596 
 ----> amount 710 0 0.520183 0.479817 
 ----> amount 711 0 0.59184 0.40816 
 ----> amount 712 1 0.452377 0.547623 
 ----> amount 713 0 0.563959 0.436041 
 ----> amount 714 1 0.539554 0.460446 
 ----> amount 715 0 0.558118 0.441882 
 ----> amount 716 1 0.549674 0.450326 
 ----> amount 717 0 0.537038 0.462962 
 ----> amount 718 1 0.538787 0.461213 
