 ----> turn 1 1 0.539302 0.460698 
 ----> turn 2 0 0.598039 0.401961 
 ----> turn 3 1 0.564916 0.435084 
 ----> turn 4 0 0.633272 0.366728 
 ----> turn 5 0 0.575761 0.424239 
 ----> turn 6 1 0.638392 0.361608 
 ----> turn 7 0 0.52149 0.47851 
 ----> turn 8 0 0.68842 0.31158 
 ----> turn 9 1 0.384229 0.615771 
 ----> turn 10 1 0.36681 0.63319 
 ----> turn 11 0 0.644672 0.355328 
 ----> turn 12 0 0.602099 0.397901 
 ----> turn 13 0 0.549085 0.450915 
 ----> turn 14 1 0.546545 0.453455 
 ----> turn 15 0 0.504952 0.495048 
 ----> turn 16 1 0.510596 0.489404 
 ----> turn 17 1 0.551036 0.448964 
 ----> turn 18 0 0.643774 0.356226 
 ----> turn 19 1 0.555825 0.444175 
 ----> turn 20 0 0.528311 0.471689 
 ----> turn 21 0 0.574494 0.425506 
 ----> turn 22 1 0.536468 0.463532 
 ----> turn 23 0 0.544934 0.455066 
 ----> turn 24 0 0.5464 0.4536 
 ----> turn 25 1 0.54804 0.45196 
 ----> turn 26 0 0.530038 0.469962 
 ----> turn 27 1 0.548812 0.451188 
 ----> turn 28 1 0.549214 0.450786 
 ----> turn 29 0 0.587826 0.412174 
 ----> turn 30 0 0.670759 0.329241 
 ----> turn 31 0 0.562272 0.437728 
 ----> turn 32 0 0.554112 0.445888 
 ----> turn 33 1 0.433847 0.566153 
 ----> turn 34 0 0.522782 0.477218 
 ----> turn 35 1 0.512864 0.487136 
 ----> turn 36 0 0.545125 0.454875 
 ----> turn 37 0 0.602084 0.397916 
 ----> turn 38 1 0.493628 0.506372 
 ----> turn 39 1 0.528719 0.471281 
 ----> turn 40 1 0.536973 0.463027 
 ----> turn 41 0 0.628707 0.371293 
 ----> turn 42 0 0.612723 0.387277 
 ----> turn 43 0 0.522069 0.477931 
 ----> turn 44 0 0.577397 0.422603 
 ----> turn 45 1 0.470691 0.529309 
 ----> turn 46 1 0.557613 0.442387 
 ----> turn 47 0 0.547878 0.452122 
 ----> turn 48 0 0.575328 0.424672 
 ----> turn 49 1 0.572331 0.427669 
 ----> turn 50 1 0.541359 0.458641 
 ----> turn 51 1 0.536048 0.463952 
 ----> turn 52 0 0.595545 0.404455 
 ----> turn 53 1 0.495456 0.504544 
 ----> turn 54 1 0.573708 0.426292 
 ----> turn 55 0 0.517578 0.482422 
 ----> turn 56 0 0.579337 0.420663 
 ----> turn 57 1 0.524649 0.475351 
 ----> turn 58 0 0.561971 0.438029 
 ----> turn 59 1 0.530045 0.469955 
 ----> turn 60 1 0.535059 0.464941 
 ----> turn 61 0 0.575444 0.424556 
 ----> turn 62 1 0.51856 0.48144 
 ----> turn 63 0 0.613454 0.386546 
 ----> turn 64 1 0.523675 0.476325 
 ----> turn 65 0 0.598124 0.401876 
 ----> turn 66 1 0.521196 0.478804 
 ----> turn 67 0 0.583472 0.416528 
 ----> turn 68 0 0.5407 0.4593 
 ----> turn 69 1 0.54663 0.45337 
 ----> turn 70 0 0.54699 0.45301 
 ----> turn 71 0 0.612217 0.387783 
 ----> turn 72 0 0.526621 0.473379 
 ----> turn 73 1 0.56962 0.43038 
 ----> turn 74 1 0.529939 0.470061 
 ----> turn 75 0 0.539313 0.460687 
 ----> turn 76 0 0.533927 0.466073 
 ----> turn 77 0 0.563091 0.436909 
 ----> turn 78 1 0.521834 0.478166 
 ----> turn 79 0 0.59067 0.40933 
 ----> turn 80 1 0.521223 0.478777 
 ----> turn 81 1 0.552998 0.447002 
 ----> turn 82 1 0.492163 0.507837 
 ----> turn 83 0 0.552479 0.447521 
 ----> turn 84 1 0.513063 0.486937 
 ----> turn 85 0 0.584349 0.415651 
 ----> turn 86 0 0.520137 0.479863 
 ----> turn 87 0 0.560249 0.439751 
 ----> turn 88 0 0.550353 0.449647 
 ----> turn 89 0 0.589714 0.410286 
 ----> turn 90 1 0.519542 0.480458 
 ----> turn 91 0 0.587914 0.412086 
 ----> turn 92 1 0.513564 0.486436 
 ----> turn 93 0 0.64553 0.35447 
 ----> turn 94 1 0.45442 0.54558 
 ----> turn 95 0 0.571221 0.428779 
 ----> turn 96 1 0.569094 0.430906 
 ----> turn 97 0 0.572666 0.427334 
 ----> turn 98 0 0.548172 0.451828 
 ----> turn 99 1 0.559777 0.440223 
 ----> turn 100 0 0.633358 0.366642 
 ----> turn 101 1 0.516158 0.483842 
 ----> turn 102 1 0.538574 0.461426 
 ----> turn 103 0 0.593423 0.406577 
 ----> turn 104 0 0.560709 0.439291 
 ----> turn 105 0 0.585499 0.414501 
 ----> turn 106 0 0.546715 0.453285 
 ----> turn 107 0 0.558201 0.441799 
 ----> turn 108 1 0.552301 0.447699 
 ----> turn 109 0 0.541088 0.458912 
 ----> turn 110 0 0.56815 0.43185 
 ----> turn 111 1 0.529382 0.470618 
 ----> turn 112 0 0.58227 0.41773 
 ----> turn 113 1 0.551436 0.448564 
 ----> turn 114 0 0.52496 0.47504 
 ----> turn 115 0 0.511479 0.488521 
 ----> turn 116 1 0.533801 0.466199 
 ----> turn 117 1 0.535539 0.464461 
 ----> turn 118 0 0.600567 0.399433 
 ----> turn 119 0 0.566998 0.433002 
 ----> turn 120 0 0.526146 0.473854 
 ----> turn 121 0 0.587291 0.412709 
 ----> turn 122 0 0.563171 0.436829 
 ----> turn 123 1 0.535726 0.464274 
 ----> turn 124 1 0.545908 0.454092 
 ----> turn 125 0 0.578694 0.421306 
 ----> turn 126 1 0.533975 0.466025 
 ----> turn 127 0 0.588717 0.411283 
 ----> turn 128 1 0.515346 0.484654 
 ----> turn 129 0 0.591231 0.408769 
 ----> turn 130 0 0.558853 0.441147 
 ----> turn 131 0 0.558207 0.441793 
 ----> turn 132 1 0.448608 0.551392 
 ----> turn 133 0 0.531065 0.468935 
 ----> turn 134 1 0.455198 0.544802 
 ----> turn 135 1 0.549091 0.450909 
 ----> turn 136 0 0.5589 0.4411 
 ----> turn 137 0 0.559239 0.440761 
 ----> turn 138 0 0.585926 0.414074 
 ----> turn 139 0 0.574841 0.425159 
 ----> turn 140 0 0.592423 0.407577 
 ----> turn 141 1 0.404471 0.595529 
 ----> turn 142 0 0.600705 0.399295 
 ----> turn 143 1 0.567011 0.432989 
 ----> turn 144 0 0.565712 0.434288 
 ----> turn 145 0 0.551985 0.448015 
 ----> turn 146 1 0.523318 0.476682 
 ----> turn 147 0 0.497693 0.502307 
 ----> turn 148 1 0.565063 0.434937 
 ----> turn 149 1 0.557963 0.442037 
 ----> turn 150 0 0.550028 0.449972 
 ----> turn 151 0 0.674955 0.325045 
 ----> turn 152 0 0.639969 0.360031 
 ----> turn 153 0 0.59852 0.40148 
 ----> turn 154 1 0.565408 0.434592 
 ----> turn 155 0 0.540922 0.459078 
 ----> turn 156 1 0.508384 0.491616 
 ----> turn 157 1 0.512035 0.487965 
 ----> turn 158 0 0.550739 0.449261 
 ----> turn 159 0 0.550206 0.449794 
 ----> turn 160 0 0.583238 0.416762 
 ----> turn 161 0 0.569281 0.430719 
 ----> turn 162 0 0.503309 0.496691 
 ----> turn 163 1 0.539888 0.460112 
 ----> turn 164 0 0.578813 0.421187 
 ----> turn 165 1 0.509332 0.490668 
 ----> turn 166 0 0.590171 0.409829 
 ----> turn 167 1 0.474818 0.525182 
 ----> turn 168 0 0.583906 0.416094 
 ----> turn 169 1 0.516586 0.483414 
 ----> turn 170 1 0.566038 0.433962 
 ----> turn 171 1 0.441331 0.558669 
 ----> turn 172 0 0.674096 0.325904 
 ----> turn 173 1 0.445665 0.554335 
 ----> turn 174 0 0.581677 0.418323 
 ----> turn 175 1 0.561173 0.438827 
 ----> turn 176 0 0.543866 0.456134 
 ----> turn 177 0 0.581613 0.418387 
 ----> turn 178 0 0.595476 0.404524 
 ----> turn 179 1 0.459047 0.540953 
 ----> turn 180 1 0.549609 0.450391 
 ----> turn 181 1 0.46799 0.53201 
 ----> turn 182 1 0.569158 0.430842 
 ----> turn 183 0 0.559512 0.440488 
 ----> turn 184 1 0.529588 0.470412 
 ----> turn 185 0 0.536145 0.463855 
 ----> turn 186 0 0.579923 0.420077 
 ----> turn 187 0 0.535644 0.464356 
 ----> turn 188 0 0.598102 0.401898 
 ----> turn 189 1 0.521839 0.478161 
 ----> turn 190 0 0.600879 0.399121 
 ----> turn 191 0 0.571945 0.428055 
 ----> turn 192 1 0.529193 0.470807 
 ----> turn 193 0 0.561392 0.438608 
 ----> turn 194 0 0.600119 0.399881 
 ----> turn 195 1 0.530641 0.469359 
 ----> turn 196 1 0.515375 0.484625 
 ----> turn 197 0 0.599502 0.400498 
 ----> turn 198 1 0.543651 0.456349 
 ----> turn 199 0 0.580891 0.419109 
 ----> turn 200 0 0.510323 0.489677 
 ----> turn 201 1 0.583684 0.416316 
 ----> turn 202 1 0.563106 0.436894 
 ----> turn 203 0 0.554249 0.445751 
 ----> turn 204 1 0.557239 0.442761 
 ----> turn 205 0 0.574794 0.425206 
 ----> turn 206 1 0.560831 0.439169 
 ----> turn 207 1 0.541661 0.458339 
 ----> turn 208 0 0.493974 0.506026 
 ----> turn 209 0 0.527644 0.472356 
 ----> turn 210 1 0.524103 0.475897 
 ----> turn 211 0 0.602015 0.397985 
 ----> turn 212 1 0.538706 0.461294 
 ----> turn 213 0 0.565277 0.434723 
 ----> turn 214 0 0.575933 0.424067 
 ----> turn 215 1 0.537852 0.462148 
 ----> turn 216 0 0.547198 0.452802 
 ----> turn 217 1 0.484857 0.515143 
 ----> turn 218 1 0.574405 0.425595 
 ----> turn 219 0 0.548745 0.451255 
 ----> turn 220 1 0.549134 0.450866 
 ----> turn 221 1 0.498927 0.501073 
 ----> turn 222 1 0.499937 0.500063 
 ----> turn 223 0 0.516343 0.483657 
 ----> turn 224 0 0.595302 0.404698 
 ----> turn 225 1 0.453736 0.546264 
 ----> turn 226 0 0.539721 0.460279 
 ----> turn 227 0 0.577874 0.422126 
 ----> turn 228 0 0.576262 0.423738 
 ----> turn 229 0 0.509694 0.490306 
 ----> turn 230 1 0.555686 0.444314 
 ----> turn 231 1 0.542544 0.457456 
 ----> turn 232 0 0.592161 0.407839 
 ----> turn 233 0 0.574638 0.425362 
 ----> turn 234 1 0.508194 0.491806 
 ----> turn 235 1 0.519672 0.480328 
 ----> turn 236 1 0.552867 0.447133 
 ----> turn 237 0 0.525005 0.474995 
 ----> turn 238 1 0.546628 0.453372 
 ----> turn 239 0 0.553026 0.446974 
 ----> turn 240 1 0.525579 0.474421 
 ----> turn 241 0 0.550064 0.449936 
 ----> turn 242 1 0.556585 0.443415 
 ----> turn 243 0 0.611738 0.388262 
 ----> turn 244 1 0.592713 0.407287 
 ----> turn 245 0 0.563263 0.436737 
 ----> turn 246 1 0.444266 0.555734 
 ----> turn 247 0 0.598057 0.401943 
 ----> turn 248 0 0.556948 0.443052 
 ----> turn 249 1 0.501723 0.498277 
 ----> turn 250 1 0.50662 0.49338 
 ----> turn 251 1 0.54363 0.45637 
 ----> turn 252 0 0.578204 0.421796 
 ----> turn 253 1 0.514753 0.485247 
 ----> turn 254 0 0.530505 0.469495 
 ----> turn 255 0 0.598158 0.401842 
 ----> turn 256 0 0.607725 0.392275 
 ----> turn 257 1 0.522473 0.477527 
 ----> turn 258 0 0.585284 0.414716 
 ----> turn 259 0 0.648185 0.351815 
 ----> turn 260 1 0.520855 0.479145 
 ----> turn 261 1 0.512369 0.487631 
 ----> turn 262 1 0.542573 0.457427 
 ----> turn 263 0 0.566933 0.433067 
 ----> turn 264 1 0.453969 0.546031 
 ----> turn 265 1 0.494579 0.505421 
 ----> turn 266 0 0.592088 0.407912 
 ----> turn 267 1 0.486347 0.513653 
 ----> turn 268 0 0.575815 0.424185 
 ----> turn 269 0 0.566528 0.433472 
 ----> turn 270 0 0.585869 0.414131 
 ----> turn 271 1 0.54467 0.45533 
 ----> turn 272 0 0.579644 0.420356 
 ----> turn 273 1 0.506317 0.493683 
 ----> turn 274 0 0.539518 0.460482 
 ----> turn 275 1 0.551623 0.448377 
 ----> turn 276 0 0.530587 0.469413 
 ----> turn 277 0 0.570469 0.429531 
 ----> turn 278 0 0.592892 0.407108 
 ----> turn 279 1 0.508644 0.491356 
 ----> turn 280 0 0.556075 0.443925 
 ----> turn 281 0 0.546972 0.453028 
 ----> turn 282 1 0.483253 0.516747 
 ----> turn 283 0 0.617436 0.382564 
 ----> turn 284 0 0.55154 0.44846 
 ----> turn 285 0 0.554397 0.445603 
 ----> turn 286 1 0.524426 0.475574 
 ----> turn 287 1 0.521174 0.478826 
 ----> turn 288 1 0.515855 0.484145 
 ----> turn 289 0 0.540765 0.459235 
 ----> turn 290 0 0.568318 0.431682 
 ----> turn 291 1 0.494728 0.505272 
 ----> turn 292 0 0.535912 0.464088 
 ----> turn 293 1 0.515373 0.484627 
 ----> turn 294 1 0.514843 0.485157 
 ----> turn 295 0 0.57026 0.42974 
 ----> turn 296 1 0.499344 0.500656 
 ----> turn 297 0 0.552097 0.447903 
 ----> turn 298 1 0.484694 0.515306 
 ----> turn 299 0 0.54957 0.45043 
 ----> turn 300 0 0.571645 0.428355 
 ----> turn 301 0 0.593754 0.406246 
 ----> turn 302 1 0.496124 0.503876 
 ----> turn 303 1 0.539557 0.460443 
 ----> turn 304 0 0.550131 0.449869 
 ----> turn 305 1 0.511556 0.488444 
 ----> turn 306 0 0.571881 0.428119 
 ----> turn 307 0 0.533118 0.466882 
 ----> turn 308 1 0.5515 0.4485 
 ----> turn 309 0 0.547824 0.452176 
 ----> turn 310 1 0.48918 0.51082 
 ----> turn 311 0 0.583715 0.416285 
 ----> turn 312 1 0.494459 0.505541 
 ----> turn 313 0 0.565466 0.434534 
 ----> turn 314 0 0.613584 0.386416 
 ----> turn 315 0 0.520843 0.479157 
 ----> turn 316 1 0.557691 0.442309 
 ----> turn 317 1 0.503824 0.496176 
 ----> turn 318 0 0.603127 0.396873 
 ----> turn 319 1 0.548699 0.451301 
 ----> turn 320 1 0.537382 0.462618 
 ----> turn 321 1 0.457874 0.542126 
 ----> turn 322 0 0.616764 0.383236 
 ----> turn 323 0 0.608351 0.391649 
 ----> turn 324 1 0.53853 0.46147 
 ----> turn 325 0 0.559165 0.440835 
 ----> turn 326 0 0.600325 0.399675 
 ----> turn 327 1 0.540714 0.459286 
 ----> turn 328 0 0.554737 0.445263 
 ----> turn 329 0 0.578028 0.421972 
 ----> turn 330 1 0.540037 0.459963 
 ----> turn 331 0 0.42276 0.57724 
 ----> turn 332 0 0.574986 0.425014 
 ----> turn 333 1 0.487724 0.512276 
 ----> turn 334 1 0.569514 0.430486 
 ----> turn 335 0 0.55927 0.44073 
 ----> turn 336 1 0.519918 0.480082 
 ----> turn 337 0 0.583237 0.416763 
 ----> turn 338 1 0.481272 0.518728 
 ----> turn 339 0 0.582293 0.417707 
 ----> turn 340 1 0.453772 0.546228 
 ----> turn 341 0 0.62382 0.37618 
 ----> turn 342 1 0.543426 0.456574 
 ----> turn 343 0 0.530287 0.469713 
 ----> turn 344 0 0.597999 0.402001 
 ----> turn 345 0 0.583816 0.416184 
 ----> turn 346 1 0.552082 0.447918 
 ----> turn 347 0 0.554046 0.445954 
 ----> turn 348 0 0.629902 0.370098 
 ----> turn 349 1 0.500159 0.499841 
 ----> turn 350 1 0.483643 0.516357 
 ----> turn 351 0 0.56196 0.43804 
 ----> turn 352 0 0.597471 0.402529 
 ----> turn 353 1 0.528598 0.471402 
 ----> turn 354 0 0.573043 0.426957 
 ----> turn 355 1 0.503562 0.496438 
 ----> turn 356 1 0.466333 0.533667 
 ----> turn 357 1 0.539068 0.460932 
 ----> turn 358 0 0.590109 0.409891 
 ----> turn 359 0 0.585915 0.414085 
 ----> turn 360 1 0.55412 0.44588 
 ----> turn 361 1 0.506992 0.493008 
 ----> turn 362 0 0.591081 0.408919 
 ----> turn 363 0 0.563563 0.436437 
 ----> turn 364 0 0.597399 0.402601 
 ----> turn 365 0 0.591727 0.408273 
 ----> turn 366 1 0.495078 0.504922 
 ----> turn 367 0 0.512591 0.487409 
 ----> turn 368 0 0.588406 0.411594 
 ----> turn 369 0 0.498502 0.501498 
 ----> turn 370 1 0.470032 0.529968 
 ----> turn 371 0 0.521517 0.478483 
 ----> turn 372 1 0.523385 0.476615 
 ----> turn 373 0 0.618843 0.381157 
 ----> turn 374 0 0.554219 0.445781 
 ----> turn 375 1 0.522267 0.477733 
 ----> turn 376 0 0.547324 0.452676 
 ----> turn 377 1 0.558247 0.441753 
 ----> turn 378 1 0.493837 0.506163 
 ----> turn 379 0 0.596404 0.403596 
 ----> turn 380 0 0.502582 0.497418 
 ----> turn 381 1 0.530234 0.469766 
 ----> turn 382 1 0.513875 0.486125 
 ----> turn 383 1 0.568658 0.431342 
 ----> turn 384 0 0.490295 0.509705 
 ----> turn 385 1 0.524281 0.475719 
 ----> turn 386 0 0.557446 0.442554 
 ----> turn 387 1 0.518669 0.481331 
 ----> turn 388 1 0.564663 0.435337 
 ----> turn 389 0 0.592804 0.407196 
 ----> turn 390 0 0.509523 0.490477 
 ----> turn 391 0 0.556386 0.443614 
 ----> turn 392 1 0.501039 0.498961 
 ----> turn 393 1 0.503672 0.496328 
 ----> turn 394 1 0.557268 0.442732 
 ----> turn 395 0 0.528742 0.471258 
 ----> turn 396 0 0.592206 0.407794 
 ----> turn 397 0 0.570546 0.429454 
 ----> turn 398 1 0.494876 0.505124 
 ----> turn 399 1 0.535644 0.464356 
 ----> turn 400 1 0.519998 0.480002 
 ----> turn 401 0 0.612151 0.387849 
 ----> turn 402 0 0.621515 0.378485 
 ----> turn 403 0 0.596981 0.403019 
 ----> turn 404 1 0.481423 0.518577 
 ----> turn 405 1 0.553397 0.446603 
 ----> turn 406 1 0.492122 0.507878 
 ----> turn 407 1 0.5069 0.4931 
 ----> turn 408 0 0.56367 0.43633 
 ----> turn 409 0 0.518897 0.481103 
 ----> turn 410 0 0.55877 0.44123 
 ----> turn 411 0 0.593309 0.406691 
 ----> turn 412 1 0.511095 0.488905 
 ----> turn 413 1 0.512995 0.487005 
 ----> turn 414 0 0.554344 0.445656 
 ----> turn 415 1 0.507827 0.492173 
 ----> turn 416 0 0.618111 0.381889 
 ----> turn 417 0 0.536565 0.463435 
 ----> turn 418 1 0.550296 0.449704 
 ----> turn 419 1 0.479544 0.520456 
 ----> turn 420 1 0.560901 0.439099 
 ----> turn 421 0 0.528079 0.471921 
 ----> turn 422 0 0.559466 0.440534 
 ----> turn 423 1 0.523654 0.476346 
 ----> turn 424 0 0.577722 0.422278 
 ----> turn 425 0 0.558983 0.441017 
 ----> turn 426 1 0.505008 0.494992 
 ----> turn 427 0 0.548572 0.451428 
 ----> turn 428 0 0.585943 0.414057 
 ----> turn 429 0 0.495137 0.504863 
 ----> turn 430 0 0.602156 0.397844 
 ----> turn 431 1 0.473275 0.526725 
 ----> turn 432 1 0.530465 0.469535 
 ----> turn 433 1 0.570344 0.429656 
 ----> turn 434 0 0.55552 0.44448 
 ----> turn 435 1 0.485755 0.514245 
 ----> turn 436 0 0.548627 0.451373 
 ----> turn 437 0 0.577755 0.422245 
 ----> turn 438 0 0.508277 0.491723 
 ----> turn 439 0 0.529683 0.470317 
 ----> turn 440 1 0.435867 0.564133 
 ----> turn 441 0 0.65474 0.34526 
 ----> turn 442 1 0.537978 0.462022 
 ----> turn 443 1 0.425444 0.574556 
 ----> turn 444 0 0.536353 0.463647 
 ----> turn 445 1 0.558972 0.441028 
 ----> turn 446 0 0.546326 0.453674 
 ----> turn 447 0 0.594517 0.405483 
 ----> turn 448 1 0.53189 0.46811 
 ----> turn 449 1 0.553398 0.446602 
 ----> turn 450 0 0.572199 0.427801 
 ----> turn 451 0 0.560101 0.439899 
 ----> turn 452 1 0.49929 0.50071 
 ----> turn 453 0 0.53782 0.46218 
 ----> turn 454 1 0.523981 0.476019 
 ----> turn 455 0 0.546964 0.453036 
 ----> turn 456 0 0.588887 0.411113 
 ----> turn 457 0 0.545702 0.454298 
 ----> turn 458 1 0.502399 0.497601 
 ----> turn 459 0 0.499543 0.500457 
 ----> turn 460 1 0.514743 0.485257 
 ----> turn 461 1 0.543185 0.456815 
 ----> turn 462 0 0.584826 0.415174 
 ----> turn 463 1 0.499938 0.500062 
 ----> turn 464 0 0.584957 0.415043 
 ----> turn 465 1 0.488129 0.511871 
 ----> turn 466 0 0.574852 0.425148 
 ----> turn 467 1 0.56787 0.43213 
 ----> turn 468 0 0.558748 0.441252 
 ----> turn 469 1 0.543254 0.456746 
 ----> turn 470 0 0.589127 0.410873 
 ----> turn 471 1 0.521639 0.478361 
 ----> turn 472 0 0.532493 0.467507 
 ----> turn 473 1 0.493107 0.506893 
 ----> turn 474 0 0.557501 0.442499 
 ----> turn 475 0 0.534225 0.465775 
 ----> turn 476 1 0.492217 0.507783 
 ----> turn 477 1 0.531498 0.468502 
 ----> turn 478 1 0.569905 0.430095 
 ----> turn 479 0 0.592045 0.407955 
 ----> turn 480 0 0.532941 0.467059 
 ----> turn 481 1 0.559845 0.440155 
 ----> turn 482 0 0.566516 0.433484 
 ----> turn 483 0 0.550027 0.449973 
 ----> turn 484 1 0.514759 0.485241 
 ----> turn 485 0 0.55962 0.44038 
 ----> turn 486 0 0.522672 0.477328 
 ----> turn 487 1 0.501823 0.498177 
 ----> turn 488 0 0.560368 0.439632 
 ----> turn 489 1 0.550695 0.449305 
 ----> turn 490 0 0.572898 0.427102 
 ----> turn 491 1 0.531182 0.468818 
 ----> turn 492 0 0.551824 0.448176 
 ----> turn 493 0 0.578705 0.421295 
 ----> turn 494 1 0.484133 0.515867 
 ----> turn 495 0 0.54967 0.45033 
 ----> turn 496 1 0.517949 0.482051 
 ----> turn 497 0 0.59538 0.40462 
 ----> turn 498 1 0.526325 0.473675 
 ----> turn 499 0 0.523928 0.476072 
 ----> turn 500 1 0.516263 0.483737 
 ----> turn 501 0 0.583277 0.416723 
 ----> turn 502 1 0.533551 0.466449 
 ----> turn 503 1 0.49798 0.50202 
 ----> turn 504 1 0.51392 0.48608 
 ----> turn 505 0 0.558156 0.441844 
 ----> turn 506 0 0.578946 0.421054 
 ----> turn 507 1 0.523681 0.476319 
 ----> turn 508 1 0.496496 0.503504 
 ----> turn 509 1 0.454937 0.545063 
 ----> turn 510 0 0.538669 0.461331 
 ----> turn 511 0 0.622461 0.377539 
 ----> turn 512 0 0.53203 0.46797 
 ----> turn 513 1 0.556252 0.443748 
 ----> turn 514 1 0.514663 0.485337 
 ----> turn 515 0 0.541228 0.458772 
 ----> turn 516 0 0.545237 0.454763 
 ----> turn 517 1 0.487236 0.512764 
 ----> turn 518 1 0.507654 0.492346 
 ----> turn 519 0 0.538654 0.461346 
 ----> turn 520 1 0.442223 0.557777 
 ----> turn 521 1 0.561787 0.438213 
 ----> turn 522 0 0.594812 0.405188 
 ----> turn 523 1 0.502687 0.497313 
 ----> turn 524 0 0.532356 0.467644 
 ----> turn 525 0 0.561674 0.438326 
 ----> turn 526 0 0.550787 0.449213 
 ----> turn 527 1 0.492403 0.507597 
 ----> turn 528 0 0.576839 0.423161 
 ----> turn 529 1 0.512554 0.487446 
 ----> turn 530 0 0.577602 0.422398 
 ----> turn 531 1 0.503639 0.496361 
 ----> turn 532 0 0.582937 0.417063 
 ----> turn 533 1 0.498967 0.501033 
 ----> turn 534 0 0.60271 0.39729 
 ----> turn 535 0 0.581237 0.418763 
 ----> turn 536 1 0.539949 0.460051 
 ----> turn 537 1 0.476923 0.523077 
 ----> turn 538 0 0.579914 0.420086 
 ----> turn 539 1 0.470169 0.529831 
 ----> turn 540 1 0.499194 0.500806 
 ----> turn 541 0 0.585955 0.414045 
 ----> turn 542 0 0.49004 0.50996 
 ----> turn 543 1 0.521436 0.478564 
 ----> turn 544 1 0.556886 0.443114 
 ----> turn 545 0 0.520247 0.479753 
 ----> turn 546 0 0.565136 0.434864 
 ----> turn 547 1 0.553045 0.446955 
 ----> turn 548 1 0.443466 0.556534 
 ----> turn 549 0 0.592146 0.407854 
 ----> turn 550 0 0.643032 0.356968 
 ----> turn 551 1 0.54659 0.45341 
 ----> turn 552 0 0.611048 0.388952 
 ----> turn 553 1 0.526178 0.473822 
 ----> turn 554 0 0.592575 0.407425 
 ----> turn 555 0 0.541817 0.458183 
 ----> turn 556 0 0.541362 0.458638 
 ----> turn 557 1 0.530892 0.469108 
 ----> turn 558 1 0.499789 0.500211 
 ----> turn 559 1 0.567412 0.432588 
 ----> turn 560 0 0.549434 0.450566 
 ----> turn 561 0 0.575357 0.424643 
 ----> turn 562 1 0.524987 0.475013 
 ----> turn 563 0 0.589207 0.410793 
 ----> turn 564 0 0.578345 0.421655 
 ----> turn 565 1 0.522023 0.477977 
 ----> turn 566 0 0.521765 0.478235 
 ----> turn 567 0 0.545389 0.454611 
 ----> turn 568 0 0.585171 0.414829 
 ----> turn 569 0 0.627798 0.372202 
 ----> turn 570 1 0.522399 0.477601 
 ----> turn 571 1 0.543983 0.456017 
 ----> turn 572 0 0.582514 0.417486 
 ----> turn 573 0 0.539015 0.460985 
 ----> turn 574 0 0.549579 0.450421 
 ----> turn 575 1 0.530187 0.469813 
 ----> turn 576 1 0.530345 0.469655 
 ----> turn 577 0 0.54873 0.45127 
 ----> turn 578 0 0.546669 0.453331 
 ----> turn 579 0 0.585423 0.414577 
 ----> turn 580 1 0.552451 0.447549 
 ----> turn 581 0 0.543716 0.456284 
 ----> turn 582 0 0.603161 0.396839 
 ----> turn 583 1 0.474794 0.525206 
 ----> turn 584 1 0.579212 0.420788 
 ----> turn 585 0 0.505892 0.494108 
 ----> turn 586 0 0.552369 0.447631 
 ----> turn 587 1 0.506635 0.493365 
 ----> turn 588 1 0.539935 0.460065 
 ----> turn 589 1 0.503336 0.496664 
 ----> turn 590 0 0.512181 0.487819 
 ----> turn 591 1 0.510636 0.489364 
 ----> turn 592 1 0.491187 0.508813 
 ----> turn 593 0 0.548817 0.451183 
 ----> turn 594 0 0.551874 0.448126 
 ----> turn 595 1 0.474075 0.525925 
 ----> turn 596 1 0.547883 0.452117 
 ----> turn 597 0 0.57063 0.42937 
 ----> turn 598 1 0.587773 0.412227 
 ----> turn 599 1 0.497326 0.502674 
 ----> turn 600 0 0.573411 0.426589 
 ----> turn 601 1 0.490082 0.509918 
 ----> turn 602 1 0.530937 0.469063 
 ----> turn 603 0 0.552489 0.447511 
 ----> turn 604 0 0.587058 0.412942 
 ----> turn 605 0 0.528412 0.471588 
 ----> turn 606 1 0.524064 0.475936 
 ----> turn 607 1 0.5308 0.4692 
 ----> turn 608 0 0.590588 0.409412 
 ----> turn 609 0 0.61494 0.38506 
 ----> turn 610 0 0.610242 0.389758 
 ----> turn 611 1 0.461819 0.538181 
 ----> turn 612 0 0.571242 0.428758 
 ----> turn 613 1 0.541955 0.458045 
 ----> turn 614 0 0.577584 0.422416 
 ----> turn 615 1 0.492109 0.507891 
 ----> turn 616 0 0.585991 0.414009 
 ----> turn 617 1 0.497922 0.502078 
 ----> turn 618 1 0.520647 0.479353 
 ----> turn 619 1 0.498348 0.501652 
 ----> turn 620 1 0.525117 0.474883 
 ----> turn 621 0 0.566496 0.433504 
 ----> turn 622 0 0.536721 0.463279 
 ----> turn 623 0 0.505196 0.494804 
 ----> turn 624 0 0.575292 0.424708 
 ----> turn 625 0 0.494457 0.505543 
 ----> turn 626 0 0.611133 0.388867 
 ----> turn 627 0 0.561904 0.438096 
 ----> turn 628 1 0.561819 0.438181 
 ----> turn 629 1 0.484461 0.515539 
 ----> turn 630 0 0.549355 0.450645 
 ----> turn 631 1 0.447155 0.552845 
 ----> turn 632 1 0.52036 0.47964 
 ----> turn 633 0 0.511324 0.488676 
 ----> turn 634 1 0.550402 0.449598 
 ----> turn 635 0 0.604938 0.395062 
 ----> turn 636 1 0.497261 0.502739 
 ----> turn 637 0 0.550485 0.449515 
 ----> turn 638 0 0.525959 0.474041 
 ----> turn 639 1 0.496297 0.503703 
 ----> turn 640 1 0.537419 0.462581 
 ----> turn 641 0 0.567769 0.432231 
 ----> turn 642 0 0.530327 0.469673 
 ----> turn 643 0 0.563698 0.436302 
 ----> turn 644 0 0.527524 0.472476 
 ----> turn 645 0 0.529219 0.470781 
 ----> turn 646 0 0.602421 0.397579 
 ----> turn 647 1 0.532077 0.467923 
 ----> turn 648 0 0.53891 0.46109 
 ----> turn 649 1 0.464539 0.535461 
 ----> turn 650 1 0.495749 0.504251 
 ----> turn 651 1 0.509884 0.490116 
 ----> turn 652 0 0.540981 0.459019 
 ----> turn 653 1 0.613385 0.386615 
 ----> turn 654 1 0.51494 0.48506 
 ----> turn 655 0 0.603151 0.396849 
 ----> turn 656 0 0.526432 0.473568 
 ----> turn 657 0 0.551381 0.448619 
 ----> turn 658 1 0.58155 0.41845 
 ----> turn 659 1 0.529573 0.470427 
 ----> turn 660 0 0.526026 0.473974 
 ----> turn 661 0 0.528558 0.471442 
 ----> turn 662 1 0.576811 0.423189 
 ----> turn 663 0 0.488607 0.511393 
 ----> turn 664 1 0.520757 0.479243 
 ----> turn 665 1 0.498354 0.501646 
 ----> turn 666 0 0.499094 0.500906 
 ----> turn 667 0 0.517699 0.482301 
 ----> turn 668 1 0.549697 0.450303 
 ----> turn 669 0 0.585565 0.414435 
 ----> turn 670 0 0.539153 0.460847 
 ----> turn 671 1 0.477369 0.522631 
 ----> turn 672 0 0.550782 0.449218 
 ----> turn 673 1 0.517516 0.482484 
 ----> turn 674 1 0.54402 0.45598 
 ----> turn 675 1 0.520537 0.479463 
 ----> turn 676 0 0.495041 0.504959 
 ----> turn 677 0 0.563788 0.436212 
 ----> turn 678 1 0.517832 0.482168 
 ----> turn 679 0 0.537929 0.462071 
 ----> turn 680 1 0.49156 0.50844 
 ----> turn 681 0 0.565523 0.434477 
 ----> turn 682 0 0.588533 0.411467 
 ----> turn 683 1 0.442689 0.557311 
 ----> turn 684 0 0.582401 0.417599 
 ----> turn 685 1 0.465812 0.534188 
 ----> turn 686 0 0.55542 0.44458 
 ----> turn 687 0 0.581656 0.418344 
 ----> turn 688 1 0.513047 0.486953 
 ----> turn 689 0 0.555261 0.444739 
 ----> turn 690 0 0.586482 0.413518 
 ----> turn 691 1 0.548244 0.451756 
 ----> turn 692 0 0.557885 0.442115 
 ----> turn 693 1 0.410366 0.589634 
 ----> turn 694 1 0.461427 0.538573 
 ----> turn 695 1 0.552128 0.447872 
 ----> turn 696 0 0.561699 0.438301 
 ----> turn 697 0 0.522933 0.477067 
 ----> turn 698 0 0.528792 0.471208 
 ----> turn 699 1 0.560793 0.439207 
 ----> turn 700 1 0.552545 0.447455 
 ----> turn 701 0 0.587157 0.412843 
 ----> turn 702 0 0.498924 0.501076 
 ----> turn 703 1 0.525955 0.474045 
 ----> turn 704 1 0.51599 0.48401 
 ----> turn 705 0 0.533935 0.466065 
 ----> turn 706 1 0.460345 0.539655 
 ----> turn 707 1 0.572019 0.427981 
 ----> turn 708 1 0.500615 0.499385 
 ----> turn 709 1 0.553526 0.446474 
 ----> turn 710 0 0.521706 0.478294 
 ----> turn 711 0 0.606187 0.393813 
 ----> turn 712 1 0.468656 0.531344 
 ----> turn 713 0 0.601369 0.398631 
 ----> turn 714 1 0.537145 0.462855 
 ----> turn 715 0 0.596761 0.403239 
 ----> turn 716 1 0.605251 0.394749 
 ----> turn 717 0 0.522796 0.477204 
 ----> turn 718 1 0.57219 0.42781 
