 ----> turn 1 1 0.543613 0.456387 
 ----> turn 2 0 0.543613 0.456387 
 ----> turn 3 1 0.543613 0.456387 
 ----> turn 4 0 0.544317 0.455683 
 ----> turn 5 0 0.544317 0.455683 
 ----> turn 6 1 0.568932 0.431068 
 ----> turn 7 0 0.591819 0.408181 
 ----> turn 8 0 0.5369 0.4631 
 ----> turn 9 1 0.445622 0.554378 
 ----> turn 10 1 0.56286 0.43714 
 ----> turn 11 0 0.540924 0.459076 
 ----> turn 12 0 0.58931 0.41069 
 ----> turn 13 0 0.529272 0.470728 
 ----> turn 14 1 0.508755 0.491245 
 ----> turn 15 0 0.582497 0.417503 
 ----> turn 16 1 0.557077 0.442923 
 ----> turn 17 1 0.575744 0.424256 
 ----> turn 18 0 0.559887 0.440113 
 ----> turn 19 1 0.52101 0.47899 
 ----> turn 20 0 0.549771 0.450229 
 ----> turn 21 0 0.569729 0.430271 
 ----> turn 22 1 0.539265 0.460735 
 ----> turn 23 0 0.547316 0.452684 
 ----> turn 24 0 0.471325 0.528675 
 ----> turn 25 1 0.527566 0.472434 
 ----> turn 26 0 0.524757 0.475243 
 ----> turn 27 1 0.603082 0.396918 
 ----> turn 28 1 0.554294 0.445706 
 ----> turn 29 0 0.546706 0.453294 
 ----> turn 30 0 0.536624 0.463376 
 ----> turn 31 0 0.500598 0.499402 
 ----> turn 32 0 0.545249 0.454751 
 ----> turn 33 1 0.554294 0.445706 
 ----> turn 34 0 0.554604 0.445396 
 ----> turn 35 1 0.548712 0.451288 
 ----> turn 36 0 0.555514 0.444486 
 ----> turn 37 0 0.567482 0.432518 
 ----> turn 38 1 0.513249 0.486751 
 ----> turn 39 1 0.523424 0.476576 
 ----> turn 40 1 0.546239 0.453761 
 ----> turn 41 0 0.550748 0.449252 
 ----> turn 42 0 0.5367 0.4633 
 ----> turn 43 0 0.571262 0.428738 
 ----> turn 44 0 0.546526 0.453474 
 ----> turn 45 1 0.543643 0.456357 
 ----> turn 46 1 0.559771 0.440229 
 ----> turn 47 0 0.564935 0.435065 
 ----> turn 48 0 0.573284 0.426716 
 ----> turn 49 1 0.517043 0.482957 
 ----> turn 50 1 0.527847 0.472153 
 ----> turn 51 1 0.530657 0.469343 
 ----> turn 52 0 0.558241 0.441759 
 ----> turn 53 1 0.52749 0.47251 
 ----> turn 54 1 0.541783 0.458217 
 ----> turn 55 0 0.549716 0.450284 
 ----> turn 56 0 0.541613 0.458387 
 ----> turn 57 1 0.529673 0.470327 
 ----> turn 58 0 0.528188 0.471812 
 ----> turn 59 1 0.580245 0.419755 
 ----> turn 60 1 0.529143 0.470857 
 ----> turn 61 0 0.566049 0.433951 
 ----> turn 62 1 0.552734 0.447266 
 ----> turn 63 0 0.545209 0.454791 
 ----> turn 64 1 0.542386 0.457614 
 ----> turn 65 0 0.624545 0.375455 
 ----> turn 66 1 0.546472 0.453528 
 ----> turn 67 0 0.562006 0.437994 
 ----> turn 68 0 0.509306 0.490694 
 ----> turn 69 1 0.52538 0.47462 
 ----> turn 70 0 0.542657 0.457343 
 ----> turn 71 0 0.558731 0.441269 
 ----> turn 72 0 0.526662 0.473338 
 ----> turn 73 1 0.49333 0.50667 
 ----> turn 74 1 0.538045 0.461955 
 ----> turn 75 0 0.54832 0.45168 
 ----> turn 76 0 0.58481 0.41519 
 ----> turn 77 0 0.54755 0.45245 
 ----> turn 78 1 0.548797 0.451203 
 ----> turn 79 0 0.573254 0.426746 
 ----> turn 80 1 0.548286 0.451714 
 ----> turn 81 1 0.520199 0.479801 
 ----> turn 82 1 0.518118 0.481882 
 ----> turn 83 0 0.559025 0.440975 
 ----> turn 84 1 0.462831 0.537169 
 ----> turn 85 0 0.592665 0.407335 
 ----> turn 86 0 0.586511 0.413489 
 ----> turn 87 0 0.572132 0.427868 
 ----> turn 88 0 0.543151 0.456849 
 ----> turn 89 0 0.527819 0.472181 
 ----> turn 90 1 0.56133 0.43867 
 ----> turn 91 0 0.562029 0.437971 
 ----> turn 92 1 0.575772 0.424228 
 ----> turn 93 0 0.546747 0.453253 
 ----> turn 94 1 0.512905 0.487095 
 ----> turn 95 0 0.495114 0.504886 
 ----> turn 96 1 0.545799 0.454201 
 ----> turn 97 0 0.543856 0.456144 
 ----> turn 98 0 0.575582 0.424418 
 ----> turn 99 1 0.512934 0.487066 
 ----> turn 100 0 0.516751 0.483249 
 ----> turn 101 1 0.53268 0.46732 
 ----> turn 102 1 0.562959 0.437041 
 ----> turn 103 0 0.532198 0.467802 
 ----> turn 104 0 0.599431 0.400569 
 ----> turn 105 0 0.540475 0.459525 
 ----> turn 106 0 0.514306 0.485694 
 ----> turn 107 0 0.550062 0.449938 
 ----> turn 108 1 0.517953 0.482047 
 ----> turn 109 0 0.520433 0.479567 
 ----> turn 110 0 0.560096 0.439904 
 ----> turn 111 1 0.524211 0.475789 
 ----> turn 112 0 0.578651 0.421349 
 ----> turn 113 1 0.521944 0.478056 
 ----> turn 114 0 0.555915 0.444085 
 ----> turn 115 0 0.584102 0.415898 
 ----> turn 116 1 0.577729 0.422271 
 ----> turn 117 1 0.542633 0.457367 
 ----> turn 118 0 0.518357 0.481643 
 ----> turn 119 0 0.566215 0.433785 
 ----> turn 120 0 0.53896 0.46104 
 ----> turn 121 0 0.555892 0.444108 
 ----> turn 122 0 0.558076 0.441924 
 ----> turn 123 1 0.548207 0.451793 
 ----> turn 124 1 0.58319 0.41681 
 ----> turn 125 0 0.527304 0.472696 
 ----> turn 126 1 0.566311 0.433689 
 ----> turn 127 0 0.535985 0.464015 
 ----> turn 128 1 0.571327 0.428673 
 ----> turn 129 0 0.517423 0.482577 
 ----> turn 130 0 0.546197 0.453803 
 ----> turn 131 0 0.545281 0.454719 
 ----> turn 132 1 0.576438 0.423562 
 ----> turn 133 0 0.511659 0.488341 
 ----> turn 134 1 0.545845 0.454155 
 ----> turn 135 1 0.500956 0.499044 
 ----> turn 136 0 0.520714 0.479286 
 ----> turn 137 0 0.609087 0.390913 
 ----> turn 138 0 0.573825 0.426175 
 ----> turn 139 0 0.529691 0.470309 
 ----> turn 140 0 0.523788 0.476212 
 ----> turn 141 1 0.523472 0.476528 
 ----> turn 142 0 0.560394 0.439606 
 ----> turn 143 1 0.545947 0.454053 
 ----> turn 144 0 0.56935 0.43065 
 ----> turn 145 0 0.532247 0.467753 
 ----> turn 146 1 0.527363 0.472637 
 ----> turn 147 0 0.573095 0.426905 
 ----> turn 148 1 0.5439 0.4561 
 ----> turn 149 1 0.549468 0.450532 
 ----> turn 150 0 0.548922 0.451078 
 ----> turn 151 0 0.57817 0.42183 
 ----> turn 152 0 0.525261 0.474739 
 ----> turn 153 0 0.543753 0.456247 
 ----> turn 154 1 0.529992 0.470008 
 ----> turn 155 0 0.552938 0.447062 
 ----> turn 156 1 0.543123 0.456877 
 ----> turn 157 1 0.545017 0.454983 
 ----> turn 158 0 0.517708 0.482292 
 ----> turn 159 0 0.541061 0.458939 
 ----> turn 160 0 0.535489 0.464511 
 ----> turn 161 0 0.54072 0.45928 
 ----> turn 162 0 0.56331 0.43669 
 ----> turn 163 1 0.518772 0.481228 
 ----> turn 164 0 0.56409 0.43591 
 ----> turn 165 1 0.525775 0.474225 
 ----> turn 166 0 0.555319 0.444681 
 ----> turn 167 1 0.541299 0.458701 
 ----> turn 168 0 0.552046 0.447954 
 ----> turn 169 1 0.521219 0.478781 
 ----> turn 170 1 0.523723 0.476277 
 ----> turn 171 1 0.573275 0.426725 
 ----> turn 172 0 0.532421 0.467579 
 ----> turn 173 1 0.529261 0.470739 
 ----> turn 174 0 0.555197 0.444803 
 ----> turn 175 1 0.502944 0.497056 
 ----> turn 176 0 0.546274 0.453726 
 ----> turn 177 0 0.567246 0.432754 
 ----> turn 178 0 0.572302 0.427698 
 ----> turn 179 1 0.523773 0.476227 
 ----> turn 180 1 0.5354 0.4646 
 ----> turn 181 1 0.513927 0.486073 
 ----> turn 182 1 0.540504 0.459496 
 ----> turn 183 0 0.552447 0.447553 
 ----> turn 184 1 0.52708 0.47292 
 ----> turn 185 0 0.574034 0.425966 
 ----> turn 186 0 0.565871 0.434129 
 ----> turn 187 0 0.550129 0.449871 
 ----> turn 188 0 0.575437 0.424563 
 ----> turn 189 1 0.512069 0.487931 
 ----> turn 190 0 0.577776 0.422224 
 ----> turn 191 0 0.573868 0.426132 
 ----> turn 192 1 0.462207 0.537793 
 ----> turn 193 0 0.578135 0.421865 
 ----> turn 194 0 0.585321 0.414679 
 ----> turn 195 1 0.502579 0.497421 
 ----> turn 196 1 0.531846 0.468154 
 ----> turn 197 0 0.604109 0.395891 
 ----> turn 198 1 0.543274 0.456726 
 ----> turn 199 0 0.551111 0.448889 
 ----> turn 200 0 0.599107 0.400893 
 ----> turn 201 1 0.531312 0.468688 
 ----> turn 202 1 0.456935 0.543065 
 ----> turn 203 0 0.579517 0.420483 
 ----> turn 204 1 0.541085 0.458915 
 ----> turn 205 0 0.555476 0.444524 
 ----> turn 206 1 0.553813 0.446187 
 ----> turn 207 1 0.501293 0.498707 
 ----> turn 208 0 0.562581 0.437419 
 ----> turn 209 0 0.531453 0.468547 
 ----> turn 210 1 0.506556 0.493444 
 ----> turn 211 0 0.553345 0.446655 
 ----> turn 212 1 0.522654 0.477346 
 ----> turn 213 0 0.555556 0.444444 
 ----> turn 214 0 0.554564 0.445436 
 ----> turn 215 1 0.546666 0.453334 
 ----> turn 216 0 0.560123 0.439877 
 ----> turn 217 1 0.513457 0.486543 
 ----> turn 218 1 0.537333 0.462667 
 ----> turn 219 0 0.526631 0.473369 
 ----> turn 220 1 0.531327 0.468673 
 ----> turn 221 1 0.534821 0.465179 
 ----> turn 222 1 0.551957 0.448043 
 ----> turn 223 0 0.534645 0.465355 
 ----> turn 224 0 0.553364 0.446636 
 ----> turn 225 1 0.5786 0.4214 
 ----> turn 226 0 0.537774 0.462226 
 ----> turn 227 0 0.546242 0.453758 
 ----> turn 228 0 0.528296 0.471704 
 ----> turn 229 0 0.549574 0.450426 
 ----> turn 230 1 0.548778 0.451222 
 ----> turn 231 1 0.509656 0.490344 
 ----> turn 232 0 0.567736 0.432264 
 ----> turn 233 0 0.564725 0.435275 
 ----> turn 234 1 0.46064 0.53936 
 ----> turn 235 1 0.547126 0.452874 
 ----> turn 236 1 0.517366 0.482634 
 ----> turn 237 0 0.491247 0.508753 
 ----> turn 238 1 0.547872 0.452128 
 ----> turn 239 0 0.569558 0.430442 
 ----> turn 240 1 0.53364 0.46636 
 ----> turn 241 0 0.551894 0.448106 
 ----> turn 242 1 0.516099 0.483901 
 ----> turn 243 0 0.575873 0.424127 
 ----> turn 244 1 0.496374 0.503626 
 ----> turn 245 0 0.559048 0.440952 
 ----> turn 246 1 0.523212 0.476788 
 ----> turn 247 0 0.56434 0.43566 
 ----> turn 248 0 0.588644 0.411356 
 ----> turn 249 1 0.525685 0.474315 
 ----> turn 250 1 0.52245 0.47755 
 ----> turn 251 1 0.524918 0.475082 
 ----> turn 252 0 0.552884 0.447116 
 ----> turn 253 1 0.539289 0.460711 
 ----> turn 254 0 0.522044 0.477956 
 ----> turn 255 0 0.548158 0.451842 
 ----> turn 256 0 0.554565 0.445435 
 ----> turn 257 1 0.52092 0.47908 
 ----> turn 258 0 0.548663 0.451337 
 ----> turn 259 0 0.552323 0.447677 
 ----> turn 260 1 0.525622 0.474378 
 ----> turn 261 1 0.524602 0.475398 
 ----> turn 262 1 0.541178 0.458822 
 ----> turn 263 0 0.558981 0.441019 
 ----> turn 264 1 0.549658 0.450342 
 ----> turn 265 1 0.542223 0.457777 
 ----> turn 266 0 0.561525 0.438475 
 ----> turn 267 1 0.503679 0.496321 
 ----> turn 268 0 0.576279 0.423721 
 ----> turn 269 0 0.557815 0.442185 
 ----> turn 270 0 0.571308 0.428692 
 ----> turn 271 1 0.542428 0.457572 
 ----> turn 272 0 0.539841 0.460159 
 ----> turn 273 1 0.511054 0.488946 
 ----> turn 274 0 0.517611 0.482389 
 ----> turn 275 1 0.54349 0.45651 
 ----> turn 276 0 0.524793 0.475207 
 ----> turn 277 0 0.593672 0.406328 
 ----> turn 278 0 0.539928 0.460072 
 ----> turn 279 1 0.550489 0.449511 
 ----> turn 280 0 0.554385 0.445615 
 ----> turn 281 0 0.543299 0.456701 
 ----> turn 282 1 0.553733 0.446267 
 ----> turn 283 0 0.576193 0.423807 
 ----> turn 284 0 0.540262 0.459738 
 ----> turn 285 0 0.557147 0.442853 
 ----> turn 286 1 0.540331 0.459669 
 ----> turn 287 1 0.498628 0.501372 
 ----> turn 288 1 0.554727 0.445273 
 ----> turn 289 0 0.522189 0.477811 
 ----> turn 290 0 0.580246 0.419754 
 ----> turn 291 1 0.514078 0.485922 
 ----> turn 292 0 0.538458 0.461542 
 ----> turn 293 1 0.501959 0.498041 
 ----> turn 294 1 0.534821 0.465179 
 ----> turn 295 0 0.569202 0.430798 
 ----> turn 296 1 0.579516 0.420484 
 ----> turn 297 0 0.528584 0.471416 
 ----> turn 298 1 0.559651 0.440349 
 ----> turn 299 0 0.559778 0.440222 
 ----> turn 300 0 0.525519 0.474481 
 ----> turn 301 0 0.572254 0.427746 
 ----> turn 302 1 0.599319 0.400681 
 ----> turn 303 1 0.555524 0.444476 
 ----> turn 304 0 0.528511 0.471489 
 ----> turn 305 1 0.535645 0.464355 
 ----> turn 306 0 0.564883 0.435117 
 ----> turn 307 0 0.574231 0.425769 
 ----> turn 308 1 0.506649 0.493351 
 ----> turn 309 0 0.561281 0.438719 
 ----> turn 310 1 0.535838 0.464162 
 ----> turn 311 0 0.548617 0.451383 
 ----> turn 312 1 0.539304 0.460696 
 ----> turn 313 0 0.534656 0.465344 
 ----> turn 314 0 0.545168 0.454832 
 ----> turn 315 0 0.549605 0.450395 
 ----> turn 316 1 0.557651 0.442349 
 ----> turn 317 1 0.537065 0.462935 
 ----> turn 318 0 0.536284 0.463716 
 ----> turn 319 1 0.511234 0.488766 
 ----> turn 320 1 0.521156 0.478844 
 ----> turn 321 1 0.532156 0.467844 
 ----> turn 322 0 0.563775 0.436225 
 ----> turn 323 0 0.525041 0.474959 
 ----> turn 324 1 0.580478 0.419522 
 ----> turn 325 0 0.521549 0.478451 
 ----> turn 326 0 0.584593 0.415407 
 ----> turn 327 1 0.53674 0.46326 
 ----> turn 328 0 0.552014 0.447986 
 ----> turn 329 0 0.557122 0.442878 
 ----> turn 330 1 0.524837 0.475163 
 ----> turn 331 0 0.553704 0.446296 
 ----> turn 332 0 0.542186 0.457814 
 ----> turn 333 1 0.515071 0.484929 
 ----> turn 334 1 0.539674 0.460326 
 ----> turn 335 0 0.554808 0.445192 
 ----> turn 336 1 0.527139 0.472861 
 ----> turn 337 0 0.61613 0.38387 
 ----> turn 338 1 0.527666 0.472334 
 ----> turn 339 0 0.564715 0.435285 
 ----> turn 340 1 0.521313 0.478687 
 ----> turn 341 0 0.545723 0.454277 
 ----> turn 342 1 0.532157 0.467843 
 ----> turn 343 0 0.555744 0.444256 
 ----> turn 344 0 0.520943 0.479057 
 ----> turn 345 0 0.599296 0.400704 
 ----> turn 346 1 0.54206 0.45794 
 ----> turn 347 0 0.512145 0.487855 
 ----> turn 348 0 0.500187 0.499813 
 ----> turn 349 1 0.491886 0.508114 
 ----> turn 350 1 0.524362 0.475638 
 ----> turn 351 0 0.59369 0.40631 
 ----> turn 352 0 0.521388 0.478612 
 ----> turn 353 1 0.56257 0.43743 
 ----> turn 354 0 0.508314 0.491686 
 ----> turn 355 1 0.543938 0.456062 
 ----> turn 356 1 0.545957 0.454043 
 ----> turn 357 1 0.508901 0.491099 
 ----> turn 358 0 0.501511 0.498489 
 ----> turn 359 0 0.520152 0.479848 
 ----> turn 360 1 0.507777 0.492223 
 ----> turn 361 1 0.50483 0.49517 
 ----> turn 362 0 0.561016 0.438984 
 ----> turn 363 0 0.539103 0.460897 
 ----> turn 364 0 0.512236 0.487764 
 ----> turn 365 0 0.5662 0.4338 
 ----> turn 366 1 0.540353 0.459647 
 ----> turn 367 0 0.59525 0.40475 
 ----> turn 368 0 0.497325 0.502675 
 ----> turn 369 0 0.529134 0.470866 
 ----> turn 370 1 0.510304 0.489696 
 ----> turn 371 0 0.531098 0.468902 
 ----> turn 372 1 0.474305 0.525695 
 ----> turn 373 0 0.544531 0.455469 
 ----> turn 374 0 0.506864 0.493136 
 ----> turn 375 1 0.509524 0.490476 
 ----> turn 376 0 0.566298 0.433702 
 ----> turn 377 1 0.549185 0.450815 
 ----> turn 378 1 0.480531 0.519469 
 ----> turn 379 0 0.524046 0.475954 
 ----> turn 380 0 0.576917 0.423083 
 ----> turn 381 1 0.594894 0.405106 
 ----> turn 382 1 0.529137 0.470863 
 ----> turn 383 1 0.537913 0.462087 
 ----> turn 384 0 0.515324 0.484676 
 ----> turn 385 1 0.536494 0.463506 
 ----> turn 386 0 0.547764 0.452236 
 ----> turn 387 1 0.554566 0.445434 
 ----> turn 388 1 0.520669 0.479331 
 ----> turn 389 0 0.560713 0.439287 
 ----> turn 390 0 0.575733 0.424267 
 ----> turn 391 0 0.517703 0.482297 
 ----> turn 392 1 0.527266 0.472734 
 ----> turn 393 1 0.538099 0.461901 
 ----> turn 394 1 0.538712 0.461288 
 ----> turn 395 0 0.574346 0.425654 
 ----> turn 396 0 0.536907 0.463093 
 ----> turn 397 0 0.550153 0.449847 
 ----> turn 398 1 0.522449 0.477551 
 ----> turn 399 1 0.476165 0.523835 
 ----> turn 400 1 0.540828 0.459172 
 ----> turn 401 0 0.539762 0.460238 
 ----> turn 402 0 0.547149 0.452851 
 ----> turn 403 0 0.547649 0.452351 
 ----> turn 404 1 0.506768 0.493232 
 ----> turn 405 1 0.539678 0.460322 
 ----> turn 406 1 0.474129 0.525871 
 ----> turn 407 1 0.53714 0.46286 
 ----> turn 408 0 0.542313 0.457687 
 ----> turn 409 0 0.597329 0.402671 
 ----> turn 410 0 0.544996 0.455004 
 ----> turn 411 0 0.544445 0.455555 
 ----> turn 412 1 0.520351 0.479649 
 ----> turn 413 1 0.533478 0.466522 
 ----> turn 414 0 0.575249 0.424751 
 ----> turn 415 1 0.550911 0.449089 
 ----> turn 416 0 0.520414 0.479586 
 ----> turn 417 0 0.565745 0.434255 
 ----> turn 418 1 0.516631 0.483369 
 ----> turn 419 1 0.539971 0.460029 
 ----> turn 420 1 0.515736 0.484264 
 ----> turn 421 0 0.603497 0.396503 
 ----> turn 422 0 0.559729 0.440271 
 ----> turn 423 1 0.557813 0.442187 
 ----> turn 424 0 0.535847 0.464153 
 ----> turn 425 0 0.553228 0.446772 
 ----> turn 426 1 0.545473 0.454527 
 ----> turn 427 0 0.543439 0.456561 
 ----> turn 428 0 0.608129 0.391871 
 ----> turn 429 0 0.532799 0.467201 
 ----> turn 430 0 0.547067 0.452933 
 ----> turn 431 1 0.491482 0.508518 
 ----> turn 432 1 0.510081 0.489919 
 ----> turn 433 1 0.502695 0.497305 
 ----> turn 434 0 0.567308 0.432692 
 ----> turn 435 1 0.513158 0.486842 
 ----> turn 436 0 0.569451 0.430549 
 ----> turn 437 0 0.559838 0.440162 
 ----> turn 438 0 0.563051 0.436949 
 ----> turn 439 0 0.55543 0.44457 
 ----> turn 440 1 0.536812 0.463188 
 ----> turn 441 0 0.543691 0.456309 
 ----> turn 442 1 0.495241 0.504759 
 ----> turn 443 1 0.559914 0.440086 
 ----> turn 444 0 0.525205 0.474795 
 ----> turn 445 1 0.488185 0.511815 
 ----> turn 446 0 0.569429 0.430571 
 ----> turn 447 0 0.56882 0.43118 
 ----> turn 448 1 0.478088 0.521912 
 ----> turn 449 1 0.544669 0.455331 
 ----> turn 450 0 0.54268 0.45732 
 ----> turn 451 0 0.569003 0.430997 
 ----> turn 452 1 0.554432 0.445568 
 ----> turn 453 0 0.554732 0.445268 
 ----> turn 454 1 0.553101 0.446899 
 ----> turn 455 0 0.589599 0.410401 
 ----> turn 456 0 0.565045 0.434955 
 ----> turn 457 0 0.524978 0.475022 
 ----> turn 458 1 0.475613 0.524387 
 ----> turn 459 0 0.554932 0.445068 
 ----> turn 460 1 0.509582 0.490418 
 ----> turn 461 1 0.530577 0.469423 
 ----> turn 462 0 0.561499 0.438501 
 ----> turn 463 1 0.531436 0.468564 
 ----> turn 464 0 0.568658 0.431342 
 ----> turn 465 1 0.520243 0.479757 
 ----> turn 466 0 0.586942 0.413058 
 ----> turn 467 1 0.487707 0.512293 
 ----> turn 468 0 0.533987 0.466013 
 ----> turn 469 1 0.505755 0.494245 
 ----> turn 470 0 0.548055 0.451945 
 ----> turn 471 1 0.542464 0.457536 
 ----> turn 472 0 0.570762 0.429238 
 ----> turn 473 1 0.541191 0.458809 
 ----> turn 474 0 0.580507 0.419493 
 ----> turn 475 0 0.532269 0.467731 
 ----> turn 476 1 0.544553 0.455447 
 ----> turn 477 1 0.512082 0.487918 
 ----> turn 478 1 0.518867 0.481133 
 ----> turn 479 0 0.54853 0.45147 
 ----> turn 480 0 0.559264 0.440736 
 ----> turn 481 1 0.520556 0.479444 
 ----> turn 482 0 0.545484 0.454516 
 ----> turn 483 0 0.552922 0.447078 
 ----> turn 484 1 0.539926 0.460074 
 ----> turn 485 0 0.526815 0.473185 
 ----> turn 486 0 0.568278 0.431722 
 ----> turn 487 1 0.521229 0.478771 
 ----> turn 488 0 0.620464 0.379536 
 ----> turn 489 1 0.543021 0.456979 
 ----> turn 490 0 0.549219 0.450781 
 ----> turn 491 1 0.534077 0.465923 
 ----> turn 492 0 0.561048 0.438952 
 ----> turn 493 0 0.5471 0.4529 
 ----> turn 494 1 0.539218 0.460782 
 ----> turn 495 0 0.54109 0.45891 
 ----> turn 496 1 0.482303 0.517697 
 ----> turn 497 0 0.578565 0.421435 
 ----> turn 498 1 0.555974 0.444026 
 ----> turn 499 0 0.57294 0.42706 
 ----> turn 500 1 0.508952 0.491048 
 ----> turn 501 0 0.555864 0.444136 
 ----> turn 502 1 0.570466 0.429534 
 ----> turn 503 1 0.532753 0.467247 
 ----> turn 504 1 0.539263 0.460737 
 ----> turn 505 0 0.554227 0.445773 
 ----> turn 506 0 0.533316 0.466684 
 ----> turn 507 1 0.531011 0.468989 
 ----> turn 508 1 0.519957 0.480043 
 ----> turn 509 1 0.514215 0.485785 
 ----> turn 510 0 0.529444 0.470556 
 ----> turn 511 0 0.54684 0.45316 
 ----> turn 512 0 0.604301 0.395699 
 ----> turn 513 1 0.539249 0.460751 
 ----> turn 514 1 0.536215 0.463785 
 ----> turn 515 0 0.557126 0.442874 
 ----> turn 516 0 0.563782 0.436218 
 ----> turn 517 1 0.534093 0.465907 
 ----> turn 518 1 0.55241 0.44759 
 ----> turn 519 0 0.55994 0.44006 
 ----> turn 520 1 0.60152 0.39848 
 ----> turn 521 1 0.520567 0.479433 
 ----> turn 522 0 0.525707 0.474293 
 ----> turn 523 1 0.526555 0.473445 
 ----> turn 524 0 0.578787 0.421213 
 ----> turn 525 0 0.564425 0.435575 
 ----> turn 526 0 0.508287 0.491713 
 ----> turn 527 1 0.539681 0.460319 
 ----> turn 528 0 0.543775 0.456225 
 ----> turn 529 1 0.523943 0.476057 
 ----> turn 530 0 0.597283 0.402717 
 ----> turn 531 1 0.49012 0.50988 
 ----> turn 532 0 0.56383 0.43617 
 ----> turn 533 1 0.522851 0.477149 
 ----> turn 534 0 0.559253 0.440747 
 ----> turn 535 0 0.522307 0.477693 
 ----> turn 536 1 0.532905 0.467095 
 ----> turn 537 1 0.511106 0.488894 
 ----> turn 538 0 0.60815 0.39185 
 ----> turn 539 1 0.476584 0.523416 
 ----> turn 540 1 0.50315 0.49685 
 ----> turn 541 0 0.519417 0.480583 
 ----> turn 542 0 0.556443 0.443557 
 ----> turn 543 1 0.537314 0.462686 
 ----> turn 544 1 0.521817 0.478183 
 ----> turn 545 0 0.562183 0.437817 
 ----> turn 546 0 0.543196 0.456804 
 ----> turn 547 1 0.503849 0.496151 
 ----> turn 548 1 0.505429 0.494571 
 ----> turn 549 0 0.601516 0.398484 
 ----> turn 550 0 0.561166 0.438834 
 ----> turn 551 1 0.517233 0.482767 
 ----> turn 552 0 0.544027 0.455973 
 ----> turn 553 1 0.525075 0.474925 
 ----> turn 554 0 0.543468 0.456532 
 ----> turn 555 0 0.527731 0.472269 
 ----> turn 556 0 0.554027 0.445973 
 ----> turn 557 1 0.570369 0.429631 
 ----> turn 558 1 0.567087 0.432913 
 ----> turn 559 1 0.520938 0.479062 
 ----> turn 560 0 0.549199 0.450801 
 ----> turn 561 0 0.56917 0.43083 
 ----> turn 562 1 0.534339 0.465661 
 ----> turn 563 0 0.564467 0.435533 
 ----> turn 564 0 0.562804 0.437196 
 ----> turn 565 1 0.532448 0.467552 
 ----> turn 566 0 0.532603 0.467397 
 ----> turn 567 0 0.546971 0.453029 
 ----> turn 568 0 0.548381 0.451619 
 ----> turn 569 0 0.576566 0.423434 
 ----> turn 570 1 0.536342 0.463658 
 ----> turn 571 1 0.473025 0.526975 
 ----> turn 572 0 0.564283 0.435717 
 ----> turn 573 0 0.512831 0.487169 
 ----> turn 574 0 0.579938 0.420062 
 ----> turn 575 1 0.526256 0.473744 
 ----> turn 576 1 0.518395 0.481605 
 ----> turn 577 0 0.55927 0.44073 
 ----> turn 578 0 0.581155 0.418845 
 ----> turn 579 0 0.490355 0.509645 
 ----> turn 580 1 0.590225 0.409775 
 ----> turn 581 0 0.525702 0.474298 
 ----> turn 582 0 0.575672 0.424328 
 ----> turn 583 1 0.565719 0.434281 
 ----> turn 584 1 0.533141 0.466859 
 ----> turn 585 0 0.52563 0.47437 
 ----> turn 586 0 0.553619 0.446381 
 ----> turn 587 1 0.516353 0.483647 
 ----> turn 588 1 0.511408 0.488592 
 ----> turn 589 1 0.527531 0.472469 
 ----> turn 590 0 0.530801 0.469199 
 ----> turn 591 1 0.529985 0.470015 
 ----> turn 592 1 0.533559 0.466441 
 ----> turn 593 0 0.546526 0.453474 
 ----> turn 594 0 0.568757 0.431243 
 ----> turn 595 1 0.506652 0.493348 
 ----> turn 596 1 0.54415 0.45585 
 ----> turn 597 0 0.552819 0.447181 
 ----> turn 598 1 0.516396 0.483604 
 ----> turn 599 1 0.54586 0.45414 
 ----> turn 600 0 0.531624 0.468376 
 ----> turn 601 1 0.541885 0.458115 
 ----> turn 602 1 0.530272 0.469728 
 ----> turn 603 0 0.572995 0.427005 
 ----> turn 604 0 0.606199 0.393801 
 ----> turn 605 0 0.524755 0.475245 
 ----> turn 606 1 0.561766 0.438234 
 ----> turn 607 1 0.558446 0.441554 
 ----> turn 608 0 0.609179 0.390821 
 ----> turn 609 0 0.528304 0.471696 
 ----> turn 610 0 0.553941 0.446059 
 ----> turn 611 1 0.526102 0.473898 
 ----> turn 612 0 0.552963 0.447037 
 ----> turn 613 1 0.502616 0.497384 
 ----> turn 614 0 0.539154 0.460846 
 ----> turn 615 1 0.541952 0.458048 
 ----> turn 616 0 0.571014 0.428986 
 ----> turn 617 1 0.561976 0.438024 
 ----> turn 618 1 0.518504 0.481496 
 ----> turn 619 1 0.540965 0.459035 
 ----> turn 620 1 0.517577 0.482423 
 ----> turn 621 0 0.535817 0.464183 
 ----> turn 622 0 0.575613 0.424387 
 ----> turn 623 0 0.565597 0.434403 
 ----> turn 624 0 0.584009 0.415991 
 ----> turn 625 0 0.519276 0.480724 
 ----> turn 626 0 0.56249 0.43751 
 ----> turn 627 0 0.510015 0.489985 
 ----> turn 628 1 0.539792 0.460208 
 ----> turn 629 1 0.56106 0.43894 
 ----> turn 630 0 0.583993 0.416007 
 ----> turn 631 1 0.507663 0.492337 
 ----> turn 632 1 0.518833 0.481167 
 ----> turn 633 0 0.529495 0.470505 
 ----> turn 634 1 0.501982 0.498018 
 ----> turn 635 0 0.554166 0.445834 
 ----> turn 636 1 0.55942 0.44058 
 ----> turn 637 0 0.562129 0.437871 
 ----> turn 638 0 0.569327 0.430673 
 ----> turn 639 1 0.523832 0.476168 
 ----> turn 640 1 0.520231 0.479769 
 ----> turn 641 0 0.528684 0.471316 
 ----> turn 642 0 0.546307 0.453693 
 ----> turn 643 0 0.538713 0.461287 
 ----> turn 644 0 0.562267 0.437733 
 ----> turn 645 0 0.540463 0.459537 
 ----> turn 646 0 0.544623 0.455377 
 ----> turn 647 1 0.554546 0.445454 
 ----> turn 648 0 0.545943 0.454057 
 ----> turn 649 1 0.555748 0.444252 
 ----> turn 650 1 0.537753 0.462247 
 ----> turn 651 1 0.566167 0.433833 
 ----> turn 652 0 0.552537 0.447463 
 ----> turn 653 1 0.515939 0.484061 
 ----> turn 654 1 0.529291 0.470709 
 ----> turn 655 0 0.531606 0.468394 
 ----> turn 656 0 0.540195 0.459805 
 ----> turn 657 0 0.514788 0.485212 
 ----> turn 658 1 0.549381 0.450619 
 ----> turn 659 1 0.536491 0.463509 
 ----> turn 660 0 0.592695 0.407305 
 ----> turn 661 0 0.540162 0.459838 
 ----> turn 662 1 0.561419 0.438581 
 ----> turn 663 0 0.547658 0.452342 
 ----> turn 664 1 0.542337 0.457663 
 ----> turn 665 1 0.509741 0.490259 
 ----> turn 666 0 0.56061 0.43939 
 ----> turn 667 0 0.554322 0.445678 
 ----> turn 668 1 0.513361 0.486639 
 ----> turn 669 0 0.569889 0.430111 
 ----> turn 670 0 0.550811 0.449189 
 ----> turn 671 1 0.527293 0.472707 
 ----> turn 672 0 0.55245 0.44755 
 ----> turn 673 1 0.54239 0.45761 
 ----> turn 674 1 0.533563 0.466437 
 ----> turn 675 1 0.553833 0.446167 
 ----> turn 676 0 0.572251 0.427749 
 ----> turn 677 0 0.575883 0.424117 
 ----> turn 678 1 0.533412 0.466588 
 ----> turn 679 0 0.551813 0.448187 
 ----> turn 680 1 0.529277 0.470723 
 ----> turn 681 0 0.533417 0.466583 
 ----> turn 682 0 0.53006 0.46994 
 ----> turn 683 1 0.581582 0.418418 
 ----> turn 684 0 0.542498 0.457502 
 ----> turn 685 1 0.551797 0.448203 
 ----> turn 686 0 0.579686 0.420314 
 ----> turn 687 0 0.515621 0.484379 
 ----> turn 688 1 0.56788 0.43212 
 ----> turn 689 0 0.55045 0.44955 
 ----> turn 690 0 0.53829 0.46171 
 ----> turn 691 1 0.536694 0.463306 
 ----> turn 692 0 0.543191 0.456809 
 ----> turn 693 1 0.526586 0.473414 
 ----> turn 694 1 0.528982 0.471018 
 ----> turn 695 1 0.573148 0.426852 
 ----> turn 696 0 0.578297 0.421703 
 ----> turn 697 0 0.518985 0.481015 
 ----> turn 698 0 0.566365 0.433635 
 ----> turn 699 1 0.53567 0.46433 
 ----> turn 700 1 0.558019 0.441981 
 ----> turn 701 0 0.547479 0.452521 
 ----> turn 702 0 0.584955 0.415045 
 ----> turn 703 1 0.523325 0.476675 
 ----> turn 704 1 0.519523 0.480477 
 ----> turn 705 0 0.519479 0.480521 
 ----> turn 706 1 0.526673 0.473327 
 ----> turn 707 1 0.553812 0.446188 
 ----> turn 708 1 0.493301 0.506699 
 ----> turn 709 1 0.534524 0.465476 
 ----> turn 710 0 0.521585 0.478415 
 ----> turn 711 0 0.560523 0.439477 
 ----> turn 712 1 0.53467 0.46533 
 ----> turn 713 0 0.618184 0.381816 
 ----> turn 714 1 0.547934 0.452066 
 ----> turn 715 0 0.513498 0.486502 
 ----> turn 716 1 0.525295 0.474705 
 ----> turn 717 0 0.514713 0.485287 
 ----> turn 718 1 0.521449 0.478551 
