 ----> turn 1 1 0 0 
 ----> turn 2 0 0 0 
 ----> turn 3 1 0.524237 0.475763 
 ----> turn 4 0 0.552363 0.447637 
 ----> turn 5 0 0.554142 0.445858 
 ----> turn 6 1 0.570954 0.429046 
 ----> turn 7 0 0.561538 0.438462 
 ----> turn 8 0 0.522577 0.477423 
 ----> turn 9 1 0.554773 0.445227 
 ----> turn 10 1 0.522039 0.477961 
 ----> turn 11 0 0.555095 0.444905 
 ----> turn 12 0 0.510447 0.489553 
 ----> turn 13 0 0.580205 0.419795 
 ----> turn 14 1 0.529502 0.470498 
 ----> turn 15 0 0.538323 0.461677 
 ----> turn 16 1 0.519067 0.480933 
 ----> turn 17 1 0.534601 0.465399 
 ----> turn 18 0 0.577763 0.422237 
 ----> turn 19 1 0.536212 0.463788 
 ----> turn 20 0 0.578982 0.421018 
 ----> turn 21 0 0.471156 0.528844 
 ----> turn 22 1 0.594125 0.405875 
 ----> turn 23 0 0.546867 0.453133 
 ----> turn 24 0 0.52584 0.47416 
 ----> turn 25 1 0.5487 0.4513 
 ----> turn 26 0 0.595482 0.404518 
 ----> turn 27 1 0.552843 0.447157 
 ----> turn 28 1 0.515218 0.484782 
 ----> turn 29 0 0.583127 0.416873 
 ----> turn 30 0 0.542321 0.457679 
 ----> turn 31 0 0.573022 0.426978 
 ----> turn 32 0 0.487175 0.512825 
 ----> turn 33 1 0.527279 0.472721 
 ----> turn 34 0 0.549491 0.450509 
 ----> turn 35 1 0.515276 0.484724 
 ----> turn 36 0 0.551145 0.448855 
 ----> turn 37 0 0.552666 0.447334 
 ----> turn 38 1 0.555978 0.444022 
 ----> turn 39 1 0.502792 0.497208 
 ----> turn 40 1 0.515843 0.484157 
 ----> turn 41 0 0.528236 0.471764 
 ----> turn 42 0 0.538293 0.461707 
 ----> turn 43 0 0.56824 0.43176 
 ----> turn 44 0 0.565852 0.434148 
 ----> turn 45 1 0.559099 0.440901 
 ----> turn 46 1 0.501807 0.498193 
 ----> turn 47 0 0.571717 0.428283 
 ----> turn 48 0 0.558752 0.441248 
 ----> turn 49 1 0.571231 0.428769 
 ----> turn 50 1 0.493547 0.506453 
 ----> turn 51 1 0.548476 0.451524 
 ----> turn 52 0 0.569403 0.430597 
 ----> turn 53 1 0.54357 0.45643 
 ----> turn 54 1 0.522581 0.477419 
 ----> turn 55 0 0.54576 0.45424 
 ----> turn 56 0 0.550331 0.449669 
 ----> turn 57 1 0.549618 0.450382 
 ----> turn 58 0 0.543198 0.456802 
 ----> turn 59 1 0.519373 0.480627 
 ----> turn 60 1 0.535599 0.464401 
 ----> turn 61 0 0.541347 0.458653 
 ----> turn 62 1 0.572071 0.427929 
 ----> turn 63 0 0.54707 0.45293 
 ----> turn 64 1 0.493483 0.506517 
 ----> turn 65 0 0.539169 0.460831 
 ----> turn 66 1 0.521246 0.478754 
 ----> turn 67 0 0.572782 0.427218 
 ----> turn 68 0 0.557204 0.442796 
 ----> turn 69 1 0.523796 0.476204 
 ----> turn 70 0 0.555075 0.444925 
 ----> turn 71 0 0.549587 0.450413 
 ----> turn 72 0 0.557787 0.442213 
 ----> turn 73 1 0.493903 0.506097 
 ----> turn 74 1 0.533671 0.466329 
 ----> turn 75 0 0.513909 0.486091 
 ----> turn 76 0 0.544078 0.455922 
 ----> turn 77 0 0.541692 0.458308 
 ----> turn 78 1 0.539487 0.460513 
 ----> turn 79 0 0.545288 0.454712 
 ----> turn 80 1 0.496484 0.503516 
 ----> turn 81 1 0.570503 0.429497 
 ----> turn 82 1 0.542983 0.457017 
 ----> turn 83 0 0.543136 0.456864 
 ----> turn 84 1 0.539079 0.460921 
 ----> turn 85 0 0.533836 0.466164 
 ----> turn 86 0 0.518812 0.481188 
 ----> turn 87 0 0.510507 0.489493 
 ----> turn 88 0 0.530559 0.469441 
 ----> turn 89 0 0.581347 0.418653 
 ----> turn 90 1 0.457429 0.542571 
 ----> turn 91 0 0.522053 0.477947 
 ----> turn 92 1 0.567993 0.432007 
 ----> turn 93 0 0.573031 0.426969 
 ----> turn 94 1 0.523108 0.476892 
 ----> turn 95 0 0.571905 0.428095 
 ----> turn 96 1 0.557295 0.442705 
 ----> turn 97 0 0.556469 0.443531 
 ----> turn 98 0 0.590799 0.409201 
 ----> turn 99 1 0.522809 0.477191 
 ----> turn 100 0 0.594737 0.405263 
 ----> turn 101 1 0.540384 0.459616 
 ----> turn 102 1 0.524984 0.475016 
 ----> turn 103 0 0.569972 0.430028 
 ----> turn 104 0 0.543305 0.456695 
 ----> turn 105 0 0.580934 0.419066 
 ----> turn 106 0 0.553834 0.446166 
 ----> turn 107 0 0.522128 0.477872 
 ----> turn 108 1 0.518063 0.481937 
 ----> turn 109 0 0.546408 0.453592 
 ----> turn 110 0 0.612583 0.387417 
 ----> turn 111 1 0.475579 0.524421 
 ----> turn 112 0 0.519145 0.480855 
 ----> turn 113 1 0.567231 0.432769 
 ----> turn 114 0 0.589098 0.410902 
 ----> turn 115 0 0.583935 0.416065 
 ----> turn 116 1 0.555831 0.444169 
 ----> turn 117 1 0.486366 0.513634 
 ----> turn 118 0 0.491667 0.508333 
 ----> turn 119 0 0.554431 0.445569 
 ----> turn 120 0 0.544857 0.455143 
 ----> turn 121 0 0.564642 0.435358 
 ----> turn 122 0 0.540267 0.459733 
 ----> turn 123 1 0.531657 0.468343 
 ----> turn 124 1 0.534929 0.465071 
 ----> turn 125 0 0.546525 0.453475 
 ----> turn 126 1 0.51595 0.48405 
 ----> turn 127 0 0.54707 0.45293 
 ----> turn 128 1 0.502355 0.497645 
 ----> turn 129 0 0.55032 0.44968 
 ----> turn 130 0 0.508349 0.491651 
 ----> turn 131 0 0.58647 0.41353 
 ----> turn 132 1 0.496111 0.503889 
 ----> turn 133 0 0.570683 0.429317 
 ----> turn 134 1 0.507564 0.492436 
 ----> turn 135 1 0.531893 0.468107 
 ----> turn 136 0 0.58691 0.41309 
 ----> turn 137 0 0.536848 0.463152 
 ----> turn 138 0 0.569323 0.430677 
 ----> turn 139 0 0.552193 0.447807 
 ----> turn 140 0 0.525225 0.474775 
 ----> turn 141 1 0.506618 0.493382 
 ----> turn 142 0 0.644245 0.355755 
 ----> turn 143 1 0.444708 0.555292 
 ----> turn 144 0 0.543968 0.456032 
 ----> turn 145 0 0.551413 0.448587 
 ----> turn 146 1 0.516112 0.483888 
 ----> turn 147 0 0.561765 0.438235 
 ----> turn 148 1 0.498236 0.501764 
 ----> turn 149 1 0.574549 0.425451 
 ----> turn 150 0 0.494534 0.505466 
 ----> turn 151 0 0.603214 0.396786 
 ----> turn 152 0 0.54362 0.45638 
 ----> turn 153 0 0.524697 0.475303 
 ----> turn 154 1 0.567349 0.432651 
 ----> turn 155 0 0.566695 0.433305 
 ----> turn 156 1 0.465305 0.534695 
 ----> turn 157 1 0.565889 0.434111 
 ----> turn 158 0 0.618922 0.381078 
 ----> turn 159 0 0.545309 0.454691 
 ----> turn 160 0 0.555384 0.444616 
 ----> turn 161 0 0.605425 0.394575 
 ----> turn 162 0 0.553385 0.446615 
 ----> turn 163 1 0.561682 0.438318 
 ----> turn 164 0 0.52555 0.47445 
 ----> turn 165 1 0.543155 0.456845 
 ----> turn 166 0 0.593788 0.406212 
 ----> turn 167 1 0.487116 0.512884 
 ----> turn 168 0 0.552055 0.447945 
 ----> turn 169 1 0.550287 0.449713 
 ----> turn 170 1 0.527841 0.472159 
 ----> turn 171 1 0.558959 0.441041 
 ----> turn 172 0 0.60819 0.39181 
 ----> turn 173 1 0.486444 0.513556 
 ----> turn 174 0 0.545041 0.454959 
 ----> turn 175 1 0.514705 0.485295 
 ----> turn 176 0 0.510429 0.489571 
 ----> turn 177 0 0.550262 0.449738 
 ----> turn 178 0 0.5859 0.4141 
 ----> turn 179 1 0.500814 0.499186 
 ----> turn 180 1 0.52364 0.47636 
 ----> turn 181 1 0.510471 0.489529 
 ----> turn 182 1 0.506531 0.493469 
 ----> turn 183 0 0.522999 0.477001 
 ----> turn 184 1 0.52933 0.47067 
 ----> turn 185 0 0.566263 0.433737 
 ----> turn 186 0 0.554282 0.445718 
 ----> turn 187 0 0.594207 0.405793 
 ----> turn 188 0 0.498532 0.501468 
 ----> turn 189 1 0.559481 0.440519 
 ----> turn 190 0 0.492366 0.507634 
 ----> turn 191 0 0.55319 0.44681 
 ----> turn 192 1 0.534281 0.465719 
 ----> turn 193 0 0.529362 0.470638 
 ----> turn 194 0 0.618195 0.381805 
 ----> turn 195 1 0.504527 0.495473 
 ----> turn 196 1 0.580055 0.419945 
 ----> turn 197 0 0.581014 0.418986 
 ----> turn 198 1 0.502598 0.497402 
 ----> turn 199 0 0.598803 0.401197 
 ----> turn 200 0 0.527131 0.472869 
 ----> turn 201 1 0.488275 0.511725 
 ----> turn 202 1 0.541067 0.458933 
 ----> turn 203 0 0.671507 0.328493 
 ----> turn 204 1 0.528008 0.471992 
 ----> turn 205 0 0.568531 0.431469 
 ----> turn 206 1 0.567669 0.432331 
 ----> turn 207 1 0.550888 0.449112 
 ----> turn 208 0 0.563448 0.436552 
 ----> turn 209 0 0.553005 0.446995 
 ----> turn 210 1 0.510918 0.489082 
 ----> turn 211 0 0.578836 0.421164 
 ----> turn 212 1 0.458558 0.541442 
 ----> turn 213 0 0.581583 0.418417 
 ----> turn 214 0 0.574866 0.425134 
 ----> turn 215 1 0.487258 0.512742 
 ----> turn 216 0 0.573114 0.426886 
 ----> turn 217 1 0.536271 0.463729 
 ----> turn 218 1 0.524155 0.475845 
 ----> turn 219 0 0.577022 0.422978 
 ----> turn 220 1 0.510027 0.489973 
 ----> turn 221 1 0.574414 0.425586 
 ----> turn 222 1 0.52318 0.47682 
 ----> turn 223 0 0.53448 0.46552 
 ----> turn 224 0 0.560559 0.439441 
 ----> turn 225 1 0.448478 0.551522 
 ----> turn 226 0 0.579881 0.420119 
 ----> turn 227 0 0.591428 0.408572 
 ----> turn 228 0 0.558681 0.441319 
 ----> turn 229 0 0.583361 0.416639 
 ----> turn 230 1 0.486325 0.513675 
 ----> turn 231 1 0.544586 0.455414 
 ----> turn 232 0 0.528698 0.471302 
 ----> turn 233 0 0.501482 0.498518 
 ----> turn 234 1 0.489277 0.510723 
 ----> turn 235 1 0.549404 0.450596 
 ----> turn 236 1 0.525256 0.474744 
 ----> turn 237 0 0.557582 0.442418 
 ----> turn 238 1 0.51083 0.48917 
 ----> turn 239 0 0.581017 0.418983 
 ----> turn 240 1 0.53591 0.46409 
 ----> turn 241 0 0.589389 0.410611 
 ----> turn 242 1 0.51583 0.48417 
 ----> turn 243 0 0.522589 0.477411 
 ----> turn 244 1 0.547704 0.452296 
 ----> turn 245 0 0.586034 0.413966 
 ----> turn 246 1 0.479807 0.520193 
 ----> turn 247 0 0.558718 0.441282 
 ----> turn 248 0 0.548555 0.451445 
 ----> turn 249 1 0.554033 0.445967 
 ----> turn 250 1 0.510983 0.489017 
 ----> turn 251 1 0.488587 0.511413 
 ----> turn 252 0 0.589492 0.410508 
 ----> turn 253 1 0.574935 0.425065 
 ----> turn 254 0 0.537207 0.462793 
 ----> turn 255 0 0.552639 0.447361 
 ----> turn 256 0 0.566439 0.433561 
 ----> turn 257 1 0.554784 0.445216 
 ----> turn 258 0 0.548325 0.451675 
 ----> turn 259 0 0.571841 0.428159 
 ----> turn 260 1 0.524018 0.475982 
 ----> turn 261 1 0.518165 0.481835 
 ----> turn 262 1 0.509683 0.490317 
 ----> turn 263 0 0.601491 0.398509 
 ----> turn 264 1 0.491951 0.508049 
 ----> turn 265 1 0.559345 0.440655 
 ----> turn 266 0 0.578984 0.421016 
 ----> turn 267 1 0.529053 0.470947 
 ----> turn 268 0 0.605724 0.394276 
 ----> turn 269 0 0.60295 0.39705 
 ----> turn 270 0 0.536567 0.463433 
 ----> turn 271 1 0.555671 0.444329 
 ----> turn 272 0 0.50143 0.49857 
 ----> turn 273 1 0.514774 0.485226 
 ----> turn 274 0 0.56829 0.43171 
 ----> turn 275 1 0.490744 0.509256 
 ----> turn 276 0 0.522915 0.477085 
 ----> turn 277 0 0.543305 0.456695 
 ----> turn 278 0 0.59359 0.40641 
 ----> turn 279 1 0.529017 0.470983 
 ----> turn 280 0 0.572446 0.427554 
 ----> turn 281 0 0.551876 0.448124 
 ----> turn 282 1 0.561552 0.438448 
 ----> turn 283 0 0.592684 0.407316 
 ----> turn 284 0 0.566228 0.433772 
 ----> turn 285 0 0.515216 0.484784 
 ----> turn 286 1 0.495598 0.504402 
 ----> turn 287 1 0.522869 0.477131 
 ----> turn 288 1 0.536403 0.463597 
 ----> turn 289 0 0.564522 0.435478 
 ----> turn 290 0 0.559315 0.440685 
 ----> turn 291 1 0.494761 0.505239 
 ----> turn 292 0 0.576182 0.423818 
 ----> turn 293 1 0.522967 0.477033 
 ----> turn 294 1 0.533956 0.466044 
 ----> turn 295 0 0.542926 0.457074 
 ----> turn 296 1 0.521803 0.478197 
 ----> turn 297 0 0.562367 0.437633 
 ----> turn 298 1 0.534537 0.465463 
 ----> turn 299 0 0.542164 0.457836 
 ----> turn 300 0 0.561813 0.438187 
 ----> turn 301 0 0.578824 0.421176 
 ----> turn 302 1 0.480463 0.519537 
 ----> turn 303 1 0.55465 0.44535 
 ----> turn 304 0 0.585243 0.414757 
 ----> turn 305 1 0.382595 0.617405 
 ----> turn 306 0 0.537965 0.462035 
 ----> turn 307 0 0.592145 0.407855 
 ----> turn 308 1 0.571326 0.428674 
 ----> turn 309 0 0.556189 0.443811 
 ----> turn 310 1 0.542774 0.457226 
 ----> turn 311 0 0.592687 0.407313 
 ----> turn 312 1 0.515409 0.484591 
 ----> turn 313 0 0.570023 0.429977 
 ----> turn 314 0 0.611413 0.388587 
 ----> turn 315 0 0.556656 0.443344 
 ----> turn 316 1 0.535735 0.464265 
 ----> turn 317 1 0.539983 0.460017 
 ----> turn 318 0 0.55505 0.44495 
 ----> turn 319 1 0.546197 0.453803 
 ----> turn 320 1 0.547423 0.452577 
 ----> turn 321 1 0.511471 0.488529 
 ----> turn 322 0 0.606521 0.393479 
 ----> turn 323 0 0.558132 0.441868 
 ----> turn 324 1 0.478367 0.521633 
 ----> turn 325 0 0.536709 0.463291 
 ----> turn 326 0 0.600528 0.399472 
 ----> turn 327 1 0.437336 0.562664 
 ----> turn 328 0 0.563531 0.436469 
 ----> turn 329 0 0.566387 0.433613 
 ----> turn 330 1 0.506038 0.493962 
 ----> turn 331 0 0.600402 0.399598 
 ----> turn 332 0 0.514654 0.485346 
 ----> turn 333 1 0.523046 0.476954 
 ----> turn 334 1 0.519428 0.480572 
 ----> turn 335 0 0.571055 0.428945 
 ----> turn 336 1 0.536831 0.463169 
 ----> turn 337 0 0.581655 0.418345 
 ----> turn 338 1 0.51578 0.48422 
 ----> turn 339 0 0.576126 0.423874 
 ----> turn 340 1 0.504121 0.495879 
 ----> turn 341 0 0.54893 0.45107 
 ----> turn 342 1 0.537088 0.462912 
 ----> turn 343 0 0.553228 0.446772 
 ----> turn 344 0 0.501839 0.498161 
 ----> turn 345 0 0.575426 0.424574 
 ----> turn 346 1 0.496872 0.503128 
 ----> turn 347 0 0.509693 0.490307 
 ----> turn 348 0 0.609876 0.390124 
 ----> turn 349 1 0.477027 0.522973 
 ----> turn 350 1 0.548782 0.451218 
 ----> turn 351 0 0.566986 0.433014 
 ----> turn 352 0 0.568559 0.431441 
 ----> turn 353 1 0.562256 0.437744 
 ----> turn 354 0 0.549023 0.450977 
 ----> turn 355 1 0.527017 0.472983 
 ----> turn 356 1 0.590793 0.409207 
 ----> turn 357 1 0.492411 0.507589 
 ----> turn 358 0 0.591965 0.408035 
 ----> turn 359 0 0.558957 0.441043 
 ----> turn 360 1 0.492774 0.507226 
 ----> turn 361 1 0.507514 0.492486 
 ----> turn 362 0 0.556604 0.443396 
 ----> turn 363 0 0.612912 0.387088 
 ----> turn 364 0 0.55326 0.44674 
 ----> turn 365 0 0.604273 0.395727 
 ----> turn 366 1 0.518907 0.481093 
 ----> turn 367 0 0.585542 0.414458 
 ----> turn 368 0 0.563622 0.436378 
 ----> turn 369 0 0.516633 0.483367 
 ----> turn 370 1 0.522337 0.477663 
 ----> turn 371 0 0.514265 0.485735 
 ----> turn 372 1 0.494708 0.505292 
 ----> turn 373 0 0.598238 0.401762 
 ----> turn 374 0 0.568643 0.431357 
 ----> turn 375 1 0.52323 0.47677 
 ----> turn 376 0 0.581447 0.418553 
 ----> turn 377 1 0.51072 0.48928 
 ----> turn 378 1 0.571911 0.428089 
 ----> turn 379 0 0.489923 0.510077 
 ----> turn 380 0 0.533575 0.466425 
 ----> turn 381 1 0.520251 0.479749 
 ----> turn 382 1 0.525149 0.474851 
 ----> turn 383 1 0.546938 0.453062 
 ----> turn 384 0 0.60747 0.39253 
 ----> turn 385 1 0.498612 0.501388 
 ----> turn 386 0 0.564503 0.435497 
 ----> turn 387 1 0.530933 0.469067 
 ----> turn 388 1 0.516084 0.483916 
 ----> turn 389 0 0.574024 0.425976 
 ----> turn 390 0 0.516273 0.483727 
 ----> turn 391 0 0.606152 0.393848 
 ----> turn 392 1 0.50737 0.49263 
 ----> turn 393 1 0.544415 0.455585 
 ----> turn 394 1 0.517465 0.482535 
 ----> turn 395 0 0.563094 0.436906 
 ----> turn 396 0 0.549982 0.450018 
 ----> turn 397 0 0.565617 0.434383 
 ----> turn 398 1 0.534859 0.465141 
 ----> turn 399 1 0.578327 0.421673 
 ----> turn 400 1 0.497714 0.502286 
 ----> turn 401 0 0.543497 0.456503 
 ----> turn 402 0 0.513646 0.486354 
 ----> turn 403 0 0.546195 0.453805 
 ----> turn 404 1 0.535903 0.464097 
 ----> turn 405 1 0.502842 0.497158 
 ----> turn 406 1 0.492428 0.507572 
 ----> turn 407 1 0.518859 0.481141 
 ----> turn 408 0 0.500266 0.499734 
 ----> turn 409 0 0.544936 0.455064 
 ----> turn 410 0 0.512612 0.487388 
 ----> turn 411 0 0.532665 0.467335 
 ----> turn 412 1 0.473786 0.526214 
 ----> turn 413 1 0.590439 0.409561 
 ----> turn 414 0 0.578299 0.421701 
 ----> turn 415 1 0.472625 0.527375 
 ----> turn 416 0 0.559456 0.440544 
 ----> turn 417 0 0.575655 0.424345 
 ----> turn 418 1 0.485692 0.514308 
 ----> turn 419 1 0.548675 0.451325 
 ----> turn 420 1 0.563844 0.436156 
 ----> turn 421 0 0.525873 0.474127 
 ----> turn 422 0 0.574198 0.425802 
 ----> turn 423 1 0.514114 0.485886 
 ----> turn 424 0 0.549906 0.450094 
 ----> turn 425 0 0.537699 0.462301 
 ----> turn 426 1 0.513274 0.486726 
 ----> turn 427 0 0.591504 0.408496 
 ----> turn 428 0 0.564175 0.435825 
 ----> turn 429 0 0.560803 0.439197 
 ----> turn 430 0 0.524151 0.475849 
 ----> turn 431 1 0.478807 0.521193 
 ----> turn 432 1 0.53867 0.46133 
 ----> turn 433 1 0.457937 0.542063 
 ----> turn 434 0 0.533291 0.466709 
 ----> turn 435 1 0.527064 0.472936 
 ----> turn 436 0 0.566679 0.433321 
 ----> turn 437 0 0.533812 0.466188 
 ----> turn 438 0 0.593682 0.406318 
 ----> turn 439 0 0.542208 0.457792 
 ----> turn 440 1 0.543772 0.456228 
 ----> turn 441 0 0.548359 0.451641 
 ----> turn 442 1 0.556171 0.443829 
 ----> turn 443 1 0.472837 0.527163 
 ----> turn 444 0 0.545887 0.454113 
 ----> turn 445 1 0.47476 0.52524 
 ----> turn 446 0 0.624341 0.375659 
 ----> turn 447 0 0.495363 0.504637 
 ----> turn 448 1 0.564931 0.435069 
 ----> turn 449 1 0.513123 0.486877 
 ----> turn 450 0 0.566071 0.433929 
 ----> turn 451 0 0.608413 0.391587 
 ----> turn 452 1 0.485624 0.514376 
 ----> turn 453 0 0.598087 0.401913 
 ----> turn 454 1 0.583165 0.416835 
 ----> turn 455 0 0.53309 0.46691 
 ----> turn 456 0 0.566319 0.433681 
 ----> turn 457 0 0.620025 0.379975 
 ----> turn 458 1 0.611999 0.388001 
 ----> turn 459 0 0.533244 0.466756 
 ----> turn 460 1 0.496946 0.503054 
 ----> turn 461 1 0.541786 0.458214 
 ----> turn 462 0 0.508856 0.491144 
 ----> turn 463 1 0.480438 0.519562 
 ----> turn 464 0 0.578031 0.421969 
 ----> turn 465 1 0.494898 0.505102 
 ----> turn 466 0 0.553329 0.446671 
 ----> turn 467 1 0.538383 0.461617 
 ----> turn 468 0 0.554847 0.445153 
 ----> turn 469 1 0.54075 0.45925 
 ----> turn 470 0 0.577529 0.422471 
 ----> turn 471 1 0.492245 0.507755 
 ----> turn 472 0 0.568209 0.431791 
 ----> turn 473 1 0.597535 0.402465 
 ----> turn 474 0 0.546172 0.453828 
 ----> turn 475 0 0.56188 0.43812 
 ----> turn 476 1 0.485819 0.514181 
 ----> turn 477 1 0.56674 0.43326 
 ----> turn 478 1 0.557442 0.442558 
 ----> turn 479 0 0.564467 0.435533 
 ----> turn 480 0 0.542857 0.457143 
 ----> turn 481 1 0.544221 0.455779 
 ----> turn 482 0 0.581291 0.418709 
 ----> turn 483 0 0.531365 0.468635 
 ----> turn 484 1 0.565954 0.434046 
 ----> turn 485 0 0.506869 0.493131 
 ----> turn 486 0 0.588274 0.411726 
 ----> turn 487 1 0.53394 0.46606 
 ----> turn 488 0 0.541291 0.458709 
 ----> turn 489 1 0.540259 0.459741 
 ----> turn 490 0 0.543057 0.456943 
 ----> turn 491 1 0.577102 0.422898 
 ----> turn 492 0 0.584352 0.415648 
 ----> turn 493 0 0.560165 0.439835 
 ----> turn 494 1 0.547238 0.452762 
 ----> turn 495 0 0.544751 0.455249 
 ----> turn 496 1 0.549127 0.450873 
 ----> turn 497 0 0.556724 0.443276 
 ----> turn 498 1 0.527747 0.472253 
 ----> turn 499 0 0.546811 0.453189 
 ----> turn 500 1 0.485257 0.514743 
 ----> turn 501 0 0.611954 0.388046 
 ----> turn 502 1 0.547306 0.452694 
 ----> turn 503 1 0.504778 0.495222 
 ----> turn 504 1 0.545362 0.454638 
 ----> turn 505 0 0.530983 0.469017 
 ----> turn 506 0 0.55432 0.44568 
 ----> turn 507 1 0.554348 0.445652 
 ----> turn 508 1 0.530108 0.469892 
 ----> turn 509 1 0.50624 0.49376 
 ----> turn 510 0 0.549791 0.450209 
 ----> turn 511 0 0.547471 0.452529 
 ----> turn 512 0 0.551313 0.448687 
 ----> turn 513 1 0.536196 0.463804 
 ----> turn 514 1 0.504385 0.495615 
 ----> turn 515 0 0.484722 0.515278 
 ----> turn 516 0 0.556528 0.443472 
 ----> turn 517 1 0.537912 0.462088 
 ----> turn 518 1 0.551955 0.448045 
 ----> turn 519 0 0.520476 0.479524 
 ----> turn 520 1 0.555821 0.444179 
 ----> turn 521 1 0.491328 0.508672 
 ----> turn 522 0 0.529529 0.470471 
 ----> turn 523 1 0.493088 0.506912 
 ----> turn 524 0 0.571102 0.428898 
 ----> turn 525 0 0.561684 0.438316 
 ----> turn 526 0 0.507174 0.492826 
 ----> turn 527 1 0.565872 0.434128 
 ----> turn 528 0 0.573046 0.426954 
 ----> turn 529 1 0.466539 0.533461 
 ----> turn 530 0 0.567138 0.432862 
 ----> turn 531 1 0.558239 0.441761 
 ----> turn 532 0 0.554109 0.445891 
 ----> turn 533 1 0.57182 0.42818 
 ----> turn 534 0 0.525964 0.474036 
 ----> turn 535 0 0.563811 0.436189 
 ----> turn 536 1 0.525375 0.474625 
 ----> turn 537 1 0.572864 0.427136 
 ----> turn 538 0 0.530054 0.469946 
 ----> turn 539 1 0.531225 0.468775 
 ----> turn 540 1 0.53379 0.46621 
 ----> turn 541 0 0.517657 0.482343 
 ----> turn 542 0 0.557224 0.442776 
 ----> turn 543 1 0.510653 0.489347 
 ----> turn 544 1 0.492974 0.507026 
 ----> turn 545 0 0.546723 0.453277 
 ----> turn 546 0 0.564403 0.435597 
 ----> turn 547 1 0.524942 0.475058 
 ----> turn 548 1 0.52726 0.47274 
 ----> turn 549 0 0.508201 0.491799 
 ----> turn 550 0 0.579994 0.420006 
 ----> turn 551 1 0.520706 0.479294 
 ----> turn 552 0 0.508707 0.491293 
 ----> turn 553 1 0.568464 0.431536 
 ----> turn 554 0 0.507353 0.492647 
 ----> turn 555 0 0.550437 0.449563 
 ----> turn 556 0 0.60928 0.39072 
 ----> turn 557 1 0.502862 0.497138 
 ----> turn 558 1 0.536454 0.463546 
 ----> turn 559 1 0.492473 0.507527 
 ----> turn 560 0 0.537234 0.462766 
 ----> turn 561 0 0.552665 0.447335 
 ----> turn 562 1 0.51622 0.48378 
 ----> turn 563 0 0.531587 0.468413 
 ----> turn 564 0 0.527266 0.472734 
 ----> turn 565 1 0.510408 0.489592 
 ----> turn 566 0 0.532483 0.467517 
 ----> turn 567 0 0.610055 0.389945 
 ----> turn 568 0 0.529781 0.470219 
 ----> turn 569 0 0.560406 0.439594 
 ----> turn 570 1 0.561729 0.438271 
 ----> turn 571 1 0.558514 0.441486 
 ----> turn 572 0 0.569542 0.430458 
 ----> turn 573 0 0.500754 0.499246 
 ----> turn 574 0 0.55084 0.44916 
 ----> turn 575 1 0.5247 0.4753 
 ----> turn 576 1 0.510357 0.489643 
 ----> turn 577 0 0.531622 0.468378 
 ----> turn 578 0 0.548696 0.451304 
 ----> turn 579 0 0.565315 0.434685 
 ----> turn 580 1 0.546441 0.453559 
 ----> turn 581 0 0.507141 0.492859 
 ----> turn 582 0 0.577003 0.422997 
 ----> turn 583 1 0.450021 0.549979 
 ----> turn 584 1 0.490441 0.509559 
 ----> turn 585 0 0.557399 0.442601 
 ----> turn 586 0 0.580798 0.419202 
 ----> turn 587 1 0.557893 0.442107 
 ----> turn 588 1 0.480629 0.519371 
 ----> turn 589 1 0.486618 0.513382 
 ----> turn 590 0 0.627287 0.372713 
 ----> turn 591 1 0.482878 0.517122 
 ----> turn 592 1 0.510311 0.489689 
 ----> turn 593 0 0.583933 0.416067 
 ----> turn 594 0 0.574846 0.425154 
 ----> turn 595 1 0.490075 0.509925 
 ----> turn 596 1 0.527093 0.472907 
 ----> turn 597 0 0.604118 0.395882 
 ----> turn 598 1 0.502896 0.497104 
 ----> turn 599 1 0.578829 0.421171 
 ----> turn 600 0 0.566849 0.433151 
 ----> turn 601 1 0.514364 0.485636 
 ----> turn 602 1 0.537887 0.462113 
 ----> turn 603 0 0.502203 0.497797 
 ----> turn 604 0 0.578025 0.421975 
 ----> turn 605 0 0.556675 0.443325 
 ----> turn 606 1 0.534106 0.465894 
 ----> turn 607 1 0.511847 0.488153 
 ----> turn 608 0 0.600089 0.399911 
 ----> turn 609 0 0.522287 0.477713 
 ----> turn 610 0 0.551979 0.448021 
 ----> turn 611 1 0.498296 0.501704 
 ----> turn 612 0 0.545553 0.454447 
 ----> turn 613 1 0.548904 0.451096 
 ----> turn 614 0 0.536559 0.463441 
 ----> turn 615 1 0.511919 0.488081 
 ----> turn 616 0 0.566117 0.433883 
 ----> turn 617 1 0.47924 0.52076 
 ----> turn 618 1 0.532186 0.467814 
 ----> turn 619 1 0.542068 0.457932 
 ----> turn 620 1 0.505569 0.494431 
 ----> turn 621 0 0.540005 0.459995 
 ----> turn 622 0 0.548367 0.451633 
 ----> turn 623 0 0.593234 0.406766 
 ----> turn 624 0 0.58437 0.41563 
 ----> turn 625 0 0.606653 0.393347 
 ----> turn 626 0 0.538016 0.461984 
 ----> turn 627 0 0.468333 0.531667 
 ----> turn 628 1 0.517093 0.482907 
 ----> turn 629 1 0.530905 0.469095 
 ----> turn 630 0 0.593687 0.406313 
 ----> turn 631 1 0.510256 0.489744 
 ----> turn 632 1 0.50481 0.49519 
 ----> turn 633 0 0.559021 0.440979 
 ----> turn 634 1 0.543889 0.456111 
 ----> turn 635 0 0.548215 0.451785 
 ----> turn 636 1 0.531643 0.468357 
 ----> turn 637 0 0.549079 0.450921 
 ----> turn 638 0 0.53267 0.46733 
 ----> turn 639 1 0.549332 0.450668 
 ----> turn 640 1 0.489651 0.510349 
 ----> turn 641 0 0.581693 0.418307 
 ----> turn 642 0 0.580715 0.419285 
 ----> turn 643 0 0.576089 0.423911 
 ----> turn 644 0 0.577545 0.422455 
 ----> turn 645 0 0.535565 0.464435 
 ----> turn 646 0 0.561025 0.438975 
 ----> turn 647 1 0.501278 0.498722 
 ----> turn 648 0 0.570152 0.429848 
 ----> turn 649 1 0.520651 0.479349 
 ----> turn 650 1 0.539707 0.460293 
 ----> turn 651 1 0.499704 0.500296 
 ----> turn 652 0 0.610164 0.389836 
 ----> turn 653 1 0.556024 0.443976 
 ----> turn 654 1 0.531289 0.468711 
 ----> turn 655 0 0.525468 0.474532 
 ----> turn 656 0 0.543152 0.456848 
 ----> turn 657 0 0.550847 0.449153 
 ----> turn 658 1 0.52466 0.47534 
 ----> turn 659 1 0.607161 0.392839 
 ----> turn 660 0 0.479548 0.520452 
 ----> turn 661 0 0.568702 0.431298 
 ----> turn 662 1 0.537237 0.462763 
 ----> turn 663 0 0.559934 0.440066 
 ----> turn 664 1 0.520895 0.479105 
 ----> turn 665 1 0.470252 0.529748 
 ----> turn 666 0 0.569781 0.430219 
 ----> turn 667 0 0.558033 0.441967 
 ----> turn 668 1 0.552495 0.447505 
 ----> turn 669 0 0.605999 0.394001 
 ----> turn 670 0 0.547997 0.452003 
 ----> turn 671 1 0.549475 0.450525 
 ----> turn 672 0 0.49684 0.50316 
 ----> turn 673 1 0.540007 0.459993 
 ----> turn 674 1 0.567441 0.432559 
 ----> turn 675 1 0.511992 0.488008 
 ----> turn 676 0 0.550381 0.449619 
 ----> turn 677 0 0.561465 0.438535 
 ----> turn 678 1 0.542597 0.457403 
 ----> turn 679 0 0.554492 0.445508 
 ----> turn 680 1 0.580085 0.419915 
 ----> turn 681 0 0.540745 0.459255 
 ----> turn 682 0 0.57767 0.42233 
 ----> turn 683 1 0.497756 0.502244 
 ----> turn 684 0 0.548197 0.451803 
 ----> turn 685 1 0.508911 0.491089 
 ----> turn 686 0 0.579078 0.420922 
 ----> turn 687 0 0.573994 0.426006 
 ----> turn 688 1 0.567226 0.432774 
 ----> turn 689 0 0.660728 0.339272 
 ----> turn 690 0 0.564949 0.435051 
 ----> turn 691 1 0.55004 0.44996 
 ----> turn 692 0 0.615092 0.384908 
 ----> turn 693 1 0.43279 0.56721 
 ----> turn 694 1 0.516768 0.483232 
 ----> turn 695 1 0.573726 0.426274 
 ----> turn 696 0 0.586895 0.413105 
 ----> turn 697 0 0.546983 0.453017 
 ----> turn 698 0 0.550406 0.449594 
 ----> turn 699 1 0.515883 0.484117 
 ----> turn 700 1 0.563119 0.436881 
 ----> turn 701 0 0.541459 0.458541 
 ----> turn 702 0 0.549564 0.450436 
 ----> turn 703 1 0.483434 0.516566 
 ----> turn 704 1 0.536245 0.463755 
 ----> turn 705 0 0.551203 0.448797 
 ----> turn 706 1 0.515668 0.484332 
 ----> turn 707 1 0.547095 0.452905 
 ----> turn 708 1 0.532522 0.467478 
 ----> turn 709 1 0.464749 0.535251 
 ----> turn 710 0 0.589388 0.410612 
 ----> turn 711 0 0.530809 0.469191 
 ----> turn 712 1 0.568702 0.431298 
 ----> turn 713 0 0.571762 0.428238 
 ----> turn 714 1 0.567337 0.432663 
 ----> turn 715 0 0.540008 0.459992 
 ----> turn 716 1 0.558764 0.441236 
 ----> turn 717 0 0.505058 0.494942 
 ----> turn 718 1 0.631062 0.368938 
