 ----> turn 1 1 0.534118 0.465882 
 ----> turn 2 0 0.54812 0.45188 
 ----> turn 3 1 0.52411 0.47589 
 ----> turn 4 0 0.575144 0.424856 
 ----> turn 5 0 0.556785 0.443215 
 ----> turn 6 1 0.572687 0.427313 
 ----> turn 7 0 0.57137 0.42863 
 ----> turn 8 0 0.502814 0.497186 
 ----> turn 9 1 0.587517 0.412483 
 ----> turn 10 1 0.504838 0.495162 
 ----> turn 11 0 0.551171 0.448829 
 ----> turn 12 0 0.598173 0.401827 
 ----> turn 13 0 0.537464 0.462536 
 ----> turn 14 1 0.588696 0.411304 
 ----> turn 15 0 0.482437 0.517563 
 ----> turn 16 1 0.542234 0.457766 
 ----> turn 17 1 0.588645 0.411355 
 ----> turn 18 0 0.543643 0.456357 
 ----> turn 19 1 0.556242 0.443758 
 ----> turn 20 0 0.562322 0.437678 
 ----> turn 21 0 0.557193 0.442807 
 ----> turn 22 1 0.536549 0.463451 
 ----> turn 23 0 0.520768 0.479232 
 ----> turn 24 0 0.600514 0.399486 
 ----> turn 25 1 0.466418 0.533582 
 ----> turn 26 0 0.401345 0.598655 
 ----> turn 27 1 0.538565 0.461435 
 ----> turn 28 1 0.584131 0.415869 
 ----> turn 29 0 0.527949 0.472051 
 ----> turn 30 0 0.578522 0.421478 
 ----> turn 31 0 0.550196 0.449804 
 ----> turn 32 0 0.581208 0.418792 
 ----> turn 33 1 0.532533 0.467467 
 ----> turn 34 0 0.538361 0.461639 
 ----> turn 35 1 0.532252 0.467748 
 ----> turn 36 0 0.565197 0.434803 
 ----> turn 37 0 0.584679 0.415321 
 ----> turn 38 1 0.544394 0.455606 
 ----> turn 39 1 0.585025 0.414975 
 ----> turn 40 1 0.510757 0.489243 
 ----> turn 41 0 0.58113 0.41887 
 ----> turn 42 0 0.502227 0.497773 
 ----> turn 43 0 0.570415 0.429585 
 ----> turn 44 0 0.610239 0.389761 
 ----> turn 45 1 0.558085 0.441915 
 ----> turn 46 1 0.60183 0.39817 
 ----> turn 47 0 0.529549 0.470451 
 ----> turn 48 0 0.552168 0.447832 
 ----> turn 49 1 0.539248 0.460752 
 ----> turn 50 1 0.551167 0.448833 
 ----> turn 51 1 0.584222 0.415778 
 ----> turn 52 0 0.549013 0.450987 
 ----> turn 53 1 0.548883 0.451117 
 ----> turn 54 1 0.553117 0.446883 
 ----> turn 55 0 0.580183 0.419817 
 ----> turn 56 0 0.514821 0.485179 
 ----> turn 57 1 0.525905 0.474095 
 ----> turn 58 0 0.541609 0.458391 
 ----> turn 59 1 0.52879 0.47121 
 ----> turn 60 1 0.550944 0.449056 
 ----> turn 61 0 0.526477 0.473523 
 ----> turn 62 1 0.544177 0.455823 
 ----> turn 63 0 0.543404 0.456596 
 ----> turn 64 1 0.517331 0.482669 
 ----> turn 65 0 0.557653 0.442347 
 ----> turn 66 1 0.555886 0.444114 
 ----> turn 67 0 0.550151 0.449849 
 ----> turn 68 0 0.562675 0.437325 
 ----> turn 69 1 0.522554 0.477446 
 ----> turn 70 0 0.586563 0.413437 
 ----> turn 71 0 0.528266 0.471734 
 ----> turn 72 0 0.520847 0.479153 
 ----> turn 73 1 0.499557 0.500443 
 ----> turn 74 1 0.557058 0.442942 
 ----> turn 75 0 0.562647 0.437353 
 ----> turn 76 0 0.534888 0.465112 
 ----> turn 77 0 0.531078 0.468922 
 ----> turn 78 1 0.512642 0.487358 
 ----> turn 79 0 0.525264 0.474736 
 ----> turn 80 1 0.492285 0.507715 
 ----> turn 81 1 0.564757 0.435243 
 ----> turn 82 1 0.549096 0.450904 
 ----> turn 83 0 0.539781 0.460219 
 ----> turn 84 1 0.525198 0.474802 
 ----> turn 85 0 0.576329 0.423671 
 ----> turn 86 0 0.550419 0.449581 
 ----> turn 87 0 0.547223 0.452777 
 ----> turn 88 0 0.551862 0.448138 
 ----> turn 89 0 0.534404 0.465596 
 ----> turn 90 1 0.499713 0.500287 
 ----> turn 91 0 0.596876 0.403124 
 ----> turn 92 1 0.485614 0.514386 
 ----> turn 93 0 0.587653 0.412347 
 ----> turn 94 1 0.54703 0.45297 
 ----> turn 95 0 0.556491 0.443509 
 ----> turn 96 1 0.550773 0.449227 
 ----> turn 97 0 0.57561 0.42439 
 ----> turn 98 0 0.554806 0.445194 
 ----> turn 99 1 0.511312 0.488688 
 ----> turn 100 0 0.57459 0.42541 
 ----> turn 101 1 0.54129 0.45871 
 ----> turn 102 1 0.524063 0.475937 
 ----> turn 103 0 0.542781 0.457219 
 ----> turn 104 0 0.566391 0.433609 
 ----> turn 105 0 0.56368 0.43632 
 ----> turn 106 0 0.535358 0.464642 
 ----> turn 107 0 0.555368 0.444632 
 ----> turn 108 1 0.535859 0.464141 
 ----> turn 109 0 0.533549 0.466451 
 ----> turn 110 0 0.555642 0.444358 
 ----> turn 111 1 0.526036 0.473964 
 ----> turn 112 0 0.559255 0.440745 
 ----> turn 113 1 0.540603 0.459397 
 ----> turn 114 0 0.523883 0.476117 
 ----> turn 115 0 0.540869 0.459131 
 ----> turn 116 1 0.537397 0.462603 
 ----> turn 117 1 0.529037 0.470963 
 ----> turn 118 0 0.540167 0.459833 
 ----> turn 119 0 0.535711 0.464289 
 ----> turn 120 0 0.561647 0.438353 
 ----> turn 121 0 0.582414 0.417586 
 ----> turn 122 0 0.591089 0.408911 
 ----> turn 123 1 0.519579 0.480421 
 ----> turn 124 1 0.518006 0.481994 
 ----> turn 125 0 0.598766 0.401234 
 ----> turn 126 1 0.552204 0.447796 
 ----> turn 127 0 0.540867 0.459133 
 ----> turn 128 1 0.499036 0.500964 
 ----> turn 129 0 0.531549 0.468451 
 ----> turn 130 0 0.559757 0.440243 
 ----> turn 131 0 0.539795 0.460205 
 ----> turn 132 1 0.529806 0.470194 
 ----> turn 133 0 0.515165 0.484835 
 ----> turn 134 1 0.482931 0.517069 
 ----> turn 135 1 0.587631 0.412369 
 ----> turn 136 0 0.500869 0.499131 
 ----> turn 137 0 0.556958 0.443042 
 ----> turn 138 0 0.537269 0.462731 
 ----> turn 139 0 0.54906 0.45094 
 ----> turn 140 0 0.569511 0.430489 
 ----> turn 141 1 0.502637 0.497363 
 ----> turn 142 0 0.63355 0.36645 
 ----> turn 143 1 0.439103 0.560897 
 ----> turn 144 0 0.603787 0.396213 
 ----> turn 145 0 0.562395 0.437605 
 ----> turn 146 1 0.529002 0.470998 
 ----> turn 147 0 0.535135 0.464865 
 ----> turn 148 1 0.524042 0.475958 
 ----> turn 149 1 0.553384 0.446616 
 ----> turn 150 0 0.575894 0.424106 
 ----> turn 151 0 0.600328 0.399672 
 ----> turn 152 0 0.504322 0.495678 
 ----> turn 153 0 0.562557 0.437443 
 ----> turn 154 1 0.546331 0.453669 
 ----> turn 155 0 0.538195 0.461805 
 ----> turn 156 1 0.527249 0.472751 
 ----> turn 157 1 0.53855 0.46145 
 ----> turn 158 0 0.557825 0.442175 
 ----> turn 159 0 0.544447 0.455553 
 ----> turn 160 0 0.589011 0.410989 
 ----> turn 161 0 0.529366 0.470634 
 ----> turn 162 0 0.531052 0.468948 
 ----> turn 163 1 0.576305 0.423695 
 ----> turn 164 0 0.535609 0.464391 
 ----> turn 165 1 0.56887 0.43113 
 ----> turn 166 0 0.551972 0.448028 
 ----> turn 167 1 0.455872 0.544128 
 ----> turn 168 0 0.541127 0.458873 
 ----> turn 169 1 0.556335 0.443665 
 ----> turn 170 1 0.533448 0.466552 
 ----> turn 171 1 0.532908 0.467092 
 ----> turn 172 0 0.541404 0.458596 
 ----> turn 173 1 0.517241 0.482759 
 ----> turn 174 0 0.568275 0.431725 
 ----> turn 175 1 0.540977 0.459023 
 ----> turn 176 0 0.598658 0.401342 
 ----> turn 177 0 0.562506 0.437494 
 ----> turn 178 0 0.581482 0.418518 
 ----> turn 179 1 0.48751 0.51249 
 ----> turn 180 1 0.570815 0.429185 
 ----> turn 181 1 0.532902 0.467098 
 ----> turn 182 1 0.488649 0.511351 
 ----> turn 183 0 0.601322 0.398678 
 ----> turn 184 1 0.497112 0.502888 
 ----> turn 185 0 0.579742 0.420258 
 ----> turn 186 0 0.575566 0.424434 
 ----> turn 187 0 0.499536 0.500464 
 ----> turn 188 0 0.594016 0.405984 
 ----> turn 189 1 0.527479 0.472521 
 ----> turn 190 0 0.578758 0.421242 
 ----> turn 191 0 0.554326 0.445674 
 ----> turn 192 1 0.537943 0.462057 
 ----> turn 193 0 0.62133 0.37867 
 ----> turn 194 0 0.501512 0.498488 
 ----> turn 195 1 0.5288 0.4712 
 ----> turn 196 1 0.509092 0.490908 
 ----> turn 197 0 0.577802 0.422198 
 ----> turn 198 1 0.516685 0.483315 
 ----> turn 199 0 0.572381 0.427619 
 ----> turn 200 0 0.515717 0.484283 
 ----> turn 201 1 0.486114 0.513886 
 ----> turn 202 1 0.571979 0.428021 
 ----> turn 203 0 0.54524 0.45476 
 ----> turn 204 1 0.619443 0.380557 
 ----> turn 205 0 0.58253 0.41747 
 ----> turn 206 1 0.562853 0.437147 
 ----> turn 207 1 0.498633 0.501367 
 ----> turn 208 0 0.577211 0.422789 
 ----> turn 209 0 0.517268 0.482732 
 ----> turn 210 1 0.537787 0.462213 
 ----> turn 211 0 0.547513 0.452487 
 ----> turn 212 1 0.527551 0.472449 
 ----> turn 213 0 0.548939 0.451061 
 ----> turn 214 0 0.552605 0.447395 
 ----> turn 215 1 0.541498 0.458502 
 ----> turn 216 0 0.527494 0.472506 
 ----> turn 217 1 0.544135 0.455865 
 ----> turn 218 1 0.518888 0.481112 
 ----> turn 219 0 0.554385 0.445615 
 ----> turn 220 1 0.542061 0.457939 
 ----> turn 221 1 0.473406 0.526594 
 ----> turn 222 1 0.570188 0.429812 
 ----> turn 223 0 0.540824 0.459176 
 ----> turn 224 0 0.630592 0.369408 
 ----> turn 225 1 0.522913 0.477087 
 ----> turn 226 0 0.600149 0.399851 
 ----> turn 227 0 0.542 0.458 
 ----> turn 228 0 0.530224 0.469776 
 ----> turn 229 0 0.532423 0.467577 
 ----> turn 230 1 0.522961 0.477039 
 ----> turn 231 1 0.54223 0.45777 
 ----> turn 232 0 0.53561 0.46439 
 ----> turn 233 0 0.513 0.487 
 ----> turn 234 1 0.503785 0.496215 
 ----> turn 235 1 0.547205 0.452795 
 ----> turn 236 1 0.525319 0.474681 
 ----> turn 237 0 0.536419 0.463581 
 ----> turn 238 1 0.509597 0.490403 
 ----> turn 239 0 0.587452 0.412548 
 ----> turn 240 1 0.484752 0.515248 
 ----> turn 241 0 0.586959 0.413041 
 ----> turn 242 1 0.50425 0.49575 
 ----> turn 243 0 0.536638 0.463362 
 ----> turn 244 1 0.528489 0.471511 
 ----> turn 245 0 0.587379 0.412621 
 ----> turn 246 1 0.524186 0.475814 
 ----> turn 247 0 0.576754 0.423246 
 ----> turn 248 0 0.567199 0.432801 
 ----> turn 249 1 0.506826 0.493174 
 ----> turn 250 1 0.490443 0.509557 
 ----> turn 251 1 0.548497 0.451503 
 ----> turn 252 0 0.560469 0.439531 
 ----> turn 253 1 0.504924 0.495076 
 ----> turn 254 0 0.53139 0.46861 
 ----> turn 255 0 0.563646 0.436354 
 ----> turn 256 0 0.571081 0.428919 
 ----> turn 257 1 0.538078 0.461922 
 ----> turn 258 0 0.54131 0.45869 
 ----> turn 259 0 0.523081 0.476919 
 ----> turn 260 1 0.519236 0.480764 
 ----> turn 261 1 0.546042 0.453958 
 ----> turn 262 1 0.523882 0.476118 
 ----> turn 263 0 0.554084 0.445916 
 ----> turn 264 1 0.533039 0.466961 
 ----> turn 265 1 0.558162 0.441838 
 ----> turn 266 0 0.623437 0.376563 
 ----> turn 267 1 0.524767 0.475233 
 ----> turn 268 0 0.613364 0.386636 
 ----> turn 269 0 0.532806 0.467194 
 ----> turn 270 0 0.584734 0.415266 
 ----> turn 271 1 0.535754 0.464246 
 ----> turn 272 0 0.514085 0.485915 
 ----> turn 273 1 0.566279 0.433721 
 ----> turn 274 0 0.540626 0.459374 
 ----> turn 275 1 0.515562 0.484438 
 ----> turn 276 0 0.542849 0.457151 
 ----> turn 277 0 0.601644 0.398356 
 ----> turn 278 0 0.55828 0.44172 
 ----> turn 279 1 0.532937 0.467063 
 ----> turn 280 0 0.562548 0.437452 
 ----> turn 281 0 0.55462 0.44538 
 ----> turn 282 1 0.500129 0.499871 
 ----> turn 283 0 0.495209 0.504791 
 ----> turn 284 0 0.582479 0.417521 
 ----> turn 285 0 0.61067 0.38933 
 ----> turn 286 1 0.534968 0.465032 
 ----> turn 287 1 0.526471 0.473529 
 ----> turn 288 1 0.571633 0.428367 
 ----> turn 289 0 0.588521 0.411479 
 ----> turn 290 0 0.512336 0.487664 
 ----> turn 291 1 0.540706 0.459294 
 ----> turn 292 0 0.56342 0.43658 
 ----> turn 293 1 0.551909 0.448091 
 ----> turn 294 1 0.562492 0.437508 
 ----> turn 295 0 0.553389 0.446611 
 ----> turn 296 1 0.503899 0.496101 
 ----> turn 297 0 0.651133 0.348867 
 ----> turn 298 1 0.443987 0.556013 
 ----> turn 299 0 0.559808 0.440192 
 ----> turn 300 0 0.58232 0.41768 
 ----> turn 301 0 0.554228 0.445772 
 ----> turn 302 1 0.547747 0.452253 
 ----> turn 303 1 0.476813 0.523187 
 ----> turn 304 0 0.564848 0.435152 
 ----> turn 305 1 0.501358 0.498642 
 ----> turn 306 0 0.548988 0.451012 
 ----> turn 307 0 0.563369 0.436631 
 ----> turn 308 1 0.521647 0.478353 
 ----> turn 309 0 0.570405 0.429595 
 ----> turn 310 1 0.528346 0.471654 
 ----> turn 311 0 0.567205 0.432795 
 ----> turn 312 1 0.494094 0.505906 
 ----> turn 313 0 0.598689 0.401311 
 ----> turn 314 0 0.573406 0.426594 
 ----> turn 315 0 0.588084 0.411916 
 ----> turn 316 1 0.570076 0.429924 
 ----> turn 317 1 0.504296 0.495704 
 ----> turn 318 0 0.544468 0.455532 
 ----> turn 319 1 0.551159 0.448841 
 ----> turn 320 1 0.508865 0.491135 
 ----> turn 321 1 0.512458 0.487542 
 ----> turn 322 0 0.534785 0.465215 
 ----> turn 323 0 0.600344 0.399656 
 ----> turn 324 1 0.519536 0.480464 
 ----> turn 325 0 0.526566 0.473434 
 ----> turn 326 0 0.545302 0.454698 
 ----> turn 327 1 0.532398 0.467602 
 ----> turn 328 0 0.599722 0.400278 
 ----> turn 329 0 0.603949 0.396051 
 ----> turn 330 1 0.486837 0.513163 
 ----> turn 331 0 0.559537 0.440463 
 ----> turn 332 0 0.57142 0.42858 
 ----> turn 333 1 0.527477 0.472523 
 ----> turn 334 1 0.576082 0.423918 
 ----> turn 335 0 0.599135 0.400865 
 ----> turn 336 1 0.511868 0.488132 
 ----> turn 337 0 0.599037 0.400963 
 ----> turn 338 1 0.56047 0.43953 
 ----> turn 339 0 0.556406 0.443594 
 ----> turn 340 1 0.491909 0.508091 
 ----> turn 341 0 0.531332 0.468668 
 ----> turn 342 1 0.516584 0.483416 
 ----> turn 343 0 0.567929 0.432071 
 ----> turn 344 0 0.627591 0.372409 
 ----> turn 345 0 0.546366 0.453634 
 ----> turn 346 1 0.583918 0.416082 
 ----> turn 347 0 0.521843 0.478157 
 ----> turn 348 0 0.540412 0.459588 
 ----> turn 349 1 0.499449 0.500551 
 ----> turn 350 1 0.467537 0.532463 
 ----> turn 351 0 0.596884 0.403116 
 ----> turn 352 0 0.545713 0.454287 
 ----> turn 353 1 0.553964 0.446036 
 ----> turn 354 0 0.514676 0.485324 
 ----> turn 355 1 0.536479 0.463521 
 ----> turn 356 1 0.448207 0.551793 
 ----> turn 357 1 0.536981 0.463019 
 ----> turn 358 0 0.591668 0.408332 
 ----> turn 359 0 0.521755 0.478245 
 ----> turn 360 1 0.544962 0.455038 
 ----> turn 361 1 0.517192 0.482808 
 ----> turn 362 0 0.548809 0.451191 
 ----> turn 363 0 0.535987 0.464013 
 ----> turn 364 0 0.566112 0.433888 
 ----> turn 365 0 0.559695 0.440305 
 ----> turn 366 1 0.499984 0.500016 
 ----> turn 367 0 0.588893 0.411107 
 ----> turn 368 0 0.549811 0.450189 
 ----> turn 369 0 0.523661 0.476339 
 ----> turn 370 1 0.529738 0.470262 
 ----> turn 371 0 0.503564 0.496436 
 ----> turn 372 1 0.580187 0.419813 
 ----> turn 373 0 0.558536 0.441464 
 ----> turn 374 0 0.582622 0.417378 
 ----> turn 375 1 0.508819 0.491181 
 ----> turn 376 0 0.525314 0.474686 
 ----> turn 377 1 0.494161 0.505839 
 ----> turn 378 1 0.561599 0.438401 
 ----> turn 379 0 0.547698 0.452302 
 ----> turn 380 0 0.616675 0.383325 
 ----> turn 381 1 0.560343 0.439657 
 ----> turn 382 1 0.487686 0.512314 
 ----> turn 383 1 0.535563 0.464437 
 ----> turn 384 0 0.592133 0.407867 
 ----> turn 385 1 0.49066 0.50934 
 ----> turn 386 0 0.565499 0.434501 
 ----> turn 387 1 0.522255 0.477745 
 ----> turn 388 1 0.530922 0.469078 
 ----> turn 389 0 0.584861 0.415139 
 ----> turn 390 0 0.525318 0.474682 
 ----> turn 391 0 0.616579 0.383421 
 ----> turn 392 1 0.473243 0.526757 
 ----> turn 393 1 0.559672 0.440328 
 ----> turn 394 1 0.531602 0.468398 
 ----> turn 395 0 0.554797 0.445203 
 ----> turn 396 0 0.544228 0.455772 
 ----> turn 397 0 0.53171 0.46829 
 ----> turn 398 1 0.54669 0.45331 
 ----> turn 399 1 0.477371 0.522629 
 ----> turn 400 1 0.550252 0.449748 
 ----> turn 401 0 0.585252 0.414748 
 ----> turn 402 0 0.550289 0.449711 
 ----> turn 403 0 0.583062 0.416938 
 ----> turn 404 1 0.461233 0.538767 
 ----> turn 405 1 0.558225 0.441775 
 ----> turn 406 1 0.54307 0.45693 
 ----> turn 407 1 0.461887 0.538113 
 ----> turn 408 0 0.589646 0.410354 
 ----> turn 409 0 0.593136 0.406864 
 ----> turn 410 0 0.584741 0.415259 
 ----> turn 411 0 0.524306 0.475694 
 ----> turn 412 1 0.521436 0.478564 
 ----> turn 413 1 0.549503 0.450497 
 ----> turn 414 0 0.517278 0.482722 
 ----> turn 415 1 0.534295 0.465705 
 ----> turn 416 0 0.57383 0.42617 
 ----> turn 417 0 0.551189 0.448811 
 ----> turn 418 1 0.54341 0.45659 
 ----> turn 419 1 0.558945 0.441055 
 ----> turn 420 1 0.562435 0.437565 
 ----> turn 421 0 0.565515 0.434485 
 ----> turn 422 0 0.532052 0.467948 
 ----> turn 423 1 0.511423 0.488577 
 ----> turn 424 0 0.512475 0.487525 
 ----> turn 425 0 0.544192 0.455808 
 ----> turn 426 1 0.513891 0.486109 
 ----> turn 427 0 0.525459 0.474541 
 ----> turn 428 0 0.571638 0.428362 
 ----> turn 429 0 0.585355 0.414645 
 ----> turn 430 0 0.539791 0.460209 
 ----> turn 431 1 0.546609 0.453391 
 ----> turn 432 1 0.516502 0.483498 
 ----> turn 433 1 0.531833 0.468167 
 ----> turn 434 0 0.546015 0.453985 
 ----> turn 435 1 0.490344 0.509656 
 ----> turn 436 0 0.536696 0.463304 
 ----> turn 437 0 0.584481 0.415519 
 ----> turn 438 0 0.563581 0.436419 
 ----> turn 439 0 0.52055 0.47945 
 ----> turn 440 1 0.555296 0.444704 
 ----> turn 441 0 0.532132 0.467868 
 ----> turn 442 1 0.587118 0.412882 
 ----> turn 443 1 0.446264 0.553736 
 ----> turn 444 0 0.5679 0.4321 
 ----> turn 445 1 0.510752 0.489248 
 ----> turn 446 0 0.61797 0.38203 
 ----> turn 447 0 0.55196 0.44804 
 ----> turn 448 1 0.565119 0.434881 
 ----> turn 449 1 0.436188 0.563812 
 ----> turn 450 0 0.587761 0.412239 
 ----> turn 451 0 0.554149 0.445851 
 ----> turn 452 1 0.514447 0.485553 
 ----> turn 453 0 0.585534 0.414466 
 ----> turn 454 1 0.514478 0.485522 
 ----> turn 455 0 0.575107 0.424893 
 ----> turn 456 0 0.563574 0.436426 
 ----> turn 457 0 0.560534 0.439466 
 ----> turn 458 1 0.521335 0.478665 
 ----> turn 459 0 0.57752 0.42248 
 ----> turn 460 1 0.515702 0.484298 
 ----> turn 461 1 0.571883 0.428117 
 ----> turn 462 0 0.542802 0.457198 
 ----> turn 463 1 0.545772 0.454228 
 ----> turn 464 0 0.528104 0.471896 
 ----> turn 465 1 0.550111 0.449889 
 ----> turn 466 0 0.535866 0.464134 
 ----> turn 467 1 0.517159 0.482841 
 ----> turn 468 0 0.568546 0.431454 
 ----> turn 469 1 0.539585 0.460415 
 ----> turn 470 0 0.559715 0.440285 
 ----> turn 471 1 0.539605 0.460395 
 ----> turn 472 0 0.517109 0.482891 
 ----> turn 473 1 0.557993 0.442007 
 ----> turn 474 0 0.56015 0.43985 
 ----> turn 475 0 0.51742 0.48258 
 ----> turn 476 1 0.544192 0.455808 
 ----> turn 477 1 0.536467 0.463533 
 ----> turn 478 1 0.532377 0.467623 
 ----> turn 479 0 0.580683 0.419317 
 ----> turn 480 0 0.523052 0.476948 
 ----> turn 481 1 0.495954 0.504046 
 ----> turn 482 0 0.52624 0.47376 
 ----> turn 483 0 0.518073 0.481927 
 ----> turn 484 1 0.526847 0.473153 
 ----> turn 485 0 0.563402 0.436598 
 ----> turn 486 0 0.553709 0.446291 
 ----> turn 487 1 0.555506 0.444494 
 ----> turn 488 0 0.576062 0.423938 
 ----> turn 489 1 0.504343 0.495657 
 ----> turn 490 0 0.585068 0.414932 
 ----> turn 491 1 0.533562 0.466438 
 ----> turn 492 0 0.518672 0.481328 
 ----> turn 493 0 0.558598 0.441402 
 ----> turn 494 1 0.574565 0.425435 
 ----> turn 495 0 0.518533 0.481467 
 ----> turn 496 1 0.52569 0.47431 
 ----> turn 497 0 0.587567 0.412433 
 ----> turn 498 1 0.496042 0.503958 
 ----> turn 499 0 0.559911 0.440089 
 ----> turn 500 1 0.490434 0.509566 
 ----> turn 501 0 0.532309 0.467691 
 ----> turn 502 1 0.506315 0.493685 
 ----> turn 503 1 0.517035 0.482965 
 ----> turn 504 1 0.522603 0.477397 
 ----> turn 505 0 0.570952 0.429048 
 ----> turn 506 0 0.525165 0.474835 
 ----> turn 507 1 0.556048 0.443952 
 ----> turn 508 1 0.528743 0.471257 
 ----> turn 509 1 0.517315 0.482685 
 ----> turn 510 0 0.561031 0.438969 
 ----> turn 511 0 0.578745 0.421255 
 ----> turn 512 0 0.568024 0.431976 
 ----> turn 513 1 0.554962 0.445038 
 ----> turn 514 1 0.528819 0.471181 
 ----> turn 515 0 0.543131 0.456869 
 ----> turn 516 0 0.548122 0.451878 
 ----> turn 517 1 0.509858 0.490142 
 ----> turn 518 1 0.489346 0.510654 
 ----> turn 519 0 0.564864 0.435136 
 ----> turn 520 1 0.539371 0.460629 
 ----> turn 521 1 0.508187 0.491813 
 ----> turn 522 0 0.557661 0.442339 
 ----> turn 523 1 0.521044 0.478956 
 ----> turn 524 0 0.632615 0.367385 
 ----> turn 525 0 0.544512 0.455488 
 ----> turn 526 0 0.564224 0.435776 
 ----> turn 527 1 0.505043 0.494957 
 ----> turn 528 0 0.559586 0.440414 
 ----> turn 529 1 0.52121 0.47879 
 ----> turn 530 0 0.557495 0.442505 
 ----> turn 531 1 0.525341 0.474659 
 ----> turn 532 0 0.561624 0.438376 
 ----> turn 533 1 0.506403 0.493597 
 ----> turn 534 0 0.607374 0.392626 
 ----> turn 535 0 0.537205 0.462795 
 ----> turn 536 1 0.575345 0.424655 
 ----> turn 537 1 0.552763 0.447237 
 ----> turn 538 0 0.534301 0.465699 
 ----> turn 539 1 0.507246 0.492754 
 ----> turn 540 1 0.485177 0.514823 
 ----> turn 541 0 0.595616 0.404384 
 ----> turn 542 0 0.541524 0.458476 
 ----> turn 543 1 0.529191 0.470809 
 ----> turn 544 1 0.570716 0.429284 
 ----> turn 545 0 0.532436 0.467564 
 ----> turn 546 0 0.569308 0.430692 
 ----> turn 547 1 0.542557 0.457443 
 ----> turn 548 1 0.574537 0.425463 
 ----> turn 549 0 0.527467 0.472533 
 ----> turn 550 0 0.588831 0.411169 
 ----> turn 551 1 0.51857 0.48143 
 ----> turn 552 0 0.588654 0.411346 
 ----> turn 553 1 0.500143 0.499857 
 ----> turn 554 0 0.61631 0.38369 
 ----> turn 555 0 0.542479 0.457521 
 ----> turn 556 0 0.620974 0.379026 
 ----> turn 557 1 0.506401 0.493599 
 ----> turn 558 1 0.515976 0.484024 
 ----> turn 559 1 0.522208 0.477792 
 ----> turn 560 0 0.575312 0.424688 
 ----> turn 561 0 0.576766 0.423234 
 ----> turn 562 1 0.531876 0.468124 
 ----> turn 563 0 0.56373 0.43627 
 ----> turn 564 0 0.567156 0.432844 
 ----> turn 565 1 0.45507 0.54493 
 ----> turn 566 0 0.563023 0.436977 
 ----> turn 567 0 0.538488 0.461512 
 ----> turn 568 0 0.485164 0.514836 
 ----> turn 569 0 0.548437 0.451563 
 ----> turn 570 1 0.52816 0.47184 
 ----> turn 571 1 0.53081 0.46919 
 ----> turn 572 0 0.558969 0.441031 
 ----> turn 573 0 0.635073 0.364927 
 ----> turn 574 0 0.630977 0.369023 
 ----> turn 575 1 0.515671 0.484329 
 ----> turn 576 1 0.570937 0.429063 
 ----> turn 577 0 0.488708 0.511292 
 ----> turn 578 0 0.563172 0.436828 
 ----> turn 579 0 0.522206 0.477794 
 ----> turn 580 1 0.555019 0.444981 
 ----> turn 581 0 0.533395 0.466605 
 ----> turn 582 0 0.597978 0.402022 
 ----> turn 583 1 0.508426 0.491574 
 ----> turn 584 1 0.518089 0.481911 
 ----> turn 585 0 0.55202 0.44798 
 ----> turn 586 0 0.573798 0.426202 
 ----> turn 587 1 0.464303 0.535697 
 ----> turn 588 1 0.545783 0.454217 
 ----> turn 589 1 0.521601 0.478399 
 ----> turn 590 0 0.531075 0.468925 
 ----> turn 591 1 0.521475 0.478525 
 ----> turn 592 1 0.541218 0.458782 
 ----> turn 593 0 0.549467 0.450533 
 ----> turn 594 0 0.557397 0.442603 
 ----> turn 595 1 0.518077 0.481923 
 ----> turn 596 1 0.563664 0.436336 
 ----> turn 597 0 0.52132 0.47868 
 ----> turn 598 1 0.502106 0.497894 
 ----> turn 599 1 0.533924 0.466076 
 ----> turn 600 0 0.577713 0.422287 
 ----> turn 601 1 0.576102 0.423898 
 ----> turn 602 1 0.54458 0.45542 
 ----> turn 603 0 0.517993 0.482007 
 ----> turn 604 0 0.535784 0.464216 
 ----> turn 605 0 0.570485 0.429515 
 ----> turn 606 1 0.469585 0.530415 
 ----> turn 607 1 0.579567 0.420433 
 ----> turn 608 0 0.5574 0.4426 
 ----> turn 609 0 0.557962 0.442038 
 ----> turn 610 0 0.550971 0.449029 
 ----> turn 611 1 0.522804 0.477196 
 ----> turn 612 0 0.577221 0.422779 
 ----> turn 613 1 0.541304 0.458696 
 ----> turn 614 0 0.551634 0.448366 
 ----> turn 615 1 0.54593 0.45407 
 ----> turn 616 0 0.555009 0.444991 
 ----> turn 617 1 0.471644 0.528356 
 ----> turn 618 1 0.512606 0.487394 
 ----> turn 619 1 0.528911 0.471089 
 ----> turn 620 1 0.545661 0.454339 
 ----> turn 621 0 0.558044 0.441956 
 ----> turn 622 0 0.58629 0.41371 
 ----> turn 623 0 0.60055 0.39945 
 ----> turn 624 0 0.57299 0.42701 
 ----> turn 625 0 0.532348 0.467652 
 ----> turn 626 0 0.528243 0.471757 
 ----> turn 627 0 0.561352 0.438648 
 ----> turn 628 1 0.56422 0.43578 
 ----> turn 629 1 0.550898 0.449102 
 ----> turn 630 0 0.587547 0.412453 
 ----> turn 631 1 0.543197 0.456803 
 ----> turn 632 1 0.549238 0.450762 
 ----> turn 633 0 0.543209 0.456791 
 ----> turn 634 1 0.543012 0.456988 
 ----> turn 635 0 0.542679 0.457321 
 ----> turn 636 1 0.553697 0.446303 
 ----> turn 637 0 0.553749 0.446251 
 ----> turn 638 0 0.501952 0.498048 
 ----> turn 639 1 0.55307 0.44693 
 ----> turn 640 1 0.515881 0.484119 
 ----> turn 641 0 0.568184 0.431816 
 ----> turn 642 0 0.560227 0.439773 
 ----> turn 643 0 0.557848 0.442152 
 ----> turn 644 0 0.59228 0.40772 
 ----> turn 645 0 0.51671 0.48329 
 ----> turn 646 0 0.550013 0.449987 
 ----> turn 647 1 0.514338 0.485662 
 ----> turn 648 0 0.567581 0.432419 
 ----> turn 649 1 0.514753 0.485247 
 ----> turn 650 1 0.522878 0.477122 
 ----> turn 651 1 0.504352 0.495648 
 ----> turn 652 0 0.539869 0.460131 
 ----> turn 653 1 0.53031 0.46969 
 ----> turn 654 1 0.552536 0.447464 
 ----> turn 655 0 0.548055 0.451945 
 ----> turn 656 0 0.542651 0.457349 
 ----> turn 657 0 0.548718 0.451282 
 ----> turn 658 1 0.519598 0.480402 
 ----> turn 659 1 0.513293 0.486707 
 ----> turn 660 0 0.543908 0.456092 
 ----> turn 661 0 0.533228 0.466772 
 ----> turn 662 1 0.556912 0.443088 
 ----> turn 663 0 0.549625 0.450375 
 ----> turn 664 1 0.517397 0.482603 
 ----> turn 665 1 0.533357 0.466643 
 ----> turn 666 0 0.528525 0.471475 
 ----> turn 667 0 0.577585 0.422415 
 ----> turn 668 1 0.476227 0.523773 
 ----> turn 669 0 0.556839 0.443161 
 ----> turn 670 0 0.553558 0.446442 
 ----> turn 671 1 0.499824 0.500176 
 ----> turn 672 0 0.576785 0.423215 
 ----> turn 673 1 0.541705 0.458295 
 ----> turn 674 1 0.53509 0.46491 
 ----> turn 675 1 0.457484 0.542516 
 ----> turn 676 0 0.563611 0.436389 
 ----> turn 677 0 0.55766 0.44234 
 ----> turn 678 1 0.523507 0.476493 
 ----> turn 679 0 0.533821 0.466179 
 ----> turn 680 1 0.495017 0.504983 
 ----> turn 681 0 0.555329 0.444671 
 ----> turn 682 0 0.553542 0.446458 
 ----> turn 683 1 0.515552 0.484448 
 ----> turn 684 0 0.585368 0.414632 
 ----> turn 685 1 0.509131 0.490869 
 ----> turn 686 0 0.586585 0.413415 
 ----> turn 687 0 0.556424 0.443576 
 ----> turn 688 1 0.511514 0.488486 
 ----> turn 689 0 0.514958 0.485042 
 ----> turn 690 0 0.535721 0.464279 
 ----> turn 691 1 0.506098 0.493902 
 ----> turn 692 0 0.588706 0.411294 
 ----> turn 693 1 0.51131 0.48869 
 ----> turn 694 1 0.499142 0.500858 
 ----> turn 695 1 0.525357 0.474643 
 ----> turn 696 0 0.494102 0.505898 
 ----> turn 697 0 0.558603 0.441397 
 ----> turn 698 0 0.554664 0.445336 
 ----> turn 699 1 0.514231 0.485769 
 ----> turn 700 1 0.557866 0.442134 
 ----> turn 701 0 0.543412 0.456588 
 ----> turn 702 0 0.570166 0.429834 
 ----> turn 703 1 0.524257 0.475743 
 ----> turn 704 1 0.531501 0.468499 
 ----> turn 705 0 0.578638 0.421362 
 ----> turn 706 1 0.56904 0.43096 
 ----> turn 707 1 0.523683 0.476317 
 ----> turn 708 1 0.496259 0.503741 
 ----> turn 709 1 0.518981 0.481019 
 ----> turn 710 0 0.491132 0.508868 
 ----> turn 711 0 0.555172 0.444828 
 ----> turn 712 1 0.526785 0.473215 
 ----> turn 713 0 0.551035 0.448965 
 ----> turn 714 1 0.511618 0.488382 
 ----> turn 715 0 0.570465 0.429535 
 ----> turn 716 1 0.519367 0.480633 
 ----> turn 717 0 0.582701 0.417299 
 ----> turn 718 1 0.550054 0.449946 
