 ----> turn 1 1 0.512621 0.487379 
 ----> turn 2 0 0.593409 0.406591 
 ----> turn 3 1 0.530877 0.469123 
 ----> turn 4 0 0.608271 0.391729 
 ----> turn 5 0 0.552375 0.447625 
 ----> turn 6 1 0.50019 0.49981 
 ----> turn 7 0 0.544385 0.455615 
 ----> turn 8 0 0.494571 0.505429 
 ----> turn 9 1 0.480867 0.519133 
 ----> turn 10 1 0.517325 0.482675 
 ----> turn 11 0 0.582947 0.417053 
 ----> turn 12 0 0.555326 0.444674 
 ----> turn 13 0 0.547135 0.452865 
 ----> turn 14 1 0.515262 0.484738 
 ----> turn 15 0 0.530291 0.469709 
 ----> turn 16 1 0.523565 0.476435 
 ----> turn 17 1 0.526179 0.473821 
 ----> turn 18 0 0.596319 0.403681 
 ----> turn 19 1 0.541267 0.458733 
 ----> turn 20 0 0.567955 0.432045 
 ----> turn 21 0 0.537228 0.462772 
 ----> turn 22 1 0.523289 0.476711 
 ----> turn 23 0 0.551783 0.448217 
 ----> turn 24 0 0.524644 0.475356 
 ----> turn 25 1 0.494292 0.505708 
 ----> turn 26 0 0.533502 0.466498 
 ----> turn 27 1 0.53546 0.46454 
 ----> turn 28 1 0.531139 0.468861 
 ----> turn 29 0 0.568199 0.431801 
 ----> turn 30 0 0.590984 0.409016 
 ----> turn 31 0 0.536955 0.463045 
 ----> turn 32 0 0.533437 0.466563 
 ----> turn 33 1 0.505494 0.494506 
 ----> turn 34 0 0.547596 0.452404 
 ----> turn 35 1 0.514568 0.485432 
 ----> turn 36 0 0.567509 0.432491 
 ----> turn 37 0 0.564437 0.435563 
 ----> turn 38 1 0.503504 0.496496 
 ----> turn 39 1 0.53062 0.46938 
 ----> turn 40 1 0.55122 0.44878 
 ----> turn 41 0 0.581387 0.418613 
 ----> turn 42 0 0.558243 0.441757 
 ----> turn 43 0 0.535967 0.464033 
 ----> turn 44 0 0.572372 0.427628 
 ----> turn 45 1 0.510643 0.489357 
 ----> turn 46 1 0.532185 0.467815 
 ----> turn 47 0 0.569098 0.430902 
 ----> turn 48 0 0.561058 0.438942 
 ----> turn 49 1 0.540214 0.459786 
 ----> turn 50 1 0.52459 0.47541 
 ----> turn 51 1 0.546834 0.453166 
 ----> turn 52 0 0.587949 0.412051 
 ----> turn 53 1 0.535968 0.464032 
 ----> turn 54 1 0.544788 0.455212 
 ----> turn 55 0 0.561734 0.438266 
 ----> turn 56 0 0.558899 0.441101 
 ----> turn 57 1 0.520039 0.479961 
 ----> turn 58 0 0.552773 0.447227 
 ----> turn 59 1 0.528614 0.471386 
 ----> turn 60 1 0.530923 0.469077 
 ----> turn 61 0 0.571478 0.428522 
 ----> turn 62 1 0.530488 0.469512 
 ----> turn 63 0 0.579124 0.420876 
 ----> turn 64 1 0.508855 0.491145 
 ----> turn 65 0 0.581268 0.418732 
 ----> turn 66 1 0.532552 0.467448 
 ----> turn 67 0 0.578899 0.421101 
 ----> turn 68 0 0.552659 0.447341 
 ----> turn 69 1 0.514213 0.485787 
 ----> turn 70 0 0.571255 0.428745 
 ----> turn 71 0 0.575874 0.424126 
 ----> turn 72 0 0.557492 0.442508 
 ----> turn 73 1 0.524187 0.475813 
 ----> turn 74 1 0.512082 0.487918 
 ----> turn 75 0 0.563962 0.436038 
 ----> turn 76 0 0.552874 0.447126 
 ----> turn 77 0 0.558643 0.441357 
 ----> turn 78 1 0.5163 0.4837 
 ----> turn 79 0 0.555354 0.444646 
 ----> turn 80 1 0.51074 0.48926 
 ----> turn 81 1 0.529961 0.470039 
 ----> turn 82 1 0.516218 0.483782 
 ----> turn 83 0 0.571655 0.428345 
 ----> turn 84 1 0.533611 0.466389 
 ----> turn 85 0 0.550119 0.449881 
 ----> turn 86 0 0.558964 0.441036 
 ----> turn 87 0 0.562432 0.437568 
 ----> turn 88 0 0.54088 0.45912 
 ----> turn 89 0 0.55142 0.44858 
 ----> turn 90 1 0.498729 0.501271 
 ----> turn 91 0 0.579681 0.420319 
 ----> turn 92 1 0.521841 0.478159 
 ----> turn 93 0 0.575944 0.424056 
 ----> turn 94 1 0.496403 0.503597 
 ----> turn 95 0 0.579657 0.420343 
 ----> turn 96 1 0.541059 0.458941 
 ----> turn 97 0 0.577816 0.422184 
 ----> turn 98 0 0.547557 0.452443 
 ----> turn 99 1 0.515018 0.484982 
 ----> turn 100 0 0.570462 0.429538 
 ----> turn 101 1 0.516563 0.483437 
 ----> turn 102 1 0.524884 0.475116 
 ----> turn 103 0 0.579287 0.420713 
 ----> turn 104 0 0.558716 0.441284 
 ----> turn 105 0 0.576851 0.423149 
 ----> turn 106 0 0.532728 0.467272 
 ----> turn 107 0 0.53968 0.46032 
 ----> turn 108 1 0.515912 0.484088 
 ----> turn 109 0 0.551786 0.448214 
 ----> turn 110 0 0.575621 0.424379 
 ----> turn 111 1 0.501549 0.498451 
 ----> turn 112 0 0.578357 0.421643 
 ----> turn 113 1 0.528927 0.471073 
 ----> turn 114 0 0.562893 0.437107 
 ----> turn 115 0 0.547932 0.452068 
 ----> turn 116 1 0.524075 0.475925 
 ----> turn 117 1 0.509538 0.490462 
 ----> turn 118 0 0.572641 0.427359 
 ----> turn 119 0 0.583383 0.416617 
 ----> turn 120 0 0.555008 0.444992 
 ----> turn 121 0 0.570021 0.429979 
 ----> turn 122 0 0.544013 0.455987 
 ----> turn 123 1 0.517363 0.482637 
 ----> turn 124 1 0.539056 0.460944 
 ----> turn 125 0 0.569281 0.430719 
 ----> turn 126 1 0.529642 0.470358 
 ----> turn 127 0 0.583448 0.416552 
 ----> turn 128 1 0.513934 0.486066 
 ----> turn 129 0 0.573068 0.426932 
 ----> turn 130 0 0.548999 0.451001 
 ----> turn 131 0 0.559167 0.440833 
 ----> turn 132 1 0.49442 0.50558 
 ----> turn 133 0 0.559348 0.440652 
 ----> turn 134 1 0.489446 0.510554 
 ----> turn 135 1 0.531443 0.468557 
 ----> turn 136 0 0.570678 0.429322 
 ----> turn 137 0 0.544295 0.455705 
 ----> turn 138 0 0.563946 0.436054 
 ----> turn 139 0 0.5661 0.4339 
 ----> turn 140 0 0.563659 0.436341 
 ----> turn 141 1 0.489164 0.510836 
 ----> turn 142 0 0.588912 0.411088 
 ----> turn 143 1 0.497744 0.502256 
 ----> turn 144 0 0.550861 0.449139 
 ----> turn 145 0 0.554453 0.445547 
 ----> turn 146 1 0.49885 0.50115 
 ----> turn 147 0 0.551688 0.448312 
 ----> turn 148 1 0.497009 0.502991 
 ----> turn 149 1 0.524469 0.475531 
 ----> turn 150 0 0.575091 0.424909 
 ----> turn 151 0 0.585805 0.414195 
 ----> turn 152 0 0.555766 0.444234 
 ----> turn 153 0 0.552456 0.447544 
 ----> turn 154 1 0.528329 0.471671 
 ----> turn 155 0 0.568754 0.431246 
 ----> turn 156 1 0.514684 0.485316 
 ----> turn 157 1 0.529456 0.470544 
 ----> turn 158 0 0.557851 0.442149 
 ----> turn 159 0 0.558413 0.441587 
 ----> turn 160 0 0.551157 0.448843 
 ----> turn 161 0 0.575737 0.424263 
 ----> turn 162 0 0.544625 0.455375 
 ----> turn 163 1 0.521336 0.478664 
 ----> turn 164 0 0.561188 0.438812 
 ----> turn 165 1 0.517331 0.482669 
 ----> turn 166 0 0.581693 0.418307 
 ----> turn 167 1 0.491921 0.508079 
 ----> turn 168 0 0.591367 0.408633 
 ----> turn 169 1 0.515427 0.484573 
 ----> turn 170 1 0.507673 0.492327 
 ----> turn 171 1 0.523961 0.476039 
 ----> turn 172 0 0.602457 0.397543 
 ----> turn 173 1 0.499914 0.500086 
 ----> turn 174 0 0.570034 0.429966 
 ----> turn 175 1 0.537857 0.462143 
 ----> turn 176 0 0.569642 0.430358 
 ----> turn 177 0 0.569318 0.430682 
 ----> turn 178 0 0.580406 0.419594 
 ----> turn 179 1 0.479983 0.520017 
 ----> turn 180 1 0.549148 0.450852 
 ----> turn 181 1 0.513982 0.486018 
 ----> turn 182 1 0.529995 0.470005 
 ----> turn 183 0 0.609828 0.390172 
 ----> turn 184 1 0.522064 0.477936 
 ----> turn 185 0 0.577758 0.422242 
 ----> turn 186 0 0.576734 0.423266 
 ----> turn 187 0 0.565147 0.434853 
 ----> turn 188 0 0.566469 0.433531 
 ----> turn 189 1 0.522391 0.477609 
 ----> turn 190 0 0.556307 0.443693 
 ----> turn 191 0 0.55116 0.44884 
 ----> turn 192 1 0.512018 0.487982 
 ----> turn 193 0 0.568832 0.431168 
 ----> turn 194 0 0.582518 0.417482 
 ----> turn 195 1 0.520578 0.479422 
 ----> turn 196 1 0.549921 0.450079 
 ----> turn 197 0 0.570337 0.429663 
 ----> turn 198 1 0.518681 0.481319 
 ----> turn 199 0 0.585621 0.414379 
 ----> turn 200 0 0.545128 0.454872 
 ----> turn 201 1 0.504732 0.495268 
 ----> turn 202 1 0.541763 0.458237 
 ----> turn 203 0 0.572828 0.427172 
 ----> turn 204 1 0.535039 0.464961 
 ----> turn 205 0 0.577853 0.422147 
 ----> turn 206 1 0.525914 0.474086 
 ----> turn 207 1 0.54649 0.45351 
 ----> turn 208 0 0.564765 0.435235 
 ----> turn 209 0 0.547819 0.452181 
 ----> turn 210 1 0.532021 0.467979 
 ----> turn 211 0 0.58634 0.41366 
 ----> turn 212 1 0.515159 0.484841 
 ----> turn 213 0 0.570612 0.429388 
 ----> turn 214 0 0.554422 0.445578 
 ----> turn 215 1 0.497801 0.502199 
 ----> turn 216 0 0.575279 0.424721 
 ----> turn 217 1 0.497457 0.502543 
 ----> turn 218 1 0.539227 0.460773 
 ----> turn 219 0 0.556302 0.443698 
 ----> turn 220 1 0.531291 0.468709 
 ----> turn 221 1 0.515209 0.484791 
 ----> turn 222 1 0.534439 0.465561 
 ----> turn 223 0 0.571582 0.428418 
 ----> turn 224 0 0.597787 0.402213 
 ----> turn 225 1 0.508088 0.491912 
 ----> turn 226 0 0.560833 0.439167 
 ----> turn 227 0 0.564751 0.435249 
 ----> turn 228 0 0.5674 0.4326 
 ----> turn 229 0 0.535859 0.464141 
 ----> turn 230 1 0.514215 0.485785 
 ----> turn 231 1 0.517397 0.482603 
 ----> turn 232 0 0.56178 0.43822 
 ----> turn 233 0 0.545079 0.454921 
 ----> turn 234 1 0.523412 0.476588 
 ----> turn 235 1 0.523831 0.476169 
 ----> turn 236 1 0.539601 0.460399 
 ----> turn 237 0 0.548225 0.451775 
 ----> turn 238 1 0.523459 0.476541 
 ----> turn 239 0 0.568057 0.431943 
 ----> turn 240 1 0.515521 0.484479 
 ----> turn 241 0 0.577942 0.422058 
 ----> turn 242 1 0.534385 0.465615 
 ----> turn 243 0 0.584789 0.415211 
 ----> turn 244 1 0.551131 0.448869 
 ----> turn 245 0 0.566137 0.433863 
 ----> turn 246 1 0.504387 0.495613 
 ----> turn 247 0 0.595442 0.404558 
 ----> turn 248 0 0.549813 0.450187 
 ----> turn 249 1 0.499173 0.500827 
 ----> turn 250 1 0.508355 0.491645 
 ----> turn 251 1 0.530543 0.469457 
 ----> turn 252 0 0.589365 0.410635 
 ----> turn 253 1 0.503693 0.496307 
 ----> turn 254 0 0.563439 0.436561 
 ----> turn 255 0 0.574103 0.425897 
 ----> turn 256 0 0.576795 0.423205 
 ----> turn 257 1 0.531389 0.468611 
 ----> turn 258 0 0.549857 0.450143 
 ----> turn 259 0 0.57312 0.42688 
 ----> turn 260 1 0.504874 0.495126 
 ----> turn 261 1 0.513307 0.486693 
 ----> turn 262 1 0.534315 0.465685 
 ----> turn 263 0 0.583967 0.416033 
 ----> turn 264 1 0.510531 0.489469 
 ----> turn 265 1 0.53034 0.46966 
 ----> turn 266 0 0.581325 0.418675 
 ----> turn 267 1 0.524999 0.475001 
 ----> turn 268 0 0.574277 0.425723 
 ----> turn 269 0 0.570541 0.429459 
 ----> turn 270 0 0.566718 0.433282 
 ----> turn 271 1 0.50438 0.49562 
 ----> turn 272 0 0.546219 0.453781 
 ----> turn 273 1 0.512412 0.487588 
 ----> turn 274 0 0.571491 0.428509 
 ----> turn 275 1 0.508931 0.491069 
 ----> turn 276 0 0.552383 0.447617 
 ----> turn 277 0 0.578354 0.421646 
 ----> turn 278 0 0.553374 0.446626 
 ----> turn 279 1 0.475391 0.524609 
 ----> turn 280 0 0.570151 0.429849 
 ----> turn 281 0 0.56775 0.43225 
 ----> turn 282 1 0.504082 0.495918 
 ----> turn 283 0 0.568721 0.431279 
 ----> turn 284 0 0.554046 0.445954 
 ----> turn 285 0 0.565656 0.434344 
 ----> turn 286 1 0.502236 0.497764 
 ----> turn 287 1 0.534994 0.465006 
 ----> turn 288 1 0.520288 0.479712 
 ----> turn 289 0 0.583535 0.416465 
 ----> turn 290 0 0.562885 0.437115 
 ----> turn 291 1 0.515229 0.484771 
 ----> turn 292 0 0.567109 0.432891 
 ----> turn 293 1 0.531884 0.468116 
 ----> turn 294 1 0.506623 0.493377 
 ----> turn 295 0 0.595923 0.404077 
 ----> turn 296 1 0.538903 0.461097 
 ----> turn 297 0 0.583625 0.416375 
 ----> turn 298 1 0.507326 0.492674 
 ----> turn 299 0 0.574478 0.425522 
 ----> turn 300 0 0.557779 0.442221 
 ----> turn 301 0 0.560215 0.439785 
 ----> turn 302 1 0.496837 0.503163 
 ----> turn 303 1 0.520412 0.479588 
 ----> turn 304 0 0.56175 0.43825 
 ----> turn 305 1 0.470546 0.529454 
 ----> turn 306 0 0.582528 0.417472 
 ----> turn 307 0 0.551795 0.448205 
 ----> turn 308 1 0.505495 0.494505 
 ----> turn 309 0 0.561993 0.438007 
 ----> turn 310 1 0.516573 0.483427 
 ----> turn 311 0 0.574859 0.425141 
 ----> turn 312 1 0.487067 0.512933 
 ----> turn 313 0 0.575775 0.424225 
 ----> turn 314 0 0.575147 0.424853 
 ----> turn 315 0 0.559497 0.440503 
 ----> turn 316 1 0.528239 0.471761 
 ----> turn 317 1 0.523091 0.476909 
 ----> turn 318 0 0.572956 0.427044 
 ----> turn 319 1 0.521619 0.478381 
 ----> turn 320 1 0.540259 0.459741 
 ----> turn 321 1 0.529476 0.470524 
 ----> turn 322 0 0.581926 0.418074 
 ----> turn 323 0 0.579093 0.420907 
 ----> turn 324 1 0.498158 0.501842 
 ----> turn 325 0 0.56927 0.43073 
 ----> turn 326 0 0.56432 0.43568 
 ----> turn 327 1 0.507302 0.492698 
 ----> turn 328 0 0.563987 0.436013 
 ----> turn 329 0 0.55673 0.44327 
 ----> turn 330 1 0.525387 0.474613 
 ----> turn 331 0 0.524163 0.475837 
 ----> turn 332 0 0.572193 0.427807 
 ----> turn 333 1 0.496627 0.503373 
 ----> turn 334 1 0.53409 0.46591 
 ----> turn 335 0 0.562733 0.437267 
 ----> turn 336 1 0.508734 0.491266 
 ----> turn 337 0 0.59651 0.40349 
 ----> turn 338 1 0.514341 0.485659 
 ----> turn 339 0 0.583545 0.416455 
 ----> turn 340 1 0.488515 0.511485 
 ----> turn 341 0 0.574171 0.425829 
 ----> turn 342 1 0.499485 0.500515 
 ----> turn 343 0 0.575584 0.424416 
 ----> turn 344 0 0.552547 0.447453 
 ----> turn 345 0 0.56893 0.43107 
 ----> turn 346 1 0.512335 0.487665 
 ----> turn 347 0 0.546493 0.453507 
 ----> turn 348 0 0.572597 0.427403 
 ----> turn 349 1 0.50134 0.49866 
 ----> turn 350 1 0.529195 0.470805 
 ----> turn 351 0 0.559639 0.440361 
 ----> turn 352 0 0.545451 0.454549 
 ----> turn 353 1 0.525433 0.474567 
 ----> turn 354 0 0.542627 0.457373 
 ----> turn 355 1 0.519726 0.480274 
 ----> turn 356 1 0.505927 0.494073 
 ----> turn 357 1 0.523282 0.476718 
 ----> turn 358 0 0.590799 0.409201 
 ----> turn 359 0 0.554513 0.445487 
 ----> turn 360 1 0.513466 0.486534 
 ----> turn 361 1 0.495507 0.504493 
 ----> turn 362 0 0.589453 0.410547 
 ----> turn 363 0 0.5726 0.4274 
 ----> turn 364 0 0.551703 0.448297 
 ----> turn 365 0 0.563557 0.436443 
 ----> turn 366 1 0.511995 0.488005 
 ----> turn 367 0 0.548907 0.451093 
 ----> turn 368 0 0.565754 0.434246 
 ----> turn 369 0 0.521494 0.478506 
 ----> turn 370 1 0.506994 0.493006 
 ----> turn 371 0 0.545928 0.454072 
 ----> turn 372 1 0.514373 0.485627 
 ----> turn 373 0 0.58576 0.41424 
 ----> turn 374 0 0.559806 0.440194 
 ----> turn 375 1 0.493989 0.506011 
 ----> turn 376 0 0.559711 0.440289 
 ----> turn 377 1 0.531726 0.468274 
 ----> turn 378 1 0.511749 0.488251 
 ----> turn 379 0 0.57069 0.42931 
 ----> turn 380 0 0.562233 0.437767 
 ----> turn 381 1 0.537563 0.462437 
 ----> turn 382 1 0.519735 0.480265 
 ----> turn 383 1 0.522271 0.477729 
 ----> turn 384 0 0.565092 0.434908 
 ----> turn 385 1 0.504282 0.495718 
 ----> turn 386 0 0.563123 0.436877 
 ----> turn 387 1 0.539926 0.460074 
 ----> turn 388 1 0.532508 0.467492 
 ----> turn 389 0 0.567934 0.432066 
 ----> turn 390 0 0.549479 0.450521 
 ----> turn 391 0 0.561231 0.438769 
 ----> turn 392 1 0.490341 0.509659 
 ----> turn 393 1 0.525856 0.474144 
 ----> turn 394 1 0.546493 0.453507 
 ----> turn 395 0 0.567838 0.432162 
 ----> turn 396 0 0.570492 0.429508 
 ----> turn 397 0 0.560213 0.439787 
 ----> turn 398 1 0.523238 0.476762 
 ----> turn 399 1 0.521577 0.478423 
 ----> turn 400 1 0.531703 0.468297 
 ----> turn 401 0 0.595924 0.404076 
 ----> turn 402 0 0.569861 0.430139 
 ----> turn 403 0 0.558615 0.441385 
 ----> turn 404 1 0.513677 0.486323 
 ----> turn 405 1 0.518452 0.481548 
 ----> turn 406 1 0.536855 0.463145 
 ----> turn 407 1 0.505397 0.494603 
 ----> turn 408 0 0.588909 0.411091 
 ----> turn 409 0 0.574766 0.425234 
 ----> turn 410 0 0.575689 0.424311 
 ----> turn 411 0 0.569105 0.430895 
 ----> turn 412 1 0.50651 0.49349 
 ----> turn 413 1 0.530095 0.469905 
 ----> turn 414 0 0.571928 0.428072 
 ----> turn 415 1 0.508404 0.491596 
 ----> turn 416 0 0.565709 0.434291 
 ----> turn 417 0 0.557205 0.442795 
 ----> turn 418 1 0.505794 0.494206 
 ----> turn 419 1 0.525668 0.474332 
 ----> turn 420 1 0.533821 0.466179 
 ----> turn 421 0 0.583257 0.416743 
 ----> turn 422 0 0.537786 0.462214 
 ----> turn 423 1 0.501836 0.498164 
 ----> turn 424 0 0.566975 0.433025 
 ----> turn 425 0 0.557377 0.442623 
 ----> turn 426 1 0.505759 0.494241 
 ----> turn 427 0 0.562705 0.437295 
 ----> turn 428 0 0.568024 0.431976 
 ----> turn 429 0 0.549739 0.450261 
 ----> turn 430 0 0.549747 0.450253 
 ----> turn 431 1 0.493256 0.506744 
 ----> turn 432 1 0.494236 0.505764 
 ----> turn 433 1 0.534511 0.465489 
 ----> turn 434 0 0.563223 0.436777 
 ----> turn 435 1 0.517243 0.482757 
 ----> turn 436 0 0.583029 0.416971 
 ----> turn 437 0 0.552965 0.447035 
 ----> turn 438 0 0.547482 0.452518 
 ----> turn 439 0 0.546545 0.453455 
 ----> turn 440 1 0.513541 0.486459 
 ----> turn 441 0 0.567135 0.432865 
 ----> turn 442 1 0.530648 0.469352 
 ----> turn 443 1 0.492249 0.507751 
 ----> turn 444 0 0.560643 0.439357 
 ----> turn 445 1 0.504879 0.495121 
 ----> turn 446 0 0.580964 0.419036 
 ----> turn 447 0 0.57502 0.42498 
 ----> turn 448 1 0.503855 0.496145 
 ----> turn 449 1 0.506038 0.493962 
 ----> turn 450 0 0.581228 0.418772 
 ----> turn 451 0 0.590252 0.409748 
 ----> turn 452 1 0.498256 0.501744 
 ----> turn 453 0 0.572074 0.427926 
 ----> turn 454 1 0.513377 0.486623 
 ----> turn 455 0 0.557497 0.442503 
 ----> turn 456 0 0.561523 0.438477 
 ----> turn 457 0 0.555052 0.444948 
 ----> turn 458 1 0.522999 0.477001 
 ----> turn 459 0 0.560541 0.439459 
 ----> turn 460 1 0.509078 0.490922 
 ----> turn 461 1 0.534955 0.465045 
 ----> turn 462 0 0.545711 0.454289 
 ----> turn 463 1 0.523385 0.476615 
 ----> turn 464 0 0.582918 0.417082 
 ----> turn 465 1 0.50283 0.49717 
 ----> turn 466 0 0.575519 0.424481 
 ----> turn 467 1 0.520191 0.479809 
 ----> turn 468 0 0.562416 0.437584 
 ----> turn 469 1 0.530164 0.469836 
 ----> turn 470 0 0.581821 0.418179 
 ----> turn 471 1 0.522136 0.477864 
 ----> turn 472 0 0.54915 0.45085 
 ----> turn 473 1 0.519821 0.480179 
 ----> turn 474 0 0.572005 0.427995 
 ----> turn 475 0 0.54382 0.45618 
 ----> turn 476 1 0.514137 0.485863 
 ----> turn 477 1 0.526247 0.473753 
 ----> turn 478 1 0.558298 0.441702 
 ----> turn 479 0 0.586732 0.413268 
 ----> turn 480 0 0.553654 0.446346 
 ----> turn 481 1 0.513074 0.486926 
 ----> turn 482 0 0.559797 0.440203 
 ----> turn 483 0 0.551694 0.448306 
 ----> turn 484 1 0.525303 0.474697 
 ----> turn 485 0 0.557743 0.442257 
 ----> turn 486 0 0.54497 0.45503 
 ----> turn 487 1 0.51535 0.48465 
 ----> turn 488 0 0.560052 0.439948 
 ----> turn 489 1 0.536204 0.463796 
 ----> turn 490 0 0.570565 0.429435 
 ----> turn 491 1 0.529654 0.470346 
 ----> turn 492 0 0.580725 0.419275 
 ----> turn 493 0 0.551888 0.448112 
 ----> turn 494 1 0.527661 0.472339 
 ----> turn 495 0 0.542167 0.457833 
 ----> turn 496 1 0.517562 0.482438 
 ----> turn 497 0 0.564168 0.435832 
 ----> turn 498 1 0.526234 0.473766 
 ----> turn 499 0 0.546649 0.453351 
 ----> turn 500 1 0.522604 0.477396 
 ----> turn 501 0 0.549394 0.450606 
 ----> turn 502 1 0.52792 0.47208 
 ----> turn 503 1 0.508963 0.491037 
 ----> turn 504 1 0.536087 0.463913 
 ----> turn 505 0 0.57566 0.42434 
 ----> turn 506 0 0.548803 0.451197 
 ----> turn 507 1 0.52028 0.47972 
 ----> turn 508 1 0.521474 0.478526 
 ----> turn 509 1 0.511086 0.488914 
 ----> turn 510 0 0.558448 0.441552 
 ----> turn 511 0 0.578199 0.421801 
 ----> turn 512 0 0.530756 0.469244 
 ----> turn 513 1 0.51342 0.48658 
 ----> turn 514 1 0.51196 0.48804 
 ----> turn 515 0 0.562057 0.437943 
 ----> turn 516 0 0.567368 0.432632 
 ----> turn 517 1 0.518595 0.481405 
 ----> turn 518 1 0.514321 0.485679 
 ----> turn 519 0 0.566686 0.433314 
 ----> turn 520 1 0.519907 0.480093 
 ----> turn 521 1 0.534931 0.465069 
 ----> turn 522 0 0.585662 0.414338 
 ----> turn 523 1 0.519142 0.480858 
 ----> turn 524 0 0.56865 0.43135 
 ----> turn 525 0 0.555122 0.444878 
 ----> turn 526 0 0.540169 0.459831 
 ----> turn 527 1 0.517134 0.482866 
 ----> turn 528 0 0.579855 0.420145 
 ----> turn 529 1 0.504136 0.495864 
 ----> turn 530 0 0.572239 0.427761 
 ----> turn 531 1 0.510081 0.489919 
 ----> turn 532 0 0.57215 0.42785 
 ----> turn 533 1 0.524431 0.475569 
 ----> turn 534 0 0.566105 0.433895 
 ----> turn 535 0 0.560196 0.439804 
 ----> turn 536 1 0.491382 0.508618 
 ----> turn 537 1 0.504609 0.495391 
 ----> turn 538 0 0.578226 0.421774 
 ----> turn 539 1 0.505561 0.494439 
 ----> turn 540 1 0.515461 0.484539 
 ----> turn 541 0 0.577999 0.422001 
 ----> turn 542 0 0.549853 0.450147 
 ----> turn 543 1 0.508248 0.491752 
 ----> turn 544 1 0.536095 0.463905 
 ----> turn 545 0 0.560698 0.439302 
 ----> turn 546 0 0.56843 0.43157 
 ----> turn 547 1 0.529274 0.470726 
 ----> turn 548 1 0.507316 0.492684 
 ----> turn 549 0 0.542566 0.457434 
 ----> turn 550 0 0.579239 0.420761 
 ----> turn 551 1 0.518383 0.481617 
 ----> turn 552 0 0.5623 0.4377 
 ----> turn 553 1 0.525383 0.474617 
 ----> turn 554 0 0.576799 0.423201 
 ----> turn 555 0 0.559825 0.440175 
 ----> turn 556 0 0.554603 0.445397 
 ----> turn 557 1 0.514885 0.485115 
 ----> turn 558 1 0.518829 0.481171 
 ----> turn 559 1 0.530172 0.469828 
 ----> turn 560 0 0.566011 0.433989 
 ----> turn 561 0 0.566072 0.433928 
 ----> turn 562 1 0.503266 0.496734 
 ----> turn 563 0 0.561854 0.438146 
 ----> turn 564 0 0.548773 0.451227 
 ----> turn 565 1 0.497699 0.502301 
 ----> turn 566 0 0.561863 0.438137 
 ----> turn 567 0 0.544766 0.455234 
 ----> turn 568 0 0.547464 0.452536 
 ----> turn 569 0 0.570609 0.429391 
 ----> turn 570 1 0.535171 0.464829 
 ----> turn 571 1 0.530466 0.469534 
 ----> turn 572 0 0.559687 0.440313 
 ----> turn 573 0 0.547583 0.452417 
 ----> turn 574 0 0.56408 0.43592 
 ----> turn 575 1 0.528779 0.471221 
 ----> turn 576 1 0.520952 0.479048 
 ----> turn 577 0 0.556779 0.443221 
 ----> turn 578 0 0.559949 0.440051 
 ----> turn 579 0 0.530223 0.469777 
 ----> turn 580 1 0.52431 0.47569 
 ----> turn 581 0 0.553671 0.446329 
 ----> turn 582 0 0.578578 0.421422 
 ----> turn 583 1 0.483777 0.516223 
 ----> turn 584 1 0.534351 0.465649 
 ----> turn 585 0 0.555673 0.444327 
 ----> turn 586 0 0.562284 0.437716 
 ----> turn 587 1 0.487409 0.512591 
 ----> turn 588 1 0.52319 0.47681 
 ----> turn 589 1 0.502695 0.497305 
 ----> turn 590 0 0.562815 0.437185 
 ----> turn 591 1 0.521623 0.478377 
 ----> turn 592 1 0.514928 0.485072 
 ----> turn 593 0 0.574423 0.425577 
 ----> turn 594 0 0.566501 0.433499 
 ----> turn 595 1 0.502051 0.497949 
 ----> turn 596 1 0.53719 0.46281 
 ----> turn 597 0 0.557069 0.442931 
 ----> turn 598 1 0.51362 0.48638 
 ----> turn 599 1 0.528107 0.471893 
 ----> turn 600 0 0.576817 0.423183 
 ----> turn 601 1 0.499537 0.500463 
 ----> turn 602 1 0.536418 0.463582 
 ----> turn 603 0 0.571013 0.428987 
 ----> turn 604 0 0.575269 0.424731 
 ----> turn 605 0 0.54705 0.45295 
 ----> turn 606 1 0.504738 0.495262 
 ----> turn 607 1 0.530959 0.469041 
 ----> turn 608 0 0.557163 0.442837 
 ----> turn 609 0 0.581919 0.418081 
 ----> turn 610 0 0.581826 0.418174 
 ----> turn 611 1 0.493172 0.506828 
 ----> turn 612 0 0.562329 0.437671 
 ----> turn 613 1 0.526793 0.473207 
 ----> turn 614 0 0.565392 0.434608 
 ----> turn 615 1 0.499521 0.500479 
 ----> turn 616 0 0.590468 0.409532 
 ----> turn 617 1 0.503696 0.496304 
 ----> turn 618 1 0.537726 0.462274 
 ----> turn 619 1 0.496547 0.503453 
 ----> turn 620 1 0.525306 0.474694 
 ----> turn 621 0 0.560182 0.439818 
 ----> turn 622 0 0.561499 0.438501 
 ----> turn 623 0 0.549945 0.450055 
 ----> turn 624 0 0.575058 0.424942 
 ----> turn 625 0 0.554743 0.445257 
 ----> turn 626 0 0.554525 0.445475 
 ----> turn 627 0 0.531962 0.468038 
 ----> turn 628 1 0.533945 0.466055 
 ----> turn 629 1 0.524657 0.475343 
 ----> turn 630 0 0.591259 0.408741 
 ----> turn 631 1 0.507061 0.492939 
 ----> turn 632 1 0.506533 0.493467 
 ----> turn 633 0 0.565561 0.434439 
 ----> turn 634 1 0.521099 0.478901 
 ----> turn 635 0 0.593999 0.406001 
 ----> turn 636 1 0.510227 0.489773 
 ----> turn 637 0 0.555213 0.444787 
 ----> turn 638 0 0.537848 0.462152 
 ----> turn 639 1 0.507297 0.492703 
 ----> turn 640 1 0.512392 0.487608 
 ----> turn 641 0 0.588486 0.411514 
 ----> turn 642 0 0.54852 0.45148 
 ----> turn 643 0 0.553483 0.446517 
 ----> turn 644 0 0.566308 0.433692 
 ----> turn 645 0 0.549476 0.450524 
 ----> turn 646 0 0.526994 0.473006 
 ----> turn 647 1 0.519258 0.480742 
 ----> turn 648 0 0.573842 0.426158 
 ----> turn 649 1 0.520034 0.479966 
 ----> turn 650 1 0.5027 0.4973 
 ----> turn 651 1 0.527131 0.472869 
 ----> turn 652 0 0.571634 0.428366 
 ----> turn 653 1 0.544267 0.455733 
 ----> turn 654 1 0.520987 0.479013 
 ----> turn 655 0 0.576304 0.423696 
 ----> turn 656 0 0.551936 0.448064 
 ----> turn 657 0 0.569083 0.430917 
 ----> turn 658 1 0.522035 0.477965 
 ----> turn 659 1 0.537942 0.462058 
 ----> turn 660 0 0.557591 0.442409 
 ----> turn 661 0 0.552404 0.447596 
 ----> turn 662 1 0.534021 0.465979 
 ----> turn 663 0 0.5472 0.4528 
 ----> turn 664 1 0.517818 0.482182 
 ----> turn 665 1 0.52021 0.47979 
 ----> turn 666 0 0.555717 0.444283 
 ----> turn 667 0 0.561185 0.438815 
 ----> turn 668 1 0.526641 0.473359 
 ----> turn 669 0 0.559103 0.440897 
 ----> turn 670 0 0.559801 0.440199 
 ----> turn 671 1 0.517151 0.482849 
 ----> turn 672 0 0.557532 0.442468 
 ----> turn 673 1 0.515531 0.484469 
 ----> turn 674 1 0.529214 0.470786 
 ----> turn 675 1 0.533405 0.466595 
 ----> turn 676 0 0.556883 0.443117 
 ----> turn 677 0 0.588913 0.411087 
 ----> turn 678 1 0.513911 0.486089 
 ----> turn 679 0 0.57795 0.42205 
 ----> turn 680 1 0.518633 0.481367 
 ----> turn 681 0 0.561585 0.438415 
 ----> turn 682 0 0.578835 0.421165 
 ----> turn 683 1 0.505611 0.494389 
 ----> turn 684 0 0.565652 0.434348 
 ----> turn 685 1 0.496496 0.503504 
 ----> turn 686 0 0.572849 0.427151 
 ----> turn 687 0 0.57047 0.42953 
 ----> turn 688 1 0.527239 0.472761 
 ----> turn 689 0 0.560663 0.439337 
 ----> turn 690 0 0.555353 0.444647 
 ----> turn 691 1 0.526011 0.473989 
 ----> turn 692 0 0.577951 0.422049 
 ----> turn 693 1 0.479382 0.520618 
 ----> turn 694 1 0.506713 0.493287 
 ----> turn 695 1 0.557168 0.442832 
 ----> turn 696 0 0.560553 0.439447 
 ----> turn 697 0 0.569619 0.430381 
 ----> turn 698 0 0.540122 0.459878 
 ----> turn 699 1 0.530231 0.469769 
 ----> turn 700 1 0.548994 0.451006 
 ----> turn 701 0 0.568049 0.431951 
 ----> turn 702 0 0.557379 0.442621 
 ----> turn 703 1 0.512091 0.487909 
 ----> turn 704 1 0.50278 0.49722 
 ----> turn 705 0 0.580368 0.419632 
 ----> turn 706 1 0.510536 0.489464 
 ----> turn 707 1 0.543708 0.456292 
 ----> turn 708 1 0.515242 0.484758 
 ----> turn 709 1 0.52636 0.47364 
 ----> turn 710 0 0.563278 0.436722 
 ----> turn 711 0 0.58852 0.41148 
 ----> turn 712 1 0.506722 0.493278 
 ----> turn 713 0 0.583603 0.416397 
 ----> turn 714 1 0.54088 0.45912 
 ----> turn 715 0 0.560137 0.439863 
 ----> turn 716 1 0.551146 0.448854 
 ----> turn 717 0 0.553957 0.446043 
 ----> turn 718 1 0.548141 0.451859 
