 ----> turn 1 1 0.488042 0.511958 
 ----> turn 2 0 0.516983 0.483017 
 ----> turn 3 1 0.558471 0.441529 
 ----> turn 4 0 0.541473 0.458527 
 ----> turn 5 0 0.566439 0.433561 
 ----> turn 6 1 0.556278 0.443722 
 ----> turn 7 0 0.568397 0.431603 
 ----> turn 8 0 0.567365 0.432635 
 ----> turn 9 1 0.538788 0.461212 
 ----> turn 10 1 0.517343 0.482657 
 ----> turn 11 0 0.550698 0.449302 
 ----> turn 12 0 0.551432 0.448568 
 ----> turn 13 0 0.580855 0.419145 
 ----> turn 14 1 0.550199 0.449801 
 ----> turn 15 0 0.540329 0.459671 
 ----> turn 16 1 0.555409 0.444591 
 ----> turn 17 1 0.531832 0.468168 
 ----> turn 18 0 0.598294 0.401706 
 ----> turn 19 1 0.527733 0.472267 
 ----> turn 20 0 0.529267 0.470733 
 ----> turn 21 0 0.544572 0.455428 
 ----> turn 22 1 0.517075 0.482925 
 ----> turn 23 0 0.58759 0.41241 
 ----> turn 24 0 0.552405 0.447595 
 ----> turn 25 1 0.513231 0.486769 
 ----> turn 26 0 0.56962 0.43038 
 ----> turn 27 1 0.498394 0.501606 
 ----> turn 28 1 0.572764 0.427236 
 ----> turn 29 0 0.531815 0.468185 
 ----> turn 30 0 0.579257 0.420743 
 ----> turn 31 0 0.566284 0.433716 
 ----> turn 32 0 0.473 0.527 
 ----> turn 33 1 0.53365 0.46635 
 ----> turn 34 0 0.520224 0.479776 
 ----> turn 35 1 0.484651 0.515349 
 ----> turn 36 0 0.64129 0.35871 
 ----> turn 37 0 0.574352 0.425648 
 ----> turn 38 1 0.514225 0.485775 
 ----> turn 39 1 0.552784 0.447216 
 ----> turn 40 1 0.562731 0.437269 
 ----> turn 41 0 0.55712 0.44288 
 ----> turn 42 0 0.505374 0.494626 
 ----> turn 43 0 0.561796 0.438204 
 ----> turn 44 0 0.651353 0.348647 
 ----> turn 45 1 0.461199 0.538801 
 ----> turn 46 1 0.480112 0.519888 
 ----> turn 47 0 0.560556 0.439444 
 ----> turn 48 0 0.587118 0.412882 
 ----> turn 49 1 0.547184 0.452816 
 ----> turn 50 1 0.461898 0.538102 
 ----> turn 51 1 0.525007 0.474993 
 ----> turn 52 0 0.550326 0.449674 
 ----> turn 53 1 0.539199 0.460801 
 ----> turn 54 1 0.566036 0.433964 
 ----> turn 55 0 0.515659 0.484341 
 ----> turn 56 0 0.594721 0.405279 
 ----> turn 57 1 0.503723 0.496277 
 ----> turn 58 0 0.575621 0.424379 
 ----> turn 59 1 0.534185 0.465815 
 ----> turn 60 1 0.548444 0.451556 
 ----> turn 61 0 0.583804 0.416196 
 ----> turn 62 1 0.514283 0.485717 
 ----> turn 63 0 0.587959 0.412041 
 ----> turn 64 1 0.513586 0.486414 
 ----> turn 65 0 0.578758 0.421242 
 ----> turn 66 1 0.547212 0.452788 
 ----> turn 67 0 0.557922 0.442078 
 ----> turn 68 0 0.554401 0.445599 
 ----> turn 69 1 0.547005 0.452995 
 ----> turn 70 0 0.595033 0.404967 
 ----> turn 71 0 0.589039 0.410961 
 ----> turn 72 0 0.543051 0.456949 
 ----> turn 73 1 0.526129 0.473871 
 ----> turn 74 1 0.489182 0.510818 
 ----> turn 75 0 0.611687 0.388313 
 ----> turn 76 0 0.524824 0.475176 
 ----> turn 77 0 0.541119 0.458881 
 ----> turn 78 1 0.548116 0.451884 
 ----> turn 79 0 0.554181 0.445819 
 ----> turn 80 1 0.54418 0.45582 
 ----> turn 81 1 0.515676 0.484324 
 ----> turn 82 1 0.499342 0.500658 
 ----> turn 83 0 0.582665 0.417335 
 ----> turn 84 1 0.558658 0.441342 
 ----> turn 85 0 0.564434 0.435566 
 ----> turn 86 0 0.544467 0.455533 
 ----> turn 87 0 0.554655 0.445345 
 ----> turn 88 0 0.562654 0.437346 
 ----> turn 89 0 0.594084 0.405916 
 ----> turn 90 1 0.441581 0.558419 
 ----> turn 91 0 0.582205 0.417795 
 ----> turn 92 1 0.543698 0.456302 
 ----> turn 93 0 0.546508 0.453492 
 ----> turn 94 1 0.520385 0.479615 
 ----> turn 95 0 0.57102 0.42898 
 ----> turn 96 1 0.518494 0.481506 
 ----> turn 97 0 0.615134 0.384866 
 ----> turn 98 0 0.546677 0.453323 
 ----> turn 99 1 0.528849 0.471151 
 ----> turn 100 0 0.564321 0.435679 
 ----> turn 101 1 0.544413 0.455587 
 ----> turn 102 1 0.505973 0.494027 
 ----> turn 103 0 0.560943 0.439057 
 ----> turn 104 0 0.593388 0.406612 
 ----> turn 105 0 0.5382 0.4618 
 ----> turn 106 0 0.567311 0.432689 
 ----> turn 107 0 0.501772 0.498228 
 ----> turn 108 1 0.508252 0.491748 
 ----> turn 109 0 0.592956 0.407044 
 ----> turn 110 0 0.543686 0.456314 
 ----> turn 111 1 0.498191 0.501809 
 ----> turn 112 0 0.613817 0.386183 
 ----> turn 113 1 0.508007 0.491993 
 ----> turn 114 0 0.594937 0.405063 
 ----> turn 115 0 0.568208 0.431792 
 ----> turn 116 1 0.487252 0.512748 
 ----> turn 117 1 0.496801 0.503199 
 ----> turn 118 0 0.541894 0.458106 
 ----> turn 119 0 0.541346 0.458654 
 ----> turn 120 0 0.58111 0.41889 
 ----> turn 121 0 0.555984 0.444016 
 ----> turn 122 0 0.549754 0.450246 
 ----> turn 123 1 0.496747 0.503253 
 ----> turn 124 1 0.558337 0.441663 
 ----> turn 125 0 0.555508 0.444492 
 ----> turn 126 1 0.524969 0.475031 
 ----> turn 127 0 0.584834 0.415166 
 ----> turn 128 1 0.535301 0.464699 
 ----> turn 129 0 0.52805 0.47195 
 ----> turn 130 0 0.534011 0.465989 
 ----> turn 131 0 0.595846 0.404154 
 ----> turn 132 1 0.538456 0.461544 
 ----> turn 133 0 0.564989 0.435011 
 ----> turn 134 1 0.495793 0.504207 
 ----> turn 135 1 0.554359 0.445641 
 ----> turn 136 0 0.570165 0.429835 
 ----> turn 137 0 0.531655 0.468345 
 ----> turn 138 0 0.591252 0.408748 
 ----> turn 139 0 0.519605 0.480395 
 ----> turn 140 0 0.553257 0.446743 
 ----> turn 141 1 0.578231 0.421769 
 ----> turn 142 0 0.538589 0.461411 
 ----> turn 143 1 0.507683 0.492317 
 ----> turn 144 0 0.530782 0.469218 
 ----> turn 145 0 0.546589 0.453411 
 ----> turn 146 1 0.505161 0.494839 
 ----> turn 147 0 0.554243 0.445757 
 ----> turn 148 1 0.498407 0.501593 
 ----> turn 149 1 0.500301 0.499699 
 ----> turn 150 0 0.589019 0.410981 
 ----> turn 151 0 0.54061 0.45939 
 ----> turn 152 0 0.581023 0.418977 
 ----> turn 153 0 0.547974 0.452026 
 ----> turn 154 1 0.493937 0.506063 
 ----> turn 155 0 0.578219 0.421781 
 ----> turn 156 1 0.54143 0.45857 
 ----> turn 157 1 0.579297 0.420703 
 ----> turn 158 0 0.524473 0.475527 
 ----> turn 159 0 0.57611 0.42389 
 ----> turn 160 0 0.565798 0.434202 
 ----> turn 161 0 0.551948 0.448052 
 ----> turn 162 0 0.574328 0.425672 
 ----> turn 163 1 0.496836 0.503164 
 ----> turn 164 0 0.578778 0.421222 
 ----> turn 165 1 0.551599 0.448401 
 ----> turn 166 0 0.556084 0.443916 
 ----> turn 167 1 0.554838 0.445162 
 ----> turn 168 0 0.571446 0.428554 
 ----> turn 169 1 0.5036 0.4964 
 ----> turn 170 1 0.491264 0.508736 
 ----> turn 171 1 0.541633 0.458367 
 ----> turn 172 0 0.621795 0.378205 
 ----> turn 173 1 0.500227 0.499773 
 ----> turn 174 0 0.565863 0.434137 
 ----> turn 175 1 0.538065 0.461935 
 ----> turn 176 0 0.564754 0.435246 
 ----> turn 177 0 0.541435 0.458565 
 ----> turn 178 0 0.586154 0.413846 
 ----> turn 179 1 0.479472 0.520528 
 ----> turn 180 1 0.580527 0.419473 
 ----> turn 181 1 0.514443 0.485557 
 ----> turn 182 1 0.486954 0.513046 
 ----> turn 183 0 0.621377 0.378623 
 ----> turn 184 1 0.486185 0.513815 
 ----> turn 185 0 0.561388 0.438612 
 ----> turn 186 0 0.581499 0.418501 
 ----> turn 187 0 0.547009 0.452991 
 ----> turn 188 0 0.575382 0.424618 
 ----> turn 189 1 0.540805 0.459195 
 ----> turn 190 0 0.585415 0.414585 
 ----> turn 191 0 0.561351 0.438649 
 ----> turn 192 1 0.509951 0.490049 
 ----> turn 193 0 0.599664 0.400336 
 ----> turn 194 0 0.569385 0.430615 
 ----> turn 195 1 0.508022 0.491978 
 ----> turn 196 1 0.541781 0.458219 
 ----> turn 197 0 0.566059 0.433941 
 ----> turn 198 1 0.522279 0.477721 
 ----> turn 199 0 0.546497 0.453503 
 ----> turn 200 0 0.553489 0.446511 
 ----> turn 201 1 0.51899 0.48101 
 ----> turn 202 1 0.554555 0.445445 
 ----> turn 203 0 0.576744 0.423256 
 ----> turn 204 1 0.485711 0.514289 
 ----> turn 205 0 0.583973 0.416027 
 ----> turn 206 1 0.530113 0.469887 
 ----> turn 207 1 0.573319 0.426681 
 ----> turn 208 0 0.499647 0.500353 
 ----> turn 209 0 0.54299 0.45701 
 ----> turn 210 1 0.564496 0.435504 
 ----> turn 211 0 0.599526 0.400474 
 ----> turn 212 1 0.479333 0.520667 
 ----> turn 213 0 0.566773 0.433227 
 ----> turn 214 0 0.5719 0.4281 
 ----> turn 215 1 0.494899 0.505101 
 ----> turn 216 0 0.567139 0.432861 
 ----> turn 217 1 0.569998 0.430002 
 ----> turn 218 1 0.585641 0.414359 
 ----> turn 219 0 0.504607 0.495393 
 ----> turn 220 1 0.517238 0.482762 
 ----> turn 221 1 0.475744 0.524256 
 ----> turn 222 1 0.537914 0.462086 
 ----> turn 223 0 0.505233 0.494767 
 ----> turn 224 0 0.564453 0.435547 
 ----> turn 225 1 0.53326 0.46674 
 ----> turn 226 0 0.5577 0.4423 
 ----> turn 227 0 0.534013 0.465987 
 ----> turn 228 0 0.563274 0.436726 
 ----> turn 229 0 0.545746 0.454254 
 ----> turn 230 1 0.51869 0.48131 
 ----> turn 231 1 0.521282 0.478718 
 ----> turn 232 0 0.539954 0.460046 
 ----> turn 233 0 0.561559 0.438441 
 ----> turn 234 1 0.558418 0.441582 
 ----> turn 235 1 0.501624 0.498376 
 ----> turn 236 1 0.510188 0.489812 
 ----> turn 237 0 0.553014 0.446986 
 ----> turn 238 1 0.542667 0.457333 
 ----> turn 239 0 0.569836 0.430164 
 ----> turn 240 1 0.497372 0.502628 
 ----> turn 241 0 0.581521 0.418479 
 ----> turn 242 1 0.562303 0.437697 
 ----> turn 243 0 0.538751 0.461249 
 ----> turn 244 1 0.523435 0.476565 
 ----> turn 245 0 0.533435 0.466565 
 ----> turn 246 1 0.539082 0.460918 
 ----> turn 247 0 0.593446 0.406554 
 ----> turn 248 0 0.539141 0.460859 
 ----> turn 249 1 0.488556 0.511444 
 ----> turn 250 1 0.538968 0.461032 
 ----> turn 251 1 0.572755 0.427245 
 ----> turn 252 0 0.552875 0.447125 
 ----> turn 253 1 0.504444 0.495556 
 ----> turn 254 0 0.534223 0.465777 
 ----> turn 255 0 0.553992 0.446008 
 ----> turn 256 0 0.559813 0.440187 
 ----> turn 257 1 0.52126 0.47874 
 ----> turn 258 0 0.578734 0.421266 
 ----> turn 259 0 0.54843 0.45157 
 ----> turn 260 1 0.511738 0.488262 
 ----> turn 261 1 0.533329 0.466671 
 ----> turn 262 1 0.478376 0.521624 
 ----> turn 263 0 0.549897 0.450103 
 ----> turn 264 1 0.553008 0.446992 
 ----> turn 265 1 0.503363 0.496637 
 ----> turn 266 0 0.550724 0.449276 
 ----> turn 267 1 0.543019 0.456981 
 ----> turn 268 0 0.541221 0.458779 
 ----> turn 269 0 0.554899 0.445101 
 ----> turn 270 0 0.546347 0.453653 
 ----> turn 271 1 0.530211 0.469789 
 ----> turn 272 0 0.521787 0.478213 
 ----> turn 273 1 0.524377 0.475623 
 ----> turn 274 0 0.597781 0.402219 
 ----> turn 275 1 0.492393 0.507607 
 ----> turn 276 0 0.525624 0.474376 
 ----> turn 277 0 0.590084 0.409916 
 ----> turn 278 0 0.563887 0.436113 
 ----> turn 279 1 0.485897 0.514103 
 ----> turn 280 0 0.557827 0.442173 
 ----> turn 281 0 0.566524 0.433476 
 ----> turn 282 1 0.523129 0.476871 
 ----> turn 283 0 0.588491 0.411509 
 ----> turn 284 0 0.573207 0.426793 
 ----> turn 285 0 0.537662 0.462338 
 ----> turn 286 1 0.521853 0.478147 
 ----> turn 287 1 0.529316 0.470684 
 ----> turn 288 1 0.497245 0.502755 
 ----> turn 289 0 0.593646 0.406354 
 ----> turn 290 0 0.565312 0.434688 
 ----> turn 291 1 0.53998 0.46002 
 ----> turn 292 0 0.623084 0.376916 
 ----> turn 293 1 0.484181 0.515819 
 ----> turn 294 1 0.490854 0.509146 
 ----> turn 295 0 0.565927 0.434073 
 ----> turn 296 1 0.523268 0.476732 
 ----> turn 297 0 0.587514 0.412486 
 ----> turn 298 1 0.524521 0.475479 
 ----> turn 299 0 0.549987 0.450013 
 ----> turn 300 0 0.545437 0.454563 
 ----> turn 301 0 0.576405 0.423595 
 ----> turn 302 1 0.538164 0.461836 
 ----> turn 303 1 0.52877 0.47123 
 ----> turn 304 0 0.529073 0.470927 
 ----> turn 305 1 0.50157 0.49843 
 ----> turn 306 0 0.552039 0.447961 
 ----> turn 307 0 0.53692 0.46308 
 ----> turn 308 1 0.473983 0.526017 
 ----> turn 309 0 0.607779 0.392221 
 ----> turn 310 1 0.52874 0.47126 
 ----> turn 311 0 0.543601 0.456399 
 ----> turn 312 1 0.482732 0.517268 
 ----> turn 313 0 0.548615 0.451385 
 ----> turn 314 0 0.558468 0.441532 
 ----> turn 315 0 0.563089 0.436911 
 ----> turn 316 1 0.513792 0.486208 
 ----> turn 317 1 0.545829 0.454171 
 ----> turn 318 0 0.581863 0.418137 
 ----> turn 319 1 0.470005 0.529995 
 ----> turn 320 1 0.532537 0.467463 
 ----> turn 321 1 0.565306 0.434694 
 ----> turn 322 0 0.557209 0.442791 
 ----> turn 323 0 0.54604 0.45396 
 ----> turn 324 1 0.528765 0.471235 
 ----> turn 325 0 0.544361 0.455639 
 ----> turn 326 0 0.583619 0.416381 
 ----> turn 327 1 0.529716 0.470284 
 ----> turn 328 0 0.551839 0.448161 
 ----> turn 329 0 0.583786 0.416214 
 ----> turn 330 1 0.542122 0.457878 
 ----> turn 331 0 0.512202 0.487798 
 ----> turn 332 0 0.552967 0.447033 
 ----> turn 333 1 0.533096 0.466904 
 ----> turn 334 1 0.575833 0.424167 
 ----> turn 335 0 0.507215 0.492785 
 ----> turn 336 1 0.567608 0.432392 
 ----> turn 337 0 0.550663 0.449337 
 ----> turn 338 1 0.503889 0.496111 
 ----> turn 339 0 0.537416 0.462584 
 ----> turn 340 1 0.568502 0.431498 
 ----> turn 341 0 0.537048 0.462952 
 ----> turn 342 1 0.46812 0.53188 
 ----> turn 343 0 0.581391 0.418609 
 ----> turn 344 0 0.503326 0.496674 
 ----> turn 345 0 0.598485 0.401515 
 ----> turn 346 1 0.547409 0.452591 
 ----> turn 347 0 0.540217 0.459783 
 ----> turn 348 0 0.587944 0.412056 
 ----> turn 349 1 0.561059 0.438941 
 ----> turn 350 1 0.543273 0.456727 
 ----> turn 351 0 0.526397 0.473603 
 ----> turn 352 0 0.515918 0.484082 
 ----> turn 353 1 0.49654 0.50346 
 ----> turn 354 0 0.559304 0.440696 
 ----> turn 355 1 0.562272 0.437728 
 ----> turn 356 1 0.536892 0.463108 
 ----> turn 357 1 0.537056 0.462944 
 ----> turn 358 0 0.594641 0.405359 
 ----> turn 359 0 0.520366 0.479634 
 ----> turn 360 1 0.507291 0.492709 
 ----> turn 361 1 0.488882 0.511118 
 ----> turn 362 0 0.555866 0.444134 
 ----> turn 363 0 0.551736 0.448264 
 ----> turn 364 0 0.547536 0.452464 
 ----> turn 365 0 0.563908 0.436092 
 ----> turn 366 1 0.576073 0.423927 
 ----> turn 367 0 0.55827 0.44173 
 ----> turn 368 0 0.557742 0.442258 
 ----> turn 369 0 0.55076 0.44924 
 ----> turn 370 1 0.532147 0.467853 
 ----> turn 371 0 0.535806 0.464194 
 ----> turn 372 1 0.546124 0.453876 
 ----> turn 373 0 0.560597 0.439403 
 ----> turn 374 0 0.550301 0.449699 
 ----> turn 375 1 0.454453 0.545547 
 ----> turn 376 0 0.561712 0.438288 
 ----> turn 377 1 0.569337 0.430663 
 ----> turn 378 1 0.483345 0.516655 
 ----> turn 379 0 0.560047 0.439953 
 ----> turn 380 0 0.569168 0.430832 
 ----> turn 381 1 0.567361 0.432639 
 ----> turn 382 1 0.513529 0.486471 
 ----> turn 383 1 0.503199 0.496801 
 ----> turn 384 0 0.545529 0.454471 
 ----> turn 385 1 0.526375 0.473625 
 ----> turn 386 0 0.553962 0.446038 
 ----> turn 387 1 0.526087 0.473913 
 ----> turn 388 1 0.495312 0.504688 
 ----> turn 389 0 0.593251 0.406749 
 ----> turn 390 0 0.577341 0.422659 
 ----> turn 391 0 0.538902 0.461098 
 ----> turn 392 1 0.490383 0.509617 
 ----> turn 393 1 0.534643 0.465357 
 ----> turn 394 1 0.53534 0.46466 
 ----> turn 395 0 0.533553 0.466447 
 ----> turn 396 0 0.528451 0.471549 
 ----> turn 397 0 0.57494 0.42506 
 ----> turn 398 1 0.524206 0.475794 
 ----> turn 399 1 0.536307 0.463693 
 ----> turn 400 1 0.558175 0.441825 
 ----> turn 401 0 0.565807 0.434193 
 ----> turn 402 0 0.560223 0.439777 
 ----> turn 403 0 0.510746 0.489254 
 ----> turn 404 1 0.572028 0.427972 
 ----> turn 405 1 0.519921 0.480079 
 ----> turn 406 1 0.521461 0.478539 
 ----> turn 407 1 0.495357 0.504643 
 ----> turn 408 0 0.586077 0.413923 
 ----> turn 409 0 0.586861 0.413139 
 ----> turn 410 0 0.574241 0.425759 
 ----> turn 411 0 0.588934 0.411066 
 ----> turn 412 1 0.528754 0.471246 
 ----> turn 413 1 0.539049 0.460951 
 ----> turn 414 0 0.567463 0.432537 
 ----> turn 415 1 0.542866 0.457134 
 ----> turn 416 0 0.558641 0.441359 
 ----> turn 417 0 0.595249 0.404751 
 ----> turn 418 1 0.529573 0.470427 
 ----> turn 419 1 0.551873 0.448127 
 ----> turn 420 1 0.541828 0.458172 
 ----> turn 421 0 0.576984 0.423016 
 ----> turn 422 0 0.541527 0.458473 
 ----> turn 423 1 0.497269 0.502731 
 ----> turn 424 0 0.583162 0.416838 
 ----> turn 425 0 0.595201 0.404799 
 ----> turn 426 1 0.447496 0.552504 
 ----> turn 427 0 0.563572 0.436428 
 ----> turn 428 0 0.586332 0.413668 
 ----> turn 429 0 0.562973 0.437027 
 ----> turn 430 0 0.509888 0.490112 
 ----> turn 431 1 0.483609 0.516391 
 ----> turn 432 1 0.461663 0.538337 
 ----> turn 433 1 0.556037 0.443963 
 ----> turn 434 0 0.566094 0.433906 
 ----> turn 435 1 0.548587 0.451413 
 ----> turn 436 0 0.559553 0.440447 
 ----> turn 437 0 0.547061 0.452939 
 ----> turn 438 0 0.568821 0.431179 
 ----> turn 439 0 0.60945 0.39055 
 ----> turn 440 1 0.515592 0.484408 
 ----> turn 441 0 0.558383 0.441617 
 ----> turn 442 1 0.541957 0.458043 
 ----> turn 443 1 0.497685 0.502315 
 ----> turn 444 0 0.579517 0.420483 
 ----> turn 445 1 0.508837 0.491163 
 ----> turn 446 0 0.574884 0.425116 
 ----> turn 447 0 0.556891 0.443109 
 ----> turn 448 1 0.527149 0.472851 
 ----> turn 449 1 0.529862 0.470138 
 ----> turn 450 0 0.525821 0.474179 
 ----> turn 451 0 0.611299 0.388701 
 ----> turn 452 1 0.566745 0.433255 
 ----> turn 453 0 0.513271 0.486729 
 ----> turn 454 1 0.553265 0.446735 
 ----> turn 455 0 0.58368 0.41632 
 ----> turn 456 0 0.543758 0.456242 
 ----> turn 457 0 0.573152 0.426848 
 ----> turn 458 1 0.529942 0.470058 
 ----> turn 459 0 0.534214 0.465786 
 ----> turn 460 1 0.502202 0.497798 
 ----> turn 461 1 0.555368 0.444632 
 ----> turn 462 0 0.549711 0.450289 
 ----> turn 463 1 0.568339 0.431661 
 ----> turn 464 0 0.592444 0.407556 
 ----> turn 465 1 0.511808 0.488192 
 ----> turn 466 0 0.535171 0.464829 
 ----> turn 467 1 0.509367 0.490633 
 ----> turn 468 0 0.587444 0.412556 
 ----> turn 469 1 0.554046 0.445954 
 ----> turn 470 0 0.560712 0.439288 
 ----> turn 471 1 0.506131 0.493869 
 ----> turn 472 0 0.519067 0.480933 
 ----> turn 473 1 0.508876 0.491124 
 ----> turn 474 0 0.552228 0.447772 
 ----> turn 475 0 0.495036 0.504964 
 ----> turn 476 1 0.557974 0.442026 
 ----> turn 477 1 0.521606 0.478394 
 ----> turn 478 1 0.585427 0.414573 
 ----> turn 479 0 0.556909 0.443091 
 ----> turn 480 0 0.530405 0.469595 
 ----> turn 481 1 0.540381 0.459619 
 ----> turn 482 0 0.546019 0.453981 
 ----> turn 483 0 0.539142 0.460858 
 ----> turn 484 1 0.563814 0.436186 
 ----> turn 485 0 0.540083 0.459917 
 ----> turn 486 0 0.514397 0.485603 
 ----> turn 487 1 0.551212 0.448788 
 ----> turn 488 0 0.53773 0.46227 
 ----> turn 489 1 0.532976 0.467024 
 ----> turn 490 0 0.577089 0.422911 
 ----> turn 491 1 0.532688 0.467312 
 ----> turn 492 0 0.587481 0.412519 
 ----> turn 493 0 0.543864 0.456136 
 ----> turn 494 1 0.547415 0.452585 
 ----> turn 495 0 0.512984 0.487016 
 ----> turn 496 1 0.521541 0.478459 
 ----> turn 497 0 0.53817 0.46183 
 ----> turn 498 1 0.559939 0.440061 
 ----> turn 499 0 0.532366 0.467634 
 ----> turn 500 1 0.531499 0.468501 
 ----> turn 501 0 0.556883 0.443117 
 ----> turn 502 1 0.562654 0.437346 
 ----> turn 503 1 0.481725 0.518275 
 ----> turn 504 1 0.559026 0.440974 
 ----> turn 505 0 0.566943 0.433057 
 ----> turn 506 0 0.529169 0.470831 
 ----> turn 507 1 0.505152 0.494848 
 ----> turn 508 1 0.5034 0.4966 
 ----> turn 509 1 0.539795 0.460205 
 ----> turn 510 0 0.537298 0.462702 
 ----> turn 511 0 0.592364 0.407636 
 ----> turn 512 0 0.530609 0.469391 
 ----> turn 513 1 0.57161 0.42839 
 ----> turn 514 1 0.554117 0.445883 
 ----> turn 515 0 0.545318 0.454682 
 ----> turn 516 0 0.555957 0.444043 
 ----> turn 517 1 0.518074 0.481926 
 ----> turn 518 1 0.520445 0.479555 
 ----> turn 519 0 0.578271 0.421729 
 ----> turn 520 1 0.535238 0.464762 
 ----> turn 521 1 0.578135 0.421865 
 ----> turn 522 0 0.580539 0.419461 
 ----> turn 523 1 0.532648 0.467352 
 ----> turn 524 0 0.581722 0.418278 
 ----> turn 525 0 0.562216 0.437784 
 ----> turn 526 0 0.542376 0.457624 
 ----> turn 527 1 0.543197 0.456803 
 ----> turn 528 0 0.57648 0.42352 
 ----> turn 529 1 0.511979 0.488021 
 ----> turn 530 0 0.570731 0.429269 
 ----> turn 531 1 0.490934 0.509066 
 ----> turn 532 0 0.553577 0.446423 
 ----> turn 533 1 0.564726 0.435274 
 ----> turn 534 0 0.555956 0.444044 
 ----> turn 535 0 0.564214 0.435786 
 ----> turn 536 1 0.486765 0.513235 
 ----> turn 537 1 0.491555 0.508445 
 ----> turn 538 0 0.528529 0.471471 
 ----> turn 539 1 0.563192 0.436808 
 ----> turn 540 1 0.505129 0.494871 
 ----> turn 541 0 0.540649 0.459351 
 ----> turn 542 0 0.639239 0.360761 
 ----> turn 543 1 0.503676 0.496324 
 ----> turn 544 1 0.486466 0.513534 
 ----> turn 545 0 0.569032 0.430968 
 ----> turn 546 0 0.565296 0.434704 
 ----> turn 547 1 0.528778 0.471222 
 ----> turn 548 1 0.466517 0.533483 
 ----> turn 549 0 0.535437 0.464563 
 ----> turn 550 0 0.512652 0.487348 
 ----> turn 551 1 0.554688 0.445312 
 ----> turn 552 0 0.563295 0.436705 
 ----> turn 553 1 0.514615 0.485385 
 ----> turn 554 0 0.556178 0.443822 
 ----> turn 555 0 0.55867 0.44133 
 ----> turn 556 0 0.552129 0.447871 
 ----> turn 557 1 0.496764 0.503236 
 ----> turn 558 1 0.533031 0.466969 
 ----> turn 559 1 0.525957 0.474043 
 ----> turn 560 0 0.568701 0.431299 
 ----> turn 561 0 0.560567 0.439433 
 ----> turn 562 1 0.448447 0.551553 
 ----> turn 563 0 0.577155 0.422845 
 ----> turn 564 0 0.551102 0.448898 
 ----> turn 565 1 0.554717 0.445283 
 ----> turn 566 0 0.578784 0.421216 
 ----> turn 567 0 0.562216 0.437784 
 ----> turn 568 0 0.56586 0.43414 
 ----> turn 569 0 0.556302 0.443698 
 ----> turn 570 1 0.533042 0.466958 
 ----> turn 571 1 0.54497 0.45503 
 ----> turn 572 0 0.55529 0.44471 
 ----> turn 573 0 0.592728 0.407272 
 ----> turn 574 0 0.586606 0.413394 
 ----> turn 575 1 0.525258 0.474742 
 ----> turn 576 1 0.530579 0.469421 
 ----> turn 577 0 0.549631 0.450369 
 ----> turn 578 0 0.584599 0.415401 
 ----> turn 579 0 0.50739 0.49261 
 ----> turn 580 1 0.510104 0.489896 
 ----> turn 581 0 0.575611 0.424389 
 ----> turn 582 0 0.569674 0.430326 
 ----> turn 583 1 0.476593 0.523407 
 ----> turn 584 1 0.525607 0.474393 
 ----> turn 585 0 0.536562 0.463438 
 ----> turn 586 0 0.511481 0.488519 
 ----> turn 587 1 0.534793 0.465207 
 ----> turn 588 1 0.549761 0.450239 
 ----> turn 589 1 0.532583 0.467417 
 ----> turn 590 0 0.554614 0.445386 
 ----> turn 591 1 0.557619 0.442381 
 ----> turn 592 1 0.515245 0.484755 
 ----> turn 593 0 0.550108 0.449892 
 ----> turn 594 0 0.551669 0.448331 
 ----> turn 595 1 0.536442 0.463558 
 ----> turn 596 1 0.56308 0.43692 
 ----> turn 597 0 0.539699 0.460301 
 ----> turn 598 1 0.507878 0.492122 
 ----> turn 599 1 0.558824 0.441176 
 ----> turn 600 0 0.565597 0.434403 
 ----> turn 601 1 0.480708 0.519292 
 ----> turn 602 1 0.509521 0.490479 
 ----> turn 603 0 0.567999 0.432001 
 ----> turn 604 0 0.595265 0.404735 
 ----> turn 605 0 0.557269 0.442731 
 ----> turn 606 1 0.526067 0.473933 
 ----> turn 607 1 0.531466 0.468534 
 ----> turn 608 0 0.558625 0.441375 
 ----> turn 609 0 0.567381 0.432619 
 ----> turn 610 0 0.562311 0.437689 
 ----> turn 611 1 0.513029 0.486971 
 ----> turn 612 0 0.565771 0.434229 
 ----> turn 613 1 0.563471 0.436529 
 ----> turn 614 0 0.606131 0.393869 
 ----> turn 615 1 0.536772 0.463228 
 ----> turn 616 0 0.532427 0.467573 
 ----> turn 617 1 0.546353 0.453647 
 ----> turn 618 1 0.553209 0.446791 
 ----> turn 619 1 0.533082 0.466918 
 ----> turn 620 1 0.510222 0.489778 
 ----> turn 621 0 0.521697 0.478303 
 ----> turn 622 0 0.508981 0.491019 
 ----> turn 623 0 0.566137 0.433863 
 ----> turn 624 0 0.546614 0.453386 
 ----> turn 625 0 0.561853 0.438147 
 ----> turn 626 0 0.570607 0.429393 
 ----> turn 627 0 0.526103 0.473897 
 ----> turn 628 1 0.533496 0.466504 
 ----> turn 629 1 0.508404 0.491596 
 ----> turn 630 0 0.582489 0.417511 
 ----> turn 631 1 0.563273 0.436727 
 ----> turn 632 1 0.517239 0.482761 
 ----> turn 633 0 0.519072 0.480928 
 ----> turn 634 1 0.54055 0.45945 
 ----> turn 635 0 0.594458 0.405542 
 ----> turn 636 1 0.545627 0.454373 
 ----> turn 637 0 0.522702 0.477298 
 ----> turn 638 0 0.536809 0.463191 
 ----> turn 639 1 0.507471 0.492529 
 ----> turn 640 1 0.522743 0.477257 
 ----> turn 641 0 0.575875 0.424125 
 ----> turn 642 0 0.563065 0.436935 
 ----> turn 643 0 0.527888 0.472112 
 ----> turn 644 0 0.559214 0.440786 
 ----> turn 645 0 0.581874 0.418126 
 ----> turn 646 0 0.501422 0.498578 
 ----> turn 647 1 0.533834 0.466166 
 ----> turn 648 0 0.557058 0.442942 
 ----> turn 649 1 0.558895 0.441105 
 ----> turn 650 1 0.519164 0.480836 
 ----> turn 651 1 0.486904 0.513096 
 ----> turn 652 0 0.522599 0.477401 
 ----> turn 653 1 0.545512 0.454488 
 ----> turn 654 1 0.541259 0.458741 
 ----> turn 655 0 0.549167 0.450833 
 ----> turn 656 0 0.569198 0.430802 
 ----> turn 657 0 0.568722 0.431278 
 ----> turn 658 1 0.547432 0.452568 
 ----> turn 659 1 0.519557 0.480443 
 ----> turn 660 0 0.560859 0.439141 
 ----> turn 661 0 0.55254 0.44746 
 ----> turn 662 1 0.548867 0.451133 
 ----> turn 663 0 0.530278 0.469722 
 ----> turn 664 1 0.546723 0.453277 
 ----> turn 665 1 0.540923 0.459077 
 ----> turn 666 0 0.585621 0.414379 
 ----> turn 667 0 0.542449 0.457551 
 ----> turn 668 1 0.543542 0.456458 
 ----> turn 669 0 0.553356 0.446644 
 ----> turn 670 0 0.551386 0.448614 
 ----> turn 671 1 0.553141 0.446859 
 ----> turn 672 0 0.568781 0.431219 
 ----> turn 673 1 0.540517 0.459483 
 ----> turn 674 1 0.525075 0.474925 
 ----> turn 675 1 0.548427 0.451573 
 ----> turn 676 0 0.55716 0.44284 
 ----> turn 677 0 0.572801 0.427199 
 ----> turn 678 1 0.561155 0.438845 
 ----> turn 679 0 0.528558 0.471442 
 ----> turn 680 1 0.503054 0.496946 
 ----> turn 681 0 0.564811 0.435189 
 ----> turn 682 0 0.588128 0.411872 
 ----> turn 683 1 0.516174 0.483826 
 ----> turn 684 0 0.53907 0.46093 
 ----> turn 685 1 0.527047 0.472953 
 ----> turn 686 0 0.589885 0.410115 
 ----> turn 687 0 0.575941 0.424059 
 ----> turn 688 1 0.522754 0.477246 
 ----> turn 689 0 0.548202 0.451798 
 ----> turn 690 0 0.522102 0.477898 
 ----> turn 691 1 0.537318 0.462682 
 ----> turn 692 0 0.523894 0.476106 
 ----> turn 693 1 0.577752 0.422248 
 ----> turn 694 1 0.50999 0.49001 
 ----> turn 695 1 0.572963 0.427037 
 ----> turn 696 0 0.552345 0.447655 
 ----> turn 697 0 0.549894 0.450106 
 ----> turn 698 0 0.560727 0.439273 
 ----> turn 699 1 0.533287 0.466713 
 ----> turn 700 1 0.545829 0.454171 
 ----> turn 701 0 0.535081 0.464919 
 ----> turn 702 0 0.532698 0.467302 
 ----> turn 703 1 0.546933 0.453067 
 ----> turn 704 1 0.510353 0.489647 
 ----> turn 705 0 0.578273 0.421727 
 ----> turn 706 1 0.559129 0.440871 
 ----> turn 707 1 0.498994 0.501006 
 ----> turn 708 1 0.529318 0.470682 
 ----> turn 709 1 0.546099 0.453901 
 ----> turn 710 0 0.585058 0.414942 
 ----> turn 711 0 0.540758 0.459242 
 ----> turn 712 1 0.50368 0.49632 
 ----> turn 713 0 0.566811 0.433189 
 ----> turn 714 1 0.514415 0.485585 
 ----> turn 715 0 0.577172 0.422828 
 ----> turn 716 1 0.546111 0.453889 
 ----> turn 717 0 0.539355 0.460645 
 ----> turn 718 1 0.552575 0.447425 
