 ----> turn 1 1 0.492415 0.507585 
 ----> turn 2 0 0.614058 0.385942 
 ----> turn 3 1 0.488322 0.511678 
 ----> turn 4 0 0.6743 0.3257 
 ----> turn 5 0 0.525127 0.474873 
 ----> turn 6 1 0.398103 0.601897 
 ----> turn 7 0 0.543831 0.456169 
 ----> turn 8 0 0.378119 0.621881 
 ----> turn 9 1 0.356108 0.643892 
 ----> turn 10 1 0.552764 0.447236 
 ----> turn 11 0 0.628419 0.371581 
 ----> turn 12 0 0.541153 0.458847 
 ----> turn 13 0 0.517385 0.482615 
 ----> turn 14 1 0.421065 0.578935 
 ----> turn 15 0 0.564873 0.435127 
 ----> turn 16 1 0.489815 0.510185 
 ----> turn 17 1 0.477688 0.522312 
 ----> turn 18 0 0.636153 0.363847 
 ----> turn 19 1 0.628485 0.371515 
 ----> turn 20 0 0.625895 0.374105 
 ----> turn 21 0 0.500979 0.499021 
 ----> turn 22 1 0.437897 0.562103 
 ----> turn 23 0 0.566056 0.433944 
 ----> turn 24 0 0.368246 0.631754 
 ----> turn 25 1 0.422252 0.577748 
 ----> turn 26 0 0.561292 0.438708 
 ----> turn 27 1 0.469691 0.530309 
 ----> turn 28 1 0.497451 0.502549 
 ----> turn 29 0 0.635602 0.364398 
 ----> turn 30 0 0.619172 0.380828 
 ----> turn 31 0 0.482099 0.517901 
 ----> turn 32 0 0.593745 0.406255 
 ----> turn 33 1 0.504236 0.495764 
 ----> turn 34 0 0.532584 0.467416 
 ----> turn 35 1 0.533171 0.466829 
 ----> turn 36 0 0.533937 0.466063 
 ----> turn 37 0 0.509899 0.490101 
 ----> turn 38 1 0.462885 0.537115 
 ----> turn 39 1 0.524661 0.475339 
 ----> turn 40 1 0.584493 0.415507 
 ----> turn 41 0 0.639903 0.360097 
 ----> turn 42 0 0.569896 0.430104 
 ----> turn 43 0 0.541424 0.458576 
 ----> turn 44 0 0.497186 0.502814 
 ----> turn 45 1 0.459517 0.540483 
 ----> turn 46 1 0.545119 0.454881 
 ----> turn 47 0 0.560293 0.439707 
 ----> turn 48 0 0.557137 0.442863 
 ----> turn 49 1 0.475322 0.524678 
 ----> turn 50 1 0.529637 0.470363 
 ----> turn 51 1 0.541322 0.458678 
 ----> turn 52 0 0.612431 0.387569 
 ----> turn 53 1 0.554382 0.445618 
 ----> turn 54 1 0.544107 0.455893 
 ----> turn 55 0 0.61648 0.38352 
 ----> turn 56 0 0.549918 0.450082 
 ----> turn 57 1 0.523188 0.476812 
 ----> turn 58 0 0.553442 0.446558 
 ----> turn 59 1 0.539083 0.460917 
 ----> turn 60 1 0.553785 0.446215 
 ----> turn 61 0 0.560092 0.439908 
 ----> turn 62 1 0.534438 0.465562 
 ----> turn 63 0 0.577995 0.422005 
 ----> turn 64 1 0.500361 0.499639 
 ----> turn 65 0 0.631351 0.368649 
 ----> turn 66 1 0.530425 0.469575 
 ----> turn 67 0 0.586488 0.413512 
 ----> turn 68 0 0.553915 0.446085 
 ----> turn 69 1 0.493956 0.506044 
 ----> turn 70 0 0.553147 0.446853 
 ----> turn 71 0 0.56718 0.43282 
 ----> turn 72 0 0.576084 0.423916 
 ----> turn 73 1 0.540598 0.459402 
 ----> turn 74 1 0.491778 0.508222 
 ----> turn 75 0 0.553301 0.446699 
 ----> turn 76 0 0.579683 0.420317 
 ----> turn 77 0 0.535812 0.464188 
 ----> turn 78 1 0.511031 0.488969 
 ----> turn 79 0 0.545229 0.454771 
 ----> turn 80 1 0.431645 0.568355 
 ----> turn 81 1 0.447159 0.552841 
 ----> turn 82 1 0.521169 0.478831 
 ----> turn 83 0 0.627626 0.372374 
 ----> turn 84 1 0.570823 0.429177 
 ----> turn 85 0 0.573922 0.426078 
 ----> turn 86 0 0.561989 0.438011 
 ----> turn 87 0 0.550684 0.449316 
 ----> turn 88 0 0.46934 0.53066 
 ----> turn 89 0 0.517007 0.482993 
 ----> turn 90 1 0.49079 0.50921 
 ----> turn 91 0 0.512786 0.487214 
 ----> turn 92 1 0.576845 0.423155 
 ----> turn 93 0 0.506272 0.493728 
 ----> turn 94 1 0.474582 0.525418 
 ----> turn 95 0 0.646958 0.353042 
 ----> turn 96 1 0.57095 0.42905 
 ----> turn 97 0 0.57491 0.42509 
 ----> turn 98 0 0.555791 0.444209 
 ----> turn 99 1 0.453842 0.546158 
 ----> turn 100 0 0.515968 0.484032 
 ----> turn 101 1 0.432753 0.567247 
 ----> turn 102 1 0.53367 0.46633 
 ----> turn 103 0 0.590851 0.409149 
 ----> turn 104 0 0.579174 0.420826 
 ----> turn 105 0 0.575296 0.424704 
 ----> turn 106 0 0.501687 0.498313 
 ----> turn 107 0 0.504283 0.495717 
 ----> turn 108 1 0.507023 0.492977 
 ----> turn 109 0 0.558879 0.441121 
 ----> turn 110 0 0.571921 0.428079 
 ----> turn 111 1 0.472206 0.527794 
 ----> turn 112 0 0.58495 0.41505 
 ----> turn 113 1 0.615989 0.384011 
 ----> turn 114 0 0.579621 0.420379 
 ----> turn 115 0 0.572094 0.427906 
 ----> turn 116 1 0.457699 0.542301 
 ----> turn 117 1 0.509115 0.490885 
 ----> turn 118 0 0.582121 0.417879 
 ----> turn 119 0 0.611201 0.388799 
 ----> turn 120 0 0.561121 0.438879 
 ----> turn 121 0 0.527908 0.472092 
 ----> turn 122 0 0.504369 0.495631 
 ----> turn 123 1 0.544011 0.455989 
 ----> turn 124 1 0.537448 0.462552 
 ----> turn 125 0 0.535253 0.464747 
 ----> turn 126 1 0.584952 0.415048 
 ----> turn 127 0 0.582655 0.417345 
 ----> turn 128 1 0.503313 0.496687 
 ----> turn 129 0 0.650842 0.349158 
 ----> turn 130 0 0.591773 0.408227 
 ----> turn 131 0 0.526114 0.473886 
 ----> turn 132 1 0.498008 0.501992 
 ----> turn 133 0 0.563232 0.436768 
 ----> turn 134 1 0.534365 0.465635 
 ----> turn 135 1 0.506036 0.493964 
 ----> turn 136 0 0.597904 0.402096 
 ----> turn 137 0 0.575638 0.424362 
 ----> turn 138 0 0.537854 0.462146 
 ----> turn 139 0 0.669809 0.330191 
 ----> turn 140 0 0.555348 0.444652 
 ----> turn 141 1 0.462547 0.537453 
 ----> turn 142 0 0.592413 0.407587 
 ----> turn 143 1 0.465149 0.534851 
 ----> turn 144 0 0.521833 0.478167 
 ----> turn 145 0 0.547279 0.452721 
 ----> turn 146 1 0.462445 0.537555 
 ----> turn 147 0 0.576013 0.423987 
 ----> turn 148 1 0.456057 0.543943 
 ----> turn 149 1 0.501738 0.498262 
 ----> turn 150 0 0.620569 0.379431 
 ----> turn 151 0 0.574133 0.425867 
 ----> turn 152 0 0.51101 0.48899 
 ----> turn 153 0 0.557688 0.442312 
 ----> turn 154 1 0.485433 0.514567 
 ----> turn 155 0 0.508963 0.491037 
 ----> turn 156 1 0.543729 0.456271 
 ----> turn 157 1 0.491012 0.508988 
 ----> turn 158 0 0.567045 0.432955 
 ----> turn 159 0 0.579266 0.420734 
 ----> turn 160 0 0.480434 0.519566 
 ----> turn 161 0 0.625152 0.374848 
 ----> turn 162 0 0.484746 0.515254 
 ----> turn 163 1 0.460647 0.539353 
 ----> turn 164 0 0.582869 0.417131 
 ----> turn 165 1 0.503519 0.496481 
 ----> turn 166 0 0.516936 0.483064 
 ----> turn 167 1 0.495914 0.504086 
 ----> turn 168 0 0.634647 0.365353 
 ----> turn 169 1 0.563554 0.436446 
 ----> turn 170 1 0.521381 0.478619 
 ----> turn 171 1 0.467386 0.532614 
 ----> turn 172 0 0.574939 0.425061 
 ----> turn 173 1 0.534785 0.465215 
 ----> turn 174 0 0.55003 0.44997 
 ----> turn 175 1 0.55137 0.44863 
 ----> turn 176 0 0.591884 0.408116 
 ----> turn 177 0 0.623 0.377 
 ----> turn 178 0 0.547976 0.452024 
 ----> turn 179 1 0.461789 0.538211 
 ----> turn 180 1 0.506471 0.493529 
 ----> turn 181 1 0.510934 0.489066 
 ----> turn 182 1 0.59331 0.40669 
 ----> turn 183 0 0.668716 0.331284 
 ----> turn 184 1 0.558308 0.441692 
 ----> turn 185 0 0.533403 0.466597 
 ----> turn 186 0 0.595414 0.404586 
 ----> turn 187 0 0.563179 0.436821 
 ----> turn 188 0 0.519204 0.480796 
 ----> turn 189 1 0.499568 0.500432 
 ----> turn 190 0 0.471696 0.528304 
 ----> turn 191 0 0.530308 0.469692 
 ----> turn 192 1 0.509289 0.490711 
 ----> turn 193 0 0.519864 0.480136 
 ----> turn 194 0 0.576111 0.423889 
 ----> turn 195 1 0.543604 0.456396 
 ----> turn 196 1 0.571069 0.428931 
 ----> turn 197 0 0.538029 0.461971 
 ----> turn 198 1 0.467042 0.532958 
 ----> turn 199 0 0.576683 0.423317 
 ----> turn 200 0 0.571179 0.428821 
 ----> turn 201 1 0.46387 0.53613 
 ----> turn 202 1 0.476339 0.523661 
 ----> turn 203 0 0.594542 0.405458 
 ----> turn 204 1 0.524716 0.475284 
 ----> turn 205 0 0.580353 0.419647 
 ----> turn 206 1 0.464991 0.535009 
 ----> turn 207 1 0.603101 0.396899 
 ----> turn 208 0 0.640312 0.359688 
 ----> turn 209 0 0.608748 0.391252 
 ----> turn 210 1 0.540505 0.459495 
 ----> turn 211 0 0.587675 0.412325 
 ----> turn 212 1 0.547328 0.452672 
 ----> turn 213 0 0.62639 0.37361 
 ----> turn 214 0 0.513523 0.486477 
 ----> turn 215 1 0.477158 0.522842 
 ----> turn 216 0 0.622263 0.377737 
 ----> turn 217 1 0.38814 0.61186 
 ----> turn 218 1 0.533312 0.466688 
 ----> turn 219 0 0.611132 0.388868 
 ----> turn 220 1 0.525137 0.474863 
 ----> turn 221 1 0.512961 0.487039 
 ----> turn 222 1 0.587322 0.412678 
 ----> turn 223 0 0.63479 0.36521 
 ----> turn 224 0 0.63276 0.36724 
 ----> turn 225 1 0.518544 0.481456 
 ----> turn 226 0 0.546444 0.453556 
 ----> turn 227 0 0.521025 0.478975 
 ----> turn 228 0 0.535855 0.464145 
 ----> turn 229 0 0.52911 0.47089 
 ----> turn 230 1 0.499052 0.500948 
 ----> turn 231 1 0.483089 0.516911 
 ----> turn 232 0 0.650668 0.349332 
 ----> turn 233 0 0.501231 0.498769 
 ----> turn 234 1 0.533876 0.466124 
 ----> turn 235 1 0.563464 0.436536 
 ----> turn 236 1 0.567779 0.432221 
 ----> turn 237 0 0.599268 0.400732 
 ----> turn 238 1 0.466193 0.533807 
 ----> turn 239 0 0.607811 0.392189 
 ----> turn 240 1 0.561731 0.438269 
 ----> turn 241 0 0.610977 0.389023 
 ----> turn 242 1 0.522661 0.477339 
 ----> turn 243 0 0.635891 0.364109 
 ----> turn 244 1 0.576917 0.423083 
 ----> turn 245 0 0.613877 0.386123 
 ----> turn 246 1 0.529644 0.470356 
 ----> turn 247 0 0.569961 0.430039 
 ----> turn 248 0 0.518916 0.481084 
 ----> turn 249 1 0.495526 0.504474 
 ----> turn 250 1 0.544635 0.455365 
 ----> turn 251 1 0.514858 0.485142 
 ----> turn 252 0 0.635765 0.364235 
 ----> turn 253 1 0.483041 0.516959 
 ----> turn 254 0 0.587053 0.412947 
 ----> turn 255 0 0.52201 0.47799 
 ----> turn 256 0 0.511583 0.488417 
 ----> turn 257 1 0.506689 0.493311 
 ----> turn 258 0 0.568542 0.431458 
 ----> turn 259 0 0.519712 0.480288 
 ----> turn 260 1 0.482368 0.517632 
 ----> turn 261 1 0.456101 0.543899 
 ----> turn 262 1 0.560237 0.439763 
 ----> turn 263 0 0.604326 0.395674 
 ----> turn 264 1 0.54657 0.45343 
 ----> turn 265 1 0.580831 0.419169 
 ----> turn 266 0 0.60907 0.39093 
 ----> turn 267 1 0.510839 0.489161 
 ----> turn 268 0 0.54529 0.45471 
 ----> turn 269 0 0.580738 0.419262 
 ----> turn 270 0 0.54405 0.45595 
 ----> turn 271 1 0.418168 0.581832 
 ----> turn 272 0 0.52059 0.47941 
 ----> turn 273 1 0.452375 0.547625 
 ----> turn 274 0 0.572335 0.427665 
 ----> turn 275 1 0.525153 0.474847 
 ----> turn 276 0 0.62966 0.37034 
 ----> turn 277 0 0.588545 0.411455 
 ----> turn 278 0 0.560968 0.439032 
 ----> turn 279 1 0.403772 0.596228 
 ----> turn 280 0 0.606476 0.393524 
 ----> turn 281 0 0.523792 0.476208 
 ----> turn 282 1 0.468588 0.531412 
 ----> turn 283 0 0.526855 0.473145 
 ----> turn 284 0 0.530084 0.469916 
 ----> turn 285 0 0.573888 0.426112 
 ----> turn 286 1 0.445849 0.554151 
 ----> turn 287 1 0.568496 0.431504 
 ----> turn 288 1 0.497819 0.502181 
 ----> turn 289 0 0.622 0.378 
 ----> turn 290 0 0.583998 0.416002 
 ----> turn 291 1 0.499699 0.500301 
 ----> turn 292 0 0.578039 0.421961 
 ----> turn 293 1 0.528218 0.471782 
 ----> turn 294 1 0.522293 0.477707 
 ----> turn 295 0 0.601646 0.398354 
 ----> turn 296 1 0.540887 0.459113 
 ----> turn 297 0 0.622334 0.377666 
 ----> turn 298 1 0.537617 0.462383 
 ----> turn 299 0 0.623706 0.376294 
 ----> turn 300 0 0.543093 0.456907 
 ----> turn 301 0 0.50849 0.49151 
 ----> turn 302 1 0.466381 0.533619 
 ----> turn 303 1 0.564337 0.435663 
 ----> turn 304 0 0.521522 0.478478 
 ----> turn 305 1 0.476279 0.523721 
 ----> turn 306 0 0.657859 0.342141 
 ----> turn 307 0 0.54446 0.45554 
 ----> turn 308 1 0.47515 0.52485 
 ----> turn 309 0 0.547121 0.452879 
 ----> turn 310 1 0.485898 0.514102 
 ----> turn 311 0 0.584624 0.415376 
 ----> turn 312 1 0.454561 0.545439 
 ----> turn 313 0 0.563749 0.436251 
 ----> turn 314 0 0.501879 0.498121 
 ----> turn 315 0 0.506614 0.493386 
 ----> turn 316 1 0.525729 0.474271 
 ----> turn 317 1 0.529946 0.470054 
 ----> turn 318 0 0.586352 0.413648 
 ----> turn 319 1 0.514117 0.485883 
 ----> turn 320 1 0.545159 0.454841 
 ----> turn 321 1 0.586464 0.413536 
 ----> turn 322 0 0.569929 0.430071 
 ----> turn 323 0 0.573732 0.426268 
 ----> turn 324 1 0.484262 0.515738 
 ----> turn 325 0 0.550796 0.449204 
 ----> turn 326 0 0.574057 0.425943 
 ----> turn 327 1 0.483412 0.516588 
 ----> turn 328 0 0.579175 0.420825 
 ----> turn 329 0 0.508456 0.491544 
 ----> turn 330 1 0.465058 0.534942 
 ----> turn 331 0 0.559292 0.440708 
 ----> turn 332 0 0.565849 0.434151 
 ----> turn 333 1 0.473285 0.526715 
 ----> turn 334 1 0.529627 0.470373 
 ----> turn 335 0 0.558138 0.441862 
 ----> turn 336 1 0.527776 0.472224 
 ----> turn 337 0 0.602451 0.397549 
 ----> turn 338 1 0.529701 0.470299 
 ----> turn 339 0 0.635969 0.364031 
 ----> turn 340 1 0.502473 0.497527 
 ----> turn 341 0 0.542108 0.457892 
 ----> turn 342 1 0.479552 0.520448 
 ----> turn 343 0 0.607016 0.392984 
 ----> turn 344 0 0.521166 0.478834 
 ----> turn 345 0 0.551929 0.448071 
 ----> turn 346 1 0.460324 0.539676 
 ----> turn 347 0 0.526211 0.473789 
 ----> turn 348 0 0.572481 0.427519 
 ----> turn 349 1 0.46057 0.53943 
 ----> turn 350 1 0.559056 0.440944 
 ----> turn 351 0 0.587294 0.412706 
 ----> turn 352 0 0.545066 0.454934 
 ----> turn 353 1 0.52946 0.47054 
 ----> turn 354 0 0.532779 0.467221 
 ----> turn 355 1 0.528157 0.471843 
 ----> turn 356 1 0.515438 0.484562 
 ----> turn 357 1 0.527272 0.472728 
 ----> turn 358 0 0.643476 0.356524 
 ----> turn 359 0 0.551889 0.448111 
 ----> turn 360 1 0.469147 0.530853 
 ----> turn 361 1 0.428172 0.571828 
 ----> turn 362 0 0.630402 0.369598 
 ----> turn 363 0 0.568832 0.431168 
 ----> turn 364 0 0.481191 0.518809 
 ----> turn 365 0 0.555147 0.444853 
 ----> turn 366 1 0.43699 0.56301 
 ----> turn 367 0 0.505742 0.494258 
 ----> turn 368 0 0.547041 0.452959 
 ----> turn 369 0 0.524517 0.475483 
 ----> turn 370 1 0.53167 0.46833 
 ----> turn 371 0 0.602262 0.397738 
 ----> turn 372 1 0.495652 0.504348 
 ----> turn 373 0 0.600313 0.399687 
 ----> turn 374 0 0.560553 0.439447 
 ----> turn 375 1 0.53153 0.46847 
 ----> turn 376 0 0.548964 0.451036 
 ----> turn 377 1 0.492479 0.507521 
 ----> turn 378 1 0.467242 0.532758 
 ----> turn 379 0 0.624633 0.375367 
 ----> turn 380 0 0.59916 0.40084 
 ----> turn 381 1 0.551515 0.448485 
 ----> turn 382 1 0.486814 0.513186 
 ----> turn 383 1 0.513805 0.486195 
 ----> turn 384 0 0.62779 0.37221 
 ----> turn 385 1 0.503887 0.496113 
 ----> turn 386 0 0.566836 0.433164 
 ----> turn 387 1 0.544103 0.455897 
 ----> turn 388 1 0.528399 0.471601 
 ----> turn 389 0 0.571866 0.428134 
 ----> turn 390 0 0.575429 0.424571 
 ----> turn 391 0 0.502015 0.497985 
 ----> turn 392 1 0.509296 0.490704 
 ----> turn 393 1 0.514156 0.485844 
 ----> turn 394 1 0.547548 0.452452 
 ----> turn 395 0 0.657693 0.342307 
 ----> turn 396 0 0.610341 0.389659 
 ----> turn 397 0 0.557305 0.442695 
 ----> turn 398 1 0.52389 0.47611 
 ----> turn 399 1 0.497185 0.502815 
 ----> turn 400 1 0.508757 0.491243 
 ----> turn 401 0 0.66072 0.33928 
 ----> turn 402 0 0.561957 0.438043 
 ----> turn 403 0 0.540253 0.459747 
 ----> turn 404 1 0.518252 0.481748 
 ----> turn 405 1 0.471504 0.528496 
 ----> turn 406 1 0.60824 0.39176 
 ----> turn 407 1 0.517204 0.482796 
 ----> turn 408 0 0.663244 0.336756 
 ----> turn 409 0 0.602129 0.397871 
 ----> turn 410 0 0.570401 0.429599 
 ----> turn 411 0 0.529803 0.470197 
 ----> turn 412 1 0.465858 0.534142 
 ----> turn 413 1 0.528372 0.471628 
 ----> turn 414 0 0.5786 0.4214 
 ----> turn 415 1 0.506754 0.493246 
 ----> turn 416 0 0.508739 0.491261 
 ----> turn 417 0 0.596259 0.403741 
 ----> turn 418 1 0.456802 0.543198 
 ----> turn 419 1 0.545952 0.454048 
 ----> turn 420 1 0.551774 0.448226 
 ----> turn 421 0 0.620292 0.379708 
 ----> turn 422 0 0.566378 0.433622 
 ----> turn 423 1 0.482329 0.517671 
 ----> turn 424 0 0.574022 0.425978 
 ----> turn 425 0 0.569626 0.430374 
 ----> turn 426 1 0.515066 0.484934 
 ----> turn 427 0 0.580941 0.419059 
 ----> turn 428 0 0.551791 0.448209 
 ----> turn 429 0 0.503182 0.496818 
 ----> turn 430 0 0.581295 0.418705 
 ----> turn 431 1 0.520262 0.479738 
 ----> turn 432 1 0.424819 0.575181 
 ----> turn 433 1 0.55421 0.44579 
 ----> turn 434 0 0.600789 0.399211 
 ----> turn 435 1 0.528777 0.471223 
 ----> turn 436 0 0.645112 0.354888 
 ----> turn 437 0 0.585966 0.414034 
 ----> turn 438 0 0.552987 0.447013 
 ----> turn 439 0 0.497205 0.502795 
 ----> turn 440 1 0.506295 0.493705 
 ----> turn 441 0 0.583504 0.416496 
 ----> turn 442 1 0.496101 0.503899 
 ----> turn 443 1 0.524323 0.475677 
 ----> turn 444 0 0.5737 0.4263 
 ----> turn 445 1 0.513237 0.486763 
 ----> turn 446 0 0.619749 0.380251 
 ----> turn 447 0 0.613857 0.386143 
 ----> turn 448 1 0.38982 0.61018 
 ----> turn 449 1 0.449381 0.550619 
 ----> turn 450 0 0.65521 0.34479 
 ----> turn 451 0 0.601426 0.398574 
 ----> turn 452 1 0.49022 0.50978 
 ----> turn 453 0 0.567315 0.432685 
 ----> turn 454 1 0.41646 0.58354 
 ----> turn 455 0 0.503032 0.496968 
 ----> turn 456 0 0.557535 0.442465 
 ----> turn 457 0 0.502219 0.497781 
 ----> turn 458 1 0.537947 0.462053 
 ----> turn 459 0 0.568045 0.431955 
 ----> turn 460 1 0.475639 0.524361 
 ----> turn 461 1 0.509495 0.490505 
 ----> turn 462 0 0.530694 0.469306 
 ----> turn 463 1 0.548663 0.451337 
 ----> turn 464 0 0.615203 0.384797 
 ----> turn 465 1 0.509529 0.490471 
 ----> turn 466 0 0.603881 0.396119 
 ----> turn 467 1 0.521577 0.478423 
 ----> turn 468 0 0.577823 0.422177 
 ----> turn 469 1 0.518977 0.481023 
 ----> turn 470 0 0.590763 0.409237 
 ----> turn 471 1 0.502999 0.497001 
 ----> turn 472 0 0.562254 0.437746 
 ----> turn 473 1 0.497608 0.502392 
 ----> turn 474 0 0.549772 0.450228 
 ----> turn 475 0 0.54844 0.45156 
 ----> turn 476 1 0.492658 0.507342 
 ----> turn 477 1 0.521966 0.478034 
 ----> turn 478 1 0.543321 0.456679 
 ----> turn 479 0 0.635578 0.364422 
 ----> turn 480 0 0.570504 0.429496 
 ----> turn 481 1 0.481614 0.518386 
 ----> turn 482 0 0.594417 0.405583 
 ----> turn 483 0 0.605721 0.394279 
 ----> turn 484 1 0.483999 0.516001 
 ----> turn 485 0 0.575192 0.424808 
 ----> turn 486 0 0.529475 0.470525 
 ----> turn 487 1 0.541214 0.458786 
 ----> turn 488 0 0.555048 0.444952 
 ----> turn 489 1 0.540271 0.459729 
 ----> turn 490 0 0.592214 0.407786 
 ----> turn 491 1 0.530251 0.469749 
 ----> turn 492 0 0.661331 0.338669 
 ----> turn 493 0 0.557226 0.442774 
 ----> turn 494 1 0.548363 0.451637 
 ----> turn 495 0 0.55523 0.44477 
 ----> turn 496 1 0.501705 0.498295 
 ----> turn 497 0 0.543927 0.456073 
 ----> turn 498 1 0.537829 0.462171 
 ----> turn 499 0 0.577173 0.422827 
 ----> turn 500 1 0.522973 0.477027 
 ----> turn 501 0 0.58032 0.41968 
 ----> turn 502 1 0.525213 0.474787 
 ----> turn 503 1 0.548355 0.451645 
 ----> turn 504 1 0.557771 0.442229 
 ----> turn 505 0 0.585239 0.414761 
 ----> turn 506 0 0.534685 0.465315 
 ----> turn 507 1 0.467305 0.532695 
 ----> turn 508 1 0.571911 0.428089 
 ----> turn 509 1 0.526294 0.473706 
 ----> turn 510 0 0.610455 0.389545 
 ----> turn 511 0 0.540507 0.459493 
 ----> turn 512 0 0.515776 0.484224 
 ----> turn 513 1 0.445445 0.554555 
 ----> turn 514 1 0.463971 0.536029 
 ----> turn 515 0 0.620929 0.379071 
 ----> turn 516 0 0.64828 0.35172 
 ----> turn 517 1 0.530492 0.469508 
 ----> turn 518 1 0.531487 0.468513 
 ----> turn 519 0 0.538554 0.461446 
 ----> turn 520 1 0.47092 0.52908 
 ----> turn 521 1 0.535975 0.464025 
 ----> turn 522 0 0.616278 0.383722 
 ----> turn 523 1 0.518964 0.481036 
 ----> turn 524 0 0.565716 0.434284 
 ----> turn 525 0 0.545333 0.454667 
 ----> turn 526 0 0.566373 0.433627 
 ----> turn 527 1 0.487069 0.512931 
 ----> turn 528 0 0.551539 0.448461 
 ----> turn 529 1 0.509347 0.490653 
 ----> turn 530 0 0.551572 0.448428 
 ----> turn 531 1 0.500956 0.499044 
 ----> turn 532 0 0.607227 0.392773 
 ----> turn 533 1 0.575649 0.424351 
 ----> turn 534 0 0.601496 0.398504 
 ----> turn 535 0 0.525243 0.474757 
 ----> turn 536 1 0.439868 0.560132 
 ----> turn 537 1 0.53327 0.46673 
 ----> turn 538 0 0.609676 0.390324 
 ----> turn 539 1 0.529735 0.470265 
 ----> turn 540 1 0.52528 0.47472 
 ----> turn 541 0 0.644409 0.355591 
 ----> turn 542 0 0.523871 0.476129 
 ----> turn 543 1 0.486445 0.513555 
 ----> turn 544 1 0.523977 0.476023 
 ----> turn 545 0 0.583762 0.416238 
 ----> turn 546 0 0.578848 0.421152 
 ----> turn 547 1 0.546221 0.453779 
 ----> turn 548 1 0.494754 0.505246 
 ----> turn 549 0 0.544818 0.455182 
 ----> turn 550 0 0.563906 0.436094 
 ----> turn 551 1 0.476425 0.523575 
 ----> turn 552 0 0.577521 0.422479 
 ----> turn 553 1 0.490553 0.509447 
 ----> turn 554 0 0.587717 0.412283 
 ----> turn 555 0 0.54559 0.45441 
 ----> turn 556 0 0.523174 0.476826 
 ----> turn 557 1 0.562868 0.437132 
 ----> turn 558 1 0.495706 0.504294 
 ----> turn 559 1 0.502191 0.497809 
 ----> turn 560 0 0.599188 0.400812 
 ----> turn 561 0 0.551451 0.448549 
 ----> turn 562 1 0.479052 0.520948 
 ----> turn 563 0 0.604633 0.395367 
 ----> turn 564 0 0.533964 0.466036 
 ----> turn 565 1 0.491782 0.508218 
 ----> turn 566 0 0.581209 0.418791 
 ----> turn 567 0 0.525806 0.474194 
 ----> turn 568 0 0.514816 0.485184 
 ----> turn 569 0 0.570188 0.429812 
 ----> turn 570 1 0.511529 0.488471 
 ----> turn 571 1 0.508943 0.491057 
 ----> turn 572 0 0.542932 0.457068 
 ----> turn 573 0 0.529884 0.470116 
 ----> turn 574 0 0.510287 0.489713 
 ----> turn 575 1 0.501119 0.498881 
 ----> turn 576 1 0.545521 0.454479 
 ----> turn 577 0 0.586316 0.413684 
 ----> turn 578 0 0.581835 0.418165 
 ----> turn 579 0 0.498276 0.501724 
 ----> turn 580 1 0.491744 0.508256 
 ----> turn 581 0 0.554928 0.445072 
 ----> turn 582 0 0.576721 0.423279 
 ----> turn 583 1 0.472532 0.527468 
 ----> turn 584 1 0.521137 0.478863 
 ----> turn 585 0 0.616508 0.383492 
 ----> turn 586 0 0.592586 0.407414 
 ----> turn 587 1 0.496124 0.503876 
 ----> turn 588 1 0.504572 0.495428 
 ----> turn 589 1 0.577067 0.422933 
 ----> turn 590 0 0.622431 0.377569 
 ----> turn 591 1 0.50098 0.49902 
 ----> turn 592 1 0.530927 0.469073 
 ----> turn 593 0 0.650012 0.349988 
 ----> turn 594 0 0.54222 0.45778 
 ----> turn 595 1 0.463208 0.536792 
 ----> turn 596 1 0.556126 0.443874 
 ----> turn 597 0 0.547003 0.452997 
 ----> turn 598 1 0.491061 0.508939 
 ----> turn 599 1 0.554924 0.445076 
 ----> turn 600 0 0.554291 0.445709 
 ----> turn 601 1 0.546956 0.453044 
 ----> turn 602 1 0.599972 0.400028 
 ----> turn 603 0 0.673941 0.326059 
 ----> turn 604 0 0.560362 0.439638 
 ----> turn 605 0 0.569631 0.430369 
 ----> turn 606 1 0.473962 0.526038 
 ----> turn 607 1 0.524498 0.475502 
 ----> turn 608 0 0.538021 0.461979 
 ----> turn 609 0 0.587596 0.412404 
 ----> turn 610 0 0.573336 0.426664 
 ----> turn 611 1 0.471718 0.528282 
 ----> turn 612 0 0.526933 0.473067 
 ----> turn 613 1 0.521718 0.478282 
 ----> turn 614 0 0.535071 0.464929 
 ----> turn 615 1 0.501277 0.498723 
 ----> turn 616 0 0.631541 0.368459 
 ----> turn 617 1 0.503183 0.496817 
 ----> turn 618 1 0.590658 0.409342 
 ----> turn 619 1 0.445582 0.554418 
 ----> turn 620 1 0.524546 0.475454 
 ----> turn 621 0 0.592324 0.407676 
 ----> turn 622 0 0.525213 0.474787 
 ----> turn 623 0 0.52674 0.47326 
 ----> turn 624 0 0.50635 0.49365 
 ----> turn 625 0 0.538787 0.461213 
 ----> turn 626 0 0.510541 0.489459 
 ----> turn 627 0 0.527969 0.472031 
 ----> turn 628 1 0.448651 0.551349 
 ----> turn 629 1 0.528236 0.471764 
 ----> turn 630 0 0.63642 0.36358 
 ----> turn 631 1 0.48451 0.51549 
 ----> turn 632 1 0.544212 0.455788 
 ----> turn 633 0 0.627293 0.372707 
 ----> turn 634 1 0.459206 0.540794 
 ----> turn 635 0 0.618165 0.381835 
 ----> turn 636 1 0.540876 0.459124 
 ----> turn 637 0 0.556033 0.443967 
 ----> turn 638 0 0.584976 0.415024 
 ----> turn 639 1 0.425629 0.574371 
 ----> turn 640 1 0.523024 0.476976 
 ----> turn 641 0 0.600793 0.399207 
 ----> turn 642 0 0.539561 0.460439 
 ----> turn 643 0 0.477723 0.522277 
 ----> turn 644 0 0.593772 0.406228 
 ----> turn 645 0 0.569889 0.430111 
 ----> turn 646 0 0.485725 0.514275 
 ----> turn 647 1 0.481122 0.518878 
 ----> turn 648 0 0.614725 0.385275 
 ----> turn 649 1 0.513527 0.486473 
 ----> turn 650 1 0.490936 0.509064 
 ----> turn 651 1 0.578148 0.421852 
 ----> turn 652 0 0.604202 0.395798 
 ----> turn 653 1 0.582305 0.417695 
 ----> turn 654 1 0.49702 0.50298 
 ----> turn 655 0 0.650227 0.349773 
 ----> turn 656 0 0.57756 0.42244 
 ----> turn 657 0 0.579482 0.420518 
 ----> turn 658 1 0.481148 0.518852 
 ----> turn 659 1 0.545372 0.454628 
 ----> turn 660 0 0.571695 0.428305 
 ----> turn 661 0 0.582748 0.417252 
 ----> turn 662 1 0.52184 0.47816 
 ----> turn 663 0 0.572231 0.427769 
 ----> turn 664 1 0.505809 0.494191 
 ----> turn 665 1 0.487753 0.512247 
 ----> turn 666 0 0.610105 0.389895 
 ----> turn 667 0 0.548612 0.451388 
 ----> turn 668 1 0.518542 0.481458 
 ----> turn 669 0 0.543557 0.456443 
 ----> turn 670 0 0.593594 0.406406 
 ----> turn 671 1 0.526306 0.473694 
 ----> turn 672 0 0.556291 0.443709 
 ----> turn 673 1 0.504105 0.495895 
 ----> turn 674 1 0.516229 0.483771 
 ----> turn 675 1 0.53836 0.46164 
 ----> turn 676 0 0.586134 0.413866 
 ----> turn 677 0 0.620623 0.379377 
 ----> turn 678 1 0.513604 0.486396 
 ----> turn 679 0 0.661903 0.338097 
 ----> turn 680 1 0.509728 0.490272 
 ----> turn 681 0 0.591139 0.408861 
 ----> turn 682 0 0.568446 0.431554 
 ----> turn 683 1 0.488877 0.511123 
 ----> turn 684 0 0.565242 0.434758 
 ----> turn 685 1 0.487767 0.512233 
 ----> turn 686 0 0.594697 0.405303 
 ----> turn 687 0 0.585277 0.414723 
 ----> turn 688 1 0.56038 0.43962 
 ----> turn 689 0 0.550006 0.449994 
 ----> turn 690 0 0.583902 0.416098 
 ----> turn 691 1 0.482334 0.517666 
 ----> turn 692 0 0.595019 0.404981 
 ----> turn 693 1 0.460099 0.539901 
 ----> turn 694 1 0.484797 0.515203 
 ----> turn 695 1 0.566843 0.433157 
 ----> turn 696 0 0.611924 0.388076 
 ----> turn 697 0 0.617722 0.382278 
 ----> turn 698 0 0.521934 0.478066 
 ----> turn 699 1 0.510547 0.489453 
 ----> turn 700 1 0.560192 0.439808 
 ----> turn 701 0 0.61904 0.38096 
 ----> turn 702 0 0.572222 0.427778 
 ----> turn 703 1 0.517307 0.482693 
 ----> turn 704 1 0.444089 0.555911 
 ----> turn 705 0 0.570856 0.429144 
 ----> turn 706 1 0.557335 0.442665 
 ----> turn 707 1 0.542845 0.457155 
 ----> turn 708 1 0.532568 0.467432 
 ----> turn 709 1 0.573602 0.426398 
 ----> turn 710 0 0.675505 0.324495 
 ----> turn 711 0 0.599803 0.400197 
 ----> turn 712 1 0.551284 0.448716 
 ----> turn 713 0 0.603301 0.396699 
 ----> turn 714 1 0.49978 0.50022 
 ----> turn 715 0 0.593528 0.406472 
 ----> turn 716 1 0.52379 0.47621 
 ----> turn 717 0 0.611044 0.388956 
 ----> turn 718 1 0.536903 0.463097 
