 ----> turn 1 1 0.547168 0.452832 
 ----> turn 2 0 0.558988 0.441012 
 ----> turn 3 1 0.598297 0.401703 
 ----> turn 4 0 0.551369 0.448631 
 ----> turn 5 0 0.617243 0.382757 
 ----> turn 6 1 0.579954 0.420046 
 ----> turn 7 0 0.475147 0.524853 
 ----> turn 8 0 0.580946 0.419054 
 ----> turn 9 1 0.542067 0.457933 
 ----> turn 10 1 0.575214 0.424786 
 ----> turn 11 0 0.527733 0.472267 
 ----> turn 12 0 0.582037 0.417963 
 ----> turn 13 0 0.53943 0.46057 
 ----> turn 14 1 0.560701 0.439299 
 ----> turn 15 0 0.507667 0.492333 
 ----> turn 16 1 0.534371 0.465629 
 ----> turn 17 1 0.52794 0.47206 
 ----> turn 18 0 0.560023 0.439977 
 ----> turn 19 1 0.536379 0.463621 
 ----> turn 20 0 0.533817 0.466183 
 ----> turn 21 0 0.536373 0.463627 
 ----> turn 22 1 0.498693 0.501307 
 ----> turn 23 0 0.565501 0.434499 
 ----> turn 24 0 0.548911 0.451089 
 ----> turn 25 1 0.514675 0.485325 
 ----> turn 26 0 0.519544 0.480456 
 ----> turn 27 1 0.564892 0.435108 
 ----> turn 28 1 0.534379 0.465621 
 ----> turn 29 0 0.541769 0.458231 
 ----> turn 30 0 0.584849 0.415151 
 ----> turn 31 0 0.583584 0.416416 
 ----> turn 32 0 0.553295 0.446705 
 ----> turn 33 1 0.542619 0.457381 
 ----> turn 34 0 0.566248 0.433752 
 ----> turn 35 1 0.543413 0.456587 
 ----> turn 36 0 0.608461 0.391539 
 ----> turn 37 0 0.580119 0.419881 
 ----> turn 38 1 0.541384 0.458616 
 ----> turn 39 1 0.546182 0.453818 
 ----> turn 40 1 0.519126 0.480874 
 ----> turn 41 0 0.532937 0.467063 
 ----> turn 42 0 0.590716 0.409284 
 ----> turn 43 0 0.551681 0.448319 
 ----> turn 44 0 0.57254 0.42746 
 ----> turn 45 1 0.560724 0.439276 
 ----> turn 46 1 0.550361 0.449639 
 ----> turn 47 0 0.556237 0.443763 
 ----> turn 48 0 0.545956 0.454044 
 ----> turn 49 1 0.537905 0.462095 
 ----> turn 50 1 0.523153 0.476847 
 ----> turn 51 1 0.552007 0.447993 
 ----> turn 52 0 0.581221 0.418779 
 ----> turn 53 1 0.530807 0.469193 
 ----> turn 54 1 0.535932 0.464068 
 ----> turn 55 0 0.555379 0.444621 
 ----> turn 56 0 0.544883 0.455117 
 ----> turn 57 1 0.537606 0.462394 
 ----> turn 58 0 0.554444 0.445556 
 ----> turn 59 1 0.518816 0.481184 
 ----> turn 60 1 0.537007 0.462993 
 ----> turn 61 0 0.549947 0.450053 
 ----> turn 62 1 0.518298 0.481702 
 ----> turn 63 0 0.551122 0.448878 
 ----> turn 64 1 0.534277 0.465723 
 ----> turn 65 0 0.571642 0.428358 
 ----> turn 66 1 0.532269 0.467731 
 ----> turn 67 0 0.570907 0.429093 
 ----> turn 68 0 0.572786 0.427214 
 ----> turn 69 1 0.502431 0.497569 
 ----> turn 70 0 0.569272 0.430728 
 ----> turn 71 0 0.562471 0.437529 
 ----> turn 72 0 0.570266 0.429734 
 ----> turn 73 1 0.51412 0.48588 
 ----> turn 74 1 0.532526 0.467474 
 ----> turn 75 0 0.57949 0.42051 
 ----> turn 76 0 0.552078 0.447922 
 ----> turn 77 0 0.553208 0.446792 
 ----> turn 78 1 0.538234 0.461766 
 ----> turn 79 0 0.5424 0.4576 
 ----> turn 80 1 0.566781 0.433219 
 ----> turn 81 1 0.517477 0.482523 
 ----> turn 82 1 0.526928 0.473072 
 ----> turn 83 0 0.566683 0.433317 
 ----> turn 84 1 0.48539 0.51461 
 ----> turn 85 0 0.550196 0.449804 
 ----> turn 86 0 0.533037 0.466963 
 ----> turn 87 0 0.598678 0.401322 
 ----> turn 88 0 0.562135 0.437865 
 ----> turn 89 0 0.554822 0.445178 
 ----> turn 90 1 0.568311 0.431689 
 ----> turn 91 0 0.563254 0.436746 
 ----> turn 92 1 0.482485 0.517515 
 ----> turn 93 0 0.575661 0.424339 
 ----> turn 94 1 0.539162 0.460838 
 ----> turn 95 0 0.523983 0.476017 
 ----> turn 96 1 0.533843 0.466157 
 ----> turn 97 0 0.579009 0.420991 
 ----> turn 98 0 0.525274 0.474726 
 ----> turn 99 1 0.496746 0.503254 
 ----> turn 100 0 0.558315 0.441685 
 ----> turn 101 1 0.573833 0.426167 
 ----> turn 102 1 0.452908 0.547092 
 ----> turn 103 0 0.563392 0.436608 
 ----> turn 104 0 0.525334 0.474666 
 ----> turn 105 0 0.588109 0.411891 
 ----> turn 106 0 0.538832 0.461168 
 ----> turn 107 0 0.57679 0.42321 
 ----> turn 108 1 0.524971 0.475029 
 ----> turn 109 0 0.548045 0.451955 
 ----> turn 110 0 0.568311 0.431689 
 ----> turn 111 1 0.563954 0.436046 
 ----> turn 112 0 0.523987 0.476013 
 ----> turn 113 1 0.538577 0.461423 
 ----> turn 114 0 0.564678 0.435322 
 ----> turn 115 0 0.536573 0.463427 
 ----> turn 116 1 0.508275 0.491725 
 ----> turn 117 1 0.566043 0.433957 
 ----> turn 118 0 0.59082 0.40918 
 ----> turn 119 0 0.559068 0.440932 
 ----> turn 120 0 0.555174 0.444826 
 ----> turn 121 0 0.569965 0.430035 
 ----> turn 122 0 0.564951 0.435049 
 ----> turn 123 1 0.551069 0.448931 
 ----> turn 124 1 0.527076 0.472924 
 ----> turn 125 0 0.561808 0.438192 
 ----> turn 126 1 0.545465 0.454535 
 ----> turn 127 0 0.536582 0.463418 
 ----> turn 128 1 0.531218 0.468782 
 ----> turn 129 0 0.560631 0.439369 
 ----> turn 130 0 0.563175 0.436825 
 ----> turn 131 0 0.561882 0.438118 
 ----> turn 132 1 0.493403 0.506597 
 ----> turn 133 0 0.590018 0.409982 
 ----> turn 134 1 0.469656 0.530344 
 ----> turn 135 1 0.466267 0.533733 
 ----> turn 136 0 0.560189 0.439811 
 ----> turn 137 0 0.554786 0.445214 
 ----> turn 138 0 0.588814 0.411186 
 ----> turn 139 0 0.58472 0.41528 
 ----> turn 140 0 0.575759 0.424241 
 ----> turn 141 1 0.516841 0.483159 
 ----> turn 142 0 0.551351 0.448649 
 ----> turn 143 1 0.514437 0.485563 
 ----> turn 144 0 0.543447 0.456553 
 ----> turn 145 0 0.544997 0.455003 
 ----> turn 146 1 0.472115 0.527885 
 ----> turn 147 0 0.520288 0.479712 
 ----> turn 148 1 0.548724 0.451276 
 ----> turn 149 1 0.50115 0.49885 
 ----> turn 150 0 0.554511 0.445489 
 ----> turn 151 0 0.581514 0.418486 
 ----> turn 152 0 0.566354 0.433646 
 ----> turn 153 0 0.538262 0.461738 
 ----> turn 154 1 0.552036 0.447964 
 ----> turn 155 0 0.581676 0.418324 
 ----> turn 156 1 0.529303 0.470697 
 ----> turn 157 1 0.511948 0.488052 
 ----> turn 158 0 0.52938 0.47062 
 ----> turn 159 0 0.554415 0.445585 
 ----> turn 160 0 0.562742 0.437258 
 ----> turn 161 0 0.574361 0.425639 
 ----> turn 162 0 0.557836 0.442164 
 ----> turn 163 1 0.522866 0.477134 
 ----> turn 164 0 0.581406 0.418594 
 ----> turn 165 1 0.547143 0.452857 
 ----> turn 166 0 0.607864 0.392136 
 ----> turn 167 1 0.525552 0.474448 
 ----> turn 168 0 0.570887 0.429113 
 ----> turn 169 1 0.525757 0.474243 
 ----> turn 170 1 0.52099 0.47901 
 ----> turn 171 1 0.5029 0.4971 
 ----> turn 172 0 0.609275 0.390725 
 ----> turn 173 1 0.546505 0.453495 
 ----> turn 174 0 0.576763 0.423237 
 ----> turn 175 1 0.53855 0.46145 
 ----> turn 176 0 0.530881 0.469119 
 ----> turn 177 0 0.592368 0.407632 
 ----> turn 178 0 0.582241 0.417759 
 ----> turn 179 1 0.515691 0.484309 
 ----> turn 180 1 0.514392 0.485608 
 ----> turn 181 1 0.520502 0.479498 
 ----> turn 182 1 0.520963 0.479037 
 ----> turn 183 0 0.632745 0.367255 
 ----> turn 184 1 0.553241 0.446759 
 ----> turn 185 0 0.543301 0.456699 
 ----> turn 186 0 0.581873 0.418127 
 ----> turn 187 0 0.592626 0.407374 
 ----> turn 188 0 0.603452 0.396548 
 ----> turn 189 1 0.541483 0.458517 
 ----> turn 190 0 0.551283 0.448717 
 ----> turn 191 0 0.579288 0.420712 
 ----> turn 192 1 0.538115 0.461885 
 ----> turn 193 0 0.564361 0.435639 
 ----> turn 194 0 0.573051 0.426949 
 ----> turn 195 1 0.52366 0.47634 
 ----> turn 196 1 0.561411 0.438589 
 ----> turn 197 0 0.555657 0.444343 
 ----> turn 198 1 0.533984 0.466016 
 ----> turn 199 0 0.557923 0.442077 
 ----> turn 200 0 0.518272 0.481728 
 ----> turn 201 1 0.516385 0.483615 
 ----> turn 202 1 0.555423 0.444577 
 ----> turn 203 0 0.556045 0.443955 
 ----> turn 204 1 0.534867 0.465133 
 ----> turn 205 0 0.5585 0.4415 
 ----> turn 206 1 0.502681 0.497319 
 ----> turn 207 1 0.505983 0.494017 
 ----> turn 208 0 0.526008 0.473992 
 ----> turn 209 0 0.527288 0.472712 
 ----> turn 210 1 0.5674 0.4326 
 ----> turn 211 0 0.589154 0.410846 
 ----> turn 212 1 0.556864 0.443136 
 ----> turn 213 0 0.567697 0.432303 
 ----> turn 214 0 0.558337 0.441663 
 ----> turn 215 1 0.471019 0.528981 
 ----> turn 216 0 0.567945 0.432055 
 ----> turn 217 1 0.511442 0.488558 
 ----> turn 218 1 0.531182 0.468818 
 ----> turn 219 0 0.494094 0.505906 
 ----> turn 220 1 0.511094 0.488906 
 ----> turn 221 1 0.535766 0.464234 
 ----> turn 222 1 0.457002 0.542998 
 ----> turn 223 0 0.613718 0.386282 
 ----> turn 224 0 0.561268 0.438732 
 ----> turn 225 1 0.550774 0.449226 
 ----> turn 226 0 0.566244 0.433756 
 ----> turn 227 0 0.540678 0.459322 
 ----> turn 228 0 0.558223 0.441777 
 ----> turn 229 0 0.582585 0.417415 
 ----> turn 230 1 0.53608 0.46392 
 ----> turn 231 1 0.514409 0.485591 
 ----> turn 232 0 0.576693 0.423307 
 ----> turn 233 0 0.584145 0.415855 
 ----> turn 234 1 0.499157 0.500843 
 ----> turn 235 1 0.532143 0.467857 
 ----> turn 236 1 0.568302 0.431698 
 ----> turn 237 0 0.528659 0.471341 
 ----> turn 238 1 0.538243 0.461757 
 ----> turn 239 0 0.547209 0.452791 
 ----> turn 240 1 0.447515 0.552485 
 ----> turn 241 0 0.560629 0.439371 
 ----> turn 242 1 0.551158 0.448842 
 ----> turn 243 0 0.581238 0.418762 
 ----> turn 244 1 0.502336 0.497664 
 ----> turn 245 0 0.569547 0.430453 
 ----> turn 246 1 0.530341 0.469659 
 ----> turn 247 0 0.616012 0.383988 
 ----> turn 248 0 0.591114 0.408886 
 ----> turn 249 1 0.446164 0.553836 
 ----> turn 250 1 0.432377 0.567623 
 ----> turn 251 1 0.497086 0.502914 
 ----> turn 252 0 0.55627 0.44373 
 ----> turn 253 1 0.530309 0.469691 
 ----> turn 254 0 0.528874 0.471126 
 ----> turn 255 0 0.567551 0.432449 
 ----> turn 256 0 0.570572 0.429428 
 ----> turn 257 1 0.556404 0.443596 
 ----> turn 258 0 0.535323 0.464677 
 ----> turn 259 0 0.549005 0.450995 
 ----> turn 260 1 0.508443 0.491557 
 ----> turn 261 1 0.521991 0.478009 
 ----> turn 262 1 0.527976 0.472024 
 ----> turn 263 0 0.556004 0.443996 
 ----> turn 264 1 0.536711 0.463289 
 ----> turn 265 1 0.510708 0.489292 
 ----> turn 266 0 0.572978 0.427022 
 ----> turn 267 1 0.543044 0.456956 
 ----> turn 268 0 0.568097 0.431903 
 ----> turn 269 0 0.596727 0.403273 
 ----> turn 270 0 0.558723 0.441277 
 ----> turn 271 1 0.54703 0.45297 
 ----> turn 272 0 0.513571 0.486429 
 ----> turn 273 1 0.562026 0.437974 
 ----> turn 274 0 0.521129 0.478871 
 ----> turn 275 1 0.539973 0.460027 
 ----> turn 276 0 0.525548 0.474452 
 ----> turn 277 0 0.556675 0.443325 
 ----> turn 278 0 0.560525 0.439475 
 ----> turn 279 1 0.51143 0.48857 
 ----> turn 280 0 0.578224 0.421776 
 ----> turn 281 0 0.59586 0.40414 
 ----> turn 282 1 0.51516 0.48484 
 ----> turn 283 0 0.558047 0.441953 
 ----> turn 284 0 0.528687 0.471313 
 ----> turn 285 0 0.575887 0.424113 
 ----> turn 286 1 0.526865 0.473135 
 ----> turn 287 1 0.54918 0.45082 
 ----> turn 288 1 0.510322 0.489678 
 ----> turn 289 0 0.560676 0.439324 
 ----> turn 290 0 0.576727 0.423273 
 ----> turn 291 1 0.542045 0.457955 
 ----> turn 292 0 0.527597 0.472403 
 ----> turn 293 1 0.565167 0.434833 
 ----> turn 294 1 0.5285 0.4715 
 ----> turn 295 0 0.577327 0.422673 
 ----> turn 296 1 0.558808 0.441192 
 ----> turn 297 0 0.600972 0.399028 
 ----> turn 298 1 0.514543 0.485457 
 ----> turn 299 0 0.585766 0.414234 
 ----> turn 300 0 0.605791 0.394209 
 ----> turn 301 0 0.542442 0.457558 
 ----> turn 302 1 0.513995 0.486005 
 ----> turn 303 1 0.500912 0.499088 
 ----> turn 304 0 0.561765 0.438235 
 ----> turn 305 1 0.508297 0.491703 
 ----> turn 306 0 0.561144 0.438856 
 ----> turn 307 0 0.573007 0.426993 
 ----> turn 308 1 0.482084 0.517916 
 ----> turn 309 0 0.561349 0.438651 
 ----> turn 310 1 0.515486 0.484514 
 ----> turn 311 0 0.610991 0.389009 
 ----> turn 312 1 0.536867 0.463133 
 ----> turn 313 0 0.567797 0.432203 
 ----> turn 314 0 0.569224 0.430776 
 ----> turn 315 0 0.590714 0.409286 
 ----> turn 316 1 0.510275 0.489725 
 ----> turn 317 1 0.507215 0.492785 
 ----> turn 318 0 0.586238 0.413762 
 ----> turn 319 1 0.505286 0.494714 
 ----> turn 320 1 0.50029 0.49971 
 ----> turn 321 1 0.489981 0.510019 
 ----> turn 322 0 0.610222 0.389778 
 ----> turn 323 0 0.60517 0.39483 
 ----> turn 324 1 0.454363 0.545637 
 ----> turn 325 0 0.604411 0.395589 
 ----> turn 326 0 0.53593 0.46407 
 ----> turn 327 1 0.495137 0.504863 
 ----> turn 328 0 0.580092 0.419908 
 ----> turn 329 0 0.586369 0.413631 
 ----> turn 330 1 0.557134 0.442866 
 ----> turn 331 0 0.551134 0.448866 
 ----> turn 332 0 0.551471 0.448529 
 ----> turn 333 1 0.510055 0.489945 
 ----> turn 334 1 0.545352 0.454648 
 ----> turn 335 0 0.556517 0.443483 
 ----> turn 336 1 0.486225 0.513775 
 ----> turn 337 0 0.556888 0.443112 
 ----> turn 338 1 0.543922 0.456078 
 ----> turn 339 0 0.521643 0.478357 
 ----> turn 340 1 0.500674 0.499326 
 ----> turn 341 0 0.569661 0.430339 
 ----> turn 342 1 0.530734 0.469266 
 ----> turn 343 0 0.566549 0.433451 
 ----> turn 344 0 0.555942 0.444058 
 ----> turn 345 0 0.573969 0.426031 
 ----> turn 346 1 0.523099 0.476901 
 ----> turn 347 0 0.56384 0.43616 
 ----> turn 348 0 0.579391 0.420609 
 ----> turn 349 1 0.530517 0.469483 
 ----> turn 350 1 0.522527 0.477473 
 ----> turn 351 0 0.554811 0.445189 
 ----> turn 352 0 0.511992 0.488008 
 ----> turn 353 1 0.573195 0.426805 
 ----> turn 354 0 0.559679 0.440321 
 ----> turn 355 1 0.513771 0.486229 
 ----> turn 356 1 0.511786 0.488214 
 ----> turn 357 1 0.490544 0.509456 
 ----> turn 358 0 0.556448 0.443552 
 ----> turn 359 0 0.563491 0.436509 
 ----> turn 360 1 0.556798 0.443202 
 ----> turn 361 1 0.541485 0.458515 
 ----> turn 362 0 0.573018 0.426982 
 ----> turn 363 0 0.564758 0.435242 
 ----> turn 364 0 0.562404 0.437596 
 ----> turn 365 0 0.536496 0.463504 
 ----> turn 366 1 0.508065 0.491935 
 ----> turn 367 0 0.564931 0.435069 
 ----> turn 368 0 0.580809 0.419191 
 ----> turn 369 0 0.530581 0.469419 
 ----> turn 370 1 0.536926 0.463074 
 ----> turn 371 0 0.493925 0.506075 
 ----> turn 372 1 0.543845 0.456155 
 ----> turn 373 0 0.572741 0.427259 
 ----> turn 374 0 0.570876 0.429124 
 ----> turn 375 1 0.506528 0.493472 
 ----> turn 376 0 0.569297 0.430703 
 ----> turn 377 1 0.550794 0.449206 
 ----> turn 378 1 0.523523 0.476477 
 ----> turn 379 0 0.546277 0.453723 
 ----> turn 380 0 0.540257 0.459743 
 ----> turn 381 1 0.496054 0.503946 
 ----> turn 382 1 0.526962 0.473038 
 ----> turn 383 1 0.490521 0.509479 
 ----> turn 384 0 0.547922 0.452078 
 ----> turn 385 1 0.498115 0.501885 
 ----> turn 386 0 0.547771 0.452229 
 ----> turn 387 1 0.526788 0.473212 
 ----> turn 388 1 0.551807 0.448193 
 ----> turn 389 0 0.540207 0.459793 
 ----> turn 390 0 0.546688 0.453312 
 ----> turn 391 0 0.560069 0.439931 
 ----> turn 392 1 0.479433 0.520567 
 ----> turn 393 1 0.53385 0.46615 
 ----> turn 394 1 0.558249 0.441751 
 ----> turn 395 0 0.555213 0.444787 
 ----> turn 396 0 0.592608 0.407392 
 ----> turn 397 0 0.558425 0.441575 
 ----> turn 398 1 0.542203 0.457797 
 ----> turn 399 1 0.538343 0.461657 
 ----> turn 400 1 0.503215 0.496785 
 ----> turn 401 0 0.605199 0.394801 
 ----> turn 402 0 0.568535 0.431465 
 ----> turn 403 0 0.617402 0.382598 
 ----> turn 404 1 0.535855 0.464145 
 ----> turn 405 1 0.505815 0.494185 
 ----> turn 406 1 0.575809 0.424191 
 ----> turn 407 1 0.526942 0.473058 
 ----> turn 408 0 0.571544 0.428456 
 ----> turn 409 0 0.560442 0.439558 
 ----> turn 410 0 0.54699 0.45301 
 ----> turn 411 0 0.565018 0.434982 
 ----> turn 412 1 0.544044 0.455956 
 ----> turn 413 1 0.559855 0.440145 
 ----> turn 414 0 0.526841 0.473159 
 ----> turn 415 1 0.532212 0.467788 
 ----> turn 416 0 0.528842 0.471158 
 ----> turn 417 0 0.538969 0.461031 
 ----> turn 418 1 0.500274 0.499726 
 ----> turn 419 1 0.570819 0.429181 
 ----> turn 420 1 0.534899 0.465101 
 ----> turn 421 0 0.574422 0.425578 
 ----> turn 422 0 0.549413 0.450587 
 ----> turn 423 1 0.485826 0.514174 
 ----> turn 424 0 0.558422 0.441578 
 ----> turn 425 0 0.524189 0.475811 
 ----> turn 426 1 0.560046 0.439954 
 ----> turn 427 0 0.557295 0.442705 
 ----> turn 428 0 0.560083 0.439917 
 ----> turn 429 0 0.544993 0.455007 
 ----> turn 430 0 0.54303 0.45697 
 ----> turn 431 1 0.541207 0.458793 
 ----> turn 432 1 0.513196 0.486804 
 ----> turn 433 1 0.5342 0.4658 
 ----> turn 434 0 0.525187 0.474813 
 ----> turn 435 1 0.521728 0.478272 
 ----> turn 436 0 0.553575 0.446425 
 ----> turn 437 0 0.554314 0.445686 
 ----> turn 438 0 0.564146 0.435854 
 ----> turn 439 0 0.577936 0.422064 
 ----> turn 440 1 0.578874 0.421126 
 ----> turn 441 0 0.534728 0.465272 
 ----> turn 442 1 0.539288 0.460712 
 ----> turn 443 1 0.535112 0.464888 
 ----> turn 444 0 0.528814 0.471186 
 ----> turn 445 1 0.489176 0.510824 
 ----> turn 446 0 0.525909 0.474091 
 ----> turn 447 0 0.586324 0.413676 
 ----> turn 448 1 0.555811 0.444189 
 ----> turn 449 1 0.508276 0.491724 
 ----> turn 450 0 0.56678 0.43322 
 ----> turn 451 0 0.550596 0.449404 
 ----> turn 452 1 0.543733 0.456267 
 ----> turn 453 0 0.54203 0.45797 
 ----> turn 454 1 0.527676 0.472324 
 ----> turn 455 0 0.554421 0.445579 
 ----> turn 456 0 0.562344 0.437656 
 ----> turn 457 0 0.557037 0.442963 
 ----> turn 458 1 0.549731 0.450269 
 ----> turn 459 0 0.599894 0.400106 
 ----> turn 460 1 0.544956 0.455044 
 ----> turn 461 1 0.511055 0.488945 
 ----> turn 462 0 0.518558 0.481442 
 ----> turn 463 1 0.514414 0.485586 
 ----> turn 464 0 0.537358 0.462642 
 ----> turn 465 1 0.510282 0.489718 
 ----> turn 466 0 0.548241 0.451759 
 ----> turn 467 1 0.519356 0.480644 
 ----> turn 468 0 0.535167 0.464833 
 ----> turn 469 1 0.545349 0.454651 
 ----> turn 470 0 0.541812 0.458188 
 ----> turn 471 1 0.555439 0.444561 
 ----> turn 472 0 0.567024 0.432976 
 ----> turn 473 1 0.530006 0.469994 
 ----> turn 474 0 0.569117 0.430883 
 ----> turn 475 0 0.547415 0.452585 
 ----> turn 476 1 0.550225 0.449775 
 ----> turn 477 1 0.524269 0.475731 
 ----> turn 478 1 0.562706 0.437294 
 ----> turn 479 0 0.53154 0.46846 
 ----> turn 480 0 0.571501 0.428499 
 ----> turn 481 1 0.522732 0.477268 
 ----> turn 482 0 0.570669 0.429331 
 ----> turn 483 0 0.518408 0.481592 
 ----> turn 484 1 0.535213 0.464787 
 ----> turn 485 0 0.541352 0.458648 
 ----> turn 486 0 0.556205 0.443795 
 ----> turn 487 1 0.527851 0.472149 
 ----> turn 488 0 0.559231 0.440769 
 ----> turn 489 1 0.515725 0.484275 
 ----> turn 490 0 0.573796 0.426204 
 ----> turn 491 1 0.547622 0.452378 
 ----> turn 492 0 0.538629 0.461371 
 ----> turn 493 0 0.584399 0.415601 
 ----> turn 494 1 0.541885 0.458115 
 ----> turn 495 0 0.538555 0.461445 
 ----> turn 496 1 0.516858 0.483142 
 ----> turn 497 0 0.570407 0.429593 
 ----> turn 498 1 0.522228 0.477772 
 ----> turn 499 0 0.594872 0.405128 
 ----> turn 500 1 0.556863 0.443137 
 ----> turn 501 0 0.533957 0.466043 
 ----> turn 502 1 0.502895 0.497105 
 ----> turn 503 1 0.527542 0.472458 
 ----> turn 504 1 0.550304 0.449696 
 ----> turn 505 0 0.544563 0.455437 
 ----> turn 506 0 0.56679 0.43321 
 ----> turn 507 1 0.53823 0.46177 
 ----> turn 508 1 0.559493 0.440507 
 ----> turn 509 1 0.495151 0.504849 
 ----> turn 510 0 0.555564 0.444436 
 ----> turn 511 0 0.54091 0.45909 
 ----> turn 512 0 0.567293 0.432707 
 ----> turn 513 1 0.505078 0.494922 
 ----> turn 514 1 0.512707 0.487293 
 ----> turn 515 0 0.571365 0.428635 
 ----> turn 516 0 0.581028 0.418972 
 ----> turn 517 1 0.495007 0.504993 
 ----> turn 518 1 0.50895 0.49105 
 ----> turn 519 0 0.54533 0.45467 
 ----> turn 520 1 0.526266 0.473734 
 ----> turn 521 1 0.57574 0.42426 
 ----> turn 522 0 0.599296 0.400704 
 ----> turn 523 1 0.524937 0.475063 
 ----> turn 524 0 0.577137 0.422863 
 ----> turn 525 0 0.518993 0.481007 
 ----> turn 526 0 0.557441 0.442559 
 ----> turn 527 1 0.502921 0.497079 
 ----> turn 528 0 0.550573 0.449427 
 ----> turn 529 1 0.512118 0.487882 
 ----> turn 530 0 0.546066 0.453934 
 ----> turn 531 1 0.530738 0.469262 
 ----> turn 532 0 0.578779 0.421221 
 ----> turn 533 1 0.534687 0.465313 
 ----> turn 534 0 0.503983 0.496017 
 ----> turn 535 0 0.565812 0.434188 
 ----> turn 536 1 0.481558 0.518442 
 ----> turn 537 1 0.474058 0.525942 
 ----> turn 538 0 0.582801 0.417199 
 ----> turn 539 1 0.515406 0.484594 
 ----> turn 540 1 0.56102 0.43898 
 ----> turn 541 0 0.554677 0.445323 
 ----> turn 542 0 0.546858 0.453142 
 ----> turn 543 1 0.537442 0.462558 
 ----> turn 544 1 0.556987 0.443013 
 ----> turn 545 0 0.554831 0.445169 
 ----> turn 546 0 0.55853 0.44147 
 ----> turn 547 1 0.519802 0.480198 
 ----> turn 548 1 0.540041 0.459959 
 ----> turn 549 0 0.546849 0.453151 
 ----> turn 550 0 0.587046 0.412954 
 ----> turn 551 1 0.502738 0.497262 
 ----> turn 552 0 0.568507 0.431493 
 ----> turn 553 1 0.517417 0.482583 
 ----> turn 554 0 0.592796 0.407204 
 ----> turn 555 0 0.577444 0.422556 
 ----> turn 556 0 0.555423 0.444577 
 ----> turn 557 1 0.531248 0.468752 
 ----> turn 558 1 0.53768 0.46232 
 ----> turn 559 1 0.545727 0.454273 
 ----> turn 560 0 0.538295 0.461705 
 ----> turn 561 0 0.569901 0.430099 
 ----> turn 562 1 0.535181 0.464819 
 ----> turn 563 0 0.554388 0.445612 
 ----> turn 564 0 0.55024 0.44976 
 ----> turn 565 1 0.484684 0.515316 
 ----> turn 566 0 0.534779 0.465221 
 ----> turn 567 0 0.528989 0.471011 
 ----> turn 568 0 0.593656 0.406344 
 ----> turn 569 0 0.543911 0.456089 
 ----> turn 570 1 0.539258 0.460742 
 ----> turn 571 1 0.537485 0.462515 
 ----> turn 572 0 0.559547 0.440453 
 ----> turn 573 0 0.531623 0.468377 
 ----> turn 574 0 0.568136 0.431864 
 ----> turn 575 1 0.523095 0.476905 
 ----> turn 576 1 0.520121 0.479879 
 ----> turn 577 0 0.552148 0.447852 
 ----> turn 578 0 0.55142 0.44858 
 ----> turn 579 0 0.503673 0.496327 
 ----> turn 580 1 0.54363 0.45637 
 ----> turn 581 0 0.561882 0.438118 
 ----> turn 582 0 0.560074 0.439926 
 ----> turn 583 1 0.522895 0.477105 
 ----> turn 584 1 0.552921 0.447079 
 ----> turn 585 0 0.567288 0.432712 
 ----> turn 586 0 0.547442 0.452558 
 ----> turn 587 1 0.475765 0.524235 
 ----> turn 588 1 0.497587 0.502413 
 ----> turn 589 1 0.457495 0.542505 
 ----> turn 590 0 0.575558 0.424442 
 ----> turn 591 1 0.535056 0.464944 
 ----> turn 592 1 0.537217 0.462783 
 ----> turn 593 0 0.572232 0.427768 
 ----> turn 594 0 0.564576 0.435424 
 ----> turn 595 1 0.54465 0.45535 
 ----> turn 596 1 0.515442 0.484558 
 ----> turn 597 0 0.52822 0.47178 
 ----> turn 598 1 0.504523 0.495477 
 ----> turn 599 1 0.504925 0.495075 
 ----> turn 600 0 0.583921 0.416079 
 ----> turn 601 1 0.479868 0.520132 
 ----> turn 602 1 0.560567 0.439433 
 ----> turn 603 0 0.547459 0.452541 
 ----> turn 604 0 0.567257 0.432743 
 ----> turn 605 0 0.540714 0.459286 
 ----> turn 606 1 0.519517 0.480483 
 ----> turn 607 1 0.504225 0.495775 
 ----> turn 608 0 0.519238 0.480762 
 ----> turn 609 0 0.551858 0.448142 
 ----> turn 610 0 0.584784 0.415216 
 ----> turn 611 1 0.499685 0.500315 
 ----> turn 612 0 0.540866 0.459134 
 ----> turn 613 1 0.518684 0.481316 
 ----> turn 614 0 0.555726 0.444274 
 ----> turn 615 1 0.527692 0.472308 
 ----> turn 616 0 0.541992 0.458008 
 ----> turn 617 1 0.569073 0.430927 
 ----> turn 618 1 0.562042 0.437958 
 ----> turn 619 1 0.440051 0.559949 
 ----> turn 620 1 0.540319 0.459681 
 ----> turn 621 0 0.556319 0.443681 
 ----> turn 622 0 0.557367 0.442633 
 ----> turn 623 0 0.576326 0.423674 
 ----> turn 624 0 0.546508 0.453492 
 ----> turn 625 0 0.579486 0.420514 
 ----> turn 626 0 0.524267 0.475733 
 ----> turn 627 0 0.507286 0.492714 
 ----> turn 628 1 0.54387 0.45613 
 ----> turn 629 1 0.50816 0.49184 
 ----> turn 630 0 0.572126 0.427874 
 ----> turn 631 1 0.542983 0.457017 
 ----> turn 632 1 0.512442 0.487558 
 ----> turn 633 0 0.574211 0.425789 
 ----> turn 634 1 0.519109 0.480891 
 ----> turn 635 0 0.561577 0.438423 
 ----> turn 636 1 0.525709 0.474291 
 ----> turn 637 0 0.53888 0.46112 
 ----> turn 638 0 0.534228 0.465772 
 ----> turn 639 1 0.52951 0.47049 
 ----> turn 640 1 0.49403 0.50597 
 ----> turn 641 0 0.614913 0.385087 
 ----> turn 642 0 0.53853 0.46147 
 ----> turn 643 0 0.56733 0.43267 
 ----> turn 644 0 0.557448 0.442552 
 ----> turn 645 0 0.539865 0.460135 
 ----> turn 646 0 0.524255 0.475745 
 ----> turn 647 1 0.543126 0.456874 
 ----> turn 648 0 0.548819 0.451181 
 ----> turn 649 1 0.559797 0.440203 
 ----> turn 650 1 0.510139 0.489861 
 ----> turn 651 1 0.555092 0.444908 
 ----> turn 652 0 0.528647 0.471353 
 ----> turn 653 1 0.540417 0.459583 
 ----> turn 654 1 0.521804 0.478196 
 ----> turn 655 0 0.556503 0.443497 
 ----> turn 656 0 0.574463 0.425537 
 ----> turn 657 0 0.528311 0.471689 
 ----> turn 658 1 0.554856 0.445144 
 ----> turn 659 1 0.523412 0.476588 
 ----> turn 660 0 0.569699 0.430301 
 ----> turn 661 0 0.571102 0.428898 
 ----> turn 662 1 0.547585 0.452415 
 ----> turn 663 0 0.526324 0.473676 
 ----> turn 664 1 0.522535 0.477465 
 ----> turn 665 1 0.506973 0.493027 
 ----> turn 666 0 0.54201 0.45799 
 ----> turn 667 0 0.586432 0.413568 
 ----> turn 668 1 0.537226 0.462774 
 ----> turn 669 0 0.565714 0.434286 
 ----> turn 670 0 0.558851 0.441149 
 ----> turn 671 1 0.526446 0.473554 
 ----> turn 672 0 0.573894 0.426106 
 ----> turn 673 1 0.52378 0.47622 
 ----> turn 674 1 0.536541 0.463459 
 ----> turn 675 1 0.524113 0.475887 
 ----> turn 676 0 0.541964 0.458036 
 ----> turn 677 0 0.577629 0.422371 
 ----> turn 678 1 0.531261 0.468739 
 ----> turn 679 0 0.551443 0.448557 
 ----> turn 680 1 0.550665 0.449335 
 ----> turn 681 0 0.572075 0.427925 
 ----> turn 682 0 0.593153 0.406847 
 ----> turn 683 1 0.491101 0.508899 
 ----> turn 684 0 0.538351 0.461649 
 ----> turn 685 1 0.525983 0.474017 
 ----> turn 686 0 0.49375 0.50625 
 ----> turn 687 0 0.535804 0.464196 
 ----> turn 688 1 0.529813 0.470187 
 ----> turn 689 0 0.508077 0.491923 
 ----> turn 690 0 0.552592 0.447408 
 ----> turn 691 1 0.503361 0.496639 
 ----> turn 692 0 0.559543 0.440457 
 ----> turn 693 1 0.495 0.505 
 ----> turn 694 1 0.539287 0.460713 
 ----> turn 695 1 0.557312 0.442688 
 ----> turn 696 0 0.545038 0.454962 
 ----> turn 697 0 0.554382 0.445618 
 ----> turn 698 0 0.553728 0.446272 
 ----> turn 699 1 0.523424 0.476576 
 ----> turn 700 1 0.527467 0.472533 
 ----> turn 701 0 0.510649 0.489351 
 ----> turn 702 0 0.540704 0.459296 
 ----> turn 703 1 0.508865 0.491135 
 ----> turn 704 1 0.504056 0.495944 
 ----> turn 705 0 0.547628 0.452372 
 ----> turn 706 1 0.503769 0.496231 
 ----> turn 707 1 0.539209 0.460791 
 ----> turn 708 1 0.523935 0.476065 
 ----> turn 709 1 0.5287 0.4713 
 ----> turn 710 0 0.529054 0.470946 
 ----> turn 711 0 0.56555 0.43445 
 ----> turn 712 1 0.550274 0.449726 
 ----> turn 713 0 0.538878 0.461122 
 ----> turn 714 1 0.602003 0.397997 
 ----> turn 715 0 0.542156 0.457844 
 ----> turn 716 1 0.564585 0.435415 
 ----> turn 717 0 0.55638 0.44362 
 ----> turn 718 1 0.560086 0.439914 
