 ----> turn 1 1 0.516436 0.483564 
 ----> turn 2 0 0.529984 0.470016 
 ----> turn 3 1 0.583732 0.416268 
 ----> turn 4 0 0.549385 0.450615 
 ----> turn 5 0 0.57704 0.42296 
 ----> turn 6 1 0.510708 0.489292 
 ----> turn 7 0 0.562961 0.437039 
 ----> turn 8 0 0.488887 0.511113 
 ----> turn 9 1 0.589248 0.410752 
 ----> turn 10 1 0.545351 0.454649 
 ----> turn 11 0 0.539185 0.460815 
 ----> turn 12 0 0.606938 0.393062 
 ----> turn 13 0 0.552819 0.447181 
 ----> turn 14 1 0.547552 0.452448 
 ----> turn 15 0 0.523781 0.476219 
 ----> turn 16 1 0.56361 0.43639 
 ----> turn 17 1 0.549639 0.450361 
 ----> turn 18 0 0.595484 0.404516 
 ----> turn 19 1 0.501698 0.498302 
 ----> turn 20 0 0.572602 0.427398 
 ----> turn 21 0 0.551864 0.448136 
 ----> turn 22 1 0.553475 0.446525 
 ----> turn 23 0 0.555697 0.444303 
 ----> turn 24 0 0.556087 0.443913 
 ----> turn 25 1 0.526728 0.473272 
 ----> turn 26 0 0.553332 0.446668 
 ----> turn 27 1 0.546756 0.453244 
 ----> turn 28 1 0.541454 0.458546 
 ----> turn 29 0 0.530142 0.469858 
 ----> turn 30 0 0.554623 0.445377 
 ----> turn 31 0 0.552431 0.447569 
 ----> turn 32 0 0.554925 0.445075 
 ----> turn 33 1 0.534541 0.465459 
 ----> turn 34 0 0.549091 0.450909 
 ----> turn 35 1 0.563557 0.436443 
 ----> turn 36 0 0.593753 0.406247 
 ----> turn 37 0 0.592818 0.407182 
 ----> turn 38 1 0.518364 0.481636 
 ----> turn 39 1 0.529624 0.470376 
 ----> turn 40 1 0.51202 0.48798 
 ----> turn 41 0 0.531455 0.468545 
 ----> turn 42 0 0.567639 0.432361 
 ----> turn 43 0 0.524932 0.475068 
 ----> turn 44 0 0.567264 0.432736 
 ----> turn 45 1 0.533869 0.466131 
 ----> turn 46 1 0.549145 0.450855 
 ----> turn 47 0 0.542237 0.457763 
 ----> turn 48 0 0.557361 0.442639 
 ----> turn 49 1 0.579545 0.420455 
 ----> turn 50 1 0.487049 0.512951 
 ----> turn 51 1 0.545116 0.454884 
 ----> turn 52 0 0.584239 0.415761 
 ----> turn 53 1 0.529966 0.470034 
 ----> turn 54 1 0.531325 0.468675 
 ----> turn 55 0 0.54174 0.45826 
 ----> turn 56 0 0.546201 0.453799 
 ----> turn 57 1 0.54051 0.45949 
 ----> turn 58 0 0.566911 0.433089 
 ----> turn 59 1 0.509437 0.490563 
 ----> turn 60 1 0.545457 0.454543 
 ----> turn 61 0 0.574493 0.425507 
 ----> turn 62 1 0.536547 0.463453 
 ----> turn 63 0 0.568463 0.431537 
 ----> turn 64 1 0.522943 0.477057 
 ----> turn 65 0 0.585968 0.414032 
 ----> turn 66 1 0.550958 0.449042 
 ----> turn 67 0 0.550668 0.449332 
 ----> turn 68 0 0.545281 0.454719 
 ----> turn 69 1 0.547197 0.452803 
 ----> turn 70 0 0.531597 0.468403 
 ----> turn 71 0 0.565751 0.434249 
 ----> turn 72 0 0.573378 0.426622 
 ----> turn 73 1 0.527181 0.472819 
 ----> turn 74 1 0.534093 0.465907 
 ----> turn 75 0 0.547489 0.452511 
 ----> turn 76 0 0.558873 0.441127 
 ----> turn 77 0 0.528248 0.471752 
 ----> turn 78 1 0.536521 0.463479 
 ----> turn 79 0 0.556998 0.443002 
 ----> turn 80 1 0.546824 0.453176 
 ----> turn 81 1 0.529037 0.470963 
 ----> turn 82 1 0.532799 0.467201 
 ----> turn 83 0 0.554871 0.445129 
 ----> turn 84 1 0.52112 0.47888 
 ----> turn 85 0 0.550292 0.449708 
 ----> turn 86 0 0.562326 0.437674 
 ----> turn 87 0 0.568262 0.431738 
 ----> turn 88 0 0.577181 0.422819 
 ----> turn 89 0 0.582452 0.417548 
 ----> turn 90 1 0.504491 0.495509 
 ----> turn 91 0 0.591512 0.408488 
 ----> turn 92 1 0.536879 0.463121 
 ----> turn 93 0 0.595995 0.404005 
 ----> turn 94 1 0.506491 0.493509 
 ----> turn 95 0 0.56051 0.43949 
 ----> turn 96 1 0.51079 0.48921 
 ----> turn 97 0 0.630226 0.369774 
 ----> turn 98 0 0.543715 0.456285 
 ----> turn 99 1 0.542542 0.457458 
 ----> turn 100 0 0.561445 0.438555 
 ----> turn 101 1 0.520055 0.479945 
 ----> turn 102 1 0.547043 0.452957 
 ----> turn 103 0 0.561033 0.438967 
 ----> turn 104 0 0.560664 0.439336 
 ----> turn 105 0 0.587525 0.412475 
 ----> turn 106 0 0.529162 0.470838 
 ----> turn 107 0 0.575744 0.424256 
 ----> turn 108 1 0.560896 0.439104 
 ----> turn 109 0 0.614125 0.385875 
 ----> turn 110 0 0.546501 0.453499 
 ----> turn 111 1 0.536924 0.463076 
 ----> turn 112 0 0.576825 0.423175 
 ----> turn 113 1 0.514409 0.485591 
 ----> turn 114 0 0.560861 0.439139 
 ----> turn 115 0 0.540436 0.459564 
 ----> turn 116 1 0.521581 0.478419 
 ----> turn 117 1 0.550009 0.449991 
 ----> turn 118 0 0.582998 0.417002 
 ----> turn 119 0 0.559839 0.440161 
 ----> turn 120 0 0.555235 0.444765 
 ----> turn 121 0 0.564883 0.435117 
 ----> turn 122 0 0.535721 0.464279 
 ----> turn 123 1 0.508257 0.491743 
 ----> turn 124 1 0.554723 0.445277 
 ----> turn 125 0 0.578777 0.421223 
 ----> turn 126 1 0.530978 0.469022 
 ----> turn 127 0 0.547082 0.452918 
 ----> turn 128 1 0.510727 0.489273 
 ----> turn 129 0 0.55981 0.44019 
 ----> turn 130 0 0.531893 0.468107 
 ----> turn 131 0 0.564196 0.435804 
 ----> turn 132 1 0.516199 0.483801 
 ----> turn 133 0 0.543484 0.456516 
 ----> turn 134 1 0.53852 0.46148 
 ----> turn 135 1 0.550146 0.449854 
 ----> turn 136 0 0.533223 0.466777 
 ----> turn 137 0 0.58183 0.41817 
 ----> turn 138 0 0.559348 0.440652 
 ----> turn 139 0 0.546862 0.453138 
 ----> turn 140 0 0.579733 0.420267 
 ----> turn 141 1 0.512486 0.487514 
 ----> turn 142 0 0.573616 0.426384 
 ----> turn 143 1 0.528484 0.471516 
 ----> turn 144 0 0.546217 0.453783 
 ----> turn 145 0 0.555103 0.444897 
 ----> turn 146 1 0.556631 0.443369 
 ----> turn 147 0 0.540218 0.459782 
 ----> turn 148 1 0.536041 0.463959 
 ----> turn 149 1 0.528646 0.471354 
 ----> turn 150 0 0.520674 0.479326 
 ----> turn 151 0 0.570099 0.429901 
 ----> turn 152 0 0.525988 0.474012 
 ----> turn 153 0 0.545334 0.454666 
 ----> turn 154 1 0.542906 0.457094 
 ----> turn 155 0 0.553522 0.446478 
 ----> turn 156 1 0.540723 0.459277 
 ----> turn 157 1 0.557503 0.442497 
 ----> turn 158 0 0.55613 0.44387 
 ----> turn 159 0 0.565307 0.434693 
 ----> turn 160 0 0.527717 0.472283 
 ----> turn 161 0 0.56973 0.43027 
 ----> turn 162 0 0.521411 0.478589 
 ----> turn 163 1 0.534683 0.465317 
 ----> turn 164 0 0.552773 0.447227 
 ----> turn 165 1 0.510364 0.489636 
 ----> turn 166 0 0.598327 0.401673 
 ----> turn 167 1 0.495233 0.504767 
 ----> turn 168 0 0.580118 0.419882 
 ----> turn 169 1 0.509421 0.490579 
 ----> turn 170 1 0.528077 0.471923 
 ----> turn 171 1 0.555386 0.444614 
 ----> turn 172 0 0.569318 0.430682 
 ----> turn 173 1 0.521568 0.478432 
 ----> turn 174 0 0.562405 0.437595 
 ----> turn 175 1 0.551358 0.448642 
 ----> turn 176 0 0.552592 0.447408 
 ----> turn 177 0 0.50731 0.49269 
 ----> turn 178 0 0.581222 0.418778 
 ----> turn 179 1 0.493338 0.506662 
 ----> turn 180 1 0.565039 0.434961 
 ----> turn 181 1 0.493933 0.506067 
 ----> turn 182 1 0.549964 0.450036 
 ----> turn 183 0 0.576813 0.423187 
 ----> turn 184 1 0.528586 0.471414 
 ----> turn 185 0 0.588205 0.411795 
 ----> turn 186 0 0.558763 0.441237 
 ----> turn 187 0 0.560435 0.439565 
 ----> turn 188 0 0.546363 0.453637 
 ----> turn 189 1 0.522323 0.477677 
 ----> turn 190 0 0.575265 0.424735 
 ----> turn 191 0 0.534847 0.465153 
 ----> turn 192 1 0.540666 0.459334 
 ----> turn 193 0 0.533906 0.466094 
 ----> turn 194 0 0.536521 0.463479 
 ----> turn 195 1 0.524567 0.475433 
 ----> turn 196 1 0.521078 0.478922 
 ----> turn 197 0 0.554444 0.445556 
 ----> turn 198 1 0.547061 0.452939 
 ----> turn 199 0 0.537343 0.462657 
 ----> turn 200 0 0.552488 0.447512 
 ----> turn 201 1 0.527963 0.472037 
 ----> turn 202 1 0.533959 0.466041 
 ----> turn 203 0 0.541966 0.458034 
 ----> turn 204 1 0.553117 0.446883 
 ----> turn 205 0 0.54136 0.45864 
 ----> turn 206 1 0.544579 0.455421 
 ----> turn 207 1 0.520599 0.479401 
 ----> turn 208 0 0.588207 0.411793 
 ----> turn 209 0 0.515819 0.484181 
 ----> turn 210 1 0.529682 0.470318 
 ----> turn 211 0 0.494485 0.505515 
 ----> turn 212 1 0.539907 0.460093 
 ----> turn 213 0 0.540965 0.459035 
 ----> turn 214 0 0.53437 0.46563 
 ----> turn 215 1 0.527691 0.472309 
 ----> turn 216 0 0.584637 0.415363 
 ----> turn 217 1 0.503537 0.496463 
 ----> turn 218 1 0.512703 0.487297 
 ----> turn 219 0 0.567046 0.432954 
 ----> turn 220 1 0.531112 0.468888 
 ----> turn 221 1 0.532321 0.467679 
 ----> turn 222 1 0.533283 0.466717 
 ----> turn 223 0 0.560991 0.439009 
 ----> turn 224 0 0.564829 0.435171 
 ----> turn 225 1 0.541796 0.458204 
 ----> turn 226 0 0.572218 0.427782 
 ----> turn 227 0 0.567545 0.432455 
 ----> turn 228 0 0.557265 0.442735 
 ----> turn 229 0 0.546745 0.453255 
 ----> turn 230 1 0.536736 0.463264 
 ----> turn 231 1 0.524519 0.475481 
 ----> turn 232 0 0.554852 0.445148 
 ----> turn 233 0 0.520577 0.479423 
 ----> turn 234 1 0.571707 0.428293 
 ----> turn 235 1 0.520874 0.479126 
 ----> turn 236 1 0.512943 0.487057 
 ----> turn 237 0 0.573424 0.426576 
 ----> turn 238 1 0.496195 0.503805 
 ----> turn 239 0 0.544339 0.455661 
 ----> turn 240 1 0.550419 0.449581 
 ----> turn 241 0 0.55678 0.44322 
 ----> turn 242 1 0.541013 0.458987 
 ----> turn 243 0 0.581946 0.418054 
 ----> turn 244 1 0.525206 0.474794 
 ----> turn 245 0 0.581295 0.418705 
 ----> turn 246 1 0.531033 0.468967 
 ----> turn 247 0 0.549636 0.450364 
 ----> turn 248 0 0.556326 0.443674 
 ----> turn 249 1 0.55903 0.44097 
 ----> turn 250 1 0.546087 0.453913 
 ----> turn 251 1 0.552029 0.447971 
 ----> turn 252 0 0.55896 0.44104 
 ----> turn 253 1 0.52126 0.47874 
 ----> turn 254 0 0.543282 0.456718 
 ----> turn 255 0 0.54888 0.45112 
 ----> turn 256 0 0.549446 0.450554 
 ----> turn 257 1 0.575048 0.424952 
 ----> turn 258 0 0.553998 0.446002 
 ----> turn 259 0 0.563997 0.436003 
 ----> turn 260 1 0.534126 0.465874 
 ----> turn 261 1 0.532595 0.467405 
 ----> turn 262 1 0.52564 0.47436 
 ----> turn 263 0 0.536348 0.463652 
 ----> turn 264 1 0.544226 0.455774 
 ----> turn 265 1 0.549716 0.450284 
 ----> turn 266 0 0.563877 0.436123 
 ----> turn 267 1 0.54691 0.45309 
 ----> turn 268 0 0.579481 0.420519 
 ----> turn 269 0 0.561113 0.438887 
 ----> turn 270 0 0.571677 0.428323 
 ----> turn 271 1 0.523902 0.476098 
 ----> turn 272 0 0.547939 0.452061 
 ----> turn 273 1 0.524178 0.475822 
 ----> turn 274 0 0.578728 0.421272 
 ----> turn 275 1 0.548128 0.451872 
 ----> turn 276 0 0.507754 0.492246 
 ----> turn 277 0 0.541594 0.458406 
 ----> turn 278 0 0.570021 0.429979 
 ----> turn 279 1 0.544472 0.455528 
 ----> turn 280 0 0.536447 0.463553 
 ----> turn 281 0 0.561847 0.438153 
 ----> turn 282 1 0.531065 0.468935 
 ----> turn 283 0 0.597794 0.402206 
 ----> turn 284 0 0.534281 0.465719 
 ----> turn 285 0 0.571488 0.428512 
 ----> turn 286 1 0.540782 0.459218 
 ----> turn 287 1 0.541064 0.458936 
 ----> turn 288 1 0.533887 0.466113 
 ----> turn 289 0 0.563834 0.436166 
 ----> turn 290 0 0.556895 0.443105 
 ----> turn 291 1 0.541052 0.458948 
 ----> turn 292 0 0.562016 0.437984 
 ----> turn 293 1 0.550926 0.449074 
 ----> turn 294 1 0.541375 0.458625 
 ----> turn 295 0 0.571381 0.428619 
 ----> turn 296 1 0.54951 0.45049 
 ----> turn 297 0 0.567625 0.432375 
 ----> turn 298 1 0.553057 0.446943 
 ----> turn 299 0 0.568659 0.431341 
 ----> turn 300 0 0.574153 0.425847 
 ----> turn 301 0 0.544905 0.455095 
 ----> turn 302 1 0.505319 0.494681 
 ----> turn 303 1 0.511842 0.488158 
 ----> turn 304 0 0.567713 0.432287 
 ----> turn 305 1 0.517207 0.482793 
 ----> turn 306 0 0.554982 0.445018 
 ----> turn 307 0 0.514193 0.485807 
 ----> turn 308 1 0.561991 0.438009 
 ----> turn 309 0 0.552657 0.447343 
 ----> turn 310 1 0.534169 0.465831 
 ----> turn 311 0 0.547892 0.452108 
 ----> turn 312 1 0.542055 0.457945 
 ----> turn 313 0 0.551015 0.448985 
 ----> turn 314 0 0.550543 0.449457 
 ----> turn 315 0 0.564805 0.435195 
 ----> turn 316 1 0.546062 0.453938 
 ----> turn 317 1 0.512637 0.487363 
 ----> turn 318 0 0.530386 0.469614 
 ----> turn 319 1 0.522755 0.477245 
 ----> turn 320 1 0.508039 0.491961 
 ----> turn 321 1 0.512056 0.487944 
 ----> turn 322 0 0.544005 0.455995 
 ----> turn 323 0 0.540605 0.459395 
 ----> turn 324 1 0.519348 0.480652 
 ----> turn 325 0 0.554029 0.445971 
 ----> turn 326 0 0.528434 0.471566 
 ----> turn 327 1 0.532094 0.467906 
 ----> turn 328 0 0.562395 0.437605 
 ----> turn 329 0 0.540214 0.459786 
 ----> turn 330 1 0.540232 0.459768 
 ----> turn 331 0 0.541354 0.458646 
 ----> turn 332 0 0.584414 0.415586 
 ----> turn 333 1 0.521582 0.478418 
 ----> turn 334 1 0.547827 0.452173 
 ----> turn 335 0 0.544576 0.455424 
 ----> turn 336 1 0.517155 0.482845 
 ----> turn 337 0 0.568232 0.431768 
 ----> turn 338 1 0.526482 0.473518 
 ----> turn 339 0 0.556991 0.443009 
 ----> turn 340 1 0.532785 0.467215 
 ----> turn 341 0 0.553904 0.446096 
 ----> turn 342 1 0.529067 0.470933 
 ----> turn 343 0 0.559455 0.440545 
 ----> turn 344 0 0.5821 0.4179 
 ----> turn 345 0 0.553811 0.446189 
 ----> turn 346 1 0.534432 0.465568 
 ----> turn 347 0 0.543556 0.456444 
 ----> turn 348 0 0.56008 0.43992 
 ----> turn 349 1 0.53307 0.46693 
 ----> turn 350 1 0.527287 0.472713 
 ----> turn 351 0 0.52156 0.47844 
 ----> turn 352 0 0.561889 0.438111 
 ----> turn 353 1 0.491347 0.508653 
 ----> turn 354 0 0.53339 0.46661 
 ----> turn 355 1 0.533623 0.466377 
 ----> turn 356 1 0.541496 0.458504 
 ----> turn 357 1 0.531258 0.468742 
 ----> turn 358 0 0.56156 0.43844 
 ----> turn 359 0 0.538053 0.461947 
 ----> turn 360 1 0.522949 0.477051 
 ----> turn 361 1 0.517162 0.482838 
 ----> turn 362 0 0.551952 0.448048 
 ----> turn 363 0 0.560941 0.439059 
 ----> turn 364 0 0.5402 0.4598 
 ----> turn 365 0 0.545728 0.454272 
 ----> turn 366 1 0.514294 0.485706 
 ----> turn 367 0 0.555836 0.444164 
 ----> turn 368 0 0.596566 0.403434 
 ----> turn 369 0 0.53417 0.46583 
 ----> turn 370 1 0.509995 0.490005 
 ----> turn 371 0 0.529139 0.470861 
 ----> turn 372 1 0.564298 0.435702 
 ----> turn 373 0 0.529113 0.470887 
 ----> turn 374 0 0.559648 0.440352 
 ----> turn 375 1 0.542464 0.457536 
 ----> turn 376 0 0.534029 0.465971 
 ----> turn 377 1 0.55407 0.44593 
 ----> turn 378 1 0.523586 0.476414 
 ----> turn 379 0 0.560485 0.439515 
 ----> turn 380 0 0.533353 0.466647 
 ----> turn 381 1 0.524074 0.475926 
 ----> turn 382 1 0.546429 0.453571 
 ----> turn 383 1 0.537528 0.462472 
 ----> turn 384 0 0.545201 0.454799 
 ----> turn 385 1 0.512639 0.487361 
 ----> turn 386 0 0.573514 0.426486 
 ----> turn 387 1 0.56158 0.43842 
 ----> turn 388 1 0.538273 0.461727 
 ----> turn 389 0 0.540833 0.459167 
 ----> turn 390 0 0.545652 0.454348 
 ----> turn 391 0 0.556945 0.443055 
 ----> turn 392 1 0.53219 0.46781 
 ----> turn 393 1 0.537321 0.462679 
 ----> turn 394 1 0.555644 0.444356 
 ----> turn 395 0 0.540959 0.459041 
 ----> turn 396 0 0.535956 0.464044 
 ----> turn 397 0 0.539104 0.460896 
 ----> turn 398 1 0.537747 0.462253 
 ----> turn 399 1 0.512469 0.487531 
 ----> turn 400 1 0.559381 0.440619 
 ----> turn 401 0 0.550184 0.449816 
 ----> turn 402 0 0.548743 0.451257 
 ----> turn 403 0 0.540504 0.459496 
 ----> turn 404 1 0.527069 0.472931 
 ----> turn 405 1 0.531941 0.468059 
 ----> turn 406 1 0.526114 0.473886 
 ----> turn 407 1 0.515232 0.484768 
 ----> turn 408 0 0.574446 0.425554 
 ----> turn 409 0 0.547448 0.452552 
 ----> turn 410 0 0.568675 0.431325 
 ----> turn 411 0 0.561842 0.438158 
 ----> turn 412 1 0.537291 0.462709 
 ----> turn 413 1 0.549132 0.450868 
 ----> turn 414 0 0.552145 0.447855 
 ----> turn 415 1 0.518137 0.481863 
 ----> turn 416 0 0.556921 0.443079 
 ----> turn 417 0 0.536119 0.463881 
 ----> turn 418 1 0.540526 0.459474 
 ----> turn 419 1 0.53206 0.46794 
 ----> turn 420 1 0.535991 0.464009 
 ----> turn 421 0 0.574027 0.425973 
 ----> turn 422 0 0.506074 0.493926 
 ----> turn 423 1 0.55462 0.44538 
 ----> turn 424 0 0.551183 0.448817 
 ----> turn 425 0 0.532244 0.467756 
 ----> turn 426 1 0.570443 0.429557 
 ----> turn 427 0 0.513021 0.486979 
 ----> turn 428 0 0.553658 0.446342 
 ----> turn 429 0 0.565763 0.434237 
 ----> turn 430 0 0.528923 0.471077 
 ----> turn 431 1 0.537751 0.462249 
 ----> turn 432 1 0.533828 0.466172 
 ----> turn 433 1 0.561027 0.438973 
 ----> turn 434 0 0.559241 0.440759 
 ----> turn 435 1 0.508932 0.491068 
 ----> turn 436 0 0.566437 0.433563 
 ----> turn 437 0 0.520036 0.479964 
 ----> turn 438 0 0.561497 0.438503 
 ----> turn 439 0 0.556032 0.443968 
 ----> turn 440 1 0.515949 0.484051 
 ----> turn 441 0 0.547807 0.452193 
 ----> turn 442 1 0.522684 0.477316 
 ----> turn 443 1 0.539929 0.460071 
 ----> turn 444 0 0.52233 0.47767 
 ----> turn 445 1 0.537227 0.462773 
 ----> turn 446 0 0.547963 0.452037 
 ----> turn 447 0 0.526784 0.473216 
 ----> turn 448 1 0.547889 0.452111 
 ----> turn 449 1 0.522114 0.477886 
 ----> turn 450 0 0.55721 0.44279 
 ----> turn 451 0 0.544268 0.455732 
 ----> turn 452 1 0.520863 0.479137 
 ----> turn 453 0 0.535307 0.464693 
 ----> turn 454 1 0.541081 0.458919 
 ----> turn 455 0 0.533136 0.466864 
 ----> turn 456 0 0.565128 0.434872 
 ----> turn 457 0 0.524058 0.475942 
 ----> turn 458 1 0.504931 0.495069 
 ----> turn 459 0 0.548102 0.451898 
 ----> turn 460 1 0.547414 0.452586 
 ----> turn 461 1 0.530855 0.469145 
 ----> turn 462 0 0.537884 0.462116 
 ----> turn 463 1 0.546911 0.453089 
 ----> turn 464 0 0.543976 0.456024 
 ----> turn 465 1 0.538405 0.461595 
 ----> turn 466 0 0.545727 0.454273 
 ----> turn 467 1 0.520843 0.479157 
 ----> turn 468 0 0.507812 0.492188 
 ----> turn 469 1 0.549897 0.450103 
 ----> turn 470 0 0.51738 0.48262 
 ----> turn 471 1 0.527999 0.472001 
 ----> turn 472 0 0.539513 0.460487 
 ----> turn 473 1 0.524145 0.475855 
 ----> turn 474 0 0.537962 0.462038 
 ----> turn 475 0 0.552666 0.447334 
 ----> turn 476 1 0.534054 0.465946 
 ----> turn 477 1 0.52793 0.47207 
 ----> turn 478 1 0.53043 0.46957 
 ----> turn 479 0 0.558996 0.441004 
 ----> turn 480 0 0.5194 0.4806 
 ----> turn 481 1 0.524313 0.475687 
 ----> turn 482 0 0.561481 0.438519 
 ----> turn 483 0 0.535177 0.464823 
 ----> turn 484 1 0.535583 0.464417 
 ----> turn 485 0 0.525497 0.474503 
 ----> turn 486 0 0.568991 0.431009 
 ----> turn 487 1 0.515961 0.484039 
 ----> turn 488 0 0.556999 0.443001 
 ----> turn 489 1 0.535237 0.464763 
 ----> turn 490 0 0.53878 0.46122 
 ----> turn 491 1 0.52724 0.47276 
 ----> turn 492 0 0.563892 0.436108 
 ----> turn 493 0 0.537052 0.462948 
 ----> turn 494 1 0.541125 0.458875 
 ----> turn 495 0 0.525619 0.474381 
 ----> turn 496 1 0.549953 0.450047 
 ----> turn 497 0 0.538876 0.461124 
 ----> turn 498 1 0.52973 0.47027 
 ----> turn 499 0 0.5385 0.4615 
 ----> turn 500 1 0.526995 0.473005 
 ----> turn 501 0 0.543011 0.456989 
 ----> turn 502 1 0.546507 0.453493 
 ----> turn 503 1 0.523493 0.476507 
 ----> turn 504 1 0.544335 0.455665 
 ----> turn 505 0 0.519341 0.480659 
 ----> turn 506 0 0.552679 0.447321 
 ----> turn 507 1 0.540735 0.459265 
 ----> turn 508 1 0.532232 0.467768 
 ----> turn 509 1 0.548903 0.451097 
 ----> turn 510 0 0.544658 0.455342 
 ----> turn 511 0 0.580335 0.419665 
 ----> turn 512 0 0.567545 0.432455 
 ----> turn 513 1 0.519853 0.480147 
 ----> turn 514 1 0.547587 0.452413 
 ----> turn 515 0 0.547549 0.452451 
 ----> turn 516 0 0.556826 0.443174 
 ----> turn 517 1 0.532188 0.467812 
 ----> turn 518 1 0.524135 0.475865 
 ----> turn 519 0 0.54356 0.45644 
 ----> turn 520 1 0.564861 0.435139 
 ----> turn 521 1 0.521652 0.478348 
 ----> turn 522 0 0.578808 0.421192 
 ----> turn 523 1 0.5404 0.4596 
 ----> turn 524 0 0.54768 0.45232 
 ----> turn 525 0 0.559097 0.440903 
 ----> turn 526 0 0.549976 0.450024 
 ----> turn 527 1 0.460234 0.539766 
 ----> turn 528 0 0.554925 0.445075 
 ----> turn 529 1 0.531495 0.468505 
 ----> turn 530 0 0.590301 0.409699 
 ----> turn 531 1 0.532421 0.467579 
 ----> turn 532 0 0.560903 0.439097 
 ----> turn 533 1 0.544045 0.455955 
 ----> turn 534 0 0.555835 0.444165 
 ----> turn 535 0 0.539743 0.460257 
 ----> turn 536 1 0.550896 0.449104 
 ----> turn 537 1 0.533203 0.466797 
 ----> turn 538 0 0.563711 0.436289 
 ----> turn 539 1 0.455503 0.544497 
 ----> turn 540 1 0.508855 0.491145 
 ----> turn 541 0 0.588603 0.411397 
 ----> turn 542 0 0.572857 0.427143 
 ----> turn 543 1 0.544077 0.455923 
 ----> turn 544 1 0.541206 0.458794 
 ----> turn 545 0 0.550258 0.449742 
 ----> turn 546 0 0.575234 0.424766 
 ----> turn 547 1 0.533748 0.466252 
 ----> turn 548 1 0.534997 0.465003 
 ----> turn 549 0 0.535627 0.464373 
 ----> turn 550 0 0.565587 0.434413 
 ----> turn 551 1 0.527065 0.472935 
 ----> turn 552 0 0.566192 0.433808 
 ----> turn 553 1 0.531158 0.468842 
 ----> turn 554 0 0.556157 0.443843 
 ----> turn 555 0 0.546016 0.453984 
 ----> turn 556 0 0.556269 0.443731 
 ----> turn 557 1 0.540287 0.459713 
 ----> turn 558 1 0.524318 0.475682 
 ----> turn 559 1 0.531829 0.468171 
 ----> turn 560 0 0.535029 0.464971 
 ----> turn 561 0 0.562139 0.437861 
 ----> turn 562 1 0.53758 0.46242 
 ----> turn 563 0 0.530637 0.469363 
 ----> turn 564 0 0.581577 0.418423 
 ----> turn 565 1 0.506701 0.493299 
 ----> turn 566 0 0.547099 0.452901 
 ----> turn 567 0 0.525079 0.474921 
 ----> turn 568 0 0.571501 0.428499 
 ----> turn 569 0 0.534237 0.465763 
 ----> turn 570 1 0.558656 0.441344 
 ----> turn 571 1 0.522894 0.477106 
 ----> turn 572 0 0.54628 0.45372 
 ----> turn 573 0 0.544545 0.455455 
 ----> turn 574 0 0.55669 0.44331 
 ----> turn 575 1 0.544178 0.455822 
 ----> turn 576 1 0.538326 0.461674 
 ----> turn 577 0 0.551665 0.448335 
 ----> turn 578 0 0.545917 0.454083 
 ----> turn 579 0 0.533548 0.466452 
 ----> turn 580 1 0.538366 0.461634 
 ----> turn 581 0 0.536731 0.463269 
 ----> turn 582 0 0.580126 0.419874 
 ----> turn 583 1 0.496752 0.503248 
 ----> turn 584 1 0.563964 0.436036 
 ----> turn 585 0 0.537894 0.462106 
 ----> turn 586 0 0.565636 0.434364 
 ----> turn 587 1 0.509926 0.490074 
 ----> turn 588 1 0.530397 0.469603 
 ----> turn 589 1 0.508912 0.491088 
 ----> turn 590 0 0.553869 0.446131 
 ----> turn 591 1 0.528191 0.471809 
 ----> turn 592 1 0.527247 0.472753 
 ----> turn 593 0 0.569856 0.430144 
 ----> turn 594 0 0.552478 0.447522 
 ----> turn 595 1 0.546804 0.453196 
 ----> turn 596 1 0.557313 0.442687 
 ----> turn 597 0 0.533442 0.466558 
 ----> turn 598 1 0.552739 0.447261 
 ----> turn 599 1 0.533542 0.466458 
 ----> turn 600 0 0.529005 0.470995 
 ----> turn 601 1 0.510988 0.489012 
 ----> turn 602 1 0.5117 0.4883 
 ----> turn 603 0 0.546707 0.453293 
 ----> turn 604 0 0.56243 0.43757 
 ----> turn 605 0 0.563696 0.436304 
 ----> turn 606 1 0.529319 0.470681 
 ----> turn 607 1 0.540598 0.459402 
 ----> turn 608 0 0.539775 0.460225 
 ----> turn 609 0 0.583748 0.416252 
 ----> turn 610 0 0.573989 0.426011 
 ----> turn 611 1 0.498794 0.501206 
 ----> turn 612 0 0.576431 0.423569 
 ----> turn 613 1 0.519008 0.480992 
 ----> turn 614 0 0.544539 0.455461 
 ----> turn 615 1 0.543256 0.456744 
 ----> turn 616 0 0.527288 0.472712 
 ----> turn 617 1 0.525653 0.474347 
 ----> turn 618 1 0.565066 0.434934 
 ----> turn 619 1 0.474684 0.525316 
 ----> turn 620 1 0.527788 0.472212 
 ----> turn 621 0 0.569153 0.430847 
 ----> turn 622 0 0.601007 0.398993 
 ----> turn 623 0 0.540946 0.459054 
 ----> turn 624 0 0.553163 0.446837 
 ----> turn 625 0 0.541526 0.458474 
 ----> turn 626 0 0.54986 0.45014 
 ----> turn 627 0 0.513727 0.486273 
 ----> turn 628 1 0.546058 0.453942 
 ----> turn 629 1 0.515046 0.484954 
 ----> turn 630 0 0.587461 0.412539 
 ----> turn 631 1 0.494795 0.505205 
 ----> turn 632 1 0.513926 0.486074 
 ----> turn 633 0 0.569929 0.430071 
 ----> turn 634 1 0.545489 0.454511 
 ----> turn 635 0 0.546106 0.453894 
 ----> turn 636 1 0.528558 0.471442 
 ----> turn 637 0 0.542435 0.457565 
 ----> turn 638 0 0.544889 0.455111 
 ----> turn 639 1 0.540669 0.459331 
 ----> turn 640 1 0.543642 0.456358 
 ----> turn 641 0 0.542053 0.457947 
 ----> turn 642 0 0.521918 0.478082 
 ----> turn 643 0 0.575583 0.424417 
 ----> turn 644 0 0.546976 0.453024 
 ----> turn 645 0 0.552941 0.447059 
 ----> turn 646 0 0.546928 0.453072 
 ----> turn 647 1 0.53778 0.46222 
 ----> turn 648 0 0.559944 0.440056 
 ----> turn 649 1 0.520425 0.479575 
 ----> turn 650 1 0.550456 0.449544 
 ----> turn 651 1 0.517739 0.482261 
 ----> turn 652 0 0.537521 0.462479 
 ----> turn 653 1 0.561171 0.438829 
 ----> turn 654 1 0.541631 0.458369 
 ----> turn 655 0 0.537012 0.462988 
 ----> turn 656 0 0.546521 0.453479 
 ----> turn 657 0 0.540184 0.459816 
 ----> turn 658 1 0.535023 0.464977 
 ----> turn 659 1 0.522609 0.477391 
 ----> turn 660 0 0.543235 0.456765 
 ----> turn 661 0 0.559396 0.440604 
 ----> turn 662 1 0.527301 0.472699 
 ----> turn 663 0 0.541778 0.458222 
 ----> turn 664 1 0.517003 0.482997 
 ----> turn 665 1 0.527193 0.472807 
 ----> turn 666 0 0.542398 0.457602 
 ----> turn 667 0 0.558809 0.441191 
 ----> turn 668 1 0.529517 0.470483 
 ----> turn 669 0 0.522239 0.477761 
 ----> turn 670 0 0.564591 0.435409 
 ----> turn 671 1 0.516097 0.483903 
 ----> turn 672 0 0.537398 0.462602 
 ----> turn 673 1 0.546343 0.453657 
 ----> turn 674 1 0.533198 0.466802 
 ----> turn 675 1 0.54501 0.45499 
 ----> turn 676 0 0.523874 0.476126 
 ----> turn 677 0 0.547812 0.452188 
 ----> turn 678 1 0.528453 0.471547 
 ----> turn 679 0 0.569468 0.430532 
 ----> turn 680 1 0.520603 0.479397 
 ----> turn 681 0 0.542446 0.457554 
 ----> turn 682 0 0.544557 0.455443 
 ----> turn 683 1 0.525183 0.474817 
 ----> turn 684 0 0.547831 0.452169 
 ----> turn 685 1 0.54735 0.45265 
 ----> turn 686 0 0.552963 0.447037 
 ----> turn 687 0 0.580447 0.419553 
 ----> turn 688 1 0.500356 0.499644 
 ----> turn 689 0 0.55396 0.44604 
 ----> turn 690 0 0.53397 0.46603 
 ----> turn 691 1 0.531708 0.468292 
 ----> turn 692 0 0.568157 0.431843 
 ----> turn 693 1 0.502655 0.497345 
 ----> turn 694 1 0.529215 0.470785 
 ----> turn 695 1 0.546538 0.453462 
 ----> turn 696 0 0.558332 0.441668 
 ----> turn 697 0 0.539171 0.460829 
 ----> turn 698 0 0.531664 0.468336 
 ----> turn 699 1 0.562379 0.437621 
 ----> turn 700 1 0.54337 0.45663 
 ----> turn 701 0 0.534101 0.465899 
 ----> turn 702 0 0.58048 0.41952 
 ----> turn 703 1 0.509272 0.490728 
 ----> turn 704 1 0.523601 0.476399 
 ----> turn 705 0 0.54338 0.45662 
 ----> turn 706 1 0.522004 0.477996 
 ----> turn 707 1 0.555751 0.444249 
 ----> turn 708 1 0.502419 0.497581 
 ----> turn 709 1 0.547359 0.452641 
 ----> turn 710 0 0.530838 0.469162 
 ----> turn 711 0 0.55906 0.44094 
 ----> turn 712 1 0.516228 0.483772 
 ----> turn 713 0 0.530203 0.469797 
 ----> turn 714 1 0.56294 0.43706 
 ----> turn 715 0 0.54462 0.45538 
 ----> turn 716 1 0.542864 0.457136 
 ----> turn 717 0 0.544017 0.455983 
 ----> turn 718 1 0.532049 0.467951 
