 ----> turn 1 1 0.52175 0.47825 
 ----> turn 2 0 0.633084 0.366916 
 ----> turn 3 1 0.491541 0.508459 
 ----> turn 4 0 0.608451 0.391549 
 ----> turn 5 0 0.48982 0.51018 
 ----> turn 6 1 0.446261 0.553739 
 ----> turn 7 0 0.533033 0.466967 
 ----> turn 8 0 0.438448 0.561552 
 ----> turn 9 1 0.430728 0.569272 
 ----> turn 10 1 0.539715 0.460285 
 ----> turn 11 0 0.645752 0.354248 
 ----> turn 12 0 0.531059 0.468941 
 ----> turn 13 0 0.450955 0.549045 
 ----> turn 14 1 0.463022 0.536978 
 ----> turn 15 0 0.541108 0.458892 
 ----> turn 16 1 0.463165 0.536835 
 ----> turn 17 1 0.537611 0.462389 
 ----> turn 18 0 0.587901 0.412099 
 ----> turn 19 1 0.530844 0.469156 
 ----> turn 20 0 0.609901 0.390099 
 ----> turn 21 0 0.533662 0.466338 
 ----> turn 22 1 0.483314 0.516686 
 ----> turn 23 0 0.539687 0.460313 
 ----> turn 24 0 0.464814 0.535186 
 ----> turn 25 1 0.478746 0.521254 
 ----> turn 26 0 0.525346 0.474654 
 ----> turn 27 1 0.565147 0.434853 
 ----> turn 28 1 0.527239 0.472761 
 ----> turn 29 0 0.58561 0.41439 
 ----> turn 30 0 0.532978 0.467022 
 ----> turn 31 0 0.525047 0.474953 
 ----> turn 32 0 0.485617 0.514383 
 ----> turn 33 1 0.48163 0.51837 
 ----> turn 34 0 0.612057 0.387943 
 ----> turn 35 1 0.516012 0.483988 
 ----> turn 36 0 0.559147 0.440853 
 ----> turn 37 0 0.54024 0.45976 
 ----> turn 38 1 0.492334 0.507666 
 ----> turn 39 1 0.536985 0.463015 
 ----> turn 40 1 0.574983 0.425017 
 ----> turn 41 0 0.571435 0.428565 
 ----> turn 42 0 0.548404 0.451596 
 ----> turn 43 0 0.514036 0.485964 
 ----> turn 44 0 0.547333 0.452667 
 ----> turn 45 1 0.540345 0.459655 
 ----> turn 46 1 0.55958 0.44042 
 ----> turn 47 0 0.589314 0.410686 
 ----> turn 48 0 0.545151 0.454849 
 ----> turn 49 1 0.536947 0.463053 
 ----> turn 50 1 0.54747 0.45253 
 ----> turn 51 1 0.544598 0.455402 
 ----> turn 52 0 0.613252 0.386748 
 ----> turn 53 1 0.532637 0.467363 
 ----> turn 54 1 0.507847 0.492153 
 ----> turn 55 0 0.596527 0.403473 
 ----> turn 56 0 0.583889 0.416111 
 ----> turn 57 1 0.512132 0.487868 
 ----> turn 58 0 0.54246 0.45754 
 ----> turn 59 1 0.507227 0.492773 
 ----> turn 60 1 0.542968 0.457032 
 ----> turn 61 0 0.562389 0.437611 
 ----> turn 62 1 0.534663 0.465337 
 ----> turn 63 0 0.584887 0.415113 
 ----> turn 64 1 0.523819 0.476181 
 ----> turn 65 0 0.587391 0.412609 
 ----> turn 66 1 0.528297 0.471703 
 ----> turn 67 0 0.582973 0.417027 
 ----> turn 68 0 0.559501 0.440499 
 ----> turn 69 1 0.497183 0.502817 
 ----> turn 70 0 0.5268 0.4732 
 ----> turn 71 0 0.589353 0.410647 
 ----> turn 72 0 0.509405 0.490595 
 ----> turn 73 1 0.529424 0.470576 
 ----> turn 74 1 0.529447 0.470553 
 ----> turn 75 0 0.550831 0.449169 
 ----> turn 76 0 0.583626 0.416374 
 ----> turn 77 0 0.604019 0.395981 
 ----> turn 78 1 0.552942 0.447058 
 ----> turn 79 0 0.559725 0.440275 
 ----> turn 80 1 0.553635 0.446365 
 ----> turn 81 1 0.550559 0.449441 
 ----> turn 82 1 0.569464 0.430536 
 ----> turn 83 0 0.580424 0.419576 
 ----> turn 84 1 0.596991 0.403009 
 ----> turn 85 0 0.550725 0.449275 
 ----> turn 86 0 0.592432 0.407568 
 ----> turn 87 0 0.547465 0.452535 
 ----> turn 88 0 0.525462 0.474538 
 ----> turn 89 0 0.508563 0.491437 
 ----> turn 90 1 0.550118 0.449882 
 ----> turn 91 0 0.593523 0.406477 
 ----> turn 92 1 0.521307 0.478693 
 ----> turn 93 0 0.524223 0.475777 
 ----> turn 94 1 0.52958 0.47042 
 ----> turn 95 0 0.564164 0.435836 
 ----> turn 96 1 0.519607 0.480393 
 ----> turn 97 0 0.541995 0.458005 
 ----> turn 98 0 0.516538 0.483462 
 ----> turn 99 1 0.539086 0.460914 
 ----> turn 100 0 0.55631 0.44369 
 ----> turn 101 1 0.48885 0.51115 
 ----> turn 102 1 0.523427 0.476573 
 ----> turn 103 0 0.596416 0.403584 
 ----> turn 104 0 0.54672 0.45328 
 ----> turn 105 0 0.552356 0.447644 
 ----> turn 106 0 0.539623 0.460377 
 ----> turn 107 0 0.556187 0.443813 
 ----> turn 108 1 0.486003 0.513997 
 ----> turn 109 0 0.513228 0.486772 
 ----> turn 110 0 0.579802 0.420198 
 ----> turn 111 1 0.471324 0.528676 
 ----> turn 112 0 0.558949 0.441051 
 ----> turn 113 1 0.485661 0.514339 
 ----> turn 114 0 0.481499 0.518501 
 ----> turn 115 0 0.577243 0.422757 
 ----> turn 116 1 0.541099 0.458901 
 ----> turn 117 1 0.513097 0.486903 
 ----> turn 118 0 0.557986 0.442014 
 ----> turn 119 0 0.656048 0.343952 
 ----> turn 120 0 0.566543 0.433457 
 ----> turn 121 0 0.605452 0.394548 
 ----> turn 122 0 0.533341 0.466659 
 ----> turn 123 1 0.513712 0.486288 
 ----> turn 124 1 0.509085 0.490915 
 ----> turn 125 0 0.595761 0.404239 
 ----> turn 126 1 0.527064 0.472936 
 ----> turn 127 0 0.612184 0.387816 
 ----> turn 128 1 0.523378 0.476622 
 ----> turn 129 0 0.56409 0.43591 
 ----> turn 130 0 0.518132 0.481868 
 ----> turn 131 0 0.565767 0.434233 
 ----> turn 132 1 0.541574 0.458426 
 ----> turn 133 0 0.555327 0.444673 
 ----> turn 134 1 0.497374 0.502626 
 ----> turn 135 1 0.560948 0.439052 
 ----> turn 136 0 0.590499 0.409501 
 ----> turn 137 0 0.517172 0.482828 
 ----> turn 138 0 0.492168 0.507832 
 ----> turn 139 0 0.495149 0.504851 
 ----> turn 140 0 0.528216 0.471784 
 ----> turn 141 1 0.542909 0.457091 
 ----> turn 142 0 0.579213 0.420787 
 ----> turn 143 1 0.528927 0.471073 
 ----> turn 144 0 0.526748 0.473252 
 ----> turn 145 0 0.50076 0.49924 
 ----> turn 146 1 0.507429 0.492571 
 ----> turn 147 0 0.53856 0.46144 
 ----> turn 148 1 0.47867 0.52133 
 ----> turn 149 1 0.525745 0.474255 
 ----> turn 150 0 0.574281 0.425719 
 ----> turn 151 0 0.566526 0.433474 
 ----> turn 152 0 0.544546 0.455454 
 ----> turn 153 0 0.534291 0.465709 
 ----> turn 154 1 0.520434 0.479566 
 ----> turn 155 0 0.561366 0.438634 
 ----> turn 156 1 0.503534 0.496466 
 ----> turn 157 1 0.515744 0.484256 
 ----> turn 158 0 0.632298 0.367702 
 ----> turn 159 0 0.54251 0.45749 
 ----> turn 160 0 0.568282 0.431718 
 ----> turn 161 0 0.549991 0.450009 
 ----> turn 162 0 0.512662 0.487338 
 ----> turn 163 1 0.540786 0.459214 
 ----> turn 164 0 0.526996 0.473004 
 ----> turn 165 1 0.475971 0.524029 
 ----> turn 166 0 0.561611 0.438389 
 ----> turn 167 1 0.540958 0.459042 
 ----> turn 168 0 0.565582 0.434418 
 ----> turn 169 1 0.532183 0.467817 
 ----> turn 170 1 0.543559 0.456441 
 ----> turn 171 1 0.535623 0.464377 
 ----> turn 172 0 0.59449 0.40551 
 ----> turn 173 1 0.484408 0.515592 
 ----> turn 174 0 0.600394 0.399606 
 ----> turn 175 1 0.568928 0.431072 
 ----> turn 176 0 0.680303 0.319697 
 ----> turn 177 0 0.563615 0.436385 
 ----> turn 178 0 0.531918 0.468082 
 ----> turn 179 1 0.487067 0.512933 
 ----> turn 180 1 0.593513 0.406487 
 ----> turn 181 1 0.579155 0.420845 
 ----> turn 182 1 0.551006 0.448994 
 ----> turn 183 0 0.62301 0.37699 
 ----> turn 184 1 0.490578 0.509422 
 ----> turn 185 0 0.580482 0.419518 
 ----> turn 186 0 0.594738 0.405262 
 ----> turn 187 0 0.525749 0.474251 
 ----> turn 188 0 0.497221 0.502779 
 ----> turn 189 1 0.566889 0.433111 
 ----> turn 190 0 0.563088 0.436912 
 ----> turn 191 0 0.512001 0.487999 
 ----> turn 192 1 0.527073 0.472927 
 ----> turn 193 0 0.530464 0.469536 
 ----> turn 194 0 0.541191 0.458809 
 ----> turn 195 1 0.502741 0.497259 
 ----> turn 196 1 0.568885 0.431115 
 ----> turn 197 0 0.560931 0.439069 
 ----> turn 198 1 0.555381 0.444619 
 ----> turn 199 0 0.569174 0.430826 
 ----> turn 200 0 0.533135 0.466865 
 ----> turn 201 1 0.45803 0.54197 
 ----> turn 202 1 0.56091 0.43909 
 ----> turn 203 0 0.546685 0.453315 
 ----> turn 204 1 0.490089 0.509911 
 ----> turn 205 0 0.625811 0.374189 
 ----> turn 206 1 0.517263 0.482737 
 ----> turn 207 1 0.536756 0.463244 
 ----> turn 208 0 0.575183 0.424817 
 ----> turn 209 0 0.545674 0.454326 
 ----> turn 210 1 0.46398 0.53602 
 ----> turn 211 0 0.608818 0.391182 
 ----> turn 212 1 0.559544 0.440456 
 ----> turn 213 0 0.534131 0.465869 
 ----> turn 214 0 0.533073 0.466927 
 ----> turn 215 1 0.463873 0.536127 
 ----> turn 216 0 0.541764 0.458236 
 ----> turn 217 1 0.508011 0.491989 
 ----> turn 218 1 0.477954 0.522046 
 ----> turn 219 0 0.655915 0.344085 
 ----> turn 220 1 0.517181 0.482819 
 ----> turn 221 1 0.549242 0.450758 
 ----> turn 222 1 0.565167 0.434833 
 ----> turn 223 0 0.592151 0.407849 
 ----> turn 224 0 0.652648 0.347352 
 ----> turn 225 1 0.496814 0.503186 
 ----> turn 226 0 0.592779 0.407221 
 ----> turn 227 0 0.579235 0.420765 
 ----> turn 228 0 0.579116 0.420884 
 ----> turn 229 0 0.478007 0.521993 
 ----> turn 230 1 0.514028 0.485972 
 ----> turn 231 1 0.522003 0.477997 
 ----> turn 232 0 0.529967 0.470033 
 ----> turn 233 0 0.511074 0.488926 
 ----> turn 234 1 0.549415 0.450585 
 ----> turn 235 1 0.585593 0.414407 
 ----> turn 236 1 0.533324 0.466676 
 ----> turn 237 0 0.602672 0.397328 
 ----> turn 238 1 0.583027 0.416973 
 ----> turn 239 0 0.533686 0.466314 
 ----> turn 240 1 0.474643 0.525357 
 ----> turn 241 0 0.599094 0.400906 
 ----> turn 242 1 0.512045 0.487955 
 ----> turn 243 0 0.627577 0.372423 
 ----> turn 244 1 0.523551 0.476449 
 ----> turn 245 0 0.531604 0.468396 
 ----> turn 246 1 0.470514 0.529486 
 ----> turn 247 0 0.615092 0.384908 
 ----> turn 248 0 0.496726 0.503274 
 ----> turn 249 1 0.531419 0.468581 
 ----> turn 250 1 0.518999 0.481001 
 ----> turn 251 1 0.511522 0.488478 
 ----> turn 252 0 0.652429 0.347571 
 ----> turn 253 1 0.499833 0.500167 
 ----> turn 254 0 0.577651 0.422349 
 ----> turn 255 0 0.656967 0.343033 
 ----> turn 256 0 0.527691 0.472309 
 ----> turn 257 1 0.519391 0.480609 
 ----> turn 258 0 0.543703 0.456297 
 ----> turn 259 0 0.637075 0.362925 
 ----> turn 260 1 0.499024 0.500976 
 ----> turn 261 1 0.547277 0.452723 
 ----> turn 262 1 0.592079 0.407921 
 ----> turn 263 0 0.634618 0.365382 
 ----> turn 264 1 0.497473 0.502527 
 ----> turn 265 1 0.556322 0.443678 
 ----> turn 266 0 0.552955 0.447045 
 ----> turn 267 1 0.528669 0.471331 
 ----> turn 268 0 0.634046 0.365954 
 ----> turn 269 0 0.588866 0.411134 
 ----> turn 270 0 0.528049 0.471951 
 ----> turn 271 1 0.538086 0.461914 
 ----> turn 272 0 0.562592 0.437408 
 ----> turn 273 1 0.54873 0.45127 
 ----> turn 274 0 0.573918 0.426082 
 ----> turn 275 1 0.521383 0.478617 
 ----> turn 276 0 0.539823 0.460177 
 ----> turn 277 0 0.59749 0.40251 
 ----> turn 278 0 0.533027 0.466973 
 ----> turn 279 1 0.390096 0.609904 
 ----> turn 280 0 0.588355 0.411645 
 ----> turn 281 0 0.601378 0.398622 
 ----> turn 282 1 0.53874 0.46126 
 ----> turn 283 0 0.55237 0.44763 
 ----> turn 284 0 0.563306 0.436694 
 ----> turn 285 0 0.558843 0.441157 
 ----> turn 286 1 0.508714 0.491286 
 ----> turn 287 1 0.571593 0.428407 
 ----> turn 288 1 0.509568 0.490432 
 ----> turn 289 0 0.577886 0.422114 
 ----> turn 290 0 0.521051 0.478949 
 ----> turn 291 1 0.510829 0.489171 
 ----> turn 292 0 0.562353 0.437647 
 ----> turn 293 1 0.488921 0.511079 
 ----> turn 294 1 0.508134 0.491866 
 ----> turn 295 0 0.657495 0.342505 
 ----> turn 296 1 0.528353 0.471647 
 ----> turn 297 0 0.56764 0.43236 
 ----> turn 298 1 0.507466 0.492534 
 ----> turn 299 0 0.569931 0.430069 
 ----> turn 300 0 0.518667 0.481333 
 ----> turn 301 0 0.533735 0.466265 
 ----> turn 302 1 0.504034 0.495966 
 ----> turn 303 1 0.558318 0.441682 
 ----> turn 304 0 0.574821 0.425179 
 ----> turn 305 1 0.481976 0.518024 
 ----> turn 306 0 0.585385 0.414615 
 ----> turn 307 0 0.545868 0.454132 
 ----> turn 308 1 0.50898 0.49102 
 ----> turn 309 0 0.517001 0.482999 
 ----> turn 310 1 0.52356 0.47644 
 ----> turn 311 0 0.523993 0.476007 
 ----> turn 312 1 0.506075 0.493925 
 ----> turn 313 0 0.616463 0.383537 
 ----> turn 314 0 0.522561 0.477439 
 ----> turn 315 0 0.541652 0.458348 
 ----> turn 316 1 0.494329 0.505671 
 ----> turn 317 1 0.505508 0.494492 
 ----> turn 318 0 0.540354 0.459646 
 ----> turn 319 1 0.49975 0.50025 
 ----> turn 320 1 0.563744 0.436256 
 ----> turn 321 1 0.579151 0.420849 
 ----> turn 322 0 0.607083 0.392917 
 ----> turn 323 0 0.570019 0.429981 
 ----> turn 324 1 0.457101 0.542899 
 ----> turn 325 0 0.615275 0.384725 
 ----> turn 326 0 0.539762 0.460238 
 ----> turn 327 1 0.480426 0.519574 
 ----> turn 328 0 0.544737 0.455263 
 ----> turn 329 0 0.540548 0.459452 
 ----> turn 330 1 0.507133 0.492867 
 ----> turn 331 0 0.512264 0.487736 
 ----> turn 332 0 0.588739 0.411261 
 ----> turn 333 1 0.493686 0.506314 
 ----> turn 334 1 0.56791 0.43209 
 ----> turn 335 0 0.599217 0.400783 
 ----> turn 336 1 0.548922 0.451078 
 ----> turn 337 0 0.534612 0.465388 
 ----> turn 338 1 0.585486 0.414514 
 ----> turn 339 0 0.566962 0.433038 
 ----> turn 340 1 0.474328 0.525672 
 ----> turn 341 0 0.648492 0.351508 
 ----> turn 342 1 0.419703 0.580297 
 ----> turn 343 0 0.592375 0.407625 
 ----> turn 344 0 0.56832 0.43168 
 ----> turn 345 0 0.525955 0.474045 
 ----> turn 346 1 0.497794 0.502206 
 ----> turn 347 0 0.58794 0.41206 
 ----> turn 348 0 0.538327 0.461673 
 ----> turn 349 1 0.477152 0.522848 
 ----> turn 350 1 0.551845 0.448155 
 ----> turn 351 0 0.55362 0.44638 
 ----> turn 352 0 0.487682 0.512318 
 ----> turn 353 1 0.497744 0.502256 
 ----> turn 354 0 0.543129 0.456871 
 ----> turn 355 1 0.524764 0.475236 
 ----> turn 356 1 0.489308 0.510692 
 ----> turn 357 1 0.556592 0.443408 
 ----> turn 358 0 0.579067 0.420933 
 ----> turn 359 0 0.627095 0.372905 
 ----> turn 360 1 0.469064 0.530936 
 ----> turn 361 1 0.478295 0.521705 
 ----> turn 362 0 0.656149 0.343851 
 ----> turn 363 0 0.52694 0.47306 
 ----> turn 364 0 0.493934 0.506066 
 ----> turn 365 0 0.555121 0.444879 
 ----> turn 366 1 0.511664 0.488336 
 ----> turn 367 0 0.55563 0.44437 
 ----> turn 368 0 0.532854 0.467146 
 ----> turn 369 0 0.540896 0.459104 
 ----> turn 370 1 0.496174 0.503826 
 ----> turn 371 0 0.558883 0.441117 
 ----> turn 372 1 0.477662 0.522338 
 ----> turn 373 0 0.595673 0.404327 
 ----> turn 374 0 0.498414 0.501586 
 ----> turn 375 1 0.488225 0.511775 
 ----> turn 376 0 0.580378 0.419622 
 ----> turn 377 1 0.514018 0.485982 
 ----> turn 378 1 0.529812 0.470188 
 ----> turn 379 0 0.572405 0.427595 
 ----> turn 380 0 0.531443 0.468557 
 ----> turn 381 1 0.525625 0.474375 
 ----> turn 382 1 0.528319 0.471681 
 ----> turn 383 1 0.576026 0.423974 
 ----> turn 384 0 0.584474 0.415526 
 ----> turn 385 1 0.529172 0.470828 
 ----> turn 386 0 0.537339 0.462661 
 ----> turn 387 1 0.561528 0.438472 
 ----> turn 388 1 0.580249 0.419751 
 ----> turn 389 0 0.574621 0.425379 
 ----> turn 390 0 0.550561 0.449439 
 ----> turn 391 0 0.524279 0.475721 
 ----> turn 392 1 0.506892 0.493108 
 ----> turn 393 1 0.524359 0.475641 
 ----> turn 394 1 0.589551 0.410449 
 ----> turn 395 0 0.653464 0.346536 
 ----> turn 396 0 0.50165 0.49835 
 ----> turn 397 0 0.532502 0.467498 
 ----> turn 398 1 0.519876 0.480124 
 ----> turn 399 1 0.531934 0.468066 
 ----> turn 400 1 0.56106 0.43894 
 ----> turn 401 0 0.606006 0.393994 
 ----> turn 402 0 0.56448 0.43552 
 ----> turn 403 0 0.540324 0.459676 
 ----> turn 404 1 0.485712 0.514288 
 ----> turn 405 1 0.552767 0.447233 
 ----> turn 406 1 0.570571 0.429429 
 ----> turn 407 1 0.543999 0.456001 
 ----> turn 408 0 0.609725 0.390275 
 ----> turn 409 0 0.549168 0.450832 
 ----> turn 410 0 0.554749 0.445251 
 ----> turn 411 0 0.58413 0.41587 
 ----> turn 412 1 0.559451 0.440549 
 ----> turn 413 1 0.529666 0.470334 
 ----> turn 414 0 0.583021 0.416979 
 ----> turn 415 1 0.528454 0.471546 
 ----> turn 416 0 0.611609 0.388391 
 ----> turn 417 0 0.521782 0.478218 
 ----> turn 418 1 0.536076 0.463924 
 ----> turn 419 1 0.519186 0.480814 
 ----> turn 420 1 0.53428 0.46572 
 ----> turn 421 0 0.581976 0.418024 
 ----> turn 422 0 0.518441 0.481559 
 ----> turn 423 1 0.501276 0.498724 
 ----> turn 424 0 0.590325 0.409675 
 ----> turn 425 0 0.524355 0.475645 
 ----> turn 426 1 0.53708 0.46292 
 ----> turn 427 0 0.542418 0.457582 
 ----> turn 428 0 0.548085 0.451915 
 ----> turn 429 0 0.536041 0.463959 
 ----> turn 430 0 0.552003 0.447997 
 ----> turn 431 1 0.459871 0.540129 
 ----> turn 432 1 0.489159 0.510841 
 ----> turn 433 1 0.520306 0.479694 
 ----> turn 434 0 0.606986 0.393014 
 ----> turn 435 1 0.503774 0.496226 
 ----> turn 436 0 0.658816 0.341184 
 ----> turn 437 0 0.569919 0.430081 
 ----> turn 438 0 0.487092 0.512908 
 ----> turn 439 0 0.503776 0.496224 
 ----> turn 440 1 0.516984 0.483016 
 ----> turn 441 0 0.55316 0.44684 
 ----> turn 442 1 0.521723 0.478277 
 ----> turn 443 1 0.48513 0.51487 
 ----> turn 444 0 0.553935 0.446065 
 ----> turn 445 1 0.540367 0.459633 
 ----> turn 446 0 0.576432 0.423568 
 ----> turn 447 0 0.612425 0.387575 
 ----> turn 448 1 0.5068 0.4932 
 ----> turn 449 1 0.514592 0.485408 
 ----> turn 450 0 0.616194 0.383806 
 ----> turn 451 0 0.567141 0.432859 
 ----> turn 452 1 0.522852 0.477148 
 ----> turn 453 0 0.562481 0.437519 
 ----> turn 454 1 0.507017 0.492983 
 ----> turn 455 0 0.577222 0.422778 
 ----> turn 456 0 0.548573 0.451427 
 ----> turn 457 0 0.554866 0.445134 
 ----> turn 458 1 0.505513 0.494487 
 ----> turn 459 0 0.605037 0.394963 
 ----> turn 460 1 0.526144 0.473856 
 ----> turn 461 1 0.567376 0.432624 
 ----> turn 462 0 0.510149 0.489851 
 ----> turn 463 1 0.485157 0.514843 
 ----> turn 464 0 0.590309 0.409691 
 ----> turn 465 1 0.467937 0.532063 
 ----> turn 466 0 0.668375 0.331625 
 ----> turn 467 1 0.512768 0.487232 
 ----> turn 468 0 0.569555 0.430445 
 ----> turn 469 1 0.5311 0.4689 
 ----> turn 470 0 0.583426 0.416574 
 ----> turn 471 1 0.535533 0.464467 
 ----> turn 472 0 0.571913 0.428087 
 ----> turn 473 1 0.500863 0.499137 
 ----> turn 474 0 0.60345 0.39655 
 ----> turn 475 0 0.509602 0.490398 
 ----> turn 476 1 0.490857 0.509143 
 ----> turn 477 1 0.515728 0.484272 
 ----> turn 478 1 0.595582 0.404418 
 ----> turn 479 0 0.594574 0.405426 
 ----> turn 480 0 0.593484 0.406516 
 ----> turn 481 1 0.459436 0.540564 
 ----> turn 482 0 0.532572 0.467428 
 ----> turn 483 0 0.526457 0.473543 
 ----> turn 484 1 0.534157 0.465843 
 ----> turn 485 0 0.548492 0.451508 
 ----> turn 486 0 0.523112 0.476888 
 ----> turn 487 1 0.48467 0.51533 
 ----> turn 488 0 0.550321 0.449679 
 ----> turn 489 1 0.520806 0.479194 
 ----> turn 490 0 0.576324 0.423676 
 ----> turn 491 1 0.488061 0.511939 
 ----> turn 492 0 0.535184 0.464816 
 ----> turn 493 0 0.514977 0.485023 
 ----> turn 494 1 0.495245 0.504755 
 ----> turn 495 0 0.533463 0.466537 
 ----> turn 496 1 0.544573 0.455427 
 ----> turn 497 0 0.547364 0.452636 
 ----> turn 498 1 0.506335 0.493665 
 ----> turn 499 0 0.527802 0.472198 
 ----> turn 500 1 0.509766 0.490234 
 ----> turn 501 0 0.494252 0.505748 
 ----> turn 502 1 0.435601 0.564399 
 ----> turn 503 1 0.451603 0.548397 
 ----> turn 504 1 0.55536 0.44464 
 ----> turn 505 0 0.562055 0.437945 
 ----> turn 506 0 0.547708 0.452292 
 ----> turn 507 1 0.507765 0.492235 
 ----> turn 508 1 0.527904 0.472096 
 ----> turn 509 1 0.558868 0.441132 
 ----> turn 510 0 0.57563 0.42437 
 ----> turn 511 0 0.54063 0.45937 
 ----> turn 512 0 0.512617 0.487383 
 ----> turn 513 1 0.482114 0.517886 
 ----> turn 514 1 0.511637 0.488363 
 ----> turn 515 0 0.583038 0.416962 
 ----> turn 516 0 0.520091 0.479909 
 ----> turn 517 1 0.513014 0.486986 
 ----> turn 518 1 0.528184 0.471816 
 ----> turn 519 0 0.612866 0.387134 
 ----> turn 520 1 0.523661 0.476339 
 ----> turn 521 1 0.51117 0.48883 
 ----> turn 522 0 0.621385 0.378615 
 ----> turn 523 1 0.507631 0.492369 
 ----> turn 524 0 0.550473 0.449527 
 ----> turn 525 0 0.584256 0.415744 
 ----> turn 526 0 0.502411 0.497589 
 ----> turn 527 1 0.527748 0.472252 
 ----> turn 528 0 0.599676 0.400324 
 ----> turn 529 1 0.486944 0.513056 
 ----> turn 530 0 0.589619 0.410381 
 ----> turn 531 1 0.495376 0.504624 
 ----> turn 532 0 0.535426 0.464574 
 ----> turn 533 1 0.497154 0.502846 
 ----> turn 534 0 0.611894 0.388106 
 ----> turn 535 0 0.539813 0.460187 
 ----> turn 536 1 0.422624 0.577376 
 ----> turn 537 1 0.453245 0.546755 
 ----> turn 538 0 0.611668 0.388332 
 ----> turn 539 1 0.519533 0.480467 
 ----> turn 540 1 0.560605 0.439395 
 ----> turn 541 0 0.581968 0.418032 
 ----> turn 542 0 0.550664 0.449336 
 ----> turn 543 1 0.487362 0.512638 
 ----> turn 544 1 0.559955 0.440045 
 ----> turn 545 0 0.544254 0.455746 
 ----> turn 546 0 0.541743 0.458257 
 ----> turn 547 1 0.512871 0.487129 
 ----> turn 548 1 0.552249 0.447751 
 ----> turn 549 0 0.545269 0.454731 
 ----> turn 550 0 0.557482 0.442518 
 ----> turn 551 1 0.52339 0.47661 
 ----> turn 552 0 0.548946 0.451054 
 ----> turn 553 1 0.498209 0.501791 
 ----> turn 554 0 0.588071 0.411929 
 ----> turn 555 0 0.568624 0.431376 
 ----> turn 556 0 0.596694 0.403306 
 ----> turn 557 1 0.481854 0.518146 
 ----> turn 558 1 0.513762 0.486238 
 ----> turn 559 1 0.532388 0.467612 
 ----> turn 560 0 0.629047 0.370953 
 ----> turn 561 0 0.548925 0.451075 
 ----> turn 562 1 0.49239 0.50761 
 ----> turn 563 0 0.543231 0.456769 
 ----> turn 564 0 0.502803 0.497197 
 ----> turn 565 1 0.527747 0.472253 
 ----> turn 566 0 0.608009 0.391991 
 ----> turn 567 0 0.508863 0.491137 
 ----> turn 568 0 0.536734 0.463266 
 ----> turn 569 0 0.527418 0.472582 
 ----> turn 570 1 0.523742 0.476258 
 ----> turn 571 1 0.553175 0.446825 
 ----> turn 572 0 0.586113 0.413887 
 ----> turn 573 0 0.523424 0.476576 
 ----> turn 574 0 0.565384 0.434616 
 ----> turn 575 1 0.511711 0.488289 
 ----> turn 576 1 0.531684 0.468316 
 ----> turn 577 0 0.564839 0.435161 
 ----> turn 578 0 0.532705 0.467295 
 ----> turn 579 0 0.488082 0.511918 
 ----> turn 580 1 0.53516 0.46484 
 ----> turn 581 0 0.528284 0.471716 
 ----> turn 582 0 0.518381 0.481619 
 ----> turn 583 1 0.495984 0.504016 
 ----> turn 584 1 0.519227 0.480773 
 ----> turn 585 0 0.591192 0.408808 
 ----> turn 586 0 0.55825 0.44175 
 ----> turn 587 1 0.440518 0.559482 
 ----> turn 588 1 0.563789 0.436211 
 ----> turn 589 1 0.473988 0.526012 
 ----> turn 590 0 0.601286 0.398714 
 ----> turn 591 1 0.496623 0.503377 
 ----> turn 592 1 0.540623 0.459377 
 ----> turn 593 0 0.5357 0.4643 
 ----> turn 594 0 0.584509 0.415491 
 ----> turn 595 1 0.513618 0.486382 
 ----> turn 596 1 0.51649 0.48351 
 ----> turn 597 0 0.616217 0.383783 
 ----> turn 598 1 0.531993 0.468007 
 ----> turn 599 1 0.507962 0.492038 
 ----> turn 600 0 0.631799 0.368201 
 ----> turn 601 1 0.473835 0.526165 
 ----> turn 602 1 0.447961 0.552039 
 ----> turn 603 0 0.619081 0.380919 
 ----> turn 604 0 0.55872 0.44128 
 ----> turn 605 0 0.553933 0.446067 
 ----> turn 606 1 0.502728 0.497272 
 ----> turn 607 1 0.511069 0.488931 
 ----> turn 608 0 0.501672 0.498328 
 ----> turn 609 0 0.638406 0.361594 
 ----> turn 610 0 0.554078 0.445922 
 ----> turn 611 1 0.527498 0.472502 
 ----> turn 612 0 0.519036 0.480964 
 ----> turn 613 1 0.500573 0.499427 
 ----> turn 614 0 0.528237 0.471763 
 ----> turn 615 1 0.451016 0.548984 
 ----> turn 616 0 0.656827 0.343173 
 ----> turn 617 1 0.508858 0.491142 
 ----> turn 618 1 0.558048 0.441952 
 ----> turn 619 1 0.568108 0.431892 
 ----> turn 620 1 0.53667 0.46333 
 ----> turn 621 0 0.570108 0.429892 
 ----> turn 622 0 0.608825 0.391175 
 ----> turn 623 0 0.542284 0.457716 
 ----> turn 624 0 0.58559 0.41441 
 ----> turn 625 0 0.578812 0.421188 
 ----> turn 626 0 0.601601 0.398399 
 ----> turn 627 0 0.57429 0.42571 
 ----> turn 628 1 0.541782 0.458218 
 ----> turn 629 1 0.544744 0.455256 
 ----> turn 630 0 0.558702 0.441298 
 ----> turn 631 1 0.527667 0.472333 
 ----> turn 632 1 0.476052 0.523948 
 ----> turn 633 0 0.571367 0.428633 
 ----> turn 634 1 0.578002 0.421998 
 ----> turn 635 0 0.555181 0.444819 
 ----> turn 636 1 0.47005 0.52995 
 ----> turn 637 0 0.609443 0.390557 
 ----> turn 638 0 0.539445 0.460555 
 ----> turn 639 1 0.528219 0.471781 
 ----> turn 640 1 0.518521 0.481479 
 ----> turn 641 0 0.605641 0.394359 
 ----> turn 642 0 0.531323 0.468677 
 ----> turn 643 0 0.52322 0.47678 
 ----> turn 644 0 0.550275 0.449725 
 ----> turn 645 0 0.540748 0.459252 
 ----> turn 646 0 0.509782 0.490218 
 ----> turn 647 1 0.519683 0.480317 
 ----> turn 648 0 0.611431 0.388569 
 ----> turn 649 1 0.544167 0.455833 
 ----> turn 650 1 0.419899 0.580101 
 ----> turn 651 1 0.495256 0.504744 
 ----> turn 652 0 0.624265 0.375735 
 ----> turn 653 1 0.498064 0.501936 
 ----> turn 654 1 0.519884 0.480116 
 ----> turn 655 0 0.559831 0.440169 
 ----> turn 656 0 0.544592 0.455408 
 ----> turn 657 0 0.550404 0.449596 
 ----> turn 658 1 0.49493 0.50507 
 ----> turn 659 1 0.554313 0.445687 
 ----> turn 660 0 0.558126 0.441874 
 ----> turn 661 0 0.592936 0.407064 
 ----> turn 662 1 0.516018 0.483982 
 ----> turn 663 0 0.545345 0.454655 
 ----> turn 664 1 0.545175 0.454825 
 ----> turn 665 1 0.524814 0.475186 
 ----> turn 666 0 0.577003 0.422997 
 ----> turn 667 0 0.57757 0.42243 
 ----> turn 668 1 0.513492 0.486508 
 ----> turn 669 0 0.520058 0.479942 
 ----> turn 670 0 0.552501 0.447499 
 ----> turn 671 1 0.50106 0.49894 
 ----> turn 672 0 0.549852 0.450148 
 ----> turn 673 1 0.479332 0.520668 
 ----> turn 674 1 0.56075 0.43925 
 ----> turn 675 1 0.545654 0.454346 
 ----> turn 676 0 0.595265 0.404735 
 ----> turn 677 0 0.577023 0.422977 
 ----> turn 678 1 0.49009 0.50991 
 ----> turn 679 0 0.566719 0.433281 
 ----> turn 680 1 0.51099 0.48901 
 ----> turn 681 0 0.516046 0.483954 
 ----> turn 682 0 0.576848 0.423152 
 ----> turn 683 1 0.559542 0.440458 
 ----> turn 684 0 0.608937 0.391063 
 ----> turn 685 1 0.442945 0.557055 
 ----> turn 686 0 0.583862 0.416138 
 ----> turn 687 0 0.511088 0.488912 
 ----> turn 688 1 0.522185 0.477815 
 ----> turn 689 0 0.541532 0.458468 
 ----> turn 690 0 0.568825 0.431175 
 ----> turn 691 1 0.564137 0.435863 
 ----> turn 692 0 0.560457 0.439543 
 ----> turn 693 1 0.523531 0.476469 
 ----> turn 694 1 0.552052 0.447948 
 ----> turn 695 1 0.526917 0.473083 
 ----> turn 696 0 0.611628 0.388372 
 ----> turn 697 0 0.590281 0.409719 
 ----> turn 698 0 0.550997 0.449003 
 ----> turn 699 1 0.550506 0.449494 
 ----> turn 700 1 0.571872 0.428128 
 ----> turn 701 0 0.587057 0.412943 
 ----> turn 702 0 0.638086 0.361914 
 ----> turn 703 1 0.465366 0.534634 
 ----> turn 704 1 0.545735 0.454265 
 ----> turn 705 0 0.630095 0.369905 
 ----> turn 706 1 0.458822 0.541178 
 ----> turn 707 1 0.57733 0.42267 
 ----> turn 708 1 0.553861 0.446139 
 ----> turn 709 1 0.558354 0.441646 
 ----> turn 710 0 0.590541 0.409459 
 ----> turn 711 0 0.66447 0.33553 
 ----> turn 712 1 0.437739 0.562261 
 ----> turn 713 0 0.604389 0.395611 
 ----> turn 714 1 0.582602 0.417398 
 ----> turn 715 0 0.537003 0.462997 
 ----> turn 716 1 0.532767 0.467233 
 ----> turn 717 0 0.579252 0.420748 
 ----> turn 718 1 0.497384 0.502616 
