 ----> turn 1 1 0 0 
 ----> turn 2 0 0 0 
 ----> turn 3 1 0.53521 0.46479 
 ----> turn 4 0 0.557259 0.442741 
 ----> turn 5 0 0.539304 0.460696 
 ----> turn 6 1 0.53791 0.46209 
 ----> turn 7 0 0.549577 0.450423 
 ----> turn 8 0 0.545648 0.454352 
 ----> turn 9 1 0.552813 0.447187 
 ----> turn 10 1 0.537107 0.462893 
 ----> turn 11 0 0.517665 0.482335 
 ----> turn 12 0 0.548246 0.451754 
 ----> turn 13 0 0.5821 0.4179 
 ----> turn 14 1 0.513906 0.486094 
 ----> turn 15 0 0.557169 0.442831 
 ----> turn 16 1 0.55294 0.44706 
 ----> turn 17 1 0.511259 0.488741 
 ----> turn 18 0 0.535674 0.464326 
 ----> turn 19 1 0.555058 0.444942 
 ----> turn 20 0 0.521223 0.478777 
 ----> turn 21 0 0.583904 0.416096 
 ----> turn 22 1 0.652567 0.347433 
 ----> turn 23 0 0.555325 0.444675 
 ----> turn 24 0 0.567715 0.432285 
 ----> turn 25 1 0.549451 0.450549 
 ----> turn 26 0 0.554052 0.445948 
 ----> turn 27 1 0.491233 0.508767 
 ----> turn 28 1 0.528252 0.471748 
 ----> turn 29 0 0.53421 0.46579 
 ----> turn 30 0 0.545754 0.454246 
 ----> turn 31 0 0.500468 0.499532 
 ----> turn 32 0 0.567606 0.432394 
 ----> turn 33 1 0.495817 0.504183 
 ----> turn 34 0 0.571146 0.428854 
 ----> turn 35 1 0.525447 0.474553 
 ----> turn 36 0 0.557185 0.442815 
 ----> turn 37 0 0.550352 0.449648 
 ----> turn 38 1 0.508618 0.491382 
 ----> turn 39 1 0.554131 0.445869 
 ----> turn 40 1 0.547544 0.452456 
 ----> turn 41 0 0.589954 0.410046 
 ----> turn 42 0 0.563197 0.436803 
 ----> turn 43 0 0.504968 0.495032 
 ----> turn 44 0 0.561592 0.438408 
 ----> turn 45 1 0.544165 0.455835 
 ----> turn 46 1 0.51885 0.48115 
 ----> turn 47 0 0.548822 0.451178 
 ----> turn 48 0 0.54895 0.45105 
 ----> turn 49 1 0.534263 0.465737 
 ----> turn 50 1 0.535412 0.464588 
 ----> turn 51 1 0.569122 0.430878 
 ----> turn 52 0 0.591767 0.408233 
 ----> turn 53 1 0.548712 0.451288 
 ----> turn 54 1 0.583029 0.416971 
 ----> turn 55 0 0.563241 0.436759 
 ----> turn 56 0 0.571276 0.428724 
 ----> turn 57 1 0.526552 0.473448 
 ----> turn 58 0 0.543176 0.456824 
 ----> turn 59 1 0.533249 0.466751 
 ----> turn 60 1 0.515986 0.484014 
 ----> turn 61 0 0.581768 0.418232 
 ----> turn 62 1 0.575039 0.424961 
 ----> turn 63 0 0.584946 0.415054 
 ----> turn 64 1 0.507618 0.492382 
 ----> turn 65 0 0.54065 0.45935 
 ----> turn 66 1 0.510107 0.489893 
 ----> turn 67 0 0.558294 0.441706 
 ----> turn 68 0 0.550637 0.449363 
 ----> turn 69 1 0.552865 0.447135 
 ----> turn 70 0 0.606778 0.393222 
 ----> turn 71 0 0.592737 0.407263 
 ----> turn 72 0 0.566365 0.433635 
 ----> turn 73 1 0.521963 0.478037 
 ----> turn 74 1 0.502906 0.497094 
 ----> turn 75 0 0.537843 0.462157 
 ----> turn 76 0 0.561038 0.438962 
 ----> turn 77 0 0.572059 0.427941 
 ----> turn 78 1 0.466917 0.533083 
 ----> turn 79 0 0.524932 0.475068 
 ----> turn 80 1 0.553981 0.446019 
 ----> turn 81 1 0.538513 0.461487 
 ----> turn 82 1 0.520008 0.479992 
 ----> turn 83 0 0.56145 0.43855 
 ----> turn 84 1 0.542498 0.457502 
 ----> turn 85 0 0.540942 0.459058 
 ----> turn 86 0 0.579445 0.420555 
 ----> turn 87 0 0.552412 0.447588 
 ----> turn 88 0 0.525966 0.474034 
 ----> turn 89 0 0.554253 0.445747 
 ----> turn 90 1 0.541029 0.458971 
 ----> turn 91 0 0.575783 0.424217 
 ----> turn 92 1 0.528288 0.471712 
 ----> turn 93 0 0.566673 0.433327 
 ----> turn 94 1 0.529104 0.470896 
 ----> turn 95 0 0.569436 0.430564 
 ----> turn 96 1 0.505804 0.494196 
 ----> turn 97 0 0.549927 0.450073 
 ----> turn 98 0 0.522524 0.477476 
 ----> turn 99 1 0.548584 0.451416 
 ----> turn 100 0 0.615581 0.384419 
 ----> turn 101 1 0.551239 0.448761 
 ----> turn 102 1 0.586012 0.413988 
 ----> turn 103 0 0.552413 0.447587 
 ----> turn 104 0 0.561938 0.438062 
 ----> turn 105 0 0.551208 0.448792 
 ----> turn 106 0 0.529571 0.470429 
 ----> turn 107 0 0.537924 0.462076 
 ----> turn 108 1 0.532995 0.467005 
 ----> turn 109 0 0.492025 0.507975 
 ----> turn 110 0 0.606846 0.393154 
 ----> turn 111 1 0.509926 0.490074 
 ----> turn 112 0 0.572643 0.427357 
 ----> turn 113 1 0.457666 0.542334 
 ----> turn 114 0 0.56016 0.43984 
 ----> turn 115 0 0.540625 0.459375 
 ----> turn 116 1 0.568338 0.431662 
 ----> turn 117 1 0.487287 0.512713 
 ----> turn 118 0 0.56536 0.43464 
 ----> turn 119 0 0.593716 0.406284 
 ----> turn 120 0 0.547099 0.452901 
 ----> turn 121 0 0.526358 0.473642 
 ----> turn 122 0 0.565585 0.434415 
 ----> turn 123 1 0.53288 0.46712 
 ----> turn 124 1 0.598435 0.401565 
 ----> turn 125 0 0.558264 0.441736 
 ----> turn 126 1 0.494128 0.505872 
 ----> turn 127 0 0.562683 0.437317 
 ----> turn 128 1 0.54238 0.45762 
 ----> turn 129 0 0.559641 0.440359 
 ----> turn 130 0 0.511775 0.488225 
 ----> turn 131 0 0.552507 0.447493 
 ----> turn 132 1 0.490773 0.509227 
 ----> turn 133 0 0.570459 0.429541 
 ----> turn 134 1 0.484073 0.515927 
 ----> turn 135 1 0.516302 0.483698 
 ----> turn 136 0 0.583599 0.416401 
 ----> turn 137 0 0.538558 0.461442 
 ----> turn 138 0 0.584721 0.415279 
 ----> turn 139 0 0.566085 0.433915 
 ----> turn 140 0 0.558891 0.441109 
 ----> turn 141 1 0.490004 0.509996 
 ----> turn 142 0 0.507897 0.492103 
 ----> turn 143 1 0.555494 0.444506 
 ----> turn 144 0 0.534372 0.465628 
 ----> turn 145 0 0.562005 0.437995 
 ----> turn 146 1 0.562855 0.437145 
 ----> turn 147 0 0.563615 0.436385 
 ----> turn 148 1 0.441508 0.558492 
 ----> turn 149 1 0.557857 0.442143 
 ----> turn 150 0 0.552687 0.447313 
 ----> turn 151 0 0.547424 0.452576 
 ----> turn 152 0 0.521434 0.478566 
 ----> turn 153 0 0.561806 0.438194 
 ----> turn 154 1 0.554201 0.445799 
 ----> turn 155 0 0.572849 0.427151 
 ----> turn 156 1 0.524369 0.475631 
 ----> turn 157 1 0.517116 0.482884 
 ----> turn 158 0 0.517775 0.482225 
 ----> turn 159 0 0.55656 0.44344 
 ----> turn 160 0 0.556618 0.443382 
 ----> turn 161 0 0.539963 0.460037 
 ----> turn 162 0 0.61952 0.38048 
 ----> turn 163 1 0.532242 0.467758 
 ----> turn 164 0 0.534078 0.465922 
 ----> turn 165 1 0.554466 0.445534 
 ----> turn 166 0 0.581957 0.418043 
 ----> turn 167 1 0.507566 0.492434 
 ----> turn 168 0 0.577261 0.422739 
 ----> turn 169 1 0.544856 0.455144 
 ----> turn 170 1 0.486004 0.513996 
 ----> turn 171 1 0.607819 0.392181 
 ----> turn 172 0 0.565766 0.434234 
 ----> turn 173 1 0.562161 0.437839 
 ----> turn 174 0 0.530044 0.469956 
 ----> turn 175 1 0.541545 0.458455 
 ----> turn 176 0 0.571308 0.428692 
 ----> turn 177 0 0.513355 0.486645 
 ----> turn 178 0 0.578763 0.421237 
 ----> turn 179 1 0.540833 0.459167 
 ----> turn 180 1 0.541823 0.458177 
 ----> turn 181 1 0.526163 0.473837 
 ----> turn 182 1 0.530931 0.469069 
 ----> turn 183 0 0.591308 0.408692 
 ----> turn 184 1 0.532704 0.467296 
 ----> turn 185 0 0.631171 0.368829 
 ----> turn 186 0 0.542891 0.457109 
 ----> turn 187 0 0.539687 0.460313 
 ----> turn 188 0 0.541433 0.458567 
 ----> turn 189 1 0.502761 0.497239 
 ----> turn 190 0 0.574352 0.425648 
 ----> turn 191 0 0.587464 0.412536 
 ----> turn 192 1 0.452537 0.547463 
 ----> turn 193 0 0.623016 0.376984 
 ----> turn 194 0 0.615249 0.384751 
 ----> turn 195 1 0.513373 0.486627 
 ----> turn 196 1 0.550022 0.449978 
 ----> turn 197 0 0.5612 0.4388 
 ----> turn 198 1 0.561911 0.438089 
 ----> turn 199 0 0.539454 0.460546 
 ----> turn 200 0 0.539147 0.460853 
 ----> turn 201 1 0.521953 0.478047 
 ----> turn 202 1 0.551155 0.448845 
 ----> turn 203 0 0.54378 0.45622 
 ----> turn 204 1 0.548469 0.451531 
 ----> turn 205 0 0.586082 0.413918 
 ----> turn 206 1 0.536283 0.463717 
 ----> turn 207 1 0.548811 0.451189 
 ----> turn 208 0 0.595771 0.404229 
 ----> turn 209 0 0.581966 0.418034 
 ----> turn 210 1 0.575821 0.424179 
 ----> turn 211 0 0.520739 0.479261 
 ----> turn 212 1 0.439997 0.560003 
 ----> turn 213 0 0.569239 0.430761 
 ----> turn 214 0 0.57396 0.42604 
 ----> turn 215 1 0.528476 0.471524 
 ----> turn 216 0 0.576222 0.423778 
 ----> turn 217 1 0.559651 0.440349 
 ----> turn 218 1 0.533772 0.466228 
 ----> turn 219 0 0.537912 0.462088 
 ----> turn 220 1 0.543888 0.456112 
 ----> turn 221 1 0.555124 0.444876 
 ----> turn 222 1 0.530903 0.469097 
 ----> turn 223 0 0.551021 0.448979 
 ----> turn 224 0 0.529963 0.470037 
 ----> turn 225 1 0.515563 0.484437 
 ----> turn 226 0 0.545605 0.454395 
 ----> turn 227 0 0.535406 0.464594 
 ----> turn 228 0 0.583906 0.416094 
 ----> turn 229 0 0.536746 0.463254 
 ----> turn 230 1 0.511666 0.488334 
 ----> turn 231 1 0.483012 0.516988 
 ----> turn 232 0 0.537867 0.462133 
 ----> turn 233 0 0.556683 0.443317 
 ----> turn 234 1 0.530461 0.469539 
 ----> turn 235 1 0.527189 0.472811 
 ----> turn 236 1 0.52375 0.47625 
 ----> turn 237 0 0.500175 0.499825 
 ----> turn 238 1 0.546882 0.453118 
 ----> turn 239 0 0.545833 0.454167 
 ----> turn 240 1 0.520246 0.479754 
 ----> turn 241 0 0.542582 0.457418 
 ----> turn 242 1 0.558536 0.441464 
 ----> turn 243 0 0.537868 0.462132 
 ----> turn 244 1 0.561117 0.438883 
 ----> turn 245 0 0.539638 0.460362 
 ----> turn 246 1 0.512389 0.487611 
 ----> turn 247 0 0.565211 0.434789 
 ----> turn 248 0 0.55985 0.44015 
 ----> turn 249 1 0.475395 0.524605 
 ----> turn 250 1 0.510624 0.489376 
 ----> turn 251 1 0.559939 0.440061 
 ----> turn 252 0 0.567542 0.432458 
 ----> turn 253 1 0.438239 0.561761 
 ----> turn 254 0 0.642962 0.357038 
 ----> turn 255 0 0.589489 0.410511 
 ----> turn 256 0 0.642206 0.357794 
 ----> turn 257 1 0.591604 0.408396 
 ----> turn 258 0 0.538283 0.461717 
 ----> turn 259 0 0.543079 0.456921 
 ----> turn 260 1 0.537751 0.462249 
 ----> turn 261 1 0.53747 0.46253 
 ----> turn 262 1 0.560875 0.439125 
 ----> turn 263 0 0.563008 0.436992 
 ----> turn 264 1 0.553485 0.446515 
 ----> turn 265 1 0.536109 0.463891 
 ----> turn 266 0 0.569138 0.430862 
 ----> turn 267 1 0.544712 0.455288 
 ----> turn 268 0 0.52437 0.47563 
 ----> turn 269 0 0.47748 0.52252 
 ----> turn 270 0 0.559382 0.440618 
 ----> turn 271 1 0.482853 0.517147 
 ----> turn 272 0 0.556269 0.443731 
 ----> turn 273 1 0.534775 0.465225 
 ----> turn 274 0 0.555132 0.444868 
 ----> turn 275 1 0.508735 0.491265 
 ----> turn 276 0 0.549145 0.450855 
 ----> turn 277 0 0.562346 0.437654 
 ----> turn 278 0 0.461296 0.538704 
 ----> turn 279 1 0.502764 0.497236 
 ----> turn 280 0 0.482463 0.517537 
 ----> turn 281 0 0.629475 0.370525 
 ----> turn 282 1 0.53152 0.46848 
 ----> turn 283 0 0.576397 0.423603 
 ----> turn 284 0 0.560214 0.439786 
 ----> turn 285 0 0.551045 0.448955 
 ----> turn 286 1 0.545452 0.454548 
 ----> turn 287 1 0.53802 0.46198 
 ----> turn 288 1 0.53015 0.46985 
 ----> turn 289 0 0.564024 0.435976 
 ----> turn 290 0 0.5549 0.4451 
 ----> turn 291 1 0.528436 0.471564 
 ----> turn 292 0 0.552404 0.447596 
 ----> turn 293 1 0.521243 0.478757 
 ----> turn 294 1 0.467637 0.532363 
 ----> turn 295 0 0.582606 0.417394 
 ----> turn 296 1 0.564745 0.435255 
 ----> turn 297 0 0.538942 0.461058 
 ----> turn 298 1 0.531607 0.468393 
 ----> turn 299 0 0.567533 0.432467 
 ----> turn 300 0 0.529395 0.470605 
 ----> turn 301 0 0.598737 0.401263 
 ----> turn 302 1 0.512844 0.487156 
 ----> turn 303 1 0.50129 0.49871 
 ----> turn 304 0 0.558249 0.441751 
 ----> turn 305 1 0.498039 0.501961 
 ----> turn 306 0 0.563765 0.436235 
 ----> turn 307 0 0.577461 0.422539 
 ----> turn 308 1 0.497068 0.502932 
 ----> turn 309 0 0.574673 0.425327 
 ----> turn 310 1 0.531053 0.468947 
 ----> turn 311 0 0.600009 0.399991 
 ----> turn 312 1 0.46176 0.53824 
 ----> turn 313 0 0.614128 0.385872 
 ----> turn 314 0 0.599378 0.400622 
 ----> turn 315 0 0.549988 0.450012 
 ----> turn 316 1 0.531178 0.468822 
 ----> turn 317 1 0.557348 0.442652 
 ----> turn 318 0 0.582725 0.417275 
 ----> turn 319 1 0.540926 0.459074 
 ----> turn 320 1 0.537865 0.462135 
 ----> turn 321 1 0.552318 0.447682 
 ----> turn 322 0 0.564869 0.435131 
 ----> turn 323 0 0.528667 0.471333 
 ----> turn 324 1 0.524988 0.475012 
 ----> turn 325 0 0.560701 0.439299 
 ----> turn 326 0 0.547809 0.452191 
 ----> turn 327 1 0.550006 0.449994 
 ----> turn 328 0 0.527444 0.472556 
 ----> turn 329 0 0.543267 0.456733 
 ----> turn 330 1 0.540802 0.459198 
 ----> turn 331 0 0.53399 0.46601 
 ----> turn 332 0 0.588038 0.411962 
 ----> turn 333 1 0.489997 0.510003 
 ----> turn 334 1 0.417859 0.582141 
 ----> turn 335 0 0.517444 0.482556 
 ----> turn 336 1 0.479626 0.520374 
 ----> turn 337 0 0.632296 0.367704 
 ----> turn 338 1 0.531389 0.468611 
 ----> turn 339 0 0.568654 0.431346 
 ----> turn 340 1 0.479984 0.520016 
 ----> turn 341 0 0.571652 0.428348 
 ----> turn 342 1 0.527629 0.472371 
 ----> turn 343 0 0.604696 0.395304 
 ----> turn 344 0 0.553573 0.446427 
 ----> turn 345 0 0.564429 0.435571 
 ----> turn 346 1 0.525166 0.474834 
 ----> turn 347 0 0.525787 0.474213 
 ----> turn 348 0 0.518045 0.481955 
 ----> turn 349 1 0.515256 0.484744 
 ----> turn 350 1 0.527887 0.472113 
 ----> turn 351 0 0.563328 0.436672 
 ----> turn 352 0 0.550589 0.449411 
 ----> turn 353 1 0.543099 0.456901 
 ----> turn 354 0 0.528578 0.471422 
 ----> turn 355 1 0.532277 0.467723 
 ----> turn 356 1 0.528722 0.471278 
 ----> turn 357 1 0.515057 0.484943 
 ----> turn 358 0 0.541469 0.458531 
 ----> turn 359 0 0.550741 0.449259 
 ----> turn 360 1 0.510013 0.489987 
 ----> turn 361 1 0.546799 0.453201 
 ----> turn 362 0 0.562241 0.437759 
 ----> turn 363 0 0.577081 0.422919 
 ----> turn 364 0 0.580021 0.419979 
 ----> turn 365 0 0.534764 0.465236 
 ----> turn 366 1 0.551727 0.448273 
 ----> turn 367 0 0.518865 0.481135 
 ----> turn 368 0 0.544746 0.455254 
 ----> turn 369 0 0.551268 0.448732 
 ----> turn 370 1 0.510153 0.489847 
 ----> turn 371 0 0.583335 0.416665 
 ----> turn 372 1 0.486296 0.513704 
 ----> turn 373 0 0.551177 0.448823 
 ----> turn 374 0 0.554137 0.445863 
 ----> turn 375 1 0.538021 0.461979 
 ----> turn 376 0 0.556184 0.443816 
 ----> turn 377 1 0.534785 0.465215 
 ----> turn 378 1 0.540175 0.459825 
 ----> turn 379 0 0.525142 0.474858 
 ----> turn 380 0 0.547932 0.452068 
 ----> turn 381 1 0.513863 0.486137 
 ----> turn 382 1 0.566225 0.433775 
 ----> turn 383 1 0.523731 0.476269 
 ----> turn 384 0 0.558577 0.441423 
 ----> turn 385 1 0.516376 0.483624 
 ----> turn 386 0 0.576211 0.423789 
 ----> turn 387 1 0.532912 0.467088 
 ----> turn 388 1 0.532264 0.467736 
 ----> turn 389 0 0.524897 0.475103 
 ----> turn 390 0 0.571915 0.428085 
 ----> turn 391 0 0.572024 0.427976 
 ----> turn 392 1 0.517922 0.482078 
 ----> turn 393 1 0.539055 0.460945 
 ----> turn 394 1 0.491632 0.508368 
 ----> turn 395 0 0.552975 0.447025 
 ----> turn 396 0 0.549763 0.450237 
 ----> turn 397 0 0.518287 0.481713 
 ----> turn 398 1 0.520323 0.479677 
 ----> turn 399 1 0.519974 0.480026 
 ----> turn 400 1 0.550104 0.449896 
 ----> turn 401 0 0.560919 0.439081 
 ----> turn 402 0 0.566097 0.433903 
 ----> turn 403 0 0.527646 0.472354 
 ----> turn 404 1 0.51914 0.48086 
 ----> turn 405 1 0.5379 0.4621 
 ----> turn 406 1 0.518595 0.481405 
 ----> turn 407 1 0.535371 0.464629 
 ----> turn 408 0 0.572232 0.427768 
 ----> turn 409 0 0.586244 0.413756 
 ----> turn 410 0 0.579045 0.420955 
 ----> turn 411 0 0.569879 0.430121 
 ----> turn 412 1 0.51407 0.48593 
 ----> turn 413 1 0.487428 0.512572 
 ----> turn 414 0 0.584135 0.415865 
 ----> turn 415 1 0.530302 0.469698 
 ----> turn 416 0 0.566923 0.433077 
 ----> turn 417 0 0.576789 0.423211 
 ----> turn 418 1 0.454001 0.545999 
 ----> turn 419 1 0.530512 0.469488 
 ----> turn 420 1 0.512274 0.487726 
 ----> turn 421 0 0.566305 0.433695 
 ----> turn 422 0 0.533281 0.466719 
 ----> turn 423 1 0.548694 0.451306 
 ----> turn 424 0 0.556755 0.443245 
 ----> turn 425 0 0.552353 0.447647 
 ----> turn 426 1 0.453043 0.546957 
 ----> turn 427 0 0.598343 0.401657 
 ----> turn 428 0 0.521594 0.478406 
 ----> turn 429 0 0.552712 0.447288 
 ----> turn 430 0 0.533087 0.466913 
 ----> turn 431 1 0.505045 0.494955 
 ----> turn 432 1 0.504023 0.495977 
 ----> turn 433 1 0.54265 0.45735 
 ----> turn 434 0 0.537707 0.462293 
 ----> turn 435 1 0.56674 0.43326 
 ----> turn 436 0 0.544059 0.455941 
 ----> turn 437 0 0.525535 0.474465 
 ----> turn 438 0 0.569526 0.430474 
 ----> turn 439 0 0.573927 0.426073 
 ----> turn 440 1 0.555595 0.444405 
 ----> turn 441 0 0.555475 0.444525 
 ----> turn 442 1 0.539112 0.460888 
 ----> turn 443 1 0.57617 0.42383 
 ----> turn 444 0 0.558451 0.441549 
 ----> turn 445 1 0.538878 0.461122 
 ----> turn 446 0 0.533983 0.466017 
 ----> turn 447 0 0.543336 0.456664 
 ----> turn 448 1 0.562636 0.437364 
 ----> turn 449 1 0.524243 0.475757 
 ----> turn 450 0 0.519552 0.480448 
 ----> turn 451 0 0.611324 0.388676 
 ----> turn 452 1 0.441575 0.558425 
 ----> turn 453 0 0.634451 0.365549 
 ----> turn 454 1 0.517201 0.482799 
 ----> turn 455 0 0.569109 0.430891 
 ----> turn 456 0 0.556723 0.443277 
 ----> turn 457 0 0.548179 0.451821 
 ----> turn 458 1 0.529717 0.470283 
 ----> turn 459 0 0.557522 0.442478 
 ----> turn 460 1 0.520869 0.479131 
 ----> turn 461 1 0.543351 0.456649 
 ----> turn 462 0 0.560948 0.439052 
 ----> turn 463 1 0.53642 0.46358 
 ----> turn 464 0 0.554539 0.445461 
 ----> turn 465 1 0.475604 0.524396 
 ----> turn 466 0 0.555243 0.444757 
 ----> turn 467 1 0.534586 0.465414 
 ----> turn 468 0 0.532955 0.467045 
 ----> turn 469 1 0.550084 0.449916 
 ----> turn 470 0 0.575047 0.424953 
 ----> turn 471 1 0.546715 0.453285 
 ----> turn 472 0 0.495726 0.504274 
 ----> turn 473 1 0.555043 0.444957 
 ----> turn 474 0 0.581732 0.418268 
 ----> turn 475 0 0.57064 0.42936 
 ----> turn 476 1 0.552817 0.447183 
 ----> turn 477 1 0.538095 0.461905 
 ----> turn 478 1 0.526045 0.473955 
 ----> turn 479 0 0.596961 0.403039 
 ----> turn 480 0 0.576371 0.423629 
 ----> turn 481 1 0.521119 0.478881 
 ----> turn 482 0 0.543389 0.456611 
 ----> turn 483 0 0.603709 0.396291 
 ----> turn 484 1 0.514524 0.485476 
 ----> turn 485 0 0.567001 0.432999 
 ----> turn 486 0 0.539779 0.460221 
 ----> turn 487 1 0.503059 0.496941 
 ----> turn 488 0 0.567193 0.432807 
 ----> turn 489 1 0.56509 0.43491 
 ----> turn 490 0 0.568649 0.431351 
 ----> turn 491 1 0.497784 0.502216 
 ----> turn 492 0 0.627654 0.372346 
 ----> turn 493 0 0.549652 0.450348 
 ----> turn 494 1 0.544077 0.455923 
 ----> turn 495 0 0.56995 0.43005 
 ----> turn 496 1 0.526399 0.473601 
 ----> turn 497 0 0.561037 0.438963 
 ----> turn 498 1 0.539625 0.460375 
 ----> turn 499 0 0.536297 0.463703 
 ----> turn 500 1 0.543588 0.456412 
 ----> turn 501 0 0.568129 0.431871 
 ----> turn 502 1 0.521903 0.478097 
 ----> turn 503 1 0.525606 0.474394 
 ----> turn 504 1 0.551501 0.448499 
 ----> turn 505 0 0.604924 0.395076 
 ----> turn 506 0 0.565417 0.434583 
 ----> turn 507 1 0.49626 0.50374 
 ----> turn 508 1 0.461574 0.538426 
 ----> turn 509 1 0.53373 0.46627 
 ----> turn 510 0 0.561499 0.438501 
 ----> turn 511 0 0.558589 0.441411 
 ----> turn 512 0 0.542058 0.457942 
 ----> turn 513 1 0.536704 0.463296 
 ----> turn 514 1 0.535587 0.464413 
 ----> turn 515 0 0.529211 0.470789 
 ----> turn 516 0 0.550574 0.449426 
 ----> turn 517 1 0.534076 0.465924 
 ----> turn 518 1 0.546539 0.453461 
 ----> turn 519 0 0.57281 0.42719 
 ----> turn 520 1 0.548647 0.451353 
 ----> turn 521 1 0.495448 0.504552 
 ----> turn 522 0 0.553235 0.446765 
 ----> turn 523 1 0.529987 0.470013 
 ----> turn 524 0 0.544436 0.455564 
 ----> turn 525 0 0.564993 0.435007 
 ----> turn 526 0 0.574708 0.425292 
 ----> turn 527 1 0.524466 0.475534 
 ----> turn 528 0 0.561028 0.438972 
 ----> turn 529 1 0.559198 0.440802 
 ----> turn 530 0 0.547184 0.452816 
 ----> turn 531 1 0.513514 0.486486 
 ----> turn 532 0 0.569942 0.430058 
 ----> turn 533 1 0.528827 0.471173 
 ----> turn 534 0 0.529214 0.470786 
 ----> turn 535 0 0.542217 0.457783 
 ----> turn 536 1 0.563428 0.436572 
 ----> turn 537 1 0.472058 0.527942 
 ----> turn 538 0 0.594885 0.405115 
 ----> turn 539 1 0.463288 0.536712 
 ----> turn 540 1 0.542206 0.457794 
 ----> turn 541 0 0.53829 0.46171 
 ----> turn 542 0 0.512963 0.487037 
 ----> turn 543 1 0.523188 0.476812 
 ----> turn 544 1 0.542546 0.457454 
 ----> turn 545 0 0.569869 0.430131 
 ----> turn 546 0 0.532259 0.467741 
 ----> turn 547 1 0.5457 0.4543 
 ----> turn 548 1 0.542339 0.457661 
 ----> turn 549 0 0.53964 0.46036 
 ----> turn 550 0 0.559302 0.440698 
 ----> turn 551 1 0.537013 0.462987 
 ----> turn 552 0 0.539404 0.460596 
 ----> turn 553 1 0.547587 0.452413 
 ----> turn 554 0 0.579291 0.420709 
 ----> turn 555 0 0.607413 0.392587 
 ----> turn 556 0 0.485783 0.514217 
 ----> turn 557 1 0.532317 0.467683 
 ----> turn 558 1 0.526245 0.473755 
 ----> turn 559 1 0.561966 0.438034 
 ----> turn 560 0 0.53909 0.46091 
 ----> turn 561 0 0.566586 0.433414 
 ----> turn 562 1 0.516844 0.483156 
 ----> turn 563 0 0.553728 0.446272 
 ----> turn 564 0 0.548605 0.451395 
 ----> turn 565 1 0.45915 0.54085 
 ----> turn 566 0 0.540117 0.459883 
 ----> turn 567 0 0.52086 0.47914 
 ----> turn 568 0 0.580747 0.419253 
 ----> turn 569 0 0.535562 0.464438 
 ----> turn 570 1 0.564821 0.435179 
 ----> turn 571 1 0.524592 0.475408 
 ----> turn 572 0 0.542432 0.457568 
 ----> turn 573 0 0.516216 0.483784 
 ----> turn 574 0 0.550694 0.449306 
 ----> turn 575 1 0.546612 0.453388 
 ----> turn 576 1 0.518016 0.481984 
 ----> turn 577 0 0.567928 0.432072 
 ----> turn 578 0 0.55391 0.44609 
 ----> turn 579 0 0.544403 0.455597 
 ----> turn 580 1 0.498313 0.501687 
 ----> turn 581 0 0.562745 0.437255 
 ----> turn 582 0 0.570037 0.429963 
 ----> turn 583 1 0.527985 0.472015 
 ----> turn 584 1 0.529028 0.470972 
 ----> turn 585 0 0.559104 0.440896 
 ----> turn 586 0 0.554983 0.445017 
 ----> turn 587 1 0.463175 0.536825 
 ----> turn 588 1 0.508706 0.491294 
 ----> turn 589 1 0.488391 0.511609 
 ----> turn 590 0 0.565072 0.434928 
 ----> turn 591 1 0.542386 0.457614 
 ----> turn 592 1 0.516502 0.483498 
 ----> turn 593 0 0.550454 0.449546 
 ----> turn 594 0 0.570575 0.429425 
 ----> turn 595 1 0.509818 0.490182 
 ----> turn 596 1 0.525636 0.474364 
 ----> turn 597 0 0.51863 0.48137 
 ----> turn 598 1 0.466873 0.533127 
 ----> turn 599 1 0.553159 0.446841 
 ----> turn 600 0 0.512249 0.487751 
 ----> turn 601 1 0.512932 0.487068 
 ----> turn 602 1 0.532244 0.467756 
 ----> turn 603 0 0.552179 0.447821 
 ----> turn 604 0 0.5371 0.4629 
 ----> turn 605 0 0.531182 0.468818 
 ----> turn 606 1 0.524381 0.475619 
 ----> turn 607 1 0.538136 0.461864 
 ----> turn 608 0 0.591907 0.408093 
 ----> turn 609 0 0.55549 0.44451 
 ----> turn 610 0 0.545013 0.454987 
 ----> turn 611 1 0.558405 0.441595 
 ----> turn 612 0 0.551637 0.448363 
 ----> turn 613 1 0.540801 0.459199 
 ----> turn 614 0 0.566889 0.433111 
 ----> turn 615 1 0.457393 0.542607 
 ----> turn 616 0 0.628267 0.371733 
 ----> turn 617 1 0.504298 0.495702 
 ----> turn 618 1 0.52016 0.47984 
 ----> turn 619 1 0.517384 0.482616 
 ----> turn 620 1 0.534856 0.465144 
 ----> turn 621 0 0.531776 0.468224 
 ----> turn 622 0 0.526723 0.473277 
 ----> turn 623 0 0.549254 0.450746 
 ----> turn 624 0 0.516282 0.483718 
 ----> turn 625 0 0.537228 0.462772 
 ----> turn 626 0 0.548111 0.451889 
 ----> turn 627 0 0.559486 0.440514 
 ----> turn 628 1 0.537951 0.462049 
 ----> turn 629 1 0.552961 0.447039 
 ----> turn 630 0 0.557814 0.442186 
 ----> turn 631 1 0.547949 0.452051 
 ----> turn 632 1 0.52605 0.47395 
 ----> turn 633 0 0.544999 0.455001 
 ----> turn 634 1 0.538295 0.461705 
 ----> turn 635 0 0.591771 0.408229 
 ----> turn 636 1 0.457144 0.542856 
 ----> turn 637 0 0.534615 0.465385 
 ----> turn 638 0 0.550813 0.449187 
 ----> turn 639 1 0.561957 0.438043 
 ----> turn 640 1 0.487734 0.512266 
 ----> turn 641 0 0.564324 0.435676 
 ----> turn 642 0 0.620362 0.379638 
 ----> turn 643 0 0.565703 0.434297 
 ----> turn 644 0 0.556826 0.443174 
 ----> turn 645 0 0.54256 0.45744 
 ----> turn 646 0 0.57053 0.42947 
 ----> turn 647 1 0.537535 0.462465 
 ----> turn 648 0 0.545405 0.454595 
 ----> turn 649 1 0.529775 0.470225 
 ----> turn 650 1 0.529906 0.470094 
 ----> turn 651 1 0.505385 0.494615 
 ----> turn 652 0 0.583969 0.416031 
 ----> turn 653 1 0.525641 0.474359 
 ----> turn 654 1 0.462721 0.537279 
 ----> turn 655 0 0.524329 0.475671 
 ----> turn 656 0 0.532196 0.467804 
 ----> turn 657 0 0.597063 0.402937 
 ----> turn 658 1 0.520861 0.479139 
 ----> turn 659 1 0.557332 0.442668 
 ----> turn 660 0 0.589984 0.410016 
 ----> turn 661 0 0.468604 0.531396 
 ----> turn 662 1 0.48703 0.51297 
 ----> turn 663 0 0.564809 0.435191 
 ----> turn 664 1 0.539949 0.460051 
 ----> turn 665 1 0.525406 0.474594 
 ----> turn 666 0 0.552431 0.447569 
 ----> turn 667 0 0.583889 0.416111 
 ----> turn 668 1 0.515998 0.484002 
 ----> turn 669 0 0.57888 0.42112 
 ----> turn 670 0 0.526138 0.473862 
 ----> turn 671 1 0.55056 0.44944 
 ----> turn 672 0 0.56329 0.43671 
 ----> turn 673 1 0.520582 0.479418 
 ----> turn 674 1 0.518122 0.481878 
 ----> turn 675 1 0.549576 0.450424 
 ----> turn 676 0 0.576531 0.423469 
 ----> turn 677 0 0.611698 0.388302 
 ----> turn 678 1 0.459939 0.540061 
 ----> turn 679 0 0.63646 0.36354 
 ----> turn 680 1 0.53976 0.46024 
 ----> turn 681 0 0.572846 0.427154 
 ----> turn 682 0 0.525839 0.474161 
 ----> turn 683 1 0.547179 0.452821 
 ----> turn 684 0 0.558116 0.441884 
 ----> turn 685 1 0.513872 0.486128 
 ----> turn 686 0 0.543401 0.456599 
 ----> turn 687 0 0.583672 0.416328 
 ----> turn 688 1 0.544015 0.455985 
 ----> turn 689 0 0.540376 0.459624 
 ----> turn 690 0 0.546368 0.453632 
 ----> turn 691 1 0.507441 0.492559 
 ----> turn 692 0 0.553391 0.446609 
 ----> turn 693 1 0.462595 0.537405 
 ----> turn 694 1 0.519595 0.480405 
 ----> turn 695 1 0.54019 0.45981 
 ----> turn 696 0 0.511226 0.488774 
 ----> turn 697 0 0.574934 0.425066 
 ----> turn 698 0 0.570178 0.429822 
 ----> turn 699 1 0.553654 0.446346 
 ----> turn 700 1 0.498294 0.501706 
 ----> turn 701 0 0.57069 0.42931 
 ----> turn 702 0 0.564634 0.435366 
 ----> turn 703 1 0.569957 0.430043 
 ----> turn 704 1 0.464101 0.535899 
 ----> turn 705 0 0.641333 0.358667 
 ----> turn 706 1 0.531184 0.468816 
 ----> turn 707 1 0.523147 0.476853 
 ----> turn 708 1 0.529281 0.470719 
 ----> turn 709 1 0.54945 0.45055 
 ----> turn 710 0 0.534212 0.465788 
 ----> turn 711 0 0.52957 0.47043 
 ----> turn 712 1 0.531555 0.468445 
 ----> turn 713 0 0.548472 0.451528 
 ----> turn 714 1 0.529611 0.470389 
 ----> turn 715 0 0.550678 0.449322 
 ----> turn 716 1 0.538552 0.461448 
 ----> turn 717 0 0.531494 0.468506 
 ----> turn 718 1 0.532373 0.467627 
