 ----> turn 1 1 0.542433 0.457567 
 ----> turn 2 0 0.542433 0.457567 
 ----> turn 3 1 0.549504 0.450496 
 ----> turn 4 0 0.549504 0.450496 
 ----> turn 5 0 0.549504 0.450496 
 ----> turn 6 1 0.540037 0.459963 
 ----> turn 7 0 0.547201 0.452799 
 ----> turn 8 0 0.551362 0.448638 
 ----> turn 9 1 0.532887 0.467113 
 ----> turn 10 1 0.533985 0.466015 
 ----> turn 11 0 0.530351 0.469649 
 ----> turn 12 0 0.547542 0.452458 
 ----> turn 13 0 0.508458 0.491542 
 ----> turn 14 1 0.518575 0.481425 
 ----> turn 15 0 0.503176 0.496824 
 ----> turn 16 1 0.525589 0.474411 
 ----> turn 17 1 0.541458 0.458542 
 ----> turn 18 0 0.584253 0.415747 
 ----> turn 19 1 0.543206 0.456794 
 ----> turn 20 0 0.546038 0.453962 
 ----> turn 21 0 0.537189 0.462811 
 ----> turn 22 1 0.55356 0.44644 
 ----> turn 23 0 0.488126 0.511874 
 ----> turn 24 0 0.60217 0.39783 
 ----> turn 25 1 0.47571 0.52429 
 ----> turn 26 0 0.525864 0.474136 
 ----> turn 27 1 0.622324 0.377676 
 ----> turn 28 1 0.456078 0.543922 
 ----> turn 29 0 0.584682 0.415318 
 ----> turn 30 0 0.64064 0.35936 
 ----> turn 31 0 0.568225 0.431775 
 ----> turn 32 0 0.570987 0.429013 
 ----> turn 33 1 0.574093 0.425907 
 ----> turn 34 0 0.530628 0.469372 
 ----> turn 35 1 0.445245 0.554755 
 ----> turn 36 0 0.495585 0.504415 
 ----> turn 37 0 0.562781 0.437219 
 ----> turn 38 1 0.521227 0.478773 
 ----> turn 39 1 0.473055 0.526945 
 ----> turn 40 1 0.532403 0.467597 
 ----> turn 41 0 0.551933 0.448067 
 ----> turn 42 0 0.557299 0.442701 
 ----> turn 43 0 0.556434 0.443566 
 ----> turn 44 0 0.550043 0.449957 
 ----> turn 45 1 0.516579 0.483421 
 ----> turn 46 1 0.486371 0.513629 
 ----> turn 47 0 0.60552 0.39448 
 ----> turn 48 0 0.545431 0.454569 
 ----> turn 49 1 0.54899 0.45101 
 ----> turn 50 1 0.582958 0.417042 
 ----> turn 51 1 0.519649 0.480351 
 ----> turn 52 0 0.596949 0.403051 
 ----> turn 53 1 0.5039 0.4961 
 ----> turn 54 1 0.500062 0.499938 
 ----> turn 55 0 0.556034 0.443966 
 ----> turn 56 0 0.518234 0.481766 
 ----> turn 57 1 0.495743 0.504257 
 ----> turn 58 0 0.536156 0.463844 
 ----> turn 59 1 0.558383 0.441617 
 ----> turn 60 1 0.482854 0.517146 
 ----> turn 61 0 0.570873 0.429127 
 ----> turn 62 1 0.504022 0.495978 
 ----> turn 63 0 0.564192 0.435808 
 ----> turn 64 1 0.497662 0.502338 
 ----> turn 65 0 0.510441 0.489559 
 ----> turn 66 1 0.533178 0.466822 
 ----> turn 67 0 0.582594 0.417406 
 ----> turn 68 0 0.5317 0.4683 
 ----> turn 69 1 0.504869 0.495131 
 ----> turn 70 0 0.586046 0.413954 
 ----> turn 71 0 0.56855 0.43145 
 ----> turn 72 0 0.574153 0.425847 
 ----> turn 73 1 0.551499 0.448501 
 ----> turn 74 1 0.507 0.493 
 ----> turn 75 0 0.606516 0.393484 
 ----> turn 76 0 0.526995 0.473005 
 ----> turn 77 0 0.552779 0.447221 
 ----> turn 78 1 0.49799 0.50201 
 ----> turn 79 0 0.554829 0.445171 
 ----> turn 80 1 0.497428 0.502572 
 ----> turn 81 1 0.575469 0.424531 
 ----> turn 82 1 0.480519 0.519481 
 ----> turn 83 0 0.535829 0.464171 
 ----> turn 84 1 0.51302 0.48698 
 ----> turn 85 0 0.524848 0.475152 
 ----> turn 86 0 0.587771 0.412229 
 ----> turn 87 0 0.594722 0.405278 
 ----> turn 88 0 0.592382 0.407618 
 ----> turn 89 0 0.523345 0.476655 
 ----> turn 90 1 0.53853 0.46147 
 ----> turn 91 0 0.596981 0.403019 
 ----> turn 92 1 0.513655 0.486345 
 ----> turn 93 0 0.579622 0.420378 
 ----> turn 94 1 0.472494 0.527506 
 ----> turn 95 0 0.561273 0.438727 
 ----> turn 96 1 0.538248 0.461752 
 ----> turn 97 0 0.543948 0.456052 
 ----> turn 98 0 0.607784 0.392216 
 ----> turn 99 1 0.501804 0.498196 
 ----> turn 100 0 0.530332 0.469668 
 ----> turn 101 1 0.524388 0.475612 
 ----> turn 102 1 0.548513 0.451487 
 ----> turn 103 0 0.576637 0.423363 
 ----> turn 104 0 0.501894 0.498106 
 ----> turn 105 0 0.576594 0.423406 
 ----> turn 106 0 0.523031 0.476969 
 ----> turn 107 0 0.541713 0.458287 
 ----> turn 108 1 0.515703 0.484297 
 ----> turn 109 0 0.525418 0.474582 
 ----> turn 110 0 0.549543 0.450457 
 ----> turn 111 1 0.494879 0.505121 
 ----> turn 112 0 0.614853 0.385147 
 ----> turn 113 1 0.49625 0.50375 
 ----> turn 114 0 0.604069 0.395931 
 ----> turn 115 0 0.524345 0.475655 
 ----> turn 116 1 0.607702 0.392298 
 ----> turn 117 1 0.523126 0.476874 
 ----> turn 118 0 0.663395 0.336605 
 ----> turn 119 0 0.572619 0.427381 
 ----> turn 120 0 0.517714 0.482286 
 ----> turn 121 0 0.556831 0.443169 
 ----> turn 122 0 0.521934 0.478066 
 ----> turn 123 1 0.491425 0.508575 
 ----> turn 124 1 0.504768 0.495232 
 ----> turn 125 0 0.567524 0.432476 
 ----> turn 126 1 0.520518 0.479482 
 ----> turn 127 0 0.608873 0.391127 
 ----> turn 128 1 0.496608 0.503392 
 ----> turn 129 0 0.555548 0.444452 
 ----> turn 130 0 0.582825 0.417175 
 ----> turn 131 0 0.537354 0.462646 
 ----> turn 132 1 0.462986 0.537014 
 ----> turn 133 0 0.569873 0.430127 
 ----> turn 134 1 0.539814 0.460186 
 ----> turn 135 1 0.518902 0.481098 
 ----> turn 136 0 0.588507 0.411493 
 ----> turn 137 0 0.456451 0.543549 
 ----> turn 138 0 0.565575 0.434425 
 ----> turn 139 0 0.526391 0.473609 
 ----> turn 140 0 0.564969 0.435031 
 ----> turn 141 1 0.48658 0.51342 
 ----> turn 142 0 0.595808 0.404192 
 ----> turn 143 1 0.487235 0.512765 
 ----> turn 144 0 0.576137 0.423863 
 ----> turn 145 0 0.618877 0.381123 
 ----> turn 146 1 0.491379 0.508621 
 ----> turn 147 0 0.605389 0.394611 
 ----> turn 148 1 0.486234 0.513766 
 ----> turn 149 1 0.516797 0.483203 
 ----> turn 150 0 0.609514 0.390486 
 ----> turn 151 0 0.534761 0.465239 
 ----> turn 152 0 0.591343 0.408657 
 ----> turn 153 0 0.533636 0.466364 
 ----> turn 154 1 0.502905 0.497095 
 ----> turn 155 0 0.636043 0.363957 
 ----> turn 156 1 0.499513 0.500487 
 ----> turn 157 1 0.572463 0.427537 
 ----> turn 158 0 0.533159 0.466841 
 ----> turn 159 0 0.542463 0.457537 
 ----> turn 160 0 0.54669 0.45331 
 ----> turn 161 0 0.569101 0.430899 
 ----> turn 162 0 0.625087 0.374913 
 ----> turn 163 1 0.509113 0.490887 
 ----> turn 164 0 0.578979 0.421021 
 ----> turn 165 1 0.471209 0.528791 
 ----> turn 166 0 0.570108 0.429892 
 ----> turn 167 1 0.477197 0.522803 
 ----> turn 168 0 0.644288 0.355712 
 ----> turn 169 1 0.45597 0.54403 
 ----> turn 170 1 0.507601 0.492399 
 ----> turn 171 1 0.580213 0.419787 
 ----> turn 172 0 0.540618 0.459382 
 ----> turn 173 1 0.526231 0.473769 
 ----> turn 174 0 0.607506 0.392494 
 ----> turn 175 1 0.472825 0.527175 
 ----> turn 176 0 0.49782 0.50218 
 ----> turn 177 0 0.612548 0.387452 
 ----> turn 178 0 0.581706 0.418294 
 ----> turn 179 1 0.511483 0.488517 
 ----> turn 180 1 0.548051 0.451949 
 ----> turn 181 1 0.507227 0.492773 
 ----> turn 182 1 0.507875 0.492125 
 ----> turn 183 0 0.581121 0.418879 
 ----> turn 184 1 0.504194 0.495806 
 ----> turn 185 0 0.610475 0.389525 
 ----> turn 186 0 0.531923 0.468077 
 ----> turn 187 0 0.673635 0.326365 
 ----> turn 188 0 0.644163 0.355837 
 ----> turn 189 1 0.48812 0.51188 
 ----> turn 190 0 0.568563 0.431437 
 ----> turn 191 0 0.566702 0.433298 
 ----> turn 192 1 0.515997 0.484003 
 ----> turn 193 0 0.53517 0.46483 
 ----> turn 194 0 0.607205 0.392795 
 ----> turn 195 1 0.521936 0.478064 
 ----> turn 196 1 0.560414 0.439586 
 ----> turn 197 0 0.529124 0.470876 
 ----> turn 198 1 0.440065 0.559935 
 ----> turn 199 0 0.682935 0.317065 
 ----> turn 200 0 0.616828 0.383172 
 ----> turn 201 1 0.549555 0.450445 
 ----> turn 202 1 0.513038 0.486962 
 ----> turn 203 0 0.509321 0.490679 
 ----> turn 204 1 0.577485 0.422515 
 ----> turn 205 0 0.555093 0.444907 
 ----> turn 206 1 0.545556 0.454444 
 ----> turn 207 1 0.539448 0.460552 
 ----> turn 208 0 0.574424 0.425576 
 ----> turn 209 0 0.502714 0.497286 
 ----> turn 210 1 0.574166 0.425834 
 ----> turn 211 0 0.634911 0.365089 
 ----> turn 212 1 0.534825 0.465175 
 ----> turn 213 0 0.561688 0.438312 
 ----> turn 214 0 0.565839 0.434161 
 ----> turn 215 1 0.542868 0.457132 
 ----> turn 216 0 0.615056 0.384944 
 ----> turn 217 1 0.503456 0.496544 
 ----> turn 218 1 0.547221 0.452779 
 ----> turn 219 0 0.504767 0.495233 
 ----> turn 220 1 0.582668 0.417332 
 ----> turn 221 1 0.497688 0.502312 
 ----> turn 222 1 0.522149 0.477851 
 ----> turn 223 0 0.554883 0.445117 
 ----> turn 224 0 0.557118 0.442882 
 ----> turn 225 1 0.528323 0.471677 
 ----> turn 226 0 0.512024 0.487976 
 ----> turn 227 0 0.634231 0.365769 
 ----> turn 228 0 0.566397 0.433603 
 ----> turn 229 0 0.561723 0.438277 
 ----> turn 230 1 0.556087 0.443913 
 ----> turn 231 1 0.564798 0.435202 
 ----> turn 232 0 0.50873 0.49127 
 ----> turn 233 0 0.602034 0.397966 
 ----> turn 234 1 0.527109 0.472891 
 ----> turn 235 1 0.424099 0.575901 
 ----> turn 236 1 0.536274 0.463726 
 ----> turn 237 0 0.552001 0.447999 
 ----> turn 238 1 0.537867 0.462133 
 ----> turn 239 0 0.561046 0.438954 
 ----> turn 240 1 0.541724 0.458276 
 ----> turn 241 0 0.503976 0.496024 
 ----> turn 242 1 0.543545 0.456455 
 ----> turn 243 0 0.546751 0.453249 
 ----> turn 244 1 0.590997 0.409003 
 ----> turn 245 0 0.50811 0.49189 
 ----> turn 246 1 0.562767 0.437233 
 ----> turn 247 0 0.636843 0.363157 
 ----> turn 248 0 0.557302 0.442698 
 ----> turn 249 1 0.498272 0.501728 
 ----> turn 250 1 0.52219 0.47781 
 ----> turn 251 1 0.540714 0.459286 
 ----> turn 252 0 0.562788 0.437212 
 ----> turn 253 1 0.521414 0.478586 
 ----> turn 254 0 0.596678 0.403322 
 ----> turn 255 0 0.541682 0.458318 
 ----> turn 256 0 0.635379 0.364621 
 ----> turn 257 1 0.467646 0.532354 
 ----> turn 258 0 0.522423 0.477577 
 ----> turn 259 0 0.568391 0.431609 
 ----> turn 260 1 0.520147 0.479853 
 ----> turn 261 1 0.537811 0.462189 
 ----> turn 262 1 0.531159 0.468841 
 ----> turn 263 0 0.598667 0.401333 
 ----> turn 264 1 0.482529 0.517471 
 ----> turn 265 1 0.494862 0.505138 
 ----> turn 266 0 0.525463 0.474537 
 ----> turn 267 1 0.566225 0.433775 
 ----> turn 268 0 0.502214 0.497786 
 ----> turn 269 0 0.583495 0.416505 
 ----> turn 270 0 0.61625 0.38375 
 ----> turn 271 1 0.472729 0.527271 
 ----> turn 272 0 0.622382 0.377618 
 ----> turn 273 1 0.48448 0.51552 
 ----> turn 274 0 0.624583 0.375417 
 ----> turn 275 1 0.444959 0.555041 
 ----> turn 276 0 0.5561 0.4439 
 ----> turn 277 0 0.509015 0.490985 
 ----> turn 278 0 0.514098 0.485902 
 ----> turn 279 1 0.50579 0.49421 
 ----> turn 280 0 0.614592 0.385408 
 ----> turn 281 0 0.554799 0.445201 
 ----> turn 282 1 0.459487 0.540513 
 ----> turn 283 0 0.563494 0.436506 
 ----> turn 284 0 0.551977 0.448023 
 ----> turn 285 0 0.554338 0.445662 
 ----> turn 286 1 0.50945 0.49055 
 ----> turn 287 1 0.504502 0.495498 
 ----> turn 288 1 0.544305 0.455695 
 ----> turn 289 0 0.555282 0.444718 
 ----> turn 290 0 0.572903 0.427097 
 ----> turn 291 1 0.518463 0.481537 
 ----> turn 292 0 0.570963 0.429037 
 ----> turn 293 1 0.581366 0.418634 
 ----> turn 294 1 0.486173 0.513827 
 ----> turn 295 0 0.630593 0.369407 
 ----> turn 296 1 0.534177 0.465823 
 ----> turn 297 0 0.530847 0.469153 
 ----> turn 298 1 0.472365 0.527635 
 ----> turn 299 0 0.558195 0.441805 
 ----> turn 300 0 0.548072 0.451928 
 ----> turn 301 0 0.561769 0.438231 
 ----> turn 302 1 0.456098 0.543902 
 ----> turn 303 1 0.479317 0.520683 
 ----> turn 304 0 0.587604 0.412396 
 ----> turn 305 1 0.415612 0.584388 
 ----> turn 306 0 0.59812 0.40188 
 ----> turn 307 0 0.526628 0.473372 
 ----> turn 308 1 0.540313 0.459687 
 ----> turn 309 0 0.559207 0.440793 
 ----> turn 310 1 0.56071 0.43929 
 ----> turn 311 0 0.532316 0.467684 
 ----> turn 312 1 0.519706 0.480294 
 ----> turn 313 0 0.551992 0.448008 
 ----> turn 314 0 0.572695 0.427305 
 ----> turn 315 0 0.56394 0.43606 
 ----> turn 316 1 0.500229 0.499771 
 ----> turn 317 1 0.563951 0.436049 
 ----> turn 318 0 0.530112 0.469888 
 ----> turn 319 1 0.602706 0.397294 
 ----> turn 320 1 0.58984 0.41016 
 ----> turn 321 1 0.540346 0.459654 
 ----> turn 322 0 0.555241 0.444759 
 ----> turn 323 0 0.59514 0.40486 
 ----> turn 324 1 0.542675 0.457325 
 ----> turn 325 0 0.591746 0.408254 
 ----> turn 326 0 0.528326 0.471674 
 ----> turn 327 1 0.525879 0.474121 
 ----> turn 328 0 0.568754 0.431246 
 ----> turn 329 0 0.513695 0.486305 
 ----> turn 330 1 0.571774 0.428226 
 ----> turn 331 0 0.503749 0.496251 
 ----> turn 332 0 0.573962 0.426038 
 ----> turn 333 1 0.52583 0.47417 
 ----> turn 334 1 0.543015 0.456985 
 ----> turn 335 0 0.604978 0.395022 
 ----> turn 336 1 0.484475 0.515525 
 ----> turn 337 0 0.660371 0.339629 
 ----> turn 338 1 0.466032 0.533968 
 ----> turn 339 0 0.627931 0.372069 
 ----> turn 340 1 0.490448 0.509552 
 ----> turn 341 0 0.576804 0.423196 
 ----> turn 342 1 0.524943 0.475057 
 ----> turn 343 0 0.515612 0.484388 
 ----> turn 344 0 0.522782 0.477218 
 ----> turn 345 0 0.578971 0.421029 
 ----> turn 346 1 0.449589 0.550411 
 ----> turn 347 0 0.57811 0.42189 
 ----> turn 348 0 0.552926 0.447074 
 ----> turn 349 1 0.543075 0.456925 
 ----> turn 350 1 0.560368 0.439632 
 ----> turn 351 0 0.521406 0.478594 
 ----> turn 352 0 0.562588 0.437412 
 ----> turn 353 1 0.482378 0.517622 
 ----> turn 354 0 0.564348 0.435652 
 ----> turn 355 1 0.462703 0.537297 
 ----> turn 356 1 0.518616 0.481384 
 ----> turn 357 1 0.56878 0.43122 
 ----> turn 358 0 0.584854 0.415146 
 ----> turn 359 0 0.499299 0.500701 
 ----> turn 360 1 0.595512 0.404488 
 ----> turn 361 1 0.525326 0.474674 
 ----> turn 362 0 0.532778 0.467222 
 ----> turn 363 0 0.554841 0.445159 
 ----> turn 364 0 0.575621 0.424379 
 ----> turn 365 0 0.568377 0.431623 
 ----> turn 366 1 0.551914 0.448086 
 ----> turn 367 0 0.541525 0.458475 
 ----> turn 368 0 0.565106 0.434894 
 ----> turn 369 0 0.483624 0.516376 
 ----> turn 370 1 0.518374 0.481626 
 ----> turn 371 0 0.595023 0.404977 
 ----> turn 372 1 0.509401 0.490599 
 ----> turn 373 0 0.609753 0.390247 
 ----> turn 374 0 0.564122 0.435878 
 ----> turn 375 1 0.397722 0.602278 
 ----> turn 376 0 0.508666 0.491334 
 ----> turn 377 1 0.568564 0.431436 
 ----> turn 378 1 0.533529 0.466471 
 ----> turn 379 0 0.619766 0.380234 
 ----> turn 380 0 0.59281 0.40719 
 ----> turn 381 1 0.561215 0.438785 
 ----> turn 382 1 0.53457 0.46543 
 ----> turn 383 1 0.487805 0.512195 
 ----> turn 384 0 0.554261 0.445739 
 ----> turn 385 1 0.498976 0.501024 
 ----> turn 386 0 0.523842 0.476158 
 ----> turn 387 1 0.555153 0.444847 
 ----> turn 388 1 0.496051 0.503949 
 ----> turn 389 0 0.537692 0.462308 
 ----> turn 390 0 0.528013 0.471987 
 ----> turn 391 0 0.600855 0.399145 
 ----> turn 392 1 0.471792 0.528208 
 ----> turn 393 1 0.560541 0.439459 
 ----> turn 394 1 0.592285 0.407715 
 ----> turn 395 0 0.479528 0.520472 
 ----> turn 396 0 0.609146 0.390854 
 ----> turn 397 0 0.579945 0.420055 
 ----> turn 398 1 0.537745 0.462255 
 ----> turn 399 1 0.520208 0.479792 
 ----> turn 400 1 0.526292 0.473708 
 ----> turn 401 0 0.571389 0.428611 
 ----> turn 402 0 0.573263 0.426737 
 ----> turn 403 0 0.546457 0.453543 
 ----> turn 404 1 0.561798 0.438202 
 ----> turn 405 1 0.544517 0.455483 
 ----> turn 406 1 0.525033 0.474967 
 ----> turn 407 1 0.484045 0.515955 
 ----> turn 408 0 0.563492 0.436508 
 ----> turn 409 0 0.568428 0.431572 
 ----> turn 410 0 0.630212 0.369788 
 ----> turn 411 0 0.567029 0.432971 
 ----> turn 412 1 0.517832 0.482168 
 ----> turn 413 1 0.484149 0.515851 
 ----> turn 414 0 0.560622 0.439378 
 ----> turn 415 1 0.499186 0.500814 
 ----> turn 416 0 0.585554 0.414446 
 ----> turn 417 0 0.497808 0.502192 
 ----> turn 418 1 0.579525 0.420475 
 ----> turn 419 1 0.471775 0.528225 
 ----> turn 420 1 0.492163 0.507837 
 ----> turn 421 0 0.6048 0.3952 
 ----> turn 422 0 0.495041 0.504959 
 ----> turn 423 1 0.471913 0.528087 
 ----> turn 424 0 0.548789 0.451211 
 ----> turn 425 0 0.57807 0.42193 
 ----> turn 426 1 0.519294 0.480706 
 ----> turn 427 0 0.54577 0.45423 
 ----> turn 428 0 0.547627 0.452373 
 ----> turn 429 0 0.609733 0.390267 
 ----> turn 430 0 0.570143 0.429857 
 ----> turn 431 1 0.457237 0.542763 
 ----> turn 432 1 0.544647 0.455353 
 ----> turn 433 1 0.505974 0.494026 
 ----> turn 434 0 0.562005 0.437995 
 ----> turn 435 1 0.554377 0.445623 
 ----> turn 436 0 0.568917 0.431083 
 ----> turn 437 0 0.490619 0.509381 
 ----> turn 438 0 0.528269 0.471731 
 ----> turn 439 0 0.546161 0.453839 
 ----> turn 440 1 0.470863 0.529137 
 ----> turn 441 0 0.521279 0.478721 
 ----> turn 442 1 0.531104 0.468896 
 ----> turn 443 1 0.509313 0.490687 
 ----> turn 444 0 0.587057 0.412943 
 ----> turn 445 1 0.483871 0.516129 
 ----> turn 446 0 0.552273 0.447727 
 ----> turn 447 0 0.582518 0.417482 
 ----> turn 448 1 0.416601 0.583399 
 ----> turn 449 1 0.515884 0.484116 
 ----> turn 450 0 0.578529 0.421471 
 ----> turn 451 0 0.607866 0.392134 
 ----> turn 452 1 0.471022 0.528978 
 ----> turn 453 0 0.589176 0.410824 
 ----> turn 454 1 0.50606 0.49394 
 ----> turn 455 0 0.580454 0.419546 
 ----> turn 456 0 0.562036 0.437964 
 ----> turn 457 0 0.564316 0.435684 
 ----> turn 458 1 0.502985 0.497015 
 ----> turn 459 0 0.551131 0.448869 
 ----> turn 460 1 0.539723 0.460277 
 ----> turn 461 1 0.50831 0.49169 
 ----> turn 462 0 0.575265 0.424735 
 ----> turn 463 1 0.531902 0.468098 
 ----> turn 464 0 0.561066 0.438934 
 ----> turn 465 1 0.532568 0.467432 
 ----> turn 466 0 0.519306 0.480694 
 ----> turn 467 1 0.509434 0.490566 
 ----> turn 468 0 0.604937 0.395063 
 ----> turn 469 1 0.475538 0.524462 
 ----> turn 470 0 0.638478 0.361522 
 ----> turn 471 1 0.52141 0.47859 
 ----> turn 472 0 0.586966 0.413034 
 ----> turn 473 1 0.556943 0.443057 
 ----> turn 474 0 0.603742 0.396258 
 ----> turn 475 0 0.589695 0.410305 
 ----> turn 476 1 0.498467 0.501533 
 ----> turn 477 1 0.555064 0.444936 
 ----> turn 478 1 0.52428 0.47572 
 ----> turn 479 0 0.543644 0.456356 
 ----> turn 480 0 0.542242 0.457758 
 ----> turn 481 1 0.519588 0.480412 
 ----> turn 482 0 0.567251 0.432749 
 ----> turn 483 0 0.555866 0.444134 
 ----> turn 484 1 0.486164 0.513836 
 ----> turn 485 0 0.568756 0.431244 
 ----> turn 486 0 0.554107 0.445893 
 ----> turn 487 1 0.481049 0.518951 
 ----> turn 488 0 0.565645 0.434355 
 ----> turn 489 1 0.515556 0.484444 
 ----> turn 490 0 0.533457 0.466543 
 ----> turn 491 1 0.582604 0.417396 
 ----> turn 492 0 0.521632 0.478368 
 ----> turn 493 0 0.510834 0.489166 
 ----> turn 494 1 0.53856 0.46144 
 ----> turn 495 0 0.556734 0.443266 
 ----> turn 496 1 0.49566 0.50434 
 ----> turn 497 0 0.577095 0.422905 
 ----> turn 498 1 0.510894 0.489106 
 ----> turn 499 0 0.539455 0.460545 
 ----> turn 500 1 0.544245 0.455755 
 ----> turn 501 0 0.488262 0.511738 
 ----> turn 502 1 0.566806 0.433194 
 ----> turn 503 1 0.583123 0.416877 
 ----> turn 504 1 0.496485 0.503515 
 ----> turn 505 0 0.631954 0.368046 
 ----> turn 506 0 0.527144 0.472856 
 ----> turn 507 1 0.553336 0.446664 
 ----> turn 508 1 0.554358 0.445642 
 ----> turn 509 1 0.5203 0.4797 
 ----> turn 510 0 0.517099 0.482901 
 ----> turn 511 0 0.619705 0.380295 
 ----> turn 512 0 0.460547 0.539453 
 ----> turn 513 1 0.503586 0.496414 
 ----> turn 514 1 0.560967 0.439033 
 ----> turn 515 0 0.559607 0.440393 
 ----> turn 516 0 0.527371 0.472629 
 ----> turn 517 1 0.587807 0.412193 
 ----> turn 518 1 0.483458 0.516542 
 ----> turn 519 0 0.590602 0.409398 
 ----> turn 520 1 0.537126 0.462874 
 ----> turn 521 1 0.568396 0.431604 
 ----> turn 522 0 0.520988 0.479012 
 ----> turn 523 1 0.531911 0.468089 
 ----> turn 524 0 0.563944 0.436056 
 ----> turn 525 0 0.515569 0.484431 
 ----> turn 526 0 0.53101 0.46899 
 ----> turn 527 1 0.574815 0.425185 
 ----> turn 528 0 0.606583 0.393417 
 ----> turn 529 1 0.509836 0.490164 
 ----> turn 530 0 0.594352 0.405648 
 ----> turn 531 1 0.514447 0.485553 
 ----> turn 532 0 0.5584 0.4416 
 ----> turn 533 1 0.471489 0.528511 
 ----> turn 534 0 0.524784 0.475216 
 ----> turn 535 0 0.610324 0.389676 
 ----> turn 536 1 0.500254 0.499746 
 ----> turn 537 1 0.576259 0.423741 
 ----> turn 538 0 0.545735 0.454265 
 ----> turn 539 1 0.563875 0.436125 
 ----> turn 540 1 0.485255 0.514745 
 ----> turn 541 0 0.577504 0.422496 
 ----> turn 542 0 0.542936 0.457064 
 ----> turn 543 1 0.512197 0.487803 
 ----> turn 544 1 0.553671 0.446329 
 ----> turn 545 0 0.547157 0.452843 
 ----> turn 546 0 0.582069 0.417931 
 ----> turn 547 1 0.542004 0.457996 
 ----> turn 548 1 0.511974 0.488026 
 ----> turn 549 0 0.532016 0.467984 
 ----> turn 550 0 0.596942 0.403058 
 ----> turn 551 1 0.528415 0.471585 
 ----> turn 552 0 0.512423 0.487577 
 ----> turn 553 1 0.611388 0.388612 
 ----> turn 554 0 0.532469 0.467531 
 ----> turn 555 0 0.596705 0.403295 
 ----> turn 556 0 0.52968 0.47032 
 ----> turn 557 1 0.522194 0.477806 
 ----> turn 558 1 0.541542 0.458458 
 ----> turn 559 1 0.568371 0.431629 
 ----> turn 560 0 0.544426 0.455574 
 ----> turn 561 0 0.522683 0.477317 
 ----> turn 562 1 0.519205 0.480795 
 ----> turn 563 0 0.520438 0.479562 
 ----> turn 564 0 0.551407 0.448593 
 ----> turn 565 1 0.519878 0.480122 
 ----> turn 566 0 0.575198 0.424802 
 ----> turn 567 0 0.610805 0.389195 
 ----> turn 568 0 0.518778 0.481222 
 ----> turn 569 0 0.624671 0.375329 
 ----> turn 570 1 0.536637 0.463363 
 ----> turn 571 1 0.565775 0.434225 
 ----> turn 572 0 0.515929 0.484071 
 ----> turn 573 0 0.555172 0.444828 
 ----> turn 574 0 0.622584 0.377416 
 ----> turn 575 1 0.561051 0.438949 
 ----> turn 576 1 0.467469 0.532531 
 ----> turn 577 0 0.591778 0.408222 
 ----> turn 578 0 0.554423 0.445577 
 ----> turn 579 0 0.582175 0.417825 
 ----> turn 580 1 0.530425 0.469575 
 ----> turn 581 0 0.592992 0.407008 
 ----> turn 582 0 0.564986 0.435014 
 ----> turn 583 1 0.511891 0.488109 
 ----> turn 584 1 0.536238 0.463762 
 ----> turn 585 0 0.503213 0.496787 
 ----> turn 586 0 0.554 0.446 
 ----> turn 587 1 0.534055 0.465945 
 ----> turn 588 1 0.550695 0.449305 
 ----> turn 589 1 0.488038 0.511962 
 ----> turn 590 0 0.473894 0.526106 
 ----> turn 591 1 0.585256 0.414744 
 ----> turn 592 1 0.509554 0.490446 
 ----> turn 593 0 0.543968 0.456032 
 ----> turn 594 0 0.522997 0.477003 
 ----> turn 595 1 0.529779 0.470221 
 ----> turn 596 1 0.515542 0.484458 
 ----> turn 597 0 0.542515 0.457485 
 ----> turn 598 1 0.513015 0.486985 
 ----> turn 599 1 0.515529 0.484471 
 ----> turn 600 0 0.605798 0.394202 
 ----> turn 601 1 0.495258 0.504742 
 ----> turn 602 1 0.551349 0.448651 
 ----> turn 603 0 0.51249 0.48751 
 ----> turn 604 0 0.594357 0.405643 
 ----> turn 605 0 0.520255 0.479745 
 ----> turn 606 1 0.470813 0.529187 
 ----> turn 607 1 0.569785 0.430215 
 ----> turn 608 0 0.527707 0.472293 
 ----> turn 609 0 0.541063 0.458937 
 ----> turn 610 0 0.604829 0.395171 
 ----> turn 611 1 0.501915 0.498085 
 ----> turn 612 0 0.622707 0.377293 
 ----> turn 613 1 0.520672 0.479328 
 ----> turn 614 0 0.604018 0.395982 
 ----> turn 615 1 0.491363 0.508637 
 ----> turn 616 0 0.541637 0.458363 
 ----> turn 617 1 0.494329 0.505671 
 ----> turn 618 1 0.480935 0.519065 
 ----> turn 619 1 0.517232 0.482768 
 ----> turn 620 1 0.535998 0.464002 
 ----> turn 621 0 0.529057 0.470943 
 ----> turn 622 0 0.619345 0.380655 
 ----> turn 623 0 0.510476 0.489524 
 ----> turn 624 0 0.684418 0.315582 
 ----> turn 625 0 0.571171 0.428829 
 ----> turn 626 0 0.548586 0.451414 
 ----> turn 627 0 0.533753 0.466247 
 ----> turn 628 1 0.596648 0.403352 
 ----> turn 629 1 0.516309 0.483691 
 ----> turn 630 0 0.598008 0.401992 
 ----> turn 631 1 0.497776 0.502224 
 ----> turn 632 1 0.482986 0.517014 
 ----> turn 633 0 0.619357 0.380643 
 ----> turn 634 1 0.498912 0.501088 
 ----> turn 635 0 0.61292 0.38708 
 ----> turn 636 1 0.505914 0.494086 
 ----> turn 637 0 0.545548 0.454452 
 ----> turn 638 0 0.53384 0.46616 
 ----> turn 639 1 0.522075 0.477925 
 ----> turn 640 1 0.527535 0.472465 
 ----> turn 641 0 0.578379 0.421621 
 ----> turn 642 0 0.487179 0.512821 
 ----> turn 643 0 0.636583 0.363417 
 ----> turn 644 0 0.522611 0.477389 
 ----> turn 645 0 0.55919 0.44081 
 ----> turn 646 0 0.462019 0.537981 
 ----> turn 647 1 0.521546 0.478454 
 ----> turn 648 0 0.563546 0.436454 
 ----> turn 649 1 0.54232 0.45768 
 ----> turn 650 1 0.489402 0.510598 
 ----> turn 651 1 0.552083 0.447917 
 ----> turn 652 0 0.604442 0.395558 
 ----> turn 653 1 0.474942 0.525058 
 ----> turn 654 1 0.612176 0.387824 
 ----> turn 655 0 0.578429 0.421571 
 ----> turn 656 0 0.535605 0.464395 
 ----> turn 657 0 0.616479 0.383521 
 ----> turn 658 1 0.464539 0.535461 
 ----> turn 659 1 0.532931 0.467069 
 ----> turn 660 0 0.563307 0.436693 
 ----> turn 661 0 0.544036 0.455964 
 ----> turn 662 1 0.496936 0.503064 
 ----> turn 663 0 0.631903 0.368097 
 ----> turn 664 1 0.485848 0.514152 
 ----> turn 665 1 0.613965 0.386035 
 ----> turn 666 0 0.574371 0.425629 
 ----> turn 667 0 0.586221 0.413779 
 ----> turn 668 1 0.524515 0.475485 
 ----> turn 669 0 0.533119 0.466881 
 ----> turn 670 0 0.571966 0.428034 
 ----> turn 671 1 0.49827 0.50173 
 ----> turn 672 0 0.533231 0.466769 
 ----> turn 673 1 0.507993 0.492007 
 ----> turn 674 1 0.502091 0.497909 
 ----> turn 675 1 0.58762 0.41238 
 ----> turn 676 0 0.531009 0.468991 
 ----> turn 677 0 0.570981 0.429019 
 ----> turn 678 1 0.541763 0.458237 
 ----> turn 679 0 0.574765 0.425235 
 ----> turn 680 1 0.53618 0.46382 
 ----> turn 681 0 0.528062 0.471938 
 ----> turn 682 0 0.553617 0.446383 
 ----> turn 683 1 0.529357 0.470643 
 ----> turn 684 0 0.540046 0.459954 
 ----> turn 685 1 0.499072 0.500928 
 ----> turn 686 0 0.574589 0.425411 
 ----> turn 687 0 0.581734 0.418266 
 ----> turn 688 1 0.498558 0.501442 
 ----> turn 689 0 0.635029 0.364971 
 ----> turn 690 0 0.538729 0.461271 
 ----> turn 691 1 0.562513 0.437487 
 ----> turn 692 0 0.584113 0.415887 
 ----> turn 693 1 0.515751 0.484249 
 ----> turn 694 1 0.506338 0.493662 
 ----> turn 695 1 0.5858 0.4142 
 ----> turn 696 0 0.508238 0.491762 
 ----> turn 697 0 0.586215 0.413785 
 ----> turn 698 0 0.520541 0.479459 
 ----> turn 699 1 0.515232 0.484768 
 ----> turn 700 1 0.588551 0.411449 
 ----> turn 701 0 0.565534 0.434466 
 ----> turn 702 0 0.490902 0.509098 
 ----> turn 703 1 0.529935 0.470065 
 ----> turn 704 1 0.529088 0.470912 
 ----> turn 705 0 0.592442 0.407558 
 ----> turn 706 1 0.479784 0.520216 
 ----> turn 707 1 0.547563 0.452437 
 ----> turn 708 1 0.527471 0.472529 
 ----> turn 709 1 0.41726 0.58274 
 ----> turn 710 0 0.522119 0.477881 
 ----> turn 711 0 0.626996 0.373004 
 ----> turn 712 1 0.508587 0.491413 
 ----> turn 713 0 0.588369 0.411631 
 ----> turn 714 1 0.543943 0.456057 
 ----> turn 715 0 0.533921 0.466079 
 ----> turn 716 1 0.576464 0.423536 
 ----> turn 717 0 0.530505 0.469495 
 ----> turn 718 1 0.582 0.418 
