 ----> turn 1 1 0.542069 0.457931 
 ----> turn 2 0 0.538702 0.461298 
 ----> turn 3 1 0.629692 0.370308 
 ----> turn 4 0 0.549609 0.450391 
 ----> turn 5 0 0.652446 0.347554 
 ----> turn 6 1 0.502435 0.497565 
 ----> turn 7 0 0.711555 0.288445 
 ----> turn 8 0 0.425391 0.574609 
 ----> turn 9 1 0.596061 0.403939 
 ----> turn 10 1 0.495107 0.504893 
 ----> turn 11 0 0.512834 0.487166 
 ----> turn 12 0 0.594102 0.405898 
 ----> turn 13 0 0.613575 0.386425 
 ----> turn 14 1 0.512125 0.487875 
 ----> turn 15 0 0.520253 0.479747 
 ----> turn 16 1 0.570391 0.429609 
 ----> turn 17 1 0.546974 0.453026 
 ----> turn 18 0 0.593437 0.406563 
 ----> turn 19 1 0.378684 0.621316 
 ----> turn 20 0 0.612739 0.387261 
 ----> turn 21 0 0.520751 0.479249 
 ----> turn 22 1 0.511908 0.488092 
 ----> turn 23 0 0.568617 0.431383 
 ----> turn 24 0 0.567691 0.432309 
 ----> turn 25 1 0.519356 0.480644 
 ----> turn 26 0 0.541034 0.458966 
 ----> turn 27 1 0.516913 0.483087 
 ----> turn 28 1 0.547275 0.452725 
 ----> turn 29 0 0.526544 0.473456 
 ----> turn 30 0 0.588447 0.411553 
 ----> turn 31 0 0.526692 0.473308 
 ----> turn 32 0 0.518544 0.481456 
 ----> turn 33 1 0.527397 0.472603 
 ----> turn 34 0 0.5118 0.4882 
 ----> turn 35 1 0.502302 0.497698 
 ----> turn 36 0 0.527501 0.472499 
 ----> turn 37 0 0.582009 0.417991 
 ----> turn 38 1 0.564999 0.435001 
 ----> turn 39 1 0.521005 0.478995 
 ----> turn 40 1 0.507597 0.492403 
 ----> turn 41 0 0.535561 0.464439 
 ----> turn 42 0 0.572314 0.427686 
 ----> turn 43 0 0.517336 0.482664 
 ----> turn 44 0 0.591166 0.408834 
 ----> turn 45 1 0.514521 0.485479 
 ----> turn 46 1 0.597338 0.402662 
 ----> turn 47 0 0.615168 0.384832 
 ----> turn 48 0 0.526626 0.473374 
 ----> turn 49 1 0.566038 0.433962 
 ----> turn 50 1 0.562075 0.437925 
 ----> turn 51 1 0.586449 0.413551 
 ----> turn 52 0 0.472699 0.527301 
 ----> turn 53 1 0.561765 0.438235 
 ----> turn 54 1 0.568915 0.431085 
 ----> turn 55 0 0.555049 0.444951 
 ----> turn 56 0 0.564111 0.435889 
 ----> turn 57 1 0.542658 0.457342 
 ----> turn 58 0 0.542368 0.457632 
 ----> turn 59 1 0.548377 0.451623 
 ----> turn 60 1 0.530701 0.469299 
 ----> turn 61 0 0.554348 0.445652 
 ----> turn 62 1 0.53901 0.46099 
 ----> turn 63 0 0.531527 0.468473 
 ----> turn 64 1 0.51832 0.48168 
 ----> turn 65 0 0.538309 0.461691 
 ----> turn 66 1 0.567503 0.432497 
 ----> turn 67 0 0.578518 0.421482 
 ----> turn 68 0 0.538856 0.461144 
 ----> turn 69 1 0.516771 0.483229 
 ----> turn 70 0 0.546331 0.453669 
 ----> turn 71 0 0.534188 0.465812 
 ----> turn 72 0 0.581191 0.418809 
 ----> turn 73 1 0.513905 0.486095 
 ----> turn 74 1 0.542544 0.457456 
 ----> turn 75 0 0.541026 0.458974 
 ----> turn 76 0 0.555778 0.444222 
 ----> turn 77 0 0.53745 0.46255 
 ----> turn 78 1 0.542473 0.457527 
 ----> turn 79 0 0.589898 0.410102 
 ----> turn 80 1 0.517467 0.482533 
 ----> turn 81 1 0.55369 0.44631 
 ----> turn 82 1 0.508762 0.491238 
 ----> turn 83 0 0.55442 0.44558 
 ----> turn 84 1 0.543562 0.456438 
 ----> turn 85 0 0.469155 0.530845 
 ----> turn 86 0 0.5831 0.4169 
 ----> turn 87 0 0.579875 0.420125 
 ----> turn 88 0 0.578474 0.421526 
 ----> turn 89 0 0.530197 0.469803 
 ----> turn 90 1 0.440593 0.559407 
 ----> turn 91 0 0.659933 0.340067 
 ----> turn 92 1 0.473992 0.526008 
 ----> turn 93 0 0.619149 0.380851 
 ----> turn 94 1 0.512977 0.487023 
 ----> turn 95 0 0.585314 0.414686 
 ----> turn 96 1 0.568864 0.431136 
 ----> turn 97 0 0.578047 0.421953 
 ----> turn 98 0 0.541334 0.458666 
 ----> turn 99 1 0.542716 0.457284 
 ----> turn 100 0 0.593718 0.406282 
 ----> turn 101 1 0.538988 0.461012 
 ----> turn 102 1 0.516103 0.483897 
 ----> turn 103 0 0.590892 0.409108 
 ----> turn 104 0 0.566801 0.433199 
 ----> turn 105 0 0.574027 0.425973 
 ----> turn 106 0 0.544146 0.455854 
 ----> turn 107 0 0.537856 0.462144 
 ----> turn 108 1 0.520345 0.479655 
 ----> turn 109 0 0.574833 0.425167 
 ----> turn 110 0 0.545978 0.454022 
 ----> turn 111 1 0.532143 0.467857 
 ----> turn 112 0 0.559228 0.440772 
 ----> turn 113 1 0.51946 0.48054 
 ----> turn 114 0 0.548703 0.451297 
 ----> turn 115 0 0.544403 0.455597 
 ----> turn 116 1 0.502466 0.497534 
 ----> turn 117 1 0.506574 0.493426 
 ----> turn 118 0 0.515409 0.484591 
 ----> turn 119 0 0.562235 0.437765 
 ----> turn 120 0 0.568777 0.431223 
 ----> turn 121 0 0.60984 0.39016 
 ----> turn 122 0 0.519384 0.480616 
 ----> turn 123 1 0.512804 0.487196 
 ----> turn 124 1 0.51369 0.48631 
 ----> turn 125 0 0.591622 0.408378 
 ----> turn 126 1 0.523593 0.476407 
 ----> turn 127 0 0.573165 0.426835 
 ----> turn 128 1 0.520293 0.479707 
 ----> turn 129 0 0.571308 0.428692 
 ----> turn 130 0 0.538393 0.461607 
 ----> turn 131 0 0.532574 0.467426 
 ----> turn 132 1 0.512285 0.487715 
 ----> turn 133 0 0.526296 0.473704 
 ----> turn 134 1 0.494951 0.505049 
 ----> turn 135 1 0.578565 0.421435 
 ----> turn 136 0 0.532391 0.467609 
 ----> turn 137 0 0.573695 0.426305 
 ----> turn 138 0 0.523708 0.476292 
 ----> turn 139 0 0.554146 0.445854 
 ----> turn 140 0 0.550849 0.449151 
 ----> turn 141 1 0.495653 0.504347 
 ----> turn 142 0 0.570077 0.429923 
 ----> turn 143 1 0.538953 0.461047 
 ----> turn 144 0 0.560159 0.439841 
 ----> turn 145 0 0.558243 0.441757 
 ----> turn 146 1 0.528936 0.471064 
 ----> turn 147 0 0.536928 0.463072 
 ----> turn 148 1 0.523887 0.476113 
 ----> turn 149 1 0.502034 0.497966 
 ----> turn 150 0 0.586158 0.413842 
 ----> turn 151 0 0.571713 0.428287 
 ----> turn 152 0 0.55317 0.44683 
 ----> turn 153 0 0.545694 0.454306 
 ----> turn 154 1 0.519763 0.480237 
 ----> turn 155 0 0.5667 0.4333 
 ----> turn 156 1 0.534175 0.465825 
 ----> turn 157 1 0.503935 0.496065 
 ----> turn 158 0 0.578422 0.421578 
 ----> turn 159 0 0.587261 0.412739 
 ----> turn 160 0 0.560593 0.439407 
 ----> turn 161 0 0.563124 0.436876 
 ----> turn 162 0 0.512069 0.487931 
 ----> turn 163 1 0.516301 0.483699 
 ----> turn 164 0 0.537167 0.462833 
 ----> turn 165 1 0.508601 0.491399 
 ----> turn 166 0 0.640039 0.359961 
 ----> turn 167 1 0.465627 0.534373 
 ----> turn 168 0 0.553069 0.446931 
 ----> turn 169 1 0.438992 0.561008 
 ----> turn 170 1 0.446134 0.553866 
 ----> turn 171 1 0.52345 0.47655 
 ----> turn 172 0 0.60177 0.39823 
 ----> turn 173 1 0.455653 0.544347 
 ----> turn 174 0 0.534426 0.465574 
 ----> turn 175 1 0.576819 0.423181 
 ----> turn 176 0 0.556917 0.443083 
 ----> turn 177 0 0.497457 0.502543 
 ----> turn 178 0 0.552635 0.447365 
 ----> turn 179 1 0.49993 0.50007 
 ----> turn 180 1 0.575493 0.424507 
 ----> turn 181 1 0.541646 0.458354 
 ----> turn 182 1 0.485187 0.514813 
 ----> turn 183 0 0.506212 0.493788 
 ----> turn 184 1 0.518379 0.481621 
 ----> turn 185 0 0.565573 0.434427 
 ----> turn 186 0 0.540771 0.459229 
 ----> turn 187 0 0.555425 0.444575 
 ----> turn 188 0 0.548423 0.451577 
 ----> turn 189 1 0.520092 0.479908 
 ----> turn 190 0 0.561737 0.438263 
 ----> turn 191 0 0.533786 0.466214 
 ----> turn 192 1 0.522755 0.477245 
 ----> turn 193 0 0.592236 0.407764 
 ----> turn 194 0 0.584442 0.415558 
 ----> turn 195 1 0.584139 0.415861 
 ----> turn 196 1 0.533563 0.466437 
 ----> turn 197 0 0.567515 0.432485 
 ----> turn 198 1 0.586725 0.413275 
 ----> turn 199 0 0.599286 0.400714 
 ----> turn 200 0 0.528431 0.471569 
 ----> turn 201 1 0.504249 0.495751 
 ----> turn 202 1 0.584991 0.415009 
 ----> turn 203 0 0.574352 0.425648 
 ----> turn 204 1 0.50513 0.49487 
 ----> turn 205 0 0.554762 0.445238 
 ----> turn 206 1 0.525381 0.474619 
 ----> turn 207 1 0.529747 0.470253 
 ----> turn 208 0 0.570089 0.429911 
 ----> turn 209 0 0.603254 0.396746 
 ----> turn 210 1 0.461133 0.538867 
 ----> turn 211 0 0.555908 0.444092 
 ----> turn 212 1 0.525544 0.474456 
 ----> turn 213 0 0.53961 0.46039 
 ----> turn 214 0 0.514208 0.485792 
 ----> turn 215 1 0.523728 0.476272 
 ----> turn 216 0 0.550005 0.449995 
 ----> turn 217 1 0.528464 0.471536 
 ----> turn 218 1 0.547895 0.452105 
 ----> turn 219 0 0.578585 0.421415 
 ----> turn 220 1 0.565512 0.434488 
 ----> turn 221 1 0.524173 0.475827 
 ----> turn 222 1 0.525278 0.474722 
 ----> turn 223 0 0.570898 0.429102 
 ----> turn 224 0 0.601444 0.398556 
 ----> turn 225 1 0.530109 0.469891 
 ----> turn 226 0 0.544994 0.455006 
 ----> turn 227 0 0.562924 0.437076 
 ----> turn 228 0 0.648531 0.351469 
 ----> turn 229 0 0.519015 0.480985 
 ----> turn 230 1 0.498162 0.501838 
 ----> turn 231 1 0.511824 0.488176 
 ----> turn 232 0 0.532076 0.467924 
 ----> turn 233 0 0.579931 0.420069 
 ----> turn 234 1 0.539841 0.460159 
 ----> turn 235 1 0.529884 0.470116 
 ----> turn 236 1 0.526216 0.473784 
 ----> turn 237 0 0.524835 0.475165 
 ----> turn 238 1 0.544479 0.455521 
 ----> turn 239 0 0.522794 0.477206 
 ----> turn 240 1 0.553513 0.446487 
 ----> turn 241 0 0.615922 0.384078 
 ----> turn 242 1 0.533775 0.466225 
 ----> turn 243 0 0.537142 0.462858 
 ----> turn 244 1 0.539387 0.460613 
 ----> turn 245 0 0.549949 0.450051 
 ----> turn 246 1 0.492731 0.507269 
 ----> turn 247 0 0.553842 0.446158 
 ----> turn 248 0 0.565174 0.434826 
 ----> turn 249 1 0.539758 0.460242 
 ----> turn 250 1 0.542549 0.457451 
 ----> turn 251 1 0.540058 0.459942 
 ----> turn 252 0 0.555642 0.444358 
 ----> turn 253 1 0.548203 0.451797 
 ----> turn 254 0 0.538729 0.461271 
 ----> turn 255 0 0.568297 0.431703 
 ----> turn 256 0 0.560278 0.439722 
 ----> turn 257 1 0.497044 0.502956 
 ----> turn 258 0 0.523293 0.476707 
 ----> turn 259 0 0.533476 0.466524 
 ----> turn 260 1 0.508766 0.491234 
 ----> turn 261 1 0.491011 0.508989 
 ----> turn 262 1 0.533731 0.466269 
 ----> turn 263 0 0.549109 0.450891 
 ----> turn 264 1 0.475894 0.524106 
 ----> turn 265 1 0.536978 0.463022 
 ----> turn 266 0 0.542061 0.457939 
 ----> turn 267 1 0.527896 0.472104 
 ----> turn 268 0 0.620253 0.379747 
 ----> turn 269 0 0.581775 0.418225 
 ----> turn 270 0 0.54024 0.45976 
 ----> turn 271 1 0.516567 0.483433 
 ----> turn 272 0 0.54786 0.45214 
 ----> turn 273 1 0.56415 0.43585 
 ----> turn 274 0 0.541996 0.458004 
 ----> turn 275 1 0.516522 0.483478 
 ----> turn 276 0 0.609925 0.390075 
 ----> turn 277 0 0.60936 0.39064 
 ----> turn 278 0 0.570398 0.429602 
 ----> turn 279 1 0.501833 0.498167 
 ----> turn 280 0 0.529457 0.470543 
 ----> turn 281 0 0.568633 0.431367 
 ----> turn 282 1 0.528399 0.471601 
 ----> turn 283 0 0.544716 0.455284 
 ----> turn 284 0 0.547086 0.452914 
 ----> turn 285 0 0.593161 0.406839 
 ----> turn 286 1 0.497856 0.502144 
 ----> turn 287 1 0.528054 0.471946 
 ----> turn 288 1 0.514196 0.485804 
 ----> turn 289 0 0.609406 0.390594 
 ----> turn 290 0 0.562436 0.437564 
 ----> turn 291 1 0.544838 0.455162 
 ----> turn 292 0 0.512655 0.487345 
 ----> turn 293 1 0.567474 0.432526 
 ----> turn 294 1 0.548562 0.451438 
 ----> turn 295 0 0.551146 0.448854 
 ----> turn 296 1 0.573944 0.426056 
 ----> turn 297 0 0.546625 0.453375 
 ----> turn 298 1 0.52267 0.47733 
 ----> turn 299 0 0.557326 0.442674 
 ----> turn 300 0 0.538917 0.461083 
 ----> turn 301 0 0.549911 0.450089 
 ----> turn 302 1 0.530566 0.469434 
 ----> turn 303 1 0.515031 0.484969 
 ----> turn 304 0 0.612927 0.387073 
 ----> turn 305 1 0.484606 0.515394 
 ----> turn 306 0 0.560266 0.439734 
 ----> turn 307 0 0.539939 0.460061 
 ----> turn 308 1 0.50917 0.49083 
 ----> turn 309 0 0.538211 0.461789 
 ----> turn 310 1 0.547925 0.452075 
 ----> turn 311 0 0.541001 0.458999 
 ----> turn 312 1 0.516318 0.483682 
 ----> turn 313 0 0.504375 0.495625 
 ----> turn 314 0 0.614876 0.385124 
 ----> turn 315 0 0.602602 0.397398 
 ----> turn 316 1 0.575842 0.424158 
 ----> turn 317 1 0.506213 0.493787 
 ----> turn 318 0 0.562272 0.437728 
 ----> turn 319 1 0.52146 0.47854 
 ----> turn 320 1 0.593575 0.406425 
 ----> turn 321 1 0.475618 0.524382 
 ----> turn 322 0 0.519156 0.480844 
 ----> turn 323 0 0.577707 0.422293 
 ----> turn 324 1 0.524024 0.475976 
 ----> turn 325 0 0.572874 0.427126 
 ----> turn 326 0 0.548112 0.451888 
 ----> turn 327 1 0.518484 0.481516 
 ----> turn 328 0 0.561616 0.438384 
 ----> turn 329 0 0.551112 0.448888 
 ----> turn 330 1 0.569528 0.430472 
 ----> turn 331 0 0.528971 0.471029 
 ----> turn 332 0 0.54207 0.45793 
 ----> turn 333 1 0.515153 0.484847 
 ----> turn 334 1 0.510704 0.489296 
 ----> turn 335 0 0.540425 0.459575 
 ----> turn 336 1 0.483061 0.516939 
 ----> turn 337 0 0.577673 0.422327 
 ----> turn 338 1 0.48582 0.51418 
 ----> turn 339 0 0.565007 0.434993 
 ----> turn 340 1 0.482944 0.517056 
 ----> turn 341 0 0.55168 0.44832 
 ----> turn 342 1 0.512749 0.487251 
 ----> turn 343 0 0.577377 0.422623 
 ----> turn 344 0 0.590607 0.409393 
 ----> turn 345 0 0.541225 0.458775 
 ----> turn 346 1 0.543692 0.456308 
 ----> turn 347 0 0.522878 0.477122 
 ----> turn 348 0 0.538447 0.461553 
 ----> turn 349 1 0.583069 0.416931 
 ----> turn 350 1 0.551793 0.448207 
 ----> turn 351 0 0.53884 0.46116 
 ----> turn 352 0 0.567958 0.432042 
 ----> turn 353 1 0.570014 0.429986 
 ----> turn 354 0 0.534793 0.465207 
 ----> turn 355 1 0.49469 0.50531 
 ----> turn 356 1 0.516405 0.483595 
 ----> turn 357 1 0.50743 0.49257 
 ----> turn 358 0 0.558837 0.441163 
 ----> turn 359 0 0.56649 0.43351 
 ----> turn 360 1 0.525975 0.474025 
 ----> turn 361 1 0.515661 0.484339 
 ----> turn 362 0 0.620298 0.379702 
 ----> turn 363 0 0.627068 0.372932 
 ----> turn 364 0 0.569582 0.430418 
 ----> turn 365 0 0.504611 0.495389 
 ----> turn 366 1 0.542962 0.457038 
 ----> turn 367 0 0.547844 0.452156 
 ----> turn 368 0 0.59355 0.40645 
 ----> turn 369 0 0.524647 0.475353 
 ----> turn 370 1 0.516661 0.483339 
 ----> turn 371 0 0.531756 0.468244 
 ----> turn 372 1 0.551383 0.448617 
 ----> turn 373 0 0.558086 0.441914 
 ----> turn 374 0 0.583144 0.416856 
 ----> turn 375 1 0.543109 0.456891 
 ----> turn 376 0 0.560029 0.439971 
 ----> turn 377 1 0.546506 0.453494 
 ----> turn 378 1 0.524404 0.475596 
 ----> turn 379 0 0.522198 0.477802 
 ----> turn 380 0 0.567627 0.432373 
 ----> turn 381 1 0.539249 0.460751 
 ----> turn 382 1 0.560894 0.439106 
 ----> turn 383 1 0.511136 0.488864 
 ----> turn 384 0 0.49243 0.50757 
 ----> turn 385 1 0.521593 0.478407 
 ----> turn 386 0 0.618098 0.381902 
 ----> turn 387 1 0.571111 0.428889 
 ----> turn 388 1 0.552457 0.447543 
 ----> turn 389 0 0.502787 0.497213 
 ----> turn 390 0 0.573823 0.426177 
 ----> turn 391 0 0.59611 0.40389 
 ----> turn 392 1 0.499683 0.500317 
 ----> turn 393 1 0.483655 0.516345 
 ----> turn 394 1 0.504957 0.495043 
 ----> turn 395 0 0.555985 0.444015 
 ----> turn 396 0 0.552882 0.447118 
 ----> turn 397 0 0.576763 0.423237 
 ----> turn 398 1 0.525425 0.474575 
 ----> turn 399 1 0.524002 0.475998 
 ----> turn 400 1 0.549372 0.450628 
 ----> turn 401 0 0.545205 0.454795 
 ----> turn 402 0 0.593998 0.406002 
 ----> turn 403 0 0.572557 0.427443 
 ----> turn 404 1 0.502435 0.497565 
 ----> turn 405 1 0.512762 0.487238 
 ----> turn 406 1 0.533342 0.466658 
 ----> turn 407 1 0.526431 0.473569 
 ----> turn 408 0 0.535471 0.464529 
 ----> turn 409 0 0.580655 0.419345 
 ----> turn 410 0 0.564269 0.435731 
 ----> turn 411 0 0.560814 0.439186 
 ----> turn 412 1 0.502259 0.497741 
 ----> turn 413 1 0.534707 0.465293 
 ----> turn 414 0 0.57594 0.42406 
 ----> turn 415 1 0.48724 0.51276 
 ----> turn 416 0 0.561305 0.438695 
 ----> turn 417 0 0.554263 0.445737 
 ----> turn 418 1 0.511871 0.488129 
 ----> turn 419 1 0.509424 0.490576 
 ----> turn 420 1 0.533422 0.466578 
 ----> turn 421 0 0.580754 0.419246 
 ----> turn 422 0 0.51577 0.48423 
 ----> turn 423 1 0.515784 0.484216 
 ----> turn 424 0 0.580133 0.419867 
 ----> turn 425 0 0.581221 0.418779 
 ----> turn 426 1 0.522502 0.477498 
 ----> turn 427 0 0.549364 0.450636 
 ----> turn 428 0 0.624311 0.375689 
 ----> turn 429 0 0.553634 0.446366 
 ----> turn 430 0 0.532965 0.467035 
 ----> turn 431 1 0.584759 0.415241 
 ----> turn 432 1 0.533457 0.466543 
 ----> turn 433 1 0.57022 0.42978 
 ----> turn 434 0 0.534145 0.465855 
 ----> turn 435 1 0.490745 0.509255 
 ----> turn 436 0 0.524395 0.475605 
 ----> turn 437 0 0.538384 0.461616 
 ----> turn 438 0 0.531069 0.468931 
 ----> turn 439 0 0.570454 0.429546 
 ----> turn 440 1 0.529886 0.470114 
 ----> turn 441 0 0.611429 0.388571 
 ----> turn 442 1 0.549784 0.450216 
 ----> turn 443 1 0.486693 0.513307 
 ----> turn 444 0 0.554835 0.445165 
 ----> turn 445 1 0.486929 0.513071 
 ----> turn 446 0 0.54444 0.45556 
 ----> turn 447 0 0.564021 0.435979 
 ----> turn 448 1 0.523423 0.476577 
 ----> turn 449 1 0.5398 0.4602 
 ----> turn 450 0 0.585358 0.414642 
 ----> turn 451 0 0.513386 0.486614 
 ----> turn 452 1 0.518076 0.481924 
 ----> turn 453 0 0.570246 0.429754 
 ----> turn 454 1 0.56063 0.43937 
 ----> turn 455 0 0.539589 0.460411 
 ----> turn 456 0 0.536488 0.463512 
 ----> turn 457 0 0.535942 0.464058 
 ----> turn 458 1 0.507974 0.492026 
 ----> turn 459 0 0.555778 0.444222 
 ----> turn 460 1 0.547408 0.452592 
 ----> turn 461 1 0.543273 0.456727 
 ----> turn 462 0 0.524143 0.475857 
 ----> turn 463 1 0.52314 0.47686 
 ----> turn 464 0 0.585691 0.414309 
 ----> turn 465 1 0.563967 0.436033 
 ----> turn 466 0 0.562398 0.437602 
 ----> turn 467 1 0.562191 0.437809 
 ----> turn 468 0 0.508377 0.491623 
 ----> turn 469 1 0.523614 0.476386 
 ----> turn 470 0 0.568128 0.431872 
 ----> turn 471 1 0.570815 0.429185 
 ----> turn 472 0 0.565541 0.434459 
 ----> turn 473 1 0.459862 0.540138 
 ----> turn 474 0 0.550667 0.449333 
 ----> turn 475 0 0.556669 0.443331 
 ----> turn 476 1 0.552799 0.447201 
 ----> turn 477 1 0.507721 0.492279 
 ----> turn 478 1 0.55168 0.44832 
 ----> turn 479 0 0.60129 0.39871 
 ----> turn 480 0 0.548061 0.451939 
 ----> turn 481 1 0.52992 0.47008 
 ----> turn 482 0 0.529194 0.470806 
 ----> turn 483 0 0.527714 0.472286 
 ----> turn 484 1 0.544947 0.455053 
 ----> turn 485 0 0.599476 0.400524 
 ----> turn 486 0 0.595673 0.404327 
 ----> turn 487 1 0.506865 0.493135 
 ----> turn 488 0 0.550007 0.449993 
 ----> turn 489 1 0.563305 0.436695 
 ----> turn 490 0 0.54649 0.45351 
 ----> turn 491 1 0.504262 0.495738 
 ----> turn 492 0 0.57071 0.42929 
 ----> turn 493 0 0.571937 0.428063 
 ----> turn 494 1 0.51522 0.48478 
 ----> turn 495 0 0.572936 0.427064 
 ----> turn 496 1 0.54468 0.45532 
 ----> turn 497 0 0.527697 0.472303 
 ----> turn 498 1 0.546649 0.453351 
 ----> turn 499 0 0.524398 0.475602 
 ----> turn 500 1 0.552635 0.447365 
 ----> turn 501 0 0.518495 0.481505 
 ----> turn 502 1 0.564876 0.435124 
 ----> turn 503 1 0.514721 0.485279 
 ----> turn 504 1 0.495452 0.504548 
 ----> turn 505 0 0.554714 0.445286 
 ----> turn 506 0 0.537408 0.462592 
 ----> turn 507 1 0.580366 0.419634 
 ----> turn 508 1 0.549254 0.450746 
 ----> turn 509 1 0.484044 0.515956 
 ----> turn 510 0 0.53974 0.46026 
 ----> turn 511 0 0.591768 0.408232 
 ----> turn 512 0 0.521007 0.478993 
 ----> turn 513 1 0.513606 0.486394 
 ----> turn 514 1 0.477521 0.522479 
 ----> turn 515 0 0.598549 0.401451 
 ----> turn 516 0 0.574177 0.425823 
 ----> turn 517 1 0.508164 0.491836 
 ----> turn 518 1 0.507607 0.492393 
 ----> turn 519 0 0.556163 0.443837 
 ----> turn 520 1 0.563036 0.436964 
 ----> turn 521 1 0.501083 0.498917 
 ----> turn 522 0 0.57426 0.42574 
 ----> turn 523 1 0.566667 0.433333 
 ----> turn 524 0 0.574673 0.425327 
 ----> turn 525 0 0.537747 0.462253 
 ----> turn 526 0 0.546035 0.453965 
 ----> turn 527 1 0.535792 0.464208 
 ----> turn 528 0 0.596355 0.403645 
 ----> turn 529 1 0.515568 0.484432 
 ----> turn 530 0 0.526148 0.473852 
 ----> turn 531 1 0.533908 0.466092 
 ----> turn 532 0 0.554781 0.445219 
 ----> turn 533 1 0.502342 0.497658 
 ----> turn 534 0 0.560389 0.439611 
 ----> turn 535 0 0.557896 0.442104 
 ----> turn 536 1 0.518336 0.481664 
 ----> turn 537 1 0.530368 0.469632 
 ----> turn 538 0 0.562451 0.437549 
 ----> turn 539 1 0.502238 0.497762 
 ----> turn 540 1 0.51997 0.48003 
 ----> turn 541 0 0.579276 0.420724 
 ----> turn 542 0 0.553552 0.446448 
 ----> turn 543 1 0.517134 0.482866 
 ----> turn 544 1 0.550325 0.449675 
 ----> turn 545 0 0.573607 0.426393 
 ----> turn 546 0 0.585875 0.414125 
 ----> turn 547 1 0.513033 0.486967 
 ----> turn 548 1 0.546683 0.453317 
 ----> turn 549 0 0.515875 0.484125 
 ----> turn 550 0 0.542097 0.457903 
 ----> turn 551 1 0.536472 0.463528 
 ----> turn 552 0 0.53545 0.46455 
 ----> turn 553 1 0.531561 0.468439 
 ----> turn 554 0 0.551156 0.448844 
 ----> turn 555 0 0.535093 0.464907 
 ----> turn 556 0 0.555617 0.444383 
 ----> turn 557 1 0.479286 0.520714 
 ----> turn 558 1 0.510554 0.489446 
 ----> turn 559 1 0.528176 0.471824 
 ----> turn 560 0 0.548283 0.451717 
 ----> turn 561 0 0.592003 0.407997 
 ----> turn 562 1 0.533322 0.466678 
 ----> turn 563 0 0.536709 0.463291 
 ----> turn 564 0 0.558992 0.441008 
 ----> turn 565 1 0.533775 0.466225 
 ----> turn 566 0 0.544492 0.455508 
 ----> turn 567 0 0.521691 0.478309 
 ----> turn 568 0 0.507721 0.492279 
 ----> turn 569 0 0.560813 0.439187 
 ----> turn 570 1 0.542705 0.457295 
 ----> turn 571 1 0.506407 0.493593 
 ----> turn 572 0 0.565379 0.434621 
 ----> turn 573 0 0.558539 0.441461 
 ----> turn 574 0 0.510242 0.489758 
 ----> turn 575 1 0.537178 0.462822 
 ----> turn 576 1 0.53726 0.46274 
 ----> turn 577 0 0.515117 0.484883 
 ----> turn 578 0 0.561992 0.438008 
 ----> turn 579 0 0.556828 0.443172 
 ----> turn 580 1 0.499767 0.500233 
 ----> turn 581 0 0.55091 0.44909 
 ----> turn 582 0 0.611157 0.388843 
 ----> turn 583 1 0.491088 0.508912 
 ----> turn 584 1 0.57296 0.42704 
 ----> turn 585 0 0.555955 0.444045 
 ----> turn 586 0 0.585583 0.414417 
 ----> turn 587 1 0.501741 0.498259 
 ----> turn 588 1 0.531916 0.468084 
 ----> turn 589 1 0.562483 0.437517 
 ----> turn 590 0 0.540106 0.459894 
 ----> turn 591 1 0.510038 0.489962 
 ----> turn 592 1 0.532669 0.467331 
 ----> turn 593 0 0.58528 0.41472 
 ----> turn 594 0 0.623677 0.376323 
 ----> turn 595 1 0.547928 0.452072 
 ----> turn 596 1 0.545908 0.454092 
 ----> turn 597 0 0.558161 0.441839 
 ----> turn 598 1 0.573683 0.426317 
 ----> turn 599 1 0.502407 0.497593 
 ----> turn 600 0 0.536928 0.463072 
 ----> turn 601 1 0.543715 0.456285 
 ----> turn 602 1 0.520001 0.479999 
 ----> turn 603 0 0.543629 0.456371 
 ----> turn 604 0 0.560397 0.439603 
 ----> turn 605 0 0.56941 0.43059 
 ----> turn 606 1 0.555975 0.444025 
 ----> turn 607 1 0.556592 0.443408 
 ----> turn 608 0 0.548072 0.451928 
 ----> turn 609 0 0.573479 0.426521 
 ----> turn 610 0 0.600221 0.399779 
 ----> turn 611 1 0.489728 0.510272 
 ----> turn 612 0 0.572922 0.427078 
 ----> turn 613 1 0.482652 0.517348 
 ----> turn 614 0 0.560381 0.439619 
 ----> turn 615 1 0.555697 0.444303 
 ----> turn 616 0 0.574936 0.425064 
 ----> turn 617 1 0.499863 0.500137 
 ----> turn 618 1 0.518377 0.481623 
 ----> turn 619 1 0.513424 0.486576 
 ----> turn 620 1 0.504877 0.495123 
 ----> turn 621 0 0.579144 0.420856 
 ----> turn 622 0 0.572933 0.427067 
 ----> turn 623 0 0.545591 0.454409 
 ----> turn 624 0 0.621087 0.378913 
 ----> turn 625 0 0.538788 0.461212 
 ----> turn 626 0 0.539338 0.460662 
 ----> turn 627 0 0.529394 0.470606 
 ----> turn 628 1 0.552675 0.447325 
 ----> turn 629 1 0.572056 0.427944 
 ----> turn 630 0 0.565433 0.434567 
 ----> turn 631 1 0.51629 0.48371 
 ----> turn 632 1 0.495683 0.504317 
 ----> turn 633 0 0.499276 0.500724 
 ----> turn 634 1 0.511423 0.488577 
 ----> turn 635 0 0.63507 0.36493 
 ----> turn 636 1 0.511954 0.488046 
 ----> turn 637 0 0.570442 0.429558 
 ----> turn 638 0 0.523284 0.476716 
 ----> turn 639 1 0.530155 0.469845 
 ----> turn 640 1 0.527338 0.472662 
 ----> turn 641 0 0.555978 0.444022 
 ----> turn 642 0 0.533338 0.466662 
 ----> turn 643 0 0.550423 0.449577 
 ----> turn 644 0 0.59836 0.40164 
 ----> turn 645 0 0.517317 0.482683 
 ----> turn 646 0 0.511372 0.488628 
 ----> turn 647 1 0.527283 0.472717 
 ----> turn 648 0 0.558 0.442 
 ----> turn 649 1 0.504936 0.495064 
 ----> turn 650 1 0.550545 0.449455 
 ----> turn 651 1 0.567728 0.432272 
 ----> turn 652 0 0.542566 0.457434 
 ----> turn 653 1 0.539924 0.460076 
 ----> turn 654 1 0.52518 0.47482 
 ----> turn 655 0 0.598828 0.401172 
 ----> turn 656 0 0.570244 0.429756 
 ----> turn 657 0 0.583233 0.416767 
 ----> turn 658 1 0.521825 0.478175 
 ----> turn 659 1 0.499789 0.500211 
 ----> turn 660 0 0.548678 0.451322 
 ----> turn 661 0 0.552409 0.447591 
 ----> turn 662 1 0.559157 0.440843 
 ----> turn 663 0 0.495943 0.504057 
 ----> turn 664 1 0.520403 0.479597 
 ----> turn 665 1 0.549962 0.450038 
 ----> turn 666 0 0.504792 0.495208 
 ----> turn 667 0 0.5513 0.4487 
 ----> turn 668 1 0.540531 0.459469 
 ----> turn 669 0 0.537789 0.462211 
 ----> turn 670 0 0.56297 0.43703 
 ----> turn 671 1 0.543535 0.456465 
 ----> turn 672 0 0.561888 0.438112 
 ----> turn 673 1 0.522155 0.477845 
 ----> turn 674 1 0.531648 0.468352 
 ----> turn 675 1 0.538499 0.461501 
 ----> turn 676 0 0.558379 0.441621 
 ----> turn 677 0 0.578699 0.421301 
 ----> turn 678 1 0.535447 0.464553 
 ----> turn 679 0 0.521191 0.478809 
 ----> turn 680 1 0.562494 0.437506 
 ----> turn 681 0 0.594019 0.405981 
 ----> turn 682 0 0.597902 0.402098 
 ----> turn 683 1 0.569335 0.430665 
 ----> turn 684 0 0.54107 0.45893 
 ----> turn 685 1 0.546015 0.453985 
 ----> turn 686 0 0.566221 0.433779 
 ----> turn 687 0 0.521962 0.478038 
 ----> turn 688 1 0.505166 0.494834 
 ----> turn 689 0 0.558795 0.441205 
 ----> turn 690 0 0.519935 0.480065 
 ----> turn 691 1 0.534465 0.465535 
 ----> turn 692 0 0.604562 0.395438 
 ----> turn 693 1 0.579292 0.420708 
 ----> turn 694 1 0.542778 0.457222 
 ----> turn 695 1 0.508814 0.491186 
 ----> turn 696 0 0.539593 0.460407 
 ----> turn 697 0 0.54572 0.45428 
 ----> turn 698 0 0.514744 0.485256 
 ----> turn 699 1 0.53568 0.46432 
 ----> turn 700 1 0.525716 0.474284 
 ----> turn 701 0 0.555934 0.444066 
 ----> turn 702 0 0.56625 0.43375 
 ----> turn 703 1 0.486204 0.513796 
 ----> turn 704 1 0.542795 0.457205 
 ----> turn 705 0 0.558982 0.441018 
 ----> turn 706 1 0.534447 0.465553 
 ----> turn 707 1 0.506671 0.493329 
 ----> turn 708 1 0.486203 0.513797 
 ----> turn 709 1 0.533183 0.466817 
 ----> turn 710 0 0.537166 0.462834 
 ----> turn 711 0 0.573943 0.426057 
 ----> turn 712 1 0.461459 0.538541 
 ----> turn 713 0 0.569376 0.430624 
 ----> turn 714 1 0.512664 0.487336 
 ----> turn 715 0 0.532889 0.467111 
 ----> turn 716 1 0.549086 0.450914 
 ----> turn 717 0 0.574122 0.425878 
 ----> turn 718 1 0.510146 0.489854 
