 ----> pctChg 1 0 0.72261 0.27739 
 ----> pctChg 2 0 0.780011 0.219989 
 ----> pctChg 3 0 0.727445 0.272555 
 ----> pctChg 4 0 0.829853 0.170147 
 ----> pctChg 5 1 0.755016 0.244984 
 ----> pctChg 6 1 0.724376 0.275624 
 ----> pctChg 7 0 0.783458 0.216542 
 ----> pctChg 8 0 0.744814 0.255186 
 ----> pctChg 9 0 0.735941 0.264059 
 ----> pctChg 10 0 0.726429 0.273571 
 ----> pctChg 11 1 0.738965 0.261035 
 ----> pctChg 12 0 0.76074 0.23926 
 ----> pctChg 13 0 0.700358 0.299642 
 ----> pctChg 14 1 0.71457 0.28543 
 ----> pctChg 15 0 0.7409 0.2591 
 ----> pctChg 16 1 0.743854 0.256146 
 ----> pctChg 17 0 0.771282 0.228718 
 ----> pctChg 18 0 0.750654 0.249346 
 ----> pctChg 19 0 0.740724 0.259276 
 ----> pctChg 20 0 0.762322 0.237678 
 ----> pctChg 21 1 0.736519 0.263481 
 ----> pctChg 22 0 0.727356 0.272644 
 ----> pctChg 23 0 0.732276 0.267724 
 ----> pctChg 24 0 0.759191 0.240809 
 ----> pctChg 25 0 0.747866 0.252134 
 ----> pctChg 26 0 0.74745 0.25255 
 ----> pctChg 27 1 0.760789 0.239211 
 ----> pctChg 28 0 0.768247 0.231753 
 ----> pctChg 29 0 0.783165 0.216835 
 ----> pctChg 30 1 0.721576 0.278424 
 ----> pctChg 31 0 0.740899 0.259101 
 ----> pctChg 32 0 0.746392 0.253608 
 ----> pctChg 33 0 0.741395 0.258605 
 ----> pctChg 34 0 0.721519 0.278481 
 ----> pctChg 35 1 0.751475 0.248525 
 ----> pctChg 36 0 0.779846 0.220154 
 ----> pctChg 37 0 0.740099 0.259901 
 ----> pctChg 38 1 0.763044 0.236956 
 ----> pctChg 39 1 0.760505 0.239495 
 ----> pctChg 40 0 0.721493 0.278507 
 ----> pctChg 41 0 0.736603 0.263397 
 ----> pctChg 42 0 0.783138 0.216862 
 ----> pctChg 43 0 0.737281 0.262719 
 ----> pctChg 44 0 0.759778 0.240222 
 ----> pctChg 45 0 0.735271 0.264729 
 ----> pctChg 46 0 0.755658 0.244342 
 ----> pctChg 47 0 0.723506 0.276494 
 ----> pctChg 48 0 0.777872 0.222128 
 ----> pctChg 49 1 0.742257 0.257743 
 ----> pctChg 50 1 0.729486 0.270514 
 ----> pctChg 51 0 0.757645 0.242355 
 ----> pctChg 52 0 0.772584 0.227416 
 ----> pctChg 53 0 0.742487 0.257513 
 ----> pctChg 54 1 0.737487 0.262513 
 ----> pctChg 55 1 0.755899 0.244101 
 ----> pctChg 56 0 0.763096 0.236904 
 ----> pctChg 57 1 0.747744 0.252256 
 ----> pctChg 58 0 0.752799 0.247201 
 ----> pctChg 59 0 0.767266 0.232734 
 ----> pctChg 60 0 0.786578 0.213422 
 ----> pctChg 61 0 0.725861 0.274139 
 ----> pctChg 62 0 0.763455 0.236545 
 ----> pctChg 63 0 0.770413 0.229587 
 ----> pctChg 64 1 0.7588 0.2412 
 ----> pctChg 65 0 0.756542 0.243458 
 ----> pctChg 66 1 0.718001 0.281999 
 ----> pctChg 67 0 0.765278 0.234722 
 ----> pctChg 68 0 0.739573 0.260427 
 ----> pctChg 69 0 0.748668 0.251332 
 ----> pctChg 70 0 0.768112 0.231888 
 ----> pctChg 71 0 0.744121 0.255879 
 ----> pctChg 72 0 0.750024 0.249976 
 ----> pctChg 73 0 0.769414 0.230586 
 ----> pctChg 74 0 0.7477 0.2523 
 ----> pctChg 75 1 0.739294 0.260706 
 ----> pctChg 76 0 0.764837 0.235163 
 ----> pctChg 77 0 0.7281 0.2719 
 ----> pctChg 78 0 0.757526 0.242474 
 ----> pctChg 79 0 0.744337 0.255663 
 ----> pctChg 80 0 0.747132 0.252868 
 ----> pctChg 81 1 0.75617 0.24383 
 ----> pctChg 82 0 0.761825 0.238175 
 ----> pctChg 83 0 0.741338 0.258662 
 ----> pctChg 84 0 0.746516 0.253484 
 ----> pctChg 85 0 0.762917 0.237083 
 ----> pctChg 86 1 0.725967 0.274033 
 ----> pctChg 87 0 0.765929 0.234071 
 ----> pctChg 88 1 0.745819 0.254181 
 ----> pctChg 89 0 0.73642 0.26358 
 ----> pctChg 90 1 0.717214 0.282786 
 ----> pctChg 91 1 0.713567 0.286433 
 ----> pctChg 92 0 0.757173 0.242827 
 ----> pctChg 93 1 0.715232 0.284768 
 ----> pctChg 94 0 0.740361 0.259639 
 ----> pctChg 95 0 0.75867 0.24133 
 ----> pctChg 96 1 0.741503 0.258497 
 ----> pctChg 97 0 0.755761 0.244239 
 ----> pctChg 98 1 0.70267 0.29733 
 ----> pctChg 99 0 0.769533 0.230467 
 ----> pctChg 100 0 0.762921 0.237079 
 ----> pctChg 101 0 0.744064 0.255936 
 ----> pctChg 102 0 0.780651 0.219349 
 ----> pctChg 103 1 0.767724 0.232276 
 ----> pctChg 104 0 0.764963 0.235037 
 ----> pctChg 105 0 0.793034 0.206966 
 ----> pctChg 106 0 0.729401 0.270599 
 ----> pctChg 107 0 0.769804 0.230196 
 ----> pctChg 108 0 0.768129 0.231871 
 ----> pctChg 109 0 0.774654 0.225346 
 ----> pctChg 110 0 0.748116 0.251884 
 ----> pctChg 111 0 0.745331 0.254669 
 ----> pctChg 112 0 0.776636 0.223364 
 ----> pctChg 113 0 0.754892 0.245108 
 ----> pctChg 114 0 0.720934 0.279066 
 ----> pctChg 115 0 0.772778 0.227222 
 ----> pctChg 116 1 0.754251 0.245749 
 ----> pctChg 117 0 0.778924 0.221076 
 ----> pctChg 118 0 0.769021 0.230979 
 ----> pctChg 119 0 0.73215 0.26785 
 ----> pctChg 120 0 0.753649 0.246351 
 ----> pctChg 121 1 0.73893 0.26107 
 ----> pctChg 122 0 0.741173 0.258827 
 ----> pctChg 123 0 0.738923 0.261077 
 ----> pctChg 124 0 0.807827 0.192173 
 ----> pctChg 125 1 0.703425 0.296575 
 ----> pctChg 126 0 0.708614 0.291386 
 ----> pctChg 127 1 0.72964 0.27036 
 ----> pctChg 128 0 0.74208 0.25792 
 ----> pctChg 129 0 0.772143 0.227857 
 ----> pctChg 130 0 0.757574 0.242426 
 ----> pctChg 131 0 0.755642 0.244358 
 ----> pctChg 132 0 0.761081 0.238919 
 ----> pctChg 133 0 0.795499 0.204501 
 ----> pctChg 134 0 0.762942 0.237058 
 ----> pctChg 135 1 0.744612 0.255388 
 ----> pctChg 136 0 0.804284 0.195716 
 ----> pctChg 137 1 0.758463 0.241537 
 ----> pctChg 138 0 0.723202 0.276798 
 ----> pctChg 139 1 0.766973 0.233027 
 ----> pctChg 140 0 0.774563 0.225437 
 ----> pctChg 141 0 0.76497 0.23503 
 ----> pctChg 142 1 0.739606 0.260394 
 ----> pctChg 143 0 0.789373 0.210627 
 ----> pctChg 144 0 0.745622 0.254378 
 ----> pctChg 145 0 0.777713 0.222287 
 ----> pctChg 146 1 0.73288 0.26712 
 ----> pctChg 147 1 0.70756 0.29244 
 ----> pctChg 148 0 0.793907 0.206093 
 ----> pctChg 149 0 0.713295 0.286705 
 ----> pctChg 150 1 0.746446 0.253554 
 ----> pctChg 151 0 0.778277 0.221723 
 ----> pctChg 152 0 0.78379 0.21621 
 ----> pctChg 153 1 0.717025 0.282975 
 ----> pctChg 154 0 0.795016 0.204984 
 ----> pctChg 155 0 0.745685 0.254315 
 ----> pctChg 156 1 0.740052 0.259948 
 ----> pctChg 157 1 0.7537 0.2463 
 ----> pctChg 158 0 0.778271 0.221729 
 ----> pctChg 159 0 0.746546 0.253454 
 ----> pctChg 160 0 0.764371 0.235629 
 ----> pctChg 161 0 0.750393 0.249607 
 ----> pctChg 162 0 0.760095 0.239905 
 ----> pctChg 163 0 0.757708 0.242292 
 ----> pctChg 164 1 0.729569 0.270431 
 ----> pctChg 165 1 0.779647 0.220353 
 ----> pctChg 166 0 0.765602 0.234398 
 ----> pctChg 167 0 0.752342 0.247658 
 ----> pctChg 168 0 0.747989 0.252011 
 ----> pctChg 169 1 0.748097 0.251903 
 ----> pctChg 170 0 0.729404 0.270596 
 ----> pctChg 171 0 0.740978 0.259022 
 ----> pctChg 172 0 0.7745 0.2255 
 ----> pctChg 173 0 0.736122 0.263878 
 ----> pctChg 174 0 0.764472 0.235528 
 ----> pctChg 175 1 0.742713 0.257287 
 ----> pctChg 176 0 0.767328 0.232672 
 ----> pctChg 177 1 0.702531 0.297469 
 ----> pctChg 178 0 0.774927 0.225073 
 ----> pctChg 179 0 0.72648 0.27352 
 ----> pctChg 180 0 0.749777 0.250223 
 ----> pctChg 181 0 0.784291 0.215709 
 ----> pctChg 182 1 0.715961 0.284039 
 ----> pctChg 183 0 0.725284 0.274716 
 ----> pctChg 184 1 0.7474 0.2526 
 ----> pctChg 185 0 0.72666 0.27334 
 ----> pctChg 186 0 0.781192 0.218808 
 ----> pctChg 187 0 0.729962 0.270038 
 ----> pctChg 188 1 0.744063 0.255937 
 ----> pctChg 189 1 0.724577 0.275423 
 ----> pctChg 190 0 0.737619 0.262381 
 ----> pctChg 191 0 0.746242 0.253758 
 ----> pctChg 192 1 0.742904 0.257096 
 ----> pctChg 193 0 0.737973 0.262027 
 ----> pctChg 194 0 0.738826 0.261174 
 ----> pctChg 195 0 0.774582 0.225418 
 ----> pctChg 196 0 0.723082 0.276918 
 ----> pctChg 197 0 0.747605 0.252395 
 ----> pctChg 198 0 0.732257 0.267743 
 ----> pctChg 199 0 0.757111 0.242889 
 ----> pctChg 200 0 0.742537 0.257463 
 ----> pctChg 201 1 0.750574 0.249426 
 ----> pctChg 202 1 0.728315 0.271685 
 ----> pctChg 203 0 0.783023 0.216977 
 ----> pctChg 204 1 0.71583 0.28417 
 ----> pctChg 205 0 0.735051 0.264949 
 ----> pctChg 206 0 0.745595 0.254405 
 ----> pctChg 207 1 0.717832 0.282168 
 ----> pctChg 208 0 0.776611 0.223389 
 ----> pctChg 209 1 0.713831 0.286169 
 ----> pctChg 210 0 0.756838 0.243162 
 ----> pctChg 211 0 0.753983 0.246017 
 ----> pctChg 212 1 0.715175 0.284825 
 ----> pctChg 213 0 0.782328 0.217672 
 ----> pctChg 214 0 0.72565 0.27435 
 ----> pctChg 215 0 0.767359 0.232641 
 ----> pctChg 216 0 0.806635 0.193365 
 ----> pctChg 217 0 0.796543 0.203457 
 ----> pctChg 218 0 0.731343 0.268657 
 ----> pctChg 219 0 0.774965 0.225035 
 ----> pctChg 220 0 0.743669 0.256331 
 ----> pctChg 221 0 0.717784 0.282216 
 ----> pctChg 222 0 0.756413 0.243587 
 ----> pctChg 223 0 0.759134 0.240866 
 ----> pctChg 224 0 0.789406 0.210594 
 ----> pctChg 225 0 0.760635 0.239365 
 ----> pctChg 226 0 0.788593 0.211407 
 ----> pctChg 227 0 0.755886 0.244114 
 ----> pctChg 228 0 0.780538 0.219462 
 ----> pctChg 229 0 0.766274 0.233726 
 ----> pctChg 230 1 0.732222 0.267778 
 ----> pctChg 231 0 0.793531 0.206469 
 ----> pctChg 232 1 0.691369 0.308631 
 ----> pctChg 233 0 0.755819 0.244181 
 ----> pctChg 234 1 0.710053 0.289947 
 ----> pctChg 235 0 0.72236 0.27764 
 ----> pctChg 236 0 0.762942 0.237058 
 ----> pctChg 237 0 0.774537 0.225463 
 ----> pctChg 238 0 0.752649 0.247351 
 ----> pctChg 239 1 0.737928 0.262072 
 ----> pctChg 240 0 0.754433 0.245567 
 ----> pctChg 241 0 0.759443 0.240557 
 ----> pctChg 242 0 0.762279 0.237721 
 ----> pctChg 243 0 0.769818 0.230182 
 ----> pctChg 244 0 0.730028 0.269972 
 ----> pctChg 245 0 0.744636 0.255364 
 ----> pctChg 246 0 0.753343 0.246657 
 ----> pctChg 247 1 0.764181 0.235819 
 ----> pctChg 248 0 0.732656 0.267344 
 ----> pctChg 249 0 0.758906 0.241094 
 ----> pctChg 250 0 0.744375 0.255625 
 ----> pctChg 251 0 0.765887 0.234113 
 ----> pctChg 252 0 0.756099 0.243901 
 ----> pctChg 253 0 0.78222 0.21778 
 ----> pctChg 254 0 0.728221 0.271779 
 ----> pctChg 255 1 0.754518 0.245482 
 ----> pctChg 256 0 0.772874 0.227126 
 ----> pctChg 257 0 0.761551 0.238449 
 ----> pctChg 258 1 0.743811 0.256189 
 ----> pctChg 259 0 0.775019 0.224981 
 ----> pctChg 260 0 0.760469 0.239531 
 ----> pctChg 261 1 0.72577 0.27423 
 ----> pctChg 262 0 0.789014 0.210986 
 ----> pctChg 263 0 0.732532 0.267468 
 ----> pctChg 264 0 0.786324 0.213676 
 ----> pctChg 265 0 0.774475 0.225525 
 ----> pctChg 266 0 0.747644 0.252356 
 ----> pctChg 267 1 0.748868 0.251132 
 ----> pctChg 268 0 0.738747 0.261253 
 ----> pctChg 269 0 0.726224 0.273776 
 ----> pctChg 270 0 0.761892 0.238108 
 ----> pctChg 271 0 0.776088 0.223912 
 ----> pctChg 272 0 0.770915 0.229085 
 ----> pctChg 273 1 0.700236 0.299764 
 ----> pctChg 274 0 0.773619 0.226381 
 ----> pctChg 275 1 0.778136 0.221864 
 ----> pctChg 276 0 0.738616 0.261384 
 ----> pctChg 277 1 0.71539 0.28461 
 ----> pctChg 278 0 0.803077 0.196923 
 ----> pctChg 279 0 0.744993 0.255007 
 ----> pctChg 280 0 0.761491 0.238509 
 ----> pctChg 281 0 0.770497 0.229503 
 ----> pctChg 282 0 0.748923 0.251077 
 ----> pctChg 283 0 0.764213 0.235787 
 ----> pctChg 284 0 0.753138 0.246862 
 ----> pctChg 285 0 0.726942 0.273058 
 ----> pctChg 286 0 0.785867 0.214133 
 ----> pctChg 287 0 0.759304 0.240696 
 ----> pctChg 288 1 0.670224 0.329776 
 ----> pctChg 289 0 0.81977 0.18023 
 ----> pctChg 290 1 0.714165 0.285835 
 ----> pctChg 291 0 0.787301 0.212699 
 ----> pctChg 292 0 0.73392 0.26608 
 ----> pctChg 293 0 0.776384 0.223616 
 ----> pctChg 294 1 0.751287 0.248713 
 ----> pctChg 295 0 0.748825 0.251175 
 ----> pctChg 296 1 0.752066 0.247934 
 ----> pctChg 297 0 0.733706 0.266294 
 ----> pctChg 298 0 0.759655 0.240345 
 ----> pctChg 299 0 0.737683 0.262317 
 ----> pctChg 300 0 0.761173 0.238827 
 ----> pctChg 301 1 0.675497 0.324503 
 ----> pctChg 302 1 0.75582 0.24418 
 ----> pctChg 303 0 0.755342 0.244658 
 ----> pctChg 304 0 0.729188 0.270812 
 ----> pctChg 305 1 0.735246 0.264754 
 ----> pctChg 306 0 0.759195 0.240805 
 ----> pctChg 307 1 0.714877 0.285123 
 ----> pctChg 308 0 0.803498 0.196502 
 ----> pctChg 309 0 0.754846 0.245154 
 ----> pctChg 310 0 0.781275 0.218725 
 ----> pctChg 311 0 0.76941 0.23059 
 ----> pctChg 312 1 0.741628 0.258372 
 ----> pctChg 313 0 0.763472 0.236528 
 ----> pctChg 314 0 0.796493 0.203507 
 ----> pctChg 315 0 0.791385 0.208615 
 ----> pctChg 316 1 0.765144 0.234856 
 ----> pctChg 317 0 0.802864 0.197136 
 ----> pctChg 318 0 0.717346 0.282654 
 ----> pctChg 319 0 0.763367 0.236633 
 ----> pctChg 320 0 0.759959 0.240041 
 ----> pctChg 321 0 0.719808 0.280192 
 ----> pctChg 322 1 0.790296 0.209704 
 ----> pctChg 323 0 0.765699 0.234301 
 ----> pctChg 324 1 0.740214 0.259786 
 ----> pctChg 325 0 0.796354 0.203646 
 ----> pctChg 326 0 0.709752 0.290248 
 ----> pctChg 327 1 0.796379 0.203621 
 ----> pctChg 328 0 0.79572 0.20428 
 ----> pctChg 329 1 0.714456 0.285544 
 ----> pctChg 330 1 0.77973 0.22027 
 ----> pctChg 331 0 0.736848 0.263152 
 ----> pctChg 332 1 0.711606 0.288394 
 ----> pctChg 333 0 0.74559 0.25441 
 ----> pctChg 334 0 0.739087 0.260913 
 ----> pctChg 335 0 0.731298 0.268702 
 ----> pctChg 336 1 0.747196 0.252804 
 ----> pctChg 337 0 0.783997 0.216003 
 ----> pctChg 338 1 0.746731 0.253269 
 ----> pctChg 339 0 0.778061 0.221939 
 ----> pctChg 340 1 0.711184 0.288816 
 ----> pctChg 341 0 0.775775 0.224225 
 ----> pctChg 342 1 0.724364 0.275636 
 ----> pctChg 343 0 0.765372 0.234628 
 ----> pctChg 344 0 0.74519 0.25481 
 ----> pctChg 345 0 0.744688 0.255312 
 ----> pctChg 346 1 0.744583 0.255417 
 ----> pctChg 347 0 0.745431 0.254569 
 ----> pctChg 348 0 0.777057 0.222943 
 ----> pctChg 349 0 0.791774 0.208226 
 ----> pctChg 350 0 0.737107 0.262893 
 ----> pctChg 351 0 0.721861 0.278139 
 ----> pctChg 352 0 0.749139 0.250861 
 ----> pctChg 353 1 0.716924 0.283076 
 ----> pctChg 354 1 0.709497 0.290503 
 ----> pctChg 355 0 0.736946 0.263054 
 ----> pctChg 356 0 0.751512 0.248488 
 ----> pctChg 357 1 0.722727 0.277273 
 ----> pctChg 358 0 0.760014 0.239986 
 ----> pctChg 359 1 0.758128 0.241872 
 ----> pctChg 360 1 0.748796 0.251204 
 ----> pctChg 361 0 0.746307 0.253693 
 ----> pctChg 362 0 0.796207 0.203793 
 ----> pctChg 363 0 0.733758 0.266242 
 ----> pctChg 364 1 0.731521 0.268479 
 ----> pctChg 365 0 0.730449 0.269551 
 ----> pctChg 366 0 0.773308 0.226692 
 ----> pctChg 367 0 0.768459 0.231541 
 ----> pctChg 368 0 0.75193 0.24807 
 ----> pctChg 369 0 0.771375 0.228625 
 ----> pctChg 370 0 0.723705 0.276295 
 ----> pctChg 371 0 0.785757 0.214243 
 ----> pctChg 372 0 0.757047 0.242953 
 ----> pctChg 373 0 0.79253 0.20747 
 ----> pctChg 374 1 0.729988 0.270012 
 ----> pctChg 375 0 0.774076 0.225924 
 ----> pctChg 376 0 0.773957 0.226043 
 ----> pctChg 377 1 0.73793 0.26207 
 ----> pctChg 378 0 0.754283 0.245717 
 ----> pctChg 379 0 0.792009 0.207991 
 ----> pctChg 380 0 0.747353 0.252647 
 ----> pctChg 381 0 0.781512 0.218488 
 ----> pctChg 382 0 0.790796 0.209204 
 ----> pctChg 383 1 0.711821 0.288179 
 ----> pctChg 384 0 0.784081 0.215919 
 ----> pctChg 385 1 0.766316 0.233684 
 ----> pctChg 386 0 0.74647 0.25353 
 ----> pctChg 387 1 0.748821 0.251179 
 ----> pctChg 388 1 0.753848 0.246152 
 ----> pctChg 389 0 0.744507 0.255493 
 ----> pctChg 390 0 0.755521 0.244479 
 ----> pctChg 391 0 0.771997 0.228003 
 ----> pctChg 392 0 0.750371 0.249629 
 ----> pctChg 393 1 0.752351 0.247649 
 ----> pctChg 394 0 0.742257 0.257743 
 ----> pctChg 395 0 0.760897 0.239103 
 ----> pctChg 396 0 0.775511 0.224489 
 ----> pctChg 397 0 0.747752 0.252248 
 ----> pctChg 398 0 0.725592 0.274408 
 ----> pctChg 399 1 0.74074 0.25926 
 ----> pctChg 400 1 0.744716 0.255284 
 ----> pctChg 401 0 0.711621 0.288379 
 ----> pctChg 402 1 0.790582 0.209418 
 ----> pctChg 403 0 0.726615 0.273385 
 ----> pctChg 404 0 0.759044 0.240956 
 ----> pctChg 405 0 0.738331 0.261669 
 ----> pctChg 406 1 0.737182 0.262818 
 ----> pctChg 407 0 0.736881 0.263119 
 ----> pctChg 408 0 0.76283 0.23717 
 ----> pctChg 409 0 0.745156 0.254844 
 ----> pctChg 410 0 0.747526 0.252474 
 ----> pctChg 411 0 0.765796 0.234204 
 ----> pctChg 412 1 0.76526 0.23474 
 ----> pctChg 413 1 0.755413 0.244587 
 ----> pctChg 414 0 0.752934 0.247066 
 ----> pctChg 415 0 0.726008 0.273992 
 ----> pctChg 416 0 0.773964 0.226036 
 ----> pctChg 417 1 0.718754 0.281246 
 ----> pctChg 418 0 0.761764 0.238236 
 ----> pctChg 419 0 0.768312 0.231688 
 ----> pctChg 420 0 0.740422 0.259578 
 ----> pctChg 421 0 0.747372 0.252628 
 ----> pctChg 422 0 0.731158 0.268842 
 ----> pctChg 423 0 0.756063 0.243937 
 ----> pctChg 424 0 0.789148 0.210852 
 ----> pctChg 425 0 0.760061 0.239939 
 ----> pctChg 426 0 0.777082 0.222918 
 ----> pctChg 427 0 0.750494 0.249506 
 ----> pctChg 428 0 0.720034 0.279966 
 ----> pctChg 429 0 0.765567 0.234433 
 ----> pctChg 430 0 0.768443 0.231557 
 ----> pctChg 431 1 0.614789 0.385211 
 ----> pctChg 432 0 0.758438 0.241562 
 ----> pctChg 433 0 0.767336 0.232664 
 ----> pctChg 434 0 0.768632 0.231368 
 ----> pctChg 435 1 0.761953 0.238047 
 ----> pctChg 436 0 0.750914 0.249086 
 ----> pctChg 437 0 0.778306 0.221694 
 ----> pctChg 438 0 0.773971 0.226029 
 ----> pctChg 439 1 0.761596 0.238404 
 ----> pctChg 440 0 0.764904 0.235096 
 ----> pctChg 441 0 0.765929 0.234071 
 ----> pctChg 442 1 0.698039 0.301961 
 ----> pctChg 443 0 0.806404 0.193596 
 ----> pctChg 444 0 0.764754 0.235246 
 ----> pctChg 445 0 0.7609 0.2391 
 ----> pctChg 446 0 0.774023 0.225977 
 ----> pctChg 447 0 0.743017 0.256983 
 ----> pctChg 448 0 0.755219 0.244781 
 ----> pctChg 449 0 0.774043 0.225957 
 ----> pctChg 450 1 0.788494 0.211506 
 ----> pctChg 451 1 0.741712 0.258288 
 ----> pctChg 452 0 0.747428 0.252572 
 ----> pctChg 453 0 0.780745 0.219255 
 ----> pctChg 454 0 0.724995 0.275005 
 ----> pctChg 455 0 0.755335 0.244665 
 ----> pctChg 456 0 0.762627 0.237373 
 ----> pctChg 457 0 0.745527 0.254473 
 ----> pctChg 458 0 0.748541 0.251459 
 ----> pctChg 459 0 0.749386 0.250614 
 ----> pctChg 460 0 0.753557 0.246443 
 ----> pctChg 461 0 0.710638 0.289362 
 ----> pctChg 462 0 0.761348 0.238652 
 ----> pctChg 463 1 0.730513 0.269487 
 ----> pctChg 464 0 0.802672 0.197328 
 ----> pctChg 465 1 0.732898 0.267102 
 ----> pctChg 466 0 0.795512 0.204488 
 ----> pctChg 467 1 0.729087 0.270913 
 ----> pctChg 468 0 0.745775 0.254225 
 ----> pctChg 469 0 0.761587 0.238413 
 ----> pctChg 470 0 0.763646 0.236354 
 ----> pctChg 471 1 0.759256 0.240744 
 ----> pctChg 472 0 0.745853 0.254147 
 ----> pctChg 473 0 0.784623 0.215377 
 ----> pctChg 474 0 0.776108 0.223892 
 ----> pctChg 475 0 0.767006 0.232994 
 ----> pctChg 476 0 0.771218 0.228782 
 ----> pctChg 477 1 0.739381 0.260619 
 ----> pctChg 478 0 0.782623 0.217377 
 ----> pctChg 479 0 0.71992 0.28008 
 ----> pctChg 480 0 0.766731 0.233269 
 ----> pctChg 481 0 0.753511 0.246489 
 ----> pctChg 482 0 0.732053 0.267947 
 ----> pctChg 483 0 0.738657 0.261343 
 ----> pctChg 484 0 0.752617 0.247383 
 ----> pctChg 485 1 0.73751 0.26249 
 ----> pctChg 486 0 0.760653 0.239347 
 ----> pctChg 487 0 0.738372 0.261628 
 ----> pctChg 488 0 0.762997 0.237003 
 ----> pctChg 489 0 0.736022 0.263978 
 ----> pctChg 490 0 0.760101 0.239899 
 ----> pctChg 491 1 0.717657 0.282343 
 ----> pctChg 492 0 0.805777 0.194223 
 ----> pctChg 493 1 0.766857 0.233143 
 ----> pctChg 494 0 0.771314 0.228686 
 ----> pctChg 495 0 0.774225 0.225775 
 ----> pctChg 496 0 0.751818 0.248182 
 ----> pctChg 497 0 0.771285 0.228715 
 ----> pctChg 498 1 0.710819 0.289181 
 ----> pctChg 499 0 0.775069 0.224931 
 ----> pctChg 500 1 0.742023 0.257977 
 ----> pctChg 501 0 0.743702 0.256298 
 ----> pctChg 502 1 0.706348 0.293652 
 ----> pctChg 503 1 0.750452 0.249548 
 ----> pctChg 504 0 0.756242 0.243758 
 ----> pctChg 505 0 0.761072 0.238928 
 ----> pctChg 506 0 0.721442 0.278558 
 ----> pctChg 507 1 0.750018 0.249982 
 ----> pctChg 508 0 0.752209 0.247791 
 ----> pctChg 509 1 0.739399 0.260601 
 ----> pctChg 510 0 0.754511 0.245489 
 ----> pctChg 511 0 0.797336 0.202664 
 ----> pctChg 512 1 0.684457 0.315543 
 ----> pctChg 513 0 0.786925 0.213075 
 ----> pctChg 514 1 0.722211 0.277789 
 ----> pctChg 515 0 0.768726 0.231274 
 ----> pctChg 516 0 0.761796 0.238204 
 ----> pctChg 517 1 0.731182 0.268818 
 ----> pctChg 518 0 0.751377 0.248623 
 ----> pctChg 519 0 0.767245 0.232755 
 ----> pctChg 520 0 0.730667 0.269333 
 ----> pctChg 521 0 0.737808 0.262192 
 ----> pctChg 522 0 0.771611 0.228389 
 ----> pctChg 523 1 0.717981 0.282019 
 ----> pctChg 524 0 0.77041 0.22959 
 ----> pctChg 525 1 0.775012 0.224988 
 ----> pctChg 526 1 0.763634 0.236366 
 ----> pctChg 527 1 0.714518 0.285482 
 ----> pctChg 528 0 0.753676 0.246324 
 ----> pctChg 529 1 0.752628 0.247372 
 ----> pctChg 530 0 0.75606 0.24394 
 ----> pctChg 531 0 0.762165 0.237835 
 ----> pctChg 532 0 0.775333 0.224667 
 ----> pctChg 533 1 0.739147 0.260853 
 ----> pctChg 534 1 0.758552 0.241448 
 ----> pctChg 535 0 0.732219 0.267781 
 ----> pctChg 536 0 0.751909 0.248091 
 ----> pctChg 537 0 0.776458 0.223542 
 ----> pctChg 538 0 0.755139 0.244861 
 ----> pctChg 539 0 0.755089 0.244911 
 ----> pctChg 540 0 0.739072 0.260928 
 ----> pctChg 541 0 0.778697 0.221303 
 ----> pctChg 542 0 0.777042 0.222958 
 ----> pctChg 543 0 0.748482 0.251518 
 ----> pctChg 544 0 0.783469 0.216531 
 ----> pctChg 545 0 0.765172 0.234828 
 ----> pctChg 546 0 0.751805 0.248195 
 ----> pctChg 547 0 0.773857 0.226143 
 ----> pctChg 548 1 0.746013 0.253987 
 ----> pctChg 549 0 0.769414 0.230586 
 ----> pctChg 550 0 0.77158 0.22842 
 ----> pctChg 551 0 0.777473 0.222527 
 ----> pctChg 552 1 0.712185 0.287815 
 ----> pctChg 553 1 0.769693 0.230307 
 ----> pctChg 554 0 0.803704 0.196296 
 ----> pctChg 555 1 0.761192 0.238808 
 ----> pctChg 556 0 0.761098 0.238902 
 ----> pctChg 557 1 0.759393 0.240607 
 ----> pctChg 558 0 0.718139 0.281861 
 ----> pctChg 559 0 0.76094 0.23906 
 ----> pctChg 560 0 0.791598 0.208402 
 ----> pctChg 561 0 0.768623 0.231377 
 ----> pctChg 562 0 0.739447 0.260553 
 ----> pctChg 563 0 0.785245 0.214755 
 ----> pctChg 564 0 0.701679 0.298321 
 ----> pctChg 565 0 0.811029 0.188971 
 ----> pctChg 566 0 0.795225 0.204775 
 ----> pctChg 567 0 0.756176 0.243824 
 ----> pctChg 568 0 0.750162 0.249838 
 ----> pctChg 569 0 0.794023 0.205977 
 ----> pctChg 570 0 0.732452 0.267548 
 ----> pctChg 571 0 0.795144 0.204856 
 ----> pctChg 572 0 0.77446 0.22554 
 ----> pctChg 573 1 0.73326 0.26674 
 ----> pctChg 574 0 0.801764 0.198236 
 ----> pctChg 575 0 0.767236 0.232764 
 ----> pctChg 576 0 0.751452 0.248548 
 ----> pctChg 577 0 0.760221 0.239779 
 ----> pctChg 578 0 0.75065 0.24935 
 ----> pctChg 579 0 0.727213 0.272787 
 ----> pctChg 580 0 0.810206 0.189794 
 ----> pctChg 581 0 0.759902 0.240098 
 ----> pctChg 582 1 0.757157 0.242843 
 ----> pctChg 583 0 0.702001 0.297999 
 ----> pctChg 584 0 0.708928 0.291072 
 ----> pctChg 585 0 0.772383 0.227617 
 ----> pctChg 586 0 0.744629 0.255371 
 ----> pctChg 587 0 0.732951 0.267049 
 ----> pctChg 588 0 0.721616 0.278384 
 ----> pctChg 589 1 0.6952 0.3048 
 ----> pctChg 590 0 0.803667 0.196333 
 ----> pctChg 591 0 0.7806 0.2194 
 ----> pctChg 592 0 0.765497 0.234503 
 ----> pctChg 593 0 0.736881 0.263119 
 ----> pctChg 594 1 0.775689 0.224311 
 ----> pctChg 595 1 0.717302 0.282698 
 ----> pctChg 596 0 0.760563 0.239437 
 ----> pctChg 597 0 0.73311 0.26689 
 ----> pctChg 598 0 0.742279 0.257721 
 ----> pctChg 599 1 0.71827 0.28173 
 ----> pctChg 600 0 0.748497 0.251503 
 ----> pctChg 601 0 0.776066 0.223934 
 ----> pctChg 602 1 0.718814 0.281186 
 ----> pctChg 603 0 0.748199 0.251801 
 ----> pctChg 604 0 0.728715 0.271285 
 ----> pctChg 605 0 0.781114 0.218886 
 ----> pctChg 606 0 0.743182 0.256818 
 ----> pctChg 607 0 0.788292 0.211708 
 ----> pctChg 608 0 0.780865 0.219135 
 ----> pctChg 609 0 0.772837 0.227163 
 ----> pctChg 610 0 0.756153 0.243847 
 ----> pctChg 611 1 0.701031 0.298969 
 ----> pctChg 612 0 0.803329 0.196671 
 ----> pctChg 613 1 0.765775 0.234225 
 ----> pctChg 614 0 0.769991 0.230009 
 ----> pctChg 615 1 0.695901 0.304099 
 ----> pctChg 616 0 0.766592 0.233408 
 ----> pctChg 617 0 0.736557 0.263443 
 ----> pctChg 618 0 0.755766 0.244234 
 ----> pctChg 619 1 0.719231 0.280769 
 ----> pctChg 620 0 0.773052 0.226948 
 ----> pctChg 621 0 0.752074 0.247926 
 ----> pctChg 622 1 0.733768 0.266232 
 ----> pctChg 623 1 0.694455 0.305545 
 ----> pctChg 624 0 0.773313 0.226687 
 ----> pctChg 625 0 0.762599 0.237401 
 ----> pctChg 626 0 0.772885 0.227115 
 ----> pctChg 627 0 0.734979 0.265021 
 ----> pctChg 628 0 0.814037 0.185963 
 ----> pctChg 629 0 0.786353 0.213647 
 ----> pctChg 630 0 0.763788 0.236212 
 ----> pctChg 631 0 0.72674 0.27326 
 ----> pctChg 632 0 0.770008 0.229992 
 ----> pctChg 633 0 0.770382 0.229618 
 ----> pctChg 634 0 0.773522 0.226478 
 ----> pctChg 635 0 0.782953 0.217047 
 ----> pctChg 636 0 0.751625 0.248375 
 ----> pctChg 637 0 0.789039 0.210961 
 ----> pctChg 638 0 0.771987 0.228013 
 ----> pctChg 639 0 0.740536 0.259464 
 ----> pctChg 640 0 0.760609 0.239391 
 ----> pctChg 641 0 0.760493 0.239507 
 ----> pctChg 642 1 0.754629 0.245371 
 ----> pctChg 643 0 0.760784 0.239216 
 ----> pctChg 644 0 0.771095 0.228905 
 ----> pctChg 645 1 0.729211 0.270789 
 ----> pctChg 646 0 0.746575 0.253425 
 ----> pctChg 647 0 0.727531 0.272469 
 ----> pctChg 648 0 0.781736 0.218264 
 ----> pctChg 649 1 0.741196 0.258804 
 ----> pctChg 650 0 0.754171 0.245829 
 ----> pctChg 651 1 0.72034 0.27966 
 ----> pctChg 652 0 0.766664 0.233336 
 ----> pctChg 653 0 0.8046 0.1954 
 ----> pctChg 654 0 0.777272 0.222728 
 ----> pctChg 655 0 0.756999 0.243001 
 ----> pctChg 656 0 0.772337 0.227663 
 ----> pctChg 657 0 0.749826 0.250174 
 ----> pctChg 658 0 0.765234 0.234766 
 ----> pctChg 659 0 0.743067 0.256933 
 ----> pctChg 660 0 0.788312 0.211688 
 ----> pctChg 661 0 0.765241 0.234759 
 ----> pctChg 662 1 0.720421 0.279579 
 ----> pctChg 663 0 0.784924 0.215076 
 ----> pctChg 664 1 0.754755 0.245245 
 ----> pctChg 665 0 0.784638 0.215362 
 ----> pctChg 666 0 0.757049 0.242951 
 ----> pctChg 667 0 0.74026 0.25974 
 ----> pctChg 668 0 0.73283 0.26717 
 ----> pctChg 669 0 0.770069 0.229931 
 ----> pctChg 670 0 0.737221 0.262779 
 ----> pctChg 671 0 0.730601 0.269399 
 ----> pctChg 672 0 0.782415 0.217585 
 ----> pctChg 673 1 0.746537 0.253463 
 ----> pctChg 674 0 0.773357 0.226643 
 ----> pctChg 675 1 0.72572 0.27428 
 ----> pctChg 676 0 0.78382 0.21618 
 ----> pctChg 677 0 0.747087 0.252913 
 ----> pctChg 678 0 0.731081 0.268919 
 ----> pctChg 679 0 0.755708 0.244292 
 ----> pctChg 680 0 0.754765 0.245235 
 ----> pctChg 681 0 0.763296 0.236704 
 ----> pctChg 682 0 0.772879 0.227121 
 ----> pctChg 683 1 0.701184 0.298816 
 ----> pctChg 684 0 0.771256 0.228744 
 ----> pctChg 685 1 0.773963 0.226037 
 ----> pctChg 686 1 0.730339 0.269661 
 ----> pctChg 687 0 0.744563 0.255437 
 ----> pctChg 688 1 0.780537 0.219463 
 ----> pctChg 689 0 0.766642 0.233358 
 ----> pctChg 690 1 0.725836 0.274164 
 ----> pctChg 691 0 0.753763 0.246237 
 ----> pctChg 692 0 0.786304 0.213696 
 ----> pctChg 693 1 0.758043 0.241957 
 ----> pctChg 694 0 0.824 0.176 
 ----> pctChg 695 1 0.715425 0.284575 
 ----> pctChg 696 0 0.72556 0.27444 
 ----> pctChg 697 1 0.760657 0.239343 
 ----> pctChg 698 0 0.757374 0.242626 
 ----> pctChg 699 0 0.780077 0.219923 
 ----> pctChg 700 0 0.774375 0.225625 
 ----> pctChg 701 0 0.816386 0.183614 
 ----> pctChg 702 0 0.741757 0.258243 
 ----> pctChg 703 0 0.731727 0.268273 
 ----> pctChg 704 0 0.798236 0.201764 
 ----> pctChg 705 0 0.789713 0.210287 
 ----> pctChg 706 0 0.739689 0.260311 
 ----> pctChg 707 0 0.771905 0.228095 
 ----> pctChg 708 1 0.759639 0.240361 
 ----> pctChg 709 1 0.759515 0.240485 
 ----> pctChg 710 0 0.765145 0.234855 
 ----> pctChg 711 0 0.758355 0.241645 
 ----> pctChg 712 1 0.762723 0.237277 
 ----> pctChg 713 0 0.740017 0.259983 
 ----> pctChg 714 1 0.776454 0.223546 
 ----> pctChg 715 0 0.748713 0.251287 
 ----> pctChg 716 0 0.793295 0.206705 
 ----> pctChg 717 0 0.790933 0.209067 
 ----> pctChg 718 1 0.741628 0.258372 
