 ----> pctChg 1 0 0.775806 0.224194 
 ----> pctChg 2 0 0.749866 0.250134 
 ----> pctChg 3 0 0.83852 0.16148 
 ----> pctChg 4 0 0.749699 0.250301 
 ----> pctChg 5 1 0.756717 0.243283 
 ----> pctChg 6 1 0.684602 0.315398 
 ----> pctChg 7 0 0.694205 0.305795 
 ----> pctChg 8 0 0.752725 0.247275 
 ----> pctChg 9 0 0.765208 0.234792 
 ----> pctChg 10 0 0.625307 0.374693 
 ----> pctChg 11 1 0.69484 0.30516 
 ----> pctChg 12 0 0.706579 0.293421 
 ----> pctChg 13 0 0.763373 0.236627 
 ----> pctChg 14 1 0.766928 0.233072 
 ----> pctChg 15 0 0.729409 0.270591 
 ----> pctChg 16 1 0.759025 0.240975 
 ----> pctChg 17 0 0.698104 0.301896 
 ----> pctChg 18 0 0.707357 0.292643 
 ----> pctChg 19 0 0.793942 0.206058 
 ----> pctChg 20 0 0.728489 0.271511 
 ----> pctChg 21 1 0.660696 0.339304 
 ----> pctChg 22 0 0.739669 0.260331 
 ----> pctChg 23 0 0.732573 0.267427 
 ----> pctChg 24 0 0.810414 0.189586 
 ----> pctChg 25 0 0.781219 0.218781 
 ----> pctChg 26 0 0.781948 0.218052 
 ----> pctChg 27 1 0.722019 0.277981 
 ----> pctChg 28 0 0.725651 0.274349 
 ----> pctChg 29 0 0.740489 0.259511 
 ----> pctChg 30 1 0.681669 0.318331 
 ----> pctChg 31 0 0.777901 0.222099 
 ----> pctChg 32 0 0.764366 0.235634 
 ----> pctChg 33 0 0.753148 0.246852 
 ----> pctChg 34 0 0.73514 0.26486 
 ----> pctChg 35 1 0.737251 0.262749 
 ----> pctChg 36 0 0.726209 0.273791 
 ----> pctChg 37 0 0.790846 0.209154 
 ----> pctChg 38 1 0.717117 0.282883 
 ----> pctChg 39 1 0.733928 0.266072 
 ----> pctChg 40 0 0.750161 0.249839 
 ----> pctChg 41 0 0.729136 0.270864 
 ----> pctChg 42 0 0.744607 0.255393 
 ----> pctChg 43 0 0.750217 0.249783 
 ----> pctChg 44 0 0.745663 0.254337 
 ----> pctChg 45 0 0.752059 0.247941 
 ----> pctChg 46 0 0.743719 0.256281 
 ----> pctChg 47 0 0.792183 0.207817 
 ----> pctChg 48 0 0.823906 0.176094 
 ----> pctChg 49 1 0.716156 0.283844 
 ----> pctChg 50 1 0.732234 0.267766 
 ----> pctChg 51 0 0.769109 0.230891 
 ----> pctChg 52 0 0.747856 0.252144 
 ----> pctChg 53 0 0.728165 0.271835 
 ----> pctChg 54 1 0.773914 0.226086 
 ----> pctChg 55 1 0.748598 0.251402 
 ----> pctChg 56 0 0.751044 0.248956 
 ----> pctChg 57 1 0.747474 0.252526 
 ----> pctChg 58 0 0.751911 0.248089 
 ----> pctChg 59 0 0.741213 0.258787 
 ----> pctChg 60 0 0.800213 0.199787 
 ----> pctChg 61 0 0.765727 0.234273 
 ----> pctChg 62 0 0.711282 0.288718 
 ----> pctChg 63 0 0.737705 0.262295 
 ----> pctChg 64 1 0.729293 0.270707 
 ----> pctChg 65 0 0.752733 0.247267 
 ----> pctChg 66 1 0.74554 0.25446 
 ----> pctChg 67 0 0.773289 0.226711 
 ----> pctChg 68 0 0.782555 0.217445 
 ----> pctChg 69 0 0.760626 0.239374 
 ----> pctChg 70 0 0.77696 0.22304 
 ----> pctChg 71 0 0.760809 0.239191 
 ----> pctChg 72 0 0.745643 0.254357 
 ----> pctChg 73 0 0.709264 0.290736 
 ----> pctChg 74 0 0.738419 0.261581 
 ----> pctChg 75 1 0.740269 0.259731 
 ----> pctChg 76 0 0.786092 0.213908 
 ----> pctChg 77 0 0.731729 0.268271 
 ----> pctChg 78 0 0.746545 0.253455 
 ----> pctChg 79 0 0.772522 0.227478 
 ----> pctChg 80 0 0.768581 0.231419 
 ----> pctChg 81 1 0.705255 0.294745 
 ----> pctChg 82 0 0.718408 0.281592 
 ----> pctChg 83 0 0.775959 0.224041 
 ----> pctChg 84 0 0.772952 0.227048 
 ----> pctChg 85 0 0.733269 0.266731 
 ----> pctChg 86 1 0.695701 0.304299 
 ----> pctChg 87 0 0.773365 0.226635 
 ----> pctChg 88 1 0.733455 0.266545 
 ----> pctChg 89 0 0.745218 0.254782 
 ----> pctChg 90 1 0.700804 0.299196 
 ----> pctChg 91 1 0.721536 0.278464 
 ----> pctChg 92 0 0.77961 0.22039 
 ----> pctChg 93 1 0.655483 0.344517 
 ----> pctChg 94 0 0.803337 0.196663 
 ----> pctChg 95 0 0.747722 0.252278 
 ----> pctChg 96 1 0.68019 0.31981 
 ----> pctChg 97 0 0.753197 0.246803 
 ----> pctChg 98 1 0.741654 0.258346 
 ----> pctChg 99 0 0.735995 0.264005 
 ----> pctChg 100 0 0.732385 0.267615 
 ----> pctChg 101 0 0.747399 0.252601 
 ----> pctChg 102 0 0.746264 0.253736 
 ----> pctChg 103 1 0.696017 0.303983 
 ----> pctChg 104 0 0.764582 0.235418 
 ----> pctChg 105 0 0.801432 0.198568 
 ----> pctChg 106 0 0.707498 0.292502 
 ----> pctChg 107 0 0.755702 0.244298 
 ----> pctChg 108 0 0.730499 0.269501 
 ----> pctChg 109 0 0.753163 0.246837 
 ----> pctChg 110 0 0.797129 0.202871 
 ----> pctChg 111 0 0.738252 0.261748 
 ----> pctChg 112 0 0.753528 0.246472 
 ----> pctChg 113 0 0.775307 0.224693 
 ----> pctChg 114 0 0.744582 0.255418 
 ----> pctChg 115 0 0.741825 0.258175 
 ----> pctChg 116 1 0.691543 0.308457 
 ----> pctChg 117 0 0.749102 0.250898 
 ----> pctChg 118 0 0.790818 0.209182 
 ----> pctChg 119 0 0.763174 0.236826 
 ----> pctChg 120 0 0.738347 0.261653 
 ----> pctChg 121 1 0.724222 0.275778 
 ----> pctChg 122 0 0.679332 0.320668 
 ----> pctChg 123 0 0.795723 0.204277 
 ----> pctChg 124 0 0.733512 0.266488 
 ----> pctChg 125 1 0.75619 0.24381 
 ----> pctChg 126 0 0.784259 0.215741 
 ----> pctChg 127 1 0.757555 0.242445 
 ----> pctChg 128 0 0.770779 0.229221 
 ----> pctChg 129 0 0.761502 0.238498 
 ----> pctChg 130 0 0.723974 0.276026 
 ----> pctChg 131 0 0.75539 0.24461 
 ----> pctChg 132 0 0.774128 0.225872 
 ----> pctChg 133 0 0.751806 0.248194 
 ----> pctChg 134 0 0.75206 0.24794 
 ----> pctChg 135 1 0.716722 0.283278 
 ----> pctChg 136 0 0.743288 0.256712 
 ----> pctChg 137 1 0.704181 0.295819 
 ----> pctChg 138 0 0.753949 0.246051 
 ----> pctChg 139 1 0.72225 0.27775 
 ----> pctChg 140 0 0.742617 0.257383 
 ----> pctChg 141 0 0.75455 0.24545 
 ----> pctChg 142 1 0.727943 0.272057 
 ----> pctChg 143 0 0.791085 0.208915 
 ----> pctChg 144 0 0.809601 0.190399 
 ----> pctChg 145 0 0.755845 0.244155 
 ----> pctChg 146 1 0.733591 0.266409 
 ----> pctChg 147 1 0.722612 0.277388 
 ----> pctChg 148 0 0.757434 0.242566 
 ----> pctChg 149 0 0.738674 0.261326 
 ----> pctChg 150 1 0.706536 0.293464 
 ----> pctChg 151 0 0.789178 0.210822 
 ----> pctChg 152 0 0.751264 0.248736 
 ----> pctChg 153 1 0.619465 0.380535 
 ----> pctChg 154 0 0.817072 0.182928 
 ----> pctChg 155 0 0.792038 0.207962 
 ----> pctChg 156 1 0.679133 0.320867 
 ----> pctChg 157 1 0.726596 0.273404 
 ----> pctChg 158 0 0.768267 0.231733 
 ----> pctChg 159 0 0.737784 0.262216 
 ----> pctChg 160 0 0.779061 0.220939 
 ----> pctChg 161 0 0.791969 0.208031 
 ----> pctChg 162 0 0.797486 0.202514 
 ----> pctChg 163 0 0.792507 0.207493 
 ----> pctChg 164 1 0.74836 0.25164 
 ----> pctChg 165 1 0.722751 0.277249 
 ----> pctChg 166 0 0.732723 0.267277 
 ----> pctChg 167 0 0.746412 0.253588 
 ----> pctChg 168 0 0.767365 0.232635 
 ----> pctChg 169 1 0.74543 0.25457 
 ----> pctChg 170 0 0.741695 0.258305 
 ----> pctChg 171 0 0.792365 0.207635 
 ----> pctChg 172 0 0.740003 0.259997 
 ----> pctChg 173 0 0.759183 0.240817 
 ----> pctChg 174 0 0.759893 0.240107 
 ----> pctChg 175 1 0.729411 0.270589 
 ----> pctChg 176 0 0.755192 0.244808 
 ----> pctChg 177 1 0.745017 0.254983 
 ----> pctChg 178 0 0.748972 0.251028 
 ----> pctChg 179 0 0.794562 0.205438 
 ----> pctChg 180 0 0.751074 0.248926 
 ----> pctChg 181 0 0.78979 0.21021 
 ----> pctChg 182 1 0.691922 0.308078 
 ----> pctChg 183 0 0.763117 0.236883 
 ----> pctChg 184 1 0.729408 0.270592 
 ----> pctChg 185 0 0.742286 0.257714 
 ----> pctChg 186 0 0.789726 0.210274 
 ----> pctChg 187 0 0.813732 0.186268 
 ----> pctChg 188 1 0.699949 0.300051 
 ----> pctChg 189 1 0.649174 0.350826 
 ----> pctChg 190 0 0.78493 0.21507 
 ----> pctChg 191 0 0.807654 0.192346 
 ----> pctChg 192 1 0.690905 0.309095 
 ----> pctChg 193 0 0.751268 0.248732 
 ----> pctChg 194 0 0.802559 0.197441 
 ----> pctChg 195 0 0.786105 0.213895 
 ----> pctChg 196 0 0.744653 0.255347 
 ----> pctChg 197 0 0.784058 0.215942 
 ----> pctChg 198 0 0.769186 0.230814 
 ----> pctChg 199 0 0.792987 0.207013 
 ----> pctChg 200 0 0.740484 0.259516 
 ----> pctChg 201 1 0.741374 0.258626 
 ----> pctChg 202 1 0.713193 0.286807 
 ----> pctChg 203 0 0.807754 0.192246 
 ----> pctChg 204 1 0.74652 0.25348 
 ----> pctChg 205 0 0.695469 0.304531 
 ----> pctChg 206 0 0.801699 0.198301 
 ----> pctChg 207 1 0.641672 0.358328 
 ----> pctChg 208 0 0.771719 0.228281 
 ----> pctChg 209 1 0.728844 0.271156 
 ----> pctChg 210 0 0.777069 0.222931 
 ----> pctChg 211 0 0.723991 0.276009 
 ----> pctChg 212 1 0.746725 0.253275 
 ----> pctChg 213 0 0.733622 0.266378 
 ----> pctChg 214 0 0.737789 0.262211 
 ----> pctChg 215 0 0.754084 0.245916 
 ----> pctChg 216 0 0.757728 0.242272 
 ----> pctChg 217 0 0.775519 0.224481 
 ----> pctChg 218 0 0.748412 0.251588 
 ----> pctChg 219 0 0.738829 0.261171 
 ----> pctChg 220 0 0.806327 0.193673 
 ----> pctChg 221 0 0.764614 0.235386 
 ----> pctChg 222 0 0.732079 0.267921 
 ----> pctChg 223 0 0.723157 0.276843 
 ----> pctChg 224 0 0.77141 0.22859 
 ----> pctChg 225 0 0.737627 0.262373 
 ----> pctChg 226 0 0.757047 0.242953 
 ----> pctChg 227 0 0.755987 0.244013 
 ----> pctChg 228 0 0.71859 0.28141 
 ----> pctChg 229 0 0.78275 0.21725 
 ----> pctChg 230 1 0.734348 0.265652 
 ----> pctChg 231 0 0.766892 0.233108 
 ----> pctChg 232 1 0.749469 0.250531 
 ----> pctChg 233 0 0.790702 0.209298 
 ----> pctChg 234 1 0.748458 0.251542 
 ----> pctChg 235 0 0.75341 0.24659 
 ----> pctChg 236 0 0.721452 0.278548 
 ----> pctChg 237 0 0.728114 0.271886 
 ----> pctChg 238 0 0.753814 0.246186 
 ----> pctChg 239 1 0.714922 0.285078 
 ----> pctChg 240 0 0.759029 0.240971 
 ----> pctChg 241 0 0.736064 0.263936 
 ----> pctChg 242 0 0.777897 0.222103 
 ----> pctChg 243 0 0.737443 0.262557 
 ----> pctChg 244 0 0.748552 0.251448 
 ----> pctChg 245 0 0.748253 0.251747 
 ----> pctChg 246 0 0.772695 0.227305 
 ----> pctChg 247 1 0.73118 0.26882 
 ----> pctChg 248 0 0.73804 0.26196 
 ----> pctChg 249 0 0.759811 0.240189 
 ----> pctChg 250 0 0.758653 0.241347 
 ----> pctChg 251 0 0.736005 0.263995 
 ----> pctChg 252 0 0.760241 0.239759 
 ----> pctChg 253 0 0.72968 0.27032 
 ----> pctChg 254 0 0.748703 0.251297 
 ----> pctChg 255 1 0.726725 0.273275 
 ----> pctChg 256 0 0.718475 0.281525 
 ----> pctChg 257 0 0.752258 0.247742 
 ----> pctChg 258 1 0.711844 0.288156 
 ----> pctChg 259 0 0.771022 0.228978 
 ----> pctChg 260 0 0.771816 0.228184 
 ----> pctChg 261 1 0.766928 0.233072 
 ----> pctChg 262 0 0.757072 0.242928 
 ----> pctChg 263 0 0.774237 0.225763 
 ----> pctChg 264 0 0.754733 0.245267 
 ----> pctChg 265 0 0.742779 0.257221 
 ----> pctChg 266 0 0.773884 0.226116 
 ----> pctChg 267 1 0.713707 0.286293 
 ----> pctChg 268 0 0.785564 0.214436 
 ----> pctChg 269 0 0.793404 0.206596 
 ----> pctChg 270 0 0.765524 0.234476 
 ----> pctChg 271 0 0.760712 0.239288 
 ----> pctChg 272 0 0.737926 0.262074 
 ----> pctChg 273 1 0.749564 0.250436 
 ----> pctChg 274 0 0.745821 0.254179 
 ----> pctChg 275 1 0.729236 0.270764 
 ----> pctChg 276 0 0.756242 0.243758 
 ----> pctChg 277 1 0.736132 0.263868 
 ----> pctChg 278 0 0.767337 0.232663 
 ----> pctChg 279 0 0.784523 0.215477 
 ----> pctChg 280 0 0.772926 0.227074 
 ----> pctChg 281 0 0.728524 0.271476 
 ----> pctChg 282 0 0.764883 0.235117 
 ----> pctChg 283 0 0.782457 0.217543 
 ----> pctChg 284 0 0.758812 0.241188 
 ----> pctChg 285 0 0.757622 0.242378 
 ----> pctChg 286 0 0.755465 0.244535 
 ----> pctChg 287 0 0.799528 0.200472 
 ----> pctChg 288 1 0.706705 0.293295 
 ----> pctChg 289 0 0.768327 0.231673 
 ----> pctChg 290 1 0.754274 0.245726 
 ----> pctChg 291 0 0.741251 0.258749 
 ----> pctChg 292 0 0.696574 0.303426 
 ----> pctChg 293 0 0.759254 0.240746 
 ----> pctChg 294 1 0.664724 0.335276 
 ----> pctChg 295 0 0.803073 0.196927 
 ----> pctChg 296 1 0.730592 0.269408 
 ----> pctChg 297 0 0.752084 0.247916 
 ----> pctChg 298 0 0.76164 0.23836 
 ----> pctChg 299 0 0.751413 0.248587 
 ----> pctChg 300 0 0.756541 0.243459 
 ----> pctChg 301 1 0.6536 0.3464 
 ----> pctChg 302 1 0.785896 0.214104 
 ----> pctChg 303 0 0.756048 0.243952 
 ----> pctChg 304 0 0.768731 0.231269 
 ----> pctChg 305 1 0.690515 0.309485 
 ----> pctChg 306 0 0.773294 0.226706 
 ----> pctChg 307 1 0.721296 0.278704 
 ----> pctChg 308 0 0.780605 0.219395 
 ----> pctChg 309 0 0.786953 0.213047 
 ----> pctChg 310 0 0.738207 0.261793 
 ----> pctChg 311 0 0.77423 0.22577 
 ----> pctChg 312 1 0.752414 0.247586 
 ----> pctChg 313 0 0.74004 0.25996 
 ----> pctChg 314 0 0.741128 0.258872 
 ----> pctChg 315 0 0.730554 0.269446 
 ----> pctChg 316 1 0.76843 0.23157 
 ----> pctChg 317 0 0.760707 0.239293 
 ----> pctChg 318 0 0.753588 0.246412 
 ----> pctChg 319 0 0.761737 0.238263 
 ----> pctChg 320 0 0.771209 0.228791 
 ----> pctChg 321 0 0.752904 0.247096 
 ----> pctChg 322 1 0.707271 0.292729 
 ----> pctChg 323 0 0.761779 0.238221 
 ----> pctChg 324 1 0.718423 0.281577 
 ----> pctChg 325 0 0.786781 0.213219 
 ----> pctChg 326 0 0.766372 0.233628 
 ----> pctChg 327 1 0.746223 0.253777 
 ----> pctChg 328 0 0.753063 0.246937 
 ----> pctChg 329 1 0.759529 0.240471 
 ----> pctChg 330 1 0.730367 0.269633 
 ----> pctChg 331 0 0.780923 0.219077 
 ----> pctChg 332 1 0.739503 0.260497 
 ----> pctChg 333 0 0.784863 0.215137 
 ----> pctChg 334 0 0.743321 0.256679 
 ----> pctChg 335 0 0.752232 0.247768 
 ----> pctChg 336 1 0.745839 0.254161 
 ----> pctChg 337 0 0.795036 0.204964 
 ----> pctChg 338 1 0.726386 0.273614 
 ----> pctChg 339 0 0.753638 0.246362 
 ----> pctChg 340 1 0.740491 0.259509 
 ----> pctChg 341 0 0.733083 0.266917 
 ----> pctChg 342 1 0.677797 0.322203 
 ----> pctChg 343 0 0.746801 0.253199 
 ----> pctChg 344 0 0.721415 0.278585 
 ----> pctChg 345 0 0.772775 0.227225 
 ----> pctChg 346 1 0.741456 0.258544 
 ----> pctChg 347 0 0.727351 0.272649 
 ----> pctChg 348 0 0.738926 0.261074 
 ----> pctChg 349 0 0.793717 0.206283 
 ----> pctChg 350 0 0.749602 0.250398 
 ----> pctChg 351 0 0.739138 0.260862 
 ----> pctChg 352 0 0.719274 0.280726 
 ----> pctChg 353 1 0.75159 0.24841 
 ----> pctChg 354 1 0.733806 0.266194 
 ----> pctChg 355 0 0.743847 0.256153 
 ----> pctChg 356 0 0.770407 0.229593 
 ----> pctChg 357 1 0.735538 0.264462 
 ----> pctChg 358 0 0.75712 0.24288 
 ----> pctChg 359 1 0.726598 0.273402 
 ----> pctChg 360 1 0.728199 0.271801 
 ----> pctChg 361 0 0.757231 0.242769 
 ----> pctChg 362 0 0.750906 0.249094 
 ----> pctChg 363 0 0.728498 0.271502 
 ----> pctChg 364 1 0.74163 0.25837 
 ----> pctChg 365 0 0.782688 0.217312 
 ----> pctChg 366 0 0.782904 0.217096 
 ----> pctChg 367 0 0.709713 0.290287 
 ----> pctChg 368 0 0.823504 0.176496 
 ----> pctChg 369 0 0.725121 0.274879 
 ----> pctChg 370 0 0.758855 0.241145 
 ----> pctChg 371 0 0.725573 0.274427 
 ----> pctChg 372 0 0.765739 0.234261 
 ----> pctChg 373 0 0.757039 0.242961 
 ----> pctChg 374 1 0.736179 0.263821 
 ----> pctChg 375 0 0.734087 0.265913 
 ----> pctChg 376 0 0.77594 0.22406 
 ----> pctChg 377 1 0.740709 0.259291 
 ----> pctChg 378 0 0.76304 0.23696 
 ----> pctChg 379 0 0.733702 0.266298 
 ----> pctChg 380 0 0.744688 0.255312 
 ----> pctChg 381 0 0.797655 0.202345 
 ----> pctChg 382 0 0.771439 0.228561 
 ----> pctChg 383 1 0.750106 0.249894 
 ----> pctChg 384 0 0.76539 0.23461 
 ----> pctChg 385 1 0.750136 0.249864 
 ----> pctChg 386 0 0.735958 0.264042 
 ----> pctChg 387 1 0.747979 0.252021 
 ----> pctChg 388 1 0.710033 0.289967 
 ----> pctChg 389 0 0.757493 0.242507 
 ----> pctChg 390 0 0.750415 0.249585 
 ----> pctChg 391 0 0.77017 0.22983 
 ----> pctChg 392 0 0.716521 0.283479 
 ----> pctChg 393 1 0.746261 0.253739 
 ----> pctChg 394 0 0.71029 0.28971 
 ----> pctChg 395 0 0.767816 0.232184 
 ----> pctChg 396 0 0.732333 0.267667 
 ----> pctChg 397 0 0.749621 0.250379 
 ----> pctChg 398 0 0.763151 0.236849 
 ----> pctChg 399 1 0.763378 0.236622 
 ----> pctChg 400 1 0.725025 0.274975 
 ----> pctChg 401 0 0.773304 0.226696 
 ----> pctChg 402 1 0.760485 0.239515 
 ----> pctChg 403 0 0.750822 0.249178 
 ----> pctChg 404 0 0.775698 0.224302 
 ----> pctChg 405 0 0.714478 0.285522 
 ----> pctChg 406 1 0.750249 0.249751 
 ----> pctChg 407 0 0.743761 0.256239 
 ----> pctChg 408 0 0.758757 0.241243 
 ----> pctChg 409 0 0.722897 0.277103 
 ----> pctChg 410 0 0.771352 0.228648 
 ----> pctChg 411 0 0.765021 0.234979 
 ----> pctChg 412 1 0.740324 0.259676 
 ----> pctChg 413 1 0.74001 0.25999 
 ----> pctChg 414 0 0.783357 0.216643 
 ----> pctChg 415 0 0.791682 0.208318 
 ----> pctChg 416 0 0.751364 0.248636 
 ----> pctChg 417 1 0.744072 0.255928 
 ----> pctChg 418 0 0.731295 0.268705 
 ----> pctChg 419 0 0.760084 0.239916 
 ----> pctChg 420 0 0.770171 0.229829 
 ----> pctChg 421 0 0.702379 0.297621 
 ----> pctChg 422 0 0.792072 0.207928 
 ----> pctChg 423 0 0.760155 0.239845 
 ----> pctChg 424 0 0.771915 0.228085 
 ----> pctChg 425 0 0.72603 0.27397 
 ----> pctChg 426 0 0.740467 0.259533 
 ----> pctChg 427 0 0.799507 0.200493 
 ----> pctChg 428 0 0.784455 0.215545 
 ----> pctChg 429 0 0.810988 0.189012 
 ----> pctChg 430 0 0.75666 0.24334 
 ----> pctChg 431 1 0.729323 0.270677 
 ----> pctChg 432 0 0.767398 0.232602 
 ----> pctChg 433 0 0.751209 0.248791 
 ----> pctChg 434 0 0.74322 0.25678 
 ----> pctChg 435 1 0.742633 0.257367 
 ----> pctChg 436 0 0.740607 0.259393 
 ----> pctChg 437 0 0.830994 0.169006 
 ----> pctChg 438 0 0.770855 0.229145 
 ----> pctChg 439 1 0.74207 0.25793 
 ----> pctChg 440 0 0.761353 0.238647 
 ----> pctChg 441 0 0.760893 0.239107 
 ----> pctChg 442 1 0.742507 0.257493 
 ----> pctChg 443 0 0.741325 0.258675 
 ----> pctChg 444 0 0.757231 0.242769 
 ----> pctChg 445 0 0.737391 0.262609 
 ----> pctChg 446 0 0.757909 0.242091 
 ----> pctChg 447 0 0.763208 0.236792 
 ----> pctChg 448 0 0.776116 0.223884 
 ----> pctChg 449 0 0.729343 0.270657 
 ----> pctChg 450 1 0.734567 0.265433 
 ----> pctChg 451 1 0.708594 0.291406 
 ----> pctChg 452 0 0.764893 0.235107 
 ----> pctChg 453 0 0.748752 0.251248 
 ----> pctChg 454 0 0.793917 0.206083 
 ----> pctChg 455 0 0.771126 0.228874 
 ----> pctChg 456 0 0.76101 0.23899 
 ----> pctChg 457 0 0.742107 0.257893 
 ----> pctChg 458 0 0.738098 0.261902 
 ----> pctChg 459 0 0.785311 0.214689 
 ----> pctChg 460 0 0.766656 0.233344 
 ----> pctChg 461 0 0.771657 0.228343 
 ----> pctChg 462 0 0.786913 0.213087 
 ----> pctChg 463 1 0.770082 0.229918 
 ----> pctChg 464 0 0.761102 0.238898 
 ----> pctChg 465 1 0.712659 0.287341 
 ----> pctChg 466 0 0.7458 0.2542 
 ----> pctChg 467 1 0.753355 0.246645 
 ----> pctChg 468 0 0.73661 0.26339 
 ----> pctChg 469 0 0.790288 0.209712 
 ----> pctChg 470 0 0.745447 0.254553 
 ----> pctChg 471 1 0.7088 0.2912 
 ----> pctChg 472 0 0.736587 0.263413 
 ----> pctChg 473 0 0.760588 0.239412 
 ----> pctChg 474 0 0.758747 0.241253 
 ----> pctChg 475 0 0.758275 0.241725 
 ----> pctChg 476 0 0.73992 0.26008 
 ----> pctChg 477 1 0.751111 0.248889 
 ----> pctChg 478 0 0.704119 0.295881 
 ----> pctChg 479 0 0.746227 0.253773 
 ----> pctChg 480 0 0.765262 0.234738 
 ----> pctChg 481 0 0.783883 0.216117 
 ----> pctChg 482 0 0.737307 0.262693 
 ----> pctChg 483 0 0.795327 0.204673 
 ----> pctChg 484 0 0.775638 0.224362 
 ----> pctChg 485 1 0.761248 0.238752 
 ----> pctChg 486 0 0.787107 0.212893 
 ----> pctChg 487 0 0.752017 0.247983 
 ----> pctChg 488 0 0.769809 0.230191 
 ----> pctChg 489 0 0.771486 0.228514 
 ----> pctChg 490 0 0.768089 0.231911 
 ----> pctChg 491 1 0.795363 0.204637 
 ----> pctChg 492 0 0.771932 0.228068 
 ----> pctChg 493 1 0.731823 0.268177 
 ----> pctChg 494 0 0.740917 0.259083 
 ----> pctChg 495 0 0.713125 0.286875 
 ----> pctChg 496 0 0.76938 0.23062 
 ----> pctChg 497 0 0.756422 0.243578 
 ----> pctChg 498 1 0.731719 0.268281 
 ----> pctChg 499 0 0.762559 0.237441 
 ----> pctChg 500 1 0.762897 0.237103 
 ----> pctChg 501 0 0.736756 0.263244 
 ----> pctChg 502 1 0.772599 0.227401 
 ----> pctChg 503 1 0.739487 0.260513 
 ----> pctChg 504 0 0.724502 0.275498 
 ----> pctChg 505 0 0.744573 0.255427 
 ----> pctChg 506 0 0.789976 0.210024 
 ----> pctChg 507 1 0.744666 0.255334 
 ----> pctChg 508 0 0.763514 0.236486 
 ----> pctChg 509 1 0.75219 0.24781 
 ----> pctChg 510 0 0.737568 0.262432 
 ----> pctChg 511 0 0.761449 0.238551 
 ----> pctChg 512 1 0.745646 0.254354 
 ----> pctChg 513 0 0.737247 0.262753 
 ----> pctChg 514 1 0.733374 0.266626 
 ----> pctChg 515 0 0.723824 0.276176 
 ----> pctChg 516 0 0.764892 0.235108 
 ----> pctChg 517 1 0.714889 0.285111 
 ----> pctChg 518 0 0.770161 0.229839 
 ----> pctChg 519 0 0.775457 0.224543 
 ----> pctChg 520 0 0.740474 0.259526 
 ----> pctChg 521 0 0.715555 0.284445 
 ----> pctChg 522 0 0.753314 0.246686 
 ----> pctChg 523 1 0.748214 0.251786 
 ----> pctChg 524 0 0.787639 0.212361 
 ----> pctChg 525 1 0.761238 0.238762 
 ----> pctChg 526 1 0.72815 0.27185 
 ----> pctChg 527 1 0.745197 0.254803 
 ----> pctChg 528 0 0.753094 0.246906 
 ----> pctChg 529 1 0.692985 0.307015 
 ----> pctChg 530 0 0.751283 0.248717 
 ----> pctChg 531 0 0.734907 0.265093 
 ----> pctChg 532 0 0.736774 0.263226 
 ----> pctChg 533 1 0.746979 0.253021 
 ----> pctChg 534 1 0.764295 0.235705 
 ----> pctChg 535 0 0.725109 0.274891 
 ----> pctChg 536 0 0.790551 0.209449 
 ----> pctChg 537 0 0.748985 0.251015 
 ----> pctChg 538 0 0.781469 0.218531 
 ----> pctChg 539 0 0.728309 0.271691 
 ----> pctChg 540 0 0.758106 0.241894 
 ----> pctChg 541 0 0.752982 0.247018 
 ----> pctChg 542 0 0.770809 0.229191 
 ----> pctChg 543 0 0.76462 0.23538 
 ----> pctChg 544 0 0.769864 0.230136 
 ----> pctChg 545 0 0.802285 0.197715 
 ----> pctChg 546 0 0.767263 0.232737 
 ----> pctChg 547 0 0.746384 0.253616 
 ----> pctChg 548 1 0.742642 0.257358 
 ----> pctChg 549 0 0.773448 0.226552 
 ----> pctChg 550 0 0.750558 0.249442 
 ----> pctChg 551 0 0.768463 0.231537 
 ----> pctChg 552 1 0.733167 0.266833 
 ----> pctChg 553 1 0.738126 0.261874 
 ----> pctChg 554 0 0.742434 0.257566 
 ----> pctChg 555 1 0.706795 0.293205 
 ----> pctChg 556 0 0.779538 0.220462 
 ----> pctChg 557 1 0.724067 0.275933 
 ----> pctChg 558 0 0.730609 0.269391 
 ----> pctChg 559 0 0.771605 0.228395 
 ----> pctChg 560 0 0.721483 0.278517 
 ----> pctChg 561 0 0.737455 0.262545 
 ----> pctChg 562 0 0.75408 0.24592 
 ----> pctChg 563 0 0.768006 0.231994 
 ----> pctChg 564 0 0.730573 0.269427 
 ----> pctChg 565 0 0.764773 0.235227 
 ----> pctChg 566 0 0.733166 0.266834 
 ----> pctChg 567 0 0.712678 0.287322 
 ----> pctChg 568 0 0.772606 0.227394 
 ----> pctChg 569 0 0.74437 0.25563 
 ----> pctChg 570 0 0.777294 0.222706 
 ----> pctChg 571 0 0.768351 0.231649 
 ----> pctChg 572 0 0.768609 0.231391 
 ----> pctChg 573 1 0.756975 0.243025 
 ----> pctChg 574 0 0.766434 0.233566 
 ----> pctChg 575 0 0.765152 0.234848 
 ----> pctChg 576 0 0.7516 0.2484 
 ----> pctChg 577 0 0.812921 0.187079 
 ----> pctChg 578 0 0.73937 0.26063 
 ----> pctChg 579 0 0.786601 0.213399 
 ----> pctChg 580 0 0.759232 0.240768 
 ----> pctChg 581 0 0.722233 0.277767 
 ----> pctChg 582 1 0.767106 0.232894 
 ----> pctChg 583 0 0.751993 0.248007 
 ----> pctChg 584 0 0.777651 0.222349 
 ----> pctChg 585 0 0.776313 0.223687 
 ----> pctChg 586 0 0.787064 0.212936 
 ----> pctChg 587 0 0.739825 0.260175 
 ----> pctChg 588 0 0.733604 0.266396 
 ----> pctChg 589 1 0.76657 0.23343 
 ----> pctChg 590 0 0.744931 0.255069 
 ----> pctChg 591 0 0.77842 0.22158 
 ----> pctChg 592 0 0.739846 0.260154 
 ----> pctChg 593 0 0.745068 0.254932 
 ----> pctChg 594 1 0.773002 0.226998 
 ----> pctChg 595 1 0.733293 0.266707 
 ----> pctChg 596 0 0.750229 0.249771 
 ----> pctChg 597 0 0.757983 0.242017 
 ----> pctChg 598 0 0.788255 0.211745 
 ----> pctChg 599 1 0.753613 0.246387 
 ----> pctChg 600 0 0.75311 0.24689 
 ----> pctChg 601 0 0.764169 0.235831 
 ----> pctChg 602 1 0.75187 0.24813 
 ----> pctChg 603 0 0.728681 0.271319 
 ----> pctChg 604 0 0.780464 0.219536 
 ----> pctChg 605 0 0.749727 0.250273 
 ----> pctChg 606 0 0.781625 0.218375 
 ----> pctChg 607 0 0.749383 0.250617 
 ----> pctChg 608 0 0.752465 0.247535 
 ----> pctChg 609 0 0.793584 0.206416 
 ----> pctChg 610 0 0.781938 0.218062 
 ----> pctChg 611 1 0.738869 0.261131 
 ----> pctChg 612 0 0.759591 0.240409 
 ----> pctChg 613 1 0.678117 0.321883 
 ----> pctChg 614 0 0.741932 0.258068 
 ----> pctChg 615 1 0.761915 0.238085 
 ----> pctChg 616 0 0.747599 0.252401 
 ----> pctChg 617 0 0.732811 0.267189 
 ----> pctChg 618 0 0.769793 0.230207 
 ----> pctChg 619 1 0.70749 0.29251 
 ----> pctChg 620 0 0.726866 0.273134 
 ----> pctChg 621 0 0.747766 0.252234 
 ----> pctChg 622 1 0.72095 0.27905 
 ----> pctChg 623 1 0.762987 0.237013 
 ----> pctChg 624 0 0.720044 0.279956 
 ----> pctChg 625 0 0.754893 0.245107 
 ----> pctChg 626 0 0.768365 0.231635 
 ----> pctChg 627 0 0.773868 0.226132 
 ----> pctChg 628 0 0.748695 0.251305 
 ----> pctChg 629 0 0.74138 0.25862 
 ----> pctChg 630 0 0.796358 0.203642 
 ----> pctChg 631 0 0.748171 0.251829 
 ----> pctChg 632 0 0.730593 0.269407 
 ----> pctChg 633 0 0.746865 0.253135 
 ----> pctChg 634 0 0.791265 0.208735 
 ----> pctChg 635 0 0.77699 0.22301 
 ----> pctChg 636 0 0.787091 0.212909 
 ----> pctChg 637 0 0.748433 0.251567 
 ----> pctChg 638 0 0.753366 0.246634 
 ----> pctChg 639 0 0.77224 0.22776 
 ----> pctChg 640 0 0.736525 0.263475 
 ----> pctChg 641 0 0.769798 0.230202 
 ----> pctChg 642 1 0.74601 0.25399 
 ----> pctChg 643 0 0.769165 0.230835 
 ----> pctChg 644 0 0.732823 0.267177 
 ----> pctChg 645 1 0.707164 0.292836 
 ----> pctChg 646 0 0.748837 0.251163 
 ----> pctChg 647 0 0.77945 0.22055 
 ----> pctChg 648 0 0.80349 0.19651 
 ----> pctChg 649 1 0.735537 0.264463 
 ----> pctChg 650 0 0.795906 0.204094 
 ----> pctChg 651 1 0.727501 0.272499 
 ----> pctChg 652 0 0.786393 0.213607 
 ----> pctChg 653 0 0.773123 0.226877 
 ----> pctChg 654 0 0.727161 0.272839 
 ----> pctChg 655 0 0.769787 0.230213 
 ----> pctChg 656 0 0.779525 0.220475 
 ----> pctChg 657 0 0.751144 0.248856 
 ----> pctChg 658 0 0.752607 0.247393 
 ----> pctChg 659 0 0.759277 0.240723 
 ----> pctChg 660 0 0.732642 0.267358 
 ----> pctChg 661 0 0.763792 0.236208 
 ----> pctChg 662 1 0.716271 0.283729 
 ----> pctChg 663 0 0.725818 0.274182 
 ----> pctChg 664 1 0.737325 0.262675 
 ----> pctChg 665 0 0.729517 0.270483 
 ----> pctChg 666 0 0.756057 0.243943 
 ----> pctChg 667 0 0.78357 0.21643 
 ----> pctChg 668 0 0.750716 0.249284 
 ----> pctChg 669 0 0.733463 0.266537 
 ----> pctChg 670 0 0.731659 0.268341 
 ----> pctChg 671 0 0.787427 0.212573 
 ----> pctChg 672 0 0.758287 0.241713 
 ----> pctChg 673 1 0.706085 0.293915 
 ----> pctChg 674 0 0.765538 0.234462 
 ----> pctChg 675 1 0.750547 0.249453 
 ----> pctChg 676 0 0.754902 0.245098 
 ----> pctChg 677 0 0.775125 0.224875 
 ----> pctChg 678 0 0.72133 0.27867 
 ----> pctChg 679 0 0.75912 0.24088 
 ----> pctChg 680 0 0.797102 0.202898 
 ----> pctChg 681 0 0.794726 0.205274 
 ----> pctChg 682 0 0.795556 0.204444 
 ----> pctChg 683 1 0.666381 0.333619 
 ----> pctChg 684 0 0.745104 0.254896 
 ----> pctChg 685 1 0.722082 0.277918 
 ----> pctChg 686 1 0.702987 0.297013 
 ----> pctChg 687 0 0.708571 0.291429 
 ----> pctChg 688 1 0.71763 0.28237 
 ----> pctChg 689 0 0.769676 0.230324 
 ----> pctChg 690 1 0.67866 0.32134 
 ----> pctChg 691 0 0.723607 0.276393 
 ----> pctChg 692 0 0.791691 0.208309 
 ----> pctChg 693 1 0.749229 0.250771 
 ----> pctChg 694 0 0.753627 0.246373 
 ----> pctChg 695 1 0.74005 0.25995 
 ----> pctChg 696 0 0.720367 0.279633 
 ----> pctChg 697 1 0.7426 0.2574 
 ----> pctChg 698 0 0.754635 0.245365 
 ----> pctChg 699 0 0.728409 0.271591 
 ----> pctChg 700 0 0.794555 0.205445 
 ----> pctChg 701 0 0.74451 0.25549 
 ----> pctChg 702 0 0.772597 0.227403 
 ----> pctChg 703 0 0.747835 0.252165 
 ----> pctChg 704 0 0.751849 0.248151 
 ----> pctChg 705 0 0.732491 0.267509 
 ----> pctChg 706 0 0.749145 0.250855 
 ----> pctChg 707 0 0.713044 0.286956 
 ----> pctChg 708 1 0.745032 0.254968 
 ----> pctChg 709 1 0.742043 0.257957 
 ----> pctChg 710 0 0.721185 0.278815 
 ----> pctChg 711 0 0.761938 0.238062 
 ----> pctChg 712 1 0.729432 0.270568 
 ----> pctChg 713 0 0.767136 0.232864 
 ----> pctChg 714 1 0.72511 0.27489 
 ----> pctChg 715 0 0.739949 0.260051 
 ----> pctChg 716 0 0.757904 0.242096 
 ----> pctChg 717 0 0.767338 0.232662 
 ----> pctChg 718 1 0.788861 0.211139 
