 ----> pctChg 1 0 0.719546 0.280454 
 ----> pctChg 2 0 0.772491 0.227509 
 ----> pctChg 3 0 0.725734 0.274266 
 ----> pctChg 4 0 0.787015 0.212985 
 ----> pctChg 5 1 0.722629 0.277371 
 ----> pctChg 6 1 0.72869 0.27131 
 ----> pctChg 7 0 0.777497 0.222503 
 ----> pctChg 8 0 0.716499 0.283501 
 ----> pctChg 9 0 0.766796 0.233204 
 ----> pctChg 10 0 0.741196 0.258804 
 ----> pctChg 11 1 0.737014 0.262986 
 ----> pctChg 12 0 0.760732 0.239268 
 ----> pctChg 13 0 0.724753 0.275247 
 ----> pctChg 14 1 0.731936 0.268064 
 ----> pctChg 15 0 0.756365 0.243635 
 ----> pctChg 16 1 0.746883 0.253117 
 ----> pctChg 17 0 0.770001 0.229999 
 ----> pctChg 18 0 0.744414 0.255586 
 ----> pctChg 19 0 0.75565 0.24435 
 ----> pctChg 20 0 0.756665 0.243335 
 ----> pctChg 21 1 0.737018 0.262982 
 ----> pctChg 22 0 0.752589 0.247411 
 ----> pctChg 23 0 0.748582 0.251418 
 ----> pctChg 24 0 0.771441 0.228559 
 ----> pctChg 25 0 0.758034 0.241966 
 ----> pctChg 26 0 0.764374 0.235626 
 ----> pctChg 27 1 0.736138 0.263862 
 ----> pctChg 28 0 0.758254 0.241746 
 ----> pctChg 29 0 0.754518 0.245482 
 ----> pctChg 30 1 0.725481 0.274519 
 ----> pctChg 31 0 0.764732 0.235268 
 ----> pctChg 32 0 0.753014 0.246986 
 ----> pctChg 33 0 0.741983 0.258017 
 ----> pctChg 34 0 0.745967 0.254033 
 ----> pctChg 35 1 0.728184 0.271816 
 ----> pctChg 36 0 0.762914 0.237086 
 ----> pctChg 37 0 0.74554 0.25446 
 ----> pctChg 38 1 0.725685 0.274315 
 ----> pctChg 39 1 0.743721 0.256279 
 ----> pctChg 40 0 0.753843 0.246157 
 ----> pctChg 41 0 0.752965 0.247035 
 ----> pctChg 42 0 0.763776 0.236224 
 ----> pctChg 43 0 0.753751 0.246249 
 ----> pctChg 44 0 0.749568 0.250432 
 ----> pctChg 45 0 0.759848 0.240152 
 ----> pctChg 46 0 0.761434 0.238566 
 ----> pctChg 47 0 0.749151 0.250849 
 ----> pctChg 48 0 0.768297 0.231703 
 ----> pctChg 49 1 0.726257 0.273743 
 ----> pctChg 50 1 0.743899 0.256101 
 ----> pctChg 51 0 0.769824 0.230176 
 ----> pctChg 52 0 0.737966 0.262034 
 ----> pctChg 53 0 0.761759 0.238241 
 ----> pctChg 54 1 0.726732 0.273268 
 ----> pctChg 55 1 0.717976 0.282024 
 ----> pctChg 56 0 0.766391 0.233609 
 ----> pctChg 57 1 0.732646 0.267354 
 ----> pctChg 58 0 0.765632 0.234368 
 ----> pctChg 59 0 0.733984 0.266016 
 ----> pctChg 60 0 0.777269 0.222731 
 ----> pctChg 61 0 0.741767 0.258233 
 ----> pctChg 62 0 0.744749 0.255251 
 ----> pctChg 63 0 0.754881 0.245119 
 ----> pctChg 64 1 0.709149 0.290851 
 ----> pctChg 65 0 0.75797 0.24203 
 ----> pctChg 66 1 0.728238 0.271762 
 ----> pctChg 67 0 0.75825 0.24175 
 ----> pctChg 68 0 0.733836 0.266164 
 ----> pctChg 69 0 0.760625 0.239375 
 ----> pctChg 70 0 0.762272 0.237728 
 ----> pctChg 71 0 0.781108 0.218892 
 ----> pctChg 72 0 0.757237 0.242763 
 ----> pctChg 73 0 0.750033 0.249967 
 ----> pctChg 74 0 0.762634 0.237366 
 ----> pctChg 75 1 0.730574 0.269426 
 ----> pctChg 76 0 0.76598 0.23402 
 ----> pctChg 77 0 0.755003 0.244997 
 ----> pctChg 78 0 0.765775 0.234225 
 ----> pctChg 79 0 0.761956 0.238044 
 ----> pctChg 80 0 0.762154 0.237846 
 ----> pctChg 81 1 0.71784 0.28216 
 ----> pctChg 82 0 0.759144 0.240856 
 ----> pctChg 83 0 0.765291 0.234709 
 ----> pctChg 84 0 0.759179 0.240821 
 ----> pctChg 85 0 0.755427 0.244573 
 ----> pctChg 86 1 0.719972 0.280028 
 ----> pctChg 87 0 0.767068 0.232932 
 ----> pctChg 88 1 0.720142 0.279858 
 ----> pctChg 89 0 0.763891 0.236109 
 ----> pctChg 90 1 0.709272 0.290728 
 ----> pctChg 91 1 0.70963 0.29037 
 ----> pctChg 92 0 0.762265 0.237735 
 ----> pctChg 93 1 0.722257 0.277743 
 ----> pctChg 94 0 0.743608 0.256392 
 ----> pctChg 95 0 0.771588 0.228412 
 ----> pctChg 96 1 0.69532 0.30468 
 ----> pctChg 97 0 0.757667 0.242333 
 ----> pctChg 98 1 0.730146 0.269854 
 ----> pctChg 99 0 0.771554 0.228446 
 ----> pctChg 100 0 0.756299 0.243701 
 ----> pctChg 101 0 0.748317 0.251683 
 ----> pctChg 102 0 0.763327 0.236673 
 ----> pctChg 103 1 0.723373 0.276627 
 ----> pctChg 104 0 0.765781 0.234219 
 ----> pctChg 105 0 0.779216 0.220784 
 ----> pctChg 106 0 0.756848 0.243152 
 ----> pctChg 107 0 0.767697 0.232303 
 ----> pctChg 108 0 0.77399 0.22601 
 ----> pctChg 109 0 0.782784 0.217216 
 ----> pctChg 110 0 0.765924 0.234076 
 ----> pctChg 111 0 0.767255 0.232745 
 ----> pctChg 112 0 0.769749 0.230251 
 ----> pctChg 113 0 0.757347 0.242653 
 ----> pctChg 114 0 0.764113 0.235887 
 ----> pctChg 115 0 0.780283 0.219717 
 ----> pctChg 116 1 0.720757 0.279243 
 ----> pctChg 117 0 0.777387 0.222613 
 ----> pctChg 118 0 0.76115 0.23885 
 ----> pctChg 119 0 0.765633 0.234367 
 ----> pctChg 120 0 0.774157 0.225843 
 ----> pctChg 121 1 0.717904 0.282096 
 ----> pctChg 122 0 0.749528 0.250472 
 ----> pctChg 123 0 0.754244 0.245756 
 ----> pctChg 124 0 0.779216 0.220784 
 ----> pctChg 125 1 0.712949 0.287051 
 ----> pctChg 126 0 0.753546 0.246454 
 ----> pctChg 127 1 0.730185 0.269815 
 ----> pctChg 128 0 0.752707 0.247293 
 ----> pctChg 129 0 0.763269 0.236731 
 ----> pctChg 130 0 0.749469 0.250531 
 ----> pctChg 131 0 0.75521 0.24479 
 ----> pctChg 132 0 0.756606 0.243394 
 ----> pctChg 133 0 0.764732 0.235268 
 ----> pctChg 134 0 0.766186 0.233814 
 ----> pctChg 135 1 0.698121 0.301879 
 ----> pctChg 136 0 0.762546 0.237454 
 ----> pctChg 137 1 0.720718 0.279282 
 ----> pctChg 138 0 0.76749 0.23251 
 ----> pctChg 139 1 0.73802 0.26198 
 ----> pctChg 140 0 0.754657 0.245343 
 ----> pctChg 141 0 0.76135 0.23865 
 ----> pctChg 142 1 0.696407 0.303593 
 ----> pctChg 143 0 0.794273 0.205727 
 ----> pctChg 144 0 0.772472 0.227528 
 ----> pctChg 145 0 0.757906 0.242094 
 ----> pctChg 146 1 0.703025 0.296975 
 ----> pctChg 147 1 0.729471 0.270529 
 ----> pctChg 148 0 0.750962 0.249038 
 ----> pctChg 149 0 0.75083 0.24917 
 ----> pctChg 150 1 0.718302 0.281698 
 ----> pctChg 151 0 0.788134 0.211866 
 ----> pctChg 152 0 0.763 0.237 
 ----> pctChg 153 1 0.708831 0.291169 
 ----> pctChg 154 0 0.766713 0.233287 
 ----> pctChg 155 0 0.768014 0.231986 
 ----> pctChg 156 1 0.714218 0.285782 
 ----> pctChg 157 1 0.722889 0.277111 
 ----> pctChg 158 0 0.770568 0.229432 
 ----> pctChg 159 0 0.760472 0.239528 
 ----> pctChg 160 0 0.765285 0.234715 
 ----> pctChg 161 0 0.774758 0.225242 
 ----> pctChg 162 0 0.755641 0.244359 
 ----> pctChg 163 0 0.770441 0.229559 
 ----> pctChg 164 1 0.722646 0.277354 
 ----> pctChg 165 1 0.718947 0.281053 
 ----> pctChg 166 0 0.771888 0.228112 
 ----> pctChg 167 0 0.731266 0.268734 
 ----> pctChg 168 0 0.77182 0.22818 
 ----> pctChg 169 1 0.709021 0.290979 
 ----> pctChg 170 0 0.763955 0.236045 
 ----> pctChg 171 0 0.767728 0.232272 
 ----> pctChg 172 0 0.767395 0.232605 
 ----> pctChg 173 0 0.756093 0.243907 
 ----> pctChg 174 0 0.760914 0.239086 
 ----> pctChg 175 1 0.705587 0.294413 
 ----> pctChg 176 0 0.765686 0.234314 
 ----> pctChg 177 1 0.68291 0.31709 
 ----> pctChg 178 0 0.769254 0.230746 
 ----> pctChg 179 0 0.765602 0.234398 
 ----> pctChg 180 0 0.760172 0.239828 
 ----> pctChg 181 0 0.75286 0.24714 
 ----> pctChg 182 1 0.714952 0.285048 
 ----> pctChg 183 0 0.75453 0.24547 
 ----> pctChg 184 1 0.707941 0.292059 
 ----> pctChg 185 0 0.774702 0.225298 
 ----> pctChg 186 0 0.777543 0.222457 
 ----> pctChg 187 0 0.763815 0.236185 
 ----> pctChg 188 1 0.732538 0.267462 
 ----> pctChg 189 1 0.706876 0.293124 
 ----> pctChg 190 0 0.777875 0.222125 
 ----> pctChg 191 0 0.772073 0.227927 
 ----> pctChg 192 1 0.721685 0.278315 
 ----> pctChg 193 0 0.77633 0.22367 
 ----> pctChg 194 0 0.758227 0.241773 
 ----> pctChg 195 0 0.764703 0.235297 
 ----> pctChg 196 0 0.769114 0.230886 
 ----> pctChg 197 0 0.766271 0.233729 
 ----> pctChg 198 0 0.770086 0.229914 
 ----> pctChg 199 0 0.758994 0.241006 
 ----> pctChg 200 0 0.775992 0.224008 
 ----> pctChg 201 1 0.717618 0.282382 
 ----> pctChg 202 1 0.733517 0.266483 
 ----> pctChg 203 0 0.769366 0.230634 
 ----> pctChg 204 1 0.707589 0.292411 
 ----> pctChg 205 0 0.751101 0.248899 
 ----> pctChg 206 0 0.764903 0.235097 
 ----> pctChg 207 1 0.732417 0.267583 
 ----> pctChg 208 0 0.761714 0.238286 
 ----> pctChg 209 1 0.723536 0.276464 
 ----> pctChg 210 0 0.772018 0.227982 
 ----> pctChg 211 0 0.762875 0.237125 
 ----> pctChg 212 1 0.706822 0.293178 
 ----> pctChg 213 0 0.770774 0.229226 
 ----> pctChg 214 0 0.756889 0.243111 
 ----> pctChg 215 0 0.772371 0.227629 
 ----> pctChg 216 0 0.756629 0.243371 
 ----> pctChg 217 0 0.761142 0.238858 
 ----> pctChg 218 0 0.760388 0.239612 
 ----> pctChg 219 0 0.767104 0.232896 
 ----> pctChg 220 0 0.771635 0.228365 
 ----> pctChg 221 0 0.775949 0.224051 
 ----> pctChg 222 0 0.758348 0.241652 
 ----> pctChg 223 0 0.743328 0.256672 
 ----> pctChg 224 0 0.771327 0.228673 
 ----> pctChg 225 0 0.737948 0.262052 
 ----> pctChg 226 0 0.766625 0.233375 
 ----> pctChg 227 0 0.760166 0.239834 
 ----> pctChg 228 0 0.747205 0.252795 
 ----> pctChg 229 0 0.74651 0.25349 
 ----> pctChg 230 1 0.727408 0.272592 
 ----> pctChg 231 0 0.770469 0.229531 
 ----> pctChg 232 1 0.722282 0.277718 
 ----> pctChg 233 0 0.780193 0.219807 
 ----> pctChg 234 1 0.706752 0.293248 
 ----> pctChg 235 0 0.756211 0.243789 
 ----> pctChg 236 0 0.756656 0.243344 
 ----> pctChg 237 0 0.777989 0.222011 
 ----> pctChg 238 0 0.758635 0.241365 
 ----> pctChg 239 1 0.720392 0.279608 
 ----> pctChg 240 0 0.755056 0.244944 
 ----> pctChg 241 0 0.748943 0.251057 
 ----> pctChg 242 0 0.753974 0.246026 
 ----> pctChg 243 0 0.760345 0.239655 
 ----> pctChg 244 0 0.752702 0.247298 
 ----> pctChg 245 0 0.758733 0.241267 
 ----> pctChg 246 0 0.75367 0.24633 
 ----> pctChg 247 1 0.740713 0.259287 
 ----> pctChg 248 0 0.743408 0.256592 
 ----> pctChg 249 0 0.760924 0.239076 
 ----> pctChg 250 0 0.752536 0.247464 
 ----> pctChg 251 0 0.761032 0.238968 
 ----> pctChg 252 0 0.771959 0.228041 
 ----> pctChg 253 0 0.74329 0.25671 
 ----> pctChg 254 0 0.751865 0.248135 
 ----> pctChg 255 1 0.73521 0.26479 
 ----> pctChg 256 0 0.77034 0.22966 
 ----> pctChg 257 0 0.785374 0.214626 
 ----> pctChg 258 1 0.695181 0.304819 
 ----> pctChg 259 0 0.748837 0.251163 
 ----> pctChg 260 0 0.751387 0.248613 
 ----> pctChg 261 1 0.738829 0.261171 
 ----> pctChg 262 0 0.775603 0.224397 
 ----> pctChg 263 0 0.763561 0.236439 
 ----> pctChg 264 0 0.773635 0.226365 
 ----> pctChg 265 0 0.757733 0.242267 
 ----> pctChg 266 0 0.761825 0.238175 
 ----> pctChg 267 1 0.723085 0.276915 
 ----> pctChg 268 0 0.740418 0.259582 
 ----> pctChg 269 0 0.750123 0.249877 
 ----> pctChg 270 0 0.760378 0.239622 
 ----> pctChg 271 0 0.776304 0.223696 
 ----> pctChg 272 0 0.769104 0.230896 
 ----> pctChg 273 1 0.714409 0.285591 
 ----> pctChg 274 0 0.761178 0.238822 
 ----> pctChg 275 1 0.726294 0.273706 
 ----> pctChg 276 0 0.772898 0.227102 
 ----> pctChg 277 1 0.709487 0.290513 
 ----> pctChg 278 0 0.784529 0.215471 
 ----> pctChg 279 0 0.756002 0.243998 
 ----> pctChg 280 0 0.773773 0.226227 
 ----> pctChg 281 0 0.769956 0.230044 
 ----> pctChg 282 0 0.75431 0.24569 
 ----> pctChg 283 0 0.769649 0.230351 
 ----> pctChg 284 0 0.758034 0.241966 
 ----> pctChg 285 0 0.764838 0.235162 
 ----> pctChg 286 0 0.756646 0.243354 
 ----> pctChg 287 0 0.774462 0.225538 
 ----> pctChg 288 1 0.716393 0.283607 
 ----> pctChg 289 0 0.784172 0.215828 
 ----> pctChg 290 1 0.729445 0.270555 
 ----> pctChg 291 0 0.761727 0.238273 
 ----> pctChg 292 0 0.753167 0.246833 
 ----> pctChg 293 0 0.758147 0.241853 
 ----> pctChg 294 1 0.713516 0.286484 
 ----> pctChg 295 0 0.781175 0.218825 
 ----> pctChg 296 1 0.733393 0.266607 
 ----> pctChg 297 0 0.752517 0.247483 
 ----> pctChg 298 0 0.76736 0.23264 
 ----> pctChg 299 0 0.749511 0.250489 
 ----> pctChg 300 0 0.752635 0.247365 
 ----> pctChg 301 1 0.726764 0.273236 
 ----> pctChg 302 1 0.738327 0.261673 
 ----> pctChg 303 0 0.751524 0.248476 
 ----> pctChg 304 0 0.757249 0.242751 
 ----> pctChg 305 1 0.714671 0.285329 
 ----> pctChg 306 0 0.77045 0.22955 
 ----> pctChg 307 1 0.687939 0.312061 
 ----> pctChg 308 0 0.77919 0.22081 
 ----> pctChg 309 0 0.785778 0.214222 
 ----> pctChg 310 0 0.771562 0.228438 
 ----> pctChg 311 0 0.759057 0.240943 
 ----> pctChg 312 1 0.708635 0.291365 
 ----> pctChg 313 0 0.75634 0.24366 
 ----> pctChg 314 0 0.761951 0.238049 
 ----> pctChg 315 0 0.746388 0.253612 
 ----> pctChg 316 1 0.722383 0.277617 
 ----> pctChg 317 0 0.769204 0.230796 
 ----> pctChg 318 0 0.753407 0.246593 
 ----> pctChg 319 0 0.758363 0.241637 
 ----> pctChg 320 0 0.761163 0.238837 
 ----> pctChg 321 0 0.752413 0.247587 
 ----> pctChg 322 1 0.7276 0.2724 
 ----> pctChg 323 0 0.767071 0.232929 
 ----> pctChg 324 1 0.713169 0.286831 
 ----> pctChg 325 0 0.78421 0.21579 
 ----> pctChg 326 0 0.751846 0.248154 
 ----> pctChg 327 1 0.735774 0.264226 
 ----> pctChg 328 0 0.777524 0.222476 
 ----> pctChg 329 1 0.706038 0.293962 
 ----> pctChg 330 1 0.749926 0.250074 
 ----> pctChg 331 0 0.767043 0.232957 
 ----> pctChg 332 1 0.725574 0.274426 
 ----> pctChg 333 0 0.768302 0.231698 
 ----> pctChg 334 0 0.762718 0.237282 
 ----> pctChg 335 0 0.769239 0.230761 
 ----> pctChg 336 1 0.717955 0.282045 
 ----> pctChg 337 0 0.77535 0.22465 
 ----> pctChg 338 1 0.719891 0.280109 
 ----> pctChg 339 0 0.756996 0.243004 
 ----> pctChg 340 1 0.727211 0.272789 
 ----> pctChg 341 0 0.770756 0.229244 
 ----> pctChg 342 1 0.705429 0.294571 
 ----> pctChg 343 0 0.749469 0.250531 
 ----> pctChg 344 0 0.755922 0.244078 
 ----> pctChg 345 0 0.766729 0.233271 
 ----> pctChg 346 1 0.736559 0.263441 
 ----> pctChg 347 0 0.757789 0.242211 
 ----> pctChg 348 0 0.747135 0.252865 
 ----> pctChg 349 0 0.773959 0.226041 
 ----> pctChg 350 0 0.743863 0.256137 
 ----> pctChg 351 0 0.758985 0.241015 
 ----> pctChg 352 0 0.75189 0.24811 
 ----> pctChg 353 1 0.72592 0.27408 
 ----> pctChg 354 1 0.716297 0.283703 
 ----> pctChg 355 0 0.751058 0.248942 
 ----> pctChg 356 0 0.768025 0.231975 
 ----> pctChg 357 1 0.721462 0.278538 
 ----> pctChg 358 0 0.766177 0.233823 
 ----> pctChg 359 1 0.713634 0.286366 
 ----> pctChg 360 1 0.7406 0.2594 
 ----> pctChg 361 0 0.751799 0.248201 
 ----> pctChg 362 0 0.759415 0.240585 
 ----> pctChg 363 0 0.748719 0.251281 
 ----> pctChg 364 1 0.718568 0.281432 
 ----> pctChg 365 0 0.74901 0.25099 
 ----> pctChg 366 0 0.756264 0.243736 
 ----> pctChg 367 0 0.763161 0.236839 
 ----> pctChg 368 0 0.765327 0.234673 
 ----> pctChg 369 0 0.759623 0.240377 
 ----> pctChg 370 0 0.742835 0.257165 
 ----> pctChg 371 0 0.791422 0.208578 
 ----> pctChg 372 0 0.766678 0.233322 
 ----> pctChg 373 0 0.765257 0.234743 
 ----> pctChg 374 1 0.71886 0.28114 
 ----> pctChg 375 0 0.755863 0.244137 
 ----> pctChg 376 0 0.751778 0.248222 
 ----> pctChg 377 1 0.732493 0.267507 
 ----> pctChg 378 0 0.758467 0.241533 
 ----> pctChg 379 0 0.760088 0.239912 
 ----> pctChg 380 0 0.75211 0.24789 
 ----> pctChg 381 0 0.772394 0.227606 
 ----> pctChg 382 0 0.773202 0.226798 
 ----> pctChg 383 1 0.717956 0.282044 
 ----> pctChg 384 0 0.76385 0.23615 
 ----> pctChg 385 1 0.70492 0.29508 
 ----> pctChg 386 0 0.750937 0.249063 
 ----> pctChg 387 1 0.719234 0.280766 
 ----> pctChg 388 1 0.717664 0.282336 
 ----> pctChg 389 0 0.76944 0.23056 
 ----> pctChg 390 0 0.76848 0.23152 
 ----> pctChg 391 0 0.755366 0.244634 
 ----> pctChg 392 0 0.745049 0.254951 
 ----> pctChg 393 1 0.728286 0.271714 
 ----> pctChg 394 0 0.760992 0.239008 
 ----> pctChg 395 0 0.765737 0.234263 
 ----> pctChg 396 0 0.751909 0.248091 
 ----> pctChg 397 0 0.77035 0.22965 
 ----> pctChg 398 0 0.753135 0.246865 
 ----> pctChg 399 1 0.739513 0.260487 
 ----> pctChg 400 1 0.716093 0.283907 
 ----> pctChg 401 0 0.77676 0.22324 
 ----> pctChg 402 1 0.727635 0.272365 
 ----> pctChg 403 0 0.756589 0.243411 
 ----> pctChg 404 0 0.753143 0.246857 
 ----> pctChg 405 0 0.748001 0.251999 
 ----> pctChg 406 1 0.734165 0.265835 
 ----> pctChg 407 0 0.748296 0.251704 
 ----> pctChg 408 0 0.747382 0.252618 
 ----> pctChg 409 0 0.749215 0.250785 
 ----> pctChg 410 0 0.756251 0.243749 
 ----> pctChg 411 0 0.744607 0.255393 
 ----> pctChg 412 1 0.735259 0.264741 
 ----> pctChg 413 1 0.710101 0.289899 
 ----> pctChg 414 0 0.784983 0.215017 
 ----> pctChg 415 0 0.753436 0.246564 
 ----> pctChg 416 0 0.77775 0.22225 
 ----> pctChg 417 1 0.72716 0.27284 
 ----> pctChg 418 0 0.755686 0.244314 
 ----> pctChg 419 0 0.772598 0.227402 
 ----> pctChg 420 0 0.75244 0.24756 
 ----> pctChg 421 0 0.744583 0.255417 
 ----> pctChg 422 0 0.757112 0.242888 
 ----> pctChg 423 0 0.772955 0.227045 
 ----> pctChg 424 0 0.771722 0.228278 
 ----> pctChg 425 0 0.760064 0.239936 
 ----> pctChg 426 0 0.753862 0.246138 
 ----> pctChg 427 0 0.785853 0.214147 
 ----> pctChg 428 0 0.743912 0.256088 
 ----> pctChg 429 0 0.77169 0.22831 
 ----> pctChg 430 0 0.786559 0.213441 
 ----> pctChg 431 1 0.680958 0.319042 
 ----> pctChg 432 0 0.763126 0.236874 
 ----> pctChg 433 0 0.751354 0.248646 
 ----> pctChg 434 0 0.767158 0.232842 
 ----> pctChg 435 1 0.718213 0.281787 
 ----> pctChg 436 0 0.772356 0.227644 
 ----> pctChg 437 0 0.763656 0.236344 
 ----> pctChg 438 0 0.763404 0.236596 
 ----> pctChg 439 1 0.716229 0.283771 
 ----> pctChg 440 0 0.765247 0.234753 
 ----> pctChg 441 0 0.769427 0.230573 
 ----> pctChg 442 1 0.703861 0.296139 
 ----> pctChg 443 0 0.773404 0.226596 
 ----> pctChg 444 0 0.756172 0.243828 
 ----> pctChg 445 0 0.738862 0.261138 
 ----> pctChg 446 0 0.769825 0.230175 
 ----> pctChg 447 0 0.754488 0.245512 
 ----> pctChg 448 0 0.763429 0.236571 
 ----> pctChg 449 0 0.765088 0.234912 
 ----> pctChg 450 1 0.746029 0.253971 
 ----> pctChg 451 1 0.720754 0.279246 
 ----> pctChg 452 0 0.749598 0.250402 
 ----> pctChg 453 0 0.753302 0.246698 
 ----> pctChg 454 0 0.761295 0.238705 
 ----> pctChg 455 0 0.766204 0.233796 
 ----> pctChg 456 0 0.758739 0.241261 
 ----> pctChg 457 0 0.740025 0.259975 
 ----> pctChg 458 0 0.759077 0.240923 
 ----> pctChg 459 0 0.771308 0.228692 
 ----> pctChg 460 0 0.748794 0.251206 
 ----> pctChg 461 0 0.753825 0.246175 
 ----> pctChg 462 0 0.769405 0.230595 
 ----> pctChg 463 1 0.740624 0.259376 
 ----> pctChg 464 0 0.772703 0.227297 
 ----> pctChg 465 1 0.731323 0.268677 
 ----> pctChg 466 0 0.763273 0.236727 
 ----> pctChg 467 1 0.714075 0.285925 
 ----> pctChg 468 0 0.758394 0.241606 
 ----> pctChg 469 0 0.743218 0.256782 
 ----> pctChg 470 0 0.751789 0.248211 
 ----> pctChg 471 1 0.732078 0.267922 
 ----> pctChg 472 0 0.76016 0.23984 
 ----> pctChg 473 0 0.751738 0.248262 
 ----> pctChg 474 0 0.767812 0.232188 
 ----> pctChg 475 0 0.765744 0.234256 
 ----> pctChg 476 0 0.757146 0.242854 
 ----> pctChg 477 1 0.752206 0.247794 
 ----> pctChg 478 0 0.754804 0.245196 
 ----> pctChg 479 0 0.758855 0.241145 
 ----> pctChg 480 0 0.765839 0.234161 
 ----> pctChg 481 0 0.752963 0.247037 
 ----> pctChg 482 0 0.744111 0.255889 
 ----> pctChg 483 0 0.751734 0.248266 
 ----> pctChg 484 0 0.755578 0.244422 
 ----> pctChg 485 1 0.727136 0.272864 
 ----> pctChg 486 0 0.760445 0.239555 
 ----> pctChg 487 0 0.755159 0.244841 
 ----> pctChg 488 0 0.771017 0.228983 
 ----> pctChg 489 0 0.760808 0.239192 
 ----> pctChg 490 0 0.754085 0.245915 
 ----> pctChg 491 1 0.727211 0.272789 
 ----> pctChg 492 0 0.764256 0.235744 
 ----> pctChg 493 1 0.716442 0.283558 
 ----> pctChg 494 0 0.76124 0.23876 
 ----> pctChg 495 0 0.758971 0.241029 
 ----> pctChg 496 0 0.746766 0.253234 
 ----> pctChg 497 0 0.766315 0.233685 
 ----> pctChg 498 1 0.724916 0.275084 
 ----> pctChg 499 0 0.760421 0.239579 
 ----> pctChg 500 1 0.725646 0.274354 
 ----> pctChg 501 0 0.762532 0.237468 
 ----> pctChg 502 1 0.735075 0.264925 
 ----> pctChg 503 1 0.742034 0.257966 
 ----> pctChg 504 0 0.764822 0.235178 
 ----> pctChg 505 0 0.760807 0.239193 
 ----> pctChg 506 0 0.746419 0.253581 
 ----> pctChg 507 1 0.744365 0.255635 
 ----> pctChg 508 0 0.763834 0.236166 
 ----> pctChg 509 1 0.732257 0.267743 
 ----> pctChg 510 0 0.770008 0.229992 
 ----> pctChg 511 0 0.754799 0.245201 
 ----> pctChg 512 1 0.711586 0.288414 
 ----> pctChg 513 0 0.762639 0.237361 
 ----> pctChg 514 1 0.731293 0.268707 
 ----> pctChg 515 0 0.763077 0.236923 
 ----> pctChg 516 0 0.748922 0.251078 
 ----> pctChg 517 1 0.715493 0.284507 
 ----> pctChg 518 0 0.771658 0.228342 
 ----> pctChg 519 0 0.761842 0.238158 
 ----> pctChg 520 0 0.744409 0.255591 
 ----> pctChg 521 0 0.752193 0.247807 
 ----> pctChg 522 0 0.771539 0.228461 
 ----> pctChg 523 1 0.725699 0.274301 
 ----> pctChg 524 0 0.776139 0.223861 
 ----> pctChg 525 1 0.712795 0.287205 
 ----> pctChg 526 1 0.733499 0.266501 
 ----> pctChg 527 1 0.724517 0.275483 
 ----> pctChg 528 0 0.753609 0.246391 
 ----> pctChg 529 1 0.732986 0.267014 
 ----> pctChg 530 0 0.753055 0.246945 
 ----> pctChg 531 0 0.762016 0.237984 
 ----> pctChg 532 0 0.764264 0.235736 
 ----> pctChg 533 1 0.730265 0.269735 
 ----> pctChg 534 1 0.730548 0.269452 
 ----> pctChg 535 0 0.758228 0.241772 
 ----> pctChg 536 0 0.769006 0.230994 
 ----> pctChg 537 0 0.758195 0.241805 
 ----> pctChg 538 0 0.770564 0.229436 
 ----> pctChg 539 0 0.761441 0.238559 
 ----> pctChg 540 0 0.754657 0.245343 
 ----> pctChg 541 0 0.750652 0.249348 
 ----> pctChg 542 0 0.759943 0.240057 
 ----> pctChg 543 0 0.758272 0.241728 
 ----> pctChg 544 0 0.77271 0.22729 
 ----> pctChg 545 0 0.776383 0.223617 
 ----> pctChg 546 0 0.757976 0.242024 
 ----> pctChg 547 0 0.763517 0.236483 
 ----> pctChg 548 1 0.743144 0.256856 
 ----> pctChg 549 0 0.769626 0.230374 
 ----> pctChg 550 0 0.756483 0.243517 
 ----> pctChg 551 0 0.755439 0.244561 
 ----> pctChg 552 1 0.730843 0.269157 
 ----> pctChg 553 1 0.733735 0.266265 
 ----> pctChg 554 0 0.765613 0.234387 
 ----> pctChg 555 1 0.698188 0.301812 
 ----> pctChg 556 0 0.777778 0.222222 
 ----> pctChg 557 1 0.726246 0.273754 
 ----> pctChg 558 0 0.746358 0.253642 
 ----> pctChg 559 0 0.756916 0.243084 
 ----> pctChg 560 0 0.757974 0.242026 
 ----> pctChg 561 0 0.763825 0.236175 
 ----> pctChg 562 0 0.771495 0.228505 
 ----> pctChg 563 0 0.770252 0.229748 
 ----> pctChg 564 0 0.752997 0.247003 
 ----> pctChg 565 0 0.76378 0.23622 
 ----> pctChg 566 0 0.76043 0.23957 
 ----> pctChg 567 0 0.742142 0.257858 
 ----> pctChg 568 0 0.763417 0.236583 
 ----> pctChg 569 0 0.776825 0.223175 
 ----> pctChg 570 0 0.75466 0.24534 
 ----> pctChg 571 0 0.767503 0.232497 
 ----> pctChg 572 0 0.787671 0.212329 
 ----> pctChg 573 1 0.715398 0.284602 
 ----> pctChg 574 0 0.768064 0.231936 
 ----> pctChg 575 0 0.770784 0.229216 
 ----> pctChg 576 0 0.768065 0.231935 
 ----> pctChg 577 0 0.763863 0.236137 
 ----> pctChg 578 0 0.756682 0.243318 
 ----> pctChg 579 0 0.752319 0.247681 
 ----> pctChg 580 0 0.756461 0.243539 
 ----> pctChg 581 0 0.745571 0.254429 
 ----> pctChg 582 1 0.737278 0.262722 
 ----> pctChg 583 0 0.744772 0.255228 
 ----> pctChg 584 0 0.786393 0.213607 
 ----> pctChg 585 0 0.757004 0.242996 
 ----> pctChg 586 0 0.771938 0.228062 
 ----> pctChg 587 0 0.740175 0.259825 
 ----> pctChg 588 0 0.759307 0.240693 
 ----> pctChg 589 1 0.726395 0.273605 
 ----> pctChg 590 0 0.759332 0.240668 
 ----> pctChg 591 0 0.759708 0.240292 
 ----> pctChg 592 0 0.754754 0.245246 
 ----> pctChg 593 0 0.752327 0.247673 
 ----> pctChg 594 1 0.723331 0.276669 
 ----> pctChg 595 1 0.720495 0.279505 
 ----> pctChg 596 0 0.766629 0.233371 
 ----> pctChg 597 0 0.749113 0.250887 
 ----> pctChg 598 0 0.746368 0.253632 
 ----> pctChg 599 1 0.708781 0.291219 
 ----> pctChg 600 0 0.780486 0.219514 
 ----> pctChg 601 0 0.756365 0.243635 
 ----> pctChg 602 1 0.697879 0.302121 
 ----> pctChg 603 0 0.758591 0.241409 
 ----> pctChg 604 0 0.751349 0.248651 
 ----> pctChg 605 0 0.74352 0.25648 
 ----> pctChg 606 0 0.748284 0.251716 
 ----> pctChg 607 0 0.770028 0.229972 
 ----> pctChg 608 0 0.75861 0.24139 
 ----> pctChg 609 0 0.764801 0.235199 
 ----> pctChg 610 0 0.76491 0.23509 
 ----> pctChg 611 1 0.7228 0.2772 
 ----> pctChg 612 0 0.762185 0.237815 
 ----> pctChg 613 1 0.714739 0.285261 
 ----> pctChg 614 0 0.749126 0.250874 
 ----> pctChg 615 1 0.710786 0.289214 
 ----> pctChg 616 0 0.750934 0.249066 
 ----> pctChg 617 0 0.740261 0.259739 
 ----> pctChg 618 0 0.763699 0.236301 
 ----> pctChg 619 1 0.722482 0.277518 
 ----> pctChg 620 0 0.739446 0.260554 
 ----> pctChg 621 0 0.762006 0.237994 
 ----> pctChg 622 1 0.722158 0.277842 
 ----> pctChg 623 1 0.717505 0.282495 
 ----> pctChg 624 0 0.751876 0.248124 
 ----> pctChg 625 0 0.761525 0.238475 
 ----> pctChg 626 0 0.758099 0.241901 
 ----> pctChg 627 0 0.753993 0.246007 
 ----> pctChg 628 0 0.764012 0.235988 
 ----> pctChg 629 0 0.770977 0.229023 
 ----> pctChg 630 0 0.756615 0.243385 
 ----> pctChg 631 0 0.735791 0.264209 
 ----> pctChg 632 0 0.777635 0.222365 
 ----> pctChg 633 0 0.757132 0.242868 
 ----> pctChg 634 0 0.758494 0.241506 
 ----> pctChg 635 0 0.762895 0.237105 
 ----> pctChg 636 0 0.74273 0.25727 
 ----> pctChg 637 0 0.771999 0.228001 
 ----> pctChg 638 0 0.76488 0.23512 
 ----> pctChg 639 0 0.76261 0.23739 
 ----> pctChg 640 0 0.753149 0.246851 
 ----> pctChg 641 0 0.756151 0.243849 
 ----> pctChg 642 1 0.719979 0.280021 
 ----> pctChg 643 0 0.768697 0.231303 
 ----> pctChg 644 0 0.763167 0.236833 
 ----> pctChg 645 1 0.721223 0.278777 
 ----> pctChg 646 0 0.752989 0.247011 
 ----> pctChg 647 0 0.75482 0.24518 
 ----> pctChg 648 0 0.762997 0.237003 
 ----> pctChg 649 1 0.730624 0.269376 
 ----> pctChg 650 0 0.763662 0.236338 
 ----> pctChg 651 1 0.72853 0.27147 
 ----> pctChg 652 0 0.758504 0.241496 
 ----> pctChg 653 0 0.75576 0.24424 
 ----> pctChg 654 0 0.755722 0.244278 
 ----> pctChg 655 0 0.756073 0.243927 
 ----> pctChg 656 0 0.75491 0.24509 
 ----> pctChg 657 0 0.760827 0.239173 
 ----> pctChg 658 0 0.754945 0.245055 
 ----> pctChg 659 0 0.746538 0.253462 
 ----> pctChg 660 0 0.759104 0.240896 
 ----> pctChg 661 0 0.758511 0.241489 
 ----> pctChg 662 1 0.733149 0.266851 
 ----> pctChg 663 0 0.767434 0.232566 
 ----> pctChg 664 1 0.720288 0.279712 
 ----> pctChg 665 0 0.763608 0.236392 
 ----> pctChg 666 0 0.750812 0.249188 
 ----> pctChg 667 0 0.754467 0.245533 
 ----> pctChg 668 0 0.744512 0.255488 
 ----> pctChg 669 0 0.754431 0.245569 
 ----> pctChg 670 0 0.753035 0.246965 
 ----> pctChg 671 0 0.738321 0.261679 
 ----> pctChg 672 0 0.757248 0.242752 
 ----> pctChg 673 1 0.717362 0.282638 
 ----> pctChg 674 0 0.763636 0.236364 
 ----> pctChg 675 1 0.71283 0.28717 
 ----> pctChg 676 0 0.756933 0.243067 
 ----> pctChg 677 0 0.754317 0.245683 
 ----> pctChg 678 0 0.751651 0.248349 
 ----> pctChg 679 0 0.758733 0.241267 
 ----> pctChg 680 0 0.75039 0.24961 
 ----> pctChg 681 0 0.776397 0.223603 
 ----> pctChg 682 0 0.765477 0.234523 
 ----> pctChg 683 1 0.702918 0.297082 
 ----> pctChg 684 0 0.765856 0.234144 
 ----> pctChg 685 1 0.721862 0.278138 
 ----> pctChg 686 1 0.722413 0.277587 
 ----> pctChg 687 0 0.747787 0.252213 
 ----> pctChg 688 1 0.714497 0.285503 
 ----> pctChg 689 0 0.774686 0.225314 
 ----> pctChg 690 1 0.717822 0.282178 
 ----> pctChg 691 0 0.764053 0.235947 
 ----> pctChg 692 0 0.780684 0.219316 
 ----> pctChg 693 1 0.732742 0.267258 
 ----> pctChg 694 0 0.772834 0.227166 
 ----> pctChg 695 1 0.729036 0.270964 
 ----> pctChg 696 0 0.74568 0.25432 
 ----> pctChg 697 1 0.725042 0.274958 
 ----> pctChg 698 0 0.764454 0.235546 
 ----> pctChg 699 0 0.770355 0.229645 
 ----> pctChg 700 0 0.767802 0.232198 
 ----> pctChg 701 0 0.772015 0.227985 
 ----> pctChg 702 0 0.757193 0.242807 
 ----> pctChg 703 0 0.757675 0.242325 
 ----> pctChg 704 0 0.769335 0.230665 
 ----> pctChg 705 0 0.74693 0.25307 
 ----> pctChg 706 0 0.750442 0.249558 
 ----> pctChg 707 0 0.755402 0.244598 
 ----> pctChg 708 1 0.742785 0.257215 
 ----> pctChg 709 1 0.715399 0.284601 
 ----> pctChg 710 0 0.769426 0.230574 
 ----> pctChg 711 0 0.75758 0.24242 
 ----> pctChg 712 1 0.71264 0.28736 
 ----> pctChg 713 0 0.753637 0.246363 
 ----> pctChg 714 1 0.737085 0.262915 
 ----> pctChg 715 0 0.741661 0.258339 
 ----> pctChg 716 0 0.735309 0.264691 
 ----> pctChg 717 0 0.769419 0.230581 
 ----> pctChg 718 1 0.754052 0.245948 
