 ----> pctChg 1 0 0.707857 0.292143 
 ----> pctChg 2 0 0.74666 0.25334 
 ----> pctChg 3 0 0.737506 0.262494 
 ----> pctChg 4 0 0.745207 0.254793 
 ----> pctChg 5 1 0.745651 0.254349 
 ----> pctChg 6 1 0.787202 0.212798 
 ----> pctChg 7 0 0.890474 0.109526 
 ----> pctChg 8 0 0.730967 0.269033 
 ----> pctChg 9 0 0.736347 0.263653 
 ----> pctChg 10 0 0.754134 0.245866 
 ----> pctChg 11 1 0.739154 0.260846 
 ----> pctChg 12 0 0.771834 0.228166 
 ----> pctChg 13 0 0.726766 0.273234 
 ----> pctChg 14 1 0.766038 0.233962 
 ----> pctChg 15 0 0.797385 0.202615 
 ----> pctChg 16 1 0.666446 0.333554 
 ----> pctChg 17 0 0.840079 0.159921 
 ----> pctChg 18 0 0.717642 0.282358 
 ----> pctChg 19 0 0.741312 0.258688 
 ----> pctChg 20 0 0.750519 0.249481 
 ----> pctChg 21 1 0.756983 0.243017 
 ----> pctChg 22 0 0.746291 0.253709 
 ----> pctChg 23 0 0.752863 0.247137 
 ----> pctChg 24 0 0.80287 0.19713 
 ----> pctChg 25 0 0.757073 0.242927 
 ----> pctChg 26 0 0.71661 0.28339 
 ----> pctChg 27 1 0.745623 0.254377 
 ----> pctChg 28 0 0.752977 0.247023 
 ----> pctChg 29 0 0.724563 0.275437 
 ----> pctChg 30 1 0.720503 0.279497 
 ----> pctChg 31 0 0.749737 0.250263 
 ----> pctChg 32 0 0.731073 0.268927 
 ----> pctChg 33 0 0.778887 0.221113 
 ----> pctChg 34 0 0.731561 0.268439 
 ----> pctChg 35 1 0.820823 0.179177 
 ----> pctChg 36 0 0.744657 0.255343 
 ----> pctChg 37 0 0.729841 0.270159 
 ----> pctChg 38 1 0.75028 0.24972 
 ----> pctChg 39 1 0.760358 0.239642 
 ----> pctChg 40 0 0.761857 0.238143 
 ----> pctChg 41 0 0.747189 0.252811 
 ----> pctChg 42 0 0.770679 0.229321 
 ----> pctChg 43 0 0.745819 0.254181 
 ----> pctChg 44 0 0.737419 0.262581 
 ----> pctChg 45 0 0.751631 0.248369 
 ----> pctChg 46 0 0.735669 0.264331 
 ----> pctChg 47 0 0.757278 0.242722 
 ----> pctChg 48 0 0.792414 0.207586 
 ----> pctChg 49 1 0.733351 0.266649 
 ----> pctChg 50 1 0.761018 0.238982 
 ----> pctChg 51 0 0.780938 0.219062 
 ----> pctChg 52 0 0.740802 0.259198 
 ----> pctChg 53 0 0.750738 0.249262 
 ----> pctChg 54 1 0.72811 0.27189 
 ----> pctChg 55 1 0.736523 0.263477 
 ----> pctChg 56 0 0.791171 0.208829 
 ----> pctChg 57 1 0.742863 0.257137 
 ----> pctChg 58 0 0.796025 0.203975 
 ----> pctChg 59 0 0.722154 0.277846 
 ----> pctChg 60 0 0.779871 0.220129 
 ----> pctChg 61 0 0.706522 0.293478 
 ----> pctChg 62 0 0.765688 0.234312 
 ----> pctChg 63 0 0.794717 0.205283 
 ----> pctChg 64 1 0.6535 0.3465 
 ----> pctChg 65 0 0.744447 0.255553 
 ----> pctChg 66 1 0.746907 0.253093 
 ----> pctChg 67 0 0.730115 0.269885 
 ----> pctChg 68 0 0.724649 0.275351 
 ----> pctChg 69 0 0.735445 0.264555 
 ----> pctChg 70 0 0.760037 0.239963 
 ----> pctChg 71 0 0.804984 0.195016 
 ----> pctChg 72 0 0.764244 0.235756 
 ----> pctChg 73 0 0.737044 0.262956 
 ----> pctChg 74 0 0.808243 0.191757 
 ----> pctChg 75 1 0.699597 0.300403 
 ----> pctChg 76 0 0.775631 0.224369 
 ----> pctChg 77 0 0.691544 0.308456 
 ----> pctChg 78 0 0.73622 0.26378 
 ----> pctChg 79 0 0.731464 0.268536 
 ----> pctChg 80 0 0.804223 0.195777 
 ----> pctChg 81 1 0.716841 0.283159 
 ----> pctChg 82 0 0.761032 0.238968 
 ----> pctChg 83 0 0.737463 0.262537 
 ----> pctChg 84 0 0.757916 0.242084 
 ----> pctChg 85 0 0.798559 0.201441 
 ----> pctChg 86 1 0.704289 0.295711 
 ----> pctChg 87 0 0.769764 0.230236 
 ----> pctChg 88 1 0.710344 0.289656 
 ----> pctChg 89 0 0.747471 0.252529 
 ----> pctChg 90 1 0.728381 0.271619 
 ----> pctChg 91 1 0.737074 0.262926 
 ----> pctChg 92 0 0.764068 0.235932 
 ----> pctChg 93 1 0.76379 0.23621 
 ----> pctChg 94 0 0.765236 0.234764 
 ----> pctChg 95 0 0.747289 0.252711 
 ----> pctChg 96 1 0.781492 0.218508 
 ----> pctChg 97 0 0.758152 0.241848 
 ----> pctChg 98 1 0.756719 0.243281 
 ----> pctChg 99 0 0.765142 0.234858 
 ----> pctChg 100 0 0.742889 0.257111 
 ----> pctChg 101 0 0.740113 0.259887 
 ----> pctChg 102 0 0.755705 0.244295 
 ----> pctChg 103 1 0.729074 0.270926 
 ----> pctChg 104 0 0.756108 0.243892 
 ----> pctChg 105 0 0.775583 0.224417 
 ----> pctChg 106 0 0.727733 0.272267 
 ----> pctChg 107 0 0.746168 0.253832 
 ----> pctChg 108 0 0.763635 0.236365 
 ----> pctChg 109 0 0.751556 0.248444 
 ----> pctChg 110 0 0.794818 0.205182 
 ----> pctChg 111 0 0.803621 0.196379 
 ----> pctChg 112 0 0.74377 0.25623 
 ----> pctChg 113 0 0.730068 0.269932 
 ----> pctChg 114 0 0.769941 0.230059 
 ----> pctChg 115 0 0.726864 0.273136 
 ----> pctChg 116 1 0.732902 0.267098 
 ----> pctChg 117 0 0.819282 0.180718 
 ----> pctChg 118 0 0.769777 0.230223 
 ----> pctChg 119 0 0.788084 0.211916 
 ----> pctChg 120 0 0.773697 0.226303 
 ----> pctChg 121 1 0.728181 0.271819 
 ----> pctChg 122 0 0.753226 0.246774 
 ----> pctChg 123 0 0.733854 0.266146 
 ----> pctChg 124 0 0.78221 0.21779 
 ----> pctChg 125 1 0.737575 0.262425 
 ----> pctChg 126 0 0.766795 0.233205 
 ----> pctChg 127 1 0.750817 0.249183 
 ----> pctChg 128 0 0.807763 0.192237 
 ----> pctChg 129 0 0.783085 0.216915 
 ----> pctChg 130 0 0.734709 0.265291 
 ----> pctChg 131 0 0.748535 0.251465 
 ----> pctChg 132 0 0.755363 0.244637 
 ----> pctChg 133 0 0.776586 0.223414 
 ----> pctChg 134 0 0.790793 0.209207 
 ----> pctChg 135 1 0.666627 0.333373 
 ----> pctChg 136 0 0.769885 0.230115 
 ----> pctChg 137 1 0.70054 0.29946 
 ----> pctChg 138 0 0.768769 0.231231 
 ----> pctChg 139 1 0.749049 0.250951 
 ----> pctChg 140 0 0.703624 0.296376 
 ----> pctChg 141 0 0.768535 0.231465 
 ----> pctChg 142 1 0.755421 0.244579 
 ----> pctChg 143 0 0.82196 0.17804 
 ----> pctChg 144 0 0.727624 0.272376 
 ----> pctChg 145 0 0.724796 0.275204 
 ----> pctChg 146 1 0.741243 0.258757 
 ----> pctChg 147 1 0.740843 0.259157 
 ----> pctChg 148 0 0.769348 0.230652 
 ----> pctChg 149 0 0.713336 0.286664 
 ----> pctChg 150 1 0.731377 0.268623 
 ----> pctChg 151 0 0.764487 0.235513 
 ----> pctChg 152 0 0.799328 0.200672 
 ----> pctChg 153 1 0.725044 0.274956 
 ----> pctChg 154 0 0.778189 0.221811 
 ----> pctChg 155 0 0.718789 0.281211 
 ----> pctChg 156 1 0.735379 0.264621 
 ----> pctChg 157 1 0.724946 0.275054 
 ----> pctChg 158 0 0.784911 0.215089 
 ----> pctChg 159 0 0.723683 0.276317 
 ----> pctChg 160 0 0.802948 0.197052 
 ----> pctChg 161 0 0.735594 0.264406 
 ----> pctChg 162 0 0.789607 0.210393 
 ----> pctChg 163 0 0.774631 0.225369 
 ----> pctChg 164 1 0.7103 0.2897 
 ----> pctChg 165 1 0.720344 0.279656 
 ----> pctChg 166 0 0.768555 0.231445 
 ----> pctChg 167 0 0.701462 0.298538 
 ----> pctChg 168 0 0.735663 0.264337 
 ----> pctChg 169 1 0.688687 0.311313 
 ----> pctChg 170 0 0.778981 0.221019 
 ----> pctChg 171 0 0.767709 0.232291 
 ----> pctChg 172 0 0.759905 0.240095 
 ----> pctChg 173 0 0.761785 0.238215 
 ----> pctChg 174 0 0.754363 0.245637 
 ----> pctChg 175 1 0.730031 0.269969 
 ----> pctChg 176 0 0.793212 0.206788 
 ----> pctChg 177 1 0.743743 0.256257 
 ----> pctChg 178 0 0.753424 0.246576 
 ----> pctChg 179 0 0.751448 0.248552 
 ----> pctChg 180 0 0.719132 0.280868 
 ----> pctChg 181 0 0.782583 0.217417 
 ----> pctChg 182 1 0.619236 0.380764 
 ----> pctChg 183 0 0.796482 0.203518 
 ----> pctChg 184 1 0.672854 0.327146 
 ----> pctChg 185 0 0.778422 0.221578 
 ----> pctChg 186 0 0.739369 0.260631 
 ----> pctChg 187 0 0.776009 0.223991 
 ----> pctChg 188 1 0.740816 0.259184 
 ----> pctChg 189 1 0.74641 0.25359 
 ----> pctChg 190 0 0.811599 0.188401 
 ----> pctChg 191 0 0.805214 0.194786 
 ----> pctChg 192 1 0.743326 0.256674 
 ----> pctChg 193 0 0.766434 0.233566 
 ----> pctChg 194 0 0.769668 0.230332 
 ----> pctChg 195 0 0.737387 0.262613 
 ----> pctChg 196 0 0.776456 0.223544 
 ----> pctChg 197 0 0.786121 0.213879 
 ----> pctChg 198 0 0.745429 0.254571 
 ----> pctChg 199 0 0.752454 0.247546 
 ----> pctChg 200 0 0.78928 0.21072 
 ----> pctChg 201 1 0.731919 0.268081 
 ----> pctChg 202 1 0.772517 0.227483 
 ----> pctChg 203 0 0.778534 0.221466 
 ----> pctChg 204 1 0.712176 0.287824 
 ----> pctChg 205 0 0.74291 0.25709 
 ----> pctChg 206 0 0.754008 0.245992 
 ----> pctChg 207 1 0.754573 0.245427 
 ----> pctChg 208 0 0.793963 0.206037 
 ----> pctChg 209 1 0.69452 0.30548 
 ----> pctChg 210 0 0.781461 0.218539 
 ----> pctChg 211 0 0.788085 0.211915 
 ----> pctChg 212 1 0.697335 0.302665 
 ----> pctChg 213 0 0.748698 0.251302 
 ----> pctChg 214 0 0.750921 0.249079 
 ----> pctChg 215 0 0.764451 0.235549 
 ----> pctChg 216 0 0.689695 0.310305 
 ----> pctChg 217 0 0.761503 0.238497 
 ----> pctChg 218 0 0.750959 0.249041 
 ----> pctChg 219 0 0.764401 0.235599 
 ----> pctChg 220 0 0.77332 0.22668 
 ----> pctChg 221 0 0.797198 0.202802 
 ----> pctChg 222 0 0.753331 0.246669 
 ----> pctChg 223 0 0.724084 0.275916 
 ----> pctChg 224 0 0.755327 0.244673 
 ----> pctChg 225 0 0.749149 0.250851 
 ----> pctChg 226 0 0.757964 0.242036 
 ----> pctChg 227 0 0.749656 0.250344 
 ----> pctChg 228 0 0.765749 0.234251 
 ----> pctChg 229 0 0.764891 0.235109 
 ----> pctChg 230 1 0.716106 0.283894 
 ----> pctChg 231 0 0.73874 0.26126 
 ----> pctChg 232 1 0.66087 0.33913 
 ----> pctChg 233 0 0.823874 0.176126 
 ----> pctChg 234 1 0.669882 0.330118 
 ----> pctChg 235 0 0.765982 0.234018 
 ----> pctChg 236 0 0.785244 0.214756 
 ----> pctChg 237 0 0.778716 0.221284 
 ----> pctChg 238 0 0.80962 0.19038 
 ----> pctChg 239 1 0.749136 0.250864 
 ----> pctChg 240 0 0.740474 0.259526 
 ----> pctChg 241 0 0.72465 0.27535 
 ----> pctChg 242 0 0.76633 0.23367 
 ----> pctChg 243 0 0.758929 0.241071 
 ----> pctChg 244 0 0.750783 0.249217 
 ----> pctChg 245 0 0.784457 0.215543 
 ----> pctChg 246 0 0.729654 0.270346 
 ----> pctChg 247 1 0.733602 0.266398 
 ----> pctChg 248 0 0.730029 0.269971 
 ----> pctChg 249 0 0.800938 0.199062 
 ----> pctChg 250 0 0.727824 0.272176 
 ----> pctChg 251 0 0.758661 0.241339 
 ----> pctChg 252 0 0.782088 0.217912 
 ----> pctChg 253 0 0.747209 0.252791 
 ----> pctChg 254 0 0.769828 0.230172 
 ----> pctChg 255 1 0.740202 0.259798 
 ----> pctChg 256 0 0.787759 0.212241 
 ----> pctChg 257 0 0.782342 0.217658 
 ----> pctChg 258 1 0.720581 0.279419 
 ----> pctChg 259 0 0.720353 0.279647 
 ----> pctChg 260 0 0.727713 0.272287 
 ----> pctChg 261 1 0.714589 0.285411 
 ----> pctChg 262 0 0.765878 0.234122 
 ----> pctChg 263 0 0.770683 0.229317 
 ----> pctChg 264 0 0.768709 0.231291 
 ----> pctChg 265 0 0.741399 0.258601 
 ----> pctChg 266 0 0.777361 0.222639 
 ----> pctChg 267 1 0.745128 0.254872 
 ----> pctChg 268 0 0.749332 0.250668 
 ----> pctChg 269 0 0.731055 0.268945 
 ----> pctChg 270 0 0.773344 0.226656 
 ----> pctChg 271 0 0.79328 0.20672 
 ----> pctChg 272 0 0.734646 0.265354 
 ----> pctChg 273 1 0.735804 0.264196 
 ----> pctChg 274 0 0.728026 0.271974 
 ----> pctChg 275 1 0.716851 0.283149 
 ----> pctChg 276 0 0.806991 0.193009 
 ----> pctChg 277 1 0.712675 0.287325 
 ----> pctChg 278 0 0.7411 0.2589 
 ----> pctChg 279 0 0.758482 0.241518 
 ----> pctChg 280 0 0.739838 0.260162 
 ----> pctChg 281 0 0.770408 0.229592 
 ----> pctChg 282 0 0.754284 0.245716 
 ----> pctChg 283 0 0.769857 0.230143 
 ----> pctChg 284 0 0.732115 0.267885 
 ----> pctChg 285 0 0.765016 0.234984 
 ----> pctChg 286 0 0.746382 0.253618 
 ----> pctChg 287 0 0.778005 0.221995 
 ----> pctChg 288 1 0.75119 0.24881 
 ----> pctChg 289 0 0.742154 0.257846 
 ----> pctChg 290 1 0.739762 0.260238 
 ----> pctChg 291 0 0.777127 0.222873 
 ----> pctChg 292 0 0.796004 0.203996 
 ----> pctChg 293 0 0.755415 0.244585 
 ----> pctChg 294 1 0.714747 0.285253 
 ----> pctChg 295 0 0.772126 0.227874 
 ----> pctChg 296 1 0.717703 0.282297 
 ----> pctChg 297 0 0.804545 0.195455 
 ----> pctChg 298 0 0.775107 0.224893 
 ----> pctChg 299 0 0.753152 0.246848 
 ----> pctChg 300 0 0.741961 0.258039 
 ----> pctChg 301 1 0.723414 0.276586 
 ----> pctChg 302 1 0.713644 0.286356 
 ----> pctChg 303 0 0.734959 0.265041 
 ----> pctChg 304 0 0.78152 0.21848 
 ----> pctChg 305 1 0.730264 0.269736 
 ----> pctChg 306 0 0.795151 0.204849 
 ----> pctChg 307 1 0.694549 0.305451 
 ----> pctChg 308 0 0.745041 0.254959 
 ----> pctChg 309 0 0.743794 0.256206 
 ----> pctChg 310 0 0.774101 0.225899 
 ----> pctChg 311 0 0.79658 0.20342 
 ----> pctChg 312 1 0.671786 0.328214 
 ----> pctChg 313 0 0.792721 0.207279 
 ----> pctChg 314 0 0.766662 0.233338 
 ----> pctChg 315 0 0.725718 0.274282 
 ----> pctChg 316 1 0.72136 0.27864 
 ----> pctChg 317 0 0.761521 0.238479 
 ----> pctChg 318 0 0.748246 0.251754 
 ----> pctChg 319 0 0.757615 0.242385 
 ----> pctChg 320 0 0.731688 0.268312 
 ----> pctChg 321 0 0.744032 0.255968 
 ----> pctChg 322 1 0.677109 0.322891 
 ----> pctChg 323 0 0.741019 0.258981 
 ----> pctChg 324 1 0.664473 0.335527 
 ----> pctChg 325 0 0.808818 0.191182 
 ----> pctChg 326 0 0.7753 0.2247 
 ----> pctChg 327 1 0.696302 0.303698 
 ----> pctChg 328 0 0.730528 0.269472 
 ----> pctChg 329 1 0.761488 0.238512 
 ----> pctChg 330 1 0.76664 0.23336 
 ----> pctChg 331 0 0.765716 0.234284 
 ----> pctChg 332 1 0.72102 0.27898 
 ----> pctChg 333 0 0.75446 0.24554 
 ----> pctChg 334 0 0.771278 0.228722 
 ----> pctChg 335 0 0.712061 0.287939 
 ----> pctChg 336 1 0.724771 0.275229 
 ----> pctChg 337 0 0.76048 0.23952 
 ----> pctChg 338 1 0.735411 0.264589 
 ----> pctChg 339 0 0.761079 0.238921 
 ----> pctChg 340 1 0.720509 0.279491 
 ----> pctChg 341 0 0.776583 0.223417 
 ----> pctChg 342 1 0.736123 0.263877 
 ----> pctChg 343 0 0.78253 0.21747 
 ----> pctChg 344 0 0.758956 0.241044 
 ----> pctChg 345 0 0.7723 0.2277 
 ----> pctChg 346 1 0.731787 0.268213 
 ----> pctChg 347 0 0.757032 0.242968 
 ----> pctChg 348 0 0.741359 0.258641 
 ----> pctChg 349 0 0.797822 0.202178 
 ----> pctChg 350 0 0.74545 0.25455 
 ----> pctChg 351 0 0.762026 0.237974 
 ----> pctChg 352 0 0.754526 0.245474 
 ----> pctChg 353 1 0.756337 0.243663 
 ----> pctChg 354 1 0.713362 0.286638 
 ----> pctChg 355 0 0.752893 0.247107 
 ----> pctChg 356 0 0.749874 0.250126 
 ----> pctChg 357 1 0.731146 0.268854 
 ----> pctChg 358 0 0.818877 0.181123 
 ----> pctChg 359 1 0.730176 0.269824 
 ----> pctChg 360 1 0.759507 0.240493 
 ----> pctChg 361 0 0.81752 0.18248 
 ----> pctChg 362 0 0.685363 0.314637 
 ----> pctChg 363 0 0.767933 0.232067 
 ----> pctChg 364 1 0.753435 0.246565 
 ----> pctChg 365 0 0.755722 0.244278 
 ----> pctChg 366 0 0.759603 0.240397 
 ----> pctChg 367 0 0.802008 0.197992 
 ----> pctChg 368 0 0.771569 0.228431 
 ----> pctChg 369 0 0.768173 0.231827 
 ----> pctChg 370 0 0.758699 0.241301 
 ----> pctChg 371 0 0.771435 0.228565 
 ----> pctChg 372 0 0.739348 0.260652 
 ----> pctChg 373 0 0.819117 0.180883 
 ----> pctChg 374 1 0.707888 0.292112 
 ----> pctChg 375 0 0.754625 0.245375 
 ----> pctChg 376 0 0.730472 0.269528 
 ----> pctChg 377 1 0.74654 0.25346 
 ----> pctChg 378 0 0.730457 0.269543 
 ----> pctChg 379 0 0.725413 0.274587 
 ----> pctChg 380 0 0.758649 0.241351 
 ----> pctChg 381 0 0.752543 0.247457 
 ----> pctChg 382 0 0.752605 0.247395 
 ----> pctChg 383 1 0.755938 0.244062 
 ----> pctChg 384 0 0.734746 0.265254 
 ----> pctChg 385 1 0.769529 0.230471 
 ----> pctChg 386 0 0.769124 0.230876 
 ----> pctChg 387 1 0.733611 0.266389 
 ----> pctChg 388 1 0.743219 0.256781 
 ----> pctChg 389 0 0.79727 0.20273 
 ----> pctChg 390 0 0.774818 0.225182 
 ----> pctChg 391 0 0.791337 0.208663 
 ----> pctChg 392 0 0.733319 0.266681 
 ----> pctChg 393 1 0.744461 0.255539 
 ----> pctChg 394 0 0.792179 0.207821 
 ----> pctChg 395 0 0.738442 0.261558 
 ----> pctChg 396 0 0.761327 0.238673 
 ----> pctChg 397 0 0.751658 0.248342 
 ----> pctChg 398 0 0.780345 0.219655 
 ----> pctChg 399 1 0.729247 0.270753 
 ----> pctChg 400 1 0.756182 0.243818 
 ----> pctChg 401 0 0.82504 0.17496 
 ----> pctChg 402 1 0.723414 0.276586 
 ----> pctChg 403 0 0.769327 0.230673 
 ----> pctChg 404 0 0.767356 0.232644 
 ----> pctChg 405 0 0.755256 0.244744 
 ----> pctChg 406 1 0.720765 0.279235 
 ----> pctChg 407 0 0.73592 0.26408 
 ----> pctChg 408 0 0.751521 0.248479 
 ----> pctChg 409 0 0.801772 0.198228 
 ----> pctChg 410 0 0.794137 0.205863 
 ----> pctChg 411 0 0.732102 0.267898 
 ----> pctChg 412 1 0.706981 0.293019 
 ----> pctChg 413 1 0.697428 0.302572 
 ----> pctChg 414 0 0.795199 0.204801 
 ----> pctChg 415 0 0.743905 0.256095 
 ----> pctChg 416 0 0.752697 0.247303 
 ----> pctChg 417 1 0.766202 0.233798 
 ----> pctChg 418 0 0.746243 0.253757 
 ----> pctChg 419 0 0.758977 0.241023 
 ----> pctChg 420 0 0.754067 0.245933 
 ----> pctChg 421 0 0.757036 0.242964 
 ----> pctChg 422 0 0.747631 0.252369 
 ----> pctChg 423 0 0.763318 0.236682 
 ----> pctChg 424 0 0.761838 0.238162 
 ----> pctChg 425 0 0.783072 0.216928 
 ----> pctChg 426 0 0.749676 0.250324 
 ----> pctChg 427 0 0.771326 0.228674 
 ----> pctChg 428 0 0.771284 0.228716 
 ----> pctChg 429 0 0.724959 0.275041 
 ----> pctChg 430 0 0.76718 0.23282 
 ----> pctChg 431 1 0.710298 0.289702 
 ----> pctChg 432 0 0.756159 0.243841 
 ----> pctChg 433 0 0.733286 0.266714 
 ----> pctChg 434 0 0.781496 0.218504 
 ----> pctChg 435 1 0.737719 0.262281 
 ----> pctChg 436 0 0.744904 0.255096 
 ----> pctChg 437 0 0.707836 0.292164 
 ----> pctChg 438 0 0.777954 0.222046 
 ----> pctChg 439 1 0.726852 0.273148 
 ----> pctChg 440 0 0.770293 0.229707 
 ----> pctChg 441 0 0.766189 0.233811 
 ----> pctChg 442 1 0.723247 0.276753 
 ----> pctChg 443 0 0.800318 0.199682 
 ----> pctChg 444 0 0.747594 0.252406 
 ----> pctChg 445 0 0.753655 0.246345 
 ----> pctChg 446 0 0.74071 0.25929 
 ----> pctChg 447 0 0.74812 0.25188 
 ----> pctChg 448 0 0.73631 0.26369 
 ----> pctChg 449 0 0.684954 0.315046 
 ----> pctChg 450 1 0.751087 0.248913 
 ----> pctChg 451 1 0.732856 0.267144 
 ----> pctChg 452 0 0.790068 0.209932 
 ----> pctChg 453 0 0.744987 0.255013 
 ----> pctChg 454 0 0.776029 0.223971 
 ----> pctChg 455 0 0.759598 0.240402 
 ----> pctChg 456 0 0.814556 0.185444 
 ----> pctChg 457 0 0.736851 0.263149 
 ----> pctChg 458 0 0.74559 0.25441 
 ----> pctChg 459 0 0.731257 0.268743 
 ----> pctChg 460 0 0.743636 0.256364 
 ----> pctChg 461 0 0.788809 0.211191 
 ----> pctChg 462 0 0.763137 0.236863 
 ----> pctChg 463 1 0.745103 0.254897 
 ----> pctChg 464 0 0.800674 0.199326 
 ----> pctChg 465 1 0.71132 0.28868 
 ----> pctChg 466 0 0.745791 0.254209 
 ----> pctChg 467 1 0.675747 0.324253 
 ----> pctChg 468 0 0.78871 0.21129 
 ----> pctChg 469 0 0.683013 0.316987 
 ----> pctChg 470 0 0.699083 0.300917 
 ----> pctChg 471 1 0.736755 0.263245 
 ----> pctChg 472 0 0.792245 0.207755 
 ----> pctChg 473 0 0.734051 0.265949 
 ----> pctChg 474 0 0.757277 0.242723 
 ----> pctChg 475 0 0.762828 0.237172 
 ----> pctChg 476 0 0.741194 0.258806 
 ----> pctChg 477 1 0.738726 0.261274 
 ----> pctChg 478 0 0.740575 0.259425 
 ----> pctChg 479 0 0.768153 0.231847 
 ----> pctChg 480 0 0.735927 0.264073 
 ----> pctChg 481 0 0.793608 0.206392 
 ----> pctChg 482 0 0.739938 0.260062 
 ----> pctChg 483 0 0.766698 0.233302 
 ----> pctChg 484 0 0.744036 0.255964 
 ----> pctChg 485 1 0.738793 0.261207 
 ----> pctChg 486 0 0.739014 0.260986 
 ----> pctChg 487 0 0.704145 0.295855 
 ----> pctChg 488 0 0.786793 0.213207 
 ----> pctChg 489 0 0.809837 0.190163 
 ----> pctChg 490 0 0.759256 0.240744 
 ----> pctChg 491 1 0.720154 0.279846 
 ----> pctChg 492 0 0.79083 0.20917 
 ----> pctChg 493 1 0.663289 0.336711 
 ----> pctChg 494 0 0.784355 0.215645 
 ----> pctChg 495 0 0.752445 0.247555 
 ----> pctChg 496 0 0.72599 0.27401 
 ----> pctChg 497 0 0.732501 0.267499 
 ----> pctChg 498 1 0.744135 0.255865 
 ----> pctChg 499 0 0.750753 0.249247 
 ----> pctChg 500 1 0.749129 0.250871 
 ----> pctChg 501 0 0.77405 0.22595 
 ----> pctChg 502 1 0.731384 0.268616 
 ----> pctChg 503 1 0.73214 0.26786 
 ----> pctChg 504 0 0.764898 0.235102 
 ----> pctChg 505 0 0.731101 0.268899 
 ----> pctChg 506 0 0.763923 0.236077 
 ----> pctChg 507 1 0.764552 0.235448 
 ----> pctChg 508 0 0.811401 0.188599 
 ----> pctChg 509 1 0.727674 0.272326 
 ----> pctChg 510 0 0.772114 0.227886 
 ----> pctChg 511 0 0.741383 0.258617 
 ----> pctChg 512 1 0.707846 0.292154 
 ----> pctChg 513 0 0.753786 0.246214 
 ----> pctChg 514 1 0.723766 0.276234 
 ----> pctChg 515 0 0.756366 0.243634 
 ----> pctChg 516 0 0.75466 0.24534 
 ----> pctChg 517 1 0.722155 0.277845 
 ----> pctChg 518 0 0.761409 0.238591 
 ----> pctChg 519 0 0.744371 0.255629 
 ----> pctChg 520 0 0.75688 0.24312 
 ----> pctChg 521 0 0.800408 0.199592 
 ----> pctChg 522 0 0.807946 0.192054 
 ----> pctChg 523 1 0.694197 0.305803 
 ----> pctChg 524 0 0.769422 0.230578 
 ----> pctChg 525 1 0.702427 0.297573 
 ----> pctChg 526 1 0.780219 0.219781 
 ----> pctChg 527 1 0.733743 0.266257 
 ----> pctChg 528 0 0.765355 0.234645 
 ----> pctChg 529 1 0.771038 0.228962 
 ----> pctChg 530 0 0.751245 0.248755 
 ----> pctChg 531 0 0.745341 0.254659 
 ----> pctChg 532 0 0.779373 0.220627 
 ----> pctChg 533 1 0.74405 0.25595 
 ----> pctChg 534 1 0.744966 0.255034 
 ----> pctChg 535 0 0.828059 0.171941 
 ----> pctChg 536 0 0.814039 0.185961 
 ----> pctChg 537 0 0.750465 0.249535 
 ----> pctChg 538 0 0.76095 0.23905 
 ----> pctChg 539 0 0.770246 0.229754 
 ----> pctChg 540 0 0.752364 0.247636 
 ----> pctChg 541 0 0.749951 0.250049 
 ----> pctChg 542 0 0.746881 0.253119 
 ----> pctChg 543 0 0.774027 0.225973 
 ----> pctChg 544 0 0.743222 0.256778 
 ----> pctChg 545 0 0.7339 0.2661 
 ----> pctChg 546 0 0.769281 0.230719 
 ----> pctChg 547 0 0.781744 0.218256 
 ----> pctChg 548 1 0.660811 0.339189 
 ----> pctChg 549 0 0.803787 0.196213 
 ----> pctChg 550 0 0.741025 0.258975 
 ----> pctChg 551 0 0.734949 0.265051 
 ----> pctChg 552 1 0.754567 0.245433 
 ----> pctChg 553 1 0.721884 0.278116 
 ----> pctChg 554 0 0.81373 0.18627 
 ----> pctChg 555 1 0.722458 0.277542 
 ----> pctChg 556 0 0.757429 0.242571 
 ----> pctChg 557 1 0.68059 0.31941 
 ----> pctChg 558 0 0.798932 0.201068 
 ----> pctChg 559 0 0.748203 0.251797 
 ----> pctChg 560 0 0.736509 0.263491 
 ----> pctChg 561 0 0.751127 0.248873 
 ----> pctChg 562 0 0.820644 0.179356 
 ----> pctChg 563 0 0.775247 0.224753 
 ----> pctChg 564 0 0.809119 0.190881 
 ----> pctChg 565 0 0.733385 0.266615 
 ----> pctChg 566 0 0.775574 0.224426 
 ----> pctChg 567 0 0.743087 0.256913 
 ----> pctChg 568 0 0.759303 0.240697 
 ----> pctChg 569 0 0.763466 0.236534 
 ----> pctChg 570 0 0.740523 0.259477 
 ----> pctChg 571 0 0.716017 0.283983 
 ----> pctChg 572 0 0.78674 0.21326 
 ----> pctChg 573 1 0.730893 0.269107 
 ----> pctChg 574 0 0.760442 0.239558 
 ----> pctChg 575 0 0.748684 0.251316 
 ----> pctChg 576 0 0.767042 0.232958 
 ----> pctChg 577 0 0.773201 0.226799 
 ----> pctChg 578 0 0.78341 0.21659 
 ----> pctChg 579 0 0.786134 0.213866 
 ----> pctChg 580 0 0.721831 0.278169 
 ----> pctChg 581 0 0.728789 0.271211 
 ----> pctChg 582 1 0.747769 0.252231 
 ----> pctChg 583 0 0.777308 0.222692 
 ----> pctChg 584 0 0.755274 0.244726 
 ----> pctChg 585 0 0.765048 0.234952 
 ----> pctChg 586 0 0.760045 0.239955 
 ----> pctChg 587 0 0.763545 0.236455 
 ----> pctChg 588 0 0.748903 0.251097 
 ----> pctChg 589 1 0.749862 0.250138 
 ----> pctChg 590 0 0.770967 0.229033 
 ----> pctChg 591 0 0.741868 0.258132 
 ----> pctChg 592 0 0.782828 0.217172 
 ----> pctChg 593 0 0.786058 0.213942 
 ----> pctChg 594 1 0.730275 0.269725 
 ----> pctChg 595 1 0.743133 0.256867 
 ----> pctChg 596 0 0.770493 0.229507 
 ----> pctChg 597 0 0.742967 0.257033 
 ----> pctChg 598 0 0.727525 0.272475 
 ----> pctChg 599 1 0.743089 0.256911 
 ----> pctChg 600 0 0.770554 0.229446 
 ----> pctChg 601 0 0.68732 0.31268 
 ----> pctChg 602 1 0.709362 0.290638 
 ----> pctChg 603 0 0.738958 0.261042 
 ----> pctChg 604 0 0.72699 0.27301 
 ----> pctChg 605 0 0.755946 0.244054 
 ----> pctChg 606 0 0.752552 0.247448 
 ----> pctChg 607 0 0.742029 0.257971 
 ----> pctChg 608 0 0.771426 0.228574 
 ----> pctChg 609 0 0.747855 0.252145 
 ----> pctChg 610 0 0.750174 0.249826 
 ----> pctChg 611 1 0.751949 0.248051 
 ----> pctChg 612 0 0.694434 0.305566 
 ----> pctChg 613 1 0.737989 0.262011 
 ----> pctChg 614 0 0.729412 0.270588 
 ----> pctChg 615 1 0.727466 0.272534 
 ----> pctChg 616 0 0.773365 0.226635 
 ----> pctChg 617 0 0.735095 0.264905 
 ----> pctChg 618 0 0.779544 0.220456 
 ----> pctChg 619 1 0.72018 0.27982 
 ----> pctChg 620 0 0.761866 0.238134 
 ----> pctChg 621 0 0.791129 0.208871 
 ----> pctChg 622 1 0.698837 0.301163 
 ----> pctChg 623 1 0.729148 0.270852 
 ----> pctChg 624 0 0.771894 0.228106 
 ----> pctChg 625 0 0.712055 0.287945 
 ----> pctChg 626 0 0.723932 0.276068 
 ----> pctChg 627 0 0.765092 0.234908 
 ----> pctChg 628 0 0.743716 0.256284 
 ----> pctChg 629 0 0.764801 0.235199 
 ----> pctChg 630 0 0.756212 0.243788 
 ----> pctChg 631 0 0.719173 0.280827 
 ----> pctChg 632 0 0.809664 0.190336 
 ----> pctChg 633 0 0.743719 0.256281 
 ----> pctChg 634 0 0.770058 0.229942 
 ----> pctChg 635 0 0.741647 0.258353 
 ----> pctChg 636 0 0.75439 0.24561 
 ----> pctChg 637 0 0.755785 0.244215 
 ----> pctChg 638 0 0.754218 0.245782 
 ----> pctChg 639 0 0.75107 0.24893 
 ----> pctChg 640 0 0.768014 0.231986 
 ----> pctChg 641 0 0.707203 0.292797 
 ----> pctChg 642 1 0.725315 0.274685 
 ----> pctChg 643 0 0.78643 0.21357 
 ----> pctChg 644 0 0.753502 0.246498 
 ----> pctChg 645 1 0.766473 0.233527 
 ----> pctChg 646 0 0.768535 0.231465 
 ----> pctChg 647 0 0.7868 0.2132 
 ----> pctChg 648 0 0.755107 0.244893 
 ----> pctChg 649 1 0.727307 0.272693 
 ----> pctChg 650 0 0.780919 0.219081 
 ----> pctChg 651 1 0.727099 0.272901 
 ----> pctChg 652 0 0.755361 0.244639 
 ----> pctChg 653 0 0.743347 0.256653 
 ----> pctChg 654 0 0.739196 0.260804 
 ----> pctChg 655 0 0.736514 0.263486 
 ----> pctChg 656 0 0.738788 0.261212 
 ----> pctChg 657 0 0.776747 0.223253 
 ----> pctChg 658 0 0.770759 0.229241 
 ----> pctChg 659 0 0.77232 0.22768 
 ----> pctChg 660 0 0.742782 0.257218 
 ----> pctChg 661 0 0.746253 0.253747 
 ----> pctChg 662 1 0.749703 0.250297 
 ----> pctChg 663 0 0.791114 0.208886 
 ----> pctChg 664 1 0.73879 0.26121 
 ----> pctChg 665 0 0.759422 0.240578 
 ----> pctChg 666 0 0.765021 0.234979 
 ----> pctChg 667 0 0.757707 0.242293 
 ----> pctChg 668 0 0.777418 0.222582 
 ----> pctChg 669 0 0.744198 0.255802 
 ----> pctChg 670 0 0.701525 0.298475 
 ----> pctChg 671 0 0.741063 0.258937 
 ----> pctChg 672 0 0.73663 0.26337 
 ----> pctChg 673 1 0.720032 0.279968 
 ----> pctChg 674 0 0.735468 0.264532 
 ----> pctChg 675 1 0.721888 0.278112 
 ----> pctChg 676 0 0.771213 0.228787 
 ----> pctChg 677 0 0.750199 0.249801 
 ----> pctChg 678 0 0.772875 0.227125 
 ----> pctChg 679 0 0.75235 0.24765 
 ----> pctChg 680 0 0.773409 0.226591 
 ----> pctChg 681 0 0.737132 0.262868 
 ----> pctChg 682 0 0.763923 0.236077 
 ----> pctChg 683 1 0.752289 0.247711 
 ----> pctChg 684 0 0.687852 0.312148 
 ----> pctChg 685 1 0.716791 0.283209 
 ----> pctChg 686 1 0.697812 0.302188 
 ----> pctChg 687 0 0.773642 0.226358 
 ----> pctChg 688 1 0.704568 0.295432 
 ----> pctChg 689 0 0.766349 0.233651 
 ----> pctChg 690 1 0.718276 0.281724 
 ----> pctChg 691 0 0.787635 0.212365 
 ----> pctChg 692 0 0.74521 0.25479 
 ----> pctChg 693 1 0.737955 0.262045 
 ----> pctChg 694 0 0.787202 0.212798 
 ----> pctChg 695 1 0.723196 0.276804 
 ----> pctChg 696 0 0.759108 0.240892 
 ----> pctChg 697 1 0.716628 0.283372 
 ----> pctChg 698 0 0.744689 0.255311 
 ----> pctChg 699 0 0.777281 0.222719 
 ----> pctChg 700 0 0.749611 0.250389 
 ----> pctChg 701 0 0.722729 0.277271 
 ----> pctChg 702 0 0.813732 0.186268 
 ----> pctChg 703 0 0.741416 0.258584 
 ----> pctChg 704 0 0.754157 0.245843 
 ----> pctChg 705 0 0.81317 0.18683 
 ----> pctChg 706 0 0.704927 0.295073 
 ----> pctChg 707 0 0.771432 0.228568 
 ----> pctChg 708 1 0.640932 0.359068 
 ----> pctChg 709 1 0.752108 0.247892 
 ----> pctChg 710 0 0.784265 0.215735 
 ----> pctChg 711 0 0.761709 0.238291 
 ----> pctChg 712 1 0.713133 0.286867 
 ----> pctChg 713 0 0.740264 0.259736 
 ----> pctChg 714 1 0.748287 0.251713 
 ----> pctChg 715 0 0.758164 0.241836 
 ----> pctChg 716 0 0.71034 0.28966 
 ----> pctChg 717 0 0.788152 0.211848 
 ----> pctChg 718 1 0.852487 0.147513 
