 ----> pctChg 1 0 0 0 
 ----> pctChg 2 0 0.749674 0.250326 
 ----> pctChg 3 0 0.749674 0.250326 
 ----> pctChg 4 0 0.774142 0.225858 
 ----> pctChg 5 1 0.719787 0.280213 
 ----> pctChg 6 1 0.774142 0.225858 
 ----> pctChg 7 0 0.719787 0.280213 
 ----> pctChg 8 0 0.77545 0.22455 
 ----> pctChg 9 0 0.771337 0.228663 
 ----> pctChg 10 0 0.735417 0.264583 
 ----> pctChg 11 1 0.754407 0.245593 
 ----> pctChg 12 0 0.757394 0.242606 
 ----> pctChg 13 0 0.762442 0.237558 
 ----> pctChg 14 1 0.747687 0.252313 
 ----> pctChg 15 0 0.778627 0.221373 
 ----> pctChg 16 1 0.73951 0.26049 
 ----> pctChg 17 0 0.793709 0.206291 
 ----> pctChg 18 0 0.734071 0.265929 
 ----> pctChg 19 0 0.772269 0.227731 
 ----> pctChg 20 0 0.766569 0.233431 
 ----> pctChg 21 1 0.735889 0.264111 
 ----> pctChg 22 0 0.750757 0.249243 
 ----> pctChg 23 0 0.726286 0.273714 
 ----> pctChg 24 0 0.746306 0.253694 
 ----> pctChg 25 0 0.732613 0.267387 
 ----> pctChg 26 0 0.76315 0.23685 
 ----> pctChg 27 1 0.756459 0.243541 
 ----> pctChg 28 0 0.75411 0.24589 
 ----> pctChg 29 0 0.753969 0.246031 
 ----> pctChg 30 1 0.765146 0.234854 
 ----> pctChg 31 0 0.750433 0.249567 
 ----> pctChg 32 0 0.716096 0.283904 
 ----> pctChg 33 0 0.745305 0.254695 
 ----> pctChg 34 0 0.751108 0.248892 
 ----> pctChg 35 1 0.700243 0.299757 
 ----> pctChg 36 0 0.758032 0.241968 
 ----> pctChg 37 0 0.738389 0.261611 
 ----> pctChg 38 1 0.76332 0.23668 
 ----> pctChg 39 1 0.747718 0.252282 
 ----> pctChg 40 0 0.760127 0.239873 
 ----> pctChg 41 0 0.77579 0.22421 
 ----> pctChg 42 0 0.741108 0.258892 
 ----> pctChg 43 0 0.7228 0.2772 
 ----> pctChg 44 0 0.754046 0.245954 
 ----> pctChg 45 0 0.74004 0.25996 
 ----> pctChg 46 0 0.792085 0.207915 
 ----> pctChg 47 0 0.7562 0.2438 
 ----> pctChg 48 0 0.744403 0.255597 
 ----> pctChg 49 1 0.733746 0.266254 
 ----> pctChg 50 1 0.749038 0.250962 
 ----> pctChg 51 0 0.773929 0.226071 
 ----> pctChg 52 0 0.753759 0.246241 
 ----> pctChg 53 0 0.756999 0.243001 
 ----> pctChg 54 1 0.738429 0.261571 
 ----> pctChg 55 1 0.749369 0.250631 
 ----> pctChg 56 0 0.756626 0.243374 
 ----> pctChg 57 1 0.767132 0.232868 
 ----> pctChg 58 0 0.741068 0.258932 
 ----> pctChg 59 0 0.687931 0.312069 
 ----> pctChg 60 0 0.752005 0.247995 
 ----> pctChg 61 0 0.778424 0.221576 
 ----> pctChg 62 0 0.763243 0.236757 
 ----> pctChg 63 0 0.758274 0.241726 
 ----> pctChg 64 1 0.746185 0.253815 
 ----> pctChg 65 0 0.742388 0.257612 
 ----> pctChg 66 1 0.749216 0.250784 
 ----> pctChg 67 0 0.753191 0.246809 
 ----> pctChg 68 0 0.76588 0.23412 
 ----> pctChg 69 0 0.755615 0.244385 
 ----> pctChg 70 0 0.808769 0.191231 
 ----> pctChg 71 0 0.702721 0.297279 
 ----> pctChg 72 0 0.774291 0.225709 
 ----> pctChg 73 0 0.717215 0.282785 
 ----> pctChg 74 0 0.776874 0.223126 
 ----> pctChg 75 1 0.711713 0.288287 
 ----> pctChg 76 0 0.800833 0.199167 
 ----> pctChg 77 0 0.804666 0.195334 
 ----> pctChg 78 0 0.818044 0.181956 
 ----> pctChg 79 0 0.815064 0.184936 
 ----> pctChg 80 0 0.798678 0.201322 
 ----> pctChg 81 1 0.69053 0.30947 
 ----> pctChg 82 0 0.722423 0.277577 
 ----> pctChg 83 0 0.747553 0.252447 
 ----> pctChg 84 0 0.789017 0.210983 
 ----> pctChg 85 0 0.707102 0.292898 
 ----> pctChg 86 1 0.761388 0.238612 
 ----> pctChg 87 0 0.690158 0.309842 
 ----> pctChg 88 1 0.725276 0.274724 
 ----> pctChg 89 0 0.740869 0.259131 
 ----> pctChg 90 1 0.719564 0.280436 
 ----> pctChg 91 1 0.714736 0.285264 
 ----> pctChg 92 0 0.762566 0.237434 
 ----> pctChg 93 1 0.739784 0.260216 
 ----> pctChg 94 0 0.735458 0.264542 
 ----> pctChg 95 0 0.757788 0.242212 
 ----> pctChg 96 1 0.732678 0.267322 
 ----> pctChg 97 0 0.775893 0.224107 
 ----> pctChg 98 1 0.752554 0.247446 
 ----> pctChg 99 0 0.801836 0.198164 
 ----> pctChg 100 0 0.771243 0.228757 
 ----> pctChg 101 0 0.726889 0.273111 
 ----> pctChg 102 0 0.796763 0.203237 
 ----> pctChg 103 1 0.714282 0.285718 
 ----> pctChg 104 0 0.782334 0.217666 
 ----> pctChg 105 0 0.790896 0.209104 
 ----> pctChg 106 0 0.750572 0.249428 
 ----> pctChg 107 0 0.77845 0.22155 
 ----> pctChg 108 0 0.795448 0.204552 
 ----> pctChg 109 0 0.768252 0.231748 
 ----> pctChg 110 0 0.775337 0.224663 
 ----> pctChg 111 0 0.759399 0.240601 
 ----> pctChg 112 0 0.805324 0.194676 
 ----> pctChg 113 0 0.807792 0.192208 
 ----> pctChg 114 0 0.802353 0.197647 
 ----> pctChg 115 0 0.808373 0.191627 
 ----> pctChg 116 1 0.761996 0.238004 
 ----> pctChg 117 0 0.743873 0.256127 
 ----> pctChg 118 0 0.710073 0.289927 
 ----> pctChg 119 0 0.772529 0.227471 
 ----> pctChg 120 0 0.77871 0.22129 
 ----> pctChg 121 1 0.704356 0.295644 
 ----> pctChg 122 0 0.791909 0.208091 
 ----> pctChg 123 0 0.762441 0.237559 
 ----> pctChg 124 0 0.751982 0.248018 
 ----> pctChg 125 1 0.717506 0.282494 
 ----> pctChg 126 0 0.688623 0.311377 
 ----> pctChg 127 1 0.739364 0.260636 
 ----> pctChg 128 0 0.745478 0.254522 
 ----> pctChg 129 0 0.756781 0.243219 
 ----> pctChg 130 0 0.743227 0.256773 
 ----> pctChg 131 0 0.732379 0.267621 
 ----> pctChg 132 0 0.735074 0.264926 
 ----> pctChg 133 0 0.768517 0.231483 
 ----> pctChg 134 0 0.736357 0.263643 
 ----> pctChg 135 1 0.702807 0.297193 
 ----> pctChg 136 0 0.801832 0.198168 
 ----> pctChg 137 1 0.714676 0.285324 
 ----> pctChg 138 0 0.797468 0.202532 
 ----> pctChg 139 1 0.718208 0.281792 
 ----> pctChg 140 0 0.732262 0.267738 
 ----> pctChg 141 0 0.772678 0.227322 
 ----> pctChg 142 1 0.676774 0.323226 
 ----> pctChg 143 0 0.80881 0.19119 
 ----> pctChg 144 0 0.80229 0.19771 
 ----> pctChg 145 0 0.809511 0.190489 
 ----> pctChg 146 1 0.715182 0.284818 
 ----> pctChg 147 1 0.747454 0.252546 
 ----> pctChg 148 0 0.669737 0.330263 
 ----> pctChg 149 0 0.753577 0.246423 
 ----> pctChg 150 1 0.769397 0.230603 
 ----> pctChg 151 0 0.829492 0.170508 
 ----> pctChg 152 0 0.75589 0.24411 
 ----> pctChg 153 1 0.721436 0.278564 
 ----> pctChg 154 0 0.744405 0.255595 
 ----> pctChg 155 0 0.749136 0.250864 
 ----> pctChg 156 1 0.733229 0.266771 
 ----> pctChg 157 1 0.714967 0.285033 
 ----> pctChg 158 0 0.810977 0.189023 
 ----> pctChg 159 0 0.742853 0.257147 
 ----> pctChg 160 0 0.793839 0.206161 
 ----> pctChg 161 0 0.783267 0.216733 
 ----> pctChg 162 0 0.708844 0.291156 
 ----> pctChg 163 0 0.714244 0.285756 
 ----> pctChg 164 1 0.718113 0.281887 
 ----> pctChg 165 1 0.723028 0.276972 
 ----> pctChg 166 0 0.783386 0.216614 
 ----> pctChg 167 0 0.743357 0.256643 
 ----> pctChg 168 0 0.803372 0.196628 
 ----> pctChg 169 1 0.765322 0.234678 
 ----> pctChg 170 0 0.726222 0.273778 
 ----> pctChg 171 0 0.741874 0.258126 
 ----> pctChg 172 0 0.780483 0.219517 
 ----> pctChg 173 0 0.742496 0.257504 
 ----> pctChg 174 0 0.735269 0.264731 
 ----> pctChg 175 1 0.733444 0.266556 
 ----> pctChg 176 0 0.782495 0.217505 
 ----> pctChg 177 1 0.652844 0.347156 
 ----> pctChg 178 0 0.712496 0.287504 
 ----> pctChg 179 0 0.784091 0.215909 
 ----> pctChg 180 0 0.751824 0.248176 
 ----> pctChg 181 0 0.745788 0.254212 
 ----> pctChg 182 1 0.79877 0.20123 
 ----> pctChg 183 0 0.790052 0.209948 
 ----> pctChg 184 1 0.706206 0.293794 
 ----> pctChg 185 0 0.795574 0.204426 
 ----> pctChg 186 0 0.724799 0.275201 
 ----> pctChg 187 0 0.770237 0.229763 
 ----> pctChg 188 1 0.749168 0.250832 
 ----> pctChg 189 1 0.751851 0.248149 
 ----> pctChg 190 0 0.709889 0.290111 
 ----> pctChg 191 0 0.799136 0.200864 
 ----> pctChg 192 1 0.687875 0.312125 
 ----> pctChg 193 0 0.76915 0.23085 
 ----> pctChg 194 0 0.768293 0.231707 
 ----> pctChg 195 0 0.753689 0.246311 
 ----> pctChg 196 0 0.760205 0.239795 
 ----> pctChg 197 0 0.803203 0.196797 
 ----> pctChg 198 0 0.781516 0.218484 
 ----> pctChg 199 0 0.711634 0.288366 
 ----> pctChg 200 0 0.797946 0.202054 
 ----> pctChg 201 1 0.695454 0.304546 
 ----> pctChg 202 1 0.688443 0.311557 
 ----> pctChg 203 0 0.770009 0.229991 
 ----> pctChg 204 1 0.74102 0.25898 
 ----> pctChg 205 0 0.741876 0.258124 
 ----> pctChg 206 0 0.741428 0.258572 
 ----> pctChg 207 1 0.788446 0.211554 
 ----> pctChg 208 0 0.709074 0.290926 
 ----> pctChg 209 1 0.745047 0.254953 
 ----> pctChg 210 0 0.75967 0.24033 
 ----> pctChg 211 0 0.810026 0.189974 
 ----> pctChg 212 1 0.71082 0.28918 
 ----> pctChg 213 0 0.793541 0.206459 
 ----> pctChg 214 0 0.783525 0.216475 
 ----> pctChg 215 0 0.771062 0.228938 
 ----> pctChg 216 0 0.702504 0.297496 
 ----> pctChg 217 0 0.781666 0.218334 
 ----> pctChg 218 0 0.735238 0.264762 
 ----> pctChg 219 0 0.795766 0.204234 
 ----> pctChg 220 0 0.785343 0.214657 
 ----> pctChg 221 0 0.812366 0.187634 
 ----> pctChg 222 0 0.768846 0.231154 
 ----> pctChg 223 0 0.747156 0.252844 
 ----> pctChg 224 0 0.745381 0.254619 
 ----> pctChg 225 0 0.763288 0.236712 
 ----> pctChg 226 0 0.806345 0.193655 
 ----> pctChg 227 0 0.754339 0.245661 
 ----> pctChg 228 0 0.792468 0.207532 
 ----> pctChg 229 0 0.795719 0.204281 
 ----> pctChg 230 1 0.753865 0.246135 
 ----> pctChg 231 0 0.729526 0.270474 
 ----> pctChg 232 1 0.748232 0.251768 
 ----> pctChg 233 0 0.760877 0.239123 
 ----> pctChg 234 1 0.771157 0.228843 
 ----> pctChg 235 0 0.728386 0.271614 
 ----> pctChg 236 0 0.796404 0.203596 
 ----> pctChg 237 0 0.782253 0.217747 
 ----> pctChg 238 0 0.741338 0.258662 
 ----> pctChg 239 1 0.717611 0.282389 
 ----> pctChg 240 0 0.763259 0.236741 
 ----> pctChg 241 0 0.748816 0.251184 
 ----> pctChg 242 0 0.768399 0.231601 
 ----> pctChg 243 0 0.762978 0.237022 
 ----> pctChg 244 0 0.788802 0.211198 
 ----> pctChg 245 0 0.765563 0.234437 
 ----> pctChg 246 0 0.784493 0.215507 
 ----> pctChg 247 1 0.769182 0.230818 
 ----> pctChg 248 0 0.745762 0.254238 
 ----> pctChg 249 0 0.757079 0.242921 
 ----> pctChg 250 0 0.727152 0.272848 
 ----> pctChg 251 0 0.758841 0.241159 
 ----> pctChg 252 0 0.784861 0.215139 
 ----> pctChg 253 0 0.718234 0.281766 
 ----> pctChg 254 0 0.715684 0.284316 
 ----> pctChg 255 1 0.73707 0.26293 
 ----> pctChg 256 0 0.755241 0.244759 
 ----> pctChg 257 0 0.826766 0.173234 
 ----> pctChg 258 1 0.680536 0.319464 
 ----> pctChg 259 0 0.786019 0.213981 
 ----> pctChg 260 0 0.745672 0.254328 
 ----> pctChg 261 1 0.693768 0.306232 
 ----> pctChg 262 0 0.756387 0.243613 
 ----> pctChg 263 0 0.76495 0.23505 
 ----> pctChg 264 0 0.755943 0.244057 
 ----> pctChg 265 0 0.739314 0.260686 
 ----> pctChg 266 0 0.729387 0.270613 
 ----> pctChg 267 1 0.752114 0.247886 
 ----> pctChg 268 0 0.704964 0.295036 
 ----> pctChg 269 0 0.778468 0.221532 
 ----> pctChg 270 0 0.747546 0.252454 
 ----> pctChg 271 0 0.776903 0.223097 
 ----> pctChg 272 0 0.755128 0.244872 
 ----> pctChg 273 1 0.758053 0.241947 
 ----> pctChg 274 0 0.78229 0.21771 
 ----> pctChg 275 1 0.717529 0.282471 
 ----> pctChg 276 0 0.70987 0.29013 
 ----> pctChg 277 1 0.704816 0.295184 
 ----> pctChg 278 0 0.803358 0.196642 
 ----> pctChg 279 0 0.717401 0.282599 
 ----> pctChg 280 0 0.793999 0.206001 
 ----> pctChg 281 0 0.73586 0.26414 
 ----> pctChg 282 0 0.761262 0.238738 
 ----> pctChg 283 0 0.772749 0.227251 
 ----> pctChg 284 0 0.753258 0.246742 
 ----> pctChg 285 0 0.7547 0.2453 
 ----> pctChg 286 0 0.790159 0.209841 
 ----> pctChg 287 0 0.772729 0.227271 
 ----> pctChg 288 1 0.681724 0.318276 
 ----> pctChg 289 0 0.872037 0.127963 
 ----> pctChg 290 1 0.670089 0.329911 
 ----> pctChg 291 0 0.730681 0.269319 
 ----> pctChg 292 0 0.771079 0.228921 
 ----> pctChg 293 0 0.783949 0.216051 
 ----> pctChg 294 1 0.683201 0.316799 
 ----> pctChg 295 0 0.748615 0.251385 
 ----> pctChg 296 1 0.750517 0.249483 
 ----> pctChg 297 0 0.766644 0.233356 
 ----> pctChg 298 0 0.823709 0.176291 
 ----> pctChg 299 0 0.773916 0.226084 
 ----> pctChg 300 0 0.768564 0.231436 
 ----> pctChg 301 1 0.736625 0.263375 
 ----> pctChg 302 1 0.789677 0.210323 
 ----> pctChg 303 0 0.745019 0.254981 
 ----> pctChg 304 0 0.73248 0.26752 
 ----> pctChg 305 1 0.775345 0.224655 
 ----> pctChg 306 0 0.804542 0.195458 
 ----> pctChg 307 1 0.720987 0.279013 
 ----> pctChg 308 0 0.749772 0.250228 
 ----> pctChg 309 0 0.765869 0.234131 
 ----> pctChg 310 0 0.793742 0.206258 
 ----> pctChg 311 0 0.699731 0.300269 
 ----> pctChg 312 1 0.716903 0.283097 
 ----> pctChg 313 0 0.740332 0.259668 
 ----> pctChg 314 0 0.740158 0.259842 
 ----> pctChg 315 0 0.684065 0.315935 
 ----> pctChg 316 1 0.669615 0.330385 
 ----> pctChg 317 0 0.718916 0.281084 
 ----> pctChg 318 0 0.772462 0.227538 
 ----> pctChg 319 0 0.767369 0.232631 
 ----> pctChg 320 0 0.780337 0.219663 
 ----> pctChg 321 0 0.77435 0.22565 
 ----> pctChg 322 1 0.775616 0.224384 
 ----> pctChg 323 0 0.728523 0.271477 
 ----> pctChg 324 1 0.712673 0.287327 
 ----> pctChg 325 0 0.769007 0.230993 
 ----> pctChg 326 0 0.77169 0.22831 
 ----> pctChg 327 1 0.743555 0.256445 
 ----> pctChg 328 0 0.779236 0.220764 
 ----> pctChg 329 1 0.718649 0.281351 
 ----> pctChg 330 1 0.809967 0.190033 
 ----> pctChg 331 0 0.738358 0.261642 
 ----> pctChg 332 1 0.768988 0.231012 
 ----> pctChg 333 0 0.783431 0.216569 
 ----> pctChg 334 0 0.754425 0.245575 
 ----> pctChg 335 0 0.759848 0.240152 
 ----> pctChg 336 1 0.672474 0.327526 
 ----> pctChg 337 0 0.786361 0.213639 
 ----> pctChg 338 1 0.742827 0.257173 
 ----> pctChg 339 0 0.683474 0.316526 
 ----> pctChg 340 1 0.755949 0.244051 
 ----> pctChg 341 0 0.792092 0.207908 
 ----> pctChg 342 1 0.706267 0.293733 
 ----> pctChg 343 0 0.698869 0.301131 
 ----> pctChg 344 0 0.725426 0.274574 
 ----> pctChg 345 0 0.797847 0.202153 
 ----> pctChg 346 1 0.719176 0.280824 
 ----> pctChg 347 0 0.788095 0.211905 
 ----> pctChg 348 0 0.781036 0.218964 
 ----> pctChg 349 0 0.785679 0.214321 
 ----> pctChg 350 0 0.744204 0.255796 
 ----> pctChg 351 0 0.761299 0.238701 
 ----> pctChg 352 0 0.736499 0.263501 
 ----> pctChg 353 1 0.69129 0.30871 
 ----> pctChg 354 1 0.723942 0.276058 
 ----> pctChg 355 0 0.674925 0.325075 
 ----> pctChg 356 0 0.795038 0.204962 
 ----> pctChg 357 1 0.794159 0.205841 
 ----> pctChg 358 0 0.738337 0.261663 
 ----> pctChg 359 1 0.669169 0.330831 
 ----> pctChg 360 1 0.755092 0.244908 
 ----> pctChg 361 0 0.746872 0.253128 
 ----> pctChg 362 0 0.785259 0.214741 
 ----> pctChg 363 0 0.684697 0.315303 
 ----> pctChg 364 1 0.728255 0.271745 
 ----> pctChg 365 0 0.751033 0.248967 
 ----> pctChg 366 0 0.728217 0.271783 
 ----> pctChg 367 0 0.797823 0.202177 
 ----> pctChg 368 0 0.75293 0.24707 
 ----> pctChg 369 0 0.771515 0.228485 
 ----> pctChg 370 0 0.725447 0.274553 
 ----> pctChg 371 0 0.770154 0.229846 
 ----> pctChg 372 0 0.754657 0.245343 
 ----> pctChg 373 0 0.770358 0.229642 
 ----> pctChg 374 1 0.715203 0.284797 
 ----> pctChg 375 0 0.723908 0.276092 
 ----> pctChg 376 0 0.747672 0.252328 
 ----> pctChg 377 1 0.744031 0.255969 
 ----> pctChg 378 0 0.735441 0.264559 
 ----> pctChg 379 0 0.758607 0.241393 
 ----> pctChg 380 0 0.773951 0.226049 
 ----> pctChg 381 0 0.756348 0.243652 
 ----> pctChg 382 0 0.807641 0.192359 
 ----> pctChg 383 1 0.754906 0.245094 
 ----> pctChg 384 0 0.731926 0.268074 
 ----> pctChg 385 1 0.686037 0.313963 
 ----> pctChg 386 0 0.662955 0.337045 
 ----> pctChg 387 1 0.64632 0.35368 
 ----> pctChg 388 1 0.671752 0.328248 
 ----> pctChg 389 0 0.802561 0.197439 
 ----> pctChg 390 0 0.816783 0.183217 
 ----> pctChg 391 0 0.710843 0.289157 
 ----> pctChg 392 0 0.73575 0.26425 
 ----> pctChg 393 1 0.771618 0.228382 
 ----> pctChg 394 0 0.791152 0.208848 
 ----> pctChg 395 0 0.719795 0.280205 
 ----> pctChg 396 0 0.781346 0.218654 
 ----> pctChg 397 0 0.791566 0.208434 
 ----> pctChg 398 0 0.743601 0.256399 
 ----> pctChg 399 1 0.763522 0.236478 
 ----> pctChg 400 1 0.740243 0.259757 
 ----> pctChg 401 0 0.802916 0.197084 
 ----> pctChg 402 1 0.682342 0.317658 
 ----> pctChg 403 0 0.789527 0.210473 
 ----> pctChg 404 0 0.720586 0.279414 
 ----> pctChg 405 0 0.741299 0.258701 
 ----> pctChg 406 1 0.732021 0.267979 
 ----> pctChg 407 0 0.720605 0.279395 
 ----> pctChg 408 0 0.735351 0.264649 
 ----> pctChg 409 0 0.740438 0.259562 
 ----> pctChg 410 0 0.762204 0.237796 
 ----> pctChg 411 0 0.749305 0.250695 
 ----> pctChg 412 1 0.726319 0.273681 
 ----> pctChg 413 1 0.711012 0.288988 
 ----> pctChg 414 0 0.806588 0.193412 
 ----> pctChg 415 0 0.746347 0.253653 
 ----> pctChg 416 0 0.77867 0.22133 
 ----> pctChg 417 1 0.702022 0.297978 
 ----> pctChg 418 0 0.741572 0.258428 
 ----> pctChg 419 0 0.704493 0.295507 
 ----> pctChg 420 0 0.766222 0.233778 
 ----> pctChg 421 0 0.733323 0.266677 
 ----> pctChg 422 0 0.710614 0.289386 
 ----> pctChg 423 0 0.773578 0.226422 
 ----> pctChg 424 0 0.801637 0.198363 
 ----> pctChg 425 0 0.78658 0.21342 
 ----> pctChg 426 0 0.782406 0.217594 
 ----> pctChg 427 0 0.805685 0.194315 
 ----> pctChg 428 0 0.717707 0.282293 
 ----> pctChg 429 0 0.802924 0.197076 
 ----> pctChg 430 0 0.764919 0.235081 
 ----> pctChg 431 1 0.708523 0.291477 
 ----> pctChg 432 0 0.728281 0.271719 
 ----> pctChg 433 0 0.767682 0.232318 
 ----> pctChg 434 0 0.790789 0.209211 
 ----> pctChg 435 1 0.714151 0.285849 
 ----> pctChg 436 0 0.806381 0.193619 
 ----> pctChg 437 0 0.772293 0.227707 
 ----> pctChg 438 0 0.734927 0.265073 
 ----> pctChg 439 1 0.71889 0.28111 
 ----> pctChg 440 0 0.780878 0.219122 
 ----> pctChg 441 0 0.85733 0.14267 
 ----> pctChg 442 1 0.683699 0.316301 
 ----> pctChg 443 0 0.769124 0.230876 
 ----> pctChg 444 0 0.801315 0.198685 
 ----> pctChg 445 0 0.750731 0.249269 
 ----> pctChg 446 0 0.717908 0.282092 
 ----> pctChg 447 0 0.779135 0.220865 
 ----> pctChg 448 0 0.763757 0.236243 
 ----> pctChg 449 0 0.853185 0.146815 
 ----> pctChg 450 1 0.760167 0.239833 
 ----> pctChg 451 1 0.770385 0.229615 
 ----> pctChg 452 0 0.702012 0.297988 
 ----> pctChg 453 0 0.674273 0.325727 
 ----> pctChg 454 0 0.752913 0.247087 
 ----> pctChg 455 0 0.735707 0.264293 
 ----> pctChg 456 0 0.695889 0.304111 
 ----> pctChg 457 0 0.712401 0.287599 
 ----> pctChg 458 0 0.784333 0.215667 
 ----> pctChg 459 0 0.703197 0.296803 
 ----> pctChg 460 0 0.76761 0.23239 
 ----> pctChg 461 0 0.753921 0.246079 
 ----> pctChg 462 0 0.779489 0.220511 
 ----> pctChg 463 1 0.728336 0.271664 
 ----> pctChg 464 0 0.75684 0.24316 
 ----> pctChg 465 1 0.742778 0.257222 
 ----> pctChg 466 0 0.751006 0.248994 
 ----> pctChg 467 1 0.68415 0.31585 
 ----> pctChg 468 0 0.822679 0.177321 
 ----> pctChg 469 0 0.740316 0.259684 
 ----> pctChg 470 0 0.784366 0.215634 
 ----> pctChg 471 1 0.723833 0.276167 
 ----> pctChg 472 0 0.783154 0.216846 
 ----> pctChg 473 0 0.708518 0.291482 
 ----> pctChg 474 0 0.785578 0.214422 
 ----> pctChg 475 0 0.76984 0.23016 
 ----> pctChg 476 0 0.722925 0.277075 
 ----> pctChg 477 1 0.701503 0.298497 
 ----> pctChg 478 0 0.719404 0.280596 
 ----> pctChg 479 0 0.784009 0.215991 
 ----> pctChg 480 0 0.730916 0.269084 
 ----> pctChg 481 0 0.759565 0.240435 
 ----> pctChg 482 0 0.749973 0.250027 
 ----> pctChg 483 0 0.799951 0.200049 
 ----> pctChg 484 0 0.716935 0.283065 
 ----> pctChg 485 1 0.721089 0.278911 
 ----> pctChg 486 0 0.756041 0.243959 
 ----> pctChg 487 0 0.795591 0.204409 
 ----> pctChg 488 0 0.764607 0.235393 
 ----> pctChg 489 0 0.748501 0.251499 
 ----> pctChg 490 0 0.722528 0.277472 
 ----> pctChg 491 1 0.70259 0.29741 
 ----> pctChg 492 0 0.723265 0.276735 
 ----> pctChg 493 1 0.753165 0.246835 
 ----> pctChg 494 0 0.749384 0.250616 
 ----> pctChg 495 0 0.774636 0.225364 
 ----> pctChg 496 0 0.74419 0.25581 
 ----> pctChg 497 0 0.769152 0.230848 
 ----> pctChg 498 1 0.745043 0.254957 
 ----> pctChg 499 0 0.766889 0.233111 
 ----> pctChg 500 1 0.71933 0.28067 
 ----> pctChg 501 0 0.727899 0.272101 
 ----> pctChg 502 1 0.759603 0.240397 
 ----> pctChg 503 1 0.793899 0.206101 
 ----> pctChg 504 0 0.755716 0.244284 
 ----> pctChg 505 0 0.773401 0.226599 
 ----> pctChg 506 0 0.783566 0.216434 
 ----> pctChg 507 1 0.743422 0.256578 
 ----> pctChg 508 0 0.832844 0.167156 
 ----> pctChg 509 1 0.762231 0.237769 
 ----> pctChg 510 0 0.758808 0.241192 
 ----> pctChg 511 0 0.787733 0.212267 
 ----> pctChg 512 1 0.681342 0.318658 
 ----> pctChg 513 0 0.730447 0.269553 
 ----> pctChg 514 1 0.743962 0.256038 
 ----> pctChg 515 0 0.769065 0.230935 
 ----> pctChg 516 0 0.705145 0.294855 
 ----> pctChg 517 1 0.713208 0.286792 
 ----> pctChg 518 0 0.703647 0.296353 
 ----> pctChg 519 0 0.765394 0.234606 
 ----> pctChg 520 0 0.755258 0.244742 
 ----> pctChg 521 0 0.726913 0.273087 
 ----> pctChg 522 0 0.780019 0.219981 
 ----> pctChg 523 1 0.766444 0.233556 
 ----> pctChg 524 0 0.725054 0.274946 
 ----> pctChg 525 1 0.743002 0.256998 
 ----> pctChg 526 1 0.698852 0.301148 
 ----> pctChg 527 1 0.747852 0.252148 
 ----> pctChg 528 0 0.747316 0.252684 
 ----> pctChg 529 1 0.725428 0.274572 
 ----> pctChg 530 0 0.780143 0.219857 
 ----> pctChg 531 0 0.736152 0.263848 
 ----> pctChg 532 0 0.746927 0.253073 
 ----> pctChg 533 1 0.751771 0.248229 
 ----> pctChg 534 1 0.726529 0.273471 
 ----> pctChg 535 0 0.747598 0.252402 
 ----> pctChg 536 0 0.74936 0.25064 
 ----> pctChg 537 0 0.73948 0.26052 
 ----> pctChg 538 0 0.775846 0.224154 
 ----> pctChg 539 0 0.804009 0.195991 
 ----> pctChg 540 0 0.711848 0.288152 
 ----> pctChg 541 0 0.748088 0.251912 
 ----> pctChg 542 0 0.750981 0.249019 
 ----> pctChg 543 0 0.745798 0.254202 
 ----> pctChg 544 0 0.741459 0.258541 
 ----> pctChg 545 0 0.830786 0.169214 
 ----> pctChg 546 0 0.769062 0.230938 
 ----> pctChg 547 0 0.7518 0.2482 
 ----> pctChg 548 1 0.732844 0.267156 
 ----> pctChg 549 0 0.740063 0.259937 
 ----> pctChg 550 0 0.817597 0.182403 
 ----> pctChg 551 0 0.729401 0.270599 
 ----> pctChg 552 1 0.746616 0.253384 
 ----> pctChg 553 1 0.736091 0.263909 
 ----> pctChg 554 0 0.813149 0.186851 
 ----> pctChg 555 1 0.667937 0.332063 
 ----> pctChg 556 0 0.808984 0.191016 
 ----> pctChg 557 1 0.726423 0.273577 
 ----> pctChg 558 0 0.79057 0.20943 
 ----> pctChg 559 0 0.711705 0.288295 
 ----> pctChg 560 0 0.812291 0.187709 
 ----> pctChg 561 0 0.768985 0.231015 
 ----> pctChg 562 0 0.762081 0.237919 
 ----> pctChg 563 0 0.775084 0.224916 
 ----> pctChg 564 0 0.728555 0.271445 
 ----> pctChg 565 0 0.780397 0.219603 
 ----> pctChg 566 0 0.771208 0.228792 
 ----> pctChg 567 0 0.788111 0.211889 
 ----> pctChg 568 0 0.805425 0.194575 
 ----> pctChg 569 0 0.806742 0.193258 
 ----> pctChg 570 0 0.737386 0.262614 
 ----> pctChg 571 0 0.754311 0.245689 
 ----> pctChg 572 0 0.81321 0.18679 
 ----> pctChg 573 1 0.715412 0.284588 
 ----> pctChg 574 0 0.760799 0.239201 
 ----> pctChg 575 0 0.747514 0.252486 
 ----> pctChg 576 0 0.806249 0.193751 
 ----> pctChg 577 0 0.75938 0.24062 
 ----> pctChg 578 0 0.767502 0.232498 
 ----> pctChg 579 0 0.716885 0.283115 
 ----> pctChg 580 0 0.754302 0.245698 
 ----> pctChg 581 0 0.719065 0.280935 
 ----> pctChg 582 1 0.683071 0.316929 
 ----> pctChg 583 0 0.767026 0.232974 
 ----> pctChg 584 0 0.862102 0.137898 
 ----> pctChg 585 0 0.751765 0.248235 
 ----> pctChg 586 0 0.78619 0.21381 
 ----> pctChg 587 0 0.732694 0.267306 
 ----> pctChg 588 0 0.793724 0.206276 
 ----> pctChg 589 1 0.704465 0.295535 
 ----> pctChg 590 0 0.750618 0.249382 
 ----> pctChg 591 0 0.700432 0.299568 
 ----> pctChg 592 0 0.749998 0.250002 
 ----> pctChg 593 0 0.747197 0.252803 
 ----> pctChg 594 1 0.637373 0.362627 
 ----> pctChg 595 1 0.793826 0.206174 
 ----> pctChg 596 0 0.740998 0.259002 
 ----> pctChg 597 0 0.776478 0.223522 
 ----> pctChg 598 0 0.722809 0.277191 
 ----> pctChg 599 1 0.767156 0.232844 
 ----> pctChg 600 0 0.797121 0.202879 
 ----> pctChg 601 0 0.785377 0.214623 
 ----> pctChg 602 1 0.644511 0.355489 
 ----> pctChg 603 0 0.753525 0.246475 
 ----> pctChg 604 0 0.705247 0.294753 
 ----> pctChg 605 0 0.716823 0.283177 
 ----> pctChg 606 0 0.702256 0.297744 
 ----> pctChg 607 0 0.795297 0.204703 
 ----> pctChg 608 0 0.757209 0.242791 
 ----> pctChg 609 0 0.77296 0.22704 
 ----> pctChg 610 0 0.759476 0.240524 
 ----> pctChg 611 1 0.72586 0.27414 
 ----> pctChg 612 0 0.749021 0.250979 
 ----> pctChg 613 1 0.721778 0.278222 
 ----> pctChg 614 0 0.742024 0.257976 
 ----> pctChg 615 1 0.742054 0.257946 
 ----> pctChg 616 0 0.736712 0.263288 
 ----> pctChg 617 0 0.804744 0.195256 
 ----> pctChg 618 0 0.746133 0.253867 
 ----> pctChg 619 1 0.728674 0.271326 
 ----> pctChg 620 0 0.753162 0.246838 
 ----> pctChg 621 0 0.748878 0.251122 
 ----> pctChg 622 1 0.741229 0.258771 
 ----> pctChg 623 1 0.723104 0.276896 
 ----> pctChg 624 0 0.735823 0.264177 
 ----> pctChg 625 0 0.785406 0.214594 
 ----> pctChg 626 0 0.710802 0.289198 
 ----> pctChg 627 0 0.790305 0.209695 
 ----> pctChg 628 0 0.765341 0.234659 
 ----> pctChg 629 0 0.764348 0.235652 
 ----> pctChg 630 0 0.772864 0.227136 
 ----> pctChg 631 0 0.717374 0.282626 
 ----> pctChg 632 0 0.806654 0.193346 
 ----> pctChg 633 0 0.753227 0.246773 
 ----> pctChg 634 0 0.802263 0.197737 
 ----> pctChg 635 0 0.742891 0.257109 
 ----> pctChg 636 0 0.762935 0.237065 
 ----> pctChg 637 0 0.74386 0.25614 
 ----> pctChg 638 0 0.813507 0.186493 
 ----> pctChg 639 0 0.727576 0.272424 
 ----> pctChg 640 0 0.755143 0.244857 
 ----> pctChg 641 0 0.746171 0.253829 
 ----> pctChg 642 1 0.710714 0.289286 
 ----> pctChg 643 0 0.825957 0.174043 
 ----> pctChg 644 0 0.742541 0.257459 
 ----> pctChg 645 1 0.730219 0.269781 
 ----> pctChg 646 0 0.796956 0.203044 
 ----> pctChg 647 0 0.743416 0.256584 
 ----> pctChg 648 0 0.808917 0.191083 
 ----> pctChg 649 1 0.758563 0.241437 
 ----> pctChg 650 0 0.772223 0.227777 
 ----> pctChg 651 1 0.713234 0.286766 
 ----> pctChg 652 0 0.726838 0.273162 
 ----> pctChg 653 0 0.772593 0.227407 
 ----> pctChg 654 0 0.735659 0.264341 
 ----> pctChg 655 0 0.743551 0.256449 
 ----> pctChg 656 0 0.814201 0.185799 
 ----> pctChg 657 0 0.759503 0.240497 
 ----> pctChg 658 0 0.708593 0.291407 
 ----> pctChg 659 0 0.75337 0.24663 
 ----> pctChg 660 0 0.810972 0.189028 
 ----> pctChg 661 0 0.791376 0.208624 
 ----> pctChg 662 1 0.71359 0.28641 
 ----> pctChg 663 0 0.794586 0.205414 
 ----> pctChg 664 1 0.710131 0.289869 
 ----> pctChg 665 0 0.749284 0.250716 
 ----> pctChg 666 0 0.741309 0.258691 
 ----> pctChg 667 0 0.804591 0.195409 
 ----> pctChg 668 0 0.744909 0.255091 
 ----> pctChg 669 0 0.743346 0.256654 
 ----> pctChg 670 0 0.829566 0.170434 
 ----> pctChg 671 0 0.694427 0.305573 
 ----> pctChg 672 0 0.755395 0.244605 
 ----> pctChg 673 1 0.675482 0.324518 
 ----> pctChg 674 0 0.747604 0.252396 
 ----> pctChg 675 1 0.737812 0.262188 
 ----> pctChg 676 0 0.71717 0.28283 
 ----> pctChg 677 0 0.753945 0.246055 
 ----> pctChg 678 0 0.739839 0.260161 
 ----> pctChg 679 0 0.725367 0.274633 
 ----> pctChg 680 0 0.745825 0.254175 
 ----> pctChg 681 0 0.81063 0.18937 
 ----> pctChg 682 0 0.782097 0.217903 
 ----> pctChg 683 1 0.670847 0.329153 
 ----> pctChg 684 0 0.782777 0.217223 
 ----> pctChg 685 1 0.733086 0.266914 
 ----> pctChg 686 1 0.741592 0.258408 
 ----> pctChg 687 0 0.787929 0.212071 
 ----> pctChg 688 1 0.726113 0.273887 
 ----> pctChg 689 0 0.752719 0.247281 
 ----> pctChg 690 1 0.699807 0.300193 
 ----> pctChg 691 0 0.775773 0.224227 
 ----> pctChg 692 0 0.779669 0.220331 
 ----> pctChg 693 1 0.711911 0.288089 
 ----> pctChg 694 0 0.729306 0.270694 
 ----> pctChg 695 1 0.719819 0.280181 
 ----> pctChg 696 0 0.708379 0.291621 
 ----> pctChg 697 1 0.662747 0.337253 
 ----> pctChg 698 0 0.803021 0.196979 
 ----> pctChg 699 0 0.822354 0.177646 
 ----> pctChg 700 0 0.728169 0.271831 
 ----> pctChg 701 0 0.74294 0.25706 
 ----> pctChg 702 0 0.751683 0.248317 
 ----> pctChg 703 0 0.825173 0.174827 
 ----> pctChg 704 0 0.80853 0.19147 
 ----> pctChg 705 0 0.768572 0.231428 
 ----> pctChg 706 0 0.720482 0.279518 
 ----> pctChg 707 0 0.758586 0.241414 
 ----> pctChg 708 1 0.721659 0.278341 
 ----> pctChg 709 1 0.757337 0.242663 
 ----> pctChg 710 0 0.756166 0.243834 
 ----> pctChg 711 0 0.772337 0.227663 
 ----> pctChg 712 1 0.706859 0.293141 
 ----> pctChg 713 0 0.755638 0.244362 
 ----> pctChg 714 1 0.739982 0.260018 
 ----> pctChg 715 0 0.735643 0.264357 
 ----> pctChg 716 0 0.697693 0.302307 
 ----> pctChg 717 0 0.730603 0.269397 
 ----> pctChg 718 1 0.766711 0.233289 
