 ----> pctChg 1 0 0 0 
 ----> pctChg 2 0 0.734775 0.265225 
 ----> pctChg 3 0 0.762455 0.237545 
 ----> pctChg 4 0 0.740039 0.259961 
 ----> pctChg 5 1 0.778228 0.221772 
 ----> pctChg 6 1 0.702783 0.297217 
 ----> pctChg 7 0 0.768176 0.231824 
 ----> pctChg 8 0 0.771243 0.228757 
 ----> pctChg 9 0 0.754023 0.245977 
 ----> pctChg 10 0 0.731178 0.268822 
 ----> pctChg 11 1 0.730914 0.269086 
 ----> pctChg 12 0 0.719457 0.280543 
 ----> pctChg 13 0 0.660756 0.339244 
 ----> pctChg 14 1 0.767237 0.232763 
 ----> pctChg 15 0 0.704545 0.295455 
 ----> pctChg 16 1 0.74857 0.25143 
 ----> pctChg 17 0 0.803973 0.196027 
 ----> pctChg 18 0 0.736873 0.263127 
 ----> pctChg 19 0 0.752151 0.247849 
 ----> pctChg 20 0 0.74957 0.25043 
 ----> pctChg 21 1 0.754591 0.245409 
 ----> pctChg 22 0 0.764279 0.235721 
 ----> pctChg 23 0 0.743913 0.256087 
 ----> pctChg 24 0 0.78821 0.21179 
 ----> pctChg 25 0 0.726268 0.273732 
 ----> pctChg 26 0 0.70337 0.29663 
 ----> pctChg 27 1 0.75419 0.24581 
 ----> pctChg 28 0 0.70973 0.29027 
 ----> pctChg 29 0 0.734022 0.265978 
 ----> pctChg 30 1 0.77212 0.22788 
 ----> pctChg 31 0 0.731377 0.268623 
 ----> pctChg 32 0 0.802815 0.197185 
 ----> pctChg 33 0 0.74071 0.25929 
 ----> pctChg 34 0 0.768027 0.231973 
 ----> pctChg 35 1 0.726245 0.273755 
 ----> pctChg 36 0 0.740635 0.259365 
 ----> pctChg 37 0 0.784782 0.215218 
 ----> pctChg 38 1 0.710846 0.289154 
 ----> pctChg 39 1 0.73698 0.26302 
 ----> pctChg 40 0 0.742421 0.257579 
 ----> pctChg 41 0 0.751507 0.248493 
 ----> pctChg 42 0 0.806054 0.193946 
 ----> pctChg 43 0 0.736573 0.263427 
 ----> pctChg 44 0 0.750361 0.249639 
 ----> pctChg 45 0 0.766615 0.233385 
 ----> pctChg 46 0 0.761314 0.238686 
 ----> pctChg 47 0 0.729673 0.270327 
 ----> pctChg 48 0 0.797192 0.202808 
 ----> pctChg 49 1 0.679937 0.320063 
 ----> pctChg 50 1 0.7181 0.2819 
 ----> pctChg 51 0 0.769072 0.230928 
 ----> pctChg 52 0 0.763829 0.236171 
 ----> pctChg 53 0 0.756055 0.243945 
 ----> pctChg 54 1 0.746719 0.253281 
 ----> pctChg 55 1 0.735118 0.264882 
 ----> pctChg 56 0 0.79334 0.20666 
 ----> pctChg 57 1 0.710298 0.289702 
 ----> pctChg 58 0 0.763825 0.236175 
 ----> pctChg 59 0 0.763365 0.236635 
 ----> pctChg 60 0 0.758516 0.241484 
 ----> pctChg 61 0 0.758267 0.241733 
 ----> pctChg 62 0 0.714437 0.285563 
 ----> pctChg 63 0 0.725315 0.274685 
 ----> pctChg 64 1 0.720485 0.279515 
 ----> pctChg 65 0 0.773307 0.226693 
 ----> pctChg 66 1 0.753226 0.246774 
 ----> pctChg 67 0 0.760936 0.239064 
 ----> pctChg 68 0 0.707294 0.292706 
 ----> pctChg 69 0 0.732294 0.267706 
 ----> pctChg 70 0 0.757215 0.242785 
 ----> pctChg 71 0 0.747215 0.252785 
 ----> pctChg 72 0 0.745929 0.254071 
 ----> pctChg 73 0 0.774489 0.225511 
 ----> pctChg 74 0 0.770902 0.229098 
 ----> pctChg 75 1 0.750455 0.249545 
 ----> pctChg 76 0 0.749606 0.250394 
 ----> pctChg 77 0 0.77412 0.22588 
 ----> pctChg 78 0 0.751408 0.248592 
 ----> pctChg 79 0 0.759667 0.240333 
 ----> pctChg 80 0 0.773519 0.226481 
 ----> pctChg 81 1 0.702365 0.297635 
 ----> pctChg 82 0 0.764785 0.235215 
 ----> pctChg 83 0 0.83243 0.16757 
 ----> pctChg 84 0 0.737899 0.262101 
 ----> pctChg 85 0 0.789542 0.210458 
 ----> pctChg 86 1 0.677246 0.322754 
 ----> pctChg 87 0 0.795288 0.204712 
 ----> pctChg 88 1 0.697715 0.302285 
 ----> pctChg 89 0 0.781745 0.218255 
 ----> pctChg 90 1 0.680488 0.319512 
 ----> pctChg 91 1 0.723136 0.276864 
 ----> pctChg 92 0 0.740948 0.259052 
 ----> pctChg 93 1 0.713677 0.286323 
 ----> pctChg 94 0 0.746124 0.253876 
 ----> pctChg 95 0 0.776362 0.223638 
 ----> pctChg 96 1 0.721816 0.278184 
 ----> pctChg 97 0 0.740641 0.259359 
 ----> pctChg 98 1 0.683819 0.316181 
 ----> pctChg 99 0 0.808204 0.191796 
 ----> pctChg 100 0 0.751984 0.248016 
 ----> pctChg 101 0 0.745361 0.254639 
 ----> pctChg 102 0 0.77325 0.22675 
 ----> pctChg 103 1 0.714319 0.285681 
 ----> pctChg 104 0 0.794599 0.205401 
 ----> pctChg 105 0 0.73466 0.26534 
 ----> pctChg 106 0 0.766602 0.233398 
 ----> pctChg 107 0 0.766582 0.233418 
 ----> pctChg 108 0 0.777831 0.222169 
 ----> pctChg 109 0 0.813208 0.186792 
 ----> pctChg 110 0 0.734224 0.265776 
 ----> pctChg 111 0 0.782929 0.217071 
 ----> pctChg 112 0 0.76164 0.23836 
 ----> pctChg 113 0 0.766071 0.233929 
 ----> pctChg 114 0 0.779558 0.220442 
 ----> pctChg 115 0 0.766615 0.233385 
 ----> pctChg 116 1 0.70875 0.29125 
 ----> pctChg 117 0 0.779135 0.220865 
 ----> pctChg 118 0 0.750123 0.249877 
 ----> pctChg 119 0 0.710214 0.289786 
 ----> pctChg 120 0 0.814886 0.185114 
 ----> pctChg 121 1 0.751333 0.248667 
 ----> pctChg 122 0 0.768449 0.231551 
 ----> pctChg 123 0 0.754003 0.245997 
 ----> pctChg 124 0 0.727258 0.272742 
 ----> pctChg 125 1 0.764778 0.235222 
 ----> pctChg 126 0 0.732084 0.267916 
 ----> pctChg 127 1 0.765522 0.234478 
 ----> pctChg 128 0 0.765864 0.234136 
 ----> pctChg 129 0 0.721095 0.278905 
 ----> pctChg 130 0 0.756282 0.243718 
 ----> pctChg 131 0 0.757394 0.242606 
 ----> pctChg 132 0 0.775752 0.224248 
 ----> pctChg 133 0 0.745384 0.254616 
 ----> pctChg 134 0 0.804366 0.195634 
 ----> pctChg 135 1 0.700739 0.299261 
 ----> pctChg 136 0 0.77738 0.22262 
 ----> pctChg 137 1 0.69483 0.30517 
 ----> pctChg 138 0 0.767333 0.232667 
 ----> pctChg 139 1 0.695498 0.304502 
 ----> pctChg 140 0 0.761462 0.238538 
 ----> pctChg 141 0 0.76382 0.23618 
 ----> pctChg 142 1 0.698376 0.301624 
 ----> pctChg 143 0 0.757478 0.242522 
 ----> pctChg 144 0 0.751048 0.248952 
 ----> pctChg 145 0 0.744637 0.255363 
 ----> pctChg 146 1 0.746963 0.253037 
 ----> pctChg 147 1 0.71319 0.28681 
 ----> pctChg 148 0 0.703775 0.296225 
 ----> pctChg 149 0 0.785975 0.214025 
 ----> pctChg 150 1 0.692907 0.307093 
 ----> pctChg 151 0 0.768477 0.231523 
 ----> pctChg 152 0 0.740521 0.259479 
 ----> pctChg 153 1 0.75896 0.24104 
 ----> pctChg 154 0 0.716837 0.283163 
 ----> pctChg 155 0 0.818267 0.181733 
 ----> pctChg 156 1 0.790538 0.209462 
 ----> pctChg 157 1 0.649958 0.350042 
 ----> pctChg 158 0 0.784872 0.215128 
 ----> pctChg 159 0 0.780957 0.219043 
 ----> pctChg 160 0 0.790028 0.209972 
 ----> pctChg 161 0 0.798588 0.201412 
 ----> pctChg 162 0 0.730578 0.269422 
 ----> pctChg 163 0 0.774135 0.225865 
 ----> pctChg 164 1 0.770348 0.229652 
 ----> pctChg 165 1 0.663892 0.336108 
 ----> pctChg 166 0 0.786224 0.213776 
 ----> pctChg 167 0 0.676317 0.323683 
 ----> pctChg 168 0 0.728064 0.271936 
 ----> pctChg 169 1 0.746568 0.253432 
 ----> pctChg 170 0 0.76589 0.23411 
 ----> pctChg 171 0 0.73136 0.26864 
 ----> pctChg 172 0 0.768661 0.231339 
 ----> pctChg 173 0 0.731145 0.268855 
 ----> pctChg 174 0 0.755636 0.244364 
 ----> pctChg 175 1 0.676426 0.323574 
 ----> pctChg 176 0 0.815018 0.184982 
 ----> pctChg 177 1 0.708925 0.291075 
 ----> pctChg 178 0 0.792131 0.207869 
 ----> pctChg 179 0 0.760116 0.239884 
 ----> pctChg 180 0 0.820479 0.179521 
 ----> pctChg 181 0 0.724629 0.275371 
 ----> pctChg 182 1 0.770932 0.229068 
 ----> pctChg 183 0 0.773127 0.226873 
 ----> pctChg 184 1 0.685941 0.314059 
 ----> pctChg 185 0 0.755237 0.244763 
 ----> pctChg 186 0 0.763888 0.236112 
 ----> pctChg 187 0 0.683875 0.316125 
 ----> pctChg 188 1 0.747765 0.252235 
 ----> pctChg 189 1 0.73669 0.26331 
 ----> pctChg 190 0 0.743265 0.256735 
 ----> pctChg 191 0 0.778119 0.221881 
 ----> pctChg 192 1 0.71933 0.28067 
 ----> pctChg 193 0 0.760509 0.239491 
 ----> pctChg 194 0 0.761805 0.238195 
 ----> pctChg 195 0 0.74989 0.25011 
 ----> pctChg 196 0 0.786496 0.213504 
 ----> pctChg 197 0 0.761141 0.238859 
 ----> pctChg 198 0 0.754254 0.245746 
 ----> pctChg 199 0 0.73295 0.26705 
 ----> pctChg 200 0 0.78727 0.21273 
 ----> pctChg 201 1 0.68614 0.31386 
 ----> pctChg 202 1 0.767831 0.232169 
 ----> pctChg 203 0 0.717805 0.282195 
 ----> pctChg 204 1 0.766957 0.233043 
 ----> pctChg 205 0 0.714681 0.285319 
 ----> pctChg 206 0 0.776712 0.223288 
 ----> pctChg 207 1 0.68938 0.31062 
 ----> pctChg 208 0 0.747447 0.252553 
 ----> pctChg 209 1 0.76784 0.23216 
 ----> pctChg 210 0 0.718532 0.281468 
 ----> pctChg 211 0 0.798245 0.201755 
 ----> pctChg 212 1 0.730652 0.269348 
 ----> pctChg 213 0 0.772224 0.227776 
 ----> pctChg 214 0 0.735609 0.264391 
 ----> pctChg 215 0 0.752407 0.247593 
 ----> pctChg 216 0 0.789762 0.210238 
 ----> pctChg 217 0 0.741971 0.258029 
 ----> pctChg 218 0 0.763179 0.236821 
 ----> pctChg 219 0 0.732479 0.267521 
 ----> pctChg 220 0 0.819313 0.180687 
 ----> pctChg 221 0 0.790858 0.209142 
 ----> pctChg 222 0 0.72179 0.27821 
 ----> pctChg 223 0 0.731827 0.268173 
 ----> pctChg 224 0 0.778167 0.221833 
 ----> pctChg 225 0 0.741431 0.258569 
 ----> pctChg 226 0 0.722873 0.277127 
 ----> pctChg 227 0 0.765583 0.234417 
 ----> pctChg 228 0 0.757853 0.242147 
 ----> pctChg 229 0 0.776965 0.223035 
 ----> pctChg 230 1 0.72409 0.27591 
 ----> pctChg 231 0 0.771586 0.228414 
 ----> pctChg 232 1 0.723891 0.276109 
 ----> pctChg 233 0 0.801492 0.198508 
 ----> pctChg 234 1 0.681651 0.318349 
 ----> pctChg 235 0 0.765473 0.234527 
 ----> pctChg 236 0 0.768463 0.231537 
 ----> pctChg 237 0 0.752564 0.247436 
 ----> pctChg 238 0 0.722895 0.277105 
 ----> pctChg 239 1 0.775241 0.224759 
 ----> pctChg 240 0 0.741549 0.258451 
 ----> pctChg 241 0 0.748381 0.251619 
 ----> pctChg 242 0 0.712643 0.287357 
 ----> pctChg 243 0 0.796908 0.203092 
 ----> pctChg 244 0 0.749854 0.250146 
 ----> pctChg 245 0 0.75479 0.24521 
 ----> pctChg 246 0 0.763508 0.236492 
 ----> pctChg 247 1 0.74839 0.25161 
 ----> pctChg 248 0 0.779194 0.220806 
 ----> pctChg 249 0 0.776164 0.223836 
 ----> pctChg 250 0 0.792598 0.207402 
 ----> pctChg 251 0 0.76591 0.23409 
 ----> pctChg 252 0 0.779163 0.220837 
 ----> pctChg 253 0 0.731711 0.268289 
 ----> pctChg 254 0 0.738525 0.261475 
 ----> pctChg 255 1 0.697834 0.302166 
 ----> pctChg 256 0 0.727994 0.272006 
 ----> pctChg 257 0 0.797281 0.202719 
 ----> pctChg 258 1 0.592733 0.407267 
 ----> pctChg 259 0 0.691537 0.308463 
 ----> pctChg 260 0 0.768311 0.231689 
 ----> pctChg 261 1 0.731344 0.268656 
 ----> pctChg 262 0 0.748312 0.251688 
 ----> pctChg 263 0 0.778897 0.221103 
 ----> pctChg 264 0 0.790864 0.209136 
 ----> pctChg 265 0 0.763122 0.236878 
 ----> pctChg 266 0 0.759455 0.240545 
 ----> pctChg 267 1 0.739907 0.260093 
 ----> pctChg 268 0 0.746774 0.253226 
 ----> pctChg 269 0 0.744799 0.255201 
 ----> pctChg 270 0 0.749772 0.250228 
 ----> pctChg 271 0 0.744649 0.255351 
 ----> pctChg 272 0 0.79606 0.20394 
 ----> pctChg 273 1 0.698083 0.301917 
 ----> pctChg 274 0 0.770923 0.229077 
 ----> pctChg 275 1 0.677646 0.322354 
 ----> pctChg 276 0 0.815069 0.184931 
 ----> pctChg 277 1 0.717477 0.282523 
 ----> pctChg 278 0 0.781951 0.218049 
 ----> pctChg 279 0 0.756859 0.243141 
 ----> pctChg 280 0 0.807265 0.192735 
 ----> pctChg 281 0 0.756375 0.243625 
 ----> pctChg 282 0 0.749816 0.250184 
 ----> pctChg 283 0 0.753714 0.246286 
 ----> pctChg 284 0 0.746591 0.253409 
 ----> pctChg 285 0 0.789581 0.210419 
 ----> pctChg 286 0 0.707835 0.292165 
 ----> pctChg 287 0 0.762115 0.237885 
 ----> pctChg 288 1 0.679006 0.320994 
 ----> pctChg 289 0 0.770598 0.229402 
 ----> pctChg 290 1 0.691548 0.308452 
 ----> pctChg 291 0 0.756857 0.243143 
 ----> pctChg 292 0 0.703684 0.296316 
 ----> pctChg 293 0 0.776155 0.223845 
 ----> pctChg 294 1 0.726896 0.273104 
 ----> pctChg 295 0 0.758325 0.241675 
 ----> pctChg 296 1 0.721084 0.278916 
 ----> pctChg 297 0 0.73261 0.26739 
 ----> pctChg 298 0 0.752579 0.247421 
 ----> pctChg 299 0 0.685627 0.314373 
 ----> pctChg 300 0 0.728332 0.271668 
 ----> pctChg 301 1 0.764622 0.235378 
 ----> pctChg 302 1 0.74201 0.25799 
 ----> pctChg 303 0 0.722287 0.277713 
 ----> pctChg 304 0 0.707646 0.292354 
 ----> pctChg 305 1 0.692258 0.307742 
 ----> pctChg 306 0 0.820667 0.179333 
 ----> pctChg 307 1 0.551468 0.448532 
 ----> pctChg 308 0 0.719195 0.280805 
 ----> pctChg 309 0 0.769649 0.230351 
 ----> pctChg 310 0 0.749898 0.250102 
 ----> pctChg 311 0 0.759628 0.240372 
 ----> pctChg 312 1 0.746736 0.253264 
 ----> pctChg 313 0 0.753926 0.246074 
 ----> pctChg 314 0 0.753532 0.246468 
 ----> pctChg 315 0 0.776559 0.223441 
 ----> pctChg 316 1 0.694721 0.305279 
 ----> pctChg 317 0 0.75691 0.24309 
 ----> pctChg 318 0 0.77484 0.22516 
 ----> pctChg 319 0 0.757776 0.242224 
 ----> pctChg 320 0 0.76768 0.23232 
 ----> pctChg 321 0 0.727275 0.272725 
 ----> pctChg 322 1 0.701245 0.298755 
 ----> pctChg 323 0 0.802356 0.197644 
 ----> pctChg 324 1 0.741273 0.258727 
 ----> pctChg 325 0 0.777501 0.222499 
 ----> pctChg 326 0 0.758759 0.241241 
 ----> pctChg 327 1 0.724768 0.275232 
 ----> pctChg 328 0 0.776274 0.223726 
 ----> pctChg 329 1 0.684445 0.315555 
 ----> pctChg 330 1 0.743613 0.256387 
 ----> pctChg 331 0 0.727547 0.272453 
 ----> pctChg 332 1 0.735131 0.264869 
 ----> pctChg 333 0 0.760785 0.239215 
 ----> pctChg 334 0 0.762697 0.237303 
 ----> pctChg 335 0 0.820313 0.179687 
 ----> pctChg 336 1 0.719566 0.280434 
 ----> pctChg 337 0 0.764891 0.235109 
 ----> pctChg 338 1 0.754248 0.245752 
 ----> pctChg 339 0 0.721412 0.278588 
 ----> pctChg 340 1 0.739709 0.260291 
 ----> pctChg 341 0 0.789469 0.210531 
 ----> pctChg 342 1 0.688779 0.311221 
 ----> pctChg 343 0 0.774864 0.225136 
 ----> pctChg 344 0 0.746108 0.253892 
 ----> pctChg 345 0 0.774428 0.225572 
 ----> pctChg 346 1 0.755671 0.244329 
 ----> pctChg 347 0 0.71458 0.28542 
 ----> pctChg 348 0 0.705103 0.294897 
 ----> pctChg 349 0 0.778732 0.221268 
 ----> pctChg 350 0 0.694662 0.305338 
 ----> pctChg 351 0 0.764421 0.235579 
 ----> pctChg 352 0 0.760404 0.239596 
 ----> pctChg 353 1 0.757226 0.242774 
 ----> pctChg 354 1 0.750413 0.249587 
 ----> pctChg 355 0 0.745658 0.254342 
 ----> pctChg 356 0 0.783654 0.216346 
 ----> pctChg 357 1 0.711606 0.288394 
 ----> pctChg 358 0 0.787701 0.212299 
 ----> pctChg 359 1 0.726955 0.273045 
 ----> pctChg 360 1 0.713474 0.286526 
 ----> pctChg 361 0 0.685133 0.314867 
 ----> pctChg 362 0 0.773943 0.226057 
 ----> pctChg 363 0 0.768057 0.231943 
 ----> pctChg 364 1 0.746995 0.253005 
 ----> pctChg 365 0 0.743039 0.256961 
 ----> pctChg 366 0 0.78317 0.21683 
 ----> pctChg 367 0 0.745991 0.254009 
 ----> pctChg 368 0 0.752313 0.247687 
 ----> pctChg 369 0 0.751093 0.248907 
 ----> pctChg 370 0 0.718613 0.281387 
 ----> pctChg 371 0 0.803197 0.196803 
 ----> pctChg 372 0 0.796302 0.203698 
 ----> pctChg 373 0 0.741415 0.258585 
 ----> pctChg 374 1 0.77126 0.22874 
 ----> pctChg 375 0 0.739042 0.260958 
 ----> pctChg 376 0 0.781166 0.218834 
 ----> pctChg 377 1 0.708016 0.291984 
 ----> pctChg 378 0 0.825343 0.174657 
 ----> pctChg 379 0 0.778277 0.221723 
 ----> pctChg 380 0 0.729253 0.270747 
 ----> pctChg 381 0 0.775951 0.224049 
 ----> pctChg 382 0 0.785611 0.214389 
 ----> pctChg 383 1 0.701089 0.298911 
 ----> pctChg 384 0 0.772041 0.227959 
 ----> pctChg 385 1 0.677488 0.322512 
 ----> pctChg 386 0 0.781105 0.218895 
 ----> pctChg 387 1 0.732147 0.267853 
 ----> pctChg 388 1 0.754706 0.245294 
 ----> pctChg 389 0 0.749659 0.250341 
 ----> pctChg 390 0 0.773333 0.226667 
 ----> pctChg 391 0 0.736014 0.263986 
 ----> pctChg 392 0 0.812822 0.187178 
 ----> pctChg 393 1 0.725422 0.274578 
 ----> pctChg 394 0 0.772249 0.227751 
 ----> pctChg 395 0 0.733011 0.266989 
 ----> pctChg 396 0 0.786354 0.213646 
 ----> pctChg 397 0 0.765452 0.234548 
 ----> pctChg 398 0 0.773041 0.226959 
 ----> pctChg 399 1 0.79459 0.20541 
 ----> pctChg 400 1 0.677958 0.322042 
 ----> pctChg 401 0 0.767673 0.232327 
 ----> pctChg 402 1 0.723848 0.276152 
 ----> pctChg 403 0 0.746288 0.253712 
 ----> pctChg 404 0 0.748116 0.251884 
 ----> pctChg 405 0 0.786519 0.213481 
 ----> pctChg 406 1 0.709949 0.290051 
 ----> pctChg 407 0 0.804708 0.195292 
 ----> pctChg 408 0 0.714426 0.285574 
 ----> pctChg 409 0 0.728611 0.271389 
 ----> pctChg 410 0 0.763943 0.236057 
 ----> pctChg 411 0 0.765566 0.234434 
 ----> pctChg 412 1 0.702798 0.297202 
 ----> pctChg 413 1 0.687197 0.312803 
 ----> pctChg 414 0 0.794033 0.205967 
 ----> pctChg 415 0 0.758325 0.241675 
 ----> pctChg 416 0 0.754699 0.245301 
 ----> pctChg 417 1 0.747637 0.252363 
 ----> pctChg 418 0 0.77544 0.22456 
 ----> pctChg 419 0 0.767001 0.232999 
 ----> pctChg 420 0 0.749145 0.250855 
 ----> pctChg 421 0 0.761841 0.238159 
 ----> pctChg 422 0 0.735086 0.264914 
 ----> pctChg 423 0 0.800975 0.199025 
 ----> pctChg 424 0 0.743299 0.256701 
 ----> pctChg 425 0 0.774453 0.225547 
 ----> pctChg 426 0 0.756424 0.243576 
 ----> pctChg 427 0 0.766844 0.233156 
 ----> pctChg 428 0 0.778695 0.221305 
 ----> pctChg 429 0 0.768001 0.231999 
 ----> pctChg 430 0 0.79953 0.20047 
 ----> pctChg 431 1 0.681751 0.318249 
 ----> pctChg 432 0 0.748795 0.251205 
 ----> pctChg 433 0 0.737037 0.262963 
 ----> pctChg 434 0 0.760732 0.239268 
 ----> pctChg 435 1 0.705567 0.294433 
 ----> pctChg 436 0 0.801795 0.198205 
 ----> pctChg 437 0 0.784263 0.215737 
 ----> pctChg 438 0 0.754973 0.245027 
 ----> pctChg 439 1 0.71193 0.28807 
 ----> pctChg 440 0 0.733954 0.266046 
 ----> pctChg 441 0 0.722614 0.277386 
 ----> pctChg 442 1 0.680241 0.319759 
 ----> pctChg 443 0 0.746751 0.253249 
 ----> pctChg 444 0 0.757387 0.242613 
 ----> pctChg 445 0 0.76109 0.23891 
 ----> pctChg 446 0 0.766152 0.233848 
 ----> pctChg 447 0 0.744225 0.255775 
 ----> pctChg 448 0 0.783056 0.216944 
 ----> pctChg 449 0 0.76219 0.23781 
 ----> pctChg 450 1 0.702379 0.297621 
 ----> pctChg 451 1 0.738209 0.261791 
 ----> pctChg 452 0 0.736434 0.263566 
 ----> pctChg 453 0 0.756585 0.243415 
 ----> pctChg 454 0 0.751402 0.248598 
 ----> pctChg 455 0 0.748923 0.251077 
 ----> pctChg 456 0 0.697258 0.302742 
 ----> pctChg 457 0 0.704374 0.295626 
 ----> pctChg 458 0 0.787786 0.212214 
 ----> pctChg 459 0 0.760376 0.239624 
 ----> pctChg 460 0 0.745228 0.254772 
 ----> pctChg 461 0 0.752496 0.247504 
 ----> pctChg 462 0 0.755565 0.244435 
 ----> pctChg 463 1 0.778821 0.221179 
 ----> pctChg 464 0 0.684674 0.315326 
 ----> pctChg 465 1 0.764432 0.235568 
 ----> pctChg 466 0 0.704796 0.295204 
 ----> pctChg 467 1 0.731498 0.268502 
 ----> pctChg 468 0 0.797253 0.202747 
 ----> pctChg 469 0 0.744701 0.255299 
 ----> pctChg 470 0 0.763047 0.236953 
 ----> pctChg 471 1 0.705083 0.294917 
 ----> pctChg 472 0 0.786618 0.213382 
 ----> pctChg 473 0 0.763076 0.236924 
 ----> pctChg 474 0 0.774236 0.225764 
 ----> pctChg 475 0 0.759479 0.240521 
 ----> pctChg 476 0 0.751715 0.248285 
 ----> pctChg 477 1 0.762866 0.237134 
 ----> pctChg 478 0 0.735939 0.264061 
 ----> pctChg 479 0 0.771827 0.228173 
 ----> pctChg 480 0 0.783142 0.216858 
 ----> pctChg 481 0 0.765646 0.234354 
 ----> pctChg 482 0 0.788058 0.211942 
 ----> pctChg 483 0 0.702 0.298 
 ----> pctChg 484 0 0.748527 0.251473 
 ----> pctChg 485 1 0.741726 0.258274 
 ----> pctChg 486 0 0.779333 0.220667 
 ----> pctChg 487 0 0.758071 0.241929 
 ----> pctChg 488 0 0.773649 0.226351 
 ----> pctChg 489 0 0.767066 0.232934 
 ----> pctChg 490 0 0.756117 0.243883 
 ----> pctChg 491 1 0.742475 0.257525 
 ----> pctChg 492 0 0.794971 0.205029 
 ----> pctChg 493 1 0.735389 0.264611 
 ----> pctChg 494 0 0.748969 0.251031 
 ----> pctChg 495 0 0.821814 0.178186 
 ----> pctChg 496 0 0.697584 0.302416 
 ----> pctChg 497 0 0.744143 0.255857 
 ----> pctChg 498 1 0.743031 0.256969 
 ----> pctChg 499 0 0.767367 0.232633 
 ----> pctChg 500 1 0.759289 0.240711 
 ----> pctChg 501 0 0.775092 0.224908 
 ----> pctChg 502 1 0.765432 0.234568 
 ----> pctChg 503 1 0.688625 0.311375 
 ----> pctChg 504 0 0.766679 0.233321 
 ----> pctChg 505 0 0.755554 0.244446 
 ----> pctChg 506 0 0.757321 0.242679 
 ----> pctChg 507 1 0.713855 0.286145 
 ----> pctChg 508 0 0.776668 0.223332 
 ----> pctChg 509 1 0.693844 0.306156 
 ----> pctChg 510 0 0.785313 0.214687 
 ----> pctChg 511 0 0.681809 0.318191 
 ----> pctChg 512 1 0.73553 0.26447 
 ----> pctChg 513 0 0.766961 0.233039 
 ----> pctChg 514 1 0.689791 0.310209 
 ----> pctChg 515 0 0.772019 0.227981 
 ----> pctChg 516 0 0.723883 0.276117 
 ----> pctChg 517 1 0.75834 0.24166 
 ----> pctChg 518 0 0.763294 0.236706 
 ----> pctChg 519 0 0.745761 0.254239 
 ----> pctChg 520 0 0.767906 0.232094 
 ----> pctChg 521 0 0.726316 0.273684 
 ----> pctChg 522 0 0.773896 0.226104 
 ----> pctChg 523 1 0.696375 0.303625 
 ----> pctChg 524 0 0.820645 0.179355 
 ----> pctChg 525 1 0.648809 0.351191 
 ----> pctChg 526 1 0.773118 0.226882 
 ----> pctChg 527 1 0.740134 0.259866 
 ----> pctChg 528 0 0.758885 0.241115 
 ----> pctChg 529 1 0.741162 0.258838 
 ----> pctChg 530 0 0.793059 0.206941 
 ----> pctChg 531 0 0.736236 0.263764 
 ----> pctChg 532 0 0.827751 0.172249 
 ----> pctChg 533 1 0.676162 0.323838 
 ----> pctChg 534 1 0.748328 0.251672 
 ----> pctChg 535 0 0.76282 0.23718 
 ----> pctChg 536 0 0.755365 0.244635 
 ----> pctChg 537 0 0.730547 0.269453 
 ----> pctChg 538 0 0.712524 0.287476 
 ----> pctChg 539 0 0.790352 0.209648 
 ----> pctChg 540 0 0.73469 0.26531 
 ----> pctChg 541 0 0.768465 0.231535 
 ----> pctChg 542 0 0.760334 0.239666 
 ----> pctChg 543 0 0.751599 0.248401 
 ----> pctChg 544 0 0.743205 0.256795 
 ----> pctChg 545 0 0.819372 0.180628 
 ----> pctChg 546 0 0.790485 0.209515 
 ----> pctChg 547 0 0.730421 0.269579 
 ----> pctChg 548 1 0.7665 0.2335 
 ----> pctChg 549 0 0.791325 0.208675 
 ----> pctChg 550 0 0.700755 0.299245 
 ----> pctChg 551 0 0.790516 0.209484 
 ----> pctChg 552 1 0.725555 0.274445 
 ----> pctChg 553 1 0.722407 0.277593 
 ----> pctChg 554 0 0.765051 0.234949 
 ----> pctChg 555 1 0.724564 0.275436 
 ----> pctChg 556 0 0.75777 0.24223 
 ----> pctChg 557 1 0.753787 0.246213 
 ----> pctChg 558 0 0.744081 0.255919 
 ----> pctChg 559 0 0.747413 0.252587 
 ----> pctChg 560 0 0.738893 0.261107 
 ----> pctChg 561 0 0.762196 0.237804 
 ----> pctChg 562 0 0.773798 0.226202 
 ----> pctChg 563 0 0.766497 0.233503 
 ----> pctChg 564 0 0.761807 0.238193 
 ----> pctChg 565 0 0.773159 0.226841 
 ----> pctChg 566 0 0.769348 0.230652 
 ----> pctChg 567 0 0.792067 0.207933 
 ----> pctChg 568 0 0.733661 0.266339 
 ----> pctChg 569 0 0.788785 0.211215 
 ----> pctChg 570 0 0.770111 0.229889 
 ----> pctChg 571 0 0.72793 0.27207 
 ----> pctChg 572 0 0.795397 0.204603 
 ----> pctChg 573 1 0.697619 0.302381 
 ----> pctChg 574 0 0.727157 0.272843 
 ----> pctChg 575 0 0.778325 0.221675 
 ----> pctChg 576 0 0.710278 0.289722 
 ----> pctChg 577 0 0.694822 0.305178 
 ----> pctChg 578 0 0.777318 0.222682 
 ----> pctChg 579 0 0.719775 0.280225 
 ----> pctChg 580 0 0.759422 0.240578 
 ----> pctChg 581 0 0.753798 0.246202 
 ----> pctChg 582 1 0.754722 0.245278 
 ----> pctChg 583 0 0.726364 0.273636 
 ----> pctChg 584 0 0.817392 0.182608 
 ----> pctChg 585 0 0.743626 0.256374 
 ----> pctChg 586 0 0.782378 0.217622 
 ----> pctChg 587 0 0.761991 0.238009 
 ----> pctChg 588 0 0.786662 0.213338 
 ----> pctChg 589 1 0.740882 0.259118 
 ----> pctChg 590 0 0.739059 0.260941 
 ----> pctChg 591 0 0.742465 0.257535 
 ----> pctChg 592 0 0.774165 0.225835 
 ----> pctChg 593 0 0.719429 0.280571 
 ----> pctChg 594 1 0.703672 0.296328 
 ----> pctChg 595 1 0.653589 0.346411 
 ----> pctChg 596 0 0.828782 0.171218 
 ----> pctChg 597 0 0.748196 0.251804 
 ----> pctChg 598 0 0.774665 0.225335 
 ----> pctChg 599 1 0.738623 0.261377 
 ----> pctChg 600 0 0.767085 0.232915 
 ----> pctChg 601 0 0.785251 0.214749 
 ----> pctChg 602 1 0.711839 0.288161 
 ----> pctChg 603 0 0.771268 0.228732 
 ----> pctChg 604 0 0.732416 0.267584 
 ----> pctChg 605 0 0.746055 0.253945 
 ----> pctChg 606 0 0.805777 0.194223 
 ----> pctChg 607 0 0.814568 0.185432 
 ----> pctChg 608 0 0.761383 0.238617 
 ----> pctChg 609 0 0.75035 0.24965 
 ----> pctChg 610 0 0.78713 0.21287 
 ----> pctChg 611 1 0.723624 0.276376 
 ----> pctChg 612 0 0.773503 0.226497 
 ----> pctChg 613 1 0.712162 0.287838 
 ----> pctChg 614 0 0.780615 0.219385 
 ----> pctChg 615 1 0.743396 0.256604 
 ----> pctChg 616 0 0.754557 0.245443 
 ----> pctChg 617 0 0.791662 0.208338 
 ----> pctChg 618 0 0.711537 0.288463 
 ----> pctChg 619 1 0.725466 0.274534 
 ----> pctChg 620 0 0.77096 0.22904 
 ----> pctChg 621 0 0.747292 0.252708 
 ----> pctChg 622 1 0.737688 0.262312 
 ----> pctChg 623 1 0.657463 0.342537 
 ----> pctChg 624 0 0.727369 0.272631 
 ----> pctChg 625 0 0.793733 0.206267 
 ----> pctChg 626 0 0.728885 0.271115 
 ----> pctChg 627 0 0.748179 0.251821 
 ----> pctChg 628 0 0.782728 0.217272 
 ----> pctChg 629 0 0.785175 0.214825 
 ----> pctChg 630 0 0.769974 0.230026 
 ----> pctChg 631 0 0.745163 0.254837 
 ----> pctChg 632 0 0.788875 0.211125 
 ----> pctChg 633 0 0.737269 0.262731 
 ----> pctChg 634 0 0.753307 0.246693 
 ----> pctChg 635 0 0.711054 0.288946 
 ----> pctChg 636 0 0.768206 0.231794 
 ----> pctChg 637 0 0.761874 0.238126 
 ----> pctChg 638 0 0.796852 0.203148 
 ----> pctChg 639 0 0.790726 0.209274 
 ----> pctChg 640 0 0.706926 0.293074 
 ----> pctChg 641 0 0.768036 0.231964 
 ----> pctChg 642 1 0.731784 0.268216 
 ----> pctChg 643 0 0.767859 0.232141 
 ----> pctChg 644 0 0.767322 0.232678 
 ----> pctChg 645 1 0.687709 0.312291 
 ----> pctChg 646 0 0.709929 0.290071 
 ----> pctChg 647 0 0.674284 0.325716 
 ----> pctChg 648 0 0.803201 0.196799 
 ----> pctChg 649 1 0.757994 0.242006 
 ----> pctChg 650 0 0.761214 0.238786 
 ----> pctChg 651 1 0.747603 0.252397 
 ----> pctChg 652 0 0.764789 0.235211 
 ----> pctChg 653 0 0.770962 0.229038 
 ----> pctChg 654 0 0.73954 0.26046 
 ----> pctChg 655 0 0.809316 0.190684 
 ----> pctChg 656 0 0.77441 0.22559 
 ----> pctChg 657 0 0.732504 0.267496 
 ----> pctChg 658 0 0.799686 0.200314 
 ----> pctChg 659 0 0.759585 0.240415 
 ----> pctChg 660 0 0.746055 0.253945 
 ----> pctChg 661 0 0.751947 0.248053 
 ----> pctChg 662 1 0.736415 0.263585 
 ----> pctChg 663 0 0.769194 0.230806 
 ----> pctChg 664 1 0.740301 0.259699 
 ----> pctChg 665 0 0.804494 0.195506 
 ----> pctChg 666 0 0.762287 0.237713 
 ----> pctChg 667 0 0.730209 0.269791 
 ----> pctChg 668 0 0.736636 0.263364 
 ----> pctChg 669 0 0.768778 0.231222 
 ----> pctChg 670 0 0.736883 0.263117 
 ----> pctChg 671 0 0.742543 0.257457 
 ----> pctChg 672 0 0.715729 0.284271 
 ----> pctChg 673 1 0.717061 0.282939 
 ----> pctChg 674 0 0.809791 0.190209 
 ----> pctChg 675 1 0.59712 0.40288 
 ----> pctChg 676 0 0.679632 0.320368 
 ----> pctChg 677 0 0.757614 0.242386 
 ----> pctChg 678 0 0.741643 0.258357 
 ----> pctChg 679 0 0.758886 0.241114 
 ----> pctChg 680 0 0.766786 0.233214 
 ----> pctChg 681 0 0.713568 0.286432 
 ----> pctChg 682 0 0.77656 0.22344 
 ----> pctChg 683 1 0.710554 0.289446 
 ----> pctChg 684 0 0.798733 0.201267 
 ----> pctChg 685 1 0.758273 0.241727 
 ----> pctChg 686 1 0.748697 0.251303 
 ----> pctChg 687 0 0.786218 0.213782 
 ----> pctChg 688 1 0.763807 0.236193 
 ----> pctChg 689 0 0.80404 0.19596 
 ----> pctChg 690 1 0.718159 0.281841 
 ----> pctChg 691 0 0.777537 0.222463 
 ----> pctChg 692 0 0.786491 0.213509 
 ----> pctChg 693 1 0.718851 0.281149 
 ----> pctChg 694 0 0.752439 0.247561 
 ----> pctChg 695 1 0.732711 0.267289 
 ----> pctChg 696 0 0.782077 0.217923 
 ----> pctChg 697 1 0.752433 0.247567 
 ----> pctChg 698 0 0.736515 0.263485 
 ----> pctChg 699 0 0.791705 0.208295 
 ----> pctChg 700 0 0.762507 0.237493 
 ----> pctChg 701 0 0.820157 0.179843 
 ----> pctChg 702 0 0.748277 0.251723 
 ----> pctChg 703 0 0.7691 0.2309 
 ----> pctChg 704 0 0.778694 0.221306 
 ----> pctChg 705 0 0.71185 0.28815 
 ----> pctChg 706 0 0.780035 0.219965 
 ----> pctChg 707 0 0.753526 0.246474 
 ----> pctChg 708 1 0.776186 0.223814 
 ----> pctChg 709 1 0.747229 0.252771 
 ----> pctChg 710 0 0.804721 0.195279 
 ----> pctChg 711 0 0.713506 0.286494 
 ----> pctChg 712 1 0.738319 0.261681 
 ----> pctChg 713 0 0.76195 0.23805 
 ----> pctChg 714 1 0.724711 0.275289 
 ----> pctChg 715 0 0.76624 0.23376 
 ----> pctChg 716 0 0.694894 0.305106 
 ----> pctChg 717 0 0.774692 0.225308 
 ----> pctChg 718 1 0.705313 0.294687 
