 ----> pctChg 1 0 0.709245 0.290755 
 ----> pctChg 2 0 0.749374 0.250626 
 ----> pctChg 3 0 0.748711 0.251289 
 ----> pctChg 4 0 0.749895 0.250105 
 ----> pctChg 5 1 0.753021 0.246979 
 ----> pctChg 6 1 0.681734 0.318266 
 ----> pctChg 7 0 0.742344 0.257656 
 ----> pctChg 8 0 0.713465 0.286535 
 ----> pctChg 9 0 0.78654 0.21346 
 ----> pctChg 10 0 0.727036 0.272964 
 ----> pctChg 11 1 0.757357 0.242643 
 ----> pctChg 12 0 0.752545 0.247455 
 ----> pctChg 13 0 0.733154 0.266846 
 ----> pctChg 14 1 0.705695 0.294305 
 ----> pctChg 15 0 0.72987 0.27013 
 ----> pctChg 16 1 0.761868 0.238132 
 ----> pctChg 17 0 0.749334 0.250666 
 ----> pctChg 18 0 0.749133 0.250867 
 ----> pctChg 19 0 0.75216 0.24784 
 ----> pctChg 20 0 0.744397 0.255603 
 ----> pctChg 21 1 0.745748 0.254252 
 ----> pctChg 22 0 0.738324 0.261676 
 ----> pctChg 23 0 0.742879 0.257121 
 ----> pctChg 24 0 0.769635 0.230365 
 ----> pctChg 25 0 0.768189 0.231811 
 ----> pctChg 26 0 0.747179 0.252821 
 ----> pctChg 27 1 0.715932 0.284068 
 ----> pctChg 28 0 0.739301 0.260699 
 ----> pctChg 29 0 0.765366 0.234634 
 ----> pctChg 30 1 0.710857 0.289143 
 ----> pctChg 31 0 0.765325 0.234675 
 ----> pctChg 32 0 0.766445 0.233555 
 ----> pctChg 33 0 0.725971 0.274029 
 ----> pctChg 34 0 0.758184 0.241816 
 ----> pctChg 35 1 0.743715 0.256285 
 ----> pctChg 36 0 0.754816 0.245184 
 ----> pctChg 37 0 0.762975 0.237025 
 ----> pctChg 38 1 0.714316 0.285684 
 ----> pctChg 39 1 0.777173 0.222827 
 ----> pctChg 40 0 0.722683 0.277317 
 ----> pctChg 41 0 0.760709 0.239291 
 ----> pctChg 42 0 0.76369 0.23631 
 ----> pctChg 43 0 0.748938 0.251062 
 ----> pctChg 44 0 0.74888 0.25112 
 ----> pctChg 45 0 0.758103 0.241897 
 ----> pctChg 46 0 0.776402 0.223598 
 ----> pctChg 47 0 0.760655 0.239345 
 ----> pctChg 48 0 0.755998 0.244002 
 ----> pctChg 49 1 0.683298 0.316702 
 ----> pctChg 50 1 0.73513 0.26487 
 ----> pctChg 51 0 0.742759 0.257241 
 ----> pctChg 52 0 0.729431 0.270569 
 ----> pctChg 53 0 0.750928 0.249072 
 ----> pctChg 54 1 0.743105 0.256895 
 ----> pctChg 55 1 0.705434 0.294566 
 ----> pctChg 56 0 0.750648 0.249352 
 ----> pctChg 57 1 0.730279 0.269721 
 ----> pctChg 58 0 0.761732 0.238268 
 ----> pctChg 59 0 0.756823 0.243177 
 ----> pctChg 60 0 0.759633 0.240367 
 ----> pctChg 61 0 0.742656 0.257344 
 ----> pctChg 62 0 0.726672 0.273328 
 ----> pctChg 63 0 0.787814 0.212186 
 ----> pctChg 64 1 0.708741 0.291259 
 ----> pctChg 65 0 0.762653 0.237347 
 ----> pctChg 66 1 0.761327 0.238673 
 ----> pctChg 67 0 0.763006 0.236994 
 ----> pctChg 68 0 0.750353 0.249647 
 ----> pctChg 69 0 0.762725 0.237275 
 ----> pctChg 70 0 0.758799 0.241201 
 ----> pctChg 71 0 0.792471 0.207529 
 ----> pctChg 72 0 0.761155 0.238845 
 ----> pctChg 73 0 0.750937 0.249063 
 ----> pctChg 74 0 0.75712 0.24288 
 ----> pctChg 75 1 0.736124 0.263876 
 ----> pctChg 76 0 0.771662 0.228338 
 ----> pctChg 77 0 0.791256 0.208744 
 ----> pctChg 78 0 0.787476 0.212524 
 ----> pctChg 79 0 0.754486 0.245514 
 ----> pctChg 80 0 0.760911 0.239089 
 ----> pctChg 81 1 0.738827 0.261173 
 ----> pctChg 82 0 0.785685 0.214315 
 ----> pctChg 83 0 0.746391 0.253609 
 ----> pctChg 84 0 0.757622 0.242378 
 ----> pctChg 85 0 0.752249 0.247751 
 ----> pctChg 86 1 0.702534 0.297466 
 ----> pctChg 87 0 0.769258 0.230742 
 ----> pctChg 88 1 0.71401 0.28599 
 ----> pctChg 89 0 0.777663 0.222337 
 ----> pctChg 90 1 0.726 0.274 
 ----> pctChg 91 1 0.679065 0.320935 
 ----> pctChg 92 0 0.792585 0.207415 
 ----> pctChg 93 1 0.745445 0.254555 
 ----> pctChg 94 0 0.751642 0.248358 
 ----> pctChg 95 0 0.773819 0.226181 
 ----> pctChg 96 1 0.707742 0.292258 
 ----> pctChg 97 0 0.720818 0.279182 
 ----> pctChg 98 1 0.739273 0.260727 
 ----> pctChg 99 0 0.762611 0.237389 
 ----> pctChg 100 0 0.786164 0.213836 
 ----> pctChg 101 0 0.727096 0.272904 
 ----> pctChg 102 0 0.754888 0.245112 
 ----> pctChg 103 1 0.715447 0.284553 
 ----> pctChg 104 0 0.719865 0.280135 
 ----> pctChg 105 0 0.742481 0.257519 
 ----> pctChg 106 0 0.784395 0.215605 
 ----> pctChg 107 0 0.752791 0.247209 
 ----> pctChg 108 0 0.746767 0.253233 
 ----> pctChg 109 0 0.793844 0.206156 
 ----> pctChg 110 0 0.755407 0.244593 
 ----> pctChg 111 0 0.78751 0.21249 
 ----> pctChg 112 0 0.757629 0.242371 
 ----> pctChg 113 0 0.752087 0.247913 
 ----> pctChg 114 0 0.765563 0.234437 
 ----> pctChg 115 0 0.78133 0.21867 
 ----> pctChg 116 1 0.718644 0.281356 
 ----> pctChg 117 0 0.767208 0.232792 
 ----> pctChg 118 0 0.759866 0.240134 
 ----> pctChg 119 0 0.778559 0.221441 
 ----> pctChg 120 0 0.772195 0.227805 
 ----> pctChg 121 1 0.686779 0.313221 
 ----> pctChg 122 0 0.722907 0.277093 
 ----> pctChg 123 0 0.774547 0.225453 
 ----> pctChg 124 0 0.799827 0.200173 
 ----> pctChg 125 1 0.698253 0.301747 
 ----> pctChg 126 0 0.774616 0.225384 
 ----> pctChg 127 1 0.751038 0.248962 
 ----> pctChg 128 0 0.747721 0.252279 
 ----> pctChg 129 0 0.755646 0.244354 
 ----> pctChg 130 0 0.774646 0.225354 
 ----> pctChg 131 0 0.787632 0.212368 
 ----> pctChg 132 0 0.71715 0.28285 
 ----> pctChg 133 0 0.736422 0.263578 
 ----> pctChg 134 0 0.757774 0.242226 
 ----> pctChg 135 1 0.714692 0.285308 
 ----> pctChg 136 0 0.762434 0.237566 
 ----> pctChg 137 1 0.689702 0.310298 
 ----> pctChg 138 0 0.758454 0.241546 
 ----> pctChg 139 1 0.758765 0.241235 
 ----> pctChg 140 0 0.7474 0.2526 
 ----> pctChg 141 0 0.750287 0.249713 
 ----> pctChg 142 1 0.736321 0.263679 
 ----> pctChg 143 0 0.784866 0.215134 
 ----> pctChg 144 0 0.759086 0.240914 
 ----> pctChg 145 0 0.741567 0.258433 
 ----> pctChg 146 1 0.723416 0.276584 
 ----> pctChg 147 1 0.726683 0.273317 
 ----> pctChg 148 0 0.779763 0.220237 
 ----> pctChg 149 0 0.782539 0.217461 
 ----> pctChg 150 1 0.720179 0.279821 
 ----> pctChg 151 0 0.78232 0.21768 
 ----> pctChg 152 0 0.764571 0.235429 
 ----> pctChg 153 1 0.74024 0.25976 
 ----> pctChg 154 0 0.764257 0.235743 
 ----> pctChg 155 0 0.768757 0.231243 
 ----> pctChg 156 1 0.748752 0.251248 
 ----> pctChg 157 1 0.718217 0.281783 
 ----> pctChg 158 0 0.767435 0.232565 
 ----> pctChg 159 0 0.751562 0.248438 
 ----> pctChg 160 0 0.744746 0.255254 
 ----> pctChg 161 0 0.786254 0.213746 
 ----> pctChg 162 0 0.710885 0.289115 
 ----> pctChg 163 0 0.754929 0.245071 
 ----> pctChg 164 1 0.738149 0.261851 
 ----> pctChg 165 1 0.690931 0.309069 
 ----> pctChg 166 0 0.802403 0.197597 
 ----> pctChg 167 0 0.743052 0.256948 
 ----> pctChg 168 0 0.802436 0.197564 
 ----> pctChg 169 1 0.637116 0.362884 
 ----> pctChg 170 0 0.77815 0.22185 
 ----> pctChg 171 0 0.769166 0.230834 
 ----> pctChg 172 0 0.771274 0.228726 
 ----> pctChg 173 0 0.729314 0.270686 
 ----> pctChg 174 0 0.74027 0.25973 
 ----> pctChg 175 1 0.723982 0.276018 
 ----> pctChg 176 0 0.76726 0.23274 
 ----> pctChg 177 1 0.694112 0.305888 
 ----> pctChg 178 0 0.770815 0.229185 
 ----> pctChg 179 0 0.74429 0.25571 
 ----> pctChg 180 0 0.724825 0.275175 
 ----> pctChg 181 0 0.73761 0.26239 
 ----> pctChg 182 1 0.696239 0.303761 
 ----> pctChg 183 0 0.744905 0.255095 
 ----> pctChg 184 1 0.741217 0.258783 
 ----> pctChg 185 0 0.771969 0.228031 
 ----> pctChg 186 0 0.795389 0.204611 
 ----> pctChg 187 0 0.784673 0.215327 
 ----> pctChg 188 1 0.733986 0.266014 
 ----> pctChg 189 1 0.737186 0.262814 
 ----> pctChg 190 0 0.79724 0.20276 
 ----> pctChg 191 0 0.746831 0.253169 
 ----> pctChg 192 1 0.71837 0.28163 
 ----> pctChg 193 0 0.773702 0.226298 
 ----> pctChg 194 0 0.746908 0.253092 
 ----> pctChg 195 0 0.784734 0.215266 
 ----> pctChg 196 0 0.774532 0.225468 
 ----> pctChg 197 0 0.719559 0.280441 
 ----> pctChg 198 0 0.773624 0.226376 
 ----> pctChg 199 0 0.778496 0.221504 
 ----> pctChg 200 0 0.776011 0.223989 
 ----> pctChg 201 1 0.738757 0.261243 
 ----> pctChg 202 1 0.742684 0.257316 
 ----> pctChg 203 0 0.755642 0.244358 
 ----> pctChg 204 1 0.77389 0.22611 
 ----> pctChg 205 0 0.777348 0.222652 
 ----> pctChg 206 0 0.76851 0.23149 
 ----> pctChg 207 1 0.727572 0.272428 
 ----> pctChg 208 0 0.744256 0.255744 
 ----> pctChg 209 1 0.743825 0.256175 
 ----> pctChg 210 0 0.768769 0.231231 
 ----> pctChg 211 0 0.757492 0.242508 
 ----> pctChg 212 1 0.707661 0.292339 
 ----> pctChg 213 0 0.750237 0.249763 
 ----> pctChg 214 0 0.768222 0.231778 
 ----> pctChg 215 0 0.786406 0.213594 
 ----> pctChg 216 0 0.764747 0.235253 
 ----> pctChg 217 0 0.725633 0.274367 
 ----> pctChg 218 0 0.754594 0.245406 
 ----> pctChg 219 0 0.77859 0.22141 
 ----> pctChg 220 0 0.723861 0.276139 
 ----> pctChg 221 0 0.793174 0.206826 
 ----> pctChg 222 0 0.75377 0.24623 
 ----> pctChg 223 0 0.784499 0.215501 
 ----> pctChg 224 0 0.763695 0.236305 
 ----> pctChg 225 0 0.73705 0.26295 
 ----> pctChg 226 0 0.751191 0.248809 
 ----> pctChg 227 0 0.776766 0.223234 
 ----> pctChg 228 0 0.72578 0.27422 
 ----> pctChg 229 0 0.741643 0.258357 
 ----> pctChg 230 1 0.731827 0.268173 
 ----> pctChg 231 0 0.748918 0.251082 
 ----> pctChg 232 1 0.747591 0.252409 
 ----> pctChg 233 0 0.745296 0.254704 
 ----> pctChg 234 1 0.729976 0.270024 
 ----> pctChg 235 0 0.775332 0.224668 
 ----> pctChg 236 0 0.745892 0.254108 
 ----> pctChg 237 0 0.746258 0.253742 
 ----> pctChg 238 0 0.756478 0.243522 
 ----> pctChg 239 1 0.728017 0.271983 
 ----> pctChg 240 0 0.764141 0.235859 
 ----> pctChg 241 0 0.735704 0.264296 
 ----> pctChg 242 0 0.761162 0.238838 
 ----> pctChg 243 0 0.733768 0.266232 
 ----> pctChg 244 0 0.752162 0.247838 
 ----> pctChg 245 0 0.760466 0.239534 
 ----> pctChg 246 0 0.735027 0.264973 
 ----> pctChg 247 1 0.753261 0.246739 
 ----> pctChg 248 0 0.746102 0.253898 
 ----> pctChg 249 0 0.748633 0.251367 
 ----> pctChg 250 0 0.739101 0.260899 
 ----> pctChg 251 0 0.749319 0.250681 
 ----> pctChg 252 0 0.78961 0.21039 
 ----> pctChg 253 0 0.73271 0.26729 
 ----> pctChg 254 0 0.777656 0.222344 
 ----> pctChg 255 1 0.723782 0.276218 
 ----> pctChg 256 0 0.768199 0.231801 
 ----> pctChg 257 0 0.806304 0.193696 
 ----> pctChg 258 1 0.71573 0.28427 
 ----> pctChg 259 0 0.74508 0.25492 
 ----> pctChg 260 0 0.756015 0.243985 
 ----> pctChg 261 1 0.768855 0.231145 
 ----> pctChg 262 0 0.78793 0.21207 
 ----> pctChg 263 0 0.744684 0.255316 
 ----> pctChg 264 0 0.760937 0.239063 
 ----> pctChg 265 0 0.815343 0.184657 
 ----> pctChg 266 0 0.757665 0.242335 
 ----> pctChg 267 1 0.734145 0.265855 
 ----> pctChg 268 0 0.737231 0.262769 
 ----> pctChg 269 0 0.741378 0.258622 
 ----> pctChg 270 0 0.76319 0.23681 
 ----> pctChg 271 0 0.76777 0.23223 
 ----> pctChg 272 0 0.754872 0.245128 
 ----> pctChg 273 1 0.708857 0.291143 
 ----> pctChg 274 0 0.772382 0.227618 
 ----> pctChg 275 1 0.742667 0.257333 
 ----> pctChg 276 0 0.78107 0.21893 
 ----> pctChg 277 1 0.732425 0.267575 
 ----> pctChg 278 0 0.758431 0.241569 
 ----> pctChg 279 0 0.762763 0.237237 
 ----> pctChg 280 0 0.773015 0.226985 
 ----> pctChg 281 0 0.7655 0.2345 
 ----> pctChg 282 0 0.730161 0.269839 
 ----> pctChg 283 0 0.761666 0.238334 
 ----> pctChg 284 0 0.773015 0.226985 
 ----> pctChg 285 0 0.745974 0.254026 
 ----> pctChg 286 0 0.753309 0.246691 
 ----> pctChg 287 0 0.783866 0.216134 
 ----> pctChg 288 1 0.746678 0.253322 
 ----> pctChg 289 0 0.740114 0.259886 
 ----> pctChg 290 1 0.731392 0.268608 
 ----> pctChg 291 0 0.753065 0.246935 
 ----> pctChg 292 0 0.769005 0.230995 
 ----> pctChg 293 0 0.760481 0.239519 
 ----> pctChg 294 1 0.702074 0.297926 
 ----> pctChg 295 0 0.827828 0.172172 
 ----> pctChg 296 1 0.714611 0.285389 
 ----> pctChg 297 0 0.745509 0.254491 
 ----> pctChg 298 0 0.772239 0.227761 
 ----> pctChg 299 0 0.76103 0.23897 
 ----> pctChg 300 0 0.742685 0.257315 
 ----> pctChg 301 1 0.758847 0.241153 
 ----> pctChg 302 1 0.708068 0.291932 
 ----> pctChg 303 0 0.781217 0.218783 
 ----> pctChg 304 0 0.741207 0.258793 
 ----> pctChg 305 1 0.736122 0.263878 
 ----> pctChg 306 0 0.754541 0.245459 
 ----> pctChg 307 1 0.75011 0.24989 
 ----> pctChg 308 0 0.765004 0.234996 
 ----> pctChg 309 0 0.767108 0.232892 
 ----> pctChg 310 0 0.754182 0.245818 
 ----> pctChg 311 0 0.770103 0.229897 
 ----> pctChg 312 1 0.68299 0.31701 
 ----> pctChg 313 0 0.789167 0.210833 
 ----> pctChg 314 0 0.777082 0.222918 
 ----> pctChg 315 0 0.748503 0.251497 
 ----> pctChg 316 1 0.703908 0.296092 
 ----> pctChg 317 0 0.775124 0.224876 
 ----> pctChg 318 0 0.740758 0.259242 
 ----> pctChg 319 0 0.76902 0.23098 
 ----> pctChg 320 0 0.730963 0.269037 
 ----> pctChg 321 0 0.779609 0.220391 
 ----> pctChg 322 1 0.742899 0.257101 
 ----> pctChg 323 0 0.740524 0.259476 
 ----> pctChg 324 1 0.697169 0.302831 
 ----> pctChg 325 0 0.793156 0.206844 
 ----> pctChg 326 0 0.763353 0.236647 
 ----> pctChg 327 1 0.759946 0.240054 
 ----> pctChg 328 0 0.764381 0.235619 
 ----> pctChg 329 1 0.736306 0.263694 
 ----> pctChg 330 1 0.754957 0.245043 
 ----> pctChg 331 0 0.771547 0.228453 
 ----> pctChg 332 1 0.730496 0.269504 
 ----> pctChg 333 0 0.754106 0.245894 
 ----> pctChg 334 0 0.75135 0.24865 
 ----> pctChg 335 0 0.778157 0.221843 
 ----> pctChg 336 1 0.717794 0.282206 
 ----> pctChg 337 0 0.758426 0.241574 
 ----> pctChg 338 1 0.718828 0.281172 
 ----> pctChg 339 0 0.779724 0.220276 
 ----> pctChg 340 1 0.715011 0.284989 
 ----> pctChg 341 0 0.761776 0.238224 
 ----> pctChg 342 1 0.719707 0.280293 
 ----> pctChg 343 0 0.768335 0.231665 
 ----> pctChg 344 0 0.756607 0.243393 
 ----> pctChg 345 0 0.741312 0.258688 
 ----> pctChg 346 1 0.734496 0.265504 
 ----> pctChg 347 0 0.747404 0.252596 
 ----> pctChg 348 0 0.751088 0.248912 
 ----> pctChg 349 0 0.747438 0.252562 
 ----> pctChg 350 0 0.75038 0.24962 
 ----> pctChg 351 0 0.754087 0.245913 
 ----> pctChg 352 0 0.795373 0.204627 
 ----> pctChg 353 1 0.709291 0.290709 
 ----> pctChg 354 1 0.747523 0.252477 
 ----> pctChg 355 0 0.776294 0.223706 
 ----> pctChg 356 0 0.754637 0.245363 
 ----> pctChg 357 1 0.734506 0.265494 
 ----> pctChg 358 0 0.749641 0.250359 
 ----> pctChg 359 1 0.711019 0.288981 
 ----> pctChg 360 1 0.77684 0.22316 
 ----> pctChg 361 0 0.741313 0.258687 
 ----> pctChg 362 0 0.740923 0.259077 
 ----> pctChg 363 0 0.763081 0.236919 
 ----> pctChg 364 1 0.700259 0.299741 
 ----> pctChg 365 0 0.749523 0.250477 
 ----> pctChg 366 0 0.743303 0.256697 
 ----> pctChg 367 0 0.758093 0.241907 
 ----> pctChg 368 0 0.755509 0.244491 
 ----> pctChg 369 0 0.769525 0.230475 
 ----> pctChg 370 0 0.74367 0.25633 
 ----> pctChg 371 0 0.787333 0.212667 
 ----> pctChg 372 0 0.730923 0.269077 
 ----> pctChg 373 0 0.780969 0.219031 
 ----> pctChg 374 1 0.696967 0.303033 
 ----> pctChg 375 0 0.77115 0.22885 
 ----> pctChg 376 0 0.772856 0.227144 
 ----> pctChg 377 1 0.735759 0.264241 
 ----> pctChg 378 0 0.763207 0.236793 
 ----> pctChg 379 0 0.781165 0.218835 
 ----> pctChg 380 0 0.741732 0.258268 
 ----> pctChg 381 0 0.752958 0.247042 
 ----> pctChg 382 0 0.753977 0.246023 
 ----> pctChg 383 1 0.713832 0.286168 
 ----> pctChg 384 0 0.721484 0.278516 
 ----> pctChg 385 1 0.724961 0.275039 
 ----> pctChg 386 0 0.739084 0.260916 
 ----> pctChg 387 1 0.723149 0.276851 
 ----> pctChg 388 1 0.739252 0.260748 
 ----> pctChg 389 0 0.737406 0.262594 
 ----> pctChg 390 0 0.781813 0.218187 
 ----> pctChg 391 0 0.743135 0.256865 
 ----> pctChg 392 0 0.745441 0.254559 
 ----> pctChg 393 1 0.705578 0.294422 
 ----> pctChg 394 0 0.752146 0.247854 
 ----> pctChg 395 0 0.780534 0.219466 
 ----> pctChg 396 0 0.744652 0.255348 
 ----> pctChg 397 0 0.734548 0.265452 
 ----> pctChg 398 0 0.755233 0.244767 
 ----> pctChg 399 1 0.748066 0.251934 
 ----> pctChg 400 1 0.724746 0.275254 
 ----> pctChg 401 0 0.769396 0.230604 
 ----> pctChg 402 1 0.73296 0.26704 
 ----> pctChg 403 0 0.767856 0.232144 
 ----> pctChg 404 0 0.743342 0.256658 
 ----> pctChg 405 0 0.773133 0.226867 
 ----> pctChg 406 1 0.721417 0.278583 
 ----> pctChg 407 0 0.738356 0.261644 
 ----> pctChg 408 0 0.739671 0.260329 
 ----> pctChg 409 0 0.753403 0.246597 
 ----> pctChg 410 0 0.745719 0.254281 
 ----> pctChg 411 0 0.741431 0.258569 
 ----> pctChg 412 1 0.723037 0.276963 
 ----> pctChg 413 1 0.693198 0.306802 
 ----> pctChg 414 0 0.775669 0.224331 
 ----> pctChg 415 0 0.763394 0.236606 
 ----> pctChg 416 0 0.787208 0.212792 
 ----> pctChg 417 1 0.712217 0.287783 
 ----> pctChg 418 0 0.767099 0.232901 
 ----> pctChg 419 0 0.793073 0.206927 
 ----> pctChg 420 0 0.738325 0.261675 
 ----> pctChg 421 0 0.749875 0.250125 
 ----> pctChg 422 0 0.758829 0.241171 
 ----> pctChg 423 0 0.766668 0.233332 
 ----> pctChg 424 0 0.774 0.226 
 ----> pctChg 425 0 0.762471 0.237529 
 ----> pctChg 426 0 0.753736 0.246264 
 ----> pctChg 427 0 0.776772 0.223228 
 ----> pctChg 428 0 0.750504 0.249496 
 ----> pctChg 429 0 0.766833 0.233167 
 ----> pctChg 430 0 0.788618 0.211382 
 ----> pctChg 431 1 0.700447 0.299553 
 ----> pctChg 432 0 0.755303 0.244697 
 ----> pctChg 433 0 0.743978 0.256022 
 ----> pctChg 434 0 0.777994 0.222006 
 ----> pctChg 435 1 0.693334 0.306666 
 ----> pctChg 436 0 0.750568 0.249432 
 ----> pctChg 437 0 0.739764 0.260236 
 ----> pctChg 438 0 0.776896 0.223104 
 ----> pctChg 439 1 0.723349 0.276651 
 ----> pctChg 440 0 0.748224 0.251776 
 ----> pctChg 441 0 0.79967 0.20033 
 ----> pctChg 442 1 0.711978 0.288022 
 ----> pctChg 443 0 0.772502 0.227498 
 ----> pctChg 444 0 0.750928 0.249072 
 ----> pctChg 445 0 0.74082 0.25918 
 ----> pctChg 446 0 0.793943 0.206057 
 ----> pctChg 447 0 0.775065 0.224935 
 ----> pctChg 448 0 0.783146 0.216854 
 ----> pctChg 449 0 0.741016 0.258984 
 ----> pctChg 450 1 0.730231 0.269769 
 ----> pctChg 451 1 0.724827 0.275173 
 ----> pctChg 452 0 0.778 0.222 
 ----> pctChg 453 0 0.754744 0.245256 
 ----> pctChg 454 0 0.728636 0.271364 
 ----> pctChg 455 0 0.761449 0.238551 
 ----> pctChg 456 0 0.777292 0.222708 
 ----> pctChg 457 0 0.761698 0.238302 
 ----> pctChg 458 0 0.767408 0.232592 
 ----> pctChg 459 0 0.768572 0.231428 
 ----> pctChg 460 0 0.730731 0.269269 
 ----> pctChg 461 0 0.769382 0.230618 
 ----> pctChg 462 0 0.736557 0.263443 
 ----> pctChg 463 1 0.722351 0.277649 
 ----> pctChg 464 0 0.76069 0.23931 
 ----> pctChg 465 1 0.735881 0.264119 
 ----> pctChg 466 0 0.765015 0.234985 
 ----> pctChg 467 1 0.697137 0.302863 
 ----> pctChg 468 0 0.75678 0.24322 
 ----> pctChg 469 0 0.688733 0.311267 
 ----> pctChg 470 0 0.781852 0.218148 
 ----> pctChg 471 1 0.778866 0.221134 
 ----> pctChg 472 0 0.755189 0.244811 
 ----> pctChg 473 0 0.735439 0.264561 
 ----> pctChg 474 0 0.750329 0.249671 
 ----> pctChg 475 0 0.781874 0.218126 
 ----> pctChg 476 0 0.750754 0.249246 
 ----> pctChg 477 1 0.75123 0.24877 
 ----> pctChg 478 0 0.778996 0.221004 
 ----> pctChg 479 0 0.771279 0.228721 
 ----> pctChg 480 0 0.784618 0.215382 
 ----> pctChg 481 0 0.753381 0.246619 
 ----> pctChg 482 0 0.734369 0.265631 
 ----> pctChg 483 0 0.741676 0.258324 
 ----> pctChg 484 0 0.771622 0.228378 
 ----> pctChg 485 1 0.738292 0.261708 
 ----> pctChg 486 0 0.725987 0.274013 
 ----> pctChg 487 0 0.776526 0.223474 
 ----> pctChg 488 0 0.753836 0.246164 
 ----> pctChg 489 0 0.790851 0.209149 
 ----> pctChg 490 0 0.748612 0.251388 
 ----> pctChg 491 1 0.710336 0.289664 
 ----> pctChg 492 0 0.731456 0.268544 
 ----> pctChg 493 1 0.717416 0.282584 
 ----> pctChg 494 0 0.768863 0.231137 
 ----> pctChg 495 0 0.781957 0.218043 
 ----> pctChg 496 0 0.731696 0.268304 
 ----> pctChg 497 0 0.778331 0.221669 
 ----> pctChg 498 1 0.693768 0.306232 
 ----> pctChg 499 0 0.741208 0.258792 
 ----> pctChg 500 1 0.742795 0.257205 
 ----> pctChg 501 0 0.77438 0.22562 
 ----> pctChg 502 1 0.730204 0.269796 
 ----> pctChg 503 1 0.726224 0.273776 
 ----> pctChg 504 0 0.802282 0.197718 
 ----> pctChg 505 0 0.733597 0.266403 
 ----> pctChg 506 0 0.774459 0.225541 
 ----> pctChg 507 1 0.701905 0.298095 
 ----> pctChg 508 0 0.76535 0.23465 
 ----> pctChg 509 1 0.717407 0.282593 
 ----> pctChg 510 0 0.751025 0.248975 
 ----> pctChg 511 0 0.711988 0.288012 
 ----> pctChg 512 1 0.728402 0.271598 
 ----> pctChg 513 0 0.762337 0.237663 
 ----> pctChg 514 1 0.719383 0.280617 
 ----> pctChg 515 0 0.77343 0.22657 
 ----> pctChg 516 0 0.745412 0.254588 
 ----> pctChg 517 1 0.705234 0.294766 
 ----> pctChg 518 0 0.780491 0.219509 
 ----> pctChg 519 0 0.746911 0.253089 
 ----> pctChg 520 0 0.715731 0.284269 
 ----> pctChg 521 0 0.778629 0.221371 
 ----> pctChg 522 0 0.738225 0.261775 
 ----> pctChg 523 1 0.750321 0.249679 
 ----> pctChg 524 0 0.751847 0.248153 
 ----> pctChg 525 1 0.736665 0.263335 
 ----> pctChg 526 1 0.740931 0.259069 
 ----> pctChg 527 1 0.738217 0.261783 
 ----> pctChg 528 0 0.749004 0.250996 
 ----> pctChg 529 1 0.763376 0.236624 
 ----> pctChg 530 0 0.756205 0.243795 
 ----> pctChg 531 0 0.779991 0.220009 
 ----> pctChg 532 0 0.751631 0.248369 
 ----> pctChg 533 1 0.748469 0.251531 
 ----> pctChg 534 1 0.683214 0.316786 
 ----> pctChg 535 0 0.773483 0.226517 
 ----> pctChg 536 0 0.734366 0.265634 
 ----> pctChg 537 0 0.760935 0.239065 
 ----> pctChg 538 0 0.782969 0.217031 
 ----> pctChg 539 0 0.763833 0.236167 
 ----> pctChg 540 0 0.732212 0.267788 
 ----> pctChg 541 0 0.752613 0.247387 
 ----> pctChg 542 0 0.779953 0.220047 
 ----> pctChg 543 0 0.735645 0.264355 
 ----> pctChg 544 0 0.763043 0.236957 
 ----> pctChg 545 0 0.772203 0.227797 
 ----> pctChg 546 0 0.747896 0.252104 
 ----> pctChg 547 0 0.767041 0.232959 
 ----> pctChg 548 1 0.73962 0.26038 
 ----> pctChg 549 0 0.773365 0.226635 
 ----> pctChg 550 0 0.756717 0.243283 
 ----> pctChg 551 0 0.748853 0.251147 
 ----> pctChg 552 1 0.739179 0.260821 
 ----> pctChg 553 1 0.7397 0.2603 
 ----> pctChg 554 0 0.722421 0.277579 
 ----> pctChg 555 1 0.671554 0.328446 
 ----> pctChg 556 0 0.786022 0.213978 
 ----> pctChg 557 1 0.716657 0.283343 
 ----> pctChg 558 0 0.753557 0.246443 
 ----> pctChg 559 0 0.754465 0.245535 
 ----> pctChg 560 0 0.749308 0.250692 
 ----> pctChg 561 0 0.770977 0.229023 
 ----> pctChg 562 0 0.754953 0.245047 
 ----> pctChg 563 0 0.76363 0.23637 
 ----> pctChg 564 0 0.743008 0.256992 
 ----> pctChg 565 0 0.74441 0.25559 
 ----> pctChg 566 0 0.751002 0.248998 
 ----> pctChg 567 0 0.728106 0.271894 
 ----> pctChg 568 0 0.734267 0.265733 
 ----> pctChg 569 0 0.769358 0.230642 
 ----> pctChg 570 0 0.767328 0.232672 
 ----> pctChg 571 0 0.754739 0.245261 
 ----> pctChg 572 0 0.756913 0.243087 
 ----> pctChg 573 1 0.750514 0.249486 
 ----> pctChg 574 0 0.739761 0.260239 
 ----> pctChg 575 0 0.783309 0.216691 
 ----> pctChg 576 0 0.750514 0.249486 
 ----> pctChg 577 0 0.76845 0.23155 
 ----> pctChg 578 0 0.752176 0.247824 
 ----> pctChg 579 0 0.718611 0.281389 
 ----> pctChg 580 0 0.79202 0.20798 
 ----> pctChg 581 0 0.766044 0.233956 
 ----> pctChg 582 1 0.755319 0.244681 
 ----> pctChg 583 0 0.738884 0.261116 
 ----> pctChg 584 0 0.764514 0.235486 
 ----> pctChg 585 0 0.742277 0.257723 
 ----> pctChg 586 0 0.766805 0.233195 
 ----> pctChg 587 0 0.734068 0.265932 
 ----> pctChg 588 0 0.79947 0.20053 
 ----> pctChg 589 1 0.728648 0.271352 
 ----> pctChg 590 0 0.748093 0.251907 
 ----> pctChg 591 0 0.754596 0.245404 
 ----> pctChg 592 0 0.744939 0.255061 
 ----> pctChg 593 0 0.756463 0.243537 
 ----> pctChg 594 1 0.744248 0.255752 
 ----> pctChg 595 1 0.70125 0.29875 
 ----> pctChg 596 0 0.765712 0.234288 
 ----> pctChg 597 0 0.784174 0.215826 
 ----> pctChg 598 0 0.73337 0.26663 
 ----> pctChg 599 1 0.732236 0.267764 
 ----> pctChg 600 0 0.768056 0.231944 
 ----> pctChg 601 0 0.751678 0.248322 
 ----> pctChg 602 1 0.699504 0.300496 
 ----> pctChg 603 0 0.750613 0.249387 
 ----> pctChg 604 0 0.77965 0.22035 
 ----> pctChg 605 0 0.7504 0.2496 
 ----> pctChg 606 0 0.740189 0.259811 
 ----> pctChg 607 0 0.734535 0.265465 
 ----> pctChg 608 0 0.763448 0.236552 
 ----> pctChg 609 0 0.751421 0.248579 
 ----> pctChg 610 0 0.719688 0.280312 
 ----> pctChg 611 1 0.682882 0.317118 
 ----> pctChg 612 0 0.794008 0.205992 
 ----> pctChg 613 1 0.723847 0.276153 
 ----> pctChg 614 0 0.724289 0.275711 
 ----> pctChg 615 1 0.70781 0.29219 
 ----> pctChg 616 0 0.742204 0.257796 
 ----> pctChg 617 0 0.738653 0.261347 
 ----> pctChg 618 0 0.755527 0.244473 
 ----> pctChg 619 1 0.72263 0.27737 
 ----> pctChg 620 0 0.749257 0.250743 
 ----> pctChg 621 0 0.727952 0.272048 
 ----> pctChg 622 1 0.747587 0.252413 
 ----> pctChg 623 1 0.733879 0.266121 
 ----> pctChg 624 0 0.765434 0.234566 
 ----> pctChg 625 0 0.751464 0.248536 
 ----> pctChg 626 0 0.782886 0.217114 
 ----> pctChg 627 0 0.720071 0.279929 
 ----> pctChg 628 0 0.780505 0.219495 
 ----> pctChg 629 0 0.756855 0.243145 
 ----> pctChg 630 0 0.741888 0.258112 
 ----> pctChg 631 0 0.754962 0.245038 
 ----> pctChg 632 0 0.743197 0.256803 
 ----> pctChg 633 0 0.748836 0.251164 
 ----> pctChg 634 0 0.744987 0.255013 
 ----> pctChg 635 0 0.783085 0.216915 
 ----> pctChg 636 0 0.733284 0.266716 
 ----> pctChg 637 0 0.767565 0.232435 
 ----> pctChg 638 0 0.736588 0.263412 
 ----> pctChg 639 0 0.781027 0.218973 
 ----> pctChg 640 0 0.730191 0.269809 
 ----> pctChg 641 0 0.74967 0.25033 
 ----> pctChg 642 1 0.716939 0.283061 
 ----> pctChg 643 0 0.758757 0.241243 
 ----> pctChg 644 0 0.771234 0.228766 
 ----> pctChg 645 1 0.732159 0.267841 
 ----> pctChg 646 0 0.773897 0.226103 
 ----> pctChg 647 0 0.773651 0.226349 
 ----> pctChg 648 0 0.728106 0.271894 
 ----> pctChg 649 1 0.710688 0.289312 
 ----> pctChg 650 0 0.764675 0.235325 
 ----> pctChg 651 1 0.719405 0.280595 
 ----> pctChg 652 0 0.765658 0.234342 
 ----> pctChg 653 0 0.751427 0.248573 
 ----> pctChg 654 0 0.737362 0.262638 
 ----> pctChg 655 0 0.759275 0.240725 
 ----> pctChg 656 0 0.744227 0.255773 
 ----> pctChg 657 0 0.771776 0.228224 
 ----> pctChg 658 0 0.757035 0.242965 
 ----> pctChg 659 0 0.758099 0.241901 
 ----> pctChg 660 0 0.745429 0.254571 
 ----> pctChg 661 0 0.742646 0.257354 
 ----> pctChg 662 1 0.757264 0.242736 
 ----> pctChg 663 0 0.767958 0.232042 
 ----> pctChg 664 1 0.761575 0.238425 
 ----> pctChg 665 0 0.727591 0.272409 
 ----> pctChg 666 0 0.760512 0.239488 
 ----> pctChg 667 0 0.76451 0.23549 
 ----> pctChg 668 0 0.750907 0.249093 
 ----> pctChg 669 0 0.748155 0.251845 
 ----> pctChg 670 0 0.784245 0.215755 
 ----> pctChg 671 0 0.775197 0.224803 
 ----> pctChg 672 0 0.772217 0.227783 
 ----> pctChg 673 1 0.713937 0.286063 
 ----> pctChg 674 0 0.774712 0.225288 
 ----> pctChg 675 1 0.730435 0.269565 
 ----> pctChg 676 0 0.753822 0.246178 
 ----> pctChg 677 0 0.743534 0.256466 
 ----> pctChg 678 0 0.737955 0.262045 
 ----> pctChg 679 0 0.752373 0.247627 
 ----> pctChg 680 0 0.712389 0.287611 
 ----> pctChg 681 0 0.767326 0.232674 
 ----> pctChg 682 0 0.746092 0.253908 
 ----> pctChg 683 1 0.716091 0.283909 
 ----> pctChg 684 0 0.761495 0.238505 
 ----> pctChg 685 1 0.734591 0.265409 
 ----> pctChg 686 1 0.752474 0.247526 
 ----> pctChg 687 0 0.758084 0.241916 
 ----> pctChg 688 1 0.725984 0.274016 
 ----> pctChg 689 0 0.739518 0.260482 
 ----> pctChg 690 1 0.716424 0.283576 
 ----> pctChg 691 0 0.747684 0.252316 
 ----> pctChg 692 0 0.777449 0.222551 
 ----> pctChg 693 1 0.734801 0.265199 
 ----> pctChg 694 0 0.762465 0.237535 
 ----> pctChg 695 1 0.748412 0.251588 
 ----> pctChg 696 0 0.746999 0.253001 
 ----> pctChg 697 1 0.763105 0.236895 
 ----> pctChg 698 0 0.760762 0.239238 
 ----> pctChg 699 0 0.753601 0.246399 
 ----> pctChg 700 0 0.766281 0.233719 
 ----> pctChg 701 0 0.737742 0.262258 
 ----> pctChg 702 0 0.764924 0.235076 
 ----> pctChg 703 0 0.743441 0.256559 
 ----> pctChg 704 0 0.759284 0.240716 
 ----> pctChg 705 0 0.738107 0.261893 
 ----> pctChg 706 0 0.761813 0.238187 
 ----> pctChg 707 0 0.753501 0.246499 
 ----> pctChg 708 1 0.767644 0.232356 
 ----> pctChg 709 1 0.731159 0.268841 
 ----> pctChg 710 0 0.782833 0.217167 
 ----> pctChg 711 0 0.769867 0.230133 
 ----> pctChg 712 1 0.741935 0.258065 
 ----> pctChg 713 0 0.767208 0.232792 
 ----> pctChg 714 1 0.742278 0.257722 
 ----> pctChg 715 0 0.75136 0.24864 
 ----> pctChg 716 0 0.731063 0.268937 
 ----> pctChg 717 0 0.752073 0.247927 
 ----> pctChg 718 1 0.756255 0.243745 
