 ----> pctChg 1 0 0 0 
 ----> pctChg 2 0 0.743646 0.256354 
 ----> pctChg 3 0 0.74369 0.25631 
 ----> pctChg 4 0 0.762053 0.237947 
 ----> pctChg 5 1 0.765211 0.234789 
 ----> pctChg 6 1 0.737844 0.262156 
 ----> pctChg 7 0 0.728783 0.271217 
 ----> pctChg 8 0 0.75209 0.24791 
 ----> pctChg 9 0 0.71281 0.28719 
 ----> pctChg 10 0 0.734853 0.265147 
 ----> pctChg 11 1 0.631106 0.368894 
 ----> pctChg 12 0 0.754244 0.245756 
 ----> pctChg 13 0 0.743645 0.256355 
 ----> pctChg 14 1 0.751918 0.248082 
 ----> pctChg 15 0 0.711668 0.288332 
 ----> pctChg 16 1 0.740452 0.259548 
 ----> pctChg 17 0 0.753421 0.246579 
 ----> pctChg 18 0 0.766641 0.233359 
 ----> pctChg 19 0 0.753421 0.246579 
 ----> pctChg 20 0 0.765115 0.234885 
 ----> pctChg 21 1 0.779754 0.220246 
 ----> pctChg 22 0 0.726546 0.273454 
 ----> pctChg 23 0 0.757704 0.242296 
 ----> pctChg 24 0 0.719933 0.280067 
 ----> pctChg 25 0 0.745941 0.254059 
 ----> pctChg 26 0 0.741491 0.258509 
 ----> pctChg 27 1 0.73133 0.26867 
 ----> pctChg 28 0 0.72916 0.27084 
 ----> pctChg 29 0 0.749566 0.250434 
 ----> pctChg 30 1 0.753464 0.246536 
 ----> pctChg 31 0 0.801069 0.198931 
 ----> pctChg 32 0 0.765492 0.234508 
 ----> pctChg 33 0 0.758378 0.241622 
 ----> pctChg 34 0 0.704294 0.295706 
 ----> pctChg 35 1 0.703312 0.296688 
 ----> pctChg 36 0 0.752786 0.247214 
 ----> pctChg 37 0 0.747157 0.252843 
 ----> pctChg 38 1 0.729165 0.270835 
 ----> pctChg 39 1 0.720438 0.279562 
 ----> pctChg 40 0 0.77315 0.22685 
 ----> pctChg 41 0 0.786788 0.213212 
 ----> pctChg 42 0 0.762449 0.237551 
 ----> pctChg 43 0 0.775348 0.224652 
 ----> pctChg 44 0 0.746159 0.253841 
 ----> pctChg 45 0 0.771142 0.228858 
 ----> pctChg 46 0 0.757564 0.242436 
 ----> pctChg 47 0 0.736404 0.263596 
 ----> pctChg 48 0 0.752162 0.247838 
 ----> pctChg 49 1 0.736001 0.263999 
 ----> pctChg 50 1 0.730505 0.269495 
 ----> pctChg 51 0 0.752234 0.247766 
 ----> pctChg 52 0 0.728614 0.271386 
 ----> pctChg 53 0 0.777458 0.222542 
 ----> pctChg 54 1 0.726866 0.273134 
 ----> pctChg 55 1 0.747395 0.252605 
 ----> pctChg 56 0 0.786508 0.213492 
 ----> pctChg 57 1 0.740503 0.259497 
 ----> pctChg 58 0 0.687382 0.312618 
 ----> pctChg 59 0 0.761217 0.238783 
 ----> pctChg 60 0 0.766222 0.233778 
 ----> pctChg 61 0 0.749702 0.250298 
 ----> pctChg 62 0 0.72252 0.27748 
 ----> pctChg 63 0 0.762104 0.237896 
 ----> pctChg 64 1 0.771064 0.228936 
 ----> pctChg 65 0 0.735904 0.264096 
 ----> pctChg 66 1 0.739919 0.260081 
 ----> pctChg 67 0 0.754314 0.245686 
 ----> pctChg 68 0 0.744768 0.255232 
 ----> pctChg 69 0 0.750544 0.249456 
 ----> pctChg 70 0 0.769517 0.230483 
 ----> pctChg 71 0 0.785333 0.214667 
 ----> pctChg 72 0 0.7535 0.2465 
 ----> pctChg 73 0 0.749158 0.250842 
 ----> pctChg 74 0 0.757825 0.242175 
 ----> pctChg 75 1 0.748989 0.251011 
 ----> pctChg 76 0 0.717083 0.282917 
 ----> pctChg 77 0 0.755902 0.244098 
 ----> pctChg 78 0 0.798096 0.201904 
 ----> pctChg 79 0 0.738103 0.261897 
 ----> pctChg 80 0 0.752639 0.247361 
 ----> pctChg 81 1 0.674982 0.325018 
 ----> pctChg 82 0 0.785069 0.214931 
 ----> pctChg 83 0 0.735545 0.264455 
 ----> pctChg 84 0 0.782221 0.217779 
 ----> pctChg 85 0 0.728997 0.271003 
 ----> pctChg 86 1 0.764134 0.235866 
 ----> pctChg 87 0 0.766014 0.233986 
 ----> pctChg 88 1 0.749092 0.250908 
 ----> pctChg 89 0 0.778958 0.221042 
 ----> pctChg 90 1 0.644548 0.355452 
 ----> pctChg 91 1 0.689975 0.310025 
 ----> pctChg 92 0 0.777565 0.222435 
 ----> pctChg 93 1 0.687645 0.312355 
 ----> pctChg 94 0 0.733238 0.266762 
 ----> pctChg 95 0 0.793254 0.206746 
 ----> pctChg 96 1 0.639639 0.360361 
 ----> pctChg 97 0 0.74167 0.25833 
 ----> pctChg 98 1 0.770059 0.229941 
 ----> pctChg 99 0 0.764767 0.235233 
 ----> pctChg 100 0 0.74958 0.25042 
 ----> pctChg 101 0 0.746786 0.253214 
 ----> pctChg 102 0 0.770507 0.229493 
 ----> pctChg 103 1 0.759839 0.240161 
 ----> pctChg 104 0 0.756967 0.243033 
 ----> pctChg 105 0 0.771775 0.228225 
 ----> pctChg 106 0 0.796179 0.203821 
 ----> pctChg 107 0 0.74483 0.25517 
 ----> pctChg 108 0 0.762474 0.237526 
 ----> pctChg 109 0 0.782287 0.217713 
 ----> pctChg 110 0 0.743954 0.256046 
 ----> pctChg 111 0 0.722532 0.277468 
 ----> pctChg 112 0 0.743493 0.256507 
 ----> pctChg 113 0 0.729066 0.270934 
 ----> pctChg 114 0 0.77579 0.22421 
 ----> pctChg 115 0 0.766768 0.233232 
 ----> pctChg 116 1 0.749911 0.250089 
 ----> pctChg 117 0 0.756759 0.243241 
 ----> pctChg 118 0 0.74008 0.25992 
 ----> pctChg 119 0 0.727114 0.272886 
 ----> pctChg 120 0 0.811088 0.188912 
 ----> pctChg 121 1 0.739477 0.260523 
 ----> pctChg 122 0 0.770964 0.229036 
 ----> pctChg 123 0 0.761326 0.238674 
 ----> pctChg 124 0 0.762579 0.237421 
 ----> pctChg 125 1 0.749574 0.250426 
 ----> pctChg 126 0 0.721276 0.278724 
 ----> pctChg 127 1 0.713662 0.286338 
 ----> pctChg 128 0 0.743299 0.256701 
 ----> pctChg 129 0 0.742826 0.257174 
 ----> pctChg 130 0 0.734466 0.265534 
 ----> pctChg 131 0 0.74872 0.25128 
 ----> pctChg 132 0 0.754516 0.245484 
 ----> pctChg 133 0 0.76168 0.23832 
 ----> pctChg 134 0 0.754596 0.245404 
 ----> pctChg 135 1 0.708557 0.291443 
 ----> pctChg 136 0 0.765486 0.234514 
 ----> pctChg 137 1 0.774767 0.225233 
 ----> pctChg 138 0 0.817829 0.182171 
 ----> pctChg 139 1 0.726889 0.273111 
 ----> pctChg 140 0 0.793856 0.206144 
 ----> pctChg 141 0 0.755464 0.244536 
 ----> pctChg 142 1 0.693367 0.306633 
 ----> pctChg 143 0 0.786064 0.213936 
 ----> pctChg 144 0 0.770284 0.229716 
 ----> pctChg 145 0 0.770272 0.229728 
 ----> pctChg 146 1 0.692048 0.307952 
 ----> pctChg 147 1 0.757335 0.242665 
 ----> pctChg 148 0 0.747566 0.252434 
 ----> pctChg 149 0 0.762731 0.237269 
 ----> pctChg 150 1 0.734465 0.265535 
 ----> pctChg 151 0 0.774257 0.225743 
 ----> pctChg 152 0 0.745647 0.254353 
 ----> pctChg 153 1 0.736544 0.263456 
 ----> pctChg 154 0 0.741843 0.258157 
 ----> pctChg 155 0 0.74071 0.25929 
 ----> pctChg 156 1 0.69895 0.30105 
 ----> pctChg 157 1 0.740637 0.259363 
 ----> pctChg 158 0 0.745491 0.254509 
 ----> pctChg 159 0 0.801258 0.198742 
 ----> pctChg 160 0 0.740409 0.259591 
 ----> pctChg 161 0 0.770138 0.229862 
 ----> pctChg 162 0 0.778364 0.221636 
 ----> pctChg 163 0 0.786515 0.213485 
 ----> pctChg 164 1 0.666178 0.333822 
 ----> pctChg 165 1 0.742321 0.257679 
 ----> pctChg 166 0 0.772935 0.227065 
 ----> pctChg 167 0 0.740907 0.259093 
 ----> pctChg 168 0 0.752395 0.247605 
 ----> pctChg 169 1 0.707841 0.292159 
 ----> pctChg 170 0 0.753445 0.246555 
 ----> pctChg 171 0 0.743164 0.256836 
 ----> pctChg 172 0 0.753188 0.246812 
 ----> pctChg 173 0 0.799093 0.200907 
 ----> pctChg 174 0 0.739501 0.260499 
 ----> pctChg 175 1 0.712223 0.287777 
 ----> pctChg 176 0 0.739589 0.260411 
 ----> pctChg 177 1 0.701422 0.298578 
 ----> pctChg 178 0 0.773454 0.226546 
 ----> pctChg 179 0 0.775142 0.224858 
 ----> pctChg 180 0 0.762414 0.237586 
 ----> pctChg 181 0 0.750922 0.249078 
 ----> pctChg 182 1 0.74642 0.25358 
 ----> pctChg 183 0 0.736642 0.263358 
 ----> pctChg 184 1 0.723629 0.276371 
 ----> pctChg 185 0 0.773361 0.226639 
 ----> pctChg 186 0 0.769151 0.230849 
 ----> pctChg 187 0 0.801729 0.198271 
 ----> pctChg 188 1 0.728118 0.271882 
 ----> pctChg 189 1 0.654114 0.345886 
 ----> pctChg 190 0 0.760488 0.239512 
 ----> pctChg 191 0 0.753427 0.246573 
 ----> pctChg 192 1 0.740849 0.259151 
 ----> pctChg 193 0 0.794957 0.205043 
 ----> pctChg 194 0 0.713893 0.286107 
 ----> pctChg 195 0 0.744113 0.255887 
 ----> pctChg 196 0 0.736365 0.263635 
 ----> pctChg 197 0 0.75661 0.24339 
 ----> pctChg 198 0 0.784519 0.215481 
 ----> pctChg 199 0 0.777386 0.222614 
 ----> pctChg 200 0 0.764618 0.235382 
 ----> pctChg 201 1 0.694609 0.305391 
 ----> pctChg 202 1 0.754682 0.245318 
 ----> pctChg 203 0 0.7708 0.2292 
 ----> pctChg 204 1 0.693716 0.306284 
 ----> pctChg 205 0 0.752694 0.247306 
 ----> pctChg 206 0 0.766943 0.233057 
 ----> pctChg 207 1 0.75122 0.24878 
 ----> pctChg 208 0 0.745178 0.254822 
 ----> pctChg 209 1 0.692303 0.307697 
 ----> pctChg 210 0 0.774961 0.225039 
 ----> pctChg 211 0 0.735518 0.264482 
 ----> pctChg 212 1 0.715674 0.284326 
 ----> pctChg 213 0 0.781658 0.218342 
 ----> pctChg 214 0 0.749167 0.250833 
 ----> pctChg 215 0 0.739737 0.260263 
 ----> pctChg 216 0 0.753242 0.246758 
 ----> pctChg 217 0 0.782479 0.217521 
 ----> pctChg 218 0 0.762583 0.237417 
 ----> pctChg 219 0 0.781131 0.218869 
 ----> pctChg 220 0 0.781428 0.218572 
 ----> pctChg 221 0 0.782739 0.217261 
 ----> pctChg 222 0 0.726854 0.273146 
 ----> pctChg 223 0 0.753776 0.246224 
 ----> pctChg 224 0 0.756306 0.243694 
 ----> pctChg 225 0 0.750027 0.249973 
 ----> pctChg 226 0 0.757055 0.242945 
 ----> pctChg 227 0 0.725248 0.274752 
 ----> pctChg 228 0 0.776455 0.223545 
 ----> pctChg 229 0 0.720146 0.279854 
 ----> pctChg 230 1 0.705724 0.294276 
 ----> pctChg 231 0 0.773967 0.226033 
 ----> pctChg 232 1 0.742116 0.257884 
 ----> pctChg 233 0 0.759044 0.240956 
 ----> pctChg 234 1 0.730904 0.269096 
 ----> pctChg 235 0 0.774669 0.225331 
 ----> pctChg 236 0 0.751628 0.248372 
 ----> pctChg 237 0 0.789821 0.210179 
 ----> pctChg 238 0 0.725781 0.274219 
 ----> pctChg 239 1 0.721021 0.278979 
 ----> pctChg 240 0 0.750151 0.249849 
 ----> pctChg 241 0 0.695788 0.304212 
 ----> pctChg 242 0 0.788669 0.211331 
 ----> pctChg 243 0 0.748195 0.251805 
 ----> pctChg 244 0 0.764095 0.235905 
 ----> pctChg 245 0 0.750063 0.249937 
 ----> pctChg 246 0 0.739097 0.260903 
 ----> pctChg 247 1 0.7435 0.2565 
 ----> pctChg 248 0 0.727893 0.272107 
 ----> pctChg 249 0 0.776137 0.223863 
 ----> pctChg 250 0 0.759117 0.240883 
 ----> pctChg 251 0 0.770319 0.229681 
 ----> pctChg 252 0 0.730912 0.269088 
 ----> pctChg 253 0 0.754076 0.245924 
 ----> pctChg 254 0 0.746822 0.253178 
 ----> pctChg 255 1 0.726896 0.273104 
 ----> pctChg 256 0 0.73942 0.26058 
 ----> pctChg 257 0 0.770498 0.229502 
 ----> pctChg 258 1 0.6845 0.3155 
 ----> pctChg 259 0 0.72823 0.27177 
 ----> pctChg 260 0 0.73748 0.26252 
 ----> pctChg 261 1 0.771607 0.228393 
 ----> pctChg 262 0 0.751812 0.248188 
 ----> pctChg 263 0 0.74624 0.25376 
 ----> pctChg 264 0 0.743355 0.256645 
 ----> pctChg 265 0 0.724896 0.275104 
 ----> pctChg 266 0 0.761812 0.238188 
 ----> pctChg 267 1 0.702942 0.297058 
 ----> pctChg 268 0 0.734695 0.265305 
 ----> pctChg 269 0 0.774769 0.225231 
 ----> pctChg 270 0 0.752833 0.247167 
 ----> pctChg 271 0 0.784621 0.215379 
 ----> pctChg 272 0 0.804993 0.195007 
 ----> pctChg 273 1 0.708865 0.291135 
 ----> pctChg 274 0 0.761931 0.238069 
 ----> pctChg 275 1 0.746078 0.253922 
 ----> pctChg 276 0 0.755231 0.244769 
 ----> pctChg 277 1 0.71492 0.28508 
 ----> pctChg 278 0 0.791521 0.208479 
 ----> pctChg 279 0 0.75638 0.24362 
 ----> pctChg 280 0 0.756193 0.243807 
 ----> pctChg 281 0 0.781628 0.218372 
 ----> pctChg 282 0 0.731185 0.268815 
 ----> pctChg 283 0 0.79457 0.20543 
 ----> pctChg 284 0 0.72743 0.27257 
 ----> pctChg 285 0 0.755704 0.244296 
 ----> pctChg 286 0 0.771329 0.228671 
 ----> pctChg 287 0 0.712413 0.287587 
 ----> pctChg 288 1 0.68973 0.31027 
 ----> pctChg 289 0 0.770957 0.229043 
 ----> pctChg 290 1 0.737153 0.262847 
 ----> pctChg 291 0 0.764656 0.235344 
 ----> pctChg 292 0 0.765112 0.234888 
 ----> pctChg 293 0 0.753877 0.246123 
 ----> pctChg 294 1 0.752162 0.247838 
 ----> pctChg 295 0 0.74158 0.25842 
 ----> pctChg 296 1 0.744799 0.255201 
 ----> pctChg 297 0 0.765488 0.234512 
 ----> pctChg 298 0 0.786007 0.213993 
 ----> pctChg 299 0 0.755715 0.244285 
 ----> pctChg 300 0 0.738183 0.261817 
 ----> pctChg 301 1 0.747968 0.252032 
 ----> pctChg 302 1 0.744841 0.255159 
 ----> pctChg 303 0 0.745251 0.254749 
 ----> pctChg 304 0 0.780739 0.219261 
 ----> pctChg 305 1 0.711786 0.288214 
 ----> pctChg 306 0 0.783783 0.216217 
 ----> pctChg 307 1 0.709587 0.290413 
 ----> pctChg 308 0 0.788871 0.211129 
 ----> pctChg 309 0 0.803043 0.196957 
 ----> pctChg 310 0 0.758784 0.241216 
 ----> pctChg 311 0 0.750397 0.249603 
 ----> pctChg 312 1 0.706061 0.293939 
 ----> pctChg 313 0 0.76018 0.23982 
 ----> pctChg 314 0 0.760088 0.239912 
 ----> pctChg 315 0 0.774116 0.225884 
 ----> pctChg 316 1 0.720662 0.279338 
 ----> pctChg 317 0 0.820881 0.179119 
 ----> pctChg 318 0 0.788988 0.211012 
 ----> pctChg 319 0 0.7713 0.2287 
 ----> pctChg 320 0 0.769467 0.230533 
 ----> pctChg 321 0 0.749533 0.250467 
 ----> pctChg 322 1 0.747173 0.252827 
 ----> pctChg 323 0 0.769711 0.230289 
 ----> pctChg 324 1 0.770711 0.229289 
 ----> pctChg 325 0 0.812168 0.187832 
 ----> pctChg 326 0 0.729023 0.270977 
 ----> pctChg 327 1 0.698249 0.301751 
 ----> pctChg 328 0 0.744109 0.255891 
 ----> pctChg 329 1 0.724997 0.275003 
 ----> pctChg 330 1 0.713436 0.286564 
 ----> pctChg 331 0 0.783574 0.216426 
 ----> pctChg 332 1 0.749026 0.250974 
 ----> pctChg 333 0 0.767441 0.232559 
 ----> pctChg 334 0 0.752021 0.247979 
 ----> pctChg 335 0 0.809177 0.190823 
 ----> pctChg 336 1 0.691185 0.308815 
 ----> pctChg 337 0 0.778035 0.221965 
 ----> pctChg 338 1 0.695828 0.304172 
 ----> pctChg 339 0 0.773209 0.226791 
 ----> pctChg 340 1 0.719472 0.280528 
 ----> pctChg 341 0 0.786847 0.213153 
 ----> pctChg 342 1 0.670002 0.329998 
 ----> pctChg 343 0 0.789568 0.210432 
 ----> pctChg 344 0 0.784212 0.215788 
 ----> pctChg 345 0 0.756615 0.243385 
 ----> pctChg 346 1 0.747526 0.252474 
 ----> pctChg 347 0 0.74879 0.25121 
 ----> pctChg 348 0 0.762148 0.237852 
 ----> pctChg 349 0 0.725625 0.274375 
 ----> pctChg 350 0 0.768712 0.231288 
 ----> pctChg 351 0 0.772348 0.227652 
 ----> pctChg 352 0 0.758975 0.241025 
 ----> pctChg 353 1 0.734562 0.265438 
 ----> pctChg 354 1 0.689187 0.310813 
 ----> pctChg 355 0 0.776614 0.223386 
 ----> pctChg 356 0 0.745454 0.254546 
 ----> pctChg 357 1 0.757047 0.242953 
 ----> pctChg 358 0 0.768352 0.231648 
 ----> pctChg 359 1 0.734434 0.265566 
 ----> pctChg 360 1 0.733949 0.266051 
 ----> pctChg 361 0 0.752482 0.247518 
 ----> pctChg 362 0 0.786997 0.213003 
 ----> pctChg 363 0 0.75134 0.24866 
 ----> pctChg 364 1 0.747403 0.252597 
 ----> pctChg 365 0 0.718172 0.281828 
 ----> pctChg 366 0 0.7461 0.2539 
 ----> pctChg 367 0 0.753369 0.246631 
 ----> pctChg 368 0 0.754521 0.245479 
 ----> pctChg 369 0 0.75502 0.24498 
 ----> pctChg 370 0 0.770075 0.229925 
 ----> pctChg 371 0 0.773829 0.226171 
 ----> pctChg 372 0 0.774474 0.225526 
 ----> pctChg 373 0 0.753704 0.246296 
 ----> pctChg 374 1 0.712145 0.287855 
 ----> pctChg 375 0 0.747865 0.252135 
 ----> pctChg 376 0 0.742986 0.257014 
 ----> pctChg 377 1 0.762552 0.237448 
 ----> pctChg 378 0 0.750673 0.249327 
 ----> pctChg 379 0 0.775686 0.224314 
 ----> pctChg 380 0 0.772437 0.227563 
 ----> pctChg 381 0 0.753454 0.246546 
 ----> pctChg 382 0 0.687587 0.312413 
 ----> pctChg 383 1 0.681934 0.318066 
 ----> pctChg 384 0 0.78896 0.21104 
 ----> pctChg 385 1 0.739512 0.260488 
 ----> pctChg 386 0 0.742381 0.257619 
 ----> pctChg 387 1 0.743183 0.256817 
 ----> pctChg 388 1 0.741907 0.258093 
 ----> pctChg 389 0 0.777936 0.222064 
 ----> pctChg 390 0 0.744453 0.255547 
 ----> pctChg 391 0 0.765911 0.234089 
 ----> pctChg 392 0 0.741395 0.258605 
 ----> pctChg 393 1 0.713223 0.286777 
 ----> pctChg 394 0 0.793916 0.206084 
 ----> pctChg 395 0 0.763954 0.236046 
 ----> pctChg 396 0 0.774245 0.225755 
 ----> pctChg 397 0 0.74777 0.25223 
 ----> pctChg 398 0 0.740265 0.259735 
 ----> pctChg 399 1 0.711471 0.288529 
 ----> pctChg 400 1 0.624108 0.375892 
 ----> pctChg 401 0 0.776771 0.223229 
 ----> pctChg 402 1 0.694739 0.305261 
 ----> pctChg 403 0 0.745629 0.254371 
 ----> pctChg 404 0 0.773381 0.226619 
 ----> pctChg 405 0 0.754893 0.245107 
 ----> pctChg 406 1 0.748072 0.251928 
 ----> pctChg 407 0 0.746208 0.253792 
 ----> pctChg 408 0 0.754726 0.245274 
 ----> pctChg 409 0 0.764402 0.235598 
 ----> pctChg 410 0 0.764665 0.235335 
 ----> pctChg 411 0 0.746359 0.253641 
 ----> pctChg 412 1 0.733373 0.266627 
 ----> pctChg 413 1 0.708164 0.291836 
 ----> pctChg 414 0 0.790607 0.209393 
 ----> pctChg 415 0 0.76321 0.23679 
 ----> pctChg 416 0 0.789126 0.210874 
 ----> pctChg 417 1 0.739416 0.260584 
 ----> pctChg 418 0 0.752781 0.247219 
 ----> pctChg 419 0 0.757921 0.242079 
 ----> pctChg 420 0 0.77881 0.22119 
 ----> pctChg 421 0 0.700254 0.299746 
 ----> pctChg 422 0 0.771333 0.228667 
 ----> pctChg 423 0 0.775284 0.224716 
 ----> pctChg 424 0 0.749502 0.250498 
 ----> pctChg 425 0 0.775403 0.224597 
 ----> pctChg 426 0 0.742479 0.257521 
 ----> pctChg 427 0 0.814346 0.185654 
 ----> pctChg 428 0 0.749536 0.250464 
 ----> pctChg 429 0 0.734069 0.265931 
 ----> pctChg 430 0 0.765535 0.234465 
 ----> pctChg 431 1 0.662694 0.337306 
 ----> pctChg 432 0 0.734412 0.265588 
 ----> pctChg 433 0 0.764222 0.235778 
 ----> pctChg 434 0 0.770742 0.229258 
 ----> pctChg 435 1 0.691604 0.308396 
 ----> pctChg 436 0 0.771784 0.228216 
 ----> pctChg 437 0 0.76075 0.23925 
 ----> pctChg 438 0 0.756649 0.243351 
 ----> pctChg 439 1 0.695495 0.304505 
 ----> pctChg 440 0 0.769741 0.230259 
 ----> pctChg 441 0 0.790133 0.209867 
 ----> pctChg 442 1 0.682479 0.317521 
 ----> pctChg 443 0 0.772785 0.227215 
 ----> pctChg 444 0 0.7573 0.2427 
 ----> pctChg 445 0 0.760122 0.239878 
 ----> pctChg 446 0 0.756087 0.243913 
 ----> pctChg 447 0 0.755749 0.244251 
 ----> pctChg 448 0 0.767112 0.232888 
 ----> pctChg 449 0 0.770235 0.229765 
 ----> pctChg 450 1 0.739226 0.260774 
 ----> pctChg 451 1 0.718056 0.281944 
 ----> pctChg 452 0 0.700751 0.299249 
 ----> pctChg 453 0 0.754148 0.245852 
 ----> pctChg 454 0 0.765741 0.234259 
 ----> pctChg 455 0 0.763695 0.236305 
 ----> pctChg 456 0 0.771848 0.228152 
 ----> pctChg 457 0 0.73375 0.26625 
 ----> pctChg 458 0 0.744907 0.255093 
 ----> pctChg 459 0 0.796154 0.203846 
 ----> pctChg 460 0 0.767887 0.232113 
 ----> pctChg 461 0 0.788908 0.211092 
 ----> pctChg 462 0 0.746096 0.253904 
 ----> pctChg 463 1 0.7386 0.2614 
 ----> pctChg 464 0 0.783202 0.216798 
 ----> pctChg 465 1 0.737793 0.262207 
 ----> pctChg 466 0 0.765116 0.234884 
 ----> pctChg 467 1 0.74155 0.25845 
 ----> pctChg 468 0 0.710947 0.289053 
 ----> pctChg 469 0 0.800767 0.199233 
 ----> pctChg 470 0 0.73236 0.26764 
 ----> pctChg 471 1 0.715848 0.284152 
 ----> pctChg 472 0 0.79262 0.20738 
 ----> pctChg 473 0 0.732842 0.267158 
 ----> pctChg 474 0 0.744472 0.255528 
 ----> pctChg 475 0 0.767381 0.232619 
 ----> pctChg 476 0 0.746602 0.253398 
 ----> pctChg 477 1 0.765644 0.234356 
 ----> pctChg 478 0 0.728452 0.271548 
 ----> pctChg 479 0 0.760713 0.239287 
 ----> pctChg 480 0 0.781078 0.218922 
 ----> pctChg 481 0 0.680081 0.319919 
 ----> pctChg 482 0 0.766629 0.233371 
 ----> pctChg 483 0 0.758342 0.241658 
 ----> pctChg 484 0 0.768534 0.231466 
 ----> pctChg 485 1 0.709408 0.290592 
 ----> pctChg 486 0 0.762824 0.237176 
 ----> pctChg 487 0 0.754287 0.245713 
 ----> pctChg 488 0 0.771929 0.228071 
 ----> pctChg 489 0 0.749387 0.250613 
 ----> pctChg 490 0 0.761678 0.238322 
 ----> pctChg 491 1 0.735261 0.264739 
 ----> pctChg 492 0 0.764761 0.235239 
 ----> pctChg 493 1 0.686033 0.313967 
 ----> pctChg 494 0 0.762098 0.237902 
 ----> pctChg 495 0 0.762094 0.237906 
 ----> pctChg 496 0 0.754243 0.245757 
 ----> pctChg 497 0 0.793869 0.206131 
 ----> pctChg 498 1 0.734788 0.265212 
 ----> pctChg 499 0 0.776754 0.223246 
 ----> pctChg 500 1 0.707596 0.292404 
 ----> pctChg 501 0 0.771274 0.228726 
 ----> pctChg 502 1 0.75696 0.24304 
 ----> pctChg 503 1 0.739517 0.260483 
 ----> pctChg 504 0 0.74493 0.25507 
 ----> pctChg 505 0 0.781873 0.218127 
 ----> pctChg 506 0 0.734731 0.265269 
 ----> pctChg 507 1 0.732635 0.267365 
 ----> pctChg 508 0 0.75687 0.24313 
 ----> pctChg 509 1 0.733466 0.266534 
 ----> pctChg 510 0 0.766903 0.233097 
 ----> pctChg 511 0 0.772102 0.227898 
 ----> pctChg 512 1 0.759677 0.240323 
 ----> pctChg 513 0 0.762452 0.237548 
 ----> pctChg 514 1 0.758274 0.241726 
 ----> pctChg 515 0 0.770834 0.229166 
 ----> pctChg 516 0 0.777175 0.222825 
 ----> pctChg 517 1 0.680077 0.319923 
 ----> pctChg 518 0 0.813331 0.186669 
 ----> pctChg 519 0 0.766883 0.233117 
 ----> pctChg 520 0 0.774986 0.225014 
 ----> pctChg 521 0 0.750972 0.249028 
 ----> pctChg 522 0 0.756079 0.243921 
 ----> pctChg 523 1 0.749264 0.250736 
 ----> pctChg 524 0 0.766626 0.233374 
 ----> pctChg 525 1 0.745919 0.254081 
 ----> pctChg 526 1 0.705492 0.294508 
 ----> pctChg 527 1 0.692782 0.307218 
 ----> pctChg 528 0 0.772361 0.227639 
 ----> pctChg 529 1 0.721216 0.278784 
 ----> pctChg 530 0 0.75235 0.24765 
 ----> pctChg 531 0 0.737666 0.262334 
 ----> pctChg 532 0 0.758878 0.241122 
 ----> pctChg 533 1 0.74679 0.25321 
 ----> pctChg 534 1 0.726437 0.273563 
 ----> pctChg 535 0 0.799447 0.200553 
 ----> pctChg 536 0 0.769369 0.230631 
 ----> pctChg 537 0 0.755736 0.244264 
 ----> pctChg 538 0 0.77084 0.22916 
 ----> pctChg 539 0 0.755629 0.244371 
 ----> pctChg 540 0 0.767017 0.232983 
 ----> pctChg 541 0 0.782848 0.217152 
 ----> pctChg 542 0 0.718091 0.281909 
 ----> pctChg 543 0 0.741265 0.258735 
 ----> pctChg 544 0 0.79359 0.20641 
 ----> pctChg 545 0 0.729744 0.270256 
 ----> pctChg 546 0 0.765652 0.234348 
 ----> pctChg 547 0 0.779966 0.220034 
 ----> pctChg 548 1 0.742033 0.257967 
 ----> pctChg 549 0 0.766255 0.233745 
 ----> pctChg 550 0 0.79208 0.20792 
 ----> pctChg 551 0 0.717554 0.282446 
 ----> pctChg 552 1 0.712821 0.287179 
 ----> pctChg 553 1 0.727825 0.272175 
 ----> pctChg 554 0 0.706392 0.293608 
 ----> pctChg 555 1 0.697561 0.302439 
 ----> pctChg 556 0 0.740598 0.259402 
 ----> pctChg 557 1 0.743024 0.256976 
 ----> pctChg 558 0 0.741927 0.258073 
 ----> pctChg 559 0 0.779073 0.220927 
 ----> pctChg 560 0 0.760076 0.239924 
 ----> pctChg 561 0 0.776577 0.223423 
 ----> pctChg 562 0 0.763888 0.236112 
 ----> pctChg 563 0 0.75395 0.24605 
 ----> pctChg 564 0 0.762013 0.237987 
 ----> pctChg 565 0 0.723895 0.276105 
 ----> pctChg 566 0 0.767705 0.232295 
 ----> pctChg 567 0 0.744583 0.255417 
 ----> pctChg 568 0 0.771528 0.228472 
 ----> pctChg 569 0 0.743108 0.256892 
 ----> pctChg 570 0 0.710333 0.289667 
 ----> pctChg 571 0 0.78594 0.21406 
 ----> pctChg 572 0 0.785069 0.214931 
 ----> pctChg 573 1 0.69604 0.30396 
 ----> pctChg 574 0 0.748958 0.251042 
 ----> pctChg 575 0 0.771804 0.228196 
 ----> pctChg 576 0 0.783152 0.216848 
 ----> pctChg 577 0 0.755411 0.244589 
 ----> pctChg 578 0 0.758481 0.241519 
 ----> pctChg 579 0 0.746512 0.253488 
 ----> pctChg 580 0 0.70725 0.29275 
 ----> pctChg 581 0 0.78224 0.21776 
 ----> pctChg 582 1 0.725504 0.274496 
 ----> pctChg 583 0 0.752106 0.247894 
 ----> pctChg 584 0 0.768473 0.231527 
 ----> pctChg 585 0 0.74646 0.25354 
 ----> pctChg 586 0 0.759823 0.240177 
 ----> pctChg 587 0 0.76283 0.23717 
 ----> pctChg 588 0 0.732473 0.267527 
 ----> pctChg 589 1 0.737705 0.262295 
 ----> pctChg 590 0 0.770674 0.229326 
 ----> pctChg 591 0 0.740755 0.259245 
 ----> pctChg 592 0 0.755752 0.244248 
 ----> pctChg 593 0 0.774521 0.225479 
 ----> pctChg 594 1 0.714895 0.285105 
 ----> pctChg 595 1 0.702429 0.297571 
 ----> pctChg 596 0 0.777751 0.222249 
 ----> pctChg 597 0 0.761349 0.238651 
 ----> pctChg 598 0 0.781054 0.218946 
 ----> pctChg 599 1 0.679251 0.320749 
 ----> pctChg 600 0 0.758199 0.241801 
 ----> pctChg 601 0 0.763023 0.236977 
 ----> pctChg 602 1 0.647363 0.352637 
 ----> pctChg 603 0 0.782892 0.217108 
 ----> pctChg 604 0 0.77179 0.22821 
 ----> pctChg 605 0 0.735409 0.264591 
 ----> pctChg 606 0 0.759215 0.240785 
 ----> pctChg 607 0 0.752307 0.247693 
 ----> pctChg 608 0 0.749044 0.250956 
 ----> pctChg 609 0 0.759605 0.240395 
 ----> pctChg 610 0 0.769903 0.230097 
 ----> pctChg 611 1 0.713489 0.286511 
 ----> pctChg 612 0 0.777342 0.222658 
 ----> pctChg 613 1 0.657297 0.342703 
 ----> pctChg 614 0 0.757656 0.242344 
 ----> pctChg 615 1 0.712196 0.287804 
 ----> pctChg 616 0 0.767062 0.232938 
 ----> pctChg 617 0 0.708095 0.291905 
 ----> pctChg 618 0 0.746225 0.253775 
 ----> pctChg 619 1 0.738868 0.261132 
 ----> pctChg 620 0 0.724419 0.275581 
 ----> pctChg 621 0 0.79523 0.20477 
 ----> pctChg 622 1 0.718098 0.281902 
 ----> pctChg 623 1 0.774285 0.225715 
 ----> pctChg 624 0 0.762762 0.237238 
 ----> pctChg 625 0 0.742063 0.257937 
 ----> pctChg 626 0 0.740951 0.259049 
 ----> pctChg 627 0 0.734773 0.265227 
 ----> pctChg 628 0 0.68145 0.31855 
 ----> pctChg 629 0 0.759076 0.240924 
 ----> pctChg 630 0 0.764908 0.235092 
 ----> pctChg 631 0 0.70911 0.29089 
 ----> pctChg 632 0 0.767308 0.232692 
 ----> pctChg 633 0 0.806354 0.193646 
 ----> pctChg 634 0 0.7578 0.2422 
 ----> pctChg 635 0 0.772632 0.227368 
 ----> pctChg 636 0 0.74556 0.25444 
 ----> pctChg 637 0 0.794318 0.205682 
 ----> pctChg 638 0 0.777084 0.222916 
 ----> pctChg 639 0 0.75682 0.24318 
 ----> pctChg 640 0 0.767238 0.232762 
 ----> pctChg 641 0 0.76209 0.23791 
 ----> pctChg 642 1 0.726539 0.273461 
 ----> pctChg 643 0 0.770385 0.229615 
 ----> pctChg 644 0 0.761931 0.238069 
 ----> pctChg 645 1 0.724128 0.275872 
 ----> pctChg 646 0 0.704932 0.295068 
 ----> pctChg 647 0 0.724633 0.275367 
 ----> pctChg 648 0 0.741281 0.258719 
 ----> pctChg 649 1 0.774606 0.225394 
 ----> pctChg 650 0 0.752084 0.247916 
 ----> pctChg 651 1 0.733966 0.266034 
 ----> pctChg 652 0 0.72688 0.27312 
 ----> pctChg 653 0 0.741081 0.258919 
 ----> pctChg 654 0 0.795777 0.204223 
 ----> pctChg 655 0 0.750863 0.249137 
 ----> pctChg 656 0 0.767786 0.232214 
 ----> pctChg 657 0 0.752827 0.247173 
 ----> pctChg 658 0 0.729987 0.270013 
 ----> pctChg 659 0 0.746353 0.253647 
 ----> pctChg 660 0 0.783276 0.216724 
 ----> pctChg 661 0 0.739107 0.260893 
 ----> pctChg 662 1 0.735699 0.264301 
 ----> pctChg 663 0 0.747353 0.252647 
 ----> pctChg 664 1 0.652258 0.347742 
 ----> pctChg 665 0 0.776033 0.223967 
 ----> pctChg 666 0 0.74741 0.25259 
 ----> pctChg 667 0 0.759728 0.240272 
 ----> pctChg 668 0 0.758677 0.241323 
 ----> pctChg 669 0 0.739059 0.260941 
 ----> pctChg 670 0 0.71881 0.28119 
 ----> pctChg 671 0 0.7482 0.2518 
 ----> pctChg 672 0 0.753288 0.246712 
 ----> pctChg 673 1 0.741678 0.258322 
 ----> pctChg 674 0 0.788438 0.211562 
 ----> pctChg 675 1 0.719917 0.280083 
 ----> pctChg 676 0 0.770205 0.229795 
 ----> pctChg 677 0 0.75575 0.24425 
 ----> pctChg 678 0 0.779511 0.220489 
 ----> pctChg 679 0 0.729886 0.270114 
 ----> pctChg 680 0 0.760153 0.239847 
 ----> pctChg 681 0 0.750059 0.249941 
 ----> pctChg 682 0 0.757213 0.242787 
 ----> pctChg 683 1 0.64528 0.35472 
 ----> pctChg 684 0 0.809458 0.190542 
 ----> pctChg 685 1 0.630054 0.369946 
 ----> pctChg 686 1 0.762601 0.237399 
 ----> pctChg 687 0 0.788679 0.211321 
 ----> pctChg 688 1 0.725888 0.274112 
 ----> pctChg 689 0 0.710213 0.289787 
 ----> pctChg 690 1 0.724163 0.275837 
 ----> pctChg 691 0 0.752075 0.247925 
 ----> pctChg 692 0 0.79 0.21 
 ----> pctChg 693 1 0.768287 0.231713 
 ----> pctChg 694 0 0.764459 0.235541 
 ----> pctChg 695 1 0.733257 0.266743 
 ----> pctChg 696 0 0.781367 0.218633 
 ----> pctChg 697 1 0.759467 0.240533 
 ----> pctChg 698 0 0.766388 0.233612 
 ----> pctChg 699 0 0.743292 0.256708 
 ----> pctChg 700 0 0.773552 0.226448 
 ----> pctChg 701 0 0.754056 0.245944 
 ----> pctChg 702 0 0.770266 0.229734 
 ----> pctChg 703 0 0.758708 0.241292 
 ----> pctChg 704 0 0.777146 0.222854 
 ----> pctChg 705 0 0.754122 0.245878 
 ----> pctChg 706 0 0.769996 0.230004 
 ----> pctChg 707 0 0.740601 0.259399 
 ----> pctChg 708 1 0.729945 0.270055 
 ----> pctChg 709 1 0.637763 0.362237 
 ----> pctChg 710 0 0.775121 0.224879 
 ----> pctChg 711 0 0.77574 0.22426 
 ----> pctChg 712 1 0.741195 0.258805 
 ----> pctChg 713 0 0.768511 0.231489 
 ----> pctChg 714 1 0.766479 0.233521 
 ----> pctChg 715 0 0.750892 0.249108 
 ----> pctChg 716 0 0.748268 0.251732 
 ----> pctChg 717 0 0.773646 0.226354 
 ----> pctChg 718 1 0.730637 0.269363 
