 ----> pctChg 1 0 0 0 
 ----> pctChg 2 0 0.801571 0.198429 
 ----> pctChg 3 0 0.677801 0.322199 
 ----> pctChg 4 0 0.787661 0.212339 
 ----> pctChg 5 1 0.68812 0.31188 
 ----> pctChg 6 1 0.77009 0.22991 
 ----> pctChg 7 0 0.758437 0.241563 
 ----> pctChg 8 0 0.744378 0.255622 
 ----> pctChg 9 0 0.784798 0.215202 
 ----> pctChg 10 0 0.805464 0.194536 
 ----> pctChg 11 1 0.745774 0.254226 
 ----> pctChg 12 0 0.769313 0.230687 
 ----> pctChg 13 0 0.780631 0.219369 
 ----> pctChg 14 1 0.726525 0.273475 
 ----> pctChg 15 0 0.756836 0.243164 
 ----> pctChg 16 1 0.72723 0.27277 
 ----> pctChg 17 0 0.756501 0.243499 
 ----> pctChg 18 0 0.710966 0.289034 
 ----> pctChg 19 0 0.787357 0.212643 
 ----> pctChg 20 0 0.738884 0.261116 
 ----> pctChg 21 1 0.742084 0.257916 
 ----> pctChg 22 0 0.761001 0.238999 
 ----> pctChg 23 0 0.750462 0.249538 
 ----> pctChg 24 0 0.76319 0.23681 
 ----> pctChg 25 0 0.743791 0.256209 
 ----> pctChg 26 0 0.795865 0.204135 
 ----> pctChg 27 1 0.729224 0.270776 
 ----> pctChg 28 0 0.769234 0.230766 
 ----> pctChg 29 0 0.73843 0.26157 
 ----> pctChg 30 1 0.761305 0.238695 
 ----> pctChg 31 0 0.742506 0.257494 
 ----> pctChg 32 0 0.763751 0.236249 
 ----> pctChg 33 0 0.764321 0.235679 
 ----> pctChg 34 0 0.75975 0.24025 
 ----> pctChg 35 1 0.74471 0.25529 
 ----> pctChg 36 0 0.754165 0.245835 
 ----> pctChg 37 0 0.727954 0.272046 
 ----> pctChg 38 1 0.764385 0.235615 
 ----> pctChg 39 1 0.72419 0.27581 
 ----> pctChg 40 0 0.747627 0.252373 
 ----> pctChg 41 0 0.767819 0.232181 
 ----> pctChg 42 0 0.745184 0.254816 
 ----> pctChg 43 0 0.770985 0.229015 
 ----> pctChg 44 0 0.766954 0.233046 
 ----> pctChg 45 0 0.787045 0.212955 
 ----> pctChg 46 0 0.744606 0.255394 
 ----> pctChg 47 0 0.727584 0.272416 
 ----> pctChg 48 0 0.769081 0.230919 
 ----> pctChg 49 1 0.768895 0.231105 
 ----> pctChg 50 1 0.7461 0.2539 
 ----> pctChg 51 0 0.740648 0.259352 
 ----> pctChg 52 0 0.747468 0.252532 
 ----> pctChg 53 0 0.747554 0.252446 
 ----> pctChg 54 1 0.741956 0.258044 
 ----> pctChg 55 1 0.712726 0.287274 
 ----> pctChg 56 0 0.738717 0.261283 
 ----> pctChg 57 1 0.720781 0.279219 
 ----> pctChg 58 0 0.797195 0.202805 
 ----> pctChg 59 0 0.728404 0.271596 
 ----> pctChg 60 0 0.738283 0.261717 
 ----> pctChg 61 0 0.728539 0.271461 
 ----> pctChg 62 0 0.768001 0.231999 
 ----> pctChg 63 0 0.748039 0.251961 
 ----> pctChg 64 1 0.74867 0.25133 
 ----> pctChg 65 0 0.770788 0.229212 
 ----> pctChg 66 1 0.694541 0.305459 
 ----> pctChg 67 0 0.77416 0.22584 
 ----> pctChg 68 0 0.711039 0.288961 
 ----> pctChg 69 0 0.796467 0.203533 
 ----> pctChg 70 0 0.745074 0.254926 
 ----> pctChg 71 0 0.802761 0.197239 
 ----> pctChg 72 0 0.768605 0.231395 
 ----> pctChg 73 0 0.768991 0.231009 
 ----> pctChg 74 0 0.753833 0.246167 
 ----> pctChg 75 1 0.763761 0.236239 
 ----> pctChg 76 0 0.80106 0.19894 
 ----> pctChg 77 0 0.77042 0.22958 
 ----> pctChg 78 0 0.75075 0.24925 
 ----> pctChg 79 0 0.74298 0.25702 
 ----> pctChg 80 0 0.785471 0.214529 
 ----> pctChg 81 1 0.758598 0.241402 
 ----> pctChg 82 0 0.747807 0.252193 
 ----> pctChg 83 0 0.721487 0.278513 
 ----> pctChg 84 0 0.725598 0.274402 
 ----> pctChg 85 0 0.731678 0.268322 
 ----> pctChg 86 1 0.735786 0.264214 
 ----> pctChg 87 0 0.766353 0.233647 
 ----> pctChg 88 1 0.753545 0.246455 
 ----> pctChg 89 0 0.760639 0.239361 
 ----> pctChg 90 1 0.750579 0.249421 
 ----> pctChg 91 1 0.726551 0.273449 
 ----> pctChg 92 0 0.718924 0.281076 
 ----> pctChg 93 1 0.739029 0.260971 
 ----> pctChg 94 0 0.697885 0.302115 
 ----> pctChg 95 0 0.797481 0.202519 
 ----> pctChg 96 1 0.740948 0.259052 
 ----> pctChg 97 0 0.76348 0.23652 
 ----> pctChg 98 1 0.75011 0.24989 
 ----> pctChg 99 0 0.738093 0.261907 
 ----> pctChg 100 0 0.729571 0.270429 
 ----> pctChg 101 0 0.778172 0.221828 
 ----> pctChg 102 0 0.729556 0.270444 
 ----> pctChg 103 1 0.70148 0.29852 
 ----> pctChg 104 0 0.774253 0.225747 
 ----> pctChg 105 0 0.770975 0.229025 
 ----> pctChg 106 0 0.803027 0.196973 
 ----> pctChg 107 0 0.736349 0.263651 
 ----> pctChg 108 0 0.759027 0.240973 
 ----> pctChg 109 0 0.775818 0.224182 
 ----> pctChg 110 0 0.772918 0.227082 
 ----> pctChg 111 0 0.772043 0.227957 
 ----> pctChg 112 0 0.778187 0.221813 
 ----> pctChg 113 0 0.764019 0.235981 
 ----> pctChg 114 0 0.783326 0.216674 
 ----> pctChg 115 0 0.765535 0.234465 
 ----> pctChg 116 1 0.750116 0.249884 
 ----> pctChg 117 0 0.7784 0.2216 
 ----> pctChg 118 0 0.746888 0.253112 
 ----> pctChg 119 0 0.797679 0.202321 
 ----> pctChg 120 0 0.763006 0.236994 
 ----> pctChg 121 1 0.78171 0.21829 
 ----> pctChg 122 0 0.762115 0.237885 
 ----> pctChg 123 0 0.741308 0.258692 
 ----> pctChg 124 0 0.762996 0.237004 
 ----> pctChg 125 1 0.711501 0.288499 
 ----> pctChg 126 0 0.80803 0.19197 
 ----> pctChg 127 1 0.693503 0.306497 
 ----> pctChg 128 0 0.722397 0.277603 
 ----> pctChg 129 0 0.752058 0.247942 
 ----> pctChg 130 0 0.719424 0.280576 
 ----> pctChg 131 0 0.745379 0.254621 
 ----> pctChg 132 0 0.745876 0.254124 
 ----> pctChg 133 0 0.761215 0.238785 
 ----> pctChg 134 0 0.765612 0.234388 
 ----> pctChg 135 1 0.703793 0.296207 
 ----> pctChg 136 0 0.787098 0.212902 
 ----> pctChg 137 1 0.755808 0.244192 
 ----> pctChg 138 0 0.780827 0.219173 
 ----> pctChg 139 1 0.742181 0.257819 
 ----> pctChg 140 0 0.763145 0.236855 
 ----> pctChg 141 0 0.782731 0.217269 
 ----> pctChg 142 1 0.708663 0.291337 
 ----> pctChg 143 0 0.808212 0.191788 
 ----> pctChg 144 0 0.756448 0.243552 
 ----> pctChg 145 0 0.744899 0.255101 
 ----> pctChg 146 1 0.735142 0.264858 
 ----> pctChg 147 1 0.757102 0.242898 
 ----> pctChg 148 0 0.765028 0.234972 
 ----> pctChg 149 0 0.772053 0.227947 
 ----> pctChg 150 1 0.69322 0.30678 
 ----> pctChg 151 0 0.740175 0.259825 
 ----> pctChg 152 0 0.743603 0.256397 
 ----> pctChg 153 1 0.733378 0.266622 
 ----> pctChg 154 0 0.759155 0.240845 
 ----> pctChg 155 0 0.770139 0.229861 
 ----> pctChg 156 1 0.685967 0.314033 
 ----> pctChg 157 1 0.746238 0.253762 
 ----> pctChg 158 0 0.752307 0.247693 
 ----> pctChg 159 0 0.764363 0.235637 
 ----> pctChg 160 0 0.748835 0.251165 
 ----> pctChg 161 0 0.756975 0.243025 
 ----> pctChg 162 0 0.746512 0.253488 
 ----> pctChg 163 0 0.747437 0.252563 
 ----> pctChg 164 1 0.723064 0.276936 
 ----> pctChg 165 1 0.704677 0.295323 
 ----> pctChg 166 0 0.777792 0.222208 
 ----> pctChg 167 0 0.713574 0.286426 
 ----> pctChg 168 0 0.778791 0.221209 
 ----> pctChg 169 1 0.697543 0.302457 
 ----> pctChg 170 0 0.766037 0.233963 
 ----> pctChg 171 0 0.752036 0.247964 
 ----> pctChg 172 0 0.76963 0.23037 
 ----> pctChg 173 0 0.763204 0.236796 
 ----> pctChg 174 0 0.784509 0.215491 
 ----> pctChg 175 1 0.708348 0.291652 
 ----> pctChg 176 0 0.76392 0.23608 
 ----> pctChg 177 1 0.727845 0.272155 
 ----> pctChg 178 0 0.775042 0.224958 
 ----> pctChg 179 0 0.736634 0.263366 
 ----> pctChg 180 0 0.742984 0.257016 
 ----> pctChg 181 0 0.780519 0.219481 
 ----> pctChg 182 1 0.714865 0.285135 
 ----> pctChg 183 0 0.723578 0.276422 
 ----> pctChg 184 1 0.718869 0.281131 
 ----> pctChg 185 0 0.75391 0.24609 
 ----> pctChg 186 0 0.736694 0.263306 
 ----> pctChg 187 0 0.731166 0.268834 
 ----> pctChg 188 1 0.739182 0.260818 
 ----> pctChg 189 1 0.705789 0.294211 
 ----> pctChg 190 0 0.803276 0.196724 
 ----> pctChg 191 0 0.764769 0.235231 
 ----> pctChg 192 1 0.712968 0.287032 
 ----> pctChg 193 0 0.805723 0.194277 
 ----> pctChg 194 0 0.776599 0.223401 
 ----> pctChg 195 0 0.782546 0.217454 
 ----> pctChg 196 0 0.766822 0.233178 
 ----> pctChg 197 0 0.73897 0.26103 
 ----> pctChg 198 0 0.776086 0.223914 
 ----> pctChg 199 0 0.774229 0.225771 
 ----> pctChg 200 0 0.767957 0.232043 
 ----> pctChg 201 1 0.740988 0.259012 
 ----> pctChg 202 1 0.740654 0.259346 
 ----> pctChg 203 0 0.714233 0.285767 
 ----> pctChg 204 1 0.709153 0.290847 
 ----> pctChg 205 0 0.760206 0.239794 
 ----> pctChg 206 0 0.726483 0.273517 
 ----> pctChg 207 1 0.791858 0.208142 
 ----> pctChg 208 0 0.710419 0.289581 
 ----> pctChg 209 1 0.754665 0.245335 
 ----> pctChg 210 0 0.739307 0.260693 
 ----> pctChg 211 0 0.759505 0.240495 
 ----> pctChg 212 1 0.698417 0.301583 
 ----> pctChg 213 0 0.763968 0.236032 
 ----> pctChg 214 0 0.714936 0.285064 
 ----> pctChg 215 0 0.790855 0.209145 
 ----> pctChg 216 0 0.771738 0.228262 
 ----> pctChg 217 0 0.760009 0.239991 
 ----> pctChg 218 0 0.781009 0.218991 
 ----> pctChg 219 0 0.743598 0.256402 
 ----> pctChg 220 0 0.770488 0.229512 
 ----> pctChg 221 0 0.754257 0.245743 
 ----> pctChg 222 0 0.781305 0.218695 
 ----> pctChg 223 0 0.767983 0.232017 
 ----> pctChg 224 0 0.786261 0.213739 
 ----> pctChg 225 0 0.743312 0.256688 
 ----> pctChg 226 0 0.749218 0.250782 
 ----> pctChg 227 0 0.738326 0.261674 
 ----> pctChg 228 0 0.743539 0.256461 
 ----> pctChg 229 0 0.722934 0.277066 
 ----> pctChg 230 1 0.684127 0.315873 
 ----> pctChg 231 0 0.776501 0.223499 
 ----> pctChg 232 1 0.738337 0.261663 
 ----> pctChg 233 0 0.769745 0.230255 
 ----> pctChg 234 1 0.745572 0.254428 
 ----> pctChg 235 0 0.770994 0.229006 
 ----> pctChg 236 0 0.736955 0.263045 
 ----> pctChg 237 0 0.772784 0.227216 
 ----> pctChg 238 0 0.762948 0.237052 
 ----> pctChg 239 1 0.7564 0.2436 
 ----> pctChg 240 0 0.737072 0.262928 
 ----> pctChg 241 0 0.763872 0.236128 
 ----> pctChg 242 0 0.73093 0.26907 
 ----> pctChg 243 0 0.747729 0.252271 
 ----> pctChg 244 0 0.740298 0.259702 
 ----> pctChg 245 0 0.718687 0.281313 
 ----> pctChg 246 0 0.763826 0.236174 
 ----> pctChg 247 1 0.69375 0.30625 
 ----> pctChg 248 0 0.761166 0.238834 
 ----> pctChg 249 0 0.71871 0.28129 
 ----> pctChg 250 0 0.746679 0.253321 
 ----> pctChg 251 0 0.730954 0.269046 
 ----> pctChg 252 0 0.759883 0.240117 
 ----> pctChg 253 0 0.722437 0.277563 
 ----> pctChg 254 0 0.750735 0.249265 
 ----> pctChg 255 1 0.711011 0.288989 
 ----> pctChg 256 0 0.784545 0.215455 
 ----> pctChg 257 0 0.766705 0.233295 
 ----> pctChg 258 1 0.748547 0.251453 
 ----> pctChg 259 0 0.741817 0.258183 
 ----> pctChg 260 0 0.789476 0.210524 
 ----> pctChg 261 1 0.741124 0.258876 
 ----> pctChg 262 0 0.770226 0.229774 
 ----> pctChg 263 0 0.765922 0.234078 
 ----> pctChg 264 0 0.78617 0.21383 
 ----> pctChg 265 0 0.740305 0.259695 
 ----> pctChg 266 0 0.747392 0.252608 
 ----> pctChg 267 1 0.767179 0.232821 
 ----> pctChg 268 0 0.721947 0.278053 
 ----> pctChg 269 0 0.751007 0.248993 
 ----> pctChg 270 0 0.761084 0.238916 
 ----> pctChg 271 0 0.755713 0.244287 
 ----> pctChg 272 0 0.770326 0.229674 
 ----> pctChg 273 1 0.725209 0.274791 
 ----> pctChg 274 0 0.757126 0.242874 
 ----> pctChg 275 1 0.702035 0.297965 
 ----> pctChg 276 0 0.776707 0.223293 
 ----> pctChg 277 1 0.754818 0.245182 
 ----> pctChg 278 0 0.742966 0.257034 
 ----> pctChg 279 0 0.768687 0.231313 
 ----> pctChg 280 0 0.783036 0.216964 
 ----> pctChg 281 0 0.774005 0.225995 
 ----> pctChg 282 0 0.782973 0.217027 
 ----> pctChg 283 0 0.740189 0.259811 
 ----> pctChg 284 0 0.755271 0.244729 
 ----> pctChg 285 0 0.771445 0.228555 
 ----> pctChg 286 0 0.773763 0.226237 
 ----> pctChg 287 0 0.776345 0.223655 
 ----> pctChg 288 1 0.775867 0.224133 
 ----> pctChg 289 0 0.806967 0.193033 
 ----> pctChg 290 1 0.714289 0.285711 
 ----> pctChg 291 0 0.775881 0.224119 
 ----> pctChg 292 0 0.757037 0.242963 
 ----> pctChg 293 0 0.77553 0.22447 
 ----> pctChg 294 1 0.724247 0.275753 
 ----> pctChg 295 0 0.784897 0.215103 
 ----> pctChg 296 1 0.724594 0.275406 
 ----> pctChg 297 0 0.707193 0.292807 
 ----> pctChg 298 0 0.741209 0.258791 
 ----> pctChg 299 0 0.754603 0.245397 
 ----> pctChg 300 0 0.753166 0.246834 
 ----> pctChg 301 1 0.742838 0.257162 
 ----> pctChg 302 1 0.715323 0.284677 
 ----> pctChg 303 0 0.76569 0.23431 
 ----> pctChg 304 0 0.726452 0.273548 
 ----> pctChg 305 1 0.719688 0.280312 
 ----> pctChg 306 0 0.759894 0.240106 
 ----> pctChg 307 1 0.717241 0.282759 
 ----> pctChg 308 0 0.761125 0.238875 
 ----> pctChg 309 0 0.762867 0.237133 
 ----> pctChg 310 0 0.789291 0.210709 
 ----> pctChg 311 0 0.749764 0.250236 
 ----> pctChg 312 1 0.74355 0.25645 
 ----> pctChg 313 0 0.743294 0.256706 
 ----> pctChg 314 0 0.757492 0.242508 
 ----> pctChg 315 0 0.747122 0.252878 
 ----> pctChg 316 1 0.75741 0.24259 
 ----> pctChg 317 0 0.747283 0.252717 
 ----> pctChg 318 0 0.75511 0.24489 
 ----> pctChg 319 0 0.782559 0.217441 
 ----> pctChg 320 0 0.717322 0.282678 
 ----> pctChg 321 0 0.744807 0.255193 
 ----> pctChg 322 1 0.742109 0.257891 
 ----> pctChg 323 0 0.77197 0.22803 
 ----> pctChg 324 1 0.711759 0.288241 
 ----> pctChg 325 0 0.776561 0.223439 
 ----> pctChg 326 0 0.767466 0.232534 
 ----> pctChg 327 1 0.718954 0.281046 
 ----> pctChg 328 0 0.772824 0.227176 
 ----> pctChg 329 1 0.694603 0.305397 
 ----> pctChg 330 1 0.747942 0.252058 
 ----> pctChg 331 0 0.756098 0.243902 
 ----> pctChg 332 1 0.689878 0.310122 
 ----> pctChg 333 0 0.784863 0.215137 
 ----> pctChg 334 0 0.758125 0.241875 
 ----> pctChg 335 0 0.731689 0.268311 
 ----> pctChg 336 1 0.727685 0.272315 
 ----> pctChg 337 0 0.754273 0.245727 
 ----> pctChg 338 1 0.737453 0.262547 
 ----> pctChg 339 0 0.816534 0.183466 
 ----> pctChg 340 1 0.744939 0.255061 
 ----> pctChg 341 0 0.768142 0.231858 
 ----> pctChg 342 1 0.733431 0.266569 
 ----> pctChg 343 0 0.798179 0.201821 
 ----> pctChg 344 0 0.763976 0.236024 
 ----> pctChg 345 0 0.761111 0.238889 
 ----> pctChg 346 1 0.75288 0.24712 
 ----> pctChg 347 0 0.74844 0.25156 
 ----> pctChg 348 0 0.767092 0.232908 
 ----> pctChg 349 0 0.721306 0.278694 
 ----> pctChg 350 0 0.770273 0.229727 
 ----> pctChg 351 0 0.753253 0.246747 
 ----> pctChg 352 0 0.794892 0.205108 
 ----> pctChg 353 1 0.687239 0.312761 
 ----> pctChg 354 1 0.745888 0.254112 
 ----> pctChg 355 0 0.774089 0.225911 
 ----> pctChg 356 0 0.779951 0.220049 
 ----> pctChg 357 1 0.71705 0.28295 
 ----> pctChg 358 0 0.772099 0.227901 
 ----> pctChg 359 1 0.71583 0.28417 
 ----> pctChg 360 1 0.745637 0.254363 
 ----> pctChg 361 0 0.770974 0.229026 
 ----> pctChg 362 0 0.770606 0.229394 
 ----> pctChg 363 0 0.783491 0.216509 
 ----> pctChg 364 1 0.722917 0.277083 
 ----> pctChg 365 0 0.774992 0.225008 
 ----> pctChg 366 0 0.730437 0.269563 
 ----> pctChg 367 0 0.751485 0.248515 
 ----> pctChg 368 0 0.722278 0.277722 
 ----> pctChg 369 0 0.768279 0.231721 
 ----> pctChg 370 0 0.744464 0.255536 
 ----> pctChg 371 0 0.77718 0.22282 
 ----> pctChg 372 0 0.740432 0.259568 
 ----> pctChg 373 0 0.7361 0.2639 
 ----> pctChg 374 1 0.736013 0.263987 
 ----> pctChg 375 0 0.754957 0.245043 
 ----> pctChg 376 0 0.742035 0.257965 
 ----> pctChg 377 1 0.75598 0.24402 
 ----> pctChg 378 0 0.78339 0.21661 
 ----> pctChg 379 0 0.713625 0.286375 
 ----> pctChg 380 0 0.750605 0.249395 
 ----> pctChg 381 0 0.771886 0.228114 
 ----> pctChg 382 0 0.795527 0.204473 
 ----> pctChg 383 1 0.711391 0.288609 
 ----> pctChg 384 0 0.785518 0.214482 
 ----> pctChg 385 1 0.703076 0.296924 
 ----> pctChg 386 0 0.755798 0.244202 
 ----> pctChg 387 1 0.722869 0.277131 
 ----> pctChg 388 1 0.680129 0.319871 
 ----> pctChg 389 0 0.770245 0.229755 
 ----> pctChg 390 0 0.763246 0.236754 
 ----> pctChg 391 0 0.749564 0.250436 
 ----> pctChg 392 0 0.755224 0.244776 
 ----> pctChg 393 1 0.763411 0.236589 
 ----> pctChg 394 0 0.739448 0.260552 
 ----> pctChg 395 0 0.804598 0.195402 
 ----> pctChg 396 0 0.751707 0.248293 
 ----> pctChg 397 0 0.770677 0.229323 
 ----> pctChg 398 0 0.756241 0.243759 
 ----> pctChg 399 1 0.684887 0.315113 
 ----> pctChg 400 1 0.738801 0.261199 
 ----> pctChg 401 0 0.762644 0.237356 
 ----> pctChg 402 1 0.732366 0.267634 
 ----> pctChg 403 0 0.778893 0.221107 
 ----> pctChg 404 0 0.754732 0.245268 
 ----> pctChg 405 0 0.767209 0.232791 
 ----> pctChg 406 1 0.718846 0.281154 
 ----> pctChg 407 0 0.7567 0.2433 
 ----> pctChg 408 0 0.718802 0.281198 
 ----> pctChg 409 0 0.738283 0.261717 
 ----> pctChg 410 0 0.765184 0.234816 
 ----> pctChg 411 0 0.71782 0.28218 
 ----> pctChg 412 1 0.75868 0.24132 
 ----> pctChg 413 1 0.701976 0.298024 
 ----> pctChg 414 0 0.758818 0.241182 
 ----> pctChg 415 0 0.753782 0.246218 
 ----> pctChg 416 0 0.731346 0.268654 
 ----> pctChg 417 1 0.738492 0.261508 
 ----> pctChg 418 0 0.753367 0.246633 
 ----> pctChg 419 0 0.784619 0.215381 
 ----> pctChg 420 0 0.731573 0.268427 
 ----> pctChg 421 0 0.768835 0.231165 
 ----> pctChg 422 0 0.735946 0.264054 
 ----> pctChg 423 0 0.785012 0.214988 
 ----> pctChg 424 0 0.715558 0.284442 
 ----> pctChg 425 0 0.768558 0.231442 
 ----> pctChg 426 0 0.733799 0.266201 
 ----> pctChg 427 0 0.790008 0.209992 
 ----> pctChg 428 0 0.694238 0.305762 
 ----> pctChg 429 0 0.772859 0.227141 
 ----> pctChg 430 0 0.809023 0.190977 
 ----> pctChg 431 1 0.686651 0.313349 
 ----> pctChg 432 0 0.798712 0.201288 
 ----> pctChg 433 0 0.698676 0.301324 
 ----> pctChg 434 0 0.7786 0.2214 
 ----> pctChg 435 1 0.745043 0.254957 
 ----> pctChg 436 0 0.750181 0.249819 
 ----> pctChg 437 0 0.708772 0.291228 
 ----> pctChg 438 0 0.727195 0.272805 
 ----> pctChg 439 1 0.698399 0.301601 
 ----> pctChg 440 0 0.758702 0.241298 
 ----> pctChg 441 0 0.737836 0.262164 
 ----> pctChg 442 1 0.731237 0.268763 
 ----> pctChg 443 0 0.753619 0.246381 
 ----> pctChg 444 0 0.750511 0.249489 
 ----> pctChg 445 0 0.72115 0.27885 
 ----> pctChg 446 0 0.729009 0.270991 
 ----> pctChg 447 0 0.748463 0.251537 
 ----> pctChg 448 0 0.711477 0.288523 
 ----> pctChg 449 0 0.786049 0.213951 
 ----> pctChg 450 1 0.759956 0.240044 
 ----> pctChg 451 1 0.725398 0.274602 
 ----> pctChg 452 0 0.802823 0.197177 
 ----> pctChg 453 0 0.767472 0.232528 
 ----> pctChg 454 0 0.732691 0.267309 
 ----> pctChg 455 0 0.768208 0.231792 
 ----> pctChg 456 0 0.756762 0.243238 
 ----> pctChg 457 0 0.729439 0.270561 
 ----> pctChg 458 0 0.733534 0.266466 
 ----> pctChg 459 0 0.766865 0.233135 
 ----> pctChg 460 0 0.760189 0.239811 
 ----> pctChg 461 0 0.747322 0.252678 
 ----> pctChg 462 0 0.751368 0.248632 
 ----> pctChg 463 1 0.722367 0.277633 
 ----> pctChg 464 0 0.767534 0.232466 
 ----> pctChg 465 1 0.708807 0.291193 
 ----> pctChg 466 0 0.779036 0.220964 
 ----> pctChg 467 1 0.707978 0.292022 
 ----> pctChg 468 0 0.759549 0.240451 
 ----> pctChg 469 0 0.761585 0.238415 
 ----> pctChg 470 0 0.782276 0.217724 
 ----> pctChg 471 1 0.733463 0.266537 
 ----> pctChg 472 0 0.713354 0.286646 
 ----> pctChg 473 0 0.786484 0.213516 
 ----> pctChg 474 0 0.777527 0.222473 
 ----> pctChg 475 0 0.702654 0.297346 
 ----> pctChg 476 0 0.754246 0.245754 
 ----> pctChg 477 1 0.779252 0.220748 
 ----> pctChg 478 0 0.798749 0.201251 
 ----> pctChg 479 0 0.783264 0.216736 
 ----> pctChg 480 0 0.762535 0.237465 
 ----> pctChg 481 0 0.774319 0.225681 
 ----> pctChg 482 0 0.745441 0.254559 
 ----> pctChg 483 0 0.781998 0.218002 
 ----> pctChg 484 0 0.765103 0.234897 
 ----> pctChg 485 1 0.776514 0.223486 
 ----> pctChg 486 0 0.740132 0.259868 
 ----> pctChg 487 0 0.732018 0.267982 
 ----> pctChg 488 0 0.774355 0.225645 
 ----> pctChg 489 0 0.754834 0.245166 
 ----> pctChg 490 0 0.71094 0.28906 
 ----> pctChg 491 1 0.738447 0.261553 
 ----> pctChg 492 0 0.748943 0.251057 
 ----> pctChg 493 1 0.756944 0.243056 
 ----> pctChg 494 0 0.734631 0.265369 
 ----> pctChg 495 0 0.744527 0.255473 
 ----> pctChg 496 0 0.764239 0.235761 
 ----> pctChg 497 0 0.726116 0.273884 
 ----> pctChg 498 1 0.726172 0.273828 
 ----> pctChg 499 0 0.76493 0.23507 
 ----> pctChg 500 1 0.655832 0.344168 
 ----> pctChg 501 0 0.752743 0.247257 
 ----> pctChg 502 1 0.712592 0.287408 
 ----> pctChg 503 1 0.779899 0.220101 
 ----> pctChg 504 0 0.736373 0.263627 
 ----> pctChg 505 0 0.780513 0.219487 
 ----> pctChg 506 0 0.749337 0.250663 
 ----> pctChg 507 1 0.78809 0.21191 
 ----> pctChg 508 0 0.744931 0.255069 
 ----> pctChg 509 1 0.737952 0.262048 
 ----> pctChg 510 0 0.758027 0.241973 
 ----> pctChg 511 0 0.731291 0.268709 
 ----> pctChg 512 1 0.694604 0.305396 
 ----> pctChg 513 0 0.793127 0.206873 
 ----> pctChg 514 1 0.685808 0.314192 
 ----> pctChg 515 0 0.769647 0.230353 
 ----> pctChg 516 0 0.795647 0.204353 
 ----> pctChg 517 1 0.74702 0.25298 
 ----> pctChg 518 0 0.744716 0.255284 
 ----> pctChg 519 0 0.761253 0.238747 
 ----> pctChg 520 0 0.759961 0.240039 
 ----> pctChg 521 0 0.737763 0.262237 
 ----> pctChg 522 0 0.751021 0.248979 
 ----> pctChg 523 1 0.735224 0.264776 
 ----> pctChg 524 0 0.755464 0.244536 
 ----> pctChg 525 1 0.709464 0.290536 
 ----> pctChg 526 1 0.762593 0.237407 
 ----> pctChg 527 1 0.741106 0.258894 
 ----> pctChg 528 0 0.762006 0.237994 
 ----> pctChg 529 1 0.726481 0.273519 
 ----> pctChg 530 0 0.754695 0.245305 
 ----> pctChg 531 0 0.756308 0.243692 
 ----> pctChg 532 0 0.749212 0.250788 
 ----> pctChg 533 1 0.716497 0.283503 
 ----> pctChg 534 1 0.743129 0.256871 
 ----> pctChg 535 0 0.728879 0.271121 
 ----> pctChg 536 0 0.738476 0.261524 
 ----> pctChg 537 0 0.766049 0.233951 
 ----> pctChg 538 0 0.759354 0.240646 
 ----> pctChg 539 0 0.784233 0.215767 
 ----> pctChg 540 0 0.76644 0.23356 
 ----> pctChg 541 0 0.770418 0.229582 
 ----> pctChg 542 0 0.764521 0.235479 
 ----> pctChg 543 0 0.768938 0.231062 
 ----> pctChg 544 0 0.75553 0.24447 
 ----> pctChg 545 0 0.766701 0.233299 
 ----> pctChg 546 0 0.757823 0.242177 
 ----> pctChg 547 0 0.779384 0.220616 
 ----> pctChg 548 1 0.735595 0.264405 
 ----> pctChg 549 0 0.757782 0.242218 
 ----> pctChg 550 0 0.74326 0.25674 
 ----> pctChg 551 0 0.792441 0.207559 
 ----> pctChg 552 1 0.718903 0.281097 
 ----> pctChg 553 1 0.719351 0.280649 
 ----> pctChg 554 0 0.784419 0.215581 
 ----> pctChg 555 1 0.740881 0.259119 
 ----> pctChg 556 0 0.78196 0.21804 
 ----> pctChg 557 1 0.747117 0.252883 
 ----> pctChg 558 0 0.751166 0.248834 
 ----> pctChg 559 0 0.750413 0.249587 
 ----> pctChg 560 0 0.739935 0.260065 
 ----> pctChg 561 0 0.754123 0.245877 
 ----> pctChg 562 0 0.757557 0.242443 
 ----> pctChg 563 0 0.739465 0.260535 
 ----> pctChg 564 0 0.753092 0.246908 
 ----> pctChg 565 0 0.77025 0.22975 
 ----> pctChg 566 0 0.751569 0.248431 
 ----> pctChg 567 0 0.71104 0.28896 
 ----> pctChg 568 0 0.752169 0.247831 
 ----> pctChg 569 0 0.76602 0.23398 
 ----> pctChg 570 0 0.776775 0.223225 
 ----> pctChg 571 0 0.750551 0.249449 
 ----> pctChg 572 0 0.760145 0.239855 
 ----> pctChg 573 1 0.752991 0.247009 
 ----> pctChg 574 0 0.747234 0.252766 
 ----> pctChg 575 0 0.791023 0.208977 
 ----> pctChg 576 0 0.751749 0.248251 
 ----> pctChg 577 0 0.769391 0.230609 
 ----> pctChg 578 0 0.79445 0.20555 
 ----> pctChg 579 0 0.789754 0.210246 
 ----> pctChg 580 0 0.75962 0.24038 
 ----> pctChg 581 0 0.733232 0.266768 
 ----> pctChg 582 1 0.754471 0.245529 
 ----> pctChg 583 0 0.736707 0.263293 
 ----> pctChg 584 0 0.755732 0.244268 
 ----> pctChg 585 0 0.721963 0.278037 
 ----> pctChg 586 0 0.750965 0.249035 
 ----> pctChg 587 0 0.770066 0.229934 
 ----> pctChg 588 0 0.75017 0.24983 
 ----> pctChg 589 1 0.751071 0.248929 
 ----> pctChg 590 0 0.733297 0.266703 
 ----> pctChg 591 0 0.778206 0.221794 
 ----> pctChg 592 0 0.753008 0.246992 
 ----> pctChg 593 0 0.738288 0.261712 
 ----> pctChg 594 1 0.734935 0.265065 
 ----> pctChg 595 1 0.773855 0.226145 
 ----> pctChg 596 0 0.758093 0.241907 
 ----> pctChg 597 0 0.7214 0.2786 
 ----> pctChg 598 0 0.784319 0.215681 
 ----> pctChg 599 1 0.619934 0.380066 
 ----> pctChg 600 0 0.808926 0.191074 
 ----> pctChg 601 0 0.771869 0.228131 
 ----> pctChg 602 1 0.730073 0.269927 
 ----> pctChg 603 0 0.779674 0.220326 
 ----> pctChg 604 0 0.762358 0.237642 
 ----> pctChg 605 0 0.752181 0.247819 
 ----> pctChg 606 0 0.757543 0.242457 
 ----> pctChg 607 0 0.766322 0.233678 
 ----> pctChg 608 0 0.748668 0.251332 
 ----> pctChg 609 0 0.746734 0.253266 
 ----> pctChg 610 0 0.789824 0.210176 
 ----> pctChg 611 1 0.721504 0.278496 
 ----> pctChg 612 0 0.775488 0.224512 
 ----> pctChg 613 1 0.706701 0.293299 
 ----> pctChg 614 0 0.726543 0.273457 
 ----> pctChg 615 1 0.718339 0.281661 
 ----> pctChg 616 0 0.725418 0.274582 
 ----> pctChg 617 0 0.74031 0.25969 
 ----> pctChg 618 0 0.752155 0.247845 
 ----> pctChg 619 1 0.737306 0.262694 
 ----> pctChg 620 0 0.75124 0.24876 
 ----> pctChg 621 0 0.73581 0.26419 
 ----> pctChg 622 1 0.771423 0.228577 
 ----> pctChg 623 1 0.702155 0.297845 
 ----> pctChg 624 0 0.727482 0.272518 
 ----> pctChg 625 0 0.794096 0.205904 
 ----> pctChg 626 0 0.766267 0.233733 
 ----> pctChg 627 0 0.784795 0.215205 
 ----> pctChg 628 0 0.73636 0.26364 
 ----> pctChg 629 0 0.795261 0.204739 
 ----> pctChg 630 0 0.681661 0.318339 
 ----> pctChg 631 0 0.774631 0.225369 
 ----> pctChg 632 0 0.761338 0.238662 
 ----> pctChg 633 0 0.769848 0.230152 
 ----> pctChg 634 0 0.754769 0.245231 
 ----> pctChg 635 0 0.743778 0.256222 
 ----> pctChg 636 0 0.758278 0.241722 
 ----> pctChg 637 0 0.77527 0.22473 
 ----> pctChg 638 0 0.752232 0.247768 
 ----> pctChg 639 0 0.756509 0.243491 
 ----> pctChg 640 0 0.749771 0.250229 
 ----> pctChg 641 0 0.754318 0.245682 
 ----> pctChg 642 1 0.736576 0.263424 
 ----> pctChg 643 0 0.747195 0.252805 
 ----> pctChg 644 0 0.751851 0.248149 
 ----> pctChg 645 1 0.757719 0.242281 
 ----> pctChg 646 0 0.741697 0.258303 
 ----> pctChg 647 0 0.792497 0.207503 
 ----> pctChg 648 0 0.755861 0.244139 
 ----> pctChg 649 1 0.740489 0.259511 
 ----> pctChg 650 0 0.77027 0.22973 
 ----> pctChg 651 1 0.726046 0.273954 
 ----> pctChg 652 0 0.751605 0.248395 
 ----> pctChg 653 0 0.777625 0.222375 
 ----> pctChg 654 0 0.753663 0.246337 
 ----> pctChg 655 0 0.762988 0.237012 
 ----> pctChg 656 0 0.733574 0.266426 
 ----> pctChg 657 0 0.737516 0.262484 
 ----> pctChg 658 0 0.750603 0.249397 
 ----> pctChg 659 0 0.773355 0.226645 
 ----> pctChg 660 0 0.765055 0.234945 
 ----> pctChg 661 0 0.754765 0.245235 
 ----> pctChg 662 1 0.745358 0.254642 
 ----> pctChg 663 0 0.777356 0.222644 
 ----> pctChg 664 1 0.736274 0.263726 
 ----> pctChg 665 0 0.785552 0.214448 
 ----> pctChg 666 0 0.752967 0.247033 
 ----> pctChg 667 0 0.734569 0.265431 
 ----> pctChg 668 0 0.745129 0.254871 
 ----> pctChg 669 0 0.729309 0.270691 
 ----> pctChg 670 0 0.754446 0.245554 
 ----> pctChg 671 0 0.7706 0.2294 
 ----> pctChg 672 0 0.71511 0.28489 
 ----> pctChg 673 1 0.756656 0.243344 
 ----> pctChg 674 0 0.740698 0.259302 
 ----> pctChg 675 1 0.687245 0.312755 
 ----> pctChg 676 0 0.780454 0.219546 
 ----> pctChg 677 0 0.73301 0.26699 
 ----> pctChg 678 0 0.774421 0.225579 
 ----> pctChg 679 0 0.776156 0.223844 
 ----> pctChg 680 0 0.767634 0.232366 
 ----> pctChg 681 0 0.75308 0.24692 
 ----> pctChg 682 0 0.762099 0.237901 
 ----> pctChg 683 1 0.74191 0.25809 
 ----> pctChg 684 0 0.774784 0.225216 
 ----> pctChg 685 1 0.737199 0.262801 
 ----> pctChg 686 1 0.722339 0.277661 
 ----> pctChg 687 0 0.736653 0.263347 
 ----> pctChg 688 1 0.617113 0.382887 
 ----> pctChg 689 0 0.825256 0.174744 
 ----> pctChg 690 1 0.766792 0.233208 
 ----> pctChg 691 0 0.780448 0.219552 
 ----> pctChg 692 0 0.774826 0.225174 
 ----> pctChg 693 1 0.727634 0.272366 
 ----> pctChg 694 0 0.773725 0.226275 
 ----> pctChg 695 1 0.731859 0.268141 
 ----> pctChg 696 0 0.772653 0.227347 
 ----> pctChg 697 1 0.733885 0.266115 
 ----> pctChg 698 0 0.754353 0.245647 
 ----> pctChg 699 0 0.776056 0.223944 
 ----> pctChg 700 0 0.755305 0.244695 
 ----> pctChg 701 0 0.78421 0.21579 
 ----> pctChg 702 0 0.743819 0.256181 
 ----> pctChg 703 0 0.756852 0.243148 
 ----> pctChg 704 0 0.760081 0.239919 
 ----> pctChg 705 0 0.671778 0.328222 
 ----> pctChg 706 0 0.760987 0.239013 
 ----> pctChg 707 0 0.765897 0.234103 
 ----> pctChg 708 1 0.741545 0.258455 
 ----> pctChg 709 1 0.74428 0.25572 
 ----> pctChg 710 0 0.761712 0.238288 
 ----> pctChg 711 0 0.70782 0.29218 
 ----> pctChg 712 1 0.726216 0.273784 
 ----> pctChg 713 0 0.75266 0.24734 
 ----> pctChg 714 1 0.740583 0.259417 
 ----> pctChg 715 0 0.66364 0.33636 
 ----> pctChg 716 0 0.778716 0.221284 
 ----> pctChg 717 0 0.732922 0.267078 
 ----> pctChg 718 1 0.741446 0.258554 
