 ----> pctChg 1 0 0.741365 0.258635 
 ----> pctChg 2 0 0.757843 0.242157 
 ----> pctChg 3 0 0.741688 0.258312 
 ----> pctChg 4 0 0.776578 0.223422 
 ----> pctChg 5 1 0.730962 0.269038 
 ----> pctChg 6 1 0.744714 0.255286 
 ----> pctChg 7 0 0.728269 0.271731 
 ----> pctChg 8 0 0.728879 0.271121 
 ----> pctChg 9 0 0.769827 0.230173 
 ----> pctChg 10 0 0.7531 0.2469 
 ----> pctChg 11 1 0.745081 0.254919 
 ----> pctChg 12 0 0.772925 0.227075 
 ----> pctChg 13 0 0.740621 0.259379 
 ----> pctChg 14 1 0.741277 0.258723 
 ----> pctChg 15 0 0.743992 0.256008 
 ----> pctChg 16 1 0.746466 0.253534 
 ----> pctChg 17 0 0.747212 0.252788 
 ----> pctChg 18 0 0.743377 0.256623 
 ----> pctChg 19 0 0.760515 0.239485 
 ----> pctChg 20 0 0.782797 0.217203 
 ----> pctChg 21 1 0.75439 0.24561 
 ----> pctChg 22 0 0.752834 0.247166 
 ----> pctChg 23 0 0.746146 0.253854 
 ----> pctChg 24 0 0.787367 0.212633 
 ----> pctChg 25 0 0.770716 0.229284 
 ----> pctChg 26 0 0.781509 0.218491 
 ----> pctChg 27 1 0.759129 0.240871 
 ----> pctChg 28 0 0.759717 0.240283 
 ----> pctChg 29 0 0.741199 0.258801 
 ----> pctChg 30 1 0.74779 0.25221 
 ----> pctChg 31 0 0.787093 0.212907 
 ----> pctChg 32 0 0.774297 0.225703 
 ----> pctChg 33 0 0.761451 0.238549 
 ----> pctChg 34 0 0.709304 0.290696 
 ----> pctChg 35 1 0.755142 0.244858 
 ----> pctChg 36 0 0.814093 0.185907 
 ----> pctChg 37 0 0.702511 0.297489 
 ----> pctChg 38 1 0.714605 0.285395 
 ----> pctChg 39 1 0.746027 0.253973 
 ----> pctChg 40 0 0.812781 0.187219 
 ----> pctChg 41 0 0.714632 0.285368 
 ----> pctChg 42 0 0.719245 0.280755 
 ----> pctChg 43 0 0.762151 0.237849 
 ----> pctChg 44 0 0.713308 0.286692 
 ----> pctChg 45 0 0.79346 0.20654 
 ----> pctChg 46 0 0.707281 0.292719 
 ----> pctChg 47 0 0.711164 0.288836 
 ----> pctChg 48 0 0.724587 0.275413 
 ----> pctChg 49 1 0.753748 0.246252 
 ----> pctChg 50 1 0.758974 0.241026 
 ----> pctChg 51 0 0.748041 0.251959 
 ----> pctChg 52 0 0.761762 0.238238 
 ----> pctChg 53 0 0.79121 0.20879 
 ----> pctChg 54 1 0.754689 0.245311 
 ----> pctChg 55 1 0.743275 0.256725 
 ----> pctChg 56 0 0.736867 0.263133 
 ----> pctChg 57 1 0.707684 0.292316 
 ----> pctChg 58 0 0.789539 0.210461 
 ----> pctChg 59 0 0.710295 0.289705 
 ----> pctChg 60 0 0.81992 0.18008 
 ----> pctChg 61 0 0.745125 0.254875 
 ----> pctChg 62 0 0.804971 0.195029 
 ----> pctChg 63 0 0.76496 0.23504 
 ----> pctChg 64 1 0.719576 0.280424 
 ----> pctChg 65 0 0.703075 0.296925 
 ----> pctChg 66 1 0.777055 0.222945 
 ----> pctChg 67 0 0.702451 0.297549 
 ----> pctChg 68 0 0.76545 0.23455 
 ----> pctChg 69 0 0.752832 0.247168 
 ----> pctChg 70 0 0.757081 0.242919 
 ----> pctChg 71 0 0.753091 0.246909 
 ----> pctChg 72 0 0.761023 0.238977 
 ----> pctChg 73 0 0.742625 0.257375 
 ----> pctChg 74 0 0.769657 0.230343 
 ----> pctChg 75 1 0.753396 0.246604 
 ----> pctChg 76 0 0.775743 0.224257 
 ----> pctChg 77 0 0.755137 0.244863 
 ----> pctChg 78 0 0.749739 0.250261 
 ----> pctChg 79 0 0.760046 0.239954 
 ----> pctChg 80 0 0.749371 0.250629 
 ----> pctChg 81 1 0.734676 0.265324 
 ----> pctChg 82 0 0.756001 0.243999 
 ----> pctChg 83 0 0.801157 0.198843 
 ----> pctChg 84 0 0.769402 0.230598 
 ----> pctChg 85 0 0.752234 0.247766 
 ----> pctChg 86 1 0.790331 0.209669 
 ----> pctChg 87 0 0.734835 0.265165 
 ----> pctChg 88 1 0.747849 0.252151 
 ----> pctChg 89 0 0.783692 0.216308 
 ----> pctChg 90 1 0.698434 0.301566 
 ----> pctChg 91 1 0.719094 0.280906 
 ----> pctChg 92 0 0.781717 0.218283 
 ----> pctChg 93 1 0.747713 0.252287 
 ----> pctChg 94 0 0.737401 0.262599 
 ----> pctChg 95 0 0.722292 0.277708 
 ----> pctChg 96 1 0.735985 0.264015 
 ----> pctChg 97 0 0.791061 0.208939 
 ----> pctChg 98 1 0.717877 0.282123 
 ----> pctChg 99 0 0.751935 0.248065 
 ----> pctChg 100 0 0.746105 0.253895 
 ----> pctChg 101 0 0.802647 0.197353 
 ----> pctChg 102 0 0.69879 0.30121 
 ----> pctChg 103 1 0.708838 0.291162 
 ----> pctChg 104 0 0.721081 0.278919 
 ----> pctChg 105 0 0.828104 0.171896 
 ----> pctChg 106 0 0.836473 0.163527 
 ----> pctChg 107 0 0.769954 0.230046 
 ----> pctChg 108 0 0.82759 0.17241 
 ----> pctChg 109 0 0.762164 0.237836 
 ----> pctChg 110 0 0.759498 0.240502 
 ----> pctChg 111 0 0.764421 0.235579 
 ----> pctChg 112 0 0.747678 0.252322 
 ----> pctChg 113 0 0.741947 0.258053 
 ----> pctChg 114 0 0.820891 0.179109 
 ----> pctChg 115 0 0.78332 0.21668 
 ----> pctChg 116 1 0.725983 0.274017 
 ----> pctChg 117 0 0.734701 0.265299 
 ----> pctChg 118 0 0.829087 0.170913 
 ----> pctChg 119 0 0.740584 0.259416 
 ----> pctChg 120 0 0.812759 0.187241 
 ----> pctChg 121 1 0.710741 0.289259 
 ----> pctChg 122 0 0.735001 0.264999 
 ----> pctChg 123 0 0.798507 0.201493 
 ----> pctChg 124 0 0.80492 0.19508 
 ----> pctChg 125 1 0.643654 0.356346 
 ----> pctChg 126 0 0.776561 0.223439 
 ----> pctChg 127 1 0.714319 0.285681 
 ----> pctChg 128 0 0.773138 0.226862 
 ----> pctChg 129 0 0.785858 0.214142 
 ----> pctChg 130 0 0.735966 0.264034 
 ----> pctChg 131 0 0.74969 0.25031 
 ----> pctChg 132 0 0.800973 0.199027 
 ----> pctChg 133 0 0.762957 0.237043 
 ----> pctChg 134 0 0.751187 0.248813 
 ----> pctChg 135 1 0.713717 0.286283 
 ----> pctChg 136 0 0.759787 0.240213 
 ----> pctChg 137 1 0.663524 0.336476 
 ----> pctChg 138 0 0.748212 0.251788 
 ----> pctChg 139 1 0.751594 0.248406 
 ----> pctChg 140 0 0.76538 0.23462 
 ----> pctChg 141 0 0.75849 0.24151 
 ----> pctChg 142 1 0.670706 0.329294 
 ----> pctChg 143 0 0.802977 0.197023 
 ----> pctChg 144 0 0.829512 0.170488 
 ----> pctChg 145 0 0.788787 0.211213 
 ----> pctChg 146 1 0.726561 0.273439 
 ----> pctChg 147 1 0.705837 0.294163 
 ----> pctChg 148 0 0.711368 0.288632 
 ----> pctChg 149 0 0.706252 0.293748 
 ----> pctChg 150 1 0.666752 0.333248 
 ----> pctChg 151 0 0.833936 0.166064 
 ----> pctChg 152 0 0.778742 0.221258 
 ----> pctChg 153 1 0.716412 0.283588 
 ----> pctChg 154 0 0.766062 0.233938 
 ----> pctChg 155 0 0.795562 0.204438 
 ----> pctChg 156 1 0.678342 0.321658 
 ----> pctChg 157 1 0.726184 0.273816 
 ----> pctChg 158 0 0.770971 0.229029 
 ----> pctChg 159 0 0.754959 0.245041 
 ----> pctChg 160 0 0.729652 0.270348 
 ----> pctChg 161 0 0.734395 0.265605 
 ----> pctChg 162 0 0.72646 0.27354 
 ----> pctChg 163 0 0.756007 0.243993 
 ----> pctChg 164 1 0.801138 0.198862 
 ----> pctChg 165 1 0.762596 0.237404 
 ----> pctChg 166 0 0.699203 0.300797 
 ----> pctChg 167 0 0.724465 0.275535 
 ----> pctChg 168 0 0.811943 0.188057 
 ----> pctChg 169 1 0.735903 0.264097 
 ----> pctChg 170 0 0.794403 0.205597 
 ----> pctChg 171 0 0.77016 0.22984 
 ----> pctChg 172 0 0.735124 0.264876 
 ----> pctChg 173 0 0.751265 0.248735 
 ----> pctChg 174 0 0.828963 0.171037 
 ----> pctChg 175 1 0.672281 0.327719 
 ----> pctChg 176 0 0.714373 0.285627 
 ----> pctChg 177 1 0.539749 0.460251 
 ----> pctChg 178 0 0.766647 0.233353 
 ----> pctChg 179 0 0.800495 0.199505 
 ----> pctChg 180 0 0.824338 0.175662 
 ----> pctChg 181 0 0.695697 0.304303 
 ----> pctChg 182 1 0.709207 0.290793 
 ----> pctChg 183 0 0.674119 0.325881 
 ----> pctChg 184 1 0.700625 0.299375 
 ----> pctChg 185 0 0.775936 0.224064 
 ----> pctChg 186 0 0.792646 0.207354 
 ----> pctChg 187 0 0.760404 0.239596 
 ----> pctChg 188 1 0.729706 0.270294 
 ----> pctChg 189 1 0.712264 0.287736 
 ----> pctChg 190 0 0.830884 0.169116 
 ----> pctChg 191 0 0.759101 0.240899 
 ----> pctChg 192 1 0.728967 0.271033 
 ----> pctChg 193 0 0.783536 0.216464 
 ----> pctChg 194 0 0.799521 0.200479 
 ----> pctChg 195 0 0.758772 0.241228 
 ----> pctChg 196 0 0.730187 0.269813 
 ----> pctChg 197 0 0.722968 0.277032 
 ----> pctChg 198 0 0.823462 0.176538 
 ----> pctChg 199 0 0.762539 0.237461 
 ----> pctChg 200 0 0.800207 0.199793 
 ----> pctChg 201 1 0.756275 0.243725 
 ----> pctChg 202 1 0.719725 0.280275 
 ----> pctChg 203 0 0.78522 0.21478 
 ----> pctChg 204 1 0.693886 0.306114 
 ----> pctChg 205 0 0.73102 0.26898 
 ----> pctChg 206 0 0.767025 0.232975 
 ----> pctChg 207 1 0.693201 0.306799 
 ----> pctChg 208 0 0.780301 0.219699 
 ----> pctChg 209 1 0.69731 0.30269 
 ----> pctChg 210 0 0.836641 0.163359 
 ----> pctChg 211 0 0.761363 0.238637 
 ----> pctChg 212 1 0.733149 0.266851 
 ----> pctChg 213 0 0.739848 0.260152 
 ----> pctChg 214 0 0.807659 0.192341 
 ----> pctChg 215 0 0.727038 0.272962 
 ----> pctChg 216 0 0.723271 0.276729 
 ----> pctChg 217 0 0.734894 0.265106 
 ----> pctChg 218 0 0.81589 0.18411 
 ----> pctChg 219 0 0.713103 0.286897 
 ----> pctChg 220 0 0.739304 0.260696 
 ----> pctChg 221 0 0.773124 0.226876 
 ----> pctChg 222 0 0.741906 0.258094 
 ----> pctChg 223 0 0.743126 0.256874 
 ----> pctChg 224 0 0.820447 0.179553 
 ----> pctChg 225 0 0.717748 0.282252 
 ----> pctChg 226 0 0.757368 0.242632 
 ----> pctChg 227 0 0.777805 0.222195 
 ----> pctChg 228 0 0.693856 0.306144 
 ----> pctChg 229 0 0.712394 0.287606 
 ----> pctChg 230 1 0.747582 0.252418 
 ----> pctChg 231 0 0.830723 0.169277 
 ----> pctChg 232 1 0.751437 0.248563 
 ----> pctChg 233 0 0.793697 0.206303 
 ----> pctChg 234 1 0.736541 0.263459 
 ----> pctChg 235 0 0.755328 0.244672 
 ----> pctChg 236 0 0.756436 0.243564 
 ----> pctChg 237 0 0.831578 0.168422 
 ----> pctChg 238 0 0.751083 0.248917 
 ----> pctChg 239 1 0.740281 0.259719 
 ----> pctChg 240 0 0.750314 0.249686 
 ----> pctChg 241 0 0.765123 0.234877 
 ----> pctChg 242 0 0.771781 0.228219 
 ----> pctChg 243 0 0.76229 0.23771 
 ----> pctChg 244 0 0.765914 0.234086 
 ----> pctChg 245 0 0.770049 0.229951 
 ----> pctChg 246 0 0.740421 0.259579 
 ----> pctChg 247 1 0.742794 0.257206 
 ----> pctChg 248 0 0.801832 0.198168 
 ----> pctChg 249 0 0.722153 0.277847 
 ----> pctChg 250 0 0.72368 0.27632 
 ----> pctChg 251 0 0.746405 0.253595 
 ----> pctChg 252 0 0.820403 0.179597 
 ----> pctChg 253 0 0.768171 0.231829 
 ----> pctChg 254 0 0.743124 0.256876 
 ----> pctChg 255 1 0.776634 0.223366 
 ----> pctChg 256 0 0.814595 0.185405 
 ----> pctChg 257 0 0.764607 0.235393 
 ----> pctChg 258 1 0.725181 0.274819 
 ----> pctChg 259 0 0.744585 0.255415 
 ----> pctChg 260 0 0.78932 0.21068 
 ----> pctChg 261 1 0.739071 0.260929 
 ----> pctChg 262 0 0.763243 0.236757 
 ----> pctChg 263 0 0.808422 0.191578 
 ----> pctChg 264 0 0.769753 0.230247 
 ----> pctChg 265 0 0.732752 0.267248 
 ----> pctChg 266 0 0.698516 0.301484 
 ----> pctChg 267 1 0.683649 0.316351 
 ----> pctChg 268 0 0.725294 0.274706 
 ----> pctChg 269 0 0.761803 0.238197 
 ----> pctChg 270 0 0.746015 0.253985 
 ----> pctChg 271 0 0.778038 0.221962 
 ----> pctChg 272 0 0.772124 0.227876 
 ----> pctChg 273 1 0.725225 0.274775 
 ----> pctChg 274 0 0.755715 0.244285 
 ----> pctChg 275 1 0.785002 0.214998 
 ----> pctChg 276 0 0.757183 0.242817 
 ----> pctChg 277 1 0.716051 0.283949 
 ----> pctChg 278 0 0.800224 0.199776 
 ----> pctChg 279 0 0.837991 0.162009 
 ----> pctChg 280 0 0.783351 0.216649 
 ----> pctChg 281 0 0.709277 0.290723 
 ----> pctChg 282 0 0.755558 0.244442 
 ----> pctChg 283 0 0.747075 0.252925 
 ----> pctChg 284 0 0.701151 0.298849 
 ----> pctChg 285 0 0.807094 0.192906 
 ----> pctChg 286 0 0.725391 0.274609 
 ----> pctChg 287 0 0.823063 0.176937 
 ----> pctChg 288 1 0.755608 0.244392 
 ----> pctChg 289 0 0.75203 0.24797 
 ----> pctChg 290 1 0.758072 0.241928 
 ----> pctChg 291 0 0.735577 0.264423 
 ----> pctChg 292 0 0.759642 0.240358 
 ----> pctChg 293 0 0.733554 0.266446 
 ----> pctChg 294 1 0.742284 0.257716 
 ----> pctChg 295 0 0.792568 0.207432 
 ----> pctChg 296 1 0.685916 0.314084 
 ----> pctChg 297 0 0.723926 0.276074 
 ----> pctChg 298 0 0.679077 0.320923 
 ----> pctChg 299 0 0.748903 0.251097 
 ----> pctChg 300 0 0.821834 0.178166 
 ----> pctChg 301 1 0.733418 0.266582 
 ----> pctChg 302 1 0.681348 0.318652 
 ----> pctChg 303 0 0.763948 0.236052 
 ----> pctChg 304 0 0.791949 0.208051 
 ----> pctChg 305 1 0.697038 0.302962 
 ----> pctChg 306 0 0.718979 0.281021 
 ----> pctChg 307 1 0.623236 0.376764 
 ----> pctChg 308 0 0.766098 0.233902 
 ----> pctChg 309 0 0.811792 0.188208 
 ----> pctChg 310 0 0.763339 0.236661 
 ----> pctChg 311 0 0.751695 0.248305 
 ----> pctChg 312 1 0.734168 0.265832 
 ----> pctChg 313 0 0.667439 0.332561 
 ----> pctChg 314 0 0.791986 0.208014 
 ----> pctChg 315 0 0.674532 0.325468 
 ----> pctChg 316 1 0.748229 0.251771 
 ----> pctChg 317 0 0.753846 0.246154 
 ----> pctChg 318 0 0.768827 0.231173 
 ----> pctChg 319 0 0.751422 0.248578 
 ----> pctChg 320 0 0.762277 0.237723 
 ----> pctChg 321 0 0.771575 0.228425 
 ----> pctChg 322 1 0.703149 0.296851 
 ----> pctChg 323 0 0.757548 0.242452 
 ----> pctChg 324 1 0.773825 0.226175 
 ----> pctChg 325 0 0.723881 0.276119 
 ----> pctChg 326 0 0.720975 0.279025 
 ----> pctChg 327 1 0.800239 0.199761 
 ----> pctChg 328 0 0.745112 0.254888 
 ----> pctChg 329 1 0.549601 0.450399 
 ----> pctChg 330 1 0.749352 0.250648 
 ----> pctChg 331 0 0.7586 0.2414 
 ----> pctChg 332 1 0.752936 0.247064 
 ----> pctChg 333 0 0.742882 0.257118 
 ----> pctChg 334 0 0.7755 0.2245 
 ----> pctChg 335 0 0.768893 0.231107 
 ----> pctChg 336 1 0.719577 0.280423 
 ----> pctChg 337 0 0.781882 0.218118 
 ----> pctChg 338 1 0.70348 0.29652 
 ----> pctChg 339 0 0.732006 0.267994 
 ----> pctChg 340 1 0.731221 0.268779 
 ----> pctChg 341 0 0.768094 0.231906 
 ----> pctChg 342 1 0.757816 0.242184 
 ----> pctChg 343 0 0.764128 0.235872 
 ----> pctChg 344 0 0.740211 0.259789 
 ----> pctChg 345 0 0.799554 0.200446 
 ----> pctChg 346 1 0.683519 0.316481 
 ----> pctChg 347 0 0.700098 0.299902 
 ----> pctChg 348 0 0.744094 0.255906 
 ----> pctChg 349 0 0.8175 0.1825 
 ----> pctChg 350 0 0.753434 0.246566 
 ----> pctChg 351 0 0.805769 0.194231 
 ----> pctChg 352 0 0.682223 0.317777 
 ----> pctChg 353 1 0.69167 0.30833 
 ----> pctChg 354 1 0.625008 0.374992 
 ----> pctChg 355 0 0.751873 0.248127 
 ----> pctChg 356 0 0.804868 0.195132 
 ----> pctChg 357 1 0.684261 0.315739 
 ----> pctChg 358 0 0.72401 0.27599 
 ----> pctChg 359 1 0.662391 0.337609 
 ----> pctChg 360 1 0.71627 0.28373 
 ----> pctChg 361 0 0.812827 0.187173 
 ----> pctChg 362 0 0.749212 0.250788 
 ----> pctChg 363 0 0.752413 0.247587 
 ----> pctChg 364 1 0.759199 0.240801 
 ----> pctChg 365 0 0.763876 0.236124 
 ----> pctChg 366 0 0.746058 0.253942 
 ----> pctChg 367 0 0.758014 0.241986 
 ----> pctChg 368 0 0.797718 0.202282 
 ----> pctChg 369 0 0.758975 0.241025 
 ----> pctChg 370 0 0.740778 0.259222 
 ----> pctChg 371 0 0.77414 0.22586 
 ----> pctChg 372 0 0.819775 0.180225 
 ----> pctChg 373 0 0.760803 0.239197 
 ----> pctChg 374 1 0.738557 0.261443 
 ----> pctChg 375 0 0.786984 0.213016 
 ----> pctChg 376 0 0.706816 0.293184 
 ----> pctChg 377 1 0.717233 0.282767 
 ----> pctChg 378 0 0.74474 0.25526 
 ----> pctChg 379 0 0.759094 0.240906 
 ----> pctChg 380 0 0.731455 0.268545 
 ----> pctChg 381 0 0.768165 0.231835 
 ----> pctChg 382 0 0.80337 0.19663 
 ----> pctChg 383 1 0.694291 0.305709 
 ----> pctChg 384 0 0.723238 0.276762 
 ----> pctChg 385 1 0.723035 0.276965 
 ----> pctChg 386 0 0.753525 0.246475 
 ----> pctChg 387 1 0.734371 0.265629 
 ----> pctChg 388 1 0.750132 0.249868 
 ----> pctChg 389 0 0.775998 0.224002 
 ----> pctChg 390 0 0.785182 0.214818 
 ----> pctChg 391 0 0.714907 0.285093 
 ----> pctChg 392 0 0.715969 0.284031 
 ----> pctChg 393 1 0.682257 0.317743 
 ----> pctChg 394 0 0.744853 0.255147 
 ----> pctChg 395 0 0.742519 0.257481 
 ----> pctChg 396 0 0.783586 0.216414 
 ----> pctChg 397 0 0.81463 0.18537 
 ----> pctChg 398 0 0.738701 0.261299 
 ----> pctChg 399 1 0.669468 0.330532 
 ----> pctChg 400 1 0.715522 0.284478 
 ----> pctChg 401 0 0.774616 0.225384 
 ----> pctChg 402 1 0.691078 0.308922 
 ----> pctChg 403 0 0.748108 0.251892 
 ----> pctChg 404 0 0.729424 0.270576 
 ----> pctChg 405 0 0.726412 0.273588 
 ----> pctChg 406 1 0.738931 0.261069 
 ----> pctChg 407 0 0.744413 0.255587 
 ----> pctChg 408 0 0.761084 0.238916 
 ----> pctChg 409 0 0.804486 0.195514 
 ----> pctChg 410 0 0.705082 0.294918 
 ----> pctChg 411 0 0.717886 0.282114 
 ----> pctChg 412 1 0.722014 0.277986 
 ----> pctChg 413 1 0.711139 0.288861 
 ----> pctChg 414 0 0.803626 0.196374 
 ----> pctChg 415 0 0.739085 0.260915 
 ----> pctChg 416 0 0.792491 0.207509 
 ----> pctChg 417 1 0.710189 0.289811 
 ----> pctChg 418 0 0.769204 0.230796 
 ----> pctChg 419 0 0.811031 0.188969 
 ----> pctChg 420 0 0.771248 0.228752 
 ----> pctChg 421 0 0.723186 0.276814 
 ----> pctChg 422 0 0.778636 0.221364 
 ----> pctChg 423 0 0.802357 0.197643 
 ----> pctChg 424 0 0.788922 0.211078 
 ----> pctChg 425 0 0.756576 0.243424 
 ----> pctChg 426 0 0.798321 0.201679 
 ----> pctChg 427 0 0.726164 0.273836 
 ----> pctChg 428 0 0.784302 0.215698 
 ----> pctChg 429 0 0.763206 0.236794 
 ----> pctChg 430 0 0.824442 0.175558 
 ----> pctChg 431 1 0.749342 0.250658 
 ----> pctChg 432 0 0.733564 0.266436 
 ----> pctChg 433 0 0.774446 0.225554 
 ----> pctChg 434 0 0.730001 0.269999 
 ----> pctChg 435 1 0.739744 0.260256 
 ----> pctChg 436 0 0.774711 0.225289 
 ----> pctChg 437 0 0.754646 0.245354 
 ----> pctChg 438 0 0.742126 0.257874 
 ----> pctChg 439 1 0.73326 0.26674 
 ----> pctChg 440 0 0.786043 0.213957 
 ----> pctChg 441 0 0.735203 0.264797 
 ----> pctChg 442 1 0.761157 0.238843 
 ----> pctChg 443 0 0.75589 0.24411 
 ----> pctChg 444 0 0.742385 0.257615 
 ----> pctChg 445 0 0.736492 0.263508 
 ----> pctChg 446 0 0.76479 0.23521 
 ----> pctChg 447 0 0.744635 0.255365 
 ----> pctChg 448 0 0.770903 0.229097 
 ----> pctChg 449 0 0.798157 0.201843 
 ----> pctChg 450 1 0.711595 0.288405 
 ----> pctChg 451 1 0.70547 0.29453 
 ----> pctChg 452 0 0.667965 0.332035 
 ----> pctChg 453 0 0.736074 0.263926 
 ----> pctChg 454 0 0.830222 0.169778 
 ----> pctChg 455 0 0.83576 0.16424 
 ----> pctChg 456 0 0.763139 0.236861 
 ----> pctChg 457 0 0.76319 0.23681 
 ----> pctChg 458 0 0.761263 0.238737 
 ----> pctChg 459 0 0.798995 0.201005 
 ----> pctChg 460 0 0.683367 0.316633 
 ----> pctChg 461 0 0.688213 0.311787 
 ----> pctChg 462 0 0.758081 0.241919 
 ----> pctChg 463 1 0.713652 0.286348 
 ----> pctChg 464 0 0.765872 0.234128 
 ----> pctChg 465 1 0.763345 0.236655 
 ----> pctChg 466 0 0.757652 0.242348 
 ----> pctChg 467 1 0.750757 0.249243 
 ----> pctChg 468 0 0.793077 0.206923 
 ----> pctChg 469 0 0.698514 0.301486 
 ----> pctChg 470 0 0.723917 0.276083 
 ----> pctChg 471 1 0.658297 0.341703 
 ----> pctChg 472 0 0.727389 0.272611 
 ----> pctChg 473 0 0.822183 0.177817 
 ----> pctChg 474 0 0.819654 0.180346 
 ----> pctChg 475 0 0.785421 0.214579 
 ----> pctChg 476 0 0.766705 0.233295 
 ----> pctChg 477 1 0.750116 0.249884 
 ----> pctChg 478 0 0.802286 0.197714 
 ----> pctChg 479 0 0.715474 0.284526 
 ----> pctChg 480 0 0.709572 0.290428 
 ----> pctChg 481 0 0.747566 0.252434 
 ----> pctChg 482 0 0.715193 0.284807 
 ----> pctChg 483 0 0.760522 0.239478 
 ----> pctChg 484 0 0.762988 0.237012 
 ----> pctChg 485 1 0.534034 0.465966 
 ----> pctChg 486 0 0.818626 0.181374 
 ----> pctChg 487 0 0.820085 0.179915 
 ----> pctChg 488 0 0.766279 0.233721 
 ----> pctChg 489 0 0.738417 0.261583 
 ----> pctChg 490 0 0.745671 0.254329 
 ----> pctChg 491 1 0.750138 0.249862 
 ----> pctChg 492 0 0.703578 0.296422 
 ----> pctChg 493 1 0.681476 0.318524 
 ----> pctChg 494 0 0.743541 0.256459 
 ----> pctChg 495 0 0.704581 0.295419 
 ----> pctChg 496 0 0.763212 0.236788 
 ----> pctChg 497 0 0.818722 0.181278 
 ----> pctChg 498 1 0.771877 0.228123 
 ----> pctChg 499 0 0.744978 0.255022 
 ----> pctChg 500 1 0.754038 0.245962 
 ----> pctChg 501 0 0.769942 0.230058 
 ----> pctChg 502 1 0.729709 0.270291 
 ----> pctChg 503 1 0.758491 0.241509 
 ----> pctChg 504 0 0.788101 0.211899 
 ----> pctChg 505 0 0.756521 0.243479 
 ----> pctChg 506 0 0.72347 0.27653 
 ----> pctChg 507 1 0.77976 0.22024 
 ----> pctChg 508 0 0.6942 0.3058 
 ----> pctChg 509 1 0.732839 0.267161 
 ----> pctChg 510 0 0.751171 0.248829 
 ----> pctChg 511 0 0.778653 0.221347 
 ----> pctChg 512 1 0.749035 0.250965 
 ----> pctChg 513 0 0.729234 0.270766 
 ----> pctChg 514 1 0.758493 0.241507 
 ----> pctChg 515 0 0.795042 0.204958 
 ----> pctChg 516 0 0.758557 0.241443 
 ----> pctChg 517 1 0.74952 0.25048 
 ----> pctChg 518 0 0.792057 0.207943 
 ----> pctChg 519 0 0.754039 0.245961 
 ----> pctChg 520 0 0.739275 0.260725 
 ----> pctChg 521 0 0.804 0.196 
 ----> pctChg 522 0 0.744138 0.255862 
 ----> pctChg 523 1 0.726223 0.273777 
 ----> pctChg 524 0 0.770778 0.229222 
 ----> pctChg 525 1 0.722177 0.277823 
 ----> pctChg 526 1 0.709911 0.290089 
 ----> pctChg 527 1 0.740154 0.259846 
 ----> pctChg 528 0 0.73773 0.26227 
 ----> pctChg 529 1 0.752225 0.247775 
 ----> pctChg 530 0 0.739509 0.260491 
 ----> pctChg 531 0 0.75527 0.24473 
 ----> pctChg 532 0 0.805584 0.194416 
 ----> pctChg 533 1 0.661724 0.338276 
 ----> pctChg 534 1 0.715894 0.284106 
 ----> pctChg 535 0 0.746456 0.253544 
 ----> pctChg 536 0 0.83209 0.16791 
 ----> pctChg 537 0 0.758112 0.241888 
 ----> pctChg 538 0 0.800572 0.199428 
 ----> pctChg 539 0 0.692219 0.307781 
 ----> pctChg 540 0 0.739361 0.260639 
 ----> pctChg 541 0 0.72439 0.27561 
 ----> pctChg 542 0 0.706309 0.293691 
 ----> pctChg 543 0 0.717471 0.282529 
 ----> pctChg 544 0 0.817991 0.182009 
 ----> pctChg 545 0 0.770103 0.229897 
 ----> pctChg 546 0 0.76843 0.23157 
 ----> pctChg 547 0 0.791919 0.208081 
 ----> pctChg 548 1 0.749363 0.250637 
 ----> pctChg 549 0 0.774877 0.225123 
 ----> pctChg 550 0 0.757507 0.242493 
 ----> pctChg 551 0 0.736267 0.263733 
 ----> pctChg 552 1 0.747933 0.252067 
 ----> pctChg 553 1 0.80414 0.19586 
 ----> pctChg 554 0 0.696453 0.303547 
 ----> pctChg 555 1 0.716614 0.283386 
 ----> pctChg 556 0 0.749116 0.250884 
 ----> pctChg 557 1 0.719652 0.280348 
 ----> pctChg 558 0 0.809082 0.190918 
 ----> pctChg 559 0 0.67327 0.32673 
 ----> pctChg 560 0 0.812838 0.187162 
 ----> pctChg 561 0 0.812228 0.187772 
 ----> pctChg 562 0 0.762079 0.237921 
 ----> pctChg 563 0 0.754494 0.245506 
 ----> pctChg 564 0 0.748376 0.251624 
 ----> pctChg 565 0 0.779401 0.220599 
 ----> pctChg 566 0 0.738015 0.261985 
 ----> pctChg 567 0 0.734599 0.265401 
 ----> pctChg 568 0 0.818982 0.181018 
 ----> pctChg 569 0 0.772423 0.227577 
 ----> pctChg 570 0 0.726504 0.273496 
 ----> pctChg 571 0 0.786482 0.213518 
 ----> pctChg 572 0 0.836339 0.163661 
 ----> pctChg 573 1 0.714432 0.285568 
 ----> pctChg 574 0 0.760545 0.239455 
 ----> pctChg 575 0 0.785409 0.214591 
 ----> pctChg 576 0 0.739207 0.260793 
 ----> pctChg 577 0 0.736064 0.263936 
 ----> pctChg 578 0 0.710548 0.289452 
 ----> pctChg 579 0 0.713222 0.286778 
 ----> pctChg 580 0 0.683445 0.316555 
 ----> pctChg 581 0 0.734974 0.265026 
 ----> pctChg 582 1 0.750361 0.249639 
 ----> pctChg 583 0 0.726906 0.273094 
 ----> pctChg 584 0 0.747315 0.252685 
 ----> pctChg 585 0 0.736844 0.263156 
 ----> pctChg 586 0 0.801057 0.198943 
 ----> pctChg 587 0 0.679589 0.320411 
 ----> pctChg 588 0 0.723646 0.276354 
 ----> pctChg 589 1 0.720303 0.279697 
 ----> pctChg 590 0 0.771983 0.228017 
 ----> pctChg 591 0 0.756879 0.243121 
 ----> pctChg 592 0 0.776808 0.223192 
 ----> pctChg 593 0 0.786239 0.213761 
 ----> pctChg 594 1 0.701202 0.298798 
 ----> pctChg 595 1 0.725231 0.274769 
 ----> pctChg 596 0 0.729787 0.270213 
 ----> pctChg 597 0 0.716442 0.283558 
 ----> pctChg 598 0 0.827677 0.172323 
 ----> pctChg 599 1 0.674191 0.325809 
 ----> pctChg 600 0 0.826834 0.173166 
 ----> pctChg 601 0 0.825123 0.174877 
 ----> pctChg 602 1 0.725606 0.274394 
 ----> pctChg 603 0 0.744858 0.255142 
 ----> pctChg 604 0 0.75984 0.24016 
 ----> pctChg 605 0 0.754456 0.245544 
 ----> pctChg 606 0 0.758365 0.241635 
 ----> pctChg 607 0 0.758411 0.241589 
 ----> pctChg 608 0 0.777049 0.222951 
 ----> pctChg 609 0 0.741656 0.258344 
 ----> pctChg 610 0 0.753413 0.246587 
 ----> pctChg 611 1 0.756364 0.243636 
 ----> pctChg 612 0 0.742394 0.257606 
 ----> pctChg 613 1 0.741362 0.258638 
 ----> pctChg 614 0 0.80871 0.19129 
 ----> pctChg 615 1 0.673142 0.326858 
 ----> pctChg 616 0 0.732232 0.267768 
 ----> pctChg 617 0 0.724619 0.275381 
 ----> pctChg 618 0 0.823775 0.176225 
 ----> pctChg 619 1 0.740293 0.259707 
 ----> pctChg 620 0 0.744792 0.255208 
 ----> pctChg 621 0 0.788681 0.211319 
 ----> pctChg 622 1 0.701221 0.298779 
 ----> pctChg 623 1 0.6966 0.3034 
 ----> pctChg 624 0 0.676296 0.323704 
 ----> pctChg 625 0 0.755871 0.244129 
 ----> pctChg 626 0 0.819367 0.180633 
 ----> pctChg 627 0 0.726158 0.273842 
 ----> pctChg 628 0 0.840553 0.159447 
 ----> pctChg 629 0 0.817714 0.182286 
 ----> pctChg 630 0 0.758363 0.241637 
 ----> pctChg 631 0 0.757797 0.242203 
 ----> pctChg 632 0 0.820882 0.179118 
 ----> pctChg 633 0 0.710941 0.289059 
 ----> pctChg 634 0 0.714331 0.285669 
 ----> pctChg 635 0 0.750279 0.249721 
 ----> pctChg 636 0 0.766222 0.233778 
 ----> pctChg 637 0 0.748711 0.251289 
 ----> pctChg 638 0 0.734308 0.265692 
 ----> pctChg 639 0 0.798826 0.201174 
 ----> pctChg 640 0 0.69887 0.30113 
 ----> pctChg 641 0 0.717759 0.282241 
 ----> pctChg 642 1 0.678386 0.321614 
 ----> pctChg 643 0 0.732681 0.267319 
 ----> pctChg 644 0 0.838424 0.161576 
 ----> pctChg 645 1 0.728501 0.271499 
 ----> pctChg 646 0 0.822107 0.177893 
 ----> pctChg 647 0 0.7597 0.2403 
 ----> pctChg 648 0 0.71116 0.28884 
 ----> pctChg 649 1 0.692861 0.307139 
 ----> pctChg 650 0 0.713337 0.286663 
 ----> pctChg 651 1 0.711568 0.288432 
 ----> pctChg 652 0 0.744823 0.255177 
 ----> pctChg 653 0 0.742186 0.257814 
 ----> pctChg 654 0 0.804047 0.195953 
 ----> pctChg 655 0 0.727537 0.272463 
 ----> pctChg 656 0 0.757459 0.242541 
 ----> pctChg 657 0 0.778543 0.221457 
 ----> pctChg 658 0 0.825031 0.174969 
 ----> pctChg 659 0 0.672285 0.327715 
 ----> pctChg 660 0 0.761668 0.238332 
 ----> pctChg 661 0 0.774813 0.225187 
 ----> pctChg 662 1 0.741266 0.258734 
 ----> pctChg 663 0 0.747251 0.252749 
 ----> pctChg 664 1 0.74495 0.25505 
 ----> pctChg 665 0 0.711878 0.288122 
 ----> pctChg 666 0 0.751231 0.248769 
 ----> pctChg 667 0 0.743004 0.256996 
 ----> pctChg 668 0 0.738831 0.261169 
 ----> pctChg 669 0 0.756942 0.243058 
 ----> pctChg 670 0 0.789773 0.210227 
 ----> pctChg 671 0 0.693856 0.306144 
 ----> pctChg 672 0 0.722576 0.277424 
 ----> pctChg 673 1 0.738895 0.261105 
 ----> pctChg 674 0 0.711081 0.288919 
 ----> pctChg 675 1 0.73779 0.26221 
 ----> pctChg 676 0 0.777093 0.222907 
 ----> pctChg 677 0 0.782406 0.217594 
 ----> pctChg 678 0 0.75279 0.24721 
 ----> pctChg 679 0 0.757682 0.242318 
 ----> pctChg 680 0 0.756992 0.243008 
 ----> pctChg 681 0 0.77178 0.22822 
 ----> pctChg 682 0 0.730019 0.269981 
 ----> pctChg 683 1 0.762058 0.237942 
 ----> pctChg 684 0 0.805678 0.194322 
 ----> pctChg 685 1 0.689854 0.310146 
 ----> pctChg 686 1 0.710351 0.289649 
 ----> pctChg 687 0 0.635479 0.364521 
 ----> pctChg 688 1 0.728458 0.271542 
 ----> pctChg 689 0 0.813843 0.186157 
 ----> pctChg 690 1 0.744014 0.255986 
 ----> pctChg 691 0 0.763609 0.236391 
 ----> pctChg 692 0 0.751452 0.248548 
 ----> pctChg 693 1 0.754833 0.245167 
 ----> pctChg 694 0 0.798822 0.201178 
 ----> pctChg 695 1 0.687264 0.312736 
 ----> pctChg 696 0 0.72374 0.27626 
 ----> pctChg 697 1 0.641313 0.358687 
 ----> pctChg 698 0 0.772639 0.227361 
 ----> pctChg 699 0 0.819707 0.180293 
 ----> pctChg 700 0 0.7365 0.2635 
 ----> pctChg 701 0 0.832821 0.167179 
 ----> pctChg 702 0 0.749606 0.250394 
 ----> pctChg 703 0 0.739529 0.260471 
 ----> pctChg 704 0 0.779173 0.220827 
 ----> pctChg 705 0 0.753906 0.246094 
 ----> pctChg 706 0 0.745766 0.254234 
 ----> pctChg 707 0 0.752907 0.247093 
 ----> pctChg 708 1 0.7596 0.2404 
 ----> pctChg 709 1 0.733935 0.266065 
 ----> pctChg 710 0 0.749467 0.250533 
 ----> pctChg 711 0 0.787952 0.212048 
 ----> pctChg 712 1 0.655908 0.344092 
 ----> pctChg 713 0 0.721401 0.278599 
 ----> pctChg 714 1 0.649797 0.350203 
 ----> pctChg 715 0 0.761806 0.238194 
 ----> pctChg 716 0 0.813029 0.186971 
 ----> pctChg 717 0 0.747937 0.252063 
 ----> pctChg 718 1 0.750591 0.249409 
