 ----> pctChg 1 0 0.68438 0.31562 
 ----> pctChg 2 0 0.817242 0.182758 
 ----> pctChg 3 0 0.646085 0.353915 
 ----> pctChg 4 0 0.802148 0.197852 
 ----> pctChg 5 1 0.630484 0.369516 
 ----> pctChg 6 1 0.755202 0.244798 
 ----> pctChg 7 0 0.808087 0.191913 
 ----> pctChg 8 0 0.683047 0.316953 
 ----> pctChg 9 0 0.780408 0.219592 
 ----> pctChg 10 0 0.785603 0.214397 
 ----> pctChg 11 1 0.781098 0.218902 
 ----> pctChg 12 0 0.751785 0.248215 
 ----> pctChg 13 0 0.721923 0.278077 
 ----> pctChg 14 1 0.698698 0.301302 
 ----> pctChg 15 0 0.798104 0.201896 
 ----> pctChg 16 1 0.704302 0.295698 
 ----> pctChg 17 0 0.78447 0.21553 
 ----> pctChg 18 0 0.765296 0.234704 
 ----> pctChg 19 0 0.77221 0.22779 
 ----> pctChg 20 0 0.73202 0.26798 
 ----> pctChg 21 1 0.724119 0.275881 
 ----> pctChg 22 0 0.740693 0.259307 
 ----> pctChg 23 0 0.767284 0.232716 
 ----> pctChg 24 0 0.746847 0.253153 
 ----> pctChg 25 0 0.73644 0.26356 
 ----> pctChg 26 0 0.791809 0.208191 
 ----> pctChg 27 1 0.740142 0.259858 
 ----> pctChg 28 0 0.792467 0.207533 
 ----> pctChg 29 0 0.792042 0.207958 
 ----> pctChg 30 1 0.741868 0.258132 
 ----> pctChg 31 0 0.771188 0.228812 
 ----> pctChg 32 0 0.736868 0.263132 
 ----> pctChg 33 0 0.724571 0.275429 
 ----> pctChg 34 0 0.811453 0.188547 
 ----> pctChg 35 1 0.652118 0.347882 
 ----> pctChg 36 0 0.787938 0.212062 
 ----> pctChg 37 0 0.755079 0.244921 
 ----> pctChg 38 1 0.705607 0.294393 
 ----> pctChg 39 1 0.746127 0.253873 
 ----> pctChg 40 0 0.783641 0.216359 
 ----> pctChg 41 0 0.768026 0.231974 
 ----> pctChg 42 0 0.75557 0.24443 
 ----> pctChg 43 0 0.802086 0.197914 
 ----> pctChg 44 0 0.753603 0.246397 
 ----> pctChg 45 0 0.743708 0.256292 
 ----> pctChg 46 0 0.740689 0.259311 
 ----> pctChg 47 0 0.774977 0.225023 
 ----> pctChg 48 0 0.735895 0.264105 
 ----> pctChg 49 1 0.757122 0.242878 
 ----> pctChg 50 1 0.742994 0.257006 
 ----> pctChg 51 0 0.785286 0.214714 
 ----> pctChg 52 0 0.719244 0.280756 
 ----> pctChg 53 0 0.726741 0.273259 
 ----> pctChg 54 1 0.75654 0.24346 
 ----> pctChg 55 1 0.717569 0.282431 
 ----> pctChg 56 0 0.771411 0.228589 
 ----> pctChg 57 1 0.709544 0.290456 
 ----> pctChg 58 0 0.776385 0.223615 
 ----> pctChg 59 0 0.713358 0.286642 
 ----> pctChg 60 0 0.776301 0.223699 
 ----> pctChg 61 0 0.781003 0.218997 
 ----> pctChg 62 0 0.767263 0.232737 
 ----> pctChg 63 0 0.751022 0.248978 
 ----> pctChg 64 1 0.583528 0.416472 
 ----> pctChg 65 0 0.769983 0.230017 
 ----> pctChg 66 1 0.717709 0.282291 
 ----> pctChg 67 0 0.789742 0.210258 
 ----> pctChg 68 0 0.653038 0.346962 
 ----> pctChg 69 0 0.795165 0.204835 
 ----> pctChg 70 0 0.757967 0.242033 
 ----> pctChg 71 0 0.797115 0.202885 
 ----> pctChg 72 0 0.755205 0.244795 
 ----> pctChg 73 0 0.803551 0.196449 
 ----> pctChg 74 0 0.755418 0.244582 
 ----> pctChg 75 1 0.769984 0.230016 
 ----> pctChg 76 0 0.735037 0.264963 
 ----> pctChg 77 0 0.772817 0.227183 
 ----> pctChg 78 0 0.725515 0.274485 
 ----> pctChg 79 0 0.765304 0.234696 
 ----> pctChg 80 0 0.724019 0.275981 
 ----> pctChg 81 1 0.722084 0.277916 
 ----> pctChg 82 0 0.752825 0.247175 
 ----> pctChg 83 0 0.766251 0.233749 
 ----> pctChg 84 0 0.723648 0.276352 
 ----> pctChg 85 0 0.769599 0.230401 
 ----> pctChg 86 1 0.686281 0.313719 
 ----> pctChg 87 0 0.791114 0.208886 
 ----> pctChg 88 1 0.650575 0.349425 
 ----> pctChg 89 0 0.782108 0.217892 
 ----> pctChg 90 1 0.728696 0.271304 
 ----> pctChg 91 1 0.752118 0.247882 
 ----> pctChg 92 0 0.718689 0.281311 
 ----> pctChg 93 1 0.763279 0.236721 
 ----> pctChg 94 0 0.751841 0.248159 
 ----> pctChg 95 0 0.769289 0.230711 
 ----> pctChg 96 1 0.671524 0.328476 
 ----> pctChg 97 0 0.789896 0.210104 
 ----> pctChg 98 1 0.709309 0.290691 
 ----> pctChg 99 0 0.786973 0.213027 
 ----> pctChg 100 0 0.749812 0.250188 
 ----> pctChg 101 0 0.732842 0.267158 
 ----> pctChg 102 0 0.780569 0.219431 
 ----> pctChg 103 1 0.733533 0.266467 
 ----> pctChg 104 0 0.779723 0.220277 
 ----> pctChg 105 0 0.738857 0.261143 
 ----> pctChg 106 0 0.749521 0.250479 
 ----> pctChg 107 0 0.761365 0.238635 
 ----> pctChg 108 0 0.751645 0.248355 
 ----> pctChg 109 0 0.807577 0.192423 
 ----> pctChg 110 0 0.72422 0.27578 
 ----> pctChg 111 0 0.798121 0.201879 
 ----> pctChg 112 0 0.766309 0.233691 
 ----> pctChg 113 0 0.718443 0.281557 
 ----> pctChg 114 0 0.754984 0.245016 
 ----> pctChg 115 0 0.789547 0.210453 
 ----> pctChg 116 1 0.719823 0.280177 
 ----> pctChg 117 0 0.834998 0.165002 
 ----> pctChg 118 0 0.790134 0.209866 
 ----> pctChg 119 0 0.817634 0.182366 
 ----> pctChg 120 0 0.714875 0.285125 
 ----> pctChg 121 1 0.71597 0.28403 
 ----> pctChg 122 0 0.751196 0.248804 
 ----> pctChg 123 0 0.740782 0.259218 
 ----> pctChg 124 0 0.769286 0.230714 
 ----> pctChg 125 1 0.737336 0.262664 
 ----> pctChg 126 0 0.756856 0.243144 
 ----> pctChg 127 1 0.704192 0.295808 
 ----> pctChg 128 0 0.729231 0.270769 
 ----> pctChg 129 0 0.784368 0.215632 
 ----> pctChg 130 0 0.727681 0.272319 
 ----> pctChg 131 0 0.710542 0.289458 
 ----> pctChg 132 0 0.723579 0.276421 
 ----> pctChg 133 0 0.785004 0.214996 
 ----> pctChg 134 0 0.736907 0.263093 
 ----> pctChg 135 1 0.724361 0.275639 
 ----> pctChg 136 0 0.759465 0.240535 
 ----> pctChg 137 1 0.746423 0.253577 
 ----> pctChg 138 0 0.751023 0.248977 
 ----> pctChg 139 1 0.76708 0.23292 
 ----> pctChg 140 0 0.759374 0.240626 
 ----> pctChg 141 0 0.766836 0.233164 
 ----> pctChg 142 1 0.616599 0.383401 
 ----> pctChg 143 0 0.723567 0.276433 
 ----> pctChg 144 0 0.760871 0.239129 
 ----> pctChg 145 0 0.766413 0.233587 
 ----> pctChg 146 1 0.674851 0.325149 
 ----> pctChg 147 1 0.742418 0.257582 
 ----> pctChg 148 0 0.778269 0.221731 
 ----> pctChg 149 0 0.743812 0.256188 
 ----> pctChg 150 1 0.744433 0.255567 
 ----> pctChg 151 0 0.755724 0.244276 
 ----> pctChg 152 0 0.772403 0.227597 
 ----> pctChg 153 1 0.696 0.304 
 ----> pctChg 154 0 0.719078 0.280922 
 ----> pctChg 155 0 0.765577 0.234423 
 ----> pctChg 156 1 0.711766 0.288234 
 ----> pctChg 157 1 0.733906 0.266094 
 ----> pctChg 158 0 0.754516 0.245484 
 ----> pctChg 159 0 0.763594 0.236406 
 ----> pctChg 160 0 0.763414 0.236586 
 ----> pctChg 161 0 0.770343 0.229657 
 ----> pctChg 162 0 0.728591 0.271409 
 ----> pctChg 163 0 0.784149 0.215851 
 ----> pctChg 164 1 0.750179 0.249821 
 ----> pctChg 165 1 0.704232 0.295768 
 ----> pctChg 166 0 0.796556 0.203444 
 ----> pctChg 167 0 0.729874 0.270126 
 ----> pctChg 168 0 0.754572 0.245428 
 ----> pctChg 169 1 0.71495 0.28505 
 ----> pctChg 170 0 0.775632 0.224368 
 ----> pctChg 171 0 0.79102 0.20898 
 ----> pctChg 172 0 0.76183 0.23817 
 ----> pctChg 173 0 0.739891 0.260109 
 ----> pctChg 174 0 0.735667 0.264333 
 ----> pctChg 175 1 0.68305 0.31695 
 ----> pctChg 176 0 0.766752 0.233248 
 ----> pctChg 177 1 0.69735 0.30265 
 ----> pctChg 178 0 0.766927 0.233073 
 ----> pctChg 179 0 0.734007 0.265993 
 ----> pctChg 180 0 0.768391 0.231609 
 ----> pctChg 181 0 0.760188 0.239812 
 ----> pctChg 182 1 0.742584 0.257416 
 ----> pctChg 183 0 0.810673 0.189327 
 ----> pctChg 184 1 0.682357 0.317643 
 ----> pctChg 185 0 0.789829 0.210171 
 ----> pctChg 186 0 0.78341 0.21659 
 ----> pctChg 187 0 0.723389 0.276611 
 ----> pctChg 188 1 0.755619 0.244381 
 ----> pctChg 189 1 0.759366 0.240634 
 ----> pctChg 190 0 0.772601 0.227399 
 ----> pctChg 191 0 0.775375 0.224625 
 ----> pctChg 192 1 0.713767 0.286233 
 ----> pctChg 193 0 0.813263 0.186737 
 ----> pctChg 194 0 0.732423 0.267577 
 ----> pctChg 195 0 0.717965 0.282035 
 ----> pctChg 196 0 0.822529 0.177471 
 ----> pctChg 197 0 0.791629 0.208371 
 ----> pctChg 198 0 0.731298 0.268702 
 ----> pctChg 199 0 0.768388 0.231612 
 ----> pctChg 200 0 0.785574 0.214426 
 ----> pctChg 201 1 0.658118 0.341882 
 ----> pctChg 202 1 0.762025 0.237975 
 ----> pctChg 203 0 0.758458 0.241542 
 ----> pctChg 204 1 0.678867 0.321133 
 ----> pctChg 205 0 0.795771 0.204229 
 ----> pctChg 206 0 0.788938 0.211062 
 ----> pctChg 207 1 0.778436 0.221564 
 ----> pctChg 208 0 0.764729 0.235271 
 ----> pctChg 209 1 0.745483 0.254517 
 ----> pctChg 210 0 0.781693 0.218307 
 ----> pctChg 211 0 0.775975 0.224025 
 ----> pctChg 212 1 0.635719 0.364281 
 ----> pctChg 213 0 0.841782 0.158218 
 ----> pctChg 214 0 0.771725 0.228275 
 ----> pctChg 215 0 0.804124 0.195876 
 ----> pctChg 216 0 0.795327 0.204673 
 ----> pctChg 217 0 0.772005 0.227995 
 ----> pctChg 218 0 0.72599 0.27401 
 ----> pctChg 219 0 0.755329 0.244671 
 ----> pctChg 220 0 0.732654 0.267346 
 ----> pctChg 221 0 0.777339 0.222661 
 ----> pctChg 222 0 0.793979 0.206021 
 ----> pctChg 223 0 0.744728 0.255272 
 ----> pctChg 224 0 0.7197 0.2803 
 ----> pctChg 225 0 0.77295 0.22705 
 ----> pctChg 226 0 0.750741 0.249259 
 ----> pctChg 227 0 0.743316 0.256684 
 ----> pctChg 228 0 0.762818 0.237182 
 ----> pctChg 229 0 0.739826 0.260174 
 ----> pctChg 230 1 0.757461 0.242539 
 ----> pctChg 231 0 0.797584 0.202416 
 ----> pctChg 232 1 0.680328 0.319672 
 ----> pctChg 233 0 0.782721 0.217279 
 ----> pctChg 234 1 0.557996 0.442004 
 ----> pctChg 235 0 0.792496 0.207504 
 ----> pctChg 236 0 0.738256 0.261744 
 ----> pctChg 237 0 0.768968 0.231032 
 ----> pctChg 238 0 0.758093 0.241907 
 ----> pctChg 239 1 0.732284 0.267716 
 ----> pctChg 240 0 0.758885 0.241115 
 ----> pctChg 241 0 0.810888 0.189112 
 ----> pctChg 242 0 0.707153 0.292847 
 ----> pctChg 243 0 0.771657 0.228343 
 ----> pctChg 244 0 0.746499 0.253501 
 ----> pctChg 245 0 0.764491 0.235509 
 ----> pctChg 246 0 0.766458 0.233542 
 ----> pctChg 247 1 0.752036 0.247964 
 ----> pctChg 248 0 0.721799 0.278201 
 ----> pctChg 249 0 0.763544 0.236456 
 ----> pctChg 250 0 0.743205 0.256795 
 ----> pctChg 251 0 0.805329 0.194671 
 ----> pctChg 252 0 0.7929 0.2071 
 ----> pctChg 253 0 0.763623 0.236377 
 ----> pctChg 254 0 0.759759 0.240241 
 ----> pctChg 255 1 0.756227 0.243773 
 ----> pctChg 256 0 0.766713 0.233287 
 ----> pctChg 257 0 0.738679 0.261321 
 ----> pctChg 258 1 0.724136 0.275864 
 ----> pctChg 259 0 0.754315 0.245685 
 ----> pctChg 260 0 0.727896 0.272104 
 ----> pctChg 261 1 0.776441 0.223559 
 ----> pctChg 262 0 0.771399 0.228601 
 ----> pctChg 263 0 0.769851 0.230149 
 ----> pctChg 264 0 0.775772 0.224228 
 ----> pctChg 265 0 0.742579 0.257421 
 ----> pctChg 266 0 0.794259 0.205741 
 ----> pctChg 267 1 0.727072 0.272928 
 ----> pctChg 268 0 0.727286 0.272714 
 ----> pctChg 269 0 0.742888 0.257112 
 ----> pctChg 270 0 0.758745 0.241255 
 ----> pctChg 271 0 0.770637 0.229363 
 ----> pctChg 272 0 0.737782 0.262218 
 ----> pctChg 273 1 0.711764 0.288236 
 ----> pctChg 274 0 0.754162 0.245838 
 ----> pctChg 275 1 0.701704 0.298296 
 ----> pctChg 276 0 0.769717 0.230283 
 ----> pctChg 277 1 0.718557 0.281443 
 ----> pctChg 278 0 0.820658 0.179342 
 ----> pctChg 279 0 0.678512 0.321488 
 ----> pctChg 280 0 0.790928 0.209072 
 ----> pctChg 281 0 0.767879 0.232121 
 ----> pctChg 282 0 0.754145 0.245855 
 ----> pctChg 283 0 0.749714 0.250286 
 ----> pctChg 284 0 0.832528 0.167472 
 ----> pctChg 285 0 0.759087 0.240913 
 ----> pctChg 286 0 0.747132 0.252868 
 ----> pctChg 287 0 0.758315 0.241685 
 ----> pctChg 288 1 0.754419 0.245581 
 ----> pctChg 289 0 0.748763 0.251237 
 ----> pctChg 290 1 0.735714 0.264286 
 ----> pctChg 291 0 0.777877 0.222123 
 ----> pctChg 292 0 0.743489 0.256511 
 ----> pctChg 293 0 0.742183 0.257817 
 ----> pctChg 294 1 0.737403 0.262597 
 ----> pctChg 295 0 0.786853 0.213147 
 ----> pctChg 296 1 0.74928 0.25072 
 ----> pctChg 297 0 0.754822 0.245178 
 ----> pctChg 298 0 0.726073 0.273927 
 ----> pctChg 299 0 0.774034 0.225966 
 ----> pctChg 300 0 0.752407 0.247593 
 ----> pctChg 301 1 0.755148 0.244852 
 ----> pctChg 302 1 0.734087 0.265913 
 ----> pctChg 303 0 0.783067 0.216933 
 ----> pctChg 304 0 0.766242 0.233758 
 ----> pctChg 305 1 0.728821 0.271179 
 ----> pctChg 306 0 0.724012 0.275988 
 ----> pctChg 307 1 0.689943 0.310057 
 ----> pctChg 308 0 0.815624 0.184376 
 ----> pctChg 309 0 0.822261 0.177739 
 ----> pctChg 310 0 0.743614 0.256386 
 ----> pctChg 311 0 0.723253 0.276747 
 ----> pctChg 312 1 0.717577 0.282423 
 ----> pctChg 313 0 0.774884 0.225116 
 ----> pctChg 314 0 0.700755 0.299245 
 ----> pctChg 315 0 0.788097 0.211903 
 ----> pctChg 316 1 0.738854 0.261146 
 ----> pctChg 317 0 0.764232 0.235768 
 ----> pctChg 318 0 0.706669 0.293331 
 ----> pctChg 319 0 0.775472 0.224528 
 ----> pctChg 320 0 0.778709 0.221291 
 ----> pctChg 321 0 0.755079 0.244921 
 ----> pctChg 322 1 0.696594 0.303406 
 ----> pctChg 323 0 0.778372 0.221628 
 ----> pctChg 324 1 0.728086 0.271914 
 ----> pctChg 325 0 0.75639 0.24361 
 ----> pctChg 326 0 0.755921 0.244079 
 ----> pctChg 327 1 0.711329 0.288671 
 ----> pctChg 328 0 0.812055 0.187945 
 ----> pctChg 329 1 0.690345 0.309655 
 ----> pctChg 330 1 0.737955 0.262045 
 ----> pctChg 331 0 0.812031 0.187969 
 ----> pctChg 332 1 0.707862 0.292138 
 ----> pctChg 333 0 0.788215 0.211785 
 ----> pctChg 334 0 0.790673 0.209327 
 ----> pctChg 335 0 0.772741 0.227259 
 ----> pctChg 336 1 0.746854 0.253146 
 ----> pctChg 337 0 0.757677 0.242323 
 ----> pctChg 338 1 0.731452 0.268548 
 ----> pctChg 339 0 0.782446 0.217554 
 ----> pctChg 340 1 0.718927 0.281073 
 ----> pctChg 341 0 0.772108 0.227892 
 ----> pctChg 342 1 0.737976 0.262024 
 ----> pctChg 343 0 0.737212 0.262788 
 ----> pctChg 344 0 0.756909 0.243091 
 ----> pctChg 345 0 0.754923 0.245077 
 ----> pctChg 346 1 0.757051 0.242949 
 ----> pctChg 347 0 0.816285 0.183715 
 ----> pctChg 348 0 0.701511 0.298489 
 ----> pctChg 349 0 0.782228 0.217772 
 ----> pctChg 350 0 0.755928 0.244072 
 ----> pctChg 351 0 0.732463 0.267537 
 ----> pctChg 352 0 0.773496 0.226504 
 ----> pctChg 353 1 0.743259 0.256741 
 ----> pctChg 354 1 0.73317 0.26683 
 ----> pctChg 355 0 0.735699 0.264301 
 ----> pctChg 356 0 0.728113 0.271887 
 ----> pctChg 357 1 0.711033 0.288967 
 ----> pctChg 358 0 0.745424 0.254576 
 ----> pctChg 359 1 0.737798 0.262202 
 ----> pctChg 360 1 0.723975 0.276025 
 ----> pctChg 361 0 0.736891 0.263109 
 ----> pctChg 362 0 0.741925 0.258075 
 ----> pctChg 363 0 0.739379 0.260621 
 ----> pctChg 364 1 0.689365 0.310635 
 ----> pctChg 365 0 0.72692 0.27308 
 ----> pctChg 366 0 0.745325 0.254675 
 ----> pctChg 367 0 0.788119 0.211881 
 ----> pctChg 368 0 0.760036 0.239964 
 ----> pctChg 369 0 0.760311 0.239689 
 ----> pctChg 370 0 0.74351 0.25649 
 ----> pctChg 371 0 0.831619 0.168381 
 ----> pctChg 372 0 0.7362 0.2638 
 ----> pctChg 373 0 0.752276 0.247724 
 ----> pctChg 374 1 0.695528 0.304472 
 ----> pctChg 375 0 0.751093 0.248907 
 ----> pctChg 376 0 0.777028 0.222972 
 ----> pctChg 377 1 0.708551 0.291449 
 ----> pctChg 378 0 0.774961 0.225039 
 ----> pctChg 379 0 0.740991 0.259009 
 ----> pctChg 380 0 0.776545 0.223455 
 ----> pctChg 381 0 0.775025 0.224975 
 ----> pctChg 382 0 0.758126 0.241874 
 ----> pctChg 383 1 0.748218 0.251782 
 ----> pctChg 384 0 0.794881 0.205119 
 ----> pctChg 385 1 0.688106 0.311894 
 ----> pctChg 386 0 0.784803 0.215197 
 ----> pctChg 387 1 0.675391 0.324609 
 ----> pctChg 388 1 0.726317 0.273683 
 ----> pctChg 389 0 0.761889 0.238111 
 ----> pctChg 390 0 0.74851 0.25149 
 ----> pctChg 391 0 0.76438 0.23562 
 ----> pctChg 392 0 0.729802 0.270198 
 ----> pctChg 393 1 0.771138 0.228862 
 ----> pctChg 394 0 0.743496 0.256504 
 ----> pctChg 395 0 0.80292 0.19708 
 ----> pctChg 396 0 0.70129 0.29871 
 ----> pctChg 397 0 0.830785 0.169215 
 ----> pctChg 398 0 0.748204 0.251796 
 ----> pctChg 399 1 0.764925 0.235075 
 ----> pctChg 400 1 0.747495 0.252505 
 ----> pctChg 401 0 0.833392 0.166608 
 ----> pctChg 402 1 0.730404 0.269596 
 ----> pctChg 403 0 0.759729 0.240271 
 ----> pctChg 404 0 0.744942 0.255058 
 ----> pctChg 405 0 0.751502 0.248498 
 ----> pctChg 406 1 0.76995 0.23005 
 ----> pctChg 407 0 0.762791 0.237209 
 ----> pctChg 408 0 0.775541 0.224459 
 ----> pctChg 409 0 0.713378 0.286622 
 ----> pctChg 410 0 0.743477 0.256523 
 ----> pctChg 411 0 0.711915 0.288085 
 ----> pctChg 412 1 0.73346 0.26654 
 ----> pctChg 413 1 0.738555 0.261445 
 ----> pctChg 414 0 0.788119 0.211881 
 ----> pctChg 415 0 0.711147 0.288853 
 ----> pctChg 416 0 0.768129 0.231871 
 ----> pctChg 417 1 0.714787 0.285213 
 ----> pctChg 418 0 0.75298 0.24702 
 ----> pctChg 419 0 0.773068 0.226932 
 ----> pctChg 420 0 0.795329 0.204671 
 ----> pctChg 421 0 0.757313 0.242687 
 ----> pctChg 422 0 0.774601 0.225399 
 ----> pctChg 423 0 0.779087 0.220913 
 ----> pctChg 424 0 0.75142 0.24858 
 ----> pctChg 425 0 0.757728 0.242272 
 ----> pctChg 426 0 0.726906 0.273094 
 ----> pctChg 427 0 0.76806 0.23194 
 ----> pctChg 428 0 0.725507 0.274493 
 ----> pctChg 429 0 0.806371 0.193629 
 ----> pctChg 430 0 0.780447 0.219553 
 ----> pctChg 431 1 0.632353 0.367647 
 ----> pctChg 432 0 0.769388 0.230612 
 ----> pctChg 433 0 0.740206 0.259794 
 ----> pctChg 434 0 0.786641 0.213359 
 ----> pctChg 435 1 0.707956 0.292044 
 ----> pctChg 436 0 0.7701 0.2299 
 ----> pctChg 437 0 0.713425 0.286575 
 ----> pctChg 438 0 0.775804 0.224196 
 ----> pctChg 439 1 0.69867 0.30133 
 ----> pctChg 440 0 0.747428 0.252572 
 ----> pctChg 441 0 0.772457 0.227543 
 ----> pctChg 442 1 0.709972 0.290028 
 ----> pctChg 443 0 0.775226 0.224774 
 ----> pctChg 444 0 0.759443 0.240557 
 ----> pctChg 445 0 0.722013 0.277987 
 ----> pctChg 446 0 0.804706 0.195294 
 ----> pctChg 447 0 0.704503 0.295497 
 ----> pctChg 448 0 0.78226 0.21774 
 ----> pctChg 449 0 0.801415 0.198585 
 ----> pctChg 450 1 0.744123 0.255877 
 ----> pctChg 451 1 0.726826 0.273174 
 ----> pctChg 452 0 0.740672 0.259328 
 ----> pctChg 453 0 0.793665 0.206335 
 ----> pctChg 454 0 0.746337 0.253663 
 ----> pctChg 455 0 0.758389 0.241611 
 ----> pctChg 456 0 0.764133 0.235867 
 ----> pctChg 457 0 0.727344 0.272656 
 ----> pctChg 458 0 0.810932 0.189068 
 ----> pctChg 459 0 0.825028 0.174972 
 ----> pctChg 460 0 0.781064 0.218936 
 ----> pctChg 461 0 0.718513 0.281487 
 ----> pctChg 462 0 0.739565 0.260435 
 ----> pctChg 463 1 0.742102 0.257898 
 ----> pctChg 464 0 0.773929 0.226071 
 ----> pctChg 465 1 0.733549 0.266451 
 ----> pctChg 466 0 0.784146 0.215854 
 ----> pctChg 467 1 0.723972 0.276028 
 ----> pctChg 468 0 0.744547 0.255453 
 ----> pctChg 469 0 0.732793 0.267207 
 ----> pctChg 470 0 0.769601 0.230399 
 ----> pctChg 471 1 0.72382 0.27618 
 ----> pctChg 472 0 0.741838 0.258162 
 ----> pctChg 473 0 0.752214 0.247786 
 ----> pctChg 474 0 0.716307 0.283693 
 ----> pctChg 475 0 0.77526 0.22474 
 ----> pctChg 476 0 0.811572 0.188428 
 ----> pctChg 477 1 0.788662 0.211338 
 ----> pctChg 478 0 0.721504 0.278496 
 ----> pctChg 479 0 0.768179 0.231821 
 ----> pctChg 480 0 0.769184 0.230816 
 ----> pctChg 481 0 0.735355 0.264645 
 ----> pctChg 482 0 0.752571 0.247429 
 ----> pctChg 483 0 0.676099 0.323901 
 ----> pctChg 484 0 0.723089 0.276911 
 ----> pctChg 485 1 0.767309 0.232691 
 ----> pctChg 486 0 0.742653 0.257347 
 ----> pctChg 487 0 0.748544 0.251456 
 ----> pctChg 488 0 0.798255 0.201745 
 ----> pctChg 489 0 0.729822 0.270178 
 ----> pctChg 490 0 0.768541 0.231459 
 ----> pctChg 491 1 0.727179 0.272821 
 ----> pctChg 492 0 0.771117 0.228883 
 ----> pctChg 493 1 0.731811 0.268189 
 ----> pctChg 494 0 0.767767 0.232233 
 ----> pctChg 495 0 0.73782 0.26218 
 ----> pctChg 496 0 0.806299 0.193701 
 ----> pctChg 497 0 0.747393 0.252607 
 ----> pctChg 498 1 0.704302 0.295698 
 ----> pctChg 499 0 0.808793 0.191207 
 ----> pctChg 500 1 0.651731 0.348269 
 ----> pctChg 501 0 0.777343 0.222657 
 ----> pctChg 502 1 0.708646 0.291354 
 ----> pctChg 503 1 0.744993 0.255007 
 ----> pctChg 504 0 0.77246 0.22754 
 ----> pctChg 505 0 0.809597 0.190403 
 ----> pctChg 506 0 0.702414 0.297586 
 ----> pctChg 507 1 0.758711 0.241289 
 ----> pctChg 508 0 0.761197 0.238803 
 ----> pctChg 509 1 0.734471 0.265529 
 ----> pctChg 510 0 0.798312 0.201688 
 ----> pctChg 511 0 0.763996 0.236004 
 ----> pctChg 512 1 0.729074 0.270926 
 ----> pctChg 513 0 0.767949 0.232051 
 ----> pctChg 514 1 0.749173 0.250827 
 ----> pctChg 515 0 0.753338 0.246662 
 ----> pctChg 516 0 0.746861 0.253139 
 ----> pctChg 517 1 0.719322 0.280678 
 ----> pctChg 518 0 0.785559 0.214441 
 ----> pctChg 519 0 0.777615 0.222385 
 ----> pctChg 520 0 0.732395 0.267605 
 ----> pctChg 521 0 0.742082 0.257918 
 ----> pctChg 522 0 0.785523 0.214477 
 ----> pctChg 523 1 0.736175 0.263825 
 ----> pctChg 524 0 0.760413 0.239587 
 ----> pctChg 525 1 0.729952 0.270048 
 ----> pctChg 526 1 0.739289 0.260711 
 ----> pctChg 527 1 0.693028 0.306972 
 ----> pctChg 528 0 0.757822 0.242178 
 ----> pctChg 529 1 0.746212 0.253788 
 ----> pctChg 530 0 0.771856 0.228144 
 ----> pctChg 531 0 0.767904 0.232096 
 ----> pctChg 532 0 0.75229 0.24771 
 ----> pctChg 533 1 0.748077 0.251923 
 ----> pctChg 534 1 0.757529 0.242471 
 ----> pctChg 535 0 0.721967 0.278033 
 ----> pctChg 536 0 0.73792 0.26208 
 ----> pctChg 537 0 0.762598 0.237402 
 ----> pctChg 538 0 0.797704 0.202296 
 ----> pctChg 539 0 0.721673 0.278327 
 ----> pctChg 540 0 0.751214 0.248786 
 ----> pctChg 541 0 0.763957 0.236043 
 ----> pctChg 542 0 0.751806 0.248194 
 ----> pctChg 543 0 0.767051 0.232949 
 ----> pctChg 544 0 0.757035 0.242965 
 ----> pctChg 545 0 0.765532 0.234468 
 ----> pctChg 546 0 0.714444 0.285556 
 ----> pctChg 547 0 0.73745 0.26255 
 ----> pctChg 548 1 0.759591 0.240409 
 ----> pctChg 549 0 0.764533 0.235467 
 ----> pctChg 550 0 0.724117 0.275883 
 ----> pctChg 551 0 0.783688 0.216312 
 ----> pctChg 552 1 0.715117 0.284883 
 ----> pctChg 553 1 0.738805 0.261195 
 ----> pctChg 554 0 0.778206 0.221794 
 ----> pctChg 555 1 0.690353 0.309647 
 ----> pctChg 556 0 0.797328 0.202672 
 ----> pctChg 557 1 0.718735 0.281265 
 ----> pctChg 558 0 0.74877 0.25123 
 ----> pctChg 559 0 0.741639 0.258361 
 ----> pctChg 560 0 0.721881 0.278119 
 ----> pctChg 561 0 0.780038 0.219962 
 ----> pctChg 562 0 0.763297 0.236703 
 ----> pctChg 563 0 0.821002 0.178998 
 ----> pctChg 564 0 0.760029 0.239971 
 ----> pctChg 565 0 0.747584 0.252416 
 ----> pctChg 566 0 0.750918 0.249082 
 ----> pctChg 567 0 0.771025 0.228975 
 ----> pctChg 568 0 0.767318 0.232682 
 ----> pctChg 569 0 0.78138 0.21862 
 ----> pctChg 570 0 0.754586 0.245414 
 ----> pctChg 571 0 0.775588 0.224412 
 ----> pctChg 572 0 0.767268 0.232732 
 ----> pctChg 573 1 0.7112 0.2888 
 ----> pctChg 574 0 0.801422 0.198578 
 ----> pctChg 575 0 0.729059 0.270941 
 ----> pctChg 576 0 0.806734 0.193266 
 ----> pctChg 577 0 0.795394 0.204606 
 ----> pctChg 578 0 0.733436 0.266564 
 ----> pctChg 579 0 0.780502 0.219498 
 ----> pctChg 580 0 0.775774 0.224226 
 ----> pctChg 581 0 0.758279 0.241721 
 ----> pctChg 582 1 0.719499 0.280501 
 ----> pctChg 583 0 0.775996 0.224004 
 ----> pctChg 584 0 0.809211 0.190789 
 ----> pctChg 585 0 0.813741 0.186259 
 ----> pctChg 586 0 0.780863 0.219137 
 ----> pctChg 587 0 0.750276 0.249724 
 ----> pctChg 588 0 0.778051 0.221949 
 ----> pctChg 589 1 0.706649 0.293351 
 ----> pctChg 590 0 0.78548 0.21452 
 ----> pctChg 591 0 0.746729 0.253271 
 ----> pctChg 592 0 0.743703 0.256297 
 ----> pctChg 593 0 0.751669 0.248331 
 ----> pctChg 594 1 0.699269 0.300731 
 ----> pctChg 595 1 0.756743 0.243257 
 ----> pctChg 596 0 0.787985 0.212015 
 ----> pctChg 597 0 0.757885 0.242115 
 ----> pctChg 598 0 0.717121 0.282879 
 ----> pctChg 599 1 0.66062 0.33938 
 ----> pctChg 600 0 0.803012 0.196988 
 ----> pctChg 601 0 0.77444 0.22556 
 ----> pctChg 602 1 0.674019 0.325981 
 ----> pctChg 603 0 0.774965 0.225035 
 ----> pctChg 604 0 0.722461 0.277539 
 ----> pctChg 605 0 0.722129 0.277871 
 ----> pctChg 606 0 0.708897 0.291103 
 ----> pctChg 607 0 0.793474 0.206526 
 ----> pctChg 608 0 0.740683 0.259317 
 ----> pctChg 609 0 0.781301 0.218699 
 ----> pctChg 610 0 0.768555 0.231445 
 ----> pctChg 611 1 0.75485 0.24515 
 ----> pctChg 612 0 0.781681 0.218319 
 ----> pctChg 613 1 0.750562 0.249438 
 ----> pctChg 614 0 0.740474 0.259526 
 ----> pctChg 615 1 0.665339 0.334661 
 ----> pctChg 616 0 0.769491 0.230509 
 ----> pctChg 617 0 0.725981 0.274019 
 ----> pctChg 618 0 0.773906 0.226094 
 ----> pctChg 619 1 0.769788 0.230212 
 ----> pctChg 620 0 0.714007 0.285993 
 ----> pctChg 621 0 0.762906 0.237094 
 ----> pctChg 622 1 0.735442 0.264558 
 ----> pctChg 623 1 0.680283 0.319717 
 ----> pctChg 624 0 0.763698 0.236302 
 ----> pctChg 625 0 0.749759 0.250241 
 ----> pctChg 626 0 0.744731 0.255269 
 ----> pctChg 627 0 0.794205 0.205795 
 ----> pctChg 628 0 0.736795 0.263205 
 ----> pctChg 629 0 0.769801 0.230199 
 ----> pctChg 630 0 0.758489 0.241511 
 ----> pctChg 631 0 0.735274 0.264726 
 ----> pctChg 632 0 0.777405 0.222595 
 ----> pctChg 633 0 0.734584 0.265416 
 ----> pctChg 634 0 0.757828 0.242172 
 ----> pctChg 635 0 0.767547 0.232453 
 ----> pctChg 636 0 0.685129 0.314871 
 ----> pctChg 637 0 0.785208 0.214792 
 ----> pctChg 638 0 0.713122 0.286878 
 ----> pctChg 639 0 0.749253 0.250747 
 ----> pctChg 640 0 0.785291 0.214709 
 ----> pctChg 641 0 0.815523 0.184477 
 ----> pctChg 642 1 0.709748 0.290252 
 ----> pctChg 643 0 0.810839 0.189161 
 ----> pctChg 644 0 0.742409 0.257591 
 ----> pctChg 645 1 0.708142 0.291858 
 ----> pctChg 646 0 0.786756 0.213244 
 ----> pctChg 647 0 0.744902 0.255098 
 ----> pctChg 648 0 0.721178 0.278822 
 ----> pctChg 649 1 0.707391 0.292609 
 ----> pctChg 650 0 0.742879 0.257121 
 ----> pctChg 651 1 0.747307 0.252693 
 ----> pctChg 652 0 0.780822 0.219178 
 ----> pctChg 653 0 0.706266 0.293734 
 ----> pctChg 654 0 0.755512 0.244488 
 ----> pctChg 655 0 0.756297 0.243703 
 ----> pctChg 656 0 0.696936 0.303064 
 ----> pctChg 657 0 0.74305 0.25695 
 ----> pctChg 658 0 0.733311 0.266689 
 ----> pctChg 659 0 0.756495 0.243505 
 ----> pctChg 660 0 0.746967 0.253033 
 ----> pctChg 661 0 0.772541 0.227459 
 ----> pctChg 662 1 0.715701 0.284299 
 ----> pctChg 663 0 0.785288 0.214712 
 ----> pctChg 664 1 0.69393 0.30607 
 ----> pctChg 665 0 0.757955 0.242045 
 ----> pctChg 666 0 0.740758 0.259242 
 ----> pctChg 667 0 0.758996 0.241004 
 ----> pctChg 668 0 0.717599 0.282401 
 ----> pctChg 669 0 0.782598 0.217402 
 ----> pctChg 670 0 0.732865 0.267135 
 ----> pctChg 671 0 0.750759 0.249241 
 ----> pctChg 672 0 0.819654 0.180346 
 ----> pctChg 673 1 0.64233 0.35767 
 ----> pctChg 674 0 0.786926 0.213074 
 ----> pctChg 675 1 0.722315 0.277685 
 ----> pctChg 676 0 0.75675 0.24325 
 ----> pctChg 677 0 0.721553 0.278447 
 ----> pctChg 678 0 0.760378 0.239622 
 ----> pctChg 679 0 0.78857 0.21143 
 ----> pctChg 680 0 0.722926 0.277074 
 ----> pctChg 681 0 0.761096 0.238904 
 ----> pctChg 682 0 0.763455 0.236545 
 ----> pctChg 683 1 0.728553 0.271447 
 ----> pctChg 684 0 0.755983 0.244017 
 ----> pctChg 685 1 0.728654 0.271346 
 ----> pctChg 686 1 0.721125 0.278875 
 ----> pctChg 687 0 0.724094 0.275906 
 ----> pctChg 688 1 0.749041 0.250959 
 ----> pctChg 689 0 0.793441 0.206559 
 ----> pctChg 690 1 0.718685 0.281315 
 ----> pctChg 691 0 0.737393 0.262607 
 ----> pctChg 692 0 0.777985 0.222015 
 ----> pctChg 693 1 0.693797 0.306203 
 ----> pctChg 694 0 0.757216 0.242784 
 ----> pctChg 695 1 0.746016 0.253984 
 ----> pctChg 696 0 0.750197 0.249803 
 ----> pctChg 697 1 0.713254 0.286746 
 ----> pctChg 698 0 0.796595 0.203405 
 ----> pctChg 699 0 0.729931 0.270069 
 ----> pctChg 700 0 0.767362 0.232638 
 ----> pctChg 701 0 0.79359 0.20641 
 ----> pctChg 702 0 0.707805 0.292195 
 ----> pctChg 703 0 0.795559 0.204441 
 ----> pctChg 704 0 0.760123 0.239877 
 ----> pctChg 705 0 0.715095 0.284905 
 ----> pctChg 706 0 0.812602 0.187398 
 ----> pctChg 707 0 0.786217 0.213783 
 ----> pctChg 708 1 0.783434 0.216566 
 ----> pctChg 709 1 0.699633 0.300367 
 ----> pctChg 710 0 0.763524 0.236476 
 ----> pctChg 711 0 0.744777 0.255223 
 ----> pctChg 712 1 0.70081 0.29919 
 ----> pctChg 713 0 0.74132 0.25868 
 ----> pctChg 714 1 0.717688 0.282312 
 ----> pctChg 715 0 0.752474 0.247526 
 ----> pctChg 716 0 0.730869 0.269131 
 ----> pctChg 717 0 0.806334 0.193666 
 ----> pctChg 718 1 0.733417 0.266583 
