 ----> peTTM 1 1 0.65718 0.34282 
 ----> peTTM 2 0 0.67891 0.32109 
 ----> peTTM 3 1 0.600684 0.399316 
 ----> peTTM 4 1 0.667548 0.332452 
 ----> peTTM 5 1 0.593691 0.406309 
 ----> peTTM 6 1 0.675095 0.324905 
 ----> peTTM 7 0 0.675079 0.324921 
 ----> peTTM 8 0 0.605604 0.394396 
 ----> peTTM 9 0 0.701246 0.298754 
 ----> peTTM 10 1 0.674114 0.325886 
 ----> peTTM 11 1 0.645228 0.354772 
 ----> peTTM 12 0 0.661166 0.338834 
 ----> peTTM 13 0 0.694744 0.305256 
 ----> peTTM 14 1 0.693236 0.306764 
 ----> peTTM 15 1 0.682965 0.317035 
 ----> peTTM 16 1 0.61139 0.38861 
 ----> peTTM 17 1 0.676646 0.323354 
 ----> peTTM 18 0 0.658915 0.341085 
 ----> peTTM 19 0 0.657011 0.342989 
 ----> peTTM 20 0 0.675679 0.324321 
 ----> peTTM 21 1 0.675339 0.324661 
 ----> peTTM 22 0 0.650599 0.349401 
 ----> peTTM 23 0 0.695676 0.304324 
 ----> peTTM 24 0 0.61285 0.38715 
 ----> peTTM 25 0 0.663923 0.336077 
 ----> peTTM 26 1 0.676753 0.323247 
 ----> peTTM 27 1 0.647888 0.352112 
 ----> peTTM 28 1 0.664551 0.335449 
 ----> peTTM 29 0 0.649029 0.350971 
 ----> peTTM 30 0 0.670403 0.329597 
 ----> peTTM 31 0 0.645545 0.354455 
 ----> peTTM 32 0 0.693394 0.306606 
 ----> peTTM 33 0 0.656618 0.343382 
 ----> peTTM 34 0 0.664032 0.335968 
 ----> peTTM 35 1 0.646197 0.353803 
 ----> peTTM 36 0 0.651891 0.348109 
 ----> peTTM 37 0 0.643059 0.356941 
 ----> peTTM 38 0 0.685037 0.314963 
 ----> peTTM 39 0 0.705448 0.294552 
 ----> peTTM 40 1 0.622276 0.377724 
 ----> peTTM 41 1 0.646885 0.353115 
 ----> peTTM 42 1 0.648756 0.351244 
 ----> peTTM 43 0 0.711331 0.288669 
 ----> peTTM 44 1 0.654524 0.345476 
 ----> peTTM 45 1 0.631962 0.368038 
 ----> peTTM 46 0 0.658793 0.341207 
 ----> peTTM 47 1 0.659922 0.340078 
 ----> peTTM 48 1 0.654315 0.345685 
 ----> peTTM 49 1 0.632093 0.367907 
 ----> peTTM 50 1 0.669759 0.330241 
 ----> peTTM 51 0 0.646884 0.353116 
 ----> peTTM 52 1 0.649748 0.350252 
 ----> peTTM 53 0 0.684098 0.315902 
 ----> peTTM 54 0 0.657459 0.342541 
 ----> peTTM 55 0 0.668719 0.331281 
 ----> peTTM 56 1 0.669652 0.330348 
 ----> peTTM 57 1 0.624422 0.375578 
 ----> peTTM 58 0 0.671756 0.328244 
 ----> peTTM 59 1 0.623174 0.376826 
 ----> peTTM 60 0 0.658834 0.341166 
 ----> peTTM 61 0 0.693529 0.306471 
 ----> peTTM 62 0 0.660887 0.339113 
 ----> peTTM 63 1 0.640052 0.359948 
 ----> peTTM 64 1 0.628574 0.371426 
 ----> peTTM 65 0 0.657947 0.342053 
 ----> peTTM 66 0 0.675571 0.324429 
 ----> peTTM 67 1 0.644445 0.355555 
 ----> peTTM 68 1 0.65276 0.34724 
 ----> peTTM 69 0 0.684883 0.315117 
 ----> peTTM 70 1 0.665449 0.334551 
 ----> peTTM 71 1 0.669246 0.330754 
 ----> peTTM 72 1 0.691673 0.308327 
 ----> peTTM 73 0 0.687283 0.312717 
 ----> peTTM 74 0 0.678225 0.321775 
 ----> peTTM 75 0 0.644513 0.355487 
 ----> peTTM 76 1 0.625846 0.374154 
 ----> peTTM 77 0 0.69398 0.30602 
 ----> peTTM 78 1 0.631919 0.368081 
 ----> peTTM 79 0 0.674489 0.325511 
 ----> peTTM 80 1 0.654068 0.345932 
 ----> peTTM 81 1 0.626685 0.373315 
 ----> peTTM 82 1 0.68605 0.31395 
 ----> peTTM 83 1 0.661153 0.338847 
 ----> peTTM 84 1 0.66598 0.33402 
 ----> peTTM 85 0 0.648122 0.351878 
 ----> peTTM 86 0 0.682668 0.317332 
 ----> peTTM 87 1 0.636729 0.363271 
 ----> peTTM 88 1 0.659917 0.340083 
 ----> peTTM 89 1 0.62575 0.37425 
 ----> peTTM 90 1 0.613859 0.386141 
 ----> peTTM 91 1 0.662393 0.337607 
 ----> peTTM 92 0 0.681884 0.318116 
 ----> peTTM 93 0 0.695588 0.304412 
 ----> peTTM 94 1 0.659848 0.340152 
 ----> peTTM 95 0 0.682723 0.317277 
 ----> peTTM 96 0 0.680638 0.319362 
 ----> peTTM 97 1 0.67356 0.32644 
 ----> peTTM 98 1 0.634036 0.365964 
 ----> peTTM 99 1 0.646355 0.353645 
 ----> peTTM 100 0 0.658508 0.341492 
 ----> peTTM 101 1 0.658032 0.341968 
 ----> peTTM 102 0 0.690907 0.309093 
 ----> peTTM 103 0 0.67333 0.32667 
 ----> peTTM 104 0 0.671625 0.328375 
 ----> peTTM 105 1 0.658202 0.341798 
 ----> peTTM 106 0 0.669144 0.330856 
 ----> peTTM 107 0 0.65216 0.34784 
 ----> peTTM 108 0 0.662543 0.337457 
 ----> peTTM 109 0 0.673296 0.326704 
 ----> peTTM 110 1 0.662615 0.337385 
 ----> peTTM 111 0 0.671454 0.328546 
 ----> peTTM 112 0 0.660665 0.339335 
 ----> peTTM 113 1 0.628172 0.371828 
 ----> peTTM 114 1 0.64177 0.35823 
 ----> peTTM 115 0 0.705593 0.294407 
 ----> peTTM 116 0 0.663123 0.336877 
 ----> peTTM 117 1 0.64011 0.35989 
 ----> peTTM 118 1 0.62938 0.37062 
 ----> peTTM 119 1 0.645636 0.354364 
 ----> peTTM 120 0 0.693355 0.306645 
 ----> peTTM 121 0 0.661129 0.338871 
 ----> peTTM 122 1 0.663306 0.336694 
 ----> peTTM 123 1 0.609794 0.390206 
 ----> peTTM 124 0 0.673683 0.326317 
 ----> peTTM 125 1 0.64475 0.35525 
 ----> peTTM 126 0 0.65352 0.34648 
 ----> peTTM 127 0 0.694507 0.305493 
 ----> peTTM 128 0 0.661817 0.338183 
 ----> peTTM 129 1 0.62363 0.37637 
 ----> peTTM 130 0 0.644213 0.355787 
 ----> peTTM 131 0 0.651512 0.348488 
 ----> peTTM 132 0 0.667473 0.332527 
 ----> peTTM 133 1 0.689712 0.310288 
 ----> peTTM 134 1 0.646799 0.353201 
 ----> peTTM 135 1 0.648551 0.351449 
 ----> peTTM 136 0 0.683034 0.316966 
 ----> peTTM 137 1 0.673754 0.326246 
 ----> peTTM 138 0 0.665017 0.334983 
 ----> peTTM 139 0 0.702204 0.297796 
 ----> peTTM 140 1 0.661013 0.338987 
 ----> peTTM 141 0 0.664246 0.335754 
 ----> peTTM 142 1 0.623717 0.376283 
 ----> peTTM 143 0 0.631677 0.368323 
 ----> peTTM 144 1 0.640368 0.359632 
 ----> peTTM 145 0 0.697587 0.302413 
 ----> peTTM 146 0 0.657647 0.342353 
 ----> peTTM 147 0 0.643878 0.356122 
 ----> peTTM 148 0 0.70156 0.29844 
 ----> peTTM 149 1 0.640597 0.359403 
 ----> peTTM 150 1 0.655088 0.344912 
 ----> peTTM 151 1 0.638966 0.361034 
 ----> peTTM 152 0 0.637643 0.362357 
 ----> peTTM 153 0 0.663051 0.336949 
 ----> peTTM 154 0 0.652236 0.347764 
 ----> peTTM 155 1 0.62208 0.37792 
 ----> peTTM 156 1 0.593422 0.406578 
 ----> peTTM 157 1 0.633547 0.366453 
 ----> peTTM 158 0 0.681862 0.318138 
 ----> peTTM 159 1 0.635825 0.364175 
 ----> peTTM 160 0 0.682182 0.317818 
 ----> peTTM 161 0 0.709583 0.290417 
 ----> peTTM 162 1 0.635706 0.364294 
 ----> peTTM 163 1 0.648223 0.351777 
 ----> peTTM 164 1 0.622342 0.377658 
 ----> peTTM 165 1 0.606999 0.393001 
 ----> peTTM 166 0 0.648088 0.351912 
 ----> peTTM 167 1 0.548401 0.451599 
 ----> peTTM 168 0 0.686292 0.313708 
 ----> peTTM 169 0 0.666955 0.333045 
 ----> peTTM 170 1 0.649111 0.350889 
 ----> peTTM 171 1 0.669737 0.330263 
 ----> peTTM 172 0 0.696558 0.303442 
 ----> peTTM 173 1 0.66991 0.33009 
 ----> peTTM 174 0 0.681299 0.318701 
 ----> peTTM 175 1 0.64686 0.35314 
 ----> peTTM 176 0 0.672694 0.327306 
 ----> peTTM 177 0 0.699064 0.300936 
 ----> peTTM 178 1 0.641197 0.358803 
 ----> peTTM 179 0 0.694433 0.305567 
 ----> peTTM 180 0 0.648428 0.351572 
 ----> peTTM 181 0 0.665713 0.334287 
 ----> peTTM 182 0 0.681799 0.318201 
 ----> peTTM 183 1 0.637196 0.362804 
 ----> peTTM 184 1 0.570507 0.429493 
 ----> peTTM 185 0 0.635647 0.364353 
 ----> peTTM 186 0 0.674377 0.325623 
 ----> peTTM 187 0 0.673375 0.326625 
 ----> peTTM 188 1 0.652861 0.347139 
 ----> peTTM 189 1 0.622569 0.377431 
 ----> peTTM 190 0 0.726342 0.273658 
 ----> peTTM 191 0 0.692106 0.307894 
 ----> peTTM 192 1 0.650178 0.349822 
 ----> peTTM 193 0 0.680481 0.319519 
 ----> peTTM 194 0 0.690298 0.309702 
 ----> peTTM 195 0 0.700793 0.299207 
 ----> peTTM 196 1 0.647328 0.352672 
 ----> peTTM 197 0 0.651858 0.348142 
 ----> peTTM 198 0 0.687159 0.312841 
 ----> peTTM 199 0 0.681638 0.318362 
 ----> peTTM 200 0 0.699297 0.300703 
 ----> peTTM 201 0 0.660246 0.339754 
 ----> peTTM 202 0 0.668962 0.331038 
 ----> peTTM 203 1 0.646474 0.353526 
 ----> peTTM 204 1 0.666273 0.333727 
 ----> peTTM 205 0 0.599773 0.400227 
 ----> peTTM 206 1 0.620927 0.379073 
 ----> peTTM 207 1 0.67457 0.32543 
 ----> peTTM 208 0 0.673973 0.326027 
 ----> peTTM 209 0 0.667871 0.332129 
 ----> peTTM 210 0 0.640097 0.359903 
 ----> peTTM 211 0 0.672745 0.327255 
 ----> peTTM 212 0 0.68105 0.31895 
 ----> peTTM 213 1 0.622394 0.377606 
 ----> peTTM 214 0 0.663341 0.336659 
 ----> peTTM 215 1 0.655451 0.344549 
 ----> peTTM 216 0 0.673772 0.326228 
 ----> peTTM 217 1 0.650991 0.349009 
 ----> peTTM 218 0 0.687539 0.312461 
 ----> peTTM 219 0 0.627686 0.372314 
 ----> peTTM 220 0 0.65115 0.34885 
 ----> peTTM 221 0 0.670997 0.329003 
 ----> peTTM 222 1 0.661132 0.338868 
 ----> peTTM 223 1 0.671675 0.328325 
 ----> peTTM 224 0 0.684967 0.315033 
 ----> peTTM 225 1 0.648747 0.351253 
 ----> peTTM 226 1 0.637816 0.362184 
 ----> peTTM 227 0 0.705227 0.294773 
 ----> peTTM 228 0 0.670363 0.329637 
 ----> peTTM 229 0 0.686385 0.313615 
 ----> peTTM 230 0 0.658882 0.341118 
 ----> peTTM 231 0 0.67193 0.32807 
 ----> peTTM 232 1 0.661401 0.338599 
 ----> peTTM 233 0 0.663418 0.336582 
 ----> peTTM 234 0 0.675065 0.324935 
 ----> peTTM 235 0 0.677109 0.322891 
 ----> peTTM 236 1 0.635583 0.364417 
 ----> peTTM 237 0 0.640165 0.359835 
 ----> peTTM 238 0 0.728382 0.271618 
 ----> peTTM 239 0 0.663706 0.336294 
 ----> peTTM 240 1 0.672818 0.327182 
 ----> peTTM 241 0 0.660396 0.339604 
 ----> peTTM 242 1 0.664152 0.335848 
 ----> peTTM 243 0 0.655031 0.344969 
 ----> peTTM 244 1 0.664988 0.335012 
 ----> peTTM 245 1 0.665463 0.334537 
 ----> peTTM 246 0 0.709569 0.290431 
 ----> peTTM 247 0 0.697522 0.302478 
 ----> peTTM 248 1 0.671662 0.328338 
 ----> peTTM 249 1 0.63363 0.36637 
 ----> peTTM 250 0 0.635935 0.364065 
 ----> peTTM 251 0 0.691498 0.308502 
 ----> peTTM 252 0 0.677112 0.322888 
 ----> peTTM 253 1 0.661331 0.338669 
 ----> peTTM 254 0 0.680085 0.319915 
 ----> peTTM 255 1 0.628432 0.371568 
 ----> peTTM 256 0 0.699857 0.300143 
 ----> peTTM 257 0 0.693033 0.306967 
 ----> peTTM 258 0 0.659804 0.340196 
 ----> peTTM 259 0 0.68483 0.31517 
 ----> peTTM 260 1 0.667059 0.332941 
 ----> peTTM 261 1 0.65754 0.34246 
 ----> peTTM 262 0 0.684252 0.315748 
 ----> peTTM 263 1 0.670831 0.329169 
 ----> peTTM 264 1 0.662758 0.337242 
 ----> peTTM 265 1 0.680533 0.319467 
 ----> peTTM 266 0 0.646579 0.353421 
 ----> peTTM 267 0 0.662464 0.337536 
 ----> peTTM 268 0 0.676338 0.323662 
 ----> peTTM 269 0 0.68087 0.31913 
 ----> peTTM 270 1 0.632553 0.367447 
 ----> peTTM 271 1 0.638355 0.361645 
 ----> peTTM 272 0 0.6536 0.3464 
 ----> peTTM 273 0 0.684057 0.315943 
 ----> peTTM 274 1 0.65476 0.34524 
 ----> peTTM 275 1 0.640623 0.359377 
 ----> peTTM 276 0 0.683784 0.316216 
 ----> peTTM 277 0 0.681674 0.318326 
 ----> peTTM 278 0 0.667142 0.332858 
 ----> peTTM 279 1 0.652218 0.347782 
 ----> peTTM 280 1 0.702055 0.297945 
 ----> peTTM 281 0 0.692781 0.307219 
 ----> peTTM 282 1 0.641106 0.358894 
 ----> peTTM 283 1 0.646128 0.353872 
 ----> peTTM 284 1 0.674974 0.325026 
 ----> peTTM 285 0 0.670059 0.329941 
 ----> peTTM 286 0 0.647295 0.352705 
 ----> peTTM 287 0 0.696227 0.303773 
 ----> peTTM 288 1 0.633855 0.366145 
 ----> peTTM 289 0 0.684758 0.315242 
 ----> peTTM 290 0 0.647328 0.352672 
 ----> peTTM 291 1 0.664244 0.335756 
 ----> peTTM 292 0 0.636871 0.363129 
 ----> peTTM 293 1 0.627424 0.372576 
 ----> peTTM 294 1 0.631229 0.368771 
 ----> peTTM 295 0 0.679261 0.320739 
 ----> peTTM 296 0 0.652262 0.347738 
 ----> peTTM 297 0 0.654915 0.345085 
 ----> peTTM 298 1 0.635976 0.364024 
 ----> peTTM 299 0 0.680066 0.319934 
 ----> peTTM 300 0 0.635829 0.364171 
 ----> peTTM 301 0 0.683322 0.316678 
 ----> peTTM 302 0 0.669888 0.330112 
 ----> peTTM 303 0 0.70994 0.29006 
 ----> peTTM 304 0 0.695434 0.304566 
 ----> peTTM 305 0 0.636573 0.363427 
 ----> peTTM 306 0 0.700902 0.299098 
 ----> peTTM 307 1 0.629243 0.370757 
 ----> peTTM 308 0 0.697637 0.302363 
 ----> peTTM 309 1 0.636752 0.363248 
 ----> peTTM 310 0 0.670135 0.329865 
 ----> peTTM 311 0 0.691153 0.308847 
 ----> peTTM 312 0 0.66667 0.33333 
 ----> peTTM 313 1 0.608181 0.391819 
 ----> peTTM 314 0 0.630931 0.369069 
 ----> peTTM 315 0 0.652592 0.347408 
 ----> peTTM 316 0 0.665789 0.334211 
 ----> peTTM 317 0 0.665787 0.334213 
 ----> peTTM 318 0 0.662789 0.337211 
 ----> peTTM 319 0 0.68257 0.31743 
 ----> peTTM 320 0 0.668163 0.331837 
 ----> peTTM 321 1 0.63998 0.36002 
 ----> peTTM 322 1 0.591042 0.408958 
 ----> peTTM 323 0 0.686308 0.313692 
 ----> peTTM 324 0 0.697435 0.302565 
 ----> peTTM 325 0 0.658418 0.341582 
 ----> peTTM 326 1 0.649819 0.350181 
 ----> peTTM 327 1 0.609531 0.390469 
 ----> peTTM 328 0 0.629694 0.370306 
 ----> peTTM 329 0 0.681466 0.318534 
 ----> peTTM 330 0 0.668469 0.331531 
 ----> peTTM 331 0 0.688388 0.311612 
 ----> peTTM 332 0 0.675136 0.324864 
 ----> peTTM 333 1 0.684206 0.315794 
 ----> peTTM 334 1 0.64231 0.35769 
 ----> peTTM 335 0 0.660528 0.339472 
 ----> peTTM 336 1 0.545861 0.454139 
 ----> peTTM 337 1 0.62078 0.37922 
 ----> peTTM 338 1 0.590955 0.409045 
 ----> peTTM 339 0 0.646663 0.353337 
 ----> peTTM 340 0 0.662554 0.337446 
 ----> peTTM 341 1 0.648548 0.351452 
 ----> peTTM 342 1 0.615597 0.384403 
 ----> peTTM 343 0 0.66862 0.33138 
 ----> peTTM 344 0 0.683338 0.316662 
 ----> peTTM 345 0 0.692319 0.307681 
 ----> peTTM 346 0 0.699816 0.300184 
 ----> peTTM 347 1 0.653347 0.346653 
 ----> peTTM 348 0 0.671008 0.328992 
 ----> peTTM 349 0 0.670139 0.329861 
 ----> peTTM 350 1 0.672125 0.327875 
 ----> peTTM 351 0 0.654557 0.345443 
 ----> peTTM 352 0 0.668765 0.331235 
 ----> peTTM 353 0 0.699348 0.300652 
 ----> peTTM 354 0 0.678601 0.321399 
 ----> peTTM 355 0 0.664609 0.335391 
 ----> peTTM 356 0 0.689081 0.310919 
 ----> peTTM 357 1 0.650532 0.349468 
 ----> peTTM 358 0 0.691516 0.308484 
 ----> peTTM 359 0 0.694818 0.305182 
 ----> peTTM 360 0 0.658983 0.341017 
 ----> peTTM 361 0 0.673668 0.326332 
 ----> peTTM 362 1 0.683181 0.316819 
 ----> peTTM 363 0 0.666639 0.333361 
 ----> peTTM 364 0 0.670788 0.329212 
 ----> peTTM 365 0 0.670516 0.329484 
 ----> peTTM 366 1 0.634465 0.365535 
 ----> peTTM 367 0 0.671273 0.328727 
 ----> peTTM 368 0 0.666896 0.333104 
 ----> peTTM 369 0 0.674461 0.325539 
 ----> peTTM 370 1 0.649489 0.350511 
 ----> peTTM 371 0 0.645302 0.354698 
 ----> peTTM 372 0 0.710678 0.289322 
 ----> peTTM 373 0 0.691699 0.308301 
 ----> peTTM 374 0 0.62998 0.37002 
 ----> peTTM 375 1 0.645748 0.354252 
 ----> peTTM 376 0 0.695631 0.304369 
 ----> peTTM 377 0 0.679066 0.320934 
 ----> peTTM 378 1 0.654518 0.345482 
 ----> peTTM 379 0 0.671755 0.328245 
 ----> peTTM 380 0 0.699082 0.300918 
 ----> peTTM 381 0 0.693622 0.306378 
 ----> peTTM 382 0 0.694764 0.305236 
 ----> peTTM 383 0 0.692625 0.307375 
 ----> peTTM 384 0 0.705686 0.294314 
 ----> peTTM 385 1 0.673588 0.326412 
 ----> peTTM 386 0 0.687115 0.312885 
 ----> peTTM 387 1 0.618135 0.381865 
 ----> peTTM 388 1 0.670508 0.329492 
 ----> peTTM 389 0 0.650044 0.349956 
 ----> peTTM 390 0 0.665341 0.334659 
 ----> peTTM 391 0 0.63811 0.36189 
 ----> peTTM 392 1 0.626489 0.373511 
 ----> peTTM 393 1 0.649138 0.350862 
 ----> peTTM 394 0 0.646467 0.353533 
 ----> peTTM 395 0 0.715536 0.284464 
 ----> peTTM 396 0 0.689329 0.310671 
 ----> peTTM 397 0 0.655065 0.344935 
 ----> peTTM 398 1 0.681984 0.318016 
 ----> peTTM 399 1 0.673037 0.326963 
 ----> peTTM 400 1 0.630957 0.369043 
 ----> peTTM 401 0 0.705231 0.294769 
 ----> peTTM 402 0 0.641923 0.358077 
 ----> peTTM 403 0 0.689502 0.310498 
 ----> peTTM 404 0 0.688875 0.311125 
 ----> peTTM 405 0 0.664346 0.335654 
 ----> peTTM 406 1 0.647779 0.352221 
 ----> peTTM 407 1 0.668781 0.331219 
 ----> peTTM 408 0 0.668045 0.331955 
 ----> peTTM 409 1 0.643685 0.356315 
 ----> peTTM 410 0 0.659575 0.340425 
 ----> peTTM 411 0 0.719506 0.280494 
 ----> peTTM 412 1 0.649202 0.350798 
 ----> peTTM 413 1 0.665924 0.334076 
 ----> peTTM 414 0 0.660672 0.339328 
 ----> peTTM 415 1 0.601286 0.398714 
 ----> peTTM 416 0 0.695792 0.304208 
 ----> peTTM 417 0 0.673341 0.326659 
 ----> peTTM 418 1 0.640273 0.359727 
 ----> peTTM 419 0 0.740173 0.259827 
 ----> peTTM 420 0 0.664299 0.335701 
 ----> peTTM 421 0 0.657155 0.342845 
 ----> peTTM 422 0 0.692175 0.307825 
 ----> peTTM 423 0 0.730604 0.269396 
 ----> peTTM 424 0 0.653645 0.346355 
 ----> peTTM 425 0 0.659512 0.340488 
 ----> peTTM 426 1 0.643542 0.356458 
 ----> peTTM 427 0 0.677591 0.322409 
 ----> peTTM 428 0 0.676761 0.323239 
 ----> peTTM 429 0 0.699103 0.300897 
 ----> peTTM 430 0 0.701689 0.298311 
 ----> peTTM 431 0 0.686788 0.313212 
 ----> peTTM 432 0 0.686838 0.313162 
 ----> peTTM 433 0 0.685987 0.314013 
 ----> peTTM 434 0 0.643518 0.356482 
 ----> peTTM 435 1 0.637797 0.362203 
 ----> peTTM 436 0 0.658107 0.341893 
 ----> peTTM 437 0 0.670108 0.329892 
 ----> peTTM 438 0 0.68969 0.31031 
 ----> peTTM 439 0 0.649341 0.350659 
 ----> peTTM 440 0 0.686971 0.313029 
 ----> peTTM 441 0 0.651637 0.348363 
 ----> peTTM 442 0 0.713363 0.286637 
 ----> peTTM 443 0 0.69432 0.30568 
 ----> peTTM 444 0 0.659749 0.340251 
 ----> peTTM 445 1 0.627148 0.372852 
 ----> peTTM 446 0 0.664937 0.335063 
 ----> peTTM 447 0 0.643562 0.356438 
 ----> peTTM 448 0 0.679992 0.320008 
 ----> peTTM 449 0 0.684605 0.315395 
 ----> peTTM 450 0 0.672144 0.327856 
 ----> peTTM 451 0 0.66194 0.33806 
 ----> peTTM 452 0 0.680136 0.319864 
 ----> peTTM 453 0 0.666909 0.333091 
 ----> peTTM 454 1 0.643593 0.356407 
 ----> peTTM 455 0 0.677722 0.322278 
 ----> peTTM 456 0 0.659056 0.340944 
 ----> peTTM 457 0 0.688778 0.311222 
 ----> peTTM 458 1 0.663149 0.336851 
 ----> peTTM 459 0 0.638759 0.361241 
 ----> peTTM 460 0 0.685725 0.314275 
 ----> peTTM 461 1 0.647838 0.352162 
 ----> peTTM 462 0 0.670298 0.329702 
 ----> peTTM 463 0 0.63995 0.36005 
 ----> peTTM 464 0 0.63475 0.36525 
 ----> peTTM 465 0 0.609256 0.390744 
 ----> peTTM 466 0 0.6291 0.3709 
 ----> peTTM 467 1 0.593731 0.406269 
 ----> peTTM 468 0 0.69354 0.30646 
 ----> peTTM 469 0 0.676106 0.323894 
 ----> peTTM 470 1 0.659381 0.340619 
 ----> peTTM 471 1 0.629772 0.370228 
 ----> peTTM 472 0 0.701394 0.298606 
 ----> peTTM 473 1 0.645223 0.354777 
 ----> peTTM 474 0 0.682736 0.317264 
 ----> peTTM 475 0 0.673564 0.326436 
 ----> peTTM 476 0 0.665073 0.334927 
 ----> peTTM 477 1 0.694298 0.305702 
 ----> peTTM 478 0 0.698632 0.301368 
 ----> peTTM 479 1 0.635649 0.364351 
 ----> peTTM 480 0 0.618391 0.381609 
 ----> peTTM 481 0 0.665595 0.334405 
 ----> peTTM 482 0 0.644666 0.355334 
 ----> peTTM 483 1 0.617357 0.382643 
 ----> peTTM 484 0 0.715903 0.284097 
 ----> peTTM 485 0 0.692935 0.307065 
 ----> peTTM 486 0 0.692403 0.307597 
 ----> peTTM 487 0 0.667289 0.332711 
 ----> peTTM 488 1 0.650354 0.349646 
 ----> peTTM 489 1 0.666921 0.333079 
 ----> peTTM 490 0 0.671207 0.328793 
 ----> peTTM 491 1 0.654757 0.345243 
 ----> peTTM 492 0 0.661037 0.338963 
 ----> peTTM 493 0 0.66786 0.33214 
 ----> peTTM 494 0 0.654034 0.345966 
 ----> peTTM 495 1 0.685188 0.314812 
 ----> peTTM 496 0 0.671933 0.328067 
 ----> peTTM 497 0 0.669094 0.330906 
 ----> peTTM 498 0 0.692624 0.307376 
 ----> peTTM 499 1 0.624714 0.375286 
 ----> peTTM 500 1 0.666868 0.333132 
 ----> peTTM 501 0 0.659983 0.340017 
 ----> peTTM 502 0 0.690767 0.309233 
 ----> peTTM 503 0 0.669993 0.330007 
 ----> peTTM 504 0 0.713069 0.286931 
 ----> peTTM 505 0 0.671524 0.328476 
 ----> peTTM 506 0 0.64891 0.35109 
 ----> peTTM 507 0 0.713801 0.286199 
 ----> peTTM 508 1 0.646203 0.353797 
 ----> peTTM 509 1 0.668666 0.331334 
 ----> peTTM 510 0 0.693944 0.306056 
 ----> peTTM 511 0 0.68747 0.31253 
 ----> peTTM 512 0 0.663641 0.336359 
 ----> peTTM 513 0 0.629172 0.370828 
 ----> peTTM 514 1 0.605496 0.394504 
 ----> peTTM 515 0 0.704785 0.295215 
 ----> peTTM 516 0 0.673024 0.326976 
 ----> peTTM 517 1 0.653227 0.346773 
 ----> peTTM 518 0 0.679648 0.320352 
 ----> peTTM 519 0 0.623868 0.376132 
 ----> peTTM 520 1 0.655228 0.344772 
 ----> peTTM 521 1 0.612875 0.387125 
 ----> peTTM 522 0 0.649537 0.350463 
 ----> peTTM 523 1 0.646051 0.353949 
 ----> peTTM 524 0 0.659749 0.340251 
 ----> peTTM 525 0 0.63513 0.36487 
 ----> peTTM 526 0 0.692314 0.307686 
 ----> peTTM 527 0 0.687529 0.312471 
 ----> peTTM 528 0 0.65646 0.34354 
 ----> peTTM 529 1 0.650374 0.349626 
 ----> peTTM 530 0 0.686573 0.313427 
 ----> peTTM 531 1 0.678449 0.321551 
 ----> peTTM 532 0 0.698042 0.301958 
 ----> peTTM 533 0 0.660882 0.339118 
 ----> peTTM 534 0 0.659772 0.340228 
 ----> peTTM 535 1 0.654273 0.345727 
 ----> peTTM 536 0 0.683854 0.316146 
 ----> peTTM 537 0 0.714542 0.285458 
 ----> peTTM 538 0 0.682876 0.317124 
 ----> peTTM 539 1 0.640424 0.359576 
 ----> peTTM 540 0 0.673896 0.326104 
 ----> peTTM 541 1 0.604802 0.395198 
 ----> peTTM 542 0 0.700835 0.299165 
 ----> peTTM 543 1 0.647084 0.352916 
 ----> peTTM 544 0 0.684426 0.315574 
 ----> peTTM 545 1 0.630816 0.369184 
 ----> peTTM 546 0 0.684961 0.315039 
 ----> peTTM 547 0 0.679221 0.320779 
 ----> peTTM 548 1 0.661201 0.338799 
 ----> peTTM 549 0 0.691426 0.308574 
 ----> peTTM 550 0 0.666567 0.333433 
 ----> peTTM 551 0 0.675387 0.324613 
 ----> peTTM 552 1 0.574666 0.425334 
 ----> peTTM 553 1 0.648971 0.351029 
 ----> peTTM 554 1 0.613512 0.386488 
 ----> peTTM 555 1 0.625775 0.374225 
 ----> peTTM 556 0 0.666152 0.333848 
 ----> peTTM 557 0 0.675903 0.324097 
 ----> peTTM 558 0 0.646906 0.353094 
 ----> peTTM 559 0 0.715734 0.284266 
 ----> peTTM 560 0 0.681821 0.318179 
 ----> peTTM 561 1 0.649935 0.350065 
 ----> peTTM 562 0 0.683883 0.316117 
 ----> peTTM 563 0 0.641476 0.358524 
 ----> peTTM 564 0 0.688102 0.311898 
 ----> peTTM 565 0 0.673113 0.326887 
 ----> peTTM 566 0 0.667458 0.332542 
 ----> peTTM 567 0 0.6816 0.3184 
 ----> peTTM 568 0 0.677579 0.322421 
 ----> peTTM 569 1 0.643363 0.356637 
 ----> peTTM 570 0 0.682351 0.317649 
 ----> peTTM 571 1 0.635844 0.364156 
 ----> peTTM 572 0 0.688116 0.311884 
 ----> peTTM 573 0 0.690986 0.309014 
 ----> peTTM 574 0 0.668981 0.331019 
 ----> peTTM 575 1 0.660097 0.339903 
 ----> peTTM 576 0 0.721623 0.278377 
 ----> peTTM 577 1 0.609511 0.390489 
 ----> peTTM 578 0 0.701883 0.298117 
 ----> peTTM 579 0 0.698066 0.301934 
 ----> peTTM 580 1 0.630235 0.369765 
 ----> peTTM 581 0 0.739552 0.260448 
 ----> peTTM 582 0 0.680721 0.319279 
 ----> peTTM 583 1 0.622824 0.377176 
 ----> peTTM 584 0 0.684314 0.315686 
 ----> peTTM 585 0 0.674958 0.325042 
 ----> peTTM 586 0 0.697243 0.302757 
 ----> peTTM 587 0 0.667867 0.332133 
 ----> peTTM 588 0 0.693384 0.306616 
 ----> peTTM 589 1 0.657374 0.342626 
 ----> peTTM 590 0 0.690439 0.309561 
 ----> peTTM 591 1 0.691329 0.308671 
 ----> peTTM 592 1 0.642937 0.357063 
 ----> peTTM 593 0 0.671523 0.328477 
 ----> peTTM 594 0 0.681257 0.318743 
 ----> peTTM 595 0 0.645326 0.354674 
 ----> peTTM 596 0 0.667128 0.332872 
 ----> peTTM 597 0 0.661556 0.338444 
 ----> peTTM 598 0 0.69368 0.30632 
 ----> peTTM 599 0 0.69762 0.30238 
 ----> peTTM 600 0 0.704461 0.295539 
 ----> peTTM 601 0 0.628763 0.371237 
 ----> peTTM 602 1 0.680615 0.319385 
 ----> peTTM 603 0 0.640547 0.359453 
 ----> peTTM 604 0 0.691559 0.308441 
 ----> peTTM 605 0 0.650717 0.349283 
 ----> peTTM 606 0 0.665943 0.334057 
 ----> peTTM 607 1 0.60935 0.39065 
 ----> peTTM 608 0 0.650916 0.349084 
 ----> peTTM 609 0 0.674022 0.325978 
 ----> peTTM 610 0 0.637278 0.362722 
 ----> peTTM 611 0 0.674353 0.325647 
 ----> peTTM 612 0 0.683187 0.316813 
 ----> peTTM 613 0 0.661222 0.338778 
 ----> peTTM 614 0 0.699485 0.300515 
 ----> peTTM 615 0 0.653337 0.346663 
 ----> peTTM 616 0 0.659945 0.340055 
 ----> peTTM 617 0 0.719669 0.280331 
 ----> peTTM 618 0 0.701032 0.298968 
 ----> peTTM 619 1 0.61462 0.38538 
 ----> peTTM 620 0 0.707482 0.292518 
 ----> peTTM 621 0 0.680032 0.319968 
 ----> peTTM 622 0 0.702861 0.297139 
 ----> peTTM 623 1 0.640252 0.359748 
 ----> peTTM 624 0 0.675615 0.324385 
 ----> peTTM 625 0 0.640578 0.359422 
 ----> peTTM 626 0 0.653909 0.346091 
 ----> peTTM 627 0 0.672187 0.327813 
 ----> peTTM 628 1 0.647002 0.352998 
 ----> peTTM 629 0 0.674435 0.325565 
 ----> peTTM 630 0 0.692297 0.307703 
 ----> peTTM 631 1 0.673946 0.326054 
 ----> peTTM 632 1 0.64798 0.35202 
 ----> peTTM 633 0 0.681547 0.318453 
 ----> peTTM 634 1 0.647791 0.352209 
 ----> peTTM 635 0 0.705111 0.294889 
 ----> peTTM 636 1 0.667764 0.332236 
 ----> peTTM 637 0 0.668154 0.331846 
 ----> peTTM 638 0 0.669422 0.330578 
 ----> peTTM 639 1 0.652976 0.347024 
 ----> peTTM 640 0 0.68164 0.31836 
 ----> peTTM 641 0 0.683835 0.316165 
 ----> peTTM 642 0 0.679394 0.320606 
 ----> peTTM 643 0 0.686443 0.313557 
 ----> peTTM 644 0 0.705519 0.294481 
 ----> peTTM 645 0 0.689452 0.310548 
 ----> peTTM 646 1 0.662082 0.337918 
 ----> peTTM 647 0 0.693286 0.306714 
 ----> peTTM 648 0 0.697414 0.302586 
 ----> peTTM 649 0 0.662942 0.337058 
 ----> peTTM 650 0 0.685133 0.314867 
 ----> peTTM 651 1 0.675323 0.324677 
 ----> peTTM 652 0 0.657992 0.342008 
 ----> peTTM 653 1 0.676547 0.323453 
 ----> peTTM 654 0 0.69079 0.30921 
 ----> peTTM 655 0 0.689743 0.310257 
 ----> peTTM 656 0 0.664199 0.335801 
 ----> peTTM 657 0 0.703947 0.296053 
 ----> peTTM 658 0 0.680486 0.319514 
 ----> peTTM 659 0 0.672642 0.327358 
 ----> peTTM 660 0 0.670591 0.329409 
 ----> peTTM 661 0 0.663486 0.336514 
 ----> peTTM 662 0 0.692722 0.307278 
 ----> peTTM 663 1 0.649182 0.350818 
 ----> peTTM 664 1 0.648771 0.351229 
 ----> peTTM 665 0 0.69257 0.30743 
 ----> peTTM 666 0 0.66416 0.33584 
 ----> peTTM 667 0 0.675252 0.324748 
 ----> peTTM 668 0 0.651619 0.348381 
 ----> peTTM 669 0 0.632775 0.367225 
 ----> peTTM 670 0 0.608246 0.391754 
 ----> peTTM 671 0 0.663985 0.336015 
 ----> peTTM 672 0 0.671294 0.328706 
 ----> peTTM 673 0 0.677366 0.322634 
 ----> peTTM 674 1 0.665983 0.334017 
 ----> peTTM 675 1 0.638494 0.361506 
 ----> peTTM 676 0 0.695755 0.304245 
 ----> peTTM 677 1 0.656608 0.343392 
 ----> peTTM 678 1 0.648148 0.351852 
 ----> peTTM 679 0 0.652363 0.347637 
 ----> peTTM 680 1 0.610306 0.389694 
 ----> peTTM 681 0 0.692395 0.307605 
 ----> peTTM 682 0 0.664211 0.335789 
 ----> peTTM 683 0 0.661271 0.338729 
 ----> peTTM 684 0 0.722723 0.277277 
 ----> peTTM 685 0 0.655885 0.344115 
 ----> peTTM 686 0 0.663605 0.336395 
 ----> peTTM 687 0 0.709794 0.290206 
 ----> peTTM 688 0 0.665065 0.334935 
 ----> peTTM 689 0 0.654379 0.345621 
 ----> peTTM 690 1 0.590727 0.409273 
 ----> peTTM 691 0 0.711242 0.288758 
 ----> peTTM 692 0 0.689411 0.310589 
 ----> peTTM 693 1 0.64511 0.35489 
 ----> peTTM 694 0 0.678003 0.321997 
 ----> peTTM 695 0 0.713166 0.286834 
 ----> peTTM 696 0 0.670859 0.329141 
 ----> peTTM 697 0 0.688683 0.311317 
 ----> peTTM 698 1 0.64548 0.35452 
 ----> peTTM 699 0 0.687149 0.312851 
 ----> peTTM 700 1 0.675896 0.324104 
 ----> peTTM 701 0 0.630942 0.369058 
 ----> peTTM 702 0 0.661237 0.338763 
 ----> peTTM 703 0 0.672785 0.327215 
 ----> peTTM 704 0 0.66571 0.33429 
 ----> peTTM 705 0 0.692945 0.307055 
 ----> peTTM 706 0 0.69922 0.30078 
 ----> peTTM 707 0 0.683437 0.316563 
 ----> peTTM 708 0 0.677148 0.322852 
 ----> peTTM 709 0 0.703937 0.296063 
 ----> peTTM 710 0 0.692497 0.307503 
 ----> peTTM 711 0 0.675631 0.324369 
 ----> peTTM 712 0 0.684727 0.315273 
 ----> peTTM 713 1 0.651436 0.348564 
 ----> peTTM 714 1 0.687543 0.312457 
 ----> peTTM 715 1 0.694115 0.305885 
 ----> peTTM 716 1 0.62322 0.37678 
 ----> peTTM 717 0 0.682213 0.317787 
 ----> peTTM 718 0 0.638899 0.361101 
