 ----> peTTM 1 1 0 0 
 ----> peTTM 2 0 0 0 
 ----> peTTM 3 1 0 0 
 ----> peTTM 4 1 0 0 
 ----> peTTM 5 1 0.652429 0.347571 
 ----> peTTM 6 1 0.660839 0.339161 
 ----> peTTM 7 0 0.631404 0.368596 
 ----> peTTM 8 0 0.674325 0.325675 
 ----> peTTM 9 0 0.648904 0.351096 
 ----> peTTM 10 1 0.643272 0.356728 
 ----> peTTM 11 1 0.655587 0.344413 
 ----> peTTM 12 0 0.620798 0.379202 
 ----> peTTM 13 0 0.669282 0.330718 
 ----> peTTM 14 1 0.603644 0.396356 
 ----> peTTM 15 1 0.625895 0.374105 
 ----> peTTM 16 1 0.620371 0.379629 
 ----> peTTM 17 1 0.660471 0.339529 
 ----> peTTM 18 0 0.630936 0.369064 
 ----> peTTM 19 0 0.611584 0.388416 
 ----> peTTM 20 0 0.647684 0.352316 
 ----> peTTM 21 1 0.66336 0.33664 
 ----> peTTM 22 0 0.636676 0.363324 
 ----> peTTM 23 0 0.645506 0.354494 
 ----> peTTM 24 0 0.628143 0.371857 
 ----> peTTM 25 0 0.63904 0.36096 
 ----> peTTM 26 1 0.668968 0.331032 
 ----> peTTM 27 1 0.660763 0.339237 
 ----> peTTM 28 1 0.664347 0.335653 
 ----> peTTM 29 0 0.639842 0.360158 
 ----> peTTM 30 0 0.634169 0.365831 
 ----> peTTM 31 0 0.657775 0.342225 
 ----> peTTM 32 0 0.692722 0.307278 
 ----> peTTM 33 0 0.634101 0.365899 
 ----> peTTM 34 0 0.617787 0.382213 
 ----> peTTM 35 1 0.657137 0.342863 
 ----> peTTM 36 0 0.676554 0.323446 
 ----> peTTM 37 0 0.659415 0.340585 
 ----> peTTM 38 0 0.663058 0.336942 
 ----> peTTM 39 0 0.65939 0.34061 
 ----> peTTM 40 1 0.648693 0.351307 
 ----> peTTM 41 1 0.660609 0.339391 
 ----> peTTM 42 1 0.650819 0.349181 
 ----> peTTM 43 0 0.662894 0.337106 
 ----> peTTM 44 1 0.63673 0.36327 
 ----> peTTM 45 1 0.630032 0.369968 
 ----> peTTM 46 0 0.688109 0.311891 
 ----> peTTM 47 1 0.673225 0.326775 
 ----> peTTM 48 1 0.669475 0.330525 
 ----> peTTM 49 1 0.627082 0.372918 
 ----> peTTM 50 1 0.650574 0.349426 
 ----> peTTM 51 0 0.652553 0.347447 
 ----> peTTM 52 1 0.622282 0.377718 
 ----> peTTM 53 0 0.666443 0.333557 
 ----> peTTM 54 0 0.677304 0.322696 
 ----> peTTM 55 0 0.650482 0.349518 
 ----> peTTM 56 1 0.636462 0.363538 
 ----> peTTM 57 1 0.665057 0.334943 
 ----> peTTM 58 0 0.659373 0.340627 
 ----> peTTM 59 1 0.671365 0.328635 
 ----> peTTM 60 0 0.652625 0.347375 
 ----> peTTM 61 0 0.692276 0.307724 
 ----> peTTM 62 0 0.647727 0.352273 
 ----> peTTM 63 1 0.620423 0.379577 
 ----> peTTM 64 1 0.676219 0.323781 
 ----> peTTM 65 0 0.600244 0.399756 
 ----> peTTM 66 0 0.668052 0.331948 
 ----> peTTM 67 1 0.657135 0.342865 
 ----> peTTM 68 1 0.660773 0.339227 
 ----> peTTM 69 0 0.684941 0.315059 
 ----> peTTM 70 1 0.65312 0.34688 
 ----> peTTM 71 1 0.661432 0.338568 
 ----> peTTM 72 1 0.634498 0.365502 
 ----> peTTM 73 0 0.660124 0.339876 
 ----> peTTM 74 0 0.682561 0.317439 
 ----> peTTM 75 0 0.685778 0.314222 
 ----> peTTM 76 1 0.621526 0.378474 
 ----> peTTM 77 0 0.644388 0.355612 
 ----> peTTM 78 1 0.670336 0.329664 
 ----> peTTM 79 0 0.680792 0.319208 
 ----> peTTM 80 1 0.658669 0.341331 
 ----> peTTM 81 1 0.592187 0.407813 
 ----> peTTM 82 1 0.55682 0.44318 
 ----> peTTM 83 1 0.706105 0.293895 
 ----> peTTM 84 1 0.627161 0.372839 
 ----> peTTM 85 0 0.669862 0.330138 
 ----> peTTM 86 0 0.648834 0.351166 
 ----> peTTM 87 1 0.67906 0.32094 
 ----> peTTM 88 1 0.586912 0.413088 
 ----> peTTM 89 1 0.607096 0.392904 
 ----> peTTM 90 1 0.493259 0.506741 
 ----> peTTM 91 1 0.557785 0.442215 
 ----> peTTM 92 0 0.670725 0.329275 
 ----> peTTM 93 0 0.601743 0.398257 
 ----> peTTM 94 1 0.655767 0.344233 
 ----> peTTM 95 0 0.681423 0.318577 
 ----> peTTM 96 0 0.590844 0.409156 
 ----> peTTM 97 1 0.697953 0.302047 
 ----> peTTM 98 1 0.663332 0.336668 
 ----> peTTM 99 1 0.633252 0.366748 
 ----> peTTM 100 0 0.617759 0.382241 
 ----> peTTM 101 1 0.588452 0.411548 
 ----> peTTM 102 0 0.668604 0.331396 
 ----> peTTM 103 0 0.681189 0.318811 
 ----> peTTM 104 0 0.63232 0.36768 
 ----> peTTM 105 1 0.638367 0.361633 
 ----> peTTM 106 0 0.643909 0.356091 
 ----> peTTM 107 0 0.677029 0.322971 
 ----> peTTM 108 0 0.689284 0.310716 
 ----> peTTM 109 0 0.696039 0.303961 
 ----> peTTM 110 1 0.60289 0.39711 
 ----> peTTM 111 0 0.702022 0.297978 
 ----> peTTM 112 0 0.666683 0.333317 
 ----> peTTM 113 1 0.64839 0.35161 
 ----> peTTM 114 1 0.607848 0.392152 
 ----> peTTM 115 0 0.702132 0.297868 
 ----> peTTM 116 0 0.652057 0.347943 
 ----> peTTM 117 1 0.652195 0.347805 
 ----> peTTM 118 1 0.679093 0.320907 
 ----> peTTM 119 1 0.677731 0.322269 
 ----> peTTM 120 0 0.656454 0.343546 
 ----> peTTM 121 0 0.678938 0.321062 
 ----> peTTM 122 1 0.651994 0.348006 
 ----> peTTM 123 1 0.685018 0.314982 
 ----> peTTM 124 0 0.684814 0.315186 
 ----> peTTM 125 1 0.622465 0.377535 
 ----> peTTM 126 0 0.661789 0.338211 
 ----> peTTM 127 0 0.69818 0.30182 
 ----> peTTM 128 0 0.659271 0.340729 
 ----> peTTM 129 1 0.61284 0.38716 
 ----> peTTM 130 0 0.610892 0.389108 
 ----> peTTM 131 0 0.76176 0.23824 
 ----> peTTM 132 0 0.728144 0.271856 
 ----> peTTM 133 1 0.624993 0.375007 
 ----> peTTM 134 1 0.595644 0.404356 
 ----> peTTM 135 1 0.673818 0.326182 
 ----> peTTM 136 0 0.672209 0.327791 
 ----> peTTM 137 1 0.606714 0.393286 
 ----> peTTM 138 0 0.657012 0.342988 
 ----> peTTM 139 0 0.68763 0.31237 
 ----> peTTM 140 1 0.638248 0.361752 
 ----> peTTM 141 0 0.680016 0.319984 
 ----> peTTM 142 1 0.667419 0.332581 
 ----> peTTM 143 0 0.64193 0.35807 
 ----> peTTM 144 1 0.66911 0.33089 
 ----> peTTM 145 0 0.656777 0.343223 
 ----> peTTM 146 0 0.683054 0.316946 
 ----> peTTM 147 0 0.677464 0.322536 
 ----> peTTM 148 0 0.668567 0.331433 
 ----> peTTM 149 1 0.650584 0.349416 
 ----> peTTM 150 1 0.687257 0.312743 
 ----> peTTM 151 1 0.645286 0.354714 
 ----> peTTM 152 0 0.68385 0.31615 
 ----> peTTM 153 0 0.630462 0.369538 
 ----> peTTM 154 0 0.676304 0.323696 
 ----> peTTM 155 1 0.670557 0.329443 
 ----> peTTM 156 1 0.672614 0.327386 
 ----> peTTM 157 1 0.599987 0.400013 
 ----> peTTM 158 0 0.600569 0.399431 
 ----> peTTM 159 1 0.726492 0.273508 
 ----> peTTM 160 0 0.655216 0.344784 
 ----> peTTM 161 0 0.634736 0.365264 
 ----> peTTM 162 1 0.679306 0.320694 
 ----> peTTM 163 1 0.639356 0.360644 
 ----> peTTM 164 1 0.606304 0.393696 
 ----> peTTM 165 1 0.658808 0.341192 
 ----> peTTM 166 0 0.641127 0.358873 
 ----> peTTM 167 1 0.622008 0.377992 
 ----> peTTM 168 0 0.698622 0.301378 
 ----> peTTM 169 0 0.665435 0.334565 
 ----> peTTM 170 1 0.649115 0.350885 
 ----> peTTM 171 1 0.639086 0.360914 
 ----> peTTM 172 0 0.69844 0.30156 
 ----> peTTM 173 1 0.645966 0.354034 
 ----> peTTM 174 0 0.63619 0.36381 
 ----> peTTM 175 1 0.638709 0.361291 
 ----> peTTM 176 0 0.646859 0.353141 
 ----> peTTM 177 0 0.626626 0.373374 
 ----> peTTM 178 1 0.65265 0.34735 
 ----> peTTM 179 0 0.650535 0.349465 
 ----> peTTM 180 0 0.678631 0.321369 
 ----> peTTM 181 0 0.607206 0.392794 
 ----> peTTM 182 0 0.667786 0.332214 
 ----> peTTM 183 1 0.674341 0.325659 
 ----> peTTM 184 1 0.662894 0.337106 
 ----> peTTM 185 0 0.649634 0.350366 
 ----> peTTM 186 0 0.65117 0.34883 
 ----> peTTM 187 0 0.652387 0.347613 
 ----> peTTM 188 1 0.612261 0.387739 
 ----> peTTM 189 1 0.642444 0.357556 
 ----> peTTM 190 0 0.697399 0.302601 
 ----> peTTM 191 0 0.653337 0.346663 
 ----> peTTM 192 1 0.654272 0.345728 
 ----> peTTM 193 0 0.655715 0.344285 
 ----> peTTM 194 0 0.659008 0.340992 
 ----> peTTM 195 0 0.630328 0.369672 
 ----> peTTM 196 1 0.600869 0.399131 
 ----> peTTM 197 0 0.683517 0.316483 
 ----> peTTM 198 0 0.733274 0.266726 
 ----> peTTM 199 0 0.680689 0.319311 
 ----> peTTM 200 0 0.663713 0.336287 
 ----> peTTM 201 0 0.672684 0.327316 
 ----> peTTM 202 0 0.678401 0.321599 
 ----> peTTM 203 1 0.655637 0.344363 
 ----> peTTM 204 1 0.640278 0.359722 
 ----> peTTM 205 0 0.686834 0.313166 
 ----> peTTM 206 1 0.648934 0.351066 
 ----> peTTM 207 1 0.666345 0.333655 
 ----> peTTM 208 0 0.684296 0.315704 
 ----> peTTM 209 0 0.691299 0.308701 
 ----> peTTM 210 0 0.664258 0.335742 
 ----> peTTM 211 0 0.700312 0.299688 
 ----> peTTM 212 0 0.67402 0.32598 
 ----> peTTM 213 1 0.635236 0.364764 
 ----> peTTM 214 0 0.674336 0.325664 
 ----> peTTM 215 1 0.588807 0.411193 
 ----> peTTM 216 0 0.680082 0.319918 
 ----> peTTM 217 1 0.626207 0.373793 
 ----> peTTM 218 0 0.680571 0.319429 
 ----> peTTM 219 0 0.642242 0.357758 
 ----> peTTM 220 0 0.665104 0.334896 
 ----> peTTM 221 0 0.648 0.352 
 ----> peTTM 222 1 0.642909 0.357091 
 ----> peTTM 223 1 0.660992 0.339008 
 ----> peTTM 224 0 0.687526 0.312474 
 ----> peTTM 225 1 0.722491 0.277509 
 ----> peTTM 226 1 0.713679 0.286321 
 ----> peTTM 227 0 0.677955 0.322045 
 ----> peTTM 228 0 0.702909 0.297091 
 ----> peTTM 229 0 0.67284 0.32716 
 ----> peTTM 230 0 0.644695 0.355305 
 ----> peTTM 231 0 0.658355 0.341645 
 ----> peTTM 232 1 0.711708 0.288292 
 ----> peTTM 233 0 0.662195 0.337805 
 ----> peTTM 234 0 0.651347 0.348653 
 ----> peTTM 235 0 0.677038 0.322962 
 ----> peTTM 236 1 0.635069 0.364931 
 ----> peTTM 237 0 0.636682 0.363318 
 ----> peTTM 238 0 0.726975 0.273025 
 ----> peTTM 239 0 0.704063 0.295937 
 ----> peTTM 240 1 0.652056 0.347944 
 ----> peTTM 241 0 0.667297 0.332703 
 ----> peTTM 242 1 0.66779 0.33221 
 ----> peTTM 243 0 0.678032 0.321968 
 ----> peTTM 244 1 0.672598 0.327402 
 ----> peTTM 245 1 0.689323 0.310677 
 ----> peTTM 246 0 0.699589 0.300411 
 ----> peTTM 247 0 0.657593 0.342407 
 ----> peTTM 248 1 0.645923 0.354077 
 ----> peTTM 249 1 0.663026 0.336974 
 ----> peTTM 250 0 0.679911 0.320089 
 ----> peTTM 251 0 0.678087 0.321913 
 ----> peTTM 252 0 0.654255 0.345745 
 ----> peTTM 253 1 0.664222 0.335778 
 ----> peTTM 254 0 0.697187 0.302813 
 ----> peTTM 255 1 0.612442 0.387558 
 ----> peTTM 256 0 0.635385 0.364615 
 ----> peTTM 257 0 0.701121 0.298879 
 ----> peTTM 258 0 0.697633 0.302367 
 ----> peTTM 259 0 0.721062 0.278938 
 ----> peTTM 260 1 0.688562 0.311438 
 ----> peTTM 261 1 0.630374 0.369626 
 ----> peTTM 262 0 0.672801 0.327199 
 ----> peTTM 263 1 0.645275 0.354725 
 ----> peTTM 264 1 0.625651 0.374349 
 ----> peTTM 265 1 0.65809 0.34191 
 ----> peTTM 266 0 0.700242 0.299758 
 ----> peTTM 267 0 0.670557 0.329443 
 ----> peTTM 268 0 0.643368 0.356632 
 ----> peTTM 269 0 0.616419 0.383581 
 ----> peTTM 270 1 0.678486 0.321514 
 ----> peTTM 271 1 0.573174 0.426826 
 ----> peTTM 272 0 0.684347 0.315653 
 ----> peTTM 273 0 0.697532 0.302468 
 ----> peTTM 274 1 0.568862 0.431138 
 ----> peTTM 275 1 0.603066 0.396934 
 ----> peTTM 276 0 0.68108 0.31892 
 ----> peTTM 277 0 0.682837 0.317163 
 ----> peTTM 278 0 0.681332 0.318668 
 ----> peTTM 279 1 0.675347 0.324653 
 ----> peTTM 280 1 0.624759 0.375241 
 ----> peTTM 281 0 0.693052 0.306948 
 ----> peTTM 282 1 0.690696 0.309304 
 ----> peTTM 283 1 0.649684 0.350316 
 ----> peTTM 284 1 0.595109 0.404891 
 ----> peTTM 285 0 0.673933 0.326067 
 ----> peTTM 286 0 0.664062 0.335938 
 ----> peTTM 287 0 0.669832 0.330168 
 ----> peTTM 288 1 0.659841 0.340159 
 ----> peTTM 289 0 0.626234 0.373766 
 ----> peTTM 290 0 0.651629 0.348371 
 ----> peTTM 291 1 0.677556 0.322444 
 ----> peTTM 292 0 0.677852 0.322148 
 ----> peTTM 293 1 0.555106 0.444894 
 ----> peTTM 294 1 0.672145 0.327855 
 ----> peTTM 295 0 0.689275 0.310725 
 ----> peTTM 296 0 0.688312 0.311688 
 ----> peTTM 297 0 0.659574 0.340426 
 ----> peTTM 298 1 0.645794 0.354206 
 ----> peTTM 299 0 0.680613 0.319387 
 ----> peTTM 300 0 0.696438 0.303562 
 ----> peTTM 301 0 0.675401 0.324599 
 ----> peTTM 302 0 0.675457 0.324543 
 ----> peTTM 303 0 0.635168 0.364832 
 ----> peTTM 304 0 0.681474 0.318526 
 ----> peTTM 305 0 0.674104 0.325896 
 ----> peTTM 306 0 0.673917 0.326083 
 ----> peTTM 307 1 0.519724 0.480276 
 ----> peTTM 308 0 0.631348 0.368652 
 ----> peTTM 309 1 0.597826 0.402174 
 ----> peTTM 310 0 0.670646 0.329354 
 ----> peTTM 311 0 0.721696 0.278304 
 ----> peTTM 312 0 0.665256 0.334744 
 ----> peTTM 313 1 0.695347 0.304653 
 ----> peTTM 314 0 0.71825 0.28175 
 ----> peTTM 315 0 0.683206 0.316794 
 ----> peTTM 316 0 0.673693 0.326307 
 ----> peTTM 317 0 0.637094 0.362906 
 ----> peTTM 318 0 0.685769 0.314231 
 ----> peTTM 319 0 0.657343 0.342657 
 ----> peTTM 320 0 0.637384 0.362616 
 ----> peTTM 321 1 0.646418 0.353582 
 ----> peTTM 322 1 0.681026 0.318974 
 ----> peTTM 323 0 0.700302 0.299698 
 ----> peTTM 324 0 0.766485 0.233515 
 ----> peTTM 325 0 0.709498 0.290502 
 ----> peTTM 326 1 0.68506 0.31494 
 ----> peTTM 327 1 0.642287 0.357713 
 ----> peTTM 328 0 0.646287 0.353713 
 ----> peTTM 329 0 0.659013 0.340987 
 ----> peTTM 330 0 0.640718 0.359282 
 ----> peTTM 331 0 0.648031 0.351969 
 ----> peTTM 332 0 0.692611 0.307389 
 ----> peTTM 333 1 0.668592 0.331408 
 ----> peTTM 334 1 0.663979 0.336021 
 ----> peTTM 335 0 0.683386 0.316614 
 ----> peTTM 336 1 0.641234 0.358766 
 ----> peTTM 337 1 0.654137 0.345863 
 ----> peTTM 338 1 0.655763 0.344237 
 ----> peTTM 339 0 0.691543 0.308457 
 ----> peTTM 340 0 0.695241 0.304759 
 ----> peTTM 341 1 0.59658 0.40342 
 ----> peTTM 342 1 0.668842 0.331158 
 ----> peTTM 343 0 0.673227 0.326773 
 ----> peTTM 344 0 0.665723 0.334277 
 ----> peTTM 345 0 0.713142 0.286858 
 ----> peTTM 346 0 0.704862 0.295138 
 ----> peTTM 347 1 0.593346 0.406654 
 ----> peTTM 348 0 0.671062 0.328938 
 ----> peTTM 349 0 0.720073 0.279927 
 ----> peTTM 350 1 0.61909 0.38091 
 ----> peTTM 351 0 0.662472 0.337528 
 ----> peTTM 352 0 0.658281 0.341719 
 ----> peTTM 353 0 0.696082 0.303918 
 ----> peTTM 354 0 0.655798 0.344202 
 ----> peTTM 355 0 0.666871 0.333129 
 ----> peTTM 356 0 0.677289 0.322711 
 ----> peTTM 357 1 0.622917 0.377083 
 ----> peTTM 358 0 0.658713 0.341287 
 ----> peTTM 359 0 0.675452 0.324548 
 ----> peTTM 360 0 0.693318 0.306682 
 ----> peTTM 361 0 0.581525 0.418475 
 ----> peTTM 362 1 0.65322 0.34678 
 ----> peTTM 363 0 0.683103 0.316897 
 ----> peTTM 364 0 0.693101 0.306899 
 ----> peTTM 365 0 0.670887 0.329113 
 ----> peTTM 366 1 0.598033 0.401967 
 ----> peTTM 367 0 0.728878 0.271122 
 ----> peTTM 368 0 0.74822 0.25178 
 ----> peTTM 369 0 0.733635 0.266365 
 ----> peTTM 370 1 0.69399 0.30601 
 ----> peTTM 371 0 0.691769 0.308231 
 ----> peTTM 372 0 0.672945 0.327055 
 ----> peTTM 373 0 0.695747 0.304253 
 ----> peTTM 374 0 0.649019 0.350981 
 ----> peTTM 375 1 0.65557 0.34443 
 ----> peTTM 376 0 0.626811 0.373189 
 ----> peTTM 377 0 0.700189 0.299811 
 ----> peTTM 378 1 0.645679 0.354321 
 ----> peTTM 379 0 0.645697 0.354303 
 ----> peTTM 380 0 0.678501 0.321499 
 ----> peTTM 381 0 0.650432 0.349568 
 ----> peTTM 382 0 0.642377 0.357623 
 ----> peTTM 383 0 0.686287 0.313713 
 ----> peTTM 384 0 0.712562 0.287438 
 ----> peTTM 385 1 0.594376 0.405624 
 ----> peTTM 386 0 0.681353 0.318647 
 ----> peTTM 387 1 0.660728 0.339272 
 ----> peTTM 388 1 0.675727 0.324273 
 ----> peTTM 389 0 0.717645 0.282355 
 ----> peTTM 390 0 0.670301 0.329699 
 ----> peTTM 391 0 0.652451 0.347549 
 ----> peTTM 392 1 0.690517 0.309483 
 ----> peTTM 393 1 0.665802 0.334198 
 ----> peTTM 394 0 0.685913 0.314087 
 ----> peTTM 395 0 0.657373 0.342627 
 ----> peTTM 396 0 0.68504 0.31496 
 ----> peTTM 397 0 0.732398 0.267602 
 ----> peTTM 398 1 0.651877 0.348123 
 ----> peTTM 399 1 0.603024 0.396976 
 ----> peTTM 400 1 0.682901 0.317099 
 ----> peTTM 401 0 0.689191 0.310809 
 ----> peTTM 402 0 0.634097 0.365903 
 ----> peTTM 403 0 0.66735 0.33265 
 ----> peTTM 404 0 0.654442 0.345558 
 ----> peTTM 405 0 0.697117 0.302883 
 ----> peTTM 406 1 0.661864 0.338136 
 ----> peTTM 407 1 0.609209 0.390791 
 ----> peTTM 408 0 0.668355 0.331645 
 ----> peTTM 409 1 0.652389 0.347611 
 ----> peTTM 410 0 0.660156 0.339844 
 ----> peTTM 411 0 0.704388 0.295612 
 ----> peTTM 412 1 0.705881 0.294119 
 ----> peTTM 413 1 0.631991 0.368009 
 ----> peTTM 414 0 0.658491 0.341509 
 ----> peTTM 415 1 0.649423 0.350577 
 ----> peTTM 416 0 0.625212 0.374788 
 ----> peTTM 417 0 0.685431 0.314569 
 ----> peTTM 418 1 0.616679 0.383321 
 ----> peTTM 419 0 0.662238 0.337762 
 ----> peTTM 420 0 0.737704 0.262296 
 ----> peTTM 421 0 0.701984 0.298016 
 ----> peTTM 422 0 0.653414 0.346586 
 ----> peTTM 423 0 0.68725 0.31275 
 ----> peTTM 424 0 0.713243 0.286757 
 ----> peTTM 425 0 0.678258 0.321742 
 ----> peTTM 426 1 0.654926 0.345074 
 ----> peTTM 427 0 0.645957 0.354043 
 ----> peTTM 428 0 0.690719 0.309281 
 ----> peTTM 429 0 0.647875 0.352125 
 ----> peTTM 430 0 0.676783 0.323217 
 ----> peTTM 431 0 0.721541 0.278459 
 ----> peTTM 432 0 0.696095 0.303905 
 ----> peTTM 433 0 0.747923 0.252077 
 ----> peTTM 434 0 0.674274 0.325726 
 ----> peTTM 435 1 0.655765 0.344235 
 ----> peTTM 436 0 0.614621 0.385379 
 ----> peTTM 437 0 0.684414 0.315586 
 ----> peTTM 438 0 0.663386 0.336614 
 ----> peTTM 439 0 0.628876 0.371124 
 ----> peTTM 440 0 0.69008 0.30992 
 ----> peTTM 441 0 0.660912 0.339088 
 ----> peTTM 442 0 0.704871 0.295129 
 ----> peTTM 443 0 0.715971 0.284029 
 ----> peTTM 444 0 0.683135 0.316865 
 ----> peTTM 445 1 0.658107 0.341893 
 ----> peTTM 446 0 0.684813 0.315187 
 ----> peTTM 447 0 0.647151 0.352849 
 ----> peTTM 448 0 0.649435 0.350565 
 ----> peTTM 449 0 0.645766 0.354234 
 ----> peTTM 450 0 0.683254 0.316746 
 ----> peTTM 451 0 0.73767 0.26233 
 ----> peTTM 452 0 0.677343 0.322657 
 ----> peTTM 453 0 0.631701 0.368299 
 ----> peTTM 454 1 0.543782 0.456218 
 ----> peTTM 455 0 0.650965 0.349035 
 ----> peTTM 456 0 0.667675 0.332325 
 ----> peTTM 457 0 0.667817 0.332183 
 ----> peTTM 458 1 0.693228 0.306772 
 ----> peTTM 459 0 0.699232 0.300768 
 ----> peTTM 460 0 0.65248 0.34752 
 ----> peTTM 461 1 0.663763 0.336237 
 ----> peTTM 462 0 0.688712 0.311288 
 ----> peTTM 463 0 0.647289 0.352711 
 ----> peTTM 464 0 0.645801 0.354199 
 ----> peTTM 465 0 0.712059 0.287941 
 ----> peTTM 466 0 0.690919 0.309081 
 ----> peTTM 467 1 0.645708 0.354292 
 ----> peTTM 468 0 0.681201 0.318799 
 ----> peTTM 469 0 0.656046 0.343954 
 ----> peTTM 470 1 0.622291 0.377709 
 ----> peTTM 471 1 0.691402 0.308598 
 ----> peTTM 472 0 0.670816 0.329184 
 ----> peTTM 473 1 0.682625 0.317375 
 ----> peTTM 474 0 0.727117 0.272883 
 ----> peTTM 475 0 0.690173 0.309827 
 ----> peTTM 476 0 0.723331 0.276669 
 ----> peTTM 477 1 0.668112 0.331888 
 ----> peTTM 478 0 0.642908 0.357092 
 ----> peTTM 479 1 0.691364 0.308636 
 ----> peTTM 480 0 0.732825 0.267175 
 ----> peTTM 481 0 0.677857 0.322143 
 ----> peTTM 482 0 0.685126 0.314874 
 ----> peTTM 483 1 0.690406 0.309594 
 ----> peTTM 484 0 0.703542 0.296458 
 ----> peTTM 485 0 0.702212 0.297788 
 ----> peTTM 486 0 0.64851 0.35149 
 ----> peTTM 487 0 0.611603 0.388397 
 ----> peTTM 488 1 0.729346 0.270654 
 ----> peTTM 489 1 0.680608 0.319392 
 ----> peTTM 490 0 0.679541 0.320459 
 ----> peTTM 491 1 0.652855 0.347145 
 ----> peTTM 492 0 0.7001 0.2999 
 ----> peTTM 493 0 0.675842 0.324158 
 ----> peTTM 494 0 0.746767 0.253233 
 ----> peTTM 495 1 0.671968 0.328032 
 ----> peTTM 496 0 0.689188 0.310812 
 ----> peTTM 497 0 0.603055 0.396945 
 ----> peTTM 498 0 0.725084 0.274916 
 ----> peTTM 499 1 0.661729 0.338271 
 ----> peTTM 500 1 0.676298 0.323702 
 ----> peTTM 501 0 0.680972 0.319028 
 ----> peTTM 502 0 0.681378 0.318622 
 ----> peTTM 503 0 0.667909 0.332091 
 ----> peTTM 504 0 0.707964 0.292036 
 ----> peTTM 505 0 0.668081 0.331919 
 ----> peTTM 506 0 0.66174 0.33826 
 ----> peTTM 507 0 0.628559 0.371441 
 ----> peTTM 508 1 0.635754 0.364246 
 ----> peTTM 509 1 0.690323 0.309677 
 ----> peTTM 510 0 0.683743 0.316257 
 ----> peTTM 511 0 0.664493 0.335507 
 ----> peTTM 512 0 0.687251 0.312749 
 ----> peTTM 513 0 0.647047 0.352953 
 ----> peTTM 514 1 0.62307 0.37693 
 ----> peTTM 515 0 0.602157 0.397843 
 ----> peTTM 516 0 0.699045 0.300955 
 ----> peTTM 517 1 0.593747 0.406253 
 ----> peTTM 518 0 0.668893 0.331107 
 ----> peTTM 519 0 0.697819 0.302181 
 ----> peTTM 520 1 0.700744 0.299256 
 ----> peTTM 521 1 0.673148 0.326852 
 ----> peTTM 522 0 0.72281 0.27719 
 ----> peTTM 523 1 0.615725 0.384275 
 ----> peTTM 524 0 0.676877 0.323123 
 ----> peTTM 525 0 0.671745 0.328255 
 ----> peTTM 526 0 0.680309 0.319691 
 ----> peTTM 527 0 0.670164 0.329836 
 ----> peTTM 528 0 0.653175 0.346825 
 ----> peTTM 529 1 0.663879 0.336121 
 ----> peTTM 530 0 0.688193 0.311807 
 ----> peTTM 531 1 0.639377 0.360623 
 ----> peTTM 532 0 0.654221 0.345779 
 ----> peTTM 533 0 0.688144 0.311856 
 ----> peTTM 534 0 0.667021 0.332979 
 ----> peTTM 535 1 0.594403 0.405597 
 ----> peTTM 536 0 0.626366 0.373634 
 ----> peTTM 537 0 0.692063 0.307937 
 ----> peTTM 538 0 0.690297 0.309703 
 ----> peTTM 539 1 0.680662 0.319338 
 ----> peTTM 540 0 0.683911 0.316089 
 ----> peTTM 541 1 0.619528 0.380472 
 ----> peTTM 542 0 0.660357 0.339643 
 ----> peTTM 543 1 0.635981 0.364019 
 ----> peTTM 544 0 0.688244 0.311756 
 ----> peTTM 545 1 0.680342 0.319658 
 ----> peTTM 546 0 0.676306 0.323694 
 ----> peTTM 547 0 0.66937 0.33063 
 ----> peTTM 548 1 0.652041 0.347959 
 ----> peTTM 549 0 0.632174 0.367826 
 ----> peTTM 550 0 0.714705 0.285295 
 ----> peTTM 551 0 0.683911 0.316089 
 ----> peTTM 552 1 0.541641 0.458359 
 ----> peTTM 553 1 0.5058 0.4942 
 ----> peTTM 554 1 0.665861 0.334139 
 ----> peTTM 555 1 0.667704 0.332296 
 ----> peTTM 556 0 0.67281 0.32719 
 ----> peTTM 557 0 0.680318 0.319682 
 ----> peTTM 558 0 0.652085 0.347915 
 ----> peTTM 559 0 0.684731 0.315269 
 ----> peTTM 560 0 0.650414 0.349586 
 ----> peTTM 561 1 0.617748 0.382252 
 ----> peTTM 562 0 0.608136 0.391864 
 ----> peTTM 563 0 0.658234 0.341766 
 ----> peTTM 564 0 0.741447 0.258553 
 ----> peTTM 565 0 0.693104 0.306896 
 ----> peTTM 566 0 0.659848 0.340152 
 ----> peTTM 567 0 0.707811 0.292189 
 ----> peTTM 568 0 0.684362 0.315638 
 ----> peTTM 569 1 0.601512 0.398488 
 ----> peTTM 570 0 0.658651 0.341349 
 ----> peTTM 571 1 0.626799 0.373201 
 ----> peTTM 572 0 0.650708 0.349292 
 ----> peTTM 573 0 0.660067 0.339933 
 ----> peTTM 574 0 0.633027 0.366973 
 ----> peTTM 575 1 0.588902 0.411098 
 ----> peTTM 576 0 0.708484 0.291516 
 ----> peTTM 577 1 0.680403 0.319597 
 ----> peTTM 578 0 0.704791 0.295209 
 ----> peTTM 579 0 0.67279 0.32721 
 ----> peTTM 580 1 0.698442 0.301558 
 ----> peTTM 581 0 0.61747 0.38253 
 ----> peTTM 582 0 0.688741 0.311259 
 ----> peTTM 583 1 0.633363 0.366637 
 ----> peTTM 584 0 0.680441 0.319559 
 ----> peTTM 585 0 0.635807 0.364193 
 ----> peTTM 586 0 0.700262 0.299738 
 ----> peTTM 587 0 0.642461 0.357539 
 ----> peTTM 588 0 0.642544 0.357456 
 ----> peTTM 589 1 0.671371 0.328629 
 ----> peTTM 590 0 0.682281 0.317719 
 ----> peTTM 591 1 0.648469 0.351531 
 ----> peTTM 592 1 0.644537 0.355463 
 ----> peTTM 593 0 0.627606 0.372394 
 ----> peTTM 594 0 0.685137 0.314863 
 ----> peTTM 595 0 0.668127 0.331873 
 ----> peTTM 596 0 0.709181 0.290819 
 ----> peTTM 597 0 0.666631 0.333369 
 ----> peTTM 598 0 0.696122 0.303878 
 ----> peTTM 599 0 0.692619 0.307381 
 ----> peTTM 600 0 0.632004 0.367996 
 ----> peTTM 601 0 0.667853 0.332147 
 ----> peTTM 602 1 0.675121 0.324879 
 ----> peTTM 603 0 0.684801 0.315199 
 ----> peTTM 604 0 0.662702 0.337298 
 ----> peTTM 605 0 0.654074 0.345926 
 ----> peTTM 606 0 0.708679 0.291321 
 ----> peTTM 607 1 0.669939 0.330061 
 ----> peTTM 608 0 0.693205 0.306795 
 ----> peTTM 609 0 0.681887 0.318113 
 ----> peTTM 610 0 0.686422 0.313578 
 ----> peTTM 611 0 0.664414 0.335586 
 ----> peTTM 612 0 0.667411 0.332589 
 ----> peTTM 613 0 0.694271 0.305729 
 ----> peTTM 614 0 0.709675 0.290325 
 ----> peTTM 615 0 0.665105 0.334895 
 ----> peTTM 616 0 0.727781 0.272219 
 ----> peTTM 617 0 0.673983 0.326017 
 ----> peTTM 618 0 0.693796 0.306204 
 ----> peTTM 619 1 0.679631 0.320369 
 ----> peTTM 620 0 0.66094 0.33906 
 ----> peTTM 621 0 0.704359 0.295641 
 ----> peTTM 622 0 0.712266 0.287734 
 ----> peTTM 623 1 0.696473 0.303527 
 ----> peTTM 624 0 0.70036 0.29964 
 ----> peTTM 625 0 0.717127 0.282873 
 ----> peTTM 626 0 0.638557 0.361443 
 ----> peTTM 627 0 0.731869 0.268131 
 ----> peTTM 628 1 0.683301 0.316699 
 ----> peTTM 629 0 0.712074 0.287926 
 ----> peTTM 630 0 0.691275 0.308725 
 ----> peTTM 631 1 0.586391 0.413609 
 ----> peTTM 632 1 0.689869 0.310131 
 ----> peTTM 633 0 0.68256 0.31744 
 ----> peTTM 634 1 0.654196 0.345804 
 ----> peTTM 635 0 0.620474 0.379526 
 ----> peTTM 636 1 0.696574 0.303426 
 ----> peTTM 637 0 0.686013 0.313987 
 ----> peTTM 638 0 0.682963 0.317037 
 ----> peTTM 639 1 0.676851 0.323149 
 ----> peTTM 640 0 0.660758 0.339242 
 ----> peTTM 641 0 0.629105 0.370895 
 ----> peTTM 642 0 0.696164 0.303836 
 ----> peTTM 643 0 0.690548 0.309452 
 ----> peTTM 644 0 0.715959 0.284041 
 ----> peTTM 645 0 0.719849 0.280151 
 ----> peTTM 646 1 0.667865 0.332135 
 ----> peTTM 647 0 0.681667 0.318333 
 ----> peTTM 648 0 0.634545 0.365455 
 ----> peTTM 649 0 0.693818 0.306182 
 ----> peTTM 650 0 0.683998 0.316002 
 ----> peTTM 651 1 0.652865 0.347135 
 ----> peTTM 652 0 0.694642 0.305358 
 ----> peTTM 653 1 0.678908 0.321092 
 ----> peTTM 654 0 0.642098 0.357902 
 ----> peTTM 655 0 0.622623 0.377377 
 ----> peTTM 656 0 0.784726 0.215274 
 ----> peTTM 657 0 0.631239 0.368761 
 ----> peTTM 658 0 0.689926 0.310074 
 ----> peTTM 659 0 0.63094 0.36906 
 ----> peTTM 660 0 0.674036 0.325964 
 ----> peTTM 661 0 0.681835 0.318165 
 ----> peTTM 662 0 0.703143 0.296857 
 ----> peTTM 663 1 0.568944 0.431056 
 ----> peTTM 664 1 0.70556 0.29444 
 ----> peTTM 665 0 0.681445 0.318555 
 ----> peTTM 666 0 0.660622 0.339378 
 ----> peTTM 667 0 0.682219 0.317781 
 ----> peTTM 668 0 0.698409 0.301591 
 ----> peTTM 669 0 0.703015 0.296985 
 ----> peTTM 670 0 0.705468 0.294532 
 ----> peTTM 671 0 0.677968 0.322032 
 ----> peTTM 672 0 0.694332 0.305668 
 ----> peTTM 673 0 0.722838 0.277162 
 ----> peTTM 674 1 0.632406 0.367594 
 ----> peTTM 675 1 0.656838 0.343162 
 ----> peTTM 676 0 0.649419 0.350581 
 ----> peTTM 677 1 0.656406 0.343594 
 ----> peTTM 678 1 0.626359 0.373641 
 ----> peTTM 679 0 0.696225 0.303775 
 ----> peTTM 680 1 0.629192 0.370808 
 ----> peTTM 681 0 0.684581 0.315419 
 ----> peTTM 682 0 0.67765 0.32235 
 ----> peTTM 683 0 0.691311 0.308689 
 ----> peTTM 684 0 0.641142 0.358858 
 ----> peTTM 685 0 0.688707 0.311293 
 ----> peTTM 686 0 0.717936 0.282064 
 ----> peTTM 687 0 0.736926 0.263074 
 ----> peTTM 688 0 0.581241 0.418759 
 ----> peTTM 689 0 0.716575 0.283425 
 ----> peTTM 690 1 0.68723 0.31277 
 ----> peTTM 691 0 0.656346 0.343654 
 ----> peTTM 692 0 0.677254 0.322746 
 ----> peTTM 693 1 0.667646 0.332354 
 ----> peTTM 694 0 0.755821 0.244179 
 ----> peTTM 695 0 0.706244 0.293756 
 ----> peTTM 696 0 0.697122 0.302878 
 ----> peTTM 697 0 0.657297 0.342703 
 ----> peTTM 698 1 0.669138 0.330862 
 ----> peTTM 699 0 0.655378 0.344622 
 ----> peTTM 700 1 0.667381 0.332619 
 ----> peTTM 701 0 0.646047 0.353953 
 ----> peTTM 702 0 0.637748 0.362252 
 ----> peTTM 703 0 0.690588 0.309412 
 ----> peTTM 704 0 0.700292 0.299708 
 ----> peTTM 705 0 0.635801 0.364199 
 ----> peTTM 706 0 0.676921 0.323079 
 ----> peTTM 707 0 0.672965 0.327035 
 ----> peTTM 708 0 0.678869 0.321131 
 ----> peTTM 709 0 0.682677 0.317323 
 ----> peTTM 710 0 0.738296 0.261704 
 ----> peTTM 711 0 0.709293 0.290707 
 ----> peTTM 712 0 0.694545 0.305455 
 ----> peTTM 713 1 0.656325 0.343675 
 ----> peTTM 714 1 0.664404 0.335596 
 ----> peTTM 715 1 0.69478 0.30522 
 ----> peTTM 716 1 0.602165 0.397835 
 ----> peTTM 717 0 0.564225 0.435775 
 ----> peTTM 718 0 0.758002 0.241998 
