 ----> peTTM 1 1 0 0 
 ----> peTTM 2 0 0 0 
 ----> peTTM 3 1 0 0 
 ----> peTTM 4 1 0.676966 0.323034 
 ----> peTTM 5 1 0.682885 0.317115 
 ----> peTTM 6 1 0.63431 0.36569 
 ----> peTTM 7 0 0.658781 0.341219 
 ----> peTTM 8 0 0.664941 0.335059 
 ----> peTTM 9 0 0.650265 0.349735 
 ----> peTTM 10 1 0.650573 0.349427 
 ----> peTTM 11 1 0.647633 0.352367 
 ----> peTTM 12 0 0.695984 0.304016 
 ----> peTTM 13 0 0.651783 0.348217 
 ----> peTTM 14 1 0.676803 0.323197 
 ----> peTTM 15 1 0.623926 0.376074 
 ----> peTTM 16 1 0.659901 0.340099 
 ----> peTTM 17 1 0.661719 0.338281 
 ----> peTTM 18 0 0.640341 0.359659 
 ----> peTTM 19 0 0.653861 0.346139 
 ----> peTTM 20 0 0.685637 0.314363 
 ----> peTTM 21 1 0.591572 0.408428 
 ----> peTTM 22 0 0.613439 0.386561 
 ----> peTTM 23 0 0.665417 0.334583 
 ----> peTTM 24 0 0.633537 0.366463 
 ----> peTTM 25 0 0.672252 0.327748 
 ----> peTTM 26 1 0.703472 0.296528 
 ----> peTTM 27 1 0.647246 0.352754 
 ----> peTTM 28 1 0.650836 0.349164 
 ----> peTTM 29 0 0.665084 0.334916 
 ----> peTTM 30 0 0.674326 0.325674 
 ----> peTTM 31 0 0.666891 0.333109 
 ----> peTTM 32 0 0.655974 0.344026 
 ----> peTTM 33 0 0.664194 0.335806 
 ----> peTTM 34 0 0.66918 0.33082 
 ----> peTTM 35 1 0.644356 0.355644 
 ----> peTTM 36 0 0.66178 0.33822 
 ----> peTTM 37 0 0.724382 0.275618 
 ----> peTTM 38 0 0.674051 0.325949 
 ----> peTTM 39 0 0.652896 0.347104 
 ----> peTTM 40 1 0.633521 0.366479 
 ----> peTTM 41 1 0.617142 0.382858 
 ----> peTTM 42 1 0.654172 0.345828 
 ----> peTTM 43 0 0.69303 0.30697 
 ----> peTTM 44 1 0.555571 0.444429 
 ----> peTTM 45 1 0.653267 0.346733 
 ----> peTTM 46 0 0.668247 0.331753 
 ----> peTTM 47 1 0.653002 0.346998 
 ----> peTTM 48 1 0.643934 0.356066 
 ----> peTTM 49 1 0.644592 0.355408 
 ----> peTTM 50 1 0.66555 0.33445 
 ----> peTTM 51 0 0.699957 0.300043 
 ----> peTTM 52 1 0.601922 0.398078 
 ----> peTTM 53 0 0.682968 0.317032 
 ----> peTTM 54 0 0.613313 0.386687 
 ----> peTTM 55 0 0.668563 0.331437 
 ----> peTTM 56 1 0.679896 0.320104 
 ----> peTTM 57 1 0.659596 0.340404 
 ----> peTTM 58 0 0.703199 0.296801 
 ----> peTTM 59 1 0.569881 0.430119 
 ----> peTTM 60 0 0.713545 0.286455 
 ----> peTTM 61 0 0.698879 0.301121 
 ----> peTTM 62 0 0.734169 0.265831 
 ----> peTTM 63 1 0.660254 0.339746 
 ----> peTTM 64 1 0.652525 0.347475 
 ----> peTTM 65 0 0.668679 0.331321 
 ----> peTTM 66 0 0.699822 0.300178 
 ----> peTTM 67 1 0.685819 0.314181 
 ----> peTTM 68 1 0.580542 0.419458 
 ----> peTTM 69 0 0.642962 0.357038 
 ----> peTTM 70 1 0.637731 0.362269 
 ----> peTTM 71 1 0.688201 0.311799 
 ----> peTTM 72 1 0.628702 0.371298 
 ----> peTTM 73 0 0.668215 0.331785 
 ----> peTTM 74 0 0.697861 0.302139 
 ----> peTTM 75 0 0.642247 0.357753 
 ----> peTTM 76 1 0.595157 0.404843 
 ----> peTTM 77 0 0.640825 0.359175 
 ----> peTTM 78 1 0.67466 0.32534 
 ----> peTTM 79 0 0.666315 0.333685 
 ----> peTTM 80 1 0.627147 0.372853 
 ----> peTTM 81 1 0.648694 0.351306 
 ----> peTTM 82 1 0.636499 0.363501 
 ----> peTTM 83 1 0.592464 0.407536 
 ----> peTTM 84 1 0.625927 0.374073 
 ----> peTTM 85 0 0.632458 0.367542 
 ----> peTTM 86 0 0.645377 0.354623 
 ----> peTTM 87 1 0.638318 0.361682 
 ----> peTTM 88 1 0.659425 0.340575 
 ----> peTTM 89 1 0.623139 0.376861 
 ----> peTTM 90 1 0.63731 0.36269 
 ----> peTTM 91 1 0.613364 0.386636 
 ----> peTTM 92 0 0.686733 0.313267 
 ----> peTTM 93 0 0.67666 0.32334 
 ----> peTTM 94 1 0.623504 0.376496 
 ----> peTTM 95 0 0.647716 0.352284 
 ----> peTTM 96 0 0.66712 0.33288 
 ----> peTTM 97 1 0.605788 0.394212 
 ----> peTTM 98 1 0.673349 0.326651 
 ----> peTTM 99 1 0.633349 0.366651 
 ----> peTTM 100 0 0.689625 0.310375 
 ----> peTTM 101 1 0.589844 0.410156 
 ----> peTTM 102 0 0.664238 0.335762 
 ----> peTTM 103 0 0.68864 0.31136 
 ----> peTTM 104 0 0.689427 0.310573 
 ----> peTTM 105 1 0.611551 0.388449 
 ----> peTTM 106 0 0.661474 0.338526 
 ----> peTTM 107 0 0.691996 0.308004 
 ----> peTTM 108 0 0.646574 0.353426 
 ----> peTTM 109 0 0.628576 0.371424 
 ----> peTTM 110 1 0.631585 0.368415 
 ----> peTTM 111 0 0.627485 0.372515 
 ----> peTTM 112 0 0.696449 0.303551 
 ----> peTTM 113 1 0.644826 0.355174 
 ----> peTTM 114 1 0.651077 0.348923 
 ----> peTTM 115 0 0.621977 0.378023 
 ----> peTTM 116 0 0.636992 0.363008 
 ----> peTTM 117 1 0.621821 0.378179 
 ----> peTTM 118 1 0.644735 0.355265 
 ----> peTTM 119 1 0.646021 0.353979 
 ----> peTTM 120 0 0.681905 0.318095 
 ----> peTTM 121 0 0.629399 0.370601 
 ----> peTTM 122 1 0.611992 0.388008 
 ----> peTTM 123 1 0.613574 0.386426 
 ----> peTTM 124 0 0.652074 0.347926 
 ----> peTTM 125 1 0.61876 0.38124 
 ----> peTTM 126 0 0.711459 0.288541 
 ----> peTTM 127 0 0.663721 0.336279 
 ----> peTTM 128 0 0.65832 0.34168 
 ----> peTTM 129 1 0.67121 0.32879 
 ----> peTTM 130 0 0.704208 0.295792 
 ----> peTTM 131 0 0.678932 0.321068 
 ----> peTTM 132 0 0.66847 0.33153 
 ----> peTTM 133 1 0.688988 0.311012 
 ----> peTTM 134 1 0.589064 0.410936 
 ----> peTTM 135 1 0.685782 0.314218 
 ----> peTTM 136 0 0.646209 0.353791 
 ----> peTTM 137 1 0.639535 0.360465 
 ----> peTTM 138 0 0.702143 0.297857 
 ----> peTTM 139 0 0.623605 0.376395 
 ----> peTTM 140 1 0.618257 0.381743 
 ----> peTTM 141 0 0.662707 0.337293 
 ----> peTTM 142 1 0.578354 0.421646 
 ----> peTTM 143 0 0.695079 0.304921 
 ----> peTTM 144 1 0.6484 0.3516 
 ----> peTTM 145 0 0.691124 0.308876 
 ----> peTTM 146 0 0.671003 0.328997 
 ----> peTTM 147 0 0.668717 0.331283 
 ----> peTTM 148 0 0.655449 0.344551 
 ----> peTTM 149 1 0.624599 0.375401 
 ----> peTTM 150 1 0.622539 0.377461 
 ----> peTTM 151 1 0.651113 0.348887 
 ----> peTTM 152 0 0.643278 0.356722 
 ----> peTTM 153 0 0.654156 0.345844 
 ----> peTTM 154 0 0.657332 0.342668 
 ----> peTTM 155 1 0.635427 0.364573 
 ----> peTTM 156 1 0.692012 0.307988 
 ----> peTTM 157 1 0.573703 0.426297 
 ----> peTTM 158 0 0.704931 0.295069 
 ----> peTTM 159 1 0.624748 0.375252 
 ----> peTTM 160 0 0.64882 0.35118 
 ----> peTTM 161 0 0.682084 0.317916 
 ----> peTTM 162 1 0.647811 0.352189 
 ----> peTTM 163 1 0.603388 0.396612 
 ----> peTTM 164 1 0.660287 0.339713 
 ----> peTTM 165 1 0.689559 0.310441 
 ----> peTTM 166 0 0.648998 0.351002 
 ----> peTTM 167 1 0.642127 0.357873 
 ----> peTTM 168 0 0.680826 0.319174 
 ----> peTTM 169 0 0.675629 0.324371 
 ----> peTTM 170 1 0.637046 0.362954 
 ----> peTTM 171 1 0.650482 0.349518 
 ----> peTTM 172 0 0.704368 0.295632 
 ----> peTTM 173 1 0.613284 0.386716 
 ----> peTTM 174 0 0.628709 0.371291 
 ----> peTTM 175 1 0.643717 0.356283 
 ----> peTTM 176 0 0.662151 0.337849 
 ----> peTTM 177 0 0.660072 0.339928 
 ----> peTTM 178 1 0.637874 0.362126 
 ----> peTTM 179 0 0.61727 0.38273 
 ----> peTTM 180 0 0.670744 0.329256 
 ----> peTTM 181 0 0.653544 0.346456 
 ----> peTTM 182 0 0.674735 0.325265 
 ----> peTTM 183 1 0.650849 0.349151 
 ----> peTTM 184 1 0.646816 0.353184 
 ----> peTTM 185 0 0.669425 0.330575 
 ----> peTTM 186 0 0.664674 0.335326 
 ----> peTTM 187 0 0.675575 0.324425 
 ----> peTTM 188 1 0.622053 0.377947 
 ----> peTTM 189 1 0.659132 0.340868 
 ----> peTTM 190 0 0.697154 0.302846 
 ----> peTTM 191 0 0.673509 0.326491 
 ----> peTTM 192 1 0.661845 0.338155 
 ----> peTTM 193 0 0.677155 0.322845 
 ----> peTTM 194 0 0.668726 0.331274 
 ----> peTTM 195 0 0.663603 0.336397 
 ----> peTTM 196 1 0.631413 0.368587 
 ----> peTTM 197 0 0.672983 0.327017 
 ----> peTTM 198 0 0.706863 0.293137 
 ----> peTTM 199 0 0.652674 0.347326 
 ----> peTTM 200 0 0.649183 0.350817 
 ----> peTTM 201 0 0.66272 0.33728 
 ----> peTTM 202 0 0.647338 0.352662 
 ----> peTTM 203 1 0.644954 0.355046 
 ----> peTTM 204 1 0.652943 0.347057 
 ----> peTTM 205 0 0.657032 0.342968 
 ----> peTTM 206 1 0.634329 0.365671 
 ----> peTTM 207 1 0.621325 0.378675 
 ----> peTTM 208 0 0.699516 0.300484 
 ----> peTTM 209 0 0.690728 0.309272 
 ----> peTTM 210 0 0.66226 0.33774 
 ----> peTTM 211 0 0.654993 0.345007 
 ----> peTTM 212 0 0.698559 0.301441 
 ----> peTTM 213 1 0.67328 0.32672 
 ----> peTTM 214 0 0.674606 0.325394 
 ----> peTTM 215 1 0.629935 0.370065 
 ----> peTTM 216 0 0.653903 0.346097 
 ----> peTTM 217 1 0.607729 0.392271 
 ----> peTTM 218 0 0.661466 0.338534 
 ----> peTTM 219 0 0.682567 0.317433 
 ----> peTTM 220 0 0.630214 0.369786 
 ----> peTTM 221 0 0.635131 0.364869 
 ----> peTTM 222 1 0.67098 0.32902 
 ----> peTTM 223 1 0.665435 0.334565 
 ----> peTTM 224 0 0.677821 0.322179 
 ----> peTTM 225 1 0.651948 0.348052 
 ----> peTTM 226 1 0.606344 0.393656 
 ----> peTTM 227 0 0.646464 0.353536 
 ----> peTTM 228 0 0.709731 0.290269 
 ----> peTTM 229 0 0.6601 0.3399 
 ----> peTTM 230 0 0.709725 0.290275 
 ----> peTTM 231 0 0.64939 0.35061 
 ----> peTTM 232 1 0.626918 0.373082 
 ----> peTTM 233 0 0.682367 0.317633 
 ----> peTTM 234 0 0.68684 0.31316 
 ----> peTTM 235 0 0.731474 0.268526 
 ----> peTTM 236 1 0.633926 0.366074 
 ----> peTTM 237 0 0.716164 0.283836 
 ----> peTTM 238 0 0.630936 0.369064 
 ----> peTTM 239 0 0.661611 0.338389 
 ----> peTTM 240 1 0.635242 0.364758 
 ----> peTTM 241 0 0.646595 0.353405 
 ----> peTTM 242 1 0.630985 0.369015 
 ----> peTTM 243 0 0.662393 0.337607 
 ----> peTTM 244 1 0.643715 0.356285 
 ----> peTTM 245 1 0.663722 0.336278 
 ----> peTTM 246 0 0.704703 0.295297 
 ----> peTTM 247 0 0.690589 0.309411 
 ----> peTTM 248 1 0.650818 0.349182 
 ----> peTTM 249 1 0.647581 0.352419 
 ----> peTTM 250 0 0.664774 0.335226 
 ----> peTTM 251 0 0.666048 0.333952 
 ----> peTTM 252 0 0.674512 0.325488 
 ----> peTTM 253 1 0.670121 0.329879 
 ----> peTTM 254 0 0.697494 0.302506 
 ----> peTTM 255 1 0.689622 0.310378 
 ----> peTTM 256 0 0.680296 0.319704 
 ----> peTTM 257 0 0.650465 0.349535 
 ----> peTTM 258 0 0.616521 0.383479 
 ----> peTTM 259 0 0.705748 0.294252 
 ----> peTTM 260 1 0.616603 0.383397 
 ----> peTTM 261 1 0.653124 0.346876 
 ----> peTTM 262 0 0.700184 0.299816 
 ----> peTTM 263 1 0.628487 0.371513 
 ----> peTTM 264 1 0.645818 0.354182 
 ----> peTTM 265 1 0.64203 0.35797 
 ----> peTTM 266 0 0.676833 0.323167 
 ----> peTTM 267 0 0.62077 0.37923 
 ----> peTTM 268 0 0.661305 0.338695 
 ----> peTTM 269 0 0.655463 0.344537 
 ----> peTTM 270 1 0.626637 0.373363 
 ----> peTTM 271 1 0.623493 0.376507 
 ----> peTTM 272 0 0.677216 0.322784 
 ----> peTTM 273 0 0.691255 0.308745 
 ----> peTTM 274 1 0.647308 0.352692 
 ----> peTTM 275 1 0.624245 0.375755 
 ----> peTTM 276 0 0.735023 0.264977 
 ----> peTTM 277 0 0.699154 0.300846 
 ----> peTTM 278 0 0.636055 0.363945 
 ----> peTTM 279 1 0.582865 0.417135 
 ----> peTTM 280 1 0.633161 0.366839 
 ----> peTTM 281 0 0.729439 0.270561 
 ----> peTTM 282 1 0.592748 0.407252 
 ----> peTTM 283 1 0.564677 0.435323 
 ----> peTTM 284 1 0.646776 0.353224 
 ----> peTTM 285 0 0.620154 0.379846 
 ----> peTTM 286 0 0.673263 0.326737 
 ----> peTTM 287 0 0.606123 0.393877 
 ----> peTTM 288 1 0.609304 0.390696 
 ----> peTTM 289 0 0.634774 0.365226 
 ----> peTTM 290 0 0.656693 0.343307 
 ----> peTTM 291 1 0.613287 0.386713 
 ----> peTTM 292 0 0.626368 0.373632 
 ----> peTTM 293 1 0.641177 0.358823 
 ----> peTTM 294 1 0.628551 0.371449 
 ----> peTTM 295 0 0.669613 0.330387 
 ----> peTTM 296 0 0.726744 0.273256 
 ----> peTTM 297 0 0.69995 0.30005 
 ----> peTTM 298 1 0.577115 0.422885 
 ----> peTTM 299 0 0.641562 0.358438 
 ----> peTTM 300 0 0.63938 0.36062 
 ----> peTTM 301 0 0.687587 0.312413 
 ----> peTTM 302 0 0.651349 0.348651 
 ----> peTTM 303 0 0.624442 0.375558 
 ----> peTTM 304 0 0.669853 0.330147 
 ----> peTTM 305 0 0.706652 0.293348 
 ----> peTTM 306 0 0.662927 0.337073 
 ----> peTTM 307 1 0.663905 0.336095 
 ----> peTTM 308 0 0.734217 0.265783 
 ----> peTTM 309 1 0.637746 0.362254 
 ----> peTTM 310 0 0.629343 0.370657 
 ----> peTTM 311 0 0.644427 0.355573 
 ----> peTTM 312 0 0.665321 0.334679 
 ----> peTTM 313 1 0.663596 0.336404 
 ----> peTTM 314 0 0.674126 0.325874 
 ----> peTTM 315 0 0.629896 0.370104 
 ----> peTTM 316 0 0.63071 0.36929 
 ----> peTTM 317 0 0.64291 0.35709 
 ----> peTTM 318 0 0.652827 0.347173 
 ----> peTTM 319 0 0.666787 0.333213 
 ----> peTTM 320 0 0.732978 0.267022 
 ----> peTTM 321 1 0.638983 0.361017 
 ----> peTTM 322 1 0.622955 0.377045 
 ----> peTTM 323 0 0.694653 0.305347 
 ----> peTTM 324 0 0.634203 0.365797 
 ----> peTTM 325 0 0.654932 0.345068 
 ----> peTTM 326 1 0.655035 0.344965 
 ----> peTTM 327 1 0.596829 0.403171 
 ----> peTTM 328 0 0.696814 0.303186 
 ----> peTTM 329 0 0.680333 0.319667 
 ----> peTTM 330 0 0.698605 0.301395 
 ----> peTTM 331 0 0.676725 0.323275 
 ----> peTTM 332 0 0.618749 0.381251 
 ----> peTTM 333 1 0.654363 0.345637 
 ----> peTTM 334 1 0.604068 0.395932 
 ----> peTTM 335 0 0.713149 0.286851 
 ----> peTTM 336 1 0.570732 0.429268 
 ----> peTTM 337 1 0.621868 0.378132 
 ----> peTTM 338 1 0.650836 0.349164 
 ----> peTTM 339 0 0.683314 0.316686 
 ----> peTTM 340 0 0.657501 0.342499 
 ----> peTTM 341 1 0.668229 0.331771 
 ----> peTTM 342 1 0.587396 0.412604 
 ----> peTTM 343 0 0.631004 0.368996 
 ----> peTTM 344 0 0.725872 0.274128 
 ----> peTTM 345 0 0.690905 0.309095 
 ----> peTTM 346 0 0.697382 0.302618 
 ----> peTTM 347 1 0.622931 0.377069 
 ----> peTTM 348 0 0.666756 0.333244 
 ----> peTTM 349 0 0.6837 0.3163 
 ----> peTTM 350 1 0.650783 0.349217 
 ----> peTTM 351 0 0.684415 0.315585 
 ----> peTTM 352 0 0.703231 0.296769 
 ----> peTTM 353 0 0.695876 0.304124 
 ----> peTTM 354 0 0.719047 0.280953 
 ----> peTTM 355 0 0.682147 0.317853 
 ----> peTTM 356 0 0.677771 0.322229 
 ----> peTTM 357 1 0.667977 0.332023 
 ----> peTTM 358 0 0.667946 0.332054 
 ----> peTTM 359 0 0.682962 0.317038 
 ----> peTTM 360 0 0.725222 0.274778 
 ----> peTTM 361 0 0.670786 0.329214 
 ----> peTTM 362 1 0.652207 0.347793 
 ----> peTTM 363 0 0.600869 0.399131 
 ----> peTTM 364 0 0.71074 0.28926 
 ----> peTTM 365 0 0.640752 0.359248 
 ----> peTTM 366 1 0.668598 0.331402 
 ----> peTTM 367 0 0.656668 0.343332 
 ----> peTTM 368 0 0.672295 0.327705 
 ----> peTTM 369 0 0.696799 0.303201 
 ----> peTTM 370 1 0.677349 0.322651 
 ----> peTTM 371 0 0.626497 0.373503 
 ----> peTTM 372 0 0.664395 0.335605 
 ----> peTTM 373 0 0.725938 0.274062 
 ----> peTTM 374 0 0.644626 0.355374 
 ----> peTTM 375 1 0.611731 0.388269 
 ----> peTTM 376 0 0.701756 0.298244 
 ----> peTTM 377 0 0.644357 0.355643 
 ----> peTTM 378 1 0.63508 0.36492 
 ----> peTTM 379 0 0.70007 0.29993 
 ----> peTTM 380 0 0.646037 0.353963 
 ----> peTTM 381 0 0.69372 0.30628 
 ----> peTTM 382 0 0.716814 0.283186 
 ----> peTTM 383 0 0.717861 0.282139 
 ----> peTTM 384 0 0.736893 0.263107 
 ----> peTTM 385 1 0.609618 0.390382 
 ----> peTTM 386 0 0.634406 0.365594 
 ----> peTTM 387 1 0.679474 0.320526 
 ----> peTTM 388 1 0.646179 0.353821 
 ----> peTTM 389 0 0.68946 0.31054 
 ----> peTTM 390 0 0.6985 0.3015 
 ----> peTTM 391 0 0.655248 0.344752 
 ----> peTTM 392 1 0.654992 0.345008 
 ----> peTTM 393 1 0.655405 0.344595 
 ----> peTTM 394 0 0.66509 0.33491 
 ----> peTTM 395 0 0.672556 0.327444 
 ----> peTTM 396 0 0.660073 0.339927 
 ----> peTTM 397 0 0.723016 0.276984 
 ----> peTTM 398 1 0.568703 0.431297 
 ----> peTTM 399 1 0.642557 0.357443 
 ----> peTTM 400 1 0.576519 0.423481 
 ----> peTTM 401 0 0.643644 0.356356 
 ----> peTTM 402 0 0.652768 0.347232 
 ----> peTTM 403 0 0.711639 0.288361 
 ----> peTTM 404 0 0.620387 0.379613 
 ----> peTTM 405 0 0.687909 0.312091 
 ----> peTTM 406 1 0.668641 0.331359 
 ----> peTTM 407 1 0.671425 0.328575 
 ----> peTTM 408 0 0.677532 0.322468 
 ----> peTTM 409 1 0.596713 0.403287 
 ----> peTTM 410 0 0.742103 0.257897 
 ----> peTTM 411 0 0.662638 0.337362 
 ----> peTTM 412 1 0.665041 0.334959 
 ----> peTTM 413 1 0.636266 0.363734 
 ----> peTTM 414 0 0.69541 0.30459 
 ----> peTTM 415 1 0.604021 0.395979 
 ----> peTTM 416 0 0.582318 0.417682 
 ----> peTTM 417 0 0.713396 0.286604 
 ----> peTTM 418 1 0.637901 0.362099 
 ----> peTTM 419 0 0.648633 0.351367 
 ----> peTTM 420 0 0.616676 0.383324 
 ----> peTTM 421 0 0.684596 0.315404 
 ----> peTTM 422 0 0.657279 0.342721 
 ----> peTTM 423 0 0.612468 0.387532 
 ----> peTTM 424 0 0.667672 0.332328 
 ----> peTTM 425 0 0.698705 0.301295 
 ----> peTTM 426 1 0.604587 0.395413 
 ----> peTTM 427 0 0.702365 0.297635 
 ----> peTTM 428 0 0.697152 0.302848 
 ----> peTTM 429 0 0.642187 0.357813 
 ----> peTTM 430 0 0.660484 0.339516 
 ----> peTTM 431 0 0.665018 0.334982 
 ----> peTTM 432 0 0.674121 0.325879 
 ----> peTTM 433 0 0.676895 0.323105 
 ----> peTTM 434 0 0.643404 0.356596 
 ----> peTTM 435 1 0.638774 0.361226 
 ----> peTTM 436 0 0.685142 0.314858 
 ----> peTTM 437 0 0.65805 0.34195 
 ----> peTTM 438 0 0.655929 0.344071 
 ----> peTTM 439 0 0.68323 0.31677 
 ----> peTTM 440 0 0.673508 0.326492 
 ----> peTTM 441 0 0.667578 0.332422 
 ----> peTTM 442 0 0.708453 0.291547 
 ----> peTTM 443 0 0.641425 0.358575 
 ----> peTTM 444 0 0.702981 0.297019 
 ----> peTTM 445 1 0.625159 0.374841 
 ----> peTTM 446 0 0.6735 0.3265 
 ----> peTTM 447 0 0.671214 0.328786 
 ----> peTTM 448 0 0.667517 0.332483 
 ----> peTTM 449 0 0.618863 0.381137 
 ----> peTTM 450 0 0.692215 0.307785 
 ----> peTTM 451 0 0.684153 0.315847 
 ----> peTTM 452 0 0.715711 0.284289 
 ----> peTTM 453 0 0.703385 0.296615 
 ----> peTTM 454 1 0.674577 0.325423 
 ----> peTTM 455 0 0.715096 0.284904 
 ----> peTTM 456 0 0.643243 0.356757 
 ----> peTTM 457 0 0.683284 0.316716 
 ----> peTTM 458 1 0.660761 0.339239 
 ----> peTTM 459 0 0.688088 0.311912 
 ----> peTTM 460 0 0.705047 0.294953 
 ----> peTTM 461 1 0.643241 0.356759 
 ----> peTTM 462 0 0.709435 0.290565 
 ----> peTTM 463 0 0.699581 0.300419 
 ----> peTTM 464 0 0.695074 0.304926 
 ----> peTTM 465 0 0.683633 0.316367 
 ----> peTTM 466 0 0.64342 0.35658 
 ----> peTTM 467 1 0.65273 0.34727 
 ----> peTTM 468 0 0.70076 0.29924 
 ----> peTTM 469 0 0.703738 0.296262 
 ----> peTTM 470 1 0.651224 0.348776 
 ----> peTTM 471 1 0.631256 0.368744 
 ----> peTTM 472 0 0.717291 0.282709 
 ----> peTTM 473 1 0.653905 0.346095 
 ----> peTTM 474 0 0.678813 0.321187 
 ----> peTTM 475 0 0.705534 0.294466 
 ----> peTTM 476 0 0.705954 0.294046 
 ----> peTTM 477 1 0.673519 0.326481 
 ----> peTTM 478 0 0.713698 0.286302 
 ----> peTTM 479 1 0.649704 0.350296 
 ----> peTTM 480 0 0.680486 0.319514 
 ----> peTTM 481 0 0.700402 0.299598 
 ----> peTTM 482 0 0.719485 0.280515 
 ----> peTTM 483 1 0.554149 0.445851 
 ----> peTTM 484 0 0.691264 0.308736 
 ----> peTTM 485 0 0.637405 0.362595 
 ----> peTTM 486 0 0.664907 0.335093 
 ----> peTTM 487 0 0.645426 0.354574 
 ----> peTTM 488 1 0.669559 0.330441 
 ----> peTTM 489 1 0.672146 0.327854 
 ----> peTTM 490 0 0.696831 0.303169 
 ----> peTTM 491 1 0.668242 0.331758 
 ----> peTTM 492 0 0.700095 0.299905 
 ----> peTTM 493 0 0.713716 0.286284 
 ----> peTTM 494 0 0.66453 0.33547 
 ----> peTTM 495 1 0.660891 0.339109 
 ----> peTTM 496 0 0.705157 0.294843 
 ----> peTTM 497 0 0.669308 0.330692 
 ----> peTTM 498 0 0.668339 0.331661 
 ----> peTTM 499 1 0.634731 0.365269 
 ----> peTTM 500 1 0.649262 0.350738 
 ----> peTTM 501 0 0.672367 0.327633 
 ----> peTTM 502 0 0.67863 0.32137 
 ----> peTTM 503 0 0.638811 0.361189 
 ----> peTTM 504 0 0.65306 0.34694 
 ----> peTTM 505 0 0.698057 0.301943 
 ----> peTTM 506 0 0.692347 0.307653 
 ----> peTTM 507 0 0.699827 0.300173 
 ----> peTTM 508 1 0.639855 0.360145 
 ----> peTTM 509 1 0.657914 0.342086 
 ----> peTTM 510 0 0.701339 0.298661 
 ----> peTTM 511 0 0.683523 0.316477 
 ----> peTTM 512 0 0.681468 0.318532 
 ----> peTTM 513 0 0.698579 0.301421 
 ----> peTTM 514 1 0.658183 0.341817 
 ----> peTTM 515 0 0.746772 0.253228 
 ----> peTTM 516 0 0.752023 0.247977 
 ----> peTTM 517 1 0.727033 0.272967 
 ----> peTTM 518 0 0.736598 0.263402 
 ----> peTTM 519 0 0.717856 0.282144 
 ----> peTTM 520 1 0.683813 0.316187 
 ----> peTTM 521 1 0.621052 0.378948 
 ----> peTTM 522 0 0.693597 0.306403 
 ----> peTTM 523 1 0.681951 0.318049 
 ----> peTTM 524 0 0.675399 0.324601 
 ----> peTTM 525 0 0.649793 0.350207 
 ----> peTTM 526 0 0.658661 0.341339 
 ----> peTTM 527 0 0.68449 0.31551 
 ----> peTTM 528 0 0.680878 0.319122 
 ----> peTTM 529 1 0.630602 0.369398 
 ----> peTTM 530 0 0.695542 0.304458 
 ----> peTTM 531 1 0.627555 0.372445 
 ----> peTTM 532 0 0.706806 0.293194 
 ----> peTTM 533 0 0.660437 0.339563 
 ----> peTTM 534 0 0.677953 0.322047 
 ----> peTTM 535 1 0.644866 0.355134 
 ----> peTTM 536 0 0.711753 0.288247 
 ----> peTTM 537 0 0.702105 0.297895 
 ----> peTTM 538 0 0.680996 0.319004 
 ----> peTTM 539 1 0.649254 0.350746 
 ----> peTTM 540 0 0.676886 0.323114 
 ----> peTTM 541 1 0.653502 0.346498 
 ----> peTTM 542 0 0.68953 0.31047 
 ----> peTTM 543 1 0.538166 0.461834 
 ----> peTTM 544 0 0.705347 0.294653 
 ----> peTTM 545 1 0.612137 0.387863 
 ----> peTTM 546 0 0.690684 0.309316 
 ----> peTTM 547 0 0.699402 0.300598 
 ----> peTTM 548 1 0.62481 0.37519 
 ----> peTTM 549 0 0.6712 0.3288 
 ----> peTTM 550 0 0.689401 0.310599 
 ----> peTTM 551 0 0.662866 0.337134 
 ----> peTTM 552 1 0.647051 0.352949 
 ----> peTTM 553 1 0.661655 0.338345 
 ----> peTTM 554 1 0.647594 0.352406 
 ----> peTTM 555 1 0.635624 0.364376 
 ----> peTTM 556 0 0.667019 0.332981 
 ----> peTTM 557 0 0.635282 0.364718 
 ----> peTTM 558 0 0.643122 0.356878 
 ----> peTTM 559 0 0.655303 0.344697 
 ----> peTTM 560 0 0.753591 0.246409 
 ----> peTTM 561 1 0.596422 0.403578 
 ----> peTTM 562 0 0.63092 0.36908 
 ----> peTTM 563 0 0.690963 0.309037 
 ----> peTTM 564 0 0.684295 0.315705 
 ----> peTTM 565 0 0.681622 0.318378 
 ----> peTTM 566 0 0.678724 0.321276 
 ----> peTTM 567 0 0.689457 0.310543 
 ----> peTTM 568 0 0.70541 0.29459 
 ----> peTTM 569 1 0.660257 0.339743 
 ----> peTTM 570 0 0.678669 0.321331 
 ----> peTTM 571 1 0.679729 0.320271 
 ----> peTTM 572 0 0.641744 0.358256 
 ----> peTTM 573 0 0.657831 0.342169 
 ----> peTTM 574 0 0.668377 0.331623 
 ----> peTTM 575 1 0.62749 0.37251 
 ----> peTTM 576 0 0.710646 0.289354 
 ----> peTTM 577 1 0.666607 0.333393 
 ----> peTTM 578 0 0.655725 0.344275 
 ----> peTTM 579 0 0.657223 0.342777 
 ----> peTTM 580 1 0.665667 0.334333 
 ----> peTTM 581 0 0.656344 0.343656 
 ----> peTTM 582 0 0.675758 0.324242 
 ----> peTTM 583 1 0.658028 0.341972 
 ----> peTTM 584 0 0.635542 0.364458 
 ----> peTTM 585 0 0.70401 0.29599 
 ----> peTTM 586 0 0.675563 0.324437 
 ----> peTTM 587 0 0.671183 0.328817 
 ----> peTTM 588 0 0.662233 0.337767 
 ----> peTTM 589 1 0.656875 0.343125 
 ----> peTTM 590 0 0.672215 0.327785 
 ----> peTTM 591 1 0.592315 0.407685 
 ----> peTTM 592 1 0.632231 0.367769 
 ----> peTTM 593 0 0.677365 0.322635 
 ----> peTTM 594 0 0.668338 0.331662 
 ----> peTTM 595 0 0.688791 0.311209 
 ----> peTTM 596 0 0.694917 0.305083 
 ----> peTTM 597 0 0.671783 0.328217 
 ----> peTTM 598 0 0.651541 0.348459 
 ----> peTTM 599 0 0.69823 0.30177 
 ----> peTTM 600 0 0.672823 0.327177 
 ----> peTTM 601 0 0.688181 0.311819 
 ----> peTTM 602 1 0.644956 0.355044 
 ----> peTTM 603 0 0.68738 0.31262 
 ----> peTTM 604 0 0.650575 0.349425 
 ----> peTTM 605 0 0.693109 0.306891 
 ----> peTTM 606 0 0.618656 0.381344 
 ----> peTTM 607 1 0.612067 0.387933 
 ----> peTTM 608 0 0.65442 0.34558 
 ----> peTTM 609 0 0.685253 0.314747 
 ----> peTTM 610 0 0.66456 0.33544 
 ----> peTTM 611 0 0.654784 0.345216 
 ----> peTTM 612 0 0.669475 0.330525 
 ----> peTTM 613 0 0.707586 0.292414 
 ----> peTTM 614 0 0.637923 0.362077 
 ----> peTTM 615 0 0.651906 0.348094 
 ----> peTTM 616 0 0.676584 0.323416 
 ----> peTTM 617 0 0.665153 0.334847 
 ----> peTTM 618 0 0.667126 0.332874 
 ----> peTTM 619 1 0.670349 0.329651 
 ----> peTTM 620 0 0.651352 0.348648 
 ----> peTTM 621 0 0.685249 0.314751 
 ----> peTTM 622 0 0.690741 0.309259 
 ----> peTTM 623 1 0.661605 0.338395 
 ----> peTTM 624 0 0.665244 0.334756 
 ----> peTTM 625 0 0.740786 0.259214 
 ----> peTTM 626 0 0.675954 0.324046 
 ----> peTTM 627 0 0.663967 0.336033 
 ----> peTTM 628 1 0.715751 0.284249 
 ----> peTTM 629 0 0.677126 0.322874 
 ----> peTTM 630 0 0.637575 0.362425 
 ----> peTTM 631 1 0.623375 0.376625 
 ----> peTTM 632 1 0.617762 0.382238 
 ----> peTTM 633 0 0.71785 0.28215 
 ----> peTTM 634 1 0.634126 0.365874 
 ----> peTTM 635 0 0.713945 0.286055 
 ----> peTTM 636 1 0.666805 0.333195 
 ----> peTTM 637 0 0.672005 0.327995 
 ----> peTTM 638 0 0.689589 0.310411 
 ----> peTTM 639 1 0.649869 0.350131 
 ----> peTTM 640 0 0.608668 0.391332 
 ----> peTTM 641 0 0.687287 0.312713 
 ----> peTTM 642 0 0.682888 0.317112 
 ----> peTTM 643 0 0.674922 0.325078 
 ----> peTTM 644 0 0.689029 0.310971 
 ----> peTTM 645 0 0.704867 0.295133 
 ----> peTTM 646 1 0.688689 0.311311 
 ----> peTTM 647 0 0.71608 0.28392 
 ----> peTTM 648 0 0.68073 0.31927 
 ----> peTTM 649 0 0.646167 0.353833 
 ----> peTTM 650 0 0.678129 0.321871 
 ----> peTTM 651 1 0.635224 0.364776 
 ----> peTTM 652 0 0.655233 0.344767 
 ----> peTTM 653 1 0.6478 0.3522 
 ----> peTTM 654 0 0.694296 0.305704 
 ----> peTTM 655 0 0.647429 0.352571 
 ----> peTTM 656 0 0.681915 0.318085 
 ----> peTTM 657 0 0.65152 0.34848 
 ----> peTTM 658 0 0.685466 0.314534 
 ----> peTTM 659 0 0.687689 0.312311 
 ----> peTTM 660 0 0.695328 0.304672 
 ----> peTTM 661 0 0.691548 0.308452 
 ----> peTTM 662 0 0.686636 0.313364 
 ----> peTTM 663 1 0.65211 0.34789 
 ----> peTTM 664 1 0.690915 0.309085 
 ----> peTTM 665 0 0.681346 0.318654 
 ----> peTTM 666 0 0.71936 0.28064 
 ----> peTTM 667 0 0.686761 0.313239 
 ----> peTTM 668 0 0.711045 0.288955 
 ----> peTTM 669 0 0.672763 0.327237 
 ----> peTTM 670 0 0.690423 0.309577 
 ----> peTTM 671 0 0.698559 0.301441 
 ----> peTTM 672 0 0.694256 0.305744 
 ----> peTTM 673 0 0.669008 0.330992 
 ----> peTTM 674 1 0.671629 0.328371 
 ----> peTTM 675 1 0.654156 0.345844 
 ----> peTTM 676 0 0.684731 0.315269 
 ----> peTTM 677 1 0.646812 0.353188 
 ----> peTTM 678 1 0.609387 0.390613 
 ----> peTTM 679 0 0.648473 0.351527 
 ----> peTTM 680 1 0.634966 0.365034 
 ----> peTTM 681 0 0.660164 0.339836 
 ----> peTTM 682 0 0.652865 0.347135 
 ----> peTTM 683 0 0.711939 0.288061 
 ----> peTTM 684 0 0.719193 0.280807 
 ----> peTTM 685 0 0.700022 0.299978 
 ----> peTTM 686 0 0.673622 0.326378 
 ----> peTTM 687 0 0.670636 0.329364 
 ----> peTTM 688 0 0.651666 0.348334 
 ----> peTTM 689 0 0.666242 0.333758 
 ----> peTTM 690 1 0.669289 0.330711 
 ----> peTTM 691 0 0.685415 0.314585 
 ----> peTTM 692 0 0.697208 0.302792 
 ----> peTTM 693 1 0.652312 0.347688 
 ----> peTTM 694 0 0.692518 0.307482 
 ----> peTTM 695 0 0.678341 0.321659 
 ----> peTTM 696 0 0.694915 0.305085 
 ----> peTTM 697 0 0.674817 0.325183 
 ----> peTTM 698 1 0.696073 0.303927 
 ----> peTTM 699 0 0.748333 0.251667 
 ----> peTTM 700 1 0.714796 0.285204 
 ----> peTTM 701 0 0.751703 0.248297 
 ----> peTTM 702 0 0.736743 0.263257 
 ----> peTTM 703 0 0.678471 0.321529 
 ----> peTTM 704 0 0.715208 0.284792 
 ----> peTTM 705 0 0.714797 0.285203 
 ----> peTTM 706 0 0.709769 0.290231 
 ----> peTTM 707 0 0.712081 0.287919 
 ----> peTTM 708 0 0.723441 0.276559 
 ----> peTTM 709 0 0.693294 0.306706 
 ----> peTTM 710 0 0.71696 0.28304 
 ----> peTTM 711 0 0.712445 0.287555 
 ----> peTTM 712 0 0.697125 0.302875 
 ----> peTTM 713 1 0.634627 0.365373 
 ----> peTTM 714 1 0.725305 0.274695 
 ----> peTTM 715 1 0.689157 0.310843 
 ----> peTTM 716 1 0.677311 0.322689 
 ----> peTTM 717 0 0.716148 0.283852 
 ----> peTTM 718 0 0.65168 0.34832 
