 ----> peTTM 1 1 0.680505 0.319495 
 ----> peTTM 2 0 0.665923 0.334077 
 ----> peTTM 3 1 0.640574 0.359426 
 ----> peTTM 4 1 0.630333 0.369667 
 ----> peTTM 5 1 0.649517 0.350483 
 ----> peTTM 6 1 0.644605 0.355395 
 ----> peTTM 7 0 0.647126 0.352874 
 ----> peTTM 8 0 0.616621 0.383379 
 ----> peTTM 9 0 0.688138 0.311862 
 ----> peTTM 10 1 0.649516 0.350484 
 ----> peTTM 11 1 0.653847 0.346153 
 ----> peTTM 12 0 0.659707 0.340293 
 ----> peTTM 13 0 0.639678 0.360322 
 ----> peTTM 14 1 0.646534 0.353466 
 ----> peTTM 15 1 0.624768 0.375232 
 ----> peTTM 16 1 0.638662 0.361338 
 ----> peTTM 17 1 0.653243 0.346757 
 ----> peTTM 18 0 0.665325 0.334675 
 ----> peTTM 19 0 0.646091 0.353909 
 ----> peTTM 20 0 0.649668 0.350332 
 ----> peTTM 21 1 0.634871 0.365129 
 ----> peTTM 22 0 0.649656 0.350344 
 ----> peTTM 23 0 0.664815 0.335185 
 ----> peTTM 24 0 0.631036 0.368964 
 ----> peTTM 25 0 0.647682 0.352318 
 ----> peTTM 26 1 0.647923 0.352077 
 ----> peTTM 27 1 0.654926 0.345074 
 ----> peTTM 28 1 0.640063 0.359937 
 ----> peTTM 29 0 0.67788 0.32212 
 ----> peTTM 30 0 0.662201 0.337799 
 ----> peTTM 31 0 0.651028 0.348972 
 ----> peTTM 32 0 0.669538 0.330462 
 ----> peTTM 33 0 0.657478 0.342522 
 ----> peTTM 34 0 0.663016 0.336984 
 ----> peTTM 35 1 0.645769 0.354231 
 ----> peTTM 36 0 0.679197 0.320803 
 ----> peTTM 37 0 0.667474 0.332526 
 ----> peTTM 38 0 0.665011 0.334989 
 ----> peTTM 39 0 0.659944 0.340056 
 ----> peTTM 40 1 0.625554 0.374446 
 ----> peTTM 41 1 0.633805 0.366195 
 ----> peTTM 42 1 0.652979 0.347021 
 ----> peTTM 43 0 0.674775 0.325225 
 ----> peTTM 44 1 0.639746 0.360254 
 ----> peTTM 45 1 0.641891 0.358109 
 ----> peTTM 46 0 0.664304 0.335696 
 ----> peTTM 47 1 0.649599 0.350401 
 ----> peTTM 48 1 0.64705 0.35295 
 ----> peTTM 49 1 0.635391 0.364609 
 ----> peTTM 50 1 0.644214 0.355786 
 ----> peTTM 51 0 0.673394 0.326606 
 ----> peTTM 52 1 0.633693 0.366307 
 ----> peTTM 53 0 0.671029 0.328971 
 ----> peTTM 54 0 0.67201 0.32799 
 ----> peTTM 55 0 0.663203 0.336797 
 ----> peTTM 56 1 0.621227 0.378773 
 ----> peTTM 57 1 0.62775 0.37225 
 ----> peTTM 58 0 0.682783 0.317217 
 ----> peTTM 59 1 0.623994 0.376006 
 ----> peTTM 60 0 0.677563 0.322437 
 ----> peTTM 61 0 0.674824 0.325176 
 ----> peTTM 62 0 0.689063 0.310937 
 ----> peTTM 63 1 0.641608 0.358392 
 ----> peTTM 64 1 0.631032 0.368968 
 ----> peTTM 65 0 0.665426 0.334574 
 ----> peTTM 66 0 0.675758 0.324242 
 ----> peTTM 67 1 0.641678 0.358322 
 ----> peTTM 68 1 0.637217 0.362783 
 ----> peTTM 69 0 0.676382 0.323618 
 ----> peTTM 70 1 0.635894 0.364106 
 ----> peTTM 71 1 0.647192 0.352808 
 ----> peTTM 72 1 0.649478 0.350522 
 ----> peTTM 73 0 0.670563 0.329437 
 ----> peTTM 74 0 0.681714 0.318286 
 ----> peTTM 75 0 0.666112 0.333888 
 ----> peTTM 76 1 0.63249 0.36751 
 ----> peTTM 77 0 0.666465 0.333535 
 ----> peTTM 78 1 0.627412 0.372588 
 ----> peTTM 79 0 0.675557 0.324443 
 ----> peTTM 80 1 0.649281 0.350719 
 ----> peTTM 81 1 0.609376 0.390624 
 ----> peTTM 82 1 0.614308 0.385692 
 ----> peTTM 83 1 0.636458 0.363542 
 ----> peTTM 84 1 0.629741 0.370259 
 ----> peTTM 85 0 0.650583 0.349417 
 ----> peTTM 86 0 0.666281 0.333719 
 ----> peTTM 87 1 0.612942 0.387058 
 ----> peTTM 88 1 0.627395 0.372605 
 ----> peTTM 89 1 0.629598 0.370402 
 ----> peTTM 90 1 0.621942 0.378058 
 ----> peTTM 91 1 0.617741 0.382259 
 ----> peTTM 92 0 0.667068 0.332932 
 ----> peTTM 93 0 0.667977 0.332023 
 ----> peTTM 94 1 0.631424 0.368576 
 ----> peTTM 95 0 0.683024 0.316976 
 ----> peTTM 96 0 0.669408 0.330592 
 ----> peTTM 97 1 0.627673 0.372327 
 ----> peTTM 98 1 0.634779 0.365221 
 ----> peTTM 99 1 0.616388 0.383612 
 ----> peTTM 100 0 0.651448 0.348552 
 ----> peTTM 101 1 0.614238 0.385762 
 ----> peTTM 102 0 0.673006 0.326994 
 ----> peTTM 103 0 0.68692 0.31308 
 ----> peTTM 104 0 0.681175 0.318825 
 ----> peTTM 105 1 0.621585 0.378415 
 ----> peTTM 106 0 0.653856 0.346144 
 ----> peTTM 107 0 0.679258 0.320742 
 ----> peTTM 108 0 0.671969 0.328031 
 ----> peTTM 109 0 0.65689 0.34311 
 ----> peTTM 110 1 0.63936 0.36064 
 ----> peTTM 111 0 0.654947 0.345053 
 ----> peTTM 112 0 0.688452 0.311548 
 ----> peTTM 113 1 0.619911 0.380089 
 ----> peTTM 114 1 0.646842 0.353158 
 ----> peTTM 115 0 0.660813 0.339187 
 ----> peTTM 116 0 0.659871 0.340129 
 ----> peTTM 117 1 0.636818 0.363182 
 ----> peTTM 118 1 0.628712 0.371288 
 ----> peTTM 119 1 0.651527 0.348473 
 ----> peTTM 120 0 0.673194 0.326806 
 ----> peTTM 121 0 0.668209 0.331791 
 ----> peTTM 122 1 0.635725 0.364275 
 ----> peTTM 123 1 0.625079 0.374921 
 ----> peTTM 124 0 0.669701 0.330299 
 ----> peTTM 125 1 0.61921 0.38079 
 ----> peTTM 126 0 0.689628 0.310372 
 ----> peTTM 127 0 0.6746 0.3254 
 ----> peTTM 128 0 0.663185 0.336815 
 ----> peTTM 129 1 0.626748 0.373252 
 ----> peTTM 130 0 0.649335 0.350665 
 ----> peTTM 131 0 0.696001 0.303999 
 ----> peTTM 132 0 0.672641 0.327359 
 ----> peTTM 133 1 0.638806 0.361194 
 ----> peTTM 134 1 0.606787 0.393213 
 ----> peTTM 135 1 0.648559 0.351441 
 ----> peTTM 136 0 0.681127 0.318873 
 ----> peTTM 137 1 0.638695 0.361305 
 ----> peTTM 138 0 0.675484 0.324516 
 ----> peTTM 139 0 0.667113 0.332887 
 ----> peTTM 140 1 0.635278 0.364722 
 ----> peTTM 141 0 0.665992 0.334008 
 ----> peTTM 142 1 0.624769 0.375231 
 ----> peTTM 143 0 0.660633 0.339367 
 ----> peTTM 144 1 0.649961 0.350039 
 ----> peTTM 145 0 0.673999 0.326001 
 ----> peTTM 146 0 0.674072 0.325928 
 ----> peTTM 147 0 0.667704 0.332296 
 ----> peTTM 148 0 0.659361 0.340639 
 ----> peTTM 149 1 0.632814 0.367186 
 ----> peTTM 150 1 0.642522 0.357478 
 ----> peTTM 151 1 0.647355 0.352645 
 ----> peTTM 152 0 0.663537 0.336463 
 ----> peTTM 153 0 0.658187 0.341813 
 ----> peTTM 154 0 0.676113 0.323887 
 ----> peTTM 155 1 0.63557 0.36443 
 ----> peTTM 156 1 0.641762 0.358238 
 ----> peTTM 157 1 0.621544 0.378456 
 ----> peTTM 158 0 0.674159 0.325841 
 ----> peTTM 159 1 0.640115 0.359885 
 ----> peTTM 160 0 0.674963 0.325037 
 ----> peTTM 161 0 0.674998 0.325002 
 ----> peTTM 162 1 0.639933 0.360067 
 ----> peTTM 163 1 0.633738 0.366262 
 ----> peTTM 164 1 0.633373 0.366627 
 ----> peTTM 165 1 0.623169 0.376831 
 ----> peTTM 166 0 0.669043 0.330957 
 ----> peTTM 167 1 0.589597 0.410403 
 ----> peTTM 168 0 0.684424 0.315576 
 ----> peTTM 169 0 0.661397 0.338603 
 ----> peTTM 170 1 0.622743 0.377257 
 ----> peTTM 171 1 0.621229 0.378771 
 ----> peTTM 172 0 0.654141 0.345859 
 ----> peTTM 173 1 0.622445 0.377555 
 ----> peTTM 174 0 0.666796 0.333204 
 ----> peTTM 175 1 0.621501 0.378499 
 ----> peTTM 176 0 0.663791 0.336209 
 ----> peTTM 177 0 0.670153 0.329847 
 ----> peTTM 178 1 0.640696 0.359304 
 ----> peTTM 179 0 0.660558 0.339442 
 ----> peTTM 180 0 0.665168 0.334832 
 ----> peTTM 181 0 0.662475 0.337525 
 ----> peTTM 182 0 0.677293 0.322707 
 ----> peTTM 183 1 0.63937 0.36063 
 ----> peTTM 184 1 0.620215 0.379785 
 ----> peTTM 185 0 0.670024 0.329976 
 ----> peTTM 186 0 0.673729 0.326271 
 ----> peTTM 187 0 0.66517 0.33483 
 ----> peTTM 188 1 0.626037 0.373963 
 ----> peTTM 189 1 0.632982 0.367018 
 ----> peTTM 190 0 0.695999 0.304001 
 ----> peTTM 191 0 0.673197 0.326803 
 ----> peTTM 192 1 0.647439 0.352561 
 ----> peTTM 193 0 0.681017 0.318983 
 ----> peTTM 194 0 0.672746 0.327254 
 ----> peTTM 195 0 0.659953 0.340047 
 ----> peTTM 196 1 0.620278 0.379722 
 ----> peTTM 197 0 0.666367 0.333633 
 ----> peTTM 198 0 0.706424 0.293576 
 ----> peTTM 199 0 0.676055 0.323945 
 ----> peTTM 200 0 0.664537 0.335463 
 ----> peTTM 201 0 0.672377 0.327623 
 ----> peTTM 202 0 0.679703 0.320297 
 ----> peTTM 203 1 0.626601 0.373399 
 ----> peTTM 204 1 0.649968 0.350032 
 ----> peTTM 205 0 0.661581 0.338419 
 ----> peTTM 206 1 0.633634 0.366366 
 ----> peTTM 207 1 0.65395 0.34605 
 ----> peTTM 208 0 0.673174 0.326826 
 ----> peTTM 209 0 0.656024 0.343976 
 ----> peTTM 210 0 0.663232 0.336768 
 ----> peTTM 211 0 0.687537 0.312463 
 ----> peTTM 212 0 0.687365 0.312635 
 ----> peTTM 213 1 0.64251 0.35749 
 ----> peTTM 214 0 0.686105 0.313895 
 ----> peTTM 215 1 0.642989 0.357011 
 ----> peTTM 216 0 0.674161 0.325839 
 ----> peTTM 217 1 0.622106 0.377894 
 ----> peTTM 218 0 0.671199 0.328801 
 ----> peTTM 219 0 0.664773 0.335227 
 ----> peTTM 220 0 0.65985 0.34015 
 ----> peTTM 221 0 0.661701 0.338299 
 ----> peTTM 222 1 0.660183 0.339817 
 ----> peTTM 223 1 0.661252 0.338748 
 ----> peTTM 224 0 0.675746 0.324254 
 ----> peTTM 225 1 0.648447 0.351553 
 ----> peTTM 226 1 0.640321 0.359679 
 ----> peTTM 227 0 0.664544 0.335456 
 ----> peTTM 228 0 0.690859 0.309141 
 ----> peTTM 229 0 0.673865 0.326135 
 ----> peTTM 230 0 0.677879 0.322121 
 ----> peTTM 231 0 0.669485 0.330515 
 ----> peTTM 232 1 0.649027 0.350973 
 ----> peTTM 233 0 0.676196 0.323804 
 ----> peTTM 234 0 0.664682 0.335318 
 ----> peTTM 235 0 0.688807 0.311193 
 ----> peTTM 236 1 0.631392 0.368608 
 ----> peTTM 237 0 0.668997 0.331003 
 ----> peTTM 238 0 0.684724 0.315276 
 ----> peTTM 239 0 0.681835 0.318165 
 ----> peTTM 240 1 0.625245 0.374755 
 ----> peTTM 241 0 0.68361 0.31639 
 ----> peTTM 242 1 0.648707 0.351293 
 ----> peTTM 243 0 0.678958 0.321042 
 ----> peTTM 244 1 0.632842 0.367158 
 ----> peTTM 245 1 0.633814 0.366186 
 ----> peTTM 246 0 0.682542 0.317458 
 ----> peTTM 247 0 0.681667 0.318333 
 ----> peTTM 248 1 0.654385 0.345615 
 ----> peTTM 249 1 0.648261 0.351739 
 ----> peTTM 250 0 0.677809 0.322191 
 ----> peTTM 251 0 0.679597 0.320403 
 ----> peTTM 252 0 0.67239 0.32761 
 ----> peTTM 253 1 0.634452 0.365548 
 ----> peTTM 254 0 0.675945 0.324055 
 ----> peTTM 255 1 0.631163 0.368837 
 ----> peTTM 256 0 0.675709 0.324291 
 ----> peTTM 257 0 0.682398 0.317602 
 ----> peTTM 258 0 0.677652 0.322348 
 ----> peTTM 259 0 0.686968 0.313032 
 ----> peTTM 260 1 0.655564 0.344436 
 ----> peTTM 261 1 0.635404 0.364596 
 ----> peTTM 262 0 0.681771 0.318229 
 ----> peTTM 263 1 0.637206 0.362794 
 ----> peTTM 264 1 0.617065 0.382935 
 ----> peTTM 265 1 0.62275 0.37725 
 ----> peTTM 266 0 0.67802 0.32198 
 ----> peTTM 267 0 0.662201 0.337799 
 ----> peTTM 268 0 0.668222 0.331778 
 ----> peTTM 269 0 0.677562 0.322438 
 ----> peTTM 270 1 0.634705 0.365295 
 ----> peTTM 271 1 0.620574 0.379426 
 ----> peTTM 272 0 0.686084 0.313916 
 ----> peTTM 273 0 0.688556 0.311444 
 ----> peTTM 274 1 0.621812 0.378188 
 ----> peTTM 275 1 0.642406 0.357594 
 ----> peTTM 276 0 0.684 0.316 
 ----> peTTM 277 0 0.689268 0.310732 
 ----> peTTM 278 0 0.670008 0.329992 
 ----> peTTM 279 1 0.624158 0.375842 
 ----> peTTM 280 1 0.636447 0.363553 
 ----> peTTM 281 0 0.688826 0.311174 
 ----> peTTM 282 1 0.632491 0.367509 
 ----> peTTM 283 1 0.603058 0.396942 
 ----> peTTM 284 1 0.618597 0.381403 
 ----> peTTM 285 0 0.681058 0.318942 
 ----> peTTM 286 0 0.661446 0.338554 
 ----> peTTM 287 0 0.66149 0.33851 
 ----> peTTM 288 1 0.637268 0.362732 
 ----> peTTM 289 0 0.682297 0.317703 
 ----> peTTM 290 0 0.673305 0.326695 
 ----> peTTM 291 1 0.636297 0.363703 
 ----> peTTM 292 0 0.676671 0.323329 
 ----> peTTM 293 1 0.629203 0.370797 
 ----> peTTM 294 1 0.613832 0.386168 
 ----> peTTM 295 0 0.671082 0.328918 
 ----> peTTM 296 0 0.686676 0.313324 
 ----> peTTM 297 0 0.677069 0.322931 
 ----> peTTM 298 1 0.622956 0.377044 
 ----> peTTM 299 0 0.689222 0.310778 
 ----> peTTM 300 0 0.66734 0.33266 
 ----> peTTM 301 0 0.669582 0.330418 
 ----> peTTM 302 0 0.674998 0.325002 
 ----> peTTM 303 0 0.661312 0.338688 
 ----> peTTM 304 0 0.669546 0.330454 
 ----> peTTM 305 0 0.67444 0.32556 
 ----> peTTM 306 0 0.679875 0.320125 
 ----> peTTM 307 1 0.633401 0.366599 
 ----> peTTM 308 0 0.672475 0.327525 
 ----> peTTM 309 1 0.618645 0.381355 
 ----> peTTM 310 0 0.67644 0.32356 
 ----> peTTM 311 0 0.700175 0.299825 
 ----> peTTM 312 0 0.681886 0.318114 
 ----> peTTM 313 1 0.643928 0.356072 
 ----> peTTM 314 0 0.673341 0.326659 
 ----> peTTM 315 0 0.681438 0.318562 
 ----> peTTM 316 0 0.682371 0.317629 
 ----> peTTM 317 0 0.650755 0.349245 
 ----> peTTM 318 0 0.678842 0.321158 
 ----> peTTM 319 0 0.664629 0.335371 
 ----> peTTM 320 0 0.665285 0.334715 
 ----> peTTM 321 1 0.633404 0.366596 
 ----> peTTM 322 1 0.626432 0.373568 
 ----> peTTM 323 0 0.68132 0.31868 
 ----> peTTM 324 0 0.683224 0.316776 
 ----> peTTM 325 0 0.67121 0.32879 
 ----> peTTM 326 1 0.644922 0.355078 
 ----> peTTM 327 1 0.630099 0.369901 
 ----> peTTM 328 0 0.667991 0.332009 
 ----> peTTM 329 0 0.66257 0.33743 
 ----> peTTM 330 0 0.684274 0.315726 
 ----> peTTM 331 0 0.682565 0.317435 
 ----> peTTM 332 0 0.673606 0.326394 
 ----> peTTM 333 1 0.648952 0.351048 
 ----> peTTM 334 1 0.649817 0.350183 
 ----> peTTM 335 0 0.678165 0.321835 
 ----> peTTM 336 1 0.607617 0.392383 
 ----> peTTM 337 1 0.616077 0.383923 
 ----> peTTM 338 1 0.640286 0.359714 
 ----> peTTM 339 0 0.688284 0.311716 
 ----> peTTM 340 0 0.677471 0.322529 
 ----> peTTM 341 1 0.633918 0.366082 
 ----> peTTM 342 1 0.619734 0.380266 
 ----> peTTM 343 0 0.670124 0.329876 
 ----> peTTM 344 0 0.685722 0.314278 
 ----> peTTM 345 0 0.685559 0.314441 
 ----> peTTM 346 0 0.69795 0.30205 
 ----> peTTM 347 1 0.641622 0.358378 
 ----> peTTM 348 0 0.666637 0.333363 
 ----> peTTM 349 0 0.690503 0.309497 
 ----> peTTM 350 1 0.645164 0.354836 
 ----> peTTM 351 0 0.665212 0.334788 
 ----> peTTM 352 0 0.691134 0.308866 
 ----> peTTM 353 0 0.681542 0.318458 
 ----> peTTM 354 0 0.687673 0.312327 
 ----> peTTM 355 0 0.670663 0.329337 
 ----> peTTM 356 0 0.680246 0.319754 
 ----> peTTM 357 1 0.641904 0.358096 
 ----> peTTM 358 0 0.690292 0.309708 
 ----> peTTM 359 0 0.674729 0.325271 
 ----> peTTM 360 0 0.693694 0.306306 
 ----> peTTM 361 0 0.662069 0.337931 
 ----> peTTM 362 1 0.646918 0.353082 
 ----> peTTM 363 0 0.656867 0.343133 
 ----> peTTM 364 0 0.674481 0.325519 
 ----> peTTM 365 0 0.676653 0.323347 
 ----> peTTM 366 1 0.644236 0.355764 
 ----> peTTM 367 0 0.686821 0.313179 
 ----> peTTM 368 0 0.694651 0.305349 
 ----> peTTM 369 0 0.689225 0.310775 
 ----> peTTM 370 1 0.663399 0.336601 
 ----> peTTM 371 0 0.669203 0.330797 
 ----> peTTM 372 0 0.679849 0.320151 
 ----> peTTM 373 0 0.687688 0.312312 
 ----> peTTM 374 0 0.669967 0.330033 
 ----> peTTM 375 1 0.632638 0.367362 
 ----> peTTM 376 0 0.673691 0.326309 
 ----> peTTM 377 0 0.687825 0.312175 
 ----> peTTM 378 1 0.619165 0.380835 
 ----> peTTM 379 0 0.67564 0.32436 
 ----> peTTM 380 0 0.698835 0.301165 
 ----> peTTM 381 0 0.677912 0.322088 
 ----> peTTM 382 0 0.685834 0.314166 
 ----> peTTM 383 0 0.689877 0.310123 
 ----> peTTM 384 0 0.685176 0.314824 
 ----> peTTM 385 1 0.626887 0.373113 
 ----> peTTM 386 0 0.68386 0.31614 
 ----> peTTM 387 1 0.647066 0.352934 
 ----> peTTM 388 1 0.657122 0.342878 
 ----> peTTM 389 0 0.692201 0.307799 
 ----> peTTM 390 0 0.684594 0.315406 
 ----> peTTM 391 0 0.663435 0.336565 
 ----> peTTM 392 1 0.653758 0.346242 
 ----> peTTM 393 1 0.647914 0.352086 
 ----> peTTM 394 0 0.675494 0.324506 
 ----> peTTM 395 0 0.681255 0.318745 
 ----> peTTM 396 0 0.696997 0.303003 
 ----> peTTM 397 0 0.691076 0.308924 
 ----> peTTM 398 1 0.611288 0.388712 
 ----> peTTM 399 1 0.629315 0.370685 
 ----> peTTM 400 1 0.63568 0.36432 
 ----> peTTM 401 0 0.691387 0.308613 
 ----> peTTM 402 0 0.674409 0.325591 
 ----> peTTM 403 0 0.666424 0.333576 
 ----> peTTM 404 0 0.658277 0.341723 
 ----> peTTM 405 0 0.683784 0.316216 
 ----> peTTM 406 1 0.648982 0.351018 
 ----> peTTM 407 1 0.649469 0.350531 
 ----> peTTM 408 0 0.676093 0.323907 
 ----> peTTM 409 1 0.638647 0.361353 
 ----> peTTM 410 0 0.67738 0.32262 
 ----> peTTM 411 0 0.687916 0.312084 
 ----> peTTM 412 1 0.662405 0.337595 
 ----> peTTM 413 1 0.642632 0.357368 
 ----> peTTM 414 0 0.683396 0.316604 
 ----> peTTM 415 1 0.634229 0.365771 
 ----> peTTM 416 0 0.654868 0.345132 
 ----> peTTM 417 0 0.685616 0.314384 
 ----> peTTM 418 1 0.638023 0.361977 
 ----> peTTM 419 0 0.67844 0.32156 
 ----> peTTM 420 0 0.678105 0.321895 
 ----> peTTM 421 0 0.66925 0.33075 
 ----> peTTM 422 0 0.676893 0.323107 
 ----> peTTM 423 0 0.674831 0.325169 
 ----> peTTM 424 0 0.681378 0.318622 
 ----> peTTM 425 0 0.669072 0.330928 
 ----> peTTM 426 1 0.645769 0.354231 
 ----> peTTM 427 0 0.676466 0.323534 
 ----> peTTM 428 0 0.671467 0.328533 
 ----> peTTM 429 0 0.688969 0.311031 
 ----> peTTM 430 0 0.662583 0.337417 
 ----> peTTM 431 0 0.671386 0.328614 
 ----> peTTM 432 0 0.677277 0.322723 
 ----> peTTM 433 0 0.697416 0.302584 
 ----> peTTM 434 0 0.674327 0.325673 
 ----> peTTM 435 1 0.648747 0.351253 
 ----> peTTM 436 0 0.678485 0.321515 
 ----> peTTM 437 0 0.676786 0.323214 
 ----> peTTM 438 0 0.672007 0.327993 
 ----> peTTM 439 0 0.668928 0.331072 
 ----> peTTM 440 0 0.692236 0.307764 
 ----> peTTM 441 0 0.680385 0.319615 
 ----> peTTM 442 0 0.701876 0.298124 
 ----> peTTM 443 0 0.696467 0.303533 
 ----> peTTM 444 0 0.683291 0.316709 
 ----> peTTM 445 1 0.630106 0.369894 
 ----> peTTM 446 0 0.684324 0.315676 
 ----> peTTM 447 0 0.670937 0.329063 
 ----> peTTM 448 0 0.676498 0.323502 
 ----> peTTM 449 0 0.673467 0.326533 
 ----> peTTM 450 0 0.677091 0.322909 
 ----> peTTM 451 0 0.701236 0.298764 
 ----> peTTM 452 0 0.688132 0.311868 
 ----> peTTM 453 0 0.684441 0.315559 
 ----> peTTM 454 1 0.630928 0.369072 
 ----> peTTM 455 0 0.697794 0.302206 
 ----> peTTM 456 0 0.672235 0.327765 
 ----> peTTM 457 0 0.680409 0.319591 
 ----> peTTM 458 1 0.654428 0.345572 
 ----> peTTM 459 0 0.682023 0.317977 
 ----> peTTM 460 0 0.681919 0.318081 
 ----> peTTM 461 1 0.660506 0.339494 
 ----> peTTM 462 0 0.690968 0.309032 
 ----> peTTM 463 0 0.683215 0.316785 
 ----> peTTM 464 0 0.684126 0.315874 
 ----> peTTM 465 0 0.684254 0.315746 
 ----> peTTM 466 0 0.670958 0.329042 
 ----> peTTM 467 1 0.636205 0.363795 
 ----> peTTM 468 0 0.689405 0.310595 
 ----> peTTM 469 0 0.688369 0.311631 
 ----> peTTM 470 1 0.647666 0.352334 
 ----> peTTM 471 1 0.661903 0.338097 
 ----> peTTM 472 0 0.675942 0.324058 
 ----> peTTM 473 1 0.651847 0.348153 
 ----> peTTM 474 0 0.682774 0.317226 
 ----> peTTM 475 0 0.696808 0.303192 
 ----> peTTM 476 0 0.705062 0.294938 
 ----> peTTM 477 1 0.655222 0.344778 
 ----> peTTM 478 0 0.702312 0.297688 
 ----> peTTM 479 1 0.648509 0.351491 
 ----> peTTM 480 0 0.684417 0.315583 
 ----> peTTM 481 0 0.69599 0.30401 
 ----> peTTM 482 0 0.668083 0.331917 
 ----> peTTM 483 1 0.627638 0.372362 
 ----> peTTM 484 0 0.697901 0.302099 
 ----> peTTM 485 0 0.668839 0.331161 
 ----> peTTM 486 0 0.676207 0.323793 
 ----> peTTM 487 0 0.668631 0.331369 
 ----> peTTM 488 1 0.675945 0.324055 
 ----> peTTM 489 1 0.656608 0.343392 
 ----> peTTM 490 0 0.673815 0.326185 
 ----> peTTM 491 1 0.654182 0.345818 
 ----> peTTM 492 0 0.684495 0.315505 
 ----> peTTM 493 0 0.694934 0.305066 
 ----> peTTM 494 0 0.68036 0.31964 
 ----> peTTM 495 1 0.660327 0.339673 
 ----> peTTM 496 0 0.672538 0.327462 
 ----> peTTM 497 0 0.684661 0.315339 
 ----> peTTM 498 0 0.694118 0.305882 
 ----> peTTM 499 1 0.642215 0.357785 
 ----> peTTM 500 1 0.667843 0.332157 
 ----> peTTM 501 0 0.658939 0.341061 
 ----> peTTM 502 0 0.694222 0.305778 
 ----> peTTM 503 0 0.677534 0.322466 
 ----> peTTM 504 0 0.691393 0.308607 
 ----> peTTM 505 0 0.680322 0.319678 
 ----> peTTM 506 0 0.678706 0.321294 
 ----> peTTM 507 0 0.674763 0.325237 
 ----> peTTM 508 1 0.628329 0.371671 
 ----> peTTM 509 1 0.65061 0.34939 
 ----> peTTM 510 0 0.693452 0.306548 
 ----> peTTM 511 0 0.659726 0.340274 
 ----> peTTM 512 0 0.677279 0.322721 
 ----> peTTM 513 0 0.665635 0.334365 
 ----> peTTM 514 1 0.640458 0.359542 
 ----> peTTM 515 0 0.677399 0.322601 
 ----> peTTM 516 0 0.706086 0.293914 
 ----> peTTM 517 1 0.6464 0.3536 
 ----> peTTM 518 0 0.701279 0.298721 
 ----> peTTM 519 0 0.686517 0.313483 
 ----> peTTM 520 1 0.63923 0.36077 
 ----> peTTM 521 1 0.618591 0.381409 
 ----> peTTM 522 0 0.689584 0.310416 
 ----> peTTM 523 1 0.640001 0.359999 
 ----> peTTM 524 0 0.678215 0.321785 
 ----> peTTM 525 0 0.680949 0.319051 
 ----> peTTM 526 0 0.683665 0.316335 
 ----> peTTM 527 0 0.671664 0.328336 
 ----> peTTM 528 0 0.675031 0.324969 
 ----> peTTM 529 1 0.636404 0.363596 
 ----> peTTM 530 0 0.670469 0.329531 
 ----> peTTM 531 1 0.629632 0.370368 
 ----> peTTM 532 0 0.680454 0.319546 
 ----> peTTM 533 0 0.650024 0.349976 
 ----> peTTM 534 0 0.676223 0.323777 
 ----> peTTM 535 1 0.636997 0.363003 
 ----> peTTM 536 0 0.670682 0.329318 
 ----> peTTM 537 0 0.696665 0.303335 
 ----> peTTM 538 0 0.683603 0.316397 
 ----> peTTM 539 1 0.651994 0.348006 
 ----> peTTM 540 0 0.673007 0.326993 
 ----> peTTM 541 1 0.623915 0.376085 
 ----> peTTM 542 0 0.672545 0.327455 
 ----> peTTM 543 1 0.611369 0.388631 
 ----> peTTM 544 0 0.693745 0.306255 
 ----> peTTM 545 1 0.638036 0.361964 
 ----> peTTM 546 0 0.674821 0.325179 
 ----> peTTM 547 0 0.684844 0.315156 
 ----> peTTM 548 1 0.643923 0.356077 
 ----> peTTM 549 0 0.691402 0.308598 
 ----> peTTM 550 0 0.680609 0.319391 
 ----> peTTM 551 0 0.690688 0.309312 
 ----> peTTM 552 1 0.602586 0.397414 
 ----> peTTM 553 1 0.614942 0.385058 
 ----> peTTM 554 1 0.619721 0.380279 
 ----> peTTM 555 1 0.609189 0.390811 
 ----> peTTM 556 0 0.686788 0.313212 
 ----> peTTM 557 0 0.663956 0.336044 
 ----> peTTM 558 0 0.673959 0.326041 
 ----> peTTM 559 0 0.679432 0.320568 
 ----> peTTM 560 0 0.677192 0.322808 
 ----> peTTM 561 1 0.61832 0.38168 
 ----> peTTM 562 0 0.67438 0.32562 
 ----> peTTM 563 0 0.668905 0.331095 
 ----> peTTM 564 0 0.677548 0.322452 
 ----> peTTM 565 0 0.663598 0.336402 
 ----> peTTM 566 0 0.668922 0.331078 
 ----> peTTM 567 0 0.69064 0.30936 
 ----> peTTM 568 0 0.689059 0.310941 
 ----> peTTM 569 1 0.625534 0.374466 
 ----> peTTM 570 0 0.674498 0.325502 
 ----> peTTM 571 1 0.644632 0.355368 
 ----> peTTM 572 0 0.676236 0.323764 
 ----> peTTM 573 0 0.665144 0.334856 
 ----> peTTM 574 0 0.682577 0.317423 
 ----> peTTM 575 1 0.647396 0.352604 
 ----> peTTM 576 0 0.684796 0.315204 
 ----> peTTM 577 1 0.667206 0.332794 
 ----> peTTM 578 0 0.709827 0.290173 
 ----> peTTM 579 0 0.693505 0.306495 
 ----> peTTM 580 1 0.663198 0.336802 
 ----> peTTM 581 0 0.67131 0.32869 
 ----> peTTM 582 0 0.67701 0.32299 
 ----> peTTM 583 1 0.624363 0.375637 
 ----> peTTM 584 0 0.681017 0.318983 
 ----> peTTM 585 0 0.682629 0.317371 
 ----> peTTM 586 0 0.684214 0.315786 
 ----> peTTM 587 0 0.673785 0.326215 
 ----> peTTM 588 0 0.679683 0.320317 
 ----> peTTM 589 1 0.63029 0.36971 
 ----> peTTM 590 0 0.675821 0.324179 
 ----> peTTM 591 1 0.655995 0.344005 
 ----> peTTM 592 1 0.626602 0.373398 
 ----> peTTM 593 0 0.659723 0.340277 
 ----> peTTM 594 0 0.678587 0.321413 
 ----> peTTM 595 0 0.678541 0.321459 
 ----> peTTM 596 0 0.693847 0.306153 
 ----> peTTM 597 0 0.676869 0.323131 
 ----> peTTM 598 0 0.685262 0.314738 
 ----> peTTM 599 0 0.685214 0.314786 
 ----> peTTM 600 0 0.700757 0.299243 
 ----> peTTM 601 0 0.673799 0.326201 
 ----> peTTM 602 1 0.64552 0.35448 
 ----> peTTM 603 0 0.67584 0.32416 
 ----> peTTM 604 0 0.677045 0.322955 
 ----> peTTM 605 0 0.66344 0.33656 
 ----> peTTM 606 0 0.67593 0.32407 
 ----> peTTM 607 1 0.6418 0.3582 
 ----> peTTM 608 0 0.685421 0.314579 
 ----> peTTM 609 0 0.667123 0.332877 
 ----> peTTM 610 0 0.687382 0.312618 
 ----> peTTM 611 0 0.68314 0.31686 
 ----> peTTM 612 0 0.678014 0.321986 
 ----> peTTM 613 0 0.683004 0.316996 
 ----> peTTM 614 0 0.684591 0.315409 
 ----> peTTM 615 0 0.675989 0.324011 
 ----> peTTM 616 0 0.695659 0.304341 
 ----> peTTM 617 0 0.679083 0.320917 
 ----> peTTM 618 0 0.689031 0.310969 
 ----> peTTM 619 1 0.646901 0.353099 
 ----> peTTM 620 0 0.673863 0.326137 
 ----> peTTM 621 0 0.682871 0.317129 
 ----> peTTM 622 0 0.695769 0.304231 
 ----> peTTM 623 1 0.66214 0.33786 
 ----> peTTM 624 0 0.710746 0.289254 
 ----> peTTM 625 0 0.697985 0.302015 
 ----> peTTM 626 0 0.69474 0.30526 
 ----> peTTM 627 0 0.704327 0.295673 
 ----> peTTM 628 1 0.670159 0.329841 
 ----> peTTM 629 0 0.677297 0.322703 
 ----> peTTM 630 0 0.688125 0.311875 
 ----> peTTM 631 1 0.628069 0.371931 
 ----> peTTM 632 1 0.656741 0.343259 
 ----> peTTM 633 0 0.684951 0.315049 
 ----> peTTM 634 1 0.659881 0.340119 
 ----> peTTM 635 0 0.685695 0.314305 
 ----> peTTM 636 1 0.652393 0.347607 
 ----> peTTM 637 0 0.679998 0.320002 
 ----> peTTM 638 0 0.680402 0.319598 
 ----> peTTM 639 1 0.678682 0.321318 
 ----> peTTM 640 0 0.658381 0.341619 
 ----> peTTM 641 0 0.668191 0.331809 
 ----> peTTM 642 0 0.690517 0.309483 
 ----> peTTM 643 0 0.666429 0.333571 
 ----> peTTM 644 0 0.684535 0.315465 
 ----> peTTM 645 0 0.690091 0.309909 
 ----> peTTM 646 1 0.650584 0.349416 
 ----> peTTM 647 0 0.688409 0.311591 
 ----> peTTM 648 0 0.671927 0.328073 
 ----> peTTM 649 0 0.68726 0.31274 
 ----> peTTM 650 0 0.690645 0.309355 
 ----> peTTM 651 1 0.637227 0.362773 
 ----> peTTM 652 0 0.688623 0.311377 
 ----> peTTM 653 1 0.653061 0.346939 
 ----> peTTM 654 0 0.683724 0.316276 
 ----> peTTM 655 0 0.666905 0.333095 
 ----> peTTM 656 0 0.692794 0.307206 
 ----> peTTM 657 0 0.66537 0.33463 
 ----> peTTM 658 0 0.68257 0.31743 
 ----> peTTM 659 0 0.678472 0.321528 
 ----> peTTM 660 0 0.701793 0.298207 
 ----> peTTM 661 0 0.685805 0.314195 
 ----> peTTM 662 0 0.709736 0.290264 
 ----> peTTM 663 1 0.639669 0.360331 
 ----> peTTM 664 1 0.660018 0.339982 
 ----> peTTM 665 0 0.691749 0.308251 
 ----> peTTM 666 0 0.683246 0.316754 
 ----> peTTM 667 0 0.667173 0.332827 
 ----> peTTM 668 0 0.692254 0.307746 
 ----> peTTM 669 0 0.676817 0.323183 
 ----> peTTM 670 0 0.680041 0.319959 
 ----> peTTM 671 0 0.693649 0.306351 
 ----> peTTM 672 0 0.682914 0.317086 
 ----> peTTM 673 0 0.690318 0.309682 
 ----> peTTM 674 1 0.646488 0.353512 
 ----> peTTM 675 1 0.638507 0.361493 
 ----> peTTM 676 0 0.67385 0.32615 
 ----> peTTM 677 1 0.637141 0.362859 
 ----> peTTM 678 1 0.620238 0.379762 
 ----> peTTM 679 0 0.671708 0.328292 
 ----> peTTM 680 1 0.629361 0.370639 
 ----> peTTM 681 0 0.685916 0.314084 
 ----> peTTM 682 0 0.692575 0.307425 
 ----> peTTM 683 0 0.682599 0.317401 
 ----> peTTM 684 0 0.672215 0.327785 
 ----> peTTM 685 0 0.700956 0.299044 
 ----> peTTM 686 0 0.681234 0.318766 
 ----> peTTM 687 0 0.699985 0.300015 
 ----> peTTM 688 0 0.665505 0.334495 
 ----> peTTM 689 0 0.665403 0.334597 
 ----> peTTM 690 1 0.65148 0.34852 
 ----> peTTM 691 0 0.679467 0.320533 
 ----> peTTM 692 0 0.677526 0.322474 
 ----> peTTM 693 1 0.638529 0.361471 
 ----> peTTM 694 0 0.688151 0.311849 
 ----> peTTM 695 0 0.69845 0.30155 
 ----> peTTM 696 0 0.680568 0.319432 
 ----> peTTM 697 0 0.672914 0.327086 
 ----> peTTM 698 1 0.642474 0.357526 
 ----> peTTM 699 0 0.692566 0.307434 
 ----> peTTM 700 1 0.661278 0.338722 
 ----> peTTM 701 0 0.701647 0.298353 
 ----> peTTM 702 0 0.684594 0.315406 
 ----> peTTM 703 0 0.671049 0.328951 
 ----> peTTM 704 0 0.692405 0.307595 
 ----> peTTM 705 0 0.678617 0.321383 
 ----> peTTM 706 0 0.682961 0.317039 
 ----> peTTM 707 0 0.677546 0.322454 
 ----> peTTM 708 0 0.684829 0.315171 
 ----> peTTM 709 0 0.694529 0.305471 
 ----> peTTM 710 0 0.704661 0.295339 
 ----> peTTM 711 0 0.709422 0.290578 
 ----> peTTM 712 0 0.681488 0.318512 
 ----> peTTM 713 1 0.65298 0.34702 
 ----> peTTM 714 1 0.690048 0.309952 
 ----> peTTM 715 1 0.697971 0.302029 
 ----> peTTM 716 1 0.648021 0.351979 
 ----> peTTM 717 0 0.685431 0.314569 
 ----> peTTM 718 0 0.672167 0.327833 
