 ----> peTTM 1 1 0 0 
 ----> peTTM 2 0 0.663241 0.336759 
 ----> peTTM 3 1 0.644943 0.355057 
 ----> peTTM 4 1 0.673138 0.326862 
 ----> peTTM 5 1 0.65211 0.34789 
 ----> peTTM 6 1 0.671218 0.328782 
 ----> peTTM 7 0 0.671493 0.328507 
 ----> peTTM 8 0 0.629368 0.370632 
 ----> peTTM 9 0 0.666975 0.333025 
 ----> peTTM 10 1 0.670001 0.329999 
 ----> peTTM 11 1 0.621244 0.378756 
 ----> peTTM 12 0 0.652047 0.347953 
 ----> peTTM 13 0 0.670227 0.329773 
 ----> peTTM 14 1 0.673569 0.326431 
 ----> peTTM 15 1 0.646446 0.353554 
 ----> peTTM 16 1 0.656026 0.343974 
 ----> peTTM 17 1 0.679051 0.320949 
 ----> peTTM 18 0 0.701745 0.298255 
 ----> peTTM 19 0 0.670103 0.329897 
 ----> peTTM 20 0 0.676848 0.323152 
 ----> peTTM 21 1 0.657907 0.342093 
 ----> peTTM 22 0 0.665392 0.334608 
 ----> peTTM 23 0 0.665787 0.334213 
 ----> peTTM 24 0 0.65722 0.34278 
 ----> peTTM 25 0 0.649985 0.350015 
 ----> peTTM 26 1 0.665252 0.334748 
 ----> peTTM 27 1 0.660834 0.339166 
 ----> peTTM 28 1 0.631004 0.368996 
 ----> peTTM 29 0 0.676565 0.323435 
 ----> peTTM 30 0 0.660179 0.339821 
 ----> peTTM 31 0 0.64939 0.35061 
 ----> peTTM 32 0 0.672876 0.327124 
 ----> peTTM 33 0 0.687335 0.312665 
 ----> peTTM 34 0 0.676379 0.323621 
 ----> peTTM 35 1 0.647653 0.352347 
 ----> peTTM 36 0 0.66334 0.33666 
 ----> peTTM 37 0 0.663979 0.336021 
 ----> peTTM 38 0 0.666249 0.333751 
 ----> peTTM 39 0 0.662157 0.337843 
 ----> peTTM 40 1 0.661018 0.338982 
 ----> peTTM 41 1 0.650482 0.349518 
 ----> peTTM 42 1 0.663576 0.336424 
 ----> peTTM 43 0 0.663925 0.336075 
 ----> peTTM 44 1 0.640897 0.359103 
 ----> peTTM 45 1 0.66428 0.33572 
 ----> peTTM 46 0 0.650468 0.349532 
 ----> peTTM 47 1 0.668878 0.331122 
 ----> peTTM 48 1 0.655147 0.344853 
 ----> peTTM 49 1 0.664461 0.335539 
 ----> peTTM 50 1 0.655393 0.344607 
 ----> peTTM 51 0 0.694769 0.305231 
 ----> peTTM 52 1 0.625228 0.374772 
 ----> peTTM 53 0 0.683822 0.316178 
 ----> peTTM 54 0 0.67629 0.32371 
 ----> peTTM 55 0 0.673021 0.326979 
 ----> peTTM 56 1 0.671023 0.328977 
 ----> peTTM 57 1 0.621873 0.378127 
 ----> peTTM 58 0 0.672274 0.327726 
 ----> peTTM 59 1 0.635736 0.364264 
 ----> peTTM 60 0 0.666849 0.333151 
 ----> peTTM 61 0 0.667855 0.332145 
 ----> peTTM 62 0 0.663186 0.336814 
 ----> peTTM 63 1 0.639229 0.360771 
 ----> peTTM 64 1 0.666744 0.333256 
 ----> peTTM 65 0 0.707857 0.292143 
 ----> peTTM 66 0 0.71247 0.28753 
 ----> peTTM 67 1 0.631866 0.368134 
 ----> peTTM 68 1 0.647844 0.352156 
 ----> peTTM 69 0 0.68255 0.31745 
 ----> peTTM 70 1 0.629832 0.370168 
 ----> peTTM 71 1 0.690157 0.309843 
 ----> peTTM 72 1 0.677752 0.322248 
 ----> peTTM 73 0 0.663801 0.336199 
 ----> peTTM 74 0 0.725054 0.274946 
 ----> peTTM 75 0 0.679413 0.320587 
 ----> peTTM 76 1 0.654453 0.345547 
 ----> peTTM 77 0 0.695635 0.304365 
 ----> peTTM 78 1 0.66889 0.33111 
 ----> peTTM 79 0 0.631621 0.368379 
 ----> peTTM 80 1 0.675436 0.324564 
 ----> peTTM 81 1 0.580405 0.419595 
 ----> peTTM 82 1 0.681266 0.318734 
 ----> peTTM 83 1 0.678033 0.321967 
 ----> peTTM 84 1 0.702286 0.297714 
 ----> peTTM 85 0 0.631165 0.368835 
 ----> peTTM 86 0 0.695043 0.304957 
 ----> peTTM 87 1 0.637662 0.362338 
 ----> peTTM 88 1 0.6118 0.3882 
 ----> peTTM 89 1 0.637365 0.362635 
 ----> peTTM 90 1 0.680009 0.319991 
 ----> peTTM 91 1 0.689851 0.310149 
 ----> peTTM 92 0 0.69201 0.30799 
 ----> peTTM 93 0 0.688684 0.311316 
 ----> peTTM 94 1 0.620963 0.379037 
 ----> peTTM 95 0 0.707363 0.292637 
 ----> peTTM 96 0 0.641001 0.358999 
 ----> peTTM 97 1 0.661203 0.338797 
 ----> peTTM 98 1 0.671849 0.328151 
 ----> peTTM 99 1 0.655517 0.344483 
 ----> peTTM 100 0 0.670156 0.329844 
 ----> peTTM 101 1 0.668294 0.331706 
 ----> peTTM 102 0 0.697851 0.302149 
 ----> peTTM 103 0 0.661997 0.338003 
 ----> peTTM 104 0 0.688461 0.311539 
 ----> peTTM 105 1 0.645313 0.354687 
 ----> peTTM 106 0 0.691367 0.308633 
 ----> peTTM 107 0 0.689245 0.310755 
 ----> peTTM 108 0 0.69785 0.30215 
 ----> peTTM 109 0 0.671605 0.328395 
 ----> peTTM 110 1 0.668751 0.331249 
 ----> peTTM 111 0 0.660959 0.339041 
 ----> peTTM 112 0 0.681839 0.318161 
 ----> peTTM 113 1 0.610582 0.389418 
 ----> peTTM 114 1 0.64491 0.35509 
 ----> peTTM 115 0 0.711993 0.288007 
 ----> peTTM 116 0 0.643361 0.356639 
 ----> peTTM 117 1 0.687999 0.312001 
 ----> peTTM 118 1 0.651008 0.348992 
 ----> peTTM 119 1 0.672903 0.327097 
 ----> peTTM 120 0 0.652965 0.347035 
 ----> peTTM 121 0 0.657402 0.342598 
 ----> peTTM 122 1 0.648713 0.351287 
 ----> peTTM 123 1 0.602889 0.397111 
 ----> peTTM 124 0 0.649606 0.350394 
 ----> peTTM 125 1 0.645265 0.354735 
 ----> peTTM 126 0 0.691781 0.308219 
 ----> peTTM 127 0 0.673758 0.326242 
 ----> peTTM 128 0 0.671984 0.328016 
 ----> peTTM 129 1 0.680671 0.319329 
 ----> peTTM 130 0 0.686572 0.313428 
 ----> peTTM 131 0 0.681608 0.318392 
 ----> peTTM 132 0 0.679519 0.320481 
 ----> peTTM 133 1 0.665884 0.334116 
 ----> peTTM 134 1 0.618382 0.381618 
 ----> peTTM 135 1 0.666244 0.333756 
 ----> peTTM 136 0 0.678137 0.321863 
 ----> peTTM 137 1 0.650987 0.349013 
 ----> peTTM 138 0 0.687372 0.312628 
 ----> peTTM 139 0 0.687045 0.312955 
 ----> peTTM 140 1 0.654598 0.345402 
 ----> peTTM 141 0 0.665305 0.334695 
 ----> peTTM 142 1 0.656957 0.343043 
 ----> peTTM 143 0 0.666022 0.333978 
 ----> peTTM 144 1 0.637242 0.362758 
 ----> peTTM 145 0 0.68421 0.31579 
 ----> peTTM 146 0 0.636365 0.363635 
 ----> peTTM 147 0 0.713346 0.286654 
 ----> peTTM 148 0 0.656921 0.343079 
 ----> peTTM 149 1 0.668249 0.331751 
 ----> peTTM 150 1 0.659171 0.340829 
 ----> peTTM 151 1 0.652356 0.347644 
 ----> peTTM 152 0 0.632019 0.367981 
 ----> peTTM 153 0 0.672496 0.327504 
 ----> peTTM 154 0 0.673606 0.326394 
 ----> peTTM 155 1 0.657532 0.342468 
 ----> peTTM 156 1 0.681038 0.318962 
 ----> peTTM 157 1 0.675977 0.324023 
 ----> peTTM 158 0 0.69986 0.30014 
 ----> peTTM 159 1 0.591083 0.408917 
 ----> peTTM 160 0 0.659066 0.340934 
 ----> peTTM 161 0 0.643689 0.356311 
 ----> peTTM 162 1 0.664122 0.335878 
 ----> peTTM 163 1 0.675139 0.324861 
 ----> peTTM 164 1 0.616924 0.383076 
 ----> peTTM 165 1 0.644836 0.355164 
 ----> peTTM 166 0 0.671102 0.328898 
 ----> peTTM 167 1 0.658496 0.341504 
 ----> peTTM 168 0 0.687489 0.312511 
 ----> peTTM 169 0 0.644648 0.355352 
 ----> peTTM 170 1 0.629658 0.370342 
 ----> peTTM 171 1 0.655668 0.344332 
 ----> peTTM 172 0 0.683748 0.316252 
 ----> peTTM 173 1 0.680783 0.319217 
 ----> peTTM 174 0 0.717824 0.282176 
 ----> peTTM 175 1 0.617892 0.382108 
 ----> peTTM 176 0 0.662978 0.337022 
 ----> peTTM 177 0 0.685946 0.314054 
 ----> peTTM 178 1 0.660579 0.339421 
 ----> peTTM 179 0 0.689097 0.310903 
 ----> peTTM 180 0 0.709521 0.290479 
 ----> peTTM 181 0 0.668365 0.331635 
 ----> peTTM 182 0 0.659445 0.340555 
 ----> peTTM 183 1 0.617322 0.382678 
 ----> peTTM 184 1 0.624167 0.375833 
 ----> peTTM 185 0 0.7024 0.2976 
 ----> peTTM 186 0 0.655174 0.344826 
 ----> peTTM 187 0 0.675645 0.324355 
 ----> peTTM 188 1 0.629391 0.370609 
 ----> peTTM 189 1 0.639477 0.360523 
 ----> peTTM 190 0 0.687268 0.312732 
 ----> peTTM 191 0 0.683442 0.316558 
 ----> peTTM 192 1 0.612627 0.387373 
 ----> peTTM 193 0 0.666838 0.333162 
 ----> peTTM 194 0 0.688254 0.311746 
 ----> peTTM 195 0 0.670482 0.329518 
 ----> peTTM 196 1 0.678454 0.321546 
 ----> peTTM 197 0 0.624734 0.375266 
 ----> peTTM 198 0 0.683541 0.316459 
 ----> peTTM 199 0 0.659871 0.340129 
 ----> peTTM 200 0 0.70072 0.29928 
 ----> peTTM 201 0 0.698035 0.301965 
 ----> peTTM 202 0 0.647717 0.352283 
 ----> peTTM 203 1 0.666599 0.333401 
 ----> peTTM 204 1 0.696558 0.303442 
 ----> peTTM 205 0 0.688107 0.311893 
 ----> peTTM 206 1 0.666526 0.333474 
 ----> peTTM 207 1 0.669036 0.330964 
 ----> peTTM 208 0 0.649869 0.350131 
 ----> peTTM 209 0 0.659802 0.340198 
 ----> peTTM 210 0 0.656662 0.343338 
 ----> peTTM 211 0 0.666097 0.333903 
 ----> peTTM 212 0 0.730061 0.269939 
 ----> peTTM 213 1 0.673443 0.326557 
 ----> peTTM 214 0 0.640899 0.359101 
 ----> peTTM 215 1 0.618811 0.381189 
 ----> peTTM 216 0 0.6706 0.3294 
 ----> peTTM 217 1 0.626431 0.373569 
 ----> peTTM 218 0 0.706033 0.293967 
 ----> peTTM 219 0 0.680861 0.319139 
 ----> peTTM 220 0 0.622973 0.377027 
 ----> peTTM 221 0 0.685028 0.314972 
 ----> peTTM 222 1 0.656616 0.343384 
 ----> peTTM 223 1 0.640965 0.359035 
 ----> peTTM 224 0 0.696452 0.303548 
 ----> peTTM 225 1 0.64779 0.35221 
 ----> peTTM 226 1 0.686502 0.313498 
 ----> peTTM 227 0 0.682692 0.317308 
 ----> peTTM 228 0 0.693627 0.306373 
 ----> peTTM 229 0 0.665396 0.334604 
 ----> peTTM 230 0 0.677798 0.322202 
 ----> peTTM 231 0 0.629962 0.370038 
 ----> peTTM 232 1 0.61459 0.38541 
 ----> peTTM 233 0 0.661853 0.338147 
 ----> peTTM 234 0 0.680496 0.319504 
 ----> peTTM 235 0 0.642891 0.357109 
 ----> peTTM 236 1 0.60194 0.39806 
 ----> peTTM 237 0 0.681108 0.318892 
 ----> peTTM 238 0 0.643743 0.356257 
 ----> peTTM 239 0 0.623908 0.376092 
 ----> peTTM 240 1 0.639323 0.360677 
 ----> peTTM 241 0 0.707497 0.292503 
 ----> peTTM 242 1 0.653055 0.346945 
 ----> peTTM 243 0 0.658436 0.341564 
 ----> peTTM 244 1 0.621343 0.378657 
 ----> peTTM 245 1 0.636614 0.363386 
 ----> peTTM 246 0 0.669165 0.330835 
 ----> peTTM 247 0 0.67307 0.32693 
 ----> peTTM 248 1 0.626667 0.373333 
 ----> peTTM 249 1 0.61068 0.38932 
 ----> peTTM 250 0 0.684151 0.315849 
 ----> peTTM 251 0 0.69496 0.30504 
 ----> peTTM 252 0 0.62473 0.37527 
 ----> peTTM 253 1 0.671696 0.328304 
 ----> peTTM 254 0 0.683769 0.316231 
 ----> peTTM 255 1 0.657637 0.342363 
 ----> peTTM 256 0 0.691313 0.308687 
 ----> peTTM 257 0 0.673602 0.326398 
 ----> peTTM 258 0 0.654605 0.345395 
 ----> peTTM 259 0 0.68502 0.31498 
 ----> peTTM 260 1 0.634326 0.365674 
 ----> peTTM 261 1 0.631321 0.368679 
 ----> peTTM 262 0 0.738577 0.261423 
 ----> peTTM 263 1 0.613758 0.386242 
 ----> peTTM 264 1 0.6193 0.3807 
 ----> peTTM 265 1 0.599601 0.400399 
 ----> peTTM 266 0 0.633041 0.366959 
 ----> peTTM 267 0 0.686589 0.313411 
 ----> peTTM 268 0 0.604263 0.395737 
 ----> peTTM 269 0 0.644318 0.355682 
 ----> peTTM 270 1 0.673959 0.326041 
 ----> peTTM 271 1 0.613873 0.386127 
 ----> peTTM 272 0 0.681871 0.318129 
 ----> peTTM 273 0 0.719914 0.280086 
 ----> peTTM 274 1 0.668604 0.331396 
 ----> peTTM 275 1 0.671951 0.328049 
 ----> peTTM 276 0 0.66282 0.33718 
 ----> peTTM 277 0 0.700424 0.299576 
 ----> peTTM 278 0 0.657804 0.342196 
 ----> peTTM 279 1 0.593557 0.406443 
 ----> peTTM 280 1 0.641926 0.358074 
 ----> peTTM 281 0 0.663169 0.336831 
 ----> peTTM 282 1 0.654802 0.345198 
 ----> peTTM 283 1 0.659316 0.340684 
 ----> peTTM 284 1 0.676423 0.323577 
 ----> peTTM 285 0 0.693309 0.306691 
 ----> peTTM 286 0 0.682246 0.317754 
 ----> peTTM 287 0 0.726791 0.273209 
 ----> peTTM 288 1 0.657169 0.342831 
 ----> peTTM 289 0 0.67717 0.32283 
 ----> peTTM 290 0 0.676663 0.323337 
 ----> peTTM 291 1 0.685785 0.314215 
 ----> peTTM 292 0 0.682475 0.317525 
 ----> peTTM 293 1 0.685104 0.314896 
 ----> peTTM 294 1 0.632618 0.367382 
 ----> peTTM 295 0 0.667272 0.332728 
 ----> peTTM 296 0 0.664861 0.335139 
 ----> peTTM 297 0 0.667494 0.332506 
 ----> peTTM 298 1 0.6197 0.3803 
 ----> peTTM 299 0 0.688387 0.311613 
 ----> peTTM 300 0 0.663727 0.336273 
 ----> peTTM 301 0 0.656087 0.343913 
 ----> peTTM 302 0 0.687257 0.312743 
 ----> peTTM 303 0 0.681248 0.318752 
 ----> peTTM 304 0 0.657813 0.342187 
 ----> peTTM 305 0 0.667971 0.332029 
 ----> peTTM 306 0 0.644407 0.355593 
 ----> peTTM 307 1 0.636841 0.363159 
 ----> peTTM 308 0 0.69626 0.30374 
 ----> peTTM 309 1 0.626409 0.373591 
 ----> peTTM 310 0 0.663111 0.336889 
 ----> peTTM 311 0 0.673455 0.326545 
 ----> peTTM 312 0 0.687074 0.312926 
 ----> peTTM 313 1 0.68121 0.31879 
 ----> peTTM 314 0 0.650782 0.349218 
 ----> peTTM 315 0 0.678337 0.321663 
 ----> peTTM 316 0 0.644277 0.355723 
 ----> peTTM 317 0 0.629594 0.370406 
 ----> peTTM 318 0 0.635232 0.364768 
 ----> peTTM 319 0 0.692122 0.307878 
 ----> peTTM 320 0 0.683641 0.316359 
 ----> peTTM 321 1 0.601022 0.398978 
 ----> peTTM 322 1 0.607279 0.392721 
 ----> peTTM 323 0 0.650684 0.349316 
 ----> peTTM 324 0 0.687093 0.312907 
 ----> peTTM 325 0 0.652198 0.347802 
 ----> peTTM 326 1 0.671045 0.328955 
 ----> peTTM 327 1 0.641934 0.358066 
 ----> peTTM 328 0 0.70346 0.29654 
 ----> peTTM 329 0 0.600288 0.399712 
 ----> peTTM 330 0 0.685281 0.314719 
 ----> peTTM 331 0 0.689005 0.310995 
 ----> peTTM 332 0 0.676241 0.323759 
 ----> peTTM 333 1 0.666394 0.333606 
 ----> peTTM 334 1 0.636997 0.363003 
 ----> peTTM 335 0 0.626925 0.373075 
 ----> peTTM 336 1 0.582898 0.417102 
 ----> peTTM 337 1 0.650735 0.349265 
 ----> peTTM 338 1 0.633711 0.366289 
 ----> peTTM 339 0 0.672415 0.327585 
 ----> peTTM 340 0 0.689415 0.310585 
 ----> peTTM 341 1 0.689379 0.310621 
 ----> peTTM 342 1 0.664415 0.335585 
 ----> peTTM 343 0 0.650236 0.349764 
 ----> peTTM 344 0 0.676172 0.323828 
 ----> peTTM 345 0 0.67247 0.32753 
 ----> peTTM 346 0 0.6577 0.3423 
 ----> peTTM 347 1 0.636456 0.363544 
 ----> peTTM 348 0 0.670338 0.329662 
 ----> peTTM 349 0 0.68485 0.31515 
 ----> peTTM 350 1 0.690945 0.309055 
 ----> peTTM 351 0 0.675414 0.324586 
 ----> peTTM 352 0 0.643402 0.356598 
 ----> peTTM 353 0 0.7181 0.2819 
 ----> peTTM 354 0 0.669733 0.330267 
 ----> peTTM 355 0 0.67409 0.32591 
 ----> peTTM 356 0 0.675353 0.324647 
 ----> peTTM 357 1 0.670141 0.329859 
 ----> peTTM 358 0 0.682595 0.317405 
 ----> peTTM 359 0 0.705219 0.294781 
 ----> peTTM 360 0 0.676471 0.323529 
 ----> peTTM 361 0 0.681816 0.318184 
 ----> peTTM 362 1 0.60497 0.39503 
 ----> peTTM 363 0 0.641583 0.358417 
 ----> peTTM 364 0 0.641921 0.358079 
 ----> peTTM 365 0 0.687098 0.312902 
 ----> peTTM 366 1 0.634347 0.365653 
 ----> peTTM 367 0 0.683155 0.316845 
 ----> peTTM 368 0 0.689485 0.310515 
 ----> peTTM 369 0 0.687491 0.312509 
 ----> peTTM 370 1 0.643605 0.356395 
 ----> peTTM 371 0 0.683257 0.316743 
 ----> peTTM 372 0 0.71029 0.28971 
 ----> peTTM 373 0 0.681127 0.318873 
 ----> peTTM 374 0 0.676767 0.323233 
 ----> peTTM 375 1 0.671352 0.328648 
 ----> peTTM 376 0 0.678389 0.321611 
 ----> peTTM 377 0 0.647428 0.352572 
 ----> peTTM 378 1 0.602184 0.397816 
 ----> peTTM 379 0 0.674872 0.325128 
 ----> peTTM 380 0 0.675146 0.324854 
 ----> peTTM 381 0 0.685505 0.314495 
 ----> peTTM 382 0 0.689013 0.310987 
 ----> peTTM 383 0 0.661556 0.338444 
 ----> peTTM 384 0 0.653934 0.346066 
 ----> peTTM 385 1 0.640766 0.359234 
 ----> peTTM 386 0 0.688803 0.311197 
 ----> peTTM 387 1 0.658426 0.341574 
 ----> peTTM 388 1 0.660188 0.339812 
 ----> peTTM 389 0 0.702346 0.297654 
 ----> peTTM 390 0 0.684245 0.315755 
 ----> peTTM 391 0 0.684302 0.315698 
 ----> peTTM 392 1 0.644762 0.355238 
 ----> peTTM 393 1 0.630627 0.369373 
 ----> peTTM 394 0 0.667602 0.332398 
 ----> peTTM 395 0 0.659321 0.340679 
 ----> peTTM 396 0 0.655481 0.344519 
 ----> peTTM 397 0 0.728252 0.271748 
 ----> peTTM 398 1 0.535062 0.464938 
 ----> peTTM 399 1 0.629323 0.370677 
 ----> peTTM 400 1 0.538097 0.461903 
 ----> peTTM 401 0 0.711883 0.288117 
 ----> peTTM 402 0 0.713507 0.286493 
 ----> peTTM 403 0 0.688033 0.311967 
 ----> peTTM 404 0 0.683771 0.316229 
 ----> peTTM 405 0 0.702725 0.297275 
 ----> peTTM 406 1 0.66071 0.33929 
 ----> peTTM 407 1 0.660748 0.339252 
 ----> peTTM 408 0 0.680504 0.319496 
 ----> peTTM 409 1 0.634302 0.365698 
 ----> peTTM 410 0 0.699806 0.300194 
 ----> peTTM 411 0 0.716418 0.283582 
 ----> peTTM 412 1 0.676528 0.323472 
 ----> peTTM 413 1 0.671385 0.328615 
 ----> peTTM 414 0 0.67773 0.32227 
 ----> peTTM 415 1 0.668514 0.331486 
 ----> peTTM 416 0 0.694082 0.305918 
 ----> peTTM 417 0 0.679111 0.320889 
 ----> peTTM 418 1 0.651168 0.348832 
 ----> peTTM 419 0 0.67382 0.32618 
 ----> peTTM 420 0 0.648854 0.351146 
 ----> peTTM 421 0 0.64516 0.35484 
 ----> peTTM 422 0 0.68226 0.31774 
 ----> peTTM 423 0 0.735828 0.264172 
 ----> peTTM 424 0 0.675478 0.324522 
 ----> peTTM 425 0 0.669693 0.330307 
 ----> peTTM 426 1 0.657947 0.342053 
 ----> peTTM 427 0 0.688761 0.311239 
 ----> peTTM 428 0 0.657591 0.342409 
 ----> peTTM 429 0 0.680788 0.319212 
 ----> peTTM 430 0 0.676996 0.323004 
 ----> peTTM 431 0 0.709059 0.290941 
 ----> peTTM 432 0 0.697212 0.302788 
 ----> peTTM 433 0 0.674376 0.325624 
 ----> peTTM 434 0 0.701992 0.298008 
 ----> peTTM 435 1 0.648073 0.351927 
 ----> peTTM 436 0 0.697487 0.302513 
 ----> peTTM 437 0 0.647758 0.352242 
 ----> peTTM 438 0 0.709528 0.290472 
 ----> peTTM 439 0 0.642953 0.357047 
 ----> peTTM 440 0 0.711979 0.288021 
 ----> peTTM 441 0 0.646057 0.353943 
 ----> peTTM 442 0 0.667392 0.332608 
 ----> peTTM 443 0 0.67554 0.32446 
 ----> peTTM 444 0 0.66075 0.33925 
 ----> peTTM 445 1 0.626838 0.373162 
 ----> peTTM 446 0 0.67511 0.32489 
 ----> peTTM 447 0 0.699938 0.300062 
 ----> peTTM 448 0 0.673628 0.326372 
 ----> peTTM 449 0 0.690436 0.309564 
 ----> peTTM 450 0 0.661557 0.338443 
 ----> peTTM 451 0 0.658052 0.341948 
 ----> peTTM 452 0 0.670927 0.329073 
 ----> peTTM 453 0 0.67799 0.32201 
 ----> peTTM 454 1 0.695207 0.304793 
 ----> peTTM 455 0 0.678116 0.321884 
 ----> peTTM 456 0 0.667046 0.332954 
 ----> peTTM 457 0 0.658422 0.341578 
 ----> peTTM 458 1 0.653674 0.346326 
 ----> peTTM 459 0 0.679149 0.320851 
 ----> peTTM 460 0 0.717993 0.282007 
 ----> peTTM 461 1 0.648915 0.351085 
 ----> peTTM 462 0 0.636421 0.363579 
 ----> peTTM 463 0 0.648531 0.351469 
 ----> peTTM 464 0 0.66678 0.33322 
 ----> peTTM 465 0 0.676951 0.323049 
 ----> peTTM 466 0 0.667452 0.332548 
 ----> peTTM 467 1 0.652919 0.347081 
 ----> peTTM 468 0 0.694633 0.305367 
 ----> peTTM 469 0 0.713088 0.286912 
 ----> peTTM 470 1 0.672062 0.327938 
 ----> peTTM 471 1 0.641525 0.358475 
 ----> peTTM 472 0 0.627202 0.372798 
 ----> peTTM 473 1 0.619003 0.380997 
 ----> peTTM 474 0 0.631288 0.368712 
 ----> peTTM 475 0 0.698145 0.301855 
 ----> peTTM 476 0 0.675733 0.324267 
 ----> peTTM 477 1 0.625398 0.374602 
 ----> peTTM 478 0 0.625507 0.374493 
 ----> peTTM 479 1 0.642837 0.357163 
 ----> peTTM 480 0 0.685709 0.314291 
 ----> peTTM 481 0 0.683493 0.316507 
 ----> peTTM 482 0 0.684688 0.315312 
 ----> peTTM 483 1 0.641692 0.358308 
 ----> peTTM 484 0 0.664996 0.335004 
 ----> peTTM 485 0 0.671035 0.328965 
 ----> peTTM 486 0 0.664345 0.335655 
 ----> peTTM 487 0 0.684165 0.315835 
 ----> peTTM 488 1 0.634101 0.365899 
 ----> peTTM 489 1 0.663472 0.336528 
 ----> peTTM 490 0 0.683768 0.316232 
 ----> peTTM 491 1 0.617067 0.382933 
 ----> peTTM 492 0 0.653251 0.346749 
 ----> peTTM 493 0 0.68453 0.31547 
 ----> peTTM 494 0 0.627147 0.372853 
 ----> peTTM 495 1 0.613012 0.386988 
 ----> peTTM 496 0 0.624015 0.375985 
 ----> peTTM 497 0 0.683261 0.316739 
 ----> peTTM 498 0 0.755886 0.244114 
 ----> peTTM 499 1 0.664685 0.335315 
 ----> peTTM 500 1 0.674504 0.325496 
 ----> peTTM 501 0 0.671456 0.328544 
 ----> peTTM 502 0 0.684375 0.315625 
 ----> peTTM 503 0 0.663084 0.336916 
 ----> peTTM 504 0 0.670654 0.329346 
 ----> peTTM 505 0 0.686679 0.313321 
 ----> peTTM 506 0 0.657631 0.342369 
 ----> peTTM 507 0 0.684408 0.315592 
 ----> peTTM 508 1 0.611437 0.388563 
 ----> peTTM 509 1 0.673099 0.326901 
 ----> peTTM 510 0 0.670581 0.329419 
 ----> peTTM 511 0 0.684209 0.315791 
 ----> peTTM 512 0 0.661962 0.338038 
 ----> peTTM 513 0 0.664742 0.335258 
 ----> peTTM 514 1 0.643087 0.356913 
 ----> peTTM 515 0 0.662696 0.337304 
 ----> peTTM 516 0 0.728027 0.271973 
 ----> peTTM 517 1 0.610663 0.389337 
 ----> peTTM 518 0 0.691312 0.308688 
 ----> peTTM 519 0 0.669973 0.330027 
 ----> peTTM 520 1 0.676278 0.323722 
 ----> peTTM 521 1 0.637736 0.362264 
 ----> peTTM 522 0 0.6646 0.3354 
 ----> peTTM 523 1 0.626909 0.373091 
 ----> peTTM 524 0 0.632002 0.367998 
 ----> peTTM 525 0 0.665471 0.334529 
 ----> peTTM 526 0 0.692612 0.307388 
 ----> peTTM 527 0 0.666075 0.333925 
 ----> peTTM 528 0 0.7209 0.2791 
 ----> peTTM 529 1 0.547494 0.452506 
 ----> peTTM 530 0 0.63543 0.36457 
 ----> peTTM 531 1 0.570379 0.429621 
 ----> peTTM 532 0 0.732931 0.267069 
 ----> peTTM 533 0 0.675575 0.324425 
 ----> peTTM 534 0 0.652311 0.347689 
 ----> peTTM 535 1 0.650986 0.349014 
 ----> peTTM 536 0 0.667591 0.332409 
 ----> peTTM 537 0 0.688143 0.311857 
 ----> peTTM 538 0 0.667558 0.332442 
 ----> peTTM 539 1 0.665936 0.334064 
 ----> peTTM 540 0 0.651512 0.348488 
 ----> peTTM 541 1 0.634252 0.365748 
 ----> peTTM 542 0 0.675901 0.324099 
 ----> peTTM 543 1 0.663209 0.336791 
 ----> peTTM 544 0 0.667744 0.332256 
 ----> peTTM 545 1 0.619931 0.380069 
 ----> peTTM 546 0 0.670362 0.329638 
 ----> peTTM 547 0 0.662791 0.337209 
 ----> peTTM 548 1 0.670428 0.329572 
 ----> peTTM 549 0 0.667288 0.332712 
 ----> peTTM 550 0 0.667408 0.332592 
 ----> peTTM 551 0 0.710236 0.289764 
 ----> peTTM 552 1 0.620702 0.379298 
 ----> peTTM 553 1 0.62971 0.37029 
 ----> peTTM 554 1 0.639604 0.360396 
 ----> peTTM 555 1 0.648749 0.351251 
 ----> peTTM 556 0 0.665899 0.334101 
 ----> peTTM 557 0 0.718023 0.281977 
 ----> peTTM 558 0 0.660796 0.339204 
 ----> peTTM 559 0 0.711552 0.288448 
 ----> peTTM 560 0 0.635489 0.364511 
 ----> peTTM 561 1 0.627267 0.372733 
 ----> peTTM 562 0 0.685546 0.314454 
 ----> peTTM 563 0 0.690219 0.309781 
 ----> peTTM 564 0 0.708764 0.291236 
 ----> peTTM 565 0 0.668238 0.331762 
 ----> peTTM 566 0 0.661102 0.338898 
 ----> peTTM 567 0 0.673139 0.326861 
 ----> peTTM 568 0 0.716728 0.283272 
 ----> peTTM 569 1 0.68505 0.31495 
 ----> peTTM 570 0 0.667497 0.332503 
 ----> peTTM 571 1 0.654397 0.345603 
 ----> peTTM 572 0 0.670841 0.329159 
 ----> peTTM 573 0 0.694351 0.305649 
 ----> peTTM 574 0 0.704114 0.295886 
 ----> peTTM 575 1 0.658851 0.341149 
 ----> peTTM 576 0 0.698383 0.301617 
 ----> peTTM 577 1 0.668668 0.331332 
 ----> peTTM 578 0 0.696042 0.303958 
 ----> peTTM 579 0 0.683203 0.316797 
 ----> peTTM 580 1 0.647427 0.352573 
 ----> peTTM 581 0 0.666589 0.333411 
 ----> peTTM 582 0 0.664209 0.335791 
 ----> peTTM 583 1 0.625839 0.374161 
 ----> peTTM 584 0 0.688743 0.311257 
 ----> peTTM 585 0 0.667229 0.332771 
 ----> peTTM 586 0 0.677337 0.322663 
 ----> peTTM 587 0 0.644887 0.355113 
 ----> peTTM 588 0 0.688282 0.311718 
 ----> peTTM 589 1 0.624598 0.375402 
 ----> peTTM 590 0 0.666545 0.333455 
 ----> peTTM 591 1 0.661347 0.338653 
 ----> peTTM 592 1 0.672837 0.327163 
 ----> peTTM 593 0 0.643422 0.356578 
 ----> peTTM 594 0 0.693938 0.306062 
 ----> peTTM 595 0 0.670901 0.329099 
 ----> peTTM 596 0 0.6884 0.3116 
 ----> peTTM 597 0 0.620709 0.379291 
 ----> peTTM 598 0 0.645918 0.354082 
 ----> peTTM 599 0 0.727332 0.272668 
 ----> peTTM 600 0 0.655767 0.344233 
 ----> peTTM 601 0 0.621669 0.378331 
 ----> peTTM 602 1 0.59693 0.40307 
 ----> peTTM 603 0 0.685438 0.314562 
 ----> peTTM 604 0 0.68091 0.31909 
 ----> peTTM 605 0 0.58661 0.41339 
 ----> peTTM 606 0 0.660653 0.339347 
 ----> peTTM 607 1 0.640613 0.359387 
 ----> peTTM 608 0 0.673702 0.326298 
 ----> peTTM 609 0 0.632276 0.367724 
 ----> peTTM 610 0 0.666069 0.333931 
 ----> peTTM 611 0 0.662492 0.337508 
 ----> peTTM 612 0 0.698579 0.301421 
 ----> peTTM 613 0 0.674194 0.325806 
 ----> peTTM 614 0 0.667379 0.332621 
 ----> peTTM 615 0 0.711561 0.288439 
 ----> peTTM 616 0 0.65686 0.34314 
 ----> peTTM 617 0 0.668074 0.331926 
 ----> peTTM 618 0 0.661423 0.338577 
 ----> peTTM 619 1 0.655642 0.344358 
 ----> peTTM 620 0 0.668949 0.331051 
 ----> peTTM 621 0 0.682607 0.317393 
 ----> peTTM 622 0 0.678367 0.321633 
 ----> peTTM 623 1 0.645466 0.354534 
 ----> peTTM 624 0 0.672639 0.327361 
 ----> peTTM 625 0 0.664034 0.335966 
 ----> peTTM 626 0 0.688759 0.311241 
 ----> peTTM 627 0 0.714866 0.285134 
 ----> peTTM 628 1 0.650119 0.349881 
 ----> peTTM 629 0 0.682105 0.317895 
 ----> peTTM 630 0 0.674292 0.325708 
 ----> peTTM 631 1 0.685485 0.314515 
 ----> peTTM 632 1 0.692154 0.307846 
 ----> peTTM 633 0 0.636536 0.363464 
 ----> peTTM 634 1 0.630782 0.369218 
 ----> peTTM 635 0 0.686588 0.313412 
 ----> peTTM 636 1 0.603937 0.396063 
 ----> peTTM 637 0 0.634402 0.365598 
 ----> peTTM 638 0 0.664002 0.335998 
 ----> peTTM 639 1 0.670754 0.329246 
 ----> peTTM 640 0 0.670892 0.329108 
 ----> peTTM 641 0 0.631831 0.368169 
 ----> peTTM 642 0 0.660888 0.339112 
 ----> peTTM 643 0 0.690066 0.309934 
 ----> peTTM 644 0 0.689769 0.310231 
 ----> peTTM 645 0 0.700639 0.299361 
 ----> peTTM 646 1 0.669904 0.330096 
 ----> peTTM 647 0 0.697366 0.302634 
 ----> peTTM 648 0 0.695844 0.304156 
 ----> peTTM 649 0 0.678769 0.321231 
 ----> peTTM 650 0 0.666766 0.333234 
 ----> peTTM 651 1 0.661295 0.338705 
 ----> peTTM 652 0 0.684194 0.315806 
 ----> peTTM 653 1 0.67357 0.32643 
 ----> peTTM 654 0 0.694399 0.305601 
 ----> peTTM 655 0 0.677711 0.322289 
 ----> peTTM 656 0 0.673778 0.326222 
 ----> peTTM 657 0 0.686062 0.313938 
 ----> peTTM 658 0 0.673866 0.326134 
 ----> peTTM 659 0 0.67484 0.32516 
 ----> peTTM 660 0 0.672553 0.327447 
 ----> peTTM 661 0 0.681333 0.318667 
 ----> peTTM 662 0 0.702185 0.297815 
 ----> peTTM 663 1 0.648793 0.351207 
 ----> peTTM 664 1 0.664479 0.335521 
 ----> peTTM 665 0 0.667028 0.332972 
 ----> peTTM 666 0 0.668956 0.331044 
 ----> peTTM 667 0 0.6271 0.3729 
 ----> peTTM 668 0 0.677966 0.322034 
 ----> peTTM 669 0 0.66262 0.33738 
 ----> peTTM 670 0 0.688082 0.311918 
 ----> peTTM 671 0 0.664 0.336 
 ----> peTTM 672 0 0.6444 0.3556 
 ----> peTTM 673 0 0.690839 0.309161 
 ----> peTTM 674 1 0.642981 0.357019 
 ----> peTTM 675 1 0.622744 0.377256 
 ----> peTTM 676 0 0.653725 0.346275 
 ----> peTTM 677 1 0.656393 0.343607 
 ----> peTTM 678 1 0.640841 0.359159 
 ----> peTTM 679 0 0.663443 0.336557 
 ----> peTTM 680 1 0.667197 0.332803 
 ----> peTTM 681 0 0.675022 0.324978 
 ----> peTTM 682 0 0.671523 0.328477 
 ----> peTTM 683 0 0.659624 0.340376 
 ----> peTTM 684 0 0.698389 0.301611 
 ----> peTTM 685 0 0.698659 0.301341 
 ----> peTTM 686 0 0.70097 0.29903 
 ----> peTTM 687 0 0.711245 0.288755 
 ----> peTTM 688 0 0.687948 0.312052 
 ----> peTTM 689 0 0.694149 0.305851 
 ----> peTTM 690 1 0.637229 0.362771 
 ----> peTTM 691 0 0.68006 0.31994 
 ----> peTTM 692 0 0.642728 0.357272 
 ----> peTTM 693 1 0.639569 0.360431 
 ----> peTTM 694 0 0.648842 0.351158 
 ----> peTTM 695 0 0.694362 0.305638 
 ----> peTTM 696 0 0.686299 0.313701 
 ----> peTTM 697 0 0.644286 0.355714 
 ----> peTTM 698 1 0.645373 0.354627 
 ----> peTTM 699 0 0.668162 0.331838 
 ----> peTTM 700 1 0.650068 0.349932 
 ----> peTTM 701 0 0.660282 0.339718 
 ----> peTTM 702 0 0.67428 0.32572 
 ----> peTTM 703 0 0.643392 0.356608 
 ----> peTTM 704 0 0.702647 0.297353 
 ----> peTTM 705 0 0.664062 0.335938 
 ----> peTTM 706 0 0.699309 0.300691 
 ----> peTTM 707 0 0.672141 0.327859 
 ----> peTTM 708 0 0.677365 0.322635 
 ----> peTTM 709 0 0.672627 0.327373 
 ----> peTTM 710 0 0.659863 0.340137 
 ----> peTTM 711 0 0.707603 0.292397 
 ----> peTTM 712 0 0.65213 0.34787 
 ----> peTTM 713 1 0.63694 0.36306 
 ----> peTTM 714 1 0.65737 0.34263 
 ----> peTTM 715 1 0.714536 0.285464 
 ----> peTTM 716 1 0.641837 0.358163 
 ----> peTTM 717 0 0.715886 0.284114 
 ----> peTTM 718 0 0.62801 0.37199 
