 ----> peTTM 1 1 0.65961 0.34039 
 ----> peTTM 2 0 0.638446 0.361554 
 ----> peTTM 3 1 0.694124 0.305876 
 ----> peTTM 4 1 0.636464 0.363536 
 ----> peTTM 5 1 0.630753 0.369247 
 ----> peTTM 6 1 0.643201 0.356799 
 ----> peTTM 7 0 0.625662 0.374338 
 ----> peTTM 8 0 0.690494 0.309506 
 ----> peTTM 9 0 0.666881 0.333119 
 ----> peTTM 10 1 0.63037 0.36963 
 ----> peTTM 11 1 0.669078 0.330922 
 ----> peTTM 12 0 0.688047 0.311953 
 ----> peTTM 13 0 0.624652 0.375348 
 ----> peTTM 14 1 0.638867 0.361133 
 ----> peTTM 15 1 0.572538 0.427462 
 ----> peTTM 16 1 0.545274 0.454726 
 ----> peTTM 17 1 0.622469 0.377531 
 ----> peTTM 18 0 0.657224 0.342776 
 ----> peTTM 19 0 0.646674 0.353326 
 ----> peTTM 20 0 0.69387 0.30613 
 ----> peTTM 21 1 0.644007 0.355993 
 ----> peTTM 22 0 0.6734 0.3266 
 ----> peTTM 23 0 0.665935 0.334065 
 ----> peTTM 24 0 0.672004 0.327996 
 ----> peTTM 25 0 0.65788 0.34212 
 ----> peTTM 26 1 0.527415 0.472585 
 ----> peTTM 27 1 0.662971 0.337029 
 ----> peTTM 28 1 0.585338 0.414662 
 ----> peTTM 29 0 0.608319 0.391681 
 ----> peTTM 30 0 0.655144 0.344856 
 ----> peTTM 31 0 0.700492 0.299508 
 ----> peTTM 32 0 0.671776 0.328224 
 ----> peTTM 33 0 0.67011 0.32989 
 ----> peTTM 34 0 0.627761 0.372239 
 ----> peTTM 35 1 0.652024 0.347976 
 ----> peTTM 36 0 0.667916 0.332084 
 ----> peTTM 37 0 0.628665 0.371335 
 ----> peTTM 38 0 0.648565 0.351435 
 ----> peTTM 39 0 0.595136 0.404864 
 ----> peTTM 40 1 0.660035 0.339965 
 ----> peTTM 41 1 0.660572 0.339428 
 ----> peTTM 42 1 0.674296 0.325704 
 ----> peTTM 43 0 0.689977 0.310023 
 ----> peTTM 44 1 0.668947 0.331053 
 ----> peTTM 45 1 0.578557 0.421443 
 ----> peTTM 46 0 0.652265 0.347735 
 ----> peTTM 47 1 0.638241 0.361759 
 ----> peTTM 48 1 0.665407 0.334593 
 ----> peTTM 49 1 0.666441 0.333559 
 ----> peTTM 50 1 0.657081 0.342919 
 ----> peTTM 51 0 0.703785 0.296215 
 ----> peTTM 52 1 0.650701 0.349299 
 ----> peTTM 53 0 0.676905 0.323095 
 ----> peTTM 54 0 0.681478 0.318522 
 ----> peTTM 55 0 0.681276 0.318724 
 ----> peTTM 56 1 0.622987 0.377013 
 ----> peTTM 57 1 0.601285 0.398715 
 ----> peTTM 58 0 0.681811 0.318189 
 ----> peTTM 59 1 0.658574 0.341426 
 ----> peTTM 60 0 0.658403 0.341597 
 ----> peTTM 61 0 0.674862 0.325138 
 ----> peTTM 62 0 0.674648 0.325352 
 ----> peTTM 63 1 0.667938 0.332062 
 ----> peTTM 64 1 0.646233 0.353767 
 ----> peTTM 65 0 0.627458 0.372542 
 ----> peTTM 66 0 0.663646 0.336354 
 ----> peTTM 67 1 0.571433 0.428567 
 ----> peTTM 68 1 0.62833 0.37167 
 ----> peTTM 69 0 0.636256 0.363744 
 ----> peTTM 70 1 0.664154 0.335846 
 ----> peTTM 71 1 0.66587 0.33413 
 ----> peTTM 72 1 0.671291 0.328709 
 ----> peTTM 73 0 0.664036 0.335964 
 ----> peTTM 74 0 0.64549 0.35451 
 ----> peTTM 75 0 0.648817 0.351183 
 ----> peTTM 76 1 0.676851 0.323149 
 ----> peTTM 77 0 0.662066 0.337934 
 ----> peTTM 78 1 0.56794 0.43206 
 ----> peTTM 79 0 0.651726 0.348274 
 ----> peTTM 80 1 0.601555 0.398445 
 ----> peTTM 81 1 0.667688 0.332312 
 ----> peTTM 82 1 0.530186 0.469814 
 ----> peTTM 83 1 0.590282 0.409718 
 ----> peTTM 84 1 0.656565 0.343435 
 ----> peTTM 85 0 0.644638 0.355362 
 ----> peTTM 86 0 0.699913 0.300087 
 ----> peTTM 87 1 0.543122 0.456878 
 ----> peTTM 88 1 0.620955 0.379045 
 ----> peTTM 89 1 0.668133 0.331867 
 ----> peTTM 90 1 0.688994 0.311006 
 ----> peTTM 91 1 0.620114 0.379886 
 ----> peTTM 92 0 0.636335 0.363665 
 ----> peTTM 93 0 0.672123 0.327877 
 ----> peTTM 94 1 0.645938 0.354062 
 ----> peTTM 95 0 0.709927 0.290073 
 ----> peTTM 96 0 0.733154 0.266846 
 ----> peTTM 97 1 0.61396 0.38604 
 ----> peTTM 98 1 0.657857 0.342143 
 ----> peTTM 99 1 0.627123 0.372877 
 ----> peTTM 100 0 0.583046 0.416954 
 ----> peTTM 101 1 0.629017 0.370983 
 ----> peTTM 102 0 0.65557 0.34443 
 ----> peTTM 103 0 0.71292 0.28708 
 ----> peTTM 104 0 0.68713 0.31287 
 ----> peTTM 105 1 0.631339 0.368661 
 ----> peTTM 106 0 0.651242 0.348758 
 ----> peTTM 107 0 0.653496 0.346504 
 ----> peTTM 108 0 0.658837 0.341163 
 ----> peTTM 109 0 0.6337 0.3663 
 ----> peTTM 110 1 0.656675 0.343325 
 ----> peTTM 111 0 0.643538 0.356462 
 ----> peTTM 112 0 0.68964 0.31036 
 ----> peTTM 113 1 0.681893 0.318107 
 ----> peTTM 114 1 0.678936 0.321064 
 ----> peTTM 115 0 0.671228 0.328772 
 ----> peTTM 116 0 0.658373 0.341627 
 ----> peTTM 117 1 0.678538 0.321462 
 ----> peTTM 118 1 0.646409 0.353591 
 ----> peTTM 119 1 0.593795 0.406205 
 ----> peTTM 120 0 0.657574 0.342426 
 ----> peTTM 121 0 0.654955 0.345045 
 ----> peTTM 122 1 0.65916 0.34084 
 ----> peTTM 123 1 0.596376 0.403624 
 ----> peTTM 124 0 0.679226 0.320774 
 ----> peTTM 125 1 0.656681 0.343319 
 ----> peTTM 126 0 0.683886 0.316114 
 ----> peTTM 127 0 0.608603 0.391397 
 ----> peTTM 128 0 0.60183 0.39817 
 ----> peTTM 129 1 0.542505 0.457495 
 ----> peTTM 130 0 0.609394 0.390606 
 ----> peTTM 131 0 0.682747 0.317253 
 ----> peTTM 132 0 0.615343 0.384657 
 ----> peTTM 133 1 0.650275 0.349725 
 ----> peTTM 134 1 0.666567 0.333433 
 ----> peTTM 135 1 0.633661 0.366339 
 ----> peTTM 136 0 0.67469 0.32531 
 ----> peTTM 137 1 0.685456 0.314544 
 ----> peTTM 138 0 0.676043 0.323957 
 ----> peTTM 139 0 0.710462 0.289538 
 ----> peTTM 140 1 0.651705 0.348295 
 ----> peTTM 141 0 0.674449 0.325551 
 ----> peTTM 142 1 0.558649 0.441351 
 ----> peTTM 143 0 0.635022 0.364978 
 ----> peTTM 144 1 0.637275 0.362725 
 ----> peTTM 145 0 0.681701 0.318299 
 ----> peTTM 146 0 0.670569 0.329431 
 ----> peTTM 147 0 0.672881 0.327119 
 ----> peTTM 148 0 0.644217 0.355783 
 ----> peTTM 149 1 0.673358 0.326642 
 ----> peTTM 150 1 0.638338 0.361662 
 ----> peTTM 151 1 0.662699 0.337301 
 ----> peTTM 152 0 0.676165 0.323835 
 ----> peTTM 153 0 0.654775 0.345225 
 ----> peTTM 154 0 0.696981 0.303019 
 ----> peTTM 155 1 0.678969 0.321031 
 ----> peTTM 156 1 0.674532 0.325468 
 ----> peTTM 157 1 0.690739 0.309261 
 ----> peTTM 158 0 0.658426 0.341574 
 ----> peTTM 159 1 0.659549 0.340451 
 ----> peTTM 160 0 0.678663 0.321337 
 ----> peTTM 161 0 0.697038 0.302962 
 ----> peTTM 162 1 0.605104 0.394896 
 ----> peTTM 163 1 0.637927 0.362073 
 ----> peTTM 164 1 0.650265 0.349735 
 ----> peTTM 165 1 0.615416 0.384584 
 ----> peTTM 166 0 0.678011 0.321989 
 ----> peTTM 167 1 0.569298 0.430702 
 ----> peTTM 168 0 0.66962 0.33038 
 ----> peTTM 169 0 0.649228 0.350772 
 ----> peTTM 170 1 0.645585 0.354415 
 ----> peTTM 171 1 0.642952 0.357048 
 ----> peTTM 172 0 0.647767 0.352233 
 ----> peTTM 173 1 0.629595 0.370405 
 ----> peTTM 174 0 0.616177 0.383823 
 ----> peTTM 175 1 0.640346 0.359654 
 ----> peTTM 176 0 0.620468 0.379532 
 ----> peTTM 177 0 0.656575 0.343425 
 ----> peTTM 178 1 0.661924 0.338076 
 ----> peTTM 179 0 0.649005 0.350995 
 ----> peTTM 180 0 0.687945 0.312055 
 ----> peTTM 181 0 0.666872 0.333128 
 ----> peTTM 182 0 0.639724 0.360276 
 ----> peTTM 183 1 0.654335 0.345665 
 ----> peTTM 184 1 0.645832 0.354168 
 ----> peTTM 185 0 0.671002 0.328998 
 ----> peTTM 186 0 0.708591 0.291409 
 ----> peTTM 187 0 0.666264 0.333736 
 ----> peTTM 188 1 0.650284 0.349716 
 ----> peTTM 189 1 0.629777 0.370223 
 ----> peTTM 190 0 0.665649 0.334351 
 ----> peTTM 191 0 0.662793 0.337207 
 ----> peTTM 192 1 0.669716 0.330284 
 ----> peTTM 193 0 0.654232 0.345768 
 ----> peTTM 194 0 0.647349 0.352651 
 ----> peTTM 195 0 0.624593 0.375407 
 ----> peTTM 196 1 0.595355 0.404645 
 ----> peTTM 197 0 0.686594 0.313406 
 ----> peTTM 198 0 0.692745 0.307255 
 ----> peTTM 199 0 0.657376 0.342624 
 ----> peTTM 200 0 0.657399 0.342601 
 ----> peTTM 201 0 0.654103 0.345897 
 ----> peTTM 202 0 0.695794 0.304206 
 ----> peTTM 203 1 0.676874 0.323126 
 ----> peTTM 204 1 0.691558 0.308442 
 ----> peTTM 205 0 0.687333 0.312667 
 ----> peTTM 206 1 0.652728 0.347272 
 ----> peTTM 207 1 0.612439 0.387561 
 ----> peTTM 208 0 0.696383 0.303617 
 ----> peTTM 209 0 0.659876 0.340124 
 ----> peTTM 210 0 0.658737 0.341263 
 ----> peTTM 211 0 0.684932 0.315068 
 ----> peTTM 212 0 0.710024 0.289976 
 ----> peTTM 213 1 0.61551 0.38449 
 ----> peTTM 214 0 0.676215 0.323785 
 ----> peTTM 215 1 0.637806 0.362194 
 ----> peTTM 216 0 0.639549 0.360451 
 ----> peTTM 217 1 0.641317 0.358683 
 ----> peTTM 218 0 0.664608 0.335392 
 ----> peTTM 219 0 0.675869 0.324131 
 ----> peTTM 220 0 0.682154 0.317846 
 ----> peTTM 221 0 0.638197 0.361803 
 ----> peTTM 222 1 0.666643 0.333357 
 ----> peTTM 223 1 0.672812 0.327188 
 ----> peTTM 224 0 0.694499 0.305501 
 ----> peTTM 225 1 0.615822 0.384178 
 ----> peTTM 226 1 0.645388 0.354612 
 ----> peTTM 227 0 0.665152 0.334848 
 ----> peTTM 228 0 0.684024 0.315976 
 ----> peTTM 229 0 0.682608 0.317392 
 ----> peTTM 230 0 0.658934 0.341066 
 ----> peTTM 231 0 0.673303 0.326697 
 ----> peTTM 232 1 0.606391 0.393609 
 ----> peTTM 233 0 0.683146 0.316854 
 ----> peTTM 234 0 0.640884 0.359116 
 ----> peTTM 235 0 0.694763 0.305237 
 ----> peTTM 236 1 0.649584 0.350416 
 ----> peTTM 237 0 0.650439 0.349561 
 ----> peTTM 238 0 0.648749 0.351251 
 ----> peTTM 239 0 0.73587 0.26413 
 ----> peTTM 240 1 0.663001 0.336999 
 ----> peTTM 241 0 0.695877 0.304123 
 ----> peTTM 242 1 0.608815 0.391185 
 ----> peTTM 243 0 0.695388 0.304612 
 ----> peTTM 244 1 0.649854 0.350146 
 ----> peTTM 245 1 0.599446 0.400554 
 ----> peTTM 246 0 0.657856 0.342144 
 ----> peTTM 247 0 0.681024 0.318976 
 ----> peTTM 248 1 0.660631 0.339369 
 ----> peTTM 249 1 0.638214 0.361786 
 ----> peTTM 250 0 0.664304 0.335696 
 ----> peTTM 251 0 0.607291 0.392709 
 ----> peTTM 252 0 0.675697 0.324303 
 ----> peTTM 253 1 0.639668 0.360332 
 ----> peTTM 254 0 0.69233 0.30767 
 ----> peTTM 255 1 0.621056 0.378944 
 ----> peTTM 256 0 0.64746 0.35254 
 ----> peTTM 257 0 0.665731 0.334269 
 ----> peTTM 258 0 0.70896 0.29104 
 ----> peTTM 259 0 0.696799 0.303201 
 ----> peTTM 260 1 0.670096 0.329904 
 ----> peTTM 261 1 0.60663 0.39337 
 ----> peTTM 262 0 0.642704 0.357296 
 ----> peTTM 263 1 0.659301 0.340699 
 ----> peTTM 264 1 0.61519 0.38481 
 ----> peTTM 265 1 0.651335 0.348665 
 ----> peTTM 266 0 0.65691 0.34309 
 ----> peTTM 267 0 0.673646 0.326354 
 ----> peTTM 268 0 0.682828 0.317172 
 ----> peTTM 269 0 0.652814 0.347186 
 ----> peTTM 270 1 0.650823 0.349177 
 ----> peTTM 271 1 0.646797 0.353203 
 ----> peTTM 272 0 0.6313 0.3687 
 ----> peTTM 273 0 0.627464 0.372536 
 ----> peTTM 274 1 0.640162 0.359838 
 ----> peTTM 275 1 0.658615 0.341385 
 ----> peTTM 276 0 0.678063 0.321937 
 ----> peTTM 277 0 0.666669 0.333331 
 ----> peTTM 278 0 0.707258 0.292742 
 ----> peTTM 279 1 0.542779 0.457221 
 ----> peTTM 280 1 0.51284 0.48716 
 ----> peTTM 281 0 0.710835 0.289165 
 ----> peTTM 282 1 0.640571 0.359429 
 ----> peTTM 283 1 0.655019 0.344981 
 ----> peTTM 284 1 0.591354 0.408646 
 ----> peTTM 285 0 0.705888 0.294112 
 ----> peTTM 286 0 0.612484 0.387516 
 ----> peTTM 287 0 0.634458 0.365542 
 ----> peTTM 288 1 0.625782 0.374218 
 ----> peTTM 289 0 0.679898 0.320102 
 ----> peTTM 290 0 0.704319 0.295681 
 ----> peTTM 291 1 0.648934 0.351066 
 ----> peTTM 292 0 0.708554 0.291446 
 ----> peTTM 293 1 0.621702 0.378298 
 ----> peTTM 294 1 0.565423 0.434577 
 ----> peTTM 295 0 0.626525 0.373475 
 ----> peTTM 296 0 0.683136 0.316864 
 ----> peTTM 297 0 0.729434 0.270566 
 ----> peTTM 298 1 0.633364 0.366636 
 ----> peTTM 299 0 0.680763 0.319237 
 ----> peTTM 300 0 0.692007 0.307993 
 ----> peTTM 301 0 0.682356 0.317644 
 ----> peTTM 302 0 0.671985 0.328015 
 ----> peTTM 303 0 0.599261 0.400739 
 ----> peTTM 304 0 0.64706 0.35294 
 ----> peTTM 305 0 0.643178 0.356822 
 ----> peTTM 306 0 0.692125 0.307875 
 ----> peTTM 307 1 0.652086 0.347914 
 ----> peTTM 308 0 0.648501 0.351499 
 ----> peTTM 309 1 0.658156 0.341844 
 ----> peTTM 310 0 0.659935 0.340065 
 ----> peTTM 311 0 0.701824 0.298176 
 ----> peTTM 312 0 0.64589 0.35411 
 ----> peTTM 313 1 0.613287 0.386713 
 ----> peTTM 314 0 0.681629 0.318371 
 ----> peTTM 315 0 0.711925 0.288075 
 ----> peTTM 316 0 0.712809 0.287191 
 ----> peTTM 317 0 0.618778 0.381222 
 ----> peTTM 318 0 0.73396 0.26604 
 ----> peTTM 319 0 0.729796 0.270204 
 ----> peTTM 320 0 0.674354 0.325646 
 ----> peTTM 321 1 0.631207 0.368793 
 ----> peTTM 322 1 0.627122 0.372878 
 ----> peTTM 323 0 0.657527 0.342473 
 ----> peTTM 324 0 0.673515 0.326485 
 ----> peTTM 325 0 0.717349 0.282651 
 ----> peTTM 326 1 0.69095 0.30905 
 ----> peTTM 327 1 0.664126 0.335874 
 ----> peTTM 328 0 0.680826 0.319174 
 ----> peTTM 329 0 0.677661 0.322339 
 ----> peTTM 330 0 0.676777 0.323223 
 ----> peTTM 331 0 0.65578 0.34422 
 ----> peTTM 332 0 0.66387 0.33613 
 ----> peTTM 333 1 0.634693 0.365307 
 ----> peTTM 334 1 0.620467 0.379533 
 ----> peTTM 335 0 0.692391 0.307609 
 ----> peTTM 336 1 0.66866 0.33134 
 ----> peTTM 337 1 0.631059 0.368941 
 ----> peTTM 338 1 0.65663 0.34337 
 ----> peTTM 339 0 0.63324 0.36676 
 ----> peTTM 340 0 0.680578 0.319422 
 ----> peTTM 341 1 0.661506 0.338494 
 ----> peTTM 342 1 0.653897 0.346103 
 ----> peTTM 343 0 0.686555 0.313445 
 ----> peTTM 344 0 0.640255 0.359745 
 ----> peTTM 345 0 0.663218 0.336782 
 ----> peTTM 346 0 0.67787 0.32213 
 ----> peTTM 347 1 0.670228 0.329772 
 ----> peTTM 348 0 0.621675 0.378325 
 ----> peTTM 349 0 0.688328 0.311672 
 ----> peTTM 350 1 0.640651 0.359349 
 ----> peTTM 351 0 0.652233 0.347767 
 ----> peTTM 352 0 0.688625 0.311375 
 ----> peTTM 353 0 0.643052 0.356948 
 ----> peTTM 354 0 0.674494 0.325506 
 ----> peTTM 355 0 0.755307 0.244693 
 ----> peTTM 356 0 0.651281 0.348719 
 ----> peTTM 357 1 0.716494 0.283506 
 ----> peTTM 358 0 0.753095 0.246905 
 ----> peTTM 359 0 0.661393 0.338607 
 ----> peTTM 360 0 0.63274 0.36726 
 ----> peTTM 361 0 0.660746 0.339254 
 ----> peTTM 362 1 0.575122 0.424878 
 ----> peTTM 363 0 0.658147 0.341853 
 ----> peTTM 364 0 0.645815 0.354185 
 ----> peTTM 365 0 0.658911 0.341089 
 ----> peTTM 366 1 0.659495 0.340505 
 ----> peTTM 367 0 0.707936 0.292064 
 ----> peTTM 368 0 0.713605 0.286395 
 ----> peTTM 369 0 0.672082 0.327918 
 ----> peTTM 370 1 0.645121 0.354879 
 ----> peTTM 371 0 0.713451 0.286549 
 ----> peTTM 372 0 0.640896 0.359104 
 ----> peTTM 373 0 0.651871 0.348129 
 ----> peTTM 374 0 0.714972 0.285028 
 ----> peTTM 375 1 0.635376 0.364624 
 ----> peTTM 376 0 0.672838 0.327162 
 ----> peTTM 377 0 0.682156 0.317844 
 ----> peTTM 378 1 0.616589 0.383411 
 ----> peTTM 379 0 0.680146 0.319854 
 ----> peTTM 380 0 0.71113 0.28887 
 ----> peTTM 381 0 0.635769 0.364231 
 ----> peTTM 382 0 0.666013 0.333987 
 ----> peTTM 383 0 0.668603 0.331397 
 ----> peTTM 384 0 0.677805 0.322195 
 ----> peTTM 385 1 0.647347 0.352653 
 ----> peTTM 386 0 0.714003 0.285997 
 ----> peTTM 387 1 0.655533 0.344467 
 ----> peTTM 388 1 0.664565 0.335435 
 ----> peTTM 389 0 0.687895 0.312105 
 ----> peTTM 390 0 0.680354 0.319646 
 ----> peTTM 391 0 0.702349 0.297651 
 ----> peTTM 392 1 0.66512 0.33488 
 ----> peTTM 393 1 0.659997 0.340003 
 ----> peTTM 394 0 0.628817 0.371183 
 ----> peTTM 395 0 0.674686 0.325314 
 ----> peTTM 396 0 0.630053 0.369947 
 ----> peTTM 397 0 0.683148 0.316852 
 ----> peTTM 398 1 0.578695 0.421305 
 ----> peTTM 399 1 0.659681 0.340319 
 ----> peTTM 400 1 0.640533 0.359467 
 ----> peTTM 401 0 0.68512 0.31488 
 ----> peTTM 402 0 0.688503 0.311497 
 ----> peTTM 403 0 0.671985 0.328015 
 ----> peTTM 404 0 0.699139 0.300861 
 ----> peTTM 405 0 0.663271 0.336729 
 ----> peTTM 406 1 0.685186 0.314814 
 ----> peTTM 407 1 0.602951 0.397049 
 ----> peTTM 408 0 0.653403 0.346597 
 ----> peTTM 409 1 0.66118 0.33882 
 ----> peTTM 410 0 0.646817 0.353183 
 ----> peTTM 411 0 0.633643 0.366357 
 ----> peTTM 412 1 0.66861 0.33139 
 ----> peTTM 413 1 0.664897 0.335103 
 ----> peTTM 414 0 0.66393 0.33607 
 ----> peTTM 415 1 0.674282 0.325718 
 ----> peTTM 416 0 0.651653 0.348347 
 ----> peTTM 417 0 0.675543 0.324457 
 ----> peTTM 418 1 0.625168 0.374832 
 ----> peTTM 419 0 0.661512 0.338488 
 ----> peTTM 420 0 0.733612 0.266388 
 ----> peTTM 421 0 0.716174 0.283826 
 ----> peTTM 422 0 0.635362 0.364638 
 ----> peTTM 423 0 0.68105 0.31895 
 ----> peTTM 424 0 0.678359 0.321641 
 ----> peTTM 425 0 0.662389 0.337611 
 ----> peTTM 426 1 0.669363 0.330637 
 ----> peTTM 427 0 0.645666 0.354334 
 ----> peTTM 428 0 0.701157 0.298843 
 ----> peTTM 429 0 0.70192 0.29808 
 ----> peTTM 430 0 0.659384 0.340616 
 ----> peTTM 431 0 0.675903 0.324097 
 ----> peTTM 432 0 0.667863 0.332137 
 ----> peTTM 433 0 0.691913 0.308087 
 ----> peTTM 434 0 0.662621 0.337379 
 ----> peTTM 435 1 0.680956 0.319044 
 ----> peTTM 436 0 0.636335 0.363665 
 ----> peTTM 437 0 0.669035 0.330965 
 ----> peTTM 438 0 0.694597 0.305403 
 ----> peTTM 439 0 0.692558 0.307442 
 ----> peTTM 440 0 0.673787 0.326213 
 ----> peTTM 441 0 0.740513 0.259487 
 ----> peTTM 442 0 0.732326 0.267674 
 ----> peTTM 443 0 0.737485 0.262515 
 ----> peTTM 444 0 0.645412 0.354588 
 ----> peTTM 445 1 0.677231 0.322769 
 ----> peTTM 446 0 0.693673 0.306327 
 ----> peTTM 447 0 0.641613 0.358387 
 ----> peTTM 448 0 0.699642 0.300358 
 ----> peTTM 449 0 0.645559 0.354441 
 ----> peTTM 450 0 0.668989 0.331011 
 ----> peTTM 451 0 0.702848 0.297152 
 ----> peTTM 452 0 0.676495 0.323505 
 ----> peTTM 453 0 0.722966 0.277034 
 ----> peTTM 454 1 0.602492 0.397508 
 ----> peTTM 455 0 0.723331 0.276669 
 ----> peTTM 456 0 0.735245 0.264755 
 ----> peTTM 457 0 0.727507 0.272493 
 ----> peTTM 458 1 0.644487 0.355513 
 ----> peTTM 459 0 0.690575 0.309425 
 ----> peTTM 460 0 0.656894 0.343106 
 ----> peTTM 461 1 0.687619 0.312381 
 ----> peTTM 462 0 0.673906 0.326094 
 ----> peTTM 463 0 0.67174 0.32826 
 ----> peTTM 464 0 0.697187 0.302813 
 ----> peTTM 465 0 0.696643 0.303357 
 ----> peTTM 466 0 0.672958 0.327042 
 ----> peTTM 467 1 0.638215 0.361785 
 ----> peTTM 468 0 0.675461 0.324539 
 ----> peTTM 469 0 0.683717 0.316283 
 ----> peTTM 470 1 0.671386 0.328614 
 ----> peTTM 471 1 0.662514 0.337486 
 ----> peTTM 472 0 0.695953 0.304047 
 ----> peTTM 473 1 0.644823 0.355177 
 ----> peTTM 474 0 0.694307 0.305693 
 ----> peTTM 475 0 0.663584 0.336416 
 ----> peTTM 476 0 0.67564 0.32436 
 ----> peTTM 477 1 0.67031 0.32969 
 ----> peTTM 478 0 0.712343 0.287657 
 ----> peTTM 479 1 0.672912 0.327088 
 ----> peTTM 480 0 0.686489 0.313511 
 ----> peTTM 481 0 0.694255 0.305745 
 ----> peTTM 482 0 0.648598 0.351402 
 ----> peTTM 483 1 0.621161 0.378839 
 ----> peTTM 484 0 0.670285 0.329715 
 ----> peTTM 485 0 0.664941 0.335059 
 ----> peTTM 486 0 0.683001 0.316999 
 ----> peTTM 487 0 0.706431 0.293569 
 ----> peTTM 488 1 0.672639 0.327361 
 ----> peTTM 489 1 0.629588 0.370412 
 ----> peTTM 490 0 0.588788 0.411212 
 ----> peTTM 491 1 0.631084 0.368916 
 ----> peTTM 492 0 0.644083 0.355917 
 ----> peTTM 493 0 0.695943 0.304057 
 ----> peTTM 494 0 0.726455 0.273545 
 ----> peTTM 495 1 0.676594 0.323406 
 ----> peTTM 496 0 0.650094 0.349906 
 ----> peTTM 497 0 0.67351 0.32649 
 ----> peTTM 498 0 0.671025 0.328975 
 ----> peTTM 499 1 0.654368 0.345632 
 ----> peTTM 500 1 0.631762 0.368238 
 ----> peTTM 501 0 0.624329 0.375671 
 ----> peTTM 502 0 0.712275 0.287725 
 ----> peTTM 503 0 0.707043 0.292957 
 ----> peTTM 504 0 0.662539 0.337461 
 ----> peTTM 505 0 0.692375 0.307625 
 ----> peTTM 506 0 0.673777 0.326223 
 ----> peTTM 507 0 0.674961 0.325039 
 ----> peTTM 508 1 0.628853 0.371147 
 ----> peTTM 509 1 0.669127 0.330873 
 ----> peTTM 510 0 0.707345 0.292655 
 ----> peTTM 511 0 0.692499 0.307501 
 ----> peTTM 512 0 0.683416 0.316584 
 ----> peTTM 513 0 0.66043 0.33957 
 ----> peTTM 514 1 0.661448 0.338552 
 ----> peTTM 515 0 0.679312 0.320688 
 ----> peTTM 516 0 0.707688 0.292312 
 ----> peTTM 517 1 0.686506 0.313494 
 ----> peTTM 518 0 0.674645 0.325355 
 ----> peTTM 519 0 0.626948 0.373052 
 ----> peTTM 520 1 0.646084 0.353916 
 ----> peTTM 521 1 0.651039 0.348961 
 ----> peTTM 522 0 0.6799 0.3201 
 ----> peTTM 523 1 0.658357 0.341643 
 ----> peTTM 524 0 0.696981 0.303019 
 ----> peTTM 525 0 0.698984 0.301016 
 ----> peTTM 526 0 0.670032 0.329968 
 ----> peTTM 527 0 0.679186 0.320814 
 ----> peTTM 528 0 0.661751 0.338249 
 ----> peTTM 529 1 0.614691 0.385309 
 ----> peTTM 530 0 0.673218 0.326782 
 ----> peTTM 531 1 0.566561 0.433439 
 ----> peTTM 532 0 0.711529 0.288471 
 ----> peTTM 533 0 0.646682 0.353318 
 ----> peTTM 534 0 0.738009 0.261991 
 ----> peTTM 535 1 0.620378 0.379622 
 ----> peTTM 536 0 0.668781 0.331219 
 ----> peTTM 537 0 0.695368 0.304632 
 ----> peTTM 538 0 0.729435 0.270565 
 ----> peTTM 539 1 0.649112 0.350888 
 ----> peTTM 540 0 0.69608 0.30392 
 ----> peTTM 541 1 0.629543 0.370457 
 ----> peTTM 542 0 0.688348 0.311652 
 ----> peTTM 543 1 0.577123 0.422877 
 ----> peTTM 544 0 0.67344 0.32656 
 ----> peTTM 545 1 0.678777 0.321223 
 ----> peTTM 546 0 0.702752 0.297248 
 ----> peTTM 547 0 0.695013 0.304987 
 ----> peTTM 548 1 0.684514 0.315486 
 ----> peTTM 549 0 0.773236 0.226764 
 ----> peTTM 550 0 0.727936 0.272064 
 ----> peTTM 551 0 0.730322 0.269678 
 ----> peTTM 552 1 0.626765 0.373235 
 ----> peTTM 553 1 0.629897 0.370103 
 ----> peTTM 554 1 0.669629 0.330371 
 ----> peTTM 555 1 0.709317 0.290683 
 ----> peTTM 556 0 0.694985 0.305015 
 ----> peTTM 557 0 0.734942 0.265058 
 ----> peTTM 558 0 0.738822 0.261178 
 ----> peTTM 559 0 0.719686 0.280314 
 ----> peTTM 560 0 0.661035 0.338965 
 ----> peTTM 561 1 0.599044 0.400956 
 ----> peTTM 562 0 0.652043 0.347957 
 ----> peTTM 563 0 0.663661 0.336339 
 ----> peTTM 564 0 0.702843 0.297157 
 ----> peTTM 565 0 0.629444 0.370556 
 ----> peTTM 566 0 0.668756 0.331244 
 ----> peTTM 567 0 0.669175 0.330825 
 ----> peTTM 568 0 0.651827 0.348173 
 ----> peTTM 569 1 0.672706 0.327294 
 ----> peTTM 570 0 0.655357 0.344643 
 ----> peTTM 571 1 0.646469 0.353531 
 ----> peTTM 572 0 0.674372 0.325628 
 ----> peTTM 573 0 0.693791 0.306209 
 ----> peTTM 574 0 0.697722 0.302278 
 ----> peTTM 575 1 0.673439 0.326561 
 ----> peTTM 576 0 0.674254 0.325746 
 ----> peTTM 577 1 0.610397 0.389603 
 ----> peTTM 578 0 0.694171 0.305829 
 ----> peTTM 579 0 0.661661 0.338339 
 ----> peTTM 580 1 0.684616 0.315384 
 ----> peTTM 581 0 0.602233 0.397767 
 ----> peTTM 582 0 0.724173 0.275827 
 ----> peTTM 583 1 0.523388 0.476612 
 ----> peTTM 584 0 0.673124 0.326876 
 ----> peTTM 585 0 0.707827 0.292173 
 ----> peTTM 586 0 0.665766 0.334234 
 ----> peTTM 587 0 0.672265 0.327735 
 ----> peTTM 588 0 0.719014 0.280986 
 ----> peTTM 589 1 0.634742 0.365258 
 ----> peTTM 590 0 0.683996 0.316004 
 ----> peTTM 591 1 0.654186 0.345814 
 ----> peTTM 592 1 0.604464 0.395536 
 ----> peTTM 593 0 0.676252 0.323748 
 ----> peTTM 594 0 0.688082 0.311918 
 ----> peTTM 595 0 0.69267 0.30733 
 ----> peTTM 596 0 0.69233 0.30767 
 ----> peTTM 597 0 0.675502 0.324498 
 ----> peTTM 598 0 0.658179 0.341821 
 ----> peTTM 599 0 0.71651 0.28349 
 ----> peTTM 600 0 0.734527 0.265473 
 ----> peTTM 601 0 0.73534 0.26466 
 ----> peTTM 602 1 0.614977 0.385023 
 ----> peTTM 603 0 0.641743 0.358257 
 ----> peTTM 604 0 0.68047 0.31953 
 ----> peTTM 605 0 0.660774 0.339226 
 ----> peTTM 606 0 0.646766 0.353234 
 ----> peTTM 607 1 0.669021 0.330979 
 ----> peTTM 608 0 0.66839 0.33161 
 ----> peTTM 609 0 0.671871 0.328129 
 ----> peTTM 610 0 0.671596 0.328404 
 ----> peTTM 611 0 0.663158 0.336842 
 ----> peTTM 612 0 0.6744 0.3256 
 ----> peTTM 613 0 0.68448 0.31552 
 ----> peTTM 614 0 0.684681 0.315319 
 ----> peTTM 615 0 0.656601 0.343399 
 ----> peTTM 616 0 0.678159 0.321841 
 ----> peTTM 617 0 0.677099 0.322901 
 ----> peTTM 618 0 0.678559 0.321441 
 ----> peTTM 619 1 0.667445 0.332555 
 ----> peTTM 620 0 0.660053 0.339947 
 ----> peTTM 621 0 0.675805 0.324195 
 ----> peTTM 622 0 0.659701 0.340299 
 ----> peTTM 623 1 0.680239 0.319761 
 ----> peTTM 624 0 0.703096 0.296904 
 ----> peTTM 625 0 0.675245 0.324755 
 ----> peTTM 626 0 0.725294 0.274706 
 ----> peTTM 627 0 0.644242 0.355758 
 ----> peTTM 628 1 0.666451 0.333549 
 ----> peTTM 629 0 0.6645 0.3355 
 ----> peTTM 630 0 0.751787 0.248213 
 ----> peTTM 631 1 0.637572 0.362428 
 ----> peTTM 632 1 0.668316 0.331684 
 ----> peTTM 633 0 0.690587 0.309413 
 ----> peTTM 634 1 0.739267 0.260733 
 ----> peTTM 635 0 0.629487 0.370513 
 ----> peTTM 636 1 0.695678 0.304322 
 ----> peTTM 637 0 0.688013 0.311987 
 ----> peTTM 638 0 0.63073 0.36927 
 ----> peTTM 639 1 0.668208 0.331792 
 ----> peTTM 640 0 0.657501 0.342499 
 ----> peTTM 641 0 0.651101 0.348899 
 ----> peTTM 642 0 0.6992 0.3008 
 ----> peTTM 643 0 0.636541 0.363459 
 ----> peTTM 644 0 0.694961 0.305039 
 ----> peTTM 645 0 0.636123 0.363877 
 ----> peTTM 646 1 0.644896 0.355104 
 ----> peTTM 647 0 0.634992 0.365008 
 ----> peTTM 648 0 0.646313 0.353687 
 ----> peTTM 649 0 0.705168 0.294832 
 ----> peTTM 650 0 0.744615 0.255385 
 ----> peTTM 651 1 0.644801 0.355199 
 ----> peTTM 652 0 0.691174 0.308826 
 ----> peTTM 653 1 0.654612 0.345388 
 ----> peTTM 654 0 0.638288 0.361712 
 ----> peTTM 655 0 0.629271 0.370729 
 ----> peTTM 656 0 0.675491 0.324509 
 ----> peTTM 657 0 0.6797 0.3203 
 ----> peTTM 658 0 0.703747 0.296253 
 ----> peTTM 659 0 0.682865 0.317135 
 ----> peTTM 660 0 0.733225 0.266775 
 ----> peTTM 661 0 0.719325 0.280675 
 ----> peTTM 662 0 0.745877 0.254123 
 ----> peTTM 663 1 0.622325 0.377675 
 ----> peTTM 664 1 0.666314 0.333686 
 ----> peTTM 665 0 0.644573 0.355427 
 ----> peTTM 666 0 0.695372 0.304628 
 ----> peTTM 667 0 0.689482 0.310518 
 ----> peTTM 668 0 0.749024 0.250976 
 ----> peTTM 669 0 0.647353 0.352647 
 ----> peTTM 670 0 0.689869 0.310131 
 ----> peTTM 671 0 0.653273 0.346727 
 ----> peTTM 672 0 0.676334 0.323666 
 ----> peTTM 673 0 0.703541 0.296459 
 ----> peTTM 674 1 0.5996 0.4004 
 ----> peTTM 675 1 0.646154 0.353846 
 ----> peTTM 676 0 0.629334 0.370666 
 ----> peTTM 677 1 0.626315 0.373685 
 ----> peTTM 678 1 0.650916 0.349084 
 ----> peTTM 679 0 0.662431 0.337569 
 ----> peTTM 680 1 0.674074 0.325926 
 ----> peTTM 681 0 0.695126 0.304874 
 ----> peTTM 682 0 0.681811 0.318189 
 ----> peTTM 683 0 0.683042 0.316958 
 ----> peTTM 684 0 0.649297 0.350703 
 ----> peTTM 685 0 0.683801 0.316199 
 ----> peTTM 686 0 0.628109 0.371891 
 ----> peTTM 687 0 0.70232 0.29768 
 ----> peTTM 688 0 0.647744 0.352256 
 ----> peTTM 689 0 0.657175 0.342825 
 ----> peTTM 690 1 0.645486 0.354514 
 ----> peTTM 691 0 0.71265 0.28735 
 ----> peTTM 692 0 0.646592 0.353408 
 ----> peTTM 693 1 0.673686 0.326314 
 ----> peTTM 694 0 0.658767 0.341233 
 ----> peTTM 695 0 0.72721 0.27279 
 ----> peTTM 696 0 0.654978 0.345022 
 ----> peTTM 697 0 0.726963 0.273037 
 ----> peTTM 698 1 0.628848 0.371152 
 ----> peTTM 699 0 0.665142 0.334858 
 ----> peTTM 700 1 0.651001 0.348999 
 ----> peTTM 701 0 0.751313 0.248687 
 ----> peTTM 702 0 0.663444 0.336556 
 ----> peTTM 703 0 0.667725 0.332275 
 ----> peTTM 704 0 0.718964 0.281036 
 ----> peTTM 705 0 0.664188 0.335812 
 ----> peTTM 706 0 0.678056 0.321944 
 ----> peTTM 707 0 0.666726 0.333274 
 ----> peTTM 708 0 0.640928 0.359072 
 ----> peTTM 709 0 0.700107 0.299893 
 ----> peTTM 710 0 0.687347 0.312653 
 ----> peTTM 711 0 0.717365 0.282635 
 ----> peTTM 712 0 0.684199 0.315801 
 ----> peTTM 713 1 0.648505 0.351495 
 ----> peTTM 714 1 0.721846 0.278154 
 ----> peTTM 715 1 0.72539 0.27461 
 ----> peTTM 716 1 0.714296 0.285704 
 ----> peTTM 717 0 0.711014 0.288986 
 ----> peTTM 718 0 0.643237 0.356763 
