 ----> peTTM 1 1 0.680505 0.319495 
 ----> peTTM 2 0 0.668246 0.331754 
 ----> peTTM 3 1 0.645593 0.354407 
 ----> peTTM 4 1 0.587657 0.412343 
 ----> peTTM 5 1 0.632611 0.367389 
 ----> peTTM 6 1 0.660656 0.339344 
 ----> peTTM 7 0 0.645406 0.354594 
 ----> peTTM 8 0 0.626229 0.373771 
 ----> peTTM 9 0 0.703489 0.296511 
 ----> peTTM 10 1 0.633674 0.366326 
 ----> peTTM 11 1 0.647282 0.352718 
 ----> peTTM 12 0 0.671896 0.328104 
 ----> peTTM 13 0 0.64163 0.35837 
 ----> peTTM 14 1 0.667437 0.332563 
 ----> peTTM 15 1 0.66021 0.33979 
 ----> peTTM 16 1 0.642836 0.357164 
 ----> peTTM 17 1 0.659223 0.340777 
 ----> peTTM 18 0 0.684997 0.315003 
 ----> peTTM 19 0 0.644162 0.355838 
 ----> peTTM 20 0 0.620284 0.379716 
 ----> peTTM 21 1 0.607368 0.392632 
 ----> peTTM 22 0 0.674716 0.325284 
 ----> peTTM 23 0 0.638653 0.361347 
 ----> peTTM 24 0 0.606023 0.393977 
 ----> peTTM 25 0 0.651317 0.348683 
 ----> peTTM 26 1 0.676272 0.323728 
 ----> peTTM 27 1 0.671399 0.328601 
 ----> peTTM 28 1 0.658306 0.341694 
 ----> peTTM 29 0 0.658055 0.341945 
 ----> peTTM 30 0 0.665769 0.334231 
 ----> peTTM 31 0 0.647633 0.352367 
 ----> peTTM 32 0 0.610548 0.389452 
 ----> peTTM 33 0 0.673713 0.326287 
 ----> peTTM 34 0 0.642552 0.357448 
 ----> peTTM 35 1 0.579487 0.420513 
 ----> peTTM 36 0 0.660203 0.339797 
 ----> peTTM 37 0 0.663092 0.336908 
 ----> peTTM 38 0 0.684941 0.315059 
 ----> peTTM 39 0 0.650923 0.349077 
 ----> peTTM 40 1 0.619833 0.380167 
 ----> peTTM 41 1 0.63263 0.36737 
 ----> peTTM 42 1 0.648239 0.351761 
 ----> peTTM 43 0 0.695508 0.304492 
 ----> peTTM 44 1 0.595873 0.404127 
 ----> peTTM 45 1 0.637615 0.362385 
 ----> peTTM 46 0 0.633859 0.366141 
 ----> peTTM 47 1 0.610164 0.389836 
 ----> peTTM 48 1 0.627969 0.372031 
 ----> peTTM 49 1 0.644274 0.355726 
 ----> peTTM 50 1 0.611209 0.388791 
 ----> peTTM 51 0 0.647701 0.352299 
 ----> peTTM 52 1 0.628906 0.371094 
 ----> peTTM 53 0 0.648182 0.351818 
 ----> peTTM 54 0 0.687856 0.312144 
 ----> peTTM 55 0 0.629969 0.370031 
 ----> peTTM 56 1 0.622281 0.377719 
 ----> peTTM 57 1 0.617676 0.382324 
 ----> peTTM 58 0 0.703464 0.296536 
 ----> peTTM 59 1 0.644576 0.355424 
 ----> peTTM 60 0 0.6694 0.3306 
 ----> peTTM 61 0 0.679102 0.320898 
 ----> peTTM 62 0 0.643006 0.356994 
 ----> peTTM 63 1 0.657068 0.342932 
 ----> peTTM 64 1 0.602597 0.397403 
 ----> peTTM 65 0 0.644694 0.355306 
 ----> peTTM 66 0 0.674782 0.325218 
 ----> peTTM 67 1 0.625823 0.374177 
 ----> peTTM 68 1 0.645433 0.354567 
 ----> peTTM 69 0 0.662194 0.337806 
 ----> peTTM 70 1 0.628182 0.371818 
 ----> peTTM 71 1 0.651133 0.348867 
 ----> peTTM 72 1 0.629164 0.370836 
 ----> peTTM 73 0 0.691533 0.308467 
 ----> peTTM 74 0 0.677286 0.322714 
 ----> peTTM 75 0 0.663248 0.336752 
 ----> peTTM 76 1 0.669129 0.330871 
 ----> peTTM 77 0 0.670289 0.329711 
 ----> peTTM 78 1 0.657279 0.342721 
 ----> peTTM 79 0 0.662045 0.337955 
 ----> peTTM 80 1 0.648064 0.351936 
 ----> peTTM 81 1 0.628252 0.371748 
 ----> peTTM 82 1 0.63293 0.36707 
 ----> peTTM 83 1 0.667734 0.332266 
 ----> peTTM 84 1 0.652623 0.347377 
 ----> peTTM 85 0 0.667238 0.332762 
 ----> peTTM 86 0 0.657492 0.342508 
 ----> peTTM 87 1 0.656436 0.343564 
 ----> peTTM 88 1 0.661602 0.338398 
 ----> peTTM 89 1 0.630048 0.369952 
 ----> peTTM 90 1 0.657506 0.342494 
 ----> peTTM 91 1 0.56491 0.43509 
 ----> peTTM 92 0 0.668422 0.331578 
 ----> peTTM 93 0 0.703816 0.296184 
 ----> peTTM 94 1 0.579529 0.420471 
 ----> peTTM 95 0 0.697068 0.302932 
 ----> peTTM 96 0 0.678928 0.321072 
 ----> peTTM 97 1 0.594296 0.405704 
 ----> peTTM 98 1 0.603104 0.396896 
 ----> peTTM 99 1 0.612471 0.387529 
 ----> peTTM 100 0 0.702797 0.297203 
 ----> peTTM 101 1 0.639309 0.360691 
 ----> peTTM 102 0 0.657774 0.342226 
 ----> peTTM 103 0 0.693066 0.306934 
 ----> peTTM 104 0 0.66558 0.33442 
 ----> peTTM 105 1 0.645865 0.354135 
 ----> peTTM 106 0 0.645096 0.354904 
 ----> peTTM 107 0 0.636193 0.363807 
 ----> peTTM 108 0 0.66065 0.33935 
 ----> peTTM 109 0 0.651015 0.348985 
 ----> peTTM 110 1 0.642886 0.357114 
 ----> peTTM 111 0 0.655675 0.344325 
 ----> peTTM 112 0 0.66419 0.33581 
 ----> peTTM 113 1 0.644759 0.355241 
 ----> peTTM 114 1 0.639847 0.360153 
 ----> peTTM 115 0 0.666825 0.333175 
 ----> peTTM 116 0 0.630954 0.369046 
 ----> peTTM 117 1 0.627217 0.372783 
 ----> peTTM 118 1 0.617567 0.382433 
 ----> peTTM 119 1 0.605455 0.394545 
 ----> peTTM 120 0 0.710715 0.289285 
 ----> peTTM 121 0 0.675766 0.324234 
 ----> peTTM 122 1 0.602403 0.397597 
 ----> peTTM 123 1 0.623556 0.376444 
 ----> peTTM 124 0 0.673201 0.326799 
 ----> peTTM 125 1 0.577598 0.422402 
 ----> peTTM 126 0 0.693389 0.306611 
 ----> peTTM 127 0 0.686233 0.313767 
 ----> peTTM 128 0 0.639569 0.360431 
 ----> peTTM 129 1 0.646107 0.353893 
 ----> peTTM 130 0 0.666513 0.333487 
 ----> peTTM 131 0 0.694275 0.305725 
 ----> peTTM 132 0 0.660551 0.339449 
 ----> peTTM 133 1 0.664941 0.335059 
 ----> peTTM 134 1 0.622048 0.377952 
 ----> peTTM 135 1 0.656408 0.343592 
 ----> peTTM 136 0 0.679459 0.320541 
 ----> peTTM 137 1 0.556457 0.443543 
 ----> peTTM 138 0 0.68168 0.31832 
 ----> peTTM 139 0 0.640364 0.359636 
 ----> peTTM 140 1 0.636363 0.363637 
 ----> peTTM 141 0 0.658665 0.341335 
 ----> peTTM 142 1 0.677501 0.322499 
 ----> peTTM 143 0 0.641319 0.358681 
 ----> peTTM 144 1 0.637942 0.362058 
 ----> peTTM 145 0 0.67706 0.32294 
 ----> peTTM 146 0 0.671911 0.328089 
 ----> peTTM 147 0 0.677829 0.322171 
 ----> peTTM 148 0 0.672499 0.327501 
 ----> peTTM 149 1 0.667207 0.332793 
 ----> peTTM 150 1 0.638377 0.361623 
 ----> peTTM 151 1 0.675516 0.324484 
 ----> peTTM 152 0 0.683012 0.316988 
 ----> peTTM 153 0 0.657327 0.342673 
 ----> peTTM 154 0 0.666512 0.333488 
 ----> peTTM 155 1 0.631229 0.368771 
 ----> peTTM 156 1 0.685326 0.314674 
 ----> peTTM 157 1 0.66284 0.33716 
 ----> peTTM 158 0 0.676173 0.323827 
 ----> peTTM 159 1 0.647529 0.352471 
 ----> peTTM 160 0 0.657503 0.342497 
 ----> peTTM 161 0 0.657603 0.342397 
 ----> peTTM 162 1 0.607569 0.392431 
 ----> peTTM 163 1 0.62155 0.37845 
 ----> peTTM 164 1 0.669846 0.330154 
 ----> peTTM 165 1 0.634941 0.365059 
 ----> peTTM 166 0 0.686561 0.313439 
 ----> peTTM 167 1 0.618308 0.381692 
 ----> peTTM 168 0 0.669249 0.330751 
 ----> peTTM 169 0 0.662822 0.337178 
 ----> peTTM 170 1 0.564072 0.435928 
 ----> peTTM 171 1 0.644526 0.355474 
 ----> peTTM 172 0 0.597555 0.402445 
 ----> peTTM 173 1 0.645195 0.354805 
 ----> peTTM 174 0 0.648416 0.351584 
 ----> peTTM 175 1 0.623246 0.376754 
 ----> peTTM 176 0 0.65814 0.34186 
 ----> peTTM 177 0 0.66038 0.33962 
 ----> peTTM 178 1 0.637386 0.362614 
 ----> peTTM 179 0 0.671673 0.328327 
 ----> peTTM 180 0 0.682277 0.317723 
 ----> peTTM 181 0 0.643436 0.356564 
 ----> peTTM 182 0 0.644736 0.355264 
 ----> peTTM 183 1 0.646302 0.353698 
 ----> peTTM 184 1 0.626229 0.373771 
 ----> peTTM 185 0 0.688873 0.311127 
 ----> peTTM 186 0 0.655817 0.344183 
 ----> peTTM 187 0 0.656815 0.343185 
 ----> peTTM 188 1 0.681726 0.318274 
 ----> peTTM 189 1 0.626774 0.373226 
 ----> peTTM 190 0 0.699903 0.300097 
 ----> peTTM 191 0 0.671637 0.328363 
 ----> peTTM 192 1 0.619173 0.380827 
 ----> peTTM 193 0 0.677575 0.322425 
 ----> peTTM 194 0 0.692875 0.307125 
 ----> peTTM 195 0 0.660875 0.339125 
 ----> peTTM 196 1 0.62905 0.37095 
 ----> peTTM 197 0 0.701704 0.298296 
 ----> peTTM 198 0 0.674468 0.325532 
 ----> peTTM 199 0 0.677281 0.322719 
 ----> peTTM 200 0 0.662544 0.337456 
 ----> peTTM 201 0 0.683216 0.316784 
 ----> peTTM 202 0 0.681123 0.318877 
 ----> peTTM 203 1 0.64757 0.35243 
 ----> peTTM 204 1 0.644207 0.355793 
 ----> peTTM 205 0 0.672842 0.327158 
 ----> peTTM 206 1 0.606307 0.393693 
 ----> peTTM 207 1 0.659785 0.340215 
 ----> peTTM 208 0 0.670107 0.329893 
 ----> peTTM 209 0 0.661348 0.338652 
 ----> peTTM 210 0 0.662824 0.337176 
 ----> peTTM 211 0 0.701654 0.298346 
 ----> peTTM 212 0 0.676658 0.323342 
 ----> peTTM 213 1 0.667526 0.332474 
 ----> peTTM 214 0 0.649921 0.350079 
 ----> peTTM 215 1 0.653226 0.346774 
 ----> peTTM 216 0 0.697315 0.302685 
 ----> peTTM 217 1 0.630405 0.369595 
 ----> peTTM 218 0 0.674127 0.325873 
 ----> peTTM 219 0 0.702041 0.297959 
 ----> peTTM 220 0 0.664196 0.335804 
 ----> peTTM 221 0 0.68335 0.31665 
 ----> peTTM 222 1 0.656092 0.343908 
 ----> peTTM 223 1 0.651116 0.348884 
 ----> peTTM 224 0 0.69965 0.30035 
 ----> peTTM 225 1 0.659226 0.340774 
 ----> peTTM 226 1 0.648953 0.351047 
 ----> peTTM 227 0 0.685653 0.314347 
 ----> peTTM 228 0 0.658331 0.341669 
 ----> peTTM 229 0 0.636228 0.363772 
 ----> peTTM 230 0 0.673539 0.326461 
 ----> peTTM 231 0 0.693236 0.306764 
 ----> peTTM 232 1 0.667328 0.332672 
 ----> peTTM 233 0 0.664108 0.335892 
 ----> peTTM 234 0 0.675807 0.324193 
 ----> peTTM 235 0 0.677667 0.322333 
 ----> peTTM 236 1 0.655075 0.344925 
 ----> peTTM 237 0 0.721734 0.278266 
 ----> peTTM 238 0 0.70949 0.29051 
 ----> peTTM 239 0 0.704169 0.295831 
 ----> peTTM 240 1 0.66164 0.33836 
 ----> peTTM 241 0 0.689061 0.310939 
 ----> peTTM 242 1 0.695949 0.304051 
 ----> peTTM 243 0 0.657443 0.342557 
 ----> peTTM 244 1 0.647591 0.352409 
 ----> peTTM 245 1 0.658131 0.341869 
 ----> peTTM 246 0 0.646786 0.353214 
 ----> peTTM 247 0 0.705059 0.294941 
 ----> peTTM 248 1 0.653815 0.346185 
 ----> peTTM 249 1 0.64172 0.35828 
 ----> peTTM 250 0 0.711905 0.288095 
 ----> peTTM 251 0 0.736542 0.263458 
 ----> peTTM 252 0 0.664986 0.335014 
 ----> peTTM 253 1 0.656839 0.343161 
 ----> peTTM 254 0 0.669645 0.330355 
 ----> peTTM 255 1 0.565283 0.434717 
 ----> peTTM 256 0 0.685529 0.314471 
 ----> peTTM 257 0 0.700946 0.299054 
 ----> peTTM 258 0 0.659003 0.340997 
 ----> peTTM 259 0 0.66711 0.33289 
 ----> peTTM 260 1 0.642211 0.357789 
 ----> peTTM 261 1 0.626677 0.373323 
 ----> peTTM 262 0 0.706466 0.293534 
 ----> peTTM 263 1 0.58738 0.41262 
 ----> peTTM 264 1 0.63437 0.36563 
 ----> peTTM 265 1 0.661356 0.338644 
 ----> peTTM 266 0 0.682737 0.317263 
 ----> peTTM 267 0 0.685046 0.314954 
 ----> peTTM 268 0 0.616266 0.383734 
 ----> peTTM 269 0 0.692519 0.307481 
 ----> peTTM 270 1 0.649392 0.350608 
 ----> peTTM 271 1 0.623411 0.376589 
 ----> peTTM 272 0 0.673765 0.326235 
 ----> peTTM 273 0 0.676778 0.323222 
 ----> peTTM 274 1 0.68905 0.31095 
 ----> peTTM 275 1 0.657645 0.342355 
 ----> peTTM 276 0 0.659721 0.340279 
 ----> peTTM 277 0 0.649192 0.350808 
 ----> peTTM 278 0 0.6807 0.3193 
 ----> peTTM 279 1 0.651345 0.348655 
 ----> peTTM 280 1 0.649974 0.350026 
 ----> peTTM 281 0 0.658601 0.341399 
 ----> peTTM 282 1 0.664753 0.335247 
 ----> peTTM 283 1 0.591762 0.408238 
 ----> peTTM 284 1 0.657818 0.342182 
 ----> peTTM 285 0 0.658305 0.341695 
 ----> peTTM 286 0 0.685764 0.314236 
 ----> peTTM 287 0 0.648112 0.351888 
 ----> peTTM 288 1 0.653079 0.346921 
 ----> peTTM 289 0 0.681117 0.318883 
 ----> peTTM 290 0 0.690609 0.309391 
 ----> peTTM 291 1 0.657015 0.342985 
 ----> peTTM 292 0 0.701713 0.298287 
 ----> peTTM 293 1 0.636684 0.363316 
 ----> peTTM 294 1 0.658007 0.341993 
 ----> peTTM 295 0 0.646928 0.353072 
 ----> peTTM 296 0 0.650395 0.349605 
 ----> peTTM 297 0 0.681235 0.318765 
 ----> peTTM 298 1 0.644542 0.355458 
 ----> peTTM 299 0 0.687612 0.312388 
 ----> peTTM 300 0 0.647437 0.352563 
 ----> peTTM 301 0 0.657736 0.342264 
 ----> peTTM 302 0 0.688729 0.311271 
 ----> peTTM 303 0 0.688371 0.311629 
 ----> peTTM 304 0 0.687724 0.312276 
 ----> peTTM 305 0 0.668084 0.331916 
 ----> peTTM 306 0 0.656853 0.343147 
 ----> peTTM 307 1 0.682458 0.317542 
 ----> peTTM 308 0 0.673492 0.326508 
 ----> peTTM 309 1 0.683354 0.316646 
 ----> peTTM 310 0 0.663028 0.336972 
 ----> peTTM 311 0 0.690476 0.309524 
 ----> peTTM 312 0 0.676994 0.323006 
 ----> peTTM 313 1 0.653547 0.346453 
 ----> peTTM 314 0 0.702248 0.297752 
 ----> peTTM 315 0 0.659714 0.340286 
 ----> peTTM 316 0 0.648537 0.351463 
 ----> peTTM 317 0 0.707441 0.292559 
 ----> peTTM 318 0 0.711323 0.288677 
 ----> peTTM 319 0 0.654317 0.345683 
 ----> peTTM 320 0 0.662879 0.337121 
 ----> peTTM 321 1 0.650674 0.349326 
 ----> peTTM 322 1 0.647525 0.352475 
 ----> peTTM 323 0 0.654285 0.345715 
 ----> peTTM 324 0 0.713629 0.286371 
 ----> peTTM 325 0 0.632921 0.367079 
 ----> peTTM 326 1 0.653998 0.346002 
 ----> peTTM 327 1 0.656873 0.343127 
 ----> peTTM 328 0 0.652579 0.347421 
 ----> peTTM 329 0 0.674724 0.325276 
 ----> peTTM 330 0 0.68043 0.31957 
 ----> peTTM 331 0 0.691419 0.308581 
 ----> peTTM 332 0 0.660439 0.339561 
 ----> peTTM 333 1 0.643244 0.356756 
 ----> peTTM 334 1 0.659135 0.340865 
 ----> peTTM 335 0 0.67049 0.32951 
 ----> peTTM 336 1 0.686547 0.313453 
 ----> peTTM 337 1 0.664762 0.335238 
 ----> peTTM 338 1 0.654799 0.345201 
 ----> peTTM 339 0 0.676139 0.323861 
 ----> peTTM 340 0 0.679913 0.320087 
 ----> peTTM 341 1 0.649459 0.350541 
 ----> peTTM 342 1 0.658857 0.341143 
 ----> peTTM 343 0 0.642007 0.357993 
 ----> peTTM 344 0 0.681774 0.318226 
 ----> peTTM 345 0 0.683876 0.316124 
 ----> peTTM 346 0 0.681432 0.318568 
 ----> peTTM 347 1 0.615413 0.384587 
 ----> peTTM 348 0 0.658492 0.341508 
 ----> peTTM 349 0 0.710419 0.289581 
 ----> peTTM 350 1 0.60425 0.39575 
 ----> peTTM 351 0 0.674863 0.325137 
 ----> peTTM 352 0 0.677703 0.322297 
 ----> peTTM 353 0 0.685479 0.314521 
 ----> peTTM 354 0 0.664286 0.335714 
 ----> peTTM 355 0 0.637059 0.362941 
 ----> peTTM 356 0 0.684199 0.315801 
 ----> peTTM 357 1 0.673758 0.326242 
 ----> peTTM 358 0 0.668641 0.331359 
 ----> peTTM 359 0 0.685907 0.314093 
 ----> peTTM 360 0 0.671846 0.328154 
 ----> peTTM 361 0 0.692014 0.307986 
 ----> peTTM 362 1 0.633207 0.366793 
 ----> peTTM 363 0 0.687993 0.312007 
 ----> peTTM 364 0 0.647804 0.352196 
 ----> peTTM 365 0 0.709192 0.290808 
 ----> peTTM 366 1 0.638706 0.361294 
 ----> peTTM 367 0 0.686043 0.313957 
 ----> peTTM 368 0 0.683385 0.316615 
 ----> peTTM 369 0 0.659372 0.340628 
 ----> peTTM 370 1 0.664117 0.335883 
 ----> peTTM 371 0 0.700076 0.299924 
 ----> peTTM 372 0 0.687107 0.312893 
 ----> peTTM 373 0 0.673211 0.326789 
 ----> peTTM 374 0 0.698512 0.301488 
 ----> peTTM 375 1 0.664806 0.335194 
 ----> peTTM 376 0 0.649605 0.350395 
 ----> peTTM 377 0 0.715063 0.284937 
 ----> peTTM 378 1 0.623941 0.376059 
 ----> peTTM 379 0 0.655476 0.344524 
 ----> peTTM 380 0 0.665407 0.334593 
 ----> peTTM 381 0 0.64904 0.35096 
 ----> peTTM 382 0 0.696226 0.303774 
 ----> peTTM 383 0 0.644081 0.355919 
 ----> peTTM 384 0 0.65565 0.34435 
 ----> peTTM 385 1 0.656831 0.343169 
 ----> peTTM 386 0 0.683617 0.316383 
 ----> peTTM 387 1 0.644983 0.355017 
 ----> peTTM 388 1 0.680273 0.319727 
 ----> peTTM 389 0 0.670418 0.329582 
 ----> peTTM 390 0 0.689328 0.310672 
 ----> peTTM 391 0 0.679272 0.320728 
 ----> peTTM 392 1 0.653949 0.346051 
 ----> peTTM 393 1 0.623762 0.376238 
 ----> peTTM 394 0 0.710167 0.289833 
 ----> peTTM 395 0 0.666546 0.333454 
 ----> peTTM 396 0 0.674345 0.325655 
 ----> peTTM 397 0 0.641776 0.358224 
 ----> peTTM 398 1 0.653862 0.346138 
 ----> peTTM 399 1 0.658915 0.341085 
 ----> peTTM 400 1 0.672253 0.327747 
 ----> peTTM 401 0 0.691927 0.308073 
 ----> peTTM 402 0 0.657493 0.342507 
 ----> peTTM 403 0 0.6769 0.3231 
 ----> peTTM 404 0 0.672941 0.327059 
 ----> peTTM 405 0 0.642666 0.357334 
 ----> peTTM 406 1 0.66357 0.33643 
 ----> peTTM 407 1 0.671044 0.328956 
 ----> peTTM 408 0 0.657291 0.342709 
 ----> peTTM 409 1 0.657108 0.342892 
 ----> peTTM 410 0 0.658038 0.341962 
 ----> peTTM 411 0 0.683879 0.316121 
 ----> peTTM 412 1 0.605211 0.394789 
 ----> peTTM 413 1 0.578661 0.421339 
 ----> peTTM 414 0 0.729491 0.270509 
 ----> peTTM 415 1 0.596036 0.403964 
 ----> peTTM 416 0 0.678193 0.321807 
 ----> peTTM 417 0 0.667979 0.332021 
 ----> peTTM 418 1 0.661291 0.338709 
 ----> peTTM 419 0 0.661469 0.338531 
 ----> peTTM 420 0 0.691882 0.308118 
 ----> peTTM 421 0 0.681701 0.318299 
 ----> peTTM 422 0 0.671359 0.328641 
 ----> peTTM 423 0 0.639164 0.360836 
 ----> peTTM 424 0 0.674496 0.325504 
 ----> peTTM 425 0 0.638977 0.361023 
 ----> peTTM 426 1 0.678754 0.321246 
 ----> peTTM 427 0 0.654576 0.345424 
 ----> peTTM 428 0 0.637373 0.362627 
 ----> peTTM 429 0 0.694032 0.305968 
 ----> peTTM 430 0 0.602202 0.397798 
 ----> peTTM 431 0 0.637372 0.362628 
 ----> peTTM 432 0 0.651604 0.348396 
 ----> peTTM 433 0 0.648848 0.351152 
 ----> peTTM 434 0 0.691152 0.308848 
 ----> peTTM 435 1 0.646423 0.353577 
 ----> peTTM 436 0 0.670757 0.329243 
 ----> peTTM 437 0 0.672811 0.327189 
 ----> peTTM 438 0 0.654782 0.345218 
 ----> peTTM 439 0 0.679721 0.320279 
 ----> peTTM 440 0 0.684147 0.315853 
 ----> peTTM 441 0 0.684335 0.315665 
 ----> peTTM 442 0 0.674366 0.325634 
 ----> peTTM 443 0 0.68201 0.31799 
 ----> peTTM 444 0 0.628591 0.371409 
 ----> peTTM 445 1 0.630231 0.369769 
 ----> peTTM 446 0 0.704344 0.295656 
 ----> peTTM 447 0 0.642594 0.357406 
 ----> peTTM 448 0 0.686538 0.313462 
 ----> peTTM 449 0 0.688305 0.311695 
 ----> peTTM 450 0 0.666213 0.333787 
 ----> peTTM 451 0 0.675991 0.324009 
 ----> peTTM 452 0 0.661117 0.338883 
 ----> peTTM 453 0 0.686429 0.313571 
 ----> peTTM 454 1 0.667655 0.332345 
 ----> peTTM 455 0 0.682646 0.317354 
 ----> peTTM 456 0 0.680886 0.319114 
 ----> peTTM 457 0 0.657777 0.342223 
 ----> peTTM 458 1 0.672773 0.327227 
 ----> peTTM 459 0 0.667544 0.332456 
 ----> peTTM 460 0 0.693138 0.306862 
 ----> peTTM 461 1 0.650362 0.349638 
 ----> peTTM 462 0 0.67483 0.32517 
 ----> peTTM 463 0 0.705351 0.294649 
 ----> peTTM 464 0 0.675069 0.324931 
 ----> peTTM 465 0 0.67687 0.32313 
 ----> peTTM 466 0 0.701851 0.298149 
 ----> peTTM 467 1 0.618764 0.381236 
 ----> peTTM 468 0 0.687201 0.312799 
 ----> peTTM 469 0 0.648804 0.351196 
 ----> peTTM 470 1 0.665209 0.334791 
 ----> peTTM 471 1 0.684203 0.315797 
 ----> peTTM 472 0 0.607174 0.392826 
 ----> peTTM 473 1 0.656406 0.343594 
 ----> peTTM 474 0 0.671827 0.328173 
 ----> peTTM 475 0 0.677659 0.322341 
 ----> peTTM 476 0 0.674774 0.325226 
 ----> peTTM 477 1 0.64932 0.35068 
 ----> peTTM 478 0 0.676695 0.323305 
 ----> peTTM 479 1 0.667386 0.332614 
 ----> peTTM 480 0 0.629043 0.370957 
 ----> peTTM 481 0 0.679038 0.320962 
 ----> peTTM 482 0 0.669948 0.330052 
 ----> peTTM 483 1 0.675785 0.324215 
 ----> peTTM 484 0 0.67421 0.32579 
 ----> peTTM 485 0 0.665756 0.334244 
 ----> peTTM 486 0 0.678458 0.321542 
 ----> peTTM 487 0 0.650253 0.349747 
 ----> peTTM 488 1 0.687332 0.312668 
 ----> peTTM 489 1 0.642353 0.357647 
 ----> peTTM 490 0 0.706273 0.293727 
 ----> peTTM 491 1 0.649907 0.350093 
 ----> peTTM 492 0 0.681214 0.318786 
 ----> peTTM 493 0 0.693662 0.306338 
 ----> peTTM 494 0 0.689274 0.310726 
 ----> peTTM 495 1 0.68225 0.31775 
 ----> peTTM 496 0 0.668899 0.331101 
 ----> peTTM 497 0 0.659312 0.340688 
 ----> peTTM 498 0 0.659443 0.340557 
 ----> peTTM 499 1 0.669938 0.330062 
 ----> peTTM 500 1 0.625581 0.374419 
 ----> peTTM 501 0 0.672693 0.327307 
 ----> peTTM 502 0 0.65897 0.34103 
 ----> peTTM 503 0 0.646434 0.353566 
 ----> peTTM 504 0 0.698523 0.301477 
 ----> peTTM 505 0 0.670858 0.329142 
 ----> peTTM 506 0 0.679918 0.320082 
 ----> peTTM 507 0 0.668816 0.331184 
 ----> peTTM 508 1 0.610921 0.389079 
 ----> peTTM 509 1 0.640942 0.359058 
 ----> peTTM 510 0 0.66235 0.33765 
 ----> peTTM 511 0 0.662073 0.337927 
 ----> peTTM 512 0 0.650538 0.349462 
 ----> peTTM 513 0 0.689164 0.310836 
 ----> peTTM 514 1 0.680664 0.319336 
 ----> peTTM 515 0 0.679766 0.320234 
 ----> peTTM 516 0 0.675417 0.324583 
 ----> peTTM 517 1 0.636376 0.363624 
 ----> peTTM 518 0 0.643558 0.356442 
 ----> peTTM 519 0 0.708437 0.291563 
 ----> peTTM 520 1 0.663695 0.336305 
 ----> peTTM 521 1 0.631845 0.368155 
 ----> peTTM 522 0 0.704251 0.295749 
 ----> peTTM 523 1 0.66564 0.33436 
 ----> peTTM 524 0 0.713058 0.286942 
 ----> peTTM 525 0 0.700558 0.299442 
 ----> peTTM 526 0 0.662094 0.337906 
 ----> peTTM 527 0 0.62043 0.37957 
 ----> peTTM 528 0 0.690528 0.309472 
 ----> peTTM 529 1 0.618729 0.381271 
 ----> peTTM 530 0 0.669538 0.330462 
 ----> peTTM 531 1 0.633471 0.366529 
 ----> peTTM 532 0 0.643023 0.356977 
 ----> peTTM 533 0 0.658708 0.341292 
 ----> peTTM 534 0 0.635734 0.364266 
 ----> peTTM 535 1 0.67748 0.32252 
 ----> peTTM 536 0 0.655064 0.344936 
 ----> peTTM 537 0 0.66474 0.33526 
 ----> peTTM 538 0 0.702769 0.297231 
 ----> peTTM 539 1 0.673578 0.326422 
 ----> peTTM 540 0 0.686156 0.313844 
 ----> peTTM 541 1 0.626401 0.373599 
 ----> peTTM 542 0 0.658351 0.341649 
 ----> peTTM 543 1 0.596247 0.403753 
 ----> peTTM 544 0 0.692307 0.307693 
 ----> peTTM 545 1 0.667284 0.332716 
 ----> peTTM 546 0 0.695115 0.304885 
 ----> peTTM 547 0 0.680542 0.319458 
 ----> peTTM 548 1 0.645795 0.354205 
 ----> peTTM 549 0 0.664064 0.335936 
 ----> peTTM 550 0 0.673801 0.326199 
 ----> peTTM 551 0 0.674697 0.325303 
 ----> peTTM 552 1 0.624721 0.375279 
 ----> peTTM 553 1 0.700817 0.299183 
 ----> peTTM 554 1 0.622607 0.377393 
 ----> peTTM 555 1 0.638109 0.361891 
 ----> peTTM 556 0 0.717247 0.282753 
 ----> peTTM 557 0 0.671474 0.328526 
 ----> peTTM 558 0 0.676027 0.323973 
 ----> peTTM 559 0 0.666304 0.333696 
 ----> peTTM 560 0 0.704626 0.295374 
 ----> peTTM 561 1 0.648684 0.351316 
 ----> peTTM 562 0 0.674968 0.325032 
 ----> peTTM 563 0 0.640469 0.359531 
 ----> peTTM 564 0 0.673313 0.326687 
 ----> peTTM 565 0 0.666972 0.333028 
 ----> peTTM 566 0 0.715328 0.284672 
 ----> peTTM 567 0 0.688435 0.311565 
 ----> peTTM 568 0 0.641395 0.358605 
 ----> peTTM 569 1 0.683142 0.316858 
 ----> peTTM 570 0 0.673293 0.326707 
 ----> peTTM 571 1 0.652049 0.347951 
 ----> peTTM 572 0 0.686865 0.313135 
 ----> peTTM 573 0 0.666648 0.333352 
 ----> peTTM 574 0 0.668257 0.331743 
 ----> peTTM 575 1 0.679892 0.320108 
 ----> peTTM 576 0 0.689332 0.310668 
 ----> peTTM 577 1 0.665441 0.334559 
 ----> peTTM 578 0 0.701744 0.298256 
 ----> peTTM 579 0 0.679902 0.320098 
 ----> peTTM 580 1 0.646098 0.353902 
 ----> peTTM 581 0 0.729059 0.270941 
 ----> peTTM 582 0 0.670035 0.329965 
 ----> peTTM 583 1 0.647446 0.352554 
 ----> peTTM 584 0 0.688129 0.311871 
 ----> peTTM 585 0 0.684301 0.315699 
 ----> peTTM 586 0 0.685457 0.314543 
 ----> peTTM 587 0 0.673198 0.326802 
 ----> peTTM 588 0 0.652328 0.347672 
 ----> peTTM 589 1 0.631011 0.368989 
 ----> peTTM 590 0 0.679052 0.320948 
 ----> peTTM 591 1 0.654509 0.345491 
 ----> peTTM 592 1 0.67306 0.32694 
 ----> peTTM 593 0 0.62902 0.37098 
 ----> peTTM 594 0 0.668539 0.331461 
 ----> peTTM 595 0 0.627391 0.372609 
 ----> peTTM 596 0 0.692399 0.307601 
 ----> peTTM 597 0 0.711764 0.288236 
 ----> peTTM 598 0 0.681768 0.318232 
 ----> peTTM 599 0 0.671675 0.328325 
 ----> peTTM 600 0 0.667998 0.332002 
 ----> peTTM 601 0 0.700762 0.299238 
 ----> peTTM 602 1 0.631532 0.368468 
 ----> peTTM 603 0 0.701 0.299 
 ----> peTTM 604 0 0.672467 0.327533 
 ----> peTTM 605 0 0.653107 0.346893 
 ----> peTTM 606 0 0.652371 0.347629 
 ----> peTTM 607 1 0.621437 0.378563 
 ----> peTTM 608 0 0.701879 0.298121 
 ----> peTTM 609 0 0.664051 0.335949 
 ----> peTTM 610 0 0.677375 0.322625 
 ----> peTTM 611 0 0.675693 0.324307 
 ----> peTTM 612 0 0.660759 0.339241 
 ----> peTTM 613 0 0.682639 0.317361 
 ----> peTTM 614 0 0.679909 0.320091 
 ----> peTTM 615 0 0.644061 0.355939 
 ----> peTTM 616 0 0.676968 0.323032 
 ----> peTTM 617 0 0.66009 0.33991 
 ----> peTTM 618 0 0.667266 0.332734 
 ----> peTTM 619 1 0.625356 0.374644 
 ----> peTTM 620 0 0.68609 0.31391 
 ----> peTTM 621 0 0.658085 0.341915 
 ----> peTTM 622 0 0.668491 0.331509 
 ----> peTTM 623 1 0.654817 0.345183 
 ----> peTTM 624 0 0.688666 0.311334 
 ----> peTTM 625 0 0.691269 0.308731 
 ----> peTTM 626 0 0.674504 0.325496 
 ----> peTTM 627 0 0.698873 0.301127 
 ----> peTTM 628 1 0.639955 0.360045 
 ----> peTTM 629 0 0.661493 0.338507 
 ----> peTTM 630 0 0.681146 0.318854 
 ----> peTTM 631 1 0.612564 0.387436 
 ----> peTTM 632 1 0.634064 0.365936 
 ----> peTTM 633 0 0.681379 0.318621 
 ----> peTTM 634 1 0.624438 0.375562 
 ----> peTTM 635 0 0.690596 0.309404 
 ----> peTTM 636 1 0.638188 0.361812 
 ----> peTTM 637 0 0.714692 0.285308 
 ----> peTTM 638 0 0.669221 0.330779 
 ----> peTTM 639 1 0.681921 0.318079 
 ----> peTTM 640 0 0.653492 0.346508 
 ----> peTTM 641 0 0.691345 0.308655 
 ----> peTTM 642 0 0.662938 0.337062 
 ----> peTTM 643 0 0.65849 0.34151 
 ----> peTTM 644 0 0.676218 0.323782 
 ----> peTTM 645 0 0.70516 0.29484 
 ----> peTTM 646 1 0.64228 0.35772 
 ----> peTTM 647 0 0.674496 0.325504 
 ----> peTTM 648 0 0.683466 0.316534 
 ----> peTTM 649 0 0.695257 0.304743 
 ----> peTTM 650 0 0.694976 0.305024 
 ----> peTTM 651 1 0.630547 0.369453 
 ----> peTTM 652 0 0.703817 0.296183 
 ----> peTTM 653 1 0.635368 0.364632 
 ----> peTTM 654 0 0.680715 0.319285 
 ----> peTTM 655 0 0.67594 0.32406 
 ----> peTTM 656 0 0.680097 0.319903 
 ----> peTTM 657 0 0.689238 0.310762 
 ----> peTTM 658 0 0.665711 0.334289 
 ----> peTTM 659 0 0.667412 0.332588 
 ----> peTTM 660 0 0.668205 0.331795 
 ----> peTTM 661 0 0.661035 0.338965 
 ----> peTTM 662 0 0.67626 0.32374 
 ----> peTTM 663 1 0.697274 0.302726 
 ----> peTTM 664 1 0.664586 0.335414 
 ----> peTTM 665 0 0.673055 0.326945 
 ----> peTTM 666 0 0.678751 0.321249 
 ----> peTTM 667 0 0.679306 0.320694 
 ----> peTTM 668 0 0.686021 0.313979 
 ----> peTTM 669 0 0.686998 0.313002 
 ----> peTTM 670 0 0.664579 0.335421 
 ----> peTTM 671 0 0.667472 0.332528 
 ----> peTTM 672 0 0.671233 0.328767 
 ----> peTTM 673 0 0.66387 0.33613 
 ----> peTTM 674 1 0.66282 0.33718 
 ----> peTTM 675 1 0.644596 0.355404 
 ----> peTTM 676 0 0.717552 0.282448 
 ----> peTTM 677 1 0.659267 0.340733 
 ----> peTTM 678 1 0.629551 0.370449 
 ----> peTTM 679 0 0.651405 0.348595 
 ----> peTTM 680 1 0.627312 0.372688 
 ----> peTTM 681 0 0.683318 0.316682 
 ----> peTTM 682 0 0.714314 0.285686 
 ----> peTTM 683 0 0.702678 0.297322 
 ----> peTTM 684 0 0.662322 0.337678 
 ----> peTTM 685 0 0.690143 0.309857 
 ----> peTTM 686 0 0.678147 0.321853 
 ----> peTTM 687 0 0.710918 0.289082 
 ----> peTTM 688 0 0.646078 0.353922 
 ----> peTTM 689 0 0.661049 0.338951 
 ----> peTTM 690 1 0.627819 0.372181 
 ----> peTTM 691 0 0.674287 0.325713 
 ----> peTTM 692 0 0.679396 0.320604 
 ----> peTTM 693 1 0.678191 0.321809 
 ----> peTTM 694 0 0.669724 0.330276 
 ----> peTTM 695 0 0.675955 0.324045 
 ----> peTTM 696 0 0.683475 0.316525 
 ----> peTTM 697 0 0.696921 0.303079 
 ----> peTTM 698 1 0.641386 0.358614 
 ----> peTTM 699 0 0.674462 0.325538 
 ----> peTTM 700 1 0.662541 0.337459 
 ----> peTTM 701 0 0.692469 0.307531 
 ----> peTTM 702 0 0.677707 0.322293 
 ----> peTTM 703 0 0.682868 0.317132 
 ----> peTTM 704 0 0.662939 0.337061 
 ----> peTTM 705 0 0.669914 0.330086 
 ----> peTTM 706 0 0.648532 0.351468 
 ----> peTTM 707 0 0.676066 0.323934 
 ----> peTTM 708 0 0.726715 0.273285 
 ----> peTTM 709 0 0.683582 0.316418 
 ----> peTTM 710 0 0.656874 0.343126 
 ----> peTTM 711 0 0.691954 0.308046 
 ----> peTTM 712 0 0.689775 0.310225 
 ----> peTTM 713 1 0.65698 0.34302 
 ----> peTTM 714 1 0.690739 0.309261 
 ----> peTTM 715 1 0.653695 0.346305 
 ----> peTTM 716 1 0.68423 0.31577 
 ----> peTTM 717 0 0.688824 0.311176 
 ----> peTTM 718 0 0.680076 0.319924 
