 ----> peTTM 1 1 0 0 
 ----> peTTM 2 0 0 0 
 ----> peTTM 3 1 0.697893 0.302107 
 ----> peTTM 4 1 0.627604 0.372396 
 ----> peTTM 5 1 0.611308 0.388692 
 ----> peTTM 6 1 0.674481 0.325519 
 ----> peTTM 7 0 0.619712 0.380288 
 ----> peTTM 8 0 0.627555 0.372445 
 ----> peTTM 9 0 0.7267 0.2733 
 ----> peTTM 10 1 0.677185 0.322815 
 ----> peTTM 11 1 0.652935 0.347065 
 ----> peTTM 12 0 0.6487 0.3513 
 ----> peTTM 13 0 0.636334 0.363666 
 ----> peTTM 14 1 0.651931 0.348069 
 ----> peTTM 15 1 0.600326 0.399674 
 ----> peTTM 16 1 0.650995 0.349005 
 ----> peTTM 17 1 0.646999 0.353001 
 ----> peTTM 18 0 0.668385 0.331615 
 ----> peTTM 19 0 0.664803 0.335197 
 ----> peTTM 20 0 0.634736 0.365264 
 ----> peTTM 21 1 0.673529 0.326471 
 ----> peTTM 22 0 0.646356 0.353644 
 ----> peTTM 23 0 0.672821 0.327179 
 ----> peTTM 24 0 0.669348 0.330652 
 ----> peTTM 25 0 0.640153 0.359847 
 ----> peTTM 26 1 0.606396 0.393604 
 ----> peTTM 27 1 0.664675 0.335325 
 ----> peTTM 28 1 0.644183 0.355817 
 ----> peTTM 29 0 0.729114 0.270886 
 ----> peTTM 30 0 0.647127 0.352873 
 ----> peTTM 31 0 0.644817 0.355183 
 ----> peTTM 32 0 0.685714 0.314286 
 ----> peTTM 33 0 0.629639 0.370361 
 ----> peTTM 34 0 0.699517 0.300483 
 ----> peTTM 35 1 0.627704 0.372296 
 ----> peTTM 36 0 0.685618 0.314382 
 ----> peTTM 37 0 0.646469 0.353531 
 ----> peTTM 38 0 0.683056 0.316944 
 ----> peTTM 39 0 0.628147 0.371853 
 ----> peTTM 40 1 0.639272 0.360728 
 ----> peTTM 41 1 0.639568 0.360432 
 ----> peTTM 42 1 0.625777 0.374223 
 ----> peTTM 43 0 0.663943 0.336057 
 ----> peTTM 44 1 0.636481 0.363519 
 ----> peTTM 45 1 0.641708 0.358292 
 ----> peTTM 46 0 0.686014 0.313986 
 ----> peTTM 47 1 0.627505 0.372495 
 ----> peTTM 48 1 0.635377 0.364623 
 ----> peTTM 49 1 0.682593 0.317407 
 ----> peTTM 50 1 0.636457 0.363543 
 ----> peTTM 51 0 0.646647 0.353353 
 ----> peTTM 52 1 0.633646 0.366354 
 ----> peTTM 53 0 0.662403 0.337597 
 ----> peTTM 54 0 0.691337 0.308663 
 ----> peTTM 55 0 0.668155 0.331845 
 ----> peTTM 56 1 0.61144 0.38856 
 ----> peTTM 57 1 0.646995 0.353005 
 ----> peTTM 58 0 0.652696 0.347304 
 ----> peTTM 59 1 0.596175 0.403825 
 ----> peTTM 60 0 0.672413 0.327587 
 ----> peTTM 61 0 0.653941 0.346059 
 ----> peTTM 62 0 0.693586 0.306414 
 ----> peTTM 63 1 0.636548 0.363452 
 ----> peTTM 64 1 0.593052 0.406948 
 ----> peTTM 65 0 0.670322 0.329678 
 ----> peTTM 66 0 0.68415 0.31585 
 ----> peTTM 67 1 0.674517 0.325483 
 ----> peTTM 68 1 0.633792 0.366208 
 ----> peTTM 69 0 0.648686 0.351314 
 ----> peTTM 70 1 0.644683 0.355317 
 ----> peTTM 71 1 0.643514 0.356486 
 ----> peTTM 72 1 0.686645 0.313355 
 ----> peTTM 73 0 0.65893 0.34107 
 ----> peTTM 74 0 0.654114 0.345886 
 ----> peTTM 75 0 0.672596 0.327404 
 ----> peTTM 76 1 0.615729 0.384271 
 ----> peTTM 77 0 0.697158 0.302842 
 ----> peTTM 78 1 0.648368 0.351632 
 ----> peTTM 79 0 0.685624 0.314376 
 ----> peTTM 80 1 0.648459 0.351541 
 ----> peTTM 81 1 0.602494 0.397506 
 ----> peTTM 82 1 0.578761 0.421239 
 ----> peTTM 83 1 0.599059 0.400941 
 ----> peTTM 84 1 0.570815 0.429185 
 ----> peTTM 85 0 0.664588 0.335412 
 ----> peTTM 86 0 0.619896 0.380104 
 ----> peTTM 87 1 0.62961 0.37039 
 ----> peTTM 88 1 0.634286 0.365714 
 ----> peTTM 89 1 0.635826 0.364174 
 ----> peTTM 90 1 0.631385 0.368615 
 ----> peTTM 91 1 0.645364 0.354636 
 ----> peTTM 92 0 0.65308 0.34692 
 ----> peTTM 93 0 0.666939 0.333061 
 ----> peTTM 94 1 0.651436 0.348564 
 ----> peTTM 95 0 0.688052 0.311948 
 ----> peTTM 96 0 0.668571 0.331429 
 ----> peTTM 97 1 0.630453 0.369547 
 ----> peTTM 98 1 0.63671 0.36329 
 ----> peTTM 99 1 0.62865 0.37135 
 ----> peTTM 100 0 0.67592 0.32408 
 ----> peTTM 101 1 0.615163 0.384837 
 ----> peTTM 102 0 0.67047 0.32953 
 ----> peTTM 103 0 0.682993 0.317007 
 ----> peTTM 104 0 0.661163 0.338837 
 ----> peTTM 105 1 0.602681 0.397319 
 ----> peTTM 106 0 0.634679 0.365321 
 ----> peTTM 107 0 0.671103 0.328897 
 ----> peTTM 108 0 0.730834 0.269166 
 ----> peTTM 109 0 0.662186 0.337814 
 ----> peTTM 110 1 0.645527 0.354473 
 ----> peTTM 111 0 0.654083 0.345917 
 ----> peTTM 112 0 0.676172 0.323828 
 ----> peTTM 113 1 0.615095 0.384905 
 ----> peTTM 114 1 0.636169 0.363831 
 ----> peTTM 115 0 0.688077 0.311923 
 ----> peTTM 116 0 0.647686 0.352314 
 ----> peTTM 117 1 0.650229 0.349771 
 ----> peTTM 118 1 0.590301 0.409699 
 ----> peTTM 119 1 0.627818 0.372182 
 ----> peTTM 120 0 0.64495 0.35505 
 ----> peTTM 121 0 0.643986 0.356014 
 ----> peTTM 122 1 0.620362 0.379638 
 ----> peTTM 123 1 0.632188 0.367812 
 ----> peTTM 124 0 0.662803 0.337197 
 ----> peTTM 125 1 0.627315 0.372685 
 ----> peTTM 126 0 0.66008 0.33992 
 ----> peTTM 127 0 0.650437 0.349563 
 ----> peTTM 128 0 0.653872 0.346128 
 ----> peTTM 129 1 0.64099 0.35901 
 ----> peTTM 130 0 0.653052 0.346948 
 ----> peTTM 131 0 0.689323 0.310677 
 ----> peTTM 132 0 0.697675 0.302325 
 ----> peTTM 133 1 0.625551 0.374449 
 ----> peTTM 134 1 0.631745 0.368255 
 ----> peTTM 135 1 0.606513 0.393487 
 ----> peTTM 136 0 0.691279 0.308721 
 ----> peTTM 137 1 0.625407 0.374593 
 ----> peTTM 138 0 0.679196 0.320804 
 ----> peTTM 139 0 0.601156 0.398844 
 ----> peTTM 140 1 0.645474 0.354526 
 ----> peTTM 141 0 0.656381 0.343619 
 ----> peTTM 142 1 0.636316 0.363684 
 ----> peTTM 143 0 0.651152 0.348848 
 ----> peTTM 144 1 0.671913 0.328087 
 ----> peTTM 145 0 0.666375 0.333625 
 ----> peTTM 146 0 0.672326 0.327674 
 ----> peTTM 147 0 0.643056 0.356944 
 ----> peTTM 148 0 0.672473 0.327527 
 ----> peTTM 149 1 0.638222 0.361778 
 ----> peTTM 150 1 0.666883 0.333117 
 ----> peTTM 151 1 0.628936 0.371064 
 ----> peTTM 152 0 0.663269 0.336731 
 ----> peTTM 153 0 0.647811 0.352189 
 ----> peTTM 154 0 0.678254 0.321746 
 ----> peTTM 155 1 0.661459 0.338541 
 ----> peTTM 156 1 0.609437 0.390563 
 ----> peTTM 157 1 0.654891 0.345109 
 ----> peTTM 158 0 0.662276 0.337724 
 ----> peTTM 159 1 0.632365 0.367635 
 ----> peTTM 160 0 0.66594 0.33406 
 ----> peTTM 161 0 0.63938 0.36062 
 ----> peTTM 162 1 0.68752 0.31248 
 ----> peTTM 163 1 0.613136 0.386864 
 ----> peTTM 164 1 0.627591 0.372409 
 ----> peTTM 165 1 0.625144 0.374856 
 ----> peTTM 166 0 0.652377 0.347623 
 ----> peTTM 167 1 0.623425 0.376575 
 ----> peTTM 168 0 0.679364 0.320636 
 ----> peTTM 169 0 0.648097 0.351903 
 ----> peTTM 170 1 0.668716 0.331284 
 ----> peTTM 171 1 0.581644 0.418356 
 ----> peTTM 172 0 0.676224 0.323776 
 ----> peTTM 173 1 0.645223 0.354777 
 ----> peTTM 174 0 0.621641 0.378359 
 ----> peTTM 175 1 0.613942 0.386058 
 ----> peTTM 176 0 0.65696 0.34304 
 ----> peTTM 177 0 0.668011 0.331989 
 ----> peTTM 178 1 0.614732 0.385268 
 ----> peTTM 179 0 0.66428 0.33572 
 ----> peTTM 180 0 0.624276 0.375724 
 ----> peTTM 181 0 0.692477 0.307523 
 ----> peTTM 182 0 0.696153 0.303847 
 ----> peTTM 183 1 0.616846 0.383154 
 ----> peTTM 184 1 0.601173 0.398827 
 ----> peTTM 185 0 0.650225 0.349775 
 ----> peTTM 186 0 0.664985 0.335015 
 ----> peTTM 187 0 0.639243 0.360757 
 ----> peTTM 188 1 0.635048 0.364952 
 ----> peTTM 189 1 0.649949 0.350051 
 ----> peTTM 190 0 0.680194 0.319806 
 ----> peTTM 191 0 0.659764 0.340236 
 ----> peTTM 192 1 0.644403 0.355597 
 ----> peTTM 193 0 0.700793 0.299207 
 ----> peTTM 194 0 0.674542 0.325458 
 ----> peTTM 195 0 0.651277 0.348723 
 ----> peTTM 196 1 0.669169 0.330831 
 ----> peTTM 197 0 0.626385 0.373615 
 ----> peTTM 198 0 0.657033 0.342967 
 ----> peTTM 199 0 0.682368 0.317632 
 ----> peTTM 200 0 0.665249 0.334751 
 ----> peTTM 201 0 0.659782 0.340218 
 ----> peTTM 202 0 0.648939 0.351061 
 ----> peTTM 203 1 0.597161 0.402839 
 ----> peTTM 204 1 0.564697 0.435303 
 ----> peTTM 205 0 0.630948 0.369052 
 ----> peTTM 206 1 0.666153 0.333847 
 ----> peTTM 207 1 0.664428 0.335572 
 ----> peTTM 208 0 0.627294 0.372706 
 ----> peTTM 209 0 0.640498 0.359502 
 ----> peTTM 210 0 0.725031 0.274969 
 ----> peTTM 211 0 0.676607 0.323393 
 ----> peTTM 212 0 0.708538 0.291462 
 ----> peTTM 213 1 0.63074 0.36926 
 ----> peTTM 214 0 0.724604 0.275396 
 ----> peTTM 215 1 0.675581 0.324419 
 ----> peTTM 216 0 0.667224 0.332776 
 ----> peTTM 217 1 0.631414 0.368586 
 ----> peTTM 218 0 0.70785 0.29215 
 ----> peTTM 219 0 0.62674 0.37326 
 ----> peTTM 220 0 0.663362 0.336638 
 ----> peTTM 221 0 0.666234 0.333766 
 ----> peTTM 222 1 0.649577 0.350423 
 ----> peTTM 223 1 0.6596 0.3404 
 ----> peTTM 224 0 0.680014 0.319986 
 ----> peTTM 225 1 0.656612 0.343388 
 ----> peTTM 226 1 0.635566 0.364434 
 ----> peTTM 227 0 0.670635 0.329365 
 ----> peTTM 228 0 0.674331 0.325669 
 ----> peTTM 229 0 0.662698 0.337302 
 ----> peTTM 230 0 0.663428 0.336572 
 ----> peTTM 231 0 0.693907 0.306093 
 ----> peTTM 232 1 0.645769 0.354231 
 ----> peTTM 233 0 0.717281 0.282719 
 ----> peTTM 234 0 0.666893 0.333107 
 ----> peTTM 235 0 0.688481 0.311519 
 ----> peTTM 236 1 0.65649 0.34351 
 ----> peTTM 237 0 0.651061 0.348939 
 ----> peTTM 238 0 0.69992 0.30008 
 ----> peTTM 239 0 0.660558 0.339442 
 ----> peTTM 240 1 0.666625 0.333375 
 ----> peTTM 241 0 0.6787 0.3213 
 ----> peTTM 242 1 0.632777 0.367223 
 ----> peTTM 243 0 0.68212 0.31788 
 ----> peTTM 244 1 0.641554 0.358446 
 ----> peTTM 245 1 0.629408 0.370592 
 ----> peTTM 246 0 0.685148 0.314852 
 ----> peTTM 247 0 0.690326 0.309674 
 ----> peTTM 248 1 0.66345 0.33655 
 ----> peTTM 249 1 0.676793 0.323207 
 ----> peTTM 250 0 0.685403 0.314597 
 ----> peTTM 251 0 0.674341 0.325659 
 ----> peTTM 252 0 0.684819 0.315181 
 ----> peTTM 253 1 0.638733 0.361267 
 ----> peTTM 254 0 0.6983 0.3017 
 ----> peTTM 255 1 0.616414 0.383586 
 ----> peTTM 256 0 0.677643 0.322357 
 ----> peTTM 257 0 0.693392 0.306608 
 ----> peTTM 258 0 0.66809 0.33191 
 ----> peTTM 259 0 0.646123 0.353877 
 ----> peTTM 260 1 0.648266 0.351734 
 ----> peTTM 261 1 0.617797 0.382203 
 ----> peTTM 262 0 0.659184 0.340816 
 ----> peTTM 263 1 0.638128 0.361872 
 ----> peTTM 264 1 0.631413 0.368587 
 ----> peTTM 265 1 0.632661 0.367339 
 ----> peTTM 266 0 0.667181 0.332819 
 ----> peTTM 267 0 0.657581 0.342419 
 ----> peTTM 268 0 0.710236 0.289764 
 ----> peTTM 269 0 0.686579 0.313421 
 ----> peTTM 270 1 0.651737 0.348263 
 ----> peTTM 271 1 0.628155 0.371845 
 ----> peTTM 272 0 0.677197 0.322803 
 ----> peTTM 273 0 0.665162 0.334838 
 ----> peTTM 274 1 0.637037 0.362963 
 ----> peTTM 275 1 0.672571 0.327429 
 ----> peTTM 276 0 0.665395 0.334605 
 ----> peTTM 277 0 0.684661 0.315339 
 ----> peTTM 278 0 0.697972 0.302028 
 ----> peTTM 279 1 0.586371 0.413629 
 ----> peTTM 280 1 0.661299 0.338701 
 ----> peTTM 281 0 0.673769 0.326231 
 ----> peTTM 282 1 0.627282 0.372718 
 ----> peTTM 283 1 0.589208 0.410792 
 ----> peTTM 284 1 0.550924 0.449076 
 ----> peTTM 285 0 0.693561 0.306439 
 ----> peTTM 286 0 0.673817 0.326183 
 ----> peTTM 287 0 0.697185 0.302815 
 ----> peTTM 288 1 0.649095 0.350905 
 ----> peTTM 289 0 0.691707 0.308293 
 ----> peTTM 290 0 0.682765 0.317235 
 ----> peTTM 291 1 0.624234 0.375766 
 ----> peTTM 292 0 0.712995 0.287005 
 ----> peTTM 293 1 0.641846 0.358154 
 ----> peTTM 294 1 0.616052 0.383948 
 ----> peTTM 295 0 0.669359 0.330641 
 ----> peTTM 296 0 0.724986 0.275014 
 ----> peTTM 297 0 0.657752 0.342248 
 ----> peTTM 298 1 0.614945 0.385055 
 ----> peTTM 299 0 0.688128 0.311872 
 ----> peTTM 300 0 0.68332 0.31668 
 ----> peTTM 301 0 0.650449 0.349551 
 ----> peTTM 302 0 0.662176 0.337824 
 ----> peTTM 303 0 0.644616 0.355384 
 ----> peTTM 304 0 0.636967 0.363033 
 ----> peTTM 305 0 0.698529 0.301471 
 ----> peTTM 306 0 0.676891 0.323109 
 ----> peTTM 307 1 0.635216 0.364784 
 ----> peTTM 308 0 0.677525 0.322475 
 ----> peTTM 309 1 0.677316 0.322684 
 ----> peTTM 310 0 0.692077 0.307923 
 ----> peTTM 311 0 0.701753 0.298247 
 ----> peTTM 312 0 0.638688 0.361312 
 ----> peTTM 313 1 0.64249 0.35751 
 ----> peTTM 314 0 0.683922 0.316078 
 ----> peTTM 315 0 0.67525 0.32475 
 ----> peTTM 316 0 0.682567 0.317433 
 ----> peTTM 317 0 0.657381 0.342619 
 ----> peTTM 318 0 0.667681 0.332319 
 ----> peTTM 319 0 0.680693 0.319307 
 ----> peTTM 320 0 0.647863 0.352137 
 ----> peTTM 321 1 0.647987 0.352013 
 ----> peTTM 322 1 0.652722 0.347278 
 ----> peTTM 323 0 0.688088 0.311912 
 ----> peTTM 324 0 0.677872 0.322128 
 ----> peTTM 325 0 0.662484 0.337516 
 ----> peTTM 326 1 0.621118 0.378882 
 ----> peTTM 327 1 0.661004 0.338996 
 ----> peTTM 328 0 0.65758 0.34242 
 ----> peTTM 329 0 0.616314 0.383686 
 ----> peTTM 330 0 0.668291 0.331709 
 ----> peTTM 331 0 0.694936 0.305064 
 ----> peTTM 332 0 0.675264 0.324736 
 ----> peTTM 333 1 0.651617 0.348383 
 ----> peTTM 334 1 0.650246 0.349754 
 ----> peTTM 335 0 0.682157 0.317843 
 ----> peTTM 336 1 0.642103 0.357897 
 ----> peTTM 337 1 0.653874 0.346126 
 ----> peTTM 338 1 0.65424 0.34576 
 ----> peTTM 339 0 0.663881 0.336119 
 ----> peTTM 340 0 0.676469 0.323531 
 ----> peTTM 341 1 0.670653 0.329347 
 ----> peTTM 342 1 0.630057 0.369943 
 ----> peTTM 343 0 0.661158 0.338842 
 ----> peTTM 344 0 0.682669 0.317331 
 ----> peTTM 345 0 0.658662 0.341338 
 ----> peTTM 346 0 0.68323 0.31677 
 ----> peTTM 347 1 0.644692 0.355308 
 ----> peTTM 348 0 0.658771 0.341229 
 ----> peTTM 349 0 0.652573 0.347427 
 ----> peTTM 350 1 0.641949 0.358051 
 ----> peTTM 351 0 0.665874 0.334126 
 ----> peTTM 352 0 0.709908 0.290092 
 ----> peTTM 353 0 0.647108 0.352892 
 ----> peTTM 354 0 0.696924 0.303076 
 ----> peTTM 355 0 0.630881 0.369119 
 ----> peTTM 356 0 0.660818 0.339182 
 ----> peTTM 357 1 0.623666 0.376334 
 ----> peTTM 358 0 0.692695 0.307305 
 ----> peTTM 359 0 0.651796 0.348204 
 ----> peTTM 360 0 0.650279 0.349721 
 ----> peTTM 361 0 0.6744 0.3256 
 ----> peTTM 362 1 0.68127 0.31873 
 ----> peTTM 363 0 0.652326 0.347674 
 ----> peTTM 364 0 0.658493 0.341507 
 ----> peTTM 365 0 0.707238 0.292762 
 ----> peTTM 366 1 0.662864 0.337136 
 ----> peTTM 367 0 0.674716 0.325284 
 ----> peTTM 368 0 0.682924 0.317076 
 ----> peTTM 369 0 0.669286 0.330714 
 ----> peTTM 370 1 0.637582 0.362418 
 ----> peTTM 371 0 0.69934 0.30066 
 ----> peTTM 372 0 0.655429 0.344571 
 ----> peTTM 373 0 0.692595 0.307405 
 ----> peTTM 374 0 0.656005 0.343995 
 ----> peTTM 375 1 0.565925 0.434075 
 ----> peTTM 376 0 0.696035 0.303965 
 ----> peTTM 377 0 0.703288 0.296712 
 ----> peTTM 378 1 0.650781 0.349219 
 ----> peTTM 379 0 0.693553 0.306447 
 ----> peTTM 380 0 0.679684 0.320316 
 ----> peTTM 381 0 0.680506 0.319494 
 ----> peTTM 382 0 0.672318 0.327682 
 ----> peTTM 383 0 0.705504 0.294496 
 ----> peTTM 384 0 0.700406 0.299594 
 ----> peTTM 385 1 0.658035 0.341965 
 ----> peTTM 386 0 0.703027 0.296973 
 ----> peTTM 387 1 0.6466 0.3534 
 ----> peTTM 388 1 0.628885 0.371115 
 ----> peTTM 389 0 0.696196 0.303804 
 ----> peTTM 390 0 0.664271 0.335729 
 ----> peTTM 391 0 0.646616 0.353384 
 ----> peTTM 392 1 0.654053 0.345947 
 ----> peTTM 393 1 0.684325 0.315675 
 ----> peTTM 394 0 0.66638 0.33362 
 ----> peTTM 395 0 0.677446 0.322554 
 ----> peTTM 396 0 0.682062 0.317938 
 ----> peTTM 397 0 0.685166 0.314834 
 ----> peTTM 398 1 0.648751 0.351249 
 ----> peTTM 399 1 0.662016 0.337984 
 ----> peTTM 400 1 0.627798 0.372202 
 ----> peTTM 401 0 0.675018 0.324982 
 ----> peTTM 402 0 0.674909 0.325091 
 ----> peTTM 403 0 0.689015 0.310985 
 ----> peTTM 404 0 0.655052 0.344948 
 ----> peTTM 405 0 0.671372 0.328628 
 ----> peTTM 406 1 0.690518 0.309482 
 ----> peTTM 407 1 0.654772 0.345228 
 ----> peTTM 408 0 0.647519 0.352481 
 ----> peTTM 409 1 0.688729 0.311271 
 ----> peTTM 410 0 0.685648 0.314352 
 ----> peTTM 411 0 0.706278 0.293722 
 ----> peTTM 412 1 0.663092 0.336908 
 ----> peTTM 413 1 0.666667 0.333333 
 ----> peTTM 414 0 0.688671 0.311329 
 ----> peTTM 415 1 0.664587 0.335413 
 ----> peTTM 416 0 0.683921 0.316079 
 ----> peTTM 417 0 0.69082 0.30918 
 ----> peTTM 418 1 0.671039 0.328961 
 ----> peTTM 419 0 0.678324 0.321676 
 ----> peTTM 420 0 0.677472 0.322528 
 ----> peTTM 421 0 0.652993 0.347007 
 ----> peTTM 422 0 0.671592 0.328408 
 ----> peTTM 423 0 0.650289 0.349711 
 ----> peTTM 424 0 0.679262 0.320738 
 ----> peTTM 425 0 0.661441 0.338559 
 ----> peTTM 426 1 0.63837 0.36163 
 ----> peTTM 427 0 0.649933 0.350067 
 ----> peTTM 428 0 0.638812 0.361188 
 ----> peTTM 429 0 0.666581 0.333419 
 ----> peTTM 430 0 0.678286 0.321714 
 ----> peTTM 431 0 0.696273 0.303727 
 ----> peTTM 432 0 0.654149 0.345851 
 ----> peTTM 433 0 0.66843 0.33157 
 ----> peTTM 434 0 0.669531 0.330469 
 ----> peTTM 435 1 0.674253 0.325747 
 ----> peTTM 436 0 0.66282 0.33718 
 ----> peTTM 437 0 0.702827 0.297173 
 ----> peTTM 438 0 0.655659 0.344341 
 ----> peTTM 439 0 0.677761 0.322239 
 ----> peTTM 440 0 0.683984 0.316016 
 ----> peTTM 441 0 0.678184 0.321816 
 ----> peTTM 442 0 0.691068 0.308932 
 ----> peTTM 443 0 0.686334 0.313666 
 ----> peTTM 444 0 0.691598 0.308402 
 ----> peTTM 445 1 0.667604 0.332396 
 ----> peTTM 446 0 0.671347 0.328653 
 ----> peTTM 447 0 0.673295 0.326705 
 ----> peTTM 448 0 0.67272 0.32728 
 ----> peTTM 449 0 0.692648 0.307352 
 ----> peTTM 450 0 0.669056 0.330944 
 ----> peTTM 451 0 0.729825 0.270175 
 ----> peTTM 452 0 0.67091 0.32909 
 ----> peTTM 453 0 0.65307 0.34693 
 ----> peTTM 454 1 0.652613 0.347387 
 ----> peTTM 455 0 0.669425 0.330575 
 ----> peTTM 456 0 0.669945 0.330055 
 ----> peTTM 457 0 0.670909 0.329091 
 ----> peTTM 458 1 0.642672 0.357328 
 ----> peTTM 459 0 0.668162 0.331838 
 ----> peTTM 460 0 0.694815 0.305185 
 ----> peTTM 461 1 0.651857 0.348143 
 ----> peTTM 462 0 0.72411 0.27589 
 ----> peTTM 463 0 0.702554 0.297446 
 ----> peTTM 464 0 0.687115 0.312885 
 ----> peTTM 465 0 0.688302 0.311698 
 ----> peTTM 466 0 0.666252 0.333748 
 ----> peTTM 467 1 0.65815 0.34185 
 ----> peTTM 468 0 0.685573 0.314427 
 ----> peTTM 469 0 0.663654 0.336346 
 ----> peTTM 470 1 0.672586 0.327414 
 ----> peTTM 471 1 0.655643 0.344357 
 ----> peTTM 472 0 0.686065 0.313935 
 ----> peTTM 473 1 0.662003 0.337997 
 ----> peTTM 474 0 0.673099 0.326901 
 ----> peTTM 475 0 0.695546 0.304454 
 ----> peTTM 476 0 0.680456 0.319544 
 ----> peTTM 477 1 0.633203 0.366797 
 ----> peTTM 478 0 0.692486 0.307514 
 ----> peTTM 479 1 0.634207 0.365793 
 ----> peTTM 480 0 0.681612 0.318388 
 ----> peTTM 481 0 0.681369 0.318631 
 ----> peTTM 482 0 0.677385 0.322615 
 ----> peTTM 483 1 0.619398 0.380602 
 ----> peTTM 484 0 0.681964 0.318036 
 ----> peTTM 485 0 0.664354 0.335646 
 ----> peTTM 486 0 0.663096 0.336904 
 ----> peTTM 487 0 0.641903 0.358097 
 ----> peTTM 488 1 0.668204 0.331796 
 ----> peTTM 489 1 0.655709 0.344291 
 ----> peTTM 490 0 0.674707 0.325293 
 ----> peTTM 491 1 0.675852 0.324148 
 ----> peTTM 492 0 0.684413 0.315587 
 ----> peTTM 493 0 0.665184 0.334816 
 ----> peTTM 494 0 0.684223 0.315777 
 ----> peTTM 495 1 0.665014 0.334986 
 ----> peTTM 496 0 0.652384 0.347616 
 ----> peTTM 497 0 0.669524 0.330476 
 ----> peTTM 498 0 0.691446 0.308554 
 ----> peTTM 499 1 0.642001 0.357999 
 ----> peTTM 500 1 0.690643 0.309357 
 ----> peTTM 501 0 0.665822 0.334178 
 ----> peTTM 502 0 0.669177 0.330823 
 ----> peTTM 503 0 0.684635 0.315365 
 ----> peTTM 504 0 0.675227 0.324773 
 ----> peTTM 505 0 0.668939 0.331061 
 ----> peTTM 506 0 0.690936 0.309064 
 ----> peTTM 507 0 0.632058 0.367942 
 ----> peTTM 508 1 0.642093 0.357907 
 ----> peTTM 509 1 0.638843 0.361157 
 ----> peTTM 510 0 0.682448 0.317552 
 ----> peTTM 511 0 0.665467 0.334533 
 ----> peTTM 512 0 0.688978 0.311022 
 ----> peTTM 513 0 0.672824 0.327176 
 ----> peTTM 514 1 0.648169 0.351831 
 ----> peTTM 515 0 0.680398 0.319602 
 ----> peTTM 516 0 0.697176 0.302824 
 ----> peTTM 517 1 0.666141 0.333859 
 ----> peTTM 518 0 0.704059 0.295941 
 ----> peTTM 519 0 0.689772 0.310228 
 ----> peTTM 520 1 0.646569 0.353431 
 ----> peTTM 521 1 0.661173 0.338827 
 ----> peTTM 522 0 0.672413 0.327587 
 ----> peTTM 523 1 0.662699 0.337301 
 ----> peTTM 524 0 0.665368 0.334632 
 ----> peTTM 525 0 0.696163 0.303837 
 ----> peTTM 526 0 0.686982 0.313018 
 ----> peTTM 527 0 0.665414 0.334586 
 ----> peTTM 528 0 0.695444 0.304556 
 ----> peTTM 529 1 0.630062 0.369938 
 ----> peTTM 530 0 0.642797 0.357203 
 ----> peTTM 531 1 0.646588 0.353412 
 ----> peTTM 532 0 0.722815 0.277185 
 ----> peTTM 533 0 0.67718 0.32282 
 ----> peTTM 534 0 0.691868 0.308132 
 ----> peTTM 535 1 0.685274 0.314726 
 ----> peTTM 536 0 0.662107 0.337893 
 ----> peTTM 537 0 0.666559 0.333441 
 ----> peTTM 538 0 0.645386 0.354614 
 ----> peTTM 539 1 0.653983 0.346017 
 ----> peTTM 540 0 0.68396 0.31604 
 ----> peTTM 541 1 0.64275 0.35725 
 ----> peTTM 542 0 0.693898 0.306102 
 ----> peTTM 543 1 0.636779 0.363221 
 ----> peTTM 544 0 0.718889 0.281111 
 ----> peTTM 545 1 0.677645 0.322355 
 ----> peTTM 546 0 0.695123 0.304877 
 ----> peTTM 547 0 0.687194 0.312806 
 ----> peTTM 548 1 0.671322 0.328678 
 ----> peTTM 549 0 0.692215 0.307785 
 ----> peTTM 550 0 0.6751 0.3249 
 ----> peTTM 551 0 0.697341 0.302659 
 ----> peTTM 552 1 0.625326 0.374674 
 ----> peTTM 553 1 0.669836 0.330164 
 ----> peTTM 554 1 0.68796 0.31204 
 ----> peTTM 555 1 0.629473 0.370527 
 ----> peTTM 556 0 0.703044 0.296956 
 ----> peTTM 557 0 0.64403 0.35597 
 ----> peTTM 558 0 0.665733 0.334267 
 ----> peTTM 559 0 0.660564 0.339436 
 ----> peTTM 560 0 0.65334 0.34666 
 ----> peTTM 561 1 0.633219 0.366781 
 ----> peTTM 562 0 0.666728 0.333272 
 ----> peTTM 563 0 0.66726 0.33274 
 ----> peTTM 564 0 0.640385 0.359615 
 ----> peTTM 565 0 0.689755 0.310245 
 ----> peTTM 566 0 0.701879 0.298121 
 ----> peTTM 567 0 0.64554 0.35446 
 ----> peTTM 568 0 0.679742 0.320258 
 ----> peTTM 569 1 0.623724 0.376276 
 ----> peTTM 570 0 0.655139 0.344861 
 ----> peTTM 571 1 0.641187 0.358813 
 ----> peTTM 572 0 0.693661 0.306339 
 ----> peTTM 573 0 0.644507 0.355493 
 ----> peTTM 574 0 0.681603 0.318397 
 ----> peTTM 575 1 0.669626 0.330374 
 ----> peTTM 576 0 0.687973 0.312027 
 ----> peTTM 577 1 0.636677 0.363323 
 ----> peTTM 578 0 0.722278 0.277722 
 ----> peTTM 579 0 0.716076 0.283924 
 ----> peTTM 580 1 0.682471 0.317529 
 ----> peTTM 581 0 0.687837 0.312163 
 ----> peTTM 582 0 0.64375 0.35625 
 ----> peTTM 583 1 0.671123 0.328877 
 ----> peTTM 584 0 0.68478 0.31522 
 ----> peTTM 585 0 0.632824 0.367176 
 ----> peTTM 586 0 0.656372 0.343628 
 ----> peTTM 587 0 0.680087 0.319913 
 ----> peTTM 588 0 0.669431 0.330569 
 ----> peTTM 589 1 0.655609 0.344391 
 ----> peTTM 590 0 0.651575 0.348425 
 ----> peTTM 591 1 0.669781 0.330219 
 ----> peTTM 592 1 0.639704 0.360296 
 ----> peTTM 593 0 0.654123 0.345877 
 ----> peTTM 594 0 0.699506 0.300494 
 ----> peTTM 595 0 0.695258 0.304742 
 ----> peTTM 596 0 0.645615 0.354385 
 ----> peTTM 597 0 0.666346 0.333654 
 ----> peTTM 598 0 0.672114 0.327886 
 ----> peTTM 599 0 0.632147 0.367853 
 ----> peTTM 600 0 0.707371 0.292629 
 ----> peTTM 601 0 0.686705 0.313295 
 ----> peTTM 602 1 0.684881 0.315119 
 ----> peTTM 603 0 0.660175 0.339825 
 ----> peTTM 604 0 0.674069 0.325931 
 ----> peTTM 605 0 0.667442 0.332558 
 ----> peTTM 606 0 0.683415 0.316585 
 ----> peTTM 607 1 0.635713 0.364287 
 ----> peTTM 608 0 0.67011 0.32989 
 ----> peTTM 609 0 0.658665 0.341335 
 ----> peTTM 610 0 0.674903 0.325097 
 ----> peTTM 611 0 0.688487 0.311513 
 ----> peTTM 612 0 0.668708 0.331292 
 ----> peTTM 613 0 0.71902 0.28098 
 ----> peTTM 614 0 0.678819 0.321181 
 ----> peTTM 615 0 0.685271 0.314729 
 ----> peTTM 616 0 0.714524 0.285476 
 ----> peTTM 617 0 0.682957 0.317043 
 ----> peTTM 618 0 0.658382 0.341618 
 ----> peTTM 619 1 0.669941 0.330059 
 ----> peTTM 620 0 0.663094 0.336906 
 ----> peTTM 621 0 0.653184 0.346816 
 ----> peTTM 622 0 0.71907 0.28093 
 ----> peTTM 623 1 0.630058 0.369942 
 ----> peTTM 624 0 0.760377 0.239623 
 ----> peTTM 625 0 0.726158 0.273842 
 ----> peTTM 626 0 0.723324 0.276676 
 ----> peTTM 627 0 0.706621 0.293379 
 ----> peTTM 628 1 0.696745 0.303255 
 ----> peTTM 629 0 0.666442 0.333558 
 ----> peTTM 630 0 0.677338 0.322662 
 ----> peTTM 631 1 0.64464 0.35536 
 ----> peTTM 632 1 0.667704 0.332296 
 ----> peTTM 633 0 0.704922 0.295078 
 ----> peTTM 634 1 0.658168 0.341832 
 ----> peTTM 635 0 0.685133 0.314867 
 ----> peTTM 636 1 0.625245 0.374755 
 ----> peTTM 637 0 0.676262 0.323738 
 ----> peTTM 638 0 0.670292 0.329708 
 ----> peTTM 639 1 0.672992 0.327008 
 ----> peTTM 640 0 0.640322 0.359678 
 ----> peTTM 641 0 0.689566 0.310434 
 ----> peTTM 642 0 0.682162 0.317838 
 ----> peTTM 643 0 0.665795 0.334205 
 ----> peTTM 644 0 0.689019 0.310981 
 ----> peTTM 645 0 0.667331 0.332669 
 ----> peTTM 646 1 0.656984 0.343016 
 ----> peTTM 647 0 0.665244 0.334756 
 ----> peTTM 648 0 0.672073 0.327927 
 ----> peTTM 649 0 0.68148 0.31852 
 ----> peTTM 650 0 0.671841 0.328159 
 ----> peTTM 651 1 0.661089 0.338911 
 ----> peTTM 652 0 0.673508 0.326492 
 ----> peTTM 653 1 0.651585 0.348415 
 ----> peTTM 654 0 0.709037 0.290963 
 ----> peTTM 655 0 0.668058 0.331942 
 ----> peTTM 656 0 0.663928 0.336072 
 ----> peTTM 657 0 0.671914 0.328086 
 ----> peTTM 658 0 0.678718 0.321282 
 ----> peTTM 659 0 0.636642 0.363358 
 ----> peTTM 660 0 0.677494 0.322506 
 ----> peTTM 661 0 0.672545 0.327455 
 ----> peTTM 662 0 0.710601 0.289399 
 ----> peTTM 663 1 0.651364 0.348636 
 ----> peTTM 664 1 0.67322 0.32678 
 ----> peTTM 665 0 0.705733 0.294267 
 ----> peTTM 666 0 0.67868 0.32132 
 ----> peTTM 667 0 0.684688 0.315312 
 ----> peTTM 668 0 0.676372 0.323628 
 ----> peTTM 669 0 0.660894 0.339106 
 ----> peTTM 670 0 0.692313 0.307687 
 ----> peTTM 671 0 0.6989 0.3011 
 ----> peTTM 672 0 0.698686 0.301314 
 ----> peTTM 673 0 0.672016 0.327984 
 ----> peTTM 674 1 0.652391 0.347609 
 ----> peTTM 675 1 0.664317 0.335683 
 ----> peTTM 676 0 0.666201 0.333799 
 ----> peTTM 677 1 0.664728 0.335272 
 ----> peTTM 678 1 0.614849 0.385151 
 ----> peTTM 679 0 0.69505 0.30495 
 ----> peTTM 680 1 0.628634 0.371366 
 ----> peTTM 681 0 0.675367 0.324633 
 ----> peTTM 682 0 0.664355 0.335645 
 ----> peTTM 683 0 0.681658 0.318342 
 ----> peTTM 684 0 0.640139 0.359861 
 ----> peTTM 685 0 0.731523 0.268477 
 ----> peTTM 686 0 0.654869 0.345131 
 ----> peTTM 687 0 0.686572 0.313428 
 ----> peTTM 688 0 0.68472 0.31528 
 ----> peTTM 689 0 0.667041 0.332959 
 ----> peTTM 690 1 0.704236 0.295764 
 ----> peTTM 691 0 0.676242 0.323758 
 ----> peTTM 692 0 0.68153 0.31847 
 ----> peTTM 693 1 0.639307 0.360693 
 ----> peTTM 694 0 0.674074 0.325926 
 ----> peTTM 695 0 0.672853 0.327147 
 ----> peTTM 696 0 0.668145 0.331855 
 ----> peTTM 697 0 0.625965 0.374035 
 ----> peTTM 698 1 0.669861 0.330139 
 ----> peTTM 699 0 0.693104 0.306896 
 ----> peTTM 700 1 0.655032 0.344968 
 ----> peTTM 701 0 0.689036 0.310964 
 ----> peTTM 702 0 0.684577 0.315423 
 ----> peTTM 703 0 0.67141 0.32859 
 ----> peTTM 704 0 0.696164 0.303836 
 ----> peTTM 705 0 0.676532 0.323468 
 ----> peTTM 706 0 0.703773 0.296227 
 ----> peTTM 707 0 0.652631 0.347369 
 ----> peTTM 708 0 0.660829 0.339171 
 ----> peTTM 709 0 0.699214 0.300786 
 ----> peTTM 710 0 0.681327 0.318673 
 ----> peTTM 711 0 0.707644 0.292356 
 ----> peTTM 712 0 0.673946 0.326054 
 ----> peTTM 713 1 0.682581 0.317419 
 ----> peTTM 714 1 0.652674 0.347326 
 ----> peTTM 715 1 0.670939 0.329061 
 ----> peTTM 716 1 0.706516 0.293484 
 ----> peTTM 717 0 0.68052 0.31948 
 ----> peTTM 718 0 0.683325 0.316675 
