 ----> peTTM 1 1 0.655569 0.344431 
 ----> peTTM 2 0 0.658215 0.341785 
 ----> peTTM 3 1 0.65802 0.34198 
 ----> peTTM 4 1 0.657759 0.342241 
 ----> peTTM 5 1 0.657759 0.342241 
 ----> peTTM 6 1 0.680021 0.319979 
 ----> peTTM 7 0 0.678834 0.321166 
 ----> peTTM 8 0 0.676683 0.323317 
 ----> peTTM 9 0 0.648142 0.351858 
 ----> peTTM 10 1 0.667553 0.332447 
 ----> peTTM 11 1 0.637976 0.362024 
 ----> peTTM 12 0 0.633659 0.366341 
 ----> peTTM 13 0 0.658248 0.341752 
 ----> peTTM 14 1 0.678279 0.321721 
 ----> peTTM 15 1 0.692213 0.307787 
 ----> peTTM 16 1 0.660472 0.339528 
 ----> peTTM 17 1 0.654591 0.345409 
 ----> peTTM 18 0 0.66806 0.33194 
 ----> peTTM 19 0 0.665241 0.334759 
 ----> peTTM 20 0 0.607117 0.392883 
 ----> peTTM 21 1 0.582674 0.417326 
 ----> peTTM 22 0 0.708176 0.291824 
 ----> peTTM 23 0 0.620566 0.379434 
 ----> peTTM 24 0 0.62469 0.37531 
 ----> peTTM 25 0 0.679822 0.320178 
 ----> peTTM 26 1 0.644565 0.355435 
 ----> peTTM 27 1 0.639565 0.360435 
 ----> peTTM 28 1 0.670628 0.329372 
 ----> peTTM 29 0 0.675068 0.324932 
 ----> peTTM 30 0 0.656175 0.343825 
 ----> peTTM 31 0 0.634448 0.365552 
 ----> peTTM 32 0 0.680174 0.319826 
 ----> peTTM 33 0 0.67865 0.32135 
 ----> peTTM 34 0 0.661804 0.338196 
 ----> peTTM 35 1 0.613402 0.386598 
 ----> peTTM 36 0 0.675741 0.324259 
 ----> peTTM 37 0 0.671139 0.328861 
 ----> peTTM 38 0 0.666421 0.333579 
 ----> peTTM 39 0 0.671076 0.328924 
 ----> peTTM 40 1 0.638435 0.361565 
 ----> peTTM 41 1 0.642395 0.357605 
 ----> peTTM 42 1 0.625959 0.374041 
 ----> peTTM 43 0 0.654728 0.345272 
 ----> peTTM 44 1 0.649735 0.350265 
 ----> peTTM 45 1 0.651379 0.348621 
 ----> peTTM 46 0 0.728731 0.271269 
 ----> peTTM 47 1 0.676996 0.323004 
 ----> peTTM 48 1 0.678764 0.321236 
 ----> peTTM 49 1 0.645434 0.354566 
 ----> peTTM 50 1 0.658773 0.341227 
 ----> peTTM 51 0 0.643368 0.356632 
 ----> peTTM 52 1 0.665547 0.334453 
 ----> peTTM 53 0 0.658069 0.341931 
 ----> peTTM 54 0 0.665801 0.334199 
 ----> peTTM 55 0 0.646549 0.353451 
 ----> peTTM 56 1 0.627633 0.372367 
 ----> peTTM 57 1 0.649278 0.350722 
 ----> peTTM 58 0 0.668262 0.331738 
 ----> peTTM 59 1 0.666149 0.333851 
 ----> peTTM 60 0 0.672717 0.327283 
 ----> peTTM 61 0 0.655948 0.344052 
 ----> peTTM 62 0 0.666884 0.333116 
 ----> peTTM 63 1 0.653423 0.346577 
 ----> peTTM 64 1 0.662275 0.337725 
 ----> peTTM 65 0 0.655815 0.344185 
 ----> peTTM 66 0 0.672599 0.327401 
 ----> peTTM 67 1 0.588757 0.411243 
 ----> peTTM 68 1 0.686998 0.313002 
 ----> peTTM 69 0 0.706285 0.293715 
 ----> peTTM 70 1 0.647233 0.352767 
 ----> peTTM 71 1 0.629101 0.370899 
 ----> peTTM 72 1 0.679556 0.320444 
 ----> peTTM 73 0 0.62659 0.37341 
 ----> peTTM 74 0 0.693689 0.306311 
 ----> peTTM 75 0 0.693202 0.306798 
 ----> peTTM 76 1 0.688545 0.311455 
 ----> peTTM 77 0 0.686175 0.313825 
 ----> peTTM 78 1 0.65676 0.34324 
 ----> peTTM 79 0 0.686072 0.313928 
 ----> peTTM 80 1 0.668074 0.331926 
 ----> peTTM 81 1 0.645739 0.354261 
 ----> peTTM 82 1 0.667429 0.332571 
 ----> peTTM 83 1 0.658674 0.341326 
 ----> peTTM 84 1 0.653053 0.346947 
 ----> peTTM 85 0 0.610073 0.389927 
 ----> peTTM 86 0 0.690422 0.309578 
 ----> peTTM 87 1 0.658608 0.341392 
 ----> peTTM 88 1 0.679028 0.320972 
 ----> peTTM 89 1 0.608691 0.391309 
 ----> peTTM 90 1 0.685322 0.314678 
 ----> peTTM 91 1 0.668652 0.331348 
 ----> peTTM 92 0 0.665325 0.334675 
 ----> peTTM 93 0 0.634645 0.365355 
 ----> peTTM 94 1 0.650557 0.349443 
 ----> peTTM 95 0 0.657789 0.342211 
 ----> peTTM 96 0 0.683506 0.316494 
 ----> peTTM 97 1 0.654885 0.345115 
 ----> peTTM 98 1 0.681057 0.318943 
 ----> peTTM 99 1 0.687492 0.312508 
 ----> peTTM 100 0 0.687028 0.312972 
 ----> peTTM 101 1 0.621361 0.378639 
 ----> peTTM 102 0 0.647263 0.352737 
 ----> peTTM 103 0 0.623089 0.376911 
 ----> peTTM 104 0 0.699252 0.300748 
 ----> peTTM 105 1 0.613892 0.386108 
 ----> peTTM 106 0 0.637405 0.362595 
 ----> peTTM 107 0 0.642319 0.357681 
 ----> peTTM 108 0 0.662557 0.337443 
 ----> peTTM 109 0 0.655291 0.344709 
 ----> peTTM 110 1 0.659675 0.340325 
 ----> peTTM 111 0 0.662311 0.337689 
 ----> peTTM 112 0 0.660595 0.339405 
 ----> peTTM 113 1 0.608995 0.391005 
 ----> peTTM 114 1 0.683082 0.316918 
 ----> peTTM 115 0 0.678899 0.321101 
 ----> peTTM 116 0 0.709915 0.290085 
 ----> peTTM 117 1 0.552139 0.447861 
 ----> peTTM 118 1 0.635612 0.364388 
 ----> peTTM 119 1 0.663999 0.336001 
 ----> peTTM 120 0 0.67092 0.32908 
 ----> peTTM 121 0 0.64504 0.35496 
 ----> peTTM 122 1 0.647102 0.352898 
 ----> peTTM 123 1 0.630707 0.369293 
 ----> peTTM 124 0 0.653318 0.346682 
 ----> peTTM 125 1 0.635855 0.364145 
 ----> peTTM 126 0 0.715408 0.284592 
 ----> peTTM 127 0 0.710962 0.289038 
 ----> peTTM 128 0 0.69046 0.30954 
 ----> peTTM 129 1 0.658774 0.341226 
 ----> peTTM 130 0 0.649389 0.350611 
 ----> peTTM 131 0 0.657794 0.342206 
 ----> peTTM 132 0 0.678863 0.321137 
 ----> peTTM 133 1 0.594761 0.405239 
 ----> peTTM 134 1 0.679815 0.320185 
 ----> peTTM 135 1 0.665985 0.334015 
 ----> peTTM 136 0 0.750862 0.249138 
 ----> peTTM 137 1 0.678469 0.321531 
 ----> peTTM 138 0 0.673037 0.326963 
 ----> peTTM 139 0 0.661834 0.338166 
 ----> peTTM 140 1 0.649427 0.350573 
 ----> peTTM 141 0 0.679047 0.320953 
 ----> peTTM 142 1 0.629686 0.370314 
 ----> peTTM 143 0 0.683815 0.316185 
 ----> peTTM 144 1 0.649663 0.350337 
 ----> peTTM 145 0 0.605036 0.394964 
 ----> peTTM 146 0 0.725481 0.274519 
 ----> peTTM 147 0 0.689758 0.310242 
 ----> peTTM 148 0 0.711454 0.288546 
 ----> peTTM 149 1 0.586307 0.413693 
 ----> peTTM 150 1 0.661128 0.338872 
 ----> peTTM 151 1 0.660802 0.339198 
 ----> peTTM 152 0 0.671762 0.328238 
 ----> peTTM 153 0 0.661832 0.338168 
 ----> peTTM 154 0 0.681646 0.318354 
 ----> peTTM 155 1 0.636941 0.363059 
 ----> peTTM 156 1 0.618904 0.381096 
 ----> peTTM 157 1 0.670127 0.329873 
 ----> peTTM 158 0 0.67602 0.32398 
 ----> peTTM 159 1 0.656676 0.343324 
 ----> peTTM 160 0 0.670765 0.329235 
 ----> peTTM 161 0 0.654132 0.345868 
 ----> peTTM 162 1 0.708276 0.291724 
 ----> peTTM 163 1 0.633015 0.366985 
 ----> peTTM 164 1 0.652062 0.347938 
 ----> peTTM 165 1 0.657386 0.342614 
 ----> peTTM 166 0 0.696173 0.303827 
 ----> peTTM 167 1 0.668631 0.331369 
 ----> peTTM 168 0 0.676694 0.323306 
 ----> peTTM 169 0 0.669672 0.330328 
 ----> peTTM 170 1 0.647953 0.352047 
 ----> peTTM 171 1 0.634211 0.365789 
 ----> peTTM 172 0 0.686122 0.313878 
 ----> peTTM 173 1 0.648967 0.351033 
 ----> peTTM 174 0 0.662742 0.337258 
 ----> peTTM 175 1 0.657699 0.342301 
 ----> peTTM 176 0 0.67017 0.32983 
 ----> peTTM 177 0 0.660308 0.339692 
 ----> peTTM 178 1 0.63656 0.36344 
 ----> peTTM 179 0 0.63826 0.36174 
 ----> peTTM 180 0 0.667053 0.332947 
 ----> peTTM 181 0 0.702753 0.297247 
 ----> peTTM 182 0 0.642022 0.357978 
 ----> peTTM 183 1 0.606776 0.393224 
 ----> peTTM 184 1 0.684071 0.315929 
 ----> peTTM 185 0 0.644543 0.355457 
 ----> peTTM 186 0 0.716036 0.283964 
 ----> peTTM 187 0 0.693094 0.306906 
 ----> peTTM 188 1 0.633327 0.366673 
 ----> peTTM 189 1 0.645353 0.354647 
 ----> peTTM 190 0 0.67258 0.32742 
 ----> peTTM 191 0 0.657729 0.342271 
 ----> peTTM 192 1 0.661659 0.338341 
 ----> peTTM 193 0 0.742163 0.257837 
 ----> peTTM 194 0 0.65228 0.34772 
 ----> peTTM 195 0 0.634502 0.365498 
 ----> peTTM 196 1 0.607515 0.392485 
 ----> peTTM 197 0 0.70347 0.29653 
 ----> peTTM 198 0 0.694406 0.305594 
 ----> peTTM 199 0 0.68874 0.31126 
 ----> peTTM 200 0 0.676043 0.323957 
 ----> peTTM 201 0 0.680794 0.319206 
 ----> peTTM 202 0 0.684518 0.315482 
 ----> peTTM 203 1 0.644021 0.355979 
 ----> peTTM 204 1 0.660387 0.339613 
 ----> peTTM 205 0 0.657886 0.342114 
 ----> peTTM 206 1 0.634308 0.365692 
 ----> peTTM 207 1 0.630676 0.369324 
 ----> peTTM 208 0 0.659203 0.340797 
 ----> peTTM 209 0 0.635661 0.364339 
 ----> peTTM 210 0 0.690828 0.309172 
 ----> peTTM 211 0 0.728418 0.271582 
 ----> peTTM 212 0 0.69606 0.30394 
 ----> peTTM 213 1 0.635733 0.364267 
 ----> peTTM 214 0 0.68243 0.31757 
 ----> peTTM 215 1 0.646635 0.353365 
 ----> peTTM 216 0 0.664427 0.335573 
 ----> peTTM 217 1 0.645829 0.354171 
 ----> peTTM 218 0 0.687154 0.312846 
 ----> peTTM 219 0 0.716481 0.283519 
 ----> peTTM 220 0 0.660648 0.339352 
 ----> peTTM 221 0 0.682785 0.317215 
 ----> peTTM 222 1 0.646363 0.353637 
 ----> peTTM 223 1 0.653783 0.346217 
 ----> peTTM 224 0 0.629542 0.370458 
 ----> peTTM 225 1 0.671942 0.328058 
 ----> peTTM 226 1 0.661673 0.338327 
 ----> peTTM 227 0 0.656721 0.343279 
 ----> peTTM 228 0 0.645138 0.354862 
 ----> peTTM 229 0 0.645951 0.354049 
 ----> peTTM 230 0 0.665373 0.334627 
 ----> peTTM 231 0 0.675807 0.324193 
 ----> peTTM 232 1 0.662436 0.337564 
 ----> peTTM 233 0 0.659007 0.340993 
 ----> peTTM 234 0 0.61835 0.38165 
 ----> peTTM 235 0 0.680587 0.319413 
 ----> peTTM 236 1 0.633617 0.366383 
 ----> peTTM 237 0 0.652377 0.347623 
 ----> peTTM 238 0 0.618638 0.381362 
 ----> peTTM 239 0 0.685335 0.314665 
 ----> peTTM 240 1 0.640973 0.359027 
 ----> peTTM 241 0 0.719247 0.280753 
 ----> peTTM 242 1 0.668282 0.331718 
 ----> peTTM 243 0 0.723823 0.276177 
 ----> peTTM 244 1 0.624727 0.375273 
 ----> peTTM 245 1 0.643481 0.356519 
 ----> peTTM 246 0 0.670468 0.329532 
 ----> peTTM 247 0 0.676904 0.323096 
 ----> peTTM 248 1 0.629488 0.370512 
 ----> peTTM 249 1 0.618819 0.381181 
 ----> peTTM 250 0 0.743491 0.256509 
 ----> peTTM 251 0 0.763549 0.236451 
 ----> peTTM 252 0 0.652927 0.347073 
 ----> peTTM 253 1 0.613062 0.386938 
 ----> peTTM 254 0 0.670834 0.329166 
 ----> peTTM 255 1 0.665838 0.334162 
 ----> peTTM 256 0 0.686189 0.313811 
 ----> peTTM 257 0 0.667394 0.332606 
 ----> peTTM 258 0 0.691816 0.308184 
 ----> peTTM 259 0 0.650183 0.349817 
 ----> peTTM 260 1 0.671835 0.328165 
 ----> peTTM 261 1 0.646582 0.353418 
 ----> peTTM 262 0 0.702728 0.297272 
 ----> peTTM 263 1 0.6519 0.3481 
 ----> peTTM 264 1 0.614191 0.385809 
 ----> peTTM 265 1 0.613475 0.386525 
 ----> peTTM 266 0 0.727824 0.272176 
 ----> peTTM 267 0 0.628352 0.371648 
 ----> peTTM 268 0 0.619872 0.380128 
 ----> peTTM 269 0 0.680822 0.319178 
 ----> peTTM 270 1 0.629459 0.370541 
 ----> peTTM 271 1 0.607616 0.392384 
 ----> peTTM 272 0 0.711099 0.288901 
 ----> peTTM 273 0 0.711646 0.288354 
 ----> peTTM 274 1 0.644585 0.355415 
 ----> peTTM 275 1 0.624552 0.375448 
 ----> peTTM 276 0 0.697185 0.302815 
 ----> peTTM 277 0 0.686313 0.313687 
 ----> peTTM 278 0 0.669126 0.330874 
 ----> peTTM 279 1 0.611001 0.388999 
 ----> peTTM 280 1 0.674143 0.325857 
 ----> peTTM 281 0 0.675036 0.324964 
 ----> peTTM 282 1 0.632437 0.367563 
 ----> peTTM 283 1 0.670488 0.329512 
 ----> peTTM 284 1 0.646036 0.353964 
 ----> peTTM 285 0 0.639021 0.360979 
 ----> peTTM 286 0 0.713554 0.286446 
 ----> peTTM 287 0 0.649029 0.350971 
 ----> peTTM 288 1 0.60707 0.39293 
 ----> peTTM 289 0 0.674511 0.325489 
 ----> peTTM 290 0 0.659116 0.340884 
 ----> peTTM 291 1 0.623419 0.376581 
 ----> peTTM 292 0 0.679236 0.320764 
 ----> peTTM 293 1 0.622762 0.377238 
 ----> peTTM 294 1 0.691468 0.308532 
 ----> peTTM 295 0 0.660481 0.339519 
 ----> peTTM 296 0 0.651568 0.348432 
 ----> peTTM 297 0 0.692269 0.307731 
 ----> peTTM 298 1 0.613462 0.386538 
 ----> peTTM 299 0 0.654559 0.345441 
 ----> peTTM 300 0 0.679572 0.320428 
 ----> peTTM 301 0 0.667334 0.332666 
 ----> peTTM 302 0 0.674202 0.325798 
 ----> peTTM 303 0 0.666879 0.333121 
 ----> peTTM 304 0 0.672219 0.327781 
 ----> peTTM 305 0 0.702357 0.297643 
 ----> peTTM 306 0 0.698893 0.301107 
 ----> peTTM 307 1 0.585129 0.414871 
 ----> peTTM 308 0 0.679649 0.320351 
 ----> peTTM 309 1 0.607707 0.392293 
 ----> peTTM 310 0 0.704544 0.295456 
 ----> peTTM 311 0 0.660129 0.339871 
 ----> peTTM 312 0 0.686852 0.313148 
 ----> peTTM 313 1 0.623642 0.376358 
 ----> peTTM 314 0 0.658848 0.341152 
 ----> peTTM 315 0 0.632231 0.367769 
 ----> peTTM 316 0 0.713642 0.286358 
 ----> peTTM 317 0 0.663987 0.336013 
 ----> peTTM 318 0 0.681801 0.318199 
 ----> peTTM 319 0 0.637034 0.362966 
 ----> peTTM 320 0 0.672222 0.327778 
 ----> peTTM 321 1 0.67738 0.32262 
 ----> peTTM 322 1 0.59594 0.40406 
 ----> peTTM 323 0 0.671894 0.328106 
 ----> peTTM 324 0 0.686841 0.313159 
 ----> peTTM 325 0 0.684975 0.315025 
 ----> peTTM 326 1 0.633621 0.366379 
 ----> peTTM 327 1 0.64778 0.35222 
 ----> peTTM 328 0 0.665699 0.334301 
 ----> peTTM 329 0 0.69011 0.30989 
 ----> peTTM 330 0 0.7135 0.2865 
 ----> peTTM 331 0 0.674592 0.325408 
 ----> peTTM 332 0 0.701282 0.298718 
 ----> peTTM 333 1 0.635322 0.364678 
 ----> peTTM 334 1 0.627937 0.372063 
 ----> peTTM 335 0 0.721501 0.278499 
 ----> peTTM 336 1 0.624647 0.375353 
 ----> peTTM 337 1 0.613494 0.386506 
 ----> peTTM 338 1 0.687486 0.312514 
 ----> peTTM 339 0 0.67881 0.32119 
 ----> peTTM 340 0 0.6681 0.3319 
 ----> peTTM 341 1 0.702306 0.297694 
 ----> peTTM 342 1 0.642739 0.357261 
 ----> peTTM 343 0 0.620023 0.379977 
 ----> peTTM 344 0 0.646713 0.353287 
 ----> peTTM 345 0 0.701229 0.298771 
 ----> peTTM 346 0 0.660929 0.339071 
 ----> peTTM 347 1 0.705827 0.294173 
 ----> peTTM 348 0 0.636943 0.363057 
 ----> peTTM 349 0 0.71496 0.28504 
 ----> peTTM 350 1 0.681976 0.318024 
 ----> peTTM 351 0 0.684508 0.315492 
 ----> peTTM 352 0 0.65167 0.34833 
 ----> peTTM 353 0 0.651436 0.348564 
 ----> peTTM 354 0 0.651267 0.348733 
 ----> peTTM 355 0 0.706713 0.293287 
 ----> peTTM 356 0 0.666305 0.333695 
 ----> peTTM 357 1 0.64299 0.35701 
 ----> peTTM 358 0 0.659911 0.340089 
 ----> peTTM 359 0 0.665935 0.334065 
 ----> peTTM 360 0 0.644506 0.355494 
 ----> peTTM 361 0 0.664953 0.335047 
 ----> peTTM 362 1 0.677976 0.322024 
 ----> peTTM 363 0 0.725792 0.274208 
 ----> peTTM 364 0 0.674968 0.325032 
 ----> peTTM 365 0 0.65781 0.34219 
 ----> peTTM 366 1 0.645559 0.354441 
 ----> peTTM 367 0 0.68114 0.31886 
 ----> peTTM 368 0 0.684174 0.315826 
 ----> peTTM 369 0 0.742876 0.257124 
 ----> peTTM 370 1 0.674691 0.325309 
 ----> peTTM 371 0 0.67823 0.32177 
 ----> peTTM 372 0 0.6672 0.3328 
 ----> peTTM 373 0 0.681684 0.318316 
 ----> peTTM 374 0 0.608889 0.391111 
 ----> peTTM 375 1 0.684094 0.315906 
 ----> peTTM 376 0 0.660338 0.339662 
 ----> peTTM 377 0 0.699337 0.300663 
 ----> peTTM 378 1 0.577607 0.422393 
 ----> peTTM 379 0 0.680992 0.319008 
 ----> peTTM 380 0 0.661934 0.338066 
 ----> peTTM 381 0 0.697123 0.302877 
 ----> peTTM 382 0 0.685375 0.314625 
 ----> peTTM 383 0 0.699171 0.300829 
 ----> peTTM 384 0 0.68547 0.31453 
 ----> peTTM 385 1 0.622831 0.377169 
 ----> peTTM 386 0 0.664448 0.335552 
 ----> peTTM 387 1 0.654523 0.345477 
 ----> peTTM 388 1 0.662248 0.337752 
 ----> peTTM 389 0 0.658947 0.341053 
 ----> peTTM 390 0 0.675361 0.324639 
 ----> peTTM 391 0 0.65823 0.34177 
 ----> peTTM 392 1 0.627082 0.372918 
 ----> peTTM 393 1 0.628227 0.371773 
 ----> peTTM 394 0 0.679568 0.320432 
 ----> peTTM 395 0 0.697496 0.302504 
 ----> peTTM 396 0 0.729356 0.270644 
 ----> peTTM 397 0 0.709341 0.290659 
 ----> peTTM 398 1 0.614659 0.385341 
 ----> peTTM 399 1 0.668494 0.331506 
 ----> peTTM 400 1 0.664406 0.335594 
 ----> peTTM 401 0 0.676535 0.323465 
 ----> peTTM 402 0 0.643182 0.356818 
 ----> peTTM 403 0 0.65568 0.34432 
 ----> peTTM 404 0 0.676142 0.323858 
 ----> peTTM 405 0 0.6689 0.3311 
 ----> peTTM 406 1 0.663812 0.336188 
 ----> peTTM 407 1 0.604526 0.395474 
 ----> peTTM 408 0 0.690592 0.309408 
 ----> peTTM 409 1 0.655683 0.344317 
 ----> peTTM 410 0 0.662339 0.337661 
 ----> peTTM 411 0 0.642376 0.357624 
 ----> peTTM 412 1 0.628739 0.371261 
 ----> peTTM 413 1 0.667005 0.332995 
 ----> peTTM 414 0 0.679355 0.320645 
 ----> peTTM 415 1 0.678208 0.321792 
 ----> peTTM 416 0 0.631097 0.368903 
 ----> peTTM 417 0 0.701955 0.298045 
 ----> peTTM 418 1 0.637814 0.362186 
 ----> peTTM 419 0 0.66723 0.33277 
 ----> peTTM 420 0 0.669229 0.330771 
 ----> peTTM 421 0 0.666829 0.333171 
 ----> peTTM 422 0 0.661269 0.338731 
 ----> peTTM 423 0 0.660627 0.339373 
 ----> peTTM 424 0 0.692633 0.307367 
 ----> peTTM 425 0 0.698654 0.301346 
 ----> peTTM 426 1 0.645824 0.354176 
 ----> peTTM 427 0 0.648994 0.351006 
 ----> peTTM 428 0 0.654291 0.345709 
 ----> peTTM 429 0 0.698726 0.301274 
 ----> peTTM 430 0 0.667691 0.332309 
 ----> peTTM 431 0 0.616646 0.383354 
 ----> peTTM 432 0 0.623471 0.376529 
 ----> peTTM 433 0 0.686761 0.313239 
 ----> peTTM 434 0 0.673589 0.326411 
 ----> peTTM 435 1 0.632382 0.367618 
 ----> peTTM 436 0 0.659274 0.340726 
 ----> peTTM 437 0 0.642098 0.357902 
 ----> peTTM 438 0 0.669465 0.330535 
 ----> peTTM 439 0 0.683317 0.316683 
 ----> peTTM 440 0 0.691888 0.308112 
 ----> peTTM 441 0 0.66447 0.33553 
 ----> peTTM 442 0 0.677147 0.322853 
 ----> peTTM 443 0 0.683459 0.316541 
 ----> peTTM 444 0 0.672962 0.327038 
 ----> peTTM 445 1 0.614288 0.385712 
 ----> peTTM 446 0 0.676537 0.323463 
 ----> peTTM 447 0 0.676057 0.323943 
 ----> peTTM 448 0 0.655337 0.344663 
 ----> peTTM 449 0 0.676474 0.323526 
 ----> peTTM 450 0 0.685855 0.314145 
 ----> peTTM 451 0 0.711747 0.288253 
 ----> peTTM 452 0 0.634622 0.365378 
 ----> peTTM 453 0 0.666728 0.333272 
 ----> peTTM 454 1 0.632953 0.367047 
 ----> peTTM 455 0 0.699077 0.300923 
 ----> peTTM 456 0 0.681665 0.318335 
 ----> peTTM 457 0 0.650722 0.349278 
 ----> peTTM 458 1 0.642557 0.357443 
 ----> peTTM 459 0 0.673859 0.326141 
 ----> peTTM 460 0 0.65672 0.34328 
 ----> peTTM 461 1 0.686921 0.313079 
 ----> peTTM 462 0 0.651896 0.348104 
 ----> peTTM 463 0 0.675163 0.324837 
 ----> peTTM 464 0 0.694928 0.305072 
 ----> peTTM 465 0 0.666781 0.333219 
 ----> peTTM 466 0 0.688883 0.311117 
 ----> peTTM 467 1 0.657112 0.342888 
 ----> peTTM 468 0 0.666263 0.333737 
 ----> peTTM 469 0 0.639594 0.360406 
 ----> peTTM 470 1 0.654101 0.345899 
 ----> peTTM 471 1 0.651589 0.348411 
 ----> peTTM 472 0 0.656695 0.343305 
 ----> peTTM 473 1 0.599569 0.400431 
 ----> peTTM 474 0 0.722423 0.277577 
 ----> peTTM 475 0 0.663629 0.336371 
 ----> peTTM 476 0 0.76876 0.23124 
 ----> peTTM 477 1 0.519447 0.480553 
 ----> peTTM 478 0 0.670803 0.329197 
 ----> peTTM 479 1 0.672496 0.327504 
 ----> peTTM 480 0 0.687504 0.312496 
 ----> peTTM 481 0 0.680216 0.319784 
 ----> peTTM 482 0 0.676249 0.323751 
 ----> peTTM 483 1 0.606247 0.393753 
 ----> peTTM 484 0 0.679136 0.320864 
 ----> peTTM 485 0 0.644613 0.355387 
 ----> peTTM 486 0 0.703189 0.296811 
 ----> peTTM 487 0 0.672026 0.327974 
 ----> peTTM 488 1 0.699582 0.300418 
 ----> peTTM 489 1 0.664943 0.335057 
 ----> peTTM 490 0 0.66492 0.33508 
 ----> peTTM 491 1 0.642865 0.357135 
 ----> peTTM 492 0 0.679322 0.320678 
 ----> peTTM 493 0 0.665578 0.334422 
 ----> peTTM 494 0 0.671588 0.328412 
 ----> peTTM 495 1 0.602678 0.397322 
 ----> peTTM 496 0 0.692458 0.307542 
 ----> peTTM 497 0 0.719676 0.280324 
 ----> peTTM 498 0 0.646451 0.353549 
 ----> peTTM 499 1 0.610112 0.389888 
 ----> peTTM 500 1 0.720343 0.279657 
 ----> peTTM 501 0 0.688464 0.311536 
 ----> peTTM 502 0 0.732786 0.267214 
 ----> peTTM 503 0 0.658858 0.341142 
 ----> peTTM 504 0 0.692376 0.307624 
 ----> peTTM 505 0 0.669622 0.330378 
 ----> peTTM 506 0 0.655395 0.344605 
 ----> peTTM 507 0 0.649168 0.350832 
 ----> peTTM 508 1 0.649144 0.350856 
 ----> peTTM 509 1 0.665173 0.334827 
 ----> peTTM 510 0 0.707372 0.292628 
 ----> peTTM 511 0 0.692928 0.307072 
 ----> peTTM 512 0 0.683401 0.316599 
 ----> peTTM 513 0 0.63807 0.36193 
 ----> peTTM 514 1 0.68714 0.31286 
 ----> peTTM 515 0 0.64363 0.35637 
 ----> peTTM 516 0 0.693537 0.306463 
 ----> peTTM 517 1 0.61908 0.38092 
 ----> peTTM 518 0 0.715982 0.284018 
 ----> peTTM 519 0 0.672919 0.327081 
 ----> peTTM 520 1 0.622347 0.377653 
 ----> peTTM 521 1 0.638638 0.361362 
 ----> peTTM 522 0 0.69852 0.30148 
 ----> peTTM 523 1 0.655088 0.344912 
 ----> peTTM 524 0 0.685823 0.314177 
 ----> peTTM 525 0 0.65377 0.34623 
 ----> peTTM 526 0 0.684292 0.315708 
 ----> peTTM 527 0 0.658733 0.341267 
 ----> peTTM 528 0 0.675235 0.324765 
 ----> peTTM 529 1 0.606442 0.393558 
 ----> peTTM 530 0 0.68075 0.31925 
 ----> peTTM 531 1 0.637256 0.362744 
 ----> peTTM 532 0 0.671086 0.328914 
 ----> peTTM 533 0 0.628874 0.371126 
 ----> peTTM 534 0 0.667729 0.332271 
 ----> peTTM 535 1 0.596356 0.403644 
 ----> peTTM 536 0 0.691168 0.308832 
 ----> peTTM 537 0 0.681134 0.318866 
 ----> peTTM 538 0 0.669163 0.330837 
 ----> peTTM 539 1 0.6237 0.3763 
 ----> peTTM 540 0 0.640131 0.359869 
 ----> peTTM 541 1 0.673788 0.326212 
 ----> peTTM 542 0 0.690511 0.309489 
 ----> peTTM 543 1 0.629304 0.370696 
 ----> peTTM 544 0 0.649169 0.350831 
 ----> peTTM 545 1 0.64428 0.35572 
 ----> peTTM 546 0 0.685814 0.314186 
 ----> peTTM 547 0 0.641189 0.358811 
 ----> peTTM 548 1 0.641374 0.358626 
 ----> peTTM 549 0 0.634836 0.365164 
 ----> peTTM 550 0 0.672243 0.327757 
 ----> peTTM 551 0 0.681237 0.318763 
 ----> peTTM 552 1 0.636859 0.363141 
 ----> peTTM 553 1 0.669389 0.330611 
 ----> peTTM 554 1 0.6024 0.3976 
 ----> peTTM 555 1 0.655649 0.344351 
 ----> peTTM 556 0 0.685659 0.314341 
 ----> peTTM 557 0 0.670358 0.329642 
 ----> peTTM 558 0 0.66184 0.33816 
 ----> peTTM 559 0 0.673997 0.326003 
 ----> peTTM 560 0 0.698348 0.301652 
 ----> peTTM 561 1 0.58638 0.41362 
 ----> peTTM 562 0 0.669462 0.330538 
 ----> peTTM 563 0 0.685111 0.314889 
 ----> peTTM 564 0 0.697353 0.302647 
 ----> peTTM 565 0 0.697636 0.302364 
 ----> peTTM 566 0 0.68431 0.31569 
 ----> peTTM 567 0 0.676787 0.323213 
 ----> peTTM 568 0 0.699832 0.300168 
 ----> peTTM 569 1 0.640655 0.359345 
 ----> peTTM 570 0 0.702459 0.297541 
 ----> peTTM 571 1 0.666783 0.333217 
 ----> peTTM 572 0 0.672403 0.327597 
 ----> peTTM 573 0 0.654207 0.345793 
 ----> peTTM 574 0 0.693604 0.306396 
 ----> peTTM 575 1 0.631066 0.368934 
 ----> peTTM 576 0 0.677744 0.322256 
 ----> peTTM 577 1 0.654294 0.345706 
 ----> peTTM 578 0 0.677793 0.322207 
 ----> peTTM 579 0 0.682084 0.317916 
 ----> peTTM 580 1 0.658452 0.341548 
 ----> peTTM 581 0 0.669534 0.330466 
 ----> peTTM 582 0 0.648909 0.351091 
 ----> peTTM 583 1 0.641312 0.358688 
 ----> peTTM 584 0 0.678478 0.321522 
 ----> peTTM 585 0 0.685971 0.314029 
 ----> peTTM 586 0 0.66054 0.33946 
 ----> peTTM 587 0 0.630248 0.369752 
 ----> peTTM 588 0 0.634815 0.365185 
 ----> peTTM 589 1 0.654945 0.345055 
 ----> peTTM 590 0 0.681388 0.318612 
 ----> peTTM 591 1 0.68217 0.31783 
 ----> peTTM 592 1 0.647499 0.352501 
 ----> peTTM 593 0 0.685259 0.314741 
 ----> peTTM 594 0 0.706802 0.293198 
 ----> peTTM 595 0 0.688393 0.311607 
 ----> peTTM 596 0 0.638432 0.361568 
 ----> peTTM 597 0 0.687975 0.312025 
 ----> peTTM 598 0 0.652883 0.347117 
 ----> peTTM 599 0 0.647538 0.352462 
 ----> peTTM 600 0 0.671454 0.328546 
 ----> peTTM 601 0 0.669053 0.330947 
 ----> peTTM 602 1 0.655861 0.344139 
 ----> peTTM 603 0 0.690642 0.309358 
 ----> peTTM 604 0 0.743305 0.256695 
 ----> peTTM 605 0 0.677589 0.322411 
 ----> peTTM 606 0 0.687755 0.312245 
 ----> peTTM 607 1 0.660493 0.339507 
 ----> peTTM 608 0 0.630608 0.369392 
 ----> peTTM 609 0 0.658153 0.341847 
 ----> peTTM 610 0 0.680315 0.319685 
 ----> peTTM 611 0 0.673762 0.326238 
 ----> peTTM 612 0 0.697056 0.302944 
 ----> peTTM 613 0 0.697458 0.302542 
 ----> peTTM 614 0 0.664351 0.335649 
 ----> peTTM 615 0 0.686426 0.313574 
 ----> peTTM 616 0 0.701545 0.298455 
 ----> peTTM 617 0 0.651549 0.348451 
 ----> peTTM 618 0 0.683523 0.316477 
 ----> peTTM 619 1 0.642098 0.357902 
 ----> peTTM 620 0 0.663366 0.336634 
 ----> peTTM 621 0 0.666533 0.333467 
 ----> peTTM 622 0 0.73141 0.26859 
 ----> peTTM 623 1 0.673185 0.326815 
 ----> peTTM 624 0 0.754091 0.245909 
 ----> peTTM 625 0 0.64511 0.35489 
 ----> peTTM 626 0 0.657714 0.342286 
 ----> peTTM 627 0 0.6716 0.3284 
 ----> peTTM 628 1 0.626888 0.373112 
 ----> peTTM 629 0 0.630778 0.369222 
 ----> peTTM 630 0 0.676635 0.323365 
 ----> peTTM 631 1 0.629401 0.370599 
 ----> peTTM 632 1 0.683873 0.316127 
 ----> peTTM 633 0 0.669842 0.330158 
 ----> peTTM 634 1 0.636877 0.363123 
 ----> peTTM 635 0 0.685896 0.314104 
 ----> peTTM 636 1 0.667653 0.332347 
 ----> peTTM 637 0 0.658035 0.341965 
 ----> peTTM 638 0 0.699214 0.300786 
 ----> peTTM 639 1 0.658384 0.341616 
 ----> peTTM 640 0 0.680907 0.319093 
 ----> peTTM 641 0 0.663033 0.336967 
 ----> peTTM 642 0 0.686088 0.313912 
 ----> peTTM 643 0 0.657314 0.342686 
 ----> peTTM 644 0 0.677103 0.322897 
 ----> peTTM 645 0 0.679384 0.320616 
 ----> peTTM 646 1 0.665639 0.334361 
 ----> peTTM 647 0 0.655067 0.344933 
 ----> peTTM 648 0 0.663307 0.336693 
 ----> peTTM 649 0 0.668352 0.331648 
 ----> peTTM 650 0 0.677432 0.322568 
 ----> peTTM 651 1 0.663846 0.336154 
 ----> peTTM 652 0 0.675585 0.324415 
 ----> peTTM 653 1 0.642603 0.357397 
 ----> peTTM 654 0 0.675884 0.324116 
 ----> peTTM 655 0 0.650707 0.349293 
 ----> peTTM 656 0 0.658261 0.341739 
 ----> peTTM 657 0 0.617157 0.382843 
 ----> peTTM 658 0 0.699091 0.300909 
 ----> peTTM 659 0 0.70783 0.29217 
 ----> peTTM 660 0 0.728807 0.271193 
 ----> peTTM 661 0 0.689125 0.310875 
 ----> peTTM 662 0 0.68387 0.31613 
 ----> peTTM 663 1 0.641902 0.358098 
 ----> peTTM 664 1 0.668832 0.331168 
 ----> peTTM 665 0 0.637189 0.362811 
 ----> peTTM 666 0 0.667535 0.332465 
 ----> peTTM 667 0 0.650615 0.349385 
 ----> peTTM 668 0 0.673552 0.326448 
 ----> peTTM 669 0 0.657574 0.342426 
 ----> peTTM 670 0 0.677022 0.322978 
 ----> peTTM 671 0 0.635792 0.364208 
 ----> peTTM 672 0 0.618629 0.381371 
 ----> peTTM 673 0 0.689582 0.310418 
 ----> peTTM 674 1 0.627548 0.372452 
 ----> peTTM 675 1 0.65843 0.34157 
 ----> peTTM 676 0 0.644576 0.355424 
 ----> peTTM 677 1 0.63786 0.36214 
 ----> peTTM 678 1 0.616228 0.383772 
 ----> peTTM 679 0 0.69686 0.30314 
 ----> peTTM 680 1 0.646211 0.353789 
 ----> peTTM 681 0 0.659176 0.340824 
 ----> peTTM 682 0 0.698017 0.301983 
 ----> peTTM 683 0 0.59908 0.40092 
 ----> peTTM 684 0 0.695593 0.304407 
 ----> peTTM 685 0 0.665462 0.334538 
 ----> peTTM 686 0 0.718253 0.281747 
 ----> peTTM 687 0 0.640702 0.359298 
 ----> peTTM 688 0 0.670643 0.329357 
 ----> peTTM 689 0 0.677289 0.322711 
 ----> peTTM 690 1 0.697473 0.302527 
 ----> peTTM 691 0 0.648469 0.351531 
 ----> peTTM 692 0 0.638533 0.361467 
 ----> peTTM 693 1 0.634722 0.365278 
 ----> peTTM 694 0 0.666158 0.333842 
 ----> peTTM 695 0 0.698522 0.301478 
 ----> peTTM 696 0 0.653412 0.346588 
 ----> peTTM 697 0 0.670458 0.329542 
 ----> peTTM 698 1 0.653384 0.346616 
 ----> peTTM 699 0 0.65431 0.34569 
 ----> peTTM 700 1 0.652769 0.347231 
 ----> peTTM 701 0 0.651158 0.348842 
 ----> peTTM 702 0 0.676847 0.323153 
 ----> peTTM 703 0 0.652348 0.347652 
 ----> peTTM 704 0 0.706845 0.293155 
 ----> peTTM 705 0 0.67872 0.32128 
 ----> peTTM 706 0 0.682289 0.317711 
 ----> peTTM 707 0 0.679358 0.320642 
 ----> peTTM 708 0 0.683904 0.316096 
 ----> peTTM 709 0 0.666138 0.333862 
 ----> peTTM 710 0 0.67286 0.32714 
 ----> peTTM 711 0 0.678638 0.321362 
 ----> peTTM 712 0 0.696332 0.303668 
 ----> peTTM 713 1 0.669154 0.330846 
 ----> peTTM 714 1 0.659409 0.340591 
 ----> peTTM 715 1 0.653684 0.346316 
 ----> peTTM 716 1 0.647108 0.352892 
 ----> peTTM 717 0 0.67103 0.32897 
 ----> peTTM 718 0 0.610375 0.389625 
