 ----> peTTM 1 1 0 0 
 ----> peTTM 2 0 0.664265 0.335735 
 ----> peTTM 3 1 0.636994 0.363006 
 ----> peTTM 4 1 0.69942 0.30058 
 ----> peTTM 5 1 0.666827 0.333173 
 ----> peTTM 6 1 0.634918 0.365082 
 ----> peTTM 7 0 0.657942 0.342058 
 ----> peTTM 8 0 0.609311 0.390689 
 ----> peTTM 9 0 0.667533 0.332467 
 ----> peTTM 10 1 0.666339 0.333661 
 ----> peTTM 11 1 0.618884 0.381116 
 ----> peTTM 12 0 0.654992 0.345008 
 ----> peTTM 13 0 0.705705 0.294295 
 ----> peTTM 14 1 0.64681 0.35319 
 ----> peTTM 15 1 0.626918 0.373082 
 ----> peTTM 16 1 0.65258 0.34742 
 ----> peTTM 17 1 0.669279 0.330721 
 ----> peTTM 18 0 0.632609 0.367391 
 ----> peTTM 19 0 0.643558 0.356442 
 ----> peTTM 20 0 0.608119 0.391881 
 ----> peTTM 21 1 0.587835 0.412165 
 ----> peTTM 22 0 0.661209 0.338791 
 ----> peTTM 23 0 0.672443 0.327557 
 ----> peTTM 24 0 0.658054 0.341946 
 ----> peTTM 25 0 0.638758 0.361242 
 ----> peTTM 26 1 0.650074 0.349926 
 ----> peTTM 27 1 0.663117 0.336883 
 ----> peTTM 28 1 0.648327 0.351673 
 ----> peTTM 29 0 0.652759 0.347241 
 ----> peTTM 30 0 0.626589 0.373411 
 ----> peTTM 31 0 0.628162 0.371838 
 ----> peTTM 32 0 0.670031 0.329969 
 ----> peTTM 33 0 0.677746 0.322254 
 ----> peTTM 34 0 0.65111 0.34889 
 ----> peTTM 35 1 0.63751 0.36249 
 ----> peTTM 36 0 0.679586 0.320414 
 ----> peTTM 37 0 0.672439 0.327561 
 ----> peTTM 38 0 0.665997 0.334003 
 ----> peTTM 39 0 0.657979 0.342021 
 ----> peTTM 40 1 0.662021 0.337979 
 ----> peTTM 41 1 0.641846 0.358154 
 ----> peTTM 42 1 0.660173 0.339827 
 ----> peTTM 43 0 0.668937 0.331063 
 ----> peTTM 44 1 0.637186 0.362814 
 ----> peTTM 45 1 0.649893 0.350107 
 ----> peTTM 46 0 0.685585 0.314415 
 ----> peTTM 47 1 0.634619 0.365381 
 ----> peTTM 48 1 0.643227 0.356773 
 ----> peTTM 49 1 0.659266 0.340734 
 ----> peTTM 50 1 0.61619 0.38381 
 ----> peTTM 51 0 0.670574 0.329426 
 ----> peTTM 52 1 0.657727 0.342273 
 ----> peTTM 53 0 0.665467 0.334533 
 ----> peTTM 54 0 0.683943 0.316057 
 ----> peTTM 55 0 0.677057 0.322943 
 ----> peTTM 56 1 0.625519 0.374481 
 ----> peTTM 57 1 0.645011 0.354989 
 ----> peTTM 58 0 0.673638 0.326362 
 ----> peTTM 59 1 0.639269 0.360731 
 ----> peTTM 60 0 0.659769 0.340231 
 ----> peTTM 61 0 0.652528 0.347472 
 ----> peTTM 62 0 0.652495 0.347505 
 ----> peTTM 63 1 0.64754 0.35246 
 ----> peTTM 64 1 0.65381 0.34619 
 ----> peTTM 65 0 0.651909 0.348091 
 ----> peTTM 66 0 0.657065 0.342935 
 ----> peTTM 67 1 0.642432 0.357568 
 ----> peTTM 68 1 0.667014 0.332986 
 ----> peTTM 69 0 0.658246 0.341754 
 ----> peTTM 70 1 0.661706 0.338294 
 ----> peTTM 71 1 0.656513 0.343487 
 ----> peTTM 72 1 0.64604 0.35396 
 ----> peTTM 73 0 0.654537 0.345463 
 ----> peTTM 74 0 0.646633 0.353367 
 ----> peTTM 75 0 0.671679 0.328321 
 ----> peTTM 76 1 0.624693 0.375307 
 ----> peTTM 77 0 0.671789 0.328211 
 ----> peTTM 78 1 0.602534 0.397466 
 ----> peTTM 79 0 0.6618 0.3382 
 ----> peTTM 80 1 0.6436 0.3564 
 ----> peTTM 81 1 0.667814 0.332186 
 ----> peTTM 82 1 0.678256 0.321744 
 ----> peTTM 83 1 0.644792 0.355208 
 ----> peTTM 84 1 0.650248 0.349752 
 ----> peTTM 85 0 0.70749 0.29251 
 ----> peTTM 86 0 0.643154 0.356846 
 ----> peTTM 87 1 0.623594 0.376406 
 ----> peTTM 88 1 0.654601 0.345399 
 ----> peTTM 89 1 0.678575 0.321425 
 ----> peTTM 90 1 0.626749 0.373251 
 ----> peTTM 91 1 0.644771 0.355229 
 ----> peTTM 92 0 0.659706 0.340294 
 ----> peTTM 93 0 0.66481 0.33519 
 ----> peTTM 94 1 0.619345 0.380655 
 ----> peTTM 95 0 0.677972 0.322028 
 ----> peTTM 96 0 0.694589 0.305411 
 ----> peTTM 97 1 0.650378 0.349622 
 ----> peTTM 98 1 0.59801 0.40199 
 ----> peTTM 99 1 0.627828 0.372172 
 ----> peTTM 100 0 0.679237 0.320763 
 ----> peTTM 101 1 0.66882 0.33118 
 ----> peTTM 102 0 0.633378 0.366622 
 ----> peTTM 103 0 0.645865 0.354135 
 ----> peTTM 104 0 0.696906 0.303094 
 ----> peTTM 105 1 0.643248 0.356752 
 ----> peTTM 106 0 0.637782 0.362218 
 ----> peTTM 107 0 0.664289 0.335711 
 ----> peTTM 108 0 0.671835 0.328165 
 ----> peTTM 109 0 0.636503 0.363497 
 ----> peTTM 110 1 0.638514 0.361486 
 ----> peTTM 111 0 0.668969 0.331031 
 ----> peTTM 112 0 0.668092 0.331908 
 ----> peTTM 113 1 0.621739 0.378261 
 ----> peTTM 114 1 0.640566 0.359434 
 ----> peTTM 115 0 0.641255 0.358745 
 ----> peTTM 116 0 0.663784 0.336216 
 ----> peTTM 117 1 0.625187 0.374813 
 ----> peTTM 118 1 0.65444 0.34556 
 ----> peTTM 119 1 0.607522 0.392478 
 ----> peTTM 120 0 0.668103 0.331897 
 ----> peTTM 121 0 0.665821 0.334179 
 ----> peTTM 122 1 0.649517 0.350483 
 ----> peTTM 123 1 0.656775 0.343225 
 ----> peTTM 124 0 0.658257 0.341743 
 ----> peTTM 125 1 0.649316 0.350684 
 ----> peTTM 126 0 0.686146 0.313854 
 ----> peTTM 127 0 0.644303 0.355697 
 ----> peTTM 128 0 0.674566 0.325434 
 ----> peTTM 129 1 0.631526 0.368474 
 ----> peTTM 130 0 0.639094 0.360906 
 ----> peTTM 131 0 0.638558 0.361442 
 ----> peTTM 132 0 0.667827 0.332173 
 ----> peTTM 133 1 0.624526 0.375474 
 ----> peTTM 134 1 0.639802 0.360198 
 ----> peTTM 135 1 0.652159 0.347841 
 ----> peTTM 136 0 0.645932 0.354068 
 ----> peTTM 137 1 0.618091 0.381909 
 ----> peTTM 138 0 0.670542 0.329458 
 ----> peTTM 139 0 0.698363 0.301637 
 ----> peTTM 140 1 0.644044 0.355956 
 ----> peTTM 141 0 0.662573 0.337427 
 ----> peTTM 142 1 0.596229 0.403771 
 ----> peTTM 143 0 0.663366 0.336634 
 ----> peTTM 144 1 0.631697 0.368303 
 ----> peTTM 145 0 0.668352 0.331648 
 ----> peTTM 146 0 0.690519 0.309481 
 ----> peTTM 147 0 0.62722 0.37278 
 ----> peTTM 148 0 0.67859 0.32141 
 ----> peTTM 149 1 0.657801 0.342199 
 ----> peTTM 150 1 0.64286 0.35714 
 ----> peTTM 151 1 0.640594 0.359406 
 ----> peTTM 152 0 0.663993 0.336007 
 ----> peTTM 153 0 0.648095 0.351905 
 ----> peTTM 154 0 0.683878 0.316122 
 ----> peTTM 155 1 0.658553 0.341447 
 ----> peTTM 156 1 0.623465 0.376535 
 ----> peTTM 157 1 0.621054 0.378946 
 ----> peTTM 158 0 0.721742 0.278258 
 ----> peTTM 159 1 0.656252 0.343748 
 ----> peTTM 160 0 0.686582 0.313418 
 ----> peTTM 161 0 0.677509 0.322491 
 ----> peTTM 162 1 0.610641 0.389359 
 ----> peTTM 163 1 0.629047 0.370953 
 ----> peTTM 164 1 0.63587 0.36413 
 ----> peTTM 165 1 0.593055 0.406945 
 ----> peTTM 166 0 0.659965 0.340035 
 ----> peTTM 167 1 0.636458 0.363542 
 ----> peTTM 168 0 0.694107 0.305893 
 ----> peTTM 169 0 0.626277 0.373723 
 ----> peTTM 170 1 0.624186 0.375814 
 ----> peTTM 171 1 0.606115 0.393885 
 ----> peTTM 172 0 0.68488 0.31512 
 ----> peTTM 173 1 0.647404 0.352596 
 ----> peTTM 174 0 0.679201 0.320799 
 ----> peTTM 175 1 0.618192 0.381808 
 ----> peTTM 176 0 0.682219 0.317781 
 ----> peTTM 177 0 0.673022 0.326978 
 ----> peTTM 178 1 0.674401 0.325599 
 ----> peTTM 179 0 0.672134 0.327866 
 ----> peTTM 180 0 0.635407 0.364593 
 ----> peTTM 181 0 0.656707 0.343293 
 ----> peTTM 182 0 0.704664 0.295336 
 ----> peTTM 183 1 0.592325 0.407675 
 ----> peTTM 184 1 0.644598 0.355402 
 ----> peTTM 185 0 0.685102 0.314898 
 ----> peTTM 186 0 0.696973 0.303027 
 ----> peTTM 187 0 0.649778 0.350222 
 ----> peTTM 188 1 0.660448 0.339552 
 ----> peTTM 189 1 0.661856 0.338144 
 ----> peTTM 190 0 0.671721 0.328279 
 ----> peTTM 191 0 0.671801 0.328199 
 ----> peTTM 192 1 0.640826 0.359174 
 ----> peTTM 193 0 0.643052 0.356948 
 ----> peTTM 194 0 0.65612 0.34388 
 ----> peTTM 195 0 0.659537 0.340463 
 ----> peTTM 196 1 0.611142 0.388858 
 ----> peTTM 197 0 0.650825 0.349175 
 ----> peTTM 198 0 0.672205 0.327795 
 ----> peTTM 199 0 0.665059 0.334941 
 ----> peTTM 200 0 0.668611 0.331389 
 ----> peTTM 201 0 0.662923 0.337077 
 ----> peTTM 202 0 0.694976 0.305024 
 ----> peTTM 203 1 0.624274 0.375726 
 ----> peTTM 204 1 0.656615 0.343385 
 ----> peTTM 205 0 0.701559 0.298441 
 ----> peTTM 206 1 0.643642 0.356358 
 ----> peTTM 207 1 0.654525 0.345475 
 ----> peTTM 208 0 0.657504 0.342496 
 ----> peTTM 209 0 0.619564 0.380436 
 ----> peTTM 210 0 0.642047 0.357953 
 ----> peTTM 211 0 0.721943 0.278057 
 ----> peTTM 212 0 0.672066 0.327934 
 ----> peTTM 213 1 0.634476 0.365524 
 ----> peTTM 214 0 0.691889 0.308111 
 ----> peTTM 215 1 0.619211 0.380789 
 ----> peTTM 216 0 0.693543 0.306457 
 ----> peTTM 217 1 0.634133 0.365867 
 ----> peTTM 218 0 0.646742 0.353258 
 ----> peTTM 219 0 0.640855 0.359145 
 ----> peTTM 220 0 0.662518 0.337482 
 ----> peTTM 221 0 0.677905 0.322095 
 ----> peTTM 222 1 0.673418 0.326582 
 ----> peTTM 223 1 0.678245 0.321755 
 ----> peTTM 224 0 0.624311 0.375689 
 ----> peTTM 225 1 0.650571 0.349429 
 ----> peTTM 226 1 0.625821 0.374179 
 ----> peTTM 227 0 0.626001 0.373999 
 ----> peTTM 228 0 0.706673 0.293327 
 ----> peTTM 229 0 0.683232 0.316768 
 ----> peTTM 230 0 0.666647 0.333353 
 ----> peTTM 231 0 0.673671 0.326329 
 ----> peTTM 232 1 0.645915 0.354085 
 ----> peTTM 233 0 0.68529 0.31471 
 ----> peTTM 234 0 0.697311 0.302689 
 ----> peTTM 235 0 0.694384 0.305616 
 ----> peTTM 236 1 0.597154 0.402846 
 ----> peTTM 237 0 0.660032 0.339968 
 ----> peTTM 238 0 0.694052 0.305948 
 ----> peTTM 239 0 0.623428 0.376572 
 ----> peTTM 240 1 0.570928 0.429072 
 ----> peTTM 241 0 0.67449 0.32551 
 ----> peTTM 242 1 0.691485 0.308515 
 ----> peTTM 243 0 0.668023 0.331977 
 ----> peTTM 244 1 0.551305 0.448695 
 ----> peTTM 245 1 0.658153 0.341847 
 ----> peTTM 246 0 0.672724 0.327276 
 ----> peTTM 247 0 0.65232 0.34768 
 ----> peTTM 248 1 0.664156 0.335844 
 ----> peTTM 249 1 0.661025 0.338975 
 ----> peTTM 250 0 0.693651 0.306349 
 ----> peTTM 251 0 0.69247 0.30753 
 ----> peTTM 252 0 0.66545 0.33455 
 ----> peTTM 253 1 0.621863 0.378137 
 ----> peTTM 254 0 0.646786 0.353214 
 ----> peTTM 255 1 0.637862 0.362138 
 ----> peTTM 256 0 0.638833 0.361167 
 ----> peTTM 257 0 0.683857 0.316143 
 ----> peTTM 258 0 0.684649 0.315351 
 ----> peTTM 259 0 0.687125 0.312875 
 ----> peTTM 260 1 0.673752 0.326248 
 ----> peTTM 261 1 0.658563 0.341437 
 ----> peTTM 262 0 0.663027 0.336973 
 ----> peTTM 263 1 0.664422 0.335578 
 ----> peTTM 264 1 0.67917 0.32083 
 ----> peTTM 265 1 0.646411 0.353589 
 ----> peTTM 266 0 0.664929 0.335071 
 ----> peTTM 267 0 0.691666 0.308334 
 ----> peTTM 268 0 0.690425 0.309575 
 ----> peTTM 269 0 0.665748 0.334252 
 ----> peTTM 270 1 0.658271 0.341729 
 ----> peTTM 271 1 0.66819 0.33181 
 ----> peTTM 272 0 0.716792 0.283208 
 ----> peTTM 273 0 0.681026 0.318974 
 ----> peTTM 274 1 0.571763 0.428237 
 ----> peTTM 275 1 0.656381 0.343619 
 ----> peTTM 276 0 0.654873 0.345127 
 ----> peTTM 277 0 0.705585 0.294415 
 ----> peTTM 278 0 0.689521 0.310479 
 ----> peTTM 279 1 0.654661 0.345339 
 ----> peTTM 280 1 0.621112 0.378888 
 ----> peTTM 281 0 0.695903 0.304097 
 ----> peTTM 282 1 0.568877 0.431123 
 ----> peTTM 283 1 0.548354 0.451646 
 ----> peTTM 284 1 0.669273 0.330727 
 ----> peTTM 285 0 0.689423 0.310577 
 ----> peTTM 286 0 0.653789 0.346211 
 ----> peTTM 287 0 0.62971 0.37029 
 ----> peTTM 288 1 0.641437 0.358563 
 ----> peTTM 289 0 0.669083 0.330917 
 ----> peTTM 290 0 0.676998 0.323002 
 ----> peTTM 291 1 0.618283 0.381717 
 ----> peTTM 292 0 0.701554 0.298446 
 ----> peTTM 293 1 0.602063 0.397937 
 ----> peTTM 294 1 0.613045 0.386955 
 ----> peTTM 295 0 0.658097 0.341903 
 ----> peTTM 296 0 0.678511 0.321489 
 ----> peTTM 297 0 0.652574 0.347426 
 ----> peTTM 298 1 0.682658 0.317342 
 ----> peTTM 299 0 0.70387 0.29613 
 ----> peTTM 300 0 0.67477 0.32523 
 ----> peTTM 301 0 0.652242 0.347758 
 ----> peTTM 302 0 0.640012 0.359988 
 ----> peTTM 303 0 0.640577 0.359423 
 ----> peTTM 304 0 0.683656 0.316344 
 ----> peTTM 305 0 0.628366 0.371634 
 ----> peTTM 306 0 0.665759 0.334241 
 ----> peTTM 307 1 0.620902 0.379098 
 ----> peTTM 308 0 0.645275 0.354725 
 ----> peTTM 309 1 0.569329 0.430671 
 ----> peTTM 310 0 0.682802 0.317198 
 ----> peTTM 311 0 0.705376 0.294624 
 ----> peTTM 312 0 0.71461 0.28539 
 ----> peTTM 313 1 0.6079 0.3921 
 ----> peTTM 314 0 0.672641 0.327359 
 ----> peTTM 315 0 0.712986 0.287014 
 ----> peTTM 316 0 0.698344 0.301656 
 ----> peTTM 317 0 0.608502 0.391498 
 ----> peTTM 318 0 0.670426 0.329574 
 ----> peTTM 319 0 0.656804 0.343196 
 ----> peTTM 320 0 0.68822 0.31178 
 ----> peTTM 321 1 0.678028 0.321972 
 ----> peTTM 322 1 0.693837 0.306163 
 ----> peTTM 323 0 0.657022 0.342978 
 ----> peTTM 324 0 0.671613 0.328387 
 ----> peTTM 325 0 0.671921 0.328079 
 ----> peTTM 326 1 0.647086 0.352914 
 ----> peTTM 327 1 0.597106 0.402894 
 ----> peTTM 328 0 0.646666 0.353334 
 ----> peTTM 329 0 0.670031 0.329969 
 ----> peTTM 330 0 0.691309 0.308691 
 ----> peTTM 331 0 0.684154 0.315846 
 ----> peTTM 332 0 0.671527 0.328473 
 ----> peTTM 333 1 0.642569 0.357431 
 ----> peTTM 334 1 0.653121 0.346879 
 ----> peTTM 335 0 0.650431 0.349569 
 ----> peTTM 336 1 0.616962 0.383038 
 ----> peTTM 337 1 0.607607 0.392393 
 ----> peTTM 338 1 0.687006 0.312994 
 ----> peTTM 339 0 0.693813 0.306187 
 ----> peTTM 340 0 0.706848 0.293152 
 ----> peTTM 341 1 0.620988 0.379012 
 ----> peTTM 342 1 0.570268 0.429732 
 ----> peTTM 343 0 0.665128 0.334872 
 ----> peTTM 344 0 0.723537 0.276463 
 ----> peTTM 345 0 0.68034 0.31966 
 ----> peTTM 346 0 0.688124 0.311876 
 ----> peTTM 347 1 0.668067 0.331933 
 ----> peTTM 348 0 0.665572 0.334428 
 ----> peTTM 349 0 0.683104 0.316896 
 ----> peTTM 350 1 0.622944 0.377056 
 ----> peTTM 351 0 0.670112 0.329888 
 ----> peTTM 352 0 0.709015 0.290985 
 ----> peTTM 353 0 0.657864 0.342136 
 ----> peTTM 354 0 0.700341 0.299659 
 ----> peTTM 355 0 0.650227 0.349773 
 ----> peTTM 356 0 0.661276 0.338724 
 ----> peTTM 357 1 0.664698 0.335302 
 ----> peTTM 358 0 0.683727 0.316273 
 ----> peTTM 359 0 0.659056 0.340944 
 ----> peTTM 360 0 0.701 0.299 
 ----> peTTM 361 0 0.647074 0.352926 
 ----> peTTM 362 1 0.665215 0.334785 
 ----> peTTM 363 0 0.673763 0.326237 
 ----> peTTM 364 0 0.678641 0.321359 
 ----> peTTM 365 0 0.701209 0.298791 
 ----> peTTM 366 1 0.620516 0.379484 
 ----> peTTM 367 0 0.693923 0.306077 
 ----> peTTM 368 0 0.690848 0.309152 
 ----> peTTM 369 0 0.670275 0.329725 
 ----> peTTM 370 1 0.659236 0.340764 
 ----> peTTM 371 0 0.702645 0.297355 
 ----> peTTM 372 0 0.675434 0.324566 
 ----> peTTM 373 0 0.651279 0.348721 
 ----> peTTM 374 0 0.674934 0.325066 
 ----> peTTM 375 1 0.648415 0.351585 
 ----> peTTM 376 0 0.699016 0.300984 
 ----> peTTM 377 0 0.705766 0.294234 
 ----> peTTM 378 1 0.637388 0.362612 
 ----> peTTM 379 0 0.66202 0.33798 
 ----> peTTM 380 0 0.731605 0.268395 
 ----> peTTM 381 0 0.687695 0.312305 
 ----> peTTM 382 0 0.702763 0.297237 
 ----> peTTM 383 0 0.729647 0.270353 
 ----> peTTM 384 0 0.689982 0.310018 
 ----> peTTM 385 1 0.658198 0.341802 
 ----> peTTM 386 0 0.678529 0.321471 
 ----> peTTM 387 1 0.601991 0.398009 
 ----> peTTM 388 1 0.642399 0.357601 
 ----> peTTM 389 0 0.714133 0.285867 
 ----> peTTM 390 0 0.658706 0.341294 
 ----> peTTM 391 0 0.677461 0.322539 
 ----> peTTM 392 1 0.645402 0.354598 
 ----> peTTM 393 1 0.657772 0.342228 
 ----> peTTM 394 0 0.719999 0.280001 
 ----> peTTM 395 0 0.672066 0.327934 
 ----> peTTM 396 0 0.661519 0.338481 
 ----> peTTM 397 0 0.675837 0.324163 
 ----> peTTM 398 1 0.633705 0.366295 
 ----> peTTM 399 1 0.573611 0.426389 
 ----> peTTM 400 1 0.67372 0.32628 
 ----> peTTM 401 0 0.683438 0.316562 
 ----> peTTM 402 0 0.684735 0.315265 
 ----> peTTM 403 0 0.700546 0.299454 
 ----> peTTM 404 0 0.684318 0.315682 
 ----> peTTM 405 0 0.665007 0.334993 
 ----> peTTM 406 1 0.656388 0.343612 
 ----> peTTM 407 1 0.682095 0.317905 
 ----> peTTM 408 0 0.703395 0.296605 
 ----> peTTM 409 1 0.657553 0.342447 
 ----> peTTM 410 0 0.675857 0.324143 
 ----> peTTM 411 0 0.708529 0.291471 
 ----> peTTM 412 1 0.663141 0.336859 
 ----> peTTM 413 1 0.635164 0.364836 
 ----> peTTM 414 0 0.669323 0.330677 
 ----> peTTM 415 1 0.69599 0.30401 
 ----> peTTM 416 0 0.682797 0.317203 
 ----> peTTM 417 0 0.680464 0.319536 
 ----> peTTM 418 1 0.6223 0.3777 
 ----> peTTM 419 0 0.7022 0.2978 
 ----> peTTM 420 0 0.689136 0.310864 
 ----> peTTM 421 0 0.673872 0.326128 
 ----> peTTM 422 0 0.681905 0.318095 
 ----> peTTM 423 0 0.662617 0.337383 
 ----> peTTM 424 0 0.674576 0.325424 
 ----> peTTM 425 0 0.730158 0.269842 
 ----> peTTM 426 1 0.642713 0.357287 
 ----> peTTM 427 0 0.69432 0.30568 
 ----> peTTM 428 0 0.677729 0.322271 
 ----> peTTM 429 0 0.677159 0.322841 
 ----> peTTM 430 0 0.660622 0.339378 
 ----> peTTM 431 0 0.667982 0.332018 
 ----> peTTM 432 0 0.692275 0.307725 
 ----> peTTM 433 0 0.706107 0.293893 
 ----> peTTM 434 0 0.666603 0.333397 
 ----> peTTM 435 1 0.662348 0.337652 
 ----> peTTM 436 0 0.70438 0.29562 
 ----> peTTM 437 0 0.689139 0.310861 
 ----> peTTM 438 0 0.680021 0.319979 
 ----> peTTM 439 0 0.660041 0.339959 
 ----> peTTM 440 0 0.672532 0.327468 
 ----> peTTM 441 0 0.67806 0.32194 
 ----> peTTM 442 0 0.701536 0.298464 
 ----> peTTM 443 0 0.685346 0.314654 
 ----> peTTM 444 0 0.677443 0.322557 
 ----> peTTM 445 1 0.496393 0.503607 
 ----> peTTM 446 0 0.679431 0.320569 
 ----> peTTM 447 0 0.694273 0.305727 
 ----> peTTM 448 0 0.664471 0.335529 
 ----> peTTM 449 0 0.668511 0.331489 
 ----> peTTM 450 0 0.692434 0.307566 
 ----> peTTM 451 0 0.668511 0.331489 
 ----> peTTM 452 0 0.687984 0.312016 
 ----> peTTM 453 0 0.65959 0.34041 
 ----> peTTM 454 1 0.705667 0.294333 
 ----> peTTM 455 0 0.683485 0.316515 
 ----> peTTM 456 0 0.671135 0.328865 
 ----> peTTM 457 0 0.674144 0.325856 
 ----> peTTM 458 1 0.624542 0.375458 
 ----> peTTM 459 0 0.663627 0.336373 
 ----> peTTM 460 0 0.635269 0.364731 
 ----> peTTM 461 1 0.661363 0.338637 
 ----> peTTM 462 0 0.673771 0.326229 
 ----> peTTM 463 0 0.669333 0.330667 
 ----> peTTM 464 0 0.699542 0.300458 
 ----> peTTM 465 0 0.695101 0.304899 
 ----> peTTM 466 0 0.673245 0.326755 
 ----> peTTM 467 1 0.674008 0.325992 
 ----> peTTM 468 0 0.696104 0.303896 
 ----> peTTM 469 0 0.686033 0.313967 
 ----> peTTM 470 1 0.670482 0.329518 
 ----> peTTM 471 1 0.657432 0.342568 
 ----> peTTM 472 0 0.686512 0.313488 
 ----> peTTM 473 1 0.704036 0.295964 
 ----> peTTM 474 0 0.657343 0.342657 
 ----> peTTM 475 0 0.682011 0.317989 
 ----> peTTM 476 0 0.668652 0.331348 
 ----> peTTM 477 1 0.661512 0.338488 
 ----> peTTM 478 0 0.710117 0.289883 
 ----> peTTM 479 1 0.636945 0.363055 
 ----> peTTM 480 0 0.6779 0.3221 
 ----> peTTM 481 0 0.696452 0.303548 
 ----> peTTM 482 0 0.696937 0.303063 
 ----> peTTM 483 1 0.691086 0.308914 
 ----> peTTM 484 0 0.701932 0.298068 
 ----> peTTM 485 0 0.684883 0.315117 
 ----> peTTM 486 0 0.673981 0.326019 
 ----> peTTM 487 0 0.689916 0.310084 
 ----> peTTM 488 1 0.679657 0.320343 
 ----> peTTM 489 1 0.67693 0.32307 
 ----> peTTM 490 0 0.645611 0.354389 
 ----> peTTM 491 1 0.670611 0.329389 
 ----> peTTM 492 0 0.735809 0.264191 
 ----> peTTM 493 0 0.682705 0.317295 
 ----> peTTM 494 0 0.681354 0.318646 
 ----> peTTM 495 1 0.672267 0.327733 
 ----> peTTM 496 0 0.676701 0.323299 
 ----> peTTM 497 0 0.666654 0.333346 
 ----> peTTM 498 0 0.666512 0.333488 
 ----> peTTM 499 1 0.674295 0.325705 
 ----> peTTM 500 1 0.696683 0.303317 
 ----> peTTM 501 0 0.650839 0.349161 
 ----> peTTM 502 0 0.706477 0.293523 
 ----> peTTM 503 0 0.689938 0.310062 
 ----> peTTM 504 0 0.689632 0.310368 
 ----> peTTM 505 0 0.697273 0.302727 
 ----> peTTM 506 0 0.675674 0.324326 
 ----> peTTM 507 0 0.678675 0.321325 
 ----> peTTM 508 1 0.666893 0.333107 
 ----> peTTM 509 1 0.652481 0.347519 
 ----> peTTM 510 0 0.687056 0.312944 
 ----> peTTM 511 0 0.67826 0.32174 
 ----> peTTM 512 0 0.687993 0.312007 
 ----> peTTM 513 0 0.665222 0.334778 
 ----> peTTM 514 1 0.656202 0.343798 
 ----> peTTM 515 0 0.677742 0.322258 
 ----> peTTM 516 0 0.69103 0.30897 
 ----> peTTM 517 1 0.628311 0.371689 
 ----> peTTM 518 0 0.67746 0.32254 
 ----> peTTM 519 0 0.696901 0.303099 
 ----> peTTM 520 1 0.622738 0.377262 
 ----> peTTM 521 1 0.620216 0.379784 
 ----> peTTM 522 0 0.670422 0.329578 
 ----> peTTM 523 1 0.611205 0.388795 
 ----> peTTM 524 0 0.658595 0.341405 
 ----> peTTM 525 0 0.697987 0.302013 
 ----> peTTM 526 0 0.691136 0.308864 
 ----> peTTM 527 0 0.676579 0.323421 
 ----> peTTM 528 0 0.678317 0.321683 
 ----> peTTM 529 1 0.678855 0.321145 
 ----> peTTM 530 0 0.666883 0.333117 
 ----> peTTM 531 1 0.640138 0.359862 
 ----> peTTM 532 0 0.686129 0.313871 
 ----> peTTM 533 0 0.656584 0.343416 
 ----> peTTM 534 0 0.682402 0.317598 
 ----> peTTM 535 1 0.636489 0.363511 
 ----> peTTM 536 0 0.666233 0.333767 
 ----> peTTM 537 0 0.636286 0.363714 
 ----> peTTM 538 0 0.691851 0.308149 
 ----> peTTM 539 1 0.644193 0.355807 
 ----> peTTM 540 0 0.670511 0.329489 
 ----> peTTM 541 1 0.65823 0.34177 
 ----> peTTM 542 0 0.711824 0.288176 
 ----> peTTM 543 1 0.634333 0.365667 
 ----> peTTM 544 0 0.693909 0.306091 
 ----> peTTM 545 1 0.636227 0.363773 
 ----> peTTM 546 0 0.64047 0.35953 
 ----> peTTM 547 0 0.723651 0.276349 
 ----> peTTM 548 1 0.646001 0.353999 
 ----> peTTM 549 0 0.71131 0.28869 
 ----> peTTM 550 0 0.644833 0.355167 
 ----> peTTM 551 0 0.674365 0.325635 
 ----> peTTM 552 1 0.64022 0.35978 
 ----> peTTM 553 1 0.665912 0.334088 
 ----> peTTM 554 1 0.657391 0.342609 
 ----> peTTM 555 1 0.666957 0.333043 
 ----> peTTM 556 0 0.66036 0.33964 
 ----> peTTM 557 0 0.641617 0.358383 
 ----> peTTM 558 0 0.69162 0.30838 
 ----> peTTM 559 0 0.70467 0.29533 
 ----> peTTM 560 0 0.633144 0.366856 
 ----> peTTM 561 1 0.666095 0.333905 
 ----> peTTM 562 0 0.691173 0.308827 
 ----> peTTM 563 0 0.638359 0.361641 
 ----> peTTM 564 0 0.6686 0.3314 
 ----> peTTM 565 0 0.612002 0.387998 
 ----> peTTM 566 0 0.623708 0.376292 
 ----> peTTM 567 0 0.727875 0.272125 
 ----> peTTM 568 0 0.689931 0.310069 
 ----> peTTM 569 1 0.599279 0.400721 
 ----> peTTM 570 0 0.652955 0.347045 
 ----> peTTM 571 1 0.64059 0.35941 
 ----> peTTM 572 0 0.714136 0.285864 
 ----> peTTM 573 0 0.707251 0.292749 
 ----> peTTM 574 0 0.66203 0.33797 
 ----> peTTM 575 1 0.655514 0.344486 
 ----> peTTM 576 0 0.677457 0.322543 
 ----> peTTM 577 1 0.671881 0.328119 
 ----> peTTM 578 0 0.682481 0.317519 
 ----> peTTM 579 0 0.689635 0.310365 
 ----> peTTM 580 1 0.667877 0.332123 
 ----> peTTM 581 0 0.647767 0.352233 
 ----> peTTM 582 0 0.682462 0.317538 
 ----> peTTM 583 1 0.615929 0.384071 
 ----> peTTM 584 0 0.68469 0.31531 
 ----> peTTM 585 0 0.680827 0.319173 
 ----> peTTM 586 0 0.666222 0.333778 
 ----> peTTM 587 0 0.670338 0.329662 
 ----> peTTM 588 0 0.727829 0.272171 
 ----> peTTM 589 1 0.632463 0.367537 
 ----> peTTM 590 0 0.687559 0.312441 
 ----> peTTM 591 1 0.678559 0.321441 
 ----> peTTM 592 1 0.632802 0.367198 
 ----> peTTM 593 0 0.670994 0.329006 
 ----> peTTM 594 0 0.6269 0.3731 
 ----> peTTM 595 0 0.721145 0.278855 
 ----> peTTM 596 0 0.705803 0.294197 
 ----> peTTM 597 0 0.71614 0.28386 
 ----> peTTM 598 0 0.693826 0.306174 
 ----> peTTM 599 0 0.685339 0.314661 
 ----> peTTM 600 0 0.73748 0.26252 
 ----> peTTM 601 0 0.674049 0.325951 
 ----> peTTM 602 1 0.609575 0.390425 
 ----> peTTM 603 0 0.707574 0.292426 
 ----> peTTM 604 0 0.683537 0.316463 
 ----> peTTM 605 0 0.708258 0.291742 
 ----> peTTM 606 0 0.683757 0.316243 
 ----> peTTM 607 1 0.662954 0.337046 
 ----> peTTM 608 0 0.699384 0.300616 
 ----> peTTM 609 0 0.692695 0.307305 
 ----> peTTM 610 0 0.691971 0.308029 
 ----> peTTM 611 0 0.701282 0.298718 
 ----> peTTM 612 0 0.678782 0.321218 
 ----> peTTM 613 0 0.666834 0.333166 
 ----> peTTM 614 0 0.669249 0.330751 
 ----> peTTM 615 0 0.702221 0.297779 
 ----> peTTM 616 0 0.675738 0.324262 
 ----> peTTM 617 0 0.639174 0.360826 
 ----> peTTM 618 0 0.702978 0.297022 
 ----> peTTM 619 1 0.657552 0.342448 
 ----> peTTM 620 0 0.700806 0.299194 
 ----> peTTM 621 0 0.678937 0.321063 
 ----> peTTM 622 0 0.6749 0.3251 
 ----> peTTM 623 1 0.676907 0.323093 
 ----> peTTM 624 0 0.730087 0.269913 
 ----> peTTM 625 0 0.6774 0.3226 
 ----> peTTM 626 0 0.687602 0.312398 
 ----> peTTM 627 0 0.722493 0.277507 
 ----> peTTM 628 1 0.652561 0.347439 
 ----> peTTM 629 0 0.650433 0.349567 
 ----> peTTM 630 0 0.703285 0.296715 
 ----> peTTM 631 1 0.627784 0.372216 
 ----> peTTM 632 1 0.621419 0.378581 
 ----> peTTM 633 0 0.655732 0.344268 
 ----> peTTM 634 1 0.675732 0.324268 
 ----> peTTM 635 0 0.699654 0.300346 
 ----> peTTM 636 1 0.688089 0.311911 
 ----> peTTM 637 0 0.687221 0.312779 
 ----> peTTM 638 0 0.696244 0.303756 
 ----> peTTM 639 1 0.679091 0.320909 
 ----> peTTM 640 0 0.682181 0.317819 
 ----> peTTM 641 0 0.662272 0.337728 
 ----> peTTM 642 0 0.656792 0.343208 
 ----> peTTM 643 0 0.630811 0.369189 
 ----> peTTM 644 0 0.676577 0.323423 
 ----> peTTM 645 0 0.67363 0.32637 
 ----> peTTM 646 1 0.63619 0.36381 
 ----> peTTM 647 0 0.683804 0.316196 
 ----> peTTM 648 0 0.659054 0.340946 
 ----> peTTM 649 0 0.723635 0.276365 
 ----> peTTM 650 0 0.70728 0.29272 
 ----> peTTM 651 1 0.685703 0.314297 
 ----> peTTM 652 0 0.673471 0.326529 
 ----> peTTM 653 1 0.668989 0.331011 
 ----> peTTM 654 0 0.724282 0.275718 
 ----> peTTM 655 0 0.683037 0.316963 
 ----> peTTM 656 0 0.696877 0.303123 
 ----> peTTM 657 0 0.678821 0.321179 
 ----> peTTM 658 0 0.661481 0.338519 
 ----> peTTM 659 0 0.68837 0.31163 
 ----> peTTM 660 0 0.684971 0.315029 
 ----> peTTM 661 0 0.682852 0.317148 
 ----> peTTM 662 0 0.70697 0.29303 
 ----> peTTM 663 1 0.670556 0.329444 
 ----> peTTM 664 1 0.647376 0.352624 
 ----> peTTM 665 0 0.699786 0.300214 
 ----> peTTM 666 0 0.717898 0.282102 
 ----> peTTM 667 0 0.679466 0.320534 
 ----> peTTM 668 0 0.670987 0.329013 
 ----> peTTM 669 0 0.724035 0.275965 
 ----> peTTM 670 0 0.662812 0.337188 
 ----> peTTM 671 0 0.689595 0.310405 
 ----> peTTM 672 0 0.696217 0.303783 
 ----> peTTM 673 0 0.685824 0.314176 
 ----> peTTM 674 1 0.66956 0.33044 
 ----> peTTM 675 1 0.629054 0.370946 
 ----> peTTM 676 0 0.706682 0.293318 
 ----> peTTM 677 1 0.592677 0.407323 
 ----> peTTM 678 1 0.650774 0.349226 
 ----> peTTM 679 0 0.678051 0.321949 
 ----> peTTM 680 1 0.617368 0.382632 
 ----> peTTM 681 0 0.698808 0.301192 
 ----> peTTM 682 0 0.688266 0.311734 
 ----> peTTM 683 0 0.660375 0.339625 
 ----> peTTM 684 0 0.669301 0.330699 
 ----> peTTM 685 0 0.689799 0.310201 
 ----> peTTM 686 0 0.696823 0.303177 
 ----> peTTM 687 0 0.714881 0.285119 
 ----> peTTM 688 0 0.704641 0.295359 
 ----> peTTM 689 0 0.638875 0.361125 
 ----> peTTM 690 1 0.662025 0.337975 
 ----> peTTM 691 0 0.686669 0.313331 
 ----> peTTM 692 0 0.714153 0.285847 
 ----> peTTM 693 1 0.6706 0.3294 
 ----> peTTM 694 0 0.692251 0.307749 
 ----> peTTM 695 0 0.675573 0.324427 
 ----> peTTM 696 0 0.671361 0.328639 
 ----> peTTM 697 0 0.688968 0.311032 
 ----> peTTM 698 1 0.644061 0.355939 
 ----> peTTM 699 0 0.676639 0.323361 
 ----> peTTM 700 1 0.670448 0.329552 
 ----> peTTM 701 0 0.665468 0.334532 
 ----> peTTM 702 0 0.63531 0.36469 
 ----> peTTM 703 0 0.632242 0.367758 
 ----> peTTM 704 0 0.660064 0.339936 
 ----> peTTM 705 0 0.678208 0.321792 
 ----> peTTM 706 0 0.702493 0.297507 
 ----> peTTM 707 0 0.66288 0.33712 
 ----> peTTM 708 0 0.689954 0.310046 
 ----> peTTM 709 0 0.66278 0.33722 
 ----> peTTM 710 0 0.706432 0.293568 
 ----> peTTM 711 0 0.727444 0.272556 
 ----> peTTM 712 0 0.715825 0.284175 
 ----> peTTM 713 1 0.679238 0.320762 
 ----> peTTM 714 1 0.700559 0.299441 
 ----> peTTM 715 1 0.671624 0.328376 
 ----> peTTM 716 1 0.663361 0.336639 
 ----> peTTM 717 0 0.710424 0.289576 
 ----> peTTM 718 0 0.706932 0.293068 
