 ----> peTTM 1 1 0 0 
 ----> peTTM 2 0 0 0 
 ----> peTTM 3 1 0 0 
 ----> peTTM 4 1 0 0 
 ----> peTTM 5 1 0 0 
 ----> peTTM 6 1 0 0 
 ----> peTTM 7 0 0.658888 0.341112 
 ----> peTTM 8 0 0.671049 0.328951 
 ----> peTTM 9 0 0.671011 0.328989 
 ----> peTTM 10 1 0.654824 0.345176 
 ----> peTTM 11 1 0.643391 0.356609 
 ----> peTTM 12 0 0.656861 0.343139 
 ----> peTTM 13 0 0.627671 0.372329 
 ----> peTTM 14 1 0.642948 0.357052 
 ----> peTTM 15 1 0.617042 0.382958 
 ----> peTTM 16 1 0.669768 0.330232 
 ----> peTTM 17 1 0.642979 0.357021 
 ----> peTTM 18 0 0.647879 0.352121 
 ----> peTTM 19 0 0.634918 0.365082 
 ----> peTTM 20 0 0.648153 0.351847 
 ----> peTTM 21 1 0.647628 0.352372 
 ----> peTTM 22 0 0.643621 0.356379 
 ----> peTTM 23 0 0.675623 0.324377 
 ----> peTTM 24 0 0.64514 0.35486 
 ----> peTTM 25 0 0.607294 0.392706 
 ----> peTTM 26 1 0.642859 0.357141 
 ----> peTTM 27 1 0.641877 0.358123 
 ----> peTTM 28 1 0.649983 0.350017 
 ----> peTTM 29 0 0.673031 0.326969 
 ----> peTTM 30 0 0.677916 0.322084 
 ----> peTTM 31 0 0.676678 0.323322 
 ----> peTTM 32 0 0.651663 0.348337 
 ----> peTTM 33 0 0.680838 0.319162 
 ----> peTTM 34 0 0.690231 0.309769 
 ----> peTTM 35 1 0.670732 0.329268 
 ----> peTTM 36 0 0.694468 0.305532 
 ----> peTTM 37 0 0.643599 0.356401 
 ----> peTTM 38 0 0.658855 0.341145 
 ----> peTTM 39 0 0.672697 0.327303 
 ----> peTTM 40 1 0.604531 0.395469 
 ----> peTTM 41 1 0.649207 0.350793 
 ----> peTTM 42 1 0.642125 0.357875 
 ----> peTTM 43 0 0.63635 0.36365 
 ----> peTTM 44 1 0.681546 0.318454 
 ----> peTTM 45 1 0.649222 0.350778 
 ----> peTTM 46 0 0.646464 0.353536 
 ----> peTTM 47 1 0.642449 0.357551 
 ----> peTTM 48 1 0.633737 0.366263 
 ----> peTTM 49 1 0.643365 0.356635 
 ----> peTTM 50 1 0.661449 0.338551 
 ----> peTTM 51 0 0.682913 0.317087 
 ----> peTTM 52 1 0.650377 0.349623 
 ----> peTTM 53 0 0.690804 0.309196 
 ----> peTTM 54 0 0.672107 0.327893 
 ----> peTTM 55 0 0.670264 0.329736 
 ----> peTTM 56 1 0.587244 0.412756 
 ----> peTTM 57 1 0.602512 0.397488 
 ----> peTTM 58 0 0.698213 0.301787 
 ----> peTTM 59 1 0.639245 0.360755 
 ----> peTTM 60 0 0.683018 0.316982 
 ----> peTTM 61 0 0.656052 0.343948 
 ----> peTTM 62 0 0.693462 0.306538 
 ----> peTTM 63 1 0.611897 0.388103 
 ----> peTTM 64 1 0.612596 0.387404 
 ----> peTTM 65 0 0.68409 0.31591 
 ----> peTTM 66 0 0.650139 0.349861 
 ----> peTTM 67 1 0.636943 0.363057 
 ----> peTTM 68 1 0.629471 0.370529 
 ----> peTTM 69 0 0.682633 0.317367 
 ----> peTTM 70 1 0.642289 0.357711 
 ----> peTTM 71 1 0.632488 0.367512 
 ----> peTTM 72 1 0.671764 0.328236 
 ----> peTTM 73 0 0.649967 0.350033 
 ----> peTTM 74 0 0.649956 0.350044 
 ----> peTTM 75 0 0.673748 0.326252 
 ----> peTTM 76 1 0.656983 0.343017 
 ----> peTTM 77 0 0.637788 0.362212 
 ----> peTTM 78 1 0.603922 0.396078 
 ----> peTTM 79 0 0.69264 0.30736 
 ----> peTTM 80 1 0.69046 0.30954 
 ----> peTTM 81 1 0.563749 0.436251 
 ----> peTTM 82 1 0.602812 0.397188 
 ----> peTTM 83 1 0.645963 0.354037 
 ----> peTTM 84 1 0.607277 0.392723 
 ----> peTTM 85 0 0.637816 0.362184 
 ----> peTTM 86 0 0.638938 0.361062 
 ----> peTTM 87 1 0.590288 0.409712 
 ----> peTTM 88 1 0.624078 0.375922 
 ----> peTTM 89 1 0.658035 0.341965 
 ----> peTTM 90 1 0.664255 0.335745 
 ----> peTTM 91 1 0.652617 0.347383 
 ----> peTTM 92 0 0.655569 0.344431 
 ----> peTTM 93 0 0.663234 0.336766 
 ----> peTTM 94 1 0.624151 0.375849 
 ----> peTTM 95 0 0.676206 0.323794 
 ----> peTTM 96 0 0.660455 0.339545 
 ----> peTTM 97 1 0.652353 0.347647 
 ----> peTTM 98 1 0.650778 0.349222 
 ----> peTTM 99 1 0.632208 0.367792 
 ----> peTTM 100 0 0.648044 0.351956 
 ----> peTTM 101 1 0.603016 0.396984 
 ----> peTTM 102 0 0.683329 0.316671 
 ----> peTTM 103 0 0.703462 0.296538 
 ----> peTTM 104 0 0.704397 0.295603 
 ----> peTTM 105 1 0.62966 0.37034 
 ----> peTTM 106 0 0.658203 0.341797 
 ----> peTTM 107 0 0.674437 0.325563 
 ----> peTTM 108 0 0.677316 0.322684 
 ----> peTTM 109 0 0.642089 0.357911 
 ----> peTTM 110 1 0.56626 0.43374 
 ----> peTTM 111 0 0.675685 0.324315 
 ----> peTTM 112 0 0.708666 0.291334 
 ----> peTTM 113 1 0.629203 0.370797 
 ----> peTTM 114 1 0.672454 0.327546 
 ----> peTTM 115 0 0.664445 0.335555 
 ----> peTTM 116 0 0.688854 0.311146 
 ----> peTTM 117 1 0.626937 0.373063 
 ----> peTTM 118 1 0.620345 0.379655 
 ----> peTTM 119 1 0.657799 0.342201 
 ----> peTTM 120 0 0.688362 0.311638 
 ----> peTTM 121 0 0.696454 0.303546 
 ----> peTTM 122 1 0.616767 0.383233 
 ----> peTTM 123 1 0.69524 0.30476 
 ----> peTTM 124 0 0.666574 0.333426 
 ----> peTTM 125 1 0.628683 0.371317 
 ----> peTTM 126 0 0.645987 0.354013 
 ----> peTTM 127 0 0.716277 0.283723 
 ----> peTTM 128 0 0.62337 0.37663 
 ----> peTTM 129 1 0.618338 0.381662 
 ----> peTTM 130 0 0.65765 0.34235 
 ----> peTTM 131 0 0.702784 0.297216 
 ----> peTTM 132 0 0.66939 0.33061 
 ----> peTTM 133 1 0.637736 0.362264 
 ----> peTTM 134 1 0.567658 0.432342 
 ----> peTTM 135 1 0.613894 0.386106 
 ----> peTTM 136 0 0.697756 0.302244 
 ----> peTTM 137 1 0.6437 0.3563 
 ----> peTTM 138 0 0.665252 0.334748 
 ----> peTTM 139 0 0.639588 0.360412 
 ----> peTTM 140 1 0.643829 0.356171 
 ----> peTTM 141 0 0.676978 0.323022 
 ----> peTTM 142 1 0.652412 0.347588 
 ----> peTTM 143 0 0.660107 0.339893 
 ----> peTTM 144 1 0.665466 0.334534 
 ----> peTTM 145 0 0.666963 0.333037 
 ----> peTTM 146 0 0.699942 0.300058 
 ----> peTTM 147 0 0.686024 0.313976 
 ----> peTTM 148 0 0.64554 0.35446 
 ----> peTTM 149 1 0.627739 0.372261 
 ----> peTTM 150 1 0.614606 0.385394 
 ----> peTTM 151 1 0.62822 0.37178 
 ----> peTTM 152 0 0.664278 0.335722 
 ----> peTTM 153 0 0.682077 0.317923 
 ----> peTTM 154 0 0.661686 0.338314 
 ----> peTTM 155 1 0.645886 0.354114 
 ----> peTTM 156 1 0.64411 0.35589 
 ----> peTTM 157 1 0.633064 0.366936 
 ----> peTTM 158 0 0.676549 0.323451 
 ----> peTTM 159 1 0.647184 0.352816 
 ----> peTTM 160 0 0.670716 0.329284 
 ----> peTTM 161 0 0.670654 0.329346 
 ----> peTTM 162 1 0.645009 0.354991 
 ----> peTTM 163 1 0.653177 0.346823 
 ----> peTTM 164 1 0.671001 0.328999 
 ----> peTTM 165 1 0.646754 0.353246 
 ----> peTTM 166 0 0.687013 0.312987 
 ----> peTTM 167 1 0.56084 0.43916 
 ----> peTTM 168 0 0.670973 0.329027 
 ----> peTTM 169 0 0.684819 0.315181 
 ----> peTTM 170 1 0.627318 0.372682 
 ----> peTTM 171 1 0.624052 0.375948 
 ----> peTTM 172 0 0.651228 0.348772 
 ----> peTTM 173 1 0.565357 0.434643 
 ----> peTTM 174 0 0.708493 0.291507 
 ----> peTTM 175 1 0.616495 0.383505 
 ----> peTTM 176 0 0.678413 0.321587 
 ----> peTTM 177 0 0.645906 0.354094 
 ----> peTTM 178 1 0.66144 0.33856 
 ----> peTTM 179 0 0.641476 0.358524 
 ----> peTTM 180 0 0.712206 0.287794 
 ----> peTTM 181 0 0.65848 0.34152 
 ----> peTTM 182 0 0.699394 0.300606 
 ----> peTTM 183 1 0.668314 0.331686 
 ----> peTTM 184 1 0.572277 0.427723 
 ----> peTTM 185 0 0.683834 0.316166 
 ----> peTTM 186 0 0.67685 0.32315 
 ----> peTTM 187 0 0.644857 0.355143 
 ----> peTTM 188 1 0.648199 0.351801 
 ----> peTTM 189 1 0.612351 0.387649 
 ----> peTTM 190 0 0.682789 0.317211 
 ----> peTTM 191 0 0.67646 0.32354 
 ----> peTTM 192 1 0.671319 0.328681 
 ----> peTTM 193 0 0.681603 0.318397 
 ----> peTTM 194 0 0.696261 0.303739 
 ----> peTTM 195 0 0.68761 0.31239 
 ----> peTTM 196 1 0.635889 0.364111 
 ----> peTTM 197 0 0.666728 0.333272 
 ----> peTTM 198 0 0.68608 0.31392 
 ----> peTTM 199 0 0.691642 0.308358 
 ----> peTTM 200 0 0.659093 0.340907 
 ----> peTTM 201 0 0.669952 0.330048 
 ----> peTTM 202 0 0.696839 0.303161 
 ----> peTTM 203 1 0.594039 0.405961 
 ----> peTTM 204 1 0.655735 0.344265 
 ----> peTTM 205 0 0.644368 0.355632 
 ----> peTTM 206 1 0.643243 0.356757 
 ----> peTTM 207 1 0.673035 0.326965 
 ----> peTTM 208 0 0.685309 0.314691 
 ----> peTTM 209 0 0.649011 0.350989 
 ----> peTTM 210 0 0.666716 0.333284 
 ----> peTTM 211 0 0.661773 0.338227 
 ----> peTTM 212 0 0.677603 0.322397 
 ----> peTTM 213 1 0.649787 0.350213 
 ----> peTTM 214 0 0.677885 0.322115 
 ----> peTTM 215 1 0.641564 0.358436 
 ----> peTTM 216 0 0.693775 0.306225 
 ----> peTTM 217 1 0.618011 0.381989 
 ----> peTTM 218 0 0.669977 0.330023 
 ----> peTTM 219 0 0.668034 0.331966 
 ----> peTTM 220 0 0.684317 0.315683 
 ----> peTTM 221 0 0.656067 0.343933 
 ----> peTTM 222 1 0.651784 0.348216 
 ----> peTTM 223 1 0.655338 0.344662 
 ----> peTTM 224 0 0.671637 0.328363 
 ----> peTTM 225 1 0.647201 0.352799 
 ----> peTTM 226 1 0.635002 0.364998 
 ----> peTTM 227 0 0.627441 0.372559 
 ----> peTTM 228 0 0.694651 0.305349 
 ----> peTTM 229 0 0.687113 0.312887 
 ----> peTTM 230 0 0.726323 0.273677 
 ----> peTTM 231 0 0.684206 0.315794 
 ----> peTTM 232 1 0.646439 0.353561 
 ----> peTTM 233 0 0.671733 0.328267 
 ----> peTTM 234 0 0.644349 0.355651 
 ----> peTTM 235 0 0.67336 0.32664 
 ----> peTTM 236 1 0.653106 0.346894 
 ----> peTTM 237 0 0.644131 0.355869 
 ----> peTTM 238 0 0.665958 0.334042 
 ----> peTTM 239 0 0.713459 0.286541 
 ----> peTTM 240 1 0.649468 0.350532 
 ----> peTTM 241 0 0.671759 0.328241 
 ----> peTTM 242 1 0.650292 0.349708 
 ----> peTTM 243 0 0.683209 0.316791 
 ----> peTTM 244 1 0.648752 0.351248 
 ----> peTTM 245 1 0.600998 0.399002 
 ----> peTTM 246 0 0.665152 0.334848 
 ----> peTTM 247 0 0.694355 0.305645 
 ----> peTTM 248 1 0.64162 0.35838 
 ----> peTTM 249 1 0.661617 0.338383 
 ----> peTTM 250 0 0.641116 0.358884 
 ----> peTTM 251 0 0.664844 0.335156 
 ----> peTTM 252 0 0.696466 0.303534 
 ----> peTTM 253 1 0.646241 0.353759 
 ----> peTTM 254 0 0.64018 0.35982 
 ----> peTTM 255 1 0.668749 0.331251 
 ----> peTTM 256 0 0.687071 0.312929 
 ----> peTTM 257 0 0.668688 0.331312 
 ----> peTTM 258 0 0.686944 0.313056 
 ----> peTTM 259 0 0.664525 0.335475 
 ----> peTTM 260 1 0.639307 0.360693 
 ----> peTTM 261 1 0.654876 0.345124 
 ----> peTTM 262 0 0.662433 0.337567 
 ----> peTTM 263 1 0.642375 0.357625 
 ----> peTTM 264 1 0.63575 0.36425 
 ----> peTTM 265 1 0.615558 0.384442 
 ----> peTTM 266 0 0.704918 0.295082 
 ----> peTTM 267 0 0.666742 0.333258 
 ----> peTTM 268 0 0.653542 0.346458 
 ----> peTTM 269 0 0.685075 0.314925 
 ----> peTTM 270 1 0.632416 0.367584 
 ----> peTTM 271 1 0.64429 0.35571 
 ----> peTTM 272 0 0.712947 0.287053 
 ----> peTTM 273 0 0.682266 0.317734 
 ----> peTTM 274 1 0.644056 0.355944 
 ----> peTTM 275 1 0.668208 0.331792 
 ----> peTTM 276 0 0.656625 0.343375 
 ----> peTTM 277 0 0.679201 0.320799 
 ----> peTTM 278 0 0.668601 0.331399 
 ----> peTTM 279 1 0.666915 0.333085 
 ----> peTTM 280 1 0.668808 0.331192 
 ----> peTTM 281 0 0.680694 0.319306 
 ----> peTTM 282 1 0.635131 0.364869 
 ----> peTTM 283 1 0.637122 0.362878 
 ----> peTTM 284 1 0.62595 0.37405 
 ----> peTTM 285 0 0.686056 0.313944 
 ----> peTTM 286 0 0.671255 0.328745 
 ----> peTTM 287 0 0.671573 0.328427 
 ----> peTTM 288 1 0.656397 0.343603 
 ----> peTTM 289 0 0.664375 0.335625 
 ----> peTTM 290 0 0.662921 0.337079 
 ----> peTTM 291 1 0.632813 0.367187 
 ----> peTTM 292 0 0.657706 0.342294 
 ----> peTTM 293 1 0.681376 0.318624 
 ----> peTTM 294 1 0.619556 0.380444 
 ----> peTTM 295 0 0.677245 0.322755 
 ----> peTTM 296 0 0.693549 0.306451 
 ----> peTTM 297 0 0.654147 0.345853 
 ----> peTTM 298 1 0.626776 0.373224 
 ----> peTTM 299 0 0.702879 0.297121 
 ----> peTTM 300 0 0.710311 0.289689 
 ----> peTTM 301 0 0.645722 0.354278 
 ----> peTTM 302 0 0.670023 0.329977 
 ----> peTTM 303 0 0.661789 0.338211 
 ----> peTTM 304 0 0.695988 0.304012 
 ----> peTTM 305 0 0.637968 0.362032 
 ----> peTTM 306 0 0.64777 0.35223 
 ----> peTTM 307 1 0.663482 0.336518 
 ----> peTTM 308 0 0.677786 0.322214 
 ----> peTTM 309 1 0.618448 0.381552 
 ----> peTTM 310 0 0.67798 0.32202 
 ----> peTTM 311 0 0.682296 0.317704 
 ----> peTTM 312 0 0.657981 0.342019 
 ----> peTTM 313 1 0.638349 0.361651 
 ----> peTTM 314 0 0.658099 0.341901 
 ----> peTTM 315 0 0.700407 0.299593 
 ----> peTTM 316 0 0.719211 0.280789 
 ----> peTTM 317 0 0.653283 0.346717 
 ----> peTTM 318 0 0.667874 0.332126 
 ----> peTTM 319 0 0.669053 0.330947 
 ----> peTTM 320 0 0.657713 0.342287 
 ----> peTTM 321 1 0.625144 0.374856 
 ----> peTTM 322 1 0.634369 0.365631 
 ----> peTTM 323 0 0.67473 0.32527 
 ----> peTTM 324 0 0.6635 0.3365 
 ----> peTTM 325 0 0.677967 0.322033 
 ----> peTTM 326 1 0.612195 0.387805 
 ----> peTTM 327 1 0.653163 0.346837 
 ----> peTTM 328 0 0.664342 0.335658 
 ----> peTTM 329 0 0.657318 0.342682 
 ----> peTTM 330 0 0.679161 0.320839 
 ----> peTTM 331 0 0.713298 0.286702 
 ----> peTTM 332 0 0.639086 0.360914 
 ----> peTTM 333 1 0.661968 0.338032 
 ----> peTTM 334 1 0.682007 0.317993 
 ----> peTTM 335 0 0.685245 0.314755 
 ----> peTTM 336 1 0.617789 0.382211 
 ----> peTTM 337 1 0.647412 0.352588 
 ----> peTTM 338 1 0.615398 0.384602 
 ----> peTTM 339 0 0.726279 0.273721 
 ----> peTTM 340 0 0.660426 0.339574 
 ----> peTTM 341 1 0.597205 0.402795 
 ----> peTTM 342 1 0.650083 0.349917 
 ----> peTTM 343 0 0.709865 0.290135 
 ----> peTTM 344 0 0.651361 0.348639 
 ----> peTTM 345 0 0.674867 0.325133 
 ----> peTTM 346 0 0.693911 0.306089 
 ----> peTTM 347 1 0.674865 0.325135 
 ----> peTTM 348 0 0.678256 0.321744 
 ----> peTTM 349 0 0.692461 0.307539 
 ----> peTTM 350 1 0.672196 0.327804 
 ----> peTTM 351 0 0.650735 0.349265 
 ----> peTTM 352 0 0.684106 0.315894 
 ----> peTTM 353 0 0.685154 0.314846 
 ----> peTTM 354 0 0.674318 0.325682 
 ----> peTTM 355 0 0.672269 0.327731 
 ----> peTTM 356 0 0.695322 0.304678 
 ----> peTTM 357 1 0.621405 0.378595 
 ----> peTTM 358 0 0.671321 0.328679 
 ----> peTTM 359 0 0.636788 0.363212 
 ----> peTTM 360 0 0.695667 0.304333 
 ----> peTTM 361 0 0.693842 0.306158 
 ----> peTTM 362 1 0.682717 0.317283 
 ----> peTTM 363 0 0.680189 0.319811 
 ----> peTTM 364 0 0.675005 0.324995 
 ----> peTTM 365 0 0.689138 0.310862 
 ----> peTTM 366 1 0.684305 0.315695 
 ----> peTTM 367 0 0.670775 0.329225 
 ----> peTTM 368 0 0.65234 0.34766 
 ----> peTTM 369 0 0.693076 0.306924 
 ----> peTTM 370 1 0.687722 0.312278 
 ----> peTTM 371 0 0.668416 0.331584 
 ----> peTTM 372 0 0.684137 0.315863 
 ----> peTTM 373 0 0.653935 0.346065 
 ----> peTTM 374 0 0.675319 0.324681 
 ----> peTTM 375 1 0.636615 0.363385 
 ----> peTTM 376 0 0.640453 0.359547 
 ----> peTTM 377 0 0.671075 0.328925 
 ----> peTTM 378 1 0.677851 0.322149 
 ----> peTTM 379 0 0.645708 0.354292 
 ----> peTTM 380 0 0.650085 0.349915 
 ----> peTTM 381 0 0.684506 0.315494 
 ----> peTTM 382 0 0.681018 0.318982 
 ----> peTTM 383 0 0.649857 0.350143 
 ----> peTTM 384 0 0.654935 0.345065 
 ----> peTTM 385 1 0.640661 0.359339 
 ----> peTTM 386 0 0.648853 0.351147 
 ----> peTTM 387 1 0.631609 0.368391 
 ----> peTTM 388 1 0.646606 0.353394 
 ----> peTTM 389 0 0.658854 0.341146 
 ----> peTTM 390 0 0.684693 0.315307 
 ----> peTTM 391 0 0.676004 0.323996 
 ----> peTTM 392 1 0.644393 0.355607 
 ----> peTTM 393 1 0.673259 0.326741 
 ----> peTTM 394 0 0.673458 0.326542 
 ----> peTTM 395 0 0.658889 0.341111 
 ----> peTTM 396 0 0.714262 0.285738 
 ----> peTTM 397 0 0.665806 0.334194 
 ----> peTTM 398 1 0.661338 0.338662 
 ----> peTTM 399 1 0.650937 0.349063 
 ----> peTTM 400 1 0.644336 0.355664 
 ----> peTTM 401 0 0.672252 0.327748 
 ----> peTTM 402 0 0.71794 0.28206 
 ----> peTTM 403 0 0.641862 0.358138 
 ----> peTTM 404 0 0.65962 0.34038 
 ----> peTTM 405 0 0.702015 0.297985 
 ----> peTTM 406 1 0.648488 0.351512 
 ----> peTTM 407 1 0.637672 0.362328 
 ----> peTTM 408 0 0.663207 0.336793 
 ----> peTTM 409 1 0.629994 0.370006 
 ----> peTTM 410 0 0.668965 0.331035 
 ----> peTTM 411 0 0.717476 0.282524 
 ----> peTTM 412 1 0.659854 0.340146 
 ----> peTTM 413 1 0.663648 0.336352 
 ----> peTTM 414 0 0.701213 0.298787 
 ----> peTTM 415 1 0.641494 0.358506 
 ----> peTTM 416 0 0.664081 0.335919 
 ----> peTTM 417 0 0.678995 0.321005 
 ----> peTTM 418 1 0.645229 0.354771 
 ----> peTTM 419 0 0.66267 0.33733 
 ----> peTTM 420 0 0.688022 0.311978 
 ----> peTTM 421 0 0.650694 0.349306 
 ----> peTTM 422 0 0.669481 0.330519 
 ----> peTTM 423 0 0.6924 0.3076 
 ----> peTTM 424 0 0.691112 0.308888 
 ----> peTTM 425 0 0.660573 0.339427 
 ----> peTTM 426 1 0.642728 0.357272 
 ----> peTTM 427 0 0.64847 0.35153 
 ----> peTTM 428 0 0.63159 0.36841 
 ----> peTTM 429 0 0.675976 0.324024 
 ----> peTTM 430 0 0.69246 0.30754 
 ----> peTTM 431 0 0.647721 0.352279 
 ----> peTTM 432 0 0.673003 0.326997 
 ----> peTTM 433 0 0.709813 0.290187 
 ----> peTTM 434 0 0.691342 0.308658 
 ----> peTTM 435 1 0.6815 0.3185 
 ----> peTTM 436 0 0.735661 0.264339 
 ----> peTTM 437 0 0.700158 0.299842 
 ----> peTTM 438 0 0.665186 0.334814 
 ----> peTTM 439 0 0.670594 0.329406 
 ----> peTTM 440 0 0.697202 0.302798 
 ----> peTTM 441 0 0.723343 0.276657 
 ----> peTTM 442 0 0.694954 0.305046 
 ----> peTTM 443 0 0.688794 0.311206 
 ----> peTTM 444 0 0.695505 0.304495 
 ----> peTTM 445 1 0.691291 0.308709 
 ----> peTTM 446 0 0.692825 0.307175 
 ----> peTTM 447 0 0.669135 0.330865 
 ----> peTTM 448 0 0.663428 0.336572 
 ----> peTTM 449 0 0.685595 0.314405 
 ----> peTTM 450 0 0.669614 0.330386 
 ----> peTTM 451 0 0.678689 0.321311 
 ----> peTTM 452 0 0.69968 0.30032 
 ----> peTTM 453 0 0.709885 0.290115 
 ----> peTTM 454 1 0.660308 0.339692 
 ----> peTTM 455 0 0.689197 0.310803 
 ----> peTTM 456 0 0.673395 0.326605 
 ----> peTTM 457 0 0.692438 0.307562 
 ----> peTTM 458 1 0.648163 0.351837 
 ----> peTTM 459 0 0.700536 0.299464 
 ----> peTTM 460 0 0.661698 0.338302 
 ----> peTTM 461 1 0.695988 0.304012 
 ----> peTTM 462 0 0.717657 0.282343 
 ----> peTTM 463 0 0.710417 0.289583 
 ----> peTTM 464 0 0.677556 0.322444 
 ----> peTTM 465 0 0.704338 0.295662 
 ----> peTTM 466 0 0.672232 0.327768 
 ----> peTTM 467 1 0.630357 0.369643 
 ----> peTTM 468 0 0.657512 0.342488 
 ----> peTTM 469 0 0.726206 0.273794 
 ----> peTTM 470 1 0.621895 0.378105 
 ----> peTTM 471 1 0.680532 0.319468 
 ----> peTTM 472 0 0.685129 0.314871 
 ----> peTTM 473 1 0.649293 0.350707 
 ----> peTTM 474 0 0.643712 0.356288 
 ----> peTTM 475 0 0.692118 0.307882 
 ----> peTTM 476 0 0.719541 0.280459 
 ----> peTTM 477 1 0.660608 0.339392 
 ----> peTTM 478 0 0.724786 0.275214 
 ----> peTTM 479 1 0.626053 0.373947 
 ----> peTTM 480 0 0.713147 0.286853 
 ----> peTTM 481 0 0.671688 0.328312 
 ----> peTTM 482 0 0.657019 0.342981 
 ----> peTTM 483 1 0.635882 0.364118 
 ----> peTTM 484 0 0.701846 0.298154 
 ----> peTTM 485 0 0.644471 0.355529 
 ----> peTTM 486 0 0.675597 0.324403 
 ----> peTTM 487 0 0.695443 0.304557 
 ----> peTTM 488 1 0.679767 0.320233 
 ----> peTTM 489 1 0.62559 0.37441 
 ----> peTTM 490 0 0.682213 0.317787 
 ----> peTTM 491 1 0.631953 0.368047 
 ----> peTTM 492 0 0.697057 0.302943 
 ----> peTTM 493 0 0.695607 0.304393 
 ----> peTTM 494 0 0.683281 0.316719 
 ----> peTTM 495 1 0.682931 0.317069 
 ----> peTTM 496 0 0.669447 0.330553 
 ----> peTTM 497 0 0.69725 0.30275 
 ----> peTTM 498 0 0.68841 0.31159 
 ----> peTTM 499 1 0.665919 0.334081 
 ----> peTTM 500 1 0.65449 0.34551 
 ----> peTTM 501 0 0.691557 0.308443 
 ----> peTTM 502 0 0.703577 0.296423 
 ----> peTTM 503 0 0.66836 0.33164 
 ----> peTTM 504 0 0.687433 0.312567 
 ----> peTTM 505 0 0.696058 0.303942 
 ----> peTTM 506 0 0.686065 0.313935 
 ----> peTTM 507 0 0.68665 0.31335 
 ----> peTTM 508 1 0.649483 0.350517 
 ----> peTTM 509 1 0.637544 0.362456 
 ----> peTTM 510 0 0.661588 0.338412 
 ----> peTTM 511 0 0.635135 0.364865 
 ----> peTTM 512 0 0.655902 0.344098 
 ----> peTTM 513 0 0.677067 0.322933 
 ----> peTTM 514 1 0.666689 0.333311 
 ----> peTTM 515 0 0.6564 0.3436 
 ----> peTTM 516 0 0.69591 0.30409 
 ----> peTTM 517 1 0.647822 0.352178 
 ----> peTTM 518 0 0.705441 0.294559 
 ----> peTTM 519 0 0.667075 0.332925 
 ----> peTTM 520 1 0.636073 0.363927 
 ----> peTTM 521 1 0.641309 0.358691 
 ----> peTTM 522 0 0.670008 0.329992 
 ----> peTTM 523 1 0.606478 0.393522 
 ----> peTTM 524 0 0.673212 0.326788 
 ----> peTTM 525 0 0.647275 0.352725 
 ----> peTTM 526 0 0.69081 0.30919 
 ----> peTTM 527 0 0.676625 0.323375 
 ----> peTTM 528 0 0.665537 0.334463 
 ----> peTTM 529 1 0.631649 0.368351 
 ----> peTTM 530 0 0.641277 0.358723 
 ----> peTTM 531 1 0.627003 0.372997 
 ----> peTTM 532 0 0.642575 0.357425 
 ----> peTTM 533 0 0.629834 0.370166 
 ----> peTTM 534 0 0.703289 0.296711 
 ----> peTTM 535 1 0.642161 0.357839 
 ----> peTTM 536 0 0.699359 0.300641 
 ----> peTTM 537 0 0.71604 0.28396 
 ----> peTTM 538 0 0.693639 0.306361 
 ----> peTTM 539 1 0.611329 0.388671 
 ----> peTTM 540 0 0.631905 0.368095 
 ----> peTTM 541 1 0.600652 0.399348 
 ----> peTTM 542 0 0.633951 0.366049 
 ----> peTTM 543 1 0.655659 0.344341 
 ----> peTTM 544 0 0.662541 0.337459 
 ----> peTTM 545 1 0.641249 0.358751 
 ----> peTTM 546 0 0.688835 0.311165 
 ----> peTTM 547 0 0.670835 0.329165 
 ----> peTTM 548 1 0.605407 0.394593 
 ----> peTTM 549 0 0.66465 0.33535 
 ----> peTTM 550 0 0.651235 0.348765 
 ----> peTTM 551 0 0.669704 0.330296 
 ----> peTTM 552 1 0.648476 0.351524 
 ----> peTTM 553 1 0.62315 0.37685 
 ----> peTTM 554 1 0.643371 0.356629 
 ----> peTTM 555 1 0.569838 0.430162 
 ----> peTTM 556 0 0.66045 0.33955 
 ----> peTTM 557 0 0.651292 0.348708 
 ----> peTTM 558 0 0.647876 0.352124 
 ----> peTTM 559 0 0.661187 0.338813 
 ----> peTTM 560 0 0.663208 0.336792 
 ----> peTTM 561 1 0.623839 0.376161 
 ----> peTTM 562 0 0.677761 0.322239 
 ----> peTTM 563 0 0.699791 0.300209 
 ----> peTTM 564 0 0.64241 0.35759 
 ----> peTTM 565 0 0.654033 0.345967 
 ----> peTTM 566 0 0.677733 0.322267 
 ----> peTTM 567 0 0.682015 0.317985 
 ----> peTTM 568 0 0.688658 0.311342 
 ----> peTTM 569 1 0.63321 0.36679 
 ----> peTTM 570 0 0.661158 0.338842 
 ----> peTTM 571 1 0.66835 0.33165 
 ----> peTTM 572 0 0.661433 0.338567 
 ----> peTTM 573 0 0.637488 0.362512 
 ----> peTTM 574 0 0.704148 0.295852 
 ----> peTTM 575 1 0.647582 0.352418 
 ----> peTTM 576 0 0.62138 0.37862 
 ----> peTTM 577 1 0.653847 0.346153 
 ----> peTTM 578 0 0.734955 0.265045 
 ----> peTTM 579 0 0.710525 0.289475 
 ----> peTTM 580 1 0.676823 0.323177 
 ----> peTTM 581 0 0.661248 0.338752 
 ----> peTTM 582 0 0.687482 0.312518 
 ----> peTTM 583 1 0.625559 0.374441 
 ----> peTTM 584 0 0.678065 0.321935 
 ----> peTTM 585 0 0.680268 0.319732 
 ----> peTTM 586 0 0.714731 0.285269 
 ----> peTTM 587 0 0.680763 0.319237 
 ----> peTTM 588 0 0.669598 0.330402 
 ----> peTTM 589 1 0.638286 0.361714 
 ----> peTTM 590 0 0.645113 0.354887 
 ----> peTTM 591 1 0.640951 0.359049 
 ----> peTTM 592 1 0.599989 0.400011 
 ----> peTTM 593 0 0.69038 0.30962 
 ----> peTTM 594 0 0.67072 0.32928 
 ----> peTTM 595 0 0.681699 0.318301 
 ----> peTTM 596 0 0.674351 0.325649 
 ----> peTTM 597 0 0.667096 0.332904 
 ----> peTTM 598 0 0.690404 0.309596 
 ----> peTTM 599 0 0.661236 0.338764 
 ----> peTTM 600 0 0.702667 0.297333 
 ----> peTTM 601 0 0.681064 0.318936 
 ----> peTTM 602 1 0.652911 0.347089 
 ----> peTTM 603 0 0.665559 0.334441 
 ----> peTTM 604 0 0.684453 0.315547 
 ----> peTTM 605 0 0.664587 0.335413 
 ----> peTTM 606 0 0.701607 0.298393 
 ----> peTTM 607 1 0.630289 0.369711 
 ----> peTTM 608 0 0.683978 0.316022 
 ----> peTTM 609 0 0.656791 0.343209 
 ----> peTTM 610 0 0.724175 0.275825 
 ----> peTTM 611 0 0.671646 0.328354 
 ----> peTTM 612 0 0.67427 0.32573 
 ----> peTTM 613 0 0.668219 0.331781 
 ----> peTTM 614 0 0.661036 0.338964 
 ----> peTTM 615 0 0.668642 0.331358 
 ----> peTTM 616 0 0.691031 0.308969 
 ----> peTTM 617 0 0.685432 0.314568 
 ----> peTTM 618 0 0.68557 0.31443 
 ----> peTTM 619 1 0.621657 0.378343 
 ----> peTTM 620 0 0.696546 0.303454 
 ----> peTTM 621 0 0.694269 0.305731 
 ----> peTTM 622 0 0.689774 0.310226 
 ----> peTTM 623 1 0.65007 0.34993 
 ----> peTTM 624 0 0.706371 0.293629 
 ----> peTTM 625 0 0.685493 0.314507 
 ----> peTTM 626 0 0.719263 0.280737 
 ----> peTTM 627 0 0.679715 0.320285 
 ----> peTTM 628 1 0.66947 0.33053 
 ----> peTTM 629 0 0.703611 0.296389 
 ----> peTTM 630 0 0.695674 0.304326 
 ----> peTTM 631 1 0.667284 0.332716 
 ----> peTTM 632 1 0.647947 0.352053 
 ----> peTTM 633 0 0.681547 0.318453 
 ----> peTTM 634 1 0.665494 0.334506 
 ----> peTTM 635 0 0.668787 0.331213 
 ----> peTTM 636 1 0.669124 0.330876 
 ----> peTTM 637 0 0.692996 0.307004 
 ----> peTTM 638 0 0.676613 0.323387 
 ----> peTTM 639 1 0.699039 0.300961 
 ----> peTTM 640 0 0.684946 0.315054 
 ----> peTTM 641 0 0.696814 0.303186 
 ----> peTTM 642 0 0.672109 0.327891 
 ----> peTTM 643 0 0.68006 0.31994 
 ----> peTTM 644 0 0.660333 0.339667 
 ----> peTTM 645 0 0.682818 0.317182 
 ----> peTTM 646 1 0.655298 0.344702 
 ----> peTTM 647 0 0.708902 0.291098 
 ----> peTTM 648 0 0.644139 0.355861 
 ----> peTTM 649 0 0.658065 0.341935 
 ----> peTTM 650 0 0.677885 0.322115 
 ----> peTTM 651 1 0.632882 0.367118 
 ----> peTTM 652 0 0.708975 0.291025 
 ----> peTTM 653 1 0.631919 0.368081 
 ----> peTTM 654 0 0.672555 0.327445 
 ----> peTTM 655 0 0.687878 0.312122 
 ----> peTTM 656 0 0.719965 0.280035 
 ----> peTTM 657 0 0.710762 0.289238 
 ----> peTTM 658 0 0.694167 0.305833 
 ----> peTTM 659 0 0.6719 0.3281 
 ----> peTTM 660 0 0.73522 0.26478 
 ----> peTTM 661 0 0.677012 0.322988 
 ----> peTTM 662 0 0.698754 0.301246 
 ----> peTTM 663 1 0.652936 0.347064 
 ----> peTTM 664 1 0.62782 0.37218 
 ----> peTTM 665 0 0.690485 0.309515 
 ----> peTTM 666 0 0.672396 0.327604 
 ----> peTTM 667 0 0.640671 0.359329 
 ----> peTTM 668 0 0.661597 0.338403 
 ----> peTTM 669 0 0.658644 0.341356 
 ----> peTTM 670 0 0.642847 0.357153 
 ----> peTTM 671 0 0.705482 0.294518 
 ----> peTTM 672 0 0.688928 0.311072 
 ----> peTTM 673 0 0.681965 0.318035 
 ----> peTTM 674 1 0.660014 0.339986 
 ----> peTTM 675 1 0.645011 0.354989 
 ----> peTTM 676 0 0.674074 0.325926 
 ----> peTTM 677 1 0.652693 0.347307 
 ----> peTTM 678 1 0.63059 0.36941 
 ----> peTTM 679 0 0.688573 0.311427 
 ----> peTTM 680 1 0.631712 0.368288 
 ----> peTTM 681 0 0.68479 0.31521 
 ----> peTTM 682 0 0.681885 0.318115 
 ----> peTTM 683 0 0.690881 0.309119 
 ----> peTTM 684 0 0.646581 0.353419 
 ----> peTTM 685 0 0.676815 0.323185 
 ----> peTTM 686 0 0.691902 0.308098 
 ----> peTTM 687 0 0.636759 0.363241 
 ----> peTTM 688 0 0.670382 0.329618 
 ----> peTTM 689 0 0.661864 0.338136 
 ----> peTTM 690 1 0.655896 0.344104 
 ----> peTTM 691 0 0.65302 0.34698 
 ----> peTTM 692 0 0.648722 0.351278 
 ----> peTTM 693 1 0.598025 0.401975 
 ----> peTTM 694 0 0.659382 0.340618 
 ----> peTTM 695 0 0.720849 0.279151 
 ----> peTTM 696 0 0.710168 0.289832 
 ----> peTTM 697 0 0.626325 0.373675 
 ----> peTTM 698 1 0.638129 0.361871 
 ----> peTTM 699 0 0.655073 0.344927 
 ----> peTTM 700 1 0.694928 0.305072 
 ----> peTTM 701 0 0.702287 0.297713 
 ----> peTTM 702 0 0.679901 0.320099 
 ----> peTTM 703 0 0.664286 0.335714 
 ----> peTTM 704 0 0.690799 0.309201 
 ----> peTTM 705 0 0.663138 0.336862 
 ----> peTTM 706 0 0.659828 0.340172 
 ----> peTTM 707 0 0.674135 0.325865 
 ----> peTTM 708 0 0.67957 0.32043 
 ----> peTTM 709 0 0.704565 0.295435 
 ----> peTTM 710 0 0.678856 0.321144 
 ----> peTTM 711 0 0.684702 0.315298 
 ----> peTTM 712 0 0.649566 0.350434 
 ----> peTTM 713 1 0.672465 0.327535 
 ----> peTTM 714 1 0.670322 0.329678 
 ----> peTTM 715 1 0.6787 0.3213 
 ----> peTTM 716 1 0.644742 0.355258 
 ----> peTTM 717 0 0.678414 0.321586 
 ----> peTTM 718 0 0.685915 0.314085 
