 ----> peTTM 1 1 0 0 
 ----> peTTM 2 0 0.666447 0.333553 
 ----> peTTM 3 1 0.635075 0.364925 
 ----> peTTM 4 1 0.676205 0.323795 
 ----> peTTM 5 1 0.633445 0.366555 
 ----> peTTM 6 1 0.66728 0.33272 
 ----> peTTM 7 0 0.668206 0.331794 
 ----> peTTM 8 0 0.648442 0.351558 
 ----> peTTM 9 0 0.677245 0.322755 
 ----> peTTM 10 1 0.667958 0.332042 
 ----> peTTM 11 1 0.64341 0.35659 
 ----> peTTM 12 0 0.672287 0.327713 
 ----> peTTM 13 0 0.655784 0.344216 
 ----> peTTM 14 1 0.663723 0.336277 
 ----> peTTM 15 1 0.65496 0.34504 
 ----> peTTM 16 1 0.648954 0.351046 
 ----> peTTM 17 1 0.691809 0.308191 
 ----> peTTM 18 0 0.651453 0.348547 
 ----> peTTM 19 0 0.638165 0.361835 
 ----> peTTM 20 0 0.634067 0.365933 
 ----> peTTM 21 1 0.699474 0.300526 
 ----> peTTM 22 0 0.625327 0.374673 
 ----> peTTM 23 0 0.701583 0.298417 
 ----> peTTM 24 0 0.605535 0.394465 
 ----> peTTM 25 0 0.660411 0.339589 
 ----> peTTM 26 1 0.69671 0.30329 
 ----> peTTM 27 1 0.626629 0.373371 
 ----> peTTM 28 1 0.671123 0.328877 
 ----> peTTM 29 0 0.695901 0.304099 
 ----> peTTM 30 0 0.672491 0.327509 
 ----> peTTM 31 0 0.622443 0.377557 
 ----> peTTM 32 0 0.696185 0.303815 
 ----> peTTM 33 0 0.645885 0.354115 
 ----> peTTM 34 0 0.699866 0.300134 
 ----> peTTM 35 1 0.607531 0.392469 
 ----> peTTM 36 0 0.728778 0.271222 
 ----> peTTM 37 0 0.66217 0.33783 
 ----> peTTM 38 0 0.670435 0.329565 
 ----> peTTM 39 0 0.663461 0.336539 
 ----> peTTM 40 1 0.590001 0.409999 
 ----> peTTM 41 1 0.605772 0.394228 
 ----> peTTM 42 1 0.672835 0.327165 
 ----> peTTM 43 0 0.636967 0.363033 
 ----> peTTM 44 1 0.688745 0.311255 
 ----> peTTM 45 1 0.668939 0.331061 
 ----> peTTM 46 0 0.625021 0.374979 
 ----> peTTM 47 1 0.679056 0.320944 
 ----> peTTM 48 1 0.627325 0.372675 
 ----> peTTM 49 1 0.612921 0.387079 
 ----> peTTM 50 1 0.696632 0.303368 
 ----> peTTM 51 0 0.62167 0.37833 
 ----> peTTM 52 1 0.627732 0.372268 
 ----> peTTM 53 0 0.681432 0.318568 
 ----> peTTM 54 0 0.653623 0.346377 
 ----> peTTM 55 0 0.682735 0.317265 
 ----> peTTM 56 1 0.63964 0.36036 
 ----> peTTM 57 1 0.646658 0.353342 
 ----> peTTM 58 0 0.683212 0.316788 
 ----> peTTM 59 1 0.658795 0.341205 
 ----> peTTM 60 0 0.655794 0.344206 
 ----> peTTM 61 0 0.645788 0.354212 
 ----> peTTM 62 0 0.686693 0.313307 
 ----> peTTM 63 1 0.675875 0.324125 
 ----> peTTM 64 1 0.65058 0.34942 
 ----> peTTM 65 0 0.709462 0.290538 
 ----> peTTM 66 0 0.703068 0.296932 
 ----> peTTM 67 1 0.655568 0.344432 
 ----> peTTM 68 1 0.675794 0.324206 
 ----> peTTM 69 0 0.752944 0.247056 
 ----> peTTM 70 1 0.583868 0.416132 
 ----> peTTM 71 1 0.552506 0.447494 
 ----> peTTM 72 1 0.564887 0.435113 
 ----> peTTM 73 0 0.685815 0.314185 
 ----> peTTM 74 0 0.759787 0.240213 
 ----> peTTM 75 0 0.630844 0.369156 
 ----> peTTM 76 1 0.634147 0.365853 
 ----> peTTM 77 0 0.696483 0.303517 
 ----> peTTM 78 1 0.597591 0.402409 
 ----> peTTM 79 0 0.696201 0.303799 
 ----> peTTM 80 1 0.690679 0.309321 
 ----> peTTM 81 1 0.649943 0.350057 
 ----> peTTM 82 1 0.667622 0.332378 
 ----> peTTM 83 1 0.623192 0.376808 
 ----> peTTM 84 1 0.673447 0.326553 
 ----> peTTM 85 0 0.633887 0.366113 
 ----> peTTM 86 0 0.709481 0.290519 
 ----> peTTM 87 1 0.621332 0.378668 
 ----> peTTM 88 1 0.661607 0.338393 
 ----> peTTM 89 1 0.676751 0.323249 
 ----> peTTM 90 1 0.686093 0.313907 
 ----> peTTM 91 1 0.601688 0.398312 
 ----> peTTM 92 0 0.673698 0.326302 
 ----> peTTM 93 0 0.699036 0.300964 
 ----> peTTM 94 1 0.639066 0.360934 
 ----> peTTM 95 0 0.684483 0.315517 
 ----> peTTM 96 0 0.696685 0.303315 
 ----> peTTM 97 1 0.635653 0.364347 
 ----> peTTM 98 1 0.545964 0.454036 
 ----> peTTM 99 1 0.49443 0.50557 
 ----> peTTM 100 0 0.665932 0.334068 
 ----> peTTM 101 1 0.677498 0.322502 
 ----> peTTM 102 0 0.710274 0.289726 
 ----> peTTM 103 0 0.739131 0.260869 
 ----> peTTM 104 0 0.655201 0.344799 
 ----> peTTM 105 1 0.632941 0.367059 
 ----> peTTM 106 0 0.694867 0.305133 
 ----> peTTM 107 0 0.764674 0.235326 
 ----> peTTM 108 0 0.656954 0.343046 
 ----> peTTM 109 0 0.688963 0.311037 
 ----> peTTM 110 1 0.665203 0.334797 
 ----> peTTM 111 0 0.595846 0.404154 
 ----> peTTM 112 0 0.692817 0.307183 
 ----> peTTM 113 1 0.643243 0.356757 
 ----> peTTM 114 1 0.668819 0.331181 
 ----> peTTM 115 0 0.625433 0.374567 
 ----> peTTM 116 0 0.667508 0.332492 
 ----> peTTM 117 1 0.626963 0.373037 
 ----> peTTM 118 1 0.618365 0.381635 
 ----> peTTM 119 1 0.716402 0.283598 
 ----> peTTM 120 0 0.632836 0.367164 
 ----> peTTM 121 0 0.647356 0.352644 
 ----> peTTM 122 1 0.599842 0.400158 
 ----> peTTM 123 1 0.648116 0.351884 
 ----> peTTM 124 0 0.659914 0.340086 
 ----> peTTM 125 1 0.639413 0.360587 
 ----> peTTM 126 0 0.637416 0.362584 
 ----> peTTM 127 0 0.692406 0.307594 
 ----> peTTM 128 0 0.711905 0.288095 
 ----> peTTM 129 1 0.651491 0.348509 
 ----> peTTM 130 0 0.633196 0.366804 
 ----> peTTM 131 0 0.720729 0.279271 
 ----> peTTM 132 0 0.698319 0.301681 
 ----> peTTM 133 1 0.61873 0.38127 
 ----> peTTM 134 1 0.62602 0.37398 
 ----> peTTM 135 1 0.633676 0.366324 
 ----> peTTM 136 0 0.686857 0.313143 
 ----> peTTM 137 1 0.664886 0.335114 
 ----> peTTM 138 0 0.629888 0.370112 
 ----> peTTM 139 0 0.707071 0.292929 
 ----> peTTM 140 1 0.642083 0.357917 
 ----> peTTM 141 0 0.660524 0.339476 
 ----> peTTM 142 1 0.659088 0.340912 
 ----> peTTM 143 0 0.705968 0.294032 
 ----> peTTM 144 1 0.662981 0.337019 
 ----> peTTM 145 0 0.630796 0.369204 
 ----> peTTM 146 0 0.6681 0.3319 
 ----> peTTM 147 0 0.641364 0.358636 
 ----> peTTM 148 0 0.67596 0.32404 
 ----> peTTM 149 1 0.627306 0.372694 
 ----> peTTM 150 1 0.680393 0.319607 
 ----> peTTM 151 1 0.634424 0.365576 
 ----> peTTM 152 0 0.655373 0.344627 
 ----> peTTM 153 0 0.654068 0.345932 
 ----> peTTM 154 0 0.69593 0.30407 
 ----> peTTM 155 1 0.587618 0.412382 
 ----> peTTM 156 1 0.599245 0.400755 
 ----> peTTM 157 1 0.64913 0.35087 
 ----> peTTM 158 0 0.62535 0.37465 
 ----> peTTM 159 1 0.595314 0.404686 
 ----> peTTM 160 0 0.709428 0.290572 
 ----> peTTM 161 0 0.719739 0.280261 
 ----> peTTM 162 1 0.599487 0.400513 
 ----> peTTM 163 1 0.696863 0.303137 
 ----> peTTM 164 1 0.616135 0.383865 
 ----> peTTM 165 1 0.646936 0.353064 
 ----> peTTM 166 0 0.724444 0.275556 
 ----> peTTM 167 1 0.663172 0.336828 
 ----> peTTM 168 0 0.682271 0.317729 
 ----> peTTM 169 0 0.716306 0.283694 
 ----> peTTM 170 1 0.642916 0.357084 
 ----> peTTM 171 1 0.633854 0.366146 
 ----> peTTM 172 0 0.604354 0.395646 
 ----> peTTM 173 1 0.663809 0.336191 
 ----> peTTM 174 0 0.72893 0.27107 
 ----> peTTM 175 1 0.666898 0.333102 
 ----> peTTM 176 0 0.712304 0.287696 
 ----> peTTM 177 0 0.705448 0.294552 
 ----> peTTM 178 1 0.603226 0.396774 
 ----> peTTM 179 0 0.695052 0.304948 
 ----> peTTM 180 0 0.643706 0.356294 
 ----> peTTM 181 0 0.691858 0.308142 
 ----> peTTM 182 0 0.609692 0.390308 
 ----> peTTM 183 1 0.69441 0.30559 
 ----> peTTM 184 1 0.635638 0.364362 
 ----> peTTM 185 0 0.710044 0.289956 
 ----> peTTM 186 0 0.606865 0.393135 
 ----> peTTM 187 0 0.750597 0.249403 
 ----> peTTM 188 1 0.47567 0.52433 
 ----> peTTM 189 1 0.6716 0.3284 
 ----> peTTM 190 0 0.716811 0.283189 
 ----> peTTM 191 0 0.647473 0.352527 
 ----> peTTM 192 1 0.638141 0.361859 
 ----> peTTM 193 0 0.710266 0.289734 
 ----> peTTM 194 0 0.602771 0.397229 
 ----> peTTM 195 0 0.676594 0.323406 
 ----> peTTM 196 1 0.617841 0.382159 
 ----> peTTM 197 0 0.675733 0.324267 
 ----> peTTM 198 0 0.692607 0.307393 
 ----> peTTM 199 0 0.653572 0.346428 
 ----> peTTM 200 0 0.642364 0.357636 
 ----> peTTM 201 0 0.685375 0.314625 
 ----> peTTM 202 0 0.689256 0.310744 
 ----> peTTM 203 1 0.617364 0.382636 
 ----> peTTM 204 1 0.693094 0.306906 
 ----> peTTM 205 0 0.616273 0.383727 
 ----> peTTM 206 1 0.617536 0.382464 
 ----> peTTM 207 1 0.687011 0.312989 
 ----> peTTM 208 0 0.703044 0.296956 
 ----> peTTM 209 0 0.659989 0.340011 
 ----> peTTM 210 0 0.617089 0.382911 
 ----> peTTM 211 0 0.636361 0.363639 
 ----> peTTM 212 0 0.692735 0.307265 
 ----> peTTM 213 1 0.648343 0.351657 
 ----> peTTM 214 0 0.690223 0.309777 
 ----> peTTM 215 1 0.715978 0.284022 
 ----> peTTM 216 0 0.657974 0.342026 
 ----> peTTM 217 1 0.637346 0.362654 
 ----> peTTM 218 0 0.689917 0.310083 
 ----> peTTM 219 0 0.615986 0.384014 
 ----> peTTM 220 0 0.652023 0.347977 
 ----> peTTM 221 0 0.697337 0.302663 
 ----> peTTM 222 1 0.707402 0.292598 
 ----> peTTM 223 1 0.588996 0.411004 
 ----> peTTM 224 0 0.666526 0.333474 
 ----> peTTM 225 1 0.580141 0.419859 
 ----> peTTM 226 1 0.573749 0.426251 
 ----> peTTM 227 0 0.683896 0.316104 
 ----> peTTM 228 0 0.6461 0.3539 
 ----> peTTM 229 0 0.663557 0.336443 
 ----> peTTM 230 0 0.68055 0.31945 
 ----> peTTM 231 0 0.663157 0.336843 
 ----> peTTM 232 1 0.640242 0.359758 
 ----> peTTM 233 0 0.650646 0.349354 
 ----> peTTM 234 0 0.684513 0.315487 
 ----> peTTM 235 0 0.694004 0.305996 
 ----> peTTM 236 1 0.617904 0.382096 
 ----> peTTM 237 0 0.723961 0.276039 
 ----> peTTM 238 0 0.633626 0.366374 
 ----> peTTM 239 0 0.692167 0.307833 
 ----> peTTM 240 1 0.515963 0.484037 
 ----> peTTM 241 0 0.698904 0.301096 
 ----> peTTM 242 1 0.609047 0.390953 
 ----> peTTM 243 0 0.668283 0.331717 
 ----> peTTM 244 1 0.633221 0.366779 
 ----> peTTM 245 1 0.69173 0.30827 
 ----> peTTM 246 0 0.694111 0.305889 
 ----> peTTM 247 0 0.621757 0.378243 
 ----> peTTM 248 1 0.676126 0.323874 
 ----> peTTM 249 1 0.650706 0.349294 
 ----> peTTM 250 0 0.684178 0.315822 
 ----> peTTM 251 0 0.653484 0.346516 
 ----> peTTM 252 0 0.643043 0.356957 
 ----> peTTM 253 1 0.643178 0.356822 
 ----> peTTM 254 0 0.696707 0.303293 
 ----> peTTM 255 1 0.625824 0.374176 
 ----> peTTM 256 0 0.671934 0.328066 
 ----> peTTM 257 0 0.668954 0.331046 
 ----> peTTM 258 0 0.71582 0.28418 
 ----> peTTM 259 0 0.672626 0.327374 
 ----> peTTM 260 1 0.698896 0.301104 
 ----> peTTM 261 1 0.632182 0.367818 
 ----> peTTM 262 0 0.694149 0.305851 
 ----> peTTM 263 1 0.627022 0.372978 
 ----> peTTM 264 1 0.540937 0.459063 
 ----> peTTM 265 1 0.512376 0.487624 
 ----> peTTM 266 0 0.647645 0.352355 
 ----> peTTM 267 0 0.677995 0.322005 
 ----> peTTM 268 0 0.705474 0.294526 
 ----> peTTM 269 0 0.699333 0.300667 
 ----> peTTM 270 1 0.650362 0.349638 
 ----> peTTM 271 1 0.659072 0.340928 
 ----> peTTM 272 0 0.671021 0.328979 
 ----> peTTM 273 0 0.71543 0.28457 
 ----> peTTM 274 1 0.591709 0.408291 
 ----> peTTM 275 1 0.699986 0.300014 
 ----> peTTM 276 0 0.64034 0.35966 
 ----> peTTM 277 0 0.71756 0.28244 
 ----> peTTM 278 0 0.644495 0.355505 
 ----> peTTM 279 1 0.646644 0.353356 
 ----> peTTM 280 1 0.613847 0.386153 
 ----> peTTM 281 0 0.699493 0.300507 
 ----> peTTM 282 1 0.633831 0.366169 
 ----> peTTM 283 1 0.620201 0.379799 
 ----> peTTM 284 1 0.649019 0.350981 
 ----> peTTM 285 0 0.783059 0.216941 
 ----> peTTM 286 0 0.649218 0.350782 
 ----> peTTM 287 0 0.690366 0.309634 
 ----> peTTM 288 1 0.659139 0.340861 
 ----> peTTM 289 0 0.770889 0.229111 
 ----> peTTM 290 0 0.697199 0.302801 
 ----> peTTM 291 1 0.612238 0.387762 
 ----> peTTM 292 0 0.676601 0.323399 
 ----> peTTM 293 1 0.659252 0.340748 
 ----> peTTM 294 1 0.572623 0.427377 
 ----> peTTM 295 0 0.701556 0.298444 
 ----> peTTM 296 0 0.610393 0.389607 
 ----> peTTM 297 0 0.693216 0.306784 
 ----> peTTM 298 1 0.597925 0.402075 
 ----> peTTM 299 0 0.703725 0.296275 
 ----> peTTM 300 0 0.634126 0.365874 
 ----> peTTM 301 0 0.669469 0.330531 
 ----> peTTM 302 0 0.675712 0.324288 
 ----> peTTM 303 0 0.765445 0.234555 
 ----> peTTM 304 0 0.591028 0.408972 
 ----> peTTM 305 0 0.710984 0.289016 
 ----> peTTM 306 0 0.712512 0.287488 
 ----> peTTM 307 1 0.70422 0.29578 
 ----> peTTM 308 0 0.672471 0.327529 
 ----> peTTM 309 1 0.625196 0.374804 
 ----> peTTM 310 0 0.753534 0.246466 
 ----> peTTM 311 0 0.710135 0.289865 
 ----> peTTM 312 0 0.751216 0.248784 
 ----> peTTM 313 1 0.636896 0.363104 
 ----> peTTM 314 0 0.687121 0.312879 
 ----> peTTM 315 0 0.704078 0.295922 
 ----> peTTM 316 0 0.691027 0.308973 
 ----> peTTM 317 0 0.646324 0.353676 
 ----> peTTM 318 0 0.688481 0.311519 
 ----> peTTM 319 0 0.587222 0.412778 
 ----> peTTM 320 0 0.65982 0.34018 
 ----> peTTM 321 1 0.601884 0.398116 
 ----> peTTM 322 1 0.687241 0.312759 
 ----> peTTM 323 0 0.689498 0.310502 
 ----> peTTM 324 0 0.643765 0.356235 
 ----> peTTM 325 0 0.706254 0.293746 
 ----> peTTM 326 1 0.633504 0.366496 
 ----> peTTM 327 1 0.594591 0.405409 
 ----> peTTM 328 0 0.738934 0.261066 
 ----> peTTM 329 0 0.690695 0.309305 
 ----> peTTM 330 0 0.702991 0.297009 
 ----> peTTM 331 0 0.588575 0.411425 
 ----> peTTM 332 0 0.683646 0.316354 
 ----> peTTM 333 1 0.595633 0.404367 
 ----> peTTM 334 1 0.667563 0.332437 
 ----> peTTM 335 0 0.632054 0.367946 
 ----> peTTM 336 1 0.669705 0.330295 
 ----> peTTM 337 1 0.601365 0.398635 
 ----> peTTM 338 1 0.673527 0.326473 
 ----> peTTM 339 0 0.685769 0.314231 
 ----> peTTM 340 0 0.667259 0.332741 
 ----> peTTM 341 1 0.604225 0.395775 
 ----> peTTM 342 1 0.620022 0.379978 
 ----> peTTM 343 0 0.730882 0.269118 
 ----> peTTM 344 0 0.717446 0.282554 
 ----> peTTM 345 0 0.659845 0.340155 
 ----> peTTM 346 0 0.707507 0.292493 
 ----> peTTM 347 1 0.652628 0.347372 
 ----> peTTM 348 0 0.614236 0.385764 
 ----> peTTM 349 0 0.650471 0.349529 
 ----> peTTM 350 1 0.668413 0.331587 
 ----> peTTM 351 0 0.670174 0.329826 
 ----> peTTM 352 0 0.678716 0.321284 
 ----> peTTM 353 0 0.697783 0.302217 
 ----> peTTM 354 0 0.711028 0.288972 
 ----> peTTM 355 0 0.685452 0.314548 
 ----> peTTM 356 0 0.687794 0.312206 
 ----> peTTM 357 1 0.584769 0.415231 
 ----> peTTM 358 0 0.70446 0.29554 
 ----> peTTM 359 0 0.636685 0.363315 
 ----> peTTM 360 0 0.72532 0.27468 
 ----> peTTM 361 0 0.594964 0.405036 
 ----> peTTM 362 1 0.653303 0.346697 
 ----> peTTM 363 0 0.640513 0.359487 
 ----> peTTM 364 0 0.654152 0.345848 
 ----> peTTM 365 0 0.662849 0.337151 
 ----> peTTM 366 1 0.670041 0.329959 
 ----> peTTM 367 0 0.679114 0.320886 
 ----> peTTM 368 0 0.684939 0.315061 
 ----> peTTM 369 0 0.681735 0.318265 
 ----> peTTM 370 1 0.651932 0.348068 
 ----> peTTM 371 0 0.648051 0.351949 
 ----> peTTM 372 0 0.727418 0.272582 
 ----> peTTM 373 0 0.730282 0.269718 
 ----> peTTM 374 0 0.721513 0.278487 
 ----> peTTM 375 1 0.623602 0.376398 
 ----> peTTM 376 0 0.679086 0.320914 
 ----> peTTM 377 0 0.687923 0.312077 
 ----> peTTM 378 1 0.568447 0.431553 
 ----> peTTM 379 0 0.694707 0.305293 
 ----> peTTM 380 0 0.723313 0.276687 
 ----> peTTM 381 0 0.660268 0.339732 
 ----> peTTM 382 0 0.659999 0.340001 
 ----> peTTM 383 0 0.677117 0.322883 
 ----> peTTM 384 0 0.656405 0.343595 
 ----> peTTM 385 1 0.615923 0.384077 
 ----> peTTM 386 0 0.691856 0.308144 
 ----> peTTM 387 1 0.661856 0.338144 
 ----> peTTM 388 1 0.671831 0.328169 
 ----> peTTM 389 0 0.653782 0.346218 
 ----> peTTM 390 0 0.702434 0.297566 
 ----> peTTM 391 0 0.643103 0.356897 
 ----> peTTM 392 1 0.642747 0.357253 
 ----> peTTM 393 1 0.602694 0.397306 
 ----> peTTM 394 0 0.658499 0.341501 
 ----> peTTM 395 0 0.703649 0.296351 
 ----> peTTM 396 0 0.682106 0.317894 
 ----> peTTM 397 0 0.70052 0.29948 
 ----> peTTM 398 1 0.646447 0.353553 
 ----> peTTM 399 1 0.616914 0.383086 
 ----> peTTM 400 1 0.637416 0.362584 
 ----> peTTM 401 0 0.694244 0.305756 
 ----> peTTM 402 0 0.675208 0.324792 
 ----> peTTM 403 0 0.661256 0.338744 
 ----> peTTM 404 0 0.675918 0.324082 
 ----> peTTM 405 0 0.668303 0.331697 
 ----> peTTM 406 1 0.604169 0.395831 
 ----> peTTM 407 1 0.671427 0.328573 
 ----> peTTM 408 0 0.713726 0.286274 
 ----> peTTM 409 1 0.62645 0.37355 
 ----> peTTM 410 0 0.660354 0.339646 
 ----> peTTM 411 0 0.604204 0.395796 
 ----> peTTM 412 1 0.709145 0.290855 
 ----> peTTM 413 1 0.692458 0.307542 
 ----> peTTM 414 0 0.66933 0.33067 
 ----> peTTM 415 1 0.648122 0.351878 
 ----> peTTM 416 0 0.731109 0.268891 
 ----> peTTM 417 0 0.667505 0.332495 
 ----> peTTM 418 1 0.653986 0.346014 
 ----> peTTM 419 0 0.701026 0.298974 
 ----> peTTM 420 0 0.67116 0.32884 
 ----> peTTM 421 0 0.663711 0.336289 
 ----> peTTM 422 0 0.75771 0.24229 
 ----> peTTM 423 0 0.686328 0.313672 
 ----> peTTM 424 0 0.679425 0.320575 
 ----> peTTM 425 0 0.695686 0.304314 
 ----> peTTM 426 1 0.648135 0.351865 
 ----> peTTM 427 0 0.729063 0.270937 
 ----> peTTM 428 0 0.675595 0.324405 
 ----> peTTM 429 0 0.725106 0.274894 
 ----> peTTM 430 0 0.718858 0.281142 
 ----> peTTM 431 0 0.611472 0.388528 
 ----> peTTM 432 0 0.6909 0.3091 
 ----> peTTM 433 0 0.624485 0.375515 
 ----> peTTM 434 0 0.66729 0.33271 
 ----> peTTM 435 1 0.613299 0.386701 
 ----> peTTM 436 0 0.677159 0.322841 
 ----> peTTM 437 0 0.609866 0.390134 
 ----> peTTM 438 0 0.678964 0.321036 
 ----> peTTM 439 0 0.703318 0.296682 
 ----> peTTM 440 0 0.683318 0.316682 
 ----> peTTM 441 0 0.615905 0.384095 
 ----> peTTM 442 0 0.711122 0.288878 
 ----> peTTM 443 0 0.700703 0.299297 
 ----> peTTM 444 0 0.743336 0.256664 
 ----> peTTM 445 1 0.642476 0.357524 
 ----> peTTM 446 0 0.675447 0.324553 
 ----> peTTM 447 0 0.696143 0.303857 
 ----> peTTM 448 0 0.75521 0.24479 
 ----> peTTM 449 0 0.718027 0.281973 
 ----> peTTM 450 0 0.574057 0.425943 
 ----> peTTM 451 0 0.723548 0.276452 
 ----> peTTM 452 0 0.621901 0.378099 
 ----> peTTM 453 0 0.708514 0.291486 
 ----> peTTM 454 1 0.495927 0.504073 
 ----> peTTM 455 0 0.701559 0.298441 
 ----> peTTM 456 0 0.641657 0.358343 
 ----> peTTM 457 0 0.683372 0.316628 
 ----> peTTM 458 1 0.632961 0.367039 
 ----> peTTM 459 0 0.691103 0.308897 
 ----> peTTM 460 0 0.694566 0.305434 
 ----> peTTM 461 1 0.586259 0.413741 
 ----> peTTM 462 0 0.662634 0.337366 
 ----> peTTM 463 0 0.642353 0.357647 
 ----> peTTM 464 0 0.642921 0.357079 
 ----> peTTM 465 0 0.642765 0.357235 
 ----> peTTM 466 0 0.687307 0.312693 
 ----> peTTM 467 1 0.628556 0.371444 
 ----> peTTM 468 0 0.7051 0.2949 
 ----> peTTM 469 0 0.720403 0.279597 
 ----> peTTM 470 1 0.596036 0.403964 
 ----> peTTM 471 1 0.662166 0.337834 
 ----> peTTM 472 0 0.668581 0.331419 
 ----> peTTM 473 1 0.679682 0.320318 
 ----> peTTM 474 0 0.603432 0.396568 
 ----> peTTM 475 0 0.759108 0.240892 
 ----> peTTM 476 0 0.738881 0.261119 
 ----> peTTM 477 1 0.647843 0.352157 
 ----> peTTM 478 0 0.695999 0.304001 
 ----> peTTM 479 1 0.628111 0.371889 
 ----> peTTM 480 0 0.678851 0.321149 
 ----> peTTM 481 0 0.659121 0.340879 
 ----> peTTM 482 0 0.625443 0.374557 
 ----> peTTM 483 1 0.604142 0.395858 
 ----> peTTM 484 0 0.702314 0.297686 
 ----> peTTM 485 0 0.746262 0.253738 
 ----> peTTM 486 0 0.64169 0.35831 
 ----> peTTM 487 0 0.679731 0.320269 
 ----> peTTM 488 1 0.657928 0.342072 
 ----> peTTM 489 1 0.696405 0.303595 
 ----> peTTM 490 0 0.652847 0.347153 
 ----> peTTM 491 1 0.692294 0.307706 
 ----> peTTM 492 0 0.631607 0.368393 
 ----> peTTM 493 0 0.697379 0.302621 
 ----> peTTM 494 0 0.628192 0.371808 
 ----> peTTM 495 1 0.664638 0.335362 
 ----> peTTM 496 0 0.706433 0.293567 
 ----> peTTM 497 0 0.71265 0.28735 
 ----> peTTM 498 0 0.754241 0.245759 
 ----> peTTM 499 1 0.624106 0.375894 
 ----> peTTM 500 1 0.69367 0.30633 
 ----> peTTM 501 0 0.637471 0.362529 
 ----> peTTM 502 0 0.67903 0.32097 
 ----> peTTM 503 0 0.702659 0.297341 
 ----> peTTM 504 0 0.710712 0.289288 
 ----> peTTM 505 0 0.677428 0.322572 
 ----> peTTM 506 0 0.676425 0.323575 
 ----> peTTM 507 0 0.700295 0.299705 
 ----> peTTM 508 1 0.624255 0.375745 
 ----> peTTM 509 1 0.625359 0.374641 
 ----> peTTM 510 0 0.752164 0.247836 
 ----> peTTM 511 0 0.592534 0.407466 
 ----> peTTM 512 0 0.683251 0.316749 
 ----> peTTM 513 0 0.660979 0.339021 
 ----> peTTM 514 1 0.665712 0.334288 
 ----> peTTM 515 0 0.646636 0.353364 
 ----> peTTM 516 0 0.702406 0.297594 
 ----> peTTM 517 1 0.615803 0.384197 
 ----> peTTM 518 0 0.736678 0.263322 
 ----> peTTM 519 0 0.635468 0.364532 
 ----> peTTM 520 1 0.566709 0.433291 
 ----> peTTM 521 1 0.494734 0.505266 
 ----> peTTM 522 0 0.664662 0.335338 
 ----> peTTM 523 1 0.726223 0.273777 
 ----> peTTM 524 0 0.714312 0.285688 
 ----> peTTM 525 0 0.710588 0.289412 
 ----> peTTM 526 0 0.646958 0.353042 
 ----> peTTM 527 0 0.673986 0.326014 
 ----> peTTM 528 0 0.669654 0.330346 
 ----> peTTM 529 1 0.682667 0.317333 
 ----> peTTM 530 0 0.634362 0.365638 
 ----> peTTM 531 1 0.652545 0.347455 
 ----> peTTM 532 0 0.633777 0.366223 
 ----> peTTM 533 0 0.673365 0.326635 
 ----> peTTM 534 0 0.662862 0.337138 
 ----> peTTM 535 1 0.627416 0.372584 
 ----> peTTM 536 0 0.689302 0.310698 
 ----> peTTM 537 0 0.73848 0.26152 
 ----> peTTM 538 0 0.7024 0.2976 
 ----> peTTM 539 1 0.635536 0.364464 
 ----> peTTM 540 0 0.712182 0.287818 
 ----> peTTM 541 1 0.598298 0.401702 
 ----> peTTM 542 0 0.629824 0.370176 
 ----> peTTM 543 1 0.604667 0.395333 
 ----> peTTM 544 0 0.705251 0.294749 
 ----> peTTM 545 1 0.616503 0.383497 
 ----> peTTM 546 0 0.649862 0.350138 
 ----> peTTM 547 0 0.679047 0.320953 
 ----> peTTM 548 1 0.641034 0.358966 
 ----> peTTM 549 0 0.70316 0.29684 
 ----> peTTM 550 0 0.671882 0.328118 
 ----> peTTM 551 0 0.718302 0.281698 
 ----> peTTM 552 1 0.576339 0.423661 
 ----> peTTM 553 1 0.432362 0.567638 
 ----> peTTM 554 1 0.377141 0.622859 
 ----> peTTM 555 1 0.389385 0.610615 
 ----> peTTM 556 0 0.713503 0.286497 
 ----> peTTM 557 0 0.642489 0.357511 
 ----> peTTM 558 0 0.649584 0.350416 
 ----> peTTM 559 0 0.713216 0.286784 
 ----> peTTM 560 0 0.751521 0.248479 
 ----> peTTM 561 1 0.602761 0.397239 
 ----> peTTM 562 0 0.692821 0.307179 
 ----> peTTM 563 0 0.713971 0.286029 
 ----> peTTM 564 0 0.666242 0.333758 
 ----> peTTM 565 0 0.642334 0.357666 
 ----> peTTM 566 0 0.674104 0.325896 
 ----> peTTM 567 0 0.682495 0.317505 
 ----> peTTM 568 0 0.714685 0.285315 
 ----> peTTM 569 1 0.638649 0.361351 
 ----> peTTM 570 0 0.697217 0.302783 
 ----> peTTM 571 1 0.665329 0.334671 
 ----> peTTM 572 0 0.656735 0.343265 
 ----> peTTM 573 0 0.61668 0.38332 
 ----> peTTM 574 0 0.74965 0.25035 
 ----> peTTM 575 1 0.615898 0.384102 
 ----> peTTM 576 0 0.693513 0.306487 
 ----> peTTM 577 1 0.682121 0.317879 
 ----> peTTM 578 0 0.699819 0.300181 
 ----> peTTM 579 0 0.668913 0.331087 
 ----> peTTM 580 1 0.659431 0.340569 
 ----> peTTM 581 0 0.700492 0.299508 
 ----> peTTM 582 0 0.742835 0.257165 
 ----> peTTM 583 1 0.711032 0.288968 
 ----> peTTM 584 0 0.662696 0.337304 
 ----> peTTM 585 0 0.682962 0.317038 
 ----> peTTM 586 0 0.722992 0.277008 
 ----> peTTM 587 0 0.761059 0.238941 
 ----> peTTM 588 0 0.696786 0.303214 
 ----> peTTM 589 1 0.600156 0.399844 
 ----> peTTM 590 0 0.713724 0.286276 
 ----> peTTM 591 1 0.625818 0.374182 
 ----> peTTM 592 1 0.58309 0.41691 
 ----> peTTM 593 0 0.668976 0.331024 
 ----> peTTM 594 0 0.642493 0.357507 
 ----> peTTM 595 0 0.677542 0.322458 
 ----> peTTM 596 0 0.669085 0.330915 
 ----> peTTM 597 0 0.620649 0.379351 
 ----> peTTM 598 0 0.685852 0.314148 
 ----> peTTM 599 0 0.705107 0.294893 
 ----> peTTM 600 0 0.697721 0.302279 
 ----> peTTM 601 0 0.637733 0.362267 
 ----> peTTM 602 1 0.692375 0.307625 
 ----> peTTM 603 0 0.669998 0.330002 
 ----> peTTM 604 0 0.675125 0.324875 
 ----> peTTM 605 0 0.623002 0.376998 
 ----> peTTM 606 0 0.721848 0.278152 
 ----> peTTM 607 1 0.714968 0.285032 
 ----> peTTM 608 0 0.733978 0.266022 
 ----> peTTM 609 0 0.646585 0.353415 
 ----> peTTM 610 0 0.687345 0.312655 
 ----> peTTM 611 0 0.706289 0.293711 
 ----> peTTM 612 0 0.667941 0.332059 
 ----> peTTM 613 0 0.615532 0.384468 
 ----> peTTM 614 0 0.704543 0.295457 
 ----> peTTM 615 0 0.706054 0.293946 
 ----> peTTM 616 0 0.661866 0.338134 
 ----> peTTM 617 0 0.663104 0.336896 
 ----> peTTM 618 0 0.701989 0.298011 
 ----> peTTM 619 1 0.609049 0.390951 
 ----> peTTM 620 0 0.657197 0.342803 
 ----> peTTM 621 0 0.641586 0.358414 
 ----> peTTM 622 0 0.663852 0.336148 
 ----> peTTM 623 1 0.630844 0.369156 
 ----> peTTM 624 0 0.642962 0.357038 
 ----> peTTM 625 0 0.660425 0.339575 
 ----> peTTM 626 0 0.684312 0.315688 
 ----> peTTM 627 0 0.696152 0.303848 
 ----> peTTM 628 1 0.623177 0.376823 
 ----> peTTM 629 0 0.660415 0.339585 
 ----> peTTM 630 0 0.637886 0.362114 
 ----> peTTM 631 1 0.668577 0.331423 
 ----> peTTM 632 1 0.615725 0.384275 
 ----> peTTM 633 0 0.71134 0.28866 
 ----> peTTM 634 1 0.636136 0.363864 
 ----> peTTM 635 0 0.741655 0.258345 
 ----> peTTM 636 1 0.590045 0.409955 
 ----> peTTM 637 0 0.540846 0.459154 
 ----> peTTM 638 0 0.698981 0.301019 
 ----> peTTM 639 1 0.65149 0.34851 
 ----> peTTM 640 0 0.682606 0.317394 
 ----> peTTM 641 0 0.646804 0.353196 
 ----> peTTM 642 0 0.761443 0.238557 
 ----> peTTM 643 0 0.710173 0.289827 
 ----> peTTM 644 0 0.654731 0.345269 
 ----> peTTM 645 0 0.677189 0.322811 
 ----> peTTM 646 1 0.613622 0.386378 
 ----> peTTM 647 0 0.678893 0.321107 
 ----> peTTM 648 0 0.733478 0.266522 
 ----> peTTM 649 0 0.668851 0.331149 
 ----> peTTM 650 0 0.67594 0.32406 
 ----> peTTM 651 1 0.674659 0.325341 
 ----> peTTM 652 0 0.74437 0.25563 
 ----> peTTM 653 1 0.595231 0.404769 
 ----> peTTM 654 0 0.661735 0.338265 
 ----> peTTM 655 0 0.667585 0.332415 
 ----> peTTM 656 0 0.681942 0.318058 
 ----> peTTM 657 0 0.658127 0.341873 
 ----> peTTM 658 0 0.682452 0.317548 
 ----> peTTM 659 0 0.710041 0.289959 
 ----> peTTM 660 0 0.664472 0.335528 
 ----> peTTM 661 0 0.684851 0.315149 
 ----> peTTM 662 0 0.729221 0.270779 
 ----> peTTM 663 1 0.639878 0.360122 
 ----> peTTM 664 1 0.647628 0.352372 
 ----> peTTM 665 0 0.743286 0.256714 
 ----> peTTM 666 0 0.712955 0.287045 
 ----> peTTM 667 0 0.653256 0.346744 
 ----> peTTM 668 0 0.677018 0.322982 
 ----> peTTM 669 0 0.664381 0.335619 
 ----> peTTM 670 0 0.778081 0.221919 
 ----> peTTM 671 0 0.721884 0.278116 
 ----> peTTM 672 0 0.650138 0.349862 
 ----> peTTM 673 0 0.696381 0.303619 
 ----> peTTM 674 1 0.688952 0.311048 
 ----> peTTM 675 1 0.600326 0.399674 
 ----> peTTM 676 0 0.675459 0.324541 
 ----> peTTM 677 1 0.675512 0.324488 
 ----> peTTM 678 1 0.665512 0.334488 
 ----> peTTM 679 0 0.692872 0.307128 
 ----> peTTM 680 1 0.623563 0.376437 
 ----> peTTM 681 0 0.695112 0.304888 
 ----> peTTM 682 0 0.743067 0.256933 
 ----> peTTM 683 0 0.690823 0.309177 
 ----> peTTM 684 0 0.625688 0.374312 
 ----> peTTM 685 0 0.696853 0.303147 
 ----> peTTM 686 0 0.599628 0.400372 
 ----> peTTM 687 0 0.685804 0.314196 
 ----> peTTM 688 0 0.712491 0.287509 
 ----> peTTM 689 0 0.641003 0.358997 
 ----> peTTM 690 1 0.652055 0.347945 
 ----> peTTM 691 0 0.701063 0.298937 
 ----> peTTM 692 0 0.683162 0.316838 
 ----> peTTM 693 1 0.561659 0.438341 
 ----> peTTM 694 0 0.69168 0.30832 
 ----> peTTM 695 0 0.680994 0.319006 
 ----> peTTM 696 0 0.644741 0.355259 
 ----> peTTM 697 0 0.693303 0.306697 
 ----> peTTM 698 1 0.657047 0.342953 
 ----> peTTM 699 0 0.704 0.296 
 ----> peTTM 700 1 0.616241 0.383759 
 ----> peTTM 701 0 0.750784 0.249216 
 ----> peTTM 702 0 0.728958 0.271042 
 ----> peTTM 703 0 0.709101 0.290899 
 ----> peTTM 704 0 0.635701 0.364299 
 ----> peTTM 705 0 0.695731 0.304269 
 ----> peTTM 706 0 0.633427 0.366573 
 ----> peTTM 707 0 0.660923 0.339077 
 ----> peTTM 708 0 0.682821 0.317179 
 ----> peTTM 709 0 0.68668 0.31332 
 ----> peTTM 710 0 0.711834 0.288166 
 ----> peTTM 711 0 0.711506 0.288494 
 ----> peTTM 712 0 0.597487 0.402513 
 ----> peTTM 713 1 0.672128 0.327872 
 ----> peTTM 714 1 0.639839 0.360161 
 ----> peTTM 715 1 0.75397 0.24603 
 ----> peTTM 716 1 0.496563 0.503437 
 ----> peTTM 717 0 0.696872 0.303128 
 ----> peTTM 718 0 0.637573 0.362427 
