 ----> peTTM 1 1 0 0 
 ----> peTTM 2 0 0 0 
 ----> peTTM 3 1 0 0 
 ----> peTTM 4 1 0.674518 0.325482 
 ----> peTTM 5 1 0.657792 0.342208 
 ----> peTTM 6 1 0.643026 0.356974 
 ----> peTTM 7 0 0.643969 0.356031 
 ----> peTTM 8 0 0.633187 0.366813 
 ----> peTTM 9 0 0.747425 0.252575 
 ----> peTTM 10 1 0.615044 0.384956 
 ----> peTTM 11 1 0.652045 0.347955 
 ----> peTTM 12 0 0.630356 0.369644 
 ----> peTTM 13 0 0.624491 0.375509 
 ----> peTTM 14 1 0.628285 0.371715 
 ----> peTTM 15 1 0.624382 0.375618 
 ----> peTTM 16 1 0.647279 0.352721 
 ----> peTTM 17 1 0.658791 0.341209 
 ----> peTTM 18 0 0.676354 0.323646 
 ----> peTTM 19 0 0.645435 0.354565 
 ----> peTTM 20 0 0.657408 0.342592 
 ----> peTTM 21 1 0.637217 0.362783 
 ----> peTTM 22 0 0.620128 0.379872 
 ----> peTTM 23 0 0.626749 0.373251 
 ----> peTTM 24 0 0.620363 0.379637 
 ----> peTTM 25 0 0.636159 0.363841 
 ----> peTTM 26 1 0.652398 0.347602 
 ----> peTTM 27 1 0.668571 0.331429 
 ----> peTTM 28 1 0.640262 0.359738 
 ----> peTTM 29 0 0.707583 0.292417 
 ----> peTTM 30 0 0.671364 0.328636 
 ----> peTTM 31 0 0.654158 0.345842 
 ----> peTTM 32 0 0.694115 0.305885 
 ----> peTTM 33 0 0.635976 0.364024 
 ----> peTTM 34 0 0.640285 0.359715 
 ----> peTTM 35 1 0.686818 0.313182 
 ----> peTTM 36 0 0.653988 0.346012 
 ----> peTTM 37 0 0.697108 0.302892 
 ----> peTTM 38 0 0.639965 0.360035 
 ----> peTTM 39 0 0.694404 0.305596 
 ----> peTTM 40 1 0.648563 0.351437 
 ----> peTTM 41 1 0.633691 0.366309 
 ----> peTTM 42 1 0.685748 0.314252 
 ----> peTTM 43 0 0.670712 0.329288 
 ----> peTTM 44 1 0.647975 0.352025 
 ----> peTTM 45 1 0.647262 0.352738 
 ----> peTTM 46 0 0.667962 0.332038 
 ----> peTTM 47 1 0.674722 0.325278 
 ----> peTTM 48 1 0.670875 0.329125 
 ----> peTTM 49 1 0.579582 0.420418 
 ----> peTTM 50 1 0.605595 0.394405 
 ----> peTTM 51 0 0.696469 0.303531 
 ----> peTTM 52 1 0.658769 0.341231 
 ----> peTTM 53 0 0.640541 0.359459 
 ----> peTTM 54 0 0.68146 0.31854 
 ----> peTTM 55 0 0.641818 0.358182 
 ----> peTTM 56 1 0.594336 0.405664 
 ----> peTTM 57 1 0.621248 0.378752 
 ----> peTTM 58 0 0.66447 0.33553 
 ----> peTTM 59 1 0.627894 0.372106 
 ----> peTTM 60 0 0.69088 0.30912 
 ----> peTTM 61 0 0.676877 0.323123 
 ----> peTTM 62 0 0.721709 0.278291 
 ----> peTTM 63 1 0.633572 0.366428 
 ----> peTTM 64 1 0.619397 0.380603 
 ----> peTTM 65 0 0.69215 0.30785 
 ----> peTTM 66 0 0.65641 0.34359 
 ----> peTTM 67 1 0.663125 0.336875 
 ----> peTTM 68 1 0.634237 0.365763 
 ----> peTTM 69 0 0.664871 0.335129 
 ----> peTTM 70 1 0.635556 0.364444 
 ----> peTTM 71 1 0.64744 0.35256 
 ----> peTTM 72 1 0.639638 0.360362 
 ----> peTTM 73 0 0.694659 0.305341 
 ----> peTTM 74 0 0.688541 0.311459 
 ----> peTTM 75 0 0.684577 0.315423 
 ----> peTTM 76 1 0.638393 0.361607 
 ----> peTTM 77 0 0.64738 0.35262 
 ----> peTTM 78 1 0.655046 0.344954 
 ----> peTTM 79 0 0.67623 0.32377 
 ----> peTTM 80 1 0.649062 0.350938 
 ----> peTTM 81 1 0.635141 0.364859 
 ----> peTTM 82 1 0.627023 0.372977 
 ----> peTTM 83 1 0.644086 0.355914 
 ----> peTTM 84 1 0.61919 0.38081 
 ----> peTTM 85 0 0.664165 0.335835 
 ----> peTTM 86 0 0.679016 0.320984 
 ----> peTTM 87 1 0.600106 0.399894 
 ----> peTTM 88 1 0.603849 0.396151 
 ----> peTTM 89 1 0.60535 0.39465 
 ----> peTTM 90 1 0.572509 0.427491 
 ----> peTTM 91 1 0.620287 0.379713 
 ----> peTTM 92 0 0.661864 0.338136 
 ----> peTTM 93 0 0.662 0.338 
 ----> peTTM 94 1 0.650975 0.349025 
 ----> peTTM 95 0 0.645708 0.354292 
 ----> peTTM 96 0 0.630906 0.369094 
 ----> peTTM 97 1 0.573118 0.426882 
 ----> peTTM 98 1 0.644461 0.355539 
 ----> peTTM 99 1 0.646279 0.353721 
 ----> peTTM 100 0 0.614184 0.385816 
 ----> peTTM 101 1 0.575754 0.424246 
 ----> peTTM 102 0 0.654177 0.345823 
 ----> peTTM 103 0 0.663319 0.336681 
 ----> peTTM 104 0 0.662181 0.337819 
 ----> peTTM 105 1 0.600447 0.399553 
 ----> peTTM 106 0 0.668474 0.331526 
 ----> peTTM 107 0 0.6845 0.3155 
 ----> peTTM 108 0 0.635117 0.364883 
 ----> peTTM 109 0 0.67828 0.32172 
 ----> peTTM 110 1 0.687208 0.312792 
 ----> peTTM 111 0 0.665191 0.334809 
 ----> peTTM 112 0 0.701816 0.298184 
 ----> peTTM 113 1 0.576364 0.423636 
 ----> peTTM 114 1 0.637032 0.362968 
 ----> peTTM 115 0 0.629461 0.370539 
 ----> peTTM 116 0 0.683448 0.316552 
 ----> peTTM 117 1 0.690501 0.309499 
 ----> peTTM 118 1 0.613217 0.386783 
 ----> peTTM 119 1 0.681399 0.318601 
 ----> peTTM 120 0 0.655627 0.344373 
 ----> peTTM 121 0 0.687957 0.312043 
 ----> peTTM 122 1 0.685659 0.314341 
 ----> peTTM 123 1 0.613248 0.386752 
 ----> peTTM 124 0 0.669453 0.330547 
 ----> peTTM 125 1 0.629118 0.370882 
 ----> peTTM 126 0 0.722237 0.277763 
 ----> peTTM 127 0 0.631976 0.368024 
 ----> peTTM 128 0 0.701845 0.298155 
 ----> peTTM 129 1 0.633198 0.366802 
 ----> peTTM 130 0 0.654387 0.345613 
 ----> peTTM 131 0 0.686135 0.313865 
 ----> peTTM 132 0 0.644986 0.355014 
 ----> peTTM 133 1 0.619135 0.380865 
 ----> peTTM 134 1 0.597609 0.402391 
 ----> peTTM 135 1 0.667611 0.332389 
 ----> peTTM 136 0 0.66589 0.33411 
 ----> peTTM 137 1 0.668115 0.331885 
 ----> peTTM 138 0 0.673564 0.326436 
 ----> peTTM 139 0 0.665906 0.334094 
 ----> peTTM 140 1 0.629338 0.370662 
 ----> peTTM 141 0 0.649881 0.350119 
 ----> peTTM 142 1 0.636374 0.363626 
 ----> peTTM 143 0 0.672462 0.327538 
 ----> peTTM 144 1 0.655247 0.344753 
 ----> peTTM 145 0 0.6939 0.3061 
 ----> peTTM 146 0 0.645622 0.354378 
 ----> peTTM 147 0 0.683296 0.316704 
 ----> peTTM 148 0 0.593456 0.406544 
 ----> peTTM 149 1 0.615529 0.384471 
 ----> peTTM 150 1 0.63753 0.36247 
 ----> peTTM 151 1 0.688383 0.311617 
 ----> peTTM 152 0 0.696911 0.303089 
 ----> peTTM 153 0 0.65951 0.34049 
 ----> peTTM 154 0 0.691698 0.308302 
 ----> peTTM 155 1 0.628762 0.371238 
 ----> peTTM 156 1 0.658324 0.341676 
 ----> peTTM 157 1 0.604362 0.395638 
 ----> peTTM 158 0 0.651166 0.348834 
 ----> peTTM 159 1 0.635012 0.364988 
 ----> peTTM 160 0 0.689996 0.310004 
 ----> peTTM 161 0 0.663863 0.336137 
 ----> peTTM 162 1 0.660188 0.339812 
 ----> peTTM 163 1 0.638993 0.361007 
 ----> peTTM 164 1 0.629444 0.370556 
 ----> peTTM 165 1 0.59119 0.40881 
 ----> peTTM 166 0 0.662373 0.337627 
 ----> peTTM 167 1 0.560495 0.439505 
 ----> peTTM 168 0 0.673865 0.326135 
 ----> peTTM 169 0 0.652422 0.347578 
 ----> peTTM 170 1 0.615829 0.384171 
 ----> peTTM 171 1 0.599958 0.400042 
 ----> peTTM 172 0 0.580719 0.419281 
 ----> peTTM 173 1 0.598158 0.401842 
 ----> peTTM 174 0 0.681516 0.318484 
 ----> peTTM 175 1 0.587434 0.412566 
 ----> peTTM 176 0 0.651958 0.348042 
 ----> peTTM 177 0 0.684411 0.315589 
 ----> peTTM 178 1 0.661413 0.338587 
 ----> peTTM 179 0 0.655049 0.344951 
 ----> peTTM 180 0 0.656455 0.343545 
 ----> peTTM 181 0 0.656066 0.343934 
 ----> peTTM 182 0 0.6909 0.3091 
 ----> peTTM 183 1 0.634423 0.365577 
 ----> peTTM 184 1 0.674119 0.325881 
 ----> peTTM 185 0 0.647009 0.352991 
 ----> peTTM 186 0 0.680008 0.319992 
 ----> peTTM 187 0 0.660548 0.339452 
 ----> peTTM 188 1 0.665487 0.334513 
 ----> peTTM 189 1 0.618385 0.381615 
 ----> peTTM 190 0 0.673756 0.326244 
 ----> peTTM 191 0 0.689413 0.310587 
 ----> peTTM 192 1 0.633929 0.366071 
 ----> peTTM 193 0 0.672757 0.327243 
 ----> peTTM 194 0 0.667121 0.332879 
 ----> peTTM 195 0 0.665504 0.334496 
 ----> peTTM 196 1 0.637691 0.362309 
 ----> peTTM 197 0 0.635965 0.364035 
 ----> peTTM 198 0 0.716109 0.283891 
 ----> peTTM 199 0 0.676027 0.323973 
 ----> peTTM 200 0 0.657816 0.342184 
 ----> peTTM 201 0 0.663116 0.336884 
 ----> peTTM 202 0 0.67266 0.32734 
 ----> peTTM 203 1 0.629147 0.370853 
 ----> peTTM 204 1 0.641276 0.358724 
 ----> peTTM 205 0 0.665306 0.334694 
 ----> peTTM 206 1 0.660738 0.339262 
 ----> peTTM 207 1 0.643672 0.356328 
 ----> peTTM 208 0 0.640538 0.359462 
 ----> peTTM 209 0 0.681292 0.318708 
 ----> peTTM 210 0 0.688197 0.311803 
 ----> peTTM 211 0 0.671291 0.328709 
 ----> peTTM 212 0 0.621531 0.378469 
 ----> peTTM 213 1 0.633436 0.366564 
 ----> peTTM 214 0 0.709866 0.290134 
 ----> peTTM 215 1 0.672111 0.327889 
 ----> peTTM 216 0 0.657167 0.342833 
 ----> peTTM 217 1 0.630362 0.369638 
 ----> peTTM 218 0 0.61234 0.38766 
 ----> peTTM 219 0 0.688546 0.311454 
 ----> peTTM 220 0 0.678827 0.321173 
 ----> peTTM 221 0 0.653357 0.346643 
 ----> peTTM 222 1 0.645335 0.354665 
 ----> peTTM 223 1 0.681254 0.318746 
 ----> peTTM 224 0 0.668978 0.331022 
 ----> peTTM 225 1 0.646953 0.353047 
 ----> peTTM 226 1 0.659341 0.340659 
 ----> peTTM 227 0 0.665835 0.334165 
 ----> peTTM 228 0 0.68649 0.31351 
 ----> peTTM 229 0 0.679146 0.320854 
 ----> peTTM 230 0 0.661259 0.338741 
 ----> peTTM 231 0 0.663736 0.336264 
 ----> peTTM 232 1 0.686006 0.313994 
 ----> peTTM 233 0 0.695865 0.304135 
 ----> peTTM 234 0 0.66937 0.33063 
 ----> peTTM 235 0 0.665183 0.334817 
 ----> peTTM 236 1 0.669399 0.330601 
 ----> peTTM 237 0 0.651692 0.348308 
 ----> peTTM 238 0 0.686552 0.313448 
 ----> peTTM 239 0 0.69925 0.30075 
 ----> peTTM 240 1 0.636153 0.363847 
 ----> peTTM 241 0 0.680414 0.319586 
 ----> peTTM 242 1 0.618893 0.381107 
 ----> peTTM 243 0 0.68779 0.31221 
 ----> peTTM 244 1 0.670841 0.329159 
 ----> peTTM 245 1 0.582848 0.417152 
 ----> peTTM 246 0 0.651884 0.348116 
 ----> peTTM 247 0 0.698554 0.301446 
 ----> peTTM 248 1 0.657364 0.342636 
 ----> peTTM 249 1 0.66074 0.33926 
 ----> peTTM 250 0 0.657067 0.342933 
 ----> peTTM 251 0 0.646871 0.353129 
 ----> peTTM 252 0 0.704702 0.295298 
 ----> peTTM 253 1 0.584303 0.415697 
 ----> peTTM 254 0 0.652993 0.347007 
 ----> peTTM 255 1 0.626691 0.373309 
 ----> peTTM 256 0 0.691198 0.308802 
 ----> peTTM 257 0 0.67134 0.32866 
 ----> peTTM 258 0 0.671228 0.328772 
 ----> peTTM 259 0 0.689978 0.310022 
 ----> peTTM 260 1 0.644503 0.355497 
 ----> peTTM 261 1 0.636712 0.363288 
 ----> peTTM 262 0 0.652744 0.347256 
 ----> peTTM 263 1 0.654648 0.345352 
 ----> peTTM 264 1 0.606985 0.393015 
 ----> peTTM 265 1 0.62686 0.37314 
 ----> peTTM 266 0 0.680952 0.319048 
 ----> peTTM 267 0 0.660335 0.339665 
 ----> peTTM 268 0 0.692486 0.307514 
 ----> peTTM 269 0 0.717026 0.282974 
 ----> peTTM 270 1 0.613001 0.386999 
 ----> peTTM 271 1 0.629144 0.370856 
 ----> peTTM 272 0 0.680954 0.319046 
 ----> peTTM 273 0 0.671015 0.328985 
 ----> peTTM 274 1 0.625781 0.374219 
 ----> peTTM 275 1 0.595593 0.404407 
 ----> peTTM 276 0 0.705433 0.294567 
 ----> peTTM 277 0 0.672008 0.327992 
 ----> peTTM 278 0 0.640575 0.359425 
 ----> peTTM 279 1 0.661045 0.338955 
 ----> peTTM 280 1 0.660727 0.339273 
 ----> peTTM 281 0 0.640296 0.359704 
 ----> peTTM 282 1 0.677435 0.322565 
 ----> peTTM 283 1 0.622833 0.377167 
 ----> peTTM 284 1 0.592408 0.407592 
 ----> peTTM 285 0 0.653802 0.346198 
 ----> peTTM 286 0 0.65449 0.34551 
 ----> peTTM 287 0 0.681197 0.318803 
 ----> peTTM 288 1 0.640732 0.359268 
 ----> peTTM 289 0 0.710158 0.289842 
 ----> peTTM 290 0 0.648961 0.351039 
 ----> peTTM 291 1 0.645967 0.354033 
 ----> peTTM 292 0 0.668948 0.331052 
 ----> peTTM 293 1 0.624426 0.375574 
 ----> peTTM 294 1 0.625833 0.374167 
 ----> peTTM 295 0 0.679478 0.320522 
 ----> peTTM 296 0 0.68976 0.31024 
 ----> peTTM 297 0 0.666979 0.333021 
 ----> peTTM 298 1 0.676426 0.323574 
 ----> peTTM 299 0 0.673895 0.326105 
 ----> peTTM 300 0 0.64052 0.35948 
 ----> peTTM 301 0 0.664923 0.335077 
 ----> peTTM 302 0 0.701152 0.298848 
 ----> peTTM 303 0 0.667826 0.332174 
 ----> peTTM 304 0 0.680053 0.319947 
 ----> peTTM 305 0 0.686459 0.313541 
 ----> peTTM 306 0 0.691341 0.308659 
 ----> peTTM 307 1 0.645345 0.354655 
 ----> peTTM 308 0 0.633816 0.366184 
 ----> peTTM 309 1 0.610082 0.389918 
 ----> peTTM 310 0 0.668086 0.331914 
 ----> peTTM 311 0 0.71 0.29 
 ----> peTTM 312 0 0.694404 0.305596 
 ----> peTTM 313 1 0.666754 0.333246 
 ----> peTTM 314 0 0.653253 0.346747 
 ----> peTTM 315 0 0.68612 0.31388 
 ----> peTTM 316 0 0.682747 0.317253 
 ----> peTTM 317 0 0.705713 0.294287 
 ----> peTTM 318 0 0.663242 0.336758 
 ----> peTTM 319 0 0.634348 0.365652 
 ----> peTTM 320 0 0.635728 0.364272 
 ----> peTTM 321 1 0.629159 0.370841 
 ----> peTTM 322 1 0.5896 0.4104 
 ----> peTTM 323 0 0.699613 0.300387 
 ----> peTTM 324 0 0.68172 0.31828 
 ----> peTTM 325 0 0.658486 0.341514 
 ----> peTTM 326 1 0.644108 0.355892 
 ----> peTTM 327 1 0.693669 0.306331 
 ----> peTTM 328 0 0.650558 0.349442 
 ----> peTTM 329 0 0.670286 0.329714 
 ----> peTTM 330 0 0.678989 0.321011 
 ----> peTTM 331 0 0.705346 0.294654 
 ----> peTTM 332 0 0.713222 0.286778 
 ----> peTTM 333 1 0.660575 0.339425 
 ----> peTTM 334 1 0.672704 0.327296 
 ----> peTTM 335 0 0.670304 0.329696 
 ----> peTTM 336 1 0.615692 0.384308 
 ----> peTTM 337 1 0.61904 0.38096 
 ----> peTTM 338 1 0.627161 0.372839 
 ----> peTTM 339 0 0.699673 0.300327 
 ----> peTTM 340 0 0.669738 0.330262 
 ----> peTTM 341 1 0.630477 0.369523 
 ----> peTTM 342 1 0.621231 0.378769 
 ----> peTTM 343 0 0.688671 0.311329 
 ----> peTTM 344 0 0.67042 0.32958 
 ----> peTTM 345 0 0.693762 0.306238 
 ----> peTTM 346 0 0.679927 0.320073 
 ----> peTTM 347 1 0.640734 0.359266 
 ----> peTTM 348 0 0.698216 0.301784 
 ----> peTTM 349 0 0.678516 0.321484 
 ----> peTTM 350 1 0.652105 0.347895 
 ----> peTTM 351 0 0.655703 0.344297 
 ----> peTTM 352 0 0.700533 0.299467 
 ----> peTTM 353 0 0.665157 0.334843 
 ----> peTTM 354 0 0.680176 0.319824 
 ----> peTTM 355 0 0.630217 0.369783 
 ----> peTTM 356 0 0.652795 0.347205 
 ----> peTTM 357 1 0.631157 0.368843 
 ----> peTTM 358 0 0.703702 0.296298 
 ----> peTTM 359 0 0.711094 0.288906 
 ----> peTTM 360 0 0.721038 0.278962 
 ----> peTTM 361 0 0.691042 0.308958 
 ----> peTTM 362 1 0.626678 0.373322 
 ----> peTTM 363 0 0.625837 0.374163 
 ----> peTTM 364 0 0.690976 0.309024 
 ----> peTTM 365 0 0.62592 0.37408 
 ----> peTTM 366 1 0.641642 0.358358 
 ----> peTTM 367 0 0.667723 0.332277 
 ----> peTTM 368 0 0.681794 0.318206 
 ----> peTTM 369 0 0.673894 0.326106 
 ----> peTTM 370 1 0.631886 0.368114 
 ----> peTTM 371 0 0.615599 0.384401 
 ----> peTTM 372 0 0.670018 0.329982 
 ----> peTTM 373 0 0.679474 0.320526 
 ----> peTTM 374 0 0.664575 0.335425 
 ----> peTTM 375 1 0.654246 0.345754 
 ----> peTTM 376 0 0.651607 0.348393 
 ----> peTTM 377 0 0.680045 0.319955 
 ----> peTTM 378 1 0.617821 0.382179 
 ----> peTTM 379 0 0.686022 0.313978 
 ----> peTTM 380 0 0.733545 0.266455 
 ----> peTTM 381 0 0.680544 0.319456 
 ----> peTTM 382 0 0.674075 0.325925 
 ----> peTTM 383 0 0.674136 0.325864 
 ----> peTTM 384 0 0.632474 0.367526 
 ----> peTTM 385 1 0.614248 0.385752 
 ----> peTTM 386 0 0.697839 0.302161 
 ----> peTTM 387 1 0.68537 0.31463 
 ----> peTTM 388 1 0.659752 0.340248 
 ----> peTTM 389 0 0.712997 0.287003 
 ----> peTTM 390 0 0.658414 0.341586 
 ----> peTTM 391 0 0.674103 0.325897 
 ----> peTTM 392 1 0.70573 0.29427 
 ----> peTTM 393 1 0.658458 0.341542 
 ----> peTTM 394 0 0.665551 0.334449 
 ----> peTTM 395 0 0.689088 0.310912 
 ----> peTTM 396 0 0.747907 0.252093 
 ----> peTTM 397 0 0.66984 0.33016 
 ----> peTTM 398 1 0.573686 0.426314 
 ----> peTTM 399 1 0.657089 0.342911 
 ----> peTTM 400 1 0.676964 0.323036 
 ----> peTTM 401 0 0.687033 0.312967 
 ----> peTTM 402 0 0.687533 0.312467 
 ----> peTTM 403 0 0.594769 0.405231 
 ----> peTTM 404 0 0.618128 0.381872 
 ----> peTTM 405 0 0.697289 0.302711 
 ----> peTTM 406 1 0.599085 0.400915 
 ----> peTTM 407 1 0.675489 0.324511 
 ----> peTTM 408 0 0.661709 0.338291 
 ----> peTTM 409 1 0.648091 0.351909 
 ----> peTTM 410 0 0.660258 0.339742 
 ----> peTTM 411 0 0.703841 0.296159 
 ----> peTTM 412 1 0.644001 0.355999 
 ----> peTTM 413 1 0.627363 0.372637 
 ----> peTTM 414 0 0.639415 0.360585 
 ----> peTTM 415 1 0.612926 0.387074 
 ----> peTTM 416 0 0.632545 0.367455 
 ----> peTTM 417 0 0.662246 0.337754 
 ----> peTTM 418 1 0.647892 0.352108 
 ----> peTTM 419 0 0.660933 0.339067 
 ----> peTTM 420 0 0.637777 0.362223 
 ----> peTTM 421 0 0.635606 0.364394 
 ----> peTTM 422 0 0.672481 0.327519 
 ----> peTTM 423 0 0.667769 0.332231 
 ----> peTTM 424 0 0.681233 0.318767 
 ----> peTTM 425 0 0.61007 0.38993 
 ----> peTTM 426 1 0.64835 0.35165 
 ----> peTTM 427 0 0.684224 0.315776 
 ----> peTTM 428 0 0.689361 0.310639 
 ----> peTTM 429 0 0.714073 0.285927 
 ----> peTTM 430 0 0.628491 0.371509 
 ----> peTTM 431 0 0.668071 0.331929 
 ----> peTTM 432 0 0.668542 0.331458 
 ----> peTTM 433 0 0.723005 0.276995 
 ----> peTTM 434 0 0.685846 0.314154 
 ----> peTTM 435 1 0.651637 0.348363 
 ----> peTTM 436 0 0.679633 0.320367 
 ----> peTTM 437 0 0.700656 0.299344 
 ----> peTTM 438 0 0.655224 0.344776 
 ----> peTTM 439 0 0.667329 0.332671 
 ----> peTTM 440 0 0.710041 0.289959 
 ----> peTTM 441 0 0.671458 0.328542 
 ----> peTTM 442 0 0.663334 0.336666 
 ----> peTTM 443 0 0.691727 0.308273 
 ----> peTTM 444 0 0.67616 0.32384 
 ----> peTTM 445 1 0.687401 0.312599 
 ----> peTTM 446 0 0.669257 0.330743 
 ----> peTTM 447 0 0.694237 0.305763 
 ----> peTTM 448 0 0.645717 0.354283 
 ----> peTTM 449 0 0.669095 0.330905 
 ----> peTTM 450 0 0.701258 0.298742 
 ----> peTTM 451 0 0.694973 0.305027 
 ----> peTTM 452 0 0.735912 0.264088 
 ----> peTTM 453 0 0.664871 0.335129 
 ----> peTTM 454 1 0.652213 0.347787 
 ----> peTTM 455 0 0.702218 0.297782 
 ----> peTTM 456 0 0.695018 0.304982 
 ----> peTTM 457 0 0.671628 0.328372 
 ----> peTTM 458 1 0.671752 0.328248 
 ----> peTTM 459 0 0.687069 0.312931 
 ----> peTTM 460 0 0.693781 0.306219 
 ----> peTTM 461 1 0.687027 0.312973 
 ----> peTTM 462 0 0.692216 0.307784 
 ----> peTTM 463 0 0.699711 0.300289 
 ----> peTTM 464 0 0.731516 0.268484 
 ----> peTTM 465 0 0.684809 0.315191 
 ----> peTTM 466 0 0.668627 0.331373 
 ----> peTTM 467 1 0.657586 0.342414 
 ----> peTTM 468 0 0.700769 0.299231 
 ----> peTTM 469 0 0.668221 0.331779 
 ----> peTTM 470 1 0.662106 0.337894 
 ----> peTTM 471 1 0.679669 0.320331 
 ----> peTTM 472 0 0.667394 0.332606 
 ----> peTTM 473 1 0.631721 0.368279 
 ----> peTTM 474 0 0.740317 0.259683 
 ----> peTTM 475 0 0.680714 0.319286 
 ----> peTTM 476 0 0.691295 0.308705 
 ----> peTTM 477 1 0.692077 0.307923 
 ----> peTTM 478 0 0.706393 0.293607 
 ----> peTTM 479 1 0.663807 0.336193 
 ----> peTTM 480 0 0.693204 0.306796 
 ----> peTTM 481 0 0.734939 0.265061 
 ----> peTTM 482 0 0.651697 0.348303 
 ----> peTTM 483 1 0.649834 0.350166 
 ----> peTTM 484 0 0.683215 0.316785 
 ----> peTTM 485 0 0.622272 0.377728 
 ----> peTTM 486 0 0.705248 0.294752 
 ----> peTTM 487 0 0.678195 0.321805 
 ----> peTTM 488 1 0.660259 0.339741 
 ----> peTTM 489 1 0.633272 0.366728 
 ----> peTTM 490 0 0.707037 0.292963 
 ----> peTTM 491 1 0.664388 0.335612 
 ----> peTTM 492 0 0.669604 0.330396 
 ----> peTTM 493 0 0.695282 0.304718 
 ----> peTTM 494 0 0.685804 0.314196 
 ----> peTTM 495 1 0.644174 0.355826 
 ----> peTTM 496 0 0.632851 0.367149 
 ----> peTTM 497 0 0.70185 0.29815 
 ----> peTTM 498 0 0.672374 0.327626 
 ----> peTTM 499 1 0.647753 0.352247 
 ----> peTTM 500 1 0.64741 0.35259 
 ----> peTTM 501 0 0.625374 0.374626 
 ----> peTTM 502 0 0.667849 0.332151 
 ----> peTTM 503 0 0.685522 0.314478 
 ----> peTTM 504 0 0.664568 0.335432 
 ----> peTTM 505 0 0.656633 0.343367 
 ----> peTTM 506 0 0.689013 0.310987 
 ----> peTTM 507 0 0.653071 0.346929 
 ----> peTTM 508 1 0.637529 0.362471 
 ----> peTTM 509 1 0.633705 0.366295 
 ----> peTTM 510 0 0.671549 0.328451 
 ----> peTTM 511 0 0.601888 0.398112 
 ----> peTTM 512 0 0.669798 0.330202 
 ----> peTTM 513 0 0.666981 0.333019 
 ----> peTTM 514 1 0.608668 0.391332 
 ----> peTTM 515 0 0.697689 0.302311 
 ----> peTTM 516 0 0.662939 0.337061 
 ----> peTTM 517 1 0.649662 0.350338 
 ----> peTTM 518 0 0.677941 0.322059 
 ----> peTTM 519 0 0.689024 0.310976 
 ----> peTTM 520 1 0.651562 0.348438 
 ----> peTTM 521 1 0.641273 0.358727 
 ----> peTTM 522 0 0.714892 0.285108 
 ----> peTTM 523 1 0.622326 0.377674 
 ----> peTTM 524 0 0.68767 0.31233 
 ----> peTTM 525 0 0.694892 0.305108 
 ----> peTTM 526 0 0.710753 0.289247 
 ----> peTTM 527 0 0.628524 0.371476 
 ----> peTTM 528 0 0.655892 0.344108 
 ----> peTTM 529 1 0.67028 0.32972 
 ----> peTTM 530 0 0.704448 0.295552 
 ----> peTTM 531 1 0.675507 0.324493 
 ----> peTTM 532 0 0.653907 0.346093 
 ----> peTTM 533 0 0.63449 0.36551 
 ----> peTTM 534 0 0.67033 0.32967 
 ----> peTTM 535 1 0.669225 0.330775 
 ----> peTTM 536 0 0.641516 0.358484 
 ----> peTTM 537 0 0.677002 0.322998 
 ----> peTTM 538 0 0.621599 0.378401 
 ----> peTTM 539 1 0.695791 0.304209 
 ----> peTTM 540 0 0.658774 0.341226 
 ----> peTTM 541 1 0.67363 0.32637 
 ----> peTTM 542 0 0.638125 0.361875 
 ----> peTTM 543 1 0.653681 0.346319 
 ----> peTTM 544 0 0.679368 0.320632 
 ----> peTTM 545 1 0.615794 0.384206 
 ----> peTTM 546 0 0.633307 0.366693 
 ----> peTTM 547 0 0.660366 0.339634 
 ----> peTTM 548 1 0.637321 0.362679 
 ----> peTTM 549 0 0.69547 0.30453 
 ----> peTTM 550 0 0.677125 0.322875 
 ----> peTTM 551 0 0.663463 0.336537 
 ----> peTTM 552 1 0.633197 0.366803 
 ----> peTTM 553 1 0.657388 0.342612 
 ----> peTTM 554 1 0.651364 0.348636 
 ----> peTTM 555 1 0.617078 0.382922 
 ----> peTTM 556 0 0.697616 0.302384 
 ----> peTTM 557 0 0.652913 0.347087 
 ----> peTTM 558 0 0.712703 0.287297 
 ----> peTTM 559 0 0.602723 0.397277 
 ----> peTTM 560 0 0.639725 0.360275 
 ----> peTTM 561 1 0.639071 0.360929 
 ----> peTTM 562 0 0.699956 0.300044 
 ----> peTTM 563 0 0.639962 0.360038 
 ----> peTTM 564 0 0.649453 0.350547 
 ----> peTTM 565 0 0.656159 0.343841 
 ----> peTTM 566 0 0.648649 0.351351 
 ----> peTTM 567 0 0.673701 0.326299 
 ----> peTTM 568 0 0.669368 0.330632 
 ----> peTTM 569 1 0.577545 0.422455 
 ----> peTTM 570 0 0.726501 0.273499 
 ----> peTTM 571 1 0.61596 0.38404 
 ----> peTTM 572 0 0.692641 0.307359 
 ----> peTTM 573 0 0.660317 0.339683 
 ----> peTTM 574 0 0.662716 0.337284 
 ----> peTTM 575 1 0.667521 0.332479 
 ----> peTTM 576 0 0.669227 0.330773 
 ----> peTTM 577 1 0.716952 0.283048 
 ----> peTTM 578 0 0.736963 0.263037 
 ----> peTTM 579 0 0.684482 0.315518 
 ----> peTTM 580 1 0.642102 0.357898 
 ----> peTTM 581 0 0.664773 0.335227 
 ----> peTTM 582 0 0.657849 0.342151 
 ----> peTTM 583 1 0.622518 0.377482 
 ----> peTTM 584 0 0.687964 0.312036 
 ----> peTTM 585 0 0.696995 0.303005 
 ----> peTTM 586 0 0.650831 0.349169 
 ----> peTTM 587 0 0.661375 0.338625 
 ----> peTTM 588 0 0.664175 0.335825 
 ----> peTTM 589 1 0.608373 0.391627 
 ----> peTTM 590 0 0.677369 0.322631 
 ----> peTTM 591 1 0.694708 0.305292 
 ----> peTTM 592 1 0.660195 0.339805 
 ----> peTTM 593 0 0.650795 0.349205 
 ----> peTTM 594 0 0.682212 0.317788 
 ----> peTTM 595 0 0.655302 0.344698 
 ----> peTTM 596 0 0.706202 0.293798 
 ----> peTTM 597 0 0.67935 0.32065 
 ----> peTTM 598 0 0.72003 0.27997 
 ----> peTTM 599 0 0.653436 0.346564 
 ----> peTTM 600 0 0.680388 0.319612 
 ----> peTTM 601 0 0.660289 0.339711 
 ----> peTTM 602 1 0.668265 0.331735 
 ----> peTTM 603 0 0.661871 0.338129 
 ----> peTTM 604 0 0.658343 0.341657 
 ----> peTTM 605 0 0.665207 0.334793 
 ----> peTTM 606 0 0.660899 0.339101 
 ----> peTTM 607 1 0.668496 0.331504 
 ----> peTTM 608 0 0.700989 0.299011 
 ----> peTTM 609 0 0.690144 0.309856 
 ----> peTTM 610 0 0.716177 0.283823 
 ----> peTTM 611 0 0.677673 0.322327 
 ----> peTTM 612 0 0.704212 0.295788 
 ----> peTTM 613 0 0.684387 0.315613 
 ----> peTTM 614 0 0.727183 0.272817 
 ----> peTTM 615 0 0.656693 0.343307 
 ----> peTTM 616 0 0.740334 0.259666 
 ----> peTTM 617 0 0.69682 0.30318 
 ----> peTTM 618 0 0.712367 0.287633 
 ----> peTTM 619 1 0.678604 0.321396 
 ----> peTTM 620 0 0.671823 0.328177 
 ----> peTTM 621 0 0.697762 0.302238 
 ----> peTTM 622 0 0.690644 0.309356 
 ----> peTTM 623 1 0.702161 0.297839 
 ----> peTTM 624 0 0.714728 0.285272 
 ----> peTTM 625 0 0.715129 0.284871 
 ----> peTTM 626 0 0.690073 0.309927 
 ----> peTTM 627 0 0.715088 0.284912 
 ----> peTTM 628 1 0.698535 0.301465 
 ----> peTTM 629 0 0.689231 0.310769 
 ----> peTTM 630 0 0.694588 0.305412 
 ----> peTTM 631 1 0.603824 0.396176 
 ----> peTTM 632 1 0.687554 0.312446 
 ----> peTTM 633 0 0.641386 0.358614 
 ----> peTTM 634 1 0.689774 0.310226 
 ----> peTTM 635 0 0.668951 0.331049 
 ----> peTTM 636 1 0.637745 0.362255 
 ----> peTTM 637 0 0.713361 0.286639 
 ----> peTTM 638 0 0.681987 0.318013 
 ----> peTTM 639 1 0.696802 0.303198 
 ----> peTTM 640 0 0.653398 0.346602 
 ----> peTTM 641 0 0.675679 0.324321 
 ----> peTTM 642 0 0.662926 0.337074 
 ----> peTTM 643 0 0.659917 0.340083 
 ----> peTTM 644 0 0.670634 0.329366 
 ----> peTTM 645 0 0.671264 0.328736 
 ----> peTTM 646 1 0.642447 0.357553 
 ----> peTTM 647 0 0.668772 0.331228 
 ----> peTTM 648 0 0.66332 0.33668 
 ----> peTTM 649 0 0.707734 0.292266 
 ----> peTTM 650 0 0.6628 0.3372 
 ----> peTTM 651 1 0.571872 0.428128 
 ----> peTTM 652 0 0.681091 0.318909 
 ----> peTTM 653 1 0.69241 0.30759 
 ----> peTTM 654 0 0.672471 0.327529 
 ----> peTTM 655 0 0.667298 0.332702 
 ----> peTTM 656 0 0.679921 0.320079 
 ----> peTTM 657 0 0.604398 0.395602 
 ----> peTTM 658 0 0.660364 0.339636 
 ----> peTTM 659 0 0.679067 0.320933 
 ----> peTTM 660 0 0.699635 0.300365 
 ----> peTTM 661 0 0.657723 0.342277 
 ----> peTTM 662 0 0.675253 0.324747 
 ----> peTTM 663 1 0.6561 0.3439 
 ----> peTTM 664 1 0.643822 0.356178 
 ----> peTTM 665 0 0.682039 0.317961 
 ----> peTTM 666 0 0.632921 0.367079 
 ----> peTTM 667 0 0.656938 0.343062 
 ----> peTTM 668 0 0.704265 0.295735 
 ----> peTTM 669 0 0.695114 0.304886 
 ----> peTTM 670 0 0.705761 0.294239 
 ----> peTTM 671 0 0.69396 0.30604 
 ----> peTTM 672 0 0.70854 0.29146 
 ----> peTTM 673 0 0.685068 0.314932 
 ----> peTTM 674 1 0.611759 0.388241 
 ----> peTTM 675 1 0.651292 0.348708 
 ----> peTTM 676 0 0.661123 0.338877 
 ----> peTTM 677 1 0.629983 0.370017 
 ----> peTTM 678 1 0.632242 0.367758 
 ----> peTTM 679 0 0.655792 0.344208 
 ----> peTTM 680 1 0.676556 0.323444 
 ----> peTTM 681 0 0.693343 0.306657 
 ----> peTTM 682 0 0.700691 0.299309 
 ----> peTTM 683 0 0.67186 0.32814 
 ----> peTTM 684 0 0.668928 0.331072 
 ----> peTTM 685 0 0.709364 0.290636 
 ----> peTTM 686 0 0.708017 0.291983 
 ----> peTTM 687 0 0.688957 0.311043 
 ----> peTTM 688 0 0.674359 0.325641 
 ----> peTTM 689 0 0.668301 0.331699 
 ----> peTTM 690 1 0.651647 0.348353 
 ----> peTTM 691 0 0.675595 0.324405 
 ----> peTTM 692 0 0.672681 0.327319 
 ----> peTTM 693 1 0.660888 0.339112 
 ----> peTTM 694 0 0.680306 0.319694 
 ----> peTTM 695 0 0.662335 0.337665 
 ----> peTTM 696 0 0.671116 0.328884 
 ----> peTTM 697 0 0.667459 0.332541 
 ----> peTTM 698 1 0.616893 0.383107 
 ----> peTTM 699 0 0.706052 0.293948 
 ----> peTTM 700 1 0.627753 0.372247 
 ----> peTTM 701 0 0.69694 0.30306 
 ----> peTTM 702 0 0.709842 0.290158 
 ----> peTTM 703 0 0.682078 0.317922 
 ----> peTTM 704 0 0.679177 0.320823 
 ----> peTTM 705 0 0.666236 0.333764 
 ----> peTTM 706 0 0.660316 0.339684 
 ----> peTTM 707 0 0.665273 0.334727 
 ----> peTTM 708 0 0.662106 0.337894 
 ----> peTTM 709 0 0.684931 0.315069 
 ----> peTTM 710 0 0.712096 0.287904 
 ----> peTTM 711 0 0.660124 0.339876 
 ----> peTTM 712 0 0.692414 0.307586 
 ----> peTTM 713 1 0.623693 0.376307 
 ----> peTTM 714 1 0.699968 0.300032 
 ----> peTTM 715 1 0.704231 0.295769 
 ----> peTTM 716 1 0.680538 0.319462 
 ----> peTTM 717 0 0.67936 0.32064 
 ----> peTTM 718 0 0.682139 0.317861 
