 ----> pbMRQ 1 1 0 0 
 ----> pbMRQ 2 0 0 0 
 ----> pbMRQ 3 1 0 0 
 ----> pbMRQ 4 1 0 0 
 ----> pbMRQ 5 1 0 0 
 ----> pbMRQ 6 1 0.610032 0.389968 
 ----> pbMRQ 7 0 0.638542 0.361458 
 ----> pbMRQ 8 0 0.678248 0.321752 
 ----> pbMRQ 9 0 0.650321 0.349679 
 ----> pbMRQ 10 1 0.63084 0.36916 
 ----> pbMRQ 11 1 0.626491 0.373509 
 ----> pbMRQ 12 0 0.629058 0.370942 
 ----> pbMRQ 13 0 0.621116 0.378884 
 ----> pbMRQ 14 1 0.584408 0.415592 
 ----> pbMRQ 15 1 0.591346 0.408654 
 ----> pbMRQ 16 1 0.621812 0.378188 
 ----> pbMRQ 17 1 0.619944 0.380056 
 ----> pbMRQ 18 0 0.653575 0.346425 
 ----> pbMRQ 19 0 0.692035 0.307965 
 ----> pbMRQ 20 0 0.710868 0.289132 
 ----> pbMRQ 21 1 0.719818 0.280182 
 ----> pbMRQ 22 0 0.59734 0.40266 
 ----> pbMRQ 23 0 0.62011 0.37989 
 ----> pbMRQ 24 0 0.665005 0.334995 
 ----> pbMRQ 25 0 0.670236 0.329764 
 ----> pbMRQ 26 1 0.638928 0.361072 
 ----> pbMRQ 27 1 0.640232 0.359768 
 ----> pbMRQ 28 1 0.634371 0.365629 
 ----> pbMRQ 29 0 0.670922 0.329078 
 ----> pbMRQ 30 0 0.682785 0.317215 
 ----> pbMRQ 31 0 0.69304 0.30696 
 ----> pbMRQ 32 0 0.697421 0.302579 
 ----> pbMRQ 33 0 0.634379 0.365621 
 ----> pbMRQ 34 1 0.638415 0.361585 
 ----> pbMRQ 35 1 0.704914 0.295086 
 ----> pbMRQ 36 0 0.658801 0.341199 
 ----> pbMRQ 37 0 0.617536 0.382464 
 ----> pbMRQ 38 0 0.614102 0.385898 
 ----> pbMRQ 39 0 0.662647 0.337353 
 ----> pbMRQ 40 1 0.612715 0.387285 
 ----> pbMRQ 41 1 0.643429 0.356571 
 ----> pbMRQ 42 1 0.668097 0.331903 
 ----> pbMRQ 43 0 0.678926 0.321074 
 ----> pbMRQ 44 1 0.626136 0.373864 
 ----> pbMRQ 45 1 0.668837 0.331163 
 ----> pbMRQ 46 0 0.659645 0.340355 
 ----> pbMRQ 47 1 0.653012 0.346988 
 ----> pbMRQ 48 1 0.679564 0.320436 
 ----> pbMRQ 49 1 0.629162 0.370838 
 ----> pbMRQ 50 1 0.666772 0.333228 
 ----> pbMRQ 51 0 0.632735 0.367265 
 ----> pbMRQ 52 1 0.614162 0.385838 
 ----> pbMRQ 53 0 0.654597 0.345403 
 ----> pbMRQ 54 0 0.65095 0.34905 
 ----> pbMRQ 55 0 0.627113 0.372887 
 ----> pbMRQ 56 1 0.655014 0.344986 
 ----> pbMRQ 57 1 0.621021 0.378979 
 ----> pbMRQ 58 0 0.686613 0.313387 
 ----> pbMRQ 59 1 0.615325 0.384675 
 ----> pbMRQ 60 0 0.66043 0.33957 
 ----> pbMRQ 61 0 0.661072 0.338928 
 ----> pbMRQ 62 0 0.669333 0.330667 
 ----> pbMRQ 63 1 0.612143 0.387857 
 ----> pbMRQ 64 1 0.624087 0.375913 
 ----> pbMRQ 65 0 0.661625 0.338375 
 ----> pbMRQ 66 0 0.68294 0.31706 
 ----> pbMRQ 67 1 0.644828 0.355172 
 ----> pbMRQ 68 1 0.633186 0.366814 
 ----> pbMRQ 69 0 0.673271 0.326729 
 ----> pbMRQ 70 1 0.642594 0.357406 
 ----> pbMRQ 71 1 0.635028 0.364972 
 ----> pbMRQ 72 1 0.641639 0.358361 
 ----> pbMRQ 73 0 0.692805 0.307195 
 ----> pbMRQ 74 0 0.670811 0.329189 
 ----> pbMRQ 75 0 0.627992 0.372008 
 ----> pbMRQ 76 1 0.661075 0.338925 
 ----> pbMRQ 77 0 0.652959 0.347041 
 ----> pbMRQ 78 1 0.640792 0.359208 
 ----> pbMRQ 79 0 0.675242 0.324758 
 ----> pbMRQ 80 1 0.655521 0.344479 
 ----> pbMRQ 81 1 0.644247 0.355753 
 ----> pbMRQ 82 1 0.610287 0.389713 
 ----> pbMRQ 83 1 0.646348 0.353652 
 ----> pbMRQ 84 1 0.630905 0.369095 
 ----> pbMRQ 85 0 0.645657 0.354343 
 ----> pbMRQ 86 0 0.68716 0.31284 
 ----> pbMRQ 87 1 0.603664 0.396336 
 ----> pbMRQ 88 1 0.627887 0.372113 
 ----> pbMRQ 89 1 0.67347 0.32653 
 ----> pbMRQ 90 1 0.605864 0.394136 
 ----> pbMRQ 91 1 0.623022 0.376978 
 ----> pbMRQ 92 0 0.636894 0.363106 
 ----> pbMRQ 93 0 0.659669 0.340331 
 ----> pbMRQ 94 1 0.662319 0.337681 
 ----> pbMRQ 95 0 0.64256 0.35744 
 ----> pbMRQ 96 0 0.684474 0.315526 
 ----> pbMRQ 97 1 0.65106 0.34894 
 ----> pbMRQ 98 1 0.642844 0.357156 
 ----> pbMRQ 99 1 0.655583 0.344417 
 ----> pbMRQ 100 0 0.688156 0.311844 
 ----> pbMRQ 101 1 0.623942 0.376058 
 ----> pbMRQ 102 0 0.645251 0.354749 
 ----> pbMRQ 103 0 0.649181 0.350819 
 ----> pbMRQ 104 0 0.656601 0.343399 
 ----> pbMRQ 105 1 0.651513 0.348487 
 ----> pbMRQ 106 0 0.650944 0.349056 
 ----> pbMRQ 107 0 0.67482 0.32518 
 ----> pbMRQ 108 0 0.657425 0.342575 
 ----> pbMRQ 109 0 0.666753 0.333247 
 ----> pbMRQ 110 1 0.651731 0.348269 
 ----> pbMRQ 111 0 0.665831 0.334169 
 ----> pbMRQ 112 0 0.640854 0.359146 
 ----> pbMRQ 113 1 0.625435 0.374565 
 ----> pbMRQ 114 1 0.669719 0.330281 
 ----> pbMRQ 115 0 0.696634 0.303366 
 ----> pbMRQ 116 0 0.674117 0.325883 
 ----> pbMRQ 117 1 0.653409 0.346591 
 ----> pbMRQ 118 1 0.658873 0.341127 
 ----> pbMRQ 119 1 0.658045 0.341955 
 ----> pbMRQ 120 0 0.659674 0.340326 
 ----> pbMRQ 121 0 0.685972 0.314028 
 ----> pbMRQ 122 1 0.648772 0.351228 
 ----> pbMRQ 123 1 0.662706 0.337294 
 ----> pbMRQ 124 0 0.677932 0.322068 
 ----> pbMRQ 125 1 0.537872 0.462128 
 ----> pbMRQ 126 0 0.646521 0.353479 
 ----> pbMRQ 127 0 0.668616 0.331384 
 ----> pbMRQ 128 0 0.648404 0.351596 
 ----> pbMRQ 129 1 0.594289 0.405711 
 ----> pbMRQ 130 0 0.645458 0.354542 
 ----> pbMRQ 131 0 0.644865 0.355135 
 ----> pbMRQ 132 0 0.645895 0.354105 
 ----> pbMRQ 133 1 0.651059 0.348941 
 ----> pbMRQ 134 1 0.653593 0.346407 
 ----> pbMRQ 135 1 0.651928 0.348072 
 ----> pbMRQ 136 0 0.651732 0.348268 
 ----> pbMRQ 137 1 0.635911 0.364089 
 ----> pbMRQ 138 0 0.687363 0.312637 
 ----> pbMRQ 139 0 0.684255 0.315745 
 ----> pbMRQ 140 1 0.633137 0.366863 
 ----> pbMRQ 141 0 0.673147 0.326853 
 ----> pbMRQ 142 1 0.681969 0.318031 
 ----> pbMRQ 143 0 0.677614 0.322386 
 ----> pbMRQ 144 1 0.65695 0.34305 
 ----> pbMRQ 145 0 0.626888 0.373112 
 ----> pbMRQ 146 0 0.662308 0.337692 
 ----> pbMRQ 147 0 0.679049 0.320951 
 ----> pbMRQ 148 0 0.661354 0.338646 
 ----> pbMRQ 149 1 0.635234 0.364766 
 ----> pbMRQ 150 1 0.65005 0.34995 
 ----> pbMRQ 151 1 0.628864 0.371136 
 ----> pbMRQ 152 0 0.655468 0.344532 
 ----> pbMRQ 153 0 0.654428 0.345572 
 ----> pbMRQ 154 0 0.645239 0.354761 
 ----> pbMRQ 155 1 0.631775 0.368225 
 ----> pbMRQ 156 1 0.639129 0.360871 
 ----> pbMRQ 157 1 0.64814 0.35186 
 ----> pbMRQ 158 0 0.70145 0.29855 
 ----> pbMRQ 159 1 0.667048 0.332952 
 ----> pbMRQ 160 0 0.666691 0.333309 
 ----> pbMRQ 161 0 0.665318 0.334682 
 ----> pbMRQ 162 1 0.647742 0.352258 
 ----> pbMRQ 163 1 0.623536 0.376464 
 ----> pbMRQ 164 1 0.650563 0.349437 
 ----> pbMRQ 165 1 0.666643 0.333357 
 ----> pbMRQ 166 0 0.674649 0.325351 
 ----> pbMRQ 167 1 0.625997 0.374003 
 ----> pbMRQ 168 0 0.644244 0.355756 
 ----> pbMRQ 169 0 0.645276 0.354724 
 ----> pbMRQ 170 1 0.646446 0.353554 
 ----> pbMRQ 171 1 0.615224 0.384776 
 ----> pbMRQ 172 0 0.686977 0.313023 
 ----> pbMRQ 173 1 0.647535 0.352465 
 ----> pbMRQ 174 0 0.695329 0.304671 
 ----> pbMRQ 175 1 0.63663 0.36337 
 ----> pbMRQ 176 0 0.679751 0.320249 
 ----> pbMRQ 177 0 0.668391 0.331609 
 ----> pbMRQ 178 1 0.61739 0.38261 
 ----> pbMRQ 179 0 0.608009 0.391991 
 ----> pbMRQ 180 0 0.646648 0.353352 
 ----> pbMRQ 181 0 0.672517 0.327483 
 ----> pbMRQ 182 0 0.670901 0.329099 
 ----> pbMRQ 183 1 0.642469 0.357531 
 ----> pbMRQ 184 1 0.649755 0.350245 
 ----> pbMRQ 185 0 0.618389 0.381611 
 ----> pbMRQ 186 0 0.689259 0.310741 
 ----> pbMRQ 187 0 0.645601 0.354399 
 ----> pbMRQ 188 1 0.66065 0.33935 
 ----> pbMRQ 189 1 0.648091 0.351909 
 ----> pbMRQ 190 0 0.646207 0.353793 
 ----> pbMRQ 191 0 0.673951 0.326049 
 ----> pbMRQ 192 1 0.63541 0.36459 
 ----> pbMRQ 193 0 0.700769 0.299231 
 ----> pbMRQ 194 0 0.6603 0.3397 
 ----> pbMRQ 195 0 0.653391 0.346609 
 ----> pbMRQ 196 1 0.641671 0.358329 
 ----> pbMRQ 197 0 0.682993 0.317007 
 ----> pbMRQ 198 0 0.658664 0.341336 
 ----> pbMRQ 199 0 0.66437 0.33563 
 ----> pbMRQ 200 0 0.676169 0.323831 
 ----> pbMRQ 201 0 0.620987 0.379013 
 ----> pbMRQ 202 0 0.692797 0.307203 
 ----> pbMRQ 203 1 0.628511 0.371489 
 ----> pbMRQ 204 1 0.656371 0.343629 
 ----> pbMRQ 205 0 0.656335 0.343665 
 ----> pbMRQ 206 1 0.666026 0.333974 
 ----> pbMRQ 207 1 0.632739 0.367261 
 ----> pbMRQ 208 0 0.704768 0.295232 
 ----> pbMRQ 209 0 0.687849 0.312151 
 ----> pbMRQ 210 0 0.670873 0.329127 
 ----> pbMRQ 211 0 0.68356 0.31644 
 ----> pbMRQ 212 0 0.658014 0.341986 
 ----> pbMRQ 213 1 0.650972 0.349028 
 ----> pbMRQ 214 0 0.692322 0.307678 
 ----> pbMRQ 215 1 0.582523 0.417477 
 ----> pbMRQ 216 0 0.703038 0.296962 
 ----> pbMRQ 217 1 0.642341 0.357659 
 ----> pbMRQ 218 0 0.658085 0.341915 
 ----> pbMRQ 219 0 0.645236 0.354764 
 ----> pbMRQ 220 0 0.695895 0.304105 
 ----> pbMRQ 221 0 0.658244 0.341756 
 ----> pbMRQ 222 1 0.656911 0.343089 
 ----> pbMRQ 223 1 0.630988 0.369012 
 ----> pbMRQ 224 0 0.669327 0.330673 
 ----> pbMRQ 225 1 0.607839 0.392161 
 ----> pbMRQ 226 1 0.628913 0.371087 
 ----> pbMRQ 227 0 0.634462 0.365538 
 ----> pbMRQ 228 0 0.682617 0.317383 
 ----> pbMRQ 229 0 0.674126 0.325874 
 ----> pbMRQ 230 0 0.621787 0.378213 
 ----> pbMRQ 231 0 0.716347 0.283653 
 ----> pbMRQ 232 1 0.661637 0.338363 
 ----> pbMRQ 233 0 0.684685 0.315315 
 ----> pbMRQ 234 0 0.651764 0.348236 
 ----> pbMRQ 235 0 0.687822 0.312178 
 ----> pbMRQ 236 1 0.629148 0.370852 
 ----> pbMRQ 237 0 0.680145 0.319855 
 ----> pbMRQ 238 0 0.646658 0.353342 
 ----> pbMRQ 239 0 0.662003 0.337997 
 ----> pbMRQ 240 1 0.679781 0.320219 
 ----> pbMRQ 241 0 0.67886 0.32114 
 ----> pbMRQ 242 1 0.62132 0.37868 
 ----> pbMRQ 243 0 0.682917 0.317083 
 ----> pbMRQ 244 1 0.648783 0.351217 
 ----> pbMRQ 245 1 0.650182 0.349818 
 ----> pbMRQ 246 0 0.712247 0.287753 
 ----> pbMRQ 247 0 0.707257 0.292743 
 ----> pbMRQ 248 1 0.643665 0.356335 
 ----> pbMRQ 249 1 0.646881 0.353119 
 ----> pbMRQ 250 0 0.715075 0.284925 
 ----> pbMRQ 251 0 0.682316 0.317684 
 ----> pbMRQ 252 0 0.673021 0.326979 
 ----> pbMRQ 253 1 0.63253 0.36747 
 ----> pbMRQ 254 0 0.698908 0.301092 
 ----> pbMRQ 255 1 0.57651 0.42349 
 ----> pbMRQ 256 0 0.667268 0.332732 
 ----> pbMRQ 257 0 0.660113 0.339887 
 ----> pbMRQ 258 0 0.670064 0.329936 
 ----> pbMRQ 259 0 0.69101 0.30899 
 ----> pbMRQ 260 1 0.640911 0.359089 
 ----> pbMRQ 261 1 0.683283 0.316717 
 ----> pbMRQ 262 0 0.685777 0.314223 
 ----> pbMRQ 263 1 0.650483 0.349517 
 ----> pbMRQ 264 1 0.631818 0.368182 
 ----> pbMRQ 265 1 0.639157 0.360843 
 ----> pbMRQ 266 0 0.701389 0.298611 
 ----> pbMRQ 267 0 0.653315 0.346685 
 ----> pbMRQ 268 1 0.667525 0.332475 
 ----> pbMRQ 269 0 0.715995 0.284005 
 ----> pbMRQ 270 1 0.655023 0.344977 
 ----> pbMRQ 271 1 0.660441 0.339559 
 ----> pbMRQ 272 0 0.65914 0.34086 
 ----> pbMRQ 273 0 0.697848 0.302152 
 ----> pbMRQ 274 1 0.640639 0.359361 
 ----> pbMRQ 275 1 0.656805 0.343195 
 ----> pbMRQ 276 0 0.661563 0.338437 
 ----> pbMRQ 277 0 0.682221 0.317779 
 ----> pbMRQ 278 0 0.695208 0.304792 
 ----> pbMRQ 279 1 0.588594 0.411406 
 ----> pbMRQ 280 1 0.633994 0.366006 
 ----> pbMRQ 281 0 0.679947 0.320053 
 ----> pbMRQ 282 1 0.616324 0.383676 
 ----> pbMRQ 283 1 0.658863 0.341137 
 ----> pbMRQ 284 1 0.66442 0.33558 
 ----> pbMRQ 285 0 0.674074 0.325926 
 ----> pbMRQ 286 0 0.675278 0.324722 
 ----> pbMRQ 287 0 0.650657 0.349343 
 ----> pbMRQ 288 0 0.673986 0.326014 
 ----> pbMRQ 289 0 0.701512 0.298488 
 ----> pbMRQ 290 0 0.692615 0.307385 
 ----> pbMRQ 291 1 0.624875 0.375125 
 ----> pbMRQ 292 0 0.654972 0.345028 
 ----> pbMRQ 293 1 0.60636 0.39364 
 ----> pbMRQ 294 1 0.610812 0.389188 
 ----> pbMRQ 295 0 0.684228 0.315772 
 ----> pbMRQ 296 0 0.669258 0.330742 
 ----> pbMRQ 297 0 0.668279 0.331721 
 ----> pbMRQ 298 1 0.663381 0.336619 
 ----> pbMRQ 299 0 0.690957 0.309043 
 ----> pbMRQ 300 0 0.678813 0.321187 
 ----> pbMRQ 301 0 0.663741 0.336259 
 ----> pbMRQ 302 0 0.691765 0.308235 
 ----> pbMRQ 303 0 0.667885 0.332115 
 ----> pbMRQ 304 0 0.642098 0.357902 
 ----> pbMRQ 305 0 0.640151 0.359849 
 ----> pbMRQ 306 0 0.661624 0.338376 
 ----> pbMRQ 307 1 0.645143 0.354857 
 ----> pbMRQ 308 0 0.686542 0.313458 
 ----> pbMRQ 309 1 0.667488 0.332512 
 ----> pbMRQ 310 0 0.645477 0.354523 
 ----> pbMRQ 311 0 0.67415 0.32585 
 ----> pbMRQ 312 0 0.678783 0.321217 
 ----> pbMRQ 313 1 0.682279 0.317721 
 ----> pbMRQ 314 0 0.653931 0.346069 
 ----> pbMRQ 315 0 0.659511 0.340489 
 ----> pbMRQ 316 0 0.677405 0.322595 
 ----> pbMRQ 317 0 0.670445 0.329555 
 ----> pbMRQ 318 0 0.676259 0.323741 
 ----> pbMRQ 319 0 0.674555 0.325445 
 ----> pbMRQ 320 0 0.663502 0.336498 
 ----> pbMRQ 321 1 0.605742 0.394258 
 ----> pbMRQ 322 1 0.639425 0.360575 
 ----> pbMRQ 323 0 0.680178 0.319822 
 ----> pbMRQ 324 0 0.666937 0.333063 
 ----> pbMRQ 325 0 0.665889 0.334111 
 ----> pbMRQ 326 1 0.634921 0.365079 
 ----> pbMRQ 327 1 0.656446 0.343554 
 ----> pbMRQ 328 0 0.656469 0.343531 
 ----> pbMRQ 329 0 0.649634 0.350366 
 ----> pbMRQ 330 0 0.685662 0.314338 
 ----> pbMRQ 331 0 0.695961 0.304039 
 ----> pbMRQ 332 0 0.68963 0.31037 
 ----> pbMRQ 333 1 0.661921 0.338079 
 ----> pbMRQ 334 1 0.616778 0.383222 
 ----> pbMRQ 335 0 0.675428 0.324572 
 ----> pbMRQ 336 1 0.642281 0.357719 
 ----> pbMRQ 337 1 0.667688 0.332312 
 ----> pbMRQ 338 1 0.680293 0.319707 
 ----> pbMRQ 339 0 0.654107 0.345893 
 ----> pbMRQ 340 0 0.695322 0.304678 
 ----> pbMRQ 341 1 0.683275 0.316725 
 ----> pbMRQ 342 1 0.660011 0.339989 
 ----> pbMRQ 343 0 0.684705 0.315295 
 ----> pbMRQ 344 0 0.723151 0.276849 
 ----> pbMRQ 345 0 0.659266 0.340734 
 ----> pbMRQ 346 0 0.687374 0.312626 
 ----> pbMRQ 347 1 0.647386 0.352614 
 ----> pbMRQ 348 0 0.655807 0.344193 
 ----> pbMRQ 349 0 0.646077 0.353923 
 ----> pbMRQ 350 1 0.663461 0.336539 
 ----> pbMRQ 351 0 0.683847 0.316153 
 ----> pbMRQ 352 0 0.666484 0.333516 
 ----> pbMRQ 353 0 0.661778 0.338222 
 ----> pbMRQ 354 0 0.689226 0.310774 
 ----> pbMRQ 355 0 0.664838 0.335162 
 ----> pbMRQ 356 0 0.686967 0.313033 
 ----> pbMRQ 357 1 0.675675 0.324325 
 ----> pbMRQ 358 0 0.690101 0.309899 
 ----> pbMRQ 359 0 0.650128 0.349872 
 ----> pbMRQ 360 0 0.671897 0.328103 
 ----> pbMRQ 361 0 0.661257 0.338743 
 ----> pbMRQ 362 1 0.692725 0.307275 
 ----> pbMRQ 363 0 0.689623 0.310377 
 ----> pbMRQ 364 0 0.698213 0.301787 
 ----> pbMRQ 365 0 0.685451 0.314549 
 ----> pbMRQ 366 1 0.668645 0.331355 
 ----> pbMRQ 367 0 0.676871 0.323129 
 ----> pbMRQ 368 0 0.677688 0.322312 
 ----> pbMRQ 369 0 0.657468 0.342532 
 ----> pbMRQ 370 1 0.661724 0.338276 
 ----> pbMRQ 371 0 0.659474 0.340526 
 ----> pbMRQ 372 0 0.668104 0.331896 
 ----> pbMRQ 373 0 0.670156 0.329844 
 ----> pbMRQ 374 0 0.656518 0.343482 
 ----> pbMRQ 375 1 0.659088 0.340912 
 ----> pbMRQ 376 0 0.696053 0.303947 
 ----> pbMRQ 377 0 0.687647 0.312353 
 ----> pbMRQ 378 1 0.595257 0.404743 
 ----> pbMRQ 379 0 0.667767 0.332233 
 ----> pbMRQ 380 0 0.671658 0.328342 
 ----> pbMRQ 381 0 0.676505 0.323495 
 ----> pbMRQ 382 0 0.653451 0.346549 
 ----> pbMRQ 383 0 0.677411 0.322589 
 ----> pbMRQ 384 0 0.667636 0.332364 
 ----> pbMRQ 385 1 0.650212 0.349788 
 ----> pbMRQ 386 0 0.67275 0.32725 
 ----> pbMRQ 387 1 0.651395 0.348605 
 ----> pbMRQ 388 1 0.668578 0.331422 
 ----> pbMRQ 389 0 0.672627 0.327373 
 ----> pbMRQ 390 0 0.691387 0.308613 
 ----> pbMRQ 391 0 0.672221 0.327779 
 ----> pbMRQ 392 1 0.660945 0.339055 
 ----> pbMRQ 393 1 0.650123 0.349877 
 ----> pbMRQ 394 0 0.689937 0.310063 
 ----> pbMRQ 395 0 0.673991 0.326009 
 ----> pbMRQ 396 0 0.666658 0.333342 
 ----> pbMRQ 397 0 0.701605 0.298395 
 ----> pbMRQ 398 1 0.612199 0.387801 
 ----> pbMRQ 399 1 0.645054 0.354946 
 ----> pbMRQ 400 1 0.646199 0.353801 
 ----> pbMRQ 401 0 0.673871 0.326129 
 ----> pbMRQ 402 0 0.664133 0.335867 
 ----> pbMRQ 403 0 0.69603 0.30397 
 ----> pbMRQ 404 0 0.662434 0.337566 
 ----> pbMRQ 405 0 0.641399 0.358601 
 ----> pbMRQ 406 1 0.663722 0.336278 
 ----> pbMRQ 407 1 0.669507 0.330493 
 ----> pbMRQ 408 0 0.685324 0.314676 
 ----> pbMRQ 409 1 0.653841 0.346159 
 ----> pbMRQ 410 0 0.64419 0.35581 
 ----> pbMRQ 411 0 0.657648 0.342352 
 ----> pbMRQ 412 1 0.6369 0.3631 
 ----> pbMRQ 413 1 0.67006 0.32994 
 ----> pbMRQ 414 0 0.669884 0.330116 
 ----> pbMRQ 415 1 0.668349 0.331651 
 ----> pbMRQ 416 0 0.651911 0.348089 
 ----> pbMRQ 417 0 0.70214 0.29786 
 ----> pbMRQ 418 1 0.608371 0.391629 
 ----> pbMRQ 419 0 0.668998 0.331002 
 ----> pbMRQ 420 0 0.665339 0.334661 
 ----> pbMRQ 421 0 0.62567 0.37433 
 ----> pbMRQ 422 0 0.692197 0.307803 
 ----> pbMRQ 423 0 0.679972 0.320028 
 ----> pbMRQ 424 0 0.663197 0.336803 
 ----> pbMRQ 425 0 0.661165 0.338835 
 ----> pbMRQ 426 1 0.659768 0.340232 
 ----> pbMRQ 427 0 0.635201 0.364799 
 ----> pbMRQ 428 0 0.697733 0.302267 
 ----> pbMRQ 429 0 0.642641 0.357359 
 ----> pbMRQ 430 0 0.660886 0.339114 
 ----> pbMRQ 431 0 0.683259 0.316741 
 ----> pbMRQ 432 0 0.676691 0.323309 
 ----> pbMRQ 433 0 0.679326 0.320674 
 ----> pbMRQ 434 0 0.684481 0.315519 
 ----> pbMRQ 435 1 0.663279 0.336721 
 ----> pbMRQ 436 0 0.68472 0.31528 
 ----> pbMRQ 437 0 0.691703 0.308297 
 ----> pbMRQ 438 0 0.662039 0.337961 
 ----> pbMRQ 439 0 0.67635 0.32365 
 ----> pbMRQ 440 0 0.706182 0.293818 
 ----> pbMRQ 441 0 0.69239 0.30761 
 ----> pbMRQ 442 0 0.675769 0.324231 
 ----> pbMRQ 443 0 0.688594 0.311406 
 ----> pbMRQ 444 0 0.700586 0.299414 
 ----> pbMRQ 445 1 0.642285 0.357715 
 ----> pbMRQ 446 0 0.667922 0.332078 
 ----> pbMRQ 447 0 0.64502 0.35498 
 ----> pbMRQ 448 0 0.679243 0.320757 
 ----> pbMRQ 449 0 0.659808 0.340192 
 ----> pbMRQ 450 0 0.701395 0.298605 
 ----> pbMRQ 451 0 0.665903 0.334097 
 ----> pbMRQ 452 0 0.714746 0.285254 
 ----> pbMRQ 453 0 0.68797 0.31203 
 ----> pbMRQ 454 1 0.663416 0.336584 
 ----> pbMRQ 455 0 0.690902 0.309098 
 ----> pbMRQ 456 0 0.705049 0.294951 
 ----> pbMRQ 457 0 0.667676 0.332324 
 ----> pbMRQ 458 1 0.675452 0.324548 
 ----> pbMRQ 459 0 0.683845 0.316155 
 ----> pbMRQ 460 0 0.706864 0.293136 
 ----> pbMRQ 461 1 0.64266 0.35734 
 ----> pbMRQ 462 0 0.681466 0.318534 
 ----> pbMRQ 463 0 0.669797 0.330203 
 ----> pbMRQ 464 0 0.67127 0.32873 
 ----> pbMRQ 465 0 0.732117 0.267883 
 ----> pbMRQ 466 0 0.630519 0.369481 
 ----> pbMRQ 467 1 0.6383 0.3617 
 ----> pbMRQ 468 0 0.68259 0.31741 
 ----> pbMRQ 469 0 0.681475 0.318525 
 ----> pbMRQ 470 1 0.659205 0.340795 
 ----> pbMRQ 471 1 0.66045 0.33955 
 ----> pbMRQ 472 0 0.671944 0.328056 
 ----> pbMRQ 473 1 0.655418 0.344582 
 ----> pbMRQ 474 0 0.683771 0.316229 
 ----> pbMRQ 475 0 0.668015 0.331985 
 ----> pbMRQ 476 0 0.656533 0.343467 
 ----> pbMRQ 477 1 0.659114 0.340886 
 ----> pbMRQ 478 0 0.713837 0.286163 
 ----> pbMRQ 479 1 0.653911 0.346089 
 ----> pbMRQ 480 0 0.648441 0.351559 
 ----> pbMRQ 481 0 0.700525 0.299475 
 ----> pbMRQ 482 0 0.688106 0.311894 
 ----> pbMRQ 483 1 0.643158 0.356842 
 ----> pbMRQ 484 0 0.646597 0.353403 
 ----> pbMRQ 485 0 0.699007 0.300993 
 ----> pbMRQ 486 0 0.673194 0.326806 
 ----> pbMRQ 487 0 0.682114 0.317886 
 ----> pbMRQ 488 1 0.657797 0.342203 
 ----> pbMRQ 489 1 0.661337 0.338663 
 ----> pbMRQ 490 0 0.67459 0.32541 
 ----> pbMRQ 491 1 0.6721 0.3279 
 ----> pbMRQ 492 0 0.651045 0.348955 
 ----> pbMRQ 493 0 0.696218 0.303782 
 ----> pbMRQ 494 0 0.679222 0.320778 
 ----> pbMRQ 495 1 0.672255 0.327745 
 ----> pbMRQ 496 0 0.679981 0.320019 
 ----> pbMRQ 497 0 0.685345 0.314655 
 ----> pbMRQ 498 0 0.654574 0.345426 
 ----> pbMRQ 499 1 0.65661 0.34339 
 ----> pbMRQ 500 1 0.625962 0.374038 
 ----> pbMRQ 501 0 0.68375 0.31625 
 ----> pbMRQ 502 0 0.650956 0.349044 
 ----> pbMRQ 503 0 0.664499 0.335501 
 ----> pbMRQ 504 0 0.679354 0.320646 
 ----> pbMRQ 505 0 0.692396 0.307604 
 ----> pbMRQ 506 0 0.667037 0.332963 
 ----> pbMRQ 507 0 0.66149 0.33851 
 ----> pbMRQ 508 1 0.68 0.32 
 ----> pbMRQ 509 1 0.662507 0.337493 
 ----> pbMRQ 510 0 0.71908 0.28092 
 ----> pbMRQ 511 0 0.650166 0.349834 
 ----> pbMRQ 512 0 0.672982 0.327018 
 ----> pbMRQ 513 0 0.665209 0.334791 
 ----> pbMRQ 514 1 0.686393 0.313607 
 ----> pbMRQ 515 0 0.658945 0.341055 
 ----> pbMRQ 516 0 0.697517 0.302483 
 ----> pbMRQ 517 1 0.673116 0.326884 
 ----> pbMRQ 518 0 0.665768 0.334232 
 ----> pbMRQ 519 0 0.642527 0.357473 
 ----> pbMRQ 520 1 0.683109 0.316891 
 ----> pbMRQ 521 1 0.639656 0.360344 
 ----> pbMRQ 522 0 0.694631 0.305369 
 ----> pbMRQ 523 1 0.65244 0.34756 
 ----> pbMRQ 524 0 0.711078 0.288922 
 ----> pbMRQ 525 0 0.645346 0.354654 
 ----> pbMRQ 526 0 0.656092 0.343908 
 ----> pbMRQ 527 0 0.657568 0.342432 
 ----> pbMRQ 528 0 0.667169 0.332831 
 ----> pbMRQ 529 1 0.611117 0.388883 
 ----> pbMRQ 530 0 0.685345 0.314655 
 ----> pbMRQ 531 1 0.653792 0.346208 
 ----> pbMRQ 532 0 0.705219 0.294781 
 ----> pbMRQ 533 0 0.68372 0.31628 
 ----> pbMRQ 534 0 0.663129 0.336871 
 ----> pbMRQ 535 1 0.615219 0.384781 
 ----> pbMRQ 536 0 0.659113 0.340887 
 ----> pbMRQ 537 0 0.667953 0.332047 
 ----> pbMRQ 538 0 0.683088 0.316912 
 ----> pbMRQ 539 1 0.649057 0.350943 
 ----> pbMRQ 540 0 0.66438 0.33562 
 ----> pbMRQ 541 1 0.628608 0.371392 
 ----> pbMRQ 542 0 0.651967 0.348033 
 ----> pbMRQ 543 1 0.639742 0.360258 
 ----> pbMRQ 544 0 0.653391 0.346609 
 ----> pbMRQ 545 1 0.651882 0.348118 
 ----> pbMRQ 546 0 0.667625 0.332375 
 ----> pbMRQ 547 0 0.673173 0.326827 
 ----> pbMRQ 548 1 0.653982 0.346018 
 ----> pbMRQ 549 0 0.660961 0.339039 
 ----> pbMRQ 550 0 0.678417 0.321583 
 ----> pbMRQ 551 0 0.654092 0.345908 
 ----> pbMRQ 552 1 0.611697 0.388303 
 ----> pbMRQ 553 1 0.578839 0.421161 
 ----> pbMRQ 554 1 0.600674 0.399326 
 ----> pbMRQ 555 1 0.624586 0.375414 
 ----> pbMRQ 556 0 0.634008 0.365992 
 ----> pbMRQ 557 0 0.649062 0.350938 
 ----> pbMRQ 558 0 0.701228 0.298772 
 ----> pbMRQ 559 0 0.671621 0.328379 
 ----> pbMRQ 560 0 0.693284 0.306716 
 ----> pbMRQ 561 1 0.661012 0.338988 
 ----> pbMRQ 562 0 0.657723 0.342277 
 ----> pbMRQ 563 0 0.654519 0.345481 
 ----> pbMRQ 564 0 0.684309 0.315691 
 ----> pbMRQ 565 0 0.642247 0.357753 
 ----> pbMRQ 566 0 0.673793 0.326207 
 ----> pbMRQ 567 0 0.667518 0.332482 
 ----> pbMRQ 568 0 0.696868 0.303132 
 ----> pbMRQ 569 1 0.657526 0.342474 
 ----> pbMRQ 570 0 0.692611 0.307389 
 ----> pbMRQ 571 1 0.627735 0.372265 
 ----> pbMRQ 572 0 0.705224 0.294776 
 ----> pbMRQ 573 0 0.660002 0.339998 
 ----> pbMRQ 574 0 0.677369 0.322631 
 ----> pbMRQ 575 1 0.670645 0.329355 
 ----> pbMRQ 576 0 0.684263 0.315737 
 ----> pbMRQ 577 1 0.63451 0.36549 
 ----> pbMRQ 578 0 0.722867 0.277133 
 ----> pbMRQ 579 0 0.709142 0.290858 
 ----> pbMRQ 580 1 0.688981 0.311019 
 ----> pbMRQ 581 0 0.651855 0.348145 
 ----> pbMRQ 582 0 0.679191 0.320809 
 ----> pbMRQ 583 1 0.624709 0.375291 
 ----> pbMRQ 584 0 0.699539 0.300461 
 ----> pbMRQ 585 0 0.690609 0.309391 
 ----> pbMRQ 586 0 0.627243 0.372757 
 ----> pbMRQ 587 0 0.638124 0.361876 
 ----> pbMRQ 588 0 0.674296 0.325704 
 ----> pbMRQ 589 1 0.561953 0.438047 
 ----> pbMRQ 590 0 0.688121 0.311879 
 ----> pbMRQ 591 1 0.632304 0.367696 
 ----> pbMRQ 592 1 0.618526 0.381474 
 ----> pbMRQ 593 0 0.691087 0.308913 
 ----> pbMRQ 594 0 0.661951 0.338049 
 ----> pbMRQ 595 0 0.643371 0.356629 
 ----> pbMRQ 596 0 0.667563 0.332437 
 ----> pbMRQ 597 0 0.675783 0.324217 
 ----> pbMRQ 598 0 0.682026 0.317974 
 ----> pbMRQ 599 0 0.655516 0.344484 
 ----> pbMRQ 600 0 0.647396 0.352604 
 ----> pbMRQ 601 0 0.656345 0.343655 
 ----> pbMRQ 602 1 0.620356 0.379644 
 ----> pbMRQ 603 0 0.67087 0.32913 
 ----> pbMRQ 604 0 0.694797 0.305203 
 ----> pbMRQ 605 0 0.663887 0.336113 
 ----> pbMRQ 606 0 0.692197 0.307803 
 ----> pbMRQ 607 1 0.67241 0.32759 
 ----> pbMRQ 608 0 0.676361 0.323639 
 ----> pbMRQ 609 0 0.686485 0.313515 
 ----> pbMRQ 610 0 0.692784 0.307216 
 ----> pbMRQ 611 0 0.692094 0.307906 
 ----> pbMRQ 612 0 0.692842 0.307158 
 ----> pbMRQ 613 0 0.694556 0.305444 
 ----> pbMRQ 614 0 0.683552 0.316448 
 ----> pbMRQ 615 0 0.628488 0.371512 
 ----> pbMRQ 616 0 0.751051 0.248949 
 ----> pbMRQ 617 0 0.701389 0.298611 
 ----> pbMRQ 618 0 0.691323 0.308677 
 ----> pbMRQ 619 1 0.601632 0.398368 
 ----> pbMRQ 620 0 0.679906 0.320094 
 ----> pbMRQ 621 0 0.639116 0.360884 
 ----> pbMRQ 622 0 0.702738 0.297262 
 ----> pbMRQ 623 1 0.663178 0.336822 
 ----> pbMRQ 624 0 0.706471 0.293529 
 ----> pbMRQ 625 0 0.70227 0.29773 
 ----> pbMRQ 626 0 0.697992 0.302008 
 ----> pbMRQ 627 0 0.72495 0.27505 
 ----> pbMRQ 628 1 0.6968 0.3032 
 ----> pbMRQ 629 0 0.68837 0.31163 
 ----> pbMRQ 630 0 0.721867 0.278133 
 ----> pbMRQ 631 1 0.628057 0.371943 
 ----> pbMRQ 632 1 0.642907 0.357093 
 ----> pbMRQ 633 0 0.69772 0.30228 
 ----> pbMRQ 634 1 0.674824 0.325176 
 ----> pbMRQ 635 0 0.658741 0.341259 
 ----> pbMRQ 636 1 0.672514 0.327486 
 ----> pbMRQ 637 0 0.693648 0.306352 
 ----> pbMRQ 638 0 0.654199 0.345801 
 ----> pbMRQ 639 1 0.668869 0.331131 
 ----> pbMRQ 640 0 0.649262 0.350738 
 ----> pbMRQ 641 0 0.662951 0.337049 
 ----> pbMRQ 642 0 0.698973 0.301027 
 ----> pbMRQ 643 0 0.663361 0.336639 
 ----> pbMRQ 644 0 0.693468 0.306532 
 ----> pbMRQ 645 0 0.655201 0.344799 
 ----> pbMRQ 646 1 0.643898 0.356102 
 ----> pbMRQ 647 0 0.656187 0.343813 
 ----> pbMRQ 648 0 0.641309 0.358691 
 ----> pbMRQ 649 0 0.675209 0.324791 
 ----> pbMRQ 650 0 0.690841 0.309159 
 ----> pbMRQ 651 1 0.647369 0.352631 
 ----> pbMRQ 652 0 0.679071 0.320929 
 ----> pbMRQ 653 1 0.662573 0.337427 
 ----> pbMRQ 654 0 0.671889 0.328111 
 ----> pbMRQ 655 0 0.673052 0.326948 
 ----> pbMRQ 656 0 0.710175 0.289825 
 ----> pbMRQ 657 0 0.696049 0.303951 
 ----> pbMRQ 658 0 0.66462 0.33538 
 ----> pbMRQ 659 0 0.65788 0.34212 
 ----> pbMRQ 660 0 0.712612 0.287388 
 ----> pbMRQ 661 0 0.697144 0.302856 
 ----> pbMRQ 662 0 0.63471 0.36529 
 ----> pbMRQ 663 1 0.664342 0.335658 
 ----> pbMRQ 664 1 0.681328 0.318672 
 ----> pbMRQ 665 0 0.633076 0.366924 
 ----> pbMRQ 666 0 0.680405 0.319595 
 ----> pbMRQ 667 0 0.672889 0.327111 
 ----> pbMRQ 668 0 0.694921 0.305079 
 ----> pbMRQ 669 0 0.647012 0.352988 
 ----> pbMRQ 670 0 0.690771 0.309229 
 ----> pbMRQ 671 0 0.681189 0.318811 
 ----> pbMRQ 672 0 0.66939 0.33061 
 ----> pbMRQ 673 0 0.685161 0.314839 
 ----> pbMRQ 674 1 0.630362 0.369638 
 ----> pbMRQ 675 1 0.663819 0.336181 
 ----> pbMRQ 676 0 0.667736 0.332264 
 ----> pbMRQ 677 1 0.604913 0.395087 
 ----> pbMRQ 678 1 0.646216 0.353784 
 ----> pbMRQ 679 0 0.707128 0.292872 
 ----> pbMRQ 680 1 0.641839 0.358161 
 ----> pbMRQ 681 0 0.673614 0.326386 
 ----> pbMRQ 682 0 0.688094 0.311906 
 ----> pbMRQ 683 0 0.690384 0.309616 
 ----> pbMRQ 684 0 0.655185 0.344815 
 ----> pbMRQ 685 0 0.713753 0.286247 
 ----> pbMRQ 686 0 0.656086 0.343914 
 ----> pbMRQ 687 0 0.630607 0.369393 
 ----> pbMRQ 688 0 0.702018 0.297982 
 ----> pbMRQ 689 0 0.67497 0.32503 
 ----> pbMRQ 690 1 0.677859 0.322141 
 ----> pbMRQ 691 0 0.656592 0.343408 
 ----> pbMRQ 692 0 0.669853 0.330147 
 ----> pbMRQ 693 1 0.66521 0.33479 
 ----> pbMRQ 694 0 0.661773 0.338227 
 ----> pbMRQ 695 0 0.683991 0.316009 
 ----> pbMRQ 696 0 0.684231 0.315769 
 ----> pbMRQ 697 0 0.676213 0.323787 
 ----> pbMRQ 698 1 0.68693 0.31307 
 ----> pbMRQ 699 0 0.66757 0.33243 
 ----> pbMRQ 700 1 0.654656 0.345344 
 ----> pbMRQ 701 0 0.64517 0.35483 
 ----> pbMRQ 702 0 0.657504 0.342496 
 ----> pbMRQ 703 0 0.670232 0.329768 
 ----> pbMRQ 704 0 0.657494 0.342506 
 ----> pbMRQ 705 0 0.692187 0.307813 
 ----> pbMRQ 706 0 0.693952 0.306048 
 ----> pbMRQ 707 0 0.670182 0.329818 
 ----> pbMRQ 708 0 0.67175 0.32825 
 ----> pbMRQ 709 0 0.668831 0.331169 
 ----> pbMRQ 710 0 0.651927 0.348073 
 ----> pbMRQ 711 0 0.679825 0.320175 
 ----> pbMRQ 712 0 0.641735 0.358265 
 ----> pbMRQ 713 1 0.676325 0.323675 
 ----> pbMRQ 714 1 0.661606 0.338394 
 ----> pbMRQ 715 1 0.681978 0.318022 
 ----> pbMRQ 716 1 0.676448 0.323552 
 ----> pbMRQ 717 0 0.659177 0.340823 
 ----> pbMRQ 718 0 0.694899 0.305101 
