 ----> pbMRQ 1 1 0.656688 0.343312 
 ----> pbMRQ 2 0 0.664544 0.335456 
 ----> pbMRQ 3 1 0.633136 0.366864 
 ----> pbMRQ 4 1 0.693989 0.306011 
 ----> pbMRQ 5 1 0.682228 0.317772 
 ----> pbMRQ 6 1 0.718899 0.281101 
 ----> pbMRQ 7 0 0.595692 0.404308 
 ----> pbMRQ 8 0 0.639823 0.360177 
 ----> pbMRQ 9 0 0.471289 0.528711 
 ----> pbMRQ 10 1 0.578739 0.421261 
 ----> pbMRQ 11 1 0.513243 0.486757 
 ----> pbMRQ 12 0 0.636258 0.363742 
 ----> pbMRQ 13 0 0.618189 0.381811 
 ----> pbMRQ 14 1 0.617165 0.382835 
 ----> pbMRQ 15 1 0.644996 0.355004 
 ----> pbMRQ 16 1 0.675419 0.324581 
 ----> pbMRQ 17 1 0.594741 0.405259 
 ----> pbMRQ 18 0 0.620818 0.379182 
 ----> pbMRQ 19 0 0.625548 0.374452 
 ----> pbMRQ 20 0 0.624185 0.375815 
 ----> pbMRQ 21 1 0.541336 0.458664 
 ----> pbMRQ 22 0 0.606836 0.393164 
 ----> pbMRQ 23 0 0.651509 0.348491 
 ----> pbMRQ 24 0 0.733495 0.266505 
 ----> pbMRQ 25 0 0.694111 0.305889 
 ----> pbMRQ 26 1 0.589086 0.410914 
 ----> pbMRQ 27 1 0.697936 0.302064 
 ----> pbMRQ 28 1 0.696501 0.303499 
 ----> pbMRQ 29 0 0.677428 0.322572 
 ----> pbMRQ 30 0 0.704797 0.295203 
 ----> pbMRQ 31 0 0.612892 0.387108 
 ----> pbMRQ 32 0 0.64308 0.35692 
 ----> pbMRQ 33 0 0.581097 0.418903 
 ----> pbMRQ 34 1 0.607937 0.392063 
 ----> pbMRQ 35 1 0.495877 0.504123 
 ----> pbMRQ 36 0 0.660831 0.339169 
 ----> pbMRQ 37 0 0.619577 0.380423 
 ----> pbMRQ 38 0 0.704841 0.295159 
 ----> pbMRQ 39 0 0.584775 0.415225 
 ----> pbMRQ 40 1 0.642665 0.357335 
 ----> pbMRQ 41 1 0.626742 0.373258 
 ----> pbMRQ 42 1 0.686042 0.313958 
 ----> pbMRQ 43 0 0.717123 0.282877 
 ----> pbMRQ 44 1 0.661078 0.338922 
 ----> pbMRQ 45 1 0.637538 0.362462 
 ----> pbMRQ 46 0 0.656815 0.343185 
 ----> pbMRQ 47 1 0.640897 0.359103 
 ----> pbMRQ 48 1 0.671795 0.328205 
 ----> pbMRQ 49 1 0.666254 0.333746 
 ----> pbMRQ 50 1 0.605399 0.394601 
 ----> pbMRQ 51 0 0.659902 0.340098 
 ----> pbMRQ 52 1 0.625459 0.374541 
 ----> pbMRQ 53 0 0.660283 0.339717 
 ----> pbMRQ 54 0 0.632267 0.367733 
 ----> pbMRQ 55 0 0.686307 0.313693 
 ----> pbMRQ 56 1 0.662246 0.337754 
 ----> pbMRQ 57 1 0.678456 0.321544 
 ----> pbMRQ 58 0 0.685985 0.314015 
 ----> pbMRQ 59 1 0.645442 0.354558 
 ----> pbMRQ 60 0 0.706714 0.293286 
 ----> pbMRQ 61 0 0.6646 0.3354 
 ----> pbMRQ 62 0 0.635207 0.364793 
 ----> pbMRQ 63 1 0.599071 0.400929 
 ----> pbMRQ 64 1 0.654082 0.345918 
 ----> pbMRQ 65 0 0.654649 0.345351 
 ----> pbMRQ 66 0 0.69387 0.30613 
 ----> pbMRQ 67 1 0.66784 0.33216 
 ----> pbMRQ 68 1 0.600125 0.399875 
 ----> pbMRQ 69 0 0.6627 0.3373 
 ----> pbMRQ 70 1 0.668176 0.331824 
 ----> pbMRQ 71 1 0.653374 0.346626 
 ----> pbMRQ 72 1 0.65279 0.34721 
 ----> pbMRQ 73 0 0.656693 0.343307 
 ----> pbMRQ 74 0 0.692401 0.307599 
 ----> pbMRQ 75 0 0.669464 0.330536 
 ----> pbMRQ 76 1 0.616283 0.383717 
 ----> pbMRQ 77 0 0.613732 0.386268 
 ----> pbMRQ 78 1 0.654756 0.345244 
 ----> pbMRQ 79 0 0.6329 0.3671 
 ----> pbMRQ 80 1 0.668339 0.331661 
 ----> pbMRQ 81 1 0.666528 0.333472 
 ----> pbMRQ 82 1 0.640771 0.359229 
 ----> pbMRQ 83 1 0.574843 0.425157 
 ----> pbMRQ 84 1 0.657764 0.342236 
 ----> pbMRQ 85 0 0.661859 0.338141 
 ----> pbMRQ 86 0 0.642717 0.357283 
 ----> pbMRQ 87 1 0.620244 0.379756 
 ----> pbMRQ 88 1 0.600189 0.399811 
 ----> pbMRQ 89 1 0.615305 0.384695 
 ----> pbMRQ 90 1 0.660167 0.339833 
 ----> pbMRQ 91 1 0.586293 0.413707 
 ----> pbMRQ 92 0 0.660004 0.339996 
 ----> pbMRQ 93 0 0.644709 0.355291 
 ----> pbMRQ 94 1 0.590939 0.409061 
 ----> pbMRQ 95 0 0.667375 0.332625 
 ----> pbMRQ 96 0 0.656799 0.343201 
 ----> pbMRQ 97 1 0.665955 0.334045 
 ----> pbMRQ 98 1 0.661206 0.338794 
 ----> pbMRQ 99 1 0.593974 0.406026 
 ----> pbMRQ 100 0 0.653623 0.346377 
 ----> pbMRQ 101 1 0.649521 0.350479 
 ----> pbMRQ 102 0 0.664498 0.335502 
 ----> pbMRQ 103 0 0.656042 0.343958 
 ----> pbMRQ 104 0 0.660226 0.339774 
 ----> pbMRQ 105 1 0.6753 0.3247 
 ----> pbMRQ 106 0 0.675171 0.324829 
 ----> pbMRQ 107 0 0.620202 0.379798 
 ----> pbMRQ 108 0 0.696954 0.303046 
 ----> pbMRQ 109 0 0.708408 0.291592 
 ----> pbMRQ 110 1 0.600607 0.399393 
 ----> pbMRQ 111 0 0.667389 0.332611 
 ----> pbMRQ 112 0 0.690868 0.309132 
 ----> pbMRQ 113 1 0.624665 0.375335 
 ----> pbMRQ 114 1 0.623923 0.376077 
 ----> pbMRQ 115 0 0.661586 0.338414 
 ----> pbMRQ 116 0 0.678787 0.321213 
 ----> pbMRQ 117 1 0.661548 0.338452 
 ----> pbMRQ 118 1 0.657321 0.342679 
 ----> pbMRQ 119 1 0.636002 0.363998 
 ----> pbMRQ 120 0 0.645788 0.354212 
 ----> pbMRQ 121 0 0.731909 0.268091 
 ----> pbMRQ 122 1 0.657663 0.342337 
 ----> pbMRQ 123 1 0.632524 0.367476 
 ----> pbMRQ 124 0 0.666023 0.333977 
 ----> pbMRQ 125 1 0.640858 0.359142 
 ----> pbMRQ 126 0 0.701226 0.298774 
 ----> pbMRQ 127 0 0.637438 0.362562 
 ----> pbMRQ 128 0 0.645941 0.354059 
 ----> pbMRQ 129 1 0.574376 0.425624 
 ----> pbMRQ 130 0 0.616495 0.383505 
 ----> pbMRQ 131 0 0.653293 0.346707 
 ----> pbMRQ 132 0 0.668579 0.331421 
 ----> pbMRQ 133 1 0.654261 0.345739 
 ----> pbMRQ 134 1 0.637495 0.362505 
 ----> pbMRQ 135 1 0.646715 0.353285 
 ----> pbMRQ 136 0 0.676943 0.323057 
 ----> pbMRQ 137 1 0.64372 0.35628 
 ----> pbMRQ 138 0 0.617135 0.382865 
 ----> pbMRQ 139 0 0.644003 0.355997 
 ----> pbMRQ 140 1 0.674748 0.325252 
 ----> pbMRQ 141 0 0.681007 0.318993 
 ----> pbMRQ 142 1 0.628309 0.371691 
 ----> pbMRQ 143 0 0.629191 0.370809 
 ----> pbMRQ 144 1 0.634618 0.365382 
 ----> pbMRQ 145 0 0.699282 0.300718 
 ----> pbMRQ 146 0 0.64705 0.35295 
 ----> pbMRQ 147 0 0.637624 0.362376 
 ----> pbMRQ 148 0 0.656406 0.343594 
 ----> pbMRQ 149 1 0.675831 0.324169 
 ----> pbMRQ 150 1 0.672264 0.327736 
 ----> pbMRQ 151 1 0.643056 0.356944 
 ----> pbMRQ 152 0 0.725751 0.274249 
 ----> pbMRQ 153 0 0.691079 0.308921 
 ----> pbMRQ 154 0 0.716444 0.283556 
 ----> pbMRQ 155 1 0.600707 0.399293 
 ----> pbMRQ 156 1 0.639991 0.360009 
 ----> pbMRQ 157 1 0.668508 0.331492 
 ----> pbMRQ 158 0 0.735606 0.264394 
 ----> pbMRQ 159 1 0.69083 0.30917 
 ----> pbMRQ 160 0 0.650798 0.349202 
 ----> pbMRQ 161 0 0.70805 0.29195 
 ----> pbMRQ 162 1 0.647163 0.352837 
 ----> pbMRQ 163 1 0.621519 0.378481 
 ----> pbMRQ 164 1 0.627105 0.372895 
 ----> pbMRQ 165 1 0.612662 0.387338 
 ----> pbMRQ 166 0 0.664221 0.335779 
 ----> pbMRQ 167 1 0.597114 0.402886 
 ----> pbMRQ 168 0 0.681809 0.318191 
 ----> pbMRQ 169 0 0.631476 0.368524 
 ----> pbMRQ 170 1 0.644438 0.355562 
 ----> pbMRQ 171 1 0.641361 0.358639 
 ----> pbMRQ 172 0 0.640464 0.359536 
 ----> pbMRQ 173 1 0.631464 0.368536 
 ----> pbMRQ 174 0 0.706528 0.293472 
 ----> pbMRQ 175 1 0.610407 0.389593 
 ----> pbMRQ 176 0 0.690171 0.309829 
 ----> pbMRQ 177 0 0.640668 0.359332 
 ----> pbMRQ 178 1 0.649295 0.350705 
 ----> pbMRQ 179 0 0.628562 0.371438 
 ----> pbMRQ 180 0 0.646581 0.353419 
 ----> pbMRQ 181 0 0.703156 0.296844 
 ----> pbMRQ 182 0 0.68843 0.31157 
 ----> pbMRQ 183 1 0.641673 0.358327 
 ----> pbMRQ 184 1 0.608841 0.391159 
 ----> pbMRQ 185 0 0.684995 0.315005 
 ----> pbMRQ 186 0 0.65575 0.34425 
 ----> pbMRQ 187 0 0.6981 0.3019 
 ----> pbMRQ 188 1 0.622727 0.377273 
 ----> pbMRQ 189 1 0.651715 0.348285 
 ----> pbMRQ 190 0 0.66459 0.33541 
 ----> pbMRQ 191 0 0.668614 0.331386 
 ----> pbMRQ 192 1 0.630952 0.369048 
 ----> pbMRQ 193 0 0.649492 0.350508 
 ----> pbMRQ 194 0 0.657449 0.342551 
 ----> pbMRQ 195 0 0.638094 0.361906 
 ----> pbMRQ 196 1 0.642579 0.357421 
 ----> pbMRQ 197 0 0.634832 0.365168 
 ----> pbMRQ 198 0 0.668352 0.331648 
 ----> pbMRQ 199 0 0.66225 0.33775 
 ----> pbMRQ 200 0 0.662324 0.337676 
 ----> pbMRQ 201 0 0.613732 0.386268 
 ----> pbMRQ 202 0 0.655547 0.344453 
 ----> pbMRQ 203 1 0.649802 0.350198 
 ----> pbMRQ 204 1 0.633441 0.366559 
 ----> pbMRQ 205 0 0.698978 0.301022 
 ----> pbMRQ 206 1 0.66352 0.33648 
 ----> pbMRQ 207 1 0.632783 0.367217 
 ----> pbMRQ 208 0 0.681267 0.318733 
 ----> pbMRQ 209 0 0.628693 0.371307 
 ----> pbMRQ 210 0 0.666559 0.333441 
 ----> pbMRQ 211 0 0.638193 0.361807 
 ----> pbMRQ 212 0 0.643636 0.356364 
 ----> pbMRQ 213 1 0.619669 0.380331 
 ----> pbMRQ 214 0 0.662228 0.337772 
 ----> pbMRQ 215 1 0.637589 0.362411 
 ----> pbMRQ 216 0 0.640251 0.359749 
 ----> pbMRQ 217 1 0.647232 0.352768 
 ----> pbMRQ 218 0 0.597682 0.402318 
 ----> pbMRQ 219 0 0.664591 0.335409 
 ----> pbMRQ 220 0 0.647584 0.352416 
 ----> pbMRQ 221 0 0.662177 0.337823 
 ----> pbMRQ 222 1 0.671424 0.328576 
 ----> pbMRQ 223 1 0.638976 0.361024 
 ----> pbMRQ 224 0 0.693044 0.306956 
 ----> pbMRQ 225 1 0.65611 0.34389 
 ----> pbMRQ 226 1 0.59043 0.40957 
 ----> pbMRQ 227 0 0.66019 0.33981 
 ----> pbMRQ 228 0 0.610281 0.389719 
 ----> pbMRQ 229 0 0.691033 0.308967 
 ----> pbMRQ 230 0 0.692907 0.307093 
 ----> pbMRQ 231 0 0.612904 0.387096 
 ----> pbMRQ 232 1 0.712847 0.287153 
 ----> pbMRQ 233 0 0.687069 0.312931 
 ----> pbMRQ 234 0 0.650815 0.349185 
 ----> pbMRQ 235 0 0.672231 0.327769 
 ----> pbMRQ 236 1 0.686329 0.313671 
 ----> pbMRQ 237 0 0.623755 0.376245 
 ----> pbMRQ 238 0 0.672133 0.327867 
 ----> pbMRQ 239 0 0.699101 0.300899 
 ----> pbMRQ 240 1 0.66812 0.33188 
 ----> pbMRQ 241 0 0.67684 0.32316 
 ----> pbMRQ 242 1 0.654359 0.345641 
 ----> pbMRQ 243 0 0.687987 0.312013 
 ----> pbMRQ 244 1 0.642779 0.357221 
 ----> pbMRQ 245 1 0.661263 0.338737 
 ----> pbMRQ 246 0 0.682139 0.317861 
 ----> pbMRQ 247 0 0.740512 0.259488 
 ----> pbMRQ 248 1 0.636046 0.363954 
 ----> pbMRQ 249 1 0.592919 0.407081 
 ----> pbMRQ 250 0 0.659811 0.340189 
 ----> pbMRQ 251 0 0.645334 0.354666 
 ----> pbMRQ 252 0 0.683361 0.316639 
 ----> pbMRQ 253 1 0.607609 0.392391 
 ----> pbMRQ 254 0 0.647757 0.352243 
 ----> pbMRQ 255 1 0.650603 0.349397 
 ----> pbMRQ 256 0 0.680951 0.319049 
 ----> pbMRQ 257 0 0.655173 0.344827 
 ----> pbMRQ 258 0 0.684147 0.315853 
 ----> pbMRQ 259 0 0.65491 0.34509 
 ----> pbMRQ 260 1 0.591645 0.408355 
 ----> pbMRQ 261 1 0.613 0.387 
 ----> pbMRQ 262 0 0.66627 0.33373 
 ----> pbMRQ 263 1 0.60229 0.39771 
 ----> pbMRQ 264 1 0.660678 0.339322 
 ----> pbMRQ 265 1 0.634712 0.365288 
 ----> pbMRQ 266 0 0.637998 0.362002 
 ----> pbMRQ 267 0 0.658139 0.341861 
 ----> pbMRQ 268 1 0.64409 0.35591 
 ----> pbMRQ 269 0 0.629641 0.370359 
 ----> pbMRQ 270 1 0.674724 0.325276 
 ----> pbMRQ 271 1 0.647052 0.352948 
 ----> pbMRQ 272 0 0.677957 0.322043 
 ----> pbMRQ 273 0 0.649448 0.350552 
 ----> pbMRQ 274 1 0.676827 0.323173 
 ----> pbMRQ 275 1 0.680323 0.319677 
 ----> pbMRQ 276 0 0.670042 0.329958 
 ----> pbMRQ 277 0 0.635705 0.364295 
 ----> pbMRQ 278 0 0.685101 0.314899 
 ----> pbMRQ 279 1 0.647516 0.352484 
 ----> pbMRQ 280 1 0.68574 0.31426 
 ----> pbMRQ 281 0 0.66808 0.33192 
 ----> pbMRQ 282 1 0.595164 0.404836 
 ----> pbMRQ 283 1 0.62819 0.37181 
 ----> pbMRQ 284 1 0.643305 0.356695 
 ----> pbMRQ 285 0 0.591711 0.408289 
 ----> pbMRQ 286 0 0.677149 0.322851 
 ----> pbMRQ 287 0 0.634951 0.365049 
 ----> pbMRQ 288 0 0.631834 0.368166 
 ----> pbMRQ 289 0 0.683755 0.316245 
 ----> pbMRQ 290 0 0.678835 0.321165 
 ----> pbMRQ 291 1 0.654249 0.345751 
 ----> pbMRQ 292 0 0.654533 0.345467 
 ----> pbMRQ 293 1 0.652318 0.347682 
 ----> pbMRQ 294 1 0.648766 0.351234 
 ----> pbMRQ 295 0 0.658932 0.341068 
 ----> pbMRQ 296 0 0.656979 0.343021 
 ----> pbMRQ 297 0 0.689872 0.310128 
 ----> pbMRQ 298 1 0.656778 0.343222 
 ----> pbMRQ 299 0 0.689777 0.310223 
 ----> pbMRQ 300 0 0.699374 0.300626 
 ----> pbMRQ 301 0 0.636497 0.363503 
 ----> pbMRQ 302 0 0.699553 0.300447 
 ----> pbMRQ 303 0 0.657215 0.342785 
 ----> pbMRQ 304 0 0.647938 0.352062 
 ----> pbMRQ 305 0 0.646289 0.353711 
 ----> pbMRQ 306 0 0.66672 0.33328 
 ----> pbMRQ 307 1 0.660435 0.339565 
 ----> pbMRQ 308 0 0.691123 0.308877 
 ----> pbMRQ 309 1 0.631112 0.368888 
 ----> pbMRQ 310 0 0.643408 0.356592 
 ----> pbMRQ 311 0 0.668519 0.331481 
 ----> pbMRQ 312 0 0.649464 0.350536 
 ----> pbMRQ 313 1 0.682961 0.317039 
 ----> pbMRQ 314 0 0.640025 0.359975 
 ----> pbMRQ 315 0 0.668932 0.331068 
 ----> pbMRQ 316 0 0.681475 0.318525 
 ----> pbMRQ 317 0 0.670444 0.329556 
 ----> pbMRQ 318 0 0.668895 0.331105 
 ----> pbMRQ 319 0 0.616775 0.383225 
 ----> pbMRQ 320 0 0.697054 0.302946 
 ----> pbMRQ 321 1 0.643392 0.356608 
 ----> pbMRQ 322 1 0.645525 0.354475 
 ----> pbMRQ 323 0 0.680229 0.319771 
 ----> pbMRQ 324 0 0.633377 0.366623 
 ----> pbMRQ 325 0 0.681104 0.318896 
 ----> pbMRQ 326 1 0.59854 0.40146 
 ----> pbMRQ 327 1 0.684504 0.315496 
 ----> pbMRQ 328 0 0.656473 0.343527 
 ----> pbMRQ 329 0 0.621592 0.378408 
 ----> pbMRQ 330 0 0.651664 0.348336 
 ----> pbMRQ 331 0 0.692999 0.307001 
 ----> pbMRQ 332 0 0.629958 0.370042 
 ----> pbMRQ 333 1 0.666613 0.333387 
 ----> pbMRQ 334 1 0.6637 0.3363 
 ----> pbMRQ 335 0 0.672143 0.327857 
 ----> pbMRQ 336 1 0.615087 0.384913 
 ----> pbMRQ 337 1 0.681351 0.318649 
 ----> pbMRQ 338 1 0.628207 0.371793 
 ----> pbMRQ 339 0 0.676656 0.323344 
 ----> pbMRQ 340 0 0.657443 0.342557 
 ----> pbMRQ 341 1 0.660609 0.339391 
 ----> pbMRQ 342 1 0.589776 0.410224 
 ----> pbMRQ 343 0 0.671667 0.328333 
 ----> pbMRQ 344 0 0.662623 0.337377 
 ----> pbMRQ 345 0 0.697761 0.302239 
 ----> pbMRQ 346 0 0.681676 0.318324 
 ----> pbMRQ 347 1 0.596721 0.403279 
 ----> pbMRQ 348 0 0.658444 0.341556 
 ----> pbMRQ 349 0 0.683827 0.316173 
 ----> pbMRQ 350 1 0.665517 0.334483 
 ----> pbMRQ 351 0 0.672419 0.327581 
 ----> pbMRQ 352 0 0.705356 0.294644 
 ----> pbMRQ 353 0 0.710185 0.289815 
 ----> pbMRQ 354 0 0.687291 0.312709 
 ----> pbMRQ 355 0 0.691216 0.308784 
 ----> pbMRQ 356 0 0.663716 0.336284 
 ----> pbMRQ 357 1 0.655906 0.344094 
 ----> pbMRQ 358 0 0.709889 0.290111 
 ----> pbMRQ 359 0 0.69519 0.30481 
 ----> pbMRQ 360 0 0.670385 0.329615 
 ----> pbMRQ 361 0 0.677396 0.322604 
 ----> pbMRQ 362 1 0.576419 0.423581 
 ----> pbMRQ 363 0 0.683781 0.316219 
 ----> pbMRQ 364 0 0.683885 0.316115 
 ----> pbMRQ 365 0 0.707415 0.292585 
 ----> pbMRQ 366 1 0.673024 0.326976 
 ----> pbMRQ 367 0 0.685252 0.314748 
 ----> pbMRQ 368 0 0.718716 0.281284 
 ----> pbMRQ 369 0 0.698771 0.301229 
 ----> pbMRQ 370 1 0.634989 0.365011 
 ----> pbMRQ 371 0 0.629912 0.370088 
 ----> pbMRQ 372 0 0.657752 0.342248 
 ----> pbMRQ 373 0 0.686076 0.313924 
 ----> pbMRQ 374 0 0.708716 0.291284 
 ----> pbMRQ 375 1 0.662907 0.337093 
 ----> pbMRQ 376 0 0.611814 0.388186 
 ----> pbMRQ 377 0 0.684846 0.315154 
 ----> pbMRQ 378 1 0.655193 0.344807 
 ----> pbMRQ 379 0 0.687594 0.312406 
 ----> pbMRQ 380 0 0.656581 0.343419 
 ----> pbMRQ 381 0 0.64683 0.35317 
 ----> pbMRQ 382 0 0.646496 0.353504 
 ----> pbMRQ 383 0 0.703581 0.296419 
 ----> pbMRQ 384 0 0.613234 0.386766 
 ----> pbMRQ 385 1 0.638598 0.361402 
 ----> pbMRQ 386 0 0.642312 0.357688 
 ----> pbMRQ 387 1 0.661763 0.338237 
 ----> pbMRQ 388 1 0.687676 0.312324 
 ----> pbMRQ 389 0 0.677899 0.322101 
 ----> pbMRQ 390 0 0.657539 0.342461 
 ----> pbMRQ 391 0 0.678451 0.321549 
 ----> pbMRQ 392 1 0.696143 0.303857 
 ----> pbMRQ 393 1 0.632986 0.367014 
 ----> pbMRQ 394 0 0.651688 0.348312 
 ----> pbMRQ 395 0 0.682453 0.317547 
 ----> pbMRQ 396 0 0.731364 0.268636 
 ----> pbMRQ 397 0 0.696215 0.303785 
 ----> pbMRQ 398 1 0.654431 0.345569 
 ----> pbMRQ 399 1 0.592788 0.407212 
 ----> pbMRQ 400 1 0.642665 0.357335 
 ----> pbMRQ 401 0 0.685276 0.314724 
 ----> pbMRQ 402 0 0.674199 0.325801 
 ----> pbMRQ 403 0 0.645393 0.354607 
 ----> pbMRQ 404 0 0.649892 0.350108 
 ----> pbMRQ 405 0 0.607741 0.392259 
 ----> pbMRQ 406 1 0.639024 0.360976 
 ----> pbMRQ 407 1 0.609715 0.390285 
 ----> pbMRQ 408 0 0.685366 0.314634 
 ----> pbMRQ 409 1 0.70424 0.29576 
 ----> pbMRQ 410 0 0.66285 0.33715 
 ----> pbMRQ 411 0 0.686233 0.313767 
 ----> pbMRQ 412 1 0.687678 0.312322 
 ----> pbMRQ 413 1 0.610625 0.389375 
 ----> pbMRQ 414 0 0.703175 0.296825 
 ----> pbMRQ 415 1 0.610286 0.389714 
 ----> pbMRQ 416 0 0.685464 0.314536 
 ----> pbMRQ 417 0 0.673228 0.326772 
 ----> pbMRQ 418 1 0.626473 0.373527 
 ----> pbMRQ 419 0 0.680638 0.319362 
 ----> pbMRQ 420 0 0.666447 0.333553 
 ----> pbMRQ 421 0 0.667658 0.332342 
 ----> pbMRQ 422 0 0.673432 0.326568 
 ----> pbMRQ 423 0 0.680041 0.319959 
 ----> pbMRQ 424 0 0.65466 0.34534 
 ----> pbMRQ 425 0 0.685294 0.314706 
 ----> pbMRQ 426 1 0.65273 0.34727 
 ----> pbMRQ 427 0 0.710158 0.289842 
 ----> pbMRQ 428 0 0.651266 0.348734 
 ----> pbMRQ 429 0 0.677483 0.322517 
 ----> pbMRQ 430 0 0.702315 0.297685 
 ----> pbMRQ 431 0 0.653724 0.346276 
 ----> pbMRQ 432 0 0.672908 0.327092 
 ----> pbMRQ 433 0 0.677517 0.322483 
 ----> pbMRQ 434 0 0.678367 0.321633 
 ----> pbMRQ 435 1 0.62298 0.37702 
 ----> pbMRQ 436 0 0.704434 0.295566 
 ----> pbMRQ 437 0 0.690124 0.309876 
 ----> pbMRQ 438 0 0.714038 0.285962 
 ----> pbMRQ 439 0 0.65264 0.34736 
 ----> pbMRQ 440 0 0.727654 0.272346 
 ----> pbMRQ 441 0 0.680988 0.319012 
 ----> pbMRQ 442 0 0.700837 0.299163 
 ----> pbMRQ 443 0 0.703136 0.296864 
 ----> pbMRQ 444 0 0.712925 0.287075 
 ----> pbMRQ 445 1 0.647348 0.352652 
 ----> pbMRQ 446 0 0.732238 0.267762 
 ----> pbMRQ 447 0 0.666478 0.333522 
 ----> pbMRQ 448 0 0.681258 0.318742 
 ----> pbMRQ 449 0 0.712028 0.287972 
 ----> pbMRQ 450 0 0.65533 0.34467 
 ----> pbMRQ 451 0 0.651337 0.348663 
 ----> pbMRQ 452 0 0.709716 0.290284 
 ----> pbMRQ 453 0 0.706174 0.293826 
 ----> pbMRQ 454 1 0.620072 0.379928 
 ----> pbMRQ 455 0 0.680954 0.319046 
 ----> pbMRQ 456 0 0.712982 0.287018 
 ----> pbMRQ 457 0 0.645664 0.354336 
 ----> pbMRQ 458 1 0.647217 0.352783 
 ----> pbMRQ 459 0 0.671814 0.328186 
 ----> pbMRQ 460 0 0.663866 0.336134 
 ----> pbMRQ 461 1 0.645457 0.354543 
 ----> pbMRQ 462 0 0.730966 0.269034 
 ----> pbMRQ 463 0 0.681637 0.318363 
 ----> pbMRQ 464 0 0.653719 0.346281 
 ----> pbMRQ 465 0 0.680272 0.319728 
 ----> pbMRQ 466 0 0.697662 0.302338 
 ----> pbMRQ 467 1 0.626222 0.373778 
 ----> pbMRQ 468 0 0.68262 0.31738 
 ----> pbMRQ 469 0 0.713293 0.286707 
 ----> pbMRQ 470 1 0.673377 0.326623 
 ----> pbMRQ 471 1 0.686475 0.313525 
 ----> pbMRQ 472 0 0.67444 0.32556 
 ----> pbMRQ 473 1 0.659822 0.340178 
 ----> pbMRQ 474 0 0.675362 0.324638 
 ----> pbMRQ 475 0 0.658331 0.341669 
 ----> pbMRQ 476 0 0.662423 0.337577 
 ----> pbMRQ 477 1 0.663408 0.336592 
 ----> pbMRQ 478 0 0.658108 0.341892 
 ----> pbMRQ 479 1 0.656159 0.343841 
 ----> pbMRQ 480 0 0.694539 0.305461 
 ----> pbMRQ 481 0 0.661714 0.338286 
 ----> pbMRQ 482 0 0.683181 0.316819 
 ----> pbMRQ 483 1 0.600918 0.399082 
 ----> pbMRQ 484 0 0.692277 0.307723 
 ----> pbMRQ 485 0 0.698077 0.301923 
 ----> pbMRQ 486 0 0.669716 0.330284 
 ----> pbMRQ 487 0 0.721285 0.278715 
 ----> pbMRQ 488 1 0.613286 0.386714 
 ----> pbMRQ 489 1 0.602521 0.397479 
 ----> pbMRQ 490 0 0.641904 0.358096 
 ----> pbMRQ 491 1 0.663175 0.336825 
 ----> pbMRQ 492 0 0.693937 0.306063 
 ----> pbMRQ 493 0 0.688904 0.311096 
 ----> pbMRQ 494 0 0.718802 0.281198 
 ----> pbMRQ 495 1 0.661194 0.338806 
 ----> pbMRQ 496 0 0.710768 0.289232 
 ----> pbMRQ 497 0 0.670569 0.329431 
 ----> pbMRQ 498 0 0.68703 0.31297 
 ----> pbMRQ 499 1 0.707128 0.292872 
 ----> pbMRQ 500 1 0.604919 0.395081 
 ----> pbMRQ 501 0 0.664816 0.335184 
 ----> pbMRQ 502 0 0.655201 0.344799 
 ----> pbMRQ 503 0 0.674696 0.325304 
 ----> pbMRQ 504 0 0.691489 0.308511 
 ----> pbMRQ 505 0 0.685966 0.314034 
 ----> pbMRQ 506 0 0.653971 0.346029 
 ----> pbMRQ 507 0 0.694425 0.305575 
 ----> pbMRQ 508 1 0.671822 0.328178 
 ----> pbMRQ 509 1 0.638549 0.361451 
 ----> pbMRQ 510 0 0.71342 0.28658 
 ----> pbMRQ 511 0 0.698374 0.301626 
 ----> pbMRQ 512 0 0.658808 0.341192 
 ----> pbMRQ 513 0 0.676846 0.323154 
 ----> pbMRQ 514 1 0.633918 0.366082 
 ----> pbMRQ 515 0 0.644775 0.355225 
 ----> pbMRQ 516 0 0.667981 0.332019 
 ----> pbMRQ 517 1 0.651995 0.348005 
 ----> pbMRQ 518 0 0.625592 0.374408 
 ----> pbMRQ 519 0 0.663239 0.336761 
 ----> pbMRQ 520 1 0.655118 0.344882 
 ----> pbMRQ 521 1 0.657256 0.342744 
 ----> pbMRQ 522 0 0.680566 0.319434 
 ----> pbMRQ 523 1 0.683739 0.316261 
 ----> pbMRQ 524 0 0.657839 0.342161 
 ----> pbMRQ 525 0 0.64208 0.35792 
 ----> pbMRQ 526 0 0.676755 0.323245 
 ----> pbMRQ 527 0 0.631668 0.368332 
 ----> pbMRQ 528 0 0.661838 0.338162 
 ----> pbMRQ 529 1 0.646938 0.353062 
 ----> pbMRQ 530 0 0.684544 0.315456 
 ----> pbMRQ 531 1 0.622085 0.377915 
 ----> pbMRQ 532 0 0.710424 0.289576 
 ----> pbMRQ 533 0 0.698362 0.301638 
 ----> pbMRQ 534 0 0.671157 0.328843 
 ----> pbMRQ 535 1 0.623528 0.376472 
 ----> pbMRQ 536 0 0.680566 0.319434 
 ----> pbMRQ 537 0 0.683926 0.316074 
 ----> pbMRQ 538 0 0.679079 0.320921 
 ----> pbMRQ 539 1 0.661557 0.338443 
 ----> pbMRQ 540 0 0.71514 0.28486 
 ----> pbMRQ 541 1 0.677961 0.322039 
 ----> pbMRQ 542 0 0.666415 0.333585 
 ----> pbMRQ 543 1 0.649627 0.350373 
 ----> pbMRQ 544 0 0.683641 0.316359 
 ----> pbMRQ 545 1 0.649146 0.350854 
 ----> pbMRQ 546 0 0.621663 0.378337 
 ----> pbMRQ 547 0 0.717998 0.282002 
 ----> pbMRQ 548 1 0.680425 0.319575 
 ----> pbMRQ 549 0 0.693585 0.306415 
 ----> pbMRQ 550 0 0.670684 0.329316 
 ----> pbMRQ 551 0 0.638952 0.361048 
 ----> pbMRQ 552 1 0.625831 0.374169 
 ----> pbMRQ 553 1 0.653386 0.346614 
 ----> pbMRQ 554 1 0.644287 0.355713 
 ----> pbMRQ 555 1 0.64727 0.35273 
 ----> pbMRQ 556 0 0.652203 0.347797 
 ----> pbMRQ 557 0 0.687997 0.312003 
 ----> pbMRQ 558 0 0.661963 0.338037 
 ----> pbMRQ 559 0 0.70085 0.29915 
 ----> pbMRQ 560 0 0.647215 0.352785 
 ----> pbMRQ 561 1 0.649215 0.350785 
 ----> pbMRQ 562 0 0.628402 0.371598 
 ----> pbMRQ 563 0 0.698886 0.301114 
 ----> pbMRQ 564 0 0.695486 0.304514 
 ----> pbMRQ 565 0 0.631324 0.368676 
 ----> pbMRQ 566 0 0.610517 0.389483 
 ----> pbMRQ 567 0 0.622434 0.377566 
 ----> pbMRQ 568 0 0.688174 0.311826 
 ----> pbMRQ 569 1 0.599915 0.400085 
 ----> pbMRQ 570 0 0.685111 0.314889 
 ----> pbMRQ 571 1 0.616425 0.383575 
 ----> pbMRQ 572 0 0.679662 0.320338 
 ----> pbMRQ 573 0 0.713783 0.286217 
 ----> pbMRQ 574 0 0.678847 0.321153 
 ----> pbMRQ 575 1 0.64607 0.35393 
 ----> pbMRQ 576 0 0.674841 0.325159 
 ----> pbMRQ 577 1 0.624758 0.375242 
 ----> pbMRQ 578 0 0.674804 0.325196 
 ----> pbMRQ 579 0 0.747098 0.252902 
 ----> pbMRQ 580 1 0.652238 0.347762 
 ----> pbMRQ 581 0 0.667255 0.332745 
 ----> pbMRQ 582 0 0.681487 0.318513 
 ----> pbMRQ 583 1 0.649345 0.350655 
 ----> pbMRQ 584 0 0.652314 0.347686 
 ----> pbMRQ 585 0 0.695602 0.304398 
 ----> pbMRQ 586 0 0.635111 0.364889 
 ----> pbMRQ 587 0 0.713019 0.286981 
 ----> pbMRQ 588 0 0.699751 0.300249 
 ----> pbMRQ 589 1 0.617534 0.382466 
 ----> pbMRQ 590 0 0.672052 0.327948 
 ----> pbMRQ 591 1 0.655466 0.344534 
 ----> pbMRQ 592 1 0.672975 0.327025 
 ----> pbMRQ 593 0 0.660949 0.339051 
 ----> pbMRQ 594 0 0.677675 0.322325 
 ----> pbMRQ 595 0 0.688814 0.311186 
 ----> pbMRQ 596 0 0.67417 0.32583 
 ----> pbMRQ 597 0 0.646287 0.353713 
 ----> pbMRQ 598 0 0.719229 0.280771 
 ----> pbMRQ 599 0 0.71378 0.28622 
 ----> pbMRQ 600 0 0.682707 0.317293 
 ----> pbMRQ 601 0 0.673564 0.326436 
 ----> pbMRQ 602 1 0.635878 0.364122 
 ----> pbMRQ 603 0 0.63588 0.36412 
 ----> pbMRQ 604 0 0.727431 0.272569 
 ----> pbMRQ 605 0 0.687269 0.312731 
 ----> pbMRQ 606 0 0.693885 0.306115 
 ----> pbMRQ 607 1 0.561549 0.438451 
 ----> pbMRQ 608 0 0.682355 0.317645 
 ----> pbMRQ 609 0 0.67431 0.32569 
 ----> pbMRQ 610 0 0.699606 0.300394 
 ----> pbMRQ 611 0 0.676008 0.323992 
 ----> pbMRQ 612 0 0.676263 0.323737 
 ----> pbMRQ 613 0 0.633518 0.366482 
 ----> pbMRQ 614 0 0.680441 0.319559 
 ----> pbMRQ 615 0 0.703298 0.296702 
 ----> pbMRQ 616 0 0.663788 0.336212 
 ----> pbMRQ 617 0 0.65991 0.34009 
 ----> pbMRQ 618 0 0.687464 0.312536 
 ----> pbMRQ 619 1 0.67748 0.32252 
 ----> pbMRQ 620 0 0.634123 0.365877 
 ----> pbMRQ 621 0 0.729469 0.270531 
 ----> pbMRQ 622 0 0.707286 0.292714 
 ----> pbMRQ 623 1 0.664773 0.335227 
 ----> pbMRQ 624 0 0.641599 0.358401 
 ----> pbMRQ 625 0 0.688655 0.311345 
 ----> pbMRQ 626 0 0.681313 0.318687 
 ----> pbMRQ 627 0 0.673723 0.326277 
 ----> pbMRQ 628 1 0.692135 0.307865 
 ----> pbMRQ 629 0 0.68437 0.31563 
 ----> pbMRQ 630 0 0.695973 0.304027 
 ----> pbMRQ 631 1 0.700661 0.299339 
 ----> pbMRQ 632 1 0.673794 0.326206 
 ----> pbMRQ 633 0 0.687857 0.312143 
 ----> pbMRQ 634 1 0.663238 0.336762 
 ----> pbMRQ 635 0 0.665862 0.334138 
 ----> pbMRQ 636 1 0.700207 0.299793 
 ----> pbMRQ 637 0 0.675703 0.324297 
 ----> pbMRQ 638 0 0.728898 0.271102 
 ----> pbMRQ 639 1 0.653703 0.346297 
 ----> pbMRQ 640 0 0.673602 0.326398 
 ----> pbMRQ 641 0 0.698823 0.301177 
 ----> pbMRQ 642 0 0.684933 0.315067 
 ----> pbMRQ 643 0 0.690734 0.309266 
 ----> pbMRQ 644 0 0.658605 0.341395 
 ----> pbMRQ 645 0 0.673501 0.326499 
 ----> pbMRQ 646 1 0.631219 0.368781 
 ----> pbMRQ 647 0 0.694142 0.305858 
 ----> pbMRQ 648 0 0.678267 0.321733 
 ----> pbMRQ 649 0 0.685367 0.314633 
 ----> pbMRQ 650 0 0.675533 0.324467 
 ----> pbMRQ 651 1 0.715669 0.284331 
 ----> pbMRQ 652 0 0.713339 0.286661 
 ----> pbMRQ 653 1 0.638511 0.361489 
 ----> pbMRQ 654 0 0.695794 0.304206 
 ----> pbMRQ 655 0 0.675735 0.324265 
 ----> pbMRQ 656 0 0.665776 0.334224 
 ----> pbMRQ 657 0 0.678237 0.321763 
 ----> pbMRQ 658 0 0.717448 0.282552 
 ----> pbMRQ 659 0 0.659148 0.340852 
 ----> pbMRQ 660 0 0.635367 0.364633 
 ----> pbMRQ 661 0 0.69583 0.30417 
 ----> pbMRQ 662 0 0.678849 0.321151 
 ----> pbMRQ 663 1 0.645995 0.354005 
 ----> pbMRQ 664 1 0.666695 0.333305 
 ----> pbMRQ 665 0 0.678478 0.321522 
 ----> pbMRQ 666 0 0.69053 0.30947 
 ----> pbMRQ 667 0 0.688619 0.311381 
 ----> pbMRQ 668 0 0.719993 0.280007 
 ----> pbMRQ 669 0 0.7292 0.2708 
 ----> pbMRQ 670 0 0.737528 0.262472 
 ----> pbMRQ 671 0 0.665907 0.334093 
 ----> pbMRQ 672 0 0.666731 0.333269 
 ----> pbMRQ 673 0 0.68995 0.31005 
 ----> pbMRQ 674 1 0.672414 0.327586 
 ----> pbMRQ 675 1 0.673128 0.326872 
 ----> pbMRQ 676 0 0.679005 0.320995 
 ----> pbMRQ 677 1 0.669206 0.330794 
 ----> pbMRQ 678 1 0.661019 0.338981 
 ----> pbMRQ 679 0 0.694709 0.305291 
 ----> pbMRQ 680 1 0.627594 0.372406 
 ----> pbMRQ 681 0 0.682675 0.317325 
 ----> pbMRQ 682 0 0.65283 0.34717 
 ----> pbMRQ 683 0 0.674505 0.325495 
 ----> pbMRQ 684 0 0.659474 0.340526 
 ----> pbMRQ 685 0 0.691964 0.308036 
 ----> pbMRQ 686 0 0.66318 0.33682 
 ----> pbMRQ 687 0 0.695962 0.304038 
 ----> pbMRQ 688 0 0.682587 0.317413 
 ----> pbMRQ 689 0 0.620736 0.379264 
 ----> pbMRQ 690 1 0.682497 0.317503 
 ----> pbMRQ 691 0 0.673134 0.326866 
 ----> pbMRQ 692 0 0.69406 0.30594 
 ----> pbMRQ 693 1 0.636717 0.363283 
 ----> pbMRQ 694 0 0.701997 0.298003 
 ----> pbMRQ 695 0 0.697469 0.302531 
 ----> pbMRQ 696 0 0.618134 0.381866 
 ----> pbMRQ 697 0 0.738815 0.261185 
 ----> pbMRQ 698 1 0.657432 0.342568 
 ----> pbMRQ 699 0 0.668759 0.331241 
 ----> pbMRQ 700 1 0.669911 0.330089 
 ----> pbMRQ 701 0 0.713317 0.286683 
 ----> pbMRQ 702 0 0.680925 0.319075 
 ----> pbMRQ 703 0 0.702654 0.297346 
 ----> pbMRQ 704 0 0.721003 0.278997 
 ----> pbMRQ 705 0 0.6882 0.3118 
 ----> pbMRQ 706 0 0.703031 0.296969 
 ----> pbMRQ 707 0 0.713357 0.286643 
 ----> pbMRQ 708 0 0.720562 0.279438 
 ----> pbMRQ 709 0 0.714091 0.285909 
 ----> pbMRQ 710 0 0.664349 0.335651 
 ----> pbMRQ 711 0 0.667021 0.332979 
 ----> pbMRQ 712 0 0.687356 0.312644 
 ----> pbMRQ 713 1 0.684659 0.315341 
 ----> pbMRQ 714 1 0.695814 0.304186 
 ----> pbMRQ 715 1 0.709024 0.290976 
 ----> pbMRQ 716 1 0.705498 0.294502 
 ----> pbMRQ 717 0 0.699591 0.300409 
 ----> pbMRQ 718 0 0.6586 0.3414 
