 ----> pbMRQ 1 1 0.656364 0.343636 
 ----> pbMRQ 2 0 0.586936 0.413064 
 ----> pbMRQ 3 1 0.600071 0.399929 
 ----> pbMRQ 4 1 0.636578 0.363422 
 ----> pbMRQ 5 1 0.667844 0.332156 
 ----> pbMRQ 6 1 0.633493 0.366507 
 ----> pbMRQ 7 0 0.650133 0.349867 
 ----> pbMRQ 8 0 0.638115 0.361885 
 ----> pbMRQ 9 0 0.626303 0.373697 
 ----> pbMRQ 10 1 0.613691 0.386309 
 ----> pbMRQ 11 1 0.642259 0.357741 
 ----> pbMRQ 12 0 0.634686 0.365314 
 ----> pbMRQ 13 0 0.65708 0.34292 
 ----> pbMRQ 14 1 0.654375 0.345625 
 ----> pbMRQ 15 1 0.652861 0.347139 
 ----> pbMRQ 16 1 0.595183 0.404817 
 ----> pbMRQ 17 1 0.630436 0.369564 
 ----> pbMRQ 18 0 0.696268 0.303732 
 ----> pbMRQ 19 0 0.687364 0.312636 
 ----> pbMRQ 20 0 0.700825 0.299175 
 ----> pbMRQ 21 1 0.585995 0.414005 
 ----> pbMRQ 22 0 0.621165 0.378835 
 ----> pbMRQ 23 0 0.66124 0.33876 
 ----> pbMRQ 24 0 0.664917 0.335083 
 ----> pbMRQ 25 0 0.686458 0.313542 
 ----> pbMRQ 26 1 0.715894 0.284106 
 ----> pbMRQ 27 1 0.648361 0.351639 
 ----> pbMRQ 28 1 0.578226 0.421774 
 ----> pbMRQ 29 0 0.599638 0.400362 
 ----> pbMRQ 30 0 0.588924 0.411076 
 ----> pbMRQ 31 0 0.628931 0.371069 
 ----> pbMRQ 32 0 0.623649 0.376351 
 ----> pbMRQ 33 0 0.638709 0.361291 
 ----> pbMRQ 34 1 0.654151 0.345849 
 ----> pbMRQ 35 1 0.505686 0.494314 
 ----> pbMRQ 36 0 0.639618 0.360382 
 ----> pbMRQ 37 0 0.720305 0.279695 
 ----> pbMRQ 38 0 0.673858 0.326142 
 ----> pbMRQ 39 0 0.60375 0.39625 
 ----> pbMRQ 40 1 0.678321 0.321679 
 ----> pbMRQ 41 1 0.653741 0.346259 
 ----> pbMRQ 42 1 0.678405 0.321595 
 ----> pbMRQ 43 0 0.71371 0.28629 
 ----> pbMRQ 44 1 0.688296 0.311704 
 ----> pbMRQ 45 1 0.615081 0.384919 
 ----> pbMRQ 46 0 0.631652 0.368348 
 ----> pbMRQ 47 1 0.657525 0.342475 
 ----> pbMRQ 48 1 0.691444 0.308556 
 ----> pbMRQ 49 1 0.561011 0.438989 
 ----> pbMRQ 50 1 0.660447 0.339553 
 ----> pbMRQ 51 0 0.6262 0.3738 
 ----> pbMRQ 52 1 0.633599 0.366401 
 ----> pbMRQ 53 0 0.603605 0.396395 
 ----> pbMRQ 54 0 0.660479 0.339521 
 ----> pbMRQ 55 0 0.667569 0.332431 
 ----> pbMRQ 56 1 0.644191 0.355809 
 ----> pbMRQ 57 1 0.600395 0.399605 
 ----> pbMRQ 58 0 0.635374 0.364626 
 ----> pbMRQ 59 1 0.615437 0.384563 
 ----> pbMRQ 60 0 0.618831 0.381169 
 ----> pbMRQ 61 0 0.667614 0.332386 
 ----> pbMRQ 62 0 0.672423 0.327577 
 ----> pbMRQ 63 1 0.644429 0.355571 
 ----> pbMRQ 64 1 0.637926 0.362074 
 ----> pbMRQ 65 0 0.669935 0.330065 
 ----> pbMRQ 66 0 0.614675 0.385325 
 ----> pbMRQ 67 1 0.605414 0.394586 
 ----> pbMRQ 68 1 0.582538 0.417462 
 ----> pbMRQ 69 0 0.627403 0.372597 
 ----> pbMRQ 70 1 0.55143 0.44857 
 ----> pbMRQ 71 1 0.489816 0.510184 
 ----> pbMRQ 72 1 0.6808 0.3192 
 ----> pbMRQ 73 0 0.694354 0.305646 
 ----> pbMRQ 74 0 0.682242 0.317758 
 ----> pbMRQ 75 0 0.645114 0.354886 
 ----> pbMRQ 76 1 0.644522 0.355478 
 ----> pbMRQ 77 0 0.575774 0.424226 
 ----> pbMRQ 78 1 0.552243 0.447757 
 ----> pbMRQ 79 0 0.652115 0.347885 
 ----> pbMRQ 80 1 0.699852 0.300148 
 ----> pbMRQ 81 1 0.660777 0.339223 
 ----> pbMRQ 82 1 0.652778 0.347222 
 ----> pbMRQ 83 1 0.66978 0.33022 
 ----> pbMRQ 84 1 0.608983 0.391017 
 ----> pbMRQ 85 0 0.648392 0.351608 
 ----> pbMRQ 86 0 0.696071 0.303929 
 ----> pbMRQ 87 1 0.620481 0.379519 
 ----> pbMRQ 88 1 0.670255 0.329745 
 ----> pbMRQ 89 1 0.608559 0.391441 
 ----> pbMRQ 90 1 0.685847 0.314153 
 ----> pbMRQ 91 1 0.662754 0.337246 
 ----> pbMRQ 92 0 0.661779 0.338221 
 ----> pbMRQ 93 0 0.693058 0.306942 
 ----> pbMRQ 94 1 0.640916 0.359084 
 ----> pbMRQ 95 0 0.659146 0.340854 
 ----> pbMRQ 96 0 0.62257 0.37743 
 ----> pbMRQ 97 1 0.685322 0.314678 
 ----> pbMRQ 98 1 0.540515 0.459485 
 ----> pbMRQ 99 1 0.590677 0.409323 
 ----> pbMRQ 100 0 0.621891 0.378109 
 ----> pbMRQ 101 1 0.588244 0.411756 
 ----> pbMRQ 102 0 0.611843 0.388157 
 ----> pbMRQ 103 0 0.644262 0.355738 
 ----> pbMRQ 104 0 0.690494 0.309506 
 ----> pbMRQ 105 1 0.625479 0.374521 
 ----> pbMRQ 106 0 0.568737 0.431263 
 ----> pbMRQ 107 0 0.63777 0.36223 
 ----> pbMRQ 108 0 0.627569 0.372431 
 ----> pbMRQ 109 0 0.631874 0.368126 
 ----> pbMRQ 110 1 0.62216 0.37784 
 ----> pbMRQ 111 0 0.63783 0.36217 
 ----> pbMRQ 112 0 0.705184 0.294816 
 ----> pbMRQ 113 1 0.639474 0.360526 
 ----> pbMRQ 114 1 0.673805 0.326195 
 ----> pbMRQ 115 0 0.652709 0.347291 
 ----> pbMRQ 116 0 0.64932 0.35068 
 ----> pbMRQ 117 1 0.574322 0.425678 
 ----> pbMRQ 118 1 0.667411 0.332589 
 ----> pbMRQ 119 1 0.559563 0.440437 
 ----> pbMRQ 120 0 0.554191 0.445809 
 ----> pbMRQ 121 0 0.645297 0.354703 
 ----> pbMRQ 122 1 0.639124 0.360876 
 ----> pbMRQ 123 1 0.609269 0.390731 
 ----> pbMRQ 124 0 0.622028 0.377972 
 ----> pbMRQ 125 1 0.629641 0.370359 
 ----> pbMRQ 126 0 0.689159 0.310841 
 ----> pbMRQ 127 0 0.680493 0.319507 
 ----> pbMRQ 128 0 0.622326 0.377674 
 ----> pbMRQ 129 1 0.688633 0.311367 
 ----> pbMRQ 130 0 0.683124 0.316876 
 ----> pbMRQ 131 0 0.727111 0.272889 
 ----> pbMRQ 132 0 0.618409 0.381591 
 ----> pbMRQ 133 1 0.652713 0.347287 
 ----> pbMRQ 134 1 0.672041 0.327959 
 ----> pbMRQ 135 1 0.657143 0.342857 
 ----> pbMRQ 136 0 0.625579 0.374421 
 ----> pbMRQ 137 1 0.611705 0.388295 
 ----> pbMRQ 138 0 0.691362 0.308638 
 ----> pbMRQ 139 0 0.666157 0.333843 
 ----> pbMRQ 140 1 0.679908 0.320092 
 ----> pbMRQ 141 0 0.632706 0.367294 
 ----> pbMRQ 142 1 0.624491 0.375509 
 ----> pbMRQ 143 0 0.649781 0.350219 
 ----> pbMRQ 144 1 0.633841 0.366159 
 ----> pbMRQ 145 0 0.679275 0.320725 
 ----> pbMRQ 146 0 0.688575 0.311425 
 ----> pbMRQ 147 0 0.671615 0.328385 
 ----> pbMRQ 148 0 0.658388 0.341612 
 ----> pbMRQ 149 1 0.680346 0.319654 
 ----> pbMRQ 150 1 0.657167 0.342833 
 ----> pbMRQ 151 1 0.608231 0.391769 
 ----> pbMRQ 152 0 0.656801 0.343199 
 ----> pbMRQ 153 0 0.596285 0.403715 
 ----> pbMRQ 154 0 0.660712 0.339288 
 ----> pbMRQ 155 1 0.647068 0.352932 
 ----> pbMRQ 156 1 0.56415 0.43585 
 ----> pbMRQ 157 1 0.652563 0.347437 
 ----> pbMRQ 158 0 0.693381 0.306619 
 ----> pbMRQ 159 1 0.643818 0.356182 
 ----> pbMRQ 160 0 0.776361 0.223639 
 ----> pbMRQ 161 0 0.680702 0.319298 
 ----> pbMRQ 162 1 0.623025 0.376975 
 ----> pbMRQ 163 1 0.684656 0.315344 
 ----> pbMRQ 164 1 0.624076 0.375924 
 ----> pbMRQ 165 1 0.651084 0.348916 
 ----> pbMRQ 166 0 0.670521 0.329479 
 ----> pbMRQ 167 1 0.685207 0.314793 
 ----> pbMRQ 168 0 0.65531 0.34469 
 ----> pbMRQ 169 0 0.683992 0.316008 
 ----> pbMRQ 170 1 0.650002 0.349998 
 ----> pbMRQ 171 1 0.659092 0.340908 
 ----> pbMRQ 172 0 0.609026 0.390974 
 ----> pbMRQ 173 1 0.65968 0.34032 
 ----> pbMRQ 174 0 0.620194 0.379806 
 ----> pbMRQ 175 1 0.616729 0.383271 
 ----> pbMRQ 176 0 0.646941 0.353059 
 ----> pbMRQ 177 0 0.623858 0.376142 
 ----> pbMRQ 178 1 0.640838 0.359162 
 ----> pbMRQ 179 0 0.681492 0.318508 
 ----> pbMRQ 180 0 0.653289 0.346711 
 ----> pbMRQ 181 0 0.643109 0.356891 
 ----> pbMRQ 182 0 0.714935 0.285065 
 ----> pbMRQ 183 1 0.64802 0.35198 
 ----> pbMRQ 184 1 0.59043 0.40957 
 ----> pbMRQ 185 0 0.634991 0.365009 
 ----> pbMRQ 186 0 0.619849 0.380151 
 ----> pbMRQ 187 0 0.676138 0.323862 
 ----> pbMRQ 188 1 0.639624 0.360376 
 ----> pbMRQ 189 1 0.587601 0.412399 
 ----> pbMRQ 190 0 0.623661 0.376339 
 ----> pbMRQ 191 0 0.660695 0.339305 
 ----> pbMRQ 192 1 0.595825 0.404175 
 ----> pbMRQ 193 0 0.670114 0.329886 
 ----> pbMRQ 194 0 0.661553 0.338447 
 ----> pbMRQ 195 0 0.643916 0.356084 
 ----> pbMRQ 196 1 0.624522 0.375478 
 ----> pbMRQ 197 0 0.663237 0.336763 
 ----> pbMRQ 198 0 0.682384 0.317616 
 ----> pbMRQ 199 0 0.70952 0.29048 
 ----> pbMRQ 200 0 0.660791 0.339209 
 ----> pbMRQ 201 0 0.648342 0.351658 
 ----> pbMRQ 202 0 0.625044 0.374956 
 ----> pbMRQ 203 1 0.581618 0.418382 
 ----> pbMRQ 204 1 0.662739 0.337261 
 ----> pbMRQ 205 0 0.663196 0.336804 
 ----> pbMRQ 206 1 0.605938 0.394062 
 ----> pbMRQ 207 1 0.596411 0.403589 
 ----> pbMRQ 208 0 0.720422 0.279578 
 ----> pbMRQ 209 0 0.618579 0.381421 
 ----> pbMRQ 210 0 0.628067 0.371933 
 ----> pbMRQ 211 0 0.692332 0.307668 
 ----> pbMRQ 212 0 0.704786 0.295214 
 ----> pbMRQ 213 1 0.601303 0.398697 
 ----> pbMRQ 214 0 0.619602 0.380398 
 ----> pbMRQ 215 1 0.681006 0.318994 
 ----> pbMRQ 216 0 0.66104 0.33896 
 ----> pbMRQ 217 1 0.532864 0.467136 
 ----> pbMRQ 218 0 0.684114 0.315886 
 ----> pbMRQ 219 0 0.729497 0.270503 
 ----> pbMRQ 220 0 0.695629 0.304371 
 ----> pbMRQ 221 0 0.742198 0.257802 
 ----> pbMRQ 222 1 0.609155 0.390845 
 ----> pbMRQ 223 1 0.685497 0.314503 
 ----> pbMRQ 224 0 0.687336 0.312664 
 ----> pbMRQ 225 1 0.585537 0.414463 
 ----> pbMRQ 226 1 0.682977 0.317023 
 ----> pbMRQ 227 0 0.70651 0.29349 
 ----> pbMRQ 228 0 0.692316 0.307684 
 ----> pbMRQ 229 0 0.727607 0.272393 
 ----> pbMRQ 230 0 0.684529 0.315471 
 ----> pbMRQ 231 0 0.704767 0.295233 
 ----> pbMRQ 232 1 0.689897 0.310103 
 ----> pbMRQ 233 0 0.68244 0.31756 
 ----> pbMRQ 234 0 0.713435 0.286565 
 ----> pbMRQ 235 0 0.697178 0.302822 
 ----> pbMRQ 236 1 0.688575 0.311425 
 ----> pbMRQ 237 0 0.716521 0.283479 
 ----> pbMRQ 238 0 0.676743 0.323257 
 ----> pbMRQ 239 0 0.694312 0.305688 
 ----> pbMRQ 240 1 0.621039 0.378961 
 ----> pbMRQ 241 0 0.661729 0.338271 
 ----> pbMRQ 242 1 0.676316 0.323684 
 ----> pbMRQ 243 0 0.653255 0.346745 
 ----> pbMRQ 244 1 0.630414 0.369586 
 ----> pbMRQ 245 1 0.646171 0.353829 
 ----> pbMRQ 246 0 0.627311 0.372689 
 ----> pbMRQ 247 0 0.736739 0.263261 
 ----> pbMRQ 248 1 0.648285 0.351715 
 ----> pbMRQ 249 1 0.564302 0.435698 
 ----> pbMRQ 250 0 0.633494 0.366506 
 ----> pbMRQ 251 0 0.690858 0.309142 
 ----> pbMRQ 252 0 0.670681 0.329319 
 ----> pbMRQ 253 1 0.596407 0.403593 
 ----> pbMRQ 254 0 0.642494 0.357506 
 ----> pbMRQ 255 1 0.69734 0.30266 
 ----> pbMRQ 256 0 0.661144 0.338856 
 ----> pbMRQ 257 0 0.605391 0.394609 
 ----> pbMRQ 258 0 0.710972 0.289028 
 ----> pbMRQ 259 0 0.667899 0.332101 
 ----> pbMRQ 260 1 0.563852 0.436148 
 ----> pbMRQ 261 1 0.632186 0.367814 
 ----> pbMRQ 262 0 0.650262 0.349738 
 ----> pbMRQ 263 1 0.624284 0.375716 
 ----> pbMRQ 264 1 0.588634 0.411366 
 ----> pbMRQ 265 1 0.630778 0.369222 
 ----> pbMRQ 266 0 0.688438 0.311562 
 ----> pbMRQ 267 0 0.666831 0.333169 
 ----> pbMRQ 268 1 0.639809 0.360191 
 ----> pbMRQ 269 0 0.619082 0.380918 
 ----> pbMRQ 270 1 0.673715 0.326285 
 ----> pbMRQ 271 1 0.588678 0.411322 
 ----> pbMRQ 272 0 0.730903 0.269097 
 ----> pbMRQ 273 0 0.612148 0.387852 
 ----> pbMRQ 274 1 0.614929 0.385071 
 ----> pbMRQ 275 1 0.636927 0.363073 
 ----> pbMRQ 276 0 0.666246 0.333754 
 ----> pbMRQ 277 0 0.65006 0.34994 
 ----> pbMRQ 278 0 0.675826 0.324174 
 ----> pbMRQ 279 1 0.618168 0.381832 
 ----> pbMRQ 280 1 0.609908 0.390092 
 ----> pbMRQ 281 0 0.640098 0.359902 
 ----> pbMRQ 282 1 0.652103 0.347897 
 ----> pbMRQ 283 1 0.523672 0.476328 
 ----> pbMRQ 284 1 0.652307 0.347693 
 ----> pbMRQ 285 0 0.70013 0.29987 
 ----> pbMRQ 286 0 0.706658 0.293342 
 ----> pbMRQ 287 0 0.675956 0.324044 
 ----> pbMRQ 288 0 0.658695 0.341305 
 ----> pbMRQ 289 0 0.645751 0.354249 
 ----> pbMRQ 290 0 0.711211 0.288789 
 ----> pbMRQ 291 1 0.673827 0.326173 
 ----> pbMRQ 292 0 0.634188 0.365812 
 ----> pbMRQ 293 1 0.658148 0.341852 
 ----> pbMRQ 294 1 0.614066 0.385934 
 ----> pbMRQ 295 0 0.721346 0.278654 
 ----> pbMRQ 296 0 0.685893 0.314107 
 ----> pbMRQ 297 0 0.584888 0.415112 
 ----> pbMRQ 298 1 0.613786 0.386214 
 ----> pbMRQ 299 0 0.677995 0.322005 
 ----> pbMRQ 300 0 0.631496 0.368504 
 ----> pbMRQ 301 0 0.631445 0.368555 
 ----> pbMRQ 302 0 0.655053 0.344947 
 ----> pbMRQ 303 0 0.675049 0.324951 
 ----> pbMRQ 304 0 0.684106 0.315894 
 ----> pbMRQ 305 0 0.665819 0.334181 
 ----> pbMRQ 306 0 0.714842 0.285158 
 ----> pbMRQ 307 1 0.670693 0.329307 
 ----> pbMRQ 308 0 0.688983 0.311017 
 ----> pbMRQ 309 1 0.595549 0.404451 
 ----> pbMRQ 310 0 0.64988 0.35012 
 ----> pbMRQ 311 0 0.680938 0.319062 
 ----> pbMRQ 312 0 0.683525 0.316475 
 ----> pbMRQ 313 1 0.649276 0.350724 
 ----> pbMRQ 314 0 0.701478 0.298522 
 ----> pbMRQ 315 0 0.712869 0.287131 
 ----> pbMRQ 316 0 0.634927 0.365073 
 ----> pbMRQ 317 0 0.680569 0.319431 
 ----> pbMRQ 318 0 0.650603 0.349397 
 ----> pbMRQ 319 0 0.682726 0.317274 
 ----> pbMRQ 320 0 0.689148 0.310852 
 ----> pbMRQ 321 1 0.624778 0.375222 
 ----> pbMRQ 322 1 0.675961 0.324039 
 ----> pbMRQ 323 0 0.73391 0.26609 
 ----> pbMRQ 324 0 0.692488 0.307512 
 ----> pbMRQ 325 0 0.711206 0.288794 
 ----> pbMRQ 326 1 0.705794 0.294206 
 ----> pbMRQ 327 1 0.554061 0.445939 
 ----> pbMRQ 328 0 0.627316 0.372684 
 ----> pbMRQ 329 0 0.702375 0.297625 
 ----> pbMRQ 330 0 0.676941 0.323059 
 ----> pbMRQ 331 0 0.603801 0.396199 
 ----> pbMRQ 332 0 0.707791 0.292209 
 ----> pbMRQ 333 1 0.656541 0.343459 
 ----> pbMRQ 334 1 0.665589 0.334411 
 ----> pbMRQ 335 0 0.714212 0.285788 
 ----> pbMRQ 336 1 0.660329 0.339671 
 ----> pbMRQ 337 1 0.673818 0.326182 
 ----> pbMRQ 338 1 0.681316 0.318684 
 ----> pbMRQ 339 0 0.603304 0.396696 
 ----> pbMRQ 340 0 0.709282 0.290718 
 ----> pbMRQ 341 1 0.713451 0.286549 
 ----> pbMRQ 342 1 0.677067 0.322933 
 ----> pbMRQ 343 0 0.708747 0.291253 
 ----> pbMRQ 344 0 0.669006 0.330994 
 ----> pbMRQ 345 0 0.66346 0.33654 
 ----> pbMRQ 346 0 0.710965 0.289035 
 ----> pbMRQ 347 1 0.661124 0.338876 
 ----> pbMRQ 348 0 0.66965 0.33035 
 ----> pbMRQ 349 0 0.712876 0.287124 
 ----> pbMRQ 350 1 0.630984 0.369016 
 ----> pbMRQ 351 0 0.608579 0.391421 
 ----> pbMRQ 352 0 0.639362 0.360638 
 ----> pbMRQ 353 0 0.715087 0.284913 
 ----> pbMRQ 354 0 0.608688 0.391312 
 ----> pbMRQ 355 0 0.704501 0.295499 
 ----> pbMRQ 356 0 0.703925 0.296075 
 ----> pbMRQ 357 1 0.65859 0.34141 
 ----> pbMRQ 358 0 0.640648 0.359352 
 ----> pbMRQ 359 0 0.720835 0.279165 
 ----> pbMRQ 360 0 0.65657 0.34343 
 ----> pbMRQ 361 0 0.639446 0.360554 
 ----> pbMRQ 362 1 0.708302 0.291698 
 ----> pbMRQ 363 0 0.669472 0.330528 
 ----> pbMRQ 364 0 0.648537 0.351463 
 ----> pbMRQ 365 0 0.689314 0.310686 
 ----> pbMRQ 366 1 0.621271 0.378729 
 ----> pbMRQ 367 0 0.702482 0.297518 
 ----> pbMRQ 368 0 0.628037 0.371963 
 ----> pbMRQ 369 0 0.672863 0.327137 
 ----> pbMRQ 370 1 0.661882 0.338118 
 ----> pbMRQ 371 0 0.71734 0.28266 
 ----> pbMRQ 372 0 0.673005 0.326995 
 ----> pbMRQ 373 0 0.686894 0.313106 
 ----> pbMRQ 374 0 0.734289 0.265711 
 ----> pbMRQ 375 1 0.62813 0.37187 
 ----> pbMRQ 376 0 0.694606 0.305394 
 ----> pbMRQ 377 0 0.717176 0.282824 
 ----> pbMRQ 378 1 0.691119 0.308881 
 ----> pbMRQ 379 0 0.719485 0.280515 
 ----> pbMRQ 380 0 0.697328 0.302672 
 ----> pbMRQ 381 0 0.683021 0.316979 
 ----> pbMRQ 382 0 0.682952 0.317048 
 ----> pbMRQ 383 0 0.682844 0.317156 
 ----> pbMRQ 384 0 0.635605 0.364395 
 ----> pbMRQ 385 1 0.630682 0.369318 
 ----> pbMRQ 386 0 0.706919 0.293081 
 ----> pbMRQ 387 1 0.665742 0.334258 
 ----> pbMRQ 388 1 0.611732 0.388268 
 ----> pbMRQ 389 0 0.676672 0.323328 
 ----> pbMRQ 390 0 0.69856 0.30144 
 ----> pbMRQ 391 0 0.686281 0.313719 
 ----> pbMRQ 392 1 0.664056 0.335944 
 ----> pbMRQ 393 1 0.681476 0.318524 
 ----> pbMRQ 394 0 0.699953 0.300047 
 ----> pbMRQ 395 0 0.719348 0.280652 
 ----> pbMRQ 396 0 0.711164 0.288836 
 ----> pbMRQ 397 0 0.715404 0.284596 
 ----> pbMRQ 398 1 0.688055 0.311945 
 ----> pbMRQ 399 1 0.605499 0.394501 
 ----> pbMRQ 400 1 0.655952 0.344048 
 ----> pbMRQ 401 0 0.72784 0.27216 
 ----> pbMRQ 402 0 0.707846 0.292154 
 ----> pbMRQ 403 0 0.613445 0.386555 
 ----> pbMRQ 404 0 0.687171 0.312829 
 ----> pbMRQ 405 0 0.581744 0.418256 
 ----> pbMRQ 406 1 0.602868 0.397132 
 ----> pbMRQ 407 1 0.659706 0.340294 
 ----> pbMRQ 408 0 0.635641 0.364359 
 ----> pbMRQ 409 1 0.614777 0.385223 
 ----> pbMRQ 410 0 0.695941 0.304059 
 ----> pbMRQ 411 0 0.613948 0.386052 
 ----> pbMRQ 412 1 0.641612 0.358388 
 ----> pbMRQ 413 1 0.667681 0.332319 
 ----> pbMRQ 414 0 0.64636 0.35364 
 ----> pbMRQ 415 1 0.576146 0.423854 
 ----> pbMRQ 416 0 0.660322 0.339678 
 ----> pbMRQ 417 0 0.661045 0.338955 
 ----> pbMRQ 418 1 0.620093 0.379907 
 ----> pbMRQ 419 0 0.686616 0.313384 
 ----> pbMRQ 420 0 0.652467 0.347533 
 ----> pbMRQ 421 0 0.693312 0.306688 
 ----> pbMRQ 422 0 0.677267 0.322733 
 ----> pbMRQ 423 0 0.68489 0.31511 
 ----> pbMRQ 424 0 0.659813 0.340187 
 ----> pbMRQ 425 0 0.608225 0.391775 
 ----> pbMRQ 426 1 0.649443 0.350557 
 ----> pbMRQ 427 0 0.683872 0.316128 
 ----> pbMRQ 428 0 0.683101 0.316899 
 ----> pbMRQ 429 0 0.657308 0.342692 
 ----> pbMRQ 430 0 0.704334 0.295666 
 ----> pbMRQ 431 0 0.657159 0.342841 
 ----> pbMRQ 432 0 0.611985 0.388015 
 ----> pbMRQ 433 0 0.628267 0.371733 
 ----> pbMRQ 434 0 0.706124 0.293876 
 ----> pbMRQ 435 1 0.657267 0.342733 
 ----> pbMRQ 436 0 0.646657 0.353343 
 ----> pbMRQ 437 0 0.643943 0.356057 
 ----> pbMRQ 438 0 0.689214 0.310786 
 ----> pbMRQ 439 0 0.682534 0.317466 
 ----> pbMRQ 440 0 0.69587 0.30413 
 ----> pbMRQ 441 0 0.646307 0.353693 
 ----> pbMRQ 442 0 0.648729 0.351271 
 ----> pbMRQ 443 0 0.690749 0.309251 
 ----> pbMRQ 444 0 0.62388 0.37612 
 ----> pbMRQ 445 1 0.696866 0.303134 
 ----> pbMRQ 446 0 0.67971 0.32029 
 ----> pbMRQ 447 0 0.706523 0.293477 
 ----> pbMRQ 448 0 0.700062 0.299938 
 ----> pbMRQ 449 0 0.740483 0.259517 
 ----> pbMRQ 450 0 0.703703 0.296297 
 ----> pbMRQ 451 0 0.690952 0.309048 
 ----> pbMRQ 452 0 0.688866 0.311134 
 ----> pbMRQ 453 0 0.619796 0.380204 
 ----> pbMRQ 454 1 0.679164 0.320836 
 ----> pbMRQ 455 0 0.690107 0.309893 
 ----> pbMRQ 456 0 0.638844 0.361156 
 ----> pbMRQ 457 0 0.718637 0.281363 
 ----> pbMRQ 458 1 0.598155 0.401845 
 ----> pbMRQ 459 0 0.685542 0.314458 
 ----> pbMRQ 460 0 0.716997 0.283003 
 ----> pbMRQ 461 1 0.672873 0.327127 
 ----> pbMRQ 462 0 0.704746 0.295254 
 ----> pbMRQ 463 0 0.654632 0.345368 
 ----> pbMRQ 464 0 0.660805 0.339195 
 ----> pbMRQ 465 0 0.727568 0.272432 
 ----> pbMRQ 466 0 0.704382 0.295618 
 ----> pbMRQ 467 1 0.661055 0.338945 
 ----> pbMRQ 468 0 0.686317 0.313683 
 ----> pbMRQ 469 0 0.733519 0.266481 
 ----> pbMRQ 470 1 0.673106 0.326894 
 ----> pbMRQ 471 1 0.702546 0.297454 
 ----> pbMRQ 472 0 0.71067 0.28933 
 ----> pbMRQ 473 1 0.59803 0.40197 
 ----> pbMRQ 474 0 0.702559 0.297441 
 ----> pbMRQ 475 0 0.711914 0.288086 
 ----> pbMRQ 476 0 0.649699 0.350301 
 ----> pbMRQ 477 1 0.624625 0.375375 
 ----> pbMRQ 478 0 0.704468 0.295532 
 ----> pbMRQ 479 1 0.576896 0.423104 
 ----> pbMRQ 480 0 0.711913 0.288087 
 ----> pbMRQ 481 0 0.688177 0.311823 
 ----> pbMRQ 482 0 0.708341 0.291659 
 ----> pbMRQ 483 1 0.680596 0.319404 
 ----> pbMRQ 484 0 0.711798 0.288202 
 ----> pbMRQ 485 0 0.615697 0.384303 
 ----> pbMRQ 486 0 0.695867 0.304133 
 ----> pbMRQ 487 0 0.706273 0.293727 
 ----> pbMRQ 488 1 0.615264 0.384736 
 ----> pbMRQ 489 1 0.624833 0.375167 
 ----> pbMRQ 490 0 0.707097 0.292903 
 ----> pbMRQ 491 1 0.65609 0.34391 
 ----> pbMRQ 492 0 0.65494 0.34506 
 ----> pbMRQ 493 0 0.669976 0.330024 
 ----> pbMRQ 494 0 0.676855 0.323145 
 ----> pbMRQ 495 1 0.66062 0.33938 
 ----> pbMRQ 496 0 0.71822 0.28178 
 ----> pbMRQ 497 0 0.668031 0.331969 
 ----> pbMRQ 498 0 0.693955 0.306045 
 ----> pbMRQ 499 1 0.690057 0.309943 
 ----> pbMRQ 500 1 0.682352 0.317648 
 ----> pbMRQ 501 0 0.695637 0.304363 
 ----> pbMRQ 502 0 0.710694 0.289306 
 ----> pbMRQ 503 0 0.695348 0.304652 
 ----> pbMRQ 504 0 0.715643 0.284357 
 ----> pbMRQ 505 0 0.7154 0.2846 
 ----> pbMRQ 506 0 0.56655 0.43345 
 ----> pbMRQ 507 0 0.606379 0.393621 
 ----> pbMRQ 508 1 0.68669 0.31331 
 ----> pbMRQ 509 1 0.539173 0.460827 
 ----> pbMRQ 510 0 0.659466 0.340534 
 ----> pbMRQ 511 0 0.707681 0.292319 
 ----> pbMRQ 512 0 0.673083 0.326917 
 ----> pbMRQ 513 0 0.613824 0.386176 
 ----> pbMRQ 514 1 0.638491 0.361509 
 ----> pbMRQ 515 0 0.652878 0.347122 
 ----> pbMRQ 516 0 0.697561 0.302439 
 ----> pbMRQ 517 1 0.692386 0.307614 
 ----> pbMRQ 518 0 0.691723 0.308277 
 ----> pbMRQ 519 0 0.676381 0.323619 
 ----> pbMRQ 520 1 0.722528 0.277472 
 ----> pbMRQ 521 1 0.66312 0.33688 
 ----> pbMRQ 522 0 0.692764 0.307236 
 ----> pbMRQ 523 1 0.727676 0.272324 
 ----> pbMRQ 524 0 0.631748 0.368252 
 ----> pbMRQ 525 0 0.632758 0.367242 
 ----> pbMRQ 526 0 0.633862 0.366138 
 ----> pbMRQ 527 0 0.647226 0.352774 
 ----> pbMRQ 528 0 0.667234 0.332766 
 ----> pbMRQ 529 1 0.640632 0.359368 
 ----> pbMRQ 530 0 0.698904 0.301096 
 ----> pbMRQ 531 1 0.608289 0.391711 
 ----> pbMRQ 532 0 0.633478 0.366522 
 ----> pbMRQ 533 0 0.718143 0.281857 
 ----> pbMRQ 534 0 0.666248 0.333752 
 ----> pbMRQ 535 1 0.555688 0.444312 
 ----> pbMRQ 536 0 0.624002 0.375998 
 ----> pbMRQ 537 0 0.66745 0.33255 
 ----> pbMRQ 538 0 0.652965 0.347035 
 ----> pbMRQ 539 1 0.636097 0.363903 
 ----> pbMRQ 540 0 0.635281 0.364719 
 ----> pbMRQ 541 1 0.64041 0.35959 
 ----> pbMRQ 542 0 0.675773 0.324227 
 ----> pbMRQ 543 1 0.663588 0.336412 
 ----> pbMRQ 544 0 0.670499 0.329501 
 ----> pbMRQ 545 1 0.672168 0.327832 
 ----> pbMRQ 546 0 0.734373 0.265627 
 ----> pbMRQ 547 0 0.638401 0.361599 
 ----> pbMRQ 548 1 0.66951 0.33049 
 ----> pbMRQ 549 0 0.641129 0.358871 
 ----> pbMRQ 550 0 0.720923 0.279077 
 ----> pbMRQ 551 0 0.743531 0.256469 
 ----> pbMRQ 552 1 0.644974 0.355026 
 ----> pbMRQ 553 1 0.698555 0.301445 
 ----> pbMRQ 554 1 0.658523 0.341477 
 ----> pbMRQ 555 1 0.677184 0.322816 
 ----> pbMRQ 556 0 0.643869 0.356131 
 ----> pbMRQ 557 0 0.705679 0.294321 
 ----> pbMRQ 558 0 0.644042 0.355958 
 ----> pbMRQ 559 0 0.684788 0.315212 
 ----> pbMRQ 560 0 0.607433 0.392567 
 ----> pbMRQ 561 1 0.682038 0.317962 
 ----> pbMRQ 562 0 0.692833 0.307167 
 ----> pbMRQ 563 0 0.700869 0.299131 
 ----> pbMRQ 564 0 0.714142 0.285858 
 ----> pbMRQ 565 0 0.686099 0.313901 
 ----> pbMRQ 566 0 0.720707 0.279293 
 ----> pbMRQ 567 0 0.702709 0.297291 
 ----> pbMRQ 568 0 0.709969 0.290031 
 ----> pbMRQ 569 1 0.616461 0.383539 
 ----> pbMRQ 570 0 0.723521 0.276479 
 ----> pbMRQ 571 1 0.612755 0.387245 
 ----> pbMRQ 572 0 0.694293 0.305707 
 ----> pbMRQ 573 0 0.656193 0.343807 
 ----> pbMRQ 574 0 0.696839 0.303161 
 ----> pbMRQ 575 1 0.684331 0.315669 
 ----> pbMRQ 576 0 0.649388 0.350612 
 ----> pbMRQ 577 1 0.6944 0.3056 
 ----> pbMRQ 578 0 0.700884 0.299116 
 ----> pbMRQ 579 0 0.725132 0.274868 
 ----> pbMRQ 580 1 0.68762 0.31238 
 ----> pbMRQ 581 0 0.718485 0.281515 
 ----> pbMRQ 582 0 0.713895 0.286105 
 ----> pbMRQ 583 1 0.67428 0.32572 
 ----> pbMRQ 584 0 0.693026 0.306974 
 ----> pbMRQ 585 0 0.709808 0.290192 
 ----> pbMRQ 586 0 0.683763 0.316237 
 ----> pbMRQ 587 0 0.616778 0.383222 
 ----> pbMRQ 588 0 0.708912 0.291088 
 ----> pbMRQ 589 1 0.703048 0.296952 
 ----> pbMRQ 590 0 0.597152 0.402848 
 ----> pbMRQ 591 1 0.698328 0.301672 
 ----> pbMRQ 592 1 0.696913 0.303087 
 ----> pbMRQ 593 0 0.710887 0.289113 
 ----> pbMRQ 594 0 0.652142 0.347858 
 ----> pbMRQ 595 0 0.694983 0.305017 
 ----> pbMRQ 596 0 0.689791 0.310209 
 ----> pbMRQ 597 0 0.712906 0.287094 
 ----> pbMRQ 598 0 0.616287 0.383713 
 ----> pbMRQ 599 0 0.696366 0.303634 
 ----> pbMRQ 600 0 0.695245 0.304755 
 ----> pbMRQ 601 0 0.736131 0.263869 
 ----> pbMRQ 602 1 0.598202 0.401798 
 ----> pbMRQ 603 0 0.709152 0.290848 
 ----> pbMRQ 604 0 0.710723 0.289277 
 ----> pbMRQ 605 0 0.674114 0.325886 
 ----> pbMRQ 606 0 0.746586 0.253414 
 ----> pbMRQ 607 1 0.588592 0.411408 
 ----> pbMRQ 608 0 0.674608 0.325392 
 ----> pbMRQ 609 0 0.626996 0.373004 
 ----> pbMRQ 610 0 0.609032 0.390968 
 ----> pbMRQ 611 0 0.715052 0.284948 
 ----> pbMRQ 612 0 0.670844 0.329156 
 ----> pbMRQ 613 0 0.644863 0.355137 
 ----> pbMRQ 614 0 0.733302 0.266698 
 ----> pbMRQ 615 0 0.681614 0.318386 
 ----> pbMRQ 616 0 0.707146 0.292854 
 ----> pbMRQ 617 0 0.698462 0.301538 
 ----> pbMRQ 618 0 0.695549 0.304451 
 ----> pbMRQ 619 1 0.638556 0.361444 
 ----> pbMRQ 620 0 0.686419 0.313581 
 ----> pbMRQ 621 0 0.659137 0.340863 
 ----> pbMRQ 622 0 0.699127 0.300873 
 ----> pbMRQ 623 1 0.65313 0.34687 
 ----> pbMRQ 624 0 0.625492 0.374508 
 ----> pbMRQ 625 0 0.651613 0.348387 
 ----> pbMRQ 626 0 0.625967 0.374033 
 ----> pbMRQ 627 0 0.621784 0.378216 
 ----> pbMRQ 628 1 0.654624 0.345376 
 ----> pbMRQ 629 0 0.711584 0.288416 
 ----> pbMRQ 630 0 0.740353 0.259647 
 ----> pbMRQ 631 1 0.690425 0.309575 
 ----> pbMRQ 632 1 0.667057 0.332943 
 ----> pbMRQ 633 0 0.71458 0.28542 
 ----> pbMRQ 634 1 0.688944 0.311056 
 ----> pbMRQ 635 0 0.68382 0.31618 
 ----> pbMRQ 636 1 0.690141 0.309859 
 ----> pbMRQ 637 0 0.637192 0.362808 
 ----> pbMRQ 638 0 0.633641 0.366359 
 ----> pbMRQ 639 1 0.670697 0.329303 
 ----> pbMRQ 640 0 0.679253 0.320747 
 ----> pbMRQ 641 0 0.683495 0.316505 
 ----> pbMRQ 642 0 0.66197 0.33803 
 ----> pbMRQ 643 0 0.689031 0.310969 
 ----> pbMRQ 644 0 0.61277 0.38723 
 ----> pbMRQ 645 0 0.723751 0.276249 
 ----> pbMRQ 646 1 0.665195 0.334805 
 ----> pbMRQ 647 0 0.630512 0.369488 
 ----> pbMRQ 648 0 0.709373 0.290627 
 ----> pbMRQ 649 0 0.697649 0.302351 
 ----> pbMRQ 650 0 0.629354 0.370646 
 ----> pbMRQ 651 1 0.662826 0.337174 
 ----> pbMRQ 652 0 0.633758 0.366242 
 ----> pbMRQ 653 1 0.673673 0.326327 
 ----> pbMRQ 654 0 0.640892 0.359108 
 ----> pbMRQ 655 0 0.696218 0.303782 
 ----> pbMRQ 656 0 0.700358 0.299642 
 ----> pbMRQ 657 0 0.583884 0.416116 
 ----> pbMRQ 658 0 0.621578 0.378422 
 ----> pbMRQ 659 0 0.71752 0.28248 
 ----> pbMRQ 660 0 0.658661 0.341339 
 ----> pbMRQ 661 0 0.641661 0.358339 
 ----> pbMRQ 662 0 0.701731 0.298269 
 ----> pbMRQ 663 1 0.695983 0.304017 
 ----> pbMRQ 664 1 0.682022 0.317978 
 ----> pbMRQ 665 0 0.627212 0.372788 
 ----> pbMRQ 666 0 0.718768 0.281232 
 ----> pbMRQ 667 0 0.692616 0.307384 
 ----> pbMRQ 668 0 0.693892 0.306108 
 ----> pbMRQ 669 0 0.631885 0.368115 
 ----> pbMRQ 670 0 0.684153 0.315847 
 ----> pbMRQ 671 0 0.698452 0.301548 
 ----> pbMRQ 672 0 0.632065 0.367935 
 ----> pbMRQ 673 0 0.704805 0.295195 
 ----> pbMRQ 674 1 0.687026 0.312974 
 ----> pbMRQ 675 1 0.689154 0.310846 
 ----> pbMRQ 676 0 0.720574 0.279426 
 ----> pbMRQ 677 1 0.660629 0.339371 
 ----> pbMRQ 678 1 0.666941 0.333059 
 ----> pbMRQ 679 0 0.699478 0.300522 
 ----> pbMRQ 680 1 0.682707 0.317293 
 ----> pbMRQ 681 0 0.692819 0.307181 
 ----> pbMRQ 682 0 0.612038 0.387962 
 ----> pbMRQ 683 0 0.699095 0.300905 
 ----> pbMRQ 684 0 0.655912 0.344088 
 ----> pbMRQ 685 0 0.690095 0.309905 
 ----> pbMRQ 686 0 0.676582 0.323418 
 ----> pbMRQ 687 0 0.672517 0.327483 
 ----> pbMRQ 688 0 0.696513 0.303487 
 ----> pbMRQ 689 0 0.733812 0.266188 
 ----> pbMRQ 690 1 0.698901 0.301099 
 ----> pbMRQ 691 0 0.702327 0.297673 
 ----> pbMRQ 692 0 0.584822 0.415178 
 ----> pbMRQ 693 1 0.552173 0.447827 
 ----> pbMRQ 694 0 0.69146 0.30854 
 ----> pbMRQ 695 0 0.696393 0.303607 
 ----> pbMRQ 696 0 0.631309 0.368691 
 ----> pbMRQ 697 0 0.682984 0.317016 
 ----> pbMRQ 698 1 0.668578 0.331422 
 ----> pbMRQ 699 0 0.664983 0.335017 
 ----> pbMRQ 700 1 0.656187 0.343813 
 ----> pbMRQ 701 0 0.707915 0.292085 
 ----> pbMRQ 702 0 0.741707 0.258293 
 ----> pbMRQ 703 0 0.634368 0.365632 
 ----> pbMRQ 704 0 0.743934 0.256066 
 ----> pbMRQ 705 0 0.704016 0.295984 
 ----> pbMRQ 706 0 0.69809 0.30191 
 ----> pbMRQ 707 0 0.689763 0.310237 
 ----> pbMRQ 708 0 0.644423 0.355577 
 ----> pbMRQ 709 0 0.688853 0.311147 
 ----> pbMRQ 710 0 0.685037 0.314963 
 ----> pbMRQ 711 0 0.680984 0.319016 
 ----> pbMRQ 712 0 0.687156 0.312844 
 ----> pbMRQ 713 1 0.665149 0.334851 
 ----> pbMRQ 714 1 0.694236 0.305764 
 ----> pbMRQ 715 1 0.718297 0.281703 
 ----> pbMRQ 716 1 0.659082 0.340918 
 ----> pbMRQ 717 0 0.683933 0.316067 
 ----> pbMRQ 718 0 0.594196 0.405804 
