 ----> pbMRQ 1 1 0 0 
 ----> pbMRQ 2 0 0 0 
 ----> pbMRQ 3 1 0 0 
 ----> pbMRQ 4 1 0.671706 0.328294 
 ----> pbMRQ 5 1 0.631579 0.368421 
 ----> pbMRQ 6 1 0.671706 0.328294 
 ----> pbMRQ 7 0 0.652227 0.347773 
 ----> pbMRQ 8 0 0.677848 0.322152 
 ----> pbMRQ 9 0 0.668591 0.331409 
 ----> pbMRQ 10 1 0.702013 0.297987 
 ----> pbMRQ 11 1 0.218914 0.781086 
 ----> pbMRQ 12 0 0.7398 0.2602 
 ----> pbMRQ 13 0 0.219787 0.780213 
 ----> pbMRQ 14 1 0.308193 0.691807 
 ----> pbMRQ 15 1 0.208976 0.791024 
 ----> pbMRQ 16 1 0.367799 0.632201 
 ----> pbMRQ 17 1 0.608554 0.391446 
 ----> pbMRQ 18 0 0.501263 0.498737 
 ----> pbMRQ 19 0 0.843336 0.156664 
 ----> pbMRQ 20 0 0.479257 0.520743 
 ----> pbMRQ 21 1 0.286475 0.713525 
 ----> pbMRQ 22 0 0.55842 0.44158 
 ----> pbMRQ 23 0 0.87782 0.12218 
 ----> pbMRQ 24 0 0.406935 0.593065 
 ----> pbMRQ 25 0 0.287786 0.712214 
 ----> pbMRQ 26 1 0.198213 0.801787 
 ----> pbMRQ 27 1 0.280637 0.719363 
 ----> pbMRQ 28 1 0.679127 0.320873 
 ----> pbMRQ 29 0 0.478194 0.521806 
 ----> pbMRQ 30 0 0.86174 0.13826 
 ----> pbMRQ 31 0 0.47116 0.52884 
 ----> pbMRQ 32 0 0.853732 0.146268 
 ----> pbMRQ 33 0 0.899826 0.100174 
 ----> pbMRQ 34 1 0.894826 0.105174 
 ----> pbMRQ 35 1 0.896986 0.103014 
 ----> pbMRQ 36 0 0.17473 0.82527 
 ----> pbMRQ 37 0 0.494876 0.505124 
 ----> pbMRQ 38 0 0.298873 0.701127 
 ----> pbMRQ 39 0 0.508982 0.491018 
 ----> pbMRQ 40 1 0.816835 0.183165 
 ----> pbMRQ 41 1 0.835734 0.164266 
 ----> pbMRQ 42 1 0.846221 0.153779 
 ----> pbMRQ 43 0 0.842325 0.157675 
 ----> pbMRQ 44 1 0.255981 0.744019 
 ----> pbMRQ 45 1 0.514338 0.485662 
 ----> pbMRQ 46 0 0.812957 0.187043 
 ----> pbMRQ 47 1 0.852986 0.147014 
 ----> pbMRQ 48 1 0.843485 0.156515 
 ----> pbMRQ 49 1 0.844845 0.155155 
 ----> pbMRQ 50 1 0.253747 0.746253 
 ----> pbMRQ 51 0 0.535662 0.464338 
 ----> pbMRQ 52 1 0.344633 0.655367 
 ----> pbMRQ 53 0 0.539298 0.460702 
 ----> pbMRQ 54 0 0.364033 0.635967 
 ----> pbMRQ 55 0 0.325451 0.674549 
 ----> pbMRQ 56 1 0.660318 0.339682 
 ----> pbMRQ 57 1 0.433445 0.566555 
 ----> pbMRQ 58 0 0.449386 0.550614 
 ----> pbMRQ 59 1 0.429599 0.570401 
 ----> pbMRQ 60 0 0.439154 0.560846 
 ----> pbMRQ 61 0 0.64317 0.35683 
 ----> pbMRQ 62 0 0.47237 0.52763 
 ----> pbMRQ 63 1 0.662184 0.337816 
 ----> pbMRQ 64 1 0.712939 0.287061 
 ----> pbMRQ 65 0 0.730078 0.269922 
 ----> pbMRQ 66 0 0.358456 0.641544 
 ----> pbMRQ 67 1 0.486212 0.513788 
 ----> pbMRQ 68 1 0.755755 0.244245 
 ----> pbMRQ 69 0 0.502436 0.497564 
 ----> pbMRQ 70 1 0.761529 0.238471 
 ----> pbMRQ 71 1 0.809989 0.190011 
 ----> pbMRQ 72 1 0.833963 0.166037 
 ----> pbMRQ 73 0 0.290436 0.709564 
 ----> pbMRQ 74 0 0.540544 0.459456 
 ----> pbMRQ 75 0 0.822284 0.177716 
 ----> pbMRQ 76 1 0.84126 0.15874 
 ----> pbMRQ 77 0 0.300026 0.699974 
 ----> pbMRQ 78 1 0.503754 0.496246 
 ----> pbMRQ 79 0 0.822358 0.177642 
 ----> pbMRQ 80 1 0.503244 0.496756 
 ----> pbMRQ 81 1 0.357533 0.642467 
 ----> pbMRQ 82 1 0.292512 0.707488 
 ----> pbMRQ 83 1 0.651511 0.348489 
 ----> pbMRQ 84 1 0.512637 0.487363 
 ----> pbMRQ 85 0 0.814484 0.185516 
 ----> pbMRQ 86 0 0.50129 0.49871 
 ----> pbMRQ 87 1 0.802254 0.197746 
 ----> pbMRQ 88 1 0.515503 0.484497 
 ----> pbMRQ 89 1 0.79072 0.20928 
 ----> pbMRQ 90 1 0.508076 0.491924 
 ----> pbMRQ 91 1 0.363876 0.636124 
 ----> pbMRQ 92 0 0.335057 0.664943 
 ----> pbMRQ 93 0 0.397916 0.602084 
 ----> pbMRQ 94 1 0.852161 0.147839 
 ----> pbMRQ 95 0 0.447207 0.552793 
 ----> pbMRQ 96 0 0.642918 0.357082 
 ----> pbMRQ 97 1 0.422618 0.577382 
 ----> pbMRQ 98 1 0.381599 0.618401 
 ----> pbMRQ 99 1 0.38302 0.61698 
 ----> pbMRQ 100 0 0.630367 0.369633 
 ----> pbMRQ 101 1 0.505654 0.494346 
 ----> pbMRQ 102 0 0.633152 0.366848 
 ----> pbMRQ 103 0 0.590041 0.409959 
 ----> pbMRQ 104 0 0.406635 0.593365 
 ----> pbMRQ 105 1 0.498457 0.501543 
 ----> pbMRQ 106 0 0.802941 0.197059 
 ----> pbMRQ 107 0 0.538501 0.461499 
 ----> pbMRQ 108 0 0.356251 0.643749 
 ----> pbMRQ 109 0 0.324577 0.675423 
 ----> pbMRQ 110 1 0.655176 0.344824 
 ----> pbMRQ 111 0 0.454784 0.545216 
 ----> pbMRQ 112 0 0.658008 0.341992 
 ----> pbMRQ 113 1 0.693801 0.306199 
 ----> pbMRQ 114 1 0.621726 0.378274 
 ----> pbMRQ 115 0 0.353565 0.646435 
 ----> pbMRQ 116 0 0.788829 0.211171 
 ----> pbMRQ 117 1 0.798252 0.201748 
 ----> pbMRQ 118 1 0.799996 0.200004 
 ----> pbMRQ 119 1 0.819756 0.180244 
 ----> pbMRQ 120 0 0.314969 0.685031 
 ----> pbMRQ 121 0 0.833442 0.166558 
 ----> pbMRQ 122 1 0.803984 0.196016 
 ----> pbMRQ 123 1 0.287096 0.712904 
 ----> pbMRQ 124 0 0.517449 0.482551 
 ----> pbMRQ 125 1 0.76544 0.23456 
 ----> pbMRQ 126 0 0.829082 0.170918 
 ----> pbMRQ 127 0 0.299807 0.700193 
 ----> pbMRQ 128 0 0.507107 0.492893 
 ----> pbMRQ 129 1 0.33761 0.66239 
 ----> pbMRQ 130 0 0.534358 0.465642 
 ----> pbMRQ 131 0 0.801029 0.198971 
 ----> pbMRQ 132 0 0.490886 0.509114 
 ----> pbMRQ 133 1 0.362638 0.637362 
 ----> pbMRQ 134 1 0.533423 0.466577 
 ----> pbMRQ 135 1 0.34943 0.65057 
 ----> pbMRQ 136 0 0.530366 0.469634 
 ----> pbMRQ 137 1 0.773733 0.226267 
 ----> pbMRQ 138 0 0.834688 0.165312 
 ----> pbMRQ 139 0 0.284278 0.715722 
 ----> pbMRQ 140 1 0.809674 0.190326 
 ----> pbMRQ 141 0 0.828186 0.171814 
 ----> pbMRQ 142 1 0.827591 0.172409 
 ----> pbMRQ 143 0 0.317866 0.682134 
 ----> pbMRQ 144 1 0.50588 0.49412 
 ----> pbMRQ 145 0 0.385131 0.614869 
 ----> pbMRQ 146 0 0.535984 0.464016 
 ----> pbMRQ 147 0 0.365783 0.634217 
 ----> pbMRQ 148 0 0.519829 0.480171 
 ----> pbMRQ 149 1 0.793476 0.206524 
 ----> pbMRQ 150 1 0.525171 0.474829 
 ----> pbMRQ 151 1 0.362246 0.637754 
 ----> pbMRQ 152 0 0.352394 0.647606 
 ----> pbMRQ 153 0 0.695338 0.304662 
 ----> pbMRQ 154 0 0.48412 0.51588 
 ----> pbMRQ 155 1 0.609416 0.390584 
 ----> pbMRQ 156 1 0.705811 0.294189 
 ----> pbMRQ 157 1 0.592493 0.407507 
 ----> pbMRQ 158 0 0.70638 0.29362 
 ----> pbMRQ 159 1 0.564037 0.435963 
 ----> pbMRQ 160 0 0.529217 0.470783 
 ----> pbMRQ 161 0 0.375645 0.624355 
 ----> pbMRQ 162 1 0.523338 0.476662 
 ----> pbMRQ 163 1 0.820469 0.179531 
 ----> pbMRQ 164 1 0.818545 0.181455 
 ----> pbMRQ 165 1 0.288468 0.711532 
 ----> pbMRQ 166 0 0.544984 0.455016 
 ----> pbMRQ 167 1 0.333652 0.666348 
 ----> pbMRQ 168 0 0.536132 0.463868 
 ----> pbMRQ 169 0 0.367184 0.632816 
 ----> pbMRQ 170 1 0.522663 0.477337 
 ----> pbMRQ 171 1 0.800006 0.199994 
 ----> pbMRQ 172 0 0.508616 0.491384 
 ----> pbMRQ 173 1 0.378608 0.621392 
 ----> pbMRQ 174 0 0.325639 0.674361 
 ----> pbMRQ 175 1 0.366587 0.633413 
 ----> pbMRQ 176 0 0.684848 0.315152 
 ----> pbMRQ 177 0 0.441898 0.558102 
 ----> pbMRQ 178 1 0.615127 0.384873 
 ----> pbMRQ 179 0 0.719639 0.280361 
 ----> pbMRQ 180 0 0.562836 0.437164 
 ----> pbMRQ 181 0 0.536156 0.463844 
 ----> pbMRQ 182 0 0.811851 0.188149 
 ----> pbMRQ 183 1 0.490019 0.509981 
 ----> pbMRQ 184 1 0.805983 0.194017 
 ----> pbMRQ 185 0 0.519289 0.480711 
 ----> pbMRQ 186 0 0.816305 0.183695 
 ----> pbMRQ 187 0 0.834332 0.165668 
 ----> pbMRQ 188 1 0.299745 0.700255 
 ----> pbMRQ 189 1 0.833007 0.166993 
 ----> pbMRQ 190 0 0.842464 0.157536 
 ----> pbMRQ 191 0 0.834743 0.165257 
 ----> pbMRQ 192 1 0.836451 0.163549 
 ----> pbMRQ 193 0 0.274249 0.725751 
 ----> pbMRQ 194 0 0.556454 0.443546 
 ----> pbMRQ 195 0 0.400018 0.599982 
 ----> pbMRQ 196 1 0.5059 0.4941 
 ----> pbMRQ 197 0 0.804872 0.195128 
 ----> pbMRQ 198 0 0.522527 0.477473 
 ----> pbMRQ 199 0 0.359472 0.640528 
 ----> pbMRQ 200 0 0.533573 0.466427 
 ----> pbMRQ 201 0 0.809747 0.190253 
 ----> pbMRQ 202 0 0.538098 0.461902 
 ----> pbMRQ 203 1 0.74049 0.25951 
 ----> pbMRQ 204 1 0.811004 0.188996 
 ----> pbMRQ 205 0 0.818766 0.181234 
 ----> pbMRQ 206 1 0.280976 0.719024 
 ----> pbMRQ 207 1 0.833759 0.166241 
 ----> pbMRQ 208 0 0.835819 0.164181 
 ----> pbMRQ 209 0 0.81038 0.18962 
 ----> pbMRQ 210 0 0.827494 0.172506 
 ----> pbMRQ 211 0 0.849942 0.150058 
 ----> pbMRQ 212 0 0.8469 0.1531 
 ----> pbMRQ 213 1 0.289995 0.710005 
 ----> pbMRQ 214 0 0.540405 0.459595 
 ----> pbMRQ 215 1 0.801439 0.198561 
 ----> pbMRQ 216 0 0.525997 0.474003 
 ----> pbMRQ 217 1 0.368488 0.631512 
 ----> pbMRQ 218 0 0.548257 0.451743 
 ----> pbMRQ 219 0 0.821765 0.178235 
 ----> pbMRQ 220 0 0.840173 0.159827 
 ----> pbMRQ 221 0 0.840349 0.159651 
 ----> pbMRQ 222 1 0.829375 0.170625 
 ----> pbMRQ 223 1 0.298286 0.701714 
 ----> pbMRQ 224 0 0.841583 0.158417 
 ----> pbMRQ 225 1 0.279453 0.720547 
 ----> pbMRQ 226 1 0.820069 0.179931 
 ----> pbMRQ 227 0 0.301572 0.698428 
 ----> pbMRQ 228 0 0.852724 0.147276 
 ----> pbMRQ 229 0 0.873565 0.126435 
 ----> pbMRQ 230 0 0.815566 0.184434 
 ----> pbMRQ 231 0 0.872318 0.127682 
 ----> pbMRQ 232 1 0.264368 0.735632 
 ----> pbMRQ 233 0 0.538693 0.461307 
 ----> pbMRQ 234 0 0.801137 0.198863 
 ----> pbMRQ 235 0 0.534137 0.465863 
 ----> pbMRQ 236 1 0.371747 0.628253 
 ----> pbMRQ 237 0 0.514601 0.485399 
 ----> pbMRQ 238 0 0.825676 0.174324 
 ----> pbMRQ 239 0 0.852047 0.147953 
 ----> pbMRQ 240 1 0.794397 0.205603 
 ----> pbMRQ 241 0 0.831969 0.168031 
 ----> pbMRQ 242 1 0.290062 0.709938 
 ----> pbMRQ 243 0 0.854215 0.145785 
 ----> pbMRQ 244 1 0.826815 0.173185 
 ----> pbMRQ 245 1 0.847002 0.152998 
 ----> pbMRQ 246 0 0.298792 0.701208 
 ----> pbMRQ 247 0 0.858152 0.141848 
 ----> pbMRQ 248 1 0.843666 0.156334 
 ----> pbMRQ 249 1 0.840444 0.159556 
 ----> pbMRQ 250 0 0.305368 0.694632 
 ----> pbMRQ 251 0 0.836407 0.163593 
 ----> pbMRQ 252 0 0.297969 0.702031 
 ----> pbMRQ 253 1 0.831876 0.168124 
 ----> pbMRQ 254 0 0.29763 0.70237 
 ----> pbMRQ 255 1 0.470658 0.529342 
 ----> pbMRQ 256 0 0.814457 0.185543 
 ----> pbMRQ 257 0 0.864625 0.135375 
 ----> pbMRQ 258 0 0.295414 0.704586 
 ----> pbMRQ 259 0 0.531345 0.468655 
 ----> pbMRQ 260 1 0.799197 0.200803 
 ----> pbMRQ 261 1 0.832758 0.167242 
 ----> pbMRQ 262 0 0.840372 0.159628 
 ----> pbMRQ 263 1 0.281794 0.718206 
 ----> pbMRQ 264 1 0.820515 0.179485 
 ----> pbMRQ 265 1 0.274662 0.725338 
 ----> pbMRQ 266 0 0.859859 0.140141 
 ----> pbMRQ 267 0 0.844021 0.155979 
 ----> pbMRQ 268 1 0.843151 0.156849 
 ----> pbMRQ 269 0 0.854042 0.145958 
 ----> pbMRQ 270 1 0.283429 0.716571 
 ----> pbMRQ 271 1 0.538446 0.461554 
 ----> pbMRQ 272 0 0.817827 0.182173 
 ----> pbMRQ 273 0 0.535513 0.464487 
 ----> pbMRQ 274 1 0.332237 0.667763 
 ----> pbMRQ 275 1 0.309875 0.690125 
 ----> pbMRQ 276 0 0.681999 0.318001 
 ----> pbMRQ 277 0 0.529424 0.470576 
 ----> pbMRQ 278 0 0.361913 0.638087 
 ----> pbMRQ 279 1 0.517059 0.482941 
 ----> pbMRQ 280 1 0.3461 0.6539 
 ----> pbMRQ 281 0 0.335129 0.664871 
 ----> pbMRQ 282 1 0.671809 0.328191 
 ----> pbMRQ 283 1 0.534279 0.465721 
 ----> pbMRQ 284 1 0.350202 0.649798 
 ----> pbMRQ 285 0 0.342842 0.657158 
 ----> pbMRQ 286 0 0.686835 0.313165 
 ----> pbMRQ 287 0 0.509076 0.490924 
 ----> pbMRQ 288 0 0.811458 0.188542 
 ----> pbMRQ 289 0 0.531584 0.468416 
 ----> pbMRQ 290 0 0.375423 0.624577 
 ----> pbMRQ 291 1 0.513516 0.486484 
 ----> pbMRQ 292 0 0.386793 0.613207 
 ----> pbMRQ 293 1 0.318718 0.681282 
 ----> pbMRQ 294 1 0.378985 0.621015 
 ----> pbMRQ 295 0 0.669861 0.330139 
 ----> pbMRQ 296 0 0.523097 0.476903 
 ----> pbMRQ 297 0 0.808208 0.191792 
 ----> pbMRQ 298 1 0.51809 0.48191 
 ----> pbMRQ 299 0 0.819818 0.180182 
 ----> pbMRQ 300 0 0.838805 0.161195 
 ----> pbMRQ 301 0 0.293164 0.706836 
 ----> pbMRQ 302 0 0.827888 0.172112 
 ----> pbMRQ 303 0 0.292691 0.707309 
 ----> pbMRQ 304 0 0.533676 0.466324 
 ----> pbMRQ 305 0 0.793427 0.206573 
 ----> pbMRQ 306 0 0.827963 0.172037 
 ----> pbMRQ 307 1 0.846396 0.153604 
 ----> pbMRQ 308 0 0.295639 0.704361 
 ----> pbMRQ 309 1 0.807974 0.192026 
 ----> pbMRQ 310 0 0.821 0.179 
 ----> pbMRQ 311 0 0.84979 0.15021 
 ----> pbMRQ 312 0 0.829666 0.170334 
 ----> pbMRQ 313 1 0.828615 0.171385 
 ----> pbMRQ 314 0 0.831852 0.168148 
 ----> pbMRQ 315 0 0.8483 0.1517 
 ----> pbMRQ 316 0 0.844471 0.155529 
 ----> pbMRQ 317 0 0.293405 0.706595 
 ----> pbMRQ 318 0 0.84562 0.15438 
 ----> pbMRQ 319 0 0.292232 0.707768 
 ----> pbMRQ 320 0 0.833776 0.166224 
 ----> pbMRQ 321 1 0.818926 0.181074 
 ----> pbMRQ 322 1 0.814124 0.185876 
 ----> pbMRQ 323 0 0.286898 0.713102 
 ----> pbMRQ 324 0 0.840232 0.159768 
 ----> pbMRQ 325 0 0.832257 0.167743 
 ----> pbMRQ 326 1 0.831529 0.168471 
 ----> pbMRQ 327 1 0.830827 0.169173 
 ----> pbMRQ 328 0 0.823222 0.176778 
 ----> pbMRQ 329 0 0.843843 0.156157 
 ----> pbMRQ 330 0 0.827254 0.172746 
 ----> pbMRQ 331 0 0.284017 0.715983 
 ----> pbMRQ 332 0 0.527607 0.472393 
 ----> pbMRQ 333 1 0.790574 0.209426 
 ----> pbMRQ 334 1 0.834563 0.165437 
 ----> pbMRQ 335 0 0.847028 0.152972 
 ----> pbMRQ 336 1 0.262214 0.737786 
 ----> pbMRQ 337 1 0.514387 0.485613 
 ----> pbMRQ 338 1 0.827882 0.172118 
 ----> pbMRQ 339 0 0.846236 0.153764 
 ----> pbMRQ 340 0 0.846775 0.153225 
 ----> pbMRQ 341 1 0.837493 0.162507 
 ----> pbMRQ 342 1 0.832801 0.167199 
 ----> pbMRQ 343 0 0.302469 0.697531 
 ----> pbMRQ 344 0 0.546481 0.453519 
 ----> pbMRQ 345 0 0.812802 0.187198 
 ----> pbMRQ 346 0 0.527728 0.472272 
 ----> pbMRQ 347 1 0.374611 0.625389 
 ----> pbMRQ 348 0 0.327182 0.672818 
 ----> pbMRQ 349 0 0.680761 0.319239 
 ----> pbMRQ 350 1 0.516128 0.483872 
 ----> pbMRQ 351 0 0.365194 0.634806 
 ----> pbMRQ 352 0 0.327784 0.672216 
 ----> pbMRQ 353 0 0.673134 0.326866 
 ----> pbMRQ 354 0 0.54294 0.45706 
 ----> pbMRQ 355 0 0.828961 0.171039 
 ----> pbMRQ 356 0 0.843321 0.156679 
 ----> pbMRQ 357 1 0.288461 0.711539 
 ----> pbMRQ 358 0 0.857176 0.142824 
 ----> pbMRQ 359 0 0.848699 0.151301 
 ----> pbMRQ 360 0 0.286731 0.713269 
 ----> pbMRQ 361 0 0.847724 0.152276 
 ----> pbMRQ 362 1 0.847395 0.152605 
 ----> pbMRQ 363 0 0.841018 0.158982 
 ----> pbMRQ 364 0 0.838806 0.161194 
 ----> pbMRQ 365 0 0.868334 0.131666 
 ----> pbMRQ 366 1 0.851368 0.148632 
 ----> pbMRQ 367 0 0.332682 0.667318 
 ----> pbMRQ 368 0 0.827988 0.172012 
 ----> pbMRQ 369 0 0.849944 0.150056 
 ----> pbMRQ 370 1 0.830642 0.169358 
 ----> pbMRQ 371 0 0.839752 0.160248 
 ----> pbMRQ 372 0 0.302719 0.697281 
 ----> pbMRQ 373 0 0.851842 0.148158 
 ----> pbMRQ 374 0 0.848007 0.151993 
 ----> pbMRQ 375 1 0.817883 0.182117 
 ----> pbMRQ 376 0 0.300294 0.699706 
 ----> pbMRQ 377 0 0.85059 0.14941 
 ----> pbMRQ 378 1 0.828358 0.171642 
 ----> pbMRQ 379 0 0.823291 0.176709 
 ----> pbMRQ 380 0 0.322845 0.677155 
 ----> pbMRQ 381 0 0.852529 0.147471 
 ----> pbMRQ 382 0 0.884011 0.115989 
 ----> pbMRQ 383 0 0.835084 0.164916 
 ----> pbMRQ 384 0 0.850681 0.149319 
 ----> pbMRQ 385 1 0.276921 0.723079 
 ----> pbMRQ 386 0 0.829712 0.170288 
 ----> pbMRQ 387 1 0.840693 0.159307 
 ----> pbMRQ 388 1 0.283136 0.716864 
 ----> pbMRQ 389 0 0.835338 0.164662 
 ----> pbMRQ 390 0 0.825582 0.174418 
 ----> pbMRQ 391 0 0.853806 0.146194 
 ----> pbMRQ 392 1 0.84778 0.15222 
 ----> pbMRQ 393 1 0.798 0.202 
 ----> pbMRQ 394 0 0.829345 0.170655 
 ----> pbMRQ 395 0 0.304461 0.695539 
 ----> pbMRQ 396 0 0.845293 0.154707 
 ----> pbMRQ 397 0 0.302586 0.697414 
 ----> pbMRQ 398 1 0.533479 0.466521 
 ----> pbMRQ 399 1 0.806188 0.193812 
 ----> pbMRQ 400 1 0.829723 0.170277 
 ----> pbMRQ 401 0 0.855961 0.144039 
 ----> pbMRQ 402 0 0.299147 0.700853 
 ----> pbMRQ 403 0 0.53051 0.46949 
 ----> pbMRQ 404 0 0.799214 0.200786 
 ----> pbMRQ 405 0 0.845879 0.154121 
 ----> pbMRQ 406 1 0.839382 0.160618 
 ----> pbMRQ 407 1 0.825083 0.174917 
 ----> pbMRQ 408 0 0.307647 0.692353 
 ----> pbMRQ 409 1 0.54178 0.45822 
 ----> pbMRQ 410 0 0.380507 0.619493 
 ----> pbMRQ 411 0 0.528378 0.471622 
 ----> pbMRQ 412 1 0.822598 0.177402 
 ----> pbMRQ 413 1 0.820655 0.179345 
 ----> pbMRQ 414 0 0.850283 0.149717 
 ----> pbMRQ 415 1 0.841415 0.158585 
 ----> pbMRQ 416 0 0.294512 0.705488 
 ----> pbMRQ 417 0 0.557329 0.442671 
 ----> pbMRQ 418 1 0.808998 0.191002 
 ----> pbMRQ 419 0 0.536188 0.463812 
 ----> pbMRQ 420 0 0.823972 0.176028 
 ----> pbMRQ 421 0 0.831552 0.168448 
 ----> pbMRQ 422 0 0.840241 0.159759 
 ----> pbMRQ 423 0 0.286699 0.713301 
 ----> pbMRQ 424 0 0.851969 0.148031 
 ----> pbMRQ 425 0 0.296188 0.703812 
 ----> pbMRQ 426 1 0.828231 0.171769 
 ----> pbMRQ 427 0 0.821971 0.178029 
 ----> pbMRQ 428 0 0.299016 0.700984 
 ----> pbMRQ 429 0 0.858062 0.141938 
 ----> pbMRQ 430 0 0.824033 0.175967 
 ----> pbMRQ 431 0 0.859337 0.140663 
 ----> pbMRQ 432 0 0.850105 0.149895 
 ----> pbMRQ 433 0 0.850609 0.149391 
 ----> pbMRQ 434 0 0.854901 0.145099 
 ----> pbMRQ 435 1 0.836669 0.163331 
 ----> pbMRQ 436 0 0.290926 0.709074 
 ----> pbMRQ 437 0 0.855738 0.144262 
 ----> pbMRQ 438 0 0.835836 0.164164 
 ----> pbMRQ 439 0 0.848193 0.151807 
 ----> pbMRQ 440 0 0.836292 0.163708 
 ----> pbMRQ 441 0 0.831708 0.168292 
 ----> pbMRQ 442 0 0.853727 0.146273 
 ----> pbMRQ 443 0 0.83774 0.16226 
 ----> pbMRQ 444 0 0.845674 0.154326 
 ----> pbMRQ 445 1 0.280715 0.719285 
 ----> pbMRQ 446 0 0.839402 0.160598 
 ----> pbMRQ 447 0 0.834438 0.165562 
 ----> pbMRQ 448 0 0.847754 0.152246 
 ----> pbMRQ 449 0 0.838961 0.161039 
 ----> pbMRQ 450 0 0.851386 0.148614 
 ----> pbMRQ 451 0 0.828947 0.171053 
 ----> pbMRQ 452 0 0.84334 0.15666 
 ----> pbMRQ 453 0 0.84401 0.15599 
 ----> pbMRQ 454 1 0.841153 0.158847 
 ----> pbMRQ 455 0 0.281431 0.718569 
 ----> pbMRQ 456 0 0.859393 0.140607 
 ----> pbMRQ 457 0 0.851248 0.148752 
 ----> pbMRQ 458 1 0.838706 0.161294 
 ----> pbMRQ 459 0 0.852914 0.147086 
 ----> pbMRQ 460 0 0.83637 0.16363 
 ----> pbMRQ 461 1 0.848329 0.151671 
 ----> pbMRQ 462 0 0.854335 0.145665 
 ----> pbMRQ 463 0 0.841492 0.158508 
 ----> pbMRQ 464 0 0.3023 0.6977 
 ----> pbMRQ 465 0 0.860023 0.139977 
 ----> pbMRQ 466 0 0.838627 0.161373 
 ----> pbMRQ 467 1 0.831982 0.168018 
 ----> pbMRQ 468 0 0.305328 0.694672 
 ----> pbMRQ 469 0 0.844512 0.155488 
 ----> pbMRQ 470 1 0.830287 0.169713 
 ----> pbMRQ 471 1 0.30205 0.69795 
 ----> pbMRQ 472 0 0.838467 0.161533 
 ----> pbMRQ 473 1 0.837674 0.162326 
 ----> pbMRQ 474 0 0.847129 0.152871 
 ----> pbMRQ 475 0 0.851423 0.148577 
 ----> pbMRQ 476 0 0.843291 0.156709 
 ----> pbMRQ 477 1 0.294119 0.705881 
 ----> pbMRQ 478 0 0.856127 0.143873 
 ----> pbMRQ 479 1 0.830909 0.169091 
 ----> pbMRQ 480 0 0.303339 0.696661 
 ----> pbMRQ 481 0 0.542051 0.457949 
 ----> pbMRQ 482 0 0.817355 0.182645 
 ----> pbMRQ 483 1 0.534448 0.465552 
 ----> pbMRQ 484 0 0.827456 0.172544 
 ----> pbMRQ 485 0 0.832805 0.167195 
 ----> pbMRQ 486 0 0.833323 0.166677 
 ----> pbMRQ 487 0 0.302363 0.697637 
 ----> pbMRQ 488 1 0.850633 0.149367 
 ----> pbMRQ 489 1 0.293487 0.706513 
 ----> pbMRQ 490 0 0.850027 0.149973 
 ----> pbMRQ 491 1 0.829484 0.170516 
 ----> pbMRQ 492 0 0.847281 0.152719 
 ----> pbMRQ 493 0 0.296949 0.703051 
 ----> pbMRQ 494 0 0.850734 0.149266 
 ----> pbMRQ 495 1 0.834423 0.165577 
 ----> pbMRQ 496 0 0.822324 0.177676 
 ----> pbMRQ 497 0 0.848959 0.151041 
 ----> pbMRQ 498 0 0.300433 0.699567 
 ----> pbMRQ 499 1 0.520893 0.479107 
 ----> pbMRQ 500 1 0.828102 0.171898 
 ----> pbMRQ 501 0 0.536788 0.463212 
 ----> pbMRQ 502 0 0.814935 0.185065 
 ----> pbMRQ 503 0 0.837422 0.162578 
 ----> pbMRQ 504 0 0.833465 0.166535 
 ----> pbMRQ 505 0 0.297566 0.702434 
 ----> pbMRQ 506 0 0.84483 0.15517 
 ----> pbMRQ 507 0 0.853249 0.146751 
 ----> pbMRQ 508 1 0.834342 0.165658 
 ----> pbMRQ 509 1 0.304816 0.695184 
 ----> pbMRQ 510 0 0.532237 0.467763 
 ----> pbMRQ 511 0 0.80683 0.19317 
 ----> pbMRQ 512 0 0.847244 0.152756 
 ----> pbMRQ 513 0 0.841842 0.158158 
 ----> pbMRQ 514 1 0.835765 0.164235 
 ----> pbMRQ 515 0 0.802997 0.197003 
 ----> pbMRQ 516 0 0.847008 0.152992 
 ----> pbMRQ 517 1 0.837709 0.162291 
 ----> pbMRQ 518 0 0.300818 0.699182 
 ----> pbMRQ 519 0 0.539597 0.460403 
 ----> pbMRQ 520 1 0.823572 0.176428 
 ----> pbMRQ 521 1 0.826561 0.173439 
 ----> pbMRQ 522 0 0.847858 0.152142 
 ----> pbMRQ 523 1 0.817888 0.182112 
 ----> pbMRQ 524 0 0.297783 0.702217 
 ----> pbMRQ 525 0 0.851247 0.148753 
 ----> pbMRQ 526 0 0.831855 0.168145 
 ----> pbMRQ 527 0 0.309479 0.690521 
 ----> pbMRQ 528 0 0.873696 0.126304 
 ----> pbMRQ 529 1 0.829329 0.170671 
 ----> pbMRQ 530 0 0.305562 0.694438 
 ----> pbMRQ 531 1 0.516978 0.483022 
 ----> pbMRQ 532 0 0.821468 0.178532 
 ----> pbMRQ 533 0 0.524685 0.475315 
 ----> pbMRQ 534 0 0.825294 0.174706 
 ----> pbMRQ 535 1 0.811586 0.188414 
 ----> pbMRQ 536 0 0.839275 0.160725 
 ----> pbMRQ 537 0 0.863604 0.136396 
 ----> pbMRQ 538 0 0.838588 0.161412 
 ----> pbMRQ 539 1 0.288918 0.711082 
 ----> pbMRQ 540 0 0.849831 0.150169 
 ----> pbMRQ 541 1 0.283996 0.716004 
 ----> pbMRQ 542 0 0.837027 0.162973 
 ----> pbMRQ 543 1 0.855258 0.144742 
 ----> pbMRQ 544 0 0.835696 0.164304 
 ----> pbMRQ 545 1 0.285157 0.714843 
 ----> pbMRQ 546 0 0.870048 0.129952 
 ----> pbMRQ 547 0 0.840756 0.159244 
 ----> pbMRQ 548 1 0.841852 0.158148 
 ----> pbMRQ 549 0 0.309784 0.690216 
 ----> pbMRQ 550 0 0.849212 0.150788 
 ----> pbMRQ 551 0 0.292098 0.707902 
 ----> pbMRQ 552 1 0.827758 0.172242 
 ----> pbMRQ 553 1 0.297089 0.702911 
 ----> pbMRQ 554 1 0.824208 0.175792 
 ----> pbMRQ 555 1 0.294829 0.705171 
 ----> pbMRQ 556 0 0.853084 0.146916 
 ----> pbMRQ 557 0 0.856246 0.143754 
 ----> pbMRQ 558 0 0.28187 0.71813 
 ----> pbMRQ 559 0 0.853188 0.146812 
 ----> pbMRQ 560 0 0.839338 0.160662 
 ----> pbMRQ 561 1 0.836311 0.163689 
 ----> pbMRQ 562 0 0.304819 0.695181 
 ----> pbMRQ 563 0 0.515881 0.484119 
 ----> pbMRQ 564 0 0.389522 0.610478 
 ----> pbMRQ 565 0 0.336345 0.663655 
 ----> pbMRQ 566 0 0.677079 0.322921 
 ----> pbMRQ 567 0 0.527229 0.472771 
 ----> pbMRQ 568 0 0.81377 0.18623 
 ----> pbMRQ 569 1 0.816949 0.183051 
 ----> pbMRQ 570 0 0.817856 0.182144 
 ----> pbMRQ 571 1 0.269441 0.730559 
 ----> pbMRQ 572 0 0.846811 0.153189 
 ----> pbMRQ 573 0 0.856907 0.143093 
 ----> pbMRQ 574 0 0.817936 0.182064 
 ----> pbMRQ 575 1 0.846408 0.153592 
 ----> pbMRQ 576 0 0.849398 0.150602 
 ----> pbMRQ 577 1 0.812529 0.187471 
 ----> pbMRQ 578 0 0.857139 0.142861 
 ----> pbMRQ 579 0 0.296305 0.703695 
 ----> pbMRQ 580 1 0.833305 0.166695 
 ----> pbMRQ 581 0 0.284855 0.715145 
 ----> pbMRQ 582 0 0.846739 0.153261 
 ----> pbMRQ 583 1 0.778106 0.221894 
 ----> pbMRQ 584 0 0.838101 0.161899 
 ----> pbMRQ 585 0 0.322594 0.677406 
 ----> pbMRQ 586 0 0.844003 0.155997 
 ----> pbMRQ 587 0 0.28369 0.71631 
 ----> pbMRQ 588 0 0.851896 0.148104 
 ----> pbMRQ 589 1 0.848803 0.151197 
 ----> pbMRQ 590 0 0.287561 0.712439 
 ----> pbMRQ 591 1 0.839928 0.160072 
 ----> pbMRQ 592 1 0.836556 0.163444 
 ----> pbMRQ 593 0 0.291296 0.708704 
 ----> pbMRQ 594 0 0.826773 0.173227 
 ----> pbMRQ 595 0 0.845987 0.154013 
 ----> pbMRQ 596 0 0.84546 0.15454 
 ----> pbMRQ 597 0 0.841191 0.158809 
 ----> pbMRQ 598 0 0.853501 0.146499 
 ----> pbMRQ 599 0 0.288613 0.711387 
 ----> pbMRQ 600 0 0.835555 0.164445 
 ----> pbMRQ 601 0 0.287929 0.712071 
 ----> pbMRQ 602 1 0.522714 0.477286 
 ----> pbMRQ 603 0 0.824365 0.175635 
 ----> pbMRQ 604 0 0.832022 0.167978 
 ----> pbMRQ 605 0 0.833437 0.166563 
 ----> pbMRQ 606 0 0.841345 0.158655 
 ----> pbMRQ 607 1 0.83057 0.16943 
 ----> pbMRQ 608 0 0.847048 0.152952 
 ----> pbMRQ 609 0 0.830738 0.169262 
 ----> pbMRQ 610 0 0.837768 0.162232 
 ----> pbMRQ 611 0 0.829766 0.170234 
 ----> pbMRQ 612 0 0.313161 0.686839 
 ----> pbMRQ 613 0 0.850643 0.149357 
 ----> pbMRQ 614 0 0.848387 0.151613 
 ----> pbMRQ 615 0 0.831733 0.168267 
 ----> pbMRQ 616 0 0.854106 0.145894 
 ----> pbMRQ 617 0 0.300029 0.699971 
 ----> pbMRQ 618 0 0.825435 0.174565 
 ----> pbMRQ 619 1 0.838518 0.161482 
 ----> pbMRQ 620 0 0.847424 0.152576 
 ----> pbMRQ 621 0 0.827775 0.172225 
 ----> pbMRQ 622 0 0.84864 0.15136 
 ----> pbMRQ 623 1 0.852835 0.147165 
 ----> pbMRQ 624 0 0.843238 0.156762 
 ----> pbMRQ 625 0 0.85506 0.14494 
 ----> pbMRQ 626 0 0.834544 0.165456 
 ----> pbMRQ 627 0 0.845734 0.154266 
 ----> pbMRQ 628 1 0.831772 0.168228 
 ----> pbMRQ 629 0 0.299864 0.700136 
 ----> pbMRQ 630 0 0.542916 0.457084 
 ----> pbMRQ 631 1 0.815838 0.184162 
 ----> pbMRQ 632 1 0.8438 0.1562 
 ----> pbMRQ 633 0 0.307685 0.692315 
 ----> pbMRQ 634 1 0.808088 0.191912 
 ----> pbMRQ 635 0 0.852059 0.147941 
 ----> pbMRQ 636 1 0.828224 0.171776 
 ----> pbMRQ 637 0 0.841876 0.158124 
 ----> pbMRQ 638 0 0.30493 0.69507 
 ----> pbMRQ 639 1 0.841268 0.158732 
 ----> pbMRQ 640 0 0.832034 0.167966 
 ----> pbMRQ 641 0 0.283401 0.716599 
 ----> pbMRQ 642 0 0.547021 0.452979 
 ----> pbMRQ 643 0 0.807491 0.192509 
 ----> pbMRQ 644 0 0.530182 0.469818 
 ----> pbMRQ 645 0 0.805049 0.194951 
 ----> pbMRQ 646 1 0.530219 0.469781 
 ----> pbMRQ 647 0 0.808219 0.191781 
 ----> pbMRQ 648 0 0.840851 0.159149 
 ----> pbMRQ 649 0 0.292358 0.707642 
 ----> pbMRQ 650 0 0.853633 0.146367 
 ----> pbMRQ 651 1 0.821975 0.178025 
 ----> pbMRQ 652 0 0.85033 0.14967 
 ----> pbMRQ 653 1 0.851185 0.148815 
 ----> pbMRQ 654 0 0.850847 0.149153 
 ----> pbMRQ 655 0 0.847497 0.152503 
 ----> pbMRQ 656 0 0.304015 0.695985 
 ----> pbMRQ 657 0 0.866507 0.133493 
 ----> pbMRQ 658 0 0.840822 0.159178 
 ----> pbMRQ 659 0 0.839066 0.160934 
 ----> pbMRQ 660 0 0.861074 0.138926 
 ----> pbMRQ 661 0 0.292638 0.707362 
 ----> pbMRQ 662 0 0.839643 0.160357 
 ----> pbMRQ 663 1 0.269127 0.730873 
 ----> pbMRQ 664 1 0.841485 0.158515 
 ----> pbMRQ 665 0 0.853949 0.146051 
 ----> pbMRQ 666 0 0.836355 0.163645 
 ----> pbMRQ 667 0 0.843352 0.156648 
 ----> pbMRQ 668 0 0.843655 0.156345 
 ----> pbMRQ 669 0 0.826701 0.173299 
 ----> pbMRQ 670 0 0.86049 0.13951 
 ----> pbMRQ 671 0 0.853473 0.146527 
 ----> pbMRQ 672 0 0.842095 0.157905 
 ----> pbMRQ 673 0 0.301854 0.698146 
 ----> pbMRQ 674 1 0.51753 0.48247 
 ----> pbMRQ 675 1 0.807639 0.192361 
 ----> pbMRQ 676 0 0.836571 0.163429 
 ----> pbMRQ 677 1 0.811591 0.188409 
 ----> pbMRQ 678 1 0.826624 0.173376 
 ----> pbMRQ 679 0 0.849144 0.150856 
 ----> pbMRQ 680 1 0.845057 0.154943 
 ----> pbMRQ 681 0 0.857422 0.142578 
 ----> pbMRQ 682 0 0.835713 0.164287 
 ----> pbMRQ 683 0 0.842152 0.157848 
 ----> pbMRQ 684 0 0.316736 0.683264 
 ----> pbMRQ 685 0 0.527509 0.472491 
 ----> pbMRQ 686 0 0.821994 0.178006 
 ----> pbMRQ 687 0 0.535948 0.464052 
 ----> pbMRQ 688 0 0.388981 0.611019 
 ----> pbMRQ 689 0 0.508279 0.491721 
 ----> pbMRQ 690 1 0.377478 0.622522 
 ----> pbMRQ 691 0 0.537768 0.462232 
 ----> pbMRQ 692 0 0.825293 0.174707 
 ----> pbMRQ 693 1 0.840439 0.159561 
 ----> pbMRQ 694 0 0.849466 0.150534 
 ----> pbMRQ 695 0 0.860055 0.139945 
 ----> pbMRQ 696 0 0.838943 0.161057 
 ----> pbMRQ 697 0 0.847319 0.152681 
 ----> pbMRQ 698 1 0.852067 0.147933 
 ----> pbMRQ 699 0 0.840823 0.159177 
 ----> pbMRQ 700 1 0.296146 0.703854 
 ----> pbMRQ 701 0 0.847837 0.152163 
 ----> pbMRQ 702 0 0.840987 0.159013 
 ----> pbMRQ 703 0 0.289208 0.710792 
 ----> pbMRQ 704 0 0.855675 0.144325 
 ----> pbMRQ 705 0 0.841881 0.158119 
 ----> pbMRQ 706 0 0.840583 0.159417 
 ----> pbMRQ 707 0 0.861936 0.138064 
 ----> pbMRQ 708 0 0.294553 0.705447 
 ----> pbMRQ 709 0 0.84979 0.15021 
 ----> pbMRQ 710 0 0.301971 0.698029 
 ----> pbMRQ 711 0 0.851117 0.148883 
 ----> pbMRQ 712 0 0.852183 0.147817 
 ----> pbMRQ 713 1 0.826461 0.173539 
 ----> pbMRQ 714 1 0.820519 0.179481 
 ----> pbMRQ 715 1 0.85894 0.14106 
 ----> pbMRQ 716 1 0.812585 0.187415 
 ----> pbMRQ 717 0 0.845199 0.154801 
 ----> pbMRQ 718 0 0.850024 0.149976 
