 ----> pbMRQ 1 1 0.643077 0.356923 
 ----> pbMRQ 2 0 0.671386 0.328614 
 ----> pbMRQ 3 1 0.653532 0.346468 
 ----> pbMRQ 4 1 0.671126 0.328874 
 ----> pbMRQ 5 1 0.649411 0.350589 
 ----> pbMRQ 6 1 0.652799 0.347201 
 ----> pbMRQ 7 0 0.649411 0.350589 
 ----> pbMRQ 8 0 0.648142 0.351858 
 ----> pbMRQ 9 0 0.6186 0.3814 
 ----> pbMRQ 10 1 0.649363 0.350637 
 ----> pbMRQ 11 1 0.650879 0.349121 
 ----> pbMRQ 12 0 0.637649 0.362351 
 ----> pbMRQ 13 0 0.67496 0.32504 
 ----> pbMRQ 14 1 0.605595 0.394405 
 ----> pbMRQ 15 1 0.626902 0.373098 
 ----> pbMRQ 16 1 0.662835 0.337165 
 ----> pbMRQ 17 1 0.647864 0.352136 
 ----> pbMRQ 18 0 0.689519 0.310481 
 ----> pbMRQ 19 0 0.683053 0.316947 
 ----> pbMRQ 20 0 0.65017 0.34983 
 ----> pbMRQ 21 1 0.676656 0.323344 
 ----> pbMRQ 22 0 0.647994 0.352006 
 ----> pbMRQ 23 0 0.692415 0.307585 
 ----> pbMRQ 24 0 0.696325 0.303675 
 ----> pbMRQ 25 0 0.684918 0.315082 
 ----> pbMRQ 26 1 0.639656 0.360344 
 ----> pbMRQ 27 1 0.662134 0.337866 
 ----> pbMRQ 28 1 0.66879 0.33121 
 ----> pbMRQ 29 0 0.703925 0.296075 
 ----> pbMRQ 30 0 0.678249 0.321751 
 ----> pbMRQ 31 0 0.656605 0.343395 
 ----> pbMRQ 32 0 0.667603 0.332397 
 ----> pbMRQ 33 0 0.696103 0.303897 
 ----> pbMRQ 34 1 0.669877 0.330123 
 ----> pbMRQ 35 1 0.638994 0.361006 
 ----> pbMRQ 36 0 0.706906 0.293094 
 ----> pbMRQ 37 0 0.624247 0.375753 
 ----> pbMRQ 38 0 0.636683 0.363317 
 ----> pbMRQ 39 0 0.685154 0.314846 
 ----> pbMRQ 40 1 0.654826 0.345174 
 ----> pbMRQ 41 1 0.670589 0.329411 
 ----> pbMRQ 42 1 0.684825 0.315175 
 ----> pbMRQ 43 0 0.667905 0.332095 
 ----> pbMRQ 44 1 0.670196 0.329804 
 ----> pbMRQ 45 1 0.67686 0.32314 
 ----> pbMRQ 46 0 0.671427 0.328573 
 ----> pbMRQ 47 1 0.611272 0.388728 
 ----> pbMRQ 48 1 0.640956 0.359044 
 ----> pbMRQ 49 1 0.666101 0.333899 
 ----> pbMRQ 50 1 0.675742 0.324258 
 ----> pbMRQ 51 0 0.653032 0.346968 
 ----> pbMRQ 52 1 0.633918 0.366082 
 ----> pbMRQ 53 0 0.651794 0.348206 
 ----> pbMRQ 54 0 0.676588 0.323412 
 ----> pbMRQ 55 0 0.631672 0.368328 
 ----> pbMRQ 56 1 0.661229 0.338771 
 ----> pbMRQ 57 1 0.672087 0.327913 
 ----> pbMRQ 58 0 0.659437 0.340563 
 ----> pbMRQ 59 1 0.621286 0.378714 
 ----> pbMRQ 60 0 0.670684 0.329316 
 ----> pbMRQ 61 0 0.676826 0.323174 
 ----> pbMRQ 62 0 0.669226 0.330774 
 ----> pbMRQ 63 1 0.616252 0.383748 
 ----> pbMRQ 64 1 0.632209 0.367791 
 ----> pbMRQ 65 0 0.651379 0.348621 
 ----> pbMRQ 66 0 0.67055 0.32945 
 ----> pbMRQ 67 1 0.612123 0.387877 
 ----> pbMRQ 68 1 0.64196 0.35804 
 ----> pbMRQ 69 0 0.676213 0.323787 
 ----> pbMRQ 70 1 0.614941 0.385059 
 ----> pbMRQ 71 1 0.618361 0.381639 
 ----> pbMRQ 72 1 0.612233 0.387767 
 ----> pbMRQ 73 0 0.63427 0.36573 
 ----> pbMRQ 74 0 0.636241 0.363759 
 ----> pbMRQ 75 0 0.681786 0.318214 
 ----> pbMRQ 76 1 0.64236 0.35764 
 ----> pbMRQ 77 0 0.656612 0.343388 
 ----> pbMRQ 78 1 0.649658 0.350342 
 ----> pbMRQ 79 0 0.676119 0.323881 
 ----> pbMRQ 80 1 0.647954 0.352046 
 ----> pbMRQ 81 1 0.612711 0.387289 
 ----> pbMRQ 82 1 0.654715 0.345285 
 ----> pbMRQ 83 1 0.658766 0.341234 
 ----> pbMRQ 84 1 0.673644 0.326356 
 ----> pbMRQ 85 0 0.672473 0.327527 
 ----> pbMRQ 86 0 0.652001 0.347999 
 ----> pbMRQ 87 1 0.672804 0.327196 
 ----> pbMRQ 88 1 0.624063 0.375937 
 ----> pbMRQ 89 1 0.626953 0.373047 
 ----> pbMRQ 90 1 0.634486 0.365514 
 ----> pbMRQ 91 1 0.643134 0.356866 
 ----> pbMRQ 92 0 0.65253 0.34747 
 ----> pbMRQ 93 0 0.684202 0.315798 
 ----> pbMRQ 94 1 0.640179 0.359821 
 ----> pbMRQ 95 0 0.646629 0.353371 
 ----> pbMRQ 96 0 0.659122 0.340878 
 ----> pbMRQ 97 1 0.638396 0.361604 
 ----> pbMRQ 98 1 0.655752 0.344248 
 ----> pbMRQ 99 1 0.655303 0.344697 
 ----> pbMRQ 100 0 0.630175 0.369825 
 ----> pbMRQ 101 1 0.645305 0.354695 
 ----> pbMRQ 102 0 0.647193 0.352807 
 ----> pbMRQ 103 0 0.656176 0.343824 
 ----> pbMRQ 104 0 0.673604 0.326396 
 ----> pbMRQ 105 1 0.679095 0.320905 
 ----> pbMRQ 106 0 0.671031 0.328969 
 ----> pbMRQ 107 0 0.616436 0.383564 
 ----> pbMRQ 108 0 0.685705 0.314295 
 ----> pbMRQ 109 0 0.65201 0.34799 
 ----> pbMRQ 110 1 0.639837 0.360163 
 ----> pbMRQ 111 0 0.652612 0.347388 
 ----> pbMRQ 112 0 0.639867 0.360133 
 ----> pbMRQ 113 1 0.604459 0.395541 
 ----> pbMRQ 114 1 0.644205 0.355795 
 ----> pbMRQ 115 0 0.67281 0.32719 
 ----> pbMRQ 116 0 0.63348 0.36652 
 ----> pbMRQ 117 1 0.607776 0.392224 
 ----> pbMRQ 118 1 0.616988 0.383012 
 ----> pbMRQ 119 1 0.642958 0.357042 
 ----> pbMRQ 120 0 0.644891 0.355109 
 ----> pbMRQ 121 0 0.675933 0.324067 
 ----> pbMRQ 122 1 0.626545 0.373455 
 ----> pbMRQ 123 1 0.613795 0.386205 
 ----> pbMRQ 124 0 0.692199 0.307801 
 ----> pbMRQ 125 1 0.649836 0.350164 
 ----> pbMRQ 126 0 0.645223 0.354777 
 ----> pbMRQ 127 0 0.644965 0.355035 
 ----> pbMRQ 128 0 0.705732 0.294268 
 ----> pbMRQ 129 1 0.597509 0.402491 
 ----> pbMRQ 130 0 0.64771 0.35229 
 ----> pbMRQ 131 0 0.6773 0.3227 
 ----> pbMRQ 132 0 0.680589 0.319411 
 ----> pbMRQ 133 1 0.601967 0.398033 
 ----> pbMRQ 134 1 0.646339 0.353661 
 ----> pbMRQ 135 1 0.630282 0.369718 
 ----> pbMRQ 136 0 0.680271 0.319729 
 ----> pbMRQ 137 1 0.634209 0.365791 
 ----> pbMRQ 138 0 0.706511 0.293489 
 ----> pbMRQ 139 0 0.631639 0.368361 
 ----> pbMRQ 140 1 0.656323 0.343677 
 ----> pbMRQ 141 0 0.660591 0.339409 
 ----> pbMRQ 142 1 0.656666 0.343334 
 ----> pbMRQ 143 0 0.640912 0.359088 
 ----> pbMRQ 144 1 0.653156 0.346844 
 ----> pbMRQ 145 0 0.680411 0.319589 
 ----> pbMRQ 146 0 0.668611 0.331389 
 ----> pbMRQ 147 0 0.660704 0.339296 
 ----> pbMRQ 148 0 0.682002 0.317998 
 ----> pbMRQ 149 1 0.626294 0.373706 
 ----> pbMRQ 150 1 0.621653 0.378347 
 ----> pbMRQ 151 1 0.625326 0.374674 
 ----> pbMRQ 152 0 0.655622 0.344378 
 ----> pbMRQ 153 0 0.631528 0.368472 
 ----> pbMRQ 154 0 0.661523 0.338477 
 ----> pbMRQ 155 1 0.580886 0.419114 
 ----> pbMRQ 156 1 0.584291 0.415709 
 ----> pbMRQ 157 1 0.632431 0.367569 
 ----> pbMRQ 158 0 0.697126 0.302874 
 ----> pbMRQ 159 1 0.629092 0.370908 
 ----> pbMRQ 160 0 0.616416 0.383584 
 ----> pbMRQ 161 0 0.654352 0.345648 
 ----> pbMRQ 162 1 0.648746 0.351254 
 ----> pbMRQ 163 1 0.644489 0.355511 
 ----> pbMRQ 164 1 0.657912 0.342088 
 ----> pbMRQ 165 1 0.614415 0.385585 
 ----> pbMRQ 166 0 0.672777 0.327223 
 ----> pbMRQ 167 1 0.649172 0.350828 
 ----> pbMRQ 168 0 0.670534 0.329466 
 ----> pbMRQ 169 0 0.67631 0.32369 
 ----> pbMRQ 170 1 0.637831 0.362169 
 ----> pbMRQ 171 1 0.610681 0.389319 
 ----> pbMRQ 172 0 0.682084 0.317916 
 ----> pbMRQ 173 1 0.60019 0.39981 
 ----> pbMRQ 174 0 0.682412 0.317588 
 ----> pbMRQ 175 1 0.591466 0.408534 
 ----> pbMRQ 176 0 0.621797 0.378203 
 ----> pbMRQ 177 0 0.663974 0.336026 
 ----> pbMRQ 178 1 0.667518 0.332482 
 ----> pbMRQ 179 0 0.674532 0.325468 
 ----> pbMRQ 180 0 0.691478 0.308522 
 ----> pbMRQ 181 0 0.664134 0.335866 
 ----> pbMRQ 182 0 0.657157 0.342843 
 ----> pbMRQ 183 1 0.62748 0.37252 
 ----> pbMRQ 184 1 0.612695 0.387305 
 ----> pbMRQ 185 0 0.676708 0.323292 
 ----> pbMRQ 186 0 0.632923 0.367077 
 ----> pbMRQ 187 0 0.659661 0.340339 
 ----> pbMRQ 188 1 0.636494 0.363506 
 ----> pbMRQ 189 1 0.636779 0.363221 
 ----> pbMRQ 190 0 0.723233 0.276767 
 ----> pbMRQ 191 0 0.651258 0.348742 
 ----> pbMRQ 192 1 0.613175 0.386825 
 ----> pbMRQ 193 0 0.657714 0.342286 
 ----> pbMRQ 194 0 0.664057 0.335943 
 ----> pbMRQ 195 0 0.671557 0.328443 
 ----> pbMRQ 196 1 0.650747 0.349253 
 ----> pbMRQ 197 0 0.699562 0.300438 
 ----> pbMRQ 198 0 0.64644 0.35356 
 ----> pbMRQ 199 0 0.690394 0.309606 
 ----> pbMRQ 200 0 0.655187 0.344813 
 ----> pbMRQ 201 0 0.674651 0.325349 
 ----> pbMRQ 202 0 0.697625 0.302375 
 ----> pbMRQ 203 1 0.64463 0.35537 
 ----> pbMRQ 204 1 0.649362 0.350638 
 ----> pbMRQ 205 0 0.650326 0.349674 
 ----> pbMRQ 206 1 0.638531 0.361469 
 ----> pbMRQ 207 1 0.607391 0.392609 
 ----> pbMRQ 208 0 0.640037 0.359963 
 ----> pbMRQ 209 0 0.653903 0.346097 
 ----> pbMRQ 210 0 0.688522 0.311478 
 ----> pbMRQ 211 0 0.677275 0.322725 
 ----> pbMRQ 212 0 0.67305 0.32695 
 ----> pbMRQ 213 1 0.622638 0.377362 
 ----> pbMRQ 214 0 0.718768 0.281232 
 ----> pbMRQ 215 1 0.523501 0.476499 
 ----> pbMRQ 216 0 0.629648 0.370352 
 ----> pbMRQ 217 1 0.575774 0.424226 
 ----> pbMRQ 218 0 0.671559 0.328441 
 ----> pbMRQ 219 0 0.670268 0.329732 
 ----> pbMRQ 220 0 0.712431 0.287569 
 ----> pbMRQ 221 0 0.675151 0.324849 
 ----> pbMRQ 222 1 0.6393 0.3607 
 ----> pbMRQ 223 1 0.672124 0.327876 
 ----> pbMRQ 224 0 0.684086 0.315914 
 ----> pbMRQ 225 1 0.613714 0.386286 
 ----> pbMRQ 226 1 0.61915 0.38085 
 ----> pbMRQ 227 0 0.699011 0.300989 
 ----> pbMRQ 228 0 0.622092 0.377908 
 ----> pbMRQ 229 0 0.681231 0.318769 
 ----> pbMRQ 230 0 0.62842 0.37158 
 ----> pbMRQ 231 0 0.621056 0.378944 
 ----> pbMRQ 232 1 0.631315 0.368685 
 ----> pbMRQ 233 0 0.680246 0.319754 
 ----> pbMRQ 234 0 0.696077 0.303923 
 ----> pbMRQ 235 0 0.714441 0.285559 
 ----> pbMRQ 236 1 0.593453 0.406547 
 ----> pbMRQ 237 0 0.667423 0.332577 
 ----> pbMRQ 238 0 0.724059 0.275941 
 ----> pbMRQ 239 0 0.66658 0.33342 
 ----> pbMRQ 240 1 0.634198 0.365802 
 ----> pbMRQ 241 0 0.683786 0.316214 
 ----> pbMRQ 242 1 0.673134 0.326866 
 ----> pbMRQ 243 0 0.65476 0.34524 
 ----> pbMRQ 244 1 0.646049 0.353951 
 ----> pbMRQ 245 1 0.645554 0.354446 
 ----> pbMRQ 246 0 0.674394 0.325606 
 ----> pbMRQ 247 0 0.671465 0.328535 
 ----> pbMRQ 248 1 0.620238 0.379762 
 ----> pbMRQ 249 1 0.668676 0.331324 
 ----> pbMRQ 250 0 0.676195 0.323805 
 ----> pbMRQ 251 0 0.641027 0.358973 
 ----> pbMRQ 252 0 0.649137 0.350863 
 ----> pbMRQ 253 1 0.632412 0.367588 
 ----> pbMRQ 254 0 0.676035 0.323965 
 ----> pbMRQ 255 1 0.615058 0.384942 
 ----> pbMRQ 256 0 0.677055 0.322945 
 ----> pbMRQ 257 0 0.699848 0.300152 
 ----> pbMRQ 258 0 0.705329 0.294671 
 ----> pbMRQ 259 0 0.668421 0.331579 
 ----> pbMRQ 260 1 0.680935 0.319065 
 ----> pbMRQ 261 1 0.639264 0.360736 
 ----> pbMRQ 262 0 0.70252 0.29748 
 ----> pbMRQ 263 1 0.671079 0.328921 
 ----> pbMRQ 264 1 0.656899 0.343101 
 ----> pbMRQ 265 1 0.681444 0.318556 
 ----> pbMRQ 266 0 0.670836 0.329164 
 ----> pbMRQ 267 0 0.65297 0.34703 
 ----> pbMRQ 268 1 0.626238 0.373762 
 ----> pbMRQ 269 0 0.658723 0.341277 
 ----> pbMRQ 270 1 0.655313 0.344687 
 ----> pbMRQ 271 1 0.632765 0.367235 
 ----> pbMRQ 272 0 0.664177 0.335823 
 ----> pbMRQ 273 0 0.723683 0.276317 
 ----> pbMRQ 274 1 0.575735 0.424265 
 ----> pbMRQ 275 1 0.582913 0.417087 
 ----> pbMRQ 276 0 0.646471 0.353529 
 ----> pbMRQ 277 0 0.692395 0.307605 
 ----> pbMRQ 278 0 0.680269 0.319731 
 ----> pbMRQ 279 1 0.673531 0.326469 
 ----> pbMRQ 280 1 0.681335 0.318665 
 ----> pbMRQ 281 0 0.682722 0.317278 
 ----> pbMRQ 282 1 0.611475 0.388525 
 ----> pbMRQ 283 1 0.661956 0.338044 
 ----> pbMRQ 284 1 0.607111 0.392889 
 ----> pbMRQ 285 0 0.630016 0.369984 
 ----> pbMRQ 286 0 0.654285 0.345715 
 ----> pbMRQ 287 0 0.647916 0.352084 
 ----> pbMRQ 288 0 0.672646 0.327354 
 ----> pbMRQ 289 0 0.66165 0.33835 
 ----> pbMRQ 290 0 0.656842 0.343158 
 ----> pbMRQ 291 1 0.632103 0.367897 
 ----> pbMRQ 292 0 0.725212 0.274788 
 ----> pbMRQ 293 1 0.59744 0.40256 
 ----> pbMRQ 294 1 0.53405 0.46595 
 ----> pbMRQ 295 0 0.630815 0.369185 
 ----> pbMRQ 296 0 0.673924 0.326076 
 ----> pbMRQ 297 0 0.67129 0.32871 
 ----> pbMRQ 298 1 0.626164 0.373836 
 ----> pbMRQ 299 0 0.616921 0.383079 
 ----> pbMRQ 300 0 0.655308 0.344692 
 ----> pbMRQ 301 0 0.670986 0.329014 
 ----> pbMRQ 302 0 0.641913 0.358087 
 ----> pbMRQ 303 0 0.711753 0.288247 
 ----> pbMRQ 304 0 0.647974 0.352026 
 ----> pbMRQ 305 0 0.637404 0.362596 
 ----> pbMRQ 306 0 0.740369 0.259631 
 ----> pbMRQ 307 1 0.612558 0.387442 
 ----> pbMRQ 308 0 0.644466 0.355534 
 ----> pbMRQ 309 1 0.65051 0.34949 
 ----> pbMRQ 310 0 0.685024 0.314976 
 ----> pbMRQ 311 0 0.698687 0.301313 
 ----> pbMRQ 312 0 0.662835 0.337165 
 ----> pbMRQ 313 1 0.677193 0.322807 
 ----> pbMRQ 314 0 0.723424 0.276576 
 ----> pbMRQ 315 0 0.693669 0.306331 
 ----> pbMRQ 316 0 0.704324 0.295676 
 ----> pbMRQ 317 0 0.677689 0.322311 
 ----> pbMRQ 318 0 0.682854 0.317146 
 ----> pbMRQ 319 0 0.645402 0.354598 
 ----> pbMRQ 320 0 0.61358 0.38642 
 ----> pbMRQ 321 1 0.63592 0.36408 
 ----> pbMRQ 322 1 0.652937 0.347063 
 ----> pbMRQ 323 0 0.675814 0.324186 
 ----> pbMRQ 324 0 0.676451 0.323549 
 ----> pbMRQ 325 0 0.629613 0.370387 
 ----> pbMRQ 326 1 0.64616 0.35384 
 ----> pbMRQ 327 1 0.643514 0.356486 
 ----> pbMRQ 328 0 0.700799 0.299201 
 ----> pbMRQ 329 0 0.644232 0.355768 
 ----> pbMRQ 330 0 0.670597 0.329403 
 ----> pbMRQ 331 0 0.68082 0.31918 
 ----> pbMRQ 332 0 0.71993 0.28007 
 ----> pbMRQ 333 1 0.631268 0.368732 
 ----> pbMRQ 334 1 0.672792 0.327208 
 ----> pbMRQ 335 0 0.730311 0.269689 
 ----> pbMRQ 336 1 0.670982 0.329018 
 ----> pbMRQ 337 1 0.663752 0.336248 
 ----> pbMRQ 338 1 0.660903 0.339097 
 ----> pbMRQ 339 0 0.660669 0.339331 
 ----> pbMRQ 340 0 0.677726 0.322274 
 ----> pbMRQ 341 1 0.643259 0.356741 
 ----> pbMRQ 342 1 0.622805 0.377195 
 ----> pbMRQ 343 0 0.704175 0.295825 
 ----> pbMRQ 344 0 0.743002 0.256998 
 ----> pbMRQ 345 0 0.646761 0.353239 
 ----> pbMRQ 346 0 0.663611 0.336389 
 ----> pbMRQ 347 1 0.664089 0.335911 
 ----> pbMRQ 348 0 0.680257 0.319743 
 ----> pbMRQ 349 0 0.653016 0.346984 
 ----> pbMRQ 350 1 0.701414 0.298586 
 ----> pbMRQ 351 0 0.671519 0.328481 
 ----> pbMRQ 352 0 0.694565 0.305435 
 ----> pbMRQ 353 0 0.650692 0.349308 
 ----> pbMRQ 354 0 0.695016 0.304984 
 ----> pbMRQ 355 0 0.701296 0.298704 
 ----> pbMRQ 356 0 0.692495 0.307505 
 ----> pbMRQ 357 1 0.674407 0.325593 
 ----> pbMRQ 358 0 0.675345 0.324655 
 ----> pbMRQ 359 0 0.652405 0.347595 
 ----> pbMRQ 360 0 0.647368 0.352632 
 ----> pbMRQ 361 0 0.641462 0.358538 
 ----> pbMRQ 362 1 0.663031 0.336969 
 ----> pbMRQ 363 0 0.679952 0.320048 
 ----> pbMRQ 364 0 0.690478 0.309522 
 ----> pbMRQ 365 0 0.663724 0.336276 
 ----> pbMRQ 366 1 0.686932 0.313068 
 ----> pbMRQ 367 0 0.67237 0.32763 
 ----> pbMRQ 368 0 0.721508 0.278492 
 ----> pbMRQ 369 0 0.638851 0.361149 
 ----> pbMRQ 370 1 0.649524 0.350476 
 ----> pbMRQ 371 0 0.696711 0.303289 
 ----> pbMRQ 372 0 0.691612 0.308388 
 ----> pbMRQ 373 0 0.638067 0.361933 
 ----> pbMRQ 374 0 0.668387 0.331613 
 ----> pbMRQ 375 1 0.612816 0.387184 
 ----> pbMRQ 376 0 0.710928 0.289072 
 ----> pbMRQ 377 0 0.711518 0.288482 
 ----> pbMRQ 378 1 0.663331 0.336669 
 ----> pbMRQ 379 0 0.652405 0.347595 
 ----> pbMRQ 380 0 0.701658 0.298342 
 ----> pbMRQ 381 0 0.704261 0.295739 
 ----> pbMRQ 382 0 0.669093 0.330907 
 ----> pbMRQ 383 0 0.640037 0.359963 
 ----> pbMRQ 384 0 0.730046 0.269954 
 ----> pbMRQ 385 1 0.664435 0.335565 
 ----> pbMRQ 386 0 0.685098 0.314902 
 ----> pbMRQ 387 1 0.684611 0.315389 
 ----> pbMRQ 388 1 0.596398 0.403602 
 ----> pbMRQ 389 0 0.70166 0.29834 
 ----> pbMRQ 390 0 0.650985 0.349015 
 ----> pbMRQ 391 0 0.678426 0.321574 
 ----> pbMRQ 392 1 0.67166 0.32834 
 ----> pbMRQ 393 1 0.655776 0.344224 
 ----> pbMRQ 394 0 0.672856 0.327144 
 ----> pbMRQ 395 0 0.683778 0.316222 
 ----> pbMRQ 396 0 0.699812 0.300188 
 ----> pbMRQ 397 0 0.659748 0.340252 
 ----> pbMRQ 398 1 0.648762 0.351238 
 ----> pbMRQ 399 1 0.663718 0.336282 
 ----> pbMRQ 400 1 0.639728 0.360272 
 ----> pbMRQ 401 0 0.682052 0.317948 
 ----> pbMRQ 402 0 0.677121 0.322879 
 ----> pbMRQ 403 0 0.658559 0.341441 
 ----> pbMRQ 404 0 0.649924 0.350076 
 ----> pbMRQ 405 0 0.727935 0.272065 
 ----> pbMRQ 406 1 0.65827 0.34173 
 ----> pbMRQ 407 1 0.622652 0.377348 
 ----> pbMRQ 408 0 0.685074 0.314926 
 ----> pbMRQ 409 1 0.656525 0.343475 
 ----> pbMRQ 410 0 0.698457 0.301543 
 ----> pbMRQ 411 0 0.657793 0.342207 
 ----> pbMRQ 412 1 0.664683 0.335317 
 ----> pbMRQ 413 1 0.675973 0.324027 
 ----> pbMRQ 414 0 0.645738 0.354262 
 ----> pbMRQ 415 1 0.661647 0.338353 
 ----> pbMRQ 416 0 0.67845 0.32155 
 ----> pbMRQ 417 0 0.724146 0.275854 
 ----> pbMRQ 418 1 0.594078 0.405922 
 ----> pbMRQ 419 0 0.660999 0.339001 
 ----> pbMRQ 420 0 0.662644 0.337356 
 ----> pbMRQ 421 0 0.668827 0.331173 
 ----> pbMRQ 422 0 0.705283 0.294717 
 ----> pbMRQ 423 0 0.692974 0.307026 
 ----> pbMRQ 424 0 0.677152 0.322848 
 ----> pbMRQ 425 0 0.686344 0.313656 
 ----> pbMRQ 426 1 0.662126 0.337874 
 ----> pbMRQ 427 0 0.666849 0.333151 
 ----> pbMRQ 428 0 0.658799 0.341201 
 ----> pbMRQ 429 0 0.635025 0.364975 
 ----> pbMRQ 430 0 0.675153 0.324847 
 ----> pbMRQ 431 0 0.660245 0.339755 
 ----> pbMRQ 432 0 0.673975 0.326025 
 ----> pbMRQ 433 0 0.696535 0.303465 
 ----> pbMRQ 434 0 0.712147 0.287853 
 ----> pbMRQ 435 1 0.670851 0.329149 
 ----> pbMRQ 436 0 0.662714 0.337286 
 ----> pbMRQ 437 0 0.694364 0.305636 
 ----> pbMRQ 438 0 0.68763 0.31237 
 ----> pbMRQ 439 0 0.672942 0.327058 
 ----> pbMRQ 440 0 0.659968 0.340032 
 ----> pbMRQ 441 0 0.679361 0.320639 
 ----> pbMRQ 442 0 0.685083 0.314917 
 ----> pbMRQ 443 0 0.666461 0.333539 
 ----> pbMRQ 444 0 0.716223 0.283777 
 ----> pbMRQ 445 1 0.649253 0.350747 
 ----> pbMRQ 446 0 0.697084 0.302916 
 ----> pbMRQ 447 0 0.63942 0.36058 
 ----> pbMRQ 448 0 0.654665 0.345335 
 ----> pbMRQ 449 0 0.657345 0.342655 
 ----> pbMRQ 450 0 0.689089 0.310911 
 ----> pbMRQ 451 0 0.657374 0.342626 
 ----> pbMRQ 452 0 0.671585 0.328415 
 ----> pbMRQ 453 0 0.673444 0.326556 
 ----> pbMRQ 454 1 0.638112 0.361888 
 ----> pbMRQ 455 0 0.690383 0.309617 
 ----> pbMRQ 456 0 0.696323 0.303677 
 ----> pbMRQ 457 0 0.62383 0.37617 
 ----> pbMRQ 458 1 0.588118 0.411882 
 ----> pbMRQ 459 0 0.678724 0.321276 
 ----> pbMRQ 460 0 0.6686 0.3314 
 ----> pbMRQ 461 1 0.617245 0.382755 
 ----> pbMRQ 462 0 0.688306 0.311694 
 ----> pbMRQ 463 0 0.657834 0.342166 
 ----> pbMRQ 464 0 0.688303 0.311697 
 ----> pbMRQ 465 0 0.694272 0.305728 
 ----> pbMRQ 466 0 0.62865 0.37135 
 ----> pbMRQ 467 1 0.604164 0.395836 
 ----> pbMRQ 468 0 0.693895 0.306105 
 ----> pbMRQ 469 0 0.685725 0.314275 
 ----> pbMRQ 470 1 0.630639 0.369361 
 ----> pbMRQ 471 1 0.601107 0.398893 
 ----> pbMRQ 472 0 0.644881 0.355119 
 ----> pbMRQ 473 1 0.700136 0.299864 
 ----> pbMRQ 474 0 0.690481 0.309519 
 ----> pbMRQ 475 0 0.696432 0.303568 
 ----> pbMRQ 476 0 0.681048 0.318952 
 ----> pbMRQ 477 1 0.683353 0.316647 
 ----> pbMRQ 478 0 0.668344 0.331656 
 ----> pbMRQ 479 1 0.638414 0.361586 
 ----> pbMRQ 480 0 0.644277 0.355723 
 ----> pbMRQ 481 0 0.669288 0.330712 
 ----> pbMRQ 482 0 0.683557 0.316443 
 ----> pbMRQ 483 1 0.650609 0.349391 
 ----> pbMRQ 484 0 0.670503 0.329497 
 ----> pbMRQ 485 0 0.659356 0.340644 
 ----> pbMRQ 486 0 0.697714 0.302286 
 ----> pbMRQ 487 0 0.694136 0.305864 
 ----> pbMRQ 488 1 0.681248 0.318752 
 ----> pbMRQ 489 1 0.618471 0.381529 
 ----> pbMRQ 490 0 0.656208 0.343792 
 ----> pbMRQ 491 1 0.670643 0.329357 
 ----> pbMRQ 492 0 0.71858 0.28142 
 ----> pbMRQ 493 0 0.709931 0.290069 
 ----> pbMRQ 494 0 0.726343 0.273657 
 ----> pbMRQ 495 1 0.662468 0.337532 
 ----> pbMRQ 496 0 0.688491 0.311509 
 ----> pbMRQ 497 0 0.653336 0.346664 
 ----> pbMRQ 498 0 0.70945 0.29055 
 ----> pbMRQ 499 1 0.652997 0.347003 
 ----> pbMRQ 500 1 0.666445 0.333555 
 ----> pbMRQ 501 0 0.66865 0.33135 
 ----> pbMRQ 502 0 0.662331 0.337669 
 ----> pbMRQ 503 0 0.707734 0.292266 
 ----> pbMRQ 504 0 0.65741 0.34259 
 ----> pbMRQ 505 0 0.629515 0.370485 
 ----> pbMRQ 506 0 0.659912 0.340088 
 ----> pbMRQ 507 0 0.683403 0.316597 
 ----> pbMRQ 508 1 0.659335 0.340665 
 ----> pbMRQ 509 1 0.665996 0.334004 
 ----> pbMRQ 510 0 0.681117 0.318883 
 ----> pbMRQ 511 0 0.632212 0.367788 
 ----> pbMRQ 512 0 0.691861 0.308139 
 ----> pbMRQ 513 0 0.692674 0.307326 
 ----> pbMRQ 514 1 0.681506 0.318494 
 ----> pbMRQ 515 0 0.678677 0.321323 
 ----> pbMRQ 516 0 0.703248 0.296752 
 ----> pbMRQ 517 1 0.656305 0.343695 
 ----> pbMRQ 518 0 0.710796 0.289204 
 ----> pbMRQ 519 0 0.636512 0.363488 
 ----> pbMRQ 520 1 0.678832 0.321168 
 ----> pbMRQ 521 1 0.597919 0.402081 
 ----> pbMRQ 522 0 0.702692 0.297308 
 ----> pbMRQ 523 1 0.618403 0.381597 
 ----> pbMRQ 524 0 0.664761 0.335239 
 ----> pbMRQ 525 0 0.667919 0.332081 
 ----> pbMRQ 526 0 0.696719 0.303281 
 ----> pbMRQ 527 0 0.669396 0.330604 
 ----> pbMRQ 528 0 0.69751 0.30249 
 ----> pbMRQ 529 1 0.622263 0.377737 
 ----> pbMRQ 530 0 0.683156 0.316844 
 ----> pbMRQ 531 1 0.681824 0.318176 
 ----> pbMRQ 532 0 0.697492 0.302508 
 ----> pbMRQ 533 0 0.660451 0.339549 
 ----> pbMRQ 534 0 0.666784 0.333216 
 ----> pbMRQ 535 1 0.616016 0.383984 
 ----> pbMRQ 536 0 0.666617 0.333383 
 ----> pbMRQ 537 0 0.644492 0.355508 
 ----> pbMRQ 538 0 0.713737 0.286263 
 ----> pbMRQ 539 1 0.612531 0.387469 
 ----> pbMRQ 540 0 0.683836 0.316164 
 ----> pbMRQ 541 1 0.612485 0.387515 
 ----> pbMRQ 542 0 0.6369 0.3631 
 ----> pbMRQ 543 1 0.644051 0.355949 
 ----> pbMRQ 544 0 0.702932 0.297068 
 ----> pbMRQ 545 1 0.645272 0.354728 
 ----> pbMRQ 546 0 0.694485 0.305515 
 ----> pbMRQ 547 0 0.644142 0.355858 
 ----> pbMRQ 548 1 0.619691 0.380309 
 ----> pbMRQ 549 0 0.702251 0.297749 
 ----> pbMRQ 550 0 0.662519 0.337481 
 ----> pbMRQ 551 0 0.686037 0.313963 
 ----> pbMRQ 552 1 0.633221 0.366779 
 ----> pbMRQ 553 1 0.647951 0.352049 
 ----> pbMRQ 554 1 0.65341 0.34659 
 ----> pbMRQ 555 1 0.618202 0.381798 
 ----> pbMRQ 556 0 0.67826 0.32174 
 ----> pbMRQ 557 0 0.687752 0.312248 
 ----> pbMRQ 558 0 0.707302 0.292698 
 ----> pbMRQ 559 0 0.699355 0.300645 
 ----> pbMRQ 560 0 0.66934 0.33066 
 ----> pbMRQ 561 1 0.661212 0.338788 
 ----> pbMRQ 562 0 0.684189 0.315811 
 ----> pbMRQ 563 0 0.649417 0.350583 
 ----> pbMRQ 564 0 0.698744 0.301256 
 ----> pbMRQ 565 0 0.664755 0.335245 
 ----> pbMRQ 566 0 0.671659 0.328341 
 ----> pbMRQ 567 0 0.651331 0.348669 
 ----> pbMRQ 568 0 0.683481 0.316519 
 ----> pbMRQ 569 1 0.624453 0.375547 
 ----> pbMRQ 570 0 0.70154 0.29846 
 ----> pbMRQ 571 1 0.645843 0.354157 
 ----> pbMRQ 572 0 0.717869 0.282131 
 ----> pbMRQ 573 0 0.631378 0.368622 
 ----> pbMRQ 574 0 0.71792 0.28208 
 ----> pbMRQ 575 1 0.589841 0.410159 
 ----> pbMRQ 576 0 0.759525 0.240475 
 ----> pbMRQ 577 1 0.647892 0.352108 
 ----> pbMRQ 578 0 0.733809 0.266191 
 ----> pbMRQ 579 0 0.642274 0.357726 
 ----> pbMRQ 580 1 0.61621 0.38379 
 ----> pbMRQ 581 0 0.660597 0.339403 
 ----> pbMRQ 582 0 0.680891 0.319109 
 ----> pbMRQ 583 1 0.670149 0.329851 
 ----> pbMRQ 584 0 0.695815 0.304185 
 ----> pbMRQ 585 0 0.649855 0.350145 
 ----> pbMRQ 586 0 0.687384 0.312616 
 ----> pbMRQ 587 0 0.666516 0.333484 
 ----> pbMRQ 588 0 0.652162 0.347838 
 ----> pbMRQ 589 1 0.629175 0.370825 
 ----> pbMRQ 590 0 0.6373 0.3627 
 ----> pbMRQ 591 1 0.628005 0.371995 
 ----> pbMRQ 592 1 0.659557 0.340443 
 ----> pbMRQ 593 0 0.690232 0.309768 
 ----> pbMRQ 594 0 0.669283 0.330717 
 ----> pbMRQ 595 0 0.640782 0.359218 
 ----> pbMRQ 596 0 0.667418 0.332582 
 ----> pbMRQ 597 0 0.653869 0.346131 
 ----> pbMRQ 598 0 0.696068 0.303932 
 ----> pbMRQ 599 0 0.671748 0.328252 
 ----> pbMRQ 600 0 0.687337 0.312663 
 ----> pbMRQ 601 0 0.678688 0.321312 
 ----> pbMRQ 602 1 0.652263 0.347737 
 ----> pbMRQ 603 0 0.64041 0.35959 
 ----> pbMRQ 604 0 0.719918 0.280082 
 ----> pbMRQ 605 0 0.694411 0.305589 
 ----> pbMRQ 606 0 0.685607 0.314393 
 ----> pbMRQ 607 1 0.66985 0.33015 
 ----> pbMRQ 608 0 0.699631 0.300369 
 ----> pbMRQ 609 0 0.651598 0.348402 
 ----> pbMRQ 610 0 0.703694 0.296306 
 ----> pbMRQ 611 0 0.687107 0.312893 
 ----> pbMRQ 612 0 0.69322 0.30678 
 ----> pbMRQ 613 0 0.661234 0.338766 
 ----> pbMRQ 614 0 0.708619 0.291381 
 ----> pbMRQ 615 0 0.627783 0.372217 
 ----> pbMRQ 616 0 0.688787 0.311213 
 ----> pbMRQ 617 0 0.694546 0.305454 
 ----> pbMRQ 618 0 0.698975 0.301025 
 ----> pbMRQ 619 1 0.652789 0.347211 
 ----> pbMRQ 620 0 0.651928 0.348072 
 ----> pbMRQ 621 0 0.674421 0.325579 
 ----> pbMRQ 622 0 0.689667 0.310333 
 ----> pbMRQ 623 1 0.673994 0.326006 
 ----> pbMRQ 624 0 0.679682 0.320318 
 ----> pbMRQ 625 0 0.663525 0.336475 
 ----> pbMRQ 626 0 0.696319 0.303681 
 ----> pbMRQ 627 0 0.632303 0.367697 
 ----> pbMRQ 628 1 0.722132 0.277868 
 ----> pbMRQ 629 0 0.680282 0.319718 
 ----> pbMRQ 630 0 0.701229 0.298771 
 ----> pbMRQ 631 1 0.670482 0.329518 
 ----> pbMRQ 632 1 0.597795 0.402205 
 ----> pbMRQ 633 0 0.707809 0.292191 
 ----> pbMRQ 634 1 0.662616 0.337384 
 ----> pbMRQ 635 0 0.668983 0.331017 
 ----> pbMRQ 636 1 0.603124 0.396876 
 ----> pbMRQ 637 0 0.721061 0.278939 
 ----> pbMRQ 638 0 0.713478 0.286522 
 ----> pbMRQ 639 1 0.681519 0.318481 
 ----> pbMRQ 640 0 0.644506 0.355494 
 ----> pbMRQ 641 0 0.643237 0.356763 
 ----> pbMRQ 642 0 0.682282 0.317718 
 ----> pbMRQ 643 0 0.69859 0.30141 
 ----> pbMRQ 644 0 0.664846 0.335154 
 ----> pbMRQ 645 0 0.657418 0.342582 
 ----> pbMRQ 646 1 0.639139 0.360861 
 ----> pbMRQ 647 0 0.662891 0.337109 
 ----> pbMRQ 648 0 0.682122 0.317878 
 ----> pbMRQ 649 0 0.684901 0.315099 
 ----> pbMRQ 650 0 0.668003 0.331997 
 ----> pbMRQ 651 1 0.668917 0.331083 
 ----> pbMRQ 652 0 0.662566 0.337434 
 ----> pbMRQ 653 1 0.618992 0.381008 
 ----> pbMRQ 654 0 0.68172 0.31828 
 ----> pbMRQ 655 0 0.692917 0.307083 
 ----> pbMRQ 656 0 0.662432 0.337568 
 ----> pbMRQ 657 0 0.699478 0.300522 
 ----> pbMRQ 658 0 0.681228 0.318772 
 ----> pbMRQ 659 0 0.633268 0.366732 
 ----> pbMRQ 660 0 0.694001 0.305999 
 ----> pbMRQ 661 0 0.648671 0.351329 
 ----> pbMRQ 662 0 0.661998 0.338002 
 ----> pbMRQ 663 1 0.653672 0.346328 
 ----> pbMRQ 664 1 0.690192 0.309808 
 ----> pbMRQ 665 0 0.690439 0.309561 
 ----> pbMRQ 666 0 0.697656 0.302344 
 ----> pbMRQ 667 0 0.680944 0.319056 
 ----> pbMRQ 668 0 0.672534 0.327466 
 ----> pbMRQ 669 0 0.715463 0.284537 
 ----> pbMRQ 670 0 0.68143 0.31857 
 ----> pbMRQ 671 0 0.645295 0.354705 
 ----> pbMRQ 672 0 0.677611 0.322389 
 ----> pbMRQ 673 0 0.666947 0.333053 
 ----> pbMRQ 674 1 0.695217 0.304783 
 ----> pbMRQ 675 1 0.642738 0.357262 
 ----> pbMRQ 676 0 0.703775 0.296225 
 ----> pbMRQ 677 1 0.682686 0.317314 
 ----> pbMRQ 678 1 0.657996 0.342004 
 ----> pbMRQ 679 0 0.70588 0.29412 
 ----> pbMRQ 680 1 0.654618 0.345382 
 ----> pbMRQ 681 0 0.681799 0.318201 
 ----> pbMRQ 682 0 0.695318 0.304682 
 ----> pbMRQ 683 0 0.696628 0.303372 
 ----> pbMRQ 684 0 0.668081 0.331919 
 ----> pbMRQ 685 0 0.619574 0.380426 
 ----> pbMRQ 686 0 0.694236 0.305764 
 ----> pbMRQ 687 0 0.693942 0.306058 
 ----> pbMRQ 688 0 0.650396 0.349604 
 ----> pbMRQ 689 0 0.650944 0.349056 
 ----> pbMRQ 690 1 0.667786 0.332214 
 ----> pbMRQ 691 0 0.662792 0.337208 
 ----> pbMRQ 692 0 0.696728 0.303272 
 ----> pbMRQ 693 1 0.69039 0.30961 
 ----> pbMRQ 694 0 0.666999 0.333001 
 ----> pbMRQ 695 0 0.701353 0.298647 
 ----> pbMRQ 696 0 0.689346 0.310654 
 ----> pbMRQ 697 0 0.660047 0.339953 
 ----> pbMRQ 698 1 0.663405 0.336595 
 ----> pbMRQ 699 0 0.693559 0.306441 
 ----> pbMRQ 700 1 0.657312 0.342688 
 ----> pbMRQ 701 0 0.673781 0.326219 
 ----> pbMRQ 702 0 0.696951 0.303049 
 ----> pbMRQ 703 0 0.688784 0.311216 
 ----> pbMRQ 704 0 0.688915 0.311085 
 ----> pbMRQ 705 0 0.657149 0.342851 
 ----> pbMRQ 706 0 0.664195 0.335805 
 ----> pbMRQ 707 0 0.673686 0.326314 
 ----> pbMRQ 708 0 0.687523 0.312477 
 ----> pbMRQ 709 0 0.690315 0.309685 
 ----> pbMRQ 710 0 0.694375 0.305625 
 ----> pbMRQ 711 0 0.687452 0.312548 
 ----> pbMRQ 712 0 0.66192 0.33808 
 ----> pbMRQ 713 1 0.693894 0.306106 
 ----> pbMRQ 714 1 0.66449 0.33551 
 ----> pbMRQ 715 1 0.706017 0.293983 
 ----> pbMRQ 716 1 0.666391 0.333609 
 ----> pbMRQ 717 0 0.697517 0.302483 
 ----> pbMRQ 718 0 0.67514 0.32486 
