 ----> pbMRQ 1 1 0.648966 0.351034 
 ----> pbMRQ 2 0 0.628085 0.371915 
 ----> pbMRQ 3 1 0.602366 0.397634 
 ----> pbMRQ 4 1 0.636664 0.363336 
 ----> pbMRQ 5 1 0.595256 0.404744 
 ----> pbMRQ 6 1 0.678844 0.321156 
 ----> pbMRQ 7 0 0.674621 0.325379 
 ----> pbMRQ 8 0 0.641393 0.358607 
 ----> pbMRQ 9 0 0.623401 0.376599 
 ----> pbMRQ 10 1 0.670047 0.329953 
 ----> pbMRQ 11 1 0.658427 0.341573 
 ----> pbMRQ 12 0 0.682229 0.317771 
 ----> pbMRQ 13 0 0.660285 0.339715 
 ----> pbMRQ 14 1 0.649842 0.350158 
 ----> pbMRQ 15 1 0.634363 0.365637 
 ----> pbMRQ 16 1 0.625505 0.374495 
 ----> pbMRQ 17 1 0.653105 0.346895 
 ----> pbMRQ 18 0 0.663847 0.336153 
 ----> pbMRQ 19 0 0.673941 0.326059 
 ----> pbMRQ 20 0 0.659622 0.340378 
 ----> pbMRQ 21 1 0.654369 0.345631 
 ----> pbMRQ 22 0 0.677908 0.322092 
 ----> pbMRQ 23 0 0.682321 0.317679 
 ----> pbMRQ 24 0 0.634904 0.365096 
 ----> pbMRQ 25 0 0.655105 0.344895 
 ----> pbMRQ 26 1 0.667213 0.332787 
 ----> pbMRQ 27 1 0.633785 0.366215 
 ----> pbMRQ 28 1 0.64142 0.35858 
 ----> pbMRQ 29 0 0.678776 0.321224 
 ----> pbMRQ 30 0 0.660152 0.339848 
 ----> pbMRQ 31 0 0.649003 0.350997 
 ----> pbMRQ 32 0 0.660385 0.339615 
 ----> pbMRQ 33 0 0.666623 0.333377 
 ----> pbMRQ 34 1 0.656265 0.343735 
 ----> pbMRQ 35 1 0.626683 0.373317 
 ----> pbMRQ 36 0 0.692616 0.307384 
 ----> pbMRQ 37 0 0.677371 0.322629 
 ----> pbMRQ 38 0 0.648219 0.351781 
 ----> pbMRQ 39 0 0.656523 0.343477 
 ----> pbMRQ 40 1 0.678367 0.321633 
 ----> pbMRQ 41 1 0.649752 0.350248 
 ----> pbMRQ 42 1 0.683182 0.316818 
 ----> pbMRQ 43 0 0.677521 0.322479 
 ----> pbMRQ 44 1 0.649942 0.350058 
 ----> pbMRQ 45 1 0.604823 0.395177 
 ----> pbMRQ 46 0 0.66791 0.33209 
 ----> pbMRQ 47 1 0.648104 0.351896 
 ----> pbMRQ 48 1 0.658884 0.341116 
 ----> pbMRQ 49 1 0.650472 0.349528 
 ----> pbMRQ 50 1 0.648494 0.351506 
 ----> pbMRQ 51 0 0.667495 0.332505 
 ----> pbMRQ 52 1 0.653683 0.346317 
 ----> pbMRQ 53 0 0.682438 0.317562 
 ----> pbMRQ 54 0 0.664362 0.335638 
 ----> pbMRQ 55 0 0.688088 0.311912 
 ----> pbMRQ 56 1 0.649758 0.350242 
 ----> pbMRQ 57 1 0.63922 0.36078 
 ----> pbMRQ 58 0 0.677003 0.322997 
 ----> pbMRQ 59 1 0.634023 0.365977 
 ----> pbMRQ 60 0 0.680618 0.319382 
 ----> pbMRQ 61 0 0.673896 0.326104 
 ----> pbMRQ 62 0 0.673008 0.326992 
 ----> pbMRQ 63 1 0.684549 0.315451 
 ----> pbMRQ 64 1 0.633381 0.366619 
 ----> pbMRQ 65 0 0.688018 0.311982 
 ----> pbMRQ 66 0 0.667753 0.332247 
 ----> pbMRQ 67 1 0.620861 0.379139 
 ----> pbMRQ 68 1 0.669447 0.330553 
 ----> pbMRQ 69 0 0.670408 0.329592 
 ----> pbMRQ 70 1 0.638253 0.361747 
 ----> pbMRQ 71 1 0.628646 0.371354 
 ----> pbMRQ 72 1 0.594968 0.405032 
 ----> pbMRQ 73 0 0.69365 0.30635 
 ----> pbMRQ 74 0 0.685298 0.314702 
 ----> pbMRQ 75 0 0.672334 0.327666 
 ----> pbMRQ 76 1 0.636341 0.363659 
 ----> pbMRQ 77 0 0.673338 0.326662 
 ----> pbMRQ 78 1 0.646262 0.353738 
 ----> pbMRQ 79 0 0.674067 0.325933 
 ----> pbMRQ 80 1 0.645636 0.354364 
 ----> pbMRQ 81 1 0.658831 0.341169 
 ----> pbMRQ 82 1 0.661704 0.338296 
 ----> pbMRQ 83 1 0.67226 0.32774 
 ----> pbMRQ 84 1 0.650079 0.349921 
 ----> pbMRQ 85 0 0.662389 0.337611 
 ----> pbMRQ 86 0 0.671711 0.328289 
 ----> pbMRQ 87 1 0.648014 0.351986 
 ----> pbMRQ 88 1 0.617543 0.382457 
 ----> pbMRQ 89 1 0.630227 0.369773 
 ----> pbMRQ 90 1 0.649964 0.350036 
 ----> pbMRQ 91 1 0.648902 0.351098 
 ----> pbMRQ 92 0 0.677822 0.322178 
 ----> pbMRQ 93 0 0.686373 0.313627 
 ----> pbMRQ 94 1 0.645526 0.354474 
 ----> pbMRQ 95 0 0.681822 0.318178 
 ----> pbMRQ 96 0 0.671251 0.328749 
 ----> pbMRQ 97 1 0.657773 0.342227 
 ----> pbMRQ 98 1 0.621282 0.378718 
 ----> pbMRQ 99 1 0.661844 0.338156 
 ----> pbMRQ 100 0 0.67787 0.32213 
 ----> pbMRQ 101 1 0.560598 0.439402 
 ----> pbMRQ 102 0 0.686333 0.313667 
 ----> pbMRQ 103 0 0.718747 0.281253 
 ----> pbMRQ 104 0 0.708778 0.291222 
 ----> pbMRQ 105 1 0.632402 0.367598 
 ----> pbMRQ 106 0 0.683908 0.316092 
 ----> pbMRQ 107 0 0.701827 0.298173 
 ----> pbMRQ 108 0 0.683588 0.316412 
 ----> pbMRQ 109 0 0.681158 0.318842 
 ----> pbMRQ 110 1 0.648973 0.351027 
 ----> pbMRQ 111 0 0.674128 0.325872 
 ----> pbMRQ 112 0 0.657365 0.342635 
 ----> pbMRQ 113 1 0.660181 0.339819 
 ----> pbMRQ 114 1 0.666969 0.333031 
 ----> pbMRQ 115 0 0.685268 0.314732 
 ----> pbMRQ 116 0 0.664581 0.335419 
 ----> pbMRQ 117 1 0.641685 0.358315 
 ----> pbMRQ 118 1 0.644091 0.355909 
 ----> pbMRQ 119 1 0.675593 0.324407 
 ----> pbMRQ 120 0 0.697274 0.302726 
 ----> pbMRQ 121 0 0.660219 0.339781 
 ----> pbMRQ 122 1 0.600789 0.399211 
 ----> pbMRQ 123 1 0.675064 0.324936 
 ----> pbMRQ 124 0 0.645571 0.354429 
 ----> pbMRQ 125 1 0.652253 0.347747 
 ----> pbMRQ 126 0 0.673815 0.326185 
 ----> pbMRQ 127 0 0.729468 0.270532 
 ----> pbMRQ 128 0 0.70336 0.29664 
 ----> pbMRQ 129 1 0.641082 0.358918 
 ----> pbMRQ 130 0 0.676577 0.323423 
 ----> pbMRQ 131 0 0.713383 0.286617 
 ----> pbMRQ 132 0 0.699526 0.300474 
 ----> pbMRQ 133 1 0.650039 0.349961 
 ----> pbMRQ 134 1 0.674323 0.325677 
 ----> pbMRQ 135 1 0.6464 0.3536 
 ----> pbMRQ 136 0 0.656489 0.343511 
 ----> pbMRQ 137 1 0.674168 0.325832 
 ----> pbMRQ 138 0 0.659939 0.340061 
 ----> pbMRQ 139 0 0.703511 0.296489 
 ----> pbMRQ 140 1 0.633356 0.366644 
 ----> pbMRQ 141 0 0.682088 0.317912 
 ----> pbMRQ 142 1 0.64511 0.35489 
 ----> pbMRQ 143 0 0.711973 0.288027 
 ----> pbMRQ 144 1 0.608717 0.391283 
 ----> pbMRQ 145 0 0.680697 0.319303 
 ----> pbMRQ 146 0 0.676517 0.323483 
 ----> pbMRQ 147 0 0.68227 0.31773 
 ----> pbMRQ 148 0 0.712691 0.287309 
 ----> pbMRQ 149 1 0.635049 0.364951 
 ----> pbMRQ 150 1 0.668335 0.331665 
 ----> pbMRQ 151 1 0.649 0.351 
 ----> pbMRQ 152 0 0.632884 0.367116 
 ----> pbMRQ 153 0 0.65448 0.34552 
 ----> pbMRQ 154 0 0.667657 0.332343 
 ----> pbMRQ 155 1 0.684611 0.315389 
 ----> pbMRQ 156 1 0.639028 0.360972 
 ----> pbMRQ 157 1 0.62011 0.37989 
 ----> pbMRQ 158 0 0.671748 0.328252 
 ----> pbMRQ 159 1 0.643959 0.356041 
 ----> pbMRQ 160 0 0.689053 0.310947 
 ----> pbMRQ 161 0 0.656245 0.343755 
 ----> pbMRQ 162 1 0.630117 0.369883 
 ----> pbMRQ 163 1 0.623479 0.376521 
 ----> pbMRQ 164 1 0.627906 0.372094 
 ----> pbMRQ 165 1 0.64888 0.35112 
 ----> pbMRQ 166 0 0.649614 0.350386 
 ----> pbMRQ 167 1 0.653241 0.346759 
 ----> pbMRQ 168 0 0.675157 0.324843 
 ----> pbMRQ 169 0 0.656035 0.343965 
 ----> pbMRQ 170 1 0.665861 0.334139 
 ----> pbMRQ 171 1 0.632863 0.367137 
 ----> pbMRQ 172 0 0.671538 0.328462 
 ----> pbMRQ 173 1 0.650546 0.349454 
 ----> pbMRQ 174 0 0.693462 0.306538 
 ----> pbMRQ 175 1 0.614158 0.385842 
 ----> pbMRQ 176 0 0.662222 0.337778 
 ----> pbMRQ 177 0 0.688936 0.311064 
 ----> pbMRQ 178 1 0.660978 0.339022 
 ----> pbMRQ 179 0 0.69014 0.30986 
 ----> pbMRQ 180 0 0.671372 0.328628 
 ----> pbMRQ 181 0 0.691201 0.308799 
 ----> pbMRQ 182 0 0.666763 0.333237 
 ----> pbMRQ 183 1 0.664483 0.335517 
 ----> pbMRQ 184 1 0.623887 0.376113 
 ----> pbMRQ 185 0 0.678902 0.321098 
 ----> pbMRQ 186 0 0.672237 0.327763 
 ----> pbMRQ 187 0 0.662251 0.337749 
 ----> pbMRQ 188 1 0.670951 0.329049 
 ----> pbMRQ 189 1 0.65446 0.34554 
 ----> pbMRQ 190 0 0.679937 0.320063 
 ----> pbMRQ 191 0 0.670165 0.329835 
 ----> pbMRQ 192 1 0.676089 0.323911 
 ----> pbMRQ 193 0 0.678601 0.321399 
 ----> pbMRQ 194 0 0.675868 0.324132 
 ----> pbMRQ 195 0 0.643976 0.356024 
 ----> pbMRQ 196 1 0.595068 0.404932 
 ----> pbMRQ 197 0 0.654512 0.345488 
 ----> pbMRQ 198 0 0.630379 0.369621 
 ----> pbMRQ 199 0 0.633807 0.366193 
 ----> pbMRQ 200 0 0.66208 0.33792 
 ----> pbMRQ 201 0 0.652124 0.347876 
 ----> pbMRQ 202 0 0.648369 0.351631 
 ----> pbMRQ 203 1 0.683093 0.316907 
 ----> pbMRQ 204 1 0.653145 0.346855 
 ----> pbMRQ 205 0 0.66757 0.33243 
 ----> pbMRQ 206 1 0.626331 0.373669 
 ----> pbMRQ 207 1 0.611412 0.388588 
 ----> pbMRQ 208 0 0.676988 0.323012 
 ----> pbMRQ 209 0 0.693412 0.306588 
 ----> pbMRQ 210 0 0.688059 0.311941 
 ----> pbMRQ 211 0 0.675388 0.324612 
 ----> pbMRQ 212 0 0.681422 0.318578 
 ----> pbMRQ 213 1 0.652878 0.347122 
 ----> pbMRQ 214 0 0.639514 0.360486 
 ----> pbMRQ 215 1 0.659988 0.340012 
 ----> pbMRQ 216 0 0.637312 0.362688 
 ----> pbMRQ 217 1 0.622671 0.377329 
 ----> pbMRQ 218 0 0.620737 0.379263 
 ----> pbMRQ 219 0 0.662831 0.337169 
 ----> pbMRQ 220 0 0.662969 0.337031 
 ----> pbMRQ 221 0 0.678534 0.321466 
 ----> pbMRQ 222 1 0.654288 0.345712 
 ----> pbMRQ 223 1 0.650984 0.349016 
 ----> pbMRQ 224 0 0.70007 0.29993 
 ----> pbMRQ 225 1 0.627026 0.372974 
 ----> pbMRQ 226 1 0.673254 0.326746 
 ----> pbMRQ 227 0 0.69424 0.30576 
 ----> pbMRQ 228 0 0.673632 0.326368 
 ----> pbMRQ 229 0 0.70131 0.29869 
 ----> pbMRQ 230 0 0.699718 0.300282 
 ----> pbMRQ 231 0 0.682612 0.317388 
 ----> pbMRQ 232 1 0.679238 0.320762 
 ----> pbMRQ 233 0 0.657959 0.342041 
 ----> pbMRQ 234 0 0.688687 0.311313 
 ----> pbMRQ 235 0 0.715204 0.284796 
 ----> pbMRQ 236 1 0.633369 0.366631 
 ----> pbMRQ 237 0 0.651109 0.348891 
 ----> pbMRQ 238 0 0.650659 0.349341 
 ----> pbMRQ 239 0 0.642989 0.357011 
 ----> pbMRQ 240 1 0.589191 0.410809 
 ----> pbMRQ 241 0 0.738715 0.261285 
 ----> pbMRQ 242 1 0.632445 0.367555 
 ----> pbMRQ 243 0 0.688241 0.311759 
 ----> pbMRQ 244 1 0.678575 0.321425 
 ----> pbMRQ 245 1 0.685781 0.314219 
 ----> pbMRQ 246 0 0.707679 0.292321 
 ----> pbMRQ 247 0 0.698902 0.301098 
 ----> pbMRQ 248 1 0.66897 0.33103 
 ----> pbMRQ 249 1 0.653968 0.346032 
 ----> pbMRQ 250 0 0.697917 0.302083 
 ----> pbMRQ 251 0 0.691707 0.308293 
 ----> pbMRQ 252 0 0.678657 0.321343 
 ----> pbMRQ 253 1 0.678436 0.321564 
 ----> pbMRQ 254 0 0.683765 0.316235 
 ----> pbMRQ 255 1 0.613892 0.386108 
 ----> pbMRQ 256 0 0.674208 0.325792 
 ----> pbMRQ 257 0 0.68146 0.31854 
 ----> pbMRQ 258 0 0.679627 0.320373 
 ----> pbMRQ 259 0 0.70602 0.29398 
 ----> pbMRQ 260 1 0.612677 0.387323 
 ----> pbMRQ 261 1 0.655774 0.344226 
 ----> pbMRQ 262 0 0.723564 0.276436 
 ----> pbMRQ 263 1 0.657954 0.342046 
 ----> pbMRQ 264 1 0.589047 0.410953 
 ----> pbMRQ 265 1 0.636288 0.363712 
 ----> pbMRQ 266 0 0.675347 0.324653 
 ----> pbMRQ 267 0 0.674853 0.325147 
 ----> pbMRQ 268 1 0.648538 0.351462 
 ----> pbMRQ 269 0 0.664342 0.335658 
 ----> pbMRQ 270 1 0.634066 0.365934 
 ----> pbMRQ 271 1 0.678745 0.321255 
 ----> pbMRQ 272 0 0.664976 0.335024 
 ----> pbMRQ 273 0 0.696954 0.303046 
 ----> pbMRQ 274 1 0.644126 0.355874 
 ----> pbMRQ 275 1 0.654517 0.345483 
 ----> pbMRQ 276 0 0.67793 0.32207 
 ----> pbMRQ 277 0 0.676538 0.323462 
 ----> pbMRQ 278 0 0.684197 0.315803 
 ----> pbMRQ 279 1 0.618385 0.381615 
 ----> pbMRQ 280 1 0.64589 0.35411 
 ----> pbMRQ 281 0 0.624422 0.375578 
 ----> pbMRQ 282 1 0.621708 0.378292 
 ----> pbMRQ 283 1 0.649032 0.350968 
 ----> pbMRQ 284 1 0.64919 0.35081 
 ----> pbMRQ 285 0 0.672589 0.327411 
 ----> pbMRQ 286 0 0.671849 0.328151 
 ----> pbMRQ 287 0 0.671536 0.328464 
 ----> pbMRQ 288 0 0.627622 0.372378 
 ----> pbMRQ 289 0 0.663239 0.336761 
 ----> pbMRQ 290 0 0.663546 0.336454 
 ----> pbMRQ 291 1 0.664594 0.335406 
 ----> pbMRQ 292 0 0.661289 0.338711 
 ----> pbMRQ 293 1 0.653503 0.346497 
 ----> pbMRQ 294 1 0.639378 0.360622 
 ----> pbMRQ 295 0 0.663286 0.336714 
 ----> pbMRQ 296 0 0.692801 0.307199 
 ----> pbMRQ 297 0 0.712007 0.287993 
 ----> pbMRQ 298 1 0.530347 0.469653 
 ----> pbMRQ 299 0 0.692466 0.307534 
 ----> pbMRQ 300 0 0.713288 0.286712 
 ----> pbMRQ 301 0 0.644487 0.355513 
 ----> pbMRQ 302 0 0.67065 0.32935 
 ----> pbMRQ 303 0 0.694932 0.305068 
 ----> pbMRQ 304 0 0.634851 0.365149 
 ----> pbMRQ 305 0 0.64582 0.35418 
 ----> pbMRQ 306 0 0.706822 0.293178 
 ----> pbMRQ 307 1 0.629124 0.370876 
 ----> pbMRQ 308 0 0.663101 0.336899 
 ----> pbMRQ 309 1 0.624339 0.375661 
 ----> pbMRQ 310 0 0.681589 0.318411 
 ----> pbMRQ 311 0 0.714727 0.285273 
 ----> pbMRQ 312 0 0.675238 0.324762 
 ----> pbMRQ 313 1 0.618969 0.381031 
 ----> pbMRQ 314 0 0.7054 0.2946 
 ----> pbMRQ 315 0 0.671631 0.328369 
 ----> pbMRQ 316 0 0.66918 0.33082 
 ----> pbMRQ 317 0 0.676061 0.323939 
 ----> pbMRQ 318 0 0.695349 0.304651 
 ----> pbMRQ 319 0 0.698826 0.301174 
 ----> pbMRQ 320 0 0.70173 0.29827 
 ----> pbMRQ 321 1 0.637401 0.362599 
 ----> pbMRQ 322 1 0.651186 0.348814 
 ----> pbMRQ 323 0 0.652949 0.347051 
 ----> pbMRQ 324 0 0.691501 0.308499 
 ----> pbMRQ 325 0 0.667611 0.332389 
 ----> pbMRQ 326 1 0.677491 0.322509 
 ----> pbMRQ 327 1 0.646764 0.353236 
 ----> pbMRQ 328 0 0.659955 0.340045 
 ----> pbMRQ 329 0 0.657396 0.342604 
 ----> pbMRQ 330 0 0.662803 0.337197 
 ----> pbMRQ 331 0 0.67471 0.32529 
 ----> pbMRQ 332 0 0.683169 0.316831 
 ----> pbMRQ 333 1 0.674305 0.325695 
 ----> pbMRQ 334 1 0.642982 0.357018 
 ----> pbMRQ 335 0 0.682405 0.317595 
 ----> pbMRQ 336 1 0.653991 0.346009 
 ----> pbMRQ 337 1 0.659878 0.340122 
 ----> pbMRQ 338 1 0.635741 0.364259 
 ----> pbMRQ 339 0 0.652179 0.347821 
 ----> pbMRQ 340 0 0.693753 0.306247 
 ----> pbMRQ 341 1 0.617395 0.382605 
 ----> pbMRQ 342 1 0.61723 0.38277 
 ----> pbMRQ 343 0 0.695125 0.304875 
 ----> pbMRQ 344 0 0.707858 0.292142 
 ----> pbMRQ 345 0 0.678314 0.321686 
 ----> pbMRQ 346 0 0.70285 0.29715 
 ----> pbMRQ 347 1 0.657846 0.342154 
 ----> pbMRQ 348 0 0.665678 0.334322 
 ----> pbMRQ 349 0 0.703693 0.296307 
 ----> pbMRQ 350 1 0.651128 0.348872 
 ----> pbMRQ 351 0 0.655406 0.344594 
 ----> pbMRQ 352 0 0.636399 0.363601 
 ----> pbMRQ 353 0 0.660716 0.339284 
 ----> pbMRQ 354 0 0.66902 0.33098 
 ----> pbMRQ 355 0 0.666632 0.333368 
 ----> pbMRQ 356 0 0.654632 0.345368 
 ----> pbMRQ 357 1 0.695856 0.304144 
 ----> pbMRQ 358 0 0.6702 0.3298 
 ----> pbMRQ 359 0 0.683845 0.316155 
 ----> pbMRQ 360 0 0.672656 0.327344 
 ----> pbMRQ 361 0 0.652361 0.347639 
 ----> pbMRQ 362 1 0.656866 0.343134 
 ----> pbMRQ 363 0 0.694457 0.305543 
 ----> pbMRQ 364 0 0.708417 0.291583 
 ----> pbMRQ 365 0 0.671616 0.328384 
 ----> pbMRQ 366 1 0.677108 0.322892 
 ----> pbMRQ 367 0 0.660333 0.339667 
 ----> pbMRQ 368 0 0.626721 0.373279 
 ----> pbMRQ 369 0 0.676589 0.323411 
 ----> pbMRQ 370 1 0.660984 0.339016 
 ----> pbMRQ 371 0 0.659158 0.340842 
 ----> pbMRQ 372 0 0.655758 0.344242 
 ----> pbMRQ 373 0 0.710355 0.289645 
 ----> pbMRQ 374 0 0.651944 0.348056 
 ----> pbMRQ 375 1 0.660374 0.339626 
 ----> pbMRQ 376 0 0.699449 0.300551 
 ----> pbMRQ 377 0 0.677771 0.322229 
 ----> pbMRQ 378 1 0.661318 0.338682 
 ----> pbMRQ 379 0 0.70011 0.29989 
 ----> pbMRQ 380 0 0.650479 0.349521 
 ----> pbMRQ 381 0 0.709146 0.290854 
 ----> pbMRQ 382 0 0.658716 0.341284 
 ----> pbMRQ 383 0 0.677033 0.322967 
 ----> pbMRQ 384 0 0.648776 0.351224 
 ----> pbMRQ 385 1 0.630739 0.369261 
 ----> pbMRQ 386 0 0.676749 0.323251 
 ----> pbMRQ 387 1 0.675528 0.324472 
 ----> pbMRQ 388 1 0.631556 0.368444 
 ----> pbMRQ 389 0 0.683818 0.316182 
 ----> pbMRQ 390 0 0.657808 0.342192 
 ----> pbMRQ 391 0 0.646248 0.353752 
 ----> pbMRQ 392 1 0.653528 0.346472 
 ----> pbMRQ 393 1 0.645772 0.354228 
 ----> pbMRQ 394 0 0.717475 0.282525 
 ----> pbMRQ 395 0 0.695111 0.304889 
 ----> pbMRQ 396 0 0.593015 0.406985 
 ----> pbMRQ 397 0 0.699134 0.300866 
 ----> pbMRQ 398 1 0.684627 0.315373 
 ----> pbMRQ 399 1 0.67616 0.32384 
 ----> pbMRQ 400 1 0.661831 0.338169 
 ----> pbMRQ 401 0 0.652246 0.347754 
 ----> pbMRQ 402 0 0.66028 0.33972 
 ----> pbMRQ 403 0 0.693776 0.306224 
 ----> pbMRQ 404 0 0.651968 0.348032 
 ----> pbMRQ 405 0 0.654791 0.345209 
 ----> pbMRQ 406 1 0.667923 0.332077 
 ----> pbMRQ 407 1 0.650779 0.349221 
 ----> pbMRQ 408 0 0.646362 0.353638 
 ----> pbMRQ 409 1 0.62354 0.37646 
 ----> pbMRQ 410 0 0.624229 0.375771 
 ----> pbMRQ 411 0 0.700358 0.299642 
 ----> pbMRQ 412 1 0.641448 0.358552 
 ----> pbMRQ 413 1 0.653326 0.346674 
 ----> pbMRQ 414 0 0.628975 0.371025 
 ----> pbMRQ 415 1 0.64934 0.35066 
 ----> pbMRQ 416 0 0.677355 0.322645 
 ----> pbMRQ 417 0 0.633728 0.366272 
 ----> pbMRQ 418 1 0.665864 0.334136 
 ----> pbMRQ 419 0 0.733747 0.266253 
 ----> pbMRQ 420 0 0.694004 0.305996 
 ----> pbMRQ 421 0 0.710329 0.289671 
 ----> pbMRQ 422 0 0.656933 0.343067 
 ----> pbMRQ 423 0 0.670385 0.329615 
 ----> pbMRQ 424 0 0.724044 0.275956 
 ----> pbMRQ 425 0 0.664049 0.335951 
 ----> pbMRQ 426 1 0.606185 0.393815 
 ----> pbMRQ 427 0 0.707803 0.292197 
 ----> pbMRQ 428 0 0.728695 0.271305 
 ----> pbMRQ 429 0 0.714129 0.285871 
 ----> pbMRQ 430 0 0.66835 0.33165 
 ----> pbMRQ 431 0 0.653852 0.346148 
 ----> pbMRQ 432 0 0.683561 0.316439 
 ----> pbMRQ 433 0 0.668696 0.331304 
 ----> pbMRQ 434 0 0.696481 0.303519 
 ----> pbMRQ 435 1 0.681558 0.318442 
 ----> pbMRQ 436 0 0.644419 0.355581 
 ----> pbMRQ 437 0 0.636548 0.363452 
 ----> pbMRQ 438 0 0.64028 0.35972 
 ----> pbMRQ 439 0 0.668352 0.331648 
 ----> pbMRQ 440 0 0.744173 0.255827 
 ----> pbMRQ 441 0 0.720512 0.279488 
 ----> pbMRQ 442 0 0.660267 0.339733 
 ----> pbMRQ 443 0 0.709986 0.290014 
 ----> pbMRQ 444 0 0.652536 0.347464 
 ----> pbMRQ 445 1 0.649839 0.350161 
 ----> pbMRQ 446 0 0.725537 0.274463 
 ----> pbMRQ 447 0 0.701446 0.298554 
 ----> pbMRQ 448 0 0.659533 0.340467 
 ----> pbMRQ 449 0 0.642207 0.357793 
 ----> pbMRQ 450 0 0.623981 0.376019 
 ----> pbMRQ 451 0 0.6936 0.3064 
 ----> pbMRQ 452 0 0.651597 0.348403 
 ----> pbMRQ 453 0 0.667486 0.332514 
 ----> pbMRQ 454 1 0.681942 0.318058 
 ----> pbMRQ 455 0 0.655249 0.344751 
 ----> pbMRQ 456 0 0.658562 0.341438 
 ----> pbMRQ 457 0 0.62952 0.37048 
 ----> pbMRQ 458 1 0.623156 0.376844 
 ----> pbMRQ 459 0 0.668774 0.331226 
 ----> pbMRQ 460 0 0.693698 0.306302 
 ----> pbMRQ 461 1 0.544846 0.455154 
 ----> pbMRQ 462 0 0.685429 0.314571 
 ----> pbMRQ 463 0 0.71354 0.28646 
 ----> pbMRQ 464 0 0.696924 0.303076 
 ----> pbMRQ 465 0 0.682354 0.317646 
 ----> pbMRQ 466 0 0.673844 0.326156 
 ----> pbMRQ 467 1 0.654867 0.345133 
 ----> pbMRQ 468 0 0.686188 0.313812 
 ----> pbMRQ 469 0 0.704911 0.295089 
 ----> pbMRQ 470 1 0.63649 0.36351 
 ----> pbMRQ 471 1 0.620911 0.379089 
 ----> pbMRQ 472 0 0.68344 0.31656 
 ----> pbMRQ 473 1 0.670444 0.329556 
 ----> pbMRQ 474 0 0.672892 0.327108 
 ----> pbMRQ 475 0 0.705763 0.294237 
 ----> pbMRQ 476 0 0.660586 0.339414 
 ----> pbMRQ 477 1 0.660784 0.339216 
 ----> pbMRQ 478 0 0.658745 0.341255 
 ----> pbMRQ 479 1 0.672795 0.327205 
 ----> pbMRQ 480 0 0.692206 0.307794 
 ----> pbMRQ 481 0 0.667047 0.332953 
 ----> pbMRQ 482 0 0.668787 0.331213 
 ----> pbMRQ 483 1 0.628441 0.371559 
 ----> pbMRQ 484 0 0.668236 0.331764 
 ----> pbMRQ 485 0 0.679491 0.320509 
 ----> pbMRQ 486 0 0.690895 0.309105 
 ----> pbMRQ 487 0 0.697064 0.302936 
 ----> pbMRQ 488 1 0.662709 0.337291 
 ----> pbMRQ 489 1 0.643912 0.356088 
 ----> pbMRQ 490 0 0.681944 0.318056 
 ----> pbMRQ 491 1 0.639576 0.360424 
 ----> pbMRQ 492 0 0.701161 0.298839 
 ----> pbMRQ 493 0 0.671005 0.328995 
 ----> pbMRQ 494 0 0.716638 0.283362 
 ----> pbMRQ 495 1 0.589305 0.410695 
 ----> pbMRQ 496 0 0.686432 0.313568 
 ----> pbMRQ 497 0 0.672889 0.327111 
 ----> pbMRQ 498 0 0.683159 0.316841 
 ----> pbMRQ 499 1 0.669326 0.330674 
 ----> pbMRQ 500 1 0.632719 0.367281 
 ----> pbMRQ 501 0 0.661287 0.338713 
 ----> pbMRQ 502 0 0.681313 0.318687 
 ----> pbMRQ 503 0 0.686844 0.313156 
 ----> pbMRQ 504 0 0.675101 0.324899 
 ----> pbMRQ 505 0 0.667874 0.332126 
 ----> pbMRQ 506 0 0.653354 0.346646 
 ----> pbMRQ 507 0 0.653499 0.346501 
 ----> pbMRQ 508 1 0.635946 0.364054 
 ----> pbMRQ 509 1 0.649994 0.350006 
 ----> pbMRQ 510 0 0.672612 0.327388 
 ----> pbMRQ 511 0 0.654181 0.345819 
 ----> pbMRQ 512 0 0.688495 0.311505 
 ----> pbMRQ 513 0 0.641164 0.358836 
 ----> pbMRQ 514 1 0.64582 0.35418 
 ----> pbMRQ 515 0 0.67667 0.32333 
 ----> pbMRQ 516 0 0.657347 0.342653 
 ----> pbMRQ 517 1 0.643631 0.356369 
 ----> pbMRQ 518 0 0.637196 0.362804 
 ----> pbMRQ 519 0 0.662798 0.337202 
 ----> pbMRQ 520 1 0.652135 0.347865 
 ----> pbMRQ 521 1 0.671301 0.328699 
 ----> pbMRQ 522 0 0.697214 0.302786 
 ----> pbMRQ 523 1 0.606971 0.393029 
 ----> pbMRQ 524 0 0.670742 0.329258 
 ----> pbMRQ 525 0 0.693249 0.306751 
 ----> pbMRQ 526 0 0.660907 0.339093 
 ----> pbMRQ 527 0 0.676266 0.323734 
 ----> pbMRQ 528 0 0.664344 0.335656 
 ----> pbMRQ 529 1 0.652782 0.347218 
 ----> pbMRQ 530 0 0.698317 0.301683 
 ----> pbMRQ 531 1 0.636668 0.363332 
 ----> pbMRQ 532 0 0.681924 0.318076 
 ----> pbMRQ 533 0 0.677968 0.322032 
 ----> pbMRQ 534 0 0.66937 0.33063 
 ----> pbMRQ 535 1 0.659802 0.340198 
 ----> pbMRQ 536 0 0.650191 0.349809 
 ----> pbMRQ 537 0 0.693175 0.306825 
 ----> pbMRQ 538 0 0.692004 0.307996 
 ----> pbMRQ 539 1 0.671623 0.328377 
 ----> pbMRQ 540 0 0.672075 0.327925 
 ----> pbMRQ 541 1 0.637766 0.362234 
 ----> pbMRQ 542 0 0.670752 0.329248 
 ----> pbMRQ 543 1 0.67865 0.32135 
 ----> pbMRQ 544 0 0.667746 0.332254 
 ----> pbMRQ 545 1 0.651814 0.348186 
 ----> pbMRQ 546 0 0.680518 0.319482 
 ----> pbMRQ 547 0 0.676493 0.323507 
 ----> pbMRQ 548 1 0.656063 0.343937 
 ----> pbMRQ 549 0 0.66921 0.33079 
 ----> pbMRQ 550 0 0.683112 0.316888 
 ----> pbMRQ 551 0 0.661633 0.338367 
 ----> pbMRQ 552 1 0.645768 0.354232 
 ----> pbMRQ 553 1 0.647934 0.352066 
 ----> pbMRQ 554 1 0.618952 0.381048 
 ----> pbMRQ 555 1 0.653488 0.346512 
 ----> pbMRQ 556 0 0.676409 0.323591 
 ----> pbMRQ 557 0 0.67241 0.32759 
 ----> pbMRQ 558 0 0.658119 0.341881 
 ----> pbMRQ 559 0 0.638981 0.361019 
 ----> pbMRQ 560 0 0.67962 0.32038 
 ----> pbMRQ 561 1 0.652822 0.347178 
 ----> pbMRQ 562 0 0.644431 0.355569 
 ----> pbMRQ 563 0 0.679453 0.320547 
 ----> pbMRQ 564 0 0.712778 0.287222 
 ----> pbMRQ 565 0 0.670174 0.329826 
 ----> pbMRQ 566 0 0.672634 0.327366 
 ----> pbMRQ 567 0 0.70424 0.29576 
 ----> pbMRQ 568 0 0.6545 0.3455 
 ----> pbMRQ 569 1 0.6307 0.3693 
 ----> pbMRQ 570 0 0.626287 0.373713 
 ----> pbMRQ 571 1 0.598957 0.401043 
 ----> pbMRQ 572 0 0.690664 0.309336 
 ----> pbMRQ 573 0 0.661383 0.338617 
 ----> pbMRQ 574 0 0.709539 0.290461 
 ----> pbMRQ 575 1 0.60501 0.39499 
 ----> pbMRQ 576 0 0.635723 0.364277 
 ----> pbMRQ 577 1 0.64304 0.35696 
 ----> pbMRQ 578 0 0.688251 0.311749 
 ----> pbMRQ 579 0 0.64091 0.35909 
 ----> pbMRQ 580 1 0.606681 0.393319 
 ----> pbMRQ 581 0 0.621598 0.378402 
 ----> pbMRQ 582 0 0.71411 0.28589 
 ----> pbMRQ 583 1 0.622122 0.377878 
 ----> pbMRQ 584 0 0.659105 0.340895 
 ----> pbMRQ 585 0 0.720585 0.279415 
 ----> pbMRQ 586 0 0.690859 0.309141 
 ----> pbMRQ 587 0 0.657814 0.342186 
 ----> pbMRQ 588 0 0.652325 0.347675 
 ----> pbMRQ 589 1 0.637518 0.362482 
 ----> pbMRQ 590 0 0.682444 0.317556 
 ----> pbMRQ 591 1 0.651566 0.348434 
 ----> pbMRQ 592 1 0.65357 0.34643 
 ----> pbMRQ 593 0 0.707776 0.292224 
 ----> pbMRQ 594 0 0.627487 0.372513 
 ----> pbMRQ 595 0 0.658219 0.341781 
 ----> pbMRQ 596 0 0.688109 0.311891 
 ----> pbMRQ 597 0 0.708706 0.291294 
 ----> pbMRQ 598 0 0.675378 0.324622 
 ----> pbMRQ 599 0 0.616753 0.383247 
 ----> pbMRQ 600 0 0.672324 0.327676 
 ----> pbMRQ 601 0 0.722153 0.277847 
 ----> pbMRQ 602 1 0.668903 0.331097 
 ----> pbMRQ 603 0 0.673282 0.326718 
 ----> pbMRQ 604 0 0.707754 0.292246 
 ----> pbMRQ 605 0 0.7268 0.2732 
 ----> pbMRQ 606 0 0.703892 0.296108 
 ----> pbMRQ 607 1 0.64996 0.35004 
 ----> pbMRQ 608 0 0.670784 0.329216 
 ----> pbMRQ 609 0 0.683372 0.316628 
 ----> pbMRQ 610 0 0.672985 0.327015 
 ----> pbMRQ 611 0 0.659385 0.340615 
 ----> pbMRQ 612 0 0.662599 0.337401 
 ----> pbMRQ 613 0 0.622201 0.377799 
 ----> pbMRQ 614 0 0.653274 0.346726 
 ----> pbMRQ 615 0 0.679675 0.320325 
 ----> pbMRQ 616 0 0.645963 0.354037 
 ----> pbMRQ 617 0 0.625639 0.374361 
 ----> pbMRQ 618 0 0.668976 0.331024 
 ----> pbMRQ 619 1 0.659461 0.340539 
 ----> pbMRQ 620 0 0.701096 0.298904 
 ----> pbMRQ 621 0 0.668213 0.331787 
 ----> pbMRQ 622 0 0.711213 0.288787 
 ----> pbMRQ 623 1 0.625124 0.374876 
 ----> pbMRQ 624 0 0.691754 0.308246 
 ----> pbMRQ 625 0 0.68503 0.31497 
 ----> pbMRQ 626 0 0.663869 0.336131 
 ----> pbMRQ 627 0 0.700863 0.299137 
 ----> pbMRQ 628 1 0.622779 0.377221 
 ----> pbMRQ 629 0 0.646384 0.353616 
 ----> pbMRQ 630 0 0.664889 0.335111 
 ----> pbMRQ 631 1 0.633902 0.366098 
 ----> pbMRQ 632 1 0.616844 0.383156 
 ----> pbMRQ 633 0 0.615077 0.384923 
 ----> pbMRQ 634 1 0.662055 0.337945 
 ----> pbMRQ 635 0 0.677382 0.322618 
 ----> pbMRQ 636 1 0.648921 0.351079 
 ----> pbMRQ 637 0 0.698108 0.301892 
 ----> pbMRQ 638 0 0.641406 0.358594 
 ----> pbMRQ 639 1 0.626839 0.373161 
 ----> pbMRQ 640 0 0.662974 0.337026 
 ----> pbMRQ 641 0 0.691111 0.308889 
 ----> pbMRQ 642 0 0.698892 0.301108 
 ----> pbMRQ 643 0 0.686002 0.313998 
 ----> pbMRQ 644 0 0.661434 0.338566 
 ----> pbMRQ 645 0 0.694161 0.305839 
 ----> pbMRQ 646 1 0.625186 0.374814 
 ----> pbMRQ 647 0 0.667751 0.332249 
 ----> pbMRQ 648 0 0.687085 0.312915 
 ----> pbMRQ 649 0 0.675319 0.324681 
 ----> pbMRQ 650 0 0.645534 0.354466 
 ----> pbMRQ 651 1 0.660793 0.339207 
 ----> pbMRQ 652 0 0.656356 0.343644 
 ----> pbMRQ 653 1 0.680127 0.319873 
 ----> pbMRQ 654 0 0.680661 0.319339 
 ----> pbMRQ 655 0 0.684198 0.315802 
 ----> pbMRQ 656 0 0.661273 0.338727 
 ----> pbMRQ 657 0 0.668618 0.331382 
 ----> pbMRQ 658 0 0.671479 0.328521 
 ----> pbMRQ 659 0 0.66566 0.33434 
 ----> pbMRQ 660 0 0.674065 0.325935 
 ----> pbMRQ 661 0 0.644947 0.355053 
 ----> pbMRQ 662 0 0.679355 0.320645 
 ----> pbMRQ 663 1 0.621279 0.378721 
 ----> pbMRQ 664 1 0.612058 0.387942 
 ----> pbMRQ 665 0 0.680342 0.319658 
 ----> pbMRQ 666 0 0.681587 0.318413 
 ----> pbMRQ 667 0 0.700229 0.299771 
 ----> pbMRQ 668 0 0.672017 0.327983 
 ----> pbMRQ 669 0 0.663707 0.336293 
 ----> pbMRQ 670 0 0.68284 0.31716 
 ----> pbMRQ 671 0 0.668309 0.331691 
 ----> pbMRQ 672 0 0.697264 0.302736 
 ----> pbMRQ 673 0 0.704592 0.295408 
 ----> pbMRQ 674 1 0.676101 0.323899 
 ----> pbMRQ 675 1 0.656274 0.343726 
 ----> pbMRQ 676 0 0.654235 0.345765 
 ----> pbMRQ 677 1 0.597642 0.402358 
 ----> pbMRQ 678 1 0.632457 0.367543 
 ----> pbMRQ 679 0 0.663009 0.336991 
 ----> pbMRQ 680 1 0.61212 0.38788 
 ----> pbMRQ 681 0 0.679741 0.320259 
 ----> pbMRQ 682 0 0.68275 0.31725 
 ----> pbMRQ 683 0 0.683112 0.316888 
 ----> pbMRQ 684 0 0.656853 0.343147 
 ----> pbMRQ 685 0 0.675078 0.324922 
 ----> pbMRQ 686 0 0.71181 0.28819 
 ----> pbMRQ 687 0 0.695117 0.304883 
 ----> pbMRQ 688 0 0.676383 0.323617 
 ----> pbMRQ 689 0 0.687178 0.312822 
 ----> pbMRQ 690 1 0.628154 0.371846 
 ----> pbMRQ 691 0 0.676756 0.323244 
 ----> pbMRQ 692 0 0.673046 0.326954 
 ----> pbMRQ 693 1 0.672668 0.327332 
 ----> pbMRQ 694 0 0.68244 0.31756 
 ----> pbMRQ 695 0 0.649741 0.350259 
 ----> pbMRQ 696 0 0.674318 0.325682 
 ----> pbMRQ 697 0 0.648297 0.351703 
 ----> pbMRQ 698 1 0.646953 0.353047 
 ----> pbMRQ 699 0 0.679173 0.320827 
 ----> pbMRQ 700 1 0.620765 0.379235 
 ----> pbMRQ 701 0 0.636813 0.363187 
 ----> pbMRQ 702 0 0.670115 0.329885 
 ----> pbMRQ 703 0 0.673851 0.326149 
 ----> pbMRQ 704 0 0.667942 0.332058 
 ----> pbMRQ 705 0 0.679055 0.320945 
 ----> pbMRQ 706 0 0.668247 0.331753 
 ----> pbMRQ 707 0 0.632893 0.367107 
 ----> pbMRQ 708 0 0.67189 0.32811 
 ----> pbMRQ 709 0 0.641321 0.358679 
 ----> pbMRQ 710 0 0.67753 0.32247 
 ----> pbMRQ 711 0 0.737645 0.262355 
 ----> pbMRQ 712 0 0.657413 0.342587 
 ----> pbMRQ 713 1 0.651245 0.348755 
 ----> pbMRQ 714 1 0.651285 0.348715 
 ----> pbMRQ 715 1 0.671778 0.328222 
 ----> pbMRQ 716 1 0.64684 0.35316 
 ----> pbMRQ 717 0 0.651602 0.348398 
 ----> pbMRQ 718 0 0.661562 0.338438 
