 ----> pbMRQ 1 1 0 0 
 ----> pbMRQ 2 0 0.633141 0.366859 
 ----> pbMRQ 3 1 0.7048 0.2952 
 ----> pbMRQ 4 1 0.618586 0.381414 
 ----> pbMRQ 5 1 0.669792 0.330208 
 ----> pbMRQ 6 1 0.644876 0.355124 
 ----> pbMRQ 7 0 0.676203 0.323797 
 ----> pbMRQ 8 0 0.651746 0.348254 
 ----> pbMRQ 9 0 0.65114 0.34886 
 ----> pbMRQ 10 1 0.613972 0.386028 
 ----> pbMRQ 11 1 0.622732 0.377268 
 ----> pbMRQ 12 0 0.641145 0.358855 
 ----> pbMRQ 13 0 0.651383 0.348617 
 ----> pbMRQ 14 1 0.649725 0.350275 
 ----> pbMRQ 15 1 0.644439 0.355561 
 ----> pbMRQ 16 1 0.6343 0.3657 
 ----> pbMRQ 17 1 0.65869 0.34131 
 ----> pbMRQ 18 0 0.660692 0.339308 
 ----> pbMRQ 19 0 0.634413 0.365587 
 ----> pbMRQ 20 0 0.634211 0.365789 
 ----> pbMRQ 21 1 0.634904 0.365096 
 ----> pbMRQ 22 0 0.67393 0.32607 
 ----> pbMRQ 23 0 0.662526 0.337474 
 ----> pbMRQ 24 0 0.617434 0.382566 
 ----> pbMRQ 25 0 0.646875 0.353125 
 ----> pbMRQ 26 1 0.621279 0.378721 
 ----> pbMRQ 27 1 0.638986 0.361014 
 ----> pbMRQ 28 1 0.647014 0.352986 
 ----> pbMRQ 29 0 0.687637 0.312363 
 ----> pbMRQ 30 0 0.629685 0.370315 
 ----> pbMRQ 31 0 0.672456 0.327544 
 ----> pbMRQ 32 0 0.688074 0.311926 
 ----> pbMRQ 33 0 0.669879 0.330121 
 ----> pbMRQ 34 1 0.596555 0.403445 
 ----> pbMRQ 35 1 0.628824 0.371176 
 ----> pbMRQ 36 0 0.640961 0.359039 
 ----> pbMRQ 37 0 0.682557 0.317443 
 ----> pbMRQ 38 0 0.683212 0.316788 
 ----> pbMRQ 39 0 0.690561 0.309439 
 ----> pbMRQ 40 1 0.671118 0.328882 
 ----> pbMRQ 41 1 0.697898 0.302102 
 ----> pbMRQ 42 1 0.639209 0.360791 
 ----> pbMRQ 43 0 0.679288 0.320712 
 ----> pbMRQ 44 1 0.642134 0.357866 
 ----> pbMRQ 45 1 0.670853 0.329147 
 ----> pbMRQ 46 0 0.670469 0.329531 
 ----> pbMRQ 47 1 0.635332 0.364668 
 ----> pbMRQ 48 1 0.667473 0.332527 
 ----> pbMRQ 49 1 0.599433 0.400567 
 ----> pbMRQ 50 1 0.605496 0.394504 
 ----> pbMRQ 51 0 0.668254 0.331746 
 ----> pbMRQ 52 1 0.651383 0.348617 
 ----> pbMRQ 53 0 0.657967 0.342033 
 ----> pbMRQ 54 0 0.677366 0.322634 
 ----> pbMRQ 55 0 0.679586 0.320414 
 ----> pbMRQ 56 1 0.669225 0.330775 
 ----> pbMRQ 57 1 0.658576 0.341424 
 ----> pbMRQ 58 0 0.668246 0.331754 
 ----> pbMRQ 59 1 0.649993 0.350007 
 ----> pbMRQ 60 0 0.655276 0.344724 
 ----> pbMRQ 61 0 0.66504 0.33496 
 ----> pbMRQ 62 0 0.644666 0.355334 
 ----> pbMRQ 63 1 0.618489 0.381511 
 ----> pbMRQ 64 1 0.603352 0.396648 
 ----> pbMRQ 65 0 0.666778 0.333222 
 ----> pbMRQ 66 0 0.664297 0.335703 
 ----> pbMRQ 67 1 0.624709 0.375291 
 ----> pbMRQ 68 1 0.611622 0.388378 
 ----> pbMRQ 69 0 0.63655 0.36345 
 ----> pbMRQ 70 1 0.602748 0.397252 
 ----> pbMRQ 71 1 0.601148 0.398852 
 ----> pbMRQ 72 1 0.673468 0.326532 
 ----> pbMRQ 73 0 0.678197 0.321803 
 ----> pbMRQ 74 0 0.665529 0.334471 
 ----> pbMRQ 75 0 0.670313 0.329687 
 ----> pbMRQ 76 1 0.60883 0.39117 
 ----> pbMRQ 77 0 0.673541 0.326459 
 ----> pbMRQ 78 1 0.607292 0.392708 
 ----> pbMRQ 79 0 0.658619 0.341381 
 ----> pbMRQ 80 1 0.657405 0.342595 
 ----> pbMRQ 81 1 0.654079 0.345921 
 ----> pbMRQ 82 1 0.633324 0.366676 
 ----> pbMRQ 83 1 0.64271 0.35729 
 ----> pbMRQ 84 1 0.642667 0.357333 
 ----> pbMRQ 85 0 0.658915 0.341085 
 ----> pbMRQ 86 0 0.675892 0.324108 
 ----> pbMRQ 87 1 0.620461 0.379539 
 ----> pbMRQ 88 1 0.633203 0.366797 
 ----> pbMRQ 89 1 0.625787 0.374213 
 ----> pbMRQ 90 1 0.651256 0.348744 
 ----> pbMRQ 91 1 0.632748 0.367252 
 ----> pbMRQ 92 0 0.643103 0.356897 
 ----> pbMRQ 93 0 0.657533 0.342467 
 ----> pbMRQ 94 1 0.592374 0.407626 
 ----> pbMRQ 95 0 0.680956 0.319044 
 ----> pbMRQ 96 0 0.6786 0.3214 
 ----> pbMRQ 97 1 0.642403 0.357597 
 ----> pbMRQ 98 1 0.659992 0.340008 
 ----> pbMRQ 99 1 0.626089 0.373911 
 ----> pbMRQ 100 0 0.65038 0.34962 
 ----> pbMRQ 101 1 0.624519 0.375481 
 ----> pbMRQ 102 0 0.637374 0.362626 
 ----> pbMRQ 103 0 0.67304 0.32696 
 ----> pbMRQ 104 0 0.690396 0.309604 
 ----> pbMRQ 105 1 0.683358 0.316642 
 ----> pbMRQ 106 0 0.639838 0.360162 
 ----> pbMRQ 107 0 0.650632 0.349368 
 ----> pbMRQ 108 0 0.644895 0.355105 
 ----> pbMRQ 109 0 0.649232 0.350768 
 ----> pbMRQ 110 1 0.657227 0.342773 
 ----> pbMRQ 111 0 0.666565 0.333435 
 ----> pbMRQ 112 0 0.640973 0.359027 
 ----> pbMRQ 113 1 0.641604 0.358396 
 ----> pbMRQ 114 1 0.609549 0.390451 
 ----> pbMRQ 115 0 0.689057 0.310943 
 ----> pbMRQ 116 0 0.69433 0.30567 
 ----> pbMRQ 117 1 0.635144 0.364856 
 ----> pbMRQ 118 1 0.630779 0.369221 
 ----> pbMRQ 119 1 0.632139 0.367861 
 ----> pbMRQ 120 0 0.59358 0.40642 
 ----> pbMRQ 121 0 0.669753 0.330247 
 ----> pbMRQ 122 1 0.590938 0.409062 
 ----> pbMRQ 123 1 0.597851 0.402149 
 ----> pbMRQ 124 0 0.712595 0.287405 
 ----> pbMRQ 125 1 0.657953 0.342047 
 ----> pbMRQ 126 0 0.664399 0.335601 
 ----> pbMRQ 127 0 0.717562 0.282438 
 ----> pbMRQ 128 0 0.642566 0.357434 
 ----> pbMRQ 129 1 0.68556 0.31444 
 ----> pbMRQ 130 0 0.702382 0.297618 
 ----> pbMRQ 131 0 0.688955 0.311045 
 ----> pbMRQ 132 0 0.685337 0.314663 
 ----> pbMRQ 133 1 0.604429 0.395571 
 ----> pbMRQ 134 1 0.583227 0.416773 
 ----> pbMRQ 135 1 0.622816 0.377184 
 ----> pbMRQ 136 0 0.668972 0.331028 
 ----> pbMRQ 137 1 0.666186 0.333814 
 ----> pbMRQ 138 0 0.653918 0.346082 
 ----> pbMRQ 139 0 0.654071 0.345929 
 ----> pbMRQ 140 1 0.602757 0.397243 
 ----> pbMRQ 141 0 0.640052 0.359948 
 ----> pbMRQ 142 1 0.608445 0.391555 
 ----> pbMRQ 143 0 0.631858 0.368142 
 ----> pbMRQ 144 1 0.591265 0.408735 
 ----> pbMRQ 145 0 0.683898 0.316102 
 ----> pbMRQ 146 0 0.681133 0.318867 
 ----> pbMRQ 147 0 0.698816 0.301184 
 ----> pbMRQ 148 0 0.658977 0.341023 
 ----> pbMRQ 149 1 0.606803 0.393197 
 ----> pbMRQ 150 1 0.581325 0.418675 
 ----> pbMRQ 151 1 0.666856 0.333144 
 ----> pbMRQ 152 0 0.668768 0.331232 
 ----> pbMRQ 153 0 0.667622 0.332378 
 ----> pbMRQ 154 0 0.695842 0.304158 
 ----> pbMRQ 155 1 0.642486 0.357514 
 ----> pbMRQ 156 1 0.610682 0.389318 
 ----> pbMRQ 157 1 0.680664 0.319336 
 ----> pbMRQ 158 0 0.671164 0.328836 
 ----> pbMRQ 159 1 0.675215 0.324785 
 ----> pbMRQ 160 0 0.661037 0.338963 
 ----> pbMRQ 161 0 0.68636 0.31364 
 ----> pbMRQ 162 1 0.675642 0.324358 
 ----> pbMRQ 163 1 0.676691 0.323309 
 ----> pbMRQ 164 1 0.627854 0.372146 
 ----> pbMRQ 165 1 0.622863 0.377137 
 ----> pbMRQ 166 0 0.627852 0.372148 
 ----> pbMRQ 167 1 0.669266 0.330734 
 ----> pbMRQ 168 0 0.654722 0.345278 
 ----> pbMRQ 169 0 0.630681 0.369319 
 ----> pbMRQ 170 1 0.654364 0.345636 
 ----> pbMRQ 171 1 0.664075 0.335925 
 ----> pbMRQ 172 0 0.61948 0.38052 
 ----> pbMRQ 173 1 0.634776 0.365224 
 ----> pbMRQ 174 0 0.678824 0.321176 
 ----> pbMRQ 175 1 0.675364 0.324636 
 ----> pbMRQ 176 0 0.642543 0.357457 
 ----> pbMRQ 177 0 0.645774 0.354226 
 ----> pbMRQ 178 1 0.660598 0.339402 
 ----> pbMRQ 179 0 0.606798 0.393202 
 ----> pbMRQ 180 0 0.661687 0.338313 
 ----> pbMRQ 181 0 0.691026 0.308974 
 ----> pbMRQ 182 0 0.660353 0.339647 
 ----> pbMRQ 183 1 0.642649 0.357351 
 ----> pbMRQ 184 1 0.659837 0.340163 
 ----> pbMRQ 185 0 0.705361 0.294639 
 ----> pbMRQ 186 0 0.656483 0.343517 
 ----> pbMRQ 187 0 0.663412 0.336588 
 ----> pbMRQ 188 1 0.655656 0.344344 
 ----> pbMRQ 189 1 0.64272 0.35728 
 ----> pbMRQ 190 0 0.655668 0.344332 
 ----> pbMRQ 191 0 0.656345 0.343655 
 ----> pbMRQ 192 1 0.626652 0.373348 
 ----> pbMRQ 193 0 0.674374 0.325626 
 ----> pbMRQ 194 0 0.706464 0.293536 
 ----> pbMRQ 195 0 0.649208 0.350792 
 ----> pbMRQ 196 1 0.64078 0.35922 
 ----> pbMRQ 197 0 0.684122 0.315878 
 ----> pbMRQ 198 0 0.662724 0.337276 
 ----> pbMRQ 199 0 0.668457 0.331543 
 ----> pbMRQ 200 0 0.679977 0.320023 
 ----> pbMRQ 201 0 0.65958 0.34042 
 ----> pbMRQ 202 0 0.636727 0.363273 
 ----> pbMRQ 203 1 0.65165 0.34835 
 ----> pbMRQ 204 1 0.639256 0.360744 
 ----> pbMRQ 205 0 0.656191 0.343809 
 ----> pbMRQ 206 1 0.66834 0.33166 
 ----> pbMRQ 207 1 0.665489 0.334511 
 ----> pbMRQ 208 0 0.663164 0.336836 
 ----> pbMRQ 209 0 0.6406 0.3594 
 ----> pbMRQ 210 0 0.685418 0.314582 
 ----> pbMRQ 211 0 0.644456 0.355544 
 ----> pbMRQ 212 0 0.632833 0.367167 
 ----> pbMRQ 213 1 0.60499 0.39501 
 ----> pbMRQ 214 0 0.664844 0.335156 
 ----> pbMRQ 215 1 0.613797 0.386203 
 ----> pbMRQ 216 0 0.700873 0.299127 
 ----> pbMRQ 217 1 0.660902 0.339098 
 ----> pbMRQ 218 0 0.70464 0.29536 
 ----> pbMRQ 219 0 0.686762 0.313238 
 ----> pbMRQ 220 0 0.698846 0.301154 
 ----> pbMRQ 221 0 0.664659 0.335341 
 ----> pbMRQ 222 1 0.643042 0.356958 
 ----> pbMRQ 223 1 0.620602 0.379398 
 ----> pbMRQ 224 0 0.640731 0.359269 
 ----> pbMRQ 225 1 0.618294 0.381706 
 ----> pbMRQ 226 1 0.68019 0.31981 
 ----> pbMRQ 227 0 0.674195 0.325805 
 ----> pbMRQ 228 0 0.668269 0.331731 
 ----> pbMRQ 229 0 0.690392 0.309608 
 ----> pbMRQ 230 0 0.696346 0.303654 
 ----> pbMRQ 231 0 0.717114 0.282886 
 ----> pbMRQ 232 1 0.644811 0.355189 
 ----> pbMRQ 233 0 0.685601 0.314399 
 ----> pbMRQ 234 0 0.645101 0.354899 
 ----> pbMRQ 235 0 0.691129 0.308871 
 ----> pbMRQ 236 1 0.672428 0.327572 
 ----> pbMRQ 237 0 0.679474 0.320526 
 ----> pbMRQ 238 0 0.667433 0.332567 
 ----> pbMRQ 239 0 0.723045 0.276955 
 ----> pbMRQ 240 1 0.62451 0.37549 
 ----> pbMRQ 241 0 0.657358 0.342642 
 ----> pbMRQ 242 1 0.543325 0.456675 
 ----> pbMRQ 243 0 0.702377 0.297623 
 ----> pbMRQ 244 1 0.661399 0.338601 
 ----> pbMRQ 245 1 0.622287 0.377713 
 ----> pbMRQ 246 0 0.664066 0.335934 
 ----> pbMRQ 247 0 0.716936 0.283064 
 ----> pbMRQ 248 1 0.612672 0.387328 
 ----> pbMRQ 249 1 0.651853 0.348147 
 ----> pbMRQ 250 0 0.701111 0.298889 
 ----> pbMRQ 251 0 0.663837 0.336163 
 ----> pbMRQ 252 0 0.670105 0.329895 
 ----> pbMRQ 253 1 0.598399 0.401601 
 ----> pbMRQ 254 0 0.712222 0.287778 
 ----> pbMRQ 255 1 0.662953 0.337047 
 ----> pbMRQ 256 0 0.66402 0.33598 
 ----> pbMRQ 257 0 0.682359 0.317641 
 ----> pbMRQ 258 0 0.726525 0.273475 
 ----> pbMRQ 259 0 0.674927 0.325073 
 ----> pbMRQ 260 1 0.634757 0.365243 
 ----> pbMRQ 261 1 0.626437 0.373563 
 ----> pbMRQ 262 0 0.663531 0.336469 
 ----> pbMRQ 263 1 0.616683 0.383317 
 ----> pbMRQ 264 1 0.602002 0.397998 
 ----> pbMRQ 265 1 0.573459 0.426541 
 ----> pbMRQ 266 0 0.68876 0.31124 
 ----> pbMRQ 267 0 0.661865 0.338135 
 ----> pbMRQ 268 1 0.604502 0.395498 
 ----> pbMRQ 269 0 0.636284 0.363716 
 ----> pbMRQ 270 1 0.615398 0.384602 
 ----> pbMRQ 271 1 0.632584 0.367416 
 ----> pbMRQ 272 0 0.66112 0.33888 
 ----> pbMRQ 273 0 0.679616 0.320384 
 ----> pbMRQ 274 1 0.658223 0.341777 
 ----> pbMRQ 275 1 0.684621 0.315379 
 ----> pbMRQ 276 0 0.680169 0.319831 
 ----> pbMRQ 277 0 0.665348 0.334652 
 ----> pbMRQ 278 0 0.717393 0.282607 
 ----> pbMRQ 279 1 0.622407 0.377593 
 ----> pbMRQ 280 1 0.642596 0.357404 
 ----> pbMRQ 281 0 0.745429 0.254571 
 ----> pbMRQ 282 1 0.639349 0.360651 
 ----> pbMRQ 283 1 0.625263 0.374737 
 ----> pbMRQ 284 1 0.597285 0.402715 
 ----> pbMRQ 285 0 0.69955 0.30045 
 ----> pbMRQ 286 0 0.635699 0.364301 
 ----> pbMRQ 287 0 0.642738 0.357262 
 ----> pbMRQ 288 0 0.666374 0.333626 
 ----> pbMRQ 289 0 0.663638 0.336362 
 ----> pbMRQ 290 0 0.66536 0.33464 
 ----> pbMRQ 291 1 0.659788 0.340212 
 ----> pbMRQ 292 0 0.630216 0.369784 
 ----> pbMRQ 293 1 0.665881 0.334119 
 ----> pbMRQ 294 1 0.661783 0.338217 
 ----> pbMRQ 295 0 0.708732 0.291268 
 ----> pbMRQ 296 0 0.62551 0.37449 
 ----> pbMRQ 297 0 0.740668 0.259332 
 ----> pbMRQ 298 1 0.557302 0.442698 
 ----> pbMRQ 299 0 0.669909 0.330091 
 ----> pbMRQ 300 0 0.721688 0.278312 
 ----> pbMRQ 301 0 0.683739 0.316261 
 ----> pbMRQ 302 0 0.714776 0.285224 
 ----> pbMRQ 303 0 0.602846 0.397154 
 ----> pbMRQ 304 0 0.691755 0.308245 
 ----> pbMRQ 305 0 0.653504 0.346496 
 ----> pbMRQ 306 0 0.630555 0.369445 
 ----> pbMRQ 307 1 0.599861 0.400139 
 ----> pbMRQ 308 0 0.719211 0.280789 
 ----> pbMRQ 309 1 0.598485 0.401515 
 ----> pbMRQ 310 0 0.73481 0.26519 
 ----> pbMRQ 311 0 0.626163 0.373837 
 ----> pbMRQ 312 0 0.661916 0.338084 
 ----> pbMRQ 313 1 0.611075 0.388925 
 ----> pbMRQ 314 0 0.681102 0.318898 
 ----> pbMRQ 315 0 0.721126 0.278874 
 ----> pbMRQ 316 0 0.726667 0.273333 
 ----> pbMRQ 317 0 0.661938 0.338062 
 ----> pbMRQ 318 0 0.695983 0.304017 
 ----> pbMRQ 319 0 0.653049 0.346951 
 ----> pbMRQ 320 0 0.715142 0.284858 
 ----> pbMRQ 321 1 0.706588 0.293412 
 ----> pbMRQ 322 1 0.639839 0.360161 
 ----> pbMRQ 323 0 0.685375 0.314625 
 ----> pbMRQ 324 0 0.67758 0.32242 
 ----> pbMRQ 325 0 0.726258 0.273742 
 ----> pbMRQ 326 1 0.610754 0.389246 
 ----> pbMRQ 327 1 0.63844 0.36156 
 ----> pbMRQ 328 0 0.693823 0.306177 
 ----> pbMRQ 329 0 0.690127 0.309873 
 ----> pbMRQ 330 0 0.680669 0.319331 
 ----> pbMRQ 331 0 0.704004 0.295996 
 ----> pbMRQ 332 0 0.666219 0.333781 
 ----> pbMRQ 333 1 0.598579 0.401421 
 ----> pbMRQ 334 1 0.615172 0.384828 
 ----> pbMRQ 335 0 0.694758 0.305242 
 ----> pbMRQ 336 1 0.608429 0.391571 
 ----> pbMRQ 337 1 0.63129 0.36871 
 ----> pbMRQ 338 1 0.677585 0.322415 
 ----> pbMRQ 339 0 0.691273 0.308727 
 ----> pbMRQ 340 0 0.657488 0.342512 
 ----> pbMRQ 341 1 0.648645 0.351355 
 ----> pbMRQ 342 1 0.668558 0.331442 
 ----> pbMRQ 343 0 0.692741 0.307259 
 ----> pbMRQ 344 0 0.629987 0.370013 
 ----> pbMRQ 345 0 0.666589 0.333411 
 ----> pbMRQ 346 0 0.64204 0.35796 
 ----> pbMRQ 347 1 0.641567 0.358433 
 ----> pbMRQ 348 0 0.689317 0.310683 
 ----> pbMRQ 349 0 0.694357 0.305643 
 ----> pbMRQ 350 1 0.595432 0.404568 
 ----> pbMRQ 351 0 0.724457 0.275543 
 ----> pbMRQ 352 0 0.664275 0.335725 
 ----> pbMRQ 353 0 0.67951 0.32049 
 ----> pbMRQ 354 0 0.711969 0.288031 
 ----> pbMRQ 355 0 0.695071 0.304929 
 ----> pbMRQ 356 0 0.709325 0.290675 
 ----> pbMRQ 357 1 0.624214 0.375786 
 ----> pbMRQ 358 0 0.692766 0.307234 
 ----> pbMRQ 359 0 0.702742 0.297258 
 ----> pbMRQ 360 0 0.672926 0.327074 
 ----> pbMRQ 361 0 0.672043 0.327957 
 ----> pbMRQ 362 1 0.701934 0.298066 
 ----> pbMRQ 363 0 0.668374 0.331626 
 ----> pbMRQ 364 0 0.697605 0.302395 
 ----> pbMRQ 365 0 0.679331 0.320669 
 ----> pbMRQ 366 1 0.689937 0.310063 
 ----> pbMRQ 367 0 0.691206 0.308794 
 ----> pbMRQ 368 0 0.701337 0.298663 
 ----> pbMRQ 369 0 0.695481 0.304519 
 ----> pbMRQ 370 1 0.612968 0.387032 
 ----> pbMRQ 371 0 0.667078 0.332922 
 ----> pbMRQ 372 0 0.678736 0.321264 
 ----> pbMRQ 373 0 0.652236 0.347764 
 ----> pbMRQ 374 0 0.7212 0.2788 
 ----> pbMRQ 375 1 0.672613 0.327387 
 ----> pbMRQ 376 0 0.703693 0.296307 
 ----> pbMRQ 377 0 0.669007 0.330993 
 ----> pbMRQ 378 1 0.657493 0.342507 
 ----> pbMRQ 379 0 0.690311 0.309689 
 ----> pbMRQ 380 0 0.679638 0.320362 
 ----> pbMRQ 381 0 0.687849 0.312151 
 ----> pbMRQ 382 0 0.720432 0.279568 
 ----> pbMRQ 383 0 0.646329 0.353671 
 ----> pbMRQ 384 0 0.698386 0.301614 
 ----> pbMRQ 385 1 0.587104 0.412896 
 ----> pbMRQ 386 0 0.67515 0.32485 
 ----> pbMRQ 387 1 0.594218 0.405782 
 ----> pbMRQ 388 1 0.662942 0.337058 
 ----> pbMRQ 389 0 0.70517 0.29483 
 ----> pbMRQ 390 0 0.679628 0.320372 
 ----> pbMRQ 391 0 0.66744 0.33256 
 ----> pbMRQ 392 1 0.69815 0.30185 
 ----> pbMRQ 393 1 0.661621 0.338379 
 ----> pbMRQ 394 0 0.686008 0.313992 
 ----> pbMRQ 395 0 0.714084 0.285916 
 ----> pbMRQ 396 0 0.670196 0.329804 
 ----> pbMRQ 397 0 0.744838 0.255162 
 ----> pbMRQ 398 1 0.583848 0.416152 
 ----> pbMRQ 399 1 0.600448 0.399552 
 ----> pbMRQ 400 1 0.564557 0.435443 
 ----> pbMRQ 401 0 0.688113 0.311887 
 ----> pbMRQ 402 0 0.669311 0.330689 
 ----> pbMRQ 403 0 0.685806 0.314194 
 ----> pbMRQ 404 0 0.6598 0.3402 
 ----> pbMRQ 405 0 0.694403 0.305597 
 ----> pbMRQ 406 1 0.64511 0.35489 
 ----> pbMRQ 407 1 0.655246 0.344754 
 ----> pbMRQ 408 0 0.660005 0.339995 
 ----> pbMRQ 409 1 0.688583 0.311417 
 ----> pbMRQ 410 0 0.623553 0.376447 
 ----> pbMRQ 411 0 0.688323 0.311677 
 ----> pbMRQ 412 1 0.630721 0.369279 
 ----> pbMRQ 413 1 0.608171 0.391829 
 ----> pbMRQ 414 0 0.672566 0.327434 
 ----> pbMRQ 415 1 0.603061 0.396939 
 ----> pbMRQ 416 0 0.684121 0.315879 
 ----> pbMRQ 417 0 0.68748 0.31252 
 ----> pbMRQ 418 1 0.624335 0.375665 
 ----> pbMRQ 419 0 0.688999 0.311001 
 ----> pbMRQ 420 0 0.708556 0.291444 
 ----> pbMRQ 421 0 0.665815 0.334185 
 ----> pbMRQ 422 0 0.694237 0.305763 
 ----> pbMRQ 423 0 0.660774 0.339226 
 ----> pbMRQ 424 0 0.686322 0.313678 
 ----> pbMRQ 425 0 0.690257 0.309743 
 ----> pbMRQ 426 1 0.635012 0.364988 
 ----> pbMRQ 427 0 0.665076 0.334924 
 ----> pbMRQ 428 0 0.651742 0.348258 
 ----> pbMRQ 429 0 0.663239 0.336761 
 ----> pbMRQ 430 0 0.652135 0.347865 
 ----> pbMRQ 431 0 0.645349 0.354651 
 ----> pbMRQ 432 0 0.645926 0.354074 
 ----> pbMRQ 433 0 0.676267 0.323733 
 ----> pbMRQ 434 0 0.656718 0.343282 
 ----> pbMRQ 435 1 0.682431 0.317569 
 ----> pbMRQ 436 0 0.654166 0.345834 
 ----> pbMRQ 437 0 0.7005 0.2995 
 ----> pbMRQ 438 0 0.682311 0.317689 
 ----> pbMRQ 439 0 0.702382 0.297618 
 ----> pbMRQ 440 0 0.713626 0.286374 
 ----> pbMRQ 441 0 0.669678 0.330322 
 ----> pbMRQ 442 0 0.638933 0.361067 
 ----> pbMRQ 443 0 0.713021 0.286979 
 ----> pbMRQ 444 0 0.731199 0.268801 
 ----> pbMRQ 445 1 0.671586 0.328414 
 ----> pbMRQ 446 0 0.681829 0.318171 
 ----> pbMRQ 447 0 0.706925 0.293075 
 ----> pbMRQ 448 0 0.686295 0.313705 
 ----> pbMRQ 449 0 0.69856 0.30144 
 ----> pbMRQ 450 0 0.682167 0.317833 
 ----> pbMRQ 451 0 0.710168 0.289832 
 ----> pbMRQ 452 0 0.677702 0.322298 
 ----> pbMRQ 453 0 0.708421 0.291579 
 ----> pbMRQ 454 1 0.646526 0.353474 
 ----> pbMRQ 455 0 0.695252 0.304748 
 ----> pbMRQ 456 0 0.70547 0.29453 
 ----> pbMRQ 457 0 0.712548 0.287452 
 ----> pbMRQ 458 1 0.626731 0.373269 
 ----> pbMRQ 459 0 0.66612 0.33388 
 ----> pbMRQ 460 0 0.664547 0.335453 
 ----> pbMRQ 461 1 0.680182 0.319818 
 ----> pbMRQ 462 0 0.711201 0.288799 
 ----> pbMRQ 463 0 0.695978 0.304022 
 ----> pbMRQ 464 0 0.659179 0.340821 
 ----> pbMRQ 465 0 0.723722 0.276278 
 ----> pbMRQ 466 0 0.668632 0.331368 
 ----> pbMRQ 467 1 0.727698 0.272302 
 ----> pbMRQ 468 0 0.701669 0.298331 
 ----> pbMRQ 469 0 0.642073 0.357927 
 ----> pbMRQ 470 1 0.646963 0.353037 
 ----> pbMRQ 471 1 0.643303 0.356697 
 ----> pbMRQ 472 0 0.681027 0.318973 
 ----> pbMRQ 473 1 0.644028 0.355972 
 ----> pbMRQ 474 0 0.632718 0.367282 
 ----> pbMRQ 475 0 0.682 0.318 
 ----> pbMRQ 476 0 0.675532 0.324468 
 ----> pbMRQ 477 1 0.665179 0.334821 
 ----> pbMRQ 478 0 0.686713 0.313287 
 ----> pbMRQ 479 1 0.689804 0.310196 
 ----> pbMRQ 480 0 0.679329 0.320671 
 ----> pbMRQ 481 0 0.714979 0.285021 
 ----> pbMRQ 482 0 0.642372 0.357628 
 ----> pbMRQ 483 1 0.630747 0.369253 
 ----> pbMRQ 484 0 0.650785 0.349215 
 ----> pbMRQ 485 0 0.718919 0.281081 
 ----> pbMRQ 486 0 0.676206 0.323794 
 ----> pbMRQ 487 0 0.724178 0.275822 
 ----> pbMRQ 488 1 0.677583 0.322417 
 ----> pbMRQ 489 1 0.685825 0.314175 
 ----> pbMRQ 490 0 0.640265 0.359735 
 ----> pbMRQ 491 1 0.658806 0.341194 
 ----> pbMRQ 492 0 0.603665 0.396335 
 ----> pbMRQ 493 0 0.693964 0.306036 
 ----> pbMRQ 494 0 0.674039 0.325961 
 ----> pbMRQ 495 1 0.636415 0.363585 
 ----> pbMRQ 496 0 0.70962 0.29038 
 ----> pbMRQ 497 0 0.639604 0.360396 
 ----> pbMRQ 498 0 0.685894 0.314106 
 ----> pbMRQ 499 1 0.637974 0.362026 
 ----> pbMRQ 500 1 0.644473 0.355527 
 ----> pbMRQ 501 0 0.641183 0.358817 
 ----> pbMRQ 502 0 0.666706 0.333294 
 ----> pbMRQ 503 0 0.680492 0.319508 
 ----> pbMRQ 504 0 0.684596 0.315404 
 ----> pbMRQ 505 0 0.699344 0.300656 
 ----> pbMRQ 506 0 0.695563 0.304437 
 ----> pbMRQ 507 0 0.705047 0.294953 
 ----> pbMRQ 508 1 0.598413 0.401587 
 ----> pbMRQ 509 1 0.70192 0.29808 
 ----> pbMRQ 510 0 0.607954 0.392046 
 ----> pbMRQ 511 0 0.659866 0.340134 
 ----> pbMRQ 512 0 0.693951 0.306049 
 ----> pbMRQ 513 0 0.681981 0.318019 
 ----> pbMRQ 514 1 0.649574 0.350426 
 ----> pbMRQ 515 0 0.688992 0.311008 
 ----> pbMRQ 516 0 0.719815 0.280185 
 ----> pbMRQ 517 1 0.649624 0.350376 
 ----> pbMRQ 518 0 0.655508 0.344492 
 ----> pbMRQ 519 0 0.634446 0.365554 
 ----> pbMRQ 520 1 0.667451 0.332549 
 ----> pbMRQ 521 1 0.678158 0.321842 
 ----> pbMRQ 522 0 0.67363 0.32637 
 ----> pbMRQ 523 1 0.634851 0.365149 
 ----> pbMRQ 524 0 0.687105 0.312895 
 ----> pbMRQ 525 0 0.687841 0.312159 
 ----> pbMRQ 526 0 0.683718 0.316282 
 ----> pbMRQ 527 0 0.660419 0.339581 
 ----> pbMRQ 528 0 0.677647 0.322353 
 ----> pbMRQ 529 1 0.635435 0.364565 
 ----> pbMRQ 530 0 0.688561 0.311439 
 ----> pbMRQ 531 1 0.658071 0.341929 
 ----> pbMRQ 532 0 0.671028 0.328972 
 ----> pbMRQ 533 0 0.643739 0.356261 
 ----> pbMRQ 534 0 0.704045 0.295955 
 ----> pbMRQ 535 1 0.604361 0.395639 
 ----> pbMRQ 536 0 0.698079 0.301921 
 ----> pbMRQ 537 0 0.66584 0.33416 
 ----> pbMRQ 538 0 0.707151 0.292849 
 ----> pbMRQ 539 1 0.655895 0.344105 
 ----> pbMRQ 540 0 0.662972 0.337028 
 ----> pbMRQ 541 1 0.694784 0.305216 
 ----> pbMRQ 542 0 0.629746 0.370254 
 ----> pbMRQ 543 1 0.633111 0.366889 
 ----> pbMRQ 544 0 0.654959 0.345041 
 ----> pbMRQ 545 1 0.600682 0.399318 
 ----> pbMRQ 546 0 0.676402 0.323598 
 ----> pbMRQ 547 0 0.715387 0.284613 
 ----> pbMRQ 548 1 0.642081 0.357919 
 ----> pbMRQ 549 0 0.647434 0.352566 
 ----> pbMRQ 550 0 0.670128 0.329872 
 ----> pbMRQ 551 0 0.676536 0.323464 
 ----> pbMRQ 552 1 0.661102 0.338898 
 ----> pbMRQ 553 1 0.595058 0.404942 
 ----> pbMRQ 554 1 0.679847 0.320153 
 ----> pbMRQ 555 1 0.685225 0.314775 
 ----> pbMRQ 556 0 0.702362 0.297638 
 ----> pbMRQ 557 0 0.705128 0.294872 
 ----> pbMRQ 558 0 0.67957 0.32043 
 ----> pbMRQ 559 0 0.751363 0.248637 
 ----> pbMRQ 560 0 0.66269 0.33731 
 ----> pbMRQ 561 1 0.680572 0.319428 
 ----> pbMRQ 562 0 0.683983 0.316017 
 ----> pbMRQ 563 0 0.651798 0.348202 
 ----> pbMRQ 564 0 0.669319 0.330681 
 ----> pbMRQ 565 0 0.707087 0.292913 
 ----> pbMRQ 566 0 0.683865 0.316135 
 ----> pbMRQ 567 0 0.724705 0.275295 
 ----> pbMRQ 568 0 0.688641 0.311359 
 ----> pbMRQ 569 1 0.63065 0.36935 
 ----> pbMRQ 570 0 0.658399 0.341601 
 ----> pbMRQ 571 1 0.635878 0.364122 
 ----> pbMRQ 572 0 0.696142 0.303858 
 ----> pbMRQ 573 0 0.618088 0.381912 
 ----> pbMRQ 574 0 0.628731 0.371269 
 ----> pbMRQ 575 1 0.649771 0.350229 
 ----> pbMRQ 576 0 0.715046 0.284954 
 ----> pbMRQ 577 1 0.636697 0.363303 
 ----> pbMRQ 578 0 0.684648 0.315352 
 ----> pbMRQ 579 0 0.672365 0.327635 
 ----> pbMRQ 580 1 0.686952 0.313048 
 ----> pbMRQ 581 0 0.66556 0.33444 
 ----> pbMRQ 582 0 0.671108 0.328892 
 ----> pbMRQ 583 1 0.620226 0.379774 
 ----> pbMRQ 584 0 0.686804 0.313196 
 ----> pbMRQ 585 0 0.661831 0.338169 
 ----> pbMRQ 586 0 0.705751 0.294249 
 ----> pbMRQ 587 0 0.666499 0.333501 
 ----> pbMRQ 588 0 0.666315 0.333685 
 ----> pbMRQ 589 1 0.628329 0.371671 
 ----> pbMRQ 590 0 0.6658 0.3342 
 ----> pbMRQ 591 1 0.63475 0.36525 
 ----> pbMRQ 592 1 0.611786 0.388214 
 ----> pbMRQ 593 0 0.691523 0.308477 
 ----> pbMRQ 594 0 0.653547 0.346453 
 ----> pbMRQ 595 0 0.690635 0.309365 
 ----> pbMRQ 596 0 0.660201 0.339799 
 ----> pbMRQ 597 0 0.650055 0.349945 
 ----> pbMRQ 598 0 0.662794 0.337206 
 ----> pbMRQ 599 0 0.65543 0.34457 
 ----> pbMRQ 600 0 0.666191 0.333809 
 ----> pbMRQ 601 0 0.644107 0.355893 
 ----> pbMRQ 602 1 0.622267 0.377733 
 ----> pbMRQ 603 0 0.647629 0.352371 
 ----> pbMRQ 604 0 0.651822 0.348178 
 ----> pbMRQ 605 0 0.633316 0.366684 
 ----> pbMRQ 606 0 0.70148 0.29852 
 ----> pbMRQ 607 1 0.644629 0.355371 
 ----> pbMRQ 608 0 0.683272 0.316728 
 ----> pbMRQ 609 0 0.696321 0.303679 
 ----> pbMRQ 610 0 0.675843 0.324157 
 ----> pbMRQ 611 0 0.653677 0.346323 
 ----> pbMRQ 612 0 0.675569 0.324431 
 ----> pbMRQ 613 0 0.678081 0.321919 
 ----> pbMRQ 614 0 0.670521 0.329479 
 ----> pbMRQ 615 0 0.670139 0.329861 
 ----> pbMRQ 616 0 0.709781 0.290219 
 ----> pbMRQ 617 0 0.71197 0.28803 
 ----> pbMRQ 618 0 0.666767 0.333233 
 ----> pbMRQ 619 1 0.684885 0.315115 
 ----> pbMRQ 620 0 0.70326 0.29674 
 ----> pbMRQ 621 0 0.68361 0.31639 
 ----> pbMRQ 622 0 0.739454 0.260546 
 ----> pbMRQ 623 1 0.667909 0.332091 
 ----> pbMRQ 624 0 0.716419 0.283581 
 ----> pbMRQ 625 0 0.66054 0.33946 
 ----> pbMRQ 626 0 0.713487 0.286513 
 ----> pbMRQ 627 0 0.649285 0.350715 
 ----> pbMRQ 628 1 0.662536 0.337464 
 ----> pbMRQ 629 0 0.723215 0.276785 
 ----> pbMRQ 630 0 0.702427 0.297573 
 ----> pbMRQ 631 1 0.643036 0.356964 
 ----> pbMRQ 632 1 0.700955 0.299045 
 ----> pbMRQ 633 0 0.692003 0.307997 
 ----> pbMRQ 634 1 0.659764 0.340236 
 ----> pbMRQ 635 0 0.668473 0.331527 
 ----> pbMRQ 636 1 0.667443 0.332557 
 ----> pbMRQ 637 0 0.678883 0.321117 
 ----> pbMRQ 638 0 0.695034 0.304966 
 ----> pbMRQ 639 1 0.68682 0.31318 
 ----> pbMRQ 640 0 0.659724 0.340276 
 ----> pbMRQ 641 0 0.732507 0.267493 
 ----> pbMRQ 642 0 0.675198 0.324802 
 ----> pbMRQ 643 0 0.67375 0.32625 
 ----> pbMRQ 644 0 0.718021 0.281979 
 ----> pbMRQ 645 0 0.704415 0.295585 
 ----> pbMRQ 646 1 0.66 0.34 
 ----> pbMRQ 647 0 0.713167 0.286833 
 ----> pbMRQ 648 0 0.719768 0.280232 
 ----> pbMRQ 649 0 0.665414 0.334586 
 ----> pbMRQ 650 0 0.708002 0.291998 
 ----> pbMRQ 651 1 0.634831 0.365169 
 ----> pbMRQ 652 0 0.678228 0.321772 
 ----> pbMRQ 653 1 0.630219 0.369781 
 ----> pbMRQ 654 0 0.707808 0.292192 
 ----> pbMRQ 655 0 0.693543 0.306457 
 ----> pbMRQ 656 0 0.689588 0.310412 
 ----> pbMRQ 657 0 0.690555 0.309445 
 ----> pbMRQ 658 0 0.694376 0.305624 
 ----> pbMRQ 659 0 0.697792 0.302208 
 ----> pbMRQ 660 0 0.656835 0.343165 
 ----> pbMRQ 661 0 0.657681 0.342319 
 ----> pbMRQ 662 0 0.687483 0.312517 
 ----> pbMRQ 663 1 0.686779 0.313221 
 ----> pbMRQ 664 1 0.666266 0.333734 
 ----> pbMRQ 665 0 0.708982 0.291018 
 ----> pbMRQ 666 0 0.655718 0.344282 
 ----> pbMRQ 667 0 0.666296 0.333704 
 ----> pbMRQ 668 0 0.641068 0.358932 
 ----> pbMRQ 669 0 0.727727 0.272273 
 ----> pbMRQ 670 0 0.714944 0.285056 
 ----> pbMRQ 671 0 0.697857 0.302143 
 ----> pbMRQ 672 0 0.672328 0.327672 
 ----> pbMRQ 673 0 0.672416 0.327584 
 ----> pbMRQ 674 1 0.669261 0.330739 
 ----> pbMRQ 675 1 0.678001 0.321999 
 ----> pbMRQ 676 0 0.70129 0.29871 
 ----> pbMRQ 677 1 0.685071 0.314929 
 ----> pbMRQ 678 1 0.686134 0.313866 
 ----> pbMRQ 679 0 0.698057 0.301943 
 ----> pbMRQ 680 1 0.661338 0.338662 
 ----> pbMRQ 681 0 0.708095 0.291905 
 ----> pbMRQ 682 0 0.648997 0.351003 
 ----> pbMRQ 683 0 0.63767 0.36233 
 ----> pbMRQ 684 0 0.662249 0.337751 
 ----> pbMRQ 685 0 0.664474 0.335526 
 ----> pbMRQ 686 0 0.669595 0.330405 
 ----> pbMRQ 687 0 0.69365 0.30635 
 ----> pbMRQ 688 0 0.693149 0.306851 
 ----> pbMRQ 689 0 0.669964 0.330036 
 ----> pbMRQ 690 1 0.641976 0.358024 
 ----> pbMRQ 691 0 0.649739 0.350261 
 ----> pbMRQ 692 0 0.664573 0.335427 
 ----> pbMRQ 693 1 0.63018 0.36982 
 ----> pbMRQ 694 0 0.689448 0.310552 
 ----> pbMRQ 695 0 0.661825 0.338175 
 ----> pbMRQ 696 0 0.694726 0.305274 
 ----> pbMRQ 697 0 0.702901 0.297099 
 ----> pbMRQ 698 1 0.672959 0.327041 
 ----> pbMRQ 699 0 0.644171 0.355829 
 ----> pbMRQ 700 1 0.682073 0.317927 
 ----> pbMRQ 701 0 0.699356 0.300644 
 ----> pbMRQ 702 0 0.682964 0.317036 
 ----> pbMRQ 703 0 0.692886 0.307114 
 ----> pbMRQ 704 0 0.692979 0.307021 
 ----> pbMRQ 705 0 0.674317 0.325683 
 ----> pbMRQ 706 0 0.715172 0.284828 
 ----> pbMRQ 707 0 0.708689 0.291311 
 ----> pbMRQ 708 0 0.658259 0.341741 
 ----> pbMRQ 709 0 0.662358 0.337642 
 ----> pbMRQ 710 0 0.713239 0.286761 
 ----> pbMRQ 711 0 0.684421 0.315579 
 ----> pbMRQ 712 0 0.700652 0.299348 
 ----> pbMRQ 713 1 0.624559 0.375441 
 ----> pbMRQ 714 1 0.663239 0.336761 
 ----> pbMRQ 715 1 0.623789 0.376211 
 ----> pbMRQ 716 1 0.73385 0.26615 
 ----> pbMRQ 717 0 0.65823 0.34177 
 ----> pbMRQ 718 0 0.68736 0.31264 
