 ----> pbMRQ 1 1 0 0 
 ----> pbMRQ 2 0 0.638771 0.361229 
 ----> pbMRQ 3 1 0.67596 0.32404 
 ----> pbMRQ 4 1 0.645153 0.354847 
 ----> pbMRQ 5 1 0.675793 0.324207 
 ----> pbMRQ 6 1 0.65212 0.34788 
 ----> pbMRQ 7 0 0.658072 0.341928 
 ----> pbMRQ 8 0 0.694678 0.305322 
 ----> pbMRQ 9 0 0.632545 0.367455 
 ----> pbMRQ 10 1 0.669889 0.330111 
 ----> pbMRQ 11 1 0.673367 0.326633 
 ----> pbMRQ 12 0 0.605508 0.394492 
 ----> pbMRQ 13 0 0.662913 0.337087 
 ----> pbMRQ 14 1 0.637678 0.362322 
 ----> pbMRQ 15 1 0.61875 0.38125 
 ----> pbMRQ 16 1 0.619215 0.380785 
 ----> pbMRQ 17 1 0.672508 0.327492 
 ----> pbMRQ 18 0 0.630346 0.369654 
 ----> pbMRQ 19 0 0.631779 0.368221 
 ----> pbMRQ 20 0 0.582842 0.417158 
 ----> pbMRQ 21 1 0.691929 0.308071 
 ----> pbMRQ 22 0 0.588157 0.411843 
 ----> pbMRQ 23 0 0.614793 0.385207 
 ----> pbMRQ 24 0 0.67239 0.32761 
 ----> pbMRQ 25 0 0.695512 0.304488 
 ----> pbMRQ 26 1 0.53367 0.46633 
 ----> pbMRQ 27 1 0.64866 0.35134 
 ----> pbMRQ 28 1 0.666326 0.333674 
 ----> pbMRQ 29 0 0.640954 0.359046 
 ----> pbMRQ 30 0 0.655952 0.344048 
 ----> pbMRQ 31 0 0.637302 0.362698 
 ----> pbMRQ 32 0 0.672003 0.327997 
 ----> pbMRQ 33 0 0.632903 0.367097 
 ----> pbMRQ 34 1 0.623038 0.376962 
 ----> pbMRQ 35 1 0.58505 0.41495 
 ----> pbMRQ 36 0 0.64235 0.35765 
 ----> pbMRQ 37 0 0.646492 0.353508 
 ----> pbMRQ 38 0 0.683475 0.316525 
 ----> pbMRQ 39 0 0.674034 0.325966 
 ----> pbMRQ 40 1 0.664866 0.335134 
 ----> pbMRQ 41 1 0.659658 0.340342 
 ----> pbMRQ 42 1 0.648702 0.351298 
 ----> pbMRQ 43 0 0.686841 0.313159 
 ----> pbMRQ 44 1 0.648644 0.351356 
 ----> pbMRQ 45 1 0.657938 0.342062 
 ----> pbMRQ 46 0 0.669718 0.330282 
 ----> pbMRQ 47 1 0.624099 0.375901 
 ----> pbMRQ 48 1 0.647883 0.352117 
 ----> pbMRQ 49 1 0.644861 0.355139 
 ----> pbMRQ 50 1 0.636497 0.363503 
 ----> pbMRQ 51 0 0.687742 0.312258 
 ----> pbMRQ 52 1 0.626128 0.373872 
 ----> pbMRQ 53 0 0.670652 0.329348 
 ----> pbMRQ 54 0 0.6619 0.3381 
 ----> pbMRQ 55 0 0.613907 0.386093 
 ----> pbMRQ 56 1 0.612544 0.387456 
 ----> pbMRQ 57 1 0.652295 0.347705 
 ----> pbMRQ 58 0 0.656865 0.343135 
 ----> pbMRQ 59 1 0.601797 0.398203 
 ----> pbMRQ 60 0 0.666806 0.333194 
 ----> pbMRQ 61 0 0.67915 0.32085 
 ----> pbMRQ 62 0 0.679125 0.320875 
 ----> pbMRQ 63 1 0.653411 0.346589 
 ----> pbMRQ 64 1 0.620686 0.379314 
 ----> pbMRQ 65 0 0.735807 0.264193 
 ----> pbMRQ 66 0 0.690758 0.309242 
 ----> pbMRQ 67 1 0.67142 0.32858 
 ----> pbMRQ 68 1 0.656329 0.343671 
 ----> pbMRQ 69 0 0.661766 0.338234 
 ----> pbMRQ 70 1 0.673885 0.326115 
 ----> pbMRQ 71 1 0.645499 0.354501 
 ----> pbMRQ 72 1 0.663821 0.336179 
 ----> pbMRQ 73 0 0.619647 0.380353 
 ----> pbMRQ 74 0 0.660139 0.339861 
 ----> pbMRQ 75 0 0.667684 0.332316 
 ----> pbMRQ 76 1 0.673691 0.326309 
 ----> pbMRQ 77 0 0.651623 0.348377 
 ----> pbMRQ 78 1 0.647807 0.352193 
 ----> pbMRQ 79 0 0.666887 0.333113 
 ----> pbMRQ 80 1 0.653913 0.346087 
 ----> pbMRQ 81 1 0.65856 0.34144 
 ----> pbMRQ 82 1 0.641458 0.358542 
 ----> pbMRQ 83 1 0.656976 0.343024 
 ----> pbMRQ 84 1 0.644151 0.355849 
 ----> pbMRQ 85 0 0.68426 0.31574 
 ----> pbMRQ 86 0 0.671897 0.328103 
 ----> pbMRQ 87 1 0.612691 0.387309 
 ----> pbMRQ 88 1 0.604569 0.395431 
 ----> pbMRQ 89 1 0.663823 0.336177 
 ----> pbMRQ 90 1 0.659579 0.340421 
 ----> pbMRQ 91 1 0.603885 0.396115 
 ----> pbMRQ 92 0 0.662923 0.337077 
 ----> pbMRQ 93 0 0.669569 0.330431 
 ----> pbMRQ 94 1 0.616946 0.383054 
 ----> pbMRQ 95 0 0.686878 0.313122 
 ----> pbMRQ 96 0 0.641246 0.358754 
 ----> pbMRQ 97 1 0.64319 0.35681 
 ----> pbMRQ 98 1 0.614333 0.385667 
 ----> pbMRQ 99 1 0.640122 0.359878 
 ----> pbMRQ 100 0 0.663837 0.336163 
 ----> pbMRQ 101 1 0.644411 0.355589 
 ----> pbMRQ 102 0 0.642899 0.357101 
 ----> pbMRQ 103 0 0.65435 0.34565 
 ----> pbMRQ 104 0 0.666432 0.333568 
 ----> pbMRQ 105 1 0.616576 0.383424 
 ----> pbMRQ 106 0 0.674408 0.325592 
 ----> pbMRQ 107 0 0.657051 0.342949 
 ----> pbMRQ 108 0 0.641713 0.358287 
 ----> pbMRQ 109 0 0.639718 0.360282 
 ----> pbMRQ 110 1 0.621648 0.378352 
 ----> pbMRQ 111 0 0.641492 0.358508 
 ----> pbMRQ 112 0 0.670041 0.329959 
 ----> pbMRQ 113 1 0.592083 0.407917 
 ----> pbMRQ 114 1 0.62849 0.37151 
 ----> pbMRQ 115 0 0.732078 0.267922 
 ----> pbMRQ 116 0 0.570329 0.429671 
 ----> pbMRQ 117 1 0.675194 0.324806 
 ----> pbMRQ 118 1 0.618567 0.381433 
 ----> pbMRQ 119 1 0.641301 0.358699 
 ----> pbMRQ 120 0 0.638437 0.361563 
 ----> pbMRQ 121 0 0.719542 0.280458 
 ----> pbMRQ 122 1 0.612267 0.387733 
 ----> pbMRQ 123 1 0.621792 0.378208 
 ----> pbMRQ 124 0 0.660238 0.339762 
 ----> pbMRQ 125 1 0.655547 0.344453 
 ----> pbMRQ 126 0 0.62457 0.37543 
 ----> pbMRQ 127 0 0.710506 0.289494 
 ----> pbMRQ 128 0 0.658839 0.341161 
 ----> pbMRQ 129 1 0.659772 0.340228 
 ----> pbMRQ 130 0 0.633625 0.366375 
 ----> pbMRQ 131 0 0.665347 0.334653 
 ----> pbMRQ 132 0 0.6421 0.3579 
 ----> pbMRQ 133 1 0.672395 0.327605 
 ----> pbMRQ 134 1 0.632646 0.367354 
 ----> pbMRQ 135 1 0.620901 0.379099 
 ----> pbMRQ 136 0 0.655827 0.344173 
 ----> pbMRQ 137 1 0.659511 0.340489 
 ----> pbMRQ 138 0 0.680568 0.319432 
 ----> pbMRQ 139 0 0.686177 0.313823 
 ----> pbMRQ 140 1 0.625984 0.374016 
 ----> pbMRQ 141 0 0.639816 0.360184 
 ----> pbMRQ 142 1 0.597459 0.402541 
 ----> pbMRQ 143 0 0.643248 0.356752 
 ----> pbMRQ 144 1 0.642753 0.357247 
 ----> pbMRQ 145 0 0.692125 0.307875 
 ----> pbMRQ 146 0 0.683581 0.316419 
 ----> pbMRQ 147 0 0.639916 0.360084 
 ----> pbMRQ 148 0 0.651467 0.348533 
 ----> pbMRQ 149 1 0.617363 0.382637 
 ----> pbMRQ 150 1 0.625946 0.374054 
 ----> pbMRQ 151 1 0.667777 0.332223 
 ----> pbMRQ 152 0 0.676236 0.323764 
 ----> pbMRQ 153 0 0.644288 0.355712 
 ----> pbMRQ 154 0 0.672584 0.327416 
 ----> pbMRQ 155 1 0.648353 0.351647 
 ----> pbMRQ 156 1 0.665979 0.334021 
 ----> pbMRQ 157 1 0.642331 0.357669 
 ----> pbMRQ 158 0 0.647759 0.352241 
 ----> pbMRQ 159 1 0.632146 0.367854 
 ----> pbMRQ 160 0 0.642745 0.357255 
 ----> pbMRQ 161 0 0.673306 0.326694 
 ----> pbMRQ 162 1 0.674402 0.325598 
 ----> pbMRQ 163 1 0.621946 0.378054 
 ----> pbMRQ 164 1 0.566315 0.433685 
 ----> pbMRQ 165 1 0.608121 0.391879 
 ----> pbMRQ 166 0 0.675785 0.324215 
 ----> pbMRQ 167 1 0.631331 0.368669 
 ----> pbMRQ 168 0 0.683302 0.316698 
 ----> pbMRQ 169 0 0.645203 0.354797 
 ----> pbMRQ 170 1 0.690762 0.309238 
 ----> pbMRQ 171 1 0.624731 0.375269 
 ----> pbMRQ 172 0 0.68196 0.31804 
 ----> pbMRQ 173 1 0.614056 0.385944 
 ----> pbMRQ 174 0 0.670066 0.329934 
 ----> pbMRQ 175 1 0.651736 0.348264 
 ----> pbMRQ 176 0 0.674611 0.325389 
 ----> pbMRQ 177 0 0.685647 0.314353 
 ----> pbMRQ 178 1 0.622001 0.377999 
 ----> pbMRQ 179 0 0.654868 0.345132 
 ----> pbMRQ 180 0 0.660263 0.339737 
 ----> pbMRQ 181 0 0.681992 0.318008 
 ----> pbMRQ 182 0 0.657003 0.342997 
 ----> pbMRQ 183 1 0.666679 0.333321 
 ----> pbMRQ 184 1 0.664067 0.335933 
 ----> pbMRQ 185 0 0.66736 0.33264 
 ----> pbMRQ 186 0 0.656688 0.343312 
 ----> pbMRQ 187 0 0.653564 0.346436 
 ----> pbMRQ 188 1 0.685286 0.314714 
 ----> pbMRQ 189 1 0.661912 0.338088 
 ----> pbMRQ 190 0 0.655661 0.344339 
 ----> pbMRQ 191 0 0.664286 0.335714 
 ----> pbMRQ 192 1 0.64323 0.35677 
 ----> pbMRQ 193 0 0.657034 0.342966 
 ----> pbMRQ 194 0 0.663182 0.336818 
 ----> pbMRQ 195 0 0.648696 0.351304 
 ----> pbMRQ 196 1 0.642158 0.357842 
 ----> pbMRQ 197 0 0.663984 0.336016 
 ----> pbMRQ 198 0 0.623755 0.376245 
 ----> pbMRQ 199 0 0.69179 0.30821 
 ----> pbMRQ 200 0 0.675416 0.324584 
 ----> pbMRQ 201 0 0.667176 0.332824 
 ----> pbMRQ 202 0 0.659461 0.340539 
 ----> pbMRQ 203 1 0.603187 0.396813 
 ----> pbMRQ 204 1 0.678125 0.321875 
 ----> pbMRQ 205 0 0.683371 0.316629 
 ----> pbMRQ 206 1 0.638807 0.361193 
 ----> pbMRQ 207 1 0.657574 0.342426 
 ----> pbMRQ 208 0 0.676508 0.323492 
 ----> pbMRQ 209 0 0.698483 0.301517 
 ----> pbMRQ 210 0 0.687782 0.312218 
 ----> pbMRQ 211 0 0.629428 0.370572 
 ----> pbMRQ 212 0 0.663233 0.336767 
 ----> pbMRQ 213 1 0.688033 0.311967 
 ----> pbMRQ 214 0 0.682158 0.317842 
 ----> pbMRQ 215 1 0.68043 0.31957 
 ----> pbMRQ 216 0 0.654769 0.345231 
 ----> pbMRQ 217 1 0.632955 0.367045 
 ----> pbMRQ 218 0 0.673619 0.326381 
 ----> pbMRQ 219 0 0.717948 0.282052 
 ----> pbMRQ 220 0 0.664079 0.335921 
 ----> pbMRQ 221 0 0.652635 0.347365 
 ----> pbMRQ 222 1 0.678224 0.321776 
 ----> pbMRQ 223 1 0.632998 0.367002 
 ----> pbMRQ 224 0 0.641141 0.358859 
 ----> pbMRQ 225 1 0.639252 0.360748 
 ----> pbMRQ 226 1 0.684438 0.315562 
 ----> pbMRQ 227 0 0.684632 0.315368 
 ----> pbMRQ 228 0 0.68567 0.31433 
 ----> pbMRQ 229 0 0.64881 0.35119 
 ----> pbMRQ 230 0 0.642443 0.357557 
 ----> pbMRQ 231 0 0.695617 0.304383 
 ----> pbMRQ 232 1 0.668782 0.331218 
 ----> pbMRQ 233 0 0.657143 0.342857 
 ----> pbMRQ 234 0 0.710024 0.289976 
 ----> pbMRQ 235 0 0.670905 0.329095 
 ----> pbMRQ 236 1 0.725716 0.274284 
 ----> pbMRQ 237 0 0.606381 0.393619 
 ----> pbMRQ 238 0 0.677614 0.322386 
 ----> pbMRQ 239 0 0.6778 0.3222 
 ----> pbMRQ 240 1 0.648031 0.351969 
 ----> pbMRQ 241 0 0.7124 0.2876 
 ----> pbMRQ 242 1 0.650288 0.349712 
 ----> pbMRQ 243 0 0.703227 0.296773 
 ----> pbMRQ 244 1 0.674387 0.325613 
 ----> pbMRQ 245 1 0.646753 0.353247 
 ----> pbMRQ 246 0 0.679164 0.320836 
 ----> pbMRQ 247 0 0.676636 0.323364 
 ----> pbMRQ 248 1 0.656205 0.343795 
 ----> pbMRQ 249 1 0.685578 0.314422 
 ----> pbMRQ 250 0 0.669216 0.330784 
 ----> pbMRQ 251 0 0.671323 0.328677 
 ----> pbMRQ 252 0 0.702666 0.297334 
 ----> pbMRQ 253 1 0.656254 0.343746 
 ----> pbMRQ 254 0 0.650642 0.349358 
 ----> pbMRQ 255 1 0.656598 0.343402 
 ----> pbMRQ 256 0 0.711619 0.288381 
 ----> pbMRQ 257 0 0.674256 0.325744 
 ----> pbMRQ 258 0 0.66296 0.33704 
 ----> pbMRQ 259 0 0.705446 0.294554 
 ----> pbMRQ 260 1 0.610057 0.389943 
 ----> pbMRQ 261 1 0.593847 0.406153 
 ----> pbMRQ 262 0 0.666951 0.333049 
 ----> pbMRQ 263 1 0.57959 0.42041 
 ----> pbMRQ 264 1 0.664834 0.335166 
 ----> pbMRQ 265 1 0.639772 0.360228 
 ----> pbMRQ 266 0 0.674704 0.325296 
 ----> pbMRQ 267 0 0.661005 0.338995 
 ----> pbMRQ 268 1 0.680138 0.319862 
 ----> pbMRQ 269 0 0.660848 0.339152 
 ----> pbMRQ 270 1 0.634904 0.365096 
 ----> pbMRQ 271 1 0.655214 0.344786 
 ----> pbMRQ 272 0 0.668448 0.331552 
 ----> pbMRQ 273 0 0.727656 0.272344 
 ----> pbMRQ 274 1 0.586175 0.413825 
 ----> pbMRQ 275 1 0.646551 0.353449 
 ----> pbMRQ 276 0 0.651347 0.348653 
 ----> pbMRQ 277 0 0.675856 0.324144 
 ----> pbMRQ 278 0 0.696235 0.303765 
 ----> pbMRQ 279 1 0.634808 0.365192 
 ----> pbMRQ 280 1 0.640071 0.359929 
 ----> pbMRQ 281 0 0.68496 0.31504 
 ----> pbMRQ 282 1 0.622788 0.377212 
 ----> pbMRQ 283 1 0.637371 0.362629 
 ----> pbMRQ 284 1 0.666161 0.333839 
 ----> pbMRQ 285 0 0.682028 0.317972 
 ----> pbMRQ 286 0 0.625173 0.374827 
 ----> pbMRQ 287 0 0.709742 0.290258 
 ----> pbMRQ 288 0 0.642847 0.357153 
 ----> pbMRQ 289 0 0.680301 0.319699 
 ----> pbMRQ 290 0 0.681273 0.318727 
 ----> pbMRQ 291 1 0.618571 0.381429 
 ----> pbMRQ 292 0 0.722239 0.277761 
 ----> pbMRQ 293 1 0.606634 0.393366 
 ----> pbMRQ 294 1 0.63593 0.36407 
 ----> pbMRQ 295 0 0.643644 0.356356 
 ----> pbMRQ 296 0 0.65694 0.34306 
 ----> pbMRQ 297 0 0.656403 0.343597 
 ----> pbMRQ 298 1 0.634094 0.365906 
 ----> pbMRQ 299 0 0.677249 0.322751 
 ----> pbMRQ 300 0 0.696715 0.303285 
 ----> pbMRQ 301 0 0.653824 0.346176 
 ----> pbMRQ 302 0 0.682356 0.317644 
 ----> pbMRQ 303 0 0.666624 0.333376 
 ----> pbMRQ 304 0 0.641362 0.358638 
 ----> pbMRQ 305 0 0.693371 0.306629 
 ----> pbMRQ 306 0 0.695728 0.304272 
 ----> pbMRQ 307 1 0.656871 0.343129 
 ----> pbMRQ 308 0 0.685331 0.314669 
 ----> pbMRQ 309 1 0.622352 0.377648 
 ----> pbMRQ 310 0 0.701418 0.298582 
 ----> pbMRQ 311 0 0.695545 0.304455 
 ----> pbMRQ 312 0 0.646978 0.353022 
 ----> pbMRQ 313 1 0.646787 0.353213 
 ----> pbMRQ 314 0 0.745197 0.254803 
 ----> pbMRQ 315 0 0.722036 0.277964 
 ----> pbMRQ 316 0 0.672869 0.327131 
 ----> pbMRQ 317 0 0.629925 0.370075 
 ----> pbMRQ 318 0 0.667124 0.332876 
 ----> pbMRQ 319 0 0.721737 0.278263 
 ----> pbMRQ 320 0 0.680696 0.319304 
 ----> pbMRQ 321 1 0.616442 0.383558 
 ----> pbMRQ 322 1 0.649508 0.350492 
 ----> pbMRQ 323 0 0.686442 0.313558 
 ----> pbMRQ 324 0 0.71208 0.28792 
 ----> pbMRQ 325 0 0.691326 0.308674 
 ----> pbMRQ 326 1 0.629969 0.370031 
 ----> pbMRQ 327 1 0.640997 0.359003 
 ----> pbMRQ 328 0 0.71725 0.28275 
 ----> pbMRQ 329 0 0.671959 0.328041 
 ----> pbMRQ 330 0 0.697964 0.302036 
 ----> pbMRQ 331 0 0.631119 0.368881 
 ----> pbMRQ 332 0 0.73942 0.26058 
 ----> pbMRQ 333 1 0.61367 0.38633 
 ----> pbMRQ 334 1 0.663832 0.336168 
 ----> pbMRQ 335 0 0.679194 0.320806 
 ----> pbMRQ 336 1 0.596819 0.403181 
 ----> pbMRQ 337 1 0.605551 0.394449 
 ----> pbMRQ 338 1 0.618246 0.381754 
 ----> pbMRQ 339 0 0.649282 0.350718 
 ----> pbMRQ 340 0 0.669759 0.330241 
 ----> pbMRQ 341 1 0.656557 0.343443 
 ----> pbMRQ 342 1 0.640675 0.359325 
 ----> pbMRQ 343 0 0.678194 0.321806 
 ----> pbMRQ 344 0 0.68172 0.31828 
 ----> pbMRQ 345 0 0.701124 0.298876 
 ----> pbMRQ 346 0 0.680126 0.319874 
 ----> pbMRQ 347 1 0.639643 0.360357 
 ----> pbMRQ 348 0 0.69107 0.30893 
 ----> pbMRQ 349 0 0.665389 0.334611 
 ----> pbMRQ 350 1 0.646871 0.353129 
 ----> pbMRQ 351 0 0.686059 0.313941 
 ----> pbMRQ 352 0 0.692676 0.307324 
 ----> pbMRQ 353 0 0.68425 0.31575 
 ----> pbMRQ 354 0 0.685347 0.314653 
 ----> pbMRQ 355 0 0.66164 0.33836 
 ----> pbMRQ 356 0 0.654129 0.345871 
 ----> pbMRQ 357 1 0.636023 0.363977 
 ----> pbMRQ 358 0 0.634327 0.365673 
 ----> pbMRQ 359 0 0.682039 0.317961 
 ----> pbMRQ 360 0 0.71285 0.28715 
 ----> pbMRQ 361 0 0.63884 0.36116 
 ----> pbMRQ 362 1 0.659803 0.340197 
 ----> pbMRQ 363 0 0.677749 0.322251 
 ----> pbMRQ 364 0 0.675041 0.324959 
 ----> pbMRQ 365 0 0.678475 0.321525 
 ----> pbMRQ 366 1 0.659596 0.340404 
 ----> pbMRQ 367 0 0.651759 0.348241 
 ----> pbMRQ 368 0 0.687632 0.312368 
 ----> pbMRQ 369 0 0.634926 0.365074 
 ----> pbMRQ 370 1 0.659137 0.340863 
 ----> pbMRQ 371 0 0.672953 0.327047 
 ----> pbMRQ 372 0 0.668034 0.331966 
 ----> pbMRQ 373 0 0.6683 0.3317 
 ----> pbMRQ 374 0 0.72036 0.27964 
 ----> pbMRQ 375 1 0.581211 0.418789 
 ----> pbMRQ 376 0 0.675945 0.324055 
 ----> pbMRQ 377 0 0.722049 0.277951 
 ----> pbMRQ 378 1 0.606156 0.393844 
 ----> pbMRQ 379 0 0.705289 0.294711 
 ----> pbMRQ 380 0 0.628476 0.371524 
 ----> pbMRQ 381 0 0.664145 0.335855 
 ----> pbMRQ 382 0 0.640796 0.359204 
 ----> pbMRQ 383 0 0.666657 0.333343 
 ----> pbMRQ 384 0 0.720619 0.279381 
 ----> pbMRQ 385 1 0.641569 0.358431 
 ----> pbMRQ 386 0 0.708441 0.291559 
 ----> pbMRQ 387 1 0.626554 0.373446 
 ----> pbMRQ 388 1 0.642216 0.357784 
 ----> pbMRQ 389 0 0.681332 0.318668 
 ----> pbMRQ 390 0 0.646386 0.353614 
 ----> pbMRQ 391 0 0.661907 0.338093 
 ----> pbMRQ 392 1 0.646478 0.353522 
 ----> pbMRQ 393 1 0.638154 0.361846 
 ----> pbMRQ 394 0 0.647609 0.352391 
 ----> pbMRQ 395 0 0.671438 0.328562 
 ----> pbMRQ 396 0 0.67607 0.32393 
 ----> pbMRQ 397 0 0.700069 0.299931 
 ----> pbMRQ 398 1 0.589793 0.410207 
 ----> pbMRQ 399 1 0.650882 0.349118 
 ----> pbMRQ 400 1 0.654115 0.345885 
 ----> pbMRQ 401 0 0.681891 0.318109 
 ----> pbMRQ 402 0 0.645771 0.354229 
 ----> pbMRQ 403 0 0.678303 0.321697 
 ----> pbMRQ 404 0 0.665615 0.334385 
 ----> pbMRQ 405 0 0.699438 0.300562 
 ----> pbMRQ 406 1 0.66153 0.33847 
 ----> pbMRQ 407 1 0.644668 0.355332 
 ----> pbMRQ 408 0 0.650698 0.349302 
 ----> pbMRQ 409 1 0.630864 0.369136 
 ----> pbMRQ 410 0 0.681434 0.318566 
 ----> pbMRQ 411 0 0.673128 0.326872 
 ----> pbMRQ 412 1 0.668997 0.331003 
 ----> pbMRQ 413 1 0.590525 0.409475 
 ----> pbMRQ 414 0 0.648461 0.351539 
 ----> pbMRQ 415 1 0.647309 0.352691 
 ----> pbMRQ 416 0 0.624577 0.375423 
 ----> pbMRQ 417 0 0.663451 0.336549 
 ----> pbMRQ 418 1 0.655593 0.344407 
 ----> pbMRQ 419 0 0.681296 0.318704 
 ----> pbMRQ 420 0 0.678322 0.321678 
 ----> pbMRQ 421 0 0.676711 0.323289 
 ----> pbMRQ 422 0 0.723305 0.276695 
 ----> pbMRQ 423 0 0.709354 0.290646 
 ----> pbMRQ 424 0 0.696561 0.303439 
 ----> pbMRQ 425 0 0.664057 0.335943 
 ----> pbMRQ 426 1 0.625691 0.374309 
 ----> pbMRQ 427 0 0.682939 0.317061 
 ----> pbMRQ 428 0 0.667003 0.332997 
 ----> pbMRQ 429 0 0.670906 0.329094 
 ----> pbMRQ 430 0 0.680742 0.319258 
 ----> pbMRQ 431 0 0.69227 0.30773 
 ----> pbMRQ 432 0 0.678268 0.321732 
 ----> pbMRQ 433 0 0.670333 0.329667 
 ----> pbMRQ 434 0 0.685568 0.314432 
 ----> pbMRQ 435 1 0.638335 0.361665 
 ----> pbMRQ 436 0 0.689116 0.310884 
 ----> pbMRQ 437 0 0.70224 0.29776 
 ----> pbMRQ 438 0 0.666769 0.333231 
 ----> pbMRQ 439 0 0.673283 0.326717 
 ----> pbMRQ 440 0 0.713956 0.286044 
 ----> pbMRQ 441 0 0.667534 0.332466 
 ----> pbMRQ 442 0 0.647484 0.352516 
 ----> pbMRQ 443 0 0.748619 0.251381 
 ----> pbMRQ 444 0 0.667278 0.332722 
 ----> pbMRQ 445 1 0.631774 0.368226 
 ----> pbMRQ 446 0 0.676884 0.323116 
 ----> pbMRQ 447 0 0.69452 0.30548 
 ----> pbMRQ 448 0 0.716447 0.283553 
 ----> pbMRQ 449 0 0.662641 0.337359 
 ----> pbMRQ 450 0 0.752335 0.247665 
 ----> pbMRQ 451 0 0.738589 0.261411 
 ----> pbMRQ 452 0 0.659271 0.340729 
 ----> pbMRQ 453 0 0.63697 0.36303 
 ----> pbMRQ 454 1 0.658146 0.341854 
 ----> pbMRQ 455 0 0.694802 0.305198 
 ----> pbMRQ 456 0 0.631408 0.368592 
 ----> pbMRQ 457 0 0.648282 0.351718 
 ----> pbMRQ 458 1 0.698871 0.301129 
 ----> pbMRQ 459 0 0.757922 0.242078 
 ----> pbMRQ 460 0 0.661459 0.338541 
 ----> pbMRQ 461 1 0.65138 0.34862 
 ----> pbMRQ 462 0 0.717694 0.282306 
 ----> pbMRQ 463 0 0.652647 0.347353 
 ----> pbMRQ 464 0 0.662218 0.337782 
 ----> pbMRQ 465 0 0.675521 0.324479 
 ----> pbMRQ 466 0 0.701625 0.298375 
 ----> pbMRQ 467 1 0.674279 0.325721 
 ----> pbMRQ 468 0 0.688981 0.311019 
 ----> pbMRQ 469 0 0.734803 0.265197 
 ----> pbMRQ 470 1 0.655365 0.344635 
 ----> pbMRQ 471 1 0.639702 0.360298 
 ----> pbMRQ 472 0 0.66274 0.33726 
 ----> pbMRQ 473 1 0.653548 0.346452 
 ----> pbMRQ 474 0 0.670952 0.329048 
 ----> pbMRQ 475 0 0.656117 0.343883 
 ----> pbMRQ 476 0 0.659124 0.340876 
 ----> pbMRQ 477 1 0.680333 0.319667 
 ----> pbMRQ 478 0 0.709811 0.290189 
 ----> pbMRQ 479 1 0.668715 0.331285 
 ----> pbMRQ 480 0 0.702281 0.297719 
 ----> pbMRQ 481 0 0.738514 0.261486 
 ----> pbMRQ 482 0 0.694303 0.305697 
 ----> pbMRQ 483 1 0.633806 0.366194 
 ----> pbMRQ 484 0 0.698735 0.301265 
 ----> pbMRQ 485 0 0.678182 0.321818 
 ----> pbMRQ 486 0 0.664737 0.335263 
 ----> pbMRQ 487 0 0.684312 0.315688 
 ----> pbMRQ 488 1 0.65528 0.34472 
 ----> pbMRQ 489 1 0.634076 0.365924 
 ----> pbMRQ 490 0 0.691905 0.308095 
 ----> pbMRQ 491 1 0.62093 0.37907 
 ----> pbMRQ 492 0 0.688619 0.311381 
 ----> pbMRQ 493 0 0.653177 0.346823 
 ----> pbMRQ 494 0 0.710902 0.289098 
 ----> pbMRQ 495 1 0.649944 0.350056 
 ----> pbMRQ 496 0 0.712974 0.287026 
 ----> pbMRQ 497 0 0.677941 0.322059 
 ----> pbMRQ 498 0 0.715856 0.284144 
 ----> pbMRQ 499 1 0.656082 0.343918 
 ----> pbMRQ 500 1 0.677548 0.322452 
 ----> pbMRQ 501 0 0.72407 0.27593 
 ----> pbMRQ 502 0 0.682931 0.317069 
 ----> pbMRQ 503 0 0.668743 0.331257 
 ----> pbMRQ 504 0 0.678103 0.321897 
 ----> pbMRQ 505 0 0.76218 0.23782 
 ----> pbMRQ 506 0 0.716162 0.283838 
 ----> pbMRQ 507 0 0.686251 0.313749 
 ----> pbMRQ 508 1 0.670156 0.329844 
 ----> pbMRQ 509 1 0.627341 0.372659 
 ----> pbMRQ 510 0 0.697744 0.302256 
 ----> pbMRQ 511 0 0.691852 0.308148 
 ----> pbMRQ 512 0 0.679924 0.320076 
 ----> pbMRQ 513 0 0.677797 0.322203 
 ----> pbMRQ 514 1 0.607095 0.392905 
 ----> pbMRQ 515 0 0.719847 0.280153 
 ----> pbMRQ 516 0 0.704378 0.295622 
 ----> pbMRQ 517 1 0.641257 0.358743 
 ----> pbMRQ 518 0 0.698578 0.301422 
 ----> pbMRQ 519 0 0.649226 0.350774 
 ----> pbMRQ 520 1 0.66087 0.33913 
 ----> pbMRQ 521 1 0.614586 0.385414 
 ----> pbMRQ 522 0 0.723097 0.276903 
 ----> pbMRQ 523 1 0.622338 0.377662 
 ----> pbMRQ 524 0 0.700392 0.299608 
 ----> pbMRQ 525 0 0.714819 0.285181 
 ----> pbMRQ 526 0 0.728423 0.271577 
 ----> pbMRQ 527 0 0.653114 0.346886 
 ----> pbMRQ 528 0 0.679205 0.320795 
 ----> pbMRQ 529 1 0.650865 0.349135 
 ----> pbMRQ 530 0 0.68098 0.31902 
 ----> pbMRQ 531 1 0.602029 0.397971 
 ----> pbMRQ 532 0 0.664741 0.335259 
 ----> pbMRQ 533 0 0.666321 0.333679 
 ----> pbMRQ 534 0 0.701437 0.298563 
 ----> pbMRQ 535 1 0.640867 0.359133 
 ----> pbMRQ 536 0 0.643787 0.356213 
 ----> pbMRQ 537 0 0.66723 0.33277 
 ----> pbMRQ 538 0 0.712572 0.287428 
 ----> pbMRQ 539 1 0.637971 0.362029 
 ----> pbMRQ 540 0 0.689136 0.310864 
 ----> pbMRQ 541 1 0.677678 0.322322 
 ----> pbMRQ 542 0 0.63202 0.36798 
 ----> pbMRQ 543 1 0.621032 0.378968 
 ----> pbMRQ 544 0 0.648686 0.351314 
 ----> pbMRQ 545 1 0.588908 0.411092 
 ----> pbMRQ 546 0 0.681711 0.318289 
 ----> pbMRQ 547 0 0.71625 0.28375 
 ----> pbMRQ 548 1 0.607302 0.392698 
 ----> pbMRQ 549 0 0.700521 0.299479 
 ----> pbMRQ 550 0 0.712197 0.287803 
 ----> pbMRQ 551 0 0.705821 0.294179 
 ----> pbMRQ 552 1 0.662048 0.337952 
 ----> pbMRQ 553 1 0.625187 0.374813 
 ----> pbMRQ 554 1 0.63228 0.36772 
 ----> pbMRQ 555 1 0.694546 0.305454 
 ----> pbMRQ 556 0 0.677471 0.322529 
 ----> pbMRQ 557 0 0.673175 0.326825 
 ----> pbMRQ 558 0 0.692089 0.307911 
 ----> pbMRQ 559 0 0.702978 0.297022 
 ----> pbMRQ 560 0 0.670725 0.329275 
 ----> pbMRQ 561 1 0.577717 0.422283 
 ----> pbMRQ 562 0 0.683893 0.316107 
 ----> pbMRQ 563 0 0.660592 0.339408 
 ----> pbMRQ 564 0 0.655324 0.344676 
 ----> pbMRQ 565 0 0.646991 0.353009 
 ----> pbMRQ 566 0 0.683616 0.316384 
 ----> pbMRQ 567 0 0.691117 0.308883 
 ----> pbMRQ 568 0 0.658335 0.341665 
 ----> pbMRQ 569 1 0.641082 0.358918 
 ----> pbMRQ 570 0 0.682064 0.317936 
 ----> pbMRQ 571 1 0.588716 0.411284 
 ----> pbMRQ 572 0 0.680916 0.319084 
 ----> pbMRQ 573 0 0.659465 0.340535 
 ----> pbMRQ 574 0 0.638884 0.361116 
 ----> pbMRQ 575 1 0.647189 0.352811 
 ----> pbMRQ 576 0 0.709297 0.290703 
 ----> pbMRQ 577 1 0.624344 0.375656 
 ----> pbMRQ 578 0 0.702248 0.297752 
 ----> pbMRQ 579 0 0.648758 0.351242 
 ----> pbMRQ 580 1 0.628071 0.371929 
 ----> pbMRQ 581 0 0.712746 0.287254 
 ----> pbMRQ 582 0 0.723258 0.276742 
 ----> pbMRQ 583 1 0.639995 0.360005 
 ----> pbMRQ 584 0 0.660697 0.339303 
 ----> pbMRQ 585 0 0.676481 0.323519 
 ----> pbMRQ 586 0 0.700283 0.299717 
 ----> pbMRQ 587 0 0.648026 0.351974 
 ----> pbMRQ 588 0 0.667934 0.332066 
 ----> pbMRQ 589 1 0.58232 0.41768 
 ----> pbMRQ 590 0 0.687952 0.312048 
 ----> pbMRQ 591 1 0.640803 0.359197 
 ----> pbMRQ 592 1 0.641426 0.358574 
 ----> pbMRQ 593 0 0.68032 0.31968 
 ----> pbMRQ 594 0 0.695745 0.304255 
 ----> pbMRQ 595 0 0.682875 0.317125 
 ----> pbMRQ 596 0 0.639034 0.360966 
 ----> pbMRQ 597 0 0.67496 0.32504 
 ----> pbMRQ 598 0 0.678403 0.321597 
 ----> pbMRQ 599 0 0.685536 0.314464 
 ----> pbMRQ 600 0 0.693611 0.306389 
 ----> pbMRQ 601 0 0.667095 0.332905 
 ----> pbMRQ 602 1 0.612599 0.387401 
 ----> pbMRQ 603 0 0.734167 0.265833 
 ----> pbMRQ 604 0 0.647278 0.352722 
 ----> pbMRQ 605 0 0.692829 0.307171 
 ----> pbMRQ 606 0 0.731216 0.268784 
 ----> pbMRQ 607 1 0.653737 0.346263 
 ----> pbMRQ 608 0 0.656594 0.343406 
 ----> pbMRQ 609 0 0.71907 0.28093 
 ----> pbMRQ 610 0 0.694981 0.305019 
 ----> pbMRQ 611 0 0.668129 0.331871 
 ----> pbMRQ 612 0 0.727121 0.272879 
 ----> pbMRQ 613 0 0.710091 0.289909 
 ----> pbMRQ 614 0 0.701479 0.298521 
 ----> pbMRQ 615 0 0.68581 0.31419 
 ----> pbMRQ 616 0 0.713233 0.286767 
 ----> pbMRQ 617 0 0.692538 0.307462 
 ----> pbMRQ 618 0 0.702158 0.297842 
 ----> pbMRQ 619 1 0.655333 0.344667 
 ----> pbMRQ 620 0 0.671207 0.328793 
 ----> pbMRQ 621 0 0.68647 0.31353 
 ----> pbMRQ 622 0 0.73411 0.26589 
 ----> pbMRQ 623 1 0.615112 0.384888 
 ----> pbMRQ 624 0 0.70493 0.29507 
 ----> pbMRQ 625 0 0.703063 0.296937 
 ----> pbMRQ 626 0 0.663162 0.336838 
 ----> pbMRQ 627 0 0.680119 0.319881 
 ----> pbMRQ 628 1 0.632966 0.367034 
 ----> pbMRQ 629 0 0.663489 0.336511 
 ----> pbMRQ 630 0 0.675284 0.324716 
 ----> pbMRQ 631 1 0.657635 0.342365 
 ----> pbMRQ 632 1 0.634447 0.365553 
 ----> pbMRQ 633 0 0.678788 0.321212 
 ----> pbMRQ 634 1 0.67574 0.32426 
 ----> pbMRQ 635 0 0.730693 0.269307 
 ----> pbMRQ 636 1 0.548157 0.451843 
 ----> pbMRQ 637 0 0.679004 0.320996 
 ----> pbMRQ 638 0 0.671469 0.328531 
 ----> pbMRQ 639 1 0.66078 0.33922 
 ----> pbMRQ 640 0 0.67539 0.32461 
 ----> pbMRQ 641 0 0.707396 0.292604 
 ----> pbMRQ 642 0 0.72408 0.27592 
 ----> pbMRQ 643 0 0.717031 0.282969 
 ----> pbMRQ 644 0 0.688601 0.311399 
 ----> pbMRQ 645 0 0.685291 0.314709 
 ----> pbMRQ 646 1 0.653253 0.346747 
 ----> pbMRQ 647 0 0.637094 0.362906 
 ----> pbMRQ 648 0 0.655247 0.344753 
 ----> pbMRQ 649 0 0.708728 0.291272 
 ----> pbMRQ 650 0 0.68593 0.31407 
 ----> pbMRQ 651 1 0.657668 0.342332 
 ----> pbMRQ 652 0 0.668996 0.331004 
 ----> pbMRQ 653 1 0.687462 0.312538 
 ----> pbMRQ 654 0 0.678606 0.321394 
 ----> pbMRQ 655 0 0.666141 0.333859 
 ----> pbMRQ 656 0 0.682591 0.317409 
 ----> pbMRQ 657 0 0.639607 0.360393 
 ----> pbMRQ 658 0 0.708931 0.291069 
 ----> pbMRQ 659 0 0.649785 0.350215 
 ----> pbMRQ 660 0 0.673827 0.326173 
 ----> pbMRQ 661 0 0.675727 0.324273 
 ----> pbMRQ 662 0 0.666457 0.333543 
 ----> pbMRQ 663 1 0.676201 0.323799 
 ----> pbMRQ 664 1 0.672562 0.327438 
 ----> pbMRQ 665 0 0.674359 0.325641 
 ----> pbMRQ 666 0 0.695865 0.304135 
 ----> pbMRQ 667 0 0.686458 0.313542 
 ----> pbMRQ 668 0 0.698068 0.301932 
 ----> pbMRQ 669 0 0.665045 0.334955 
 ----> pbMRQ 670 0 0.689689 0.310311 
 ----> pbMRQ 671 0 0.700629 0.299371 
 ----> pbMRQ 672 0 0.720362 0.279638 
 ----> pbMRQ 673 0 0.664304 0.335696 
 ----> pbMRQ 674 1 0.663255 0.336745 
 ----> pbMRQ 675 1 0.684639 0.315361 
 ----> pbMRQ 676 0 0.708234 0.291766 
 ----> pbMRQ 677 1 0.675274 0.324726 
 ----> pbMRQ 678 1 0.645487 0.354513 
 ----> pbMRQ 679 0 0.691825 0.308175 
 ----> pbMRQ 680 1 0.654353 0.345647 
 ----> pbMRQ 681 0 0.689519 0.310481 
 ----> pbMRQ 682 0 0.667697 0.332303 
 ----> pbMRQ 683 0 0.643102 0.356898 
 ----> pbMRQ 684 0 0.677454 0.322546 
 ----> pbMRQ 685 0 0.662012 0.337988 
 ----> pbMRQ 686 0 0.760058 0.239942 
 ----> pbMRQ 687 0 0.715967 0.284033 
 ----> pbMRQ 688 0 0.614331 0.385669 
 ----> pbMRQ 689 0 0.686149 0.313851 
 ----> pbMRQ 690 1 0.676159 0.323841 
 ----> pbMRQ 691 0 0.677861 0.322139 
 ----> pbMRQ 692 0 0.650784 0.349216 
 ----> pbMRQ 693 1 0.625542 0.374458 
 ----> pbMRQ 694 0 0.70124 0.29876 
 ----> pbMRQ 695 0 0.653766 0.346234 
 ----> pbMRQ 696 0 0.669245 0.330755 
 ----> pbMRQ 697 0 0.69332 0.30668 
 ----> pbMRQ 698 1 0.651367 0.348633 
 ----> pbMRQ 699 0 0.652763 0.347237 
 ----> pbMRQ 700 1 0.657681 0.342319 
 ----> pbMRQ 701 0 0.668759 0.331241 
 ----> pbMRQ 702 0 0.664386 0.335614 
 ----> pbMRQ 703 0 0.688506 0.311494 
 ----> pbMRQ 704 0 0.680184 0.319816 
 ----> pbMRQ 705 0 0.667295 0.332705 
 ----> pbMRQ 706 0 0.64821 0.35179 
 ----> pbMRQ 707 0 0.662567 0.337433 
 ----> pbMRQ 708 0 0.652603 0.347397 
 ----> pbMRQ 709 0 0.693303 0.306697 
 ----> pbMRQ 710 0 0.685779 0.314221 
 ----> pbMRQ 711 0 0.731472 0.268528 
 ----> pbMRQ 712 0 0.656625 0.343375 
 ----> pbMRQ 713 1 0.675354 0.324646 
 ----> pbMRQ 714 1 0.736897 0.263103 
 ----> pbMRQ 715 1 0.666504 0.333496 
 ----> pbMRQ 716 1 0.688899 0.311101 
 ----> pbMRQ 717 0 0.696408 0.303592 
 ----> pbMRQ 718 0 0.653456 0.346544 
