 ----> pbMRQ 1 1 0 0 
 ----> pbMRQ 2 0 0 0 
 ----> pbMRQ 3 1 0 0 
 ----> pbMRQ 4 1 0.684061 0.315939 
 ----> pbMRQ 5 1 0.691589 0.308411 
 ----> pbMRQ 6 1 0.62 0.38 
 ----> pbMRQ 7 0 0.662673 0.337327 
 ----> pbMRQ 8 0 0.68742 0.31258 
 ----> pbMRQ 9 0 0.675243 0.324757 
 ----> pbMRQ 10 1 0.617181 0.382819 
 ----> pbMRQ 11 1 0.66964 0.33036 
 ----> pbMRQ 12 0 0.673462 0.326538 
 ----> pbMRQ 13 0 0.665987 0.334013 
 ----> pbMRQ 14 1 0.648721 0.351279 
 ----> pbMRQ 15 1 0.62364 0.37636 
 ----> pbMRQ 16 1 0.595744 0.404256 
 ----> pbMRQ 17 1 0.6062 0.3938 
 ----> pbMRQ 18 0 0.640282 0.359718 
 ----> pbMRQ 19 0 0.606294 0.393706 
 ----> pbMRQ 20 0 0.679454 0.320546 
 ----> pbMRQ 21 1 0.629056 0.370944 
 ----> pbMRQ 22 0 0.643924 0.356076 
 ----> pbMRQ 23 0 0.651746 0.348254 
 ----> pbMRQ 24 0 0.634562 0.365438 
 ----> pbMRQ 25 0 0.652443 0.347557 
 ----> pbMRQ 26 1 0.627374 0.372626 
 ----> pbMRQ 27 1 0.662765 0.337235 
 ----> pbMRQ 28 1 0.633355 0.366645 
 ----> pbMRQ 29 0 0.634688 0.365312 
 ----> pbMRQ 30 0 0.680251 0.319749 
 ----> pbMRQ 31 0 0.641732 0.358268 
 ----> pbMRQ 32 0 0.665289 0.334711 
 ----> pbMRQ 33 0 0.659593 0.340407 
 ----> pbMRQ 34 1 0.662176 0.337824 
 ----> pbMRQ 35 1 0.644584 0.355416 
 ----> pbMRQ 36 0 0.658096 0.341904 
 ----> pbMRQ 37 0 0.677156 0.322844 
 ----> pbMRQ 38 0 0.659268 0.340732 
 ----> pbMRQ 39 0 0.642741 0.357259 
 ----> pbMRQ 40 1 0.653064 0.346936 
 ----> pbMRQ 41 1 0.656031 0.343969 
 ----> pbMRQ 42 1 0.666668 0.333332 
 ----> pbMRQ 43 0 0.661483 0.338517 
 ----> pbMRQ 44 1 0.683477 0.316523 
 ----> pbMRQ 45 1 0.63464 0.36536 
 ----> pbMRQ 46 0 0.647379 0.352621 
 ----> pbMRQ 47 1 0.645984 0.354016 
 ----> pbMRQ 48 1 0.641393 0.358607 
 ----> pbMRQ 49 1 0.646795 0.353205 
 ----> pbMRQ 50 1 0.644973 0.355027 
 ----> pbMRQ 51 0 0.669281 0.330719 
 ----> pbMRQ 52 1 0.672366 0.327634 
 ----> pbMRQ 53 0 0.659524 0.340476 
 ----> pbMRQ 54 0 0.666873 0.333127 
 ----> pbMRQ 55 0 0.666435 0.333565 
 ----> pbMRQ 56 1 0.641612 0.358388 
 ----> pbMRQ 57 1 0.658698 0.341302 
 ----> pbMRQ 58 0 0.649058 0.350942 
 ----> pbMRQ 59 1 0.628008 0.371992 
 ----> pbMRQ 60 0 0.671594 0.328406 
 ----> pbMRQ 61 0 0.647476 0.352524 
 ----> pbMRQ 62 0 0.628931 0.371069 
 ----> pbMRQ 63 1 0.614237 0.385763 
 ----> pbMRQ 64 1 0.607956 0.392044 
 ----> pbMRQ 65 0 0.654348 0.345652 
 ----> pbMRQ 66 0 0.656463 0.343537 
 ----> pbMRQ 67 1 0.644637 0.355363 
 ----> pbMRQ 68 1 0.611931 0.388069 
 ----> pbMRQ 69 0 0.699407 0.300593 
 ----> pbMRQ 70 1 0.598586 0.401414 
 ----> pbMRQ 71 1 0.652328 0.347672 
 ----> pbMRQ 72 1 0.626372 0.373628 
 ----> pbMRQ 73 0 0.659902 0.340098 
 ----> pbMRQ 74 0 0.659808 0.340192 
 ----> pbMRQ 75 0 0.633625 0.366375 
 ----> pbMRQ 76 1 0.639833 0.360167 
 ----> pbMRQ 77 0 0.630545 0.369455 
 ----> pbMRQ 78 1 0.620656 0.379344 
 ----> pbMRQ 79 0 0.67702 0.32298 
 ----> pbMRQ 80 1 0.615641 0.384359 
 ----> pbMRQ 81 1 0.66169 0.33831 
 ----> pbMRQ 82 1 0.604049 0.395951 
 ----> pbMRQ 83 1 0.663582 0.336418 
 ----> pbMRQ 84 1 0.620493 0.379507 
 ----> pbMRQ 85 0 0.675819 0.324181 
 ----> pbMRQ 86 0 0.680435 0.319565 
 ----> pbMRQ 87 1 0.651321 0.348679 
 ----> pbMRQ 88 1 0.635903 0.364097 
 ----> pbMRQ 89 1 0.629213 0.370787 
 ----> pbMRQ 90 1 0.651727 0.348273 
 ----> pbMRQ 91 1 0.66332 0.33668 
 ----> pbMRQ 92 0 0.648141 0.351859 
 ----> pbMRQ 93 0 0.63629 0.36371 
 ----> pbMRQ 94 1 0.619458 0.380542 
 ----> pbMRQ 95 0 0.656761 0.343239 
 ----> pbMRQ 96 0 0.673254 0.326746 
 ----> pbMRQ 97 1 0.664908 0.335092 
 ----> pbMRQ 98 1 0.619056 0.380944 
 ----> pbMRQ 99 1 0.612451 0.387549 
 ----> pbMRQ 100 0 0.661027 0.338973 
 ----> pbMRQ 101 1 0.650299 0.349701 
 ----> pbMRQ 102 0 0.67299 0.32701 
 ----> pbMRQ 103 0 0.644179 0.355821 
 ----> pbMRQ 104 0 0.670767 0.329233 
 ----> pbMRQ 105 1 0.639765 0.360235 
 ----> pbMRQ 106 0 0.648155 0.351845 
 ----> pbMRQ 107 0 0.670676 0.329324 
 ----> pbMRQ 108 0 0.657302 0.342698 
 ----> pbMRQ 109 0 0.649532 0.350468 
 ----> pbMRQ 110 1 0.636305 0.363695 
 ----> pbMRQ 111 0 0.683488 0.316512 
 ----> pbMRQ 112 0 0.694903 0.305097 
 ----> pbMRQ 113 1 0.636618 0.363382 
 ----> pbMRQ 114 1 0.640896 0.359104 
 ----> pbMRQ 115 0 0.690279 0.309721 
 ----> pbMRQ 116 0 0.664757 0.335243 
 ----> pbMRQ 117 1 0.655608 0.344392 
 ----> pbMRQ 118 1 0.632325 0.367675 
 ----> pbMRQ 119 1 0.585663 0.414337 
 ----> pbMRQ 120 0 0.67134 0.32866 
 ----> pbMRQ 121 0 0.654472 0.345528 
 ----> pbMRQ 122 1 0.632916 0.367084 
 ----> pbMRQ 123 1 0.664226 0.335774 
 ----> pbMRQ 124 0 0.676095 0.323905 
 ----> pbMRQ 125 1 0.654257 0.345743 
 ----> pbMRQ 126 0 0.656851 0.343149 
 ----> pbMRQ 127 0 0.660321 0.339679 
 ----> pbMRQ 128 0 0.684261 0.315739 
 ----> pbMRQ 129 1 0.639001 0.360999 
 ----> pbMRQ 130 0 0.667974 0.332026 
 ----> pbMRQ 131 0 0.638906 0.361094 
 ----> pbMRQ 132 0 0.676602 0.323398 
 ----> pbMRQ 133 1 0.596043 0.403957 
 ----> pbMRQ 134 1 0.580284 0.419716 
 ----> pbMRQ 135 1 0.646513 0.353487 
 ----> pbMRQ 136 0 0.638593 0.361407 
 ----> pbMRQ 137 1 0.617555 0.382445 
 ----> pbMRQ 138 0 0.710592 0.289408 
 ----> pbMRQ 139 0 0.64653 0.35347 
 ----> pbMRQ 140 1 0.616098 0.383902 
 ----> pbMRQ 141 0 0.634047 0.365953 
 ----> pbMRQ 142 1 0.625077 0.374923 
 ----> pbMRQ 143 0 0.628873 0.371127 
 ----> pbMRQ 144 1 0.673489 0.326511 
 ----> pbMRQ 145 0 0.694713 0.305287 
 ----> pbMRQ 146 0 0.65582 0.34418 
 ----> pbMRQ 147 0 0.691817 0.308183 
 ----> pbMRQ 148 0 0.711621 0.288379 
 ----> pbMRQ 149 1 0.610542 0.389458 
 ----> pbMRQ 150 1 0.622567 0.377433 
 ----> pbMRQ 151 1 0.647612 0.352388 
 ----> pbMRQ 152 0 0.669386 0.330614 
 ----> pbMRQ 153 0 0.640316 0.359684 
 ----> pbMRQ 154 0 0.686554 0.313446 
 ----> pbMRQ 155 1 0.651032 0.348968 
 ----> pbMRQ 156 1 0.632637 0.367363 
 ----> pbMRQ 157 1 0.59302 0.40698 
 ----> pbMRQ 158 0 0.684122 0.315878 
 ----> pbMRQ 159 1 0.636549 0.363451 
 ----> pbMRQ 160 0 0.672522 0.327478 
 ----> pbMRQ 161 0 0.634993 0.365007 
 ----> pbMRQ 162 1 0.630933 0.369067 
 ----> pbMRQ 163 1 0.607759 0.392241 
 ----> pbMRQ 164 1 0.61907 0.38093 
 ----> pbMRQ 165 1 0.606624 0.393376 
 ----> pbMRQ 166 0 0.666641 0.333359 
 ----> pbMRQ 167 1 0.626582 0.373418 
 ----> pbMRQ 168 0 0.711696 0.288304 
 ----> pbMRQ 169 0 0.645915 0.354085 
 ----> pbMRQ 170 1 0.627385 0.372615 
 ----> pbMRQ 171 1 0.634939 0.365061 
 ----> pbMRQ 172 0 0.675608 0.324392 
 ----> pbMRQ 173 1 0.626859 0.373141 
 ----> pbMRQ 174 0 0.647815 0.352185 
 ----> pbMRQ 175 1 0.635326 0.364674 
 ----> pbMRQ 176 0 0.669827 0.330173 
 ----> pbMRQ 177 0 0.635425 0.364575 
 ----> pbMRQ 178 1 0.658088 0.341912 
 ----> pbMRQ 179 0 0.672537 0.327463 
 ----> pbMRQ 180 0 0.652249 0.347751 
 ----> pbMRQ 181 0 0.655076 0.344924 
 ----> pbMRQ 182 0 0.683056 0.316944 
 ----> pbMRQ 183 1 0.613365 0.386635 
 ----> pbMRQ 184 1 0.600997 0.399003 
 ----> pbMRQ 185 0 0.64375 0.35625 
 ----> pbMRQ 186 0 0.643201 0.356799 
 ----> pbMRQ 187 0 0.655356 0.344644 
 ----> pbMRQ 188 1 0.566157 0.433843 
 ----> pbMRQ 189 1 0.642403 0.357597 
 ----> pbMRQ 190 0 0.643484 0.356516 
 ----> pbMRQ 191 0 0.695269 0.304731 
 ----> pbMRQ 192 1 0.651578 0.348422 
 ----> pbMRQ 193 0 0.710427 0.289573 
 ----> pbMRQ 194 0 0.660793 0.339207 
 ----> pbMRQ 195 0 0.692904 0.307096 
 ----> pbMRQ 196 1 0.624936 0.375064 
 ----> pbMRQ 197 0 0.689579 0.310421 
 ----> pbMRQ 198 0 0.669027 0.330973 
 ----> pbMRQ 199 0 0.68328 0.31672 
 ----> pbMRQ 200 0 0.646855 0.353145 
 ----> pbMRQ 201 0 0.662841 0.337159 
 ----> pbMRQ 202 0 0.675629 0.324371 
 ----> pbMRQ 203 1 0.63357 0.36643 
 ----> pbMRQ 204 1 0.642758 0.357242 
 ----> pbMRQ 205 0 0.679277 0.320723 
 ----> pbMRQ 206 1 0.609198 0.390802 
 ----> pbMRQ 207 1 0.626138 0.373862 
 ----> pbMRQ 208 0 0.690416 0.309584 
 ----> pbMRQ 209 0 0.67051 0.32949 
 ----> pbMRQ 210 0 0.62989 0.37011 
 ----> pbMRQ 211 0 0.671228 0.328772 
 ----> pbMRQ 212 0 0.642401 0.357599 
 ----> pbMRQ 213 1 0.637352 0.362648 
 ----> pbMRQ 214 0 0.692868 0.307132 
 ----> pbMRQ 215 1 0.673305 0.326695 
 ----> pbMRQ 216 0 0.658252 0.341748 
 ----> pbMRQ 217 1 0.641617 0.358383 
 ----> pbMRQ 218 0 0.658616 0.341384 
 ----> pbMRQ 219 0 0.674911 0.325089 
 ----> pbMRQ 220 0 0.695003 0.304997 
 ----> pbMRQ 221 0 0.65966 0.34034 
 ----> pbMRQ 222 1 0.597955 0.402045 
 ----> pbMRQ 223 1 0.669443 0.330557 
 ----> pbMRQ 224 0 0.664084 0.335916 
 ----> pbMRQ 225 1 0.598695 0.401305 
 ----> pbMRQ 226 1 0.602397 0.397603 
 ----> pbMRQ 227 0 0.636711 0.363289 
 ----> pbMRQ 228 0 0.694479 0.305521 
 ----> pbMRQ 229 0 0.683995 0.316005 
 ----> pbMRQ 230 0 0.636891 0.363109 
 ----> pbMRQ 231 0 0.658173 0.341827 
 ----> pbMRQ 232 1 0.629279 0.370721 
 ----> pbMRQ 233 0 0.671632 0.328368 
 ----> pbMRQ 234 0 0.703469 0.296531 
 ----> pbMRQ 235 0 0.672002 0.327998 
 ----> pbMRQ 236 1 0.663325 0.336675 
 ----> pbMRQ 237 0 0.683752 0.316248 
 ----> pbMRQ 238 0 0.652416 0.347584 
 ----> pbMRQ 239 0 0.700609 0.299391 
 ----> pbMRQ 240 1 0.66077 0.33923 
 ----> pbMRQ 241 0 0.675251 0.324749 
 ----> pbMRQ 242 1 0.655075 0.344925 
 ----> pbMRQ 243 0 0.664366 0.335634 
 ----> pbMRQ 244 1 0.658297 0.341703 
 ----> pbMRQ 245 1 0.643047 0.356953 
 ----> pbMRQ 246 0 0.667054 0.332946 
 ----> pbMRQ 247 0 0.679128 0.320872 
 ----> pbMRQ 248 1 0.65771 0.34229 
 ----> pbMRQ 249 1 0.651672 0.348328 
 ----> pbMRQ 250 0 0.659877 0.340123 
 ----> pbMRQ 251 0 0.682869 0.317131 
 ----> pbMRQ 252 0 0.658072 0.341928 
 ----> pbMRQ 253 1 0.601705 0.398295 
 ----> pbMRQ 254 0 0.645493 0.354507 
 ----> pbMRQ 255 1 0.627605 0.372395 
 ----> pbMRQ 256 0 0.670735 0.329265 
 ----> pbMRQ 257 0 0.655769 0.344231 
 ----> pbMRQ 258 0 0.624931 0.375069 
 ----> pbMRQ 259 0 0.667457 0.332543 
 ----> pbMRQ 260 1 0.647415 0.352585 
 ----> pbMRQ 261 1 0.682049 0.317951 
 ----> pbMRQ 262 0 0.702719 0.297281 
 ----> pbMRQ 263 1 0.643708 0.356292 
 ----> pbMRQ 264 1 0.662986 0.337014 
 ----> pbMRQ 265 1 0.645248 0.354752 
 ----> pbMRQ 266 0 0.695317 0.304683 
 ----> pbMRQ 267 0 0.645792 0.354208 
 ----> pbMRQ 268 1 0.67372 0.32628 
 ----> pbMRQ 269 0 0.669881 0.330119 
 ----> pbMRQ 270 1 0.657676 0.342324 
 ----> pbMRQ 271 1 0.6274 0.3726 
 ----> pbMRQ 272 0 0.643768 0.356232 
 ----> pbMRQ 273 0 0.659802 0.340198 
 ----> pbMRQ 274 1 0.634418 0.365582 
 ----> pbMRQ 275 1 0.623382 0.376618 
 ----> pbMRQ 276 0 0.625728 0.374272 
 ----> pbMRQ 277 0 0.653116 0.346884 
 ----> pbMRQ 278 0 0.655789 0.344211 
 ----> pbMRQ 279 1 0.635121 0.364879 
 ----> pbMRQ 280 1 0.618446 0.381554 
 ----> pbMRQ 281 0 0.684153 0.315847 
 ----> pbMRQ 282 1 0.650116 0.349884 
 ----> pbMRQ 283 1 0.580732 0.419268 
 ----> pbMRQ 284 1 0.620968 0.379032 
 ----> pbMRQ 285 0 0.69926 0.30074 
 ----> pbMRQ 286 0 0.685155 0.314845 
 ----> pbMRQ 287 0 0.655385 0.344615 
 ----> pbMRQ 288 0 0.689015 0.310985 
 ----> pbMRQ 289 0 0.684173 0.315827 
 ----> pbMRQ 290 0 0.684532 0.315468 
 ----> pbMRQ 291 1 0.604108 0.395892 
 ----> pbMRQ 292 0 0.678658 0.321342 
 ----> pbMRQ 293 1 0.618181 0.381819 
 ----> pbMRQ 294 1 0.643263 0.356737 
 ----> pbMRQ 295 0 0.643605 0.356395 
 ----> pbMRQ 296 0 0.631306 0.368694 
 ----> pbMRQ 297 0 0.687466 0.312534 
 ----> pbMRQ 298 1 0.632081 0.367919 
 ----> pbMRQ 299 0 0.66191 0.33809 
 ----> pbMRQ 300 0 0.687393 0.312607 
 ----> pbMRQ 301 0 0.62605 0.37395 
 ----> pbMRQ 302 0 0.679474 0.320526 
 ----> pbMRQ 303 0 0.670368 0.329632 
 ----> pbMRQ 304 0 0.702316 0.297684 
 ----> pbMRQ 305 0 0.64465 0.35535 
 ----> pbMRQ 306 0 0.672382 0.327618 
 ----> pbMRQ 307 1 0.627342 0.372658 
 ----> pbMRQ 308 0 0.669819 0.330181 
 ----> pbMRQ 309 1 0.611785 0.388215 
 ----> pbMRQ 310 0 0.66934 0.33066 
 ----> pbMRQ 311 0 0.667625 0.332375 
 ----> pbMRQ 312 0 0.652484 0.347516 
 ----> pbMRQ 313 1 0.620035 0.379965 
 ----> pbMRQ 314 0 0.674926 0.325074 
 ----> pbMRQ 315 0 0.682192 0.317808 
 ----> pbMRQ 316 0 0.698014 0.301986 
 ----> pbMRQ 317 0 0.662704 0.337296 
 ----> pbMRQ 318 0 0.676577 0.323423 
 ----> pbMRQ 319 0 0.686553 0.313447 
 ----> pbMRQ 320 0 0.687385 0.312615 
 ----> pbMRQ 321 1 0.654451 0.345549 
 ----> pbMRQ 322 1 0.627916 0.372084 
 ----> pbMRQ 323 0 0.670278 0.329722 
 ----> pbMRQ 324 0 0.680904 0.319096 
 ----> pbMRQ 325 0 0.685975 0.314025 
 ----> pbMRQ 326 1 0.66985 0.33015 
 ----> pbMRQ 327 1 0.668781 0.331219 
 ----> pbMRQ 328 0 0.703678 0.296322 
 ----> pbMRQ 329 0 0.685199 0.314801 
 ----> pbMRQ 330 0 0.665564 0.334436 
 ----> pbMRQ 331 0 0.629186 0.370814 
 ----> pbMRQ 332 0 0.678659 0.321341 
 ----> pbMRQ 333 1 0.654164 0.345836 
 ----> pbMRQ 334 1 0.635589 0.364411 
 ----> pbMRQ 335 0 0.639397 0.360603 
 ----> pbMRQ 336 1 0.651408 0.348592 
 ----> pbMRQ 337 1 0.688348 0.311652 
 ----> pbMRQ 338 1 0.671564 0.328436 
 ----> pbMRQ 339 0 0.674335 0.325665 
 ----> pbMRQ 340 0 0.686605 0.313395 
 ----> pbMRQ 341 1 0.655081 0.344919 
 ----> pbMRQ 342 1 0.630603 0.369397 
 ----> pbMRQ 343 0 0.705227 0.294773 
 ----> pbMRQ 344 0 0.67652 0.32348 
 ----> pbMRQ 345 0 0.656502 0.343498 
 ----> pbMRQ 346 0 0.680117 0.319883 
 ----> pbMRQ 347 1 0.628906 0.371094 
 ----> pbMRQ 348 0 0.674117 0.325883 
 ----> pbMRQ 349 0 0.670067 0.329933 
 ----> pbMRQ 350 1 0.657645 0.342355 
 ----> pbMRQ 351 0 0.696407 0.303593 
 ----> pbMRQ 352 0 0.649468 0.350532 
 ----> pbMRQ 353 0 0.635446 0.364554 
 ----> pbMRQ 354 0 0.658449 0.341551 
 ----> pbMRQ 355 0 0.716112 0.283888 
 ----> pbMRQ 356 0 0.668195 0.331805 
 ----> pbMRQ 357 1 0.643871 0.356129 
 ----> pbMRQ 358 0 0.672422 0.327578 
 ----> pbMRQ 359 0 0.688505 0.311495 
 ----> pbMRQ 360 0 0.654718 0.345282 
 ----> pbMRQ 361 0 0.659452 0.340548 
 ----> pbMRQ 362 1 0.647813 0.352187 
 ----> pbMRQ 363 0 0.68376 0.31624 
 ----> pbMRQ 364 0 0.676478 0.323522 
 ----> pbMRQ 365 0 0.594351 0.405649 
 ----> pbMRQ 366 1 0.689246 0.310754 
 ----> pbMRQ 367 0 0.677962 0.322038 
 ----> pbMRQ 368 0 0.699871 0.300129 
 ----> pbMRQ 369 0 0.659476 0.340524 
 ----> pbMRQ 370 1 0.664334 0.335666 
 ----> pbMRQ 371 0 0.666827 0.333173 
 ----> pbMRQ 372 0 0.679653 0.320347 
 ----> pbMRQ 373 0 0.681883 0.318117 
 ----> pbMRQ 374 0 0.692103 0.307897 
 ----> pbMRQ 375 1 0.646563 0.353437 
 ----> pbMRQ 376 0 0.690979 0.309021 
 ----> pbMRQ 377 0 0.721691 0.278309 
 ----> pbMRQ 378 1 0.606308 0.393692 
 ----> pbMRQ 379 0 0.674699 0.325301 
 ----> pbMRQ 380 0 0.703775 0.296225 
 ----> pbMRQ 381 0 0.657329 0.342671 
 ----> pbMRQ 382 0 0.671476 0.328524 
 ----> pbMRQ 383 0 0.65903 0.34097 
 ----> pbMRQ 384 0 0.704912 0.295088 
 ----> pbMRQ 385 1 0.633929 0.366071 
 ----> pbMRQ 386 0 0.67371 0.32629 
 ----> pbMRQ 387 1 0.666445 0.333555 
 ----> pbMRQ 388 1 0.655292 0.344708 
 ----> pbMRQ 389 0 0.660578 0.339422 
 ----> pbMRQ 390 0 0.698802 0.301198 
 ----> pbMRQ 391 0 0.679798 0.320202 
 ----> pbMRQ 392 1 0.647283 0.352717 
 ----> pbMRQ 393 1 0.666611 0.333389 
 ----> pbMRQ 394 0 0.681089 0.318911 
 ----> pbMRQ 395 0 0.696393 0.303607 
 ----> pbMRQ 396 0 0.659118 0.340882 
 ----> pbMRQ 397 0 0.675202 0.324798 
 ----> pbMRQ 398 1 0.618729 0.381271 
 ----> pbMRQ 399 1 0.669253 0.330747 
 ----> pbMRQ 400 1 0.667571 0.332429 
 ----> pbMRQ 401 0 0.703565 0.296435 
 ----> pbMRQ 402 0 0.691395 0.308605 
 ----> pbMRQ 403 0 0.685573 0.314427 
 ----> pbMRQ 404 0 0.646017 0.353983 
 ----> pbMRQ 405 0 0.704688 0.295312 
 ----> pbMRQ 406 1 0.670253 0.329747 
 ----> pbMRQ 407 1 0.667527 0.332473 
 ----> pbMRQ 408 0 0.674653 0.325347 
 ----> pbMRQ 409 1 0.66896 0.33104 
 ----> pbMRQ 410 0 0.679043 0.320957 
 ----> pbMRQ 411 0 0.690871 0.309129 
 ----> pbMRQ 412 1 0.676646 0.323354 
 ----> pbMRQ 413 1 0.690451 0.309549 
 ----> pbMRQ 414 0 0.664957 0.335043 
 ----> pbMRQ 415 1 0.665232 0.334768 
 ----> pbMRQ 416 0 0.659511 0.340489 
 ----> pbMRQ 417 0 0.688609 0.311391 
 ----> pbMRQ 418 1 0.660482 0.339518 
 ----> pbMRQ 419 0 0.664335 0.335665 
 ----> pbMRQ 420 0 0.658454 0.341546 
 ----> pbMRQ 421 0 0.702808 0.297192 
 ----> pbMRQ 422 0 0.65893 0.34107 
 ----> pbMRQ 423 0 0.684388 0.315612 
 ----> pbMRQ 424 0 0.642635 0.357365 
 ----> pbMRQ 425 0 0.680081 0.319919 
 ----> pbMRQ 426 1 0.656068 0.343932 
 ----> pbMRQ 427 0 0.643612 0.356388 
 ----> pbMRQ 428 0 0.636078 0.363922 
 ----> pbMRQ 429 0 0.657288 0.342712 
 ----> pbMRQ 430 0 0.658352 0.341648 
 ----> pbMRQ 431 0 0.661786 0.338214 
 ----> pbMRQ 432 0 0.698361 0.301639 
 ----> pbMRQ 433 0 0.671813 0.328187 
 ----> pbMRQ 434 0 0.667236 0.332764 
 ----> pbMRQ 435 1 0.646457 0.353543 
 ----> pbMRQ 436 0 0.684969 0.315031 
 ----> pbMRQ 437 0 0.710854 0.289146 
 ----> pbMRQ 438 0 0.684029 0.315971 
 ----> pbMRQ 439 0 0.682808 0.317192 
 ----> pbMRQ 440 0 0.640622 0.359378 
 ----> pbMRQ 441 0 0.673698 0.326302 
 ----> pbMRQ 442 0 0.681957 0.318043 
 ----> pbMRQ 443 0 0.653732 0.346268 
 ----> pbMRQ 444 0 0.707155 0.292845 
 ----> pbMRQ 445 1 0.649994 0.350006 
 ----> pbMRQ 446 0 0.680981 0.319019 
 ----> pbMRQ 447 0 0.663656 0.336344 
 ----> pbMRQ 448 0 0.641175 0.358825 
 ----> pbMRQ 449 0 0.674304 0.325696 
 ----> pbMRQ 450 0 0.696334 0.303666 
 ----> pbMRQ 451 0 0.672662 0.327338 
 ----> pbMRQ 452 0 0.687742 0.312258 
 ----> pbMRQ 453 0 0.689775 0.310225 
 ----> pbMRQ 454 1 0.656127 0.343873 
 ----> pbMRQ 455 0 0.639586 0.360414 
 ----> pbMRQ 456 0 0.718279 0.281721 
 ----> pbMRQ 457 0 0.65649 0.34351 
 ----> pbMRQ 458 1 0.611223 0.388777 
 ----> pbMRQ 459 0 0.663276 0.336724 
 ----> pbMRQ 460 0 0.663467 0.336533 
 ----> pbMRQ 461 1 0.678828 0.321172 
 ----> pbMRQ 462 0 0.662019 0.337981 
 ----> pbMRQ 463 0 0.670156 0.329844 
 ----> pbMRQ 464 0 0.667548 0.332452 
 ----> pbMRQ 465 0 0.682828 0.317172 
 ----> pbMRQ 466 0 0.692594 0.307406 
 ----> pbMRQ 467 1 0.611399 0.388601 
 ----> pbMRQ 468 0 0.67194 0.32806 
 ----> pbMRQ 469 0 0.700809 0.299191 
 ----> pbMRQ 470 1 0.705314 0.294686 
 ----> pbMRQ 471 1 0.660795 0.339205 
 ----> pbMRQ 472 0 0.701205 0.298795 
 ----> pbMRQ 473 1 0.670478 0.329522 
 ----> pbMRQ 474 0 0.680825 0.319175 
 ----> pbMRQ 475 0 0.674084 0.325916 
 ----> pbMRQ 476 0 0.698131 0.301869 
 ----> pbMRQ 477 1 0.65183 0.34817 
 ----> pbMRQ 478 0 0.704934 0.295066 
 ----> pbMRQ 479 1 0.652077 0.347923 
 ----> pbMRQ 480 0 0.679345 0.320655 
 ----> pbMRQ 481 0 0.678435 0.321565 
 ----> pbMRQ 482 0 0.697164 0.302836 
 ----> pbMRQ 483 1 0.664398 0.335602 
 ----> pbMRQ 484 0 0.718073 0.281927 
 ----> pbMRQ 485 0 0.663677 0.336323 
 ----> pbMRQ 486 0 0.660917 0.339083 
 ----> pbMRQ 487 0 0.686192 0.313808 
 ----> pbMRQ 488 1 0.655137 0.344863 
 ----> pbMRQ 489 1 0.635407 0.364593 
 ----> pbMRQ 490 0 0.671133 0.328867 
 ----> pbMRQ 491 1 0.647142 0.352858 
 ----> pbMRQ 492 0 0.720918 0.279082 
 ----> pbMRQ 493 0 0.674534 0.325466 
 ----> pbMRQ 494 0 0.674546 0.325454 
 ----> pbMRQ 495 1 0.640513 0.359487 
 ----> pbMRQ 496 0 0.71362 0.28638 
 ----> pbMRQ 497 0 0.68893 0.31107 
 ----> pbMRQ 498 0 0.663795 0.336205 
 ----> pbMRQ 499 1 0.642647 0.357353 
 ----> pbMRQ 500 1 0.668856 0.331144 
 ----> pbMRQ 501 0 0.685854 0.314146 
 ----> pbMRQ 502 0 0.719572 0.280428 
 ----> pbMRQ 503 0 0.667646 0.332354 
 ----> pbMRQ 504 0 0.668058 0.331942 
 ----> pbMRQ 505 0 0.684539 0.315461 
 ----> pbMRQ 506 0 0.652755 0.347245 
 ----> pbMRQ 507 0 0.677031 0.322969 
 ----> pbMRQ 508 1 0.659848 0.340152 
 ----> pbMRQ 509 1 0.652281 0.347719 
 ----> pbMRQ 510 0 0.698291 0.301709 
 ----> pbMRQ 511 0 0.715497 0.284503 
 ----> pbMRQ 512 0 0.707716 0.292284 
 ----> pbMRQ 513 0 0.705547 0.294453 
 ----> pbMRQ 514 1 0.651223 0.348777 
 ----> pbMRQ 515 0 0.695324 0.304676 
 ----> pbMRQ 516 0 0.689391 0.310609 
 ----> pbMRQ 517 1 0.662409 0.337591 
 ----> pbMRQ 518 0 0.680659 0.319341 
 ----> pbMRQ 519 0 0.696552 0.303448 
 ----> pbMRQ 520 1 0.626116 0.373884 
 ----> pbMRQ 521 1 0.659891 0.340109 
 ----> pbMRQ 522 0 0.706069 0.293931 
 ----> pbMRQ 523 1 0.645012 0.354988 
 ----> pbMRQ 524 0 0.683937 0.316063 
 ----> pbMRQ 525 0 0.669622 0.330378 
 ----> pbMRQ 526 0 0.703032 0.296968 
 ----> pbMRQ 527 0 0.677934 0.322066 
 ----> pbMRQ 528 0 0.674475 0.325525 
 ----> pbMRQ 529 1 0.66163 0.33837 
 ----> pbMRQ 530 0 0.705784 0.294216 
 ----> pbMRQ 531 1 0.650052 0.349948 
 ----> pbMRQ 532 0 0.666405 0.333595 
 ----> pbMRQ 533 0 0.686783 0.313217 
 ----> pbMRQ 534 0 0.662863 0.337137 
 ----> pbMRQ 535 1 0.669249 0.330751 
 ----> pbMRQ 536 0 0.659544 0.340456 
 ----> pbMRQ 537 0 0.668844 0.331156 
 ----> pbMRQ 538 0 0.681774 0.318226 
 ----> pbMRQ 539 1 0.664648 0.335352 
 ----> pbMRQ 540 0 0.70583 0.29417 
 ----> pbMRQ 541 1 0.639344 0.360656 
 ----> pbMRQ 542 0 0.694925 0.305075 
 ----> pbMRQ 543 1 0.650056 0.349944 
 ----> pbMRQ 544 0 0.682593 0.317407 
 ----> pbMRQ 545 1 0.676143 0.323857 
 ----> pbMRQ 546 0 0.694619 0.305381 
 ----> pbMRQ 547 0 0.668197 0.331803 
 ----> pbMRQ 548 1 0.630841 0.369159 
 ----> pbMRQ 549 0 0.658065 0.341935 
 ----> pbMRQ 550 0 0.70966 0.29034 
 ----> pbMRQ 551 0 0.668574 0.331426 
 ----> pbMRQ 552 1 0.61843 0.38157 
 ----> pbMRQ 553 1 0.62941 0.37059 
 ----> pbMRQ 554 1 0.653277 0.346723 
 ----> pbMRQ 555 1 0.653263 0.346737 
 ----> pbMRQ 556 0 0.634425 0.365575 
 ----> pbMRQ 557 0 0.702196 0.297804 
 ----> pbMRQ 558 0 0.714322 0.285678 
 ----> pbMRQ 559 0 0.63236 0.36764 
 ----> pbMRQ 560 0 0.67122 0.32878 
 ----> pbMRQ 561 1 0.626734 0.373266 
 ----> pbMRQ 562 0 0.648643 0.351357 
 ----> pbMRQ 563 0 0.649386 0.350614 
 ----> pbMRQ 564 0 0.674532 0.325468 
 ----> pbMRQ 565 0 0.666248 0.333752 
 ----> pbMRQ 566 0 0.686405 0.313595 
 ----> pbMRQ 567 0 0.654932 0.345068 
 ----> pbMRQ 568 0 0.688524 0.311476 
 ----> pbMRQ 569 1 0.630756 0.369244 
 ----> pbMRQ 570 0 0.621546 0.378454 
 ----> pbMRQ 571 1 0.66055 0.33945 
 ----> pbMRQ 572 0 0.704594 0.295406 
 ----> pbMRQ 573 0 0.644461 0.355539 
 ----> pbMRQ 574 0 0.678705 0.321295 
 ----> pbMRQ 575 1 0.663697 0.336303 
 ----> pbMRQ 576 0 0.718617 0.281383 
 ----> pbMRQ 577 1 0.683007 0.316993 
 ----> pbMRQ 578 0 0.663864 0.336136 
 ----> pbMRQ 579 0 0.671102 0.328898 
 ----> pbMRQ 580 1 0.659339 0.340661 
 ----> pbMRQ 581 0 0.659057 0.340943 
 ----> pbMRQ 582 0 0.651208 0.348792 
 ----> pbMRQ 583 1 0.65856 0.34144 
 ----> pbMRQ 584 0 0.644968 0.355032 
 ----> pbMRQ 585 0 0.635809 0.364191 
 ----> pbMRQ 586 0 0.700554 0.299446 
 ----> pbMRQ 587 0 0.665431 0.334569 
 ----> pbMRQ 588 0 0.648325 0.351675 
 ----> pbMRQ 589 1 0.674969 0.325031 
 ----> pbMRQ 590 0 0.698024 0.301976 
 ----> pbMRQ 591 1 0.63944 0.36056 
 ----> pbMRQ 592 1 0.66396 0.33604 
 ----> pbMRQ 593 0 0.694382 0.305618 
 ----> pbMRQ 594 0 0.656244 0.343756 
 ----> pbMRQ 595 0 0.72549 0.27451 
 ----> pbMRQ 596 0 0.63172 0.36828 
 ----> pbMRQ 597 0 0.691413 0.308587 
 ----> pbMRQ 598 0 0.669152 0.330848 
 ----> pbMRQ 599 0 0.695209 0.304791 
 ----> pbMRQ 600 0 0.672062 0.327938 
 ----> pbMRQ 601 0 0.671885 0.328115 
 ----> pbMRQ 602 1 0.682302 0.317698 
 ----> pbMRQ 603 0 0.669699 0.330301 
 ----> pbMRQ 604 0 0.684848 0.315152 
 ----> pbMRQ 605 0 0.67279 0.32721 
 ----> pbMRQ 606 0 0.682847 0.317153 
 ----> pbMRQ 607 1 0.638379 0.361621 
 ----> pbMRQ 608 0 0.679039 0.320961 
 ----> pbMRQ 609 0 0.657119 0.342881 
 ----> pbMRQ 610 0 0.71606 0.28394 
 ----> pbMRQ 611 0 0.667575 0.332425 
 ----> pbMRQ 612 0 0.688054 0.311946 
 ----> pbMRQ 613 0 0.683366 0.316634 
 ----> pbMRQ 614 0 0.673464 0.326536 
 ----> pbMRQ 615 0 0.694511 0.305489 
 ----> pbMRQ 616 0 0.673712 0.326288 
 ----> pbMRQ 617 0 0.678396 0.321604 
 ----> pbMRQ 618 0 0.656061 0.343939 
 ----> pbMRQ 619 1 0.67258 0.32742 
 ----> pbMRQ 620 0 0.675509 0.324491 
 ----> pbMRQ 621 0 0.6707 0.3293 
 ----> pbMRQ 622 0 0.691824 0.308176 
 ----> pbMRQ 623 1 0.646862 0.353138 
 ----> pbMRQ 624 0 0.697421 0.302579 
 ----> pbMRQ 625 0 0.678074 0.321926 
 ----> pbMRQ 626 0 0.708985 0.291015 
 ----> pbMRQ 627 0 0.659826 0.340174 
 ----> pbMRQ 628 1 0.680551 0.319449 
 ----> pbMRQ 629 0 0.68449 0.31551 
 ----> pbMRQ 630 0 0.678272 0.321728 
 ----> pbMRQ 631 1 0.643846 0.356154 
 ----> pbMRQ 632 1 0.622508 0.377492 
 ----> pbMRQ 633 0 0.658204 0.341796 
 ----> pbMRQ 634 1 0.688011 0.311989 
 ----> pbMRQ 635 0 0.70982 0.29018 
 ----> pbMRQ 636 1 0.659828 0.340172 
 ----> pbMRQ 637 0 0.652605 0.347395 
 ----> pbMRQ 638 0 0.715294 0.284706 
 ----> pbMRQ 639 1 0.66781 0.33219 
 ----> pbMRQ 640 0 0.678993 0.321007 
 ----> pbMRQ 641 0 0.669157 0.330843 
 ----> pbMRQ 642 0 0.657943 0.342057 
 ----> pbMRQ 643 0 0.666584 0.333416 
 ----> pbMRQ 644 0 0.672944 0.327056 
 ----> pbMRQ 645 0 0.685145 0.314855 
 ----> pbMRQ 646 1 0.6559 0.3441 
 ----> pbMRQ 647 0 0.674886 0.325114 
 ----> pbMRQ 648 0 0.65857 0.34143 
 ----> pbMRQ 649 0 0.656296 0.343704 
 ----> pbMRQ 650 0 0.677888 0.322112 
 ----> pbMRQ 651 1 0.650147 0.349853 
 ----> pbMRQ 652 0 0.64581 0.35419 
 ----> pbMRQ 653 1 0.672199 0.327801 
 ----> pbMRQ 654 0 0.704213 0.295787 
 ----> pbMRQ 655 0 0.683393 0.316607 
 ----> pbMRQ 656 0 0.710366 0.289634 
 ----> pbMRQ 657 0 0.681347 0.318653 
 ----> pbMRQ 658 0 0.68279 0.31721 
 ----> pbMRQ 659 0 0.702789 0.297211 
 ----> pbMRQ 660 0 0.679815 0.320185 
 ----> pbMRQ 661 0 0.638445 0.361555 
 ----> pbMRQ 662 0 0.655402 0.344598 
 ----> pbMRQ 663 1 0.656057 0.343943 
 ----> pbMRQ 664 1 0.674906 0.325094 
 ----> pbMRQ 665 0 0.664416 0.335584 
 ----> pbMRQ 666 0 0.687549 0.312451 
 ----> pbMRQ 667 0 0.690138 0.309862 
 ----> pbMRQ 668 0 0.670288 0.329712 
 ----> pbMRQ 669 0 0.664718 0.335282 
 ----> pbMRQ 670 0 0.667329 0.332671 
 ----> pbMRQ 671 0 0.665884 0.334116 
 ----> pbMRQ 672 0 0.676422 0.323578 
 ----> pbMRQ 673 0 0.715358 0.284642 
 ----> pbMRQ 674 1 0.631461 0.368539 
 ----> pbMRQ 675 1 0.649605 0.350395 
 ----> pbMRQ 676 0 0.685595 0.314405 
 ----> pbMRQ 677 1 0.662768 0.337232 
 ----> pbMRQ 678 1 0.686827 0.313173 
 ----> pbMRQ 679 0 0.687069 0.312931 
 ----> pbMRQ 680 1 0.687056 0.312944 
 ----> pbMRQ 681 0 0.662175 0.337825 
 ----> pbMRQ 682 0 0.654272 0.345728 
 ----> pbMRQ 683 0 0.637411 0.362589 
 ----> pbMRQ 684 0 0.638898 0.361102 
 ----> pbMRQ 685 0 0.621057 0.378943 
 ----> pbMRQ 686 0 0.685616 0.314384 
 ----> pbMRQ 687 0 0.649854 0.350146 
 ----> pbMRQ 688 0 0.656486 0.343514 
 ----> pbMRQ 689 0 0.681724 0.318276 
 ----> pbMRQ 690 1 0.650194 0.349806 
 ----> pbMRQ 691 0 0.688883 0.311117 
 ----> pbMRQ 692 0 0.699799 0.300201 
 ----> pbMRQ 693 1 0.617148 0.382852 
 ----> pbMRQ 694 0 0.646893 0.353107 
 ----> pbMRQ 695 0 0.697993 0.302007 
 ----> pbMRQ 696 0 0.642016 0.357984 
 ----> pbMRQ 697 0 0.659079 0.340921 
 ----> pbMRQ 698 1 0.647708 0.352292 
 ----> pbMRQ 699 0 0.662405 0.337595 
 ----> pbMRQ 700 1 0.687443 0.312557 
 ----> pbMRQ 701 0 0.645422 0.354578 
 ----> pbMRQ 702 0 0.675689 0.324311 
 ----> pbMRQ 703 0 0.646268 0.353732 
 ----> pbMRQ 704 0 0.669126 0.330874 
 ----> pbMRQ 705 0 0.656228 0.343772 
 ----> pbMRQ 706 0 0.71211 0.28789 
 ----> pbMRQ 707 0 0.695044 0.304956 
 ----> pbMRQ 708 0 0.658586 0.341414 
 ----> pbMRQ 709 0 0.683211 0.316789 
 ----> pbMRQ 710 0 0.699533 0.300467 
 ----> pbMRQ 711 0 0.682231 0.317769 
 ----> pbMRQ 712 0 0.683049 0.316951 
 ----> pbMRQ 713 1 0.627234 0.372766 
 ----> pbMRQ 714 1 0.665264 0.334736 
 ----> pbMRQ 715 1 0.671362 0.328638 
 ----> pbMRQ 716 1 0.673704 0.326296 
 ----> pbMRQ 717 0 0.71851 0.28149 
 ----> pbMRQ 718 0 0.682675 0.317325 
