 ----> pbMRQ 1 1 0.719043 0.280957 
 ----> pbMRQ 2 0 0.616595 0.383405 
 ----> pbMRQ 3 1 0.637088 0.362912 
 ----> pbMRQ 4 1 0.641457 0.358543 
 ----> pbMRQ 5 1 0.675016 0.324984 
 ----> pbMRQ 6 1 0.673781 0.326219 
 ----> pbMRQ 7 0 0.633934 0.366066 
 ----> pbMRQ 8 0 0.65756 0.34244 
 ----> pbMRQ 9 0 0.596296 0.403704 
 ----> pbMRQ 10 1 0.666136 0.333864 
 ----> pbMRQ 11 1 0.430825 0.569175 
 ----> pbMRQ 12 0 0.686971 0.313029 
 ----> pbMRQ 13 0 0.465888 0.534112 
 ----> pbMRQ 14 1 0.494893 0.505107 
 ----> pbMRQ 15 1 0.45205 0.54795 
 ----> pbMRQ 16 1 0.523046 0.476954 
 ----> pbMRQ 17 1 0.622937 0.377063 
 ----> pbMRQ 18 0 0.597665 0.402335 
 ----> pbMRQ 19 0 0.731014 0.268986 
 ----> pbMRQ 20 0 0.595848 0.404152 
 ----> pbMRQ 21 1 0.507683 0.492317 
 ----> pbMRQ 22 0 0.604324 0.395676 
 ----> pbMRQ 23 0 0.729083 0.270917 
 ----> pbMRQ 24 0 0.583737 0.416263 
 ----> pbMRQ 25 0 0.553874 0.446126 
 ----> pbMRQ 26 1 0.495082 0.504918 
 ----> pbMRQ 27 1 0.534377 0.465623 
 ----> pbMRQ 28 1 0.649692 0.350308 
 ----> pbMRQ 29 0 0.605974 0.394026 
 ----> pbMRQ 30 0 0.722316 0.277684 
 ----> pbMRQ 31 0 0.598956 0.401044 
 ----> pbMRQ 32 0 0.724584 0.275416 
 ----> pbMRQ 33 0 0.719691 0.280309 
 ----> pbMRQ 34 1 0.705804 0.294196 
 ----> pbMRQ 35 1 0.679856 0.320144 
 ----> pbMRQ 36 0 0.530771 0.469229 
 ----> pbMRQ 37 0 0.620003 0.379997 
 ----> pbMRQ 38 0 0.564072 0.435928 
 ----> pbMRQ 39 0 0.607156 0.392844 
 ----> pbMRQ 40 1 0.700785 0.299215 
 ----> pbMRQ 41 1 0.705888 0.294112 
 ----> pbMRQ 42 1 0.714219 0.285781 
 ----> pbMRQ 43 0 0.730142 0.269858 
 ----> pbMRQ 44 1 0.553602 0.446398 
 ----> pbMRQ 45 1 0.608982 0.391018 
 ----> pbMRQ 46 0 0.695978 0.304022 
 ----> pbMRQ 47 1 0.698678 0.301322 
 ----> pbMRQ 48 1 0.710734 0.289266 
 ----> pbMRQ 49 1 0.682975 0.317025 
 ----> pbMRQ 50 1 0.552221 0.447779 
 ----> pbMRQ 51 0 0.634166 0.365834 
 ----> pbMRQ 52 1 0.566855 0.433145 
 ----> pbMRQ 53 0 0.62376 0.37624 
 ----> pbMRQ 54 0 0.598841 0.401159 
 ----> pbMRQ 55 0 0.584047 0.415953 
 ----> pbMRQ 56 1 0.652569 0.347431 
 ----> pbMRQ 57 1 0.602354 0.397646 
 ----> pbMRQ 58 0 0.622676 0.377324 
 ----> pbMRQ 59 1 0.583081 0.416919 
 ----> pbMRQ 60 0 0.618694 0.381306 
 ----> pbMRQ 61 0 0.66327 0.33673 
 ----> pbMRQ 62 0 0.627774 0.372226 
 ----> pbMRQ 63 1 0.635816 0.364184 
 ----> pbMRQ 64 1 0.648907 0.351093 
 ----> pbMRQ 65 0 0.695602 0.304398 
 ----> pbMRQ 66 0 0.595054 0.404946 
 ----> pbMRQ 67 1 0.606245 0.393755 
 ----> pbMRQ 68 1 0.648021 0.351979 
 ----> pbMRQ 69 0 0.642711 0.357289 
 ----> pbMRQ 70 1 0.648173 0.351827 
 ----> pbMRQ 71 1 0.652139 0.347861 
 ----> pbMRQ 72 1 0.68626 0.31374 
 ----> pbMRQ 73 0 0.589118 0.410882 
 ----> pbMRQ 74 0 0.645547 0.354453 
 ----> pbMRQ 75 0 0.690591 0.309409 
 ----> pbMRQ 76 1 0.681412 0.318588 
 ----> pbMRQ 77 0 0.574164 0.425836 
 ----> pbMRQ 78 1 0.597637 0.402363 
 ----> pbMRQ 79 0 0.700136 0.299864 
 ----> pbMRQ 80 1 0.626157 0.373843 
 ----> pbMRQ 81 1 0.584842 0.415158 
 ----> pbMRQ 82 1 0.5622 0.4378 
 ----> pbMRQ 83 1 0.650341 0.349659 
 ----> pbMRQ 84 1 0.613953 0.386047 
 ----> pbMRQ 85 0 0.698031 0.301969 
 ----> pbMRQ 86 0 0.647472 0.352528 
 ----> pbMRQ 87 1 0.661167 0.338833 
 ----> pbMRQ 88 1 0.610657 0.389343 
 ----> pbMRQ 89 1 0.666792 0.333208 
 ----> pbMRQ 90 1 0.620201 0.379799 
 ----> pbMRQ 91 1 0.580541 0.419459 
 ----> pbMRQ 92 0 0.59609 0.40391 
 ----> pbMRQ 93 0 0.613265 0.386735 
 ----> pbMRQ 94 1 0.66934 0.33066 
 ----> pbMRQ 95 0 0.613701 0.386299 
 ----> pbMRQ 96 0 0.668287 0.331713 
 ----> pbMRQ 97 1 0.612524 0.387476 
 ----> pbMRQ 98 1 0.575758 0.424242 
 ----> pbMRQ 99 1 0.57926 0.42074 
 ----> pbMRQ 100 0 0.650893 0.349107 
 ----> pbMRQ 101 1 0.604149 0.395851 
 ----> pbMRQ 102 0 0.649289 0.350711 
 ----> pbMRQ 103 0 0.645081 0.354919 
 ----> pbMRQ 104 0 0.629452 0.370548 
 ----> pbMRQ 105 1 0.614043 0.385957 
 ----> pbMRQ 106 0 0.693292 0.306708 
 ----> pbMRQ 107 0 0.629626 0.370374 
 ----> pbMRQ 108 0 0.594142 0.405858 
 ----> pbMRQ 109 0 0.593324 0.406676 
 ----> pbMRQ 110 1 0.633332 0.366668 
 ----> pbMRQ 111 0 0.617721 0.382279 
 ----> pbMRQ 112 0 0.669945 0.330055 
 ----> pbMRQ 113 1 0.642342 0.357658 
 ----> pbMRQ 114 1 0.636802 0.363198 
 ----> pbMRQ 115 0 0.625165 0.374835 
 ----> pbMRQ 116 0 0.680754 0.319246 
 ----> pbMRQ 117 1 0.661404 0.338596 
 ----> pbMRQ 118 1 0.666784 0.333216 
 ----> pbMRQ 119 1 0.67268 0.32732 
 ----> pbMRQ 120 0 0.577597 0.422403 
 ----> pbMRQ 121 0 0.716677 0.283323 
 ----> pbMRQ 122 1 0.662445 0.337555 
 ----> pbMRQ 123 1 0.550709 0.449291 
 ----> pbMRQ 124 0 0.643344 0.356656 
 ----> pbMRQ 125 1 0.667292 0.332708 
 ----> pbMRQ 126 0 0.700831 0.299169 
 ----> pbMRQ 127 0 0.609175 0.390825 
 ----> pbMRQ 128 0 0.626554 0.373446 
 ----> pbMRQ 129 1 0.570109 0.429891 
 ----> pbMRQ 130 0 0.638857 0.361143 
 ----> pbMRQ 131 0 0.707864 0.292136 
 ----> pbMRQ 132 0 0.629831 0.370169 
 ----> pbMRQ 133 1 0.571199 0.428801 
 ----> pbMRQ 134 1 0.621286 0.378714 
 ----> pbMRQ 135 1 0.578457 0.421543 
 ----> pbMRQ 136 0 0.638989 0.361011 
 ----> pbMRQ 137 1 0.676308 0.323692 
 ----> pbMRQ 138 0 0.71858 0.28142 
 ----> pbMRQ 139 0 0.591005 0.408995 
 ----> pbMRQ 140 1 0.66807 0.33193 
 ----> pbMRQ 141 0 0.692013 0.307987 
 ----> pbMRQ 142 1 0.674752 0.325248 
 ----> pbMRQ 143 0 0.589991 0.410009 
 ----> pbMRQ 144 1 0.600919 0.399081 
 ----> pbMRQ 145 0 0.622188 0.377812 
 ----> pbMRQ 146 0 0.64772 0.35228 
 ----> pbMRQ 147 0 0.609739 0.390261 
 ----> pbMRQ 148 0 0.643746 0.356254 
 ----> pbMRQ 149 1 0.668576 0.331424 
 ----> pbMRQ 150 1 0.60323 0.39677 
 ----> pbMRQ 151 1 0.58312 0.41688 
 ----> pbMRQ 152 0 0.610799 0.389201 
 ----> pbMRQ 153 0 0.674893 0.325107 
 ----> pbMRQ 154 0 0.640991 0.359009 
 ----> pbMRQ 155 1 0.617465 0.382535 
 ----> pbMRQ 156 1 0.626709 0.373291 
 ----> pbMRQ 157 1 0.633306 0.366694 
 ----> pbMRQ 158 0 0.696292 0.303708 
 ----> pbMRQ 159 1 0.617799 0.382201 
 ----> pbMRQ 160 0 0.650623 0.349377 
 ----> pbMRQ 161 0 0.621698 0.378302 
 ----> pbMRQ 162 1 0.62485 0.37515 
 ----> pbMRQ 163 1 0.670344 0.329656 
 ----> pbMRQ 164 1 0.655676 0.344324 
 ----> pbMRQ 165 1 0.555764 0.444236 
 ----> pbMRQ 166 0 0.638039 0.361961 
 ----> pbMRQ 167 1 0.57839 0.42161 
 ----> pbMRQ 168 0 0.644312 0.355688 
 ----> pbMRQ 169 0 0.598577 0.401423 
 ----> pbMRQ 170 1 0.619434 0.380566 
 ----> pbMRQ 171 1 0.660834 0.339166 
 ----> pbMRQ 172 0 0.633087 0.366913 
 ----> pbMRQ 173 1 0.579837 0.420163 
 ----> pbMRQ 174 0 0.606146 0.393854 
 ----> pbMRQ 175 1 0.572438 0.427562 
 ----> pbMRQ 176 0 0.673688 0.326312 
 ----> pbMRQ 177 0 0.60912 0.39088 
 ----> pbMRQ 178 1 0.623844 0.376156 
 ----> pbMRQ 179 0 0.674603 0.325397 
 ----> pbMRQ 180 0 0.6412 0.3588 
 ----> pbMRQ 181 0 0.654052 0.345948 
 ----> pbMRQ 182 0 0.707759 0.292241 
 ----> pbMRQ 183 1 0.610819 0.389181 
 ----> pbMRQ 184 1 0.65222 0.34778 
 ----> pbMRQ 185 0 0.64702 0.35298 
 ----> pbMRQ 186 0 0.697892 0.302108 
 ----> pbMRQ 187 0 0.704243 0.295757 
 ----> pbMRQ 188 1 0.554618 0.445382 
 ----> pbMRQ 189 1 0.6765 0.3235 
 ----> pbMRQ 190 0 0.698069 0.301931 
 ----> pbMRQ 191 0 0.70466 0.29534 
 ----> pbMRQ 192 1 0.676269 0.323731 
 ----> pbMRQ 193 0 0.592032 0.407968 
 ----> pbMRQ 194 0 0.654634 0.345366 
 ----> pbMRQ 195 0 0.605646 0.394354 
 ----> pbMRQ 196 1 0.605804 0.394196 
 ----> pbMRQ 197 0 0.701245 0.298755 
 ----> pbMRQ 198 0 0.6336 0.3664 
 ----> pbMRQ 199 0 0.61343 0.38657 
 ----> pbMRQ 200 0 0.642643 0.357357 
 ----> pbMRQ 201 0 0.690588 0.309412 
 ----> pbMRQ 202 0 0.639307 0.360693 
 ----> pbMRQ 203 1 0.658221 0.341779 
 ----> pbMRQ 204 1 0.686004 0.313996 
 ----> pbMRQ 205 0 0.709328 0.290672 
 ----> pbMRQ 206 1 0.560928 0.439072 
 ----> pbMRQ 207 1 0.678308 0.321692 
 ----> pbMRQ 208 0 0.721324 0.278676 
 ----> pbMRQ 209 0 0.69012 0.30988 
 ----> pbMRQ 210 0 0.704257 0.295743 
 ----> pbMRQ 211 0 0.706201 0.293799 
 ----> pbMRQ 212 0 0.706842 0.293158 
 ----> pbMRQ 213 1 0.553258 0.446742 
 ----> pbMRQ 214 0 0.648465 0.351535 
 ----> pbMRQ 215 1 0.669175 0.330825 
 ----> pbMRQ 216 0 0.638473 0.361527 
 ----> pbMRQ 217 1 0.56055 0.43945 
 ----> pbMRQ 218 0 0.631569 0.368431 
 ----> pbMRQ 219 0 0.727576 0.272424 
 ----> pbMRQ 220 0 0.713172 0.286828 
 ----> pbMRQ 221 0 0.714775 0.285225 
 ----> pbMRQ 222 1 0.681052 0.318948 
 ----> pbMRQ 223 1 0.575119 0.424881 
 ----> pbMRQ 224 0 0.712104 0.287896 
 ----> pbMRQ 225 1 0.538119 0.461881 
 ----> pbMRQ 226 1 0.680135 0.319865 
 ----> pbMRQ 227 0 0.600844 0.399156 
 ----> pbMRQ 228 0 0.703299 0.296701 
 ----> pbMRQ 229 0 0.725885 0.274115 
 ----> pbMRQ 230 0 0.704422 0.295578 
 ----> pbMRQ 231 0 0.72706 0.27294 
 ----> pbMRQ 232 1 0.576295 0.423705 
 ----> pbMRQ 233 0 0.649474 0.350526 
 ----> pbMRQ 234 0 0.71371 0.28629 
 ----> pbMRQ 235 0 0.656643 0.343357 
 ----> pbMRQ 236 1 0.609712 0.390288 
 ----> pbMRQ 237 0 0.635304 0.364696 
 ----> pbMRQ 238 0 0.703645 0.296355 
 ----> pbMRQ 239 0 0.716782 0.283218 
 ----> pbMRQ 240 1 0.660287 0.339713 
 ----> pbMRQ 241 0 0.721015 0.278985 
 ----> pbMRQ 242 1 0.562737 0.437263 
 ----> pbMRQ 243 0 0.718849 0.281151 
 ----> pbMRQ 244 1 0.685164 0.314836 
 ----> pbMRQ 245 1 0.686386 0.313614 
 ----> pbMRQ 246 0 0.604242 0.395758 
 ----> pbMRQ 247 0 0.738934 0.261066 
 ----> pbMRQ 248 1 0.683695 0.316305 
 ----> pbMRQ 249 1 0.663515 0.336485 
 ----> pbMRQ 250 0 0.592719 0.407281 
 ----> pbMRQ 251 0 0.713852 0.286148 
 ----> pbMRQ 252 0 0.598672 0.401328 
 ----> pbMRQ 253 1 0.662589 0.337411 
 ----> pbMRQ 254 0 0.598126 0.401874 
 ----> pbMRQ 255 1 0.607984 0.392016 
 ----> pbMRQ 256 0 0.71978 0.28022 
 ----> pbMRQ 257 0 0.70958 0.29042 
 ----> pbMRQ 258 0 0.601434 0.398566 
 ----> pbMRQ 259 0 0.658926 0.341074 
 ----> pbMRQ 260 1 0.648873 0.351127 
 ----> pbMRQ 261 1 0.658478 0.341522 
 ----> pbMRQ 262 0 0.714925 0.285075 
 ----> pbMRQ 263 1 0.546195 0.453805 
 ----> pbMRQ 264 1 0.668459 0.331541 
 ----> pbMRQ 265 1 0.559073 0.440927 
 ----> pbMRQ 266 0 0.710305 0.289695 
 ----> pbMRQ 267 0 0.691703 0.308297 
 ----> pbMRQ 268 1 0.68543 0.31457 
 ----> pbMRQ 269 0 0.701694 0.298306 
 ----> pbMRQ 270 1 0.569683 0.430317 
 ----> pbMRQ 271 1 0.613567 0.386433 
 ----> pbMRQ 272 0 0.70212 0.29788 
 ----> pbMRQ 273 0 0.65448 0.34552 
 ----> pbMRQ 274 1 0.561138 0.438862 
 ----> pbMRQ 275 1 0.570867 0.429133 
 ----> pbMRQ 276 0 0.663277 0.336723 
 ----> pbMRQ 277 0 0.642044 0.357956 
 ----> pbMRQ 278 0 0.626202 0.373798 
 ----> pbMRQ 279 1 0.610034 0.389966 
 ----> pbMRQ 280 1 0.580429 0.419571 
 ----> pbMRQ 281 0 0.608765 0.391235 
 ----> pbMRQ 282 1 0.627781 0.372219 
 ----> pbMRQ 283 1 0.593338 0.406662 
 ----> pbMRQ 284 1 0.581191 0.418809 
 ----> pbMRQ 285 0 0.600035 0.399965 
 ----> pbMRQ 286 0 0.673268 0.326732 
 ----> pbMRQ 287 0 0.630584 0.369416 
 ----> pbMRQ 288 0 0.690901 0.309099 
 ----> pbMRQ 289 0 0.642992 0.357008 
 ----> pbMRQ 290 0 0.621257 0.378743 
 ----> pbMRQ 291 1 0.608715 0.391285 
 ----> pbMRQ 292 0 0.615143 0.384857 
 ----> pbMRQ 293 1 0.562054 0.437946 
 ----> pbMRQ 294 1 0.559656 0.440344 
 ----> pbMRQ 295 0 0.670567 0.329433 
 ----> pbMRQ 296 0 0.630714 0.369286 
 ----> pbMRQ 297 0 0.714124 0.285876 
 ----> pbMRQ 298 1 0.593925 0.406075 
 ----> pbMRQ 299 0 0.710773 0.289227 
 ----> pbMRQ 300 0 0.718486 0.281514 
 ----> pbMRQ 301 0 0.577561 0.422439 
 ----> pbMRQ 302 0 0.721614 0.278386 
 ----> pbMRQ 303 0 0.590126 0.409874 
 ----> pbMRQ 304 0 0.644021 0.355979 
 ----> pbMRQ 305 0 0.682402 0.317598 
 ----> pbMRQ 306 0 0.721032 0.278968 
 ----> pbMRQ 307 1 0.674231 0.325769 
 ----> pbMRQ 308 0 0.604206 0.395794 
 ----> pbMRQ 309 1 0.662054 0.337946 
 ----> pbMRQ 310 0 0.704892 0.295108 
 ----> pbMRQ 311 0 0.714257 0.285743 
 ----> pbMRQ 312 0 0.699315 0.300685 
 ----> pbMRQ 313 1 0.678283 0.321717 
 ----> pbMRQ 314 0 0.726827 0.273173 
 ----> pbMRQ 315 0 0.72829 0.27171 
 ----> pbMRQ 316 0 0.718757 0.281243 
 ----> pbMRQ 317 0 0.598517 0.401483 
 ----> pbMRQ 318 0 0.715995 0.284005 
 ----> pbMRQ 319 0 0.600627 0.399373 
 ----> pbMRQ 320 0 0.714501 0.285499 
 ----> pbMRQ 321 1 0.664741 0.335259 
 ----> pbMRQ 322 1 0.680399 0.319601 
 ----> pbMRQ 323 0 0.60673 0.39327 
 ----> pbMRQ 324 0 0.727711 0.272289 
 ----> pbMRQ 325 0 0.717717 0.282283 
 ----> pbMRQ 326 1 0.690277 0.309723 
 ----> pbMRQ 327 1 0.672571 0.327429 
 ----> pbMRQ 328 0 0.709622 0.290378 
 ----> pbMRQ 329 0 0.703857 0.296143 
 ----> pbMRQ 330 0 0.708131 0.291869 
 ----> pbMRQ 331 0 0.574898 0.425102 
 ----> pbMRQ 332 0 0.661175 0.338825 
 ----> pbMRQ 333 1 0.668126 0.331874 
 ----> pbMRQ 334 1 0.683732 0.316268 
 ----> pbMRQ 335 0 0.719943 0.280057 
 ----> pbMRQ 336 1 0.551997 0.448003 
 ----> pbMRQ 337 1 0.626364 0.373636 
 ----> pbMRQ 338 1 0.685896 0.314104 
 ----> pbMRQ 339 0 0.694268 0.305732 
 ----> pbMRQ 340 0 0.720732 0.279268 
 ----> pbMRQ 341 1 0.702908 0.297092 
 ----> pbMRQ 342 1 0.668312 0.331688 
 ----> pbMRQ 343 0 0.611601 0.388399 
 ----> pbMRQ 344 0 0.662337 0.337663 
 ----> pbMRQ 345 0 0.71206 0.28794 
 ----> pbMRQ 346 0 0.656674 0.343326 
 ----> pbMRQ 347 1 0.579993 0.420007 
 ----> pbMRQ 348 0 0.600032 0.399968 
 ----> pbMRQ 349 0 0.68648 0.31352 
 ----> pbMRQ 350 1 0.620162 0.379838 
 ----> pbMRQ 351 0 0.593838 0.406162 
 ----> pbMRQ 352 0 0.606469 0.393531 
 ----> pbMRQ 353 0 0.681857 0.318143 
 ----> pbMRQ 354 0 0.651596 0.348404 
 ----> pbMRQ 355 0 0.720867 0.279133 
 ----> pbMRQ 356 0 0.717432 0.282568 
 ----> pbMRQ 357 1 0.581926 0.418074 
 ----> pbMRQ 358 0 0.704296 0.295704 
 ----> pbMRQ 359 0 0.731151 0.268849 
 ----> pbMRQ 360 0 0.594724 0.405276 
 ----> pbMRQ 361 0 0.694549 0.305451 
 ----> pbMRQ 362 1 0.695792 0.304208 
 ----> pbMRQ 363 0 0.731653 0.268347 
 ----> pbMRQ 364 0 0.717167 0.282833 
 ----> pbMRQ 365 0 0.717144 0.282856 
 ----> pbMRQ 366 1 0.697879 0.302121 
 ----> pbMRQ 367 0 0.608453 0.391547 
 ----> pbMRQ 368 0 0.711786 0.288214 
 ----> pbMRQ 369 0 0.708497 0.291503 
 ----> pbMRQ 370 1 0.684791 0.315209 
 ----> pbMRQ 371 0 0.708623 0.291377 
 ----> pbMRQ 372 0 0.597159 0.402841 
 ----> pbMRQ 373 0 0.720246 0.279754 
 ----> pbMRQ 374 0 0.733897 0.266103 
 ----> pbMRQ 375 1 0.667255 0.332745 
 ----> pbMRQ 376 0 0.61405 0.38595 
 ----> pbMRQ 377 0 0.738686 0.261314 
 ----> pbMRQ 378 1 0.675235 0.324765 
 ----> pbMRQ 379 0 0.727973 0.272027 
 ----> pbMRQ 380 0 0.594481 0.405519 
 ----> pbMRQ 381 0 0.714541 0.285459 
 ----> pbMRQ 382 0 0.712696 0.287304 
 ----> pbMRQ 383 0 0.707219 0.292781 
 ----> pbMRQ 384 0 0.707984 0.292016 
 ----> pbMRQ 385 1 0.557527 0.442473 
 ----> pbMRQ 386 0 0.713592 0.286408 
 ----> pbMRQ 387 1 0.683733 0.316267 
 ----> pbMRQ 388 1 0.555125 0.444875 
 ----> pbMRQ 389 0 0.715655 0.284345 
 ----> pbMRQ 390 0 0.69551 0.30449 
 ----> pbMRQ 391 0 0.717084 0.282916 
 ----> pbMRQ 392 1 0.689695 0.310305 
 ----> pbMRQ 393 1 0.676511 0.323489 
 ----> pbMRQ 394 0 0.721908 0.278092 
 ----> pbMRQ 395 0 0.619874 0.380126 
 ----> pbMRQ 396 0 0.71139 0.28861 
 ----> pbMRQ 397 0 0.620011 0.379989 
 ----> pbMRQ 398 1 0.60621 0.39379 
 ----> pbMRQ 399 1 0.667593 0.332407 
 ----> pbMRQ 400 1 0.679438 0.320562 
 ----> pbMRQ 401 0 0.724563 0.275437 
 ----> pbMRQ 402 0 0.596971 0.403029 
 ----> pbMRQ 403 0 0.644465 0.355535 
 ----> pbMRQ 404 0 0.688812 0.311188 
 ----> pbMRQ 405 0 0.702992 0.297008 
 ----> pbMRQ 406 1 0.681429 0.318571 
 ----> pbMRQ 407 1 0.678663 0.321337 
 ----> pbMRQ 408 0 0.596837 0.403163 
 ----> pbMRQ 409 1 0.616126 0.383874 
 ----> pbMRQ 410 0 0.61028 0.38972 
 ----> pbMRQ 411 0 0.642221 0.357779 
 ----> pbMRQ 412 1 0.690269 0.309731 
 ----> pbMRQ 413 1 0.676209 0.323791 
 ----> pbMRQ 414 0 0.701559 0.298441 
 ----> pbMRQ 415 1 0.66542 0.33458 
 ----> pbMRQ 416 0 0.589158 0.410842 
 ----> pbMRQ 417 0 0.653255 0.346745 
 ----> pbMRQ 418 1 0.663688 0.336312 
 ----> pbMRQ 419 0 0.662169 0.337831 
 ----> pbMRQ 420 0 0.701965 0.298035 
 ----> pbMRQ 421 0 0.717195 0.282805 
 ----> pbMRQ 422 0 0.72172 0.27828 
 ----> pbMRQ 423 0 0.604027 0.395973 
 ----> pbMRQ 424 0 0.718489 0.281511 
 ----> pbMRQ 425 0 0.583591 0.416409 
 ----> pbMRQ 426 1 0.671034 0.328966 
 ----> pbMRQ 427 0 0.707218 0.292782 
 ----> pbMRQ 428 0 0.597337 0.402663 
 ----> pbMRQ 429 0 0.711146 0.288854 
 ----> pbMRQ 430 0 0.708469 0.291531 
 ----> pbMRQ 431 0 0.70662 0.29338 
 ----> pbMRQ 432 0 0.709305 0.290695 
 ----> pbMRQ 433 0 0.706674 0.293326 
 ----> pbMRQ 434 0 0.728911 0.271089 
 ----> pbMRQ 435 1 0.685441 0.314559 
 ----> pbMRQ 436 0 0.600393 0.399607 
 ----> pbMRQ 437 0 0.717839 0.282161 
 ----> pbMRQ 438 0 0.717166 0.282834 
 ----> pbMRQ 439 0 0.710644 0.289356 
 ----> pbMRQ 440 0 0.727147 0.272853 
 ----> pbMRQ 441 0 0.71101 0.28899 
 ----> pbMRQ 442 0 0.705726 0.294274 
 ----> pbMRQ 443 0 0.730783 0.269217 
 ----> pbMRQ 444 0 0.729574 0.270426 
 ----> pbMRQ 445 1 0.574501 0.425499 
 ----> pbMRQ 446 0 0.727009 0.272991 
 ----> pbMRQ 447 0 0.722712 0.277288 
 ----> pbMRQ 448 0 0.708014 0.291986 
 ----> pbMRQ 449 0 0.720157 0.279843 
 ----> pbMRQ 450 0 0.714524 0.285476 
 ----> pbMRQ 451 0 0.724648 0.275352 
 ----> pbMRQ 452 0 0.720311 0.279689 
 ----> pbMRQ 453 0 0.713994 0.286006 
 ----> pbMRQ 454 1 0.692762 0.307238 
 ----> pbMRQ 455 0 0.602073 0.397927 
 ----> pbMRQ 456 0 0.711509 0.288491 
 ----> pbMRQ 457 0 0.706149 0.293851 
 ----> pbMRQ 458 1 0.676068 0.323932 
 ----> pbMRQ 459 0 0.72519 0.27481 
 ----> pbMRQ 460 0 0.705874 0.294126 
 ----> pbMRQ 461 1 0.6751 0.3249 
 ----> pbMRQ 462 0 0.725285 0.274715 
 ----> pbMRQ 463 0 0.704659 0.295341 
 ----> pbMRQ 464 0 0.591447 0.408553 
 ----> pbMRQ 465 0 0.730625 0.269375 
 ----> pbMRQ 466 0 0.71533 0.28467 
 ----> pbMRQ 467 1 0.679265 0.320735 
 ----> pbMRQ 468 0 0.611467 0.388533 
 ----> pbMRQ 469 0 0.72545 0.27455 
 ----> pbMRQ 470 1 0.689888 0.310112 
 ----> pbMRQ 471 1 0.570883 0.429117 
 ----> pbMRQ 472 0 0.711813 0.288187 
 ----> pbMRQ 473 1 0.692499 0.307501 
 ----> pbMRQ 474 0 0.702849 0.297151 
 ----> pbMRQ 475 0 0.724016 0.275984 
 ----> pbMRQ 476 0 0.715129 0.284871 
 ----> pbMRQ 477 1 0.575615 0.424385 
 ----> pbMRQ 478 0 0.726419 0.273581 
 ----> pbMRQ 479 1 0.685015 0.314985 
 ----> pbMRQ 480 0 0.605496 0.394504 
 ----> pbMRQ 481 0 0.666335 0.333665 
 ----> pbMRQ 482 0 0.713829 0.286171 
 ----> pbMRQ 483 1 0.608458 0.391542 
 ----> pbMRQ 484 0 0.718027 0.281973 
 ----> pbMRQ 485 0 0.706413 0.293587 
 ----> pbMRQ 486 0 0.704071 0.295929 
 ----> pbMRQ 487 0 0.614346 0.385654 
 ----> pbMRQ 488 1 0.688864 0.311136 
 ----> pbMRQ 489 1 0.565513 0.434487 
 ----> pbMRQ 490 0 0.701861 0.298139 
 ----> pbMRQ 491 1 0.683654 0.316346 
 ----> pbMRQ 492 0 0.71338 0.28662 
 ----> pbMRQ 493 0 0.603972 0.396028 
 ----> pbMRQ 494 0 0.735995 0.264005 
 ----> pbMRQ 495 1 0.682456 0.317544 
 ----> pbMRQ 496 0 0.728436 0.271564 
 ----> pbMRQ 497 0 0.702039 0.297961 
 ----> pbMRQ 498 0 0.614075 0.385925 
 ----> pbMRQ 499 1 0.628371 0.371629 
 ----> pbMRQ 500 1 0.683733 0.316267 
 ----> pbMRQ 501 0 0.65725 0.34275 
 ----> pbMRQ 502 0 0.711844 0.288156 
 ----> pbMRQ 503 0 0.720864 0.279136 
 ----> pbMRQ 504 0 0.713214 0.286786 
 ----> pbMRQ 505 0 0.616622 0.383378 
 ----> pbMRQ 506 0 0.699764 0.300236 
 ----> pbMRQ 507 0 0.717096 0.282904 
 ----> pbMRQ 508 1 0.688652 0.311348 
 ----> pbMRQ 509 1 0.569523 0.430477 
 ----> pbMRQ 510 0 0.656639 0.343361 
 ----> pbMRQ 511 0 0.702711 0.297289 
 ----> pbMRQ 512 0 0.72723 0.27277 
 ----> pbMRQ 513 0 0.714213 0.285787 
 ----> pbMRQ 514 1 0.680748 0.319252 
 ----> pbMRQ 515 0 0.701205 0.298795 
 ----> pbMRQ 516 0 0.725121 0.274879 
 ----> pbMRQ 517 1 0.683306 0.316694 
 ----> pbMRQ 518 0 0.597786 0.402214 
 ----> pbMRQ 519 0 0.632199 0.367801 
 ----> pbMRQ 520 1 0.684966 0.315034 
 ----> pbMRQ 521 1 0.686269 0.313731 
 ----> pbMRQ 522 0 0.723027 0.276973 
 ----> pbMRQ 523 1 0.68186 0.31814 
 ----> pbMRQ 524 0 0.601636 0.398364 
 ----> pbMRQ 525 0 0.710941 0.289059 
 ----> pbMRQ 526 0 0.708615 0.291385 
 ----> pbMRQ 527 0 0.585779 0.414221 
 ----> pbMRQ 528 0 0.724241 0.275759 
 ----> pbMRQ 529 1 0.676334 0.323666 
 ----> pbMRQ 530 0 0.607042 0.392958 
 ----> pbMRQ 531 1 0.605507 0.394493 
 ----> pbMRQ 532 0 0.702416 0.297584 
 ----> pbMRQ 533 0 0.654295 0.345705 
 ----> pbMRQ 534 0 0.712381 0.287619 
 ----> pbMRQ 535 1 0.653136 0.346864 
 ----> pbMRQ 536 0 0.700708 0.299292 
 ----> pbMRQ 537 0 0.718782 0.281218 
 ----> pbMRQ 538 0 0.724495 0.275505 
 ----> pbMRQ 539 1 0.568456 0.431544 
 ----> pbMRQ 540 0 0.717619 0.282381 
 ----> pbMRQ 541 1 0.576795 0.423205 
 ----> pbMRQ 542 0 0.700499 0.299501 
 ----> pbMRQ 543 1 0.686585 0.313415 
 ----> pbMRQ 544 0 0.706523 0.293477 
 ----> pbMRQ 545 1 0.555619 0.444381 
 ----> pbMRQ 546 0 0.720514 0.279486 
 ----> pbMRQ 547 0 0.712818 0.287182 
 ----> pbMRQ 548 1 0.673645 0.326355 
 ----> pbMRQ 549 0 0.599507 0.400493 
 ----> pbMRQ 550 0 0.729308 0.270692 
 ----> pbMRQ 551 0 0.608162 0.391838 
 ----> pbMRQ 552 1 0.672809 0.327191 
 ----> pbMRQ 553 1 0.557264 0.442736 
 ----> pbMRQ 554 1 0.674124 0.325876 
 ----> pbMRQ 555 1 0.574062 0.425938 
 ----> pbMRQ 556 0 0.696044 0.303956 
 ----> pbMRQ 557 0 0.726829 0.273171 
 ----> pbMRQ 558 0 0.593659 0.406341 
 ----> pbMRQ 559 0 0.723825 0.276175 
 ----> pbMRQ 560 0 0.704688 0.295312 
 ----> pbMRQ 561 1 0.674085 0.325915 
 ----> pbMRQ 562 0 0.592279 0.407721 
 ----> pbMRQ 563 0 0.63627 0.36373 
 ----> pbMRQ 564 0 0.621813 0.378187 
 ----> pbMRQ 565 0 0.602622 0.397378 
 ----> pbMRQ 566 0 0.677508 0.322492 
 ----> pbMRQ 567 0 0.658263 0.341737 
 ----> pbMRQ 568 0 0.71044 0.28956 
 ----> pbMRQ 569 1 0.667853 0.332147 
 ----> pbMRQ 570 0 0.710621 0.289379 
 ----> pbMRQ 571 1 0.533418 0.466582 
 ----> pbMRQ 572 0 0.726667 0.273333 
 ----> pbMRQ 573 0 0.705489 0.294511 
 ----> pbMRQ 574 0 0.702439 0.297561 
 ----> pbMRQ 575 1 0.687691 0.312309 
 ----> pbMRQ 576 0 0.727217 0.272783 
 ----> pbMRQ 577 1 0.673732 0.326268 
 ----> pbMRQ 578 0 0.732802 0.267198 
 ----> pbMRQ 579 0 0.596832 0.403168 
 ----> pbMRQ 580 1 0.680937 0.319063 
 ----> pbMRQ 581 0 0.596543 0.403457 
 ----> pbMRQ 582 0 0.722569 0.277431 
 ----> pbMRQ 583 1 0.660099 0.339901 
 ----> pbMRQ 584 0 0.709311 0.290689 
 ----> pbMRQ 585 0 0.610082 0.389918 
 ----> pbMRQ 586 0 0.703156 0.296844 
 ----> pbMRQ 587 0 0.575687 0.424313 
 ----> pbMRQ 588 0 0.712442 0.287558 
 ----> pbMRQ 589 1 0.664852 0.335148 
 ----> pbMRQ 590 0 0.592255 0.407745 
 ----> pbMRQ 591 1 0.688704 0.311296 
 ----> pbMRQ 592 1 0.684292 0.315708 
 ----> pbMRQ 593 0 0.606548 0.393452 
 ----> pbMRQ 594 0 0.699223 0.300777 
 ----> pbMRQ 595 0 0.715989 0.284011 
 ----> pbMRQ 596 0 0.700846 0.299154 
 ----> pbMRQ 597 0 0.710201 0.289799 
 ----> pbMRQ 598 0 0.71312 0.28688 
 ----> pbMRQ 599 0 0.592041 0.407959 
 ----> pbMRQ 600 0 0.723536 0.276464 
 ----> pbMRQ 601 0 0.598906 0.401094 
 ----> pbMRQ 602 1 0.603185 0.396815 
 ----> pbMRQ 603 0 0.707053 0.292947 
 ----> pbMRQ 604 0 0.716564 0.283436 
 ----> pbMRQ 605 0 0.71705 0.28295 
 ----> pbMRQ 606 0 0.736968 0.263032 
 ----> pbMRQ 607 1 0.667549 0.332451 
 ----> pbMRQ 608 0 0.708218 0.291782 
 ----> pbMRQ 609 0 0.71873 0.28127 
 ----> pbMRQ 610 0 0.71422 0.28578 
 ----> pbMRQ 611 0 0.714191 0.285809 
 ----> pbMRQ 612 0 0.613156 0.386844 
 ----> pbMRQ 613 0 0.712075 0.287925 
 ----> pbMRQ 614 0 0.720063 0.279937 
 ----> pbMRQ 615 0 0.716438 0.283562 
 ----> pbMRQ 616 0 0.718335 0.281665 
 ----> pbMRQ 617 0 0.610163 0.389837 
 ----> pbMRQ 618 0 0.71343 0.28657 
 ----> pbMRQ 619 1 0.683922 0.316078 
 ----> pbMRQ 620 0 0.713764 0.286236 
 ----> pbMRQ 621 0 0.714014 0.285986 
 ----> pbMRQ 622 0 0.739386 0.260614 
 ----> pbMRQ 623 1 0.676286 0.323714 
 ----> pbMRQ 624 0 0.717859 0.282141 
 ----> pbMRQ 625 0 0.714701 0.285299 
 ----> pbMRQ 626 0 0.716141 0.283859 
 ----> pbMRQ 627 0 0.705786 0.294214 
 ----> pbMRQ 628 1 0.69932 0.30068 
 ----> pbMRQ 629 0 0.608448 0.391552 
 ----> pbMRQ 630 0 0.66484 0.33516 
 ----> pbMRQ 631 1 0.67406 0.32594 
 ----> pbMRQ 632 1 0.66544 0.33456 
 ----> pbMRQ 633 0 0.600829 0.399171 
 ----> pbMRQ 634 1 0.697965 0.302035 
 ----> pbMRQ 635 0 0.728423 0.271577 
 ----> pbMRQ 636 1 0.676445 0.323555 
 ----> pbMRQ 637 0 0.720053 0.279947 
 ----> pbMRQ 638 0 0.60609 0.39391 
 ----> pbMRQ 639 1 0.698953 0.301047 
 ----> pbMRQ 640 0 0.702554 0.297446 
 ----> pbMRQ 641 0 0.605302 0.394698 
 ----> pbMRQ 642 0 0.649959 0.350041 
 ----> pbMRQ 643 0 0.711406 0.288594 
 ----> pbMRQ 644 0 0.639616 0.360384 
 ----> pbMRQ 645 0 0.707442 0.292558 
 ----> pbMRQ 646 1 0.625294 0.374706 
 ----> pbMRQ 647 0 0.694073 0.305927 
 ----> pbMRQ 648 0 0.713781 0.286219 
 ----> pbMRQ 649 0 0.602232 0.397768 
 ----> pbMRQ 650 0 0.708845 0.291155 
 ----> pbMRQ 651 1 0.683024 0.316976 
 ----> pbMRQ 652 0 0.710897 0.289103 
 ----> pbMRQ 653 1 0.700979 0.299021 
 ----> pbMRQ 654 0 0.714719 0.285281 
 ----> pbMRQ 655 0 0.72368 0.27632 
 ----> pbMRQ 656 0 0.608314 0.391686 
 ----> pbMRQ 657 0 0.709763 0.290237 
 ----> pbMRQ 658 0 0.723676 0.276324 
 ----> pbMRQ 659 0 0.70997 0.29003 
 ----> pbMRQ 660 0 0.714438 0.285562 
 ----> pbMRQ 661 0 0.594367 0.405633 
 ----> pbMRQ 662 0 0.713925 0.286075 
 ----> pbMRQ 663 1 0.564771 0.435229 
 ----> pbMRQ 664 1 0.694451 0.305549 
 ----> pbMRQ 665 0 0.712295 0.287705 
 ----> pbMRQ 666 0 0.71596 0.28404 
 ----> pbMRQ 667 0 0.724259 0.275741 
 ----> pbMRQ 668 0 0.726215 0.273785 
 ----> pbMRQ 669 0 0.714625 0.285375 
 ----> pbMRQ 670 0 0.736429 0.263571 
 ----> pbMRQ 671 0 0.713442 0.286558 
 ----> pbMRQ 672 0 0.712721 0.287279 
 ----> pbMRQ 673 0 0.608103 0.391897 
 ----> pbMRQ 674 1 0.633902 0.366098 
 ----> pbMRQ 675 1 0.685995 0.314005 
 ----> pbMRQ 676 0 0.731639 0.268361 
 ----> pbMRQ 677 1 0.68844 0.31156 
 ----> pbMRQ 678 1 0.686857 0.313143 
 ----> pbMRQ 679 0 0.722789 0.277211 
 ----> pbMRQ 680 1 0.682849 0.317151 
 ----> pbMRQ 681 0 0.730409 0.269591 
 ----> pbMRQ 682 0 0.694195 0.305805 
 ----> pbMRQ 683 0 0.706663 0.293337 
 ----> pbMRQ 684 0 0.591969 0.408031 
 ----> pbMRQ 685 0 0.642516 0.357484 
 ----> pbMRQ 686 0 0.720199 0.279801 
 ----> pbMRQ 687 0 0.654908 0.345092 
 ----> pbMRQ 688 0 0.60911 0.39089 
 ----> pbMRQ 689 0 0.652927 0.347073 
 ----> pbMRQ 690 1 0.599101 0.400899 
 ----> pbMRQ 691 0 0.650236 0.349764 
 ----> pbMRQ 692 0 0.695219 0.304781 
 ----> pbMRQ 693 1 0.669471 0.330529 
 ----> pbMRQ 694 0 0.72449 0.27551 
 ----> pbMRQ 695 0 0.712018 0.287982 
 ----> pbMRQ 696 0 0.699636 0.300364 
 ----> pbMRQ 697 0 0.718705 0.281295 
 ----> pbMRQ 698 1 0.701422 0.298578 
 ----> pbMRQ 699 0 0.70493 0.29507 
 ----> pbMRQ 700 1 0.571774 0.428226 
 ----> pbMRQ 701 0 0.708598 0.291402 
 ----> pbMRQ 702 0 0.713886 0.286114 
 ----> pbMRQ 703 0 0.593182 0.406818 
 ----> pbMRQ 704 0 0.729055 0.270945 
 ----> pbMRQ 705 0 0.709954 0.290046 
 ----> pbMRQ 706 0 0.722149 0.277851 
 ----> pbMRQ 707 0 0.728564 0.271436 
 ----> pbMRQ 708 0 0.591573 0.408427 
 ----> pbMRQ 709 0 0.721772 0.278228 
 ----> pbMRQ 710 0 0.60791 0.39209 
 ----> pbMRQ 711 0 0.730249 0.269751 
 ----> pbMRQ 712 0 0.713098 0.286902 
 ----> pbMRQ 713 1 0.686465 0.313535 
 ----> pbMRQ 714 1 0.705149 0.294851 
 ----> pbMRQ 715 1 0.711446 0.288554 
 ----> pbMRQ 716 1 0.701836 0.298164 
 ----> pbMRQ 717 0 0.718727 0.281273 
 ----> pbMRQ 718 0 0.697152 0.302848 
