 ----> pbMRQ 1 1 0.653987 0.346013 
 ----> pbMRQ 2 0 0.65675 0.34325 
 ----> pbMRQ 3 1 0.656517 0.343483 
 ----> pbMRQ 4 1 0.656457 0.343543 
 ----> pbMRQ 5 1 0.656485 0.343515 
 ----> pbMRQ 6 1 0.665023 0.334977 
 ----> pbMRQ 7 0 0.656973 0.343027 
 ----> pbMRQ 8 0 0.642006 0.357994 
 ----> pbMRQ 9 0 0.675653 0.324347 
 ----> pbMRQ 10 1 0.637798 0.362202 
 ----> pbMRQ 11 1 0.675194 0.324806 
 ----> pbMRQ 12 0 0.654812 0.345188 
 ----> pbMRQ 13 0 0.642046 0.357954 
 ----> pbMRQ 14 1 0.677351 0.322649 
 ----> pbMRQ 15 1 0.679687 0.320313 
 ----> pbMRQ 16 1 0.676155 0.323845 
 ----> pbMRQ 17 1 0.684927 0.315073 
 ----> pbMRQ 18 0 0.675169 0.324831 
 ----> pbMRQ 19 0 0.574658 0.425342 
 ----> pbMRQ 20 0 0.65922 0.34078 
 ----> pbMRQ 21 1 0.658055 0.341945 
 ----> pbMRQ 22 0 0.670906 0.329094 
 ----> pbMRQ 23 0 0.661594 0.338406 
 ----> pbMRQ 24 0 0.676774 0.323226 
 ----> pbMRQ 25 0 0.638008 0.361992 
 ----> pbMRQ 26 1 0.640842 0.359158 
 ----> pbMRQ 27 1 0.671078 0.328922 
 ----> pbMRQ 28 1 0.672686 0.327314 
 ----> pbMRQ 29 0 0.686384 0.313616 
 ----> pbMRQ 30 0 0.67261 0.32739 
 ----> pbMRQ 31 0 0.688456 0.311544 
 ----> pbMRQ 32 0 0.648046 0.351954 
 ----> pbMRQ 33 0 0.667198 0.332802 
 ----> pbMRQ 34 1 0.622756 0.377244 
 ----> pbMRQ 35 1 0.625979 0.374021 
 ----> pbMRQ 36 0 0.713129 0.286871 
 ----> pbMRQ 37 0 0.676834 0.323166 
 ----> pbMRQ 38 0 0.683859 0.316141 
 ----> pbMRQ 39 0 0.694746 0.305254 
 ----> pbMRQ 40 1 0.605644 0.394356 
 ----> pbMRQ 41 1 0.695152 0.304848 
 ----> pbMRQ 42 1 0.640766 0.359234 
 ----> pbMRQ 43 0 0.676676 0.323324 
 ----> pbMRQ 44 1 0.658622 0.341378 
 ----> pbMRQ 45 1 0.614939 0.385061 
 ----> pbMRQ 46 0 0.655157 0.344843 
 ----> pbMRQ 47 1 0.652346 0.347654 
 ----> pbMRQ 48 1 0.677919 0.322081 
 ----> pbMRQ 49 1 0.660077 0.339923 
 ----> pbMRQ 50 1 0.654355 0.345645 
 ----> pbMRQ 51 0 0.6504 0.3496 
 ----> pbMRQ 52 1 0.658658 0.341342 
 ----> pbMRQ 53 0 0.640611 0.359389 
 ----> pbMRQ 54 0 0.669453 0.330547 
 ----> pbMRQ 55 0 0.659204 0.340796 
 ----> pbMRQ 56 1 0.637147 0.362853 
 ----> pbMRQ 57 1 0.623671 0.376329 
 ----> pbMRQ 58 0 0.676615 0.323385 
 ----> pbMRQ 59 1 0.632399 0.367601 
 ----> pbMRQ 60 0 0.658997 0.341003 
 ----> pbMRQ 61 0 0.672923 0.327077 
 ----> pbMRQ 62 0 0.700082 0.299918 
 ----> pbMRQ 63 1 0.635125 0.364875 
 ----> pbMRQ 64 1 0.633513 0.366487 
 ----> pbMRQ 65 0 0.67045 0.32955 
 ----> pbMRQ 66 0 0.669356 0.330644 
 ----> pbMRQ 67 1 0.597502 0.402498 
 ----> pbMRQ 68 1 0.633702 0.366298 
 ----> pbMRQ 69 0 0.707105 0.292895 
 ----> pbMRQ 70 1 0.632714 0.367286 
 ----> pbMRQ 71 1 0.672052 0.327948 
 ----> pbMRQ 72 1 0.675534 0.324466 
 ----> pbMRQ 73 0 0.685557 0.314443 
 ----> pbMRQ 74 0 0.670956 0.329044 
 ----> pbMRQ 75 0 0.645995 0.354005 
 ----> pbMRQ 76 1 0.667919 0.332081 
 ----> pbMRQ 77 0 0.680115 0.319885 
 ----> pbMRQ 78 1 0.594325 0.405675 
 ----> pbMRQ 79 0 0.668119 0.331881 
 ----> pbMRQ 80 1 0.683514 0.316486 
 ----> pbMRQ 81 1 0.637508 0.362492 
 ----> pbMRQ 82 1 0.712783 0.287217 
 ----> pbMRQ 83 1 0.642068 0.357932 
 ----> pbMRQ 84 1 0.672082 0.327918 
 ----> pbMRQ 85 0 0.65504 0.34496 
 ----> pbMRQ 86 0 0.70716 0.29284 
 ----> pbMRQ 87 1 0.636453 0.363547 
 ----> pbMRQ 88 1 0.649424 0.350576 
 ----> pbMRQ 89 1 0.667818 0.332182 
 ----> pbMRQ 90 1 0.64253 0.35747 
 ----> pbMRQ 91 1 0.616791 0.383209 
 ----> pbMRQ 92 0 0.660808 0.339192 
 ----> pbMRQ 93 0 0.661092 0.338908 
 ----> pbMRQ 94 1 0.673899 0.326101 
 ----> pbMRQ 95 0 0.632466 0.367534 
 ----> pbMRQ 96 0 0.690218 0.309782 
 ----> pbMRQ 97 1 0.683502 0.316498 
 ----> pbMRQ 98 1 0.665503 0.334497 
 ----> pbMRQ 99 1 0.672602 0.327398 
 ----> pbMRQ 100 0 0.664292 0.335708 
 ----> pbMRQ 101 1 0.63322 0.36678 
 ----> pbMRQ 102 0 0.676593 0.323407 
 ----> pbMRQ 103 0 0.666631 0.333369 
 ----> pbMRQ 104 0 0.677211 0.322789 
 ----> pbMRQ 105 1 0.647681 0.352319 
 ----> pbMRQ 106 0 0.715393 0.284607 
 ----> pbMRQ 107 0 0.628155 0.371845 
 ----> pbMRQ 108 0 0.699226 0.300774 
 ----> pbMRQ 109 0 0.687105 0.312895 
 ----> pbMRQ 110 1 0.637836 0.362164 
 ----> pbMRQ 111 0 0.661725 0.338275 
 ----> pbMRQ 112 0 0.68661 0.31339 
 ----> pbMRQ 113 1 0.669353 0.330647 
 ----> pbMRQ 114 1 0.665697 0.334303 
 ----> pbMRQ 115 0 0.658513 0.341487 
 ----> pbMRQ 116 0 0.702746 0.297254 
 ----> pbMRQ 117 1 0.59584 0.40416 
 ----> pbMRQ 118 1 0.645166 0.354834 
 ----> pbMRQ 119 1 0.686592 0.313408 
 ----> pbMRQ 120 0 0.702834 0.297166 
 ----> pbMRQ 121 0 0.633434 0.366566 
 ----> pbMRQ 122 1 0.636121 0.363879 
 ----> pbMRQ 123 1 0.650552 0.349448 
 ----> pbMRQ 124 0 0.681132 0.318868 
 ----> pbMRQ 125 1 0.678016 0.321984 
 ----> pbMRQ 126 0 0.705937 0.294063 
 ----> pbMRQ 127 0 0.646396 0.353604 
 ----> pbMRQ 128 0 0.675549 0.324451 
 ----> pbMRQ 129 1 0.612345 0.387655 
 ----> pbMRQ 130 0 0.734639 0.265361 
 ----> pbMRQ 131 0 0.669482 0.330518 
 ----> pbMRQ 132 0 0.648504 0.351496 
 ----> pbMRQ 133 1 0.610585 0.389415 
 ----> pbMRQ 134 1 0.658376 0.341624 
 ----> pbMRQ 135 1 0.676978 0.323022 
 ----> pbMRQ 136 0 0.713804 0.286196 
 ----> pbMRQ 137 1 0.625058 0.374942 
 ----> pbMRQ 138 0 0.668889 0.331111 
 ----> pbMRQ 139 0 0.675785 0.324215 
 ----> pbMRQ 140 1 0.616622 0.383378 
 ----> pbMRQ 141 0 0.685053 0.314947 
 ----> pbMRQ 142 1 0.663603 0.336397 
 ----> pbMRQ 143 0 0.685495 0.314505 
 ----> pbMRQ 144 1 0.650373 0.349627 
 ----> pbMRQ 145 0 0.649127 0.350873 
 ----> pbMRQ 146 0 0.68942 0.31058 
 ----> pbMRQ 147 0 0.682293 0.317707 
 ----> pbMRQ 148 0 0.737372 0.262628 
 ----> pbMRQ 149 1 0.607396 0.392604 
 ----> pbMRQ 150 1 0.610236 0.389764 
 ----> pbMRQ 151 1 0.660389 0.339611 
 ----> pbMRQ 152 0 0.697352 0.302648 
 ----> pbMRQ 153 0 0.696588 0.303412 
 ----> pbMRQ 154 0 0.674407 0.325593 
 ----> pbMRQ 155 1 0.605727 0.394273 
 ----> pbMRQ 156 1 0.598965 0.401035 
 ----> pbMRQ 157 1 0.635589 0.364411 
 ----> pbMRQ 158 0 0.675074 0.324926 
 ----> pbMRQ 159 1 0.570286 0.429714 
 ----> pbMRQ 160 0 0.677198 0.322802 
 ----> pbMRQ 161 0 0.7318 0.2682 
 ----> pbMRQ 162 1 0.667222 0.332778 
 ----> pbMRQ 163 1 0.646161 0.353839 
 ----> pbMRQ 164 1 0.66142 0.33858 
 ----> pbMRQ 165 1 0.644841 0.355159 
 ----> pbMRQ 166 0 0.701478 0.298522 
 ----> pbMRQ 167 1 0.665348 0.334652 
 ----> pbMRQ 168 0 0.626719 0.373281 
 ----> pbMRQ 169 0 0.68321 0.31679 
 ----> pbMRQ 170 1 0.651142 0.348858 
 ----> pbMRQ 171 1 0.644303 0.355697 
 ----> pbMRQ 172 0 0.675837 0.324163 
 ----> pbMRQ 173 1 0.655981 0.344019 
 ----> pbMRQ 174 0 0.670465 0.329535 
 ----> pbMRQ 175 1 0.633056 0.366944 
 ----> pbMRQ 176 0 0.67604 0.32396 
 ----> pbMRQ 177 0 0.610954 0.389046 
 ----> pbMRQ 178 1 0.66194 0.33806 
 ----> pbMRQ 179 0 0.706777 0.293223 
 ----> pbMRQ 180 0 0.696088 0.303912 
 ----> pbMRQ 181 0 0.68597 0.31403 
 ----> pbMRQ 182 0 0.657488 0.342512 
 ----> pbMRQ 183 1 0.59967 0.40033 
 ----> pbMRQ 184 1 0.668433 0.331567 
 ----> pbMRQ 185 0 0.669982 0.330018 
 ----> pbMRQ 186 0 0.690059 0.309941 
 ----> pbMRQ 187 0 0.64937 0.35063 
 ----> pbMRQ 188 1 0.686112 0.313888 
 ----> pbMRQ 189 1 0.65555 0.34445 
 ----> pbMRQ 190 0 0.665073 0.334927 
 ----> pbMRQ 191 0 0.686091 0.313909 
 ----> pbMRQ 192 1 0.633957 0.366043 
 ----> pbMRQ 193 0 0.643422 0.356578 
 ----> pbMRQ 194 0 0.703626 0.296374 
 ----> pbMRQ 195 0 0.688801 0.311199 
 ----> pbMRQ 196 1 0.654227 0.345773 
 ----> pbMRQ 197 0 0.67089 0.32911 
 ----> pbMRQ 198 0 0.672416 0.327584 
 ----> pbMRQ 199 0 0.65886 0.34114 
 ----> pbMRQ 200 0 0.6712 0.3288 
 ----> pbMRQ 201 0 0.668842 0.331158 
 ----> pbMRQ 202 0 0.682958 0.317042 
 ----> pbMRQ 203 1 0.609601 0.390399 
 ----> pbMRQ 204 1 0.614244 0.385756 
 ----> pbMRQ 205 0 0.669834 0.330166 
 ----> pbMRQ 206 1 0.633463 0.366537 
 ----> pbMRQ 207 1 0.652898 0.347102 
 ----> pbMRQ 208 0 0.685363 0.314637 
 ----> pbMRQ 209 0 0.676071 0.323929 
 ----> pbMRQ 210 0 0.643643 0.356357 
 ----> pbMRQ 211 0 0.677592 0.322408 
 ----> pbMRQ 212 0 0.695518 0.304482 
 ----> pbMRQ 213 1 0.572232 0.427768 
 ----> pbMRQ 214 0 0.706763 0.293237 
 ----> pbMRQ 215 1 0.671418 0.328582 
 ----> pbMRQ 216 0 0.714846 0.285154 
 ----> pbMRQ 217 1 0.667775 0.332225 
 ----> pbMRQ 218 0 0.657286 0.342714 
 ----> pbMRQ 219 0 0.683982 0.316018 
 ----> pbMRQ 220 0 0.670621 0.329379 
 ----> pbMRQ 221 0 0.662413 0.337587 
 ----> pbMRQ 222 1 0.657578 0.342422 
 ----> pbMRQ 223 1 0.632931 0.367069 
 ----> pbMRQ 224 0 0.669729 0.330271 
 ----> pbMRQ 225 1 0.653926 0.346074 
 ----> pbMRQ 226 1 0.640073 0.359927 
 ----> pbMRQ 227 0 0.735111 0.264889 
 ----> pbMRQ 228 0 0.673567 0.326433 
 ----> pbMRQ 229 0 0.661334 0.338666 
 ----> pbMRQ 230 0 0.680087 0.319913 
 ----> pbMRQ 231 0 0.749821 0.250179 
 ----> pbMRQ 232 1 0.622785 0.377215 
 ----> pbMRQ 233 0 0.659715 0.340285 
 ----> pbMRQ 234 0 0.665843 0.334157 
 ----> pbMRQ 235 0 0.683805 0.316195 
 ----> pbMRQ 236 1 0.621215 0.378785 
 ----> pbMRQ 237 0 0.658724 0.341276 
 ----> pbMRQ 238 0 0.674765 0.325235 
 ----> pbMRQ 239 0 0.693831 0.306169 
 ----> pbMRQ 240 1 0.608016 0.391984 
 ----> pbMRQ 241 0 0.673923 0.326077 
 ----> pbMRQ 242 1 0.648776 0.351224 
 ----> pbMRQ 243 0 0.694378 0.305622 
 ----> pbMRQ 244 1 0.629429 0.370571 
 ----> pbMRQ 245 1 0.677062 0.322938 
 ----> pbMRQ 246 0 0.691284 0.308716 
 ----> pbMRQ 247 0 0.717468 0.282532 
 ----> pbMRQ 248 1 0.661825 0.338175 
 ----> pbMRQ 249 1 0.648146 0.351854 
 ----> pbMRQ 250 0 0.63378 0.36622 
 ----> pbMRQ 251 0 0.7015 0.2985 
 ----> pbMRQ 252 0 0.690042 0.309958 
 ----> pbMRQ 253 1 0.673081 0.326919 
 ----> pbMRQ 254 0 0.692035 0.307965 
 ----> pbMRQ 255 1 0.686107 0.313893 
 ----> pbMRQ 256 0 0.696459 0.303541 
 ----> pbMRQ 257 0 0.677263 0.322737 
 ----> pbMRQ 258 0 0.676793 0.323207 
 ----> pbMRQ 259 0 0.689205 0.310795 
 ----> pbMRQ 260 1 0.631267 0.368733 
 ----> pbMRQ 261 1 0.542015 0.457985 
 ----> pbMRQ 262 0 0.683841 0.316159 
 ----> pbMRQ 263 1 0.639108 0.360892 
 ----> pbMRQ 264 1 0.619964 0.380036 
 ----> pbMRQ 265 1 0.692939 0.307061 
 ----> pbMRQ 266 0 0.656565 0.343435 
 ----> pbMRQ 267 0 0.640344 0.359656 
 ----> pbMRQ 268 1 0.654491 0.345509 
 ----> pbMRQ 269 0 0.669144 0.330856 
 ----> pbMRQ 270 1 0.614327 0.385673 
 ----> pbMRQ 271 1 0.651079 0.348921 
 ----> pbMRQ 272 0 0.680932 0.319068 
 ----> pbMRQ 273 0 0.68539 0.31461 
 ----> pbMRQ 274 1 0.680586 0.319414 
 ----> pbMRQ 275 1 0.668492 0.331508 
 ----> pbMRQ 276 0 0.637479 0.362521 
 ----> pbMRQ 277 0 0.701921 0.298079 
 ----> pbMRQ 278 0 0.658613 0.341387 
 ----> pbMRQ 279 1 0.66426 0.33574 
 ----> pbMRQ 280 1 0.668832 0.331168 
 ----> pbMRQ 281 0 0.69054 0.30946 
 ----> pbMRQ 282 1 0.599053 0.400947 
 ----> pbMRQ 283 1 0.670824 0.329176 
 ----> pbMRQ 284 1 0.615826 0.384174 
 ----> pbMRQ 285 0 0.672804 0.327196 
 ----> pbMRQ 286 0 0.674565 0.325435 
 ----> pbMRQ 287 0 0.639979 0.360021 
 ----> pbMRQ 288 0 0.689956 0.310044 
 ----> pbMRQ 289 0 0.681289 0.318711 
 ----> pbMRQ 290 0 0.654063 0.345937 
 ----> pbMRQ 291 1 0.660766 0.339234 
 ----> pbMRQ 292 0 0.672408 0.327592 
 ----> pbMRQ 293 1 0.61947 0.38053 
 ----> pbMRQ 294 1 0.673901 0.326099 
 ----> pbMRQ 295 0 0.691078 0.308922 
 ----> pbMRQ 296 0 0.673876 0.326124 
 ----> pbMRQ 297 0 0.633149 0.366851 
 ----> pbMRQ 298 1 0.690175 0.309825 
 ----> pbMRQ 299 0 0.676935 0.323065 
 ----> pbMRQ 300 0 0.673863 0.326137 
 ----> pbMRQ 301 0 0.660148 0.339852 
 ----> pbMRQ 302 0 0.702447 0.297553 
 ----> pbMRQ 303 0 0.665799 0.334201 
 ----> pbMRQ 304 0 0.699455 0.300545 
 ----> pbMRQ 305 0 0.663933 0.336067 
 ----> pbMRQ 306 0 0.67758 0.32242 
 ----> pbMRQ 307 1 0.627245 0.372755 
 ----> pbMRQ 308 0 0.680822 0.319178 
 ----> pbMRQ 309 1 0.661003 0.338997 
 ----> pbMRQ 310 0 0.66769 0.33231 
 ----> pbMRQ 311 0 0.653023 0.346977 
 ----> pbMRQ 312 0 0.67376 0.32624 
 ----> pbMRQ 313 1 0.637664 0.362336 
 ----> pbMRQ 314 0 0.715003 0.284997 
 ----> pbMRQ 315 0 0.66535 0.33465 
 ----> pbMRQ 316 0 0.734353 0.265647 
 ----> pbMRQ 317 0 0.69039 0.30961 
 ----> pbMRQ 318 0 0.728342 0.271658 
 ----> pbMRQ 319 0 0.658063 0.341937 
 ----> pbMRQ 320 0 0.654702 0.345298 
 ----> pbMRQ 321 1 0.614737 0.385263 
 ----> pbMRQ 322 1 0.602216 0.397784 
 ----> pbMRQ 323 0 0.665799 0.334201 
 ----> pbMRQ 324 0 0.680619 0.319381 
 ----> pbMRQ 325 0 0.675854 0.324146 
 ----> pbMRQ 326 1 0.604278 0.395722 
 ----> pbMRQ 327 1 0.631574 0.368426 
 ----> pbMRQ 328 0 0.709743 0.290257 
 ----> pbMRQ 329 0 0.721304 0.278696 
 ----> pbMRQ 330 0 0.696181 0.303819 
 ----> pbMRQ 331 0 0.65692 0.34308 
 ----> pbMRQ 332 0 0.679405 0.320595 
 ----> pbMRQ 333 1 0.675142 0.324858 
 ----> pbMRQ 334 1 0.635445 0.364555 
 ----> pbMRQ 335 0 0.649418 0.350582 
 ----> pbMRQ 336 1 0.631438 0.368562 
 ----> pbMRQ 337 1 0.677106 0.322894 
 ----> pbMRQ 338 1 0.659049 0.340951 
 ----> pbMRQ 339 0 0.716744 0.283256 
 ----> pbMRQ 340 0 0.638915 0.361085 
 ----> pbMRQ 341 1 0.635257 0.364743 
 ----> pbMRQ 342 1 0.625651 0.374349 
 ----> pbMRQ 343 0 0.688725 0.311275 
 ----> pbMRQ 344 0 0.714929 0.285071 
 ----> pbMRQ 345 0 0.684277 0.315723 
 ----> pbMRQ 346 0 0.672499 0.327501 
 ----> pbMRQ 347 1 0.628789 0.371211 
 ----> pbMRQ 348 0 0.663459 0.336541 
 ----> pbMRQ 349 0 0.69468 0.30532 
 ----> pbMRQ 350 1 0.638863 0.361137 
 ----> pbMRQ 351 0 0.687119 0.312881 
 ----> pbMRQ 352 0 0.685619 0.314381 
 ----> pbMRQ 353 0 0.658823 0.341177 
 ----> pbMRQ 354 0 0.698397 0.301603 
 ----> pbMRQ 355 0 0.68794 0.31206 
 ----> pbMRQ 356 0 0.661022 0.338978 
 ----> pbMRQ 357 1 0.644664 0.355336 
 ----> pbMRQ 358 0 0.672297 0.327703 
 ----> pbMRQ 359 0 0.736648 0.263352 
 ----> pbMRQ 360 0 0.664392 0.335608 
 ----> pbMRQ 361 0 0.66111 0.33889 
 ----> pbMRQ 362 1 0.655383 0.344617 
 ----> pbMRQ 363 0 0.72626 0.27374 
 ----> pbMRQ 364 0 0.673635 0.326365 
 ----> pbMRQ 365 0 0.731912 0.268088 
 ----> pbMRQ 366 1 0.657777 0.342223 
 ----> pbMRQ 367 0 0.709606 0.290394 
 ----> pbMRQ 368 0 0.669201 0.330799 
 ----> pbMRQ 369 0 0.661684 0.338316 
 ----> pbMRQ 370 1 0.65368 0.34632 
 ----> pbMRQ 371 0 0.660355 0.339645 
 ----> pbMRQ 372 0 0.639523 0.360477 
 ----> pbMRQ 373 0 0.714741 0.285259 
 ----> pbMRQ 374 0 0.693792 0.306208 
 ----> pbMRQ 375 1 0.612505 0.387495 
 ----> pbMRQ 376 0 0.650472 0.349528 
 ----> pbMRQ 377 0 0.716339 0.283661 
 ----> pbMRQ 378 1 0.637597 0.362403 
 ----> pbMRQ 379 0 0.728889 0.271111 
 ----> pbMRQ 380 0 0.663335 0.336665 
 ----> pbMRQ 381 0 0.635778 0.364222 
 ----> pbMRQ 382 0 0.645099 0.354901 
 ----> pbMRQ 383 0 0.698413 0.301587 
 ----> pbMRQ 384 0 0.649756 0.350244 
 ----> pbMRQ 385 1 0.690997 0.309003 
 ----> pbMRQ 386 0 0.669912 0.330088 
 ----> pbMRQ 387 1 0.621183 0.378817 
 ----> pbMRQ 388 1 0.624034 0.375966 
 ----> pbMRQ 389 0 0.720977 0.279023 
 ----> pbMRQ 390 0 0.63231 0.36769 
 ----> pbMRQ 391 0 0.681708 0.318292 
 ----> pbMRQ 392 1 0.625616 0.374384 
 ----> pbMRQ 393 1 0.67541 0.32459 
 ----> pbMRQ 394 0 0.678345 0.321655 
 ----> pbMRQ 395 0 0.70469 0.29531 
 ----> pbMRQ 396 0 0.705844 0.294156 
 ----> pbMRQ 397 0 0.673141 0.326859 
 ----> pbMRQ 398 1 0.659641 0.340359 
 ----> pbMRQ 399 1 0.637247 0.362753 
 ----> pbMRQ 400 1 0.665284 0.334716 
 ----> pbMRQ 401 0 0.703653 0.296347 
 ----> pbMRQ 402 0 0.658429 0.341571 
 ----> pbMRQ 403 0 0.644465 0.355535 
 ----> pbMRQ 404 0 0.673877 0.326123 
 ----> pbMRQ 405 0 0.683427 0.316573 
 ----> pbMRQ 406 1 0.613126 0.386874 
 ----> pbMRQ 407 1 0.661193 0.338807 
 ----> pbMRQ 408 0 0.680644 0.319356 
 ----> pbMRQ 409 1 0.594512 0.405488 
 ----> pbMRQ 410 0 0.673267 0.326733 
 ----> pbMRQ 411 0 0.708392 0.291608 
 ----> pbMRQ 412 1 0.648686 0.351314 
 ----> pbMRQ 413 1 0.649143 0.350857 
 ----> pbMRQ 414 0 0.643364 0.356636 
 ----> pbMRQ 415 1 0.610883 0.389117 
 ----> pbMRQ 416 0 0.686625 0.313375 
 ----> pbMRQ 417 0 0.666846 0.333154 
 ----> pbMRQ 418 1 0.661204 0.338796 
 ----> pbMRQ 419 0 0.684746 0.315254 
 ----> pbMRQ 420 0 0.66294 0.33706 
 ----> pbMRQ 421 0 0.676187 0.323813 
 ----> pbMRQ 422 0 0.656563 0.343437 
 ----> pbMRQ 423 0 0.670164 0.329836 
 ----> pbMRQ 424 0 0.688719 0.311281 
 ----> pbMRQ 425 0 0.667357 0.332643 
 ----> pbMRQ 426 1 0.615963 0.384037 
 ----> pbMRQ 427 0 0.63807 0.36193 
 ----> pbMRQ 428 0 0.63839 0.36161 
 ----> pbMRQ 429 0 0.677468 0.322532 
 ----> pbMRQ 430 0 0.673279 0.326721 
 ----> pbMRQ 431 0 0.661299 0.338701 
 ----> pbMRQ 432 0 0.660375 0.339625 
 ----> pbMRQ 433 0 0.666034 0.333966 
 ----> pbMRQ 434 0 0.663721 0.336279 
 ----> pbMRQ 435 1 0.634322 0.365678 
 ----> pbMRQ 436 0 0.68399 0.31601 
 ----> pbMRQ 437 0 0.669116 0.330884 
 ----> pbMRQ 438 0 0.685115 0.314885 
 ----> pbMRQ 439 0 0.668146 0.331854 
 ----> pbMRQ 440 0 0.666586 0.333414 
 ----> pbMRQ 441 0 0.643007 0.356993 
 ----> pbMRQ 442 0 0.654557 0.345443 
 ----> pbMRQ 443 0 0.679433 0.320567 
 ----> pbMRQ 444 0 0.731073 0.268927 
 ----> pbMRQ 445 1 0.633627 0.366373 
 ----> pbMRQ 446 0 0.636852 0.363148 
 ----> pbMRQ 447 0 0.692215 0.307785 
 ----> pbMRQ 448 0 0.638152 0.361848 
 ----> pbMRQ 449 0 0.662388 0.337612 
 ----> pbMRQ 450 0 0.672759 0.327241 
 ----> pbMRQ 451 0 0.697134 0.302866 
 ----> pbMRQ 452 0 0.688882 0.311118 
 ----> pbMRQ 453 0 0.688121 0.311879 
 ----> pbMRQ 454 1 0.639243 0.360757 
 ----> pbMRQ 455 0 0.68901 0.31099 
 ----> pbMRQ 456 0 0.655532 0.344468 
 ----> pbMRQ 457 0 0.690326 0.309674 
 ----> pbMRQ 458 1 0.664731 0.335269 
 ----> pbMRQ 459 0 0.675781 0.324219 
 ----> pbMRQ 460 0 0.654396 0.345604 
 ----> pbMRQ 461 1 0.629894 0.370106 
 ----> pbMRQ 462 0 0.680084 0.319916 
 ----> pbMRQ 463 0 0.645048 0.354952 
 ----> pbMRQ 464 0 0.692251 0.307749 
 ----> pbMRQ 465 0 0.680695 0.319305 
 ----> pbMRQ 466 0 0.679048 0.320952 
 ----> pbMRQ 467 1 0.617186 0.382814 
 ----> pbMRQ 468 0 0.614799 0.385201 
 ----> pbMRQ 469 0 0.681496 0.318504 
 ----> pbMRQ 470 1 0.637701 0.362299 
 ----> pbMRQ 471 1 0.635028 0.364972 
 ----> pbMRQ 472 0 0.669107 0.330893 
 ----> pbMRQ 473 1 0.657339 0.342661 
 ----> pbMRQ 474 0 0.658184 0.341816 
 ----> pbMRQ 475 0 0.702522 0.297478 
 ----> pbMRQ 476 0 0.729021 0.270979 
 ----> pbMRQ 477 1 0.66361 0.33639 
 ----> pbMRQ 478 0 0.695323 0.304677 
 ----> pbMRQ 479 1 0.64049 0.35951 
 ----> pbMRQ 480 0 0.701646 0.298354 
 ----> pbMRQ 481 0 0.680002 0.319998 
 ----> pbMRQ 482 0 0.710117 0.289883 
 ----> pbMRQ 483 1 0.644965 0.355035 
 ----> pbMRQ 484 0 0.684925 0.315075 
 ----> pbMRQ 485 0 0.641422 0.358578 
 ----> pbMRQ 486 0 0.700438 0.299562 
 ----> pbMRQ 487 0 0.663301 0.336699 
 ----> pbMRQ 488 1 0.661608 0.338392 
 ----> pbMRQ 489 1 0.670819 0.329181 
 ----> pbMRQ 490 0 0.684908 0.315092 
 ----> pbMRQ 491 1 0.635549 0.364451 
 ----> pbMRQ 492 0 0.69934 0.30066 
 ----> pbMRQ 493 0 0.683466 0.316534 
 ----> pbMRQ 494 0 0.629969 0.370031 
 ----> pbMRQ 495 1 0.652058 0.347942 
 ----> pbMRQ 496 0 0.651923 0.348077 
 ----> pbMRQ 497 0 0.638367 0.361633 
 ----> pbMRQ 498 0 0.67606 0.32394 
 ----> pbMRQ 499 1 0.633684 0.366316 
 ----> pbMRQ 500 1 0.619432 0.380568 
 ----> pbMRQ 501 0 0.675921 0.324079 
 ----> pbMRQ 502 0 0.704823 0.295177 
 ----> pbMRQ 503 0 0.637895 0.362105 
 ----> pbMRQ 504 0 0.697574 0.302426 
 ----> pbMRQ 505 0 0.673837 0.326163 
 ----> pbMRQ 506 0 0.630325 0.369675 
 ----> pbMRQ 507 0 0.677691 0.322309 
 ----> pbMRQ 508 1 0.657224 0.342776 
 ----> pbMRQ 509 1 0.646045 0.353955 
 ----> pbMRQ 510 0 0.704103 0.295897 
 ----> pbMRQ 511 0 0.655121 0.344879 
 ----> pbMRQ 512 0 0.694115 0.305885 
 ----> pbMRQ 513 0 0.698172 0.301828 
 ----> pbMRQ 514 1 0.654573 0.345427 
 ----> pbMRQ 515 0 0.604679 0.395321 
 ----> pbMRQ 516 0 0.663295 0.336705 
 ----> pbMRQ 517 1 0.582047 0.417953 
 ----> pbMRQ 518 0 0.698113 0.301887 
 ----> pbMRQ 519 0 0.657682 0.342318 
 ----> pbMRQ 520 1 0.58003 0.41997 
 ----> pbMRQ 521 1 0.662077 0.337923 
 ----> pbMRQ 522 0 0.678733 0.321267 
 ----> pbMRQ 523 1 0.6341 0.3659 
 ----> pbMRQ 524 0 0.696132 0.303868 
 ----> pbMRQ 525 0 0.68369 0.31631 
 ----> pbMRQ 526 0 0.675889 0.324111 
 ----> pbMRQ 527 0 0.649397 0.350603 
 ----> pbMRQ 528 0 0.725517 0.274483 
 ----> pbMRQ 529 1 0.581784 0.418216 
 ----> pbMRQ 530 0 0.68021 0.31979 
 ----> pbMRQ 531 1 0.641306 0.358694 
 ----> pbMRQ 532 0 0.728504 0.271496 
 ----> pbMRQ 533 0 0.643779 0.356221 
 ----> pbMRQ 534 0 0.70144 0.29856 
 ----> pbMRQ 535 1 0.654545 0.345455 
 ----> pbMRQ 536 0 0.680788 0.319212 
 ----> pbMRQ 537 0 0.680169 0.319831 
 ----> pbMRQ 538 0 0.703178 0.296822 
 ----> pbMRQ 539 1 0.643911 0.356089 
 ----> pbMRQ 540 0 0.702266 0.297734 
 ----> pbMRQ 541 1 0.668452 0.331548 
 ----> pbMRQ 542 0 0.653066 0.346934 
 ----> pbMRQ 543 1 0.64966 0.35034 
 ----> pbMRQ 544 0 0.685957 0.314043 
 ----> pbMRQ 545 1 0.62819 0.37181 
 ----> pbMRQ 546 0 0.659671 0.340329 
 ----> pbMRQ 547 0 0.643763 0.356237 
 ----> pbMRQ 548 1 0.58864 0.41136 
 ----> pbMRQ 549 0 0.669954 0.330046 
 ----> pbMRQ 550 0 0.708621 0.291379 
 ----> pbMRQ 551 0 0.701439 0.298561 
 ----> pbMRQ 552 1 0.65595 0.34405 
 ----> pbMRQ 553 1 0.635747 0.364253 
 ----> pbMRQ 554 1 0.665197 0.334803 
 ----> pbMRQ 555 1 0.655536 0.344464 
 ----> pbMRQ 556 0 0.678017 0.321983 
 ----> pbMRQ 557 0 0.719808 0.280192 
 ----> pbMRQ 558 0 0.639902 0.360098 
 ----> pbMRQ 559 0 0.690377 0.309623 
 ----> pbMRQ 560 0 0.656364 0.343636 
 ----> pbMRQ 561 1 0.62344 0.37656 
 ----> pbMRQ 562 0 0.645638 0.354362 
 ----> pbMRQ 563 0 0.666332 0.333668 
 ----> pbMRQ 564 0 0.681882 0.318118 
 ----> pbMRQ 565 0 0.663961 0.336039 
 ----> pbMRQ 566 0 0.66414 0.33586 
 ----> pbMRQ 567 0 0.68242 0.31758 
 ----> pbMRQ 568 0 0.691894 0.308106 
 ----> pbMRQ 569 1 0.67008 0.32992 
 ----> pbMRQ 570 0 0.704418 0.295582 
 ----> pbMRQ 571 1 0.589018 0.410982 
 ----> pbMRQ 572 0 0.680377 0.319623 
 ----> pbMRQ 573 0 0.663295 0.336705 
 ----> pbMRQ 574 0 0.678704 0.321296 
 ----> pbMRQ 575 1 0.667655 0.332345 
 ----> pbMRQ 576 0 0.674626 0.325374 
 ----> pbMRQ 577 1 0.627447 0.372553 
 ----> pbMRQ 578 0 0.692725 0.307275 
 ----> pbMRQ 579 0 0.66954 0.33046 
 ----> pbMRQ 580 1 0.622327 0.377673 
 ----> pbMRQ 581 0 0.665971 0.334029 
 ----> pbMRQ 582 0 0.676578 0.323422 
 ----> pbMRQ 583 1 0.648153 0.351847 
 ----> pbMRQ 584 0 0.683094 0.316906 
 ----> pbMRQ 585 0 0.658701 0.341299 
 ----> pbMRQ 586 0 0.641718 0.358282 
 ----> pbMRQ 587 0 0.676434 0.323566 
 ----> pbMRQ 588 0 0.655402 0.344598 
 ----> pbMRQ 589 1 0.639392 0.360608 
 ----> pbMRQ 590 0 0.689468 0.310532 
 ----> pbMRQ 591 1 0.639056 0.360944 
 ----> pbMRQ 592 1 0.641196 0.358804 
 ----> pbMRQ 593 0 0.676795 0.323205 
 ----> pbMRQ 594 0 0.694997 0.305003 
 ----> pbMRQ 595 0 0.691657 0.308343 
 ----> pbMRQ 596 0 0.681872 0.318128 
 ----> pbMRQ 597 0 0.66353 0.33647 
 ----> pbMRQ 598 0 0.681859 0.318141 
 ----> pbMRQ 599 0 0.658917 0.341083 
 ----> pbMRQ 600 0 0.71756 0.28244 
 ----> pbMRQ 601 0 0.65528 0.34472 
 ----> pbMRQ 602 1 0.661753 0.338247 
 ----> pbMRQ 603 0 0.676418 0.323582 
 ----> pbMRQ 604 0 0.654713 0.345287 
 ----> pbMRQ 605 0 0.664148 0.335852 
 ----> pbMRQ 606 0 0.664672 0.335328 
 ----> pbMRQ 607 1 0.666538 0.333462 
 ----> pbMRQ 608 0 0.656499 0.343501 
 ----> pbMRQ 609 0 0.671689 0.328311 
 ----> pbMRQ 610 0 0.673838 0.326162 
 ----> pbMRQ 611 0 0.664375 0.335625 
 ----> pbMRQ 612 0 0.64212 0.35788 
 ----> pbMRQ 613 0 0.68945 0.31055 
 ----> pbMRQ 614 0 0.632238 0.367762 
 ----> pbMRQ 615 0 0.668886 0.331114 
 ----> pbMRQ 616 0 0.681921 0.318079 
 ----> pbMRQ 617 0 0.663228 0.336772 
 ----> pbMRQ 618 0 0.667242 0.332758 
 ----> pbMRQ 619 1 0.654327 0.345673 
 ----> pbMRQ 620 0 0.694459 0.305541 
 ----> pbMRQ 621 0 0.682255 0.317745 
 ----> pbMRQ 622 0 0.685332 0.314668 
 ----> pbMRQ 623 1 0.639153 0.360847 
 ----> pbMRQ 624 0 0.681404 0.318596 
 ----> pbMRQ 625 0 0.686995 0.313005 
 ----> pbMRQ 626 0 0.647373 0.352627 
 ----> pbMRQ 627 0 0.662686 0.337314 
 ----> pbMRQ 628 1 0.649827 0.350173 
 ----> pbMRQ 629 0 0.713352 0.286648 
 ----> pbMRQ 630 0 0.651024 0.348976 
 ----> pbMRQ 631 1 0.651867 0.348133 
 ----> pbMRQ 632 1 0.659 0.341 
 ----> pbMRQ 633 0 0.689506 0.310494 
 ----> pbMRQ 634 1 0.678718 0.321282 
 ----> pbMRQ 635 0 0.665618 0.334382 
 ----> pbMRQ 636 1 0.658612 0.341388 
 ----> pbMRQ 637 0 0.703304 0.296696 
 ----> pbMRQ 638 0 0.665667 0.334333 
 ----> pbMRQ 639 1 0.666321 0.333679 
 ----> pbMRQ 640 0 0.689745 0.310255 
 ----> pbMRQ 641 0 0.696032 0.303968 
 ----> pbMRQ 642 0 0.64698 0.35302 
 ----> pbMRQ 643 0 0.611097 0.388903 
 ----> pbMRQ 644 0 0.705269 0.294731 
 ----> pbMRQ 645 0 0.68991 0.31009 
 ----> pbMRQ 646 1 0.663601 0.336399 
 ----> pbMRQ 647 0 0.644422 0.355578 
 ----> pbMRQ 648 0 0.649079 0.350921 
 ----> pbMRQ 649 0 0.643963 0.356037 
 ----> pbMRQ 650 0 0.686924 0.313076 
 ----> pbMRQ 651 1 0.638542 0.361458 
 ----> pbMRQ 652 0 0.69413 0.30587 
 ----> pbMRQ 653 1 0.667205 0.332795 
 ----> pbMRQ 654 0 0.637508 0.362492 
 ----> pbMRQ 655 0 0.678341 0.321659 
 ----> pbMRQ 656 0 0.683515 0.316485 
 ----> pbMRQ 657 0 0.665373 0.334627 
 ----> pbMRQ 658 0 0.700277 0.299723 
 ----> pbMRQ 659 0 0.645814 0.354186 
 ----> pbMRQ 660 0 0.644486 0.355514 
 ----> pbMRQ 661 0 0.68921 0.31079 
 ----> pbMRQ 662 0 0.710947 0.289053 
 ----> pbMRQ 663 1 0.620678 0.379322 
 ----> pbMRQ 664 1 0.65481 0.34519 
 ----> pbMRQ 665 0 0.633321 0.366679 
 ----> pbMRQ 666 0 0.683735 0.316265 
 ----> pbMRQ 667 0 0.698143 0.301857 
 ----> pbMRQ 668 0 0.675303 0.324697 
 ----> pbMRQ 669 0 0.650697 0.349303 
 ----> pbMRQ 670 0 0.719172 0.280828 
 ----> pbMRQ 671 0 0.64177 0.35823 
 ----> pbMRQ 672 0 0.646814 0.353186 
 ----> pbMRQ 673 0 0.640928 0.359072 
 ----> pbMRQ 674 1 0.667506 0.332494 
 ----> pbMRQ 675 1 0.633532 0.366468 
 ----> pbMRQ 676 0 0.711598 0.288402 
 ----> pbMRQ 677 1 0.679535 0.320465 
 ----> pbMRQ 678 1 0.634974 0.365026 
 ----> pbMRQ 679 0 0.659782 0.340218 
 ----> pbMRQ 680 1 0.65614 0.34386 
 ----> pbMRQ 681 0 0.669258 0.330742 
 ----> pbMRQ 682 0 0.682818 0.317182 
 ----> pbMRQ 683 0 0.668004 0.331996 
 ----> pbMRQ 684 0 0.635815 0.364185 
 ----> pbMRQ 685 0 0.661067 0.338933 
 ----> pbMRQ 686 0 0.672331 0.327669 
 ----> pbMRQ 687 0 0.654881 0.345119 
 ----> pbMRQ 688 0 0.671579 0.328421 
 ----> pbMRQ 689 0 0.703527 0.296473 
 ----> pbMRQ 690 1 0.619833 0.380167 
 ----> pbMRQ 691 0 0.667635 0.332365 
 ----> pbMRQ 692 0 0.691034 0.308966 
 ----> pbMRQ 693 1 0.635396 0.364604 
 ----> pbMRQ 694 0 0.6806 0.3194 
 ----> pbMRQ 695 0 0.662988 0.337012 
 ----> pbMRQ 696 0 0.689232 0.310768 
 ----> pbMRQ 697 0 0.644071 0.355929 
 ----> pbMRQ 698 1 0.687199 0.312801 
 ----> pbMRQ 699 0 0.685351 0.314649 
 ----> pbMRQ 700 1 0.655554 0.344446 
 ----> pbMRQ 701 0 0.677123 0.322877 
 ----> pbMRQ 702 0 0.672391 0.327609 
 ----> pbMRQ 703 0 0.681949 0.318051 
 ----> pbMRQ 704 0 0.688074 0.311926 
 ----> pbMRQ 705 0 0.684705 0.315295 
 ----> pbMRQ 706 0 0.660749 0.339251 
 ----> pbMRQ 707 0 0.636065 0.363935 
 ----> pbMRQ 708 0 0.669462 0.330538 
 ----> pbMRQ 709 0 0.672123 0.327877 
 ----> pbMRQ 710 0 0.666618 0.333382 
 ----> pbMRQ 711 0 0.6776 0.3224 
 ----> pbMRQ 712 0 0.67216 0.32784 
 ----> pbMRQ 713 1 0.623413 0.376587 
 ----> pbMRQ 714 1 0.71088 0.28912 
 ----> pbMRQ 715 1 0.658609 0.341391 
 ----> pbMRQ 716 1 0.660239 0.339761 
 ----> pbMRQ 717 0 0.688061 0.311939 
 ----> pbMRQ 718 0 0.659242 0.340758 
